06-05-2017 15:48:38.603,DEBUG,Request [/ict/0001/] is not a multipart request
06-05-2017 15:48:38.603,DEBUG,DispatcherServlet with name 'appServlet' processing GET request for [/ict/0001/]
06-05-2017 15:48:38.603,DEBUG,Looking up handler method for path /0001/
06-05-2017 15:48:38.603,DEBUG,Returning handler method [public java.lang.String vn.bananavietnam.ict.banana.controller.Bnn0001BananaMenuController.top(javax.servlet.http.HttpServletRequest,java.util.Locale,org.springframework.ui.Model)]
06-05-2017 15:48:38.603,DEBUG,Returning cached instance of singleton bean 'bnn0001BananaMenuController'
06-05-2017 15:48:38.603,DEBUG,Last-Modified value for [/ict/0001/] is: -1
06-05-2017 15:48:38.603,DEBUG,Returning cached instance of singleton bean 'xml_path'
06-05-2017 15:48:38.607,DEBUG,Rendering view [org.springframework.web.servlet.view.JstlView: name 'banana/Bnn0001BananaMenu'; URL [/WEB-INF/views/banana/Bnn0001BananaMenu.jsp]] in DispatcherServlet with name 'appServlet'
06-05-2017 15:48:38.607,DEBUG,Added model object 'resetDate' of type [java.lang.String] to request in view with name 'banana/Bnn0001BananaMenu'
06-05-2017 15:48:38.607,DEBUG,Added model object 'layoutDate' of type [java.lang.String] to request in view with name 'banana/Bnn0001BananaMenu'
06-05-2017 15:48:38.607,DEBUG,Added model object 'jqueryUiCssDate' of type [java.lang.String] to request in view with name 'banana/Bnn0001BananaMenu'
06-05-2017 15:48:38.607,DEBUG,Added model object 'messageHandlerDate' of type [java.lang.String] to request in view with name 'banana/Bnn0001BananaMenu'
06-05-2017 15:48:38.607,DEBUG,Added model object 'jqueryDate' of type [java.lang.String] to request in view with name 'banana/Bnn0001BananaMenu'
06-05-2017 15:48:38.607,DEBUG,Added model object 'jqueryUiDate' of type [java.lang.String] to request in view with name 'banana/Bnn0001BananaMenu'
06-05-2017 15:48:38.607,DEBUG,Added model object 'datepickerDate' of type [java.lang.String] to request in view with name 'banana/Bnn0001BananaMenu'
06-05-2017 15:48:38.607,DEBUG,Added model object 'inputmaskDate' of type [java.lang.String] to request in view with name 'banana/Bnn0001BananaMenu'
06-05-2017 15:48:38.607,DEBUG,Added model object 'jqueryInputmaskDate' of type [java.lang.String] to request in view with name 'banana/Bnn0001BananaMenu'
06-05-2017 15:48:38.607,DEBUG,Added model object 'inputMaskExtDate' of type [java.lang.String] to request in view with name 'banana/Bnn0001BananaMenu'
06-05-2017 15:48:38.607,DEBUG,Added model object 'calendarDate' of type [java.lang.String] to request in view with name 'banana/Bnn0001BananaMenu'
06-05-2017 15:48:38.607,DEBUG,Added model object 'messageDate' of type [java.lang.String] to request in view with name 'banana/Bnn0001BananaMenu'
06-05-2017 15:48:38.607,DEBUG,Added model object 'storageDate' of type [java.lang.String] to request in view with name 'banana/Bnn0001BananaMenu'
06-05-2017 15:48:38.607,DEBUG,Added model object 'commonDate' of type [java.lang.String] to request in view with name 'banana/Bnn0001BananaMenu'
06-05-2017 15:48:38.607,DEBUG,Added model object 'holeDate' of type [java.lang.String] to request in view with name 'banana/Bnn0001BananaMenu'
06-05-2017 15:48:38.607,DEBUG,Added model object 'hole_checkDate' of type [java.lang.String] to request in view with name 'banana/Bnn0001BananaMenu'
06-05-2017 15:48:38.607,DEBUG,Added model object 'plantedDate' of type [java.lang.String] to request in view with name 'banana/Bnn0001BananaMenu'
06-05-2017 15:48:38.607,DEBUG,Added model object 'planted_checkDate' of type [java.lang.String] to request in view with name 'banana/Bnn0001BananaMenu'
06-05-2017 15:48:38.607,DEBUG,Added model object 'fosteringDate' of type [java.lang.String] to request in view with name 'banana/Bnn0001BananaMenu'
06-05-2017 15:48:38.607,DEBUG,Added model object 'fostering_checkDate' of type [java.lang.String] to request in view with name 'banana/Bnn0001BananaMenu'
06-05-2017 15:48:38.607,DEBUG,Added model object 'flowerDate' of type [java.lang.String] to request in view with name 'banana/Bnn0001BananaMenu'
06-05-2017 15:48:38.607,DEBUG,Added model object 'flower_checkDate' of type [java.lang.String] to request in view with name 'banana/Bnn0001BananaMenu'
06-05-2017 15:48:38.607,DEBUG,Added model object 'baggedDate' of type [java.lang.String] to request in view with name 'banana/Bnn0001BananaMenu'
06-05-2017 15:48:38.607,DEBUG,Added model object 'bagged_checkDate' of type [java.lang.String] to request in view with name 'banana/Bnn0001BananaMenu'
06-05-2017 15:48:38.607,DEBUG,Added model object 'cultivatedDate' of type [java.lang.String] to request in view with name 'banana/Bnn0001BananaMenu'
06-05-2017 15:48:38.607,DEBUG,Added model object 'cultivated_checkDate' of type [java.lang.String] to request in view with name 'banana/Bnn0001BananaMenu'
06-05-2017 15:48:38.607,DEBUG,Added model object 'disableDate' of type [java.lang.String] to request in view with name 'banana/Bnn0001BananaMenu'
06-05-2017 15:48:38.607,DEBUG,Added model object 'disable_checkDate' of type [java.lang.String] to request in view with name 'banana/Bnn0001BananaMenu'
06-05-2017 15:48:38.607,DEBUG,Added model object 'removedDate' of type [java.lang.String] to request in view with name 'banana/Bnn0001BananaMenu'
06-05-2017 15:48:38.607,DEBUG,Added model object 'icon_editDate' of type [java.lang.String] to request in view with name 'banana/Bnn0001BananaMenu'
06-05-2017 15:48:38.608,DEBUG,Added model object 'icon_refDate' of type [java.lang.String] to request in view with name 'banana/Bnn0001BananaMenu'
06-05-2017 15:48:38.608,DEBUG,Added model object 'icon_delDate' of type [java.lang.String] to request in view with name 'banana/Bnn0001BananaMenu'
06-05-2017 15:48:38.608,DEBUG,Added model object 'none_editDate' of type [java.lang.String] to request in view with name 'banana/Bnn0001BananaMenu'
06-05-2017 15:48:38.608,DEBUG,Added model object 'bananaMenuCssDate' of type [java.lang.String] to request in view with name 'banana/Bnn0001BananaMenu'
06-05-2017 15:48:38.608,DEBUG,Added model object 'bananaMenuJsDate' of type [java.lang.String] to request in view with name 'banana/Bnn0001BananaMenu'
06-05-2017 15:48:38.608,DEBUG,Forwarding to resource [/WEB-INF/views/banana/Bnn0001BananaMenu.jsp] in InternalResourceView 'banana/Bnn0001BananaMenu'
06-05-2017 15:48:38.619,DEBUG,Successfully completed request
06-05-2017 15:48:41.211,DEBUG,Request [/ict/] is not a multipart request
06-05-2017 15:48:41.211,DEBUG,DispatcherServlet with name 'appServlet' processing GET request for [/ict/]
06-05-2017 15:48:41.211,DEBUG,Looking up handler method for path /
06-05-2017 15:48:41.212,DEBUG,Returning handler method [public java.lang.String vn.bananavietnam.ict.common.controller.AuthController.login()]
06-05-2017 15:48:41.212,DEBUG,Returning cached instance of singleton bean 'authController'
06-05-2017 15:48:41.212,DEBUG,Last-Modified value for [/ict/] is: -1
06-05-2017 15:48:41.212,DEBUG,Returning cached instance of singleton bean 'xml_path'
06-05-2017 15:48:41.212,DEBUG,Rendering view [org.springframework.web.servlet.view.JstlView: name 'common/PageWrapper'; URL [/WEB-INF/views/common/PageWrapper.jsp]] in DispatcherServlet with name 'appServlet'
06-05-2017 15:48:41.212,DEBUG,Forwarding to resource [/WEB-INF/views/common/PageWrapper.jsp] in InternalResourceView 'common/PageWrapper'
06-05-2017 15:48:41.217,DEBUG,Successfully completed request
06-05-2017 15:48:41.232,DEBUG,Request [/ict/login/] is not a multipart request
06-05-2017 15:48:41.232,DEBUG,DispatcherServlet with name 'appServlet' processing GET request for [/ict/login/]
06-05-2017 15:48:41.232,DEBUG,Looking up handler method for path /login/
06-05-2017 15:48:41.232,DEBUG,Returning handler method [public java.lang.String vn.bananavietnam.ict.common.controller.LoginController.top(java.util.Locale,org.springframework.ui.Model)]
06-05-2017 15:48:41.232,DEBUG,Returning cached instance of singleton bean 'loginController'
06-05-2017 15:48:41.232,DEBUG,Last-Modified value for [/ict/login/] is: -1
06-05-2017 15:48:41.232,DEBUG,Returning cached instance of singleton bean 'xml_path'
06-05-2017 15:48:41.233,DEBUG,Rendering view [org.springframework.web.servlet.view.JstlView: name 'common/login'; URL [/WEB-INF/views/common/login.jsp]] in DispatcherServlet with name 'appServlet'
06-05-2017 15:48:41.233,DEBUG,Forwarding to resource [/WEB-INF/views/common/login.jsp] in InternalResourceView 'common/login'
06-05-2017 15:48:41.238,DEBUG,Successfully completed request
06-05-2017 15:48:41.246,DEBUG,Request [/ict/resources/css/reset.css] is not a multipart request
06-05-2017 15:48:41.246,DEBUG,DispatcherServlet with name 'appServlet' processing GET request for [/ict/resources/css/reset.css]
06-05-2017 15:48:41.247,DEBUG,Looking up handler method for path /resources/css/reset.css
06-05-2017 15:48:41.249,DEBUG,Did not find handler method for [/resources/css/reset.css]
06-05-2017 15:48:41.249,DEBUG,Matching patterns for request [/resources/css/reset.css] are [/resources/**]
06-05-2017 15:48:41.249,DEBUG,URI Template variables for request [/resources/css/reset.css] are {}
06-05-2017 15:48:41.249,DEBUG,Mapping [/resources/css/reset.css] to HandlerExecutionChain with handler [ResourceHttpRequestHandler [locations=[ServletContext resource [/resources/]], resolvers=[org.springframework.web.servlet.resource.PathResourceResolver@19f69bd]]] and 1 interceptor
06-05-2017 15:48:41.249,DEBUG,Last-Modified value for [/ict/resources/css/reset.css] is: -1
06-05-2017 15:48:41.249,DEBUG,Returning cached instance of singleton bean 'xml_path'
06-05-2017 15:48:41.250,DEBUG,Null ModelAndView returned to DispatcherServlet with name 'appServlet': assuming HandlerAdapter completed request handling
06-05-2017 15:48:41.250,DEBUG,Successfully completed request
06-05-2017 15:48:41.268,DEBUG,Request [/ict/resources/css/messageHandler.css] is not a multipart request
06-05-2017 15:48:41.268,DEBUG,Request [/ict/resources/js/common/jstorage.js] is not a multipart request
06-05-2017 15:48:41.268,DEBUG,DispatcherServlet with name 'appServlet' processing GET request for [/ict/resources/css/messageHandler.css]
06-05-2017 15:48:41.269,DEBUG,Looking up handler method for path /resources/css/messageHandler.css
06-05-2017 15:48:41.269,DEBUG,Request [/ict/resources/css/layout.css] is not a multipart request
06-05-2017 15:48:41.269,DEBUG,DispatcherServlet with name 'appServlet' processing GET request for [/ict/resources/css/layout.css]
06-05-2017 15:48:41.269,DEBUG,Looking up handler method for path /resources/css/layout.css
06-05-2017 15:48:41.269,DEBUG,DispatcherServlet with name 'appServlet' processing GET request for [/ict/resources/js/common/jstorage.js]
06-05-2017 15:48:41.269,DEBUG,Looking up handler method for path /resources/js/common/jstorage.js
06-05-2017 15:48:41.270,DEBUG,Did not find handler method for [/resources/css/layout.css]
06-05-2017 15:48:41.270,DEBUG,Did not find handler method for [/resources/css/messageHandler.css]
06-05-2017 15:48:41.270,DEBUG,Matching patterns for request [/resources/css/messageHandler.css] are [/resources/**]
06-05-2017 15:48:41.270,DEBUG,Matching patterns for request [/resources/css/layout.css] are [/resources/**]
06-05-2017 15:48:41.270,DEBUG,URI Template variables for request [/resources/css/messageHandler.css] are {}
06-05-2017 15:48:41.270,DEBUG,URI Template variables for request [/resources/css/layout.css] are {}
06-05-2017 15:48:41.270,DEBUG,Mapping [/resources/css/messageHandler.css] to HandlerExecutionChain with handler [ResourceHttpRequestHandler [locations=[ServletContext resource [/resources/]], resolvers=[org.springframework.web.servlet.resource.PathResourceResolver@19f69bd]]] and 1 interceptor
06-05-2017 15:48:41.270,DEBUG,Mapping [/resources/css/layout.css] to HandlerExecutionChain with handler [ResourceHttpRequestHandler [locations=[ServletContext resource [/resources/]], resolvers=[org.springframework.web.servlet.resource.PathResourceResolver@19f69bd]]] and 1 interceptor
06-05-2017 15:48:41.270,DEBUG,Last-Modified value for [/ict/resources/css/messageHandler.css] is: -1
06-05-2017 15:48:41.270,DEBUG,Last-Modified value for [/ict/resources/css/layout.css] is: -1
06-05-2017 15:48:41.270,DEBUG,Returning cached instance of singleton bean 'xml_path'
06-05-2017 15:48:41.270,DEBUG,Returning cached instance of singleton bean 'xml_path'
06-05-2017 15:48:41.270,DEBUG,Request [/ict/resources/js/common/load_message.js] is not a multipart request
06-05-2017 15:48:41.270,DEBUG,Request [/ict/resources/css/jquery-ui.min.css] is not a multipart request
06-05-2017 15:48:41.270,DEBUG,Did not find handler method for [/resources/js/common/jstorage.js]
06-05-2017 15:48:41.272,DEBUG,DispatcherServlet with name 'appServlet' processing GET request for [/ict/resources/js/common/load_message.js]
06-05-2017 15:48:41.272,DEBUG,Looking up handler method for path /resources/js/common/load_message.js
06-05-2017 15:48:41.272,DEBUG,Null ModelAndView returned to DispatcherServlet with name 'appServlet': assuming HandlerAdapter completed request handling
06-05-2017 15:48:41.272,DEBUG,Null ModelAndView returned to DispatcherServlet with name 'appServlet': assuming HandlerAdapter completed request handling
06-05-2017 15:48:41.272,DEBUG,Successfully completed request
06-05-2017 15:48:41.272,DEBUG,Successfully completed request
06-05-2017 15:48:41.278,DEBUG,Request [/ict/resources/js/common/jquery-1.11.1.js] is not a multipart request
06-05-2017 15:48:41.278,DEBUG,DispatcherServlet with name 'appServlet' processing GET request for [/ict/resources/js/common/jquery-1.11.1.js]
06-05-2017 15:48:41.278,DEBUG,Did not find handler method for [/resources/js/common/load_message.js]
06-05-2017 15:48:41.278,DEBUG,Looking up handler method for path /resources/js/common/jquery-1.11.1.js
06-05-2017 15:48:41.278,DEBUG,Matching patterns for request [/resources/js/common/load_message.js] are [/resources/**]
06-05-2017 15:48:41.278,DEBUG,URI Template variables for request [/resources/js/common/load_message.js] are {}
06-05-2017 15:48:41.278,DEBUG,Mapping [/resources/js/common/load_message.js] to HandlerExecutionChain with handler [ResourceHttpRequestHandler [locations=[ServletContext resource [/resources/]], resolvers=[org.springframework.web.servlet.resource.PathResourceResolver@19f69bd]]] and 1 interceptor
06-05-2017 15:48:41.278,DEBUG,Last-Modified value for [/ict/resources/js/common/load_message.js] is: -1
06-05-2017 15:48:41.278,DEBUG,Matching patterns for request [/resources/js/common/jstorage.js] are [/resources/**]
06-05-2017 15:48:41.278,DEBUG,DispatcherServlet with name 'appServlet' processing GET request for [/ict/resources/css/jquery-ui.min.css]
06-05-2017 15:48:41.278,DEBUG,Returning cached instance of singleton bean 'xml_path'
06-05-2017 15:48:41.278,DEBUG,Looking up handler method for path /resources/css/jquery-ui.min.css
06-05-2017 15:48:41.279,DEBUG,Did not find handler method for [/resources/js/common/jquery-1.11.1.js]
06-05-2017 15:48:41.279,DEBUG,Did not find handler method for [/resources/css/jquery-ui.min.css]
06-05-2017 15:48:41.280,DEBUG,Request [/ict/resources/js/common/common.js] is not a multipart request
06-05-2017 15:48:41.280,DEBUG,Matching patterns for request [/resources/css/jquery-ui.min.css] are [/resources/**]
06-05-2017 15:48:41.280,DEBUG,Matching patterns for request [/resources/js/common/jquery-1.11.1.js] are [/resources/**]
06-05-2017 15:48:41.280,DEBUG,URI Template variables for request [/resources/js/common/jquery-1.11.1.js] are {}
06-05-2017 15:48:41.280,DEBUG,Mapping [/resources/js/common/jquery-1.11.1.js] to HandlerExecutionChain with handler [ResourceHttpRequestHandler [locations=[ServletContext resource [/resources/]], resolvers=[org.springframework.web.servlet.resource.PathResourceResolver@19f69bd]]] and 1 interceptor
06-05-2017 15:48:41.280,DEBUG,Last-Modified value for [/ict/resources/js/common/jquery-1.11.1.js] is: -1
06-05-2017 15:48:41.280,DEBUG,Returning cached instance of singleton bean 'xml_path'
06-05-2017 15:48:41.280,DEBUG,URI Template variables for request [/resources/js/common/jstorage.js] are {}
06-05-2017 15:48:41.280,DEBUG,DispatcherServlet with name 'appServlet' processing GET request for [/ict/resources/js/common/common.js]
06-05-2017 15:48:41.280,DEBUG,Null ModelAndView returned to DispatcherServlet with name 'appServlet': assuming HandlerAdapter completed request handling
06-05-2017 15:48:41.280,DEBUG,URI Template variables for request [/resources/css/jquery-ui.min.css] are {}
06-05-2017 15:48:41.281,DEBUG,Mapping [/resources/css/jquery-ui.min.css] to HandlerExecutionChain with handler [ResourceHttpRequestHandler [locations=[ServletContext resource [/resources/]], resolvers=[org.springframework.web.servlet.resource.PathResourceResolver@19f69bd]]] and 1 interceptor
06-05-2017 15:48:41.281,DEBUG,Looking up handler method for path /resources/js/common/common.js
06-05-2017 15:48:41.281,DEBUG,Successfully completed request
06-05-2017 15:48:41.281,DEBUG,Last-Modified value for [/ict/resources/css/jquery-ui.min.css] is: -1
06-05-2017 15:48:41.281,DEBUG,Returning cached instance of singleton bean 'xml_path'
06-05-2017 15:48:41.282,DEBUG,Did not find handler method for [/resources/js/common/common.js]
06-05-2017 15:48:41.283,DEBUG,Matching patterns for request [/resources/js/common/common.js] are [/resources/**]
06-05-2017 15:48:41.283,DEBUG,URI Template variables for request [/resources/js/common/common.js] are {}
06-05-2017 15:48:41.283,DEBUG,Mapping [/resources/js/common/common.js] to HandlerExecutionChain with handler [ResourceHttpRequestHandler [locations=[ServletContext resource [/resources/]], resolvers=[org.springframework.web.servlet.resource.PathResourceResolver@19f69bd]]] and 1 interceptor
06-05-2017 15:48:41.283,DEBUG,Null ModelAndView returned to DispatcherServlet with name 'appServlet': assuming HandlerAdapter completed request handling
06-05-2017 15:48:41.283,DEBUG,Last-Modified value for [/ict/resources/js/common/common.js] is: -1
06-05-2017 15:48:41.283,DEBUG,Successfully completed request
06-05-2017 15:48:41.283,DEBUG,Mapping [/resources/js/common/jstorage.js] to HandlerExecutionChain with handler [ResourceHttpRequestHandler [locations=[ServletContext resource [/resources/]], resolvers=[org.springframework.web.servlet.resource.PathResourceResolver@19f69bd]]] and 1 interceptor
06-05-2017 15:48:41.283,DEBUG,Returning cached instance of singleton bean 'xml_path'
06-05-2017 15:48:41.283,DEBUG,Last-Modified value for [/ict/resources/js/common/jstorage.js] is: -1
06-05-2017 15:48:41.283,DEBUG,Returning cached instance of singleton bean 'xml_path'
06-05-2017 15:48:41.283,DEBUG,Request [/ict/resources/js/common/login.js] is not a multipart request
06-05-2017 15:48:41.283,DEBUG,DispatcherServlet with name 'appServlet' processing GET request for [/ict/resources/js/common/login.js]
06-05-2017 15:48:41.283,DEBUG,Looking up handler method for path /resources/js/common/login.js
06-05-2017 15:48:41.284,DEBUG,Null ModelAndView returned to DispatcherServlet with name 'appServlet': assuming HandlerAdapter completed request handling
06-05-2017 15:48:41.284,DEBUG,Successfully completed request
06-05-2017 15:48:41.284,DEBUG,Did not find handler method for [/resources/js/common/login.js]
06-05-2017 15:48:41.284,DEBUG,Matching patterns for request [/resources/js/common/login.js] are [/resources/**]
06-05-2017 15:48:41.284,DEBUG,URI Template variables for request [/resources/js/common/login.js] are {}
06-05-2017 15:48:41.285,DEBUG,Mapping [/resources/js/common/login.js] to HandlerExecutionChain with handler [ResourceHttpRequestHandler [locations=[ServletContext resource [/resources/]], resolvers=[org.springframework.web.servlet.resource.PathResourceResolver@19f69bd]]] and 1 interceptor
06-05-2017 15:48:41.285,DEBUG,Last-Modified value for [/ict/resources/js/common/login.js] is: -1
06-05-2017 15:48:41.285,DEBUG,Returning cached instance of singleton bean 'xml_path'
06-05-2017 15:48:41.285,DEBUG,Null ModelAndView returned to DispatcherServlet with name 'appServlet': assuming HandlerAdapter completed request handling
06-05-2017 15:48:41.285,DEBUG,Successfully completed request
06-05-2017 15:48:41.285,DEBUG,Null ModelAndView returned to DispatcherServlet with name 'appServlet': assuming HandlerAdapter completed request handling
06-05-2017 15:48:41.285,DEBUG,Successfully completed request
06-05-2017 15:48:41.289,DEBUG,Null ModelAndView returned to DispatcherServlet with name 'appServlet': assuming HandlerAdapter completed request handling
06-05-2017 15:48:41.289,DEBUG,Successfully completed request
06-05-2017 15:48:41.292,DEBUG,Request [/ict/resources/img/img_hv_logo.png] is not a multipart request
06-05-2017 15:48:41.292,DEBUG,DispatcherServlet with name 'appServlet' processing GET request for [/ict/resources/img/img_hv_logo.png]
06-05-2017 15:48:41.292,DEBUG,Looking up handler method for path /resources/img/img_hv_logo.png
06-05-2017 15:48:41.293,DEBUG,Did not find handler method for [/resources/img/img_hv_logo.png]
06-05-2017 15:48:41.293,DEBUG,Matching patterns for request [/resources/img/img_hv_logo.png] are [/resources/**]
06-05-2017 15:48:41.293,DEBUG,URI Template variables for request [/resources/img/img_hv_logo.png] are {}
06-05-2017 15:48:41.293,DEBUG,Mapping [/resources/img/img_hv_logo.png] to HandlerExecutionChain with handler [ResourceHttpRequestHandler [locations=[ServletContext resource [/resources/]], resolvers=[org.springframework.web.servlet.resource.PathResourceResolver@19f69bd]]] and 1 interceptor
06-05-2017 15:48:41.293,DEBUG,Last-Modified value for [/ict/resources/img/img_hv_logo.png] is: -1
06-05-2017 15:48:41.293,DEBUG,Returning cached instance of singleton bean 'xml_path'
06-05-2017 15:48:41.294,DEBUG,Null ModelAndView returned to DispatcherServlet with name 'appServlet': assuming HandlerAdapter completed request handling
06-05-2017 15:48:41.294,DEBUG,Successfully completed request
06-05-2017 15:48:41.298,DEBUG,Request [/ict/resources/img/en.png] is not a multipart request
06-05-2017 15:48:41.298,DEBUG,DispatcherServlet with name 'appServlet' processing GET request for [/ict/resources/img/en.png]
06-05-2017 15:48:41.298,DEBUG,Looking up handler method for path /resources/img/en.png
06-05-2017 15:48:41.299,DEBUG,Did not find handler method for [/resources/img/en.png]
06-05-2017 15:48:41.299,DEBUG,Matching patterns for request [/resources/img/en.png] are [/resources/**]
06-05-2017 15:48:41.299,DEBUG,URI Template variables for request [/resources/img/en.png] are {}
06-05-2017 15:48:41.299,DEBUG,Mapping [/resources/img/en.png] to HandlerExecutionChain with handler [ResourceHttpRequestHandler [locations=[ServletContext resource [/resources/]], resolvers=[org.springframework.web.servlet.resource.PathResourceResolver@19f69bd]]] and 1 interceptor
06-05-2017 15:48:41.299,DEBUG,Request [/ict/resources/img/jp.png] is not a multipart request
06-05-2017 15:48:41.300,DEBUG,Last-Modified value for [/ict/resources/img/en.png] is: -1
06-05-2017 15:48:41.300,DEBUG,DispatcherServlet with name 'appServlet' processing GET request for [/ict/resources/img/jp.png]
06-05-2017 15:48:41.300,DEBUG,Returning cached instance of singleton bean 'xml_path'
06-05-2017 15:48:41.300,DEBUG,Looking up handler method for path /resources/img/jp.png
06-05-2017 15:48:41.301,DEBUG,Did not find handler method for [/resources/img/jp.png]
06-05-2017 15:48:41.301,DEBUG,Null ModelAndView returned to DispatcherServlet with name 'appServlet': assuming HandlerAdapter completed request handling
06-05-2017 15:48:41.301,DEBUG,Matching patterns for request [/resources/img/jp.png] are [/resources/**]
06-05-2017 15:48:41.301,DEBUG,Successfully completed request
06-05-2017 15:48:41.301,DEBUG,URI Template variables for request [/resources/img/jp.png] are {}
06-05-2017 15:48:41.301,DEBUG,Mapping [/resources/img/jp.png] to HandlerExecutionChain with handler [ResourceHttpRequestHandler [locations=[ServletContext resource [/resources/]], resolvers=[org.springframework.web.servlet.resource.PathResourceResolver@19f69bd]]] and 1 interceptor
06-05-2017 15:48:41.301,DEBUG,Last-Modified value for [/ict/resources/img/jp.png] is: -1
06-05-2017 15:48:41.301,DEBUG,Returning cached instance of singleton bean 'xml_path'
06-05-2017 15:48:41.303,DEBUG,Null ModelAndView returned to DispatcherServlet with name 'appServlet': assuming HandlerAdapter completed request handling
06-05-2017 15:48:41.303,DEBUG,Request [/ict/resources/img/vi.png] is not a multipart request
06-05-2017 15:48:41.303,DEBUG,Successfully completed request
06-05-2017 15:48:41.303,DEBUG,DispatcherServlet with name 'appServlet' processing GET request for [/ict/resources/img/vi.png]
06-05-2017 15:48:41.303,DEBUG,Looking up handler method for path /resources/img/vi.png
06-05-2017 15:48:41.304,DEBUG,Did not find handler method for [/resources/img/vi.png]
06-05-2017 15:48:41.304,DEBUG,Matching patterns for request [/resources/img/vi.png] are [/resources/**]
06-05-2017 15:48:41.304,DEBUG,URI Template variables for request [/resources/img/vi.png] are {}
06-05-2017 15:48:41.304,DEBUG,Mapping [/resources/img/vi.png] to HandlerExecutionChain with handler [ResourceHttpRequestHandler [locations=[ServletContext resource [/resources/]], resolvers=[org.springframework.web.servlet.resource.PathResourceResolver@19f69bd]]] and 1 interceptor
06-05-2017 15:48:41.304,DEBUG,Last-Modified value for [/ict/resources/img/vi.png] is: -1
06-05-2017 15:48:41.304,DEBUG,Returning cached instance of singleton bean 'xml_path'
06-05-2017 15:48:41.305,DEBUG,Null ModelAndView returned to DispatcherServlet with name 'appServlet': assuming HandlerAdapter completed request handling
06-05-2017 15:48:41.305,DEBUG,Successfully completed request
06-05-2017 15:48:42.080,DEBUG,Request [/ict/0001/] is not a multipart request
06-05-2017 15:48:42.080,DEBUG,DispatcherServlet with name 'appServlet' processing GET request for [/ict/0001/]
06-05-2017 15:48:42.080,DEBUG,Looking up handler method for path /0001/
06-05-2017 15:48:42.080,DEBUG,Returning handler method [public java.lang.String vn.bananavietnam.ict.banana.controller.Bnn0001BananaMenuController.top(javax.servlet.http.HttpServletRequest,java.util.Locale,org.springframework.ui.Model)]
06-05-2017 15:48:42.080,DEBUG,Returning cached instance of singleton bean 'bnn0001BananaMenuController'
06-05-2017 15:48:42.080,DEBUG,Last-Modified value for [/ict/0001/] is: -1
06-05-2017 15:48:42.080,DEBUG,Returning cached instance of singleton bean 'xml_path'
06-05-2017 15:48:42.085,DEBUG,Rendering view [org.springframework.web.servlet.view.JstlView: name 'banana/Bnn0001BananaMenu'; URL [/WEB-INF/views/banana/Bnn0001BananaMenu.jsp]] in DispatcherServlet with name 'appServlet'
06-05-2017 15:48:42.085,DEBUG,Added model object 'resetDate' of type [java.lang.String] to request in view with name 'banana/Bnn0001BananaMenu'
06-05-2017 15:48:42.085,DEBUG,Added model object 'layoutDate' of type [java.lang.String] to request in view with name 'banana/Bnn0001BananaMenu'
06-05-2017 15:48:42.085,DEBUG,Added model object 'jqueryUiCssDate' of type [java.lang.String] to request in view with name 'banana/Bnn0001BananaMenu'
06-05-2017 15:48:42.085,DEBUG,Added model object 'messageHandlerDate' of type [java.lang.String] to request in view with name 'banana/Bnn0001BananaMenu'
06-05-2017 15:48:42.085,DEBUG,Added model object 'jqueryDate' of type [java.lang.String] to request in view with name 'banana/Bnn0001BananaMenu'
06-05-2017 15:48:42.085,DEBUG,Added model object 'jqueryUiDate' of type [java.lang.String] to request in view with name 'banana/Bnn0001BananaMenu'
06-05-2017 15:48:42.085,DEBUG,Added model object 'datepickerDate' of type [java.lang.String] to request in view with name 'banana/Bnn0001BananaMenu'
06-05-2017 15:48:42.085,DEBUG,Added model object 'inputmaskDate' of type [java.lang.String] to request in view with name 'banana/Bnn0001BananaMenu'
06-05-2017 15:48:42.085,DEBUG,Added model object 'jqueryInputmaskDate' of type [java.lang.String] to request in view with name 'banana/Bnn0001BananaMenu'
06-05-2017 15:48:42.085,DEBUG,Added model object 'inputMaskExtDate' of type [java.lang.String] to request in view with name 'banana/Bnn0001BananaMenu'
06-05-2017 15:48:42.085,DEBUG,Added model object 'calendarDate' of type [java.lang.String] to request in view with name 'banana/Bnn0001BananaMenu'
06-05-2017 15:48:42.085,DEBUG,Added model object 'messageDate' of type [java.lang.String] to request in view with name 'banana/Bnn0001BananaMenu'
06-05-2017 15:48:42.085,DEBUG,Added model object 'storageDate' of type [java.lang.String] to request in view with name 'banana/Bnn0001BananaMenu'
06-05-2017 15:48:42.085,DEBUG,Added model object 'commonDate' of type [java.lang.String] to request in view with name 'banana/Bnn0001BananaMenu'
06-05-2017 15:48:42.085,DEBUG,Added model object 'holeDate' of type [java.lang.String] to request in view with name 'banana/Bnn0001BananaMenu'
06-05-2017 15:48:42.085,DEBUG,Added model object 'hole_checkDate' of type [java.lang.String] to request in view with name 'banana/Bnn0001BananaMenu'
06-05-2017 15:48:42.085,DEBUG,Added model object 'plantedDate' of type [java.lang.String] to request in view with name 'banana/Bnn0001BananaMenu'
06-05-2017 15:48:42.085,DEBUG,Added model object 'planted_checkDate' of type [java.lang.String] to request in view with name 'banana/Bnn0001BananaMenu'
06-05-2017 15:48:42.085,DEBUG,Added model object 'fosteringDate' of type [java.lang.String] to request in view with name 'banana/Bnn0001BananaMenu'
06-05-2017 15:48:42.085,DEBUG,Added model object 'fostering_checkDate' of type [java.lang.String] to request in view with name 'banana/Bnn0001BananaMenu'
06-05-2017 15:48:42.085,DEBUG,Added model object 'flowerDate' of type [java.lang.String] to request in view with name 'banana/Bnn0001BananaMenu'
06-05-2017 15:48:42.085,DEBUG,Added model object 'flower_checkDate' of type [java.lang.String] to request in view with name 'banana/Bnn0001BananaMenu'
06-05-2017 15:48:42.086,DEBUG,Added model object 'baggedDate' of type [java.lang.String] to request in view with name 'banana/Bnn0001BananaMenu'
06-05-2017 15:48:42.086,DEBUG,Added model object 'bagged_checkDate' of type [java.lang.String] to request in view with name 'banana/Bnn0001BananaMenu'
06-05-2017 15:48:42.086,DEBUG,Added model object 'cultivatedDate' of type [java.lang.String] to request in view with name 'banana/Bnn0001BananaMenu'
06-05-2017 15:48:42.086,DEBUG,Added model object 'cultivated_checkDate' of type [java.lang.String] to request in view with name 'banana/Bnn0001BananaMenu'
06-05-2017 15:48:42.086,DEBUG,Added model object 'disableDate' of type [java.lang.String] to request in view with name 'banana/Bnn0001BananaMenu'
06-05-2017 15:48:42.086,DEBUG,Added model object 'disable_checkDate' of type [java.lang.String] to request in view with name 'banana/Bnn0001BananaMenu'
06-05-2017 15:48:42.086,DEBUG,Added model object 'removedDate' of type [java.lang.String] to request in view with name 'banana/Bnn0001BananaMenu'
06-05-2017 15:48:42.086,DEBUG,Added model object 'icon_editDate' of type [java.lang.String] to request in view with name 'banana/Bnn0001BananaMenu'
06-05-2017 15:48:42.086,DEBUG,Added model object 'icon_refDate' of type [java.lang.String] to request in view with name 'banana/Bnn0001BananaMenu'
06-05-2017 15:48:42.086,DEBUG,Added model object 'icon_delDate' of type [java.lang.String] to request in view with name 'banana/Bnn0001BananaMenu'
06-05-2017 15:48:42.086,DEBUG,Added model object 'none_editDate' of type [java.lang.String] to request in view with name 'banana/Bnn0001BananaMenu'
06-05-2017 15:48:42.086,DEBUG,Added model object 'bananaMenuCssDate' of type [java.lang.String] to request in view with name 'banana/Bnn0001BananaMenu'
06-05-2017 15:48:42.086,DEBUG,Added model object 'bananaMenuJsDate' of type [java.lang.String] to request in view with name 'banana/Bnn0001BananaMenu'
06-05-2017 15:48:42.086,DEBUG,Forwarding to resource [/WEB-INF/views/banana/Bnn0001BananaMenu.jsp] in InternalResourceView 'banana/Bnn0001BananaMenu'
06-05-2017 15:48:42.088,DEBUG,Successfully completed request
06-05-2017 15:48:42.102,DEBUG,Request [/ict/resources/js/common/jquery.ui.datepicker-jp.js] is not a multipart request
06-05-2017 15:48:42.102,DEBUG,Request [/ict/resources/js/common/jquery.inputmask.js] is not a multipart request
06-05-2017 15:48:42.102,DEBUG,DispatcherServlet with name 'appServlet' processing GET request for [/ict/resources/js/common/jquery.ui.datepicker-jp.js]
06-05-2017 15:48:42.102,DEBUG,DispatcherServlet with name 'appServlet' processing GET request for [/ict/resources/js/common/jquery.inputmask.js]
06-05-2017 15:48:42.102,DEBUG,Looking up handler method for path /resources/js/common/jquery.ui.datepicker-jp.js
06-05-2017 15:48:42.102,DEBUG,Looking up handler method for path /resources/js/common/jquery.inputmask.js
06-05-2017 15:48:42.102,DEBUG,Request [/ict/resources/js/common/jquery-ui.min.js] is not a multipart request
06-05-2017 15:48:42.102,DEBUG,DispatcherServlet with name 'appServlet' processing GET request for [/ict/resources/js/common/jquery-ui.min.js]
06-05-2017 15:48:42.102,DEBUG,Looking up handler method for path /resources/js/common/jquery-ui.min.js
06-05-2017 15:48:42.103,DEBUG,Did not find handler method for [/resources/js/common/jquery-ui.min.js]
06-05-2017 15:48:42.103,DEBUG,Did not find handler method for [/resources/js/common/jquery.ui.datepicker-jp.js]
06-05-2017 15:48:42.103,DEBUG,Matching patterns for request [/resources/js/common/jquery.ui.datepicker-jp.js] are [/resources/**]
06-05-2017 15:48:42.103,DEBUG,Matching patterns for request [/resources/js/common/jquery-ui.min.js] are [/resources/**]
06-05-2017 15:48:42.104,DEBUG,URI Template variables for request [/resources/js/common/jquery.ui.datepicker-jp.js] are {}
06-05-2017 15:48:42.104,DEBUG,URI Template variables for request [/resources/js/common/jquery-ui.min.js] are {}
06-05-2017 15:48:42.104,DEBUG,Mapping [/resources/js/common/jquery.ui.datepicker-jp.js] to HandlerExecutionChain with handler [ResourceHttpRequestHandler [locations=[ServletContext resource [/resources/]], resolvers=[org.springframework.web.servlet.resource.PathResourceResolver@19f69bd]]] and 1 interceptor
06-05-2017 15:48:42.104,DEBUG,Mapping [/resources/js/common/jquery-ui.min.js] to HandlerExecutionChain with handler [ResourceHttpRequestHandler [locations=[ServletContext resource [/resources/]], resolvers=[org.springframework.web.servlet.resource.PathResourceResolver@19f69bd]]] and 1 interceptor
06-05-2017 15:48:42.104,DEBUG,Last-Modified value for [/ict/resources/js/common/jquery.ui.datepicker-jp.js] is: -1
06-05-2017 15:48:42.104,DEBUG,Last-Modified value for [/ict/resources/js/common/jquery-ui.min.js] is: -1
06-05-2017 15:48:42.104,DEBUG,Returning cached instance of singleton bean 'xml_path'
06-05-2017 15:48:42.105,DEBUG,Did not find handler method for [/resources/js/common/jquery.inputmask.js]
06-05-2017 15:48:42.105,DEBUG,Matching patterns for request [/resources/js/common/jquery.inputmask.js] are [/resources/**]
06-05-2017 15:48:42.105,DEBUG,URI Template variables for request [/resources/js/common/jquery.inputmask.js] are {}
06-05-2017 15:48:42.105,DEBUG,Mapping [/resources/js/common/jquery.inputmask.js] to HandlerExecutionChain with handler [ResourceHttpRequestHandler [locations=[ServletContext resource [/resources/]], resolvers=[org.springframework.web.servlet.resource.PathResourceResolver@19f69bd]]] and 1 interceptor
06-05-2017 15:48:42.105,DEBUG,Null ModelAndView returned to DispatcherServlet with name 'appServlet': assuming HandlerAdapter completed request handling
06-05-2017 15:48:42.105,DEBUG,Successfully completed request
06-05-2017 15:48:42.105,DEBUG,Last-Modified value for [/ict/resources/js/common/jquery.inputmask.js] is: -1
06-05-2017 15:48:42.105,DEBUG,Request [/ict/resources/js/common/inputmask.js] is not a multipart request
06-05-2017 15:48:42.105,DEBUG,Returning cached instance of singleton bean 'xml_path'
06-05-2017 15:48:42.105,DEBUG,Returning cached instance of singleton bean 'xml_path'
06-05-2017 15:48:42.105,DEBUG,DispatcherServlet with name 'appServlet' processing GET request for [/ict/resources/js/common/inputmask.js]
06-05-2017 15:48:42.106,DEBUG,Looking up handler method for path /resources/js/common/inputmask.js
06-05-2017 15:48:42.106,DEBUG,Null ModelAndView returned to DispatcherServlet with name 'appServlet': assuming HandlerAdapter completed request handling
06-05-2017 15:48:42.106,DEBUG,Successfully completed request
06-05-2017 15:48:42.107,DEBUG,Did not find handler method for [/resources/js/common/inputmask.js]
06-05-2017 15:48:42.107,DEBUG,Matching patterns for request [/resources/js/common/inputmask.js] are [/resources/**]
06-05-2017 15:48:42.108,DEBUG,URI Template variables for request [/resources/js/common/inputmask.js] are {}
06-05-2017 15:48:42.108,DEBUG,Mapping [/resources/js/common/inputmask.js] to HandlerExecutionChain with handler [ResourceHttpRequestHandler [locations=[ServletContext resource [/resources/]], resolvers=[org.springframework.web.servlet.resource.PathResourceResolver@19f69bd]]] and 1 interceptor
06-05-2017 15:48:42.108,DEBUG,Last-Modified value for [/ict/resources/js/common/inputmask.js] is: -1
06-05-2017 15:48:42.108,DEBUG,Returning cached instance of singleton bean 'xml_path'
06-05-2017 15:48:42.111,DEBUG,Null ModelAndView returned to DispatcherServlet with name 'appServlet': assuming HandlerAdapter completed request handling
06-05-2017 15:48:42.111,DEBUG,Successfully completed request
06-05-2017 15:48:42.111,DEBUG,Null ModelAndView returned to DispatcherServlet with name 'appServlet': assuming HandlerAdapter completed request handling
06-05-2017 15:48:42.111,DEBUG,Successfully completed request
06-05-2017 15:48:42.136,DEBUG,Request [/ict/resources/js/common/inputmask.date.extensions.js] is not a multipart request
06-05-2017 15:48:42.136,DEBUG,DispatcherServlet with name 'appServlet' processing GET request for [/ict/resources/js/common/inputmask.date.extensions.js]
06-05-2017 15:48:42.136,DEBUG,Looking up handler method for path /resources/js/common/inputmask.date.extensions.js
06-05-2017 15:48:42.136,DEBUG,Request [/ict/resources/js/common/load_calendar.js] is not a multipart request
06-05-2017 15:48:42.136,DEBUG,Request [/ict/resources/css/banana/Bnn0001BananaMenu.css] is not a multipart request
06-05-2017 15:48:42.136,DEBUG,DispatcherServlet with name 'appServlet' processing GET request for [/ict/resources/js/common/load_calendar.js]
06-05-2017 15:48:42.136,DEBUG,DispatcherServlet with name 'appServlet' processing GET request for [/ict/resources/css/banana/Bnn0001BananaMenu.css]
06-05-2017 15:48:42.136,DEBUG,Looking up handler method for path /resources/js/common/load_calendar.js
06-05-2017 15:48:42.136,DEBUG,Looking up handler method for path /resources/css/banana/Bnn0001BananaMenu.css
06-05-2017 15:48:42.137,DEBUG,Did not find handler method for [/resources/js/common/inputmask.date.extensions.js]
06-05-2017 15:48:42.137,DEBUG,Matching patterns for request [/resources/js/common/inputmask.date.extensions.js] are [/resources/**]
06-05-2017 15:48:42.137,DEBUG,URI Template variables for request [/resources/js/common/inputmask.date.extensions.js] are {}
06-05-2017 15:48:42.137,DEBUG,Did not find handler method for [/resources/js/common/load_calendar.js]
06-05-2017 15:48:42.137,DEBUG,Did not find handler method for [/resources/css/banana/Bnn0001BananaMenu.css]
06-05-2017 15:48:42.137,DEBUG,Mapping [/resources/js/common/inputmask.date.extensions.js] to HandlerExecutionChain with handler [ResourceHttpRequestHandler [locations=[ServletContext resource [/resources/]], resolvers=[org.springframework.web.servlet.resource.PathResourceResolver@19f69bd]]] and 1 interceptor
06-05-2017 15:48:42.137,DEBUG,Matching patterns for request [/resources/css/banana/Bnn0001BananaMenu.css] are [/resources/**]
06-05-2017 15:48:42.137,DEBUG,Matching patterns for request [/resources/js/common/load_calendar.js] are [/resources/**]
06-05-2017 15:48:42.138,DEBUG,Last-Modified value for [/ict/resources/js/common/inputmask.date.extensions.js] is: -1
06-05-2017 15:48:42.138,DEBUG,URI Template variables for request [/resources/js/common/load_calendar.js] are {}
06-05-2017 15:48:42.138,DEBUG,URI Template variables for request [/resources/css/banana/Bnn0001BananaMenu.css] are {}
06-05-2017 15:48:42.138,DEBUG,Returning cached instance of singleton bean 'xml_path'
06-05-2017 15:48:42.138,DEBUG,Mapping [/resources/js/common/load_calendar.js] to HandlerExecutionChain with handler [ResourceHttpRequestHandler [locations=[ServletContext resource [/resources/]], resolvers=[org.springframework.web.servlet.resource.PathResourceResolver@19f69bd]]] and 1 interceptor
06-05-2017 15:48:42.138,DEBUG,Mapping [/resources/css/banana/Bnn0001BananaMenu.css] to HandlerExecutionChain with handler [ResourceHttpRequestHandler [locations=[ServletContext resource [/resources/]], resolvers=[org.springframework.web.servlet.resource.PathResourceResolver@19f69bd]]] and 1 interceptor
06-05-2017 15:48:42.138,DEBUG,Last-Modified value for [/ict/resources/js/common/load_calendar.js] is: -1
06-05-2017 15:48:42.138,DEBUG,Last-Modified value for [/ict/resources/css/banana/Bnn0001BananaMenu.css] is: -1
06-05-2017 15:48:42.138,DEBUG,Returning cached instance of singleton bean 'xml_path'
06-05-2017 15:48:42.138,DEBUG,Returning cached instance of singleton bean 'xml_path'
06-05-2017 15:48:42.139,DEBUG,Null ModelAndView returned to DispatcherServlet with name 'appServlet': assuming HandlerAdapter completed request handling
06-05-2017 15:48:42.139,DEBUG,Null ModelAndView returned to DispatcherServlet with name 'appServlet': assuming HandlerAdapter completed request handling
06-05-2017 15:48:42.140,DEBUG,Null ModelAndView returned to DispatcherServlet with name 'appServlet': assuming HandlerAdapter completed request handling
06-05-2017 15:48:42.140,DEBUG,Successfully completed request
06-05-2017 15:48:42.140,DEBUG,Successfully completed request
06-05-2017 15:48:42.140,DEBUG,Successfully completed request
06-05-2017 15:48:42.141,DEBUG,Request [/ict/resources/js/banana/Bnn0001BananaMenu.js] is not a multipart request
06-05-2017 15:48:42.141,DEBUG,DispatcherServlet with name 'appServlet' processing GET request for [/ict/resources/js/banana/Bnn0001BananaMenu.js]
06-05-2017 15:48:42.141,DEBUG,Looking up handler method for path /resources/js/banana/Bnn0001BananaMenu.js
06-05-2017 15:48:42.142,DEBUG,Did not find handler method for [/resources/js/banana/Bnn0001BananaMenu.js]
06-05-2017 15:48:42.142,DEBUG,Matching patterns for request [/resources/js/banana/Bnn0001BananaMenu.js] are [/resources/**]
06-05-2017 15:48:42.142,DEBUG,URI Template variables for request [/resources/js/banana/Bnn0001BananaMenu.js] are {}
06-05-2017 15:48:42.142,DEBUG,Mapping [/resources/js/banana/Bnn0001BananaMenu.js] to HandlerExecutionChain with handler [ResourceHttpRequestHandler [locations=[ServletContext resource [/resources/]], resolvers=[org.springframework.web.servlet.resource.PathResourceResolver@19f69bd]]] and 1 interceptor
06-05-2017 15:48:42.142,DEBUG,Last-Modified value for [/ict/resources/js/banana/Bnn0001BananaMenu.js] is: -1
06-05-2017 15:48:42.142,DEBUG,Returning cached instance of singleton bean 'xml_path'
06-05-2017 15:48:42.143,DEBUG,Null ModelAndView returned to DispatcherServlet with name 'appServlet': assuming HandlerAdapter completed request handling
06-05-2017 15:48:42.143,DEBUG,Successfully completed request
