06-05-2017 15:48:36.492,DEBUG,Request [/ict/0087/searchData] is not a multipart request
06-05-2017 15:48:36.492,DEBUG,DispatcherServlet with name 'appServlet' processing POST request for [/ict/0087/searchData]
06-05-2017 15:48:36.492,DEBUG,Looking up handler method for path /0087/searchData
06-05-2017 15:48:36.492,DEBUG,Returning handler method [public java.util.List<vn.bananavietnam.ict.banana.component.Bnn0087SearchAffiliationResult> vn.bananavietnam.ict.banana.controller.Bnn0087SearchAffiliationController.searchData(vn.bananavietnam.ict.banana.component.Bnn0087SearchAffiliationConditions)]
06-05-2017 15:48:36.492,DEBUG,Returning cached instance of singleton bean 'bnn0087SearchAffiliationController'
06-05-2017 15:48:36.492,DEBUG,Returning cached instance of singleton bean 'xml_path'
06-05-2017 15:48:36.492,DEBUG,Skip CORS processing: request is from same origin
06-05-2017 15:48:36.492,DEBUG,Read [class vn.bananavietnam.ict.banana.component.Bnn0087SearchAffiliationConditions] as "application/json" with [org.springframework.http.converter.json.MappingJackson2HttpMessageConverter@4a254b]
06-05-2017 15:48:36.493,DEBUG,Returning cached instance of singleton bean 'transactionManager'
06-05-2017 15:48:36.523,DEBUG,Written [[vn.bananavietnam.ict.banana.component.Bnn0087SearchAffiliationResult@10cfd24, vn.bananavietnam.ict.banana.component.Bnn0087SearchAffiliationResult@1450b3b, vn.bananavietnam.ict.banana.component.Bnn0087SearchAffiliationResult@11bb846, vn.bananavietnam.ict.banana.component.Bnn0087SearchAffiliationResult@a6abd3, vn.bananavietnam.ict.banana.component.Bnn0087SearchAffiliationResult@19857e, vn.bananavietnam.ict.banana.component.Bnn0087SearchAffiliationResult@1465795, vn.bananavietnam.ict.banana.component.Bnn0087SearchAffiliationResult@1651333, vn.bananavietnam.ict.banana.component.Bnn0087SearchAffiliationResult@1ad2ff, vn.bananavietnam.ict.banana.component.Bnn0087SearchAffiliationResult@c8f37, vn.bananavietnam.ict.banana.component.Bnn0087SearchAffiliationResult@16f941c, vn.bananavietnam.ict.banana.component.Bnn0087SearchAffiliationResult@eaeec9, vn.bananavietnam.ict.banana.component.Bnn0087SearchAffiliationResult@674b41, vn.bananavietnam.ict.banana.component.Bnn0087SearchAffiliationResult@840b0d, vn.bananavietnam.ict.banana.component.Bnn0087SearchAffiliationResult@15ca0f5, vn.bananavietnam.ict.banana.component.Bnn0087SearchAffiliationResult@8588f1, vn.bananavietnam.ict.banana.component.Bnn0087SearchAffiliationResult@90ec23, vn.bananavietnam.ict.banana.component.Bnn0087SearchAffiliationResult@e84c9f, vn.bananavietnam.ict.banana.component.Bnn0087SearchAffiliationResult@c5143f, vn.bananavietnam.ict.banana.component.Bnn0087SearchAffiliationResult@fdd356, vn.bananavietnam.ict.banana.component.Bnn0087SearchAffiliationResult@175cc5e]] as "application/json;charset=UTF-8" using [org.springframework.http.converter.json.MappingJackson2HttpMessageConverter@4a254b]
06-05-2017 15:48:36.523,DEBUG,Null ModelAndView returned to DispatcherServlet with name 'appServlet': assuming HandlerAdapter completed request handling
06-05-2017 15:48:36.523,DEBUG,Successfully completed request
06-05-2017 15:48:36.640,DEBUG,Request [/ict/resources/img/ic_next_h.png] is not a multipart request
06-05-2017 15:48:36.640,DEBUG,DispatcherServlet with name 'appServlet' processing GET request for [/ict/resources/img/ic_next_h.png]
06-05-2017 15:48:36.640,DEBUG,Looking up handler method for path /resources/img/ic_next_h.png
06-05-2017 15:48:36.642,DEBUG,Did not find handler method for [/resources/img/ic_next_h.png]
06-05-2017 15:48:36.642,DEBUG,Matching patterns for request [/resources/img/ic_next_h.png] are [/resources/**]
06-05-2017 15:48:36.642,DEBUG,URI Template variables for request [/resources/img/ic_next_h.png] are {}
06-05-2017 15:48:36.642,DEBUG,Mapping [/resources/img/ic_next_h.png] to HandlerExecutionChain with handler [ResourceHttpRequestHandler [locations=[ServletContext resource [/resources/]], resolvers=[org.springframework.web.servlet.resource.PathResourceResolver@19f69bd]]] and 1 interceptor
06-05-2017 15:48:36.642,DEBUG,Last-Modified value for [/ict/resources/img/ic_next_h.png] is: -1
06-05-2017 15:48:36.642,DEBUG,Returning cached instance of singleton bean 'xml_path'
06-05-2017 15:48:36.644,DEBUG,Null ModelAndView returned to DispatcherServlet with name 'appServlet': assuming HandlerAdapter completed request handling
06-05-2017 15:48:36.644,DEBUG,Successfully completed request
06-05-2017 15:48:36.656,DEBUG,Request [/ict/0087/searchData] is not a multipart request
06-05-2017 15:48:36.656,DEBUG,DispatcherServlet with name 'appServlet' processing POST request for [/ict/0087/searchData]
06-05-2017 15:48:36.656,DEBUG,Looking up handler method for path /0087/searchData
06-05-2017 15:48:36.656,DEBUG,Returning handler method [public java.util.List<vn.bananavietnam.ict.banana.component.Bnn0087SearchAffiliationResult> vn.bananavietnam.ict.banana.controller.Bnn0087SearchAffiliationController.searchData(vn.bananavietnam.ict.banana.component.Bnn0087SearchAffiliationConditions)]
06-05-2017 15:48:36.656,DEBUG,Returning cached instance of singleton bean 'bnn0087SearchAffiliationController'
06-05-2017 15:48:36.656,DEBUG,Returning cached instance of singleton bean 'xml_path'
06-05-2017 15:48:36.656,DEBUG,Skip CORS processing: request is from same origin
06-05-2017 15:48:36.657,DEBUG,Read [class vn.bananavietnam.ict.banana.component.Bnn0087SearchAffiliationConditions] as "application/json" with [org.springframework.http.converter.json.MappingJackson2HttpMessageConverter@4a254b]
06-05-2017 15:48:36.657,DEBUG,Returning cached instance of singleton bean 'transactionManager'
06-05-2017 15:48:36.685,DEBUG,Written [[vn.bananavietnam.ict.banana.component.Bnn0087SearchAffiliationResult@7a7823, vn.bananavietnam.ict.banana.component.Bnn0087SearchAffiliationResult@18245ac, vn.bananavietnam.ict.banana.component.Bnn0087SearchAffiliationResult@898c9b, vn.bananavietnam.ict.banana.component.Bnn0087SearchAffiliationResult@e2f16c, vn.bananavietnam.ict.banana.component.Bnn0087SearchAffiliationResult@13c3833, vn.bananavietnam.ict.banana.component.Bnn0087SearchAffiliationResult@54ac1d, vn.bananavietnam.ict.banana.component.Bnn0087SearchAffiliationResult@d91398, vn.bananavietnam.ict.banana.component.Bnn0087SearchAffiliationResult@137e13e, vn.bananavietnam.ict.banana.component.Bnn0087SearchAffiliationResult@1dea60b, vn.bananavietnam.ict.banana.component.Bnn0087SearchAffiliationResult@7dce69, vn.bananavietnam.ict.banana.component.Bnn0087SearchAffiliationResult@a252ed, vn.bananavietnam.ict.banana.component.Bnn0087SearchAffiliationResult@f66456, vn.bananavietnam.ict.banana.component.Bnn0087SearchAffiliationResult@2c607d, vn.bananavietnam.ict.banana.component.Bnn0087SearchAffiliationResult@9afad7, vn.bananavietnam.ict.banana.component.Bnn0087SearchAffiliationResult@71f053, vn.bananavietnam.ict.banana.component.Bnn0087SearchAffiliationResult@1b0ee5f, vn.bananavietnam.ict.banana.component.Bnn0087SearchAffiliationResult@6e559c, vn.bananavietnam.ict.banana.component.Bnn0087SearchAffiliationResult@1df5904, vn.bananavietnam.ict.banana.component.Bnn0087SearchAffiliationResult@57df84, vn.bananavietnam.ict.banana.component.Bnn0087SearchAffiliationResult@f31907]] as "application/json;charset=UTF-8" using [org.springframework.http.converter.json.MappingJackson2HttpMessageConverter@4a254b]
06-05-2017 15:48:36.685,DEBUG,Null ModelAndView returned to DispatcherServlet with name 'appServlet': assuming HandlerAdapter completed request handling
06-05-2017 15:48:36.685,DEBUG,Successfully completed request
