05-08-2017 14:55:36.012,DEBUG,6F4F133EE0F156FD7CA808E5D2B0F8EC,/0089/updateData at position 1 of 11 in additional filter chain; firing Filter: 'SecurityContextPersistenceFilter'
05-08-2017 14:55:36.012,DEBUG,6F4F133EE0F156FD7CA808E5D2B0F8EC,Obtained a valid SecurityContext from SPRING_SECURITY_CONTEXT: 'org.springframework.security.core.context.SecurityContextImpl@c4944c4b: Authentication: org.springframework.security.authentication.UsernamePasswordAuthenticationToken@c4944c4b: Principal: vn.bananavietnam.ict.common.auth.MyUser@c4907816: Username: U0000000001; Password: [PROTECTED]; Enabled: true; AccountNonExpired: true; credentialsNonExpired: true; AccountNonLocked: true; Granted Authorities: 1; Credentials: [PROTECTED]; Authenticated: true; Details: org.springframework.security.web.authentication.WebAuthenticationDetails@fffbcba8: RemoteIpAddress: 0:0:0:0:0:0:0:1; SessionId: C1B96A3FCD54D6F0BEC3A0FE28CB5E07; Granted Authorities: 1'
05-08-2017 14:55:36.012,DEBUG,6F4F133EE0F156FD7CA808E5D2B0F8EC,/0089/updateData at position 2 of 11 in additional filter chain; firing Filter: 'WebAsyncManagerIntegrationFilter'
05-08-2017 14:55:36.012,DEBUG,6F4F133EE0F156FD7CA808E5D2B0F8EC,/0089/updateData at position 3 of 11 in additional filter chain; firing Filter: 'LogoutFilter'
05-08-2017 14:55:36.012,DEBUG,6F4F133EE0F156FD7CA808E5D2B0F8EC,/0089/updateData at position 4 of 11 in additional filter chain; firing Filter: 'UsernamePasswordAuthenticationFilter'
05-08-2017 14:55:36.012,DEBUG,6F4F133EE0F156FD7CA808E5D2B0F8EC,/0089/updateData at position 5 of 11 in additional filter chain; firing Filter: 'BasicAuthenticationFilter'
05-08-2017 14:55:36.012,DEBUG,6F4F133EE0F156FD7CA808E5D2B0F8EC,/0089/updateData at position 6 of 11 in additional filter chain; firing Filter: 'RequestCacheAwareFilter'
05-08-2017 14:55:36.012,DEBUG,6F4F133EE0F156FD7CA808E5D2B0F8EC,/0089/updateData at position 7 of 11 in additional filter chain; firing Filter: 'SecurityContextHolderAwareRequestFilter'
05-08-2017 14:55:36.012,DEBUG,6F4F133EE0F156FD7CA808E5D2B0F8EC,/0089/updateData at position 8 of 11 in additional filter chain; firing Filter: 'AnonymousAuthenticationFilter'
05-08-2017 14:55:36.013,DEBUG,6F4F133EE0F156FD7CA808E5D2B0F8EC,SecurityContextHolder not populated with anonymous token, as it already contained: 'org.springframework.security.authentication.UsernamePasswordAuthenticationToken@c4944c4b: Principal: vn.bananavietnam.ict.common.auth.MyUser@c4907816: Username: U0000000001; Password: [PROTECTED]; Enabled: true; AccountNonExpired: true; credentialsNonExpired: true; AccountNonLocked: true; Granted Authorities: 1; Credentials: [PROTECTED]; Authenticated: true; Details: org.springframework.security.web.authentication.WebAuthenticationDetails@fffbcba8: RemoteIpAddress: 0:0:0:0:0:0:0:1; SessionId: C1B96A3FCD54D6F0BEC3A0FE28CB5E07; Granted Authorities: 1'
05-08-2017 14:55:36.013,DEBUG,6F4F133EE0F156FD7CA808E5D2B0F8EC,/0089/updateData at position 9 of 11 in additional filter chain; firing Filter: 'SessionManagementFilter'
05-08-2017 14:55:36.013,DEBUG,6F4F133EE0F156FD7CA808E5D2B0F8EC,/0089/updateData at position 10 of 11 in additional filter chain; firing Filter: 'ExceptionTranslationFilter'
05-08-2017 14:55:36.013,DEBUG,6F4F133EE0F156FD7CA808E5D2B0F8EC,/0089/updateData at position 11 of 11 in additional filter chain; firing Filter: 'FilterSecurityInterceptor'
05-08-2017 14:55:36.013,DEBUG,6F4F133EE0F156FD7CA808E5D2B0F8EC,Checking match of request : '/0089/updatedata'; against '/autherror*'
05-08-2017 14:55:36.013,DEBUG,6F4F133EE0F156FD7CA808E5D2B0F8EC,Checking match of request : '/0089/updatedata'; against '/login/**'
05-08-2017 14:55:36.013,DEBUG,6F4F133EE0F156FD7CA808E5D2B0F8EC,Checking match of request : '/0089/updatedata'; against '/0001/**'
05-08-2017 14:55:36.013,DEBUG,6F4F133EE0F156FD7CA808E5D2B0F8EC,Checking match of request : '/0089/updatedata'; against '/0002/**'
05-08-2017 14:55:36.013,DEBUG,6F4F133EE0F156FD7CA808E5D2B0F8EC,Checking match of request : '/0089/updatedata'; against '/0003/**'
05-08-2017 14:55:36.013,DEBUG,6F4F133EE0F156FD7CA808E5D2B0F8EC,Checking match of request : '/0089/updatedata'; against '/searchuserpopup/**'
05-08-2017 14:55:36.013,DEBUG,6F4F133EE0F156FD7CA808E5D2B0F8EC,Checking match of request : '/0089/updatedata'; against '/0005/**'
05-08-2017 14:55:36.013,DEBUG,6F4F133EE0F156FD7CA808E5D2B0F8EC,Checking match of request : '/0089/updatedata'; against '/0009/**'
05-08-2017 14:55:36.013,DEBUG,6F4F133EE0F156FD7CA808E5D2B0F8EC,Checking match of request : '/0089/updatedata'; against '/searchline/**'
05-08-2017 14:55:36.013,DEBUG,6F4F133EE0F156FD7CA808E5D2B0F8EC,Checking match of request : '/0089/updatedata'; against '/0013/**'
05-08-2017 14:55:36.013,DEBUG,6F4F133EE0F156FD7CA808E5D2B0F8EC,Checking match of request : '/0089/updatedata'; against '/0017/**'
05-08-2017 14:55:36.013,DEBUG,6F4F133EE0F156FD7CA808E5D2B0F8EC,Checking match of request : '/0089/updatedata'; against '/0031/**'
05-08-2017 14:55:36.013,DEBUG,6F4F133EE0F156FD7CA808E5D2B0F8EC,Checking match of request : '/0089/updatedata'; against '/0035/**'
05-08-2017 14:55:36.013,DEBUG,6F4F133EE0F156FD7CA808E5D2B0F8EC,Checking match of request : '/0089/updatedata'; against '/0037/**'
05-08-2017 14:55:36.013,DEBUG,6F4F133EE0F156FD7CA808E5D2B0F8EC,Checking match of request : '/0089/updatedata'; against '/0045/**'
05-08-2017 14:55:36.013,DEBUG,6F4F133EE0F156FD7CA808E5D2B0F8EC,Checking match of request : '/0089/updatedata'; against '/0047/**'
05-08-2017 14:55:36.013,DEBUG,6F4F133EE0F156FD7CA808E5D2B0F8EC,Checking match of request : '/0089/updatedata'; against '/0049/**'
05-08-2017 14:55:36.013,DEBUG,6F4F133EE0F156FD7CA808E5D2B0F8EC,Checking match of request : '/0089/updatedata'; against '/0061/**'
05-08-2017 14:55:36.013,DEBUG,6F4F133EE0F156FD7CA808E5D2B0F8EC,Checking match of request : '/0089/updatedata'; against '/0087/**'
05-08-2017 14:55:36.013,DEBUG,6F4F133EE0F156FD7CA808E5D2B0F8EC,Checking match of request : '/0089/updatedata'; against '/0075/**'
05-08-2017 14:55:36.013,DEBUG,6F4F133EE0F156FD7CA808E5D2B0F8EC,Checking match of request : '/0089/updatedata'; against '/0089/**'
05-08-2017 14:55:36.013,DEBUG,6F4F133EE0F156FD7CA808E5D2B0F8EC,Secure object: FilterInvocation: URL: /0089/updateData; Attributes: [ROLE_ADMIN, ROLE_USER, IS_AUTHENTICATED_FULLY]
05-08-2017 14:55:36.013,DEBUG,6F4F133EE0F156FD7CA808E5D2B0F8EC,Previously Authenticated: org.springframework.security.authentication.UsernamePasswordAuthenticationToken@c4944c4b: Principal: vn.bananavietnam.ict.common.auth.MyUser@c4907816: Username: U0000000001; Password: [PROTECTED]; Enabled: true; AccountNonExpired: true; credentialsNonExpired: true; AccountNonLocked: true; Granted Authorities: 1; Credentials: [PROTECTED]; Authenticated: true; Details: org.springframework.security.web.authentication.WebAuthenticationDetails@fffbcba8: RemoteIpAddress: 0:0:0:0:0:0:0:1; SessionId: C1B96A3FCD54D6F0BEC3A0FE28CB5E07; Granted Authorities: 1
05-08-2017 14:55:36.013,DEBUG,6F4F133EE0F156FD7CA808E5D2B0F8EC,Voter: org.springframework.security.access.vote.RoleVoter@1b68791, returned: -1
05-08-2017 14:55:36.013,DEBUG,6F4F133EE0F156FD7CA808E5D2B0F8EC,Voter: org.springframework.security.access.vote.AuthenticatedVoter@1fd620c, returned: 1
05-08-2017 14:55:36.014,DEBUG,6F4F133EE0F156FD7CA808E5D2B0F8EC,Authorization successful
05-08-2017 14:55:36.014,DEBUG,6F4F133EE0F156FD7CA808E5D2B0F8EC,RunAsManager did not change Authentication object
05-08-2017 14:55:36.014,DEBUG,6F4F133EE0F156FD7CA808E5D2B0F8EC,/0089/updateData reached end of additional filter chain; proceeding with original chain
05-08-2017 14:55:36.014,DEBUG,6F4F133EE0F156FD7CA808E5D2B0F8EC,Request [/ict/0089/updateData] is not a multipart request
05-08-2017 14:55:36.014,DEBUG,6F4F133EE0F156FD7CA808E5D2B0F8EC,DispatcherServlet with name 'appServlet' processing POST request for [/ict/0089/updateData]
05-08-2017 14:55:36.014,DEBUG,6F4F133EE0F156FD7CA808E5D2B0F8EC,Looking up handler method for path /0089/updateData
05-08-2017 14:55:36.014,DEBUG,6F4F133EE0F156FD7CA808E5D2B0F8EC,Returning handler method [public java.lang.String vn.bananavietnam.ict.banana.controller.Bnn0089SearchTaskController.updateData(vn.bananavietnam.ict.common.db.model.IvbMTask)]
05-08-2017 14:55:36.014,DEBUG,6F4F133EE0F156FD7CA808E5D2B0F8EC,Returning cached instance of singleton bean 'bnn0089SearchTaskController'
05-08-2017 14:55:36.014,DEBUG,6F4F133EE0F156FD7CA808E5D2B0F8EC,Returning cached instance of singleton bean 'xml_path'
05-08-2017 14:55:36.015,DEBUG,6F4F133EE0F156FD7CA808E5D2B0F8EC,Skip CORS processing: request is from same origin
05-08-2017 14:55:36.015,DEBUG,6F4F133EE0F156FD7CA808E5D2B0F8EC,Read [class vn.bananavietnam.ict.common.db.model.IvbMTask] as "application/json" with [org.springframework.http.converter.json.MappingJackson2HttpMessageConverter@1fe278e]
05-08-2017 14:55:36.015,INFO ,6F4F133EE0F156FD7CA808E5D2B0F8EC,U0000000001,vn.bananavietnam.ict.banana.service.Bnn0089SearchTaskService,updateData,[vn.bananavietnam.ict.common.db.model.IvbMTask@1306dfa] METHOD START
05-08-2017 14:55:36.015,DEBUG,6F4F133EE0F156FD7CA808E5D2B0F8EC,Returning cached instance of singleton bean 'transactionManager'
05-08-2017 14:55:36.015,DEBUG,6F4F133EE0F156FD7CA808E5D2B0F8EC,Creating new transaction with name [null]: PROPAGATION_REQUIRED,ISOLATION_DEFAULT
05-08-2017 14:55:36.015,DEBUG,6F4F133EE0F156FD7CA808E5D2B0F8EC,Creating new JDBC DriverManager Connection to [jdbc:mysql://172.16.0.175:3306/BANANA_DB_HUNG_SELENIUM?useUnicode=yes&characterEncoding=UTF-8&autoReconnect=true]
05-08-2017 14:55:36.032,DEBUG,6F4F133EE0F156FD7CA808E5D2B0F8EC,Acquired Connection [com.mysql.jdbc.JDBC4Connection@eeb3ad] for JDBC transaction
05-08-2017 14:55:36.032,DEBUG,6F4F133EE0F156FD7CA808E5D2B0F8EC,Switching JDBC Connection [com.mysql.jdbc.JDBC4Connection@eeb3ad] to manual commit
05-08-2017 14:55:36.034,DEBUG,6F4F133EE0F156FD7CA808E5D2B0F8EC,Creating a new SqlSession
05-08-2017 14:55:36.034,DEBUG,6F4F133EE0F156FD7CA808E5D2B0F8EC,Registering transaction synchronization for SqlSession [org.apache.ibatis.session.defaults.DefaultSqlSession@121c535]
05-08-2017 14:55:36.035,DEBUG,6F4F133EE0F156FD7CA808E5D2B0F8EC,JDBC Connection [com.mysql.jdbc.JDBC4Connection@eeb3ad] will be managed by Spring
05-08-2017 14:55:36.035,DEBUG,6F4F133EE0F156FD7CA808E5D2B0F8EC,==>  Preparing: update IVB_M_TASK SET TASK_NAME = ?, WORKING_DETAILS = ?, NOTE = ?, QUARANTINE_HANDLING_FLAG = ?, CHANGE_POINT_CODE = ?, UPDATE_USER_ID = ?, LAST_UPDATE_DATE = NOW(), DELETE_FLAG = ? where TASK_ID = ? 
05-08-2017 14:55:36.035,DEBUG,6F4F133EE0F156FD7CA808E5D2B0F8EC,==> Parameters: ABC Task update(String), ABC Task update(String), ABC Task update(String), true(Boolean), 0(String), U0000000001(String), false(Boolean), T059(String)
05-08-2017 14:55:36.038,DEBUG,6F4F133EE0F156FD7CA808E5D2B0F8EC,<==    Updates: 1
05-08-2017 14:55:36.038,DEBUG,6F4F133EE0F156FD7CA808E5D2B0F8EC,Releasing transactional SqlSession [org.apache.ibatis.session.defaults.DefaultSqlSession@121c535]
05-08-2017 14:55:36.038,DEBUG,6F4F133EE0F156FD7CA808E5D2B0F8EC,Transaction synchronization committing SqlSession [org.apache.ibatis.session.defaults.DefaultSqlSession@121c535]
05-08-2017 14:55:36.038,DEBUG,6F4F133EE0F156FD7CA808E5D2B0F8EC,Transaction synchronization deregistering SqlSession [org.apache.ibatis.session.defaults.DefaultSqlSession@121c535]
05-08-2017 14:55:36.038,DEBUG,6F4F133EE0F156FD7CA808E5D2B0F8EC,Transaction synchronization closing SqlSession [org.apache.ibatis.session.defaults.DefaultSqlSession@121c535]
05-08-2017 14:55:36.038,DEBUG,6F4F133EE0F156FD7CA808E5D2B0F8EC,Initiating transaction commit
05-08-2017 14:55:36.038,DEBUG,6F4F133EE0F156FD7CA808E5D2B0F8EC,Committing JDBC transaction on Connection [com.mysql.jdbc.JDBC4Connection@eeb3ad]
05-08-2017 14:55:36.045,DEBUG,6F4F133EE0F156FD7CA808E5D2B0F8EC,Releasing JDBC Connection [com.mysql.jdbc.JDBC4Connection@eeb3ad] after transaction
05-08-2017 14:55:36.045,DEBUG,6F4F133EE0F156FD7CA808E5D2B0F8EC,Returning JDBC Connection to DataSource
05-08-2017 14:55:36.045,INFO ,6F4F133EE0F156FD7CA808E5D2B0F8EC,U0000000001,vn.bananavietnam.ict.banana.service.Bnn0089SearchTaskService,updateData,[vn.bananavietnam.ict.common.db.model.IvbMTask@1306dfa] METHOD END
05-08-2017 14:55:36.046,DEBUG,6F4F133EE0F156FD7CA808E5D2B0F8EC,Written [4000] as "text/plain;charset=ISO-8859-1" using [org.springframework.http.converter.StringHttpMessageConverter@1136134]
05-08-2017 14:55:36.046,DEBUG,6F4F133EE0F156FD7CA808E5D2B0F8EC,Null ModelAndView returned to DispatcherServlet with name 'appServlet': assuming HandlerAdapter completed request handling
05-08-2017 14:55:36.046,DEBUG,6F4F133EE0F156FD7CA808E5D2B0F8EC,Successfully completed request
05-08-2017 14:55:36.046,DEBUG,6F4F133EE0F156FD7CA808E5D2B0F8EC,Chain processed normally
05-08-2017 14:55:36.046,DEBUG,6F4F133EE0F156FD7CA808E5D2B0F8EC,SecurityContextHolder now cleared, as request processing completed
05-08-2017 14:55:36.049,DEBUG,6F4F133EE0F156FD7CA808E5D2B0F8EC,/0089/searchData at position 1 of 11 in additional filter chain; firing Filter: 'SecurityContextPersistenceFilter'
05-08-2017 14:55:36.049,DEBUG,6F4F133EE0F156FD7CA808E5D2B0F8EC,Obtained a valid SecurityContext from SPRING_SECURITY_CONTEXT: 'org.springframework.security.core.context.SecurityContextImpl@c4944c4b: Authentication: org.springframework.security.authentication.UsernamePasswordAuthenticationToken@c4944c4b: Principal: vn.bananavietnam.ict.common.auth.MyUser@c4907816: Username: U0000000001; Password: [PROTECTED]; Enabled: true; AccountNonExpired: true; credentialsNonExpired: true; AccountNonLocked: true; Granted Authorities: 1; Credentials: [PROTECTED]; Authenticated: true; Details: org.springframework.security.web.authentication.WebAuthenticationDetails@fffbcba8: RemoteIpAddress: 0:0:0:0:0:0:0:1; SessionId: C1B96A3FCD54D6F0BEC3A0FE28CB5E07; Granted Authorities: 1'
05-08-2017 14:55:36.049,DEBUG,6F4F133EE0F156FD7CA808E5D2B0F8EC,/0089/searchData at position 2 of 11 in additional filter chain; firing Filter: 'WebAsyncManagerIntegrationFilter'
05-08-2017 14:55:36.049,DEBUG,6F4F133EE0F156FD7CA808E5D2B0F8EC,/0089/searchData at position 3 of 11 in additional filter chain; firing Filter: 'LogoutFilter'
05-08-2017 14:55:36.050,DEBUG,6F4F133EE0F156FD7CA808E5D2B0F8EC,/0089/searchData at position 4 of 11 in additional filter chain; firing Filter: 'UsernamePasswordAuthenticationFilter'
05-08-2017 14:55:36.050,DEBUG,6F4F133EE0F156FD7CA808E5D2B0F8EC,/0089/searchData at position 5 of 11 in additional filter chain; firing Filter: 'BasicAuthenticationFilter'
05-08-2017 14:55:36.050,DEBUG,6F4F133EE0F156FD7CA808E5D2B0F8EC,/0089/searchData at position 6 of 11 in additional filter chain; firing Filter: 'RequestCacheAwareFilter'
05-08-2017 14:55:36.050,DEBUG,6F4F133EE0F156FD7CA808E5D2B0F8EC,/0089/searchData at position 7 of 11 in additional filter chain; firing Filter: 'SecurityContextHolderAwareRequestFilter'
05-08-2017 14:55:36.050,DEBUG,6F4F133EE0F156FD7CA808E5D2B0F8EC,/0089/searchData at position 8 of 11 in additional filter chain; firing Filter: 'AnonymousAuthenticationFilter'
05-08-2017 14:55:36.050,DEBUG,6F4F133EE0F156FD7CA808E5D2B0F8EC,SecurityContextHolder not populated with anonymous token, as it already contained: 'org.springframework.security.authentication.UsernamePasswordAuthenticationToken@c4944c4b: Principal: vn.bananavietnam.ict.common.auth.MyUser@c4907816: Username: U0000000001; Password: [PROTECTED]; Enabled: true; AccountNonExpired: true; credentialsNonExpired: true; AccountNonLocked: true; Granted Authorities: 1; Credentials: [PROTECTED]; Authenticated: true; Details: org.springframework.security.web.authentication.WebAuthenticationDetails@fffbcba8: RemoteIpAddress: 0:0:0:0:0:0:0:1; SessionId: C1B96A3FCD54D6F0BEC3A0FE28CB5E07; Granted Authorities: 1'
05-08-2017 14:55:36.050,DEBUG,6F4F133EE0F156FD7CA808E5D2B0F8EC,/0089/searchData at position 9 of 11 in additional filter chain; firing Filter: 'SessionManagementFilter'
05-08-2017 14:55:36.050,DEBUG,6F4F133EE0F156FD7CA808E5D2B0F8EC,/0089/searchData at position 10 of 11 in additional filter chain; firing Filter: 'ExceptionTranslationFilter'
05-08-2017 14:55:36.050,DEBUG,6F4F133EE0F156FD7CA808E5D2B0F8EC,/0089/searchData at position 11 of 11 in additional filter chain; firing Filter: 'FilterSecurityInterceptor'
05-08-2017 14:55:36.050,DEBUG,6F4F133EE0F156FD7CA808E5D2B0F8EC,Checking match of request : '/0089/searchdata'; against '/autherror*'
05-08-2017 14:55:36.050,DEBUG,6F4F133EE0F156FD7CA808E5D2B0F8EC,Checking match of request : '/0089/searchdata'; against '/login/**'
05-08-2017 14:55:36.050,DEBUG,6F4F133EE0F156FD7CA808E5D2B0F8EC,Checking match of request : '/0089/searchdata'; against '/0001/**'
05-08-2017 14:55:36.050,DEBUG,6F4F133EE0F156FD7CA808E5D2B0F8EC,Checking match of request : '/0089/searchdata'; against '/0002/**'
05-08-2017 14:55:36.050,DEBUG,6F4F133EE0F156FD7CA808E5D2B0F8EC,Checking match of request : '/0089/searchdata'; against '/0003/**'
05-08-2017 14:55:36.050,DEBUG,6F4F133EE0F156FD7CA808E5D2B0F8EC,Checking match of request : '/0089/searchdata'; against '/searchuserpopup/**'
05-08-2017 14:55:36.050,DEBUG,6F4F133EE0F156FD7CA808E5D2B0F8EC,Checking match of request : '/0089/searchdata'; against '/0005/**'
05-08-2017 14:55:36.050,DEBUG,6F4F133EE0F156FD7CA808E5D2B0F8EC,Checking match of request : '/0089/searchdata'; against '/0009/**'
05-08-2017 14:55:36.050,DEBUG,6F4F133EE0F156FD7CA808E5D2B0F8EC,Checking match of request : '/0089/searchdata'; against '/searchline/**'
05-08-2017 14:55:36.050,DEBUG,6F4F133EE0F156FD7CA808E5D2B0F8EC,Checking match of request : '/0089/searchdata'; against '/0013/**'
05-08-2017 14:55:36.050,DEBUG,6F4F133EE0F156FD7CA808E5D2B0F8EC,Checking match of request : '/0089/searchdata'; against '/0017/**'
05-08-2017 14:55:36.050,DEBUG,6F4F133EE0F156FD7CA808E5D2B0F8EC,Checking match of request : '/0089/searchdata'; against '/0031/**'
05-08-2017 14:55:36.050,DEBUG,6F4F133EE0F156FD7CA808E5D2B0F8EC,Checking match of request : '/0089/searchdata'; against '/0035/**'
05-08-2017 14:55:36.050,DEBUG,6F4F133EE0F156FD7CA808E5D2B0F8EC,Checking match of request : '/0089/searchdata'; against '/0037/**'
05-08-2017 14:55:36.050,DEBUG,6F4F133EE0F156FD7CA808E5D2B0F8EC,Checking match of request : '/0089/searchdata'; against '/0045/**'
05-08-2017 14:55:36.050,DEBUG,6F4F133EE0F156FD7CA808E5D2B0F8EC,Checking match of request : '/0089/searchdata'; against '/0047/**'
05-08-2017 14:55:36.050,DEBUG,6F4F133EE0F156FD7CA808E5D2B0F8EC,Checking match of request : '/0089/searchdata'; against '/0049/**'
05-08-2017 14:55:36.050,DEBUG,6F4F133EE0F156FD7CA808E5D2B0F8EC,Checking match of request : '/0089/searchdata'; against '/0061/**'
05-08-2017 14:55:36.050,DEBUG,6F4F133EE0F156FD7CA808E5D2B0F8EC,Checking match of request : '/0089/searchdata'; against '/0087/**'
05-08-2017 14:55:36.050,DEBUG,6F4F133EE0F156FD7CA808E5D2B0F8EC,Checking match of request : '/0089/searchdata'; against '/0075/**'
05-08-2017 14:55:36.050,DEBUG,6F4F133EE0F156FD7CA808E5D2B0F8EC,Checking match of request : '/0089/searchdata'; against '/0089/**'
05-08-2017 14:55:36.050,DEBUG,6F4F133EE0F156FD7CA808E5D2B0F8EC,Secure object: FilterInvocation: URL: /0089/searchData; Attributes: [ROLE_ADMIN, ROLE_USER, IS_AUTHENTICATED_FULLY]
05-08-2017 14:55:36.050,DEBUG,6F4F133EE0F156FD7CA808E5D2B0F8EC,Previously Authenticated: org.springframework.security.authentication.UsernamePasswordAuthenticationToken@c4944c4b: Principal: vn.bananavietnam.ict.common.auth.MyUser@c4907816: Username: U0000000001; Password: [PROTECTED]; Enabled: true; AccountNonExpired: true; credentialsNonExpired: true; AccountNonLocked: true; Granted Authorities: 1; Credentials: [PROTECTED]; Authenticated: true; Details: org.springframework.security.web.authentication.WebAuthenticationDetails@fffbcba8: RemoteIpAddress: 0:0:0:0:0:0:0:1; SessionId: C1B96A3FCD54D6F0BEC3A0FE28CB5E07; Granted Authorities: 1
05-08-2017 14:55:36.051,DEBUG,6F4F133EE0F156FD7CA808E5D2B0F8EC,Voter: org.springframework.security.access.vote.RoleVoter@1b68791, returned: -1
05-08-2017 14:55:36.051,DEBUG,6F4F133EE0F156FD7CA808E5D2B0F8EC,Voter: org.springframework.security.access.vote.AuthenticatedVoter@1fd620c, returned: 1
05-08-2017 14:55:36.051,DEBUG,6F4F133EE0F156FD7CA808E5D2B0F8EC,Authorization successful
05-08-2017 14:55:36.051,DEBUG,6F4F133EE0F156FD7CA808E5D2B0F8EC,RunAsManager did not change Authentication object
05-08-2017 14:55:36.051,DEBUG,6F4F133EE0F156FD7CA808E5D2B0F8EC,/0089/searchData reached end of additional filter chain; proceeding with original chain
05-08-2017 14:55:36.051,DEBUG,6F4F133EE0F156FD7CA808E5D2B0F8EC,Request [/ict/0089/searchData] is not a multipart request
05-08-2017 14:55:36.051,DEBUG,6F4F133EE0F156FD7CA808E5D2B0F8EC,DispatcherServlet with name 'appServlet' processing POST request for [/ict/0089/searchData]
05-08-2017 14:55:36.051,DEBUG,6F4F133EE0F156FD7CA808E5D2B0F8EC,Looking up handler method for path /0089/searchData
05-08-2017 14:55:36.051,DEBUG,6F4F133EE0F156FD7CA808E5D2B0F8EC,Returning handler method [public java.util.List<vn.bananavietnam.ict.banana.component.Bnn0089SearchTaskResult> vn.bananavietnam.ict.banana.controller.Bnn0089SearchTaskController.searchData(vn.bananavietnam.ict.banana.component.Bnn0089SearchTaskConditions)]
05-08-2017 14:55:36.051,DEBUG,6F4F133EE0F156FD7CA808E5D2B0F8EC,Returning cached instance of singleton bean 'bnn0089SearchTaskController'
05-08-2017 14:55:36.051,DEBUG,6F4F133EE0F156FD7CA808E5D2B0F8EC,Returning cached instance of singleton bean 'xml_path'
05-08-2017 14:55:36.052,DEBUG,6F4F133EE0F156FD7CA808E5D2B0F8EC,Skip CORS processing: request is from same origin
05-08-2017 14:55:36.052,DEBUG,6F4F133EE0F156FD7CA808E5D2B0F8EC,Read [class vn.bananavietnam.ict.banana.component.Bnn0089SearchTaskConditions] as "application/json" with [org.springframework.http.converter.json.MappingJackson2HttpMessageConverter@1fe278e]
05-08-2017 14:55:36.052,INFO ,6F4F133EE0F156FD7CA808E5D2B0F8EC,U0000000001,vn.bananavietnam.ict.banana.service.Bnn0089SearchTaskService,searchData,[vn.bananavietnam.ict.banana.component.Bnn0089SearchTaskConditions@fa1b01] METHOD START
05-08-2017 14:55:36.052,DEBUG,6F4F133EE0F156FD7CA808E5D2B0F8EC,Returning cached instance of singleton bean 'transactionManager'
05-08-2017 14:55:36.052,INFO ,6F4F133EE0F156FD7CA808E5D2B0F8EC,U0000000001,Task searching started
05-08-2017 14:55:36.052,DEBUG,6F4F133EE0F156FD7CA808E5D2B0F8EC,Creating a new SqlSession
05-08-2017 14:55:36.052,DEBUG,6F4F133EE0F156FD7CA808E5D2B0F8EC,Registering transaction synchronization for SqlSession [org.apache.ibatis.session.defaults.DefaultSqlSession@57a05c]
05-08-2017 14:55:36.053,DEBUG,6F4F133EE0F156FD7CA808E5D2B0F8EC,Fetching JDBC Connection from DataSource
05-08-2017 14:55:36.053,DEBUG,6F4F133EE0F156FD7CA808E5D2B0F8EC,Creating new JDBC DriverManager Connection to [jdbc:mysql://172.16.0.175:3306/BANANA_DB_HUNG_SELENIUM?useUnicode=yes&characterEncoding=UTF-8&autoReconnect=true]
05-08-2017 14:55:36.076,DEBUG,6F4F133EE0F156FD7CA808E5D2B0F8EC,Registering transaction synchronization for JDBC Connection
05-08-2017 14:55:36.077,DEBUG,6F4F133EE0F156FD7CA808E5D2B0F8EC,JDBC Connection [com.mysql.jdbc.JDBC4Connection@1547650] will be managed by Spring
05-08-2017 14:55:36.077,DEBUG,6F4F133EE0F156FD7CA808E5D2B0F8EC,==>  Preparing: SELECT T.TASK_ID taskId, T.TASK_NAME taskName, T.WORKING_DETAILS workingDetails, T.NOTE note, T.QUARANTINE_HANDLING_FLAG quarantineHandlingFlag, T.DELETE_FLAG deleteFlag, T.CHANGE_POINT_CODE changePointCode FROM IVB_M_TASK T WHERE 1 = 1 AND T.DELETE_FLAG = '0' ORDER BY T.TASK_NAME LIMIT ?,? 
05-08-2017 14:55:36.077,DEBUG,6F4F133EE0F156FD7CA808E5D2B0F8EC,==> Parameters: 0(Integer), 20(Integer)
05-08-2017 14:55:36.081,DEBUG,6F4F133EE0F156FD7CA808E5D2B0F8EC,<==      Total: 20
05-08-2017 14:55:36.081,DEBUG,6F4F133EE0F156FD7CA808E5D2B0F8EC,Releasing transactional SqlSession [org.apache.ibatis.session.defaults.DefaultSqlSession@57a05c]
05-08-2017 14:55:36.081,INFO ,6F4F133EE0F156FD7CA808E5D2B0F8EC,U0000000001,SQL execution finished
05-08-2017 14:55:36.081,DEBUG,6F4F133EE0F156FD7CA808E5D2B0F8EC,Fetched SqlSession [org.apache.ibatis.session.defaults.DefaultSqlSession@57a05c] from current transaction
05-08-2017 14:55:36.081,DEBUG,6F4F133EE0F156FD7CA808E5D2B0F8EC,==>  Preparing: SELECT COUNT(*) FROM IVB_M_TASK T WHERE 1 = 1 AND T.DELETE_FLAG = '0' ORDER BY T.TASK_ID 
05-08-2017 14:55:36.081,DEBUG,6F4F133EE0F156FD7CA808E5D2B0F8EC,==> Parameters: 
05-08-2017 14:55:36.083,DEBUG,6F4F133EE0F156FD7CA808E5D2B0F8EC,<==      Total: 1
05-08-2017 14:55:36.083,DEBUG,6F4F133EE0F156FD7CA808E5D2B0F8EC,Releasing transactional SqlSession [org.apache.ibatis.session.defaults.DefaultSqlSession@57a05c]
05-08-2017 14:55:36.083,INFO ,6F4F133EE0F156FD7CA808E5D2B0F8EC,U0000000001,Task searching finished ==> 44 item(s)
05-08-2017 14:55:36.083,DEBUG,6F4F133EE0F156FD7CA808E5D2B0F8EC,Transaction synchronization deregistering SqlSession [org.apache.ibatis.session.defaults.DefaultSqlSession@57a05c]
05-08-2017 14:55:36.083,DEBUG,6F4F133EE0F156FD7CA808E5D2B0F8EC,Transaction synchronization closing SqlSession [org.apache.ibatis.session.defaults.DefaultSqlSession@57a05c]
05-08-2017 14:55:36.083,DEBUG,6F4F133EE0F156FD7CA808E5D2B0F8EC,Returning JDBC Connection to DataSource
05-08-2017 14:55:36.083,INFO ,6F4F133EE0F156FD7CA808E5D2B0F8EC,U0000000001,vn.bananavietnam.ict.banana.service.Bnn0089SearchTaskService,searchData,[vn.bananavietnam.ict.banana.component.Bnn0089SearchTaskConditions@fa1b01] METHOD END
05-08-2017 14:55:36.085,DEBUG,6F4F133EE0F156FD7CA808E5D2B0F8EC,Written [[vn.bananavietnam.ict.banana.component.Bnn0089SearchTaskResult@1d6198a, vn.bananavietnam.ict.banana.component.Bnn0089SearchTaskResult@13a1a89, vn.bananavietnam.ict.banana.component.Bnn0089SearchTaskResult@de9c5a, vn.bananavietnam.ict.banana.component.Bnn0089SearchTaskResult@153a36e, vn.bananavietnam.ict.banana.component.Bnn0089SearchTaskResult@4f647, vn.bananavietnam.ict.banana.component.Bnn0089SearchTaskResult@1bd45dc, vn.bananavietnam.ict.banana.component.Bnn0089SearchTaskResult@149307d, vn.bananavietnam.ict.banana.component.Bnn0089SearchTaskResult@1abb769, vn.bananavietnam.ict.banana.component.Bnn0089SearchTaskResult@40c615, vn.bananavietnam.ict.banana.component.Bnn0089SearchTaskResult@114f224, vn.bananavietnam.ict.banana.component.Bnn0089SearchTaskResult@172fa23, vn.bananavietnam.ict.banana.component.Bnn0089SearchTaskResult@1701a9b, vn.bananavietnam.ict.banana.component.Bnn0089SearchTaskResult@114098e, vn.bananavietnam.ict.banana.component.Bnn0089SearchTaskResult@1e3519a, vn.bananavietnam.ict.banana.component.Bnn0089SearchTaskResult@1ae11e7, vn.bananavietnam.ict.banana.component.Bnn0089SearchTaskResult@e16bcb, vn.bananavietnam.ict.banana.component.Bnn0089SearchTaskResult@1664b20, vn.bananavietnam.ict.banana.component.Bnn0089SearchTaskResult@1ebfd7, vn.bananavietnam.ict.banana.component.Bnn0089SearchTaskResult@1acaf1a, vn.bananavietnam.ict.banana.component.Bnn0089SearchTaskResult@102997]] as "application/json;charset=UTF-8" using [org.springframework.http.converter.json.MappingJackson2HttpMessageConverter@1fe278e]
05-08-2017 14:55:36.085,DEBUG,6F4F133EE0F156FD7CA808E5D2B0F8EC,Null ModelAndView returned to DispatcherServlet with name 'appServlet': assuming HandlerAdapter completed request handling
05-08-2017 14:55:36.085,DEBUG,6F4F133EE0F156FD7CA808E5D2B0F8EC,Successfully completed request
05-08-2017 14:55:36.085,DEBUG,6F4F133EE0F156FD7CA808E5D2B0F8EC,Chain processed normally
05-08-2017 14:55:36.085,DEBUG,6F4F133EE0F156FD7CA808E5D2B0F8EC,SecurityContextHolder now cleared, as request processing completed
