05-08-2017 14:55:18.988,DEBUG,6F4F133EE0F156FD7CA808E5D2B0F8EC,/0089/insertData at position 1 of 11 in additional filter chain; firing Filter: 'SecurityContextPersistenceFilter'
05-08-2017 14:55:18.988,DEBUG,6F4F133EE0F156FD7CA808E5D2B0F8EC,Obtained a valid SecurityContext from SPRING_SECURITY_CONTEXT: 'org.springframework.security.core.context.SecurityContextImpl@c4944c4b: Authentication: org.springframework.security.authentication.UsernamePasswordAuthenticationToken@c4944c4b: Principal: vn.bananavietnam.ict.common.auth.MyUser@c4907816: Username: U0000000001; Password: [PROTECTED]; Enabled: true; AccountNonExpired: true; credentialsNonExpired: true; AccountNonLocked: true; Granted Authorities: 1; Credentials: [PROTECTED]; Authenticated: true; Details: org.springframework.security.web.authentication.WebAuthenticationDetails@fffbcba8: RemoteIpAddress: 0:0:0:0:0:0:0:1; SessionId: C1B96A3FCD54D6F0BEC3A0FE28CB5E07; Granted Authorities: 1'
05-08-2017 14:55:18.988,DEBUG,6F4F133EE0F156FD7CA808E5D2B0F8EC,/0089/insertData at position 2 of 11 in additional filter chain; firing Filter: 'WebAsyncManagerIntegrationFilter'
05-08-2017 14:55:18.989,DEBUG,6F4F133EE0F156FD7CA808E5D2B0F8EC,/0089/insertData at position 3 of 11 in additional filter chain; firing Filter: 'LogoutFilter'
05-08-2017 14:55:18.989,DEBUG,6F4F133EE0F156FD7CA808E5D2B0F8EC,/0089/insertData at position 4 of 11 in additional filter chain; firing Filter: 'UsernamePasswordAuthenticationFilter'
05-08-2017 14:55:18.989,DEBUG,6F4F133EE0F156FD7CA808E5D2B0F8EC,/0089/insertData at position 5 of 11 in additional filter chain; firing Filter: 'BasicAuthenticationFilter'
05-08-2017 14:55:18.989,DEBUG,6F4F133EE0F156FD7CA808E5D2B0F8EC,/0089/insertData at position 6 of 11 in additional filter chain; firing Filter: 'RequestCacheAwareFilter'
05-08-2017 14:55:18.989,DEBUG,6F4F133EE0F156FD7CA808E5D2B0F8EC,/0089/insertData at position 7 of 11 in additional filter chain; firing Filter: 'SecurityContextHolderAwareRequestFilter'
05-08-2017 14:55:18.989,DEBUG,6F4F133EE0F156FD7CA808E5D2B0F8EC,/0089/insertData at position 8 of 11 in additional filter chain; firing Filter: 'AnonymousAuthenticationFilter'
05-08-2017 14:55:18.989,DEBUG,6F4F133EE0F156FD7CA808E5D2B0F8EC,SecurityContextHolder not populated with anonymous token, as it already contained: 'org.springframework.security.authentication.UsernamePasswordAuthenticationToken@c4944c4b: Principal: vn.bananavietnam.ict.common.auth.MyUser@c4907816: Username: U0000000001; Password: [PROTECTED]; Enabled: true; AccountNonExpired: true; credentialsNonExpired: true; AccountNonLocked: true; Granted Authorities: 1; Credentials: [PROTECTED]; Authenticated: true; Details: org.springframework.security.web.authentication.WebAuthenticationDetails@fffbcba8: RemoteIpAddress: 0:0:0:0:0:0:0:1; SessionId: C1B96A3FCD54D6F0BEC3A0FE28CB5E07; Granted Authorities: 1'
05-08-2017 14:55:18.989,DEBUG,6F4F133EE0F156FD7CA808E5D2B0F8EC,/0089/insertData at position 9 of 11 in additional filter chain; firing Filter: 'SessionManagementFilter'
05-08-2017 14:55:18.989,DEBUG,6F4F133EE0F156FD7CA808E5D2B0F8EC,/0089/insertData at position 10 of 11 in additional filter chain; firing Filter: 'ExceptionTranslationFilter'
05-08-2017 14:55:18.989,DEBUG,6F4F133EE0F156FD7CA808E5D2B0F8EC,/0089/insertData at position 11 of 11 in additional filter chain; firing Filter: 'FilterSecurityInterceptor'
05-08-2017 14:55:18.989,DEBUG,6F4F133EE0F156FD7CA808E5D2B0F8EC,Checking match of request : '/0089/insertdata'; against '/autherror*'
05-08-2017 14:55:18.990,DEBUG,6F4F133EE0F156FD7CA808E5D2B0F8EC,Checking match of request : '/0089/insertdata'; against '/login/**'
05-08-2017 14:55:18.990,DEBUG,6F4F133EE0F156FD7CA808E5D2B0F8EC,Checking match of request : '/0089/insertdata'; against '/0001/**'
05-08-2017 14:55:18.990,DEBUG,6F4F133EE0F156FD7CA808E5D2B0F8EC,Checking match of request : '/0089/insertdata'; against '/0002/**'
05-08-2017 14:55:18.990,DEBUG,6F4F133EE0F156FD7CA808E5D2B0F8EC,Checking match of request : '/0089/insertdata'; against '/0003/**'
05-08-2017 14:55:18.990,DEBUG,6F4F133EE0F156FD7CA808E5D2B0F8EC,Checking match of request : '/0089/insertdata'; against '/searchuserpopup/**'
05-08-2017 14:55:18.990,DEBUG,6F4F133EE0F156FD7CA808E5D2B0F8EC,Checking match of request : '/0089/insertdata'; against '/0005/**'
05-08-2017 14:55:18.990,DEBUG,6F4F133EE0F156FD7CA808E5D2B0F8EC,Checking match of request : '/0089/insertdata'; against '/0009/**'
05-08-2017 14:55:18.990,DEBUG,6F4F133EE0F156FD7CA808E5D2B0F8EC,Checking match of request : '/0089/insertdata'; against '/searchline/**'
05-08-2017 14:55:18.990,DEBUG,6F4F133EE0F156FD7CA808E5D2B0F8EC,Checking match of request : '/0089/insertdata'; against '/0013/**'
05-08-2017 14:55:18.990,DEBUG,6F4F133EE0F156FD7CA808E5D2B0F8EC,Checking match of request : '/0089/insertdata'; against '/0017/**'
05-08-2017 14:55:18.990,DEBUG,6F4F133EE0F156FD7CA808E5D2B0F8EC,Checking match of request : '/0089/insertdata'; against '/0031/**'
05-08-2017 14:55:18.990,DEBUG,6F4F133EE0F156FD7CA808E5D2B0F8EC,Checking match of request : '/0089/insertdata'; against '/0035/**'
05-08-2017 14:55:18.990,DEBUG,6F4F133EE0F156FD7CA808E5D2B0F8EC,Checking match of request : '/0089/insertdata'; against '/0037/**'
05-08-2017 14:55:18.990,DEBUG,6F4F133EE0F156FD7CA808E5D2B0F8EC,Checking match of request : '/0089/insertdata'; against '/0045/**'
05-08-2017 14:55:18.990,DEBUG,6F4F133EE0F156FD7CA808E5D2B0F8EC,Checking match of request : '/0089/insertdata'; against '/0047/**'
05-08-2017 14:55:18.990,DEBUG,6F4F133EE0F156FD7CA808E5D2B0F8EC,Checking match of request : '/0089/insertdata'; against '/0049/**'
05-08-2017 14:55:18.990,DEBUG,6F4F133EE0F156FD7CA808E5D2B0F8EC,Checking match of request : '/0089/insertdata'; against '/0061/**'
05-08-2017 14:55:18.990,DEBUG,6F4F133EE0F156FD7CA808E5D2B0F8EC,Checking match of request : '/0089/insertdata'; against '/0087/**'
05-08-2017 14:55:18.990,DEBUG,6F4F133EE0F156FD7CA808E5D2B0F8EC,Checking match of request : '/0089/insertdata'; against '/0075/**'
05-08-2017 14:55:18.990,DEBUG,6F4F133EE0F156FD7CA808E5D2B0F8EC,Checking match of request : '/0089/insertdata'; against '/0089/**'
05-08-2017 14:55:18.990,DEBUG,6F4F133EE0F156FD7CA808E5D2B0F8EC,Secure object: FilterInvocation: URL: /0089/insertData; Attributes: [ROLE_ADMIN, ROLE_USER, IS_AUTHENTICATED_FULLY]
05-08-2017 14:55:18.990,DEBUG,6F4F133EE0F156FD7CA808E5D2B0F8EC,Previously Authenticated: org.springframework.security.authentication.UsernamePasswordAuthenticationToken@c4944c4b: Principal: vn.bananavietnam.ict.common.auth.MyUser@c4907816: Username: U0000000001; Password: [PROTECTED]; Enabled: true; AccountNonExpired: true; credentialsNonExpired: true; AccountNonLocked: true; Granted Authorities: 1; Credentials: [PROTECTED]; Authenticated: true; Details: org.springframework.security.web.authentication.WebAuthenticationDetails@fffbcba8: RemoteIpAddress: 0:0:0:0:0:0:0:1; SessionId: C1B96A3FCD54D6F0BEC3A0FE28CB5E07; Granted Authorities: 1
05-08-2017 14:55:18.990,DEBUG,6F4F133EE0F156FD7CA808E5D2B0F8EC,Voter: org.springframework.security.access.vote.RoleVoter@1b68791, returned: -1
05-08-2017 14:55:18.990,DEBUG,6F4F133EE0F156FD7CA808E5D2B0F8EC,Voter: org.springframework.security.access.vote.AuthenticatedVoter@1fd620c, returned: 1
05-08-2017 14:55:18.990,DEBUG,6F4F133EE0F156FD7CA808E5D2B0F8EC,Authorization successful
05-08-2017 14:55:18.990,DEBUG,6F4F133EE0F156FD7CA808E5D2B0F8EC,RunAsManager did not change Authentication object
05-08-2017 14:55:18.990,DEBUG,6F4F133EE0F156FD7CA808E5D2B0F8EC,/0089/insertData reached end of additional filter chain; proceeding with original chain
05-08-2017 14:55:18.990,DEBUG,6F4F133EE0F156FD7CA808E5D2B0F8EC,Request [/ict/0089/insertData] is not a multipart request
05-08-2017 14:55:18.991,DEBUG,6F4F133EE0F156FD7CA808E5D2B0F8EC,DispatcherServlet with name 'appServlet' processing POST request for [/ict/0089/insertData]
05-08-2017 14:55:18.991,DEBUG,6F4F133EE0F156FD7CA808E5D2B0F8EC,Looking up handler method for path /0089/insertData
05-08-2017 14:55:18.991,DEBUG,6F4F133EE0F156FD7CA808E5D2B0F8EC,Returning handler method [public java.lang.String vn.bananavietnam.ict.banana.controller.Bnn0089SearchTaskController.insertData(vn.bananavietnam.ict.common.db.model.IvbMTask)]
05-08-2017 14:55:18.991,DEBUG,6F4F133EE0F156FD7CA808E5D2B0F8EC,Returning cached instance of singleton bean 'bnn0089SearchTaskController'
05-08-2017 14:55:18.991,DEBUG,6F4F133EE0F156FD7CA808E5D2B0F8EC,Returning cached instance of singleton bean 'xml_path'
05-08-2017 14:55:18.992,DEBUG,6F4F133EE0F156FD7CA808E5D2B0F8EC,Skip CORS processing: request is from same origin
05-08-2017 14:55:18.992,DEBUG,6F4F133EE0F156FD7CA808E5D2B0F8EC,Read [class vn.bananavietnam.ict.common.db.model.IvbMTask] as "application/json" with [org.springframework.http.converter.json.MappingJackson2HttpMessageConverter@1fe278e]
05-08-2017 14:55:18.993,INFO ,6F4F133EE0F156FD7CA808E5D2B0F8EC,U0000000001,vn.bananavietnam.ict.banana.service.Bnn0089SearchTaskService,insertData,[vn.bananavietnam.ict.common.db.model.IvbMTask@1a1582a] METHOD START
05-08-2017 14:55:18.993,DEBUG,6F4F133EE0F156FD7CA808E5D2B0F8EC,Returning cached instance of singleton bean 'transactionManager'
05-08-2017 14:55:18.993,DEBUG,6F4F133EE0F156FD7CA808E5D2B0F8EC,Creating new transaction with name [null]: PROPAGATION_REQUIRED,ISOLATION_DEFAULT
05-08-2017 14:55:18.993,DEBUG,6F4F133EE0F156FD7CA808E5D2B0F8EC,Creating new JDBC DriverManager Connection to [jdbc:mysql://172.16.0.175:3306/BANANA_DB_HUNG_SELENIUM?useUnicode=yes&characterEncoding=UTF-8&autoReconnect=true]
05-08-2017 14:55:19.011,DEBUG,6F4F133EE0F156FD7CA808E5D2B0F8EC,Acquired Connection [com.mysql.jdbc.JDBC4Connection@fae82d] for JDBC transaction
05-08-2017 14:55:19.011,DEBUG,6F4F133EE0F156FD7CA808E5D2B0F8EC,Switching JDBC Connection [com.mysql.jdbc.JDBC4Connection@fae82d] to manual commit
05-08-2017 14:55:19.013,DEBUG,6F4F133EE0F156FD7CA808E5D2B0F8EC,Creating a new SqlSession
05-08-2017 14:55:19.013,DEBUG,6F4F133EE0F156FD7CA808E5D2B0F8EC,Registering transaction synchronization for SqlSession [org.apache.ibatis.session.defaults.DefaultSqlSession@1a0d0ec]
05-08-2017 14:55:19.013,DEBUG,6F4F133EE0F156FD7CA808E5D2B0F8EC,JDBC Connection [com.mysql.jdbc.JDBC4Connection@fae82d] will be managed by Spring
05-08-2017 14:55:19.013,DEBUG,6F4F133EE0F156FD7CA808E5D2B0F8EC,==>  Preparing: SELECT TASK_ID taskId FROM IVB_M_TASK ORDER BY TASK_ID DESC LIMIT 1 
05-08-2017 14:55:19.013,DEBUG,6F4F133EE0F156FD7CA808E5D2B0F8EC,==> Parameters: 
05-08-2017 14:55:19.015,DEBUG,6F4F133EE0F156FD7CA808E5D2B0F8EC,<==      Total: 1
05-08-2017 14:55:19.015,DEBUG,6F4F133EE0F156FD7CA808E5D2B0F8EC,Releasing transactional SqlSession [org.apache.ibatis.session.defaults.DefaultSqlSession@1a0d0ec]
05-08-2017 14:55:19.015,DEBUG,6F4F133EE0F156FD7CA808E5D2B0F8EC,Fetched SqlSession [org.apache.ibatis.session.defaults.DefaultSqlSession@1a0d0ec] from current transaction
05-08-2017 14:55:19.015,DEBUG,6F4F133EE0F156FD7CA808E5D2B0F8EC,==>  Preparing: insert into IVB_M_TASK (TASK_ID, TASK_NAME, WORKING_DETAILS, NOTE, QUARANTINE_HANDLING_FLAG, CHANGE_POINT_CODE, CREATE_USER_ID, CREATE_DATE, UPDATE_USER_ID, LAST_UPDATE_DATE, DELETE_FLAG) values (?, ?, ?, ?, ?, ?, ?, NOW(), ?, NOW(), ?) 
05-08-2017 14:55:19.016,DEBUG,6F4F133EE0F156FD7CA808E5D2B0F8EC,==> Parameters: T059(String), ABC Task(String), ABC Task(String), (String), true(Boolean), 0(String), U0000000001(String), U0000000001(String), false(Boolean)
05-08-2017 14:55:19.018,DEBUG,6F4F133EE0F156FD7CA808E5D2B0F8EC,<==    Updates: 1
05-08-2017 14:55:19.019,DEBUG,6F4F133EE0F156FD7CA808E5D2B0F8EC,Releasing transactional SqlSession [org.apache.ibatis.session.defaults.DefaultSqlSession@1a0d0ec]
05-08-2017 14:55:19.019,DEBUG,6F4F133EE0F156FD7CA808E5D2B0F8EC,Transaction synchronization committing SqlSession [org.apache.ibatis.session.defaults.DefaultSqlSession@1a0d0ec]
05-08-2017 14:55:19.019,DEBUG,6F4F133EE0F156FD7CA808E5D2B0F8EC,Transaction synchronization deregistering SqlSession [org.apache.ibatis.session.defaults.DefaultSqlSession@1a0d0ec]
05-08-2017 14:55:19.019,DEBUG,6F4F133EE0F156FD7CA808E5D2B0F8EC,Transaction synchronization closing SqlSession [org.apache.ibatis.session.defaults.DefaultSqlSession@1a0d0ec]
05-08-2017 14:55:19.019,DEBUG,6F4F133EE0F156FD7CA808E5D2B0F8EC,Initiating transaction commit
05-08-2017 14:55:19.019,DEBUG,6F4F133EE0F156FD7CA808E5D2B0F8EC,Committing JDBC transaction on Connection [com.mysql.jdbc.JDBC4Connection@fae82d]
05-08-2017 14:55:19.026,DEBUG,6F4F133EE0F156FD7CA808E5D2B0F8EC,Releasing JDBC Connection [com.mysql.jdbc.JDBC4Connection@fae82d] after transaction
05-08-2017 14:55:19.026,DEBUG,6F4F133EE0F156FD7CA808E5D2B0F8EC,Returning JDBC Connection to DataSource
05-08-2017 14:55:19.026,INFO ,6F4F133EE0F156FD7CA808E5D2B0F8EC,U0000000001,vn.bananavietnam.ict.banana.service.Bnn0089SearchTaskService,insertData,[vn.bananavietnam.ict.common.db.model.IvbMTask@1a1582a] METHOD END
05-08-2017 14:55:19.029,DEBUG,6F4F133EE0F156FD7CA808E5D2B0F8EC,Written [5000] as "text/plain;charset=ISO-8859-1" using [org.springframework.http.converter.StringHttpMessageConverter@1136134]
05-08-2017 14:55:19.029,DEBUG,6F4F133EE0F156FD7CA808E5D2B0F8EC,Null ModelAndView returned to DispatcherServlet with name 'appServlet': assuming HandlerAdapter completed request handling
05-08-2017 14:55:19.029,DEBUG,6F4F133EE0F156FD7CA808E5D2B0F8EC,Successfully completed request
05-08-2017 14:55:19.029,DEBUG,6F4F133EE0F156FD7CA808E5D2B0F8EC,Chain processed normally
05-08-2017 14:55:19.029,DEBUG,6F4F133EE0F156FD7CA808E5D2B0F8EC,SecurityContextHolder now cleared, as request processing completed
05-08-2017 14:55:19.033,DEBUG,6F4F133EE0F156FD7CA808E5D2B0F8EC,/0089/searchData at position 1 of 11 in additional filter chain; firing Filter: 'SecurityContextPersistenceFilter'
05-08-2017 14:55:19.033,DEBUG,6F4F133EE0F156FD7CA808E5D2B0F8EC,Obtained a valid SecurityContext from SPRING_SECURITY_CONTEXT: 'org.springframework.security.core.context.SecurityContextImpl@c4944c4b: Authentication: org.springframework.security.authentication.UsernamePasswordAuthenticationToken@c4944c4b: Principal: vn.bananavietnam.ict.common.auth.MyUser@c4907816: Username: U0000000001; Password: [PROTECTED]; Enabled: true; AccountNonExpired: true; credentialsNonExpired: true; AccountNonLocked: true; Granted Authorities: 1; Credentials: [PROTECTED]; Authenticated: true; Details: org.springframework.security.web.authentication.WebAuthenticationDetails@fffbcba8: RemoteIpAddress: 0:0:0:0:0:0:0:1; SessionId: C1B96A3FCD54D6F0BEC3A0FE28CB5E07; Granted Authorities: 1'
05-08-2017 14:55:19.033,DEBUG,6F4F133EE0F156FD7CA808E5D2B0F8EC,/0089/searchData at position 2 of 11 in additional filter chain; firing Filter: 'WebAsyncManagerIntegrationFilter'
05-08-2017 14:55:19.034,DEBUG,6F4F133EE0F156FD7CA808E5D2B0F8EC,/0089/searchData at position 3 of 11 in additional filter chain; firing Filter: 'LogoutFilter'
05-08-2017 14:55:19.034,DEBUG,6F4F133EE0F156FD7CA808E5D2B0F8EC,/0089/searchData at position 4 of 11 in additional filter chain; firing Filter: 'UsernamePasswordAuthenticationFilter'
05-08-2017 14:55:19.034,DEBUG,6F4F133EE0F156FD7CA808E5D2B0F8EC,/0089/searchData at position 5 of 11 in additional filter chain; firing Filter: 'BasicAuthenticationFilter'
05-08-2017 14:55:19.034,DEBUG,6F4F133EE0F156FD7CA808E5D2B0F8EC,/0089/searchData at position 6 of 11 in additional filter chain; firing Filter: 'RequestCacheAwareFilter'
05-08-2017 14:55:19.034,DEBUG,6F4F133EE0F156FD7CA808E5D2B0F8EC,/0089/searchData at position 7 of 11 in additional filter chain; firing Filter: 'SecurityContextHolderAwareRequestFilter'
05-08-2017 14:55:19.034,DEBUG,6F4F133EE0F156FD7CA808E5D2B0F8EC,/0089/searchData at position 8 of 11 in additional filter chain; firing Filter: 'AnonymousAuthenticationFilter'
05-08-2017 14:55:19.034,DEBUG,6F4F133EE0F156FD7CA808E5D2B0F8EC,SecurityContextHolder not populated with anonymous token, as it already contained: 'org.springframework.security.authentication.UsernamePasswordAuthenticationToken@c4944c4b: Principal: vn.bananavietnam.ict.common.auth.MyUser@c4907816: Username: U0000000001; Password: [PROTECTED]; Enabled: true; AccountNonExpired: true; credentialsNonExpired: true; AccountNonLocked: true; Granted Authorities: 1; Credentials: [PROTECTED]; Authenticated: true; Details: org.springframework.security.web.authentication.WebAuthenticationDetails@fffbcba8: RemoteIpAddress: 0:0:0:0:0:0:0:1; SessionId: C1B96A3FCD54D6F0BEC3A0FE28CB5E07; Granted Authorities: 1'
05-08-2017 14:55:19.034,DEBUG,6F4F133EE0F156FD7CA808E5D2B0F8EC,/0089/searchData at position 9 of 11 in additional filter chain; firing Filter: 'SessionManagementFilter'
05-08-2017 14:55:19.034,DEBUG,6F4F133EE0F156FD7CA808E5D2B0F8EC,/0089/searchData at position 10 of 11 in additional filter chain; firing Filter: 'ExceptionTranslationFilter'
05-08-2017 14:55:19.034,DEBUG,6F4F133EE0F156FD7CA808E5D2B0F8EC,/0089/searchData at position 11 of 11 in additional filter chain; firing Filter: 'FilterSecurityInterceptor'
05-08-2017 14:55:19.034,DEBUG,6F4F133EE0F156FD7CA808E5D2B0F8EC,Checking match of request : '/0089/searchdata'; against '/autherror*'
05-08-2017 14:55:19.034,DEBUG,6F4F133EE0F156FD7CA808E5D2B0F8EC,Checking match of request : '/0089/searchdata'; against '/login/**'
05-08-2017 14:55:19.034,DEBUG,6F4F133EE0F156FD7CA808E5D2B0F8EC,Checking match of request : '/0089/searchdata'; against '/0001/**'
05-08-2017 14:55:19.034,DEBUG,6F4F133EE0F156FD7CA808E5D2B0F8EC,Checking match of request : '/0089/searchdata'; against '/0002/**'
05-08-2017 14:55:19.034,DEBUG,6F4F133EE0F156FD7CA808E5D2B0F8EC,Checking match of request : '/0089/searchdata'; against '/0003/**'
05-08-2017 14:55:19.034,DEBUG,6F4F133EE0F156FD7CA808E5D2B0F8EC,Checking match of request : '/0089/searchdata'; against '/searchuserpopup/**'
05-08-2017 14:55:19.034,DEBUG,6F4F133EE0F156FD7CA808E5D2B0F8EC,Checking match of request : '/0089/searchdata'; against '/0005/**'
05-08-2017 14:55:19.034,DEBUG,6F4F133EE0F156FD7CA808E5D2B0F8EC,Checking match of request : '/0089/searchdata'; against '/0009/**'
05-08-2017 14:55:19.034,DEBUG,6F4F133EE0F156FD7CA808E5D2B0F8EC,Checking match of request : '/0089/searchdata'; against '/searchline/**'
05-08-2017 14:55:19.034,DEBUG,6F4F133EE0F156FD7CA808E5D2B0F8EC,Checking match of request : '/0089/searchdata'; against '/0013/**'
05-08-2017 14:55:19.034,DEBUG,6F4F133EE0F156FD7CA808E5D2B0F8EC,Checking match of request : '/0089/searchdata'; against '/0017/**'
05-08-2017 14:55:19.034,DEBUG,6F4F133EE0F156FD7CA808E5D2B0F8EC,Checking match of request : '/0089/searchdata'; against '/0031/**'
05-08-2017 14:55:19.035,DEBUG,6F4F133EE0F156FD7CA808E5D2B0F8EC,Checking match of request : '/0089/searchdata'; against '/0035/**'
05-08-2017 14:55:19.035,DEBUG,6F4F133EE0F156FD7CA808E5D2B0F8EC,Checking match of request : '/0089/searchdata'; against '/0037/**'
05-08-2017 14:55:19.035,DEBUG,6F4F133EE0F156FD7CA808E5D2B0F8EC,Checking match of request : '/0089/searchdata'; against '/0045/**'
05-08-2017 14:55:19.035,DEBUG,6F4F133EE0F156FD7CA808E5D2B0F8EC,Checking match of request : '/0089/searchdata'; against '/0047/**'
05-08-2017 14:55:19.035,DEBUG,6F4F133EE0F156FD7CA808E5D2B0F8EC,Checking match of request : '/0089/searchdata'; against '/0049/**'
05-08-2017 14:55:19.035,DEBUG,6F4F133EE0F156FD7CA808E5D2B0F8EC,Checking match of request : '/0089/searchdata'; against '/0061/**'
05-08-2017 14:55:19.035,DEBUG,6F4F133EE0F156FD7CA808E5D2B0F8EC,Checking match of request : '/0089/searchdata'; against '/0087/**'
05-08-2017 14:55:19.035,DEBUG,6F4F133EE0F156FD7CA808E5D2B0F8EC,Checking match of request : '/0089/searchdata'; against '/0075/**'
05-08-2017 14:55:19.035,DEBUG,6F4F133EE0F156FD7CA808E5D2B0F8EC,Checking match of request : '/0089/searchdata'; against '/0089/**'
05-08-2017 14:55:19.035,DEBUG,6F4F133EE0F156FD7CA808E5D2B0F8EC,Secure object: FilterInvocation: URL: /0089/searchData; Attributes: [ROLE_ADMIN, ROLE_USER, IS_AUTHENTICATED_FULLY]
05-08-2017 14:55:19.035,DEBUG,6F4F133EE0F156FD7CA808E5D2B0F8EC,Previously Authenticated: org.springframework.security.authentication.UsernamePasswordAuthenticationToken@c4944c4b: Principal: vn.bananavietnam.ict.common.auth.MyUser@c4907816: Username: U0000000001; Password: [PROTECTED]; Enabled: true; AccountNonExpired: true; credentialsNonExpired: true; AccountNonLocked: true; Granted Authorities: 1; Credentials: [PROTECTED]; Authenticated: true; Details: org.springframework.security.web.authentication.WebAuthenticationDetails@fffbcba8: RemoteIpAddress: 0:0:0:0:0:0:0:1; SessionId: C1B96A3FCD54D6F0BEC3A0FE28CB5E07; Granted Authorities: 1
05-08-2017 14:55:19.035,DEBUG,6F4F133EE0F156FD7CA808E5D2B0F8EC,Voter: org.springframework.security.access.vote.RoleVoter@1b68791, returned: -1
05-08-2017 14:55:19.035,DEBUG,6F4F133EE0F156FD7CA808E5D2B0F8EC,Voter: org.springframework.security.access.vote.AuthenticatedVoter@1fd620c, returned: 1
05-08-2017 14:55:19.035,DEBUG,6F4F133EE0F156FD7CA808E5D2B0F8EC,Authorization successful
05-08-2017 14:55:19.035,DEBUG,6F4F133EE0F156FD7CA808E5D2B0F8EC,RunAsManager did not change Authentication object
05-08-2017 14:55:19.035,DEBUG,6F4F133EE0F156FD7CA808E5D2B0F8EC,/0089/searchData reached end of additional filter chain; proceeding with original chain
05-08-2017 14:55:19.035,DEBUG,6F4F133EE0F156FD7CA808E5D2B0F8EC,Request [/ict/0089/searchData] is not a multipart request
05-08-2017 14:55:19.036,DEBUG,6F4F133EE0F156FD7CA808E5D2B0F8EC,DispatcherServlet with name 'appServlet' processing POST request for [/ict/0089/searchData]
05-08-2017 14:55:19.036,DEBUG,6F4F133EE0F156FD7CA808E5D2B0F8EC,Looking up handler method for path /0089/searchData
05-08-2017 14:55:19.036,DEBUG,6F4F133EE0F156FD7CA808E5D2B0F8EC,Returning handler method [public java.util.List<vn.bananavietnam.ict.banana.component.Bnn0089SearchTaskResult> vn.bananavietnam.ict.banana.controller.Bnn0089SearchTaskController.searchData(vn.bananavietnam.ict.banana.component.Bnn0089SearchTaskConditions)]
05-08-2017 14:55:19.036,DEBUG,6F4F133EE0F156FD7CA808E5D2B0F8EC,Returning cached instance of singleton bean 'bnn0089SearchTaskController'
05-08-2017 14:55:19.036,DEBUG,6F4F133EE0F156FD7CA808E5D2B0F8EC,Returning cached instance of singleton bean 'xml_path'
05-08-2017 14:55:19.037,DEBUG,6F4F133EE0F156FD7CA808E5D2B0F8EC,Skip CORS processing: request is from same origin
05-08-2017 14:55:19.037,DEBUG,6F4F133EE0F156FD7CA808E5D2B0F8EC,Read [class vn.bananavietnam.ict.banana.component.Bnn0089SearchTaskConditions] as "application/json" with [org.springframework.http.converter.json.MappingJackson2HttpMessageConverter@1fe278e]
05-08-2017 14:55:19.038,INFO ,6F4F133EE0F156FD7CA808E5D2B0F8EC,U0000000001,vn.bananavietnam.ict.banana.service.Bnn0089SearchTaskService,searchData,[vn.bananavietnam.ict.banana.component.Bnn0089SearchTaskConditions@1757429] METHOD START
05-08-2017 14:55:19.038,DEBUG,6F4F133EE0F156FD7CA808E5D2B0F8EC,Returning cached instance of singleton bean 'transactionManager'
05-08-2017 14:55:19.038,INFO ,6F4F133EE0F156FD7CA808E5D2B0F8EC,U0000000001,Task searching started
05-08-2017 14:55:19.038,DEBUG,6F4F133EE0F156FD7CA808E5D2B0F8EC,Creating a new SqlSession
05-08-2017 14:55:19.038,DEBUG,6F4F133EE0F156FD7CA808E5D2B0F8EC,Registering transaction synchronization for SqlSession [org.apache.ibatis.session.defaults.DefaultSqlSession@1ca1427]
05-08-2017 14:55:19.038,DEBUG,6F4F133EE0F156FD7CA808E5D2B0F8EC,Fetching JDBC Connection from DataSource
05-08-2017 14:55:19.038,DEBUG,6F4F133EE0F156FD7CA808E5D2B0F8EC,Creating new JDBC DriverManager Connection to [jdbc:mysql://172.16.0.175:3306/BANANA_DB_HUNG_SELENIUM?useUnicode=yes&characterEncoding=UTF-8&autoReconnect=true]
05-08-2017 14:55:19.063,DEBUG,6F4F133EE0F156FD7CA808E5D2B0F8EC,Registering transaction synchronization for JDBC Connection
05-08-2017 14:55:19.063,DEBUG,6F4F133EE0F156FD7CA808E5D2B0F8EC,JDBC Connection [com.mysql.jdbc.JDBC4Connection@15d8a3b] will be managed by Spring
05-08-2017 14:55:19.063,DEBUG,6F4F133EE0F156FD7CA808E5D2B0F8EC,==>  Preparing: SELECT T.TASK_ID taskId, T.TASK_NAME taskName, T.WORKING_DETAILS workingDetails, T.NOTE note, T.QUARANTINE_HANDLING_FLAG quarantineHandlingFlag, T.DELETE_FLAG deleteFlag, T.CHANGE_POINT_CODE changePointCode FROM IVB_M_TASK T WHERE 1 = 1 AND T.DELETE_FLAG = '0' ORDER BY T.TASK_NAME LIMIT ?,? 
05-08-2017 14:55:19.063,DEBUG,6F4F133EE0F156FD7CA808E5D2B0F8EC,==> Parameters: 0(Integer), 20(Integer)
05-08-2017 14:55:19.068,DEBUG,6F4F133EE0F156FD7CA808E5D2B0F8EC,<==      Total: 20
05-08-2017 14:55:19.068,DEBUG,6F4F133EE0F156FD7CA808E5D2B0F8EC,Releasing transactional SqlSession [org.apache.ibatis.session.defaults.DefaultSqlSession@1ca1427]
05-08-2017 14:55:19.068,INFO ,6F4F133EE0F156FD7CA808E5D2B0F8EC,U0000000001,SQL execution finished
05-08-2017 14:55:19.068,DEBUG,6F4F133EE0F156FD7CA808E5D2B0F8EC,Fetched SqlSession [org.apache.ibatis.session.defaults.DefaultSqlSession@1ca1427] from current transaction
05-08-2017 14:55:19.068,DEBUG,6F4F133EE0F156FD7CA808E5D2B0F8EC,==>  Preparing: SELECT COUNT(*) FROM IVB_M_TASK T WHERE 1 = 1 AND T.DELETE_FLAG = '0' ORDER BY T.TASK_ID 
05-08-2017 14:55:19.068,DEBUG,6F4F133EE0F156FD7CA808E5D2B0F8EC,==> Parameters: 
05-08-2017 14:55:19.070,DEBUG,6F4F133EE0F156FD7CA808E5D2B0F8EC,<==      Total: 1
05-08-2017 14:55:19.070,DEBUG,6F4F133EE0F156FD7CA808E5D2B0F8EC,Releasing transactional SqlSession [org.apache.ibatis.session.defaults.DefaultSqlSession@1ca1427]
05-08-2017 14:55:19.070,INFO ,6F4F133EE0F156FD7CA808E5D2B0F8EC,U0000000001,Task searching finished ==> 44 item(s)
05-08-2017 14:55:19.071,DEBUG,6F4F133EE0F156FD7CA808E5D2B0F8EC,Transaction synchronization deregistering SqlSession [org.apache.ibatis.session.defaults.DefaultSqlSession@1ca1427]
05-08-2017 14:55:19.071,DEBUG,6F4F133EE0F156FD7CA808E5D2B0F8EC,Transaction synchronization closing SqlSession [org.apache.ibatis.session.defaults.DefaultSqlSession@1ca1427]
05-08-2017 14:55:19.071,DEBUG,6F4F133EE0F156FD7CA808E5D2B0F8EC,Returning JDBC Connection to DataSource
05-08-2017 14:55:19.071,INFO ,6F4F133EE0F156FD7CA808E5D2B0F8EC,U0000000001,vn.bananavietnam.ict.banana.service.Bnn0089SearchTaskService,searchData,[vn.bananavietnam.ict.banana.component.Bnn0089SearchTaskConditions@1757429] METHOD END
05-08-2017 14:55:19.073,DEBUG,6F4F133EE0F156FD7CA808E5D2B0F8EC,Written [[vn.bananavietnam.ict.banana.component.Bnn0089SearchTaskResult@1f05652, vn.bananavietnam.ict.banana.component.Bnn0089SearchTaskResult@14afe29, vn.bananavietnam.ict.banana.component.Bnn0089SearchTaskResult@15e9350, vn.bananavietnam.ict.banana.component.Bnn0089SearchTaskResult@2410ad, vn.bananavietnam.ict.banana.component.Bnn0089SearchTaskResult@171993d, vn.bananavietnam.ict.banana.component.Bnn0089SearchTaskResult@1209b4c, vn.bananavietnam.ict.banana.component.Bnn0089SearchTaskResult@3b5eab, vn.bananavietnam.ict.banana.component.Bnn0089SearchTaskResult@d28e39, vn.bananavietnam.ict.banana.component.Bnn0089SearchTaskResult@199472f, vn.bananavietnam.ict.banana.component.Bnn0089SearchTaskResult@f258ab, vn.bananavietnam.ict.banana.component.Bnn0089SearchTaskResult@ac9c18, vn.bananavietnam.ict.banana.component.Bnn0089SearchTaskResult@996772, vn.bananavietnam.ict.banana.component.Bnn0089SearchTaskResult@102f4b1, vn.bananavietnam.ict.banana.component.Bnn0089SearchTaskResult@1c7c8ba, vn.bananavietnam.ict.banana.component.Bnn0089SearchTaskResult@11fcd06, vn.bananavietnam.ict.banana.component.Bnn0089SearchTaskResult@109fe0, vn.bananavietnam.ict.banana.component.Bnn0089SearchTaskResult@fd56ef, vn.bananavietnam.ict.banana.component.Bnn0089SearchTaskResult@1eed7d2, vn.bananavietnam.ict.banana.component.Bnn0089SearchTaskResult@5c5494, vn.bananavietnam.ict.banana.component.Bnn0089SearchTaskResult@a135e0]] as "application/json;charset=UTF-8" using [org.springframework.http.converter.json.MappingJackson2HttpMessageConverter@1fe278e]
05-08-2017 14:55:19.073,DEBUG,6F4F133EE0F156FD7CA808E5D2B0F8EC,Null ModelAndView returned to DispatcherServlet with name 'appServlet': assuming HandlerAdapter completed request handling
05-08-2017 14:55:19.073,DEBUG,6F4F133EE0F156FD7CA808E5D2B0F8EC,Successfully completed request
05-08-2017 14:55:19.073,DEBUG,6F4F133EE0F156FD7CA808E5D2B0F8EC,Chain processed normally
05-08-2017 14:55:19.073,DEBUG,6F4F133EE0F156FD7CA808E5D2B0F8EC,SecurityContextHolder now cleared, as request processing completed
05-08-2017 14:55:19.118,DEBUG,6F4F133EE0F156FD7CA808E5D2B0F8EC,/resources/img/icon_info.png at position 1 of 11 in additional filter chain; firing Filter: 'SecurityContextPersistenceFilter'
05-08-2017 14:55:19.118,DEBUG,6F4F133EE0F156FD7CA808E5D2B0F8EC,Obtained a valid SecurityContext from SPRING_SECURITY_CONTEXT: 'org.springframework.security.core.context.SecurityContextImpl@c4944c4b: Authentication: org.springframework.security.authentication.UsernamePasswordAuthenticationToken@c4944c4b: Principal: vn.bananavietnam.ict.common.auth.MyUser@c4907816: Username: U0000000001; Password: [PROTECTED]; Enabled: true; AccountNonExpired: true; credentialsNonExpired: true; AccountNonLocked: true; Granted Authorities: 1; Credentials: [PROTECTED]; Authenticated: true; Details: org.springframework.security.web.authentication.WebAuthenticationDetails@fffbcba8: RemoteIpAddress: 0:0:0:0:0:0:0:1; SessionId: C1B96A3FCD54D6F0BEC3A0FE28CB5E07; Granted Authorities: 1'
05-08-2017 14:55:19.118,DEBUG,6F4F133EE0F156FD7CA808E5D2B0F8EC,/resources/img/icon_info.png at position 2 of 11 in additional filter chain; firing Filter: 'WebAsyncManagerIntegrationFilter'
05-08-2017 14:55:19.118,DEBUG,6F4F133EE0F156FD7CA808E5D2B0F8EC,/resources/img/icon_info.png at position 3 of 11 in additional filter chain; firing Filter: 'LogoutFilter'
05-08-2017 14:55:19.118,DEBUG,6F4F133EE0F156FD7CA808E5D2B0F8EC,/resources/img/icon_info.png at position 4 of 11 in additional filter chain; firing Filter: 'UsernamePasswordAuthenticationFilter'
05-08-2017 14:55:19.118,DEBUG,6F4F133EE0F156FD7CA808E5D2B0F8EC,/resources/img/icon_info.png at position 5 of 11 in additional filter chain; firing Filter: 'BasicAuthenticationFilter'
05-08-2017 14:55:19.118,DEBUG,6F4F133EE0F156FD7CA808E5D2B0F8EC,/resources/img/icon_info.png at position 6 of 11 in additional filter chain; firing Filter: 'RequestCacheAwareFilter'
05-08-2017 14:55:19.118,DEBUG,6F4F133EE0F156FD7CA808E5D2B0F8EC,/resources/img/icon_info.png at position 7 of 11 in additional filter chain; firing Filter: 'SecurityContextHolderAwareRequestFilter'
05-08-2017 14:55:19.118,DEBUG,6F4F133EE0F156FD7CA808E5D2B0F8EC,/resources/img/icon_info.png at position 8 of 11 in additional filter chain; firing Filter: 'AnonymousAuthenticationFilter'
05-08-2017 14:55:19.118,DEBUG,6F4F133EE0F156FD7CA808E5D2B0F8EC,SecurityContextHolder not populated with anonymous token, as it already contained: 'org.springframework.security.authentication.UsernamePasswordAuthenticationToken@c4944c4b: Principal: vn.bananavietnam.ict.common.auth.MyUser@c4907816: Username: U0000000001; Password: [PROTECTED]; Enabled: true; AccountNonExpired: true; credentialsNonExpired: true; AccountNonLocked: true; Granted Authorities: 1; Credentials: [PROTECTED]; Authenticated: true; Details: org.springframework.security.web.authentication.WebAuthenticationDetails@fffbcba8: RemoteIpAddress: 0:0:0:0:0:0:0:1; SessionId: C1B96A3FCD54D6F0BEC3A0FE28CB5E07; Granted Authorities: 1'
05-08-2017 14:55:19.118,DEBUG,6F4F133EE0F156FD7CA808E5D2B0F8EC,/resources/img/icon_info.png at position 9 of 11 in additional filter chain; firing Filter: 'SessionManagementFilter'
05-08-2017 14:55:19.118,DEBUG,6F4F133EE0F156FD7CA808E5D2B0F8EC,/resources/img/icon_info.png at position 10 of 11 in additional filter chain; firing Filter: 'ExceptionTranslationFilter'
05-08-2017 14:55:19.118,DEBUG,6F4F133EE0F156FD7CA808E5D2B0F8EC,/resources/img/icon_info.png at position 11 of 11 in additional filter chain; firing Filter: 'FilterSecurityInterceptor'
05-08-2017 14:55:19.119,DEBUG,6F4F133EE0F156FD7CA808E5D2B0F8EC,Checking match of request : '/resources/img/icon_info.png'; against '/autherror*'
05-08-2017 14:55:19.119,DEBUG,6F4F133EE0F156FD7CA808E5D2B0F8EC,Checking match of request : '/resources/img/icon_info.png'; against '/login/**'
05-08-2017 14:55:19.119,DEBUG,6F4F133EE0F156FD7CA808E5D2B0F8EC,Checking match of request : '/resources/img/icon_info.png'; against '/0001/**'
05-08-2017 14:55:19.119,DEBUG,6F4F133EE0F156FD7CA808E5D2B0F8EC,Checking match of request : '/resources/img/icon_info.png'; against '/0002/**'
05-08-2017 14:55:19.119,DEBUG,6F4F133EE0F156FD7CA808E5D2B0F8EC,Checking match of request : '/resources/img/icon_info.png'; against '/0003/**'
05-08-2017 14:55:19.119,DEBUG,6F4F133EE0F156FD7CA808E5D2B0F8EC,Checking match of request : '/resources/img/icon_info.png'; against '/searchuserpopup/**'
05-08-2017 14:55:19.119,DEBUG,6F4F133EE0F156FD7CA808E5D2B0F8EC,Checking match of request : '/resources/img/icon_info.png'; against '/0005/**'
05-08-2017 14:55:19.119,DEBUG,6F4F133EE0F156FD7CA808E5D2B0F8EC,Checking match of request : '/resources/img/icon_info.png'; against '/0009/**'
05-08-2017 14:55:19.119,DEBUG,6F4F133EE0F156FD7CA808E5D2B0F8EC,Checking match of request : '/resources/img/icon_info.png'; against '/searchline/**'
05-08-2017 14:55:19.119,DEBUG,6F4F133EE0F156FD7CA808E5D2B0F8EC,Checking match of request : '/resources/img/icon_info.png'; against '/0013/**'
05-08-2017 14:55:19.119,DEBUG,6F4F133EE0F156FD7CA808E5D2B0F8EC,Checking match of request : '/resources/img/icon_info.png'; against '/0017/**'
05-08-2017 14:55:19.119,DEBUG,6F4F133EE0F156FD7CA808E5D2B0F8EC,Checking match of request : '/resources/img/icon_info.png'; against '/0031/**'
05-08-2017 14:55:19.119,DEBUG,6F4F133EE0F156FD7CA808E5D2B0F8EC,Checking match of request : '/resources/img/icon_info.png'; against '/0035/**'
05-08-2017 14:55:19.119,DEBUG,6F4F133EE0F156FD7CA808E5D2B0F8EC,Checking match of request : '/resources/img/icon_info.png'; against '/0037/**'
05-08-2017 14:55:19.119,DEBUG,6F4F133EE0F156FD7CA808E5D2B0F8EC,Checking match of request : '/resources/img/icon_info.png'; against '/0045/**'
05-08-2017 14:55:19.119,DEBUG,6F4F133EE0F156FD7CA808E5D2B0F8EC,Checking match of request : '/resources/img/icon_info.png'; against '/0047/**'
05-08-2017 14:55:19.119,DEBUG,6F4F133EE0F156FD7CA808E5D2B0F8EC,Checking match of request : '/resources/img/icon_info.png'; against '/0049/**'
05-08-2017 14:55:19.119,DEBUG,6F4F133EE0F156FD7CA808E5D2B0F8EC,Checking match of request : '/resources/img/icon_info.png'; against '/0061/**'
05-08-2017 14:55:19.119,DEBUG,6F4F133EE0F156FD7CA808E5D2B0F8EC,Checking match of request : '/resources/img/icon_info.png'; against '/0087/**'
05-08-2017 14:55:19.119,DEBUG,6F4F133EE0F156FD7CA808E5D2B0F8EC,Checking match of request : '/resources/img/icon_info.png'; against '/0075/**'
05-08-2017 14:55:19.119,DEBUG,6F4F133EE0F156FD7CA808E5D2B0F8EC,Checking match of request : '/resources/img/icon_info.png'; against '/0089/**'
05-08-2017 14:55:19.119,DEBUG,6F4F133EE0F156FD7CA808E5D2B0F8EC,Checking match of request : '/resources/img/icon_info.png'; against '/0090/**'
05-08-2017 14:55:19.119,DEBUG,6F4F133EE0F156FD7CA808E5D2B0F8EC,Checking match of request : '/resources/img/icon_info.png'; against '/0091/**'
05-08-2017 14:55:19.119,DEBUG,6F4F133EE0F156FD7CA808E5D2B0F8EC,Checking match of request : '/resources/img/icon_info.png'; against '/0092/**'
05-08-2017 14:55:19.119,DEBUG,6F4F133EE0F156FD7CA808E5D2B0F8EC,Checking match of request : '/resources/img/icon_info.png'; against '/0095/**'
05-08-2017 14:55:19.119,DEBUG,6F4F133EE0F156FD7CA808E5D2B0F8EC,Secure object: FilterInvocation: URL: /resources/img/icon_info.png; Attributes: [IS_AUTHENTICATED_ANONYMOUSLY]
05-08-2017 14:55:19.119,DEBUG,6F4F133EE0F156FD7CA808E5D2B0F8EC,Previously Authenticated: org.springframework.security.authentication.UsernamePasswordAuthenticationToken@c4944c4b: Principal: vn.bananavietnam.ict.common.auth.MyUser@c4907816: Username: U0000000001; Password: [PROTECTED]; Enabled: true; AccountNonExpired: true; credentialsNonExpired: true; AccountNonLocked: true; Granted Authorities: 1; Credentials: [PROTECTED]; Authenticated: true; Details: org.springframework.security.web.authentication.WebAuthenticationDetails@fffbcba8: RemoteIpAddress: 0:0:0:0:0:0:0:1; SessionId: C1B96A3FCD54D6F0BEC3A0FE28CB5E07; Granted Authorities: 1
05-08-2017 14:55:19.119,DEBUG,6F4F133EE0F156FD7CA808E5D2B0F8EC,Voter: org.springframework.security.access.vote.RoleVoter@1b68791, returned: 0
05-08-2017 14:55:19.119,DEBUG,6F4F133EE0F156FD7CA808E5D2B0F8EC,Voter: org.springframework.security.access.vote.AuthenticatedVoter@1fd620c, returned: 1
05-08-2017 14:55:19.119,DEBUG,6F4F133EE0F156FD7CA808E5D2B0F8EC,Authorization successful
05-08-2017 14:55:19.119,DEBUG,6F4F133EE0F156FD7CA808E5D2B0F8EC,RunAsManager did not change Authentication object
05-08-2017 14:55:19.119,DEBUG,6F4F133EE0F156FD7CA808E5D2B0F8EC,/resources/img/icon_info.png reached end of additional filter chain; proceeding with original chain
05-08-2017 14:55:19.119,DEBUG,6F4F133EE0F156FD7CA808E5D2B0F8EC,Request [/ict/resources/img/icon_info.png] is not a multipart request
05-08-2017 14:55:19.119,DEBUG,6F4F133EE0F156FD7CA808E5D2B0F8EC,DispatcherServlet with name 'appServlet' processing GET request for [/ict/resources/img/icon_info.png]
05-08-2017 14:55:19.119,DEBUG,6F4F133EE0F156FD7CA808E5D2B0F8EC,Looking up handler method for path /resources/img/icon_info.png
05-08-2017 14:55:19.122,DEBUG,6F4F133EE0F156FD7CA808E5D2B0F8EC,Did not find handler method for [/resources/img/icon_info.png]
05-08-2017 14:55:19.122,DEBUG,6F4F133EE0F156FD7CA808E5D2B0F8EC,Matching patterns for request [/resources/img/icon_info.png] are [/resources/**]
05-08-2017 14:55:19.122,DEBUG,6F4F133EE0F156FD7CA808E5D2B0F8EC,URI Template variables for request [/resources/img/icon_info.png] are {}
05-08-2017 14:55:19.122,DEBUG,6F4F133EE0F156FD7CA808E5D2B0F8EC,Mapping [/resources/img/icon_info.png] to HandlerExecutionChain with handler [ResourceHttpRequestHandler [locations=[ServletContext resource [/resources/]], resolvers=[org.springframework.web.servlet.resource.PathResourceResolver@1e41c58]]] and 1 interceptor
05-08-2017 14:55:19.122,DEBUG,6F4F133EE0F156FD7CA808E5D2B0F8EC,Last-Modified value for [/ict/resources/img/icon_info.png] is: -1
05-08-2017 14:55:19.122,DEBUG,6F4F133EE0F156FD7CA808E5D2B0F8EC,Returning cached instance of singleton bean 'xml_path'
05-08-2017 14:55:19.124,DEBUG,6F4F133EE0F156FD7CA808E5D2B0F8EC,Null ModelAndView returned to DispatcherServlet with name 'appServlet': assuming HandlerAdapter completed request handling
05-08-2017 14:55:19.125,DEBUG,6F4F133EE0F156FD7CA808E5D2B0F8EC,Successfully completed request
05-08-2017 14:55:19.125,DEBUG,6F4F133EE0F156FD7CA808E5D2B0F8EC,Chain processed normally
05-08-2017 14:55:19.125,DEBUG,6F4F133EE0F156FD7CA808E5D2B0F8EC,SecurityContextHolder now cleared, as request processing completed
