05-23-2017 00:19:52.498,DEBUG,0AE85C9D3CD7B6E8F22C99B342F75670,/0089/searchData at position 1 of 11 in additional filter chain; firing Filter: 'SecurityContextPersistenceFilter'
05-23-2017 00:19:52.498,DEBUG,0AE85C9D3CD7B6E8F22C99B342F75670,Obtained a valid SecurityContext from SPRING_SECURITY_CONTEXT: 'org.springframework.security.core.context.SecurityContextImpl@3b6d4a73: Authentication: org.springframework.security.authentication.UsernamePasswordAuthenticationToken@3b6d4a73: Principal: vn.bananavietnam.ict.common.auth.MyUser@c4907816: Username: U0000000001; Password: [PROTECTED]; Enabled: true; AccountNonExpired: true; credentialsNonExpired: true; AccountNonLocked: true; Granted Authorities: 1; Credentials: [PROTECTED]; Authenticated: true; Details: org.springframework.security.web.authentication.WebAuthenticationDetails@2cd90: RemoteIpAddress: 0:0:0:0:0:0:0:1; SessionId: 0AE85C9D3CD7B6E8F22C99B342F75670; Granted Authorities: 1'
05-23-2017 00:19:52.498,DEBUG,0AE85C9D3CD7B6E8F22C99B342F75670,/0089/searchData at position 2 of 11 in additional filter chain; firing Filter: 'WebAsyncManagerIntegrationFilter'
05-23-2017 00:19:52.498,DEBUG,0AE85C9D3CD7B6E8F22C99B342F75670,/0089/searchData at position 3 of 11 in additional filter chain; firing Filter: 'LogoutFilter'
05-23-2017 00:19:52.498,DEBUG,0AE85C9D3CD7B6E8F22C99B342F75670,/0089/searchData at position 4 of 11 in additional filter chain; firing Filter: 'UsernamePasswordAuthenticationFilter'
05-23-2017 00:19:52.498,DEBUG,0AE85C9D3CD7B6E8F22C99B342F75670,/0089/searchData at position 5 of 11 in additional filter chain; firing Filter: 'BasicAuthenticationFilter'
05-23-2017 00:19:52.498,DEBUG,0AE85C9D3CD7B6E8F22C99B342F75670,/0089/searchData at position 6 of 11 in additional filter chain; firing Filter: 'RequestCacheAwareFilter'
05-23-2017 00:19:52.498,DEBUG,0AE85C9D3CD7B6E8F22C99B342F75670,/0089/searchData at position 7 of 11 in additional filter chain; firing Filter: 'SecurityContextHolderAwareRequestFilter'
05-23-2017 00:19:52.498,DEBUG,0AE85C9D3CD7B6E8F22C99B342F75670,/0089/searchData at position 8 of 11 in additional filter chain; firing Filter: 'AnonymousAuthenticationFilter'
05-23-2017 00:19:52.498,DEBUG,0AE85C9D3CD7B6E8F22C99B342F75670,SecurityContextHolder not populated with anonymous token, as it already contained: 'org.springframework.security.authentication.UsernamePasswordAuthenticationToken@3b6d4a73: Principal: vn.bananavietnam.ict.common.auth.MyUser@c4907816: Username: U0000000001; Password: [PROTECTED]; Enabled: true; AccountNonExpired: true; credentialsNonExpired: true; AccountNonLocked: true; Granted Authorities: 1; Credentials: [PROTECTED]; Authenticated: true; Details: org.springframework.security.web.authentication.WebAuthenticationDetails@2cd90: RemoteIpAddress: 0:0:0:0:0:0:0:1; SessionId: 0AE85C9D3CD7B6E8F22C99B342F75670; Granted Authorities: 1'
05-23-2017 00:19:52.498,DEBUG,0AE85C9D3CD7B6E8F22C99B342F75670,/0089/searchData at position 9 of 11 in additional filter chain; firing Filter: 'SessionManagementFilter'
05-23-2017 00:19:52.498,DEBUG,0AE85C9D3CD7B6E8F22C99B342F75670,/0089/searchData at position 10 of 11 in additional filter chain; firing Filter: 'ExceptionTranslationFilter'
05-23-2017 00:19:52.498,DEBUG,0AE85C9D3CD7B6E8F22C99B342F75670,/0089/searchData at position 11 of 11 in additional filter chain; firing Filter: 'FilterSecurityInterceptor'
05-23-2017 00:19:52.498,DEBUG,0AE85C9D3CD7B6E8F22C99B342F75670,Checking match of request : '/0089/searchdata'; against '/autherror*'
05-23-2017 00:19:52.499,DEBUG,0AE85C9D3CD7B6E8F22C99B342F75670,Checking match of request : '/0089/searchdata'; against '/login/**'
05-23-2017 00:19:52.499,DEBUG,0AE85C9D3CD7B6E8F22C99B342F75670,Checking match of request : '/0089/searchdata'; against '/error/**'
05-23-2017 00:19:52.499,DEBUG,0AE85C9D3CD7B6E8F22C99B342F75670,Checking match of request : '/0089/searchdata'; against '/0001/**'
05-23-2017 00:19:52.499,DEBUG,0AE85C9D3CD7B6E8F22C99B342F75670,Checking match of request : '/0089/searchdata'; against '/0002/**'
05-23-2017 00:19:52.499,DEBUG,0AE85C9D3CD7B6E8F22C99B342F75670,Checking match of request : '/0089/searchdata'; against '/0003/**'
05-23-2017 00:19:52.499,DEBUG,0AE85C9D3CD7B6E8F22C99B342F75670,Checking match of request : '/0089/searchdata'; against '/0005/**'
05-23-2017 00:19:52.499,DEBUG,0AE85C9D3CD7B6E8F22C99B342F75670,Checking match of request : '/0089/searchdata'; against '/0007/**'
05-23-2017 00:19:52.499,DEBUG,0AE85C9D3CD7B6E8F22C99B342F75670,Checking match of request : '/0089/searchdata'; against '/0009/**'
05-23-2017 00:19:52.499,DEBUG,0AE85C9D3CD7B6E8F22C99B342F75670,Checking match of request : '/0089/searchdata'; against '/0013/**'
05-23-2017 00:19:52.499,DEBUG,0AE85C9D3CD7B6E8F22C99B342F75670,Checking match of request : '/0089/searchdata'; against '/0023/**'
05-23-2017 00:19:52.499,DEBUG,0AE85C9D3CD7B6E8F22C99B342F75670,Checking match of request : '/0089/searchdata'; against '/0017/**'
05-23-2017 00:19:52.499,DEBUG,0AE85C9D3CD7B6E8F22C99B342F75670,Checking match of request : '/0089/searchdata'; against '/0031/**'
05-23-2017 00:19:52.499,DEBUG,0AE85C9D3CD7B6E8F22C99B342F75670,Checking match of request : '/0089/searchdata'; against '/0035/**'
05-23-2017 00:19:52.499,DEBUG,0AE85C9D3CD7B6E8F22C99B342F75670,Checking match of request : '/0089/searchdata'; against '/0037/**'
05-23-2017 00:19:52.499,DEBUG,0AE85C9D3CD7B6E8F22C99B342F75670,Checking match of request : '/0089/searchdata'; against '/0045/**'
05-23-2017 00:19:52.499,DEBUG,0AE85C9D3CD7B6E8F22C99B342F75670,Checking match of request : '/0089/searchdata'; against '/0047/**'
05-23-2017 00:19:52.499,DEBUG,0AE85C9D3CD7B6E8F22C99B342F75670,Checking match of request : '/0089/searchdata'; against '/0049/**'
05-23-2017 00:19:52.499,DEBUG,0AE85C9D3CD7B6E8F22C99B342F75670,Checking match of request : '/0089/searchdata'; against '/0061/**'
05-23-2017 00:19:52.499,DEBUG,0AE85C9D3CD7B6E8F22C99B342F75670,Checking match of request : '/0089/searchdata'; against '/0087/**'
05-23-2017 00:19:52.499,DEBUG,0AE85C9D3CD7B6E8F22C99B342F75670,Checking match of request : '/0089/searchdata'; against '/0075/**'
05-23-2017 00:19:52.499,DEBUG,0AE85C9D3CD7B6E8F22C99B342F75670,Checking match of request : '/0089/searchdata'; against '/0089/**'
05-23-2017 00:19:52.499,DEBUG,0AE85C9D3CD7B6E8F22C99B342F75670,Secure object: FilterInvocation: URL: /0089/searchData; Attributes: [ROLE_ADMIN, ROLE_USER, IS_AUTHENTICATED_FULLY]
05-23-2017 00:19:52.499,DEBUG,0AE85C9D3CD7B6E8F22C99B342F75670,Previously Authenticated: org.springframework.security.authentication.UsernamePasswordAuthenticationToken@3b6d4a73: Principal: vn.bananavietnam.ict.common.auth.MyUser@c4907816: Username: U0000000001; Password: [PROTECTED]; Enabled: true; AccountNonExpired: true; credentialsNonExpired: true; AccountNonLocked: true; Granted Authorities: 1; Credentials: [PROTECTED]; Authenticated: true; Details: org.springframework.security.web.authentication.WebAuthenticationDetails@2cd90: RemoteIpAddress: 0:0:0:0:0:0:0:1; SessionId: 0AE85C9D3CD7B6E8F22C99B342F75670; Granted Authorities: 1
05-23-2017 00:19:52.499,DEBUG,0AE85C9D3CD7B6E8F22C99B342F75670,Voter: org.springframework.security.access.vote.RoleVoter@1ac872d, returned: -1
05-23-2017 00:19:52.499,DEBUG,0AE85C9D3CD7B6E8F22C99B342F75670,Voter: org.springframework.security.access.vote.AuthenticatedVoter@b1927d, returned: 1
05-23-2017 00:19:52.499,DEBUG,0AE85C9D3CD7B6E8F22C99B342F75670,Authorization successful
05-23-2017 00:19:52.499,DEBUG,0AE85C9D3CD7B6E8F22C99B342F75670,RunAsManager did not change Authentication object
05-23-2017 00:19:52.499,DEBUG,0AE85C9D3CD7B6E8F22C99B342F75670,/0089/searchData reached end of additional filter chain; proceeding with original chain
05-23-2017 00:19:52.499,DEBUG,0AE85C9D3CD7B6E8F22C99B342F75670,Request [/ict/0089/searchData] is not a multipart request
05-23-2017 00:19:52.499,DEBUG,A41E8094FA37C7AF995BA86908693837,DispatcherServlet with name 'appServlet' processing POST request for [/ict/0089/searchData]
05-23-2017 00:19:52.499,DEBUG,A41E8094FA37C7AF995BA86908693837,Looking up handler method for path /0089/searchData
05-23-2017 00:19:52.499,DEBUG,A41E8094FA37C7AF995BA86908693837,Returning handler method [public java.util.List<vn.bananavietnam.ict.banana.component.Bnn0089SearchTaskResult> vn.bananavietnam.ict.banana.controller.Bnn0089SearchTaskController.searchData(vn.bananavietnam.ict.banana.component.Bnn0089SearchTaskConditions)]
05-23-2017 00:19:52.499,DEBUG,A41E8094FA37C7AF995BA86908693837,Returning cached instance of singleton bean 'bnn0089SearchTaskController'
05-23-2017 00:19:52.499,DEBUG,A41E8094FA37C7AF995BA86908693837,Returning cached instance of singleton bean 'xml_path'
05-23-2017 00:19:52.500,DEBUG,A41E8094FA37C7AF995BA86908693837,Read [class vn.bananavietnam.ict.banana.component.Bnn0089SearchTaskConditions] as "application/json" with [org.springframework.http.converter.json.MappingJackson2HttpMessageConverter@156f2cc]
05-23-2017 00:19:52.500,INFO ,A41E8094FA37C7AF995BA86908693837,U0000000001,vn.bananavietnam.ict.banana.service.Bnn0089SearchTaskService,searchData,[vn.bananavietnam.ict.banana.component.Bnn0089SearchTaskConditions@cbd473] METHOD START
05-23-2017 00:19:52.500,DEBUG,A41E8094FA37C7AF995BA86908693837,Returning cached instance of singleton bean 'transactionManager'
05-23-2017 00:19:52.500,INFO ,A41E8094FA37C7AF995BA86908693837,U0000000001,Task searching started
05-23-2017 00:19:52.500,DEBUG,A41E8094FA37C7AF995BA86908693837,Creating a new SqlSession
05-23-2017 00:19:52.500,DEBUG,A41E8094FA37C7AF995BA86908693837,Registering transaction synchronization for SqlSession [org.apache.ibatis.session.defaults.DefaultSqlSession@182838b]
05-23-2017 00:19:52.500,DEBUG,A41E8094FA37C7AF995BA86908693837,Fetching JDBC Connection from DataSource
05-23-2017 00:19:52.500,DEBUG,A41E8094FA37C7AF995BA86908693837,Creating new JDBC DriverManager Connection to [jdbc:mysql://172.16.0.175:3306/BANANA_DB_HUNG_SELENIUM?useUnicode=yes&characterEncoding=UTF-8&autoReconnect=true]
05-23-2017 00:19:56.505,DEBUG,A41E8094FA37C7AF995BA86908693837,Releasing transactional SqlSession [org.apache.ibatis.session.defaults.DefaultSqlSession@182838b]
05-23-2017 00:19:56.508,ERROR,A41E8094FA37C7AF995BA86908693837,U0000000001,java.lang.Exception: nested exception is org.apache.ibatis.exceptions.PersistenceException: 
05-23-2017 00:19:56.508,DEBUG,A41E8094FA37C7AF995BA86908693837,Transaction synchronization deregistering SqlSession [org.apache.ibatis.session.defaults.DefaultSqlSession@182838b]
05-23-2017 00:19:56.508,DEBUG,A41E8094FA37C7AF995BA86908693837,Transaction synchronization closing SqlSession [org.apache.ibatis.session.defaults.DefaultSqlSession@182838b]
05-23-2017 00:19:56.508,DEBUG,A41E8094FA37C7AF995BA86908693837,Should roll back transaction but cannot - no transaction available
05-23-2017 00:19:56.508,INFO ,A41E8094FA37C7AF995BA86908693837,U0000000001,vn.bananavietnam.ict.banana.service.Bnn0089SearchTaskService,searchData,[vn.bananavietnam.ict.banana.component.Bnn0089SearchTaskConditions@cbd473] METHOD END
05-23-2017 00:19:56.508,DEBUG,A41E8094FA37C7AF995BA86908693837,Null ModelAndView returned to DispatcherServlet with name 'appServlet': assuming HandlerAdapter completed request handling
05-23-2017 00:19:56.509,DEBUG,A41E8094FA37C7AF995BA86908693837,Successfully completed request
05-23-2017 00:19:56.509,DEBUG,A41E8094FA37C7AF995BA86908693837,Chain processed normally
05-23-2017 00:19:56.509,DEBUG,A41E8094FA37C7AF995BA86908693837,SecurityContextHolder now cleared, as request processing completed
05-23-2017 00:20:14.638,DEBUG,0AE85C9D3CD7B6E8F22C99B342F75670,/0089/searchData at position 1 of 11 in additional filter chain; firing Filter: 'SecurityContextPersistenceFilter'
05-23-2017 00:20:14.638,DEBUG,0AE85C9D3CD7B6E8F22C99B342F75670,Obtained a valid SecurityContext from SPRING_SECURITY_CONTEXT: 'org.springframework.security.core.context.SecurityContextImpl@3b6d4a73: Authentication: org.springframework.security.authentication.UsernamePasswordAuthenticationToken@3b6d4a73: Principal: vn.bananavietnam.ict.common.auth.MyUser@c4907816: Username: U0000000001; Password: [PROTECTED]; Enabled: true; AccountNonExpired: true; credentialsNonExpired: true; AccountNonLocked: true; Granted Authorities: 1; Credentials: [PROTECTED]; Authenticated: true; Details: org.springframework.security.web.authentication.WebAuthenticationDetails@2cd90: RemoteIpAddress: 0:0:0:0:0:0:0:1; SessionId: 0AE85C9D3CD7B6E8F22C99B342F75670; Granted Authorities: 1'
05-23-2017 00:20:14.638,DEBUG,0AE85C9D3CD7B6E8F22C99B342F75670,/0089/searchData at position 2 of 11 in additional filter chain; firing Filter: 'WebAsyncManagerIntegrationFilter'
05-23-2017 00:20:14.638,DEBUG,0AE85C9D3CD7B6E8F22C99B342F75670,/0089/searchData at position 3 of 11 in additional filter chain; firing Filter: 'LogoutFilter'
05-23-2017 00:20:14.638,DEBUG,0AE85C9D3CD7B6E8F22C99B342F75670,/0089/searchData at position 4 of 11 in additional filter chain; firing Filter: 'UsernamePasswordAuthenticationFilter'
05-23-2017 00:20:14.638,DEBUG,0AE85C9D3CD7B6E8F22C99B342F75670,/0089/searchData at position 5 of 11 in additional filter chain; firing Filter: 'BasicAuthenticationFilter'
05-23-2017 00:20:14.638,DEBUG,0AE85C9D3CD7B6E8F22C99B342F75670,/0089/searchData at position 6 of 11 in additional filter chain; firing Filter: 'RequestCacheAwareFilter'
05-23-2017 00:20:14.638,DEBUG,0AE85C9D3CD7B6E8F22C99B342F75670,/0089/searchData at position 7 of 11 in additional filter chain; firing Filter: 'SecurityContextHolderAwareRequestFilter'
05-23-2017 00:20:14.638,DEBUG,0AE85C9D3CD7B6E8F22C99B342F75670,/0089/searchData at position 8 of 11 in additional filter chain; firing Filter: 'AnonymousAuthenticationFilter'
05-23-2017 00:20:14.639,DEBUG,0AE85C9D3CD7B6E8F22C99B342F75670,SecurityContextHolder not populated with anonymous token, as it already contained: 'org.springframework.security.authentication.UsernamePasswordAuthenticationToken@3b6d4a73: Principal: vn.bananavietnam.ict.common.auth.MyUser@c4907816: Username: U0000000001; Password: [PROTECTED]; Enabled: true; AccountNonExpired: true; credentialsNonExpired: true; AccountNonLocked: true; Granted Authorities: 1; Credentials: [PROTECTED]; Authenticated: true; Details: org.springframework.security.web.authentication.WebAuthenticationDetails@2cd90: RemoteIpAddress: 0:0:0:0:0:0:0:1; SessionId: 0AE85C9D3CD7B6E8F22C99B342F75670; Granted Authorities: 1'
05-23-2017 00:20:14.639,DEBUG,0AE85C9D3CD7B6E8F22C99B342F75670,/0089/searchData at position 9 of 11 in additional filter chain; firing Filter: 'SessionManagementFilter'
05-23-2017 00:20:14.639,DEBUG,0AE85C9D3CD7B6E8F22C99B342F75670,/0089/searchData at position 10 of 11 in additional filter chain; firing Filter: 'ExceptionTranslationFilter'
05-23-2017 00:20:14.639,DEBUG,0AE85C9D3CD7B6E8F22C99B342F75670,/0089/searchData at position 11 of 11 in additional filter chain; firing Filter: 'FilterSecurityInterceptor'
05-23-2017 00:20:14.639,DEBUG,0AE85C9D3CD7B6E8F22C99B342F75670,Checking match of request : '/0089/searchdata'; against '/autherror*'
05-23-2017 00:20:14.639,DEBUG,0AE85C9D3CD7B6E8F22C99B342F75670,Checking match of request : '/0089/searchdata'; against '/login/**'
05-23-2017 00:20:14.639,DEBUG,0AE85C9D3CD7B6E8F22C99B342F75670,Checking match of request : '/0089/searchdata'; against '/error/**'
05-23-2017 00:20:14.639,DEBUG,0AE85C9D3CD7B6E8F22C99B342F75670,Checking match of request : '/0089/searchdata'; against '/0001/**'
05-23-2017 00:20:14.639,DEBUG,0AE85C9D3CD7B6E8F22C99B342F75670,Checking match of request : '/0089/searchdata'; against '/0002/**'
05-23-2017 00:20:14.639,DEBUG,0AE85C9D3CD7B6E8F22C99B342F75670,Checking match of request : '/0089/searchdata'; against '/0003/**'
05-23-2017 00:20:14.639,DEBUG,0AE85C9D3CD7B6E8F22C99B342F75670,Checking match of request : '/0089/searchdata'; against '/0005/**'
05-23-2017 00:20:14.639,DEBUG,0AE85C9D3CD7B6E8F22C99B342F75670,Checking match of request : '/0089/searchdata'; against '/0007/**'
05-23-2017 00:20:14.639,DEBUG,0AE85C9D3CD7B6E8F22C99B342F75670,Checking match of request : '/0089/searchdata'; against '/0009/**'
05-23-2017 00:20:14.639,DEBUG,0AE85C9D3CD7B6E8F22C99B342F75670,Checking match of request : '/0089/searchdata'; against '/0013/**'
05-23-2017 00:20:14.639,DEBUG,0AE85C9D3CD7B6E8F22C99B342F75670,Checking match of request : '/0089/searchdata'; against '/0023/**'
05-23-2017 00:20:14.639,DEBUG,0AE85C9D3CD7B6E8F22C99B342F75670,Checking match of request : '/0089/searchdata'; against '/0017/**'
05-23-2017 00:20:14.639,DEBUG,0AE85C9D3CD7B6E8F22C99B342F75670,Checking match of request : '/0089/searchdata'; against '/0031/**'
05-23-2017 00:20:14.639,DEBUG,0AE85C9D3CD7B6E8F22C99B342F75670,Checking match of request : '/0089/searchdata'; against '/0035/**'
05-23-2017 00:20:14.639,DEBUG,0AE85C9D3CD7B6E8F22C99B342F75670,Checking match of request : '/0089/searchdata'; against '/0037/**'
05-23-2017 00:20:14.639,DEBUG,0AE85C9D3CD7B6E8F22C99B342F75670,Checking match of request : '/0089/searchdata'; against '/0045/**'
05-23-2017 00:20:14.639,DEBUG,0AE85C9D3CD7B6E8F22C99B342F75670,Checking match of request : '/0089/searchdata'; against '/0047/**'
05-23-2017 00:20:14.639,DEBUG,0AE85C9D3CD7B6E8F22C99B342F75670,Checking match of request : '/0089/searchdata'; against '/0049/**'
05-23-2017 00:20:14.639,DEBUG,0AE85C9D3CD7B6E8F22C99B342F75670,Checking match of request : '/0089/searchdata'; against '/0061/**'
05-23-2017 00:20:14.639,DEBUG,0AE85C9D3CD7B6E8F22C99B342F75670,Checking match of request : '/0089/searchdata'; against '/0087/**'
05-23-2017 00:20:14.639,DEBUG,0AE85C9D3CD7B6E8F22C99B342F75670,Checking match of request : '/0089/searchdata'; against '/0075/**'
05-23-2017 00:20:14.639,DEBUG,0AE85C9D3CD7B6E8F22C99B342F75670,Checking match of request : '/0089/searchdata'; against '/0089/**'
05-23-2017 00:20:14.639,DEBUG,0AE85C9D3CD7B6E8F22C99B342F75670,Secure object: FilterInvocation: URL: /0089/searchData; Attributes: [ROLE_ADMIN, ROLE_USER, IS_AUTHENTICATED_FULLY]
05-23-2017 00:20:14.639,DEBUG,0AE85C9D3CD7B6E8F22C99B342F75670,Previously Authenticated: org.springframework.security.authentication.UsernamePasswordAuthenticationToken@3b6d4a73: Principal: vn.bananavietnam.ict.common.auth.MyUser@c4907816: Username: U0000000001; Password: [PROTECTED]; Enabled: true; AccountNonExpired: true; credentialsNonExpired: true; AccountNonLocked: true; Granted Authorities: 1; Credentials: [PROTECTED]; Authenticated: true; Details: org.springframework.security.web.authentication.WebAuthenticationDetails@2cd90: RemoteIpAddress: 0:0:0:0:0:0:0:1; SessionId: 0AE85C9D3CD7B6E8F22C99B342F75670; Granted Authorities: 1
05-23-2017 00:20:14.639,DEBUG,0AE85C9D3CD7B6E8F22C99B342F75670,Voter: org.springframework.security.access.vote.RoleVoter@1ac872d, returned: -1
05-23-2017 00:20:14.639,DEBUG,0AE85C9D3CD7B6E8F22C99B342F75670,Voter: org.springframework.security.access.vote.AuthenticatedVoter@b1927d, returned: 1
05-23-2017 00:20:14.639,DEBUG,0AE85C9D3CD7B6E8F22C99B342F75670,Authorization successful
05-23-2017 00:20:14.640,DEBUG,0AE85C9D3CD7B6E8F22C99B342F75670,RunAsManager did not change Authentication object
05-23-2017 00:20:14.640,DEBUG,0AE85C9D3CD7B6E8F22C99B342F75670,/0089/searchData reached end of additional filter chain; proceeding with original chain
05-23-2017 00:20:14.640,DEBUG,0AE85C9D3CD7B6E8F22C99B342F75670,Request [/ict/0089/searchData] is not a multipart request
05-23-2017 00:20:14.640,DEBUG,A41E8094FA37C7AF995BA86908693837,DispatcherServlet with name 'appServlet' processing POST request for [/ict/0089/searchData]
05-23-2017 00:20:14.640,DEBUG,A41E8094FA37C7AF995BA86908693837,Looking up handler method for path /0089/searchData
05-23-2017 00:20:14.640,DEBUG,A41E8094FA37C7AF995BA86908693837,Returning handler method [public java.util.List<vn.bananavietnam.ict.banana.component.Bnn0089SearchTaskResult> vn.bananavietnam.ict.banana.controller.Bnn0089SearchTaskController.searchData(vn.bananavietnam.ict.banana.component.Bnn0089SearchTaskConditions)]
05-23-2017 00:20:14.640,DEBUG,A41E8094FA37C7AF995BA86908693837,Returning cached instance of singleton bean 'bnn0089SearchTaskController'
05-23-2017 00:20:14.640,DEBUG,A41E8094FA37C7AF995BA86908693837,Returning cached instance of singleton bean 'xml_path'
05-23-2017 00:20:14.641,DEBUG,A41E8094FA37C7AF995BA86908693837,Read [class vn.bananavietnam.ict.banana.component.Bnn0089SearchTaskConditions] as "application/json" with [org.springframework.http.converter.json.MappingJackson2HttpMessageConverter@156f2cc]
05-23-2017 00:20:14.641,INFO ,A41E8094FA37C7AF995BA86908693837,U0000000001,vn.bananavietnam.ict.banana.service.Bnn0089SearchTaskService,searchData,[vn.bananavietnam.ict.banana.component.Bnn0089SearchTaskConditions@4b8e81] METHOD START
05-23-2017 00:20:14.641,DEBUG,A41E8094FA37C7AF995BA86908693837,Returning cached instance of singleton bean 'transactionManager'
05-23-2017 00:20:14.641,INFO ,A41E8094FA37C7AF995BA86908693837,U0000000001,Task searching started
05-23-2017 00:20:14.641,DEBUG,A41E8094FA37C7AF995BA86908693837,Creating a new SqlSession
05-23-2017 00:20:14.641,DEBUG,A41E8094FA37C7AF995BA86908693837,Registering transaction synchronization for SqlSession [org.apache.ibatis.session.defaults.DefaultSqlSession@8cb9a2]
05-23-2017 00:20:14.641,DEBUG,A41E8094FA37C7AF995BA86908693837,Fetching JDBC Connection from DataSource
05-23-2017 00:20:14.641,DEBUG,A41E8094FA37C7AF995BA86908693837,Creating new JDBC DriverManager Connection to [jdbc:mysql://172.16.0.175:3306/BANANA_DB_HUNG_SELENIUM?useUnicode=yes&characterEncoding=UTF-8&autoReconnect=true]
05-23-2017 00:20:14.659,DEBUG,A41E8094FA37C7AF995BA86908693837,Registering transaction synchronization for JDBC Connection
05-23-2017 00:20:14.659,DEBUG,A41E8094FA37C7AF995BA86908693837,JDBC Connection [com.mysql.jdbc.JDBC4Connection@f57426] will be managed by Spring
05-23-2017 00:20:14.659,DEBUG,A41E8094FA37C7AF995BA86908693837,==>  Preparing: SELECT T.TASK_ID taskId, T.TASK_NAME taskName, T.WORKING_DETAILS workingDetails, T.NOTE note, T.QUARANTINE_HANDLING_FLAG quarantineHandlingFlag, T.DELETE_FLAG deleteFlag, T.CHANGE_POINT_CODE changePointCode, T.LAST_UPDATE_DATE lastUpdateDate FROM IVB_M_TASK T WHERE 1 = 1 AND T.DELETE_FLAG = '0' ORDER BY T.TASK_NAME LIMIT ?,? 
05-23-2017 00:20:14.659,DEBUG,A41E8094FA37C7AF995BA86908693837,==> Parameters: 0(Integer), 20(Integer)
05-23-2017 00:20:14.664,DEBUG,A41E8094FA37C7AF995BA86908693837,<==      Total: 20
05-23-2017 00:20:14.664,DEBUG,A41E8094FA37C7AF995BA86908693837,Releasing transactional SqlSession [org.apache.ibatis.session.defaults.DefaultSqlSession@8cb9a2]
05-23-2017 00:20:14.664,INFO ,A41E8094FA37C7AF995BA86908693837,U0000000001,SQL execution finished
05-23-2017 00:20:14.664,DEBUG,A41E8094FA37C7AF995BA86908693837,Fetched SqlSession [org.apache.ibatis.session.defaults.DefaultSqlSession@8cb9a2] from current transaction
05-23-2017 00:20:14.664,DEBUG,A41E8094FA37C7AF995BA86908693837,==>  Preparing: SELECT COUNT(*) FROM IVB_M_TASK T WHERE 1 = 1 AND T.DELETE_FLAG = '0' ORDER BY T.TASK_ID 
05-23-2017 00:20:14.664,DEBUG,A41E8094FA37C7AF995BA86908693837,==> Parameters: 
05-23-2017 00:20:14.666,DEBUG,A41E8094FA37C7AF995BA86908693837,<==      Total: 1
05-23-2017 00:20:14.666,DEBUG,A41E8094FA37C7AF995BA86908693837,Releasing transactional SqlSession [org.apache.ibatis.session.defaults.DefaultSqlSession@8cb9a2]
05-23-2017 00:20:14.666,INFO ,A41E8094FA37C7AF995BA86908693837,U0000000001,Task searching finished ==> 43 item(s)
05-23-2017 00:20:14.666,DEBUG,A41E8094FA37C7AF995BA86908693837,Transaction synchronization deregistering SqlSession [org.apache.ibatis.session.defaults.DefaultSqlSession@8cb9a2]
05-23-2017 00:20:14.666,DEBUG,A41E8094FA37C7AF995BA86908693837,Transaction synchronization closing SqlSession [org.apache.ibatis.session.defaults.DefaultSqlSession@8cb9a2]
05-23-2017 00:20:14.666,DEBUG,A41E8094FA37C7AF995BA86908693837,Returning JDBC Connection to DataSource
05-23-2017 00:20:14.667,INFO ,A41E8094FA37C7AF995BA86908693837,U0000000001,vn.bananavietnam.ict.banana.service.Bnn0089SearchTaskService,searchData,[vn.bananavietnam.ict.banana.component.Bnn0089SearchTaskConditions@4b8e81] METHOD END
05-23-2017 00:20:14.670,DEBUG,A41E8094FA37C7AF995BA86908693837,Written [[vn.bananavietnam.ict.banana.component.Bnn0089SearchTaskResult@1fa9f19, vn.bananavietnam.ict.banana.component.Bnn0089SearchTaskResult@281849, vn.bananavietnam.ict.banana.component.Bnn0089SearchTaskResult@1c473b0, vn.bananavietnam.ict.banana.component.Bnn0089SearchTaskResult@1e030a6, vn.bananavietnam.ict.banana.component.Bnn0089SearchTaskResult@1373d4, vn.bananavietnam.ict.banana.component.Bnn0089SearchTaskResult@2dc1cf, vn.bananavietnam.ict.banana.component.Bnn0089SearchTaskResult@be7909, vn.bananavietnam.ict.banana.component.Bnn0089SearchTaskResult@6b1778, vn.bananavietnam.ict.banana.component.Bnn0089SearchTaskResult@13d54b2, vn.bananavietnam.ict.banana.component.Bnn0089SearchTaskResult@1e4c863, vn.bananavietnam.ict.banana.component.Bnn0089SearchTaskResult@3f96a7, vn.bananavietnam.ict.banana.component.Bnn0089SearchTaskResult@599d4f, vn.bananavietnam.ict.banana.component.Bnn0089SearchTaskResult@11edbb2, vn.bananavietnam.ict.banana.component.Bnn0089SearchTaskResult@50ad62, vn.bananavietnam.ict.banana.component.Bnn0089SearchTaskResult@449521, vn.bananavietnam.ict.banana.component.Bnn0089SearchTaskResult@efcc03, vn.bananavietnam.ict.banana.component.Bnn0089SearchTaskResult@1d14867, vn.bananavietnam.ict.banana.component.Bnn0089SearchTaskResult@8ddd82, vn.bananavietnam.ict.banana.component.Bnn0089SearchTaskResult@38b2ef, vn.bananavietnam.ict.banana.component.Bnn0089SearchTaskResult@adfdff]] as "application/json;charset=UTF-8" using [org.springframework.http.converter.json.MappingJackson2HttpMessageConverter@156f2cc]
05-23-2017 00:20:14.670,DEBUG,A41E8094FA37C7AF995BA86908693837,Null ModelAndView returned to DispatcherServlet with name 'appServlet': assuming HandlerAdapter completed request handling
05-23-2017 00:20:14.670,DEBUG,A41E8094FA37C7AF995BA86908693837,Successfully completed request
05-23-2017 00:20:14.670,DEBUG,A41E8094FA37C7AF995BA86908693837,Chain processed normally
05-23-2017 00:20:14.670,DEBUG,A41E8094FA37C7AF995BA86908693837,SecurityContextHolder now cleared, as request processing completed
