05-23-2017 22:46:03.654,DEBUG,F1E95F0DD4A03180CCB2A520D26B26D5,/0089/searchData at position 1 of 11 in additional filter chain; firing Filter: 'SecurityContextPersistenceFilter'
05-23-2017 22:46:03.654,DEBUG,F1E95F0DD4A03180CCB2A520D26B26D5,Obtained a valid SecurityContext from SPRING_SECURITY_CONTEXT: 'org.springframework.security.core.context.SecurityContextImpl@c4922deb: Authentication: org.springframework.security.authentication.UsernamePasswordAuthenticationToken@c4922deb: Principal: vn.bananavietnam.ict.common.auth.MyUser@c4907816: Username: U0000000001; Password: [PROTECTED]; Enabled: true; AccountNonExpired: true; credentialsNonExpired: true; AccountNonLocked: true; Granted Authorities: 1; Credentials: [PROTECTED]; Authenticated: true; Details: org.springframework.security.web.authentication.WebAuthenticationDetails@fffdaa08: RemoteIpAddress: 127.0.0.1; SessionId: F1E95F0DD4A03180CCB2A520D26B26D5; Granted Authorities: 1'
05-23-2017 22:46:03.654,DEBUG,F1E95F0DD4A03180CCB2A520D26B26D5,/0089/searchData at position 2 of 11 in additional filter chain; firing Filter: 'WebAsyncManagerIntegrationFilter'
05-23-2017 22:46:03.654,DEBUG,F1E95F0DD4A03180CCB2A520D26B26D5,/0089/searchData at position 3 of 11 in additional filter chain; firing Filter: 'LogoutFilter'
05-23-2017 22:46:03.654,DEBUG,F1E95F0DD4A03180CCB2A520D26B26D5,/0089/searchData at position 4 of 11 in additional filter chain; firing Filter: 'UsernamePasswordAuthenticationFilter'
05-23-2017 22:46:03.654,DEBUG,F1E95F0DD4A03180CCB2A520D26B26D5,/0089/searchData at position 5 of 11 in additional filter chain; firing Filter: 'BasicAuthenticationFilter'
05-23-2017 22:46:03.654,DEBUG,F1E95F0DD4A03180CCB2A520D26B26D5,/0089/searchData at position 6 of 11 in additional filter chain; firing Filter: 'RequestCacheAwareFilter'
05-23-2017 22:46:03.654,DEBUG,F1E95F0DD4A03180CCB2A520D26B26D5,/0089/searchData at position 7 of 11 in additional filter chain; firing Filter: 'SecurityContextHolderAwareRequestFilter'
05-23-2017 22:46:03.654,DEBUG,F1E95F0DD4A03180CCB2A520D26B26D5,/0089/searchData at position 8 of 11 in additional filter chain; firing Filter: 'AnonymousAuthenticationFilter'
05-23-2017 22:46:03.654,DEBUG,F1E95F0DD4A03180CCB2A520D26B26D5,SecurityContextHolder not populated with anonymous token, as it already contained: 'org.springframework.security.authentication.UsernamePasswordAuthenticationToken@c4922deb: Principal: vn.bananavietnam.ict.common.auth.MyUser@c4907816: Username: U0000000001; Password: [PROTECTED]; Enabled: true; AccountNonExpired: true; credentialsNonExpired: true; AccountNonLocked: true; Granted Authorities: 1; Credentials: [PROTECTED]; Authenticated: true; Details: org.springframework.security.web.authentication.WebAuthenticationDetails@fffdaa08: RemoteIpAddress: 127.0.0.1; SessionId: F1E95F0DD4A03180CCB2A520D26B26D5; Granted Authorities: 1'
05-23-2017 22:46:03.654,DEBUG,F1E95F0DD4A03180CCB2A520D26B26D5,/0089/searchData at position 9 of 11 in additional filter chain; firing Filter: 'SessionManagementFilter'
05-23-2017 22:46:03.654,DEBUG,F1E95F0DD4A03180CCB2A520D26B26D5,/0089/searchData at position 10 of 11 in additional filter chain; firing Filter: 'ExceptionTranslationFilter'
05-23-2017 22:46:03.654,DEBUG,F1E95F0DD4A03180CCB2A520D26B26D5,/0089/searchData at position 11 of 11 in additional filter chain; firing Filter: 'FilterSecurityInterceptor'
05-23-2017 22:46:03.654,DEBUG,F1E95F0DD4A03180CCB2A520D26B26D5,Checking match of request : '/0089/searchdata'; against '/autherror*'
05-23-2017 22:46:03.654,DEBUG,F1E95F0DD4A03180CCB2A520D26B26D5,Checking match of request : '/0089/searchdata'; against '/login/**'
05-23-2017 22:46:03.654,DEBUG,F1E95F0DD4A03180CCB2A520D26B26D5,Checking match of request : '/0089/searchdata'; against '/error/**'
05-23-2017 22:46:03.654,DEBUG,F1E95F0DD4A03180CCB2A520D26B26D5,Checking match of request : '/0089/searchdata'; against '/0001/**'
05-23-2017 22:46:03.654,DEBUG,F1E95F0DD4A03180CCB2A520D26B26D5,Checking match of request : '/0089/searchdata'; against '/0002/**'
05-23-2017 22:46:03.654,DEBUG,F1E95F0DD4A03180CCB2A520D26B26D5,Checking match of request : '/0089/searchdata'; against '/0003/**'
05-23-2017 22:46:03.655,DEBUG,F1E95F0DD4A03180CCB2A520D26B26D5,Checking match of request : '/0089/searchdata'; against '/0005/**'
05-23-2017 22:46:03.655,DEBUG,F1E95F0DD4A03180CCB2A520D26B26D5,Checking match of request : '/0089/searchdata'; against '/0007/**'
05-23-2017 22:46:03.655,DEBUG,F1E95F0DD4A03180CCB2A520D26B26D5,Checking match of request : '/0089/searchdata'; against '/0009/**'
05-23-2017 22:46:03.655,DEBUG,F1E95F0DD4A03180CCB2A520D26B26D5,Checking match of request : '/0089/searchdata'; against '/0013/**'
05-23-2017 22:46:03.655,DEBUG,F1E95F0DD4A03180CCB2A520D26B26D5,Checking match of request : '/0089/searchdata'; against '/0023/**'
05-23-2017 22:46:03.655,DEBUG,F1E95F0DD4A03180CCB2A520D26B26D5,Checking match of request : '/0089/searchdata'; against '/0017/**'
05-23-2017 22:46:03.655,DEBUG,F1E95F0DD4A03180CCB2A520D26B26D5,Checking match of request : '/0089/searchdata'; against '/0031/**'
05-23-2017 22:46:03.655,DEBUG,F1E95F0DD4A03180CCB2A520D26B26D5,Checking match of request : '/0089/searchdata'; against '/0035/**'
05-23-2017 22:46:03.655,DEBUG,F1E95F0DD4A03180CCB2A520D26B26D5,Checking match of request : '/0089/searchdata'; against '/0037/**'
05-23-2017 22:46:03.655,DEBUG,F1E95F0DD4A03180CCB2A520D26B26D5,Checking match of request : '/0089/searchdata'; against '/0045/**'
05-23-2017 22:46:03.655,DEBUG,F1E95F0DD4A03180CCB2A520D26B26D5,Checking match of request : '/0089/searchdata'; against '/0047/**'
05-23-2017 22:46:03.655,DEBUG,F1E95F0DD4A03180CCB2A520D26B26D5,Checking match of request : '/0089/searchdata'; against '/0049/**'
05-23-2017 22:46:03.655,DEBUG,F1E95F0DD4A03180CCB2A520D26B26D5,Checking match of request : '/0089/searchdata'; against '/0061/**'
05-23-2017 22:46:03.655,DEBUG,F1E95F0DD4A03180CCB2A520D26B26D5,Checking match of request : '/0089/searchdata'; against '/0087/**'
05-23-2017 22:46:03.655,DEBUG,F1E95F0DD4A03180CCB2A520D26B26D5,Checking match of request : '/0089/searchdata'; against '/0075/**'
05-23-2017 22:46:03.655,DEBUG,F1E95F0DD4A03180CCB2A520D26B26D5,Checking match of request : '/0089/searchdata'; against '/0089/**'
05-23-2017 22:46:03.655,DEBUG,F1E95F0DD4A03180CCB2A520D26B26D5,Secure object: FilterInvocation: URL: /0089/searchData; Attributes: [ROLE_ADMIN, ROLE_USER, IS_AUTHENTICATED_FULLY]
05-23-2017 22:46:03.655,DEBUG,F1E95F0DD4A03180CCB2A520D26B26D5,Previously Authenticated: org.springframework.security.authentication.UsernamePasswordAuthenticationToken@c4922deb: Principal: vn.bananavietnam.ict.common.auth.MyUser@c4907816: Username: U0000000001; Password: [PROTECTED]; Enabled: true; AccountNonExpired: true; credentialsNonExpired: true; AccountNonLocked: true; Granted Authorities: 1; Credentials: [PROTECTED]; Authenticated: true; Details: org.springframework.security.web.authentication.WebAuthenticationDetails@fffdaa08: RemoteIpAddress: 127.0.0.1; SessionId: F1E95F0DD4A03180CCB2A520D26B26D5; Granted Authorities: 1
05-23-2017 22:46:03.655,DEBUG,F1E95F0DD4A03180CCB2A520D26B26D5,Voter: org.springframework.security.access.vote.RoleVoter@1ac872d, returned: -1
05-23-2017 22:46:03.655,DEBUG,F1E95F0DD4A03180CCB2A520D26B26D5,Voter: org.springframework.security.access.vote.AuthenticatedVoter@b1927d, returned: 1
05-23-2017 22:46:03.655,DEBUG,F1E95F0DD4A03180CCB2A520D26B26D5,Authorization successful
05-23-2017 22:46:03.655,DEBUG,F1E95F0DD4A03180CCB2A520D26B26D5,RunAsManager did not change Authentication object
05-23-2017 22:46:03.655,DEBUG,F1E95F0DD4A03180CCB2A520D26B26D5,/0089/searchData reached end of additional filter chain; proceeding with original chain
05-23-2017 22:46:03.655,DEBUG,F1E95F0DD4A03180CCB2A520D26B26D5,Request [/ict/0089/searchData] is not a multipart request
05-23-2017 22:46:03.655,DEBUG,36C82308EDC720C03E009B9F8B3E25FF,DispatcherServlet with name 'appServlet' processing POST request for [/ict/0089/searchData]
05-23-2017 22:46:03.655,DEBUG,36C82308EDC720C03E009B9F8B3E25FF,Looking up handler method for path /0089/searchData
05-23-2017 22:46:03.655,DEBUG,36C82308EDC720C03E009B9F8B3E25FF,Returning handler method [public java.util.List<vn.bananavietnam.ict.banana.component.Bnn0089SearchTaskResult> vn.bananavietnam.ict.banana.controller.Bnn0089SearchTaskController.searchData(vn.bananavietnam.ict.banana.component.Bnn0089SearchTaskConditions)]
05-23-2017 22:46:03.655,DEBUG,36C82308EDC720C03E009B9F8B3E25FF,Returning cached instance of singleton bean 'bnn0089SearchTaskController'
05-23-2017 22:46:03.655,DEBUG,36C82308EDC720C03E009B9F8B3E25FF,Returning cached instance of singleton bean 'xml_path'
05-23-2017 22:46:03.656,DEBUG,36C82308EDC720C03E009B9F8B3E25FF,Read [class vn.bananavietnam.ict.banana.component.Bnn0089SearchTaskConditions] as "application/json" with [org.springframework.http.converter.json.MappingJackson2HttpMessageConverter@156f2cc]
05-23-2017 22:46:03.656,INFO ,36C82308EDC720C03E009B9F8B3E25FF,U0000000001,vn.bananavietnam.ict.banana.service.Bnn0089SearchTaskService,searchData,[vn.bananavietnam.ict.banana.component.Bnn0089SearchTaskConditions@1875eed] METHOD START
05-23-2017 22:46:03.656,DEBUG,36C82308EDC720C03E009B9F8B3E25FF,Returning cached instance of singleton bean 'transactionManager'
05-23-2017 22:46:03.656,INFO ,36C82308EDC720C03E009B9F8B3E25FF,U0000000001,Task searching started
05-23-2017 22:46:03.656,DEBUG,36C82308EDC720C03E009B9F8B3E25FF,Creating a new SqlSession
05-23-2017 22:46:03.656,DEBUG,36C82308EDC720C03E009B9F8B3E25FF,Registering transaction synchronization for SqlSession [org.apache.ibatis.session.defaults.DefaultSqlSession@52b98d]
05-23-2017 22:46:03.656,DEBUG,36C82308EDC720C03E009B9F8B3E25FF,Fetching JDBC Connection from DataSource
05-23-2017 22:46:03.656,DEBUG,36C82308EDC720C03E009B9F8B3E25FF,Creating new JDBC DriverManager Connection to [jdbc:mysql://172.16.0.175:3306/BANANA_DB_HUNG_SELENIUM?useUnicode=yes&characterEncoding=UTF-8&autoReconnect=true]
05-23-2017 22:46:07.663,DEBUG,36C82308EDC720C03E009B9F8B3E25FF,Releasing transactional SqlSession [org.apache.ibatis.session.defaults.DefaultSqlSession@52b98d]
05-23-2017 22:46:07.674,ERROR,36C82308EDC720C03E009B9F8B3E25FF,U0000000001,java.lang.Exception: nested exception is org.apache.ibatis.exceptions.PersistenceException: 
05-23-2017 22:46:07.674,DEBUG,36C82308EDC720C03E009B9F8B3E25FF,Transaction synchronization deregistering SqlSession [org.apache.ibatis.session.defaults.DefaultSqlSession@52b98d]
05-23-2017 22:46:07.674,DEBUG,36C82308EDC720C03E009B9F8B3E25FF,Transaction synchronization closing SqlSession [org.apache.ibatis.session.defaults.DefaultSqlSession@52b98d]
05-23-2017 22:46:07.674,DEBUG,36C82308EDC720C03E009B9F8B3E25FF,Should roll back transaction but cannot - no transaction available
05-23-2017 22:46:07.674,INFO ,36C82308EDC720C03E009B9F8B3E25FF,U0000000001,vn.bananavietnam.ict.banana.service.Bnn0089SearchTaskService,searchData,[vn.bananavietnam.ict.banana.component.Bnn0089SearchTaskConditions@1875eed] METHOD END
05-23-2017 22:46:07.675,DEBUG,36C82308EDC720C03E009B9F8B3E25FF,Null ModelAndView returned to DispatcherServlet with name 'appServlet': assuming HandlerAdapter completed request handling
05-23-2017 22:46:07.676,DEBUG,36C82308EDC720C03E009B9F8B3E25FF,Successfully completed request
05-23-2017 22:46:07.676,DEBUG,36C82308EDC720C03E009B9F8B3E25FF,Chain processed normally
05-23-2017 22:46:07.676,DEBUG,36C82308EDC720C03E009B9F8B3E25FF,SecurityContextHolder now cleared, as request processing completed
05-23-2017 22:46:25.076,DEBUG,9213533C3DF24B9F1B4AEA47FCE83E75,/0089/searchData at position 1 of 11 in additional filter chain; firing Filter: 'SecurityContextPersistenceFilter'
05-23-2017 22:46:25.077,DEBUG,9213533C3DF24B9F1B4AEA47FCE83E75,Obtained a valid SecurityContext from SPRING_SECURITY_CONTEXT: 'org.springframework.security.core.context.SecurityContextImpl@c4922deb: Authentication: org.springframework.security.authentication.UsernamePasswordAuthenticationToken@c4922deb: Principal: vn.bananavietnam.ict.common.auth.MyUser@c4907816: Username: U0000000001; Password: [PROTECTED]; Enabled: true; AccountNonExpired: true; credentialsNonExpired: true; AccountNonLocked: true; Granted Authorities: 1; Credentials: [PROTECTED]; Authenticated: true; Details: org.springframework.security.web.authentication.WebAuthenticationDetails@fffdaa08: RemoteIpAddress: 127.0.0.1; SessionId: F1E95F0DD4A03180CCB2A520D26B26D5; Granted Authorities: 1'
05-23-2017 22:46:25.077,DEBUG,9213533C3DF24B9F1B4AEA47FCE83E75,/0089/searchData at position 2 of 11 in additional filter chain; firing Filter: 'WebAsyncManagerIntegrationFilter'
05-23-2017 22:46:25.077,DEBUG,9213533C3DF24B9F1B4AEA47FCE83E75,/0089/searchData at position 3 of 11 in additional filter chain; firing Filter: 'LogoutFilter'
05-23-2017 22:46:25.077,DEBUG,9213533C3DF24B9F1B4AEA47FCE83E75,/0089/searchData at position 4 of 11 in additional filter chain; firing Filter: 'UsernamePasswordAuthenticationFilter'
05-23-2017 22:46:25.077,DEBUG,9213533C3DF24B9F1B4AEA47FCE83E75,/0089/searchData at position 5 of 11 in additional filter chain; firing Filter: 'BasicAuthenticationFilter'
05-23-2017 22:46:25.077,DEBUG,9213533C3DF24B9F1B4AEA47FCE83E75,/0089/searchData at position 6 of 11 in additional filter chain; firing Filter: 'RequestCacheAwareFilter'
05-23-2017 22:46:25.077,DEBUG,9213533C3DF24B9F1B4AEA47FCE83E75,/0089/searchData at position 7 of 11 in additional filter chain; firing Filter: 'SecurityContextHolderAwareRequestFilter'
05-23-2017 22:46:25.077,DEBUG,9213533C3DF24B9F1B4AEA47FCE83E75,/0089/searchData at position 8 of 11 in additional filter chain; firing Filter: 'AnonymousAuthenticationFilter'
05-23-2017 22:46:25.077,DEBUG,9213533C3DF24B9F1B4AEA47FCE83E75,SecurityContextHolder not populated with anonymous token, as it already contained: 'org.springframework.security.authentication.UsernamePasswordAuthenticationToken@c4922deb: Principal: vn.bananavietnam.ict.common.auth.MyUser@c4907816: Username: U0000000001; Password: [PROTECTED]; Enabled: true; AccountNonExpired: true; credentialsNonExpired: true; AccountNonLocked: true; Granted Authorities: 1; Credentials: [PROTECTED]; Authenticated: true; Details: org.springframework.security.web.authentication.WebAuthenticationDetails@fffdaa08: RemoteIpAddress: 127.0.0.1; SessionId: F1E95F0DD4A03180CCB2A520D26B26D5; Granted Authorities: 1'
05-23-2017 22:46:25.077,DEBUG,9213533C3DF24B9F1B4AEA47FCE83E75,/0089/searchData at position 9 of 11 in additional filter chain; firing Filter: 'SessionManagementFilter'
05-23-2017 22:46:25.077,DEBUG,9213533C3DF24B9F1B4AEA47FCE83E75,/0089/searchData at position 10 of 11 in additional filter chain; firing Filter: 'ExceptionTranslationFilter'
05-23-2017 22:46:25.077,DEBUG,9213533C3DF24B9F1B4AEA47FCE83E75,/0089/searchData at position 11 of 11 in additional filter chain; firing Filter: 'FilterSecurityInterceptor'
05-23-2017 22:46:25.077,DEBUG,9213533C3DF24B9F1B4AEA47FCE83E75,Checking match of request : '/0089/searchdata'; against '/autherror*'
05-23-2017 22:46:25.077,DEBUG,9213533C3DF24B9F1B4AEA47FCE83E75,Checking match of request : '/0089/searchdata'; against '/login/**'
05-23-2017 22:46:25.077,DEBUG,9213533C3DF24B9F1B4AEA47FCE83E75,Checking match of request : '/0089/searchdata'; against '/error/**'
05-23-2017 22:46:25.077,DEBUG,9213533C3DF24B9F1B4AEA47FCE83E75,Checking match of request : '/0089/searchdata'; against '/0001/**'
05-23-2017 22:46:25.077,DEBUG,9213533C3DF24B9F1B4AEA47FCE83E75,Checking match of request : '/0089/searchdata'; against '/0002/**'
05-23-2017 22:46:25.077,DEBUG,9213533C3DF24B9F1B4AEA47FCE83E75,Checking match of request : '/0089/searchdata'; against '/0003/**'
05-23-2017 22:46:25.077,DEBUG,9213533C3DF24B9F1B4AEA47FCE83E75,Checking match of request : '/0089/searchdata'; against '/0005/**'
05-23-2017 22:46:25.078,DEBUG,9213533C3DF24B9F1B4AEA47FCE83E75,Checking match of request : '/0089/searchdata'; against '/0007/**'
05-23-2017 22:46:25.078,DEBUG,9213533C3DF24B9F1B4AEA47FCE83E75,Checking match of request : '/0089/searchdata'; against '/0009/**'
05-23-2017 22:46:25.078,DEBUG,9213533C3DF24B9F1B4AEA47FCE83E75,Checking match of request : '/0089/searchdata'; against '/0013/**'
05-23-2017 22:46:25.078,DEBUG,9213533C3DF24B9F1B4AEA47FCE83E75,Checking match of request : '/0089/searchdata'; against '/0023/**'
05-23-2017 22:46:25.078,DEBUG,9213533C3DF24B9F1B4AEA47FCE83E75,Checking match of request : '/0089/searchdata'; against '/0017/**'
05-23-2017 22:46:25.078,DEBUG,9213533C3DF24B9F1B4AEA47FCE83E75,Checking match of request : '/0089/searchdata'; against '/0031/**'
05-23-2017 22:46:25.078,DEBUG,9213533C3DF24B9F1B4AEA47FCE83E75,Checking match of request : '/0089/searchdata'; against '/0035/**'
05-23-2017 22:46:25.078,DEBUG,9213533C3DF24B9F1B4AEA47FCE83E75,Checking match of request : '/0089/searchdata'; against '/0037/**'
05-23-2017 22:46:25.078,DEBUG,9213533C3DF24B9F1B4AEA47FCE83E75,Checking match of request : '/0089/searchdata'; against '/0045/**'
05-23-2017 22:46:25.078,DEBUG,9213533C3DF24B9F1B4AEA47FCE83E75,Checking match of request : '/0089/searchdata'; against '/0047/**'
05-23-2017 22:46:25.078,DEBUG,9213533C3DF24B9F1B4AEA47FCE83E75,Checking match of request : '/0089/searchdata'; against '/0049/**'
05-23-2017 22:46:25.078,DEBUG,9213533C3DF24B9F1B4AEA47FCE83E75,Checking match of request : '/0089/searchdata'; against '/0061/**'
05-23-2017 22:46:25.078,DEBUG,9213533C3DF24B9F1B4AEA47FCE83E75,Checking match of request : '/0089/searchdata'; against '/0087/**'
05-23-2017 22:46:25.078,DEBUG,9213533C3DF24B9F1B4AEA47FCE83E75,Checking match of request : '/0089/searchdata'; against '/0075/**'
05-23-2017 22:46:25.078,DEBUG,9213533C3DF24B9F1B4AEA47FCE83E75,Checking match of request : '/0089/searchdata'; against '/0089/**'
05-23-2017 22:46:25.078,DEBUG,9213533C3DF24B9F1B4AEA47FCE83E75,Secure object: FilterInvocation: URL: /0089/searchData; Attributes: [ROLE_ADMIN, ROLE_USER, IS_AUTHENTICATED_FULLY]
05-23-2017 22:46:25.078,DEBUG,9213533C3DF24B9F1B4AEA47FCE83E75,Previously Authenticated: org.springframework.security.authentication.UsernamePasswordAuthenticationToken@c4922deb: Principal: vn.bananavietnam.ict.common.auth.MyUser@c4907816: Username: U0000000001; Password: [PROTECTED]; Enabled: true; AccountNonExpired: true; credentialsNonExpired: true; AccountNonLocked: true; Granted Authorities: 1; Credentials: [PROTECTED]; Authenticated: true; Details: org.springframework.security.web.authentication.WebAuthenticationDetails@fffdaa08: RemoteIpAddress: 127.0.0.1; SessionId: F1E95F0DD4A03180CCB2A520D26B26D5; Granted Authorities: 1
05-23-2017 22:46:25.078,DEBUG,9213533C3DF24B9F1B4AEA47FCE83E75,Voter: org.springframework.security.access.vote.RoleVoter@1ac872d, returned: -1
05-23-2017 22:46:25.078,DEBUG,9213533C3DF24B9F1B4AEA47FCE83E75,Voter: org.springframework.security.access.vote.AuthenticatedVoter@b1927d, returned: 1
05-23-2017 22:46:25.078,DEBUG,9213533C3DF24B9F1B4AEA47FCE83E75,Authorization successful
05-23-2017 22:46:25.078,DEBUG,9213533C3DF24B9F1B4AEA47FCE83E75,RunAsManager did not change Authentication object
05-23-2017 22:46:25.078,DEBUG,9213533C3DF24B9F1B4AEA47FCE83E75,/0089/searchData reached end of additional filter chain; proceeding with original chain
05-23-2017 22:46:25.078,DEBUG,9213533C3DF24B9F1B4AEA47FCE83E75,Request [/ict/0089/searchData] is not a multipart request
05-23-2017 22:46:25.078,DEBUG,36C82308EDC720C03E009B9F8B3E25FF,DispatcherServlet with name 'appServlet' processing POST request for [/ict/0089/searchData]
05-23-2017 22:46:25.078,DEBUG,36C82308EDC720C03E009B9F8B3E25FF,Looking up handler method for path /0089/searchData
05-23-2017 22:46:25.078,DEBUG,36C82308EDC720C03E009B9F8B3E25FF,Returning handler method [public java.util.List<vn.bananavietnam.ict.banana.component.Bnn0089SearchTaskResult> vn.bananavietnam.ict.banana.controller.Bnn0089SearchTaskController.searchData(vn.bananavietnam.ict.banana.component.Bnn0089SearchTaskConditions)]
05-23-2017 22:46:25.079,DEBUG,36C82308EDC720C03E009B9F8B3E25FF,Returning cached instance of singleton bean 'bnn0089SearchTaskController'
05-23-2017 22:46:25.079,DEBUG,36C82308EDC720C03E009B9F8B3E25FF,Returning cached instance of singleton bean 'xml_path'
05-23-2017 22:46:25.079,DEBUG,36C82308EDC720C03E009B9F8B3E25FF,Read [class vn.bananavietnam.ict.banana.component.Bnn0089SearchTaskConditions] as "application/json" with [org.springframework.http.converter.json.MappingJackson2HttpMessageConverter@156f2cc]
05-23-2017 22:46:25.079,INFO ,36C82308EDC720C03E009B9F8B3E25FF,U0000000001,vn.bananavietnam.ict.banana.service.Bnn0089SearchTaskService,searchData,[vn.bananavietnam.ict.banana.component.Bnn0089SearchTaskConditions@16ad9e3] METHOD START
05-23-2017 22:46:25.079,DEBUG,36C82308EDC720C03E009B9F8B3E25FF,Returning cached instance of singleton bean 'transactionManager'
05-23-2017 22:46:25.079,INFO ,36C82308EDC720C03E009B9F8B3E25FF,U0000000001,Task searching started
05-23-2017 22:46:25.079,DEBUG,36C82308EDC720C03E009B9F8B3E25FF,Creating a new SqlSession
05-23-2017 22:46:25.079,DEBUG,36C82308EDC720C03E009B9F8B3E25FF,Registering transaction synchronization for SqlSession [org.apache.ibatis.session.defaults.DefaultSqlSession@1208e20]
05-23-2017 22:46:25.080,DEBUG,36C82308EDC720C03E009B9F8B3E25FF,Fetching JDBC Connection from DataSource
05-23-2017 22:46:25.080,DEBUG,36C82308EDC720C03E009B9F8B3E25FF,Creating new JDBC DriverManager Connection to [jdbc:mysql://172.16.0.175:3306/BANANA_DB_HUNG_SELENIUM?useUnicode=yes&characterEncoding=UTF-8&autoReconnect=true]
05-23-2017 22:46:25.098,DEBUG,36C82308EDC720C03E009B9F8B3E25FF,Registering transaction synchronization for JDBC Connection
05-23-2017 22:46:25.098,DEBUG,36C82308EDC720C03E009B9F8B3E25FF,JDBC Connection [com.mysql.jdbc.JDBC4Connection@362628] will be managed by Spring
05-23-2017 22:46:25.098,DEBUG,36C82308EDC720C03E009B9F8B3E25FF,==>  Preparing: SELECT T.TASK_ID taskId, T.TASK_NAME taskName, T.WORKING_DETAILS workingDetails, T.NOTE note, T.QUARANTINE_HANDLING_FLAG quarantineHandlingFlag, T.DELETE_FLAG deleteFlag, T.CHANGE_POINT_CODE changePointCode, T.LAST_UPDATE_DATE lastUpdateDate FROM IVB_M_TASK T WHERE 1 = 1 AND T.DELETE_FLAG = '0' ORDER BY T.TASK_NAME LIMIT ?,? 
05-23-2017 22:46:25.098,DEBUG,36C82308EDC720C03E009B9F8B3E25FF,==> Parameters: 0(Integer), 20(Integer)
05-23-2017 22:46:25.101,DEBUG,36C82308EDC720C03E009B9F8B3E25FF,<==      Total: 20
05-23-2017 22:46:25.101,DEBUG,36C82308EDC720C03E009B9F8B3E25FF,Releasing transactional SqlSession [org.apache.ibatis.session.defaults.DefaultSqlSession@1208e20]
05-23-2017 22:46:25.101,INFO ,36C82308EDC720C03E009B9F8B3E25FF,U0000000001,SQL execution finished
05-23-2017 22:46:25.101,DEBUG,36C82308EDC720C03E009B9F8B3E25FF,Fetched SqlSession [org.apache.ibatis.session.defaults.DefaultSqlSession@1208e20] from current transaction
05-23-2017 22:46:25.101,DEBUG,36C82308EDC720C03E009B9F8B3E25FF,==>  Preparing: SELECT COUNT(*) FROM IVB_M_TASK T WHERE 1 = 1 AND T.DELETE_FLAG = '0' ORDER BY T.TASK_ID 
05-23-2017 22:46:25.101,DEBUG,36C82308EDC720C03E009B9F8B3E25FF,==> Parameters: 
05-23-2017 22:46:25.102,DEBUG,36C82308EDC720C03E009B9F8B3E25FF,<==      Total: 1
05-23-2017 22:46:25.103,DEBUG,36C82308EDC720C03E009B9F8B3E25FF,Releasing transactional SqlSession [org.apache.ibatis.session.defaults.DefaultSqlSession@1208e20]
05-23-2017 22:46:25.103,INFO ,36C82308EDC720C03E009B9F8B3E25FF,U0000000001,Task searching finished ==> 43 item(s)
05-23-2017 22:46:25.103,DEBUG,36C82308EDC720C03E009B9F8B3E25FF,Transaction synchronization deregistering SqlSession [org.apache.ibatis.session.defaults.DefaultSqlSession@1208e20]
05-23-2017 22:46:25.103,DEBUG,36C82308EDC720C03E009B9F8B3E25FF,Transaction synchronization closing SqlSession [org.apache.ibatis.session.defaults.DefaultSqlSession@1208e20]
05-23-2017 22:46:25.103,DEBUG,36C82308EDC720C03E009B9F8B3E25FF,Returning JDBC Connection to DataSource
05-23-2017 22:46:25.103,INFO ,36C82308EDC720C03E009B9F8B3E25FF,U0000000001,vn.bananavietnam.ict.banana.service.Bnn0089SearchTaskService,searchData,[vn.bananavietnam.ict.banana.component.Bnn0089SearchTaskConditions@16ad9e3] METHOD END
05-23-2017 22:46:25.106,DEBUG,36C82308EDC720C03E009B9F8B3E25FF,Written [[vn.bananavietnam.ict.banana.component.Bnn0089SearchTaskResult@16b3ad3, vn.bananavietnam.ict.banana.component.Bnn0089SearchTaskResult@1c038f4, vn.bananavietnam.ict.banana.component.Bnn0089SearchTaskResult@8a231c, vn.bananavietnam.ict.banana.component.Bnn0089SearchTaskResult@1523c34, vn.bananavietnam.ict.banana.component.Bnn0089SearchTaskResult@1e931ef, vn.bananavietnam.ict.banana.component.Bnn0089SearchTaskResult@19ebcfe, vn.bananavietnam.ict.banana.component.Bnn0089SearchTaskResult@eff152, vn.bananavietnam.ict.banana.component.Bnn0089SearchTaskResult@58dee7, vn.bananavietnam.ict.banana.component.Bnn0089SearchTaskResult@e4f1ca, vn.bananavietnam.ict.banana.component.Bnn0089SearchTaskResult@8bdfa4, vn.bananavietnam.ict.banana.component.Bnn0089SearchTaskResult@191c286, vn.bananavietnam.ict.banana.component.Bnn0089SearchTaskResult@1fc9d75, vn.bananavietnam.ict.banana.component.Bnn0089SearchTaskResult@6f58a1, vn.bananavietnam.ict.banana.component.Bnn0089SearchTaskResult@8fc077, vn.bananavietnam.ict.banana.component.Bnn0089SearchTaskResult@133b452, vn.bananavietnam.ict.banana.component.Bnn0089SearchTaskResult@b59274, vn.bananavietnam.ict.banana.component.Bnn0089SearchTaskResult@e97ed3, vn.bananavietnam.ict.banana.component.Bnn0089SearchTaskResult@18241, vn.bananavietnam.ict.banana.component.Bnn0089SearchTaskResult@2e3337, vn.bananavietnam.ict.banana.component.Bnn0089SearchTaskResult@1634b4]] as "application/json;charset=UTF-8" using [org.springframework.http.converter.json.MappingJackson2HttpMessageConverter@156f2cc]
05-23-2017 22:46:25.106,DEBUG,36C82308EDC720C03E009B9F8B3E25FF,Null ModelAndView returned to DispatcherServlet with name 'appServlet': assuming HandlerAdapter completed request handling
05-23-2017 22:46:25.106,DEBUG,36C82308EDC720C03E009B9F8B3E25FF,Successfully completed request
05-23-2017 22:46:25.106,DEBUG,36C82308EDC720C03E009B9F8B3E25FF,Chain processed normally
05-23-2017 22:46:25.106,DEBUG,36C82308EDC720C03E009B9F8B3E25FF,SecurityContextHolder now cleared, as request processing completed
