05-23-2017 23:55:55.192,DEBUG,59FEB64C87CCAA6E486DE1518CDAA752,/0089/searchData at position 1 of 11 in additional filter chain; firing Filter: 'SecurityContextPersistenceFilter'
05-23-2017 23:55:55.192,DEBUG,59FEB64C87CCAA6E486DE1518CDAA752,No HttpSession currently exists
05-23-2017 23:55:55.192,DEBUG,59FEB64C87CCAA6E486DE1518CDAA752,No SecurityContext was available from the HttpSession: null. A new one will be created.
05-23-2017 23:55:55.192,DEBUG,59FEB64C87CCAA6E486DE1518CDAA752,/0089/searchData at position 2 of 11 in additional filter chain; firing Filter: 'WebAsyncManagerIntegrationFilter'
05-23-2017 23:55:55.192,DEBUG,59FEB64C87CCAA6E486DE1518CDAA752,/0089/searchData at position 3 of 11 in additional filter chain; firing Filter: 'LogoutFilter'
05-23-2017 23:55:55.192,DEBUG,59FEB64C87CCAA6E486DE1518CDAA752,/0089/searchData at position 4 of 11 in additional filter chain; firing Filter: 'UsernamePasswordAuthenticationFilter'
05-23-2017 23:55:55.192,DEBUG,59FEB64C87CCAA6E486DE1518CDAA752,/0089/searchData at position 5 of 11 in additional filter chain; firing Filter: 'BasicAuthenticationFilter'
05-23-2017 23:55:55.192,DEBUG,59FEB64C87CCAA6E486DE1518CDAA752,/0089/searchData at position 6 of 11 in additional filter chain; firing Filter: 'RequestCacheAwareFilter'
05-23-2017 23:55:55.192,DEBUG,59FEB64C87CCAA6E486DE1518CDAA752,/0089/searchData at position 7 of 11 in additional filter chain; firing Filter: 'SecurityContextHolderAwareRequestFilter'
05-23-2017 23:55:55.193,DEBUG,59FEB64C87CCAA6E486DE1518CDAA752,/0089/searchData at position 8 of 11 in additional filter chain; firing Filter: 'AnonymousAuthenticationFilter'
05-23-2017 23:55:55.193,DEBUG,59FEB64C87CCAA6E486DE1518CDAA752,Populated SecurityContextHolder with anonymous token: 'org.springframework.security.authentication.AnonymousAuthenticationToken@9055c2bc: Principal: anonymousUser; Credentials: [PROTECTED]; Authenticated: true; Details: org.springframework.security.web.authentication.WebAuthenticationDetails@b364: RemoteIpAddress: 0:0:0:0:0:0:0:1; SessionId: null; Granted Authorities: ROLE_ANONYMOUS'
05-23-2017 23:55:55.193,DEBUG,59FEB64C87CCAA6E486DE1518CDAA752,/0089/searchData at position 9 of 11 in additional filter chain; firing Filter: 'SessionManagementFilter'
05-23-2017 23:55:55.193,DEBUG,59FEB64C87CCAA6E486DE1518CDAA752,Requested session ID 59FEB64C87CCAA6E486DE1518CDAA752 is invalid.
05-23-2017 23:55:55.193,DEBUG,59FEB64C87CCAA6E486DE1518CDAA752,/0089/searchData at position 10 of 11 in additional filter chain; firing Filter: 'ExceptionTranslationFilter'
05-23-2017 23:55:55.193,DEBUG,59FEB64C87CCAA6E486DE1518CDAA752,/0089/searchData at position 11 of 11 in additional filter chain; firing Filter: 'FilterSecurityInterceptor'
05-23-2017 23:55:55.193,DEBUG,59FEB64C87CCAA6E486DE1518CDAA752,Checking match of request : '/0089/searchdata'; against '/autherror*'
05-23-2017 23:55:55.193,DEBUG,59FEB64C87CCAA6E486DE1518CDAA752,Checking match of request : '/0089/searchdata'; against '/login/**'
05-23-2017 23:55:55.193,DEBUG,59FEB64C87CCAA6E486DE1518CDAA752,Checking match of request : '/0089/searchdata'; against '/error/**'
05-23-2017 23:55:55.193,DEBUG,59FEB64C87CCAA6E486DE1518CDAA752,Checking match of request : '/0089/searchdata'; against '/0001/**'
05-23-2017 23:55:55.193,DEBUG,59FEB64C87CCAA6E486DE1518CDAA752,Checking match of request : '/0089/searchdata'; against '/0002/**'
05-23-2017 23:55:55.193,DEBUG,59FEB64C87CCAA6E486DE1518CDAA752,Checking match of request : '/0089/searchdata'; against '/0003/**'
05-23-2017 23:55:55.193,DEBUG,59FEB64C87CCAA6E486DE1518CDAA752,Checking match of request : '/0089/searchdata'; against '/0005/**'
05-23-2017 23:55:55.193,DEBUG,59FEB64C87CCAA6E486DE1518CDAA752,Checking match of request : '/0089/searchdata'; against '/0007/**'
05-23-2017 23:55:55.193,DEBUG,59FEB64C87CCAA6E486DE1518CDAA752,Checking match of request : '/0089/searchdata'; against '/0009/**'
05-23-2017 23:55:55.193,DEBUG,59FEB64C87CCAA6E486DE1518CDAA752,Checking match of request : '/0089/searchdata'; against '/0013/**'
05-23-2017 23:55:55.193,DEBUG,59FEB64C87CCAA6E486DE1518CDAA752,Checking match of request : '/0089/searchdata'; against '/0023/**'
05-23-2017 23:55:55.193,DEBUG,59FEB64C87CCAA6E486DE1518CDAA752,Checking match of request : '/0089/searchdata'; against '/0017/**'
05-23-2017 23:55:55.193,DEBUG,59FEB64C87CCAA6E486DE1518CDAA752,Checking match of request : '/0089/searchdata'; against '/0031/**'
05-23-2017 23:55:55.193,DEBUG,59FEB64C87CCAA6E486DE1518CDAA752,Checking match of request : '/0089/searchdata'; against '/0035/**'
05-23-2017 23:55:55.193,DEBUG,59FEB64C87CCAA6E486DE1518CDAA752,Checking match of request : '/0089/searchdata'; against '/0037/**'
05-23-2017 23:55:55.193,DEBUG,59FEB64C87CCAA6E486DE1518CDAA752,Checking match of request : '/0089/searchdata'; against '/0045/**'
05-23-2017 23:55:55.193,DEBUG,59FEB64C87CCAA6E486DE1518CDAA752,Checking match of request : '/0089/searchdata'; against '/0047/**'
05-23-2017 23:55:55.193,DEBUG,59FEB64C87CCAA6E486DE1518CDAA752,Checking match of request : '/0089/searchdata'; against '/0049/**'
05-23-2017 23:55:55.193,DEBUG,59FEB64C87CCAA6E486DE1518CDAA752,Checking match of request : '/0089/searchdata'; against '/0061/**'
05-23-2017 23:55:55.193,DEBUG,59FEB64C87CCAA6E486DE1518CDAA752,Checking match of request : '/0089/searchdata'; against '/0087/**'
05-23-2017 23:55:55.193,DEBUG,59FEB64C87CCAA6E486DE1518CDAA752,Checking match of request : '/0089/searchdata'; against '/0075/**'
05-23-2017 23:55:55.193,DEBUG,59FEB64C87CCAA6E486DE1518CDAA752,Checking match of request : '/0089/searchdata'; against '/0089/**'
05-23-2017 23:55:55.193,DEBUG,59FEB64C87CCAA6E486DE1518CDAA752,Secure object: FilterInvocation: URL: /0089/searchData; Attributes: [ROLE_ADMIN, ROLE_USER, IS_AUTHENTICATED_FULLY]
05-23-2017 23:55:55.193,DEBUG,59FEB64C87CCAA6E486DE1518CDAA752,Previously Authenticated: org.springframework.security.authentication.AnonymousAuthenticationToken@9055c2bc: Principal: anonymousUser; Credentials: [PROTECTED]; Authenticated: true; Details: org.springframework.security.web.authentication.WebAuthenticationDetails@b364: RemoteIpAddress: 0:0:0:0:0:0:0:1; SessionId: null; Granted Authorities: ROLE_ANONYMOUS
05-23-2017 23:55:55.193,DEBUG,59FEB64C87CCAA6E486DE1518CDAA752,Voter: org.springframework.security.access.vote.RoleVoter@1ac872d, returned: -1
05-23-2017 23:55:55.193,DEBUG,59FEB64C87CCAA6E486DE1518CDAA752,Voter: org.springframework.security.access.vote.AuthenticatedVoter@b1927d, returned: -1
05-23-2017 23:55:55.194,DEBUG,59FEB64C87CCAA6E486DE1518CDAA752,Access is denied (user is anonymous); redirecting to authentication entry point
05-23-2017 23:55:55.194,DEBUG,59FEB64C87CCAA6E486DE1518CDAA752,DefaultSavedRequest added to Session: DefaultSavedRequest[http://localhost:8080/ict/0089/searchData]
05-23-2017 23:55:55.194,DEBUG,59FEB64C87CCAA6E486DE1518CDAA752,Calling Authentication entry point.
05-23-2017 23:55:55.195,DEBUG,59FEB64C87CCAA6E486DE1518CDAA752,Redirecting to 'http://localhost:8080/ict/'
05-23-2017 23:55:55.195,DEBUG,59FEB64C87CCAA6E486DE1518CDAA752,SecurityContext is empty or contents are anonymous - context will not be stored in HttpSession.
05-23-2017 23:55:55.195,DEBUG,59FEB64C87CCAA6E486DE1518CDAA752,SecurityContextHolder now cleared, as request processing completed
05-23-2017 23:55:55.200,DEBUG,B8CD2D44CD50CAD8B0239D0BE7D58DEB,/login at position 1 of 11 in additional filter chain; firing Filter: 'SecurityContextPersistenceFilter'
05-23-2017 23:55:55.201,DEBUG,B8CD2D44CD50CAD8B0239D0BE7D58DEB,HttpSession returned null object for SPRING_SECURITY_CONTEXT
05-23-2017 23:55:55.201,DEBUG,B8CD2D44CD50CAD8B0239D0BE7D58DEB,No SecurityContext was available from the HttpSession: org.apache.catalina.session.StandardSessionFacade@1ffd37e. A new one will be created.
05-23-2017 23:55:55.201,DEBUG,B8CD2D44CD50CAD8B0239D0BE7D58DEB,/login at position 2 of 11 in additional filter chain; firing Filter: 'WebAsyncManagerIntegrationFilter'
05-23-2017 23:55:55.201,DEBUG,B8CD2D44CD50CAD8B0239D0BE7D58DEB,/login at position 3 of 11 in additional filter chain; firing Filter: 'LogoutFilter'
05-23-2017 23:55:55.201,DEBUG,B8CD2D44CD50CAD8B0239D0BE7D58DEB,Logging out user 'null' and transferring to logout destination
05-23-2017 23:55:55.201,DEBUG,B8CD2D44CD50CAD8B0239D0BE7D58DEB,Invalidating session: DEF6341A7530D0D7C375E8C4D77E4A61
05-23-2017 23:55:55.201,DEBUG,B8CD2D44CD50CAD8B0239D0BE7D58DEB,Using default Url: /
05-23-2017 23:55:55.201,DEBUG,B8CD2D44CD50CAD8B0239D0BE7D58DEB,Redirecting to '/ict/'
05-23-2017 23:55:55.201,DEBUG,B8CD2D44CD50CAD8B0239D0BE7D58DEB,SecurityContext is empty or contents are anonymous - context will not be stored in HttpSession.
05-23-2017 23:55:55.201,DEBUG,B8CD2D44CD50CAD8B0239D0BE7D58DEB,SecurityContextHolder now cleared, as request processing completed
05-23-2017 23:55:55.204,DEBUG,B8CD2D44CD50CAD8B0239D0BE7D58DEB,/ at position 1 of 11 in additional filter chain; firing Filter: 'SecurityContextPersistenceFilter'
05-23-2017 23:55:55.204,DEBUG,B8CD2D44CD50CAD8B0239D0BE7D58DEB,No HttpSession currently exists
05-23-2017 23:55:55.204,DEBUG,B8CD2D44CD50CAD8B0239D0BE7D58DEB,No SecurityContext was available from the HttpSession: null. A new one will be created.
05-23-2017 23:55:55.204,DEBUG,B8CD2D44CD50CAD8B0239D0BE7D58DEB,/ at position 2 of 11 in additional filter chain; firing Filter: 'WebAsyncManagerIntegrationFilter'
05-23-2017 23:55:55.204,DEBUG,B8CD2D44CD50CAD8B0239D0BE7D58DEB,/ at position 3 of 11 in additional filter chain; firing Filter: 'LogoutFilter'
05-23-2017 23:55:55.204,DEBUG,B8CD2D44CD50CAD8B0239D0BE7D58DEB,/ at position 4 of 11 in additional filter chain; firing Filter: 'UsernamePasswordAuthenticationFilter'
05-23-2017 23:55:55.204,DEBUG,B8CD2D44CD50CAD8B0239D0BE7D58DEB,/ at position 5 of 11 in additional filter chain; firing Filter: 'BasicAuthenticationFilter'
05-23-2017 23:55:55.204,DEBUG,B8CD2D44CD50CAD8B0239D0BE7D58DEB,/ at position 6 of 11 in additional filter chain; firing Filter: 'RequestCacheAwareFilter'
05-23-2017 23:55:55.204,DEBUG,B8CD2D44CD50CAD8B0239D0BE7D58DEB,/ at position 7 of 11 in additional filter chain; firing Filter: 'SecurityContextHolderAwareRequestFilter'
05-23-2017 23:55:55.204,DEBUG,B8CD2D44CD50CAD8B0239D0BE7D58DEB,/ at position 8 of 11 in additional filter chain; firing Filter: 'AnonymousAuthenticationFilter'
05-23-2017 23:55:55.204,DEBUG,B8CD2D44CD50CAD8B0239D0BE7D58DEB,Populated SecurityContextHolder with anonymous token: 'org.springframework.security.authentication.AnonymousAuthenticationToken@9055c2bc: Principal: anonymousUser; Credentials: [PROTECTED]; Authenticated: true; Details: org.springframework.security.web.authentication.WebAuthenticationDetails@b364: RemoteIpAddress: 0:0:0:0:0:0:0:1; SessionId: null; Granted Authorities: ROLE_ANONYMOUS'
05-23-2017 23:55:55.204,DEBUG,B8CD2D44CD50CAD8B0239D0BE7D58DEB,/ at position 9 of 11 in additional filter chain; firing Filter: 'SessionManagementFilter'
05-23-2017 23:55:55.204,DEBUG,B8CD2D44CD50CAD8B0239D0BE7D58DEB,Requested session ID DEF6341A7530D0D7C375E8C4D77E4A61 is invalid.
05-23-2017 23:55:55.204,DEBUG,B8CD2D44CD50CAD8B0239D0BE7D58DEB,/ at position 10 of 11 in additional filter chain; firing Filter: 'ExceptionTranslationFilter'
05-23-2017 23:55:55.204,DEBUG,B8CD2D44CD50CAD8B0239D0BE7D58DEB,/ at position 11 of 11 in additional filter chain; firing Filter: 'FilterSecurityInterceptor'
05-23-2017 23:55:55.204,DEBUG,B8CD2D44CD50CAD8B0239D0BE7D58DEB,Checking match of request : '/'; against '/autherror*'
05-23-2017 23:55:55.204,DEBUG,B8CD2D44CD50CAD8B0239D0BE7D58DEB,Checking match of request : '/'; against '/login/**'
05-23-2017 23:55:55.204,DEBUG,B8CD2D44CD50CAD8B0239D0BE7D58DEB,Checking match of request : '/'; against '/error/**'
05-23-2017 23:55:55.204,DEBUG,B8CD2D44CD50CAD8B0239D0BE7D58DEB,Checking match of request : '/'; against '/0001/**'
05-23-2017 23:55:55.204,DEBUG,B8CD2D44CD50CAD8B0239D0BE7D58DEB,Checking match of request : '/'; against '/0002/**'
05-23-2017 23:55:55.204,DEBUG,B8CD2D44CD50CAD8B0239D0BE7D58DEB,Checking match of request : '/'; against '/0003/**'
05-23-2017 23:55:55.204,DEBUG,B8CD2D44CD50CAD8B0239D0BE7D58DEB,Checking match of request : '/'; against '/0005/**'
05-23-2017 23:55:55.204,DEBUG,B8CD2D44CD50CAD8B0239D0BE7D58DEB,Checking match of request : '/'; against '/0007/**'
05-23-2017 23:55:55.204,DEBUG,B8CD2D44CD50CAD8B0239D0BE7D58DEB,Checking match of request : '/'; against '/0009/**'
05-23-2017 23:55:55.204,DEBUG,B8CD2D44CD50CAD8B0239D0BE7D58DEB,Checking match of request : '/'; against '/0013/**'
05-23-2017 23:55:55.204,DEBUG,B8CD2D44CD50CAD8B0239D0BE7D58DEB,Checking match of request : '/'; against '/0023/**'
05-23-2017 23:55:55.204,DEBUG,B8CD2D44CD50CAD8B0239D0BE7D58DEB,Checking match of request : '/'; against '/0017/**'
05-23-2017 23:55:55.204,DEBUG,B8CD2D44CD50CAD8B0239D0BE7D58DEB,Checking match of request : '/'; against '/0031/**'
05-23-2017 23:55:55.204,DEBUG,B8CD2D44CD50CAD8B0239D0BE7D58DEB,Checking match of request : '/'; against '/0035/**'
05-23-2017 23:55:55.204,DEBUG,B8CD2D44CD50CAD8B0239D0BE7D58DEB,Checking match of request : '/'; against '/0037/**'
05-23-2017 23:55:55.204,DEBUG,B8CD2D44CD50CAD8B0239D0BE7D58DEB,Checking match of request : '/'; against '/0045/**'
05-23-2017 23:55:55.204,DEBUG,B8CD2D44CD50CAD8B0239D0BE7D58DEB,Checking match of request : '/'; against '/0047/**'
05-23-2017 23:55:55.204,DEBUG,B8CD2D44CD50CAD8B0239D0BE7D58DEB,Checking match of request : '/'; against '/0049/**'
05-23-2017 23:55:55.204,DEBUG,B8CD2D44CD50CAD8B0239D0BE7D58DEB,Checking match of request : '/'; against '/0061/**'
05-23-2017 23:55:55.204,DEBUG,B8CD2D44CD50CAD8B0239D0BE7D58DEB,Checking match of request : '/'; against '/0087/**'
05-23-2017 23:55:55.205,DEBUG,B8CD2D44CD50CAD8B0239D0BE7D58DEB,Checking match of request : '/'; against '/0075/**'
05-23-2017 23:55:55.205,DEBUG,B8CD2D44CD50CAD8B0239D0BE7D58DEB,Checking match of request : '/'; against '/0089/**'
05-23-2017 23:55:55.205,DEBUG,B8CD2D44CD50CAD8B0239D0BE7D58DEB,Checking match of request : '/'; against '/0090/**'
05-23-2017 23:55:55.205,DEBUG,B8CD2D44CD50CAD8B0239D0BE7D58DEB,Checking match of request : '/'; against '/0091/**'
05-23-2017 23:55:55.205,DEBUG,B8CD2D44CD50CAD8B0239D0BE7D58DEB,Checking match of request : '/'; against '/0092/**'
05-23-2017 23:55:55.205,DEBUG,B8CD2D44CD50CAD8B0239D0BE7D58DEB,Checking match of request : '/'; against '/0095/**'
05-23-2017 23:55:55.205,DEBUG,B8CD2D44CD50CAD8B0239D0BE7D58DEB,Secure object: FilterInvocation: URL: /; Attributes: [IS_AUTHENTICATED_ANONYMOUSLY]
05-23-2017 23:55:55.205,DEBUG,B8CD2D44CD50CAD8B0239D0BE7D58DEB,Previously Authenticated: org.springframework.security.authentication.AnonymousAuthenticationToken@9055c2bc: Principal: anonymousUser; Credentials: [PROTECTED]; Authenticated: true; Details: org.springframework.security.web.authentication.WebAuthenticationDetails@b364: RemoteIpAddress: 0:0:0:0:0:0:0:1; SessionId: null; Granted Authorities: ROLE_ANONYMOUS
05-23-2017 23:55:55.205,DEBUG,B8CD2D44CD50CAD8B0239D0BE7D58DEB,Voter: org.springframework.security.access.vote.RoleVoter@1ac872d, returned: 0
05-23-2017 23:55:55.205,DEBUG,B8CD2D44CD50CAD8B0239D0BE7D58DEB,Voter: org.springframework.security.access.vote.AuthenticatedVoter@b1927d, returned: 1
05-23-2017 23:55:55.205,DEBUG,B8CD2D44CD50CAD8B0239D0BE7D58DEB,Authorization successful
05-23-2017 23:55:55.205,DEBUG,B8CD2D44CD50CAD8B0239D0BE7D58DEB,RunAsManager did not change Authentication object
05-23-2017 23:55:55.205,DEBUG,B8CD2D44CD50CAD8B0239D0BE7D58DEB,/ reached end of additional filter chain; proceeding with original chain
05-23-2017 23:55:55.205,DEBUG,B8CD2D44CD50CAD8B0239D0BE7D58DEB,Request [/ict/] is not a multipart request
05-23-2017 23:55:55.205,DEBUG,A5DB18B1719EAA949567BC3A4CBA1D00,DispatcherServlet with name 'appServlet' processing GET request for [/ict/]
05-23-2017 23:55:55.205,DEBUG,A5DB18B1719EAA949567BC3A4CBA1D00,Looking up handler method for path /
05-23-2017 23:55:55.205,DEBUG,A5DB18B1719EAA949567BC3A4CBA1D00,Returning handler method [public java.lang.String vn.bananavietnam.ict.common.controller.AuthController.login()]
05-23-2017 23:55:55.205,DEBUG,A5DB18B1719EAA949567BC3A4CBA1D00,Returning cached instance of singleton bean 'authController'
05-23-2017 23:55:55.205,DEBUG,A5DB18B1719EAA949567BC3A4CBA1D00,Last-Modified value for [/ict/] is: -1
05-23-2017 23:55:55.205,DEBUG,A5DB18B1719EAA949567BC3A4CBA1D00,Returning cached instance of singleton bean 'xml_path'
05-23-2017 23:55:55.205,DEBUG,A5DB18B1719EAA949567BC3A4CBA1D00,Rendering view [org.springframework.web.servlet.view.JstlView: name 'common/PageWrapper'; URL [/WEB-INF/views/common/PageWrapper.jsp]] in DispatcherServlet with name 'appServlet'
05-23-2017 23:55:55.206,DEBUG,A5DB18B1719EAA949567BC3A4CBA1D00,Forwarding to resource [/WEB-INF/views/common/PageWrapper.jsp] in InternalResourceView 'common/PageWrapper'
05-23-2017 23:55:55.208,DEBUG,A5DB18B1719EAA949567BC3A4CBA1D00,SecurityContext is empty or contents are anonymous - context will not be stored in HttpSession.
05-23-2017 23:55:55.208,DEBUG,A5DB18B1719EAA949567BC3A4CBA1D00,Successfully completed request
05-23-2017 23:55:55.208,DEBUG,A5DB18B1719EAA949567BC3A4CBA1D00,Chain processed normally
05-23-2017 23:55:55.208,DEBUG,A5DB18B1719EAA949567BC3A4CBA1D00,SecurityContextHolder now cleared, as request processing completed
05-23-2017 23:55:55.213,DEBUG,59FEB64C87CCAA6E486DE1518CDAA752,/login/ at position 1 of 11 in additional filter chain; firing Filter: 'SecurityContextPersistenceFilter'
05-23-2017 23:55:55.213,DEBUG,59FEB64C87CCAA6E486DE1518CDAA752,HttpSession returned null object for SPRING_SECURITY_CONTEXT
05-23-2017 23:55:55.213,DEBUG,59FEB64C87CCAA6E486DE1518CDAA752,No SecurityContext was available from the HttpSession: org.apache.catalina.session.StandardSessionFacade@5af009. A new one will be created.
05-23-2017 23:55:55.213,DEBUG,59FEB64C87CCAA6E486DE1518CDAA752,/login/ at position 2 of 11 in additional filter chain; firing Filter: 'WebAsyncManagerIntegrationFilter'
05-23-2017 23:55:55.213,DEBUG,59FEB64C87CCAA6E486DE1518CDAA752,/login/ at position 3 of 11 in additional filter chain; firing Filter: 'LogoutFilter'
05-23-2017 23:55:55.213,DEBUG,59FEB64C87CCAA6E486DE1518CDAA752,/login/ at position 4 of 11 in additional filter chain; firing Filter: 'UsernamePasswordAuthenticationFilter'
05-23-2017 23:55:55.213,DEBUG,59FEB64C87CCAA6E486DE1518CDAA752,/login/ at position 5 of 11 in additional filter chain; firing Filter: 'BasicAuthenticationFilter'
05-23-2017 23:55:55.213,DEBUG,59FEB64C87CCAA6E486DE1518CDAA752,/login/ at position 6 of 11 in additional filter chain; firing Filter: 'RequestCacheAwareFilter'
05-23-2017 23:55:55.213,DEBUG,59FEB64C87CCAA6E486DE1518CDAA752,/login/ at position 7 of 11 in additional filter chain; firing Filter: 'SecurityContextHolderAwareRequestFilter'
05-23-2017 23:55:55.213,DEBUG,59FEB64C87CCAA6E486DE1518CDAA752,/login/ at position 8 of 11 in additional filter chain; firing Filter: 'AnonymousAuthenticationFilter'
05-23-2017 23:55:55.213,DEBUG,59FEB64C87CCAA6E486DE1518CDAA752,Populated SecurityContextHolder with anonymous token: 'org.springframework.security.authentication.AnonymousAuthenticationToken@9055c2bc: Principal: anonymousUser; Credentials: [PROTECTED]; Authenticated: true; Details: org.springframework.security.web.authentication.WebAuthenticationDetails@b364: RemoteIpAddress: 0:0:0:0:0:0:0:1; SessionId: A5DB18B1719EAA949567BC3A4CBA1D00; Granted Authorities: ROLE_ANONYMOUS'
05-23-2017 23:55:55.213,DEBUG,59FEB64C87CCAA6E486DE1518CDAA752,/login/ at position 9 of 11 in additional filter chain; firing Filter: 'SessionManagementFilter'
05-23-2017 23:55:55.213,DEBUG,59FEB64C87CCAA6E486DE1518CDAA752,/login/ at position 10 of 11 in additional filter chain; firing Filter: 'ExceptionTranslationFilter'
05-23-2017 23:55:55.213,DEBUG,59FEB64C87CCAA6E486DE1518CDAA752,/login/ at position 11 of 11 in additional filter chain; firing Filter: 'FilterSecurityInterceptor'
05-23-2017 23:55:55.213,DEBUG,59FEB64C87CCAA6E486DE1518CDAA752,Checking match of request : '/login/'; against '/autherror*'
05-23-2017 23:55:55.213,DEBUG,59FEB64C87CCAA6E486DE1518CDAA752,Checking match of request : '/login/'; against '/login/**'
05-23-2017 23:55:55.213,DEBUG,59FEB64C87CCAA6E486DE1518CDAA752,Secure object: FilterInvocation: URL: /login/; Attributes: [IS_AUTHENTICATED_ANONYMOUSLY]
05-23-2017 23:55:55.213,DEBUG,59FEB64C87CCAA6E486DE1518CDAA752,Previously Authenticated: org.springframework.security.authentication.AnonymousAuthenticationToken@9055c2bc: Principal: anonymousUser; Credentials: [PROTECTED]; Authenticated: true; Details: org.springframework.security.web.authentication.WebAuthenticationDetails@b364: RemoteIpAddress: 0:0:0:0:0:0:0:1; SessionId: A5DB18B1719EAA949567BC3A4CBA1D00; Granted Authorities: ROLE_ANONYMOUS
05-23-2017 23:55:55.213,DEBUG,59FEB64C87CCAA6E486DE1518CDAA752,Voter: org.springframework.security.access.vote.RoleVoter@1ac872d, returned: 0
05-23-2017 23:55:55.213,DEBUG,59FEB64C87CCAA6E486DE1518CDAA752,Voter: org.springframework.security.access.vote.AuthenticatedVoter@b1927d, returned: 1
05-23-2017 23:55:55.213,DEBUG,59FEB64C87CCAA6E486DE1518CDAA752,Authorization successful
05-23-2017 23:55:55.213,DEBUG,59FEB64C87CCAA6E486DE1518CDAA752,RunAsManager did not change Authentication object
05-23-2017 23:55:55.213,DEBUG,59FEB64C87CCAA6E486DE1518CDAA752,/login/ reached end of additional filter chain; proceeding with original chain
05-23-2017 23:55:55.213,DEBUG,59FEB64C87CCAA6E486DE1518CDAA752,Request [/ict/login/] is not a multipart request
05-23-2017 23:55:55.214,DEBUG,A5DB18B1719EAA949567BC3A4CBA1D00,DispatcherServlet with name 'appServlet' processing GET request for [/ict/login/]
05-23-2017 23:55:55.214,DEBUG,A5DB18B1719EAA949567BC3A4CBA1D00,Looking up handler method for path /login/
05-23-2017 23:55:55.214,DEBUG,A5DB18B1719EAA949567BC3A4CBA1D00,Returning handler method [public java.lang.String vn.bananavietnam.ict.common.controller.LoginController.top(java.util.Locale,org.springframework.ui.Model)]
05-23-2017 23:55:55.214,DEBUG,A5DB18B1719EAA949567BC3A4CBA1D00,Returning cached instance of singleton bean 'loginController'
05-23-2017 23:55:55.214,DEBUG,A5DB18B1719EAA949567BC3A4CBA1D00,Last-Modified value for [/ict/login/] is: -1
05-23-2017 23:55:55.214,DEBUG,A5DB18B1719EAA949567BC3A4CBA1D00,Returning cached instance of singleton bean 'xml_path'
05-23-2017 23:55:55.214,DEBUG,A5DB18B1719EAA949567BC3A4CBA1D00,Rendering view [org.springframework.web.servlet.view.JstlView: name 'common/login'; URL [/WEB-INF/views/common/login.jsp]] in DispatcherServlet with name 'appServlet'
05-23-2017 23:55:55.214,DEBUG,A5DB18B1719EAA949567BC3A4CBA1D00,Forwarding to resource [/WEB-INF/views/common/login.jsp] in InternalResourceView 'common/login'
05-23-2017 23:55:55.218,DEBUG,A5DB18B1719EAA949567BC3A4CBA1D00,SecurityContext is empty or contents are anonymous - context will not be stored in HttpSession.
05-23-2017 23:55:55.219,DEBUG,A5DB18B1719EAA949567BC3A4CBA1D00,Successfully completed request
05-23-2017 23:55:55.219,DEBUG,A5DB18B1719EAA949567BC3A4CBA1D00,Chain processed normally
05-23-2017 23:55:55.219,DEBUG,A5DB18B1719EAA949567BC3A4CBA1D00,SecurityContextHolder now cleared, as request processing completed
05-23-2017 23:56:02.201,DEBUG,CF4FC001A4E724EB1F956D6002E9F090,/?language=vi at position 1 of 11 in additional filter chain; firing Filter: 'SecurityContextPersistenceFilter'
05-23-2017 23:56:02.201,DEBUG,CF4FC001A4E724EB1F956D6002E9F090,HttpSession returned null object for SPRING_SECURITY_CONTEXT
05-23-2017 23:56:02.201,DEBUG,CF4FC001A4E724EB1F956D6002E9F090,No SecurityContext was available from the HttpSession: org.apache.catalina.session.StandardSessionFacade@5af009. A new one will be created.
05-23-2017 23:56:02.201,DEBUG,CF4FC001A4E724EB1F956D6002E9F090,/?language=vi at position 2 of 11 in additional filter chain; firing Filter: 'WebAsyncManagerIntegrationFilter'
05-23-2017 23:56:02.201,DEBUG,CF4FC001A4E724EB1F956D6002E9F090,/?language=vi at position 3 of 11 in additional filter chain; firing Filter: 'LogoutFilter'
05-23-2017 23:56:02.201,DEBUG,CF4FC001A4E724EB1F956D6002E9F090,/?language=vi at position 4 of 11 in additional filter chain; firing Filter: 'UsernamePasswordAuthenticationFilter'
05-23-2017 23:56:02.202,DEBUG,CF4FC001A4E724EB1F956D6002E9F090,/?language=vi at position 5 of 11 in additional filter chain; firing Filter: 'BasicAuthenticationFilter'
05-23-2017 23:56:02.202,DEBUG,CF4FC001A4E724EB1F956D6002E9F090,/?language=vi at position 6 of 11 in additional filter chain; firing Filter: 'RequestCacheAwareFilter'
05-23-2017 23:56:02.202,DEBUG,CF4FC001A4E724EB1F956D6002E9F090,/?language=vi at position 7 of 11 in additional filter chain; firing Filter: 'SecurityContextHolderAwareRequestFilter'
05-23-2017 23:56:02.202,DEBUG,CF4FC001A4E724EB1F956D6002E9F090,/?language=vi at position 8 of 11 in additional filter chain; firing Filter: 'AnonymousAuthenticationFilter'
05-23-2017 23:56:02.202,DEBUG,CF4FC001A4E724EB1F956D6002E9F090,Populated SecurityContextHolder with anonymous token: 'org.springframework.security.authentication.AnonymousAuthenticationToken@9055c2bc: Principal: anonymousUser; Credentials: [PROTECTED]; Authenticated: true; Details: org.springframework.security.web.authentication.WebAuthenticationDetails@b364: RemoteIpAddress: 0:0:0:0:0:0:0:1; SessionId: A5DB18B1719EAA949567BC3A4CBA1D00; Granted Authorities: ROLE_ANONYMOUS'
05-23-2017 23:56:02.202,DEBUG,CF4FC001A4E724EB1F956D6002E9F090,/?language=vi at position 9 of 11 in additional filter chain; firing Filter: 'SessionManagementFilter'
05-23-2017 23:56:02.202,DEBUG,CF4FC001A4E724EB1F956D6002E9F090,/?language=vi at position 10 of 11 in additional filter chain; firing Filter: 'ExceptionTranslationFilter'
05-23-2017 23:56:02.202,DEBUG,CF4FC001A4E724EB1F956D6002E9F090,/?language=vi at position 11 of 11 in additional filter chain; firing Filter: 'FilterSecurityInterceptor'
05-23-2017 23:56:02.202,DEBUG,CF4FC001A4E724EB1F956D6002E9F090,Checking match of request : '/'; against '/autherror*'
05-23-2017 23:56:02.202,DEBUG,CF4FC001A4E724EB1F956D6002E9F090,Checking match of request : '/'; against '/login/**'
05-23-2017 23:56:02.202,DEBUG,CF4FC001A4E724EB1F956D6002E9F090,Checking match of request : '/'; against '/error/**'
05-23-2017 23:56:02.202,DEBUG,CF4FC001A4E724EB1F956D6002E9F090,Checking match of request : '/'; against '/0001/**'
05-23-2017 23:56:02.202,DEBUG,CF4FC001A4E724EB1F956D6002E9F090,Checking match of request : '/'; against '/0002/**'
05-23-2017 23:56:02.202,DEBUG,CF4FC001A4E724EB1F956D6002E9F090,Checking match of request : '/'; against '/0003/**'
05-23-2017 23:56:02.202,DEBUG,CF4FC001A4E724EB1F956D6002E9F090,Checking match of request : '/'; against '/0005/**'
05-23-2017 23:56:02.202,DEBUG,CF4FC001A4E724EB1F956D6002E9F090,Checking match of request : '/'; against '/0007/**'
05-23-2017 23:56:02.202,DEBUG,CF4FC001A4E724EB1F956D6002E9F090,Checking match of request : '/'; against '/0009/**'
05-23-2017 23:56:02.202,DEBUG,CF4FC001A4E724EB1F956D6002E9F090,Checking match of request : '/'; against '/0013/**'
05-23-2017 23:56:02.202,DEBUG,CF4FC001A4E724EB1F956D6002E9F090,Checking match of request : '/'; against '/0023/**'
05-23-2017 23:56:02.202,DEBUG,CF4FC001A4E724EB1F956D6002E9F090,Checking match of request : '/'; against '/0017/**'
05-23-2017 23:56:02.202,DEBUG,CF4FC001A4E724EB1F956D6002E9F090,Checking match of request : '/'; against '/0031/**'
05-23-2017 23:56:02.202,DEBUG,CF4FC001A4E724EB1F956D6002E9F090,Checking match of request : '/'; against '/0035/**'
05-23-2017 23:56:02.202,DEBUG,CF4FC001A4E724EB1F956D6002E9F090,Checking match of request : '/'; against '/0037/**'
05-23-2017 23:56:02.202,DEBUG,CF4FC001A4E724EB1F956D6002E9F090,Checking match of request : '/'; against '/0045/**'
05-23-2017 23:56:02.202,DEBUG,CF4FC001A4E724EB1F956D6002E9F090,Checking match of request : '/'; against '/0047/**'
05-23-2017 23:56:02.202,DEBUG,CF4FC001A4E724EB1F956D6002E9F090,Checking match of request : '/'; against '/0049/**'
05-23-2017 23:56:02.202,DEBUG,CF4FC001A4E724EB1F956D6002E9F090,Checking match of request : '/'; against '/0061/**'
05-23-2017 23:56:02.202,DEBUG,CF4FC001A4E724EB1F956D6002E9F090,Checking match of request : '/'; against '/0087/**'
05-23-2017 23:56:02.202,DEBUG,CF4FC001A4E724EB1F956D6002E9F090,Checking match of request : '/'; against '/0075/**'
05-23-2017 23:56:02.202,DEBUG,CF4FC001A4E724EB1F956D6002E9F090,Checking match of request : '/'; against '/0089/**'
05-23-2017 23:56:02.202,DEBUG,CF4FC001A4E724EB1F956D6002E9F090,Checking match of request : '/'; against '/0090/**'
05-23-2017 23:56:02.202,DEBUG,CF4FC001A4E724EB1F956D6002E9F090,Checking match of request : '/'; against '/0091/**'
05-23-2017 23:56:02.202,DEBUG,CF4FC001A4E724EB1F956D6002E9F090,Checking match of request : '/'; against '/0092/**'
05-23-2017 23:56:02.202,DEBUG,CF4FC001A4E724EB1F956D6002E9F090,Checking match of request : '/'; against '/0095/**'
05-23-2017 23:56:02.202,DEBUG,CF4FC001A4E724EB1F956D6002E9F090,Secure object: FilterInvocation: URL: /?language=vi; Attributes: [IS_AUTHENTICATED_ANONYMOUSLY]
05-23-2017 23:56:02.202,DEBUG,CF4FC001A4E724EB1F956D6002E9F090,Previously Authenticated: org.springframework.security.authentication.AnonymousAuthenticationToken@9055c2bc: Principal: anonymousUser; Credentials: [PROTECTED]; Authenticated: true; Details: org.springframework.security.web.authentication.WebAuthenticationDetails@b364: RemoteIpAddress: 0:0:0:0:0:0:0:1; SessionId: A5DB18B1719EAA949567BC3A4CBA1D00; Granted Authorities: ROLE_ANONYMOUS
05-23-2017 23:56:02.202,DEBUG,CF4FC001A4E724EB1F956D6002E9F090,Voter: org.springframework.security.access.vote.RoleVoter@1ac872d, returned: 0
05-23-2017 23:56:02.202,DEBUG,CF4FC001A4E724EB1F956D6002E9F090,Voter: org.springframework.security.access.vote.AuthenticatedVoter@b1927d, returned: 1
05-23-2017 23:56:02.202,DEBUG,CF4FC001A4E724EB1F956D6002E9F090,Authorization successful
05-23-2017 23:56:02.202,DEBUG,CF4FC001A4E724EB1F956D6002E9F090,RunAsManager did not change Authentication object
05-23-2017 23:56:02.202,DEBUG,CF4FC001A4E724EB1F956D6002E9F090,/?language=vi reached end of additional filter chain; proceeding with original chain
05-23-2017 23:56:02.202,DEBUG,CF4FC001A4E724EB1F956D6002E9F090,Request [/ict/] is not a multipart request
05-23-2017 23:56:02.202,DEBUG,A5DB18B1719EAA949567BC3A4CBA1D00,DispatcherServlet with name 'appServlet' processing GET request for [/ict/]
05-23-2017 23:56:02.203,DEBUG,A5DB18B1719EAA949567BC3A4CBA1D00,Looking up handler method for path /
05-23-2017 23:56:02.203,DEBUG,A5DB18B1719EAA949567BC3A4CBA1D00,Returning handler method [public java.lang.String vn.bananavietnam.ict.common.controller.AuthController.login()]
05-23-2017 23:56:02.203,DEBUG,A5DB18B1719EAA949567BC3A4CBA1D00,Returning cached instance of singleton bean 'authController'
05-23-2017 23:56:02.203,DEBUG,A5DB18B1719EAA949567BC3A4CBA1D00,Last-Modified value for [/ict/] is: -1
05-23-2017 23:56:02.203,DEBUG,A5DB18B1719EAA949567BC3A4CBA1D00,Returning cached instance of singleton bean 'xml_path'
05-23-2017 23:56:02.203,DEBUG,A5DB18B1719EAA949567BC3A4CBA1D00,Rendering view [org.springframework.web.servlet.view.JstlView: name 'common/PageWrapper'; URL [/WEB-INF/views/common/PageWrapper.jsp]] in DispatcherServlet with name 'appServlet'
05-23-2017 23:56:02.203,DEBUG,A5DB18B1719EAA949567BC3A4CBA1D00,Forwarding to resource [/WEB-INF/views/common/PageWrapper.jsp] in InternalResourceView 'common/PageWrapper'
05-23-2017 23:56:02.205,DEBUG,A5DB18B1719EAA949567BC3A4CBA1D00,SecurityContext is empty or contents are anonymous - context will not be stored in HttpSession.
05-23-2017 23:56:02.206,DEBUG,A5DB18B1719EAA949567BC3A4CBA1D00,Successfully completed request
05-23-2017 23:56:02.206,DEBUG,A5DB18B1719EAA949567BC3A4CBA1D00,Chain processed normally
05-23-2017 23:56:02.206,DEBUG,A5DB18B1719EAA949567BC3A4CBA1D00,SecurityContextHolder now cleared, as request processing completed
05-23-2017 23:56:02.210,DEBUG,CF4FC001A4E724EB1F956D6002E9F090,/login/ at position 1 of 11 in additional filter chain; firing Filter: 'SecurityContextPersistenceFilter'
05-23-2017 23:56:02.210,DEBUG,CF4FC001A4E724EB1F956D6002E9F090,HttpSession returned null object for SPRING_SECURITY_CONTEXT
05-23-2017 23:56:02.210,DEBUG,CF4FC001A4E724EB1F956D6002E9F090,No SecurityContext was available from the HttpSession: org.apache.catalina.session.StandardSessionFacade@5af009. A new one will be created.
05-23-2017 23:56:02.210,DEBUG,CF4FC001A4E724EB1F956D6002E9F090,/login/ at position 2 of 11 in additional filter chain; firing Filter: 'WebAsyncManagerIntegrationFilter'
05-23-2017 23:56:02.210,DEBUG,CF4FC001A4E724EB1F956D6002E9F090,/login/ at position 3 of 11 in additional filter chain; firing Filter: 'LogoutFilter'
05-23-2017 23:56:02.210,DEBUG,CF4FC001A4E724EB1F956D6002E9F090,/login/ at position 4 of 11 in additional filter chain; firing Filter: 'UsernamePasswordAuthenticationFilter'
05-23-2017 23:56:02.210,DEBUG,CF4FC001A4E724EB1F956D6002E9F090,/login/ at position 5 of 11 in additional filter chain; firing Filter: 'BasicAuthenticationFilter'
05-23-2017 23:56:02.210,DEBUG,CF4FC001A4E724EB1F956D6002E9F090,/login/ at position 6 of 11 in additional filter chain; firing Filter: 'RequestCacheAwareFilter'
05-23-2017 23:56:02.210,DEBUG,CF4FC001A4E724EB1F956D6002E9F090,/login/ at position 7 of 11 in additional filter chain; firing Filter: 'SecurityContextHolderAwareRequestFilter'
05-23-2017 23:56:02.210,DEBUG,CF4FC001A4E724EB1F956D6002E9F090,/login/ at position 8 of 11 in additional filter chain; firing Filter: 'AnonymousAuthenticationFilter'
05-23-2017 23:56:02.210,DEBUG,CF4FC001A4E724EB1F956D6002E9F090,Populated SecurityContextHolder with anonymous token: 'org.springframework.security.authentication.AnonymousAuthenticationToken@9055c2bc: Principal: anonymousUser; Credentials: [PROTECTED]; Authenticated: true; Details: org.springframework.security.web.authentication.WebAuthenticationDetails@b364: RemoteIpAddress: 0:0:0:0:0:0:0:1; SessionId: A5DB18B1719EAA949567BC3A4CBA1D00; Granted Authorities: ROLE_ANONYMOUS'
05-23-2017 23:56:02.210,DEBUG,CF4FC001A4E724EB1F956D6002E9F090,/login/ at position 9 of 11 in additional filter chain; firing Filter: 'SessionManagementFilter'
05-23-2017 23:56:02.210,DEBUG,CF4FC001A4E724EB1F956D6002E9F090,/login/ at position 10 of 11 in additional filter chain; firing Filter: 'ExceptionTranslationFilter'
05-23-2017 23:56:02.211,DEBUG,CF4FC001A4E724EB1F956D6002E9F090,/login/ at position 11 of 11 in additional filter chain; firing Filter: 'FilterSecurityInterceptor'
05-23-2017 23:56:02.211,DEBUG,CF4FC001A4E724EB1F956D6002E9F090,Checking match of request : '/login/'; against '/autherror*'
05-23-2017 23:56:02.211,DEBUG,CF4FC001A4E724EB1F956D6002E9F090,Checking match of request : '/login/'; against '/login/**'
05-23-2017 23:56:02.211,DEBUG,CF4FC001A4E724EB1F956D6002E9F090,Secure object: FilterInvocation: URL: /login/; Attributes: [IS_AUTHENTICATED_ANONYMOUSLY]
05-23-2017 23:56:02.211,DEBUG,CF4FC001A4E724EB1F956D6002E9F090,Previously Authenticated: org.springframework.security.authentication.AnonymousAuthenticationToken@9055c2bc: Principal: anonymousUser; Credentials: [PROTECTED]; Authenticated: true; Details: org.springframework.security.web.authentication.WebAuthenticationDetails@b364: RemoteIpAddress: 0:0:0:0:0:0:0:1; SessionId: A5DB18B1719EAA949567BC3A4CBA1D00; Granted Authorities: ROLE_ANONYMOUS
05-23-2017 23:56:02.211,DEBUG,CF4FC001A4E724EB1F956D6002E9F090,Voter: org.springframework.security.access.vote.RoleVoter@1ac872d, returned: 0
05-23-2017 23:56:02.211,DEBUG,CF4FC001A4E724EB1F956D6002E9F090,Voter: org.springframework.security.access.vote.AuthenticatedVoter@b1927d, returned: 1
05-23-2017 23:56:02.211,DEBUG,CF4FC001A4E724EB1F956D6002E9F090,Authorization successful
05-23-2017 23:56:02.211,DEBUG,CF4FC001A4E724EB1F956D6002E9F090,RunAsManager did not change Authentication object
05-23-2017 23:56:02.211,DEBUG,CF4FC001A4E724EB1F956D6002E9F090,/login/ reached end of additional filter chain; proceeding with original chain
05-23-2017 23:56:02.211,DEBUG,CF4FC001A4E724EB1F956D6002E9F090,Request [/ict/login/] is not a multipart request
05-23-2017 23:56:02.211,DEBUG,A5DB18B1719EAA949567BC3A4CBA1D00,DispatcherServlet with name 'appServlet' processing GET request for [/ict/login/]
05-23-2017 23:56:02.211,DEBUG,A5DB18B1719EAA949567BC3A4CBA1D00,Looking up handler method for path /login/
05-23-2017 23:56:02.211,DEBUG,A5DB18B1719EAA949567BC3A4CBA1D00,Returning handler method [public java.lang.String vn.bananavietnam.ict.common.controller.LoginController.top(java.util.Locale,org.springframework.ui.Model)]
05-23-2017 23:56:02.211,DEBUG,A5DB18B1719EAA949567BC3A4CBA1D00,Returning cached instance of singleton bean 'loginController'
05-23-2017 23:56:02.211,DEBUG,A5DB18B1719EAA949567BC3A4CBA1D00,Last-Modified value for [/ict/login/] is: -1
05-23-2017 23:56:02.211,DEBUG,A5DB18B1719EAA949567BC3A4CBA1D00,Returning cached instance of singleton bean 'xml_path'
05-23-2017 23:56:02.212,DEBUG,A5DB18B1719EAA949567BC3A4CBA1D00,Rendering view [org.springframework.web.servlet.view.JstlView: name 'common/login'; URL [/WEB-INF/views/common/login.jsp]] in DispatcherServlet with name 'appServlet'
05-23-2017 23:56:02.212,DEBUG,A5DB18B1719EAA949567BC3A4CBA1D00,Forwarding to resource [/WEB-INF/views/common/login.jsp] in InternalResourceView 'common/login'
05-23-2017 23:56:02.216,DEBUG,A5DB18B1719EAA949567BC3A4CBA1D00,SecurityContext is empty or contents are anonymous - context will not be stored in HttpSession.
05-23-2017 23:56:02.216,DEBUG,A5DB18B1719EAA949567BC3A4CBA1D00,Successfully completed request
05-23-2017 23:56:02.217,DEBUG,A5DB18B1719EAA949567BC3A4CBA1D00,Chain processed normally
05-23-2017 23:56:02.217,DEBUG,A5DB18B1719EAA949567BC3A4CBA1D00,SecurityContextHolder now cleared, as request processing completed
05-23-2017 23:56:07.270,DEBUG,59FEB64C87CCAA6E486DE1518CDAA752,/j_spring_security_check at position 1 of 11 in additional filter chain; firing Filter: 'SecurityContextPersistenceFilter'
05-23-2017 23:56:07.270,DEBUG,59FEB64C87CCAA6E486DE1518CDAA752,HttpSession returned null object for SPRING_SECURITY_CONTEXT
05-23-2017 23:56:07.270,DEBUG,59FEB64C87CCAA6E486DE1518CDAA752,No SecurityContext was available from the HttpSession: org.apache.catalina.session.StandardSessionFacade@5af009. A new one will be created.
05-23-2017 23:56:07.270,DEBUG,59FEB64C87CCAA6E486DE1518CDAA752,/j_spring_security_check at position 2 of 11 in additional filter chain; firing Filter: 'WebAsyncManagerIntegrationFilter'
05-23-2017 23:56:07.270,DEBUG,59FEB64C87CCAA6E486DE1518CDAA752,/j_spring_security_check at position 3 of 11 in additional filter chain; firing Filter: 'LogoutFilter'
05-23-2017 23:56:07.270,DEBUG,59FEB64C87CCAA6E486DE1518CDAA752,/j_spring_security_check at position 4 of 11 in additional filter chain; firing Filter: 'UsernamePasswordAuthenticationFilter'
05-23-2017 23:56:07.270,DEBUG,59FEB64C87CCAA6E486DE1518CDAA752,Request is to process authentication
05-23-2017 23:56:07.270,DEBUG,59FEB64C87CCAA6E486DE1518CDAA752,Authentication attempt using org.springframework.security.authentication.dao.DaoAuthenticationProvider
05-23-2017 23:56:07.270,DEBUG,59FEB64C87CCAA6E486DE1518CDAA752,Executing prepared SQL query
05-23-2017 23:56:07.270,DEBUG,59FEB64C87CCAA6E486DE1518CDAA752,Executing prepared SQL statement [select users_authorization.usersId as id,                users_authorization.usersName as username,                      users_authorization.usersPassword as password,                      users_authorization.usersFullName as userfullname,                      1 as enabled,                      CASE                       WHEN users_authorization.authorizationTypeId IS NULL THEN '0'                          ELSE users_authorization.authorizationTypeId                      END as roleid,                      CASE                 WHEN access.SCREEN_DISPLAY_ENABLE_FLAG IS NULL THEN '0'                 ELSE access.SCREEN_DISPLAY_ENABLE_FLAG                END as roledisplay,                      CASE                 WHEN access.ADDABLE_FLAG IS NULL THEN '0'                 ELSE access.ADDABLE_FLAG                END as roleadd,                      CASE                 WHEN access.UPDATABLE_FLAG IS NULL THEN '0'                 ELSE access.UPDATABLE_FLAG                END as roleupdate,                      CASE                 WHEN access.DELETABLE_FLAG IS NULL THEN '0'                 ELSE access.DELETABLE_FLAG                END as roledelete,                      CASE                 WHEN access.REFERENCE_FLAG IS NULL THEN '0'                 ELSE access.REFERENCE_FLAG                END as rolereference,                       access.SCREEN_ID as screenid              from (select users_manager.usersId,                 users_manager.usersName,                 users_manager.usersPassword,                 users_manager.usersFullName,                 users_manager.authorizationTypeId,                 authorization.AUTHORIZATION_TYPE_NAME authorizationTypeName,                 authorization.ACCESS_AUTHORITY_ID accessAuthorityId               from (select users.USERS_ID usersId,                  users.USERS_ID usersName,                  users.PASSWORD usersPassword,                  users.USERS_NAME usersFullName,                  manager.AUTHORIZATION_TYPE_ID authorizationTypeId                from IVB_M_USERS users                left join IVB_M_MANAGER manager                 on users.USERS_ID = manager.USERS_ID                 and manager.DELETE_FLAG = '0'                where users.USERS_ID = ?                 and users.DELETE_FLAG = '0'                ) users_manager               left join IVB_M_AUTHORIZATION authorization                on users_manager.authorizationTypeId = authorization.AUTHORIZATION_TYPE_ID                   and authorization.DELETE_FLAG = '0'                  ) users_authorization              left join IVB_M_ACCESS_AUTHORIZATION access               on users_authorization.accessAuthorityId = access.ACCESS_AUTHORITY_ID                  and access.DELETE_FLAG = '0']
05-23-2017 23:56:07.272,DEBUG,59FEB64C87CCAA6E486DE1518CDAA752,Fetching JDBC Connection from DataSource
05-23-2017 23:56:07.272,DEBUG,59FEB64C87CCAA6E486DE1518CDAA752,Creating new JDBC DriverManager Connection to [jdbc:mysql://172.16.0.175:3306/BANANA_DB_HUNG_SELENIUM?useUnicode=yes&characterEncoding=UTF-8&autoReconnect=true]
05-23-2017 23:56:07.297,DEBUG,59FEB64C87CCAA6E486DE1518CDAA752,Returning JDBC Connection to DataSource
05-23-2017 23:56:07.298,DEBUG,59FEB64C87CCAA6E486DE1518CDAA752,Executing prepared SQL query
05-23-2017 23:56:07.298,DEBUG,59FEB64C87CCAA6E486DE1518CDAA752,Executing prepared SQL statement [select distinct users.USERS_ID,                  CASE                   WHEN manager.AUTHORIZATION_TYPE_ID IS NULL THEN '0'                   ELSE manager.AUTHORIZATION_TYPE_ID                  END as AUTHORIZATION_TYPE_ID               from IVB_M_USERS users               left join IVB_M_MANAGER manager                on users.USERS_ID = manager.USERS_ID                and manager.DELETE_FLAG = '0'               where users.USERS_ID = ?                and users.DELETE_FLAG = '0']
05-23-2017 23:56:07.298,DEBUG,59FEB64C87CCAA6E486DE1518CDAA752,Fetching JDBC Connection from DataSource
05-23-2017 23:56:07.298,DEBUG,59FEB64C87CCAA6E486DE1518CDAA752,Creating new JDBC DriverManager Connection to [jdbc:mysql://172.16.0.175:3306/BANANA_DB_HUNG_SELENIUM?useUnicode=yes&characterEncoding=UTF-8&autoReconnect=true]
05-23-2017 23:56:07.319,DEBUG,59FEB64C87CCAA6E486DE1518CDAA752,Returning JDBC Connection to DataSource
05-23-2017 23:56:07.319,DEBUG,59FEB64C87CCAA6E486DE1518CDAA752,Delegating to org.springframework.security.web.authentication.session.ChangeSessionIdAuthenticationStrategy@99fddf
05-23-2017 23:56:07.320,DEBUG,59FEB64C87CCAA6E486DE1518CDAA752,Authentication success. Updating SecurityContextHolder to contain: org.springframework.security.authentication.UsernamePasswordAuthenticationToken@3b6f3487: Principal: vn.bananavietnam.ict.common.auth.MyUser@c4907816: Username: U0000000001; Password: [PROTECTED]; Enabled: true; AccountNonExpired: true; credentialsNonExpired: true; AccountNonLocked: true; Granted Authorities: 1; Credentials: [PROTECTED]; Authenticated: true; Details: org.springframework.security.web.authentication.WebAuthenticationDetails@b364: RemoteIpAddress: 0:0:0:0:0:0:0:1; SessionId: A5DB18B1719EAA949567BC3A4CBA1D00; Granted Authorities: 1
05-23-2017 23:56:07.320,DEBUG,59FEB64C87CCAA6E486DE1518CDAA752,SecurityContext stored to HttpSession: 'org.springframework.security.core.context.SecurityContextImpl@3b6f3487: Authentication: org.springframework.security.authentication.UsernamePasswordAuthenticationToken@3b6f3487: Principal: vn.bananavietnam.ict.common.auth.MyUser@c4907816: Username: U0000000001; Password: [PROTECTED]; Enabled: true; AccountNonExpired: true; credentialsNonExpired: true; AccountNonLocked: true; Granted Authorities: 1; Credentials: [PROTECTED]; Authenticated: true; Details: org.springframework.security.web.authentication.WebAuthenticationDetails@b364: RemoteIpAddress: 0:0:0:0:0:0:0:1; SessionId: A5DB18B1719EAA949567BC3A4CBA1D00; Granted Authorities: 1'
05-23-2017 23:56:07.320,DEBUG,59FEB64C87CCAA6E486DE1518CDAA752,SecurityContextHolder now cleared, as request processing completed
05-23-2017 23:56:07.328,DEBUG,59FEB64C87CCAA6E486DE1518CDAA752,/0001/ at position 1 of 11 in additional filter chain; firing Filter: 'SecurityContextPersistenceFilter'
05-23-2017 23:56:07.328,DEBUG,59FEB64C87CCAA6E486DE1518CDAA752,Obtained a valid SecurityContext from SPRING_SECURITY_CONTEXT: 'org.springframework.security.core.context.SecurityContextImpl@3b6f3487: Authentication: org.springframework.security.authentication.UsernamePasswordAuthenticationToken@3b6f3487: Principal: vn.bananavietnam.ict.common.auth.MyUser@c4907816: Username: U0000000001; Password: [PROTECTED]; Enabled: true; AccountNonExpired: true; credentialsNonExpired: true; AccountNonLocked: true; Granted Authorities: 1; Credentials: [PROTECTED]; Authenticated: true; Details: org.springframework.security.web.authentication.WebAuthenticationDetails@b364: RemoteIpAddress: 0:0:0:0:0:0:0:1; SessionId: A5DB18B1719EAA949567BC3A4CBA1D00; Granted Authorities: 1'
05-23-2017 23:56:07.328,DEBUG,59FEB64C87CCAA6E486DE1518CDAA752,/0001/ at position 2 of 11 in additional filter chain; firing Filter: 'WebAsyncManagerIntegrationFilter'
05-23-2017 23:56:07.328,DEBUG,59FEB64C87CCAA6E486DE1518CDAA752,/0001/ at position 3 of 11 in additional filter chain; firing Filter: 'LogoutFilter'
05-23-2017 23:56:07.328,DEBUG,59FEB64C87CCAA6E486DE1518CDAA752,/0001/ at position 4 of 11 in additional filter chain; firing Filter: 'UsernamePasswordAuthenticationFilter'
05-23-2017 23:56:07.328,DEBUG,59FEB64C87CCAA6E486DE1518CDAA752,/0001/ at position 5 of 11 in additional filter chain; firing Filter: 'BasicAuthenticationFilter'
05-23-2017 23:56:07.328,DEBUG,59FEB64C87CCAA6E486DE1518CDAA752,/0001/ at position 6 of 11 in additional filter chain; firing Filter: 'RequestCacheAwareFilter'
05-23-2017 23:56:07.328,DEBUG,59FEB64C87CCAA6E486DE1518CDAA752,/0001/ at position 7 of 11 in additional filter chain; firing Filter: 'SecurityContextHolderAwareRequestFilter'
05-23-2017 23:56:07.328,DEBUG,59FEB64C87CCAA6E486DE1518CDAA752,/0001/ at position 8 of 11 in additional filter chain; firing Filter: 'AnonymousAuthenticationFilter'
05-23-2017 23:56:07.328,DEBUG,59FEB64C87CCAA6E486DE1518CDAA752,SecurityContextHolder not populated with anonymous token, as it already contained: 'org.springframework.security.authentication.UsernamePasswordAuthenticationToken@3b6f3487: Principal: vn.bananavietnam.ict.common.auth.MyUser@c4907816: Username: U0000000001; Password: [PROTECTED]; Enabled: true; AccountNonExpired: true; credentialsNonExpired: true; AccountNonLocked: true; Granted Authorities: 1; Credentials: [PROTECTED]; Authenticated: true; Details: org.springframework.security.web.authentication.WebAuthenticationDetails@b364: RemoteIpAddress: 0:0:0:0:0:0:0:1; SessionId: A5DB18B1719EAA949567BC3A4CBA1D00; Granted Authorities: 1'
05-23-2017 23:56:07.328,DEBUG,59FEB64C87CCAA6E486DE1518CDAA752,/0001/ at position 9 of 11 in additional filter chain; firing Filter: 'SessionManagementFilter'
05-23-2017 23:56:07.328,DEBUG,59FEB64C87CCAA6E486DE1518CDAA752,/0001/ at position 10 of 11 in additional filter chain; firing Filter: 'ExceptionTranslationFilter'
05-23-2017 23:56:07.328,DEBUG,59FEB64C87CCAA6E486DE1518CDAA752,/0001/ at position 11 of 11 in additional filter chain; firing Filter: 'FilterSecurityInterceptor'
05-23-2017 23:56:07.328,DEBUG,59FEB64C87CCAA6E486DE1518CDAA752,Checking match of request : '/0001/'; against '/autherror*'
05-23-2017 23:56:07.328,DEBUG,59FEB64C87CCAA6E486DE1518CDAA752,Checking match of request : '/0001/'; against '/login/**'
05-23-2017 23:56:07.328,DEBUG,59FEB64C87CCAA6E486DE1518CDAA752,Checking match of request : '/0001/'; against '/error/**'
05-23-2017 23:56:07.328,DEBUG,59FEB64C87CCAA6E486DE1518CDAA752,Checking match of request : '/0001/'; against '/0001/**'
05-23-2017 23:56:07.328,DEBUG,59FEB64C87CCAA6E486DE1518CDAA752,Secure object: FilterInvocation: URL: /0001/; Attributes: [ROLE_ADMIN, ROLE_USER, IS_AUTHENTICATED_FULLY]
05-23-2017 23:56:07.328,DEBUG,59FEB64C87CCAA6E486DE1518CDAA752,Previously Authenticated: org.springframework.security.authentication.UsernamePasswordAuthenticationToken@3b6f3487: Principal: vn.bananavietnam.ict.common.auth.MyUser@c4907816: Username: U0000000001; Password: [PROTECTED]; Enabled: true; AccountNonExpired: true; credentialsNonExpired: true; AccountNonLocked: true; Granted Authorities: 1; Credentials: [PROTECTED]; Authenticated: true; Details: org.springframework.security.web.authentication.WebAuthenticationDetails@b364: RemoteIpAddress: 0:0:0:0:0:0:0:1; SessionId: A5DB18B1719EAA949567BC3A4CBA1D00; Granted Authorities: 1
05-23-2017 23:56:07.328,DEBUG,59FEB64C87CCAA6E486DE1518CDAA752,Voter: org.springframework.security.access.vote.RoleVoter@1ac872d, returned: -1
05-23-2017 23:56:07.328,DEBUG,59FEB64C87CCAA6E486DE1518CDAA752,Voter: org.springframework.security.access.vote.AuthenticatedVoter@b1927d, returned: 1
05-23-2017 23:56:07.328,DEBUG,59FEB64C87CCAA6E486DE1518CDAA752,Authorization successful
05-23-2017 23:56:07.328,DEBUG,59FEB64C87CCAA6E486DE1518CDAA752,RunAsManager did not change Authentication object
05-23-2017 23:56:07.328,DEBUG,59FEB64C87CCAA6E486DE1518CDAA752,/0001/ reached end of additional filter chain; proceeding with original chain
05-23-2017 23:56:07.329,DEBUG,59FEB64C87CCAA6E486DE1518CDAA752,Request [/ict/0001/] is not a multipart request
05-23-2017 23:56:07.329,DEBUG,2A714A5F761E008063EDBB2418F52F0A,DispatcherServlet with name 'appServlet' processing GET request for [/ict/0001/]
05-23-2017 23:56:07.329,DEBUG,2A714A5F761E008063EDBB2418F52F0A,Looking up handler method for path /0001/
05-23-2017 23:56:07.329,DEBUG,2A714A5F761E008063EDBB2418F52F0A,Returning handler method [public java.lang.String vn.bananavietnam.ict.banana.controller.Bnn0001BananaMenuController.top(javax.servlet.http.HttpServletRequest,java.util.Locale,org.springframework.ui.Model)]
05-23-2017 23:56:07.329,DEBUG,2A714A5F761E008063EDBB2418F52F0A,Returning cached instance of singleton bean 'bnn0001BananaMenuController'
05-23-2017 23:56:07.329,DEBUG,2A714A5F761E008063EDBB2418F52F0A,Last-Modified value for [/ict/0001/] is: -1
05-23-2017 23:56:07.329,DEBUG,2A714A5F761E008063EDBB2418F52F0A,Returning cached instance of singleton bean 'xml_path'
05-23-2017 23:56:07.333,DEBUG,2A714A5F761E008063EDBB2418F52F0A,Rendering view [org.springframework.web.servlet.view.JstlView: name 'banana/Bnn0001BananaMenu'; URL [/WEB-INF/views/banana/Bnn0001BananaMenu.jsp]] in DispatcherServlet with name 'appServlet'
05-23-2017 23:56:07.333,DEBUG,2A714A5F761E008063EDBB2418F52F0A,Added model object 'resetDate' of type [java.lang.String] to request in view with name 'banana/Bnn0001BananaMenu'
05-23-2017 23:56:07.333,DEBUG,2A714A5F761E008063EDBB2418F52F0A,Added model object 'layoutDate' of type [java.lang.String] to request in view with name 'banana/Bnn0001BananaMenu'
05-23-2017 23:56:07.333,DEBUG,2A714A5F761E008063EDBB2418F52F0A,Added model object 'jqueryUiCssDate' of type [java.lang.String] to request in view with name 'banana/Bnn0001BananaMenu'
05-23-2017 23:56:07.333,DEBUG,2A714A5F761E008063EDBB2418F52F0A,Added model object 'messageHandlerDate' of type [java.lang.String] to request in view with name 'banana/Bnn0001BananaMenu'
05-23-2017 23:56:07.333,DEBUG,2A714A5F761E008063EDBB2418F52F0A,Added model object 'jqueryDate' of type [java.lang.String] to request in view with name 'banana/Bnn0001BananaMenu'
05-23-2017 23:56:07.333,DEBUG,2A714A5F761E008063EDBB2418F52F0A,Added model object 'jqueryUiDate' of type [java.lang.String] to request in view with name 'banana/Bnn0001BananaMenu'
05-23-2017 23:56:07.333,DEBUG,2A714A5F761E008063EDBB2418F52F0A,Added model object 'datepickerDate' of type [java.lang.String] to request in view with name 'banana/Bnn0001BananaMenu'
05-23-2017 23:56:07.333,DEBUG,2A714A5F761E008063EDBB2418F52F0A,Added model object 'inputmaskDate' of type [java.lang.String] to request in view with name 'banana/Bnn0001BananaMenu'
05-23-2017 23:56:07.333,DEBUG,2A714A5F761E008063EDBB2418F52F0A,Added model object 'jqueryInputmaskDate' of type [java.lang.String] to request in view with name 'banana/Bnn0001BananaMenu'
05-23-2017 23:56:07.333,DEBUG,2A714A5F761E008063EDBB2418F52F0A,Added model object 'inputMaskExtDate' of type [java.lang.String] to request in view with name 'banana/Bnn0001BananaMenu'
05-23-2017 23:56:07.333,DEBUG,2A714A5F761E008063EDBB2418F52F0A,Added model object 'calendarDate' of type [java.lang.String] to request in view with name 'banana/Bnn0001BananaMenu'
05-23-2017 23:56:07.333,DEBUG,2A714A5F761E008063EDBB2418F52F0A,Added model object 'messageDate' of type [java.lang.String] to request in view with name 'banana/Bnn0001BananaMenu'
05-23-2017 23:56:07.333,DEBUG,2A714A5F761E008063EDBB2418F52F0A,Added model object 'storageDate' of type [java.lang.String] to request in view with name 'banana/Bnn0001BananaMenu'
05-23-2017 23:56:07.333,DEBUG,2A714A5F761E008063EDBB2418F52F0A,Added model object 'commonDate' of type [java.lang.String] to request in view with name 'banana/Bnn0001BananaMenu'
05-23-2017 23:56:07.334,DEBUG,2A714A5F761E008063EDBB2418F52F0A,Added model object 'bananaMenuCssDate' of type [java.lang.String] to request in view with name 'banana/Bnn0001BananaMenu'
05-23-2017 23:56:07.334,DEBUG,2A714A5F761E008063EDBB2418F52F0A,Added model object 'bananaMenuJsDate' of type [java.lang.String] to request in view with name 'banana/Bnn0001BananaMenu'
05-23-2017 23:56:07.334,DEBUG,2A714A5F761E008063EDBB2418F52F0A,Forwarding to resource [/WEB-INF/views/banana/Bnn0001BananaMenu.jsp] in InternalResourceView 'banana/Bnn0001BananaMenu'
05-23-2017 23:56:07.337,DEBUG,2A714A5F761E008063EDBB2418F52F0A,Render request received for definition 'defaultTemplate'
05-23-2017 23:56:07.344,DEBUG,2A714A5F761E008063EDBB2418F52F0A,Successfully completed request
05-23-2017 23:56:07.344,DEBUG,2A714A5F761E008063EDBB2418F52F0A,Chain processed normally
05-23-2017 23:56:07.344,DEBUG,2A714A5F761E008063EDBB2418F52F0A,SecurityContextHolder now cleared, as request processing completed
05-23-2017 23:56:08.717,DEBUG,59FEB64C87CCAA6E486DE1518CDAA752,/0089/ at position 1 of 11 in additional filter chain; firing Filter: 'SecurityContextPersistenceFilter'
05-23-2017 23:56:08.738,DEBUG,59FEB64C87CCAA6E486DE1518CDAA752,Obtained a valid SecurityContext from SPRING_SECURITY_CONTEXT: 'org.springframework.security.core.context.SecurityContextImpl@3b6f3487: Authentication: org.springframework.security.authentication.UsernamePasswordAuthenticationToken@3b6f3487: Principal: vn.bananavietnam.ict.common.auth.MyUser@c4907816: Username: U0000000001; Password: [PROTECTED]; Enabled: true; AccountNonExpired: true; credentialsNonExpired: true; AccountNonLocked: true; Granted Authorities: 1; Credentials: [PROTECTED]; Authenticated: true; Details: org.springframework.security.web.authentication.WebAuthenticationDetails@b364: RemoteIpAddress: 0:0:0:0:0:0:0:1; SessionId: A5DB18B1719EAA949567BC3A4CBA1D00; Granted Authorities: 1'
05-23-2017 23:56:08.738,DEBUG,59FEB64C87CCAA6E486DE1518CDAA752,/0089/ at position 2 of 11 in additional filter chain; firing Filter: 'WebAsyncManagerIntegrationFilter'
05-23-2017 23:56:08.738,DEBUG,59FEB64C87CCAA6E486DE1518CDAA752,/0089/ at position 3 of 11 in additional filter chain; firing Filter: 'LogoutFilter'
05-23-2017 23:56:08.738,DEBUG,59FEB64C87CCAA6E486DE1518CDAA752,/0089/ at position 4 of 11 in additional filter chain; firing Filter: 'UsernamePasswordAuthenticationFilter'
05-23-2017 23:56:08.738,DEBUG,59FEB64C87CCAA6E486DE1518CDAA752,/0089/ at position 5 of 11 in additional filter chain; firing Filter: 'BasicAuthenticationFilter'
05-23-2017 23:56:08.738,DEBUG,59FEB64C87CCAA6E486DE1518CDAA752,/0089/ at position 6 of 11 in additional filter chain; firing Filter: 'RequestCacheAwareFilter'
05-23-2017 23:56:08.738,DEBUG,59FEB64C87CCAA6E486DE1518CDAA752,/0089/ at position 7 of 11 in additional filter chain; firing Filter: 'SecurityContextHolderAwareRequestFilter'
05-23-2017 23:56:08.738,DEBUG,59FEB64C87CCAA6E486DE1518CDAA752,/0089/ at position 8 of 11 in additional filter chain; firing Filter: 'AnonymousAuthenticationFilter'
05-23-2017 23:56:08.738,DEBUG,59FEB64C87CCAA6E486DE1518CDAA752,SecurityContextHolder not populated with anonymous token, as it already contained: 'org.springframework.security.authentication.UsernamePasswordAuthenticationToken@3b6f3487: Principal: vn.bananavietnam.ict.common.auth.MyUser@c4907816: Username: U0000000001; Password: [PROTECTED]; Enabled: true; AccountNonExpired: true; credentialsNonExpired: true; AccountNonLocked: true; Granted Authorities: 1; Credentials: [PROTECTED]; Authenticated: true; Details: org.springframework.security.web.authentication.WebAuthenticationDetails@b364: RemoteIpAddress: 0:0:0:0:0:0:0:1; SessionId: A5DB18B1719EAA949567BC3A4CBA1D00; Granted Authorities: 1'
05-23-2017 23:56:08.738,DEBUG,59FEB64C87CCAA6E486DE1518CDAA752,/0089/ at position 9 of 11 in additional filter chain; firing Filter: 'SessionManagementFilter'
05-23-2017 23:56:08.738,DEBUG,59FEB64C87CCAA6E486DE1518CDAA752,/0089/ at position 10 of 11 in additional filter chain; firing Filter: 'ExceptionTranslationFilter'
05-23-2017 23:56:08.738,DEBUG,59FEB64C87CCAA6E486DE1518CDAA752,/0089/ at position 11 of 11 in additional filter chain; firing Filter: 'FilterSecurityInterceptor'
05-23-2017 23:56:08.738,DEBUG,59FEB64C87CCAA6E486DE1518CDAA752,Checking match of request : '/0089/'; against '/autherror*'
05-23-2017 23:56:08.738,DEBUG,59FEB64C87CCAA6E486DE1518CDAA752,Checking match of request : '/0089/'; against '/login/**'
05-23-2017 23:56:08.738,DEBUG,59FEB64C87CCAA6E486DE1518CDAA752,Checking match of request : '/0089/'; against '/error/**'
05-23-2017 23:56:08.738,DEBUG,59FEB64C87CCAA6E486DE1518CDAA752,Checking match of request : '/0089/'; against '/0001/**'
05-23-2017 23:56:08.738,DEBUG,59FEB64C87CCAA6E486DE1518CDAA752,Checking match of request : '/0089/'; against '/0002/**'
05-23-2017 23:56:08.738,DEBUG,59FEB64C87CCAA6E486DE1518CDAA752,Checking match of request : '/0089/'; against '/0003/**'
05-23-2017 23:56:08.738,DEBUG,59FEB64C87CCAA6E486DE1518CDAA752,Checking match of request : '/0089/'; against '/0005/**'
05-23-2017 23:56:08.738,DEBUG,59FEB64C87CCAA6E486DE1518CDAA752,Checking match of request : '/0089/'; against '/0007/**'
05-23-2017 23:56:08.738,DEBUG,59FEB64C87CCAA6E486DE1518CDAA752,Checking match of request : '/0089/'; against '/0009/**'
05-23-2017 23:56:08.738,DEBUG,59FEB64C87CCAA6E486DE1518CDAA752,Checking match of request : '/0089/'; against '/0013/**'
05-23-2017 23:56:08.738,DEBUG,59FEB64C87CCAA6E486DE1518CDAA752,Checking match of request : '/0089/'; against '/0023/**'
05-23-2017 23:56:08.738,DEBUG,59FEB64C87CCAA6E486DE1518CDAA752,Checking match of request : '/0089/'; against '/0017/**'
05-23-2017 23:56:08.738,DEBUG,59FEB64C87CCAA6E486DE1518CDAA752,Checking match of request : '/0089/'; against '/0031/**'
05-23-2017 23:56:08.738,DEBUG,59FEB64C87CCAA6E486DE1518CDAA752,Checking match of request : '/0089/'; against '/0035/**'
05-23-2017 23:56:08.738,DEBUG,59FEB64C87CCAA6E486DE1518CDAA752,Checking match of request : '/0089/'; against '/0037/**'
05-23-2017 23:56:08.738,DEBUG,59FEB64C87CCAA6E486DE1518CDAA752,Checking match of request : '/0089/'; against '/0045/**'
05-23-2017 23:56:08.738,DEBUG,59FEB64C87CCAA6E486DE1518CDAA752,Checking match of request : '/0089/'; against '/0047/**'
05-23-2017 23:56:08.738,DEBUG,59FEB64C87CCAA6E486DE1518CDAA752,Checking match of request : '/0089/'; against '/0049/**'
05-23-2017 23:56:08.738,DEBUG,59FEB64C87CCAA6E486DE1518CDAA752,Checking match of request : '/0089/'; against '/0061/**'
05-23-2017 23:56:08.738,DEBUG,59FEB64C87CCAA6E486DE1518CDAA752,Checking match of request : '/0089/'; against '/0087/**'
05-23-2017 23:56:08.738,DEBUG,59FEB64C87CCAA6E486DE1518CDAA752,Checking match of request : '/0089/'; against '/0075/**'
05-23-2017 23:56:08.738,DEBUG,59FEB64C87CCAA6E486DE1518CDAA752,Checking match of request : '/0089/'; against '/0089/**'
05-23-2017 23:56:08.738,DEBUG,59FEB64C87CCAA6E486DE1518CDAA752,Secure object: FilterInvocation: URL: /0089/; Attributes: [ROLE_ADMIN, ROLE_USER, IS_AUTHENTICATED_FULLY]
05-23-2017 23:56:08.739,DEBUG,59FEB64C87CCAA6E486DE1518CDAA752,Previously Authenticated: org.springframework.security.authentication.UsernamePasswordAuthenticationToken@3b6f3487: Principal: vn.bananavietnam.ict.common.auth.MyUser@c4907816: Username: U0000000001; Password: [PROTECTED]; Enabled: true; AccountNonExpired: true; credentialsNonExpired: true; AccountNonLocked: true; Granted Authorities: 1; Credentials: [PROTECTED]; Authenticated: true; Details: org.springframework.security.web.authentication.WebAuthenticationDetails@b364: RemoteIpAddress: 0:0:0:0:0:0:0:1; SessionId: A5DB18B1719EAA949567BC3A4CBA1D00; Granted Authorities: 1
05-23-2017 23:56:08.739,DEBUG,59FEB64C87CCAA6E486DE1518CDAA752,Voter: org.springframework.security.access.vote.RoleVoter@1ac872d, returned: -1
05-23-2017 23:56:08.739,DEBUG,59FEB64C87CCAA6E486DE1518CDAA752,Voter: org.springframework.security.access.vote.AuthenticatedVoter@b1927d, returned: 1
05-23-2017 23:56:08.739,DEBUG,59FEB64C87CCAA6E486DE1518CDAA752,Authorization successful
05-23-2017 23:56:08.739,DEBUG,59FEB64C87CCAA6E486DE1518CDAA752,RunAsManager did not change Authentication object
05-23-2017 23:56:08.739,DEBUG,59FEB64C87CCAA6E486DE1518CDAA752,/0089/ reached end of additional filter chain; proceeding with original chain
05-23-2017 23:56:08.739,DEBUG,59FEB64C87CCAA6E486DE1518CDAA752,Request [/ict/0089/] is not a multipart request
05-23-2017 23:56:08.739,DEBUG,2A714A5F761E008063EDBB2418F52F0A,DispatcherServlet with name 'appServlet' processing GET request for [/ict/0089/]
05-23-2017 23:56:08.739,DEBUG,2A714A5F761E008063EDBB2418F52F0A,Looking up handler method for path /0089/
05-23-2017 23:56:08.739,DEBUG,2A714A5F761E008063EDBB2418F52F0A,Returning handler method [public java.lang.String vn.bananavietnam.ict.banana.controller.Bnn0089SearchTaskController.top(javax.servlet.http.HttpServletRequest,java.util.Locale,org.springframework.ui.Model)]
05-23-2017 23:56:08.739,DEBUG,2A714A5F761E008063EDBB2418F52F0A,Returning cached instance of singleton bean 'bnn0089SearchTaskController'
05-23-2017 23:56:08.739,DEBUG,2A714A5F761E008063EDBB2418F52F0A,Last-Modified value for [/ict/0089/] is: -1
05-23-2017 23:56:08.739,DEBUG,2A714A5F761E008063EDBB2418F52F0A,Returning cached instance of singleton bean 'xml_path'
05-23-2017 23:56:08.741,DEBUG,2A714A5F761E008063EDBB2418F52F0A,Rendering view [org.springframework.web.servlet.view.JstlView: name 'banana/Bnn0089SearchTask'; URL [/WEB-INF/views/banana/Bnn0089SearchTask.jsp]] in DispatcherServlet with name 'appServlet'
05-23-2017 23:56:08.741,DEBUG,2A714A5F761E008063EDBB2418F52F0A,Added model object 'resetDate' of type [java.lang.String] to request in view with name 'banana/Bnn0089SearchTask'
05-23-2017 23:56:08.742,DEBUG,2A714A5F761E008063EDBB2418F52F0A,Added model object 'layoutDate' of type [java.lang.String] to request in view with name 'banana/Bnn0089SearchTask'
05-23-2017 23:56:08.742,DEBUG,2A714A5F761E008063EDBB2418F52F0A,Added model object 'jqueryUiCssDate' of type [java.lang.String] to request in view with name 'banana/Bnn0089SearchTask'
05-23-2017 23:56:08.742,DEBUG,2A714A5F761E008063EDBB2418F52F0A,Added model object 'messageHandlerDate' of type [java.lang.String] to request in view with name 'banana/Bnn0089SearchTask'
05-23-2017 23:56:08.742,DEBUG,2A714A5F761E008063EDBB2418F52F0A,Added model object 'jqueryDate' of type [java.lang.String] to request in view with name 'banana/Bnn0089SearchTask'
05-23-2017 23:56:08.742,DEBUG,2A714A5F761E008063EDBB2418F52F0A,Added model object 'jqueryUiDate' of type [java.lang.String] to request in view with name 'banana/Bnn0089SearchTask'
05-23-2017 23:56:08.742,DEBUG,2A714A5F761E008063EDBB2418F52F0A,Added model object 'datepickerDate' of type [java.lang.String] to request in view with name 'banana/Bnn0089SearchTask'
05-23-2017 23:56:08.742,DEBUG,2A714A5F761E008063EDBB2418F52F0A,Added model object 'inputmaskDate' of type [java.lang.String] to request in view with name 'banana/Bnn0089SearchTask'
05-23-2017 23:56:08.742,DEBUG,2A714A5F761E008063EDBB2418F52F0A,Added model object 'jqueryInputmaskDate' of type [java.lang.String] to request in view with name 'banana/Bnn0089SearchTask'
05-23-2017 23:56:08.742,DEBUG,2A714A5F761E008063EDBB2418F52F0A,Added model object 'inputMaskExtDate' of type [java.lang.String] to request in view with name 'banana/Bnn0089SearchTask'
05-23-2017 23:56:08.742,DEBUG,2A714A5F761E008063EDBB2418F52F0A,Added model object 'calendarDate' of type [java.lang.String] to request in view with name 'banana/Bnn0089SearchTask'
05-23-2017 23:56:08.742,DEBUG,2A714A5F761E008063EDBB2418F52F0A,Added model object 'messageDate' of type [java.lang.String] to request in view with name 'banana/Bnn0089SearchTask'
05-23-2017 23:56:08.742,DEBUG,2A714A5F761E008063EDBB2418F52F0A,Added model object 'storageDate' of type [java.lang.String] to request in view with name 'banana/Bnn0089SearchTask'
05-23-2017 23:56:08.742,DEBUG,2A714A5F761E008063EDBB2418F52F0A,Added model object 'commonDate' of type [java.lang.String] to request in view with name 'banana/Bnn0089SearchTask'
05-23-2017 23:56:08.742,DEBUG,2A714A5F761E008063EDBB2418F52F0A,Added model object 'searchTaskCssDate' of type [java.lang.String] to request in view with name 'banana/Bnn0089SearchTask'
05-23-2017 23:56:08.742,DEBUG,2A714A5F761E008063EDBB2418F52F0A,Added model object 'searchTaskJsDate' of type [java.lang.String] to request in view with name 'banana/Bnn0089SearchTask'
05-23-2017 23:56:08.742,DEBUG,2A714A5F761E008063EDBB2418F52F0A,Forwarding to resource [/WEB-INF/views/banana/Bnn0089SearchTask.jsp] in InternalResourceView 'banana/Bnn0089SearchTask'
05-23-2017 23:56:08.748,DEBUG,2A714A5F761E008063EDBB2418F52F0A,Render request received for definition 'defaultTemplate'
05-23-2017 23:56:08.751,DEBUG,2A714A5F761E008063EDBB2418F52F0A,Successfully completed request
05-23-2017 23:56:08.751,DEBUG,2A714A5F761E008063EDBB2418F52F0A,Chain processed normally
05-23-2017 23:56:08.751,DEBUG,2A714A5F761E008063EDBB2418F52F0A,SecurityContextHolder now cleared, as request processing completed
05-23-2017 23:56:08.822,DEBUG,59FEB64C87CCAA6E486DE1518CDAA752,/0089/searchData at position 1 of 11 in additional filter chain; firing Filter: 'SecurityContextPersistenceFilter'
05-23-2017 23:56:08.823,DEBUG,59FEB64C87CCAA6E486DE1518CDAA752,Obtained a valid SecurityContext from SPRING_SECURITY_CONTEXT: 'org.springframework.security.core.context.SecurityContextImpl@3b6f3487: Authentication: org.springframework.security.authentication.UsernamePasswordAuthenticationToken@3b6f3487: Principal: vn.bananavietnam.ict.common.auth.MyUser@c4907816: Username: U0000000001; Password: [PROTECTED]; Enabled: true; AccountNonExpired: true; credentialsNonExpired: true; AccountNonLocked: true; Granted Authorities: 1; Credentials: [PROTECTED]; Authenticated: true; Details: org.springframework.security.web.authentication.WebAuthenticationDetails@b364: RemoteIpAddress: 0:0:0:0:0:0:0:1; SessionId: A5DB18B1719EAA949567BC3A4CBA1D00; Granted Authorities: 1'
05-23-2017 23:56:08.823,DEBUG,59FEB64C87CCAA6E486DE1518CDAA752,/0089/searchData at position 2 of 11 in additional filter chain; firing Filter: 'WebAsyncManagerIntegrationFilter'
05-23-2017 23:56:08.823,DEBUG,59FEB64C87CCAA6E486DE1518CDAA752,/0089/searchData at position 3 of 11 in additional filter chain; firing Filter: 'LogoutFilter'
05-23-2017 23:56:08.823,DEBUG,59FEB64C87CCAA6E486DE1518CDAA752,/0089/searchData at position 4 of 11 in additional filter chain; firing Filter: 'UsernamePasswordAuthenticationFilter'
05-23-2017 23:56:08.823,DEBUG,59FEB64C87CCAA6E486DE1518CDAA752,/0089/searchData at position 5 of 11 in additional filter chain; firing Filter: 'BasicAuthenticationFilter'
05-23-2017 23:56:08.823,DEBUG,59FEB64C87CCAA6E486DE1518CDAA752,/0089/searchData at position 6 of 11 in additional filter chain; firing Filter: 'RequestCacheAwareFilter'
05-23-2017 23:56:08.823,DEBUG,59FEB64C87CCAA6E486DE1518CDAA752,/0089/searchData at position 7 of 11 in additional filter chain; firing Filter: 'SecurityContextHolderAwareRequestFilter'
05-23-2017 23:56:08.823,DEBUG,59FEB64C87CCAA6E486DE1518CDAA752,/0089/searchData at position 8 of 11 in additional filter chain; firing Filter: 'AnonymousAuthenticationFilter'
05-23-2017 23:56:08.823,DEBUG,59FEB64C87CCAA6E486DE1518CDAA752,SecurityContextHolder not populated with anonymous token, as it already contained: 'org.springframework.security.authentication.UsernamePasswordAuthenticationToken@3b6f3487: Principal: vn.bananavietnam.ict.common.auth.MyUser@c4907816: Username: U0000000001; Password: [PROTECTED]; Enabled: true; AccountNonExpired: true; credentialsNonExpired: true; AccountNonLocked: true; Granted Authorities: 1; Credentials: [PROTECTED]; Authenticated: true; Details: org.springframework.security.web.authentication.WebAuthenticationDetails@b364: RemoteIpAddress: 0:0:0:0:0:0:0:1; SessionId: A5DB18B1719EAA949567BC3A4CBA1D00; Granted Authorities: 1'
05-23-2017 23:56:08.823,DEBUG,59FEB64C87CCAA6E486DE1518CDAA752,/0089/searchData at position 9 of 11 in additional filter chain; firing Filter: 'SessionManagementFilter'
05-23-2017 23:56:08.823,DEBUG,59FEB64C87CCAA6E486DE1518CDAA752,/0089/searchData at position 10 of 11 in additional filter chain; firing Filter: 'ExceptionTranslationFilter'
05-23-2017 23:56:08.823,DEBUG,59FEB64C87CCAA6E486DE1518CDAA752,/0089/searchData at position 11 of 11 in additional filter chain; firing Filter: 'FilterSecurityInterceptor'
05-23-2017 23:56:08.823,DEBUG,59FEB64C87CCAA6E486DE1518CDAA752,Checking match of request : '/0089/searchdata'; against '/autherror*'
05-23-2017 23:56:08.823,DEBUG,59FEB64C87CCAA6E486DE1518CDAA752,Checking match of request : '/0089/searchdata'; against '/login/**'
05-23-2017 23:56:08.823,DEBUG,59FEB64C87CCAA6E486DE1518CDAA752,Checking match of request : '/0089/searchdata'; against '/error/**'
05-23-2017 23:56:08.823,DEBUG,59FEB64C87CCAA6E486DE1518CDAA752,Checking match of request : '/0089/searchdata'; against '/0001/**'
05-23-2017 23:56:08.823,DEBUG,59FEB64C87CCAA6E486DE1518CDAA752,Checking match of request : '/0089/searchdata'; against '/0002/**'
05-23-2017 23:56:08.823,DEBUG,59FEB64C87CCAA6E486DE1518CDAA752,Checking match of request : '/0089/searchdata'; against '/0003/**'
05-23-2017 23:56:08.823,DEBUG,59FEB64C87CCAA6E486DE1518CDAA752,Checking match of request : '/0089/searchdata'; against '/0005/**'
05-23-2017 23:56:08.823,DEBUG,59FEB64C87CCAA6E486DE1518CDAA752,Checking match of request : '/0089/searchdata'; against '/0007/**'
05-23-2017 23:56:08.823,DEBUG,59FEB64C87CCAA6E486DE1518CDAA752,Checking match of request : '/0089/searchdata'; against '/0009/**'
05-23-2017 23:56:08.823,DEBUG,59FEB64C87CCAA6E486DE1518CDAA752,Checking match of request : '/0089/searchdata'; against '/0013/**'
05-23-2017 23:56:08.823,DEBUG,59FEB64C87CCAA6E486DE1518CDAA752,Checking match of request : '/0089/searchdata'; against '/0023/**'
05-23-2017 23:56:08.823,DEBUG,59FEB64C87CCAA6E486DE1518CDAA752,Checking match of request : '/0089/searchdata'; against '/0017/**'
05-23-2017 23:56:08.823,DEBUG,59FEB64C87CCAA6E486DE1518CDAA752,Checking match of request : '/0089/searchdata'; against '/0031/**'
05-23-2017 23:56:08.823,DEBUG,59FEB64C87CCAA6E486DE1518CDAA752,Checking match of request : '/0089/searchdata'; against '/0035/**'
05-23-2017 23:56:08.823,DEBUG,59FEB64C87CCAA6E486DE1518CDAA752,Checking match of request : '/0089/searchdata'; against '/0037/**'
05-23-2017 23:56:08.823,DEBUG,59FEB64C87CCAA6E486DE1518CDAA752,Checking match of request : '/0089/searchdata'; against '/0045/**'
05-23-2017 23:56:08.823,DEBUG,59FEB64C87CCAA6E486DE1518CDAA752,Checking match of request : '/0089/searchdata'; against '/0047/**'
05-23-2017 23:56:08.823,DEBUG,59FEB64C87CCAA6E486DE1518CDAA752,Checking match of request : '/0089/searchdata'; against '/0049/**'
05-23-2017 23:56:08.823,DEBUG,59FEB64C87CCAA6E486DE1518CDAA752,Checking match of request : '/0089/searchdata'; against '/0061/**'
05-23-2017 23:56:08.823,DEBUG,59FEB64C87CCAA6E486DE1518CDAA752,Checking match of request : '/0089/searchdata'; against '/0087/**'
05-23-2017 23:56:08.823,DEBUG,59FEB64C87CCAA6E486DE1518CDAA752,Checking match of request : '/0089/searchdata'; against '/0075/**'
05-23-2017 23:56:08.823,DEBUG,59FEB64C87CCAA6E486DE1518CDAA752,Checking match of request : '/0089/searchdata'; against '/0089/**'
05-23-2017 23:56:08.823,DEBUG,59FEB64C87CCAA6E486DE1518CDAA752,Secure object: FilterInvocation: URL: /0089/searchData; Attributes: [ROLE_ADMIN, ROLE_USER, IS_AUTHENTICATED_FULLY]
05-23-2017 23:56:08.823,DEBUG,59FEB64C87CCAA6E486DE1518CDAA752,Previously Authenticated: org.springframework.security.authentication.UsernamePasswordAuthenticationToken@3b6f3487: Principal: vn.bananavietnam.ict.common.auth.MyUser@c4907816: Username: U0000000001; Password: [PROTECTED]; Enabled: true; AccountNonExpired: true; credentialsNonExpired: true; AccountNonLocked: true; Granted Authorities: 1; Credentials: [PROTECTED]; Authenticated: true; Details: org.springframework.security.web.authentication.WebAuthenticationDetails@b364: RemoteIpAddress: 0:0:0:0:0:0:0:1; SessionId: A5DB18B1719EAA949567BC3A4CBA1D00; Granted Authorities: 1
05-23-2017 23:56:08.823,DEBUG,59FEB64C87CCAA6E486DE1518CDAA752,Voter: org.springframework.security.access.vote.RoleVoter@1ac872d, returned: -1
05-23-2017 23:56:08.824,DEBUG,59FEB64C87CCAA6E486DE1518CDAA752,Voter: org.springframework.security.access.vote.AuthenticatedVoter@b1927d, returned: 1
05-23-2017 23:56:08.824,DEBUG,59FEB64C87CCAA6E486DE1518CDAA752,Authorization successful
05-23-2017 23:56:08.824,DEBUG,59FEB64C87CCAA6E486DE1518CDAA752,RunAsManager did not change Authentication object
05-23-2017 23:56:08.824,DEBUG,59FEB64C87CCAA6E486DE1518CDAA752,/0089/searchData reached end of additional filter chain; proceeding with original chain
05-23-2017 23:56:08.824,DEBUG,59FEB64C87CCAA6E486DE1518CDAA752,Request [/ict/0089/searchData] is not a multipart request
05-23-2017 23:56:08.824,DEBUG,2A714A5F761E008063EDBB2418F52F0A,DispatcherServlet with name 'appServlet' processing POST request for [/ict/0089/searchData]
05-23-2017 23:56:08.824,DEBUG,2A714A5F761E008063EDBB2418F52F0A,Looking up handler method for path /0089/searchData
05-23-2017 23:56:08.824,DEBUG,2A714A5F761E008063EDBB2418F52F0A,Returning handler method [public java.util.List<vn.bananavietnam.ict.banana.component.Bnn0089SearchTaskResult> vn.bananavietnam.ict.banana.controller.Bnn0089SearchTaskController.searchData(vn.bananavietnam.ict.banana.component.Bnn0089SearchTaskConditions)]
05-23-2017 23:56:08.824,DEBUG,2A714A5F761E008063EDBB2418F52F0A,Returning cached instance of singleton bean 'bnn0089SearchTaskController'
05-23-2017 23:56:08.824,DEBUG,2A714A5F761E008063EDBB2418F52F0A,Returning cached instance of singleton bean 'xml_path'
05-23-2017 23:56:08.824,DEBUG,2A714A5F761E008063EDBB2418F52F0A,Read [class vn.bananavietnam.ict.banana.component.Bnn0089SearchTaskConditions] as "application/json" with [org.springframework.http.converter.json.MappingJackson2HttpMessageConverter@156f2cc]
05-23-2017 23:56:08.825,INFO ,2A714A5F761E008063EDBB2418F52F0A,U0000000001,vn.bananavietnam.ict.banana.service.Bnn0089SearchTaskService,searchData,[vn.bananavietnam.ict.banana.component.Bnn0089SearchTaskConditions@87ba59] METHOD START
05-23-2017 23:56:08.825,DEBUG,2A714A5F761E008063EDBB2418F52F0A,Returning cached instance of singleton bean 'transactionManager'
05-23-2017 23:56:08.825,INFO ,2A714A5F761E008063EDBB2418F52F0A,U0000000001,Task searching started
05-23-2017 23:56:08.825,DEBUG,2A714A5F761E008063EDBB2418F52F0A,Creating a new SqlSession
05-23-2017 23:56:08.825,DEBUG,2A714A5F761E008063EDBB2418F52F0A,Registering transaction synchronization for SqlSession [org.apache.ibatis.session.defaults.DefaultSqlSession@1ef1685]
05-23-2017 23:56:08.825,DEBUG,2A714A5F761E008063EDBB2418F52F0A,Fetching JDBC Connection from DataSource
05-23-2017 23:56:08.825,DEBUG,2A714A5F761E008063EDBB2418F52F0A,Creating new JDBC DriverManager Connection to [jdbc:mysql://172.16.0.175:3306/BANANA_DB_HUNG_SELENIUM?useUnicode=yes&characterEncoding=UTF-8&autoReconnect=true]
05-23-2017 23:56:08.843,DEBUG,2A714A5F761E008063EDBB2418F52F0A,Registering transaction synchronization for JDBC Connection
05-23-2017 23:56:08.843,DEBUG,2A714A5F761E008063EDBB2418F52F0A,JDBC Connection [com.mysql.jdbc.JDBC4Connection@1a8ef00] will be managed by Spring
05-23-2017 23:56:08.843,DEBUG,2A714A5F761E008063EDBB2418F52F0A,==>  Preparing: SELECT T.TASK_ID taskId, T.TASK_NAME taskName, T.WORKING_DETAILS workingDetails, T.NOTE note, T.QUARANTINE_HANDLING_FLAG quarantineHandlingFlag, T.DELETE_FLAG deleteFlag, T.CHANGE_POINT_CODE changePointCode, T.LAST_UPDATE_DATE lastUpdateDate FROM IVB_M_TASK T WHERE 1 = 1 AND T.DELETE_FLAG = '0' ORDER BY T.TASK_NAME LIMIT ?,? 
05-23-2017 23:56:08.843,DEBUG,2A714A5F761E008063EDBB2418F52F0A,==> Parameters: 0(Integer), 20(Integer)
05-23-2017 23:56:08.847,DEBUG,2A714A5F761E008063EDBB2418F52F0A,<==      Total: 20
05-23-2017 23:56:08.848,DEBUG,2A714A5F761E008063EDBB2418F52F0A,Releasing transactional SqlSession [org.apache.ibatis.session.defaults.DefaultSqlSession@1ef1685]
05-23-2017 23:56:08.848,INFO ,2A714A5F761E008063EDBB2418F52F0A,U0000000001,SQL execution finished
05-23-2017 23:56:08.848,DEBUG,2A714A5F761E008063EDBB2418F52F0A,Fetched SqlSession [org.apache.ibatis.session.defaults.DefaultSqlSession@1ef1685] from current transaction
05-23-2017 23:56:08.848,DEBUG,2A714A5F761E008063EDBB2418F52F0A,==>  Preparing: SELECT COUNT(*) FROM IVB_M_TASK T WHERE 1 = 1 AND T.DELETE_FLAG = '0' ORDER BY T.TASK_ID 
05-23-2017 23:56:08.848,DEBUG,2A714A5F761E008063EDBB2418F52F0A,==> Parameters: 
05-23-2017 23:56:08.849,DEBUG,2A714A5F761E008063EDBB2418F52F0A,<==      Total: 1
05-23-2017 23:56:08.849,DEBUG,2A714A5F761E008063EDBB2418F52F0A,Releasing transactional SqlSession [org.apache.ibatis.session.defaults.DefaultSqlSession@1ef1685]
05-23-2017 23:56:08.849,INFO ,2A714A5F761E008063EDBB2418F52F0A,U0000000001,Task searching finished ==> 43 item(s)
05-23-2017 23:56:08.849,DEBUG,2A714A5F761E008063EDBB2418F52F0A,Transaction synchronization deregistering SqlSession [org.apache.ibatis.session.defaults.DefaultSqlSession@1ef1685]
05-23-2017 23:56:08.849,DEBUG,2A714A5F761E008063EDBB2418F52F0A,Transaction synchronization closing SqlSession [org.apache.ibatis.session.defaults.DefaultSqlSession@1ef1685]
05-23-2017 23:56:08.849,DEBUG,2A714A5F761E008063EDBB2418F52F0A,Returning JDBC Connection to DataSource
05-23-2017 23:56:08.850,INFO ,2A714A5F761E008063EDBB2418F52F0A,U0000000001,vn.bananavietnam.ict.banana.service.Bnn0089SearchTaskService,searchData,[vn.bananavietnam.ict.banana.component.Bnn0089SearchTaskConditions@87ba59] METHOD END
05-23-2017 23:56:08.851,DEBUG,2A714A5F761E008063EDBB2418F52F0A,Written [[vn.bananavietnam.ict.banana.component.Bnn0089SearchTaskResult@1859e4b, vn.bananavietnam.ict.banana.component.Bnn0089SearchTaskResult@359f74, vn.bananavietnam.ict.banana.component.Bnn0089SearchTaskResult@718da5, vn.bananavietnam.ict.banana.component.Bnn0089SearchTaskResult@12a6da1, vn.bananavietnam.ict.banana.component.Bnn0089SearchTaskResult@82c589, vn.bananavietnam.ict.banana.component.Bnn0089SearchTaskResult@63692, vn.bananavietnam.ict.banana.component.Bnn0089SearchTaskResult@5e8492, vn.bananavietnam.ict.banana.component.Bnn0089SearchTaskResult@87a5dd, vn.bananavietnam.ict.banana.component.Bnn0089SearchTaskResult@2d9689, vn.bananavietnam.ict.banana.component.Bnn0089SearchTaskResult@1f69278, vn.bananavietnam.ict.banana.component.Bnn0089SearchTaskResult@164e100, vn.bananavietnam.ict.banana.component.Bnn0089SearchTaskResult@72057c, vn.bananavietnam.ict.banana.component.Bnn0089SearchTaskResult@15525, vn.bananavietnam.ict.banana.component.Bnn0089SearchTaskResult@13f684f, vn.bananavietnam.ict.banana.component.Bnn0089SearchTaskResult@173e489, vn.bananavietnam.ict.banana.component.Bnn0089SearchTaskResult@1025d3e, vn.bananavietnam.ict.banana.component.Bnn0089SearchTaskResult@1f28846, vn.bananavietnam.ict.banana.component.Bnn0089SearchTaskResult@17dee27, vn.bananavietnam.ict.banana.component.Bnn0089SearchTaskResult@19c006d, vn.bananavietnam.ict.banana.component.Bnn0089SearchTaskResult@64454d]] as "application/json;charset=UTF-8" using [org.springframework.http.converter.json.MappingJackson2HttpMessageConverter@156f2cc]
05-23-2017 23:56:08.851,DEBUG,2A714A5F761E008063EDBB2418F52F0A,Null ModelAndView returned to DispatcherServlet with name 'appServlet': assuming HandlerAdapter completed request handling
05-23-2017 23:56:08.851,DEBUG,2A714A5F761E008063EDBB2418F52F0A,Successfully completed request
05-23-2017 23:56:08.851,DEBUG,2A714A5F761E008063EDBB2418F52F0A,Chain processed normally
05-23-2017 23:56:08.851,DEBUG,2A714A5F761E008063EDBB2418F52F0A,SecurityContextHolder now cleared, as request processing completed
05-23-2017 23:56:10.111,DEBUG,59FEB64C87CCAA6E486DE1518CDAA752,/0089/searchData at position 1 of 11 in additional filter chain; firing Filter: 'SecurityContextPersistenceFilter'
05-23-2017 23:56:10.111,DEBUG,59FEB64C87CCAA6E486DE1518CDAA752,Obtained a valid SecurityContext from SPRING_SECURITY_CONTEXT: 'org.springframework.security.core.context.SecurityContextImpl@3b6f3487: Authentication: org.springframework.security.authentication.UsernamePasswordAuthenticationToken@3b6f3487: Principal: vn.bananavietnam.ict.common.auth.MyUser@c4907816: Username: U0000000001; Password: [PROTECTED]; Enabled: true; AccountNonExpired: true; credentialsNonExpired: true; AccountNonLocked: true; Granted Authorities: 1; Credentials: [PROTECTED]; Authenticated: true; Details: org.springframework.security.web.authentication.WebAuthenticationDetails@b364: RemoteIpAddress: 0:0:0:0:0:0:0:1; SessionId: A5DB18B1719EAA949567BC3A4CBA1D00; Granted Authorities: 1'
05-23-2017 23:56:10.111,DEBUG,59FEB64C87CCAA6E486DE1518CDAA752,/0089/searchData at position 2 of 11 in additional filter chain; firing Filter: 'WebAsyncManagerIntegrationFilter'
05-23-2017 23:56:10.111,DEBUG,59FEB64C87CCAA6E486DE1518CDAA752,/0089/searchData at position 3 of 11 in additional filter chain; firing Filter: 'LogoutFilter'
05-23-2017 23:56:10.111,DEBUG,59FEB64C87CCAA6E486DE1518CDAA752,/0089/searchData at position 4 of 11 in additional filter chain; firing Filter: 'UsernamePasswordAuthenticationFilter'
05-23-2017 23:56:10.111,DEBUG,59FEB64C87CCAA6E486DE1518CDAA752,/0089/searchData at position 5 of 11 in additional filter chain; firing Filter: 'BasicAuthenticationFilter'
05-23-2017 23:56:10.111,DEBUG,59FEB64C87CCAA6E486DE1518CDAA752,/0089/searchData at position 6 of 11 in additional filter chain; firing Filter: 'RequestCacheAwareFilter'
05-23-2017 23:56:10.111,DEBUG,59FEB64C87CCAA6E486DE1518CDAA752,/0089/searchData at position 7 of 11 in additional filter chain; firing Filter: 'SecurityContextHolderAwareRequestFilter'
05-23-2017 23:56:10.111,DEBUG,59FEB64C87CCAA6E486DE1518CDAA752,/0089/searchData at position 8 of 11 in additional filter chain; firing Filter: 'AnonymousAuthenticationFilter'
05-23-2017 23:56:10.111,DEBUG,59FEB64C87CCAA6E486DE1518CDAA752,SecurityContextHolder not populated with anonymous token, as it already contained: 'org.springframework.security.authentication.UsernamePasswordAuthenticationToken@3b6f3487: Principal: vn.bananavietnam.ict.common.auth.MyUser@c4907816: Username: U0000000001; Password: [PROTECTED]; Enabled: true; AccountNonExpired: true; credentialsNonExpired: true; AccountNonLocked: true; Granted Authorities: 1; Credentials: [PROTECTED]; Authenticated: true; Details: org.springframework.security.web.authentication.WebAuthenticationDetails@b364: RemoteIpAddress: 0:0:0:0:0:0:0:1; SessionId: A5DB18B1719EAA949567BC3A4CBA1D00; Granted Authorities: 1'
05-23-2017 23:56:10.111,DEBUG,59FEB64C87CCAA6E486DE1518CDAA752,/0089/searchData at position 9 of 11 in additional filter chain; firing Filter: 'SessionManagementFilter'
05-23-2017 23:56:10.111,DEBUG,59FEB64C87CCAA6E486DE1518CDAA752,/0089/searchData at position 10 of 11 in additional filter chain; firing Filter: 'ExceptionTranslationFilter'
05-23-2017 23:56:10.111,DEBUG,59FEB64C87CCAA6E486DE1518CDAA752,/0089/searchData at position 11 of 11 in additional filter chain; firing Filter: 'FilterSecurityInterceptor'
05-23-2017 23:56:10.111,DEBUG,59FEB64C87CCAA6E486DE1518CDAA752,Checking match of request : '/0089/searchdata'; against '/autherror*'
05-23-2017 23:56:10.111,DEBUG,59FEB64C87CCAA6E486DE1518CDAA752,Checking match of request : '/0089/searchdata'; against '/login/**'
05-23-2017 23:56:10.111,DEBUG,59FEB64C87CCAA6E486DE1518CDAA752,Checking match of request : '/0089/searchdata'; against '/error/**'
05-23-2017 23:56:10.111,DEBUG,59FEB64C87CCAA6E486DE1518CDAA752,Checking match of request : '/0089/searchdata'; against '/0001/**'
05-23-2017 23:56:10.111,DEBUG,59FEB64C87CCAA6E486DE1518CDAA752,Checking match of request : '/0089/searchdata'; against '/0002/**'
05-23-2017 23:56:10.111,DEBUG,59FEB64C87CCAA6E486DE1518CDAA752,Checking match of request : '/0089/searchdata'; against '/0003/**'
05-23-2017 23:56:10.111,DEBUG,59FEB64C87CCAA6E486DE1518CDAA752,Checking match of request : '/0089/searchdata'; against '/0005/**'
05-23-2017 23:56:10.112,DEBUG,59FEB64C87CCAA6E486DE1518CDAA752,Checking match of request : '/0089/searchdata'; against '/0007/**'
05-23-2017 23:56:10.112,DEBUG,59FEB64C87CCAA6E486DE1518CDAA752,Checking match of request : '/0089/searchdata'; against '/0009/**'
05-23-2017 23:56:10.112,DEBUG,59FEB64C87CCAA6E486DE1518CDAA752,Checking match of request : '/0089/searchdata'; against '/0013/**'
05-23-2017 23:56:10.112,DEBUG,59FEB64C87CCAA6E486DE1518CDAA752,Checking match of request : '/0089/searchdata'; against '/0023/**'
05-23-2017 23:56:10.112,DEBUG,59FEB64C87CCAA6E486DE1518CDAA752,Checking match of request : '/0089/searchdata'; against '/0017/**'
05-23-2017 23:56:10.112,DEBUG,59FEB64C87CCAA6E486DE1518CDAA752,Checking match of request : '/0089/searchdata'; against '/0031/**'
05-23-2017 23:56:10.112,DEBUG,59FEB64C87CCAA6E486DE1518CDAA752,Checking match of request : '/0089/searchdata'; against '/0035/**'
05-23-2017 23:56:10.112,DEBUG,59FEB64C87CCAA6E486DE1518CDAA752,Checking match of request : '/0089/searchdata'; against '/0037/**'
05-23-2017 23:56:10.112,DEBUG,59FEB64C87CCAA6E486DE1518CDAA752,Checking match of request : '/0089/searchdata'; against '/0045/**'
05-23-2017 23:56:10.112,DEBUG,59FEB64C87CCAA6E486DE1518CDAA752,Checking match of request : '/0089/searchdata'; against '/0047/**'
05-23-2017 23:56:10.112,DEBUG,59FEB64C87CCAA6E486DE1518CDAA752,Checking match of request : '/0089/searchdata'; against '/0049/**'
05-23-2017 23:56:10.112,DEBUG,59FEB64C87CCAA6E486DE1518CDAA752,Checking match of request : '/0089/searchdata'; against '/0061/**'
05-23-2017 23:56:10.112,DEBUG,59FEB64C87CCAA6E486DE1518CDAA752,Checking match of request : '/0089/searchdata'; against '/0087/**'
05-23-2017 23:56:10.112,DEBUG,59FEB64C87CCAA6E486DE1518CDAA752,Checking match of request : '/0089/searchdata'; against '/0075/**'
05-23-2017 23:56:10.112,DEBUG,59FEB64C87CCAA6E486DE1518CDAA752,Checking match of request : '/0089/searchdata'; against '/0089/**'
05-23-2017 23:56:10.112,DEBUG,59FEB64C87CCAA6E486DE1518CDAA752,Secure object: FilterInvocation: URL: /0089/searchData; Attributes: [ROLE_ADMIN, ROLE_USER, IS_AUTHENTICATED_FULLY]
05-23-2017 23:56:10.112,DEBUG,59FEB64C87CCAA6E486DE1518CDAA752,Previously Authenticated: org.springframework.security.authentication.UsernamePasswordAuthenticationToken@3b6f3487: Principal: vn.bananavietnam.ict.common.auth.MyUser@c4907816: Username: U0000000001; Password: [PROTECTED]; Enabled: true; AccountNonExpired: true; credentialsNonExpired: true; AccountNonLocked: true; Granted Authorities: 1; Credentials: [PROTECTED]; Authenticated: true; Details: org.springframework.security.web.authentication.WebAuthenticationDetails@b364: RemoteIpAddress: 0:0:0:0:0:0:0:1; SessionId: A5DB18B1719EAA949567BC3A4CBA1D00; Granted Authorities: 1
05-23-2017 23:56:10.112,DEBUG,59FEB64C87CCAA6E486DE1518CDAA752,Voter: org.springframework.security.access.vote.RoleVoter@1ac872d, returned: -1
05-23-2017 23:56:10.112,DEBUG,59FEB64C87CCAA6E486DE1518CDAA752,Voter: org.springframework.security.access.vote.AuthenticatedVoter@b1927d, returned: 1
05-23-2017 23:56:10.112,DEBUG,59FEB64C87CCAA6E486DE1518CDAA752,Authorization successful
05-23-2017 23:56:10.112,DEBUG,59FEB64C87CCAA6E486DE1518CDAA752,RunAsManager did not change Authentication object
05-23-2017 23:56:10.112,DEBUG,59FEB64C87CCAA6E486DE1518CDAA752,/0089/searchData reached end of additional filter chain; proceeding with original chain
05-23-2017 23:56:10.112,DEBUG,59FEB64C87CCAA6E486DE1518CDAA752,Request [/ict/0089/searchData] is not a multipart request
05-23-2017 23:56:10.112,DEBUG,2A714A5F761E008063EDBB2418F52F0A,DispatcherServlet with name 'appServlet' processing POST request for [/ict/0089/searchData]
05-23-2017 23:56:10.112,DEBUG,2A714A5F761E008063EDBB2418F52F0A,Looking up handler method for path /0089/searchData
05-23-2017 23:56:10.112,DEBUG,2A714A5F761E008063EDBB2418F52F0A,Returning handler method [public java.util.List<vn.bananavietnam.ict.banana.component.Bnn0089SearchTaskResult> vn.bananavietnam.ict.banana.controller.Bnn0089SearchTaskController.searchData(vn.bananavietnam.ict.banana.component.Bnn0089SearchTaskConditions)]
05-23-2017 23:56:10.112,DEBUG,2A714A5F761E008063EDBB2418F52F0A,Returning cached instance of singleton bean 'bnn0089SearchTaskController'
05-23-2017 23:56:10.112,DEBUG,2A714A5F761E008063EDBB2418F52F0A,Returning cached instance of singleton bean 'xml_path'
05-23-2017 23:56:10.113,DEBUG,2A714A5F761E008063EDBB2418F52F0A,Read [class vn.bananavietnam.ict.banana.component.Bnn0089SearchTaskConditions] as "application/json" with [org.springframework.http.converter.json.MappingJackson2HttpMessageConverter@156f2cc]
05-23-2017 23:56:10.113,INFO ,2A714A5F761E008063EDBB2418F52F0A,U0000000001,vn.bananavietnam.ict.banana.service.Bnn0089SearchTaskService,searchData,[vn.bananavietnam.ict.banana.component.Bnn0089SearchTaskConditions@a870b9] METHOD START
05-23-2017 23:56:10.113,DEBUG,2A714A5F761E008063EDBB2418F52F0A,Returning cached instance of singleton bean 'transactionManager'
05-23-2017 23:56:10.113,INFO ,2A714A5F761E008063EDBB2418F52F0A,U0000000001,Task searching started
05-23-2017 23:56:10.113,DEBUG,2A714A5F761E008063EDBB2418F52F0A,Creating a new SqlSession
05-23-2017 23:56:10.113,DEBUG,2A714A5F761E008063EDBB2418F52F0A,Registering transaction synchronization for SqlSession [org.apache.ibatis.session.defaults.DefaultSqlSession@581927]
05-23-2017 23:56:10.113,DEBUG,2A714A5F761E008063EDBB2418F52F0A,Fetching JDBC Connection from DataSource
05-23-2017 23:56:10.113,DEBUG,2A714A5F761E008063EDBB2418F52F0A,Creating new JDBC DriverManager Connection to [jdbc:mysql://172.16.0.175:3306/BANANA_DB_HUNG_SELENIUM?useUnicode=yes&characterEncoding=UTF-8&autoReconnect=true]
05-23-2017 23:56:10.129,DEBUG,2A714A5F761E008063EDBB2418F52F0A,Registering transaction synchronization for JDBC Connection
05-23-2017 23:56:10.130,DEBUG,2A714A5F761E008063EDBB2418F52F0A,JDBC Connection [com.mysql.jdbc.JDBC4Connection@5ce1ac] will be managed by Spring
05-23-2017 23:56:10.130,DEBUG,2A714A5F761E008063EDBB2418F52F0A,==>  Preparing: SELECT T.TASK_ID taskId, T.TASK_NAME taskName, T.WORKING_DETAILS workingDetails, T.NOTE note, T.QUARANTINE_HANDLING_FLAG quarantineHandlingFlag, T.DELETE_FLAG deleteFlag, T.CHANGE_POINT_CODE changePointCode, T.LAST_UPDATE_DATE lastUpdateDate FROM IVB_M_TASK T WHERE 1 = 1 AND T.DELETE_FLAG = '0' ORDER BY T.TASK_NAME LIMIT ?,? 
05-23-2017 23:56:10.130,DEBUG,2A714A5F761E008063EDBB2418F52F0A,==> Parameters: 40(Integer), 20(Integer)
05-23-2017 23:56:10.132,DEBUG,2A714A5F761E008063EDBB2418F52F0A,<==      Total: 3
05-23-2017 23:56:10.132,DEBUG,2A714A5F761E008063EDBB2418F52F0A,Releasing transactional SqlSession [org.apache.ibatis.session.defaults.DefaultSqlSession@581927]
05-23-2017 23:56:10.132,INFO ,2A714A5F761E008063EDBB2418F52F0A,U0000000001,SQL execution finished
05-23-2017 23:56:10.132,DEBUG,2A714A5F761E008063EDBB2418F52F0A,Fetched SqlSession [org.apache.ibatis.session.defaults.DefaultSqlSession@581927] from current transaction
05-23-2017 23:56:10.132,DEBUG,2A714A5F761E008063EDBB2418F52F0A,==>  Preparing: SELECT COUNT(*) FROM IVB_M_TASK T WHERE 1 = 1 AND T.DELETE_FLAG = '0' ORDER BY T.TASK_ID 
05-23-2017 23:56:10.132,DEBUG,2A714A5F761E008063EDBB2418F52F0A,==> Parameters: 
05-23-2017 23:56:10.134,DEBUG,2A714A5F761E008063EDBB2418F52F0A,<==      Total: 1
05-23-2017 23:56:10.134,DEBUG,2A714A5F761E008063EDBB2418F52F0A,Releasing transactional SqlSession [org.apache.ibatis.session.defaults.DefaultSqlSession@581927]
05-23-2017 23:56:10.134,INFO ,2A714A5F761E008063EDBB2418F52F0A,U0000000001,Task searching finished ==> 43 item(s)
05-23-2017 23:56:10.134,DEBUG,2A714A5F761E008063EDBB2418F52F0A,Transaction synchronization deregistering SqlSession [org.apache.ibatis.session.defaults.DefaultSqlSession@581927]
05-23-2017 23:56:10.134,DEBUG,2A714A5F761E008063EDBB2418F52F0A,Transaction synchronization closing SqlSession [org.apache.ibatis.session.defaults.DefaultSqlSession@581927]
05-23-2017 23:56:10.134,DEBUG,2A714A5F761E008063EDBB2418F52F0A,Returning JDBC Connection to DataSource
05-23-2017 23:56:10.134,INFO ,2A714A5F761E008063EDBB2418F52F0A,U0000000001,vn.bananavietnam.ict.banana.service.Bnn0089SearchTaskService,searchData,[vn.bananavietnam.ict.banana.component.Bnn0089SearchTaskConditions@a870b9] METHOD END
05-23-2017 23:56:10.134,DEBUG,2A714A5F761E008063EDBB2418F52F0A,Written [[vn.bananavietnam.ict.banana.component.Bnn0089SearchTaskResult@e3d613, vn.bananavietnam.ict.banana.component.Bnn0089SearchTaskResult@1c2ab1d, vn.bananavietnam.ict.banana.component.Bnn0089SearchTaskResult@1257f41]] as "application/json;charset=UTF-8" using [org.springframework.http.converter.json.MappingJackson2HttpMessageConverter@156f2cc]
05-23-2017 23:56:10.135,DEBUG,2A714A5F761E008063EDBB2418F52F0A,Null ModelAndView returned to DispatcherServlet with name 'appServlet': assuming HandlerAdapter completed request handling
05-23-2017 23:56:10.135,DEBUG,2A714A5F761E008063EDBB2418F52F0A,Successfully completed request
05-23-2017 23:56:10.135,DEBUG,2A714A5F761E008063EDBB2418F52F0A,Chain processed normally
05-23-2017 23:56:10.135,DEBUG,2A714A5F761E008063EDBB2418F52F0A,SecurityContextHolder now cleared, as request processing completed
