05-23-2017 23:09:45.789,DEBUG,BD7EC612B37C2FDFDDF4C461E30454B9,/0089/updateData at position 1 of 11 in additional filter chain; firing Filter: 'SecurityContextPersistenceFilter'
05-23-2017 23:09:45.789,DEBUG,BD7EC612B37C2FDFDDF4C461E30454B9,Obtained a valid SecurityContext from SPRING_SECURITY_CONTEXT: 'org.springframework.security.core.context.SecurityContextImpl@c493f8ef: Authentication: org.springframework.security.authentication.UsernamePasswordAuthenticationToken@c493f8ef: Principal: vn.bananavietnam.ict.common.auth.MyUser@c4907816: Username: U0000000001; Password: [PROTECTED]; Enabled: true; AccountNonExpired: true; credentialsNonExpired: true; AccountNonLocked: true; Granted Authorities: 1; Credentials: [PROTECTED]; Authenticated: true; Details: org.springframework.security.web.authentication.WebAuthenticationDetails@fffc7f0c: RemoteIpAddress: 0:0:0:0:0:0:0:1; SessionId: BD7EC612B37C2FDFDDF4C461E30454B9; Granted Authorities: 1'
05-23-2017 23:09:45.789,DEBUG,BD7EC612B37C2FDFDDF4C461E30454B9,/0089/updateData at position 2 of 11 in additional filter chain; firing Filter: 'WebAsyncManagerIntegrationFilter'
05-23-2017 23:09:45.789,DEBUG,BD7EC612B37C2FDFDDF4C461E30454B9,/0089/updateData at position 3 of 11 in additional filter chain; firing Filter: 'LogoutFilter'
05-23-2017 23:09:45.789,DEBUG,BD7EC612B37C2FDFDDF4C461E30454B9,/0089/updateData at position 4 of 11 in additional filter chain; firing Filter: 'UsernamePasswordAuthenticationFilter'
05-23-2017 23:09:45.789,DEBUG,BD7EC612B37C2FDFDDF4C461E30454B9,/0089/updateData at position 5 of 11 in additional filter chain; firing Filter: 'BasicAuthenticationFilter'
05-23-2017 23:09:45.789,DEBUG,BD7EC612B37C2FDFDDF4C461E30454B9,/0089/updateData at position 6 of 11 in additional filter chain; firing Filter: 'RequestCacheAwareFilter'
05-23-2017 23:09:45.789,DEBUG,BD7EC612B37C2FDFDDF4C461E30454B9,/0089/updateData at position 7 of 11 in additional filter chain; firing Filter: 'SecurityContextHolderAwareRequestFilter'
05-23-2017 23:09:45.789,DEBUG,BD7EC612B37C2FDFDDF4C461E30454B9,/0089/updateData at position 8 of 11 in additional filter chain; firing Filter: 'AnonymousAuthenticationFilter'
05-23-2017 23:09:45.789,DEBUG,BD7EC612B37C2FDFDDF4C461E30454B9,SecurityContextHolder not populated with anonymous token, as it already contained: 'org.springframework.security.authentication.UsernamePasswordAuthenticationToken@c493f8ef: Principal: vn.bananavietnam.ict.common.auth.MyUser@c4907816: Username: U0000000001; Password: [PROTECTED]; Enabled: true; AccountNonExpired: true; credentialsNonExpired: true; AccountNonLocked: true; Granted Authorities: 1; Credentials: [PROTECTED]; Authenticated: true; Details: org.springframework.security.web.authentication.WebAuthenticationDetails@fffc7f0c: RemoteIpAddress: 0:0:0:0:0:0:0:1; SessionId: BD7EC612B37C2FDFDDF4C461E30454B9; Granted Authorities: 1'
05-23-2017 23:09:45.789,DEBUG,BD7EC612B37C2FDFDDF4C461E30454B9,/0089/updateData at position 9 of 11 in additional filter chain; firing Filter: 'SessionManagementFilter'
05-23-2017 23:09:45.789,DEBUG,BD7EC612B37C2FDFDDF4C461E30454B9,/0089/updateData at position 10 of 11 in additional filter chain; firing Filter: 'ExceptionTranslationFilter'
05-23-2017 23:09:45.789,DEBUG,BD7EC612B37C2FDFDDF4C461E30454B9,/0089/updateData at position 11 of 11 in additional filter chain; firing Filter: 'FilterSecurityInterceptor'
05-23-2017 23:09:45.789,DEBUG,BD7EC612B37C2FDFDDF4C461E30454B9,Checking match of request : '/0089/updatedata'; against '/autherror*'
05-23-2017 23:09:45.789,DEBUG,BD7EC612B37C2FDFDDF4C461E30454B9,Checking match of request : '/0089/updatedata'; against '/login/**'
05-23-2017 23:09:45.789,DEBUG,BD7EC612B37C2FDFDDF4C461E30454B9,Checking match of request : '/0089/updatedata'; against '/error/**'
05-23-2017 23:09:45.789,DEBUG,BD7EC612B37C2FDFDDF4C461E30454B9,Checking match of request : '/0089/updatedata'; against '/0001/**'
05-23-2017 23:09:45.790,DEBUG,BD7EC612B37C2FDFDDF4C461E30454B9,Checking match of request : '/0089/updatedata'; against '/0002/**'
05-23-2017 23:09:45.790,DEBUG,BD7EC612B37C2FDFDDF4C461E30454B9,Checking match of request : '/0089/updatedata'; against '/0003/**'
05-23-2017 23:09:45.790,DEBUG,BD7EC612B37C2FDFDDF4C461E30454B9,Checking match of request : '/0089/updatedata'; against '/0005/**'
05-23-2017 23:09:45.790,DEBUG,BD7EC612B37C2FDFDDF4C461E30454B9,Checking match of request : '/0089/updatedata'; against '/0007/**'
05-23-2017 23:09:45.790,DEBUG,BD7EC612B37C2FDFDDF4C461E30454B9,Checking match of request : '/0089/updatedata'; against '/0009/**'
05-23-2017 23:09:45.790,DEBUG,BD7EC612B37C2FDFDDF4C461E30454B9,Checking match of request : '/0089/updatedata'; against '/0013/**'
05-23-2017 23:09:45.790,DEBUG,BD7EC612B37C2FDFDDF4C461E30454B9,Checking match of request : '/0089/updatedata'; against '/0023/**'
05-23-2017 23:09:45.790,DEBUG,BD7EC612B37C2FDFDDF4C461E30454B9,Checking match of request : '/0089/updatedata'; against '/0017/**'
05-23-2017 23:09:45.790,DEBUG,BD7EC612B37C2FDFDDF4C461E30454B9,Checking match of request : '/0089/updatedata'; against '/0031/**'
05-23-2017 23:09:45.790,DEBUG,BD7EC612B37C2FDFDDF4C461E30454B9,Checking match of request : '/0089/updatedata'; against '/0035/**'
05-23-2017 23:09:45.790,DEBUG,BD7EC612B37C2FDFDDF4C461E30454B9,Checking match of request : '/0089/updatedata'; against '/0037/**'
05-23-2017 23:09:45.790,DEBUG,BD7EC612B37C2FDFDDF4C461E30454B9,Checking match of request : '/0089/updatedata'; against '/0045/**'
05-23-2017 23:09:45.790,DEBUG,BD7EC612B37C2FDFDDF4C461E30454B9,Checking match of request : '/0089/updatedata'; against '/0047/**'
05-23-2017 23:09:45.790,DEBUG,BD7EC612B37C2FDFDDF4C461E30454B9,Checking match of request : '/0089/updatedata'; against '/0049/**'
05-23-2017 23:09:45.790,DEBUG,BD7EC612B37C2FDFDDF4C461E30454B9,Checking match of request : '/0089/updatedata'; against '/0061/**'
05-23-2017 23:09:45.790,DEBUG,BD7EC612B37C2FDFDDF4C461E30454B9,Checking match of request : '/0089/updatedata'; against '/0087/**'
05-23-2017 23:09:45.790,DEBUG,BD7EC612B37C2FDFDDF4C461E30454B9,Checking match of request : '/0089/updatedata'; against '/0075/**'
05-23-2017 23:09:45.790,DEBUG,BD7EC612B37C2FDFDDF4C461E30454B9,Checking match of request : '/0089/updatedata'; against '/0089/**'
05-23-2017 23:09:45.790,DEBUG,BD7EC612B37C2FDFDDF4C461E30454B9,Secure object: FilterInvocation: URL: /0089/updateData; Attributes: [ROLE_ADMIN, ROLE_USER, IS_AUTHENTICATED_FULLY]
05-23-2017 23:09:45.790,DEBUG,BD7EC612B37C2FDFDDF4C461E30454B9,Previously Authenticated: org.springframework.security.authentication.UsernamePasswordAuthenticationToken@c493f8ef: Principal: vn.bananavietnam.ict.common.auth.MyUser@c4907816: Username: U0000000001; Password: [PROTECTED]; Enabled: true; AccountNonExpired: true; credentialsNonExpired: true; AccountNonLocked: true; Granted Authorities: 1; Credentials: [PROTECTED]; Authenticated: true; Details: org.springframework.security.web.authentication.WebAuthenticationDetails@fffc7f0c: RemoteIpAddress: 0:0:0:0:0:0:0:1; SessionId: BD7EC612B37C2FDFDDF4C461E30454B9; Granted Authorities: 1
05-23-2017 23:09:45.790,DEBUG,BD7EC612B37C2FDFDDF4C461E30454B9,Voter: org.springframework.security.access.vote.RoleVoter@1ac872d, returned: -1
05-23-2017 23:09:45.790,DEBUG,BD7EC612B37C2FDFDDF4C461E30454B9,Voter: org.springframework.security.access.vote.AuthenticatedVoter@b1927d, returned: 1
05-23-2017 23:09:45.790,DEBUG,BD7EC612B37C2FDFDDF4C461E30454B9,Authorization successful
05-23-2017 23:09:45.790,DEBUG,BD7EC612B37C2FDFDDF4C461E30454B9,RunAsManager did not change Authentication object
05-23-2017 23:09:45.790,DEBUG,BD7EC612B37C2FDFDDF4C461E30454B9,/0089/updateData reached end of additional filter chain; proceeding with original chain
05-23-2017 23:09:45.790,DEBUG,BD7EC612B37C2FDFDDF4C461E30454B9,Request [/ict/0089/updateData] is not a multipart request
05-23-2017 23:09:45.790,DEBUG,DC89AFE4A523A7C98173E0BED4A501DD,DispatcherServlet with name 'appServlet' processing POST request for [/ict/0089/updateData]
05-23-2017 23:09:45.790,DEBUG,DC89AFE4A523A7C98173E0BED4A501DD,Looking up handler method for path /0089/updateData
05-23-2017 23:09:45.798,DEBUG,DC89AFE4A523A7C98173E0BED4A501DD,Returning handler method [public java.lang.String vn.bananavietnam.ict.banana.controller.Bnn0089SearchTaskController.updateData(vn.bananavietnam.ict.common.db.model.IvbMTask)]
05-23-2017 23:09:45.798,DEBUG,DC89AFE4A523A7C98173E0BED4A501DD,Returning cached instance of singleton bean 'bnn0089SearchTaskController'
05-23-2017 23:09:45.798,DEBUG,DC89AFE4A523A7C98173E0BED4A501DD,Returning cached instance of singleton bean 'xml_path'
05-23-2017 23:09:45.798,DEBUG,DC89AFE4A523A7C98173E0BED4A501DD,Read [class vn.bananavietnam.ict.common.db.model.IvbMTask] as "application/json" with [org.springframework.http.converter.json.MappingJackson2HttpMessageConverter@156f2cc]
05-23-2017 23:09:45.799,INFO ,DC89AFE4A523A7C98173E0BED4A501DD,U0000000001,vn.bananavietnam.ict.banana.service.Bnn0089SearchTaskService,updateData,[vn.bananavietnam.ict.common.db.model.IvbMTask@1141605] METHOD START
05-23-2017 23:09:45.799,DEBUG,DC89AFE4A523A7C98173E0BED4A501DD,Returning cached instance of singleton bean 'transactionManager'
05-23-2017 23:09:45.799,DEBUG,DC89AFE4A523A7C98173E0BED4A501DD,Creating new transaction with name [null]: PROPAGATION_REQUIRED,ISOLATION_DEFAULT
05-23-2017 23:09:45.799,DEBUG,DC89AFE4A523A7C98173E0BED4A501DD,Creating new JDBC DriverManager Connection to [jdbc:mysql://172.16.0.175:3306/BANANA_DB_HUNG_SELENIUM?useUnicode=yes&characterEncoding=UTF-8&autoReconnect=true]
05-23-2017 23:09:49.814,ERROR,DC89AFE4A523A7C98173E0BED4A501DD,U0000000001,java.lang.Exception: Could not open JDBC Connection for transaction; nested exception is com.mysql.jdbc.exceptions.jdbc4.MySQLNonTransientConnectionException: Could not create connection to database server. Attempted reconnect 3 times. Giving up.
05-23-2017 23:09:49.814,INFO ,DC89AFE4A523A7C98173E0BED4A501DD,U0000000001,vn.bananavietnam.ict.banana.service.Bnn0089SearchTaskService,updateData,[vn.bananavietnam.ict.common.db.model.IvbMTask@1141605] METHOD END
05-23-2017 23:09:49.819,DEBUG,DC89AFE4A523A7C98173E0BED4A501DD,Written [4006] as "text/plain;charset=ISO-8859-1" using [org.springframework.http.converter.StringHttpMessageConverter@10ddb9c]
05-23-2017 23:09:49.819,DEBUG,DC89AFE4A523A7C98173E0BED4A501DD,Null ModelAndView returned to DispatcherServlet with name 'appServlet': assuming HandlerAdapter completed request handling
05-23-2017 23:09:49.819,DEBUG,DC89AFE4A523A7C98173E0BED4A501DD,Successfully completed request
05-23-2017 23:09:49.820,DEBUG,DC89AFE4A523A7C98173E0BED4A501DD,Chain processed normally
05-23-2017 23:09:49.820,DEBUG,DC89AFE4A523A7C98173E0BED4A501DD,SecurityContextHolder now cleared, as request processing completed
05-23-2017 23:10:19.559,DEBUG,BD7EC612B37C2FDFDDF4C461E30454B9,/0089/searchData at position 1 of 11 in additional filter chain; firing Filter: 'SecurityContextPersistenceFilter'
05-23-2017 23:10:19.559,DEBUG,BD7EC612B37C2FDFDDF4C461E30454B9,Obtained a valid SecurityContext from SPRING_SECURITY_CONTEXT: 'org.springframework.security.core.context.SecurityContextImpl@c493f8ef: Authentication: org.springframework.security.authentication.UsernamePasswordAuthenticationToken@c493f8ef: Principal: vn.bananavietnam.ict.common.auth.MyUser@c4907816: Username: U0000000001; Password: [PROTECTED]; Enabled: true; AccountNonExpired: true; credentialsNonExpired: true; AccountNonLocked: true; Granted Authorities: 1; Credentials: [PROTECTED]; Authenticated: true; Details: org.springframework.security.web.authentication.WebAuthenticationDetails@fffc7f0c: RemoteIpAddress: 0:0:0:0:0:0:0:1; SessionId: BD7EC612B37C2FDFDDF4C461E30454B9; Granted Authorities: 1'
05-23-2017 23:10:19.559,DEBUG,BD7EC612B37C2FDFDDF4C461E30454B9,/0089/searchData at position 2 of 11 in additional filter chain; firing Filter: 'WebAsyncManagerIntegrationFilter'
05-23-2017 23:10:19.559,DEBUG,BD7EC612B37C2FDFDDF4C461E30454B9,/0089/searchData at position 3 of 11 in additional filter chain; firing Filter: 'LogoutFilter'
05-23-2017 23:10:19.559,DEBUG,BD7EC612B37C2FDFDDF4C461E30454B9,/0089/searchData at position 4 of 11 in additional filter chain; firing Filter: 'UsernamePasswordAuthenticationFilter'
05-23-2017 23:10:19.559,DEBUG,BD7EC612B37C2FDFDDF4C461E30454B9,/0089/searchData at position 5 of 11 in additional filter chain; firing Filter: 'BasicAuthenticationFilter'
05-23-2017 23:10:19.559,DEBUG,BD7EC612B37C2FDFDDF4C461E30454B9,/0089/searchData at position 6 of 11 in additional filter chain; firing Filter: 'RequestCacheAwareFilter'
05-23-2017 23:10:19.559,DEBUG,BD7EC612B37C2FDFDDF4C461E30454B9,/0089/searchData at position 7 of 11 in additional filter chain; firing Filter: 'SecurityContextHolderAwareRequestFilter'
05-23-2017 23:10:19.559,DEBUG,BD7EC612B37C2FDFDDF4C461E30454B9,/0089/searchData at position 8 of 11 in additional filter chain; firing Filter: 'AnonymousAuthenticationFilter'
05-23-2017 23:10:19.559,DEBUG,BD7EC612B37C2FDFDDF4C461E30454B9,SecurityContextHolder not populated with anonymous token, as it already contained: 'org.springframework.security.authentication.UsernamePasswordAuthenticationToken@c493f8ef: Principal: vn.bananavietnam.ict.common.auth.MyUser@c4907816: Username: U0000000001; Password: [PROTECTED]; Enabled: true; AccountNonExpired: true; credentialsNonExpired: true; AccountNonLocked: true; Granted Authorities: 1; Credentials: [PROTECTED]; Authenticated: true; Details: org.springframework.security.web.authentication.WebAuthenticationDetails@fffc7f0c: RemoteIpAddress: 0:0:0:0:0:0:0:1; SessionId: BD7EC612B37C2FDFDDF4C461E30454B9; Granted Authorities: 1'
05-23-2017 23:10:19.559,DEBUG,BD7EC612B37C2FDFDDF4C461E30454B9,/0089/searchData at position 9 of 11 in additional filter chain; firing Filter: 'SessionManagementFilter'
05-23-2017 23:10:19.559,DEBUG,BD7EC612B37C2FDFDDF4C461E30454B9,/0089/searchData at position 10 of 11 in additional filter chain; firing Filter: 'ExceptionTranslationFilter'
05-23-2017 23:10:19.559,DEBUG,BD7EC612B37C2FDFDDF4C461E30454B9,/0089/searchData at position 11 of 11 in additional filter chain; firing Filter: 'FilterSecurityInterceptor'
05-23-2017 23:10:19.559,DEBUG,BD7EC612B37C2FDFDDF4C461E30454B9,Checking match of request : '/0089/searchdata'; against '/autherror*'
05-23-2017 23:10:19.559,DEBUG,BD7EC612B37C2FDFDDF4C461E30454B9,Checking match of request : '/0089/searchdata'; against '/login/**'
05-23-2017 23:10:19.559,DEBUG,BD7EC612B37C2FDFDDF4C461E30454B9,Checking match of request : '/0089/searchdata'; against '/error/**'
05-23-2017 23:10:19.559,DEBUG,BD7EC612B37C2FDFDDF4C461E30454B9,Checking match of request : '/0089/searchdata'; against '/0001/**'
05-23-2017 23:10:19.559,DEBUG,BD7EC612B37C2FDFDDF4C461E30454B9,Checking match of request : '/0089/searchdata'; against '/0002/**'
05-23-2017 23:10:19.559,DEBUG,BD7EC612B37C2FDFDDF4C461E30454B9,Checking match of request : '/0089/searchdata'; against '/0003/**'
05-23-2017 23:10:19.559,DEBUG,BD7EC612B37C2FDFDDF4C461E30454B9,Checking match of request : '/0089/searchdata'; against '/0005/**'
05-23-2017 23:10:19.560,DEBUG,BD7EC612B37C2FDFDDF4C461E30454B9,Checking match of request : '/0089/searchdata'; against '/0007/**'
05-23-2017 23:10:19.560,DEBUG,BD7EC612B37C2FDFDDF4C461E30454B9,Checking match of request : '/0089/searchdata'; against '/0009/**'
05-23-2017 23:10:19.560,DEBUG,BD7EC612B37C2FDFDDF4C461E30454B9,Checking match of request : '/0089/searchdata'; against '/0013/**'
05-23-2017 23:10:19.560,DEBUG,BD7EC612B37C2FDFDDF4C461E30454B9,Checking match of request : '/0089/searchdata'; against '/0023/**'
05-23-2017 23:10:19.560,DEBUG,BD7EC612B37C2FDFDDF4C461E30454B9,Checking match of request : '/0089/searchdata'; against '/0017/**'
05-23-2017 23:10:19.560,DEBUG,BD7EC612B37C2FDFDDF4C461E30454B9,Checking match of request : '/0089/searchdata'; against '/0031/**'
05-23-2017 23:10:19.560,DEBUG,BD7EC612B37C2FDFDDF4C461E30454B9,Checking match of request : '/0089/searchdata'; against '/0035/**'
05-23-2017 23:10:19.560,DEBUG,BD7EC612B37C2FDFDDF4C461E30454B9,Checking match of request : '/0089/searchdata'; against '/0037/**'
05-23-2017 23:10:19.560,DEBUG,BD7EC612B37C2FDFDDF4C461E30454B9,Checking match of request : '/0089/searchdata'; against '/0045/**'
05-23-2017 23:10:19.560,DEBUG,BD7EC612B37C2FDFDDF4C461E30454B9,Checking match of request : '/0089/searchdata'; against '/0047/**'
05-23-2017 23:10:19.560,DEBUG,BD7EC612B37C2FDFDDF4C461E30454B9,Checking match of request : '/0089/searchdata'; against '/0049/**'
05-23-2017 23:10:19.560,DEBUG,BD7EC612B37C2FDFDDF4C461E30454B9,Checking match of request : '/0089/searchdata'; against '/0061/**'
05-23-2017 23:10:19.560,DEBUG,BD7EC612B37C2FDFDDF4C461E30454B9,Checking match of request : '/0089/searchdata'; against '/0087/**'
05-23-2017 23:10:19.560,DEBUG,BD7EC612B37C2FDFDDF4C461E30454B9,Checking match of request : '/0089/searchdata'; against '/0075/**'
05-23-2017 23:10:19.560,DEBUG,BD7EC612B37C2FDFDDF4C461E30454B9,Checking match of request : '/0089/searchdata'; against '/0089/**'
05-23-2017 23:10:19.560,DEBUG,BD7EC612B37C2FDFDDF4C461E30454B9,Secure object: FilterInvocation: URL: /0089/searchData; Attributes: [ROLE_ADMIN, ROLE_USER, IS_AUTHENTICATED_FULLY]
05-23-2017 23:10:19.560,DEBUG,BD7EC612B37C2FDFDDF4C461E30454B9,Previously Authenticated: org.springframework.security.authentication.UsernamePasswordAuthenticationToken@c493f8ef: Principal: vn.bananavietnam.ict.common.auth.MyUser@c4907816: Username: U0000000001; Password: [PROTECTED]; Enabled: true; AccountNonExpired: true; credentialsNonExpired: true; AccountNonLocked: true; Granted Authorities: 1; Credentials: [PROTECTED]; Authenticated: true; Details: org.springframework.security.web.authentication.WebAuthenticationDetails@fffc7f0c: RemoteIpAddress: 0:0:0:0:0:0:0:1; SessionId: BD7EC612B37C2FDFDDF4C461E30454B9; Granted Authorities: 1
05-23-2017 23:10:19.560,DEBUG,BD7EC612B37C2FDFDDF4C461E30454B9,Voter: org.springframework.security.access.vote.RoleVoter@1ac872d, returned: -1
05-23-2017 23:10:19.560,DEBUG,BD7EC612B37C2FDFDDF4C461E30454B9,Voter: org.springframework.security.access.vote.AuthenticatedVoter@b1927d, returned: 1
05-23-2017 23:10:19.560,DEBUG,BD7EC612B37C2FDFDDF4C461E30454B9,Authorization successful
05-23-2017 23:10:19.560,DEBUG,BD7EC612B37C2FDFDDF4C461E30454B9,RunAsManager did not change Authentication object
05-23-2017 23:10:19.560,DEBUG,BD7EC612B37C2FDFDDF4C461E30454B9,/0089/searchData reached end of additional filter chain; proceeding with original chain
05-23-2017 23:10:19.560,DEBUG,BD7EC612B37C2FDFDDF4C461E30454B9,Request [/ict/0089/searchData] is not a multipart request
05-23-2017 23:10:19.560,DEBUG,DC89AFE4A523A7C98173E0BED4A501DD,DispatcherServlet with name 'appServlet' processing POST request for [/ict/0089/searchData]
05-23-2017 23:10:19.560,DEBUG,DC89AFE4A523A7C98173E0BED4A501DD,Looking up handler method for path /0089/searchData
05-23-2017 23:10:19.560,DEBUG,DC89AFE4A523A7C98173E0BED4A501DD,Returning handler method [public java.util.List<vn.bananavietnam.ict.banana.component.Bnn0089SearchTaskResult> vn.bananavietnam.ict.banana.controller.Bnn0089SearchTaskController.searchData(vn.bananavietnam.ict.banana.component.Bnn0089SearchTaskConditions)]
05-23-2017 23:10:19.560,DEBUG,DC89AFE4A523A7C98173E0BED4A501DD,Returning cached instance of singleton bean 'bnn0089SearchTaskController'
05-23-2017 23:10:19.560,DEBUG,DC89AFE4A523A7C98173E0BED4A501DD,Returning cached instance of singleton bean 'xml_path'
05-23-2017 23:10:19.561,DEBUG,DC89AFE4A523A7C98173E0BED4A501DD,Read [class vn.bananavietnam.ict.banana.component.Bnn0089SearchTaskConditions] as "application/json" with [org.springframework.http.converter.json.MappingJackson2HttpMessageConverter@156f2cc]
05-23-2017 23:10:19.561,INFO ,DC89AFE4A523A7C98173E0BED4A501DD,U0000000001,vn.bananavietnam.ict.banana.service.Bnn0089SearchTaskService,searchData,[vn.bananavietnam.ict.banana.component.Bnn0089SearchTaskConditions@1b331db] METHOD START
05-23-2017 23:10:19.561,DEBUG,DC89AFE4A523A7C98173E0BED4A501DD,Returning cached instance of singleton bean 'transactionManager'
05-23-2017 23:10:19.561,INFO ,DC89AFE4A523A7C98173E0BED4A501DD,U0000000001,Task searching started
05-23-2017 23:10:19.561,DEBUG,DC89AFE4A523A7C98173E0BED4A501DD,Creating a new SqlSession
05-23-2017 23:10:19.561,DEBUG,DC89AFE4A523A7C98173E0BED4A501DD,Registering transaction synchronization for SqlSession [org.apache.ibatis.session.defaults.DefaultSqlSession@6b867c]
05-23-2017 23:10:19.561,DEBUG,DC89AFE4A523A7C98173E0BED4A501DD,Fetching JDBC Connection from DataSource
05-23-2017 23:10:19.562,DEBUG,DC89AFE4A523A7C98173E0BED4A501DD,Creating new JDBC DriverManager Connection to [jdbc:mysql://172.16.0.175:3306/BANANA_DB_HUNG_SELENIUM?useUnicode=yes&characterEncoding=UTF-8&autoReconnect=true]
05-23-2017 23:10:19.581,DEBUG,DC89AFE4A523A7C98173E0BED4A501DD,Registering transaction synchronization for JDBC Connection
05-23-2017 23:10:19.581,DEBUG,DC89AFE4A523A7C98173E0BED4A501DD,JDBC Connection [com.mysql.jdbc.JDBC4Connection@1533adf] will be managed by Spring
05-23-2017 23:10:19.581,DEBUG,DC89AFE4A523A7C98173E0BED4A501DD,==>  Preparing: SELECT T.TASK_ID taskId, T.TASK_NAME taskName, T.WORKING_DETAILS workingDetails, T.NOTE note, T.QUARANTINE_HANDLING_FLAG quarantineHandlingFlag, T.DELETE_FLAG deleteFlag, T.CHANGE_POINT_CODE changePointCode, T.LAST_UPDATE_DATE lastUpdateDate FROM IVB_M_TASK T WHERE 1 = 1 AND T.DELETE_FLAG = '0' ORDER BY T.TASK_NAME LIMIT ?,? 
05-23-2017 23:10:19.581,DEBUG,DC89AFE4A523A7C98173E0BED4A501DD,==> Parameters: 0(Integer), 20(Integer)
05-23-2017 23:10:19.587,DEBUG,DC89AFE4A523A7C98173E0BED4A501DD,<==      Total: 20
05-23-2017 23:10:19.587,DEBUG,DC89AFE4A523A7C98173E0BED4A501DD,Releasing transactional SqlSession [org.apache.ibatis.session.defaults.DefaultSqlSession@6b867c]
05-23-2017 23:10:19.587,INFO ,DC89AFE4A523A7C98173E0BED4A501DD,U0000000001,SQL execution finished
05-23-2017 23:10:19.587,DEBUG,DC89AFE4A523A7C98173E0BED4A501DD,Fetched SqlSession [org.apache.ibatis.session.defaults.DefaultSqlSession@6b867c] from current transaction
05-23-2017 23:10:19.587,DEBUG,DC89AFE4A523A7C98173E0BED4A501DD,==>  Preparing: SELECT COUNT(*) FROM IVB_M_TASK T WHERE 1 = 1 AND T.DELETE_FLAG = '0' ORDER BY T.TASK_ID 
05-23-2017 23:10:19.587,DEBUG,DC89AFE4A523A7C98173E0BED4A501DD,==> Parameters: 
05-23-2017 23:10:19.595,DEBUG,DC89AFE4A523A7C98173E0BED4A501DD,<==      Total: 1
05-23-2017 23:10:19.595,DEBUG,DC89AFE4A523A7C98173E0BED4A501DD,Releasing transactional SqlSession [org.apache.ibatis.session.defaults.DefaultSqlSession@6b867c]
05-23-2017 23:10:19.595,INFO ,DC89AFE4A523A7C98173E0BED4A501DD,U0000000001,Task searching finished ==> 43 item(s)
05-23-2017 23:10:19.595,DEBUG,DC89AFE4A523A7C98173E0BED4A501DD,Transaction synchronization deregistering SqlSession [org.apache.ibatis.session.defaults.DefaultSqlSession@6b867c]
05-23-2017 23:10:19.596,DEBUG,DC89AFE4A523A7C98173E0BED4A501DD,Transaction synchronization closing SqlSession [org.apache.ibatis.session.defaults.DefaultSqlSession@6b867c]
05-23-2017 23:10:19.596,DEBUG,DC89AFE4A523A7C98173E0BED4A501DD,Returning JDBC Connection to DataSource
05-23-2017 23:10:19.596,INFO ,DC89AFE4A523A7C98173E0BED4A501DD,U0000000001,vn.bananavietnam.ict.banana.service.Bnn0089SearchTaskService,searchData,[vn.bananavietnam.ict.banana.component.Bnn0089SearchTaskConditions@1b331db] METHOD END
05-23-2017 23:10:19.599,DEBUG,DC89AFE4A523A7C98173E0BED4A501DD,Written [[vn.bananavietnam.ict.banana.component.Bnn0089SearchTaskResult@1d0c91c, vn.bananavietnam.ict.banana.component.Bnn0089SearchTaskResult@1eba33d, vn.bananavietnam.ict.banana.component.Bnn0089SearchTaskResult@762537, vn.bananavietnam.ict.banana.component.Bnn0089SearchTaskResult@1e9dd37, vn.bananavietnam.ict.banana.component.Bnn0089SearchTaskResult@f277bf, vn.bananavietnam.ict.banana.component.Bnn0089SearchTaskResult@36c517, vn.bananavietnam.ict.banana.component.Bnn0089SearchTaskResult@1a80abb, vn.bananavietnam.ict.banana.component.Bnn0089SearchTaskResult@3b7adc, vn.bananavietnam.ict.banana.component.Bnn0089SearchTaskResult@1b9bdab, vn.bananavietnam.ict.banana.component.Bnn0089SearchTaskResult@179c036, vn.bananavietnam.ict.banana.component.Bnn0089SearchTaskResult@6dea70, vn.bananavietnam.ict.banana.component.Bnn0089SearchTaskResult@161853b, vn.bananavietnam.ict.banana.component.Bnn0089SearchTaskResult@10f3059, vn.bananavietnam.ict.banana.component.Bnn0089SearchTaskResult@903b7e, vn.bananavietnam.ict.banana.component.Bnn0089SearchTaskResult@10170f6, vn.bananavietnam.ict.banana.component.Bnn0089SearchTaskResult@646ff0, vn.bananavietnam.ict.banana.component.Bnn0089SearchTaskResult@8b159d, vn.bananavietnam.ict.banana.component.Bnn0089SearchTaskResult@1bd96b9, vn.bananavietnam.ict.banana.component.Bnn0089SearchTaskResult@163dcb8, vn.bananavietnam.ict.banana.component.Bnn0089SearchTaskResult@252f8b]] as "application/json;charset=UTF-8" using [org.springframework.http.converter.json.MappingJackson2HttpMessageConverter@156f2cc]
05-23-2017 23:10:19.599,DEBUG,DC89AFE4A523A7C98173E0BED4A501DD,Null ModelAndView returned to DispatcherServlet with name 'appServlet': assuming HandlerAdapter completed request handling
05-23-2017 23:10:19.599,DEBUG,DC89AFE4A523A7C98173E0BED4A501DD,Successfully completed request
05-23-2017 23:10:19.599,DEBUG,DC89AFE4A523A7C98173E0BED4A501DD,Chain processed normally
05-23-2017 23:10:19.599,DEBUG,DC89AFE4A523A7C98173E0BED4A501DD,SecurityContextHolder now cleared, as request processing completed
05-23-2017 23:10:20.785,DEBUG,BD7EC612B37C2FDFDDF4C461E30454B9,/0089/getSingleData at position 1 of 11 in additional filter chain; firing Filter: 'SecurityContextPersistenceFilter'
05-23-2017 23:10:20.785,DEBUG,BD7EC612B37C2FDFDDF4C461E30454B9,Obtained a valid SecurityContext from SPRING_SECURITY_CONTEXT: 'org.springframework.security.core.context.SecurityContextImpl@c493f8ef: Authentication: org.springframework.security.authentication.UsernamePasswordAuthenticationToken@c493f8ef: Principal: vn.bananavietnam.ict.common.auth.MyUser@c4907816: Username: U0000000001; Password: [PROTECTED]; Enabled: true; AccountNonExpired: true; credentialsNonExpired: true; AccountNonLocked: true; Granted Authorities: 1; Credentials: [PROTECTED]; Authenticated: true; Details: org.springframework.security.web.authentication.WebAuthenticationDetails@fffc7f0c: RemoteIpAddress: 0:0:0:0:0:0:0:1; SessionId: BD7EC612B37C2FDFDDF4C461E30454B9; Granted Authorities: 1'
05-23-2017 23:10:20.785,DEBUG,BD7EC612B37C2FDFDDF4C461E30454B9,/0089/getSingleData at position 2 of 11 in additional filter chain; firing Filter: 'WebAsyncManagerIntegrationFilter'
05-23-2017 23:10:20.785,DEBUG,BD7EC612B37C2FDFDDF4C461E30454B9,/0089/getSingleData at position 3 of 11 in additional filter chain; firing Filter: 'LogoutFilter'
05-23-2017 23:10:20.785,DEBUG,BD7EC612B37C2FDFDDF4C461E30454B9,/0089/getSingleData at position 4 of 11 in additional filter chain; firing Filter: 'UsernamePasswordAuthenticationFilter'
05-23-2017 23:10:20.785,DEBUG,BD7EC612B37C2FDFDDF4C461E30454B9,/0089/getSingleData at position 5 of 11 in additional filter chain; firing Filter: 'BasicAuthenticationFilter'
05-23-2017 23:10:20.785,DEBUG,BD7EC612B37C2FDFDDF4C461E30454B9,/0089/getSingleData at position 6 of 11 in additional filter chain; firing Filter: 'RequestCacheAwareFilter'
05-23-2017 23:10:20.785,DEBUG,BD7EC612B37C2FDFDDF4C461E30454B9,/0089/getSingleData at position 7 of 11 in additional filter chain; firing Filter: 'SecurityContextHolderAwareRequestFilter'
05-23-2017 23:10:20.785,DEBUG,BD7EC612B37C2FDFDDF4C461E30454B9,/0089/getSingleData at position 8 of 11 in additional filter chain; firing Filter: 'AnonymousAuthenticationFilter'
05-23-2017 23:10:20.785,DEBUG,BD7EC612B37C2FDFDDF4C461E30454B9,SecurityContextHolder not populated with anonymous token, as it already contained: 'org.springframework.security.authentication.UsernamePasswordAuthenticationToken@c493f8ef: Principal: vn.bananavietnam.ict.common.auth.MyUser@c4907816: Username: U0000000001; Password: [PROTECTED]; Enabled: true; AccountNonExpired: true; credentialsNonExpired: true; AccountNonLocked: true; Granted Authorities: 1; Credentials: [PROTECTED]; Authenticated: true; Details: org.springframework.security.web.authentication.WebAuthenticationDetails@fffc7f0c: RemoteIpAddress: 0:0:0:0:0:0:0:1; SessionId: BD7EC612B37C2FDFDDF4C461E30454B9; Granted Authorities: 1'
05-23-2017 23:10:20.785,DEBUG,BD7EC612B37C2FDFDDF4C461E30454B9,/0089/getSingleData at position 9 of 11 in additional filter chain; firing Filter: 'SessionManagementFilter'
05-23-2017 23:10:20.785,DEBUG,BD7EC612B37C2FDFDDF4C461E30454B9,/0089/getSingleData at position 10 of 11 in additional filter chain; firing Filter: 'ExceptionTranslationFilter'
05-23-2017 23:10:20.785,DEBUG,BD7EC612B37C2FDFDDF4C461E30454B9,/0089/getSingleData at position 11 of 11 in additional filter chain; firing Filter: 'FilterSecurityInterceptor'
05-23-2017 23:10:20.785,DEBUG,BD7EC612B37C2FDFDDF4C461E30454B9,Checking match of request : '/0089/getsingledata'; against '/autherror*'
05-23-2017 23:10:20.785,DEBUG,BD7EC612B37C2FDFDDF4C461E30454B9,Checking match of request : '/0089/getsingledata'; against '/login/**'
05-23-2017 23:10:20.785,DEBUG,BD7EC612B37C2FDFDDF4C461E30454B9,Checking match of request : '/0089/getsingledata'; against '/error/**'
05-23-2017 23:10:20.785,DEBUG,BD7EC612B37C2FDFDDF4C461E30454B9,Checking match of request : '/0089/getsingledata'; against '/0001/**'
05-23-2017 23:10:20.785,DEBUG,BD7EC612B37C2FDFDDF4C461E30454B9,Checking match of request : '/0089/getsingledata'; against '/0002/**'
05-23-2017 23:10:20.785,DEBUG,BD7EC612B37C2FDFDDF4C461E30454B9,Checking match of request : '/0089/getsingledata'; against '/0003/**'
05-23-2017 23:10:20.786,DEBUG,BD7EC612B37C2FDFDDF4C461E30454B9,Checking match of request : '/0089/getsingledata'; against '/0005/**'
05-23-2017 23:10:20.786,DEBUG,BD7EC612B37C2FDFDDF4C461E30454B9,Checking match of request : '/0089/getsingledata'; against '/0007/**'
05-23-2017 23:10:20.786,DEBUG,BD7EC612B37C2FDFDDF4C461E30454B9,Checking match of request : '/0089/getsingledata'; against '/0009/**'
05-23-2017 23:10:20.786,DEBUG,BD7EC612B37C2FDFDDF4C461E30454B9,Checking match of request : '/0089/getsingledata'; against '/0013/**'
05-23-2017 23:10:20.786,DEBUG,BD7EC612B37C2FDFDDF4C461E30454B9,Checking match of request : '/0089/getsingledata'; against '/0023/**'
05-23-2017 23:10:20.786,DEBUG,BD7EC612B37C2FDFDDF4C461E30454B9,Checking match of request : '/0089/getsingledata'; against '/0017/**'
05-23-2017 23:10:20.786,DEBUG,BD7EC612B37C2FDFDDF4C461E30454B9,Checking match of request : '/0089/getsingledata'; against '/0031/**'
05-23-2017 23:10:20.786,DEBUG,BD7EC612B37C2FDFDDF4C461E30454B9,Checking match of request : '/0089/getsingledata'; against '/0035/**'
05-23-2017 23:10:20.786,DEBUG,BD7EC612B37C2FDFDDF4C461E30454B9,Checking match of request : '/0089/getsingledata'; against '/0037/**'
05-23-2017 23:10:20.786,DEBUG,BD7EC612B37C2FDFDDF4C461E30454B9,Checking match of request : '/0089/getsingledata'; against '/0045/**'
05-23-2017 23:10:20.786,DEBUG,BD7EC612B37C2FDFDDF4C461E30454B9,Checking match of request : '/0089/getsingledata'; against '/0047/**'
05-23-2017 23:10:20.786,DEBUG,BD7EC612B37C2FDFDDF4C461E30454B9,Checking match of request : '/0089/getsingledata'; against '/0049/**'
05-23-2017 23:10:20.786,DEBUG,BD7EC612B37C2FDFDDF4C461E30454B9,Checking match of request : '/0089/getsingledata'; against '/0061/**'
05-23-2017 23:10:20.786,DEBUG,BD7EC612B37C2FDFDDF4C461E30454B9,Checking match of request : '/0089/getsingledata'; against '/0087/**'
05-23-2017 23:10:20.786,DEBUG,BD7EC612B37C2FDFDDF4C461E30454B9,Checking match of request : '/0089/getsingledata'; against '/0075/**'
05-23-2017 23:10:20.786,DEBUG,BD7EC612B37C2FDFDDF4C461E30454B9,Checking match of request : '/0089/getsingledata'; against '/0089/**'
05-23-2017 23:10:20.786,DEBUG,BD7EC612B37C2FDFDDF4C461E30454B9,Secure object: FilterInvocation: URL: /0089/getSingleData; Attributes: [ROLE_ADMIN, ROLE_USER, IS_AUTHENTICATED_FULLY]
05-23-2017 23:10:20.786,DEBUG,BD7EC612B37C2FDFDDF4C461E30454B9,Previously Authenticated: org.springframework.security.authentication.UsernamePasswordAuthenticationToken@c493f8ef: Principal: vn.bananavietnam.ict.common.auth.MyUser@c4907816: Username: U0000000001; Password: [PROTECTED]; Enabled: true; AccountNonExpired: true; credentialsNonExpired: true; AccountNonLocked: true; Granted Authorities: 1; Credentials: [PROTECTED]; Authenticated: true; Details: org.springframework.security.web.authentication.WebAuthenticationDetails@fffc7f0c: RemoteIpAddress: 0:0:0:0:0:0:0:1; SessionId: BD7EC612B37C2FDFDDF4C461E30454B9; Granted Authorities: 1
05-23-2017 23:10:20.786,DEBUG,BD7EC612B37C2FDFDDF4C461E30454B9,Voter: org.springframework.security.access.vote.RoleVoter@1ac872d, returned: -1
05-23-2017 23:10:20.786,DEBUG,BD7EC612B37C2FDFDDF4C461E30454B9,Voter: org.springframework.security.access.vote.AuthenticatedVoter@b1927d, returned: 1
05-23-2017 23:10:20.786,DEBUG,BD7EC612B37C2FDFDDF4C461E30454B9,Authorization successful
05-23-2017 23:10:20.786,DEBUG,BD7EC612B37C2FDFDDF4C461E30454B9,RunAsManager did not change Authentication object
05-23-2017 23:10:20.786,DEBUG,BD7EC612B37C2FDFDDF4C461E30454B9,/0089/getSingleData reached end of additional filter chain; proceeding with original chain
05-23-2017 23:10:20.786,DEBUG,BD7EC612B37C2FDFDDF4C461E30454B9,Request [/ict/0089/getSingleData] is not a multipart request
05-23-2017 23:10:20.786,DEBUG,DC89AFE4A523A7C98173E0BED4A501DD,DispatcherServlet with name 'appServlet' processing POST request for [/ict/0089/getSingleData]
05-23-2017 23:10:20.786,DEBUG,DC89AFE4A523A7C98173E0BED4A501DD,Looking up handler method for path /0089/getSingleData
05-23-2017 23:10:20.786,DEBUG,DC89AFE4A523A7C98173E0BED4A501DD,Returning handler method [public vn.bananavietnam.ict.common.db.model.IvbMTask vn.bananavietnam.ict.banana.controller.Bnn0089SearchTaskController.getSingleData(vn.bananavietnam.ict.banana.component.Bnn0089SearchTaskConditions)]
05-23-2017 23:10:20.786,DEBUG,DC89AFE4A523A7C98173E0BED4A501DD,Returning cached instance of singleton bean 'bnn0089SearchTaskController'
05-23-2017 23:10:20.787,DEBUG,DC89AFE4A523A7C98173E0BED4A501DD,Returning cached instance of singleton bean 'xml_path'
05-23-2017 23:10:20.787,DEBUG,DC89AFE4A523A7C98173E0BED4A501DD,Read [class vn.bananavietnam.ict.banana.component.Bnn0089SearchTaskConditions] as "application/json" with [org.springframework.http.converter.json.MappingJackson2HttpMessageConverter@156f2cc]
05-23-2017 23:10:20.787,INFO ,DC89AFE4A523A7C98173E0BED4A501DD,U0000000001,vn.bananavietnam.ict.banana.service.Bnn0089SearchTaskService,getSingleData,[vn.bananavietnam.ict.banana.component.Bnn0089SearchTaskConditions@3874d5] METHOD START
05-23-2017 23:10:20.787,DEBUG,DC89AFE4A523A7C98173E0BED4A501DD,Returning cached instance of singleton bean 'transactionManager'
05-23-2017 23:10:20.787,DEBUG,DC89AFE4A523A7C98173E0BED4A501DD,Creating a new SqlSession
05-23-2017 23:10:20.787,DEBUG,DC89AFE4A523A7C98173E0BED4A501DD,Registering transaction synchronization for SqlSession [org.apache.ibatis.session.defaults.DefaultSqlSession@104dbe5]
05-23-2017 23:10:20.787,DEBUG,DC89AFE4A523A7C98173E0BED4A501DD,Fetching JDBC Connection from DataSource
05-23-2017 23:10:20.787,DEBUG,DC89AFE4A523A7C98173E0BED4A501DD,Creating new JDBC DriverManager Connection to [jdbc:mysql://172.16.0.175:3306/BANANA_DB_HUNG_SELENIUM?useUnicode=yes&characterEncoding=UTF-8&autoReconnect=true]
05-23-2017 23:10:20.804,DEBUG,DC89AFE4A523A7C98173E0BED4A501DD,Registering transaction synchronization for JDBC Connection
05-23-2017 23:10:20.804,DEBUG,DC89AFE4A523A7C98173E0BED4A501DD,JDBC Connection [com.mysql.jdbc.JDBC4Connection@3d199f] will be managed by Spring
05-23-2017 23:10:20.805,DEBUG,DC89AFE4A523A7C98173E0BED4A501DD,==>  Preparing: select TASK_ID, TASK_NAME, WORKING_DETAILS, NOTE, QUARANTINE_HANDLING_FLAG, CHANGE_POINT_CODE, CREATE_USER_ID, CREATE_DATE, UPDATE_USER_ID, LAST_UPDATE_DATE, DELETE_FLAG from IVB_M_TASK where TASK_ID = ? 
05-23-2017 23:10:20.805,DEBUG,DC89AFE4A523A7C98173E0BED4A501DD,==> Parameters: T043(String)
05-23-2017 23:10:20.807,DEBUG,DC89AFE4A523A7C98173E0BED4A501DD,<==      Total: 1
05-23-2017 23:10:20.807,DEBUG,DC89AFE4A523A7C98173E0BED4A501DD,Releasing transactional SqlSession [org.apache.ibatis.session.defaults.DefaultSqlSession@104dbe5]
05-23-2017 23:10:20.807,DEBUG,DC89AFE4A523A7C98173E0BED4A501DD,Transaction synchronization deregistering SqlSession [org.apache.ibatis.session.defaults.DefaultSqlSession@104dbe5]
05-23-2017 23:10:20.807,DEBUG,DC89AFE4A523A7C98173E0BED4A501DD,Transaction synchronization closing SqlSession [org.apache.ibatis.session.defaults.DefaultSqlSession@104dbe5]
05-23-2017 23:10:20.807,DEBUG,DC89AFE4A523A7C98173E0BED4A501DD,Returning JDBC Connection to DataSource
05-23-2017 23:10:20.807,INFO ,DC89AFE4A523A7C98173E0BED4A501DD,U0000000001,vn.bananavietnam.ict.banana.service.Bnn0089SearchTaskService,getSingleData,[vn.bananavietnam.ict.banana.component.Bnn0089SearchTaskConditions@3874d5] METHOD END
05-23-2017 23:10:20.809,DEBUG,DC89AFE4A523A7C98173E0BED4A501DD,Written [vn.bananavietnam.ict.common.db.model.IvbMTask@14e2905] as "application/json;charset=UTF-8" using [org.springframework.http.converter.json.MappingJackson2HttpMessageConverter@156f2cc]
05-23-2017 23:10:20.809,DEBUG,DC89AFE4A523A7C98173E0BED4A501DD,Null ModelAndView returned to DispatcherServlet with name 'appServlet': assuming HandlerAdapter completed request handling
05-23-2017 23:10:20.809,DEBUG,DC89AFE4A523A7C98173E0BED4A501DD,Successfully completed request
05-23-2017 23:10:20.809,DEBUG,DC89AFE4A523A7C98173E0BED4A501DD,Chain processed normally
05-23-2017 23:10:20.809,DEBUG,DC89AFE4A523A7C98173E0BED4A501DD,SecurityContextHolder now cleared, as request processing completed
