05-23-2017 00:08:08.150,DEBUG,2A714A5F761E008063EDBB2418F52F0A,/0089/searchData at position 1 of 11 in additional filter chain; firing Filter: 'SecurityContextPersistenceFilter'
05-23-2017 00:08:08.150,DEBUG,2A714A5F761E008063EDBB2418F52F0A,Obtained a valid SecurityContext from SPRING_SECURITY_CONTEXT: 'org.springframework.security.core.context.SecurityContextImpl@c492b593: Authentication: org.springframework.security.authentication.UsernamePasswordAuthenticationToken@c492b593: Principal: vn.bananavietnam.ict.common.auth.MyUser@c4907816: Username: U0000000001; Password: [PROTECTED]; Enabled: true; AccountNonExpired: true; credentialsNonExpired: true; AccountNonLocked: true; Granted Authorities: 1; Credentials: [PROTECTED]; Authenticated: true; Details: org.springframework.security.web.authentication.WebAuthenticationDetails@fffd3270: RemoteIpAddress: 0:0:0:0:0:0:0:1; SessionId: 2A714A5F761E008063EDBB2418F52F0A; Granted Authorities: 1'
05-23-2017 00:08:08.150,DEBUG,2A714A5F761E008063EDBB2418F52F0A,/0089/searchData at position 2 of 11 in additional filter chain; firing Filter: 'WebAsyncManagerIntegrationFilter'
05-23-2017 00:08:08.150,DEBUG,2A714A5F761E008063EDBB2418F52F0A,/0089/searchData at position 3 of 11 in additional filter chain; firing Filter: 'LogoutFilter'
05-23-2017 00:08:08.150,DEBUG,2A714A5F761E008063EDBB2418F52F0A,/0089/searchData at position 4 of 11 in additional filter chain; firing Filter: 'UsernamePasswordAuthenticationFilter'
05-23-2017 00:08:08.150,DEBUG,2A714A5F761E008063EDBB2418F52F0A,/0089/searchData at position 5 of 11 in additional filter chain; firing Filter: 'BasicAuthenticationFilter'
05-23-2017 00:08:08.150,DEBUG,2A714A5F761E008063EDBB2418F52F0A,/0089/searchData at position 6 of 11 in additional filter chain; firing Filter: 'RequestCacheAwareFilter'
05-23-2017 00:08:08.150,DEBUG,2A714A5F761E008063EDBB2418F52F0A,/0089/searchData at position 7 of 11 in additional filter chain; firing Filter: 'SecurityContextHolderAwareRequestFilter'
05-23-2017 00:08:08.150,DEBUG,2A714A5F761E008063EDBB2418F52F0A,/0089/searchData at position 8 of 11 in additional filter chain; firing Filter: 'AnonymousAuthenticationFilter'
05-23-2017 00:08:08.150,DEBUG,2A714A5F761E008063EDBB2418F52F0A,SecurityContextHolder not populated with anonymous token, as it already contained: 'org.springframework.security.authentication.UsernamePasswordAuthenticationToken@c492b593: Principal: vn.bananavietnam.ict.common.auth.MyUser@c4907816: Username: U0000000001; Password: [PROTECTED]; Enabled: true; AccountNonExpired: true; credentialsNonExpired: true; AccountNonLocked: true; Granted Authorities: 1; Credentials: [PROTECTED]; Authenticated: true; Details: org.springframework.security.web.authentication.WebAuthenticationDetails@fffd3270: RemoteIpAddress: 0:0:0:0:0:0:0:1; SessionId: 2A714A5F761E008063EDBB2418F52F0A; Granted Authorities: 1'
05-23-2017 00:08:08.150,DEBUG,2A714A5F761E008063EDBB2418F52F0A,/0089/searchData at position 9 of 11 in additional filter chain; firing Filter: 'SessionManagementFilter'
05-23-2017 00:08:08.150,DEBUG,2A714A5F761E008063EDBB2418F52F0A,/0089/searchData at position 10 of 11 in additional filter chain; firing Filter: 'ExceptionTranslationFilter'
05-23-2017 00:08:08.150,DEBUG,2A714A5F761E008063EDBB2418F52F0A,/0089/searchData at position 11 of 11 in additional filter chain; firing Filter: 'FilterSecurityInterceptor'
05-23-2017 00:08:08.150,DEBUG,2A714A5F761E008063EDBB2418F52F0A,Checking match of request : '/0089/searchdata'; against '/autherror*'
05-23-2017 00:08:08.150,DEBUG,2A714A5F761E008063EDBB2418F52F0A,Checking match of request : '/0089/searchdata'; against '/login/**'
05-23-2017 00:08:08.150,DEBUG,2A714A5F761E008063EDBB2418F52F0A,Checking match of request : '/0089/searchdata'; against '/error/**'
05-23-2017 00:08:08.150,DEBUG,2A714A5F761E008063EDBB2418F52F0A,Checking match of request : '/0089/searchdata'; against '/0001/**'
05-23-2017 00:08:08.150,DEBUG,2A714A5F761E008063EDBB2418F52F0A,Checking match of request : '/0089/searchdata'; against '/0002/**'
05-23-2017 00:08:08.150,DEBUG,2A714A5F761E008063EDBB2418F52F0A,Checking match of request : '/0089/searchdata'; against '/0003/**'
05-23-2017 00:08:08.150,DEBUG,2A714A5F761E008063EDBB2418F52F0A,Checking match of request : '/0089/searchdata'; against '/0005/**'
05-23-2017 00:08:08.150,DEBUG,2A714A5F761E008063EDBB2418F52F0A,Checking match of request : '/0089/searchdata'; against '/0007/**'
05-23-2017 00:08:08.150,DEBUG,2A714A5F761E008063EDBB2418F52F0A,Checking match of request : '/0089/searchdata'; against '/0009/**'
05-23-2017 00:08:08.150,DEBUG,2A714A5F761E008063EDBB2418F52F0A,Checking match of request : '/0089/searchdata'; against '/0013/**'
05-23-2017 00:08:08.150,DEBUG,2A714A5F761E008063EDBB2418F52F0A,Checking match of request : '/0089/searchdata'; against '/0023/**'
05-23-2017 00:08:08.151,DEBUG,2A714A5F761E008063EDBB2418F52F0A,Checking match of request : '/0089/searchdata'; against '/0017/**'
05-23-2017 00:08:08.151,DEBUG,2A714A5F761E008063EDBB2418F52F0A,Checking match of request : '/0089/searchdata'; against '/0031/**'
05-23-2017 00:08:08.151,DEBUG,2A714A5F761E008063EDBB2418F52F0A,Checking match of request : '/0089/searchdata'; against '/0035/**'
05-23-2017 00:08:08.151,DEBUG,2A714A5F761E008063EDBB2418F52F0A,Checking match of request : '/0089/searchdata'; against '/0037/**'
05-23-2017 00:08:08.151,DEBUG,2A714A5F761E008063EDBB2418F52F0A,Checking match of request : '/0089/searchdata'; against '/0045/**'
05-23-2017 00:08:08.151,DEBUG,2A714A5F761E008063EDBB2418F52F0A,Checking match of request : '/0089/searchdata'; against '/0047/**'
05-23-2017 00:08:08.151,DEBUG,2A714A5F761E008063EDBB2418F52F0A,Checking match of request : '/0089/searchdata'; against '/0049/**'
05-23-2017 00:08:08.151,DEBUG,2A714A5F761E008063EDBB2418F52F0A,Checking match of request : '/0089/searchdata'; against '/0061/**'
05-23-2017 00:08:08.151,DEBUG,2A714A5F761E008063EDBB2418F52F0A,Checking match of request : '/0089/searchdata'; against '/0087/**'
05-23-2017 00:08:08.151,DEBUG,2A714A5F761E008063EDBB2418F52F0A,Checking match of request : '/0089/searchdata'; against '/0075/**'
05-23-2017 00:08:08.151,DEBUG,2A714A5F761E008063EDBB2418F52F0A,Checking match of request : '/0089/searchdata'; against '/0089/**'
05-23-2017 00:08:08.151,DEBUG,2A714A5F761E008063EDBB2418F52F0A,Secure object: FilterInvocation: URL: /0089/searchData; Attributes: [ROLE_ADMIN, ROLE_USER, IS_AUTHENTICATED_FULLY]
05-23-2017 00:08:08.151,DEBUG,2A714A5F761E008063EDBB2418F52F0A,Previously Authenticated: org.springframework.security.authentication.UsernamePasswordAuthenticationToken@c492b593: Principal: vn.bananavietnam.ict.common.auth.MyUser@c4907816: Username: U0000000001; Password: [PROTECTED]; Enabled: true; AccountNonExpired: true; credentialsNonExpired: true; AccountNonLocked: true; Granted Authorities: 1; Credentials: [PROTECTED]; Authenticated: true; Details: org.springframework.security.web.authentication.WebAuthenticationDetails@fffd3270: RemoteIpAddress: 0:0:0:0:0:0:0:1; SessionId: 2A714A5F761E008063EDBB2418F52F0A; Granted Authorities: 1
05-23-2017 00:08:08.151,DEBUG,2A714A5F761E008063EDBB2418F52F0A,Voter: org.springframework.security.access.vote.RoleVoter@1ac872d, returned: -1
05-23-2017 00:08:08.151,DEBUG,2A714A5F761E008063EDBB2418F52F0A,Voter: org.springframework.security.access.vote.AuthenticatedVoter@b1927d, returned: 1
05-23-2017 00:08:08.151,DEBUG,2A714A5F761E008063EDBB2418F52F0A,Authorization successful
05-23-2017 00:08:08.151,DEBUG,2A714A5F761E008063EDBB2418F52F0A,RunAsManager did not change Authentication object
05-23-2017 00:08:08.151,DEBUG,2A714A5F761E008063EDBB2418F52F0A,/0089/searchData reached end of additional filter chain; proceeding with original chain
05-23-2017 00:08:08.151,DEBUG,2A714A5F761E008063EDBB2418F52F0A,Request [/ict/0089/searchData] is not a multipart request
05-23-2017 00:08:08.151,DEBUG,1B857E9236807BF15FFD252847958530,DispatcherServlet with name 'appServlet' processing POST request for [/ict/0089/searchData]
05-23-2017 00:08:08.151,DEBUG,1B857E9236807BF15FFD252847958530,Looking up handler method for path /0089/searchData
05-23-2017 00:08:08.152,DEBUG,1B857E9236807BF15FFD252847958530,Returning handler method [public java.util.List<vn.bananavietnam.ict.banana.component.Bnn0089SearchTaskResult> vn.bananavietnam.ict.banana.controller.Bnn0089SearchTaskController.searchData(vn.bananavietnam.ict.banana.component.Bnn0089SearchTaskConditions)]
05-23-2017 00:08:08.152,DEBUG,1B857E9236807BF15FFD252847958530,Returning cached instance of singleton bean 'bnn0089SearchTaskController'
05-23-2017 00:08:08.152,DEBUG,1B857E9236807BF15FFD252847958530,Returning cached instance of singleton bean 'xml_path'
05-23-2017 00:08:08.152,DEBUG,1B857E9236807BF15FFD252847958530,Read [class vn.bananavietnam.ict.banana.component.Bnn0089SearchTaskConditions] as "application/json" with [org.springframework.http.converter.json.MappingJackson2HttpMessageConverter@156f2cc]
05-23-2017 00:08:08.153,INFO ,1B857E9236807BF15FFD252847958530,U0000000001,vn.bananavietnam.ict.banana.service.Bnn0089SearchTaskService,searchData,[vn.bananavietnam.ict.banana.component.Bnn0089SearchTaskConditions@17d3a97] METHOD START
05-23-2017 00:08:08.153,DEBUG,1B857E9236807BF15FFD252847958530,Returning cached instance of singleton bean 'transactionManager'
05-23-2017 00:08:08.153,INFO ,1B857E9236807BF15FFD252847958530,U0000000001,Task searching started
05-23-2017 00:08:08.153,DEBUG,1B857E9236807BF15FFD252847958530,Creating a new SqlSession
05-23-2017 00:08:08.153,DEBUG,1B857E9236807BF15FFD252847958530,Registering transaction synchronization for SqlSession [org.apache.ibatis.session.defaults.DefaultSqlSession@1336ae3]
05-23-2017 00:08:08.153,DEBUG,1B857E9236807BF15FFD252847958530,Fetching JDBC Connection from DataSource
05-23-2017 00:08:08.153,DEBUG,1B857E9236807BF15FFD252847958530,Creating new JDBC DriverManager Connection to [jdbc:mysql://172.16.0.175:3306/BANANA_DB_HUNG_SELENIUM?useUnicode=yes&characterEncoding=UTF-8&autoReconnect=true]
05-23-2017 00:08:12.160,DEBUG,1B857E9236807BF15FFD252847958530,Releasing transactional SqlSession [org.apache.ibatis.session.defaults.DefaultSqlSession@1336ae3]
05-23-2017 00:08:12.169,ERROR,1B857E9236807BF15FFD252847958530,U0000000001,java.lang.Exception: nested exception is org.apache.ibatis.exceptions.PersistenceException: 
05-23-2017 00:08:12.171,DEBUG,1B857E9236807BF15FFD252847958530,Transaction synchronization deregistering SqlSession [org.apache.ibatis.session.defaults.DefaultSqlSession@1336ae3]
05-23-2017 00:08:12.171,DEBUG,1B857E9236807BF15FFD252847958530,Transaction synchronization closing SqlSession [org.apache.ibatis.session.defaults.DefaultSqlSession@1336ae3]
05-23-2017 00:08:12.171,DEBUG,1B857E9236807BF15FFD252847958530,Should roll back transaction but cannot - no transaction available
05-23-2017 00:08:12.171,INFO ,1B857E9236807BF15FFD252847958530,U0000000001,vn.bananavietnam.ict.banana.service.Bnn0089SearchTaskService,searchData,[vn.bananavietnam.ict.banana.component.Bnn0089SearchTaskConditions@17d3a97] METHOD END
05-23-2017 00:08:12.172,DEBUG,1B857E9236807BF15FFD252847958530,Null ModelAndView returned to DispatcherServlet with name 'appServlet': assuming HandlerAdapter completed request handling
05-23-2017 00:08:12.172,DEBUG,1B857E9236807BF15FFD252847958530,Successfully completed request
05-23-2017 00:08:12.173,DEBUG,1B857E9236807BF15FFD252847958530,Chain processed normally
05-23-2017 00:08:12.173,DEBUG,1B857E9236807BF15FFD252847958530,SecurityContextHolder now cleared, as request processing completed
05-23-2017 00:08:32.385,DEBUG,2A714A5F761E008063EDBB2418F52F0A,/0089/searchData at position 1 of 11 in additional filter chain; firing Filter: 'SecurityContextPersistenceFilter'
05-23-2017 00:08:32.385,DEBUG,2A714A5F761E008063EDBB2418F52F0A,Obtained a valid SecurityContext from SPRING_SECURITY_CONTEXT: 'org.springframework.security.core.context.SecurityContextImpl@c492b593: Authentication: org.springframework.security.authentication.UsernamePasswordAuthenticationToken@c492b593: Principal: vn.bananavietnam.ict.common.auth.MyUser@c4907816: Username: U0000000001; Password: [PROTECTED]; Enabled: true; AccountNonExpired: true; credentialsNonExpired: true; AccountNonLocked: true; Granted Authorities: 1; Credentials: [PROTECTED]; Authenticated: true; Details: org.springframework.security.web.authentication.WebAuthenticationDetails@fffd3270: RemoteIpAddress: 0:0:0:0:0:0:0:1; SessionId: 2A714A5F761E008063EDBB2418F52F0A; Granted Authorities: 1'
05-23-2017 00:08:32.386,DEBUG,2A714A5F761E008063EDBB2418F52F0A,/0089/searchData at position 2 of 11 in additional filter chain; firing Filter: 'WebAsyncManagerIntegrationFilter'
05-23-2017 00:08:32.386,DEBUG,2A714A5F761E008063EDBB2418F52F0A,/0089/searchData at position 3 of 11 in additional filter chain; firing Filter: 'LogoutFilter'
05-23-2017 00:08:32.386,DEBUG,2A714A5F761E008063EDBB2418F52F0A,/0089/searchData at position 4 of 11 in additional filter chain; firing Filter: 'UsernamePasswordAuthenticationFilter'
05-23-2017 00:08:32.386,DEBUG,2A714A5F761E008063EDBB2418F52F0A,/0089/searchData at position 5 of 11 in additional filter chain; firing Filter: 'BasicAuthenticationFilter'
05-23-2017 00:08:32.386,DEBUG,2A714A5F761E008063EDBB2418F52F0A,/0089/searchData at position 6 of 11 in additional filter chain; firing Filter: 'RequestCacheAwareFilter'
05-23-2017 00:08:32.386,DEBUG,2A714A5F761E008063EDBB2418F52F0A,/0089/searchData at position 7 of 11 in additional filter chain; firing Filter: 'SecurityContextHolderAwareRequestFilter'
05-23-2017 00:08:32.386,DEBUG,2A714A5F761E008063EDBB2418F52F0A,/0089/searchData at position 8 of 11 in additional filter chain; firing Filter: 'AnonymousAuthenticationFilter'
05-23-2017 00:08:32.386,DEBUG,2A714A5F761E008063EDBB2418F52F0A,SecurityContextHolder not populated with anonymous token, as it already contained: 'org.springframework.security.authentication.UsernamePasswordAuthenticationToken@c492b593: Principal: vn.bananavietnam.ict.common.auth.MyUser@c4907816: Username: U0000000001; Password: [PROTECTED]; Enabled: true; AccountNonExpired: true; credentialsNonExpired: true; AccountNonLocked: true; Granted Authorities: 1; Credentials: [PROTECTED]; Authenticated: true; Details: org.springframework.security.web.authentication.WebAuthenticationDetails@fffd3270: RemoteIpAddress: 0:0:0:0:0:0:0:1; SessionId: 2A714A5F761E008063EDBB2418F52F0A; Granted Authorities: 1'
05-23-2017 00:08:32.386,DEBUG,2A714A5F761E008063EDBB2418F52F0A,/0089/searchData at position 9 of 11 in additional filter chain; firing Filter: 'SessionManagementFilter'
05-23-2017 00:08:32.386,DEBUG,2A714A5F761E008063EDBB2418F52F0A,/0089/searchData at position 10 of 11 in additional filter chain; firing Filter: 'ExceptionTranslationFilter'
05-23-2017 00:08:32.386,DEBUG,2A714A5F761E008063EDBB2418F52F0A,/0089/searchData at position 11 of 11 in additional filter chain; firing Filter: 'FilterSecurityInterceptor'
05-23-2017 00:08:32.386,DEBUG,2A714A5F761E008063EDBB2418F52F0A,Checking match of request : '/0089/searchdata'; against '/autherror*'
05-23-2017 00:08:32.386,DEBUG,2A714A5F761E008063EDBB2418F52F0A,Checking match of request : '/0089/searchdata'; against '/login/**'
05-23-2017 00:08:32.386,DEBUG,2A714A5F761E008063EDBB2418F52F0A,Checking match of request : '/0089/searchdata'; against '/error/**'
05-23-2017 00:08:32.386,DEBUG,2A714A5F761E008063EDBB2418F52F0A,Checking match of request : '/0089/searchdata'; against '/0001/**'
05-23-2017 00:08:32.386,DEBUG,2A714A5F761E008063EDBB2418F52F0A,Checking match of request : '/0089/searchdata'; against '/0002/**'
05-23-2017 00:08:32.386,DEBUG,2A714A5F761E008063EDBB2418F52F0A,Checking match of request : '/0089/searchdata'; against '/0003/**'
05-23-2017 00:08:32.386,DEBUG,2A714A5F761E008063EDBB2418F52F0A,Checking match of request : '/0089/searchdata'; against '/0005/**'
05-23-2017 00:08:32.386,DEBUG,2A714A5F761E008063EDBB2418F52F0A,Checking match of request : '/0089/searchdata'; against '/0007/**'
05-23-2017 00:08:32.386,DEBUG,2A714A5F761E008063EDBB2418F52F0A,Checking match of request : '/0089/searchdata'; against '/0009/**'
05-23-2017 00:08:32.386,DEBUG,2A714A5F761E008063EDBB2418F52F0A,Checking match of request : '/0089/searchdata'; against '/0013/**'
05-23-2017 00:08:32.386,DEBUG,2A714A5F761E008063EDBB2418F52F0A,Checking match of request : '/0089/searchdata'; against '/0023/**'
05-23-2017 00:08:32.386,DEBUG,2A714A5F761E008063EDBB2418F52F0A,Checking match of request : '/0089/searchdata'; against '/0017/**'
05-23-2017 00:08:32.386,DEBUG,2A714A5F761E008063EDBB2418F52F0A,Checking match of request : '/0089/searchdata'; against '/0031/**'
05-23-2017 00:08:32.386,DEBUG,2A714A5F761E008063EDBB2418F52F0A,Checking match of request : '/0089/searchdata'; against '/0035/**'
05-23-2017 00:08:32.386,DEBUG,2A714A5F761E008063EDBB2418F52F0A,Checking match of request : '/0089/searchdata'; against '/0037/**'
05-23-2017 00:08:32.386,DEBUG,2A714A5F761E008063EDBB2418F52F0A,Checking match of request : '/0089/searchdata'; against '/0045/**'
05-23-2017 00:08:32.386,DEBUG,2A714A5F761E008063EDBB2418F52F0A,Checking match of request : '/0089/searchdata'; against '/0047/**'
05-23-2017 00:08:32.386,DEBUG,2A714A5F761E008063EDBB2418F52F0A,Checking match of request : '/0089/searchdata'; against '/0049/**'
05-23-2017 00:08:32.386,DEBUG,2A714A5F761E008063EDBB2418F52F0A,Checking match of request : '/0089/searchdata'; against '/0061/**'
05-23-2017 00:08:32.386,DEBUG,2A714A5F761E008063EDBB2418F52F0A,Checking match of request : '/0089/searchdata'; against '/0087/**'
05-23-2017 00:08:32.386,DEBUG,2A714A5F761E008063EDBB2418F52F0A,Checking match of request : '/0089/searchdata'; against '/0075/**'
05-23-2017 00:08:32.386,DEBUG,2A714A5F761E008063EDBB2418F52F0A,Checking match of request : '/0089/searchdata'; against '/0089/**'
05-23-2017 00:08:32.386,DEBUG,2A714A5F761E008063EDBB2418F52F0A,Secure object: FilterInvocation: URL: /0089/searchData; Attributes: [ROLE_ADMIN, ROLE_USER, IS_AUTHENTICATED_FULLY]
05-23-2017 00:08:32.386,DEBUG,2A714A5F761E008063EDBB2418F52F0A,Previously Authenticated: org.springframework.security.authentication.UsernamePasswordAuthenticationToken@c492b593: Principal: vn.bananavietnam.ict.common.auth.MyUser@c4907816: Username: U0000000001; Password: [PROTECTED]; Enabled: true; AccountNonExpired: true; credentialsNonExpired: true; AccountNonLocked: true; Granted Authorities: 1; Credentials: [PROTECTED]; Authenticated: true; Details: org.springframework.security.web.authentication.WebAuthenticationDetails@fffd3270: RemoteIpAddress: 0:0:0:0:0:0:0:1; SessionId: 2A714A5F761E008063EDBB2418F52F0A; Granted Authorities: 1
05-23-2017 00:08:32.386,DEBUG,2A714A5F761E008063EDBB2418F52F0A,Voter: org.springframework.security.access.vote.RoleVoter@1ac872d, returned: -1
05-23-2017 00:08:32.386,DEBUG,2A714A5F761E008063EDBB2418F52F0A,Voter: org.springframework.security.access.vote.AuthenticatedVoter@b1927d, returned: 1
05-23-2017 00:08:32.386,DEBUG,2A714A5F761E008063EDBB2418F52F0A,Authorization successful
05-23-2017 00:08:32.386,DEBUG,2A714A5F761E008063EDBB2418F52F0A,RunAsManager did not change Authentication object
05-23-2017 00:08:32.386,DEBUG,2A714A5F761E008063EDBB2418F52F0A,/0089/searchData reached end of additional filter chain; proceeding with original chain
05-23-2017 00:08:32.386,DEBUG,2A714A5F761E008063EDBB2418F52F0A,Request [/ict/0089/searchData] is not a multipart request
05-23-2017 00:08:32.386,DEBUG,1B857E9236807BF15FFD252847958530,DispatcherServlet with name 'appServlet' processing POST request for [/ict/0089/searchData]
05-23-2017 00:08:32.387,DEBUG,1B857E9236807BF15FFD252847958530,Looking up handler method for path /0089/searchData
05-23-2017 00:08:32.387,DEBUG,1B857E9236807BF15FFD252847958530,Returning handler method [public java.util.List<vn.bananavietnam.ict.banana.component.Bnn0089SearchTaskResult> vn.bananavietnam.ict.banana.controller.Bnn0089SearchTaskController.searchData(vn.bananavietnam.ict.banana.component.Bnn0089SearchTaskConditions)]
05-23-2017 00:08:32.387,DEBUG,1B857E9236807BF15FFD252847958530,Returning cached instance of singleton bean 'bnn0089SearchTaskController'
05-23-2017 00:08:32.387,DEBUG,1B857E9236807BF15FFD252847958530,Returning cached instance of singleton bean 'xml_path'
05-23-2017 00:08:32.387,DEBUG,1B857E9236807BF15FFD252847958530,Read [class vn.bananavietnam.ict.banana.component.Bnn0089SearchTaskConditions] as "application/json" with [org.springframework.http.converter.json.MappingJackson2HttpMessageConverter@156f2cc]
05-23-2017 00:08:32.387,INFO ,1B857E9236807BF15FFD252847958530,U0000000001,vn.bananavietnam.ict.banana.service.Bnn0089SearchTaskService,searchData,[vn.bananavietnam.ict.banana.component.Bnn0089SearchTaskConditions@ae6f8] METHOD START
05-23-2017 00:08:32.388,DEBUG,1B857E9236807BF15FFD252847958530,Returning cached instance of singleton bean 'transactionManager'
05-23-2017 00:08:32.388,INFO ,1B857E9236807BF15FFD252847958530,U0000000001,Task searching started
05-23-2017 00:08:32.388,DEBUG,1B857E9236807BF15FFD252847958530,Creating a new SqlSession
05-23-2017 00:08:32.388,DEBUG,1B857E9236807BF15FFD252847958530,Registering transaction synchronization for SqlSession [org.apache.ibatis.session.defaults.DefaultSqlSession@16e8ece]
05-23-2017 00:08:32.388,DEBUG,1B857E9236807BF15FFD252847958530,Fetching JDBC Connection from DataSource
05-23-2017 00:08:32.388,DEBUG,1B857E9236807BF15FFD252847958530,Creating new JDBC DriverManager Connection to [jdbc:mysql://172.16.0.175:3306/BANANA_DB_HUNG_SELENIUM?useUnicode=yes&characterEncoding=UTF-8&autoReconnect=true]
05-23-2017 00:08:32.406,DEBUG,1B857E9236807BF15FFD252847958530,Registering transaction synchronization for JDBC Connection
05-23-2017 00:08:32.406,DEBUG,1B857E9236807BF15FFD252847958530,JDBC Connection [com.mysql.jdbc.JDBC4Connection@1e1192b] will be managed by Spring
05-23-2017 00:08:32.406,DEBUG,1B857E9236807BF15FFD252847958530,==>  Preparing: SELECT T.TASK_ID taskId, T.TASK_NAME taskName, T.WORKING_DETAILS workingDetails, T.NOTE note, T.QUARANTINE_HANDLING_FLAG quarantineHandlingFlag, T.DELETE_FLAG deleteFlag, T.CHANGE_POINT_CODE changePointCode, T.LAST_UPDATE_DATE lastUpdateDate FROM IVB_M_TASK T WHERE 1 = 1 AND T.DELETE_FLAG = '0' ORDER BY T.TASK_NAME LIMIT ?,? 
05-23-2017 00:08:32.407,DEBUG,1B857E9236807BF15FFD252847958530,==> Parameters: 0(Integer), 20(Integer)
05-23-2017 00:08:32.410,DEBUG,1B857E9236807BF15FFD252847958530,<==      Total: 20
05-23-2017 00:08:32.410,DEBUG,1B857E9236807BF15FFD252847958530,Releasing transactional SqlSession [org.apache.ibatis.session.defaults.DefaultSqlSession@16e8ece]
05-23-2017 00:08:32.410,INFO ,1B857E9236807BF15FFD252847958530,U0000000001,SQL execution finished
05-23-2017 00:08:32.410,DEBUG,1B857E9236807BF15FFD252847958530,Fetched SqlSession [org.apache.ibatis.session.defaults.DefaultSqlSession@16e8ece] from current transaction
05-23-2017 00:08:32.410,DEBUG,1B857E9236807BF15FFD252847958530,==>  Preparing: SELECT COUNT(*) FROM IVB_M_TASK T WHERE 1 = 1 AND T.DELETE_FLAG = '0' ORDER BY T.TASK_ID 
05-23-2017 00:08:32.410,DEBUG,1B857E9236807BF15FFD252847958530,==> Parameters: 
05-23-2017 00:08:32.411,DEBUG,1B857E9236807BF15FFD252847958530,<==      Total: 1
05-23-2017 00:08:32.411,DEBUG,1B857E9236807BF15FFD252847958530,Releasing transactional SqlSession [org.apache.ibatis.session.defaults.DefaultSqlSession@16e8ece]
05-23-2017 00:08:32.411,INFO ,1B857E9236807BF15FFD252847958530,U0000000001,Task searching finished ==> 43 item(s)
05-23-2017 00:08:32.411,DEBUG,1B857E9236807BF15FFD252847958530,Transaction synchronization deregistering SqlSession [org.apache.ibatis.session.defaults.DefaultSqlSession@16e8ece]
05-23-2017 00:08:32.411,DEBUG,1B857E9236807BF15FFD252847958530,Transaction synchronization closing SqlSession [org.apache.ibatis.session.defaults.DefaultSqlSession@16e8ece]
05-23-2017 00:08:32.412,DEBUG,1B857E9236807BF15FFD252847958530,Returning JDBC Connection to DataSource
05-23-2017 00:08:32.412,INFO ,1B857E9236807BF15FFD252847958530,U0000000001,vn.bananavietnam.ict.banana.service.Bnn0089SearchTaskService,searchData,[vn.bananavietnam.ict.banana.component.Bnn0089SearchTaskConditions@ae6f8] METHOD END
05-23-2017 00:08:32.414,DEBUG,1B857E9236807BF15FFD252847958530,Written [[vn.bananavietnam.ict.banana.component.Bnn0089SearchTaskResult@14d9dd0, vn.bananavietnam.ict.banana.component.Bnn0089SearchTaskResult@1a9d4, vn.bananavietnam.ict.banana.component.Bnn0089SearchTaskResult@4ddfcc, vn.bananavietnam.ict.banana.component.Bnn0089SearchTaskResult@8a8ce3, vn.bananavietnam.ict.banana.component.Bnn0089SearchTaskResult@1ae233f, vn.bananavietnam.ict.banana.component.Bnn0089SearchTaskResult@b46417, vn.bananavietnam.ict.banana.component.Bnn0089SearchTaskResult@3b6332, vn.bananavietnam.ict.banana.component.Bnn0089SearchTaskResult@a1682, vn.bananavietnam.ict.banana.component.Bnn0089SearchTaskResult@c36d27, vn.bananavietnam.ict.banana.component.Bnn0089SearchTaskResult@1ae3d74, vn.bananavietnam.ict.banana.component.Bnn0089SearchTaskResult@31eb00, vn.bananavietnam.ict.banana.component.Bnn0089SearchTaskResult@654382, vn.bananavietnam.ict.banana.component.Bnn0089SearchTaskResult@110b1bc, vn.bananavietnam.ict.banana.component.Bnn0089SearchTaskResult@1197ff7, vn.bananavietnam.ict.banana.component.Bnn0089SearchTaskResult@7fe23f, vn.bananavietnam.ict.banana.component.Bnn0089SearchTaskResult@46d621, vn.bananavietnam.ict.banana.component.Bnn0089SearchTaskResult@eb0c04, vn.bananavietnam.ict.banana.component.Bnn0089SearchTaskResult@3f3de9, vn.bananavietnam.ict.banana.component.Bnn0089SearchTaskResult@1585f4b, vn.bananavietnam.ict.banana.component.Bnn0089SearchTaskResult@12f611f]] as "application/json;charset=UTF-8" using [org.springframework.http.converter.json.MappingJackson2HttpMessageConverter@156f2cc]
05-23-2017 00:08:32.414,DEBUG,1B857E9236807BF15FFD252847958530,Null ModelAndView returned to DispatcherServlet with name 'appServlet': assuming HandlerAdapter completed request handling
05-23-2017 00:08:32.414,DEBUG,1B857E9236807BF15FFD252847958530,Successfully completed request
05-23-2017 00:08:32.415,DEBUG,1B857E9236807BF15FFD252847958530,Chain processed normally
05-23-2017 00:08:32.415,DEBUG,1B857E9236807BF15FFD252847958530,SecurityContextHolder now cleared, as request processing completed
05-23-2017 00:08:33.675,DEBUG,2A714A5F761E008063EDBB2418F52F0A,/0089/searchData at position 1 of 11 in additional filter chain; firing Filter: 'SecurityContextPersistenceFilter'
05-23-2017 00:08:33.675,DEBUG,2A714A5F761E008063EDBB2418F52F0A,Obtained a valid SecurityContext from SPRING_SECURITY_CONTEXT: 'org.springframework.security.core.context.SecurityContextImpl@c492b593: Authentication: org.springframework.security.authentication.UsernamePasswordAuthenticationToken@c492b593: Principal: vn.bananavietnam.ict.common.auth.MyUser@c4907816: Username: U0000000001; Password: [PROTECTED]; Enabled: true; AccountNonExpired: true; credentialsNonExpired: true; AccountNonLocked: true; Granted Authorities: 1; Credentials: [PROTECTED]; Authenticated: true; Details: org.springframework.security.web.authentication.WebAuthenticationDetails@fffd3270: RemoteIpAddress: 0:0:0:0:0:0:0:1; SessionId: 2A714A5F761E008063EDBB2418F52F0A; Granted Authorities: 1'
05-23-2017 00:08:33.675,DEBUG,2A714A5F761E008063EDBB2418F52F0A,/0089/searchData at position 2 of 11 in additional filter chain; firing Filter: 'WebAsyncManagerIntegrationFilter'
05-23-2017 00:08:33.675,DEBUG,2A714A5F761E008063EDBB2418F52F0A,/0089/searchData at position 3 of 11 in additional filter chain; firing Filter: 'LogoutFilter'
05-23-2017 00:08:33.675,DEBUG,2A714A5F761E008063EDBB2418F52F0A,/0089/searchData at position 4 of 11 in additional filter chain; firing Filter: 'UsernamePasswordAuthenticationFilter'
05-23-2017 00:08:33.675,DEBUG,2A714A5F761E008063EDBB2418F52F0A,/0089/searchData at position 5 of 11 in additional filter chain; firing Filter: 'BasicAuthenticationFilter'
05-23-2017 00:08:33.675,DEBUG,2A714A5F761E008063EDBB2418F52F0A,/0089/searchData at position 6 of 11 in additional filter chain; firing Filter: 'RequestCacheAwareFilter'
05-23-2017 00:08:33.675,DEBUG,2A714A5F761E008063EDBB2418F52F0A,/0089/searchData at position 7 of 11 in additional filter chain; firing Filter: 'SecurityContextHolderAwareRequestFilter'
05-23-2017 00:08:33.675,DEBUG,2A714A5F761E008063EDBB2418F52F0A,/0089/searchData at position 8 of 11 in additional filter chain; firing Filter: 'AnonymousAuthenticationFilter'
05-23-2017 00:08:33.675,DEBUG,2A714A5F761E008063EDBB2418F52F0A,SecurityContextHolder not populated with anonymous token, as it already contained: 'org.springframework.security.authentication.UsernamePasswordAuthenticationToken@c492b593: Principal: vn.bananavietnam.ict.common.auth.MyUser@c4907816: Username: U0000000001; Password: [PROTECTED]; Enabled: true; AccountNonExpired: true; credentialsNonExpired: true; AccountNonLocked: true; Granted Authorities: 1; Credentials: [PROTECTED]; Authenticated: true; Details: org.springframework.security.web.authentication.WebAuthenticationDetails@fffd3270: RemoteIpAddress: 0:0:0:0:0:0:0:1; SessionId: 2A714A5F761E008063EDBB2418F52F0A; Granted Authorities: 1'
05-23-2017 00:08:33.675,DEBUG,2A714A5F761E008063EDBB2418F52F0A,/0089/searchData at position 9 of 11 in additional filter chain; firing Filter: 'SessionManagementFilter'
05-23-2017 00:08:33.675,DEBUG,2A714A5F761E008063EDBB2418F52F0A,/0089/searchData at position 10 of 11 in additional filter chain; firing Filter: 'ExceptionTranslationFilter'
05-23-2017 00:08:33.675,DEBUG,2A714A5F761E008063EDBB2418F52F0A,/0089/searchData at position 11 of 11 in additional filter chain; firing Filter: 'FilterSecurityInterceptor'
05-23-2017 00:08:33.675,DEBUG,2A714A5F761E008063EDBB2418F52F0A,Checking match of request : '/0089/searchdata'; against '/autherror*'
05-23-2017 00:08:33.675,DEBUG,2A714A5F761E008063EDBB2418F52F0A,Checking match of request : '/0089/searchdata'; against '/login/**'
05-23-2017 00:08:33.675,DEBUG,2A714A5F761E008063EDBB2418F52F0A,Checking match of request : '/0089/searchdata'; against '/error/**'
05-23-2017 00:08:33.675,DEBUG,2A714A5F761E008063EDBB2418F52F0A,Checking match of request : '/0089/searchdata'; against '/0001/**'
05-23-2017 00:08:33.675,DEBUG,2A714A5F761E008063EDBB2418F52F0A,Checking match of request : '/0089/searchdata'; against '/0002/**'
05-23-2017 00:08:33.675,DEBUG,2A714A5F761E008063EDBB2418F52F0A,Checking match of request : '/0089/searchdata'; against '/0003/**'
05-23-2017 00:08:33.676,DEBUG,2A714A5F761E008063EDBB2418F52F0A,Checking match of request : '/0089/searchdata'; against '/0005/**'
05-23-2017 00:08:33.676,DEBUG,2A714A5F761E008063EDBB2418F52F0A,Checking match of request : '/0089/searchdata'; against '/0007/**'
05-23-2017 00:08:33.676,DEBUG,2A714A5F761E008063EDBB2418F52F0A,Checking match of request : '/0089/searchdata'; against '/0009/**'
05-23-2017 00:08:33.676,DEBUG,2A714A5F761E008063EDBB2418F52F0A,Checking match of request : '/0089/searchdata'; against '/0013/**'
05-23-2017 00:08:33.676,DEBUG,2A714A5F761E008063EDBB2418F52F0A,Checking match of request : '/0089/searchdata'; against '/0023/**'
05-23-2017 00:08:33.676,DEBUG,2A714A5F761E008063EDBB2418F52F0A,Checking match of request : '/0089/searchdata'; against '/0017/**'
05-23-2017 00:08:33.676,DEBUG,2A714A5F761E008063EDBB2418F52F0A,Checking match of request : '/0089/searchdata'; against '/0031/**'
05-23-2017 00:08:33.676,DEBUG,2A714A5F761E008063EDBB2418F52F0A,Checking match of request : '/0089/searchdata'; against '/0035/**'
05-23-2017 00:08:33.676,DEBUG,2A714A5F761E008063EDBB2418F52F0A,Checking match of request : '/0089/searchdata'; against '/0037/**'
05-23-2017 00:08:33.676,DEBUG,2A714A5F761E008063EDBB2418F52F0A,Checking match of request : '/0089/searchdata'; against '/0045/**'
05-23-2017 00:08:33.676,DEBUG,2A714A5F761E008063EDBB2418F52F0A,Checking match of request : '/0089/searchdata'; against '/0047/**'
05-23-2017 00:08:33.676,DEBUG,2A714A5F761E008063EDBB2418F52F0A,Checking match of request : '/0089/searchdata'; against '/0049/**'
05-23-2017 00:08:33.676,DEBUG,2A714A5F761E008063EDBB2418F52F0A,Checking match of request : '/0089/searchdata'; against '/0061/**'
05-23-2017 00:08:33.676,DEBUG,2A714A5F761E008063EDBB2418F52F0A,Checking match of request : '/0089/searchdata'; against '/0087/**'
05-23-2017 00:08:33.676,DEBUG,2A714A5F761E008063EDBB2418F52F0A,Checking match of request : '/0089/searchdata'; against '/0075/**'
05-23-2017 00:08:33.676,DEBUG,2A714A5F761E008063EDBB2418F52F0A,Checking match of request : '/0089/searchdata'; against '/0089/**'
05-23-2017 00:08:33.676,DEBUG,2A714A5F761E008063EDBB2418F52F0A,Secure object: FilterInvocation: URL: /0089/searchData; Attributes: [ROLE_ADMIN, ROLE_USER, IS_AUTHENTICATED_FULLY]
05-23-2017 00:08:33.676,DEBUG,2A714A5F761E008063EDBB2418F52F0A,Previously Authenticated: org.springframework.security.authentication.UsernamePasswordAuthenticationToken@c492b593: Principal: vn.bananavietnam.ict.common.auth.MyUser@c4907816: Username: U0000000001; Password: [PROTECTED]; Enabled: true; AccountNonExpired: true; credentialsNonExpired: true; AccountNonLocked: true; Granted Authorities: 1; Credentials: [PROTECTED]; Authenticated: true; Details: org.springframework.security.web.authentication.WebAuthenticationDetails@fffd3270: RemoteIpAddress: 0:0:0:0:0:0:0:1; SessionId: 2A714A5F761E008063EDBB2418F52F0A; Granted Authorities: 1
05-23-2017 00:08:33.676,DEBUG,2A714A5F761E008063EDBB2418F52F0A,Voter: org.springframework.security.access.vote.RoleVoter@1ac872d, returned: -1
05-23-2017 00:08:33.676,DEBUG,2A714A5F761E008063EDBB2418F52F0A,Voter: org.springframework.security.access.vote.AuthenticatedVoter@b1927d, returned: 1
05-23-2017 00:08:33.676,DEBUG,2A714A5F761E008063EDBB2418F52F0A,Authorization successful
05-23-2017 00:08:33.676,DEBUG,2A714A5F761E008063EDBB2418F52F0A,RunAsManager did not change Authentication object
05-23-2017 00:08:33.676,DEBUG,2A714A5F761E008063EDBB2418F52F0A,/0089/searchData reached end of additional filter chain; proceeding with original chain
05-23-2017 00:08:33.676,DEBUG,2A714A5F761E008063EDBB2418F52F0A,Request [/ict/0089/searchData] is not a multipart request
05-23-2017 00:08:33.676,DEBUG,1B857E9236807BF15FFD252847958530,DispatcherServlet with name 'appServlet' processing POST request for [/ict/0089/searchData]
05-23-2017 00:08:33.676,DEBUG,1B857E9236807BF15FFD252847958530,Looking up handler method for path /0089/searchData
05-23-2017 00:08:33.676,DEBUG,1B857E9236807BF15FFD252847958530,Returning handler method [public java.util.List<vn.bananavietnam.ict.banana.component.Bnn0089SearchTaskResult> vn.bananavietnam.ict.banana.controller.Bnn0089SearchTaskController.searchData(vn.bananavietnam.ict.banana.component.Bnn0089SearchTaskConditions)]
05-23-2017 00:08:33.676,DEBUG,1B857E9236807BF15FFD252847958530,Returning cached instance of singleton bean 'bnn0089SearchTaskController'
05-23-2017 00:08:33.676,DEBUG,1B857E9236807BF15FFD252847958530,Returning cached instance of singleton bean 'xml_path'
05-23-2017 00:08:33.677,DEBUG,1B857E9236807BF15FFD252847958530,Read [class vn.bananavietnam.ict.banana.component.Bnn0089SearchTaskConditions] as "application/json" with [org.springframework.http.converter.json.MappingJackson2HttpMessageConverter@156f2cc]
05-23-2017 00:08:33.677,INFO ,1B857E9236807BF15FFD252847958530,U0000000001,vn.bananavietnam.ict.banana.service.Bnn0089SearchTaskService,searchData,[vn.bananavietnam.ict.banana.component.Bnn0089SearchTaskConditions@11ae46a] METHOD START
05-23-2017 00:08:33.677,DEBUG,1B857E9236807BF15FFD252847958530,Returning cached instance of singleton bean 'transactionManager'
05-23-2017 00:08:33.677,INFO ,1B857E9236807BF15FFD252847958530,U0000000001,Task searching started
05-23-2017 00:08:33.677,DEBUG,1B857E9236807BF15FFD252847958530,Creating a new SqlSession
05-23-2017 00:08:33.677,DEBUG,1B857E9236807BF15FFD252847958530,Registering transaction synchronization for SqlSession [org.apache.ibatis.session.defaults.DefaultSqlSession@1401c49]
05-23-2017 00:08:33.677,DEBUG,1B857E9236807BF15FFD252847958530,Fetching JDBC Connection from DataSource
05-23-2017 00:08:33.677,DEBUG,1B857E9236807BF15FFD252847958530,Creating new JDBC DriverManager Connection to [jdbc:mysql://172.16.0.175:3306/BANANA_DB_HUNG_SELENIUM?useUnicode=yes&characterEncoding=UTF-8&autoReconnect=true]
05-23-2017 00:08:33.695,DEBUG,1B857E9236807BF15FFD252847958530,Registering transaction synchronization for JDBC Connection
05-23-2017 00:08:33.695,DEBUG,1B857E9236807BF15FFD252847958530,JDBC Connection [com.mysql.jdbc.JDBC4Connection@14965b4] will be managed by Spring
05-23-2017 00:08:33.695,DEBUG,1B857E9236807BF15FFD252847958530,==>  Preparing: SELECT T.TASK_ID taskId, T.TASK_NAME taskName, T.WORKING_DETAILS workingDetails, T.NOTE note, T.QUARANTINE_HANDLING_FLAG quarantineHandlingFlag, T.DELETE_FLAG deleteFlag, T.CHANGE_POINT_CODE changePointCode, T.LAST_UPDATE_DATE lastUpdateDate FROM IVB_M_TASK T WHERE 1 = 1 AND T.DELETE_FLAG = '0' ORDER BY T.TASK_NAME LIMIT ?,? 
05-23-2017 00:08:33.695,DEBUG,1B857E9236807BF15FFD252847958530,==> Parameters: 40(Integer), 20(Integer)
05-23-2017 00:08:33.697,DEBUG,1B857E9236807BF15FFD252847958530,<==      Total: 3
05-23-2017 00:08:33.697,DEBUG,1B857E9236807BF15FFD252847958530,Releasing transactional SqlSession [org.apache.ibatis.session.defaults.DefaultSqlSession@1401c49]
05-23-2017 00:08:33.697,INFO ,1B857E9236807BF15FFD252847958530,U0000000001,SQL execution finished
05-23-2017 00:08:33.697,DEBUG,1B857E9236807BF15FFD252847958530,Fetched SqlSession [org.apache.ibatis.session.defaults.DefaultSqlSession@1401c49] from current transaction
05-23-2017 00:08:33.698,DEBUG,1B857E9236807BF15FFD252847958530,==>  Preparing: SELECT COUNT(*) FROM IVB_M_TASK T WHERE 1 = 1 AND T.DELETE_FLAG = '0' ORDER BY T.TASK_ID 
05-23-2017 00:08:33.698,DEBUG,1B857E9236807BF15FFD252847958530,==> Parameters: 
05-23-2017 00:08:33.699,DEBUG,1B857E9236807BF15FFD252847958530,<==      Total: 1
05-23-2017 00:08:33.699,DEBUG,1B857E9236807BF15FFD252847958530,Releasing transactional SqlSession [org.apache.ibatis.session.defaults.DefaultSqlSession@1401c49]
05-23-2017 00:08:33.699,INFO ,1B857E9236807BF15FFD252847958530,U0000000001,Task searching finished ==> 43 item(s)
05-23-2017 00:08:33.699,DEBUG,1B857E9236807BF15FFD252847958530,Transaction synchronization deregistering SqlSession [org.apache.ibatis.session.defaults.DefaultSqlSession@1401c49]
05-23-2017 00:08:33.699,DEBUG,1B857E9236807BF15FFD252847958530,Transaction synchronization closing SqlSession [org.apache.ibatis.session.defaults.DefaultSqlSession@1401c49]
05-23-2017 00:08:33.699,DEBUG,1B857E9236807BF15FFD252847958530,Returning JDBC Connection to DataSource
05-23-2017 00:08:33.699,INFO ,1B857E9236807BF15FFD252847958530,U0000000001,vn.bananavietnam.ict.banana.service.Bnn0089SearchTaskService,searchData,[vn.bananavietnam.ict.banana.component.Bnn0089SearchTaskConditions@11ae46a] METHOD END
05-23-2017 00:08:33.701,DEBUG,1B857E9236807BF15FFD252847958530,Written [[vn.bananavietnam.ict.banana.component.Bnn0089SearchTaskResult@b7b0db, vn.bananavietnam.ict.banana.component.Bnn0089SearchTaskResult@13904af, vn.bananavietnam.ict.banana.component.Bnn0089SearchTaskResult@138a5a1]] as "application/json;charset=UTF-8" using [org.springframework.http.converter.json.MappingJackson2HttpMessageConverter@156f2cc]
05-23-2017 00:08:33.701,DEBUG,1B857E9236807BF15FFD252847958530,Null ModelAndView returned to DispatcherServlet with name 'appServlet': assuming HandlerAdapter completed request handling
05-23-2017 00:08:33.701,DEBUG,1B857E9236807BF15FFD252847958530,Successfully completed request
05-23-2017 00:08:33.701,DEBUG,1B857E9236807BF15FFD252847958530,Chain processed normally
05-23-2017 00:08:33.701,DEBUG,1B857E9236807BF15FFD252847958530,SecurityContextHolder now cleared, as request processing completed
