05-23-2017 07:55:04.438,DEBUG,9B87A626F51E18E36AA0B64592BAAE6F,/0089/insertData at position 1 of 11 in additional filter chain; firing Filter: 'SecurityContextPersistenceFilter'
05-23-2017 07:55:04.438,DEBUG,9B87A626F51E18E36AA0B64592BAAE6F,No HttpSession currently exists
05-23-2017 07:55:04.439,DEBUG,9B87A626F51E18E36AA0B64592BAAE6F,No SecurityContext was available from the HttpSession: null. A new one will be created.
05-23-2017 07:55:04.439,DEBUG,9B87A626F51E18E36AA0B64592BAAE6F,/0089/insertData at position 2 of 11 in additional filter chain; firing Filter: 'WebAsyncManagerIntegrationFilter'
05-23-2017 07:55:04.439,DEBUG,9B87A626F51E18E36AA0B64592BAAE6F,/0089/insertData at position 3 of 11 in additional filter chain; firing Filter: 'LogoutFilter'
05-23-2017 07:55:04.439,DEBUG,9B87A626F51E18E36AA0B64592BAAE6F,/0089/insertData at position 4 of 11 in additional filter chain; firing Filter: 'UsernamePasswordAuthenticationFilter'
05-23-2017 07:55:04.439,DEBUG,9B87A626F51E18E36AA0B64592BAAE6F,/0089/insertData at position 5 of 11 in additional filter chain; firing Filter: 'BasicAuthenticationFilter'
05-23-2017 07:55:04.439,DEBUG,9B87A626F51E18E36AA0B64592BAAE6F,/0089/insertData at position 6 of 11 in additional filter chain; firing Filter: 'RequestCacheAwareFilter'
05-23-2017 07:55:04.439,DEBUG,9B87A626F51E18E36AA0B64592BAAE6F,/0089/insertData at position 7 of 11 in additional filter chain; firing Filter: 'SecurityContextHolderAwareRequestFilter'
05-23-2017 07:55:04.439,DEBUG,9B87A626F51E18E36AA0B64592BAAE6F,/0089/insertData at position 8 of 11 in additional filter chain; firing Filter: 'AnonymousAuthenticationFilter'
05-23-2017 07:55:04.439,DEBUG,9B87A626F51E18E36AA0B64592BAAE6F,Populated SecurityContextHolder with anonymous token: 'org.springframework.security.authentication.AnonymousAuthenticationToken@9055c2bc: Principal: anonymousUser; Credentials: [PROTECTED]; Authenticated: true; Details: org.springframework.security.web.authentication.WebAuthenticationDetails@b364: RemoteIpAddress: 0:0:0:0:0:0:0:1; SessionId: null; Granted Authorities: ROLE_ANONYMOUS'
05-23-2017 07:55:04.439,DEBUG,9B87A626F51E18E36AA0B64592BAAE6F,/0089/insertData at position 9 of 11 in additional filter chain; firing Filter: 'SessionManagementFilter'
05-23-2017 07:55:04.439,DEBUG,9B87A626F51E18E36AA0B64592BAAE6F,Requested session ID E2482A2C1906DAC72CF6CB939B4F931E is invalid.
05-23-2017 07:55:04.439,DEBUG,9B87A626F51E18E36AA0B64592BAAE6F,/0089/insertData at position 10 of 11 in additional filter chain; firing Filter: 'ExceptionTranslationFilter'
05-23-2017 07:55:04.439,DEBUG,9B87A626F51E18E36AA0B64592BAAE6F,/0089/insertData at position 11 of 11 in additional filter chain; firing Filter: 'FilterSecurityInterceptor'
05-23-2017 07:55:04.439,DEBUG,9B87A626F51E18E36AA0B64592BAAE6F,Checking match of request : '/0089/insertdata'; against '/autherror*'
05-23-2017 07:55:04.439,DEBUG,9B87A626F51E18E36AA0B64592BAAE6F,Checking match of request : '/0089/insertdata'; against '/login/**'
05-23-2017 07:55:04.439,DEBUG,9B87A626F51E18E36AA0B64592BAAE6F,Checking match of request : '/0089/insertdata'; against '/error/**'
05-23-2017 07:55:04.439,DEBUG,9B87A626F51E18E36AA0B64592BAAE6F,Checking match of request : '/0089/insertdata'; against '/0001/**'
05-23-2017 07:55:04.439,DEBUG,9B87A626F51E18E36AA0B64592BAAE6F,Checking match of request : '/0089/insertdata'; against '/0002/**'
05-23-2017 07:55:04.439,DEBUG,9B87A626F51E18E36AA0B64592BAAE6F,Checking match of request : '/0089/insertdata'; against '/0003/**'
05-23-2017 07:55:04.439,DEBUG,9B87A626F51E18E36AA0B64592BAAE6F,Checking match of request : '/0089/insertdata'; against '/0005/**'
05-23-2017 07:55:04.439,DEBUG,9B87A626F51E18E36AA0B64592BAAE6F,Checking match of request : '/0089/insertdata'; against '/0007/**'
05-23-2017 07:55:04.439,DEBUG,9B87A626F51E18E36AA0B64592BAAE6F,Checking match of request : '/0089/insertdata'; against '/0009/**'
05-23-2017 07:55:04.439,DEBUG,9B87A626F51E18E36AA0B64592BAAE6F,Checking match of request : '/0089/insertdata'; against '/0013/**'
05-23-2017 07:55:04.439,DEBUG,9B87A626F51E18E36AA0B64592BAAE6F,Checking match of request : '/0089/insertdata'; against '/0023/**'
05-23-2017 07:55:04.440,DEBUG,9B87A626F51E18E36AA0B64592BAAE6F,Checking match of request : '/0089/insertdata'; against '/0017/**'
05-23-2017 07:55:04.440,DEBUG,9B87A626F51E18E36AA0B64592BAAE6F,Checking match of request : '/0089/insertdata'; against '/0031/**'
05-23-2017 07:55:04.440,DEBUG,9B87A626F51E18E36AA0B64592BAAE6F,Checking match of request : '/0089/insertdata'; against '/0035/**'
05-23-2017 07:55:04.440,DEBUG,9B87A626F51E18E36AA0B64592BAAE6F,Checking match of request : '/0089/insertdata'; against '/0037/**'
05-23-2017 07:55:04.440,DEBUG,9B87A626F51E18E36AA0B64592BAAE6F,Checking match of request : '/0089/insertdata'; against '/0045/**'
05-23-2017 07:55:04.440,DEBUG,9B87A626F51E18E36AA0B64592BAAE6F,Checking match of request : '/0089/insertdata'; against '/0047/**'
05-23-2017 07:55:04.440,DEBUG,9B87A626F51E18E36AA0B64592BAAE6F,Checking match of request : '/0089/insertdata'; against '/0049/**'
05-23-2017 07:55:04.440,DEBUG,9B87A626F51E18E36AA0B64592BAAE6F,Checking match of request : '/0089/insertdata'; against '/0061/**'
05-23-2017 07:55:04.440,DEBUG,9B87A626F51E18E36AA0B64592BAAE6F,Checking match of request : '/0089/insertdata'; against '/0087/**'
05-23-2017 07:55:04.440,DEBUG,9B87A626F51E18E36AA0B64592BAAE6F,Checking match of request : '/0089/insertdata'; against '/0075/**'
05-23-2017 07:55:04.440,DEBUG,9B87A626F51E18E36AA0B64592BAAE6F,Checking match of request : '/0089/insertdata'; against '/0089/**'
05-23-2017 07:55:04.440,DEBUG,9B87A626F51E18E36AA0B64592BAAE6F,Secure object: FilterInvocation: URL: /0089/insertData; Attributes: [ROLE_ADMIN, ROLE_USER, IS_AUTHENTICATED_FULLY]
05-23-2017 07:55:04.440,DEBUG,9B87A626F51E18E36AA0B64592BAAE6F,Previously Authenticated: org.springframework.security.authentication.AnonymousAuthenticationToken@9055c2bc: Principal: anonymousUser; Credentials: [PROTECTED]; Authenticated: true; Details: org.springframework.security.web.authentication.WebAuthenticationDetails@b364: RemoteIpAddress: 0:0:0:0:0:0:0:1; SessionId: null; Granted Authorities: ROLE_ANONYMOUS
05-23-2017 07:55:04.440,DEBUG,9B87A626F51E18E36AA0B64592BAAE6F,Voter: org.springframework.security.access.vote.RoleVoter@1ac872d, returned: -1
05-23-2017 07:55:04.440,DEBUG,9B87A626F51E18E36AA0B64592BAAE6F,Voter: org.springframework.security.access.vote.AuthenticatedVoter@b1927d, returned: -1
05-23-2017 07:55:04.440,DEBUG,9B87A626F51E18E36AA0B64592BAAE6F,Access is denied (user is anonymous); redirecting to authentication entry point
05-23-2017 07:55:04.441,DEBUG,9B87A626F51E18E36AA0B64592BAAE6F,DefaultSavedRequest added to Session: DefaultSavedRequest[http://localhost:8080/ict/0089/insertData]
05-23-2017 07:55:04.441,DEBUG,9B87A626F51E18E36AA0B64592BAAE6F,Calling Authentication entry point.
05-23-2017 07:55:04.441,DEBUG,9B87A626F51E18E36AA0B64592BAAE6F,Redirecting to 'http://localhost:8080/ict/'
05-23-2017 07:55:04.441,DEBUG,9B87A626F51E18E36AA0B64592BAAE6F,SecurityContext is empty or contents are anonymous - context will not be stored in HttpSession.
05-23-2017 07:55:04.441,DEBUG,9B87A626F51E18E36AA0B64592BAAE6F,SecurityContextHolder now cleared, as request processing completed
05-23-2017 07:55:04.443,DEBUG,2B79BABAE761FEABFE1E4F10DB196BA5,/ at position 1 of 11 in additional filter chain; firing Filter: 'SecurityContextPersistenceFilter'
05-23-2017 07:55:04.443,DEBUG,2B79BABAE761FEABFE1E4F10DB196BA5,HttpSession returned null object for SPRING_SECURITY_CONTEXT
05-23-2017 07:55:04.443,DEBUG,2B79BABAE761FEABFE1E4F10DB196BA5,No SecurityContext was available from the HttpSession: org.apache.catalina.session.StandardSessionFacade@9d804d. A new one will be created.
05-23-2017 07:55:04.443,DEBUG,2B79BABAE761FEABFE1E4F10DB196BA5,/ at position 2 of 11 in additional filter chain; firing Filter: 'WebAsyncManagerIntegrationFilter'
05-23-2017 07:55:04.443,DEBUG,2B79BABAE761FEABFE1E4F10DB196BA5,/ at position 3 of 11 in additional filter chain; firing Filter: 'LogoutFilter'
05-23-2017 07:55:04.443,DEBUG,2B79BABAE761FEABFE1E4F10DB196BA5,/ at position 4 of 11 in additional filter chain; firing Filter: 'UsernamePasswordAuthenticationFilter'
05-23-2017 07:55:04.443,DEBUG,2B79BABAE761FEABFE1E4F10DB196BA5,/ at position 5 of 11 in additional filter chain; firing Filter: 'BasicAuthenticationFilter'
05-23-2017 07:55:04.443,DEBUG,2B79BABAE761FEABFE1E4F10DB196BA5,/ at position 6 of 11 in additional filter chain; firing Filter: 'RequestCacheAwareFilter'
05-23-2017 07:55:04.443,DEBUG,2B79BABAE761FEABFE1E4F10DB196BA5,pathInfo: both null (property equals)
05-23-2017 07:55:04.443,DEBUG,2B79BABAE761FEABFE1E4F10DB196BA5,queryString: both null (property equals)
05-23-2017 07:55:04.443,DEBUG,2B79BABAE761FEABFE1E4F10DB196BA5,requestURI: arg1=/ict/0089/insertData; arg2=/ict/ (property not equals)
05-23-2017 07:55:04.443,DEBUG,2B79BABAE761FEABFE1E4F10DB196BA5,saved request doesn't match
05-23-2017 07:55:04.443,DEBUG,2B79BABAE761FEABFE1E4F10DB196BA5,/ at position 7 of 11 in additional filter chain; firing Filter: 'SecurityContextHolderAwareRequestFilter'
05-23-2017 07:55:04.443,DEBUG,2B79BABAE761FEABFE1E4F10DB196BA5,/ at position 8 of 11 in additional filter chain; firing Filter: 'AnonymousAuthenticationFilter'
05-23-2017 07:55:04.444,DEBUG,2B79BABAE761FEABFE1E4F10DB196BA5,Populated SecurityContextHolder with anonymous token: 'org.springframework.security.authentication.AnonymousAuthenticationToken@9056f12c: Principal: anonymousUser; Credentials: [PROTECTED]; Authenticated: true; Details: org.springframework.security.web.authentication.WebAuthenticationDetails@380f4: RemoteIpAddress: 0:0:0:0:0:0:0:1; SessionId: FB1FBE8EFF2E5AC6A420A867271BBE33; Granted Authorities: ROLE_ANONYMOUS'
05-23-2017 07:55:04.444,DEBUG,2B79BABAE761FEABFE1E4F10DB196BA5,/ at position 9 of 11 in additional filter chain; firing Filter: 'SessionManagementFilter'
05-23-2017 07:55:04.444,DEBUG,2B79BABAE761FEABFE1E4F10DB196BA5,/ at position 10 of 11 in additional filter chain; firing Filter: 'ExceptionTranslationFilter'
05-23-2017 07:55:04.444,DEBUG,2B79BABAE761FEABFE1E4F10DB196BA5,/ at position 11 of 11 in additional filter chain; firing Filter: 'FilterSecurityInterceptor'
05-23-2017 07:55:04.444,DEBUG,2B79BABAE761FEABFE1E4F10DB196BA5,Checking match of request : '/'; against '/autherror*'
05-23-2017 07:55:04.444,DEBUG,2B79BABAE761FEABFE1E4F10DB196BA5,Checking match of request : '/'; against '/login/**'
05-23-2017 07:55:04.444,DEBUG,2B79BABAE761FEABFE1E4F10DB196BA5,Checking match of request : '/'; against '/error/**'
05-23-2017 07:55:04.444,DEBUG,2B79BABAE761FEABFE1E4F10DB196BA5,Checking match of request : '/'; against '/0001/**'
05-23-2017 07:55:04.444,DEBUG,2B79BABAE761FEABFE1E4F10DB196BA5,Checking match of request : '/'; against '/0002/**'
05-23-2017 07:55:04.444,DEBUG,2B79BABAE761FEABFE1E4F10DB196BA5,Checking match of request : '/'; against '/0003/**'
05-23-2017 07:55:04.444,DEBUG,2B79BABAE761FEABFE1E4F10DB196BA5,Checking match of request : '/'; against '/0005/**'
05-23-2017 07:55:04.444,DEBUG,2B79BABAE761FEABFE1E4F10DB196BA5,Checking match of request : '/'; against '/0007/**'
05-23-2017 07:55:04.444,DEBUG,2B79BABAE761FEABFE1E4F10DB196BA5,Checking match of request : '/'; against '/0009/**'
05-23-2017 07:55:04.444,DEBUG,2B79BABAE761FEABFE1E4F10DB196BA5,Checking match of request : '/'; against '/0013/**'
05-23-2017 07:55:04.444,DEBUG,2B79BABAE761FEABFE1E4F10DB196BA5,Checking match of request : '/'; against '/0023/**'
05-23-2017 07:55:04.444,DEBUG,2B79BABAE761FEABFE1E4F10DB196BA5,Checking match of request : '/'; against '/0017/**'
05-23-2017 07:55:04.444,DEBUG,2B79BABAE761FEABFE1E4F10DB196BA5,Checking match of request : '/'; against '/0031/**'
05-23-2017 07:55:04.444,DEBUG,2B79BABAE761FEABFE1E4F10DB196BA5,Checking match of request : '/'; against '/0035/**'
05-23-2017 07:55:04.444,DEBUG,2B79BABAE761FEABFE1E4F10DB196BA5,Checking match of request : '/'; against '/0037/**'
05-23-2017 07:55:04.444,DEBUG,2B79BABAE761FEABFE1E4F10DB196BA5,Checking match of request : '/'; against '/0045/**'
05-23-2017 07:55:04.444,DEBUG,2B79BABAE761FEABFE1E4F10DB196BA5,Checking match of request : '/'; against '/0047/**'
05-23-2017 07:55:04.444,DEBUG,2B79BABAE761FEABFE1E4F10DB196BA5,Checking match of request : '/'; against '/0049/**'
05-23-2017 07:55:04.444,DEBUG,2B79BABAE761FEABFE1E4F10DB196BA5,Checking match of request : '/'; against '/0061/**'
05-23-2017 07:55:04.444,DEBUG,2B79BABAE761FEABFE1E4F10DB196BA5,Checking match of request : '/'; against '/0087/**'
05-23-2017 07:55:04.444,DEBUG,2B79BABAE761FEABFE1E4F10DB196BA5,Checking match of request : '/'; against '/0075/**'
05-23-2017 07:55:04.444,DEBUG,2B79BABAE761FEABFE1E4F10DB196BA5,Checking match of request : '/'; against '/0089/**'
05-23-2017 07:55:04.444,DEBUG,2B79BABAE761FEABFE1E4F10DB196BA5,Checking match of request : '/'; against '/0090/**'
05-23-2017 07:55:04.444,DEBUG,2B79BABAE761FEABFE1E4F10DB196BA5,Checking match of request : '/'; against '/0091/**'
05-23-2017 07:55:04.444,DEBUG,2B79BABAE761FEABFE1E4F10DB196BA5,Checking match of request : '/'; against '/0092/**'
05-23-2017 07:55:04.444,DEBUG,2B79BABAE761FEABFE1E4F10DB196BA5,Checking match of request : '/'; against '/0095/**'
05-23-2017 07:55:04.444,DEBUG,2B79BABAE761FEABFE1E4F10DB196BA5,Secure object: FilterInvocation: URL: /; Attributes: [IS_AUTHENTICATED_ANONYMOUSLY]
05-23-2017 07:55:04.444,DEBUG,2B79BABAE761FEABFE1E4F10DB196BA5,Previously Authenticated: org.springframework.security.authentication.AnonymousAuthenticationToken@9056f12c: Principal: anonymousUser; Credentials: [PROTECTED]; Authenticated: true; Details: org.springframework.security.web.authentication.WebAuthenticationDetails@380f4: RemoteIpAddress: 0:0:0:0:0:0:0:1; SessionId: FB1FBE8EFF2E5AC6A420A867271BBE33; Granted Authorities: ROLE_ANONYMOUS
05-23-2017 07:55:04.444,DEBUG,2B79BABAE761FEABFE1E4F10DB196BA5,Voter: org.springframework.security.access.vote.RoleVoter@1ac872d, returned: 0
05-23-2017 07:55:04.444,DEBUG,2B79BABAE761FEABFE1E4F10DB196BA5,Voter: org.springframework.security.access.vote.AuthenticatedVoter@b1927d, returned: 1
05-23-2017 07:55:04.444,DEBUG,2B79BABAE761FEABFE1E4F10DB196BA5,Authorization successful
05-23-2017 07:55:04.444,DEBUG,2B79BABAE761FEABFE1E4F10DB196BA5,RunAsManager did not change Authentication object
05-23-2017 07:55:04.444,DEBUG,2B79BABAE761FEABFE1E4F10DB196BA5,/ reached end of additional filter chain; proceeding with original chain
05-23-2017 07:55:04.444,DEBUG,2B79BABAE761FEABFE1E4F10DB196BA5,Request [/ict/] is not a multipart request
05-23-2017 07:55:04.445,DEBUG,FB1FBE8EFF2E5AC6A420A867271BBE33,DispatcherServlet with name 'appServlet' processing GET request for [/ict/]
05-23-2017 07:55:04.445,DEBUG,FB1FBE8EFF2E5AC6A420A867271BBE33,Looking up handler method for path /
05-23-2017 07:55:04.445,DEBUG,FB1FBE8EFF2E5AC6A420A867271BBE33,Returning handler method [public java.lang.String vn.bananavietnam.ict.common.controller.AuthController.login()]
05-23-2017 07:55:04.445,DEBUG,FB1FBE8EFF2E5AC6A420A867271BBE33,Returning cached instance of singleton bean 'authController'
05-23-2017 07:55:04.445,DEBUG,FB1FBE8EFF2E5AC6A420A867271BBE33,Last-Modified value for [/ict/] is: -1
05-23-2017 07:55:04.445,DEBUG,FB1FBE8EFF2E5AC6A420A867271BBE33,Returning cached instance of singleton bean 'xml_path'
05-23-2017 07:55:04.445,DEBUG,FB1FBE8EFF2E5AC6A420A867271BBE33,Rendering view [org.springframework.web.servlet.view.JstlView: name 'common/PageWrapper'; URL [/WEB-INF/views/common/PageWrapper.jsp]] in DispatcherServlet with name 'appServlet'
05-23-2017 07:55:04.445,DEBUG,FB1FBE8EFF2E5AC6A420A867271BBE33,Forwarding to resource [/WEB-INF/views/common/PageWrapper.jsp] in InternalResourceView 'common/PageWrapper'
05-23-2017 07:55:04.445,DEBUG,FB1FBE8EFF2E5AC6A420A867271BBE33,SecurityContext is empty or contents are anonymous - context will not be stored in HttpSession.
05-23-2017 07:55:04.445,DEBUG,FB1FBE8EFF2E5AC6A420A867271BBE33,Successfully completed request
05-23-2017 07:55:04.446,DEBUG,FB1FBE8EFF2E5AC6A420A867271BBE33,Chain processed normally
05-23-2017 07:55:04.446,DEBUG,FB1FBE8EFF2E5AC6A420A867271BBE33,SecurityContextHolder now cleared, as request processing completed
05-23-2017 07:55:04.452,DEBUG,D30C04D508179935F3DE99C330F6B7FE,/login at position 1 of 11 in additional filter chain; firing Filter: 'SecurityContextPersistenceFilter'
05-23-2017 07:55:04.452,DEBUG,D30C04D508179935F3DE99C330F6B7FE,HttpSession returned null object for SPRING_SECURITY_CONTEXT
05-23-2017 07:55:04.452,DEBUG,D30C04D508179935F3DE99C330F6B7FE,No SecurityContext was available from the HttpSession: org.apache.catalina.session.StandardSessionFacade@9d804d. A new one will be created.
05-23-2017 07:55:04.453,DEBUG,D30C04D508179935F3DE99C330F6B7FE,/login at position 2 of 11 in additional filter chain; firing Filter: 'WebAsyncManagerIntegrationFilter'
05-23-2017 07:55:04.453,DEBUG,D30C04D508179935F3DE99C330F6B7FE,/login at position 3 of 11 in additional filter chain; firing Filter: 'LogoutFilter'
05-23-2017 07:55:04.453,DEBUG,D30C04D508179935F3DE99C330F6B7FE,Logging out user 'null' and transferring to logout destination
05-23-2017 07:55:04.453,DEBUG,D30C04D508179935F3DE99C330F6B7FE,Invalidating session: FB1FBE8EFF2E5AC6A420A867271BBE33
05-23-2017 07:55:04.453,DEBUG,D30C04D508179935F3DE99C330F6B7FE,Using default Url: /
05-23-2017 07:55:04.453,DEBUG,D30C04D508179935F3DE99C330F6B7FE,Redirecting to '/ict/'
05-23-2017 07:55:04.453,DEBUG,D30C04D508179935F3DE99C330F6B7FE,SecurityContext is empty or contents are anonymous - context will not be stored in HttpSession.
05-23-2017 07:55:04.453,DEBUG,D30C04D508179935F3DE99C330F6B7FE,SecurityContextHolder now cleared, as request processing completed
05-23-2017 07:55:04.463,DEBUG,2B79BABAE761FEABFE1E4F10DB196BA5,/ at position 1 of 11 in additional filter chain; firing Filter: 'SecurityContextPersistenceFilter'
05-23-2017 07:55:04.463,DEBUG,2B79BABAE761FEABFE1E4F10DB196BA5,No HttpSession currently exists
05-23-2017 07:55:04.463,DEBUG,2B79BABAE761FEABFE1E4F10DB196BA5,No SecurityContext was available from the HttpSession: null. A new one will be created.
05-23-2017 07:55:04.463,DEBUG,2B79BABAE761FEABFE1E4F10DB196BA5,/ at position 2 of 11 in additional filter chain; firing Filter: 'WebAsyncManagerIntegrationFilter'
05-23-2017 07:55:04.463,DEBUG,2B79BABAE761FEABFE1E4F10DB196BA5,/ at position 3 of 11 in additional filter chain; firing Filter: 'LogoutFilter'
05-23-2017 07:55:04.463,DEBUG,2B79BABAE761FEABFE1E4F10DB196BA5,/ at position 4 of 11 in additional filter chain; firing Filter: 'UsernamePasswordAuthenticationFilter'
05-23-2017 07:55:04.463,DEBUG,2B79BABAE761FEABFE1E4F10DB196BA5,/ at position 5 of 11 in additional filter chain; firing Filter: 'BasicAuthenticationFilter'
05-23-2017 07:55:04.463,DEBUG,2B79BABAE761FEABFE1E4F10DB196BA5,/ at position 6 of 11 in additional filter chain; firing Filter: 'RequestCacheAwareFilter'
05-23-2017 07:55:04.463,DEBUG,2B79BABAE761FEABFE1E4F10DB196BA5,/ at position 7 of 11 in additional filter chain; firing Filter: 'SecurityContextHolderAwareRequestFilter'
05-23-2017 07:55:04.463,DEBUG,2B79BABAE761FEABFE1E4F10DB196BA5,/ at position 8 of 11 in additional filter chain; firing Filter: 'AnonymousAuthenticationFilter'
05-23-2017 07:55:04.463,DEBUG,2B79BABAE761FEABFE1E4F10DB196BA5,Populated SecurityContextHolder with anonymous token: 'org.springframework.security.authentication.AnonymousAuthenticationToken@9055c2bc: Principal: anonymousUser; Credentials: [PROTECTED]; Authenticated: true; Details: org.springframework.security.web.authentication.WebAuthenticationDetails@b364: RemoteIpAddress: 0:0:0:0:0:0:0:1; SessionId: null; Granted Authorities: ROLE_ANONYMOUS'
05-23-2017 07:55:04.463,DEBUG,2B79BABAE761FEABFE1E4F10DB196BA5,/ at position 9 of 11 in additional filter chain; firing Filter: 'SessionManagementFilter'
05-23-2017 07:55:04.463,DEBUG,2B79BABAE761FEABFE1E4F10DB196BA5,Requested session ID FB1FBE8EFF2E5AC6A420A867271BBE33 is invalid.
05-23-2017 07:55:04.464,DEBUG,2B79BABAE761FEABFE1E4F10DB196BA5,/ at position 10 of 11 in additional filter chain; firing Filter: 'ExceptionTranslationFilter'
05-23-2017 07:55:04.464,DEBUG,2B79BABAE761FEABFE1E4F10DB196BA5,/ at position 11 of 11 in additional filter chain; firing Filter: 'FilterSecurityInterceptor'
05-23-2017 07:55:04.464,DEBUG,2B79BABAE761FEABFE1E4F10DB196BA5,Checking match of request : '/'; against '/autherror*'
05-23-2017 07:55:04.464,DEBUG,2B79BABAE761FEABFE1E4F10DB196BA5,Checking match of request : '/'; against '/login/**'
05-23-2017 07:55:04.464,DEBUG,2B79BABAE761FEABFE1E4F10DB196BA5,Checking match of request : '/'; against '/error/**'
05-23-2017 07:55:04.464,DEBUG,2B79BABAE761FEABFE1E4F10DB196BA5,Checking match of request : '/'; against '/0001/**'
05-23-2017 07:55:04.464,DEBUG,2B79BABAE761FEABFE1E4F10DB196BA5,Checking match of request : '/'; against '/0002/**'
05-23-2017 07:55:04.464,DEBUG,2B79BABAE761FEABFE1E4F10DB196BA5,Checking match of request : '/'; against '/0003/**'
05-23-2017 07:55:04.464,DEBUG,2B79BABAE761FEABFE1E4F10DB196BA5,Checking match of request : '/'; against '/0005/**'
05-23-2017 07:55:04.464,DEBUG,2B79BABAE761FEABFE1E4F10DB196BA5,Checking match of request : '/'; against '/0007/**'
05-23-2017 07:55:04.464,DEBUG,2B79BABAE761FEABFE1E4F10DB196BA5,Checking match of request : '/'; against '/0009/**'
05-23-2017 07:55:04.464,DEBUG,2B79BABAE761FEABFE1E4F10DB196BA5,Checking match of request : '/'; against '/0013/**'
05-23-2017 07:55:04.464,DEBUG,2B79BABAE761FEABFE1E4F10DB196BA5,Checking match of request : '/'; against '/0023/**'
05-23-2017 07:55:04.464,DEBUG,2B79BABAE761FEABFE1E4F10DB196BA5,Checking match of request : '/'; against '/0017/**'
05-23-2017 07:55:04.464,DEBUG,2B79BABAE761FEABFE1E4F10DB196BA5,Checking match of request : '/'; against '/0031/**'
05-23-2017 07:55:04.464,DEBUG,2B79BABAE761FEABFE1E4F10DB196BA5,Checking match of request : '/'; against '/0035/**'
05-23-2017 07:55:04.464,DEBUG,2B79BABAE761FEABFE1E4F10DB196BA5,Checking match of request : '/'; against '/0037/**'
05-23-2017 07:55:04.464,DEBUG,2B79BABAE761FEABFE1E4F10DB196BA5,Checking match of request : '/'; against '/0045/**'
05-23-2017 07:55:04.464,DEBUG,2B79BABAE761FEABFE1E4F10DB196BA5,Checking match of request : '/'; against '/0047/**'
05-23-2017 07:55:04.464,DEBUG,2B79BABAE761FEABFE1E4F10DB196BA5,Checking match of request : '/'; against '/0049/**'
05-23-2017 07:55:04.464,DEBUG,2B79BABAE761FEABFE1E4F10DB196BA5,Checking match of request : '/'; against '/0061/**'
05-23-2017 07:55:04.464,DEBUG,2B79BABAE761FEABFE1E4F10DB196BA5,Checking match of request : '/'; against '/0087/**'
05-23-2017 07:55:04.464,DEBUG,2B79BABAE761FEABFE1E4F10DB196BA5,Checking match of request : '/'; against '/0075/**'
05-23-2017 07:55:04.464,DEBUG,2B79BABAE761FEABFE1E4F10DB196BA5,Checking match of request : '/'; against '/0089/**'
05-23-2017 07:55:04.464,DEBUG,2B79BABAE761FEABFE1E4F10DB196BA5,Checking match of request : '/'; against '/0090/**'
05-23-2017 07:55:04.464,DEBUG,2B79BABAE761FEABFE1E4F10DB196BA5,Checking match of request : '/'; against '/0091/**'
05-23-2017 07:55:04.464,DEBUG,2B79BABAE761FEABFE1E4F10DB196BA5,Checking match of request : '/'; against '/0092/**'
05-23-2017 07:55:04.464,DEBUG,2B79BABAE761FEABFE1E4F10DB196BA5,Checking match of request : '/'; against '/0095/**'
05-23-2017 07:55:04.464,DEBUG,2B79BABAE761FEABFE1E4F10DB196BA5,Secure object: FilterInvocation: URL: /; Attributes: [IS_AUTHENTICATED_ANONYMOUSLY]
05-23-2017 07:55:04.464,DEBUG,2B79BABAE761FEABFE1E4F10DB196BA5,Previously Authenticated: org.springframework.security.authentication.AnonymousAuthenticationToken@9055c2bc: Principal: anonymousUser; Credentials: [PROTECTED]; Authenticated: true; Details: org.springframework.security.web.authentication.WebAuthenticationDetails@b364: RemoteIpAddress: 0:0:0:0:0:0:0:1; SessionId: null; Granted Authorities: ROLE_ANONYMOUS
05-23-2017 07:55:04.464,DEBUG,2B79BABAE761FEABFE1E4F10DB196BA5,Voter: org.springframework.security.access.vote.RoleVoter@1ac872d, returned: 0
05-23-2017 07:55:04.464,DEBUG,2B79BABAE761FEABFE1E4F10DB196BA5,Voter: org.springframework.security.access.vote.AuthenticatedVoter@b1927d, returned: 1
05-23-2017 07:55:04.464,DEBUG,2B79BABAE761FEABFE1E4F10DB196BA5,Authorization successful
05-23-2017 07:55:04.464,DEBUG,2B79BABAE761FEABFE1E4F10DB196BA5,RunAsManager did not change Authentication object
05-23-2017 07:55:04.464,DEBUG,2B79BABAE761FEABFE1E4F10DB196BA5,/ reached end of additional filter chain; proceeding with original chain
05-23-2017 07:55:04.464,DEBUG,2B79BABAE761FEABFE1E4F10DB196BA5,Request [/ict/] is not a multipart request
05-23-2017 07:55:04.464,DEBUG,E1B5B6911E37485198DD1AD21805CE02,DispatcherServlet with name 'appServlet' processing GET request for [/ict/]
05-23-2017 07:55:04.464,DEBUG,E1B5B6911E37485198DD1AD21805CE02,Looking up handler method for path /
05-23-2017 07:55:04.464,DEBUG,E1B5B6911E37485198DD1AD21805CE02,Returning handler method [public java.lang.String vn.bananavietnam.ict.common.controller.AuthController.login()]
05-23-2017 07:55:04.464,DEBUG,E1B5B6911E37485198DD1AD21805CE02,Returning cached instance of singleton bean 'authController'
05-23-2017 07:55:04.464,DEBUG,E1B5B6911E37485198DD1AD21805CE02,Last-Modified value for [/ict/] is: -1
05-23-2017 07:55:04.465,DEBUG,E1B5B6911E37485198DD1AD21805CE02,Returning cached instance of singleton bean 'xml_path'
05-23-2017 07:55:04.465,DEBUG,E1B5B6911E37485198DD1AD21805CE02,Rendering view [org.springframework.web.servlet.view.JstlView: name 'common/PageWrapper'; URL [/WEB-INF/views/common/PageWrapper.jsp]] in DispatcherServlet with name 'appServlet'
05-23-2017 07:55:04.465,DEBUG,E1B5B6911E37485198DD1AD21805CE02,Forwarding to resource [/WEB-INF/views/common/PageWrapper.jsp] in InternalResourceView 'common/PageWrapper'
05-23-2017 07:55:04.465,DEBUG,E1B5B6911E37485198DD1AD21805CE02,SecurityContext is empty or contents are anonymous - context will not be stored in HttpSession.
05-23-2017 07:55:04.465,DEBUG,E1B5B6911E37485198DD1AD21805CE02,Successfully completed request
05-23-2017 07:55:04.465,DEBUG,E1B5B6911E37485198DD1AD21805CE02,Chain processed normally
05-23-2017 07:55:04.465,DEBUG,E1B5B6911E37485198DD1AD21805CE02,SecurityContextHolder now cleared, as request processing completed
05-23-2017 07:55:04.483,DEBUG,2B79BABAE761FEABFE1E4F10DB196BA5,/login/ at position 1 of 11 in additional filter chain; firing Filter: 'SecurityContextPersistenceFilter'
05-23-2017 07:55:04.483,DEBUG,2B79BABAE761FEABFE1E4F10DB196BA5,HttpSession returned null object for SPRING_SECURITY_CONTEXT
05-23-2017 07:55:04.483,DEBUG,2B79BABAE761FEABFE1E4F10DB196BA5,No SecurityContext was available from the HttpSession: org.apache.catalina.session.StandardSessionFacade@154abf0. A new one will be created.
05-23-2017 07:55:04.483,DEBUG,2B79BABAE761FEABFE1E4F10DB196BA5,/login/ at position 2 of 11 in additional filter chain; firing Filter: 'WebAsyncManagerIntegrationFilter'
05-23-2017 07:55:04.483,DEBUG,2B79BABAE761FEABFE1E4F10DB196BA5,/login/ at position 3 of 11 in additional filter chain; firing Filter: 'LogoutFilter'
05-23-2017 07:55:04.483,DEBUG,2B79BABAE761FEABFE1E4F10DB196BA5,/login/ at position 4 of 11 in additional filter chain; firing Filter: 'UsernamePasswordAuthenticationFilter'
05-23-2017 07:55:04.483,DEBUG,2B79BABAE761FEABFE1E4F10DB196BA5,/login/ at position 5 of 11 in additional filter chain; firing Filter: 'BasicAuthenticationFilter'
05-23-2017 07:55:04.483,DEBUG,2B79BABAE761FEABFE1E4F10DB196BA5,/login/ at position 6 of 11 in additional filter chain; firing Filter: 'RequestCacheAwareFilter'
05-23-2017 07:55:04.483,DEBUG,2B79BABAE761FEABFE1E4F10DB196BA5,/login/ at position 7 of 11 in additional filter chain; firing Filter: 'SecurityContextHolderAwareRequestFilter'
05-23-2017 07:55:04.483,DEBUG,2B79BABAE761FEABFE1E4F10DB196BA5,/login/ at position 8 of 11 in additional filter chain; firing Filter: 'AnonymousAuthenticationFilter'
05-23-2017 07:55:04.483,DEBUG,2B79BABAE761FEABFE1E4F10DB196BA5,Populated SecurityContextHolder with anonymous token: 'org.springframework.security.authentication.AnonymousAuthenticationToken@90576bf4: Principal: anonymousUser; Credentials: [PROTECTED]; Authenticated: true; Details: org.springframework.security.web.authentication.WebAuthenticationDetails@21a2c: RemoteIpAddress: 0:0:0:0:0:0:0:1; SessionId: E1B5B6911E37485198DD1AD21805CE02; Granted Authorities: ROLE_ANONYMOUS'
05-23-2017 07:55:04.484,DEBUG,2B79BABAE761FEABFE1E4F10DB196BA5,/login/ at position 9 of 11 in additional filter chain; firing Filter: 'SessionManagementFilter'
05-23-2017 07:55:04.484,DEBUG,2B79BABAE761FEABFE1E4F10DB196BA5,/login/ at position 10 of 11 in additional filter chain; firing Filter: 'ExceptionTranslationFilter'
05-23-2017 07:55:04.484,DEBUG,2B79BABAE761FEABFE1E4F10DB196BA5,/login/ at position 11 of 11 in additional filter chain; firing Filter: 'FilterSecurityInterceptor'
05-23-2017 07:55:04.484,DEBUG,2B79BABAE761FEABFE1E4F10DB196BA5,Checking match of request : '/login/'; against '/autherror*'
05-23-2017 07:55:04.484,DEBUG,2B79BABAE761FEABFE1E4F10DB196BA5,Checking match of request : '/login/'; against '/login/**'
05-23-2017 07:55:04.484,DEBUG,2B79BABAE761FEABFE1E4F10DB196BA5,Secure object: FilterInvocation: URL: /login/; Attributes: [IS_AUTHENTICATED_ANONYMOUSLY]
05-23-2017 07:55:04.484,DEBUG,2B79BABAE761FEABFE1E4F10DB196BA5,Previously Authenticated: org.springframework.security.authentication.AnonymousAuthenticationToken@90576bf4: Principal: anonymousUser; Credentials: [PROTECTED]; Authenticated: true; Details: org.springframework.security.web.authentication.WebAuthenticationDetails@21a2c: RemoteIpAddress: 0:0:0:0:0:0:0:1; SessionId: E1B5B6911E37485198DD1AD21805CE02; Granted Authorities: ROLE_ANONYMOUS
05-23-2017 07:55:04.484,DEBUG,2B79BABAE761FEABFE1E4F10DB196BA5,Voter: org.springframework.security.access.vote.RoleVoter@1ac872d, returned: 0
05-23-2017 07:55:04.484,DEBUG,2B79BABAE761FEABFE1E4F10DB196BA5,Voter: org.springframework.security.access.vote.AuthenticatedVoter@b1927d, returned: 1
05-23-2017 07:55:04.484,DEBUG,2B79BABAE761FEABFE1E4F10DB196BA5,Authorization successful
05-23-2017 07:55:04.484,DEBUG,2B79BABAE761FEABFE1E4F10DB196BA5,RunAsManager did not change Authentication object
05-23-2017 07:55:04.484,DEBUG,2B79BABAE761FEABFE1E4F10DB196BA5,/login/ reached end of additional filter chain; proceeding with original chain
05-23-2017 07:55:04.484,DEBUG,2B79BABAE761FEABFE1E4F10DB196BA5,Request [/ict/login/] is not a multipart request
05-23-2017 07:55:04.484,DEBUG,E1B5B6911E37485198DD1AD21805CE02,DispatcherServlet with name 'appServlet' processing GET request for [/ict/login/]
05-23-2017 07:55:04.484,DEBUG,E1B5B6911E37485198DD1AD21805CE02,Looking up handler method for path /login/
05-23-2017 07:55:04.484,DEBUG,E1B5B6911E37485198DD1AD21805CE02,Returning handler method [public java.lang.String vn.bananavietnam.ict.common.controller.LoginController.top(java.util.Locale,org.springframework.ui.Model)]
05-23-2017 07:55:04.484,DEBUG,E1B5B6911E37485198DD1AD21805CE02,Returning cached instance of singleton bean 'loginController'
05-23-2017 07:55:04.484,DEBUG,E1B5B6911E37485198DD1AD21805CE02,Last-Modified value for [/ict/login/] is: -1
05-23-2017 07:55:04.484,DEBUG,E1B5B6911E37485198DD1AD21805CE02,Returning cached instance of singleton bean 'xml_path'
05-23-2017 07:55:04.484,DEBUG,E1B5B6911E37485198DD1AD21805CE02,Rendering view [org.springframework.web.servlet.view.JstlView: name 'common/login'; URL [/WEB-INF/views/common/login.jsp]] in DispatcherServlet with name 'appServlet'
05-23-2017 07:55:04.484,DEBUG,E1B5B6911E37485198DD1AD21805CE02,Forwarding to resource [/WEB-INF/views/common/login.jsp] in InternalResourceView 'common/login'
05-23-2017 07:55:04.486,DEBUG,E1B5B6911E37485198DD1AD21805CE02,SecurityContext is empty or contents are anonymous - context will not be stored in HttpSession.
05-23-2017 07:55:04.486,DEBUG,E1B5B6911E37485198DD1AD21805CE02,Successfully completed request
05-23-2017 07:55:04.486,DEBUG,E1B5B6911E37485198DD1AD21805CE02,Chain processed normally
05-23-2017 07:55:04.486,DEBUG,E1B5B6911E37485198DD1AD21805CE02,SecurityContextHolder now cleared, as request processing completed
05-23-2017 07:55:12.507,DEBUG,2B79BABAE761FEABFE1E4F10DB196BA5,/?language=en at position 1 of 11 in additional filter chain; firing Filter: 'SecurityContextPersistenceFilter'
05-23-2017 07:55:12.507,DEBUG,2B79BABAE761FEABFE1E4F10DB196BA5,HttpSession returned null object for SPRING_SECURITY_CONTEXT
05-23-2017 07:55:12.507,DEBUG,2B79BABAE761FEABFE1E4F10DB196BA5,No SecurityContext was available from the HttpSession: org.apache.catalina.session.StandardSessionFacade@154abf0. A new one will be created.
05-23-2017 07:55:12.507,DEBUG,2B79BABAE761FEABFE1E4F10DB196BA5,/?language=en at position 2 of 11 in additional filter chain; firing Filter: 'WebAsyncManagerIntegrationFilter'
05-23-2017 07:55:12.507,DEBUG,2B79BABAE761FEABFE1E4F10DB196BA5,/?language=en at position 3 of 11 in additional filter chain; firing Filter: 'LogoutFilter'
05-23-2017 07:55:12.507,DEBUG,2B79BABAE761FEABFE1E4F10DB196BA5,/?language=en at position 4 of 11 in additional filter chain; firing Filter: 'UsernamePasswordAuthenticationFilter'
05-23-2017 07:55:12.507,DEBUG,2B79BABAE761FEABFE1E4F10DB196BA5,/?language=en at position 5 of 11 in additional filter chain; firing Filter: 'BasicAuthenticationFilter'
05-23-2017 07:55:12.507,DEBUG,2B79BABAE761FEABFE1E4F10DB196BA5,/?language=en at position 6 of 11 in additional filter chain; firing Filter: 'RequestCacheAwareFilter'
05-23-2017 07:55:12.508,DEBUG,2B79BABAE761FEABFE1E4F10DB196BA5,/?language=en at position 7 of 11 in additional filter chain; firing Filter: 'SecurityContextHolderAwareRequestFilter'
05-23-2017 07:55:12.508,DEBUG,2B79BABAE761FEABFE1E4F10DB196BA5,/?language=en at position 8 of 11 in additional filter chain; firing Filter: 'AnonymousAuthenticationFilter'
05-23-2017 07:55:12.508,DEBUG,2B79BABAE761FEABFE1E4F10DB196BA5,Populated SecurityContextHolder with anonymous token: 'org.springframework.security.authentication.AnonymousAuthenticationToken@90576bf4: Principal: anonymousUser; Credentials: [PROTECTED]; Authenticated: true; Details: org.springframework.security.web.authentication.WebAuthenticationDetails@21a2c: RemoteIpAddress: 0:0:0:0:0:0:0:1; SessionId: E1B5B6911E37485198DD1AD21805CE02; Granted Authorities: ROLE_ANONYMOUS'
05-23-2017 07:55:12.508,DEBUG,2B79BABAE761FEABFE1E4F10DB196BA5,/?language=en at position 9 of 11 in additional filter chain; firing Filter: 'SessionManagementFilter'
05-23-2017 07:55:12.508,DEBUG,2B79BABAE761FEABFE1E4F10DB196BA5,/?language=en at position 10 of 11 in additional filter chain; firing Filter: 'ExceptionTranslationFilter'
05-23-2017 07:55:12.508,DEBUG,2B79BABAE761FEABFE1E4F10DB196BA5,/?language=en at position 11 of 11 in additional filter chain; firing Filter: 'FilterSecurityInterceptor'
05-23-2017 07:55:12.508,DEBUG,2B79BABAE761FEABFE1E4F10DB196BA5,Checking match of request : '/'; against '/autherror*'
05-23-2017 07:55:12.508,DEBUG,2B79BABAE761FEABFE1E4F10DB196BA5,Checking match of request : '/'; against '/login/**'
05-23-2017 07:55:12.508,DEBUG,2B79BABAE761FEABFE1E4F10DB196BA5,Checking match of request : '/'; against '/error/**'
05-23-2017 07:55:12.508,DEBUG,2B79BABAE761FEABFE1E4F10DB196BA5,Checking match of request : '/'; against '/0001/**'
05-23-2017 07:55:12.508,DEBUG,2B79BABAE761FEABFE1E4F10DB196BA5,Checking match of request : '/'; against '/0002/**'
05-23-2017 07:55:12.508,DEBUG,2B79BABAE761FEABFE1E4F10DB196BA5,Checking match of request : '/'; against '/0003/**'
05-23-2017 07:55:12.508,DEBUG,2B79BABAE761FEABFE1E4F10DB196BA5,Checking match of request : '/'; against '/0005/**'
05-23-2017 07:55:12.508,DEBUG,2B79BABAE761FEABFE1E4F10DB196BA5,Checking match of request : '/'; against '/0007/**'
05-23-2017 07:55:12.508,DEBUG,2B79BABAE761FEABFE1E4F10DB196BA5,Checking match of request : '/'; against '/0009/**'
05-23-2017 07:55:12.508,DEBUG,2B79BABAE761FEABFE1E4F10DB196BA5,Checking match of request : '/'; against '/0013/**'
05-23-2017 07:55:12.508,DEBUG,2B79BABAE761FEABFE1E4F10DB196BA5,Checking match of request : '/'; against '/0023/**'
05-23-2017 07:55:12.508,DEBUG,2B79BABAE761FEABFE1E4F10DB196BA5,Checking match of request : '/'; against '/0017/**'
05-23-2017 07:55:12.508,DEBUG,2B79BABAE761FEABFE1E4F10DB196BA5,Checking match of request : '/'; against '/0031/**'
05-23-2017 07:55:12.508,DEBUG,2B79BABAE761FEABFE1E4F10DB196BA5,Checking match of request : '/'; against '/0035/**'
05-23-2017 07:55:12.508,DEBUG,2B79BABAE761FEABFE1E4F10DB196BA5,Checking match of request : '/'; against '/0037/**'
05-23-2017 07:55:12.508,DEBUG,2B79BABAE761FEABFE1E4F10DB196BA5,Checking match of request : '/'; against '/0045/**'
05-23-2017 07:55:12.508,DEBUG,2B79BABAE761FEABFE1E4F10DB196BA5,Checking match of request : '/'; against '/0047/**'
05-23-2017 07:55:12.508,DEBUG,2B79BABAE761FEABFE1E4F10DB196BA5,Checking match of request : '/'; against '/0049/**'
05-23-2017 07:55:12.508,DEBUG,2B79BABAE761FEABFE1E4F10DB196BA5,Checking match of request : '/'; against '/0061/**'
05-23-2017 07:55:12.508,DEBUG,2B79BABAE761FEABFE1E4F10DB196BA5,Checking match of request : '/'; against '/0087/**'
05-23-2017 07:55:12.508,DEBUG,2B79BABAE761FEABFE1E4F10DB196BA5,Checking match of request : '/'; against '/0075/**'
05-23-2017 07:55:12.509,DEBUG,2B79BABAE761FEABFE1E4F10DB196BA5,Checking match of request : '/'; against '/0089/**'
05-23-2017 07:55:12.509,DEBUG,2B79BABAE761FEABFE1E4F10DB196BA5,Checking match of request : '/'; against '/0090/**'
05-23-2017 07:55:12.509,DEBUG,2B79BABAE761FEABFE1E4F10DB196BA5,Checking match of request : '/'; against '/0091/**'
05-23-2017 07:55:12.509,DEBUG,2B79BABAE761FEABFE1E4F10DB196BA5,Checking match of request : '/'; against '/0092/**'
05-23-2017 07:55:12.509,DEBUG,2B79BABAE761FEABFE1E4F10DB196BA5,Checking match of request : '/'; against '/0095/**'
05-23-2017 07:55:12.509,DEBUG,2B79BABAE761FEABFE1E4F10DB196BA5,Secure object: FilterInvocation: URL: /?language=en; Attributes: [IS_AUTHENTICATED_ANONYMOUSLY]
05-23-2017 07:55:12.509,DEBUG,2B79BABAE761FEABFE1E4F10DB196BA5,Previously Authenticated: org.springframework.security.authentication.AnonymousAuthenticationToken@90576bf4: Principal: anonymousUser; Credentials: [PROTECTED]; Authenticated: true; Details: org.springframework.security.web.authentication.WebAuthenticationDetails@21a2c: RemoteIpAddress: 0:0:0:0:0:0:0:1; SessionId: E1B5B6911E37485198DD1AD21805CE02; Granted Authorities: ROLE_ANONYMOUS
05-23-2017 07:55:12.509,DEBUG,2B79BABAE761FEABFE1E4F10DB196BA5,Voter: org.springframework.security.access.vote.RoleVoter@1ac872d, returned: 0
05-23-2017 07:55:12.509,DEBUG,2B79BABAE761FEABFE1E4F10DB196BA5,Voter: org.springframework.security.access.vote.AuthenticatedVoter@b1927d, returned: 1
05-23-2017 07:55:12.509,DEBUG,2B79BABAE761FEABFE1E4F10DB196BA5,Authorization successful
05-23-2017 07:55:12.509,DEBUG,2B79BABAE761FEABFE1E4F10DB196BA5,RunAsManager did not change Authentication object
05-23-2017 07:55:12.509,DEBUG,2B79BABAE761FEABFE1E4F10DB196BA5,/?language=en reached end of additional filter chain; proceeding with original chain
05-23-2017 07:55:12.509,DEBUG,2B79BABAE761FEABFE1E4F10DB196BA5,Request [/ict/] is not a multipart request
05-23-2017 07:55:12.509,DEBUG,E1B5B6911E37485198DD1AD21805CE02,DispatcherServlet with name 'appServlet' processing GET request for [/ict/]
05-23-2017 07:55:12.509,DEBUG,E1B5B6911E37485198DD1AD21805CE02,Looking up handler method for path /
05-23-2017 07:55:12.509,DEBUG,E1B5B6911E37485198DD1AD21805CE02,Returning handler method [public java.lang.String vn.bananavietnam.ict.common.controller.AuthController.login()]
05-23-2017 07:55:12.509,DEBUG,E1B5B6911E37485198DD1AD21805CE02,Returning cached instance of singleton bean 'authController'
05-23-2017 07:55:12.510,DEBUG,E1B5B6911E37485198DD1AD21805CE02,Last-Modified value for [/ict/] is: -1
05-23-2017 07:55:12.510,DEBUG,E1B5B6911E37485198DD1AD21805CE02,Returning cached instance of singleton bean 'xml_path'
05-23-2017 07:55:12.510,DEBUG,E1B5B6911E37485198DD1AD21805CE02,Rendering view [org.springframework.web.servlet.view.JstlView: name 'common/PageWrapper'; URL [/WEB-INF/views/common/PageWrapper.jsp]] in DispatcherServlet with name 'appServlet'
05-23-2017 07:55:12.510,DEBUG,E1B5B6911E37485198DD1AD21805CE02,Forwarding to resource [/WEB-INF/views/common/PageWrapper.jsp] in InternalResourceView 'common/PageWrapper'
05-23-2017 07:55:12.511,DEBUG,E1B5B6911E37485198DD1AD21805CE02,SecurityContext is empty or contents are anonymous - context will not be stored in HttpSession.
05-23-2017 07:55:12.512,DEBUG,E1B5B6911E37485198DD1AD21805CE02,Successfully completed request
05-23-2017 07:55:12.513,DEBUG,E1B5B6911E37485198DD1AD21805CE02,Chain processed normally
05-23-2017 07:55:12.513,DEBUG,E1B5B6911E37485198DD1AD21805CE02,SecurityContextHolder now cleared, as request processing completed
05-23-2017 07:55:12.545,DEBUG,E2482A2C1906DAC72CF6CB939B4F931E,/login/ at position 1 of 11 in additional filter chain; firing Filter: 'SecurityContextPersistenceFilter'
05-23-2017 07:55:12.545,DEBUG,E2482A2C1906DAC72CF6CB939B4F931E,HttpSession returned null object for SPRING_SECURITY_CONTEXT
05-23-2017 07:55:12.545,DEBUG,E2482A2C1906DAC72CF6CB939B4F931E,No SecurityContext was available from the HttpSession: org.apache.catalina.session.StandardSessionFacade@154abf0. A new one will be created.
05-23-2017 07:55:12.545,DEBUG,E2482A2C1906DAC72CF6CB939B4F931E,/login/ at position 2 of 11 in additional filter chain; firing Filter: 'WebAsyncManagerIntegrationFilter'
05-23-2017 07:55:12.545,DEBUG,E2482A2C1906DAC72CF6CB939B4F931E,/login/ at position 3 of 11 in additional filter chain; firing Filter: 'LogoutFilter'
05-23-2017 07:55:12.546,DEBUG,E2482A2C1906DAC72CF6CB939B4F931E,/login/ at position 4 of 11 in additional filter chain; firing Filter: 'UsernamePasswordAuthenticationFilter'
05-23-2017 07:55:12.546,DEBUG,E2482A2C1906DAC72CF6CB939B4F931E,/login/ at position 5 of 11 in additional filter chain; firing Filter: 'BasicAuthenticationFilter'
05-23-2017 07:55:12.546,DEBUG,E2482A2C1906DAC72CF6CB939B4F931E,/login/ at position 6 of 11 in additional filter chain; firing Filter: 'RequestCacheAwareFilter'
05-23-2017 07:55:12.546,DEBUG,E2482A2C1906DAC72CF6CB939B4F931E,/login/ at position 7 of 11 in additional filter chain; firing Filter: 'SecurityContextHolderAwareRequestFilter'
05-23-2017 07:55:12.546,DEBUG,E2482A2C1906DAC72CF6CB939B4F931E,/login/ at position 8 of 11 in additional filter chain; firing Filter: 'AnonymousAuthenticationFilter'
05-23-2017 07:55:12.546,DEBUG,E2482A2C1906DAC72CF6CB939B4F931E,Populated SecurityContextHolder with anonymous token: 'org.springframework.security.authentication.AnonymousAuthenticationToken@90576bf4: Principal: anonymousUser; Credentials: [PROTECTED]; Authenticated: true; Details: org.springframework.security.web.authentication.WebAuthenticationDetails@21a2c: RemoteIpAddress: 0:0:0:0:0:0:0:1; SessionId: E1B5B6911E37485198DD1AD21805CE02; Granted Authorities: ROLE_ANONYMOUS'
05-23-2017 07:55:12.546,DEBUG,E2482A2C1906DAC72CF6CB939B4F931E,/login/ at position 9 of 11 in additional filter chain; firing Filter: 'SessionManagementFilter'
05-23-2017 07:55:12.546,DEBUG,E2482A2C1906DAC72CF6CB939B4F931E,/login/ at position 10 of 11 in additional filter chain; firing Filter: 'ExceptionTranslationFilter'
05-23-2017 07:55:12.546,DEBUG,E2482A2C1906DAC72CF6CB939B4F931E,/login/ at position 11 of 11 in additional filter chain; firing Filter: 'FilterSecurityInterceptor'
05-23-2017 07:55:12.546,DEBUG,E2482A2C1906DAC72CF6CB939B4F931E,Checking match of request : '/login/'; against '/autherror*'
05-23-2017 07:55:12.546,DEBUG,E2482A2C1906DAC72CF6CB939B4F931E,Checking match of request : '/login/'; against '/login/**'
05-23-2017 07:55:12.546,DEBUG,E2482A2C1906DAC72CF6CB939B4F931E,Secure object: FilterInvocation: URL: /login/; Attributes: [IS_AUTHENTICATED_ANONYMOUSLY]
05-23-2017 07:55:12.546,DEBUG,E2482A2C1906DAC72CF6CB939B4F931E,Previously Authenticated: org.springframework.security.authentication.AnonymousAuthenticationToken@90576bf4: Principal: anonymousUser; Credentials: [PROTECTED]; Authenticated: true; Details: org.springframework.security.web.authentication.WebAuthenticationDetails@21a2c: RemoteIpAddress: 0:0:0:0:0:0:0:1; SessionId: E1B5B6911E37485198DD1AD21805CE02; Granted Authorities: ROLE_ANONYMOUS
05-23-2017 07:55:12.546,DEBUG,E2482A2C1906DAC72CF6CB939B4F931E,Voter: org.springframework.security.access.vote.RoleVoter@1ac872d, returned: 0
05-23-2017 07:55:12.546,DEBUG,E2482A2C1906DAC72CF6CB939B4F931E,Voter: org.springframework.security.access.vote.AuthenticatedVoter@b1927d, returned: 1
05-23-2017 07:55:12.546,DEBUG,E2482A2C1906DAC72CF6CB939B4F931E,Authorization successful
05-23-2017 07:55:12.546,DEBUG,E2482A2C1906DAC72CF6CB939B4F931E,RunAsManager did not change Authentication object
05-23-2017 07:55:12.546,DEBUG,E2482A2C1906DAC72CF6CB939B4F931E,/login/ reached end of additional filter chain; proceeding with original chain
05-23-2017 07:55:12.546,DEBUG,E2482A2C1906DAC72CF6CB939B4F931E,Request [/ict/login/] is not a multipart request
05-23-2017 07:55:12.546,DEBUG,E1B5B6911E37485198DD1AD21805CE02,DispatcherServlet with name 'appServlet' processing GET request for [/ict/login/]
05-23-2017 07:55:12.546,DEBUG,E1B5B6911E37485198DD1AD21805CE02,Looking up handler method for path /login/
05-23-2017 07:55:12.546,DEBUG,E1B5B6911E37485198DD1AD21805CE02,Returning handler method [public java.lang.String vn.bananavietnam.ict.common.controller.LoginController.top(java.util.Locale,org.springframework.ui.Model)]
05-23-2017 07:55:12.546,DEBUG,E1B5B6911E37485198DD1AD21805CE02,Returning cached instance of singleton bean 'loginController'
05-23-2017 07:55:12.546,DEBUG,E1B5B6911E37485198DD1AD21805CE02,Last-Modified value for [/ict/login/] is: -1
05-23-2017 07:55:12.546,DEBUG,E1B5B6911E37485198DD1AD21805CE02,Returning cached instance of singleton bean 'xml_path'
05-23-2017 07:55:12.547,DEBUG,E1B5B6911E37485198DD1AD21805CE02,Rendering view [org.springframework.web.servlet.view.JstlView: name 'common/login'; URL [/WEB-INF/views/common/login.jsp]] in DispatcherServlet with name 'appServlet'
05-23-2017 07:55:12.547,DEBUG,E1B5B6911E37485198DD1AD21805CE02,Forwarding to resource [/WEB-INF/views/common/login.jsp] in InternalResourceView 'common/login'
05-23-2017 07:55:12.549,DEBUG,E1B5B6911E37485198DD1AD21805CE02,SecurityContext is empty or contents are anonymous - context will not be stored in HttpSession.
05-23-2017 07:55:12.549,DEBUG,E1B5B6911E37485198DD1AD21805CE02,Successfully completed request
05-23-2017 07:55:12.549,DEBUG,E1B5B6911E37485198DD1AD21805CE02,Chain processed normally
05-23-2017 07:55:12.549,DEBUG,E1B5B6911E37485198DD1AD21805CE02,SecurityContextHolder now cleared, as request processing completed
05-23-2017 07:55:16.918,DEBUG,E2482A2C1906DAC72CF6CB939B4F931E,/j_spring_security_check at position 1 of 11 in additional filter chain; firing Filter: 'SecurityContextPersistenceFilter'
05-23-2017 07:55:16.918,DEBUG,E2482A2C1906DAC72CF6CB939B4F931E,HttpSession returned null object for SPRING_SECURITY_CONTEXT
05-23-2017 07:55:16.918,DEBUG,E2482A2C1906DAC72CF6CB939B4F931E,No SecurityContext was available from the HttpSession: org.apache.catalina.session.StandardSessionFacade@154abf0. A new one will be created.
05-23-2017 07:55:16.918,DEBUG,E2482A2C1906DAC72CF6CB939B4F931E,/j_spring_security_check at position 2 of 11 in additional filter chain; firing Filter: 'WebAsyncManagerIntegrationFilter'
05-23-2017 07:55:16.919,DEBUG,E2482A2C1906DAC72CF6CB939B4F931E,/j_spring_security_check at position 3 of 11 in additional filter chain; firing Filter: 'LogoutFilter'
05-23-2017 07:55:16.919,DEBUG,E2482A2C1906DAC72CF6CB939B4F931E,/j_spring_security_check at position 4 of 11 in additional filter chain; firing Filter: 'UsernamePasswordAuthenticationFilter'
05-23-2017 07:55:16.919,DEBUG,E2482A2C1906DAC72CF6CB939B4F931E,Request is to process authentication
05-23-2017 07:55:16.919,DEBUG,E2482A2C1906DAC72CF6CB939B4F931E,Authentication attempt using org.springframework.security.authentication.dao.DaoAuthenticationProvider
05-23-2017 07:55:16.919,DEBUG,E2482A2C1906DAC72CF6CB939B4F931E,Executing prepared SQL query
05-23-2017 07:55:16.919,DEBUG,E2482A2C1906DAC72CF6CB939B4F931E,Executing prepared SQL statement [select users_authorization.usersId as id,                users_authorization.usersName as username,                      users_authorization.usersPassword as password,                      users_authorization.usersFullName as userfullname,                      1 as enabled,                      CASE                       WHEN users_authorization.authorizationTypeId IS NULL THEN '0'                          ELSE users_authorization.authorizationTypeId                      END as roleid,                      CASE                 WHEN access.SCREEN_DISPLAY_ENABLE_FLAG IS NULL THEN '0'                 ELSE access.SCREEN_DISPLAY_ENABLE_FLAG                END as roledisplay,                      CASE                 WHEN access.ADDABLE_FLAG IS NULL THEN '0'                 ELSE access.ADDABLE_FLAG                END as roleadd,                      CASE                 WHEN access.UPDATABLE_FLAG IS NULL THEN '0'                 ELSE access.UPDATABLE_FLAG                END as roleupdate,                      CASE                 WHEN access.DELETABLE_FLAG IS NULL THEN '0'                 ELSE access.DELETABLE_FLAG                END as roledelete,                      CASE                 WHEN access.REFERENCE_FLAG IS NULL THEN '0'                 ELSE access.REFERENCE_FLAG                END as rolereference,                       access.SCREEN_ID as screenid              from (select users_manager.usersId,                 users_manager.usersName,                 users_manager.usersPassword,                 users_manager.usersFullName,                 users_manager.authorizationTypeId,                 authorization.AUTHORIZATION_TYPE_NAME authorizationTypeName,                 authorization.ACCESS_AUTHORITY_ID accessAuthorityId               from (select users.USERS_ID usersId,                  users.USERS_ID usersName,                  users.PASSWORD usersPassword,                  users.USERS_NAME usersFullName,                  manager.AUTHORIZATION_TYPE_ID authorizationTypeId                from IVB_M_USERS users                left join IVB_M_MANAGER manager                 on users.USERS_ID = manager.USERS_ID                 and manager.DELETE_FLAG = '0'                where users.USERS_ID = ?                 and users.DELETE_FLAG = '0'                ) users_manager               left join IVB_M_AUTHORIZATION authorization                on users_manager.authorizationTypeId = authorization.AUTHORIZATION_TYPE_ID                   and authorization.DELETE_FLAG = '0'                  ) users_authorization              left join IVB_M_ACCESS_AUTHORIZATION access               on users_authorization.accessAuthorityId = access.ACCESS_AUTHORITY_ID                  and access.DELETE_FLAG = '0']
05-23-2017 07:55:16.919,DEBUG,E2482A2C1906DAC72CF6CB939B4F931E,Fetching JDBC Connection from DataSource
05-23-2017 07:55:16.919,DEBUG,E2482A2C1906DAC72CF6CB939B4F931E,Creating new JDBC DriverManager Connection to [jdbc:mysql://172.16.0.175:3306/BANANA_DB_HUNG_SELENIUM?useUnicode=yes&characterEncoding=UTF-8&autoReconnect=true]
05-23-2017 07:55:16.939,DEBUG,E2482A2C1906DAC72CF6CB939B4F931E,Returning JDBC Connection to DataSource
05-23-2017 07:55:16.939,DEBUG,E2482A2C1906DAC72CF6CB939B4F931E,Executing prepared SQL query
05-23-2017 07:55:16.939,DEBUG,E2482A2C1906DAC72CF6CB939B4F931E,Executing prepared SQL statement [select distinct users.USERS_ID,                  CASE                   WHEN manager.AUTHORIZATION_TYPE_ID IS NULL THEN '0'                   ELSE manager.AUTHORIZATION_TYPE_ID                  END as AUTHORIZATION_TYPE_ID               from IVB_M_USERS users               left join IVB_M_MANAGER manager                on users.USERS_ID = manager.USERS_ID                and manager.DELETE_FLAG = '0'               where users.USERS_ID = ?                and users.DELETE_FLAG = '0']
05-23-2017 07:55:16.939,DEBUG,E2482A2C1906DAC72CF6CB939B4F931E,Fetching JDBC Connection from DataSource
05-23-2017 07:55:16.939,DEBUG,E2482A2C1906DAC72CF6CB939B4F931E,Creating new JDBC DriverManager Connection to [jdbc:mysql://172.16.0.175:3306/BANANA_DB_HUNG_SELENIUM?useUnicode=yes&characterEncoding=UTF-8&autoReconnect=true]
05-23-2017 07:55:16.959,DEBUG,E2482A2C1906DAC72CF6CB939B4F931E,Returning JDBC Connection to DataSource
05-23-2017 07:55:16.959,DEBUG,E2482A2C1906DAC72CF6CB939B4F931E,Delegating to org.springframework.security.web.authentication.session.ChangeSessionIdAuthenticationStrategy@99fddf
05-23-2017 07:55:16.959,DEBUG,E2482A2C1906DAC72CF6CB939B4F931E,Authentication success. Updating SecurityContextHolder to contain: org.springframework.security.authentication.UsernamePasswordAuthenticationToken@3b6d9dcf: Principal: vn.bananavietnam.ict.common.auth.MyUser@c4907816: Username: U0000000001; Password: [PROTECTED]; Enabled: true; AccountNonExpired: true; credentialsNonExpired: true; AccountNonLocked: true; Granted Authorities: 1; Credentials: [PROTECTED]; Authenticated: true; Details: org.springframework.security.web.authentication.WebAuthenticationDetails@21a2c: RemoteIpAddress: 0:0:0:0:0:0:0:1; SessionId: E1B5B6911E37485198DD1AD21805CE02; Granted Authorities: 1
05-23-2017 07:55:16.959,DEBUG,E2482A2C1906DAC72CF6CB939B4F931E,SecurityContext stored to HttpSession: 'org.springframework.security.core.context.SecurityContextImpl@3b6d9dcf: Authentication: org.springframework.security.authentication.UsernamePasswordAuthenticationToken@3b6d9dcf: Principal: vn.bananavietnam.ict.common.auth.MyUser@c4907816: Username: U0000000001; Password: [PROTECTED]; Enabled: true; AccountNonExpired: true; credentialsNonExpired: true; AccountNonLocked: true; Granted Authorities: 1; Credentials: [PROTECTED]; Authenticated: true; Details: org.springframework.security.web.authentication.WebAuthenticationDetails@21a2c: RemoteIpAddress: 0:0:0:0:0:0:0:1; SessionId: E1B5B6911E37485198DD1AD21805CE02; Granted Authorities: 1'
05-23-2017 07:55:16.959,DEBUG,E2482A2C1906DAC72CF6CB939B4F931E,SecurityContextHolder now cleared, as request processing completed
05-23-2017 07:55:16.969,DEBUG,E2482A2C1906DAC72CF6CB939B4F931E,/0001/ at position 1 of 11 in additional filter chain; firing Filter: 'SecurityContextPersistenceFilter'
05-23-2017 07:55:16.969,DEBUG,E2482A2C1906DAC72CF6CB939B4F931E,Obtained a valid SecurityContext from SPRING_SECURITY_CONTEXT: 'org.springframework.security.core.context.SecurityContextImpl@3b6d9dcf: Authentication: org.springframework.security.authentication.UsernamePasswordAuthenticationToken@3b6d9dcf: Principal: vn.bananavietnam.ict.common.auth.MyUser@c4907816: Username: U0000000001; Password: [PROTECTED]; Enabled: true; AccountNonExpired: true; credentialsNonExpired: true; AccountNonLocked: true; Granted Authorities: 1; Credentials: [PROTECTED]; Authenticated: true; Details: org.springframework.security.web.authentication.WebAuthenticationDetails@21a2c: RemoteIpAddress: 0:0:0:0:0:0:0:1; SessionId: E1B5B6911E37485198DD1AD21805CE02; Granted Authorities: 1'
05-23-2017 07:55:16.969,DEBUG,E2482A2C1906DAC72CF6CB939B4F931E,/0001/ at position 2 of 11 in additional filter chain; firing Filter: 'WebAsyncManagerIntegrationFilter'
05-23-2017 07:55:16.969,DEBUG,E2482A2C1906DAC72CF6CB939B4F931E,/0001/ at position 3 of 11 in additional filter chain; firing Filter: 'LogoutFilter'
05-23-2017 07:55:16.969,DEBUG,E2482A2C1906DAC72CF6CB939B4F931E,/0001/ at position 4 of 11 in additional filter chain; firing Filter: 'UsernamePasswordAuthenticationFilter'
05-23-2017 07:55:16.969,DEBUG,E2482A2C1906DAC72CF6CB939B4F931E,/0001/ at position 5 of 11 in additional filter chain; firing Filter: 'BasicAuthenticationFilter'
05-23-2017 07:55:16.969,DEBUG,E2482A2C1906DAC72CF6CB939B4F931E,/0001/ at position 6 of 11 in additional filter chain; firing Filter: 'RequestCacheAwareFilter'
05-23-2017 07:55:16.969,DEBUG,E2482A2C1906DAC72CF6CB939B4F931E,/0001/ at position 7 of 11 in additional filter chain; firing Filter: 'SecurityContextHolderAwareRequestFilter'
05-23-2017 07:55:16.969,DEBUG,E2482A2C1906DAC72CF6CB939B4F931E,/0001/ at position 8 of 11 in additional filter chain; firing Filter: 'AnonymousAuthenticationFilter'
05-23-2017 07:55:16.969,DEBUG,E2482A2C1906DAC72CF6CB939B4F931E,SecurityContextHolder not populated with anonymous token, as it already contained: 'org.springframework.security.authentication.UsernamePasswordAuthenticationToken@3b6d9dcf: Principal: vn.bananavietnam.ict.common.auth.MyUser@c4907816: Username: U0000000001; Password: [PROTECTED]; Enabled: true; AccountNonExpired: true; credentialsNonExpired: true; AccountNonLocked: true; Granted Authorities: 1; Credentials: [PROTECTED]; Authenticated: true; Details: org.springframework.security.web.authentication.WebAuthenticationDetails@21a2c: RemoteIpAddress: 0:0:0:0:0:0:0:1; SessionId: E1B5B6911E37485198DD1AD21805CE02; Granted Authorities: 1'
05-23-2017 07:55:16.969,DEBUG,E2482A2C1906DAC72CF6CB939B4F931E,/0001/ at position 9 of 11 in additional filter chain; firing Filter: 'SessionManagementFilter'
05-23-2017 07:55:16.969,DEBUG,E2482A2C1906DAC72CF6CB939B4F931E,/0001/ at position 10 of 11 in additional filter chain; firing Filter: 'ExceptionTranslationFilter'
05-23-2017 07:55:16.969,DEBUG,E2482A2C1906DAC72CF6CB939B4F931E,/0001/ at position 11 of 11 in additional filter chain; firing Filter: 'FilterSecurityInterceptor'
05-23-2017 07:55:16.969,DEBUG,E2482A2C1906DAC72CF6CB939B4F931E,Checking match of request : '/0001/'; against '/autherror*'
05-23-2017 07:55:16.969,DEBUG,E2482A2C1906DAC72CF6CB939B4F931E,Checking match of request : '/0001/'; against '/login/**'
05-23-2017 07:55:16.969,DEBUG,E2482A2C1906DAC72CF6CB939B4F931E,Checking match of request : '/0001/'; against '/error/**'
05-23-2017 07:55:16.969,DEBUG,E2482A2C1906DAC72CF6CB939B4F931E,Checking match of request : '/0001/'; against '/0001/**'
05-23-2017 07:55:16.970,DEBUG,E2482A2C1906DAC72CF6CB939B4F931E,Secure object: FilterInvocation: URL: /0001/; Attributes: [ROLE_ADMIN, ROLE_USER, IS_AUTHENTICATED_FULLY]
05-23-2017 07:55:16.970,DEBUG,E2482A2C1906DAC72CF6CB939B4F931E,Previously Authenticated: org.springframework.security.authentication.UsernamePasswordAuthenticationToken@3b6d9dcf: Principal: vn.bananavietnam.ict.common.auth.MyUser@c4907816: Username: U0000000001; Password: [PROTECTED]; Enabled: true; AccountNonExpired: true; credentialsNonExpired: true; AccountNonLocked: true; Granted Authorities: 1; Credentials: [PROTECTED]; Authenticated: true; Details: org.springframework.security.web.authentication.WebAuthenticationDetails@21a2c: RemoteIpAddress: 0:0:0:0:0:0:0:1; SessionId: E1B5B6911E37485198DD1AD21805CE02; Granted Authorities: 1
05-23-2017 07:55:16.970,DEBUG,E2482A2C1906DAC72CF6CB939B4F931E,Voter: org.springframework.security.access.vote.RoleVoter@1ac872d, returned: -1
05-23-2017 07:55:16.970,DEBUG,E2482A2C1906DAC72CF6CB939B4F931E,Voter: org.springframework.security.access.vote.AuthenticatedVoter@b1927d, returned: 1
05-23-2017 07:55:16.970,DEBUG,E2482A2C1906DAC72CF6CB939B4F931E,Authorization successful
05-23-2017 07:55:16.970,DEBUG,E2482A2C1906DAC72CF6CB939B4F931E,RunAsManager did not change Authentication object
05-23-2017 07:55:16.970,DEBUG,E2482A2C1906DAC72CF6CB939B4F931E,/0001/ reached end of additional filter chain; proceeding with original chain
05-23-2017 07:55:16.970,DEBUG,E2482A2C1906DAC72CF6CB939B4F931E,Request [/ict/0001/] is not a multipart request
05-23-2017 07:55:16.970,DEBUG,A387056DC1BF0F53AB037427546EE7FC,DispatcherServlet with name 'appServlet' processing GET request for [/ict/0001/]
05-23-2017 07:55:16.970,DEBUG,A387056DC1BF0F53AB037427546EE7FC,Looking up handler method for path /0001/
05-23-2017 07:55:16.970,DEBUG,A387056DC1BF0F53AB037427546EE7FC,Returning handler method [public java.lang.String vn.bananavietnam.ict.banana.controller.Bnn0001BananaMenuController.top(javax.servlet.http.HttpServletRequest,java.util.Locale,org.springframework.ui.Model)]
05-23-2017 07:55:16.970,DEBUG,A387056DC1BF0F53AB037427546EE7FC,Returning cached instance of singleton bean 'bnn0001BananaMenuController'
05-23-2017 07:55:16.970,DEBUG,A387056DC1BF0F53AB037427546EE7FC,Last-Modified value for [/ict/0001/] is: -1
05-23-2017 07:55:16.970,DEBUG,A387056DC1BF0F53AB037427546EE7FC,Returning cached instance of singleton bean 'xml_path'
05-23-2017 07:55:16.973,DEBUG,A387056DC1BF0F53AB037427546EE7FC,Rendering view [org.springframework.web.servlet.view.JstlView: name 'banana/Bnn0001BananaMenu'; URL [/WEB-INF/views/banana/Bnn0001BananaMenu.jsp]] in DispatcherServlet with name 'appServlet'
05-23-2017 07:55:16.973,DEBUG,A387056DC1BF0F53AB037427546EE7FC,Added model object 'resetDate' of type [java.lang.String] to request in view with name 'banana/Bnn0001BananaMenu'
05-23-2017 07:55:16.973,DEBUG,A387056DC1BF0F53AB037427546EE7FC,Added model object 'layoutDate' of type [java.lang.String] to request in view with name 'banana/Bnn0001BananaMenu'
05-23-2017 07:55:16.973,DEBUG,A387056DC1BF0F53AB037427546EE7FC,Added model object 'jqueryUiCssDate' of type [java.lang.String] to request in view with name 'banana/Bnn0001BananaMenu'
05-23-2017 07:55:16.973,DEBUG,A387056DC1BF0F53AB037427546EE7FC,Added model object 'messageHandlerDate' of type [java.lang.String] to request in view with name 'banana/Bnn0001BananaMenu'
05-23-2017 07:55:16.973,DEBUG,A387056DC1BF0F53AB037427546EE7FC,Added model object 'jqueryDate' of type [java.lang.String] to request in view with name 'banana/Bnn0001BananaMenu'
05-23-2017 07:55:16.973,DEBUG,A387056DC1BF0F53AB037427546EE7FC,Added model object 'jqueryUiDate' of type [java.lang.String] to request in view with name 'banana/Bnn0001BananaMenu'
05-23-2017 07:55:16.973,DEBUG,A387056DC1BF0F53AB037427546EE7FC,Added model object 'datepickerDate' of type [java.lang.String] to request in view with name 'banana/Bnn0001BananaMenu'
05-23-2017 07:55:16.973,DEBUG,A387056DC1BF0F53AB037427546EE7FC,Added model object 'inputmaskDate' of type [java.lang.String] to request in view with name 'banana/Bnn0001BananaMenu'
05-23-2017 07:55:16.973,DEBUG,A387056DC1BF0F53AB037427546EE7FC,Added model object 'jqueryInputmaskDate' of type [java.lang.String] to request in view with name 'banana/Bnn0001BananaMenu'
05-23-2017 07:55:16.973,DEBUG,A387056DC1BF0F53AB037427546EE7FC,Added model object 'inputMaskExtDate' of type [java.lang.String] to request in view with name 'banana/Bnn0001BananaMenu'
05-23-2017 07:55:16.973,DEBUG,A387056DC1BF0F53AB037427546EE7FC,Added model object 'calendarDate' of type [java.lang.String] to request in view with name 'banana/Bnn0001BananaMenu'
05-23-2017 07:55:16.973,DEBUG,A387056DC1BF0F53AB037427546EE7FC,Added model object 'messageDate' of type [java.lang.String] to request in view with name 'banana/Bnn0001BananaMenu'
05-23-2017 07:55:16.973,DEBUG,A387056DC1BF0F53AB037427546EE7FC,Added model object 'storageDate' of type [java.lang.String] to request in view with name 'banana/Bnn0001BananaMenu'
05-23-2017 07:55:16.973,DEBUG,A387056DC1BF0F53AB037427546EE7FC,Added model object 'commonDate' of type [java.lang.String] to request in view with name 'banana/Bnn0001BananaMenu'
05-23-2017 07:55:16.973,DEBUG,A387056DC1BF0F53AB037427546EE7FC,Added model object 'bananaMenuCssDate' of type [java.lang.String] to request in view with name 'banana/Bnn0001BananaMenu'
05-23-2017 07:55:16.973,DEBUG,A387056DC1BF0F53AB037427546EE7FC,Added model object 'bananaMenuJsDate' of type [java.lang.String] to request in view with name 'banana/Bnn0001BananaMenu'
05-23-2017 07:55:16.973,DEBUG,A387056DC1BF0F53AB037427546EE7FC,Forwarding to resource [/WEB-INF/views/banana/Bnn0001BananaMenu.jsp] in InternalResourceView 'banana/Bnn0001BananaMenu'
05-23-2017 07:55:16.974,DEBUG,A387056DC1BF0F53AB037427546EE7FC,Render request received for definition 'defaultTemplate'
05-23-2017 07:55:16.979,DEBUG,A387056DC1BF0F53AB037427546EE7FC,Successfully completed request
05-23-2017 07:55:16.980,DEBUG,A387056DC1BF0F53AB037427546EE7FC,Chain processed normally
05-23-2017 07:55:16.980,DEBUG,A387056DC1BF0F53AB037427546EE7FC,SecurityContextHolder now cleared, as request processing completed
05-23-2017 07:55:18.048,DEBUG,E2482A2C1906DAC72CF6CB939B4F931E,/0089/ at position 1 of 11 in additional filter chain; firing Filter: 'SecurityContextPersistenceFilter'
05-23-2017 07:55:18.048,DEBUG,E2482A2C1906DAC72CF6CB939B4F931E,Obtained a valid SecurityContext from SPRING_SECURITY_CONTEXT: 'org.springframework.security.core.context.SecurityContextImpl@3b6d9dcf: Authentication: org.springframework.security.authentication.UsernamePasswordAuthenticationToken@3b6d9dcf: Principal: vn.bananavietnam.ict.common.auth.MyUser@c4907816: Username: U0000000001; Password: [PROTECTED]; Enabled: true; AccountNonExpired: true; credentialsNonExpired: true; AccountNonLocked: true; Granted Authorities: 1; Credentials: [PROTECTED]; Authenticated: true; Details: org.springframework.security.web.authentication.WebAuthenticationDetails@21a2c: RemoteIpAddress: 0:0:0:0:0:0:0:1; SessionId: E1B5B6911E37485198DD1AD21805CE02; Granted Authorities: 1'
05-23-2017 07:55:18.048,DEBUG,E2482A2C1906DAC72CF6CB939B4F931E,/0089/ at position 2 of 11 in additional filter chain; firing Filter: 'WebAsyncManagerIntegrationFilter'
05-23-2017 07:55:18.048,DEBUG,E2482A2C1906DAC72CF6CB939B4F931E,/0089/ at position 3 of 11 in additional filter chain; firing Filter: 'LogoutFilter'
05-23-2017 07:55:18.048,DEBUG,E2482A2C1906DAC72CF6CB939B4F931E,/0089/ at position 4 of 11 in additional filter chain; firing Filter: 'UsernamePasswordAuthenticationFilter'
05-23-2017 07:55:18.048,DEBUG,E2482A2C1906DAC72CF6CB939B4F931E,/0089/ at position 5 of 11 in additional filter chain; firing Filter: 'BasicAuthenticationFilter'
05-23-2017 07:55:18.048,DEBUG,E2482A2C1906DAC72CF6CB939B4F931E,/0089/ at position 6 of 11 in additional filter chain; firing Filter: 'RequestCacheAwareFilter'
05-23-2017 07:55:18.048,DEBUG,E2482A2C1906DAC72CF6CB939B4F931E,/0089/ at position 7 of 11 in additional filter chain; firing Filter: 'SecurityContextHolderAwareRequestFilter'
05-23-2017 07:55:18.048,DEBUG,E2482A2C1906DAC72CF6CB939B4F931E,/0089/ at position 8 of 11 in additional filter chain; firing Filter: 'AnonymousAuthenticationFilter'
05-23-2017 07:55:18.048,DEBUG,E2482A2C1906DAC72CF6CB939B4F931E,SecurityContextHolder not populated with anonymous token, as it already contained: 'org.springframework.security.authentication.UsernamePasswordAuthenticationToken@3b6d9dcf: Principal: vn.bananavietnam.ict.common.auth.MyUser@c4907816: Username: U0000000001; Password: [PROTECTED]; Enabled: true; AccountNonExpired: true; credentialsNonExpired: true; AccountNonLocked: true; Granted Authorities: 1; Credentials: [PROTECTED]; Authenticated: true; Details: org.springframework.security.web.authentication.WebAuthenticationDetails@21a2c: RemoteIpAddress: 0:0:0:0:0:0:0:1; SessionId: E1B5B6911E37485198DD1AD21805CE02; Granted Authorities: 1'
05-23-2017 07:55:18.048,DEBUG,E2482A2C1906DAC72CF6CB939B4F931E,/0089/ at position 9 of 11 in additional filter chain; firing Filter: 'SessionManagementFilter'
05-23-2017 07:55:18.049,DEBUG,E2482A2C1906DAC72CF6CB939B4F931E,/0089/ at position 10 of 11 in additional filter chain; firing Filter: 'ExceptionTranslationFilter'
05-23-2017 07:55:18.049,DEBUG,E2482A2C1906DAC72CF6CB939B4F931E,/0089/ at position 11 of 11 in additional filter chain; firing Filter: 'FilterSecurityInterceptor'
05-23-2017 07:55:18.049,DEBUG,E2482A2C1906DAC72CF6CB939B4F931E,Checking match of request : '/0089/'; against '/autherror*'
05-23-2017 07:55:18.049,DEBUG,E2482A2C1906DAC72CF6CB939B4F931E,Checking match of request : '/0089/'; against '/login/**'
05-23-2017 07:55:18.050,DEBUG,E2482A2C1906DAC72CF6CB939B4F931E,Checking match of request : '/0089/'; against '/error/**'
05-23-2017 07:55:18.050,DEBUG,E2482A2C1906DAC72CF6CB939B4F931E,Checking match of request : '/0089/'; against '/0001/**'
05-23-2017 07:55:18.051,DEBUG,E2482A2C1906DAC72CF6CB939B4F931E,Checking match of request : '/0089/'; against '/0002/**'
05-23-2017 07:55:18.051,DEBUG,E2482A2C1906DAC72CF6CB939B4F931E,Checking match of request : '/0089/'; against '/0003/**'
05-23-2017 07:55:18.051,DEBUG,E2482A2C1906DAC72CF6CB939B4F931E,Checking match of request : '/0089/'; against '/0005/**'
05-23-2017 07:55:18.051,DEBUG,E2482A2C1906DAC72CF6CB939B4F931E,Checking match of request : '/0089/'; against '/0007/**'
05-23-2017 07:55:18.051,DEBUG,E2482A2C1906DAC72CF6CB939B4F931E,Checking match of request : '/0089/'; against '/0009/**'
05-23-2017 07:55:18.051,DEBUG,E2482A2C1906DAC72CF6CB939B4F931E,Checking match of request : '/0089/'; against '/0013/**'
05-23-2017 07:55:18.052,DEBUG,E2482A2C1906DAC72CF6CB939B4F931E,Checking match of request : '/0089/'; against '/0023/**'
05-23-2017 07:55:18.052,DEBUG,E2482A2C1906DAC72CF6CB939B4F931E,Checking match of request : '/0089/'; against '/0017/**'
05-23-2017 07:55:18.052,DEBUG,E2482A2C1906DAC72CF6CB939B4F931E,Checking match of request : '/0089/'; against '/0031/**'
05-23-2017 07:55:18.052,DEBUG,E2482A2C1906DAC72CF6CB939B4F931E,Checking match of request : '/0089/'; against '/0035/**'
05-23-2017 07:55:18.052,DEBUG,E2482A2C1906DAC72CF6CB939B4F931E,Checking match of request : '/0089/'; against '/0037/**'
05-23-2017 07:55:18.052,DEBUG,E2482A2C1906DAC72CF6CB939B4F931E,Checking match of request : '/0089/'; against '/0045/**'
05-23-2017 07:55:18.053,DEBUG,E2482A2C1906DAC72CF6CB939B4F931E,Checking match of request : '/0089/'; against '/0047/**'
05-23-2017 07:55:18.053,DEBUG,E2482A2C1906DAC72CF6CB939B4F931E,Checking match of request : '/0089/'; against '/0049/**'
05-23-2017 07:55:18.053,DEBUG,E2482A2C1906DAC72CF6CB939B4F931E,Checking match of request : '/0089/'; against '/0061/**'
05-23-2017 07:55:18.053,DEBUG,E2482A2C1906DAC72CF6CB939B4F931E,Checking match of request : '/0089/'; against '/0087/**'
05-23-2017 07:55:18.053,DEBUG,E2482A2C1906DAC72CF6CB939B4F931E,Checking match of request : '/0089/'; against '/0075/**'
05-23-2017 07:55:18.053,DEBUG,E2482A2C1906DAC72CF6CB939B4F931E,Checking match of request : '/0089/'; against '/0089/**'
05-23-2017 07:55:18.053,DEBUG,E2482A2C1906DAC72CF6CB939B4F931E,Secure object: FilterInvocation: URL: /0089/; Attributes: [ROLE_ADMIN, ROLE_USER, IS_AUTHENTICATED_FULLY]
05-23-2017 07:55:18.053,DEBUG,E2482A2C1906DAC72CF6CB939B4F931E,Previously Authenticated: org.springframework.security.authentication.UsernamePasswordAuthenticationToken@3b6d9dcf: Principal: vn.bananavietnam.ict.common.auth.MyUser@c4907816: Username: U0000000001; Password: [PROTECTED]; Enabled: true; AccountNonExpired: true; credentialsNonExpired: true; AccountNonLocked: true; Granted Authorities: 1; Credentials: [PROTECTED]; Authenticated: true; Details: org.springframework.security.web.authentication.WebAuthenticationDetails@21a2c: RemoteIpAddress: 0:0:0:0:0:0:0:1; SessionId: E1B5B6911E37485198DD1AD21805CE02; Granted Authorities: 1
05-23-2017 07:55:18.053,DEBUG,E2482A2C1906DAC72CF6CB939B4F931E,Voter: org.springframework.security.access.vote.RoleVoter@1ac872d, returned: -1
05-23-2017 07:55:18.053,DEBUG,E2482A2C1906DAC72CF6CB939B4F931E,Voter: org.springframework.security.access.vote.AuthenticatedVoter@b1927d, returned: 1
05-23-2017 07:55:18.053,DEBUG,E2482A2C1906DAC72CF6CB939B4F931E,Authorization successful
05-23-2017 07:55:18.053,DEBUG,E2482A2C1906DAC72CF6CB939B4F931E,RunAsManager did not change Authentication object
05-23-2017 07:55:18.053,DEBUG,E2482A2C1906DAC72CF6CB939B4F931E,/0089/ reached end of additional filter chain; proceeding with original chain
05-23-2017 07:55:18.053,DEBUG,E2482A2C1906DAC72CF6CB939B4F931E,Request [/ict/0089/] is not a multipart request
05-23-2017 07:55:18.053,DEBUG,A387056DC1BF0F53AB037427546EE7FC,DispatcherServlet with name 'appServlet' processing GET request for [/ict/0089/]
05-23-2017 07:55:18.053,DEBUG,A387056DC1BF0F53AB037427546EE7FC,Looking up handler method for path /0089/
05-23-2017 07:55:18.053,DEBUG,A387056DC1BF0F53AB037427546EE7FC,Returning handler method [public java.lang.String vn.bananavietnam.ict.banana.controller.Bnn0089SearchTaskController.top(javax.servlet.http.HttpServletRequest,java.util.Locale,org.springframework.ui.Model)]
05-23-2017 07:55:18.054,DEBUG,A387056DC1BF0F53AB037427546EE7FC,Returning cached instance of singleton bean 'bnn0089SearchTaskController'
05-23-2017 07:55:18.054,DEBUG,A387056DC1BF0F53AB037427546EE7FC,Last-Modified value for [/ict/0089/] is: -1
05-23-2017 07:55:18.054,DEBUG,A387056DC1BF0F53AB037427546EE7FC,Returning cached instance of singleton bean 'xml_path'
05-23-2017 07:55:18.055,DEBUG,A387056DC1BF0F53AB037427546EE7FC,Rendering view [org.springframework.web.servlet.view.JstlView: name 'banana/Bnn0089SearchTask'; URL [/WEB-INF/views/banana/Bnn0089SearchTask.jsp]] in DispatcherServlet with name 'appServlet'
05-23-2017 07:55:18.055,DEBUG,A387056DC1BF0F53AB037427546EE7FC,Added model object 'resetDate' of type [java.lang.String] to request in view with name 'banana/Bnn0089SearchTask'
05-23-2017 07:55:18.055,DEBUG,A387056DC1BF0F53AB037427546EE7FC,Added model object 'layoutDate' of type [java.lang.String] to request in view with name 'banana/Bnn0089SearchTask'
05-23-2017 07:55:18.055,DEBUG,A387056DC1BF0F53AB037427546EE7FC,Added model object 'jqueryUiCssDate' of type [java.lang.String] to request in view with name 'banana/Bnn0089SearchTask'
05-23-2017 07:55:18.055,DEBUG,A387056DC1BF0F53AB037427546EE7FC,Added model object 'messageHandlerDate' of type [java.lang.String] to request in view with name 'banana/Bnn0089SearchTask'
05-23-2017 07:55:18.055,DEBUG,A387056DC1BF0F53AB037427546EE7FC,Added model object 'jqueryDate' of type [java.lang.String] to request in view with name 'banana/Bnn0089SearchTask'
05-23-2017 07:55:18.055,DEBUG,A387056DC1BF0F53AB037427546EE7FC,Added model object 'jqueryUiDate' of type [java.lang.String] to request in view with name 'banana/Bnn0089SearchTask'
05-23-2017 07:55:18.055,DEBUG,A387056DC1BF0F53AB037427546EE7FC,Added model object 'datepickerDate' of type [java.lang.String] to request in view with name 'banana/Bnn0089SearchTask'
05-23-2017 07:55:18.056,DEBUG,A387056DC1BF0F53AB037427546EE7FC,Added model object 'inputmaskDate' of type [java.lang.String] to request in view with name 'banana/Bnn0089SearchTask'
05-23-2017 07:55:18.056,DEBUG,A387056DC1BF0F53AB037427546EE7FC,Added model object 'jqueryInputmaskDate' of type [java.lang.String] to request in view with name 'banana/Bnn0089SearchTask'
05-23-2017 07:55:18.056,DEBUG,A387056DC1BF0F53AB037427546EE7FC,Added model object 'inputMaskExtDate' of type [java.lang.String] to request in view with name 'banana/Bnn0089SearchTask'
05-23-2017 07:55:18.056,DEBUG,A387056DC1BF0F53AB037427546EE7FC,Added model object 'calendarDate' of type [java.lang.String] to request in view with name 'banana/Bnn0089SearchTask'
05-23-2017 07:55:18.056,DEBUG,A387056DC1BF0F53AB037427546EE7FC,Added model object 'messageDate' of type [java.lang.String] to request in view with name 'banana/Bnn0089SearchTask'
05-23-2017 07:55:18.056,DEBUG,A387056DC1BF0F53AB037427546EE7FC,Added model object 'storageDate' of type [java.lang.String] to request in view with name 'banana/Bnn0089SearchTask'
05-23-2017 07:55:18.056,DEBUG,A387056DC1BF0F53AB037427546EE7FC,Added model object 'commonDate' of type [java.lang.String] to request in view with name 'banana/Bnn0089SearchTask'
05-23-2017 07:55:18.056,DEBUG,A387056DC1BF0F53AB037427546EE7FC,Added model object 'searchTaskCssDate' of type [java.lang.String] to request in view with name 'banana/Bnn0089SearchTask'
05-23-2017 07:55:18.056,DEBUG,A387056DC1BF0F53AB037427546EE7FC,Added model object 'searchTaskJsDate' of type [java.lang.String] to request in view with name 'banana/Bnn0089SearchTask'
05-23-2017 07:55:18.056,DEBUG,A387056DC1BF0F53AB037427546EE7FC,Forwarding to resource [/WEB-INF/views/banana/Bnn0089SearchTask.jsp] in InternalResourceView 'banana/Bnn0089SearchTask'
05-23-2017 07:55:18.056,DEBUG,A387056DC1BF0F53AB037427546EE7FC,Render request received for definition 'defaultTemplate'
05-23-2017 07:55:18.058,DEBUG,A387056DC1BF0F53AB037427546EE7FC,Successfully completed request
05-23-2017 07:55:18.059,DEBUG,A387056DC1BF0F53AB037427546EE7FC,Chain processed normally
05-23-2017 07:55:18.059,DEBUG,A387056DC1BF0F53AB037427546EE7FC,SecurityContextHolder now cleared, as request processing completed
05-23-2017 07:55:18.187,DEBUG,9B87A626F51E18E36AA0B64592BAAE6F,/0089/searchData at position 1 of 11 in additional filter chain; firing Filter: 'SecurityContextPersistenceFilter'
05-23-2017 07:55:18.187,DEBUG,9B87A626F51E18E36AA0B64592BAAE6F,Obtained a valid SecurityContext from SPRING_SECURITY_CONTEXT: 'org.springframework.security.core.context.SecurityContextImpl@3b6d9dcf: Authentication: org.springframework.security.authentication.UsernamePasswordAuthenticationToken@3b6d9dcf: Principal: vn.bananavietnam.ict.common.auth.MyUser@c4907816: Username: U0000000001; Password: [PROTECTED]; Enabled: true; AccountNonExpired: true; credentialsNonExpired: true; AccountNonLocked: true; Granted Authorities: 1; Credentials: [PROTECTED]; Authenticated: true; Details: org.springframework.security.web.authentication.WebAuthenticationDetails@21a2c: RemoteIpAddress: 0:0:0:0:0:0:0:1; SessionId: E1B5B6911E37485198DD1AD21805CE02; Granted Authorities: 1'
05-23-2017 07:55:18.188,DEBUG,9B87A626F51E18E36AA0B64592BAAE6F,/0089/searchData at position 2 of 11 in additional filter chain; firing Filter: 'WebAsyncManagerIntegrationFilter'
05-23-2017 07:55:18.188,DEBUG,9B87A626F51E18E36AA0B64592BAAE6F,/0089/searchData at position 3 of 11 in additional filter chain; firing Filter: 'LogoutFilter'
05-23-2017 07:55:18.188,DEBUG,9B87A626F51E18E36AA0B64592BAAE6F,/0089/searchData at position 4 of 11 in additional filter chain; firing Filter: 'UsernamePasswordAuthenticationFilter'
05-23-2017 07:55:18.188,DEBUG,9B87A626F51E18E36AA0B64592BAAE6F,/0089/searchData at position 5 of 11 in additional filter chain; firing Filter: 'BasicAuthenticationFilter'
05-23-2017 07:55:18.188,DEBUG,9B87A626F51E18E36AA0B64592BAAE6F,/0089/searchData at position 6 of 11 in additional filter chain; firing Filter: 'RequestCacheAwareFilter'
05-23-2017 07:55:18.188,DEBUG,9B87A626F51E18E36AA0B64592BAAE6F,/0089/searchData at position 7 of 11 in additional filter chain; firing Filter: 'SecurityContextHolderAwareRequestFilter'
05-23-2017 07:55:18.188,DEBUG,9B87A626F51E18E36AA0B64592BAAE6F,/0089/searchData at position 8 of 11 in additional filter chain; firing Filter: 'AnonymousAuthenticationFilter'
05-23-2017 07:55:18.188,DEBUG,9B87A626F51E18E36AA0B64592BAAE6F,SecurityContextHolder not populated with anonymous token, as it already contained: 'org.springframework.security.authentication.UsernamePasswordAuthenticationToken@3b6d9dcf: Principal: vn.bananavietnam.ict.common.auth.MyUser@c4907816: Username: U0000000001; Password: [PROTECTED]; Enabled: true; AccountNonExpired: true; credentialsNonExpired: true; AccountNonLocked: true; Granted Authorities: 1; Credentials: [PROTECTED]; Authenticated: true; Details: org.springframework.security.web.authentication.WebAuthenticationDetails@21a2c: RemoteIpAddress: 0:0:0:0:0:0:0:1; SessionId: E1B5B6911E37485198DD1AD21805CE02; Granted Authorities: 1'
05-23-2017 07:55:18.188,DEBUG,9B87A626F51E18E36AA0B64592BAAE6F,/0089/searchData at position 9 of 11 in additional filter chain; firing Filter: 'SessionManagementFilter'
05-23-2017 07:55:18.188,DEBUG,9B87A626F51E18E36AA0B64592BAAE6F,/0089/searchData at position 10 of 11 in additional filter chain; firing Filter: 'ExceptionTranslationFilter'
05-23-2017 07:55:18.188,DEBUG,9B87A626F51E18E36AA0B64592BAAE6F,/0089/searchData at position 11 of 11 in additional filter chain; firing Filter: 'FilterSecurityInterceptor'
05-23-2017 07:55:18.188,DEBUG,9B87A626F51E18E36AA0B64592BAAE6F,Checking match of request : '/0089/searchdata'; against '/autherror*'
05-23-2017 07:55:18.188,DEBUG,9B87A626F51E18E36AA0B64592BAAE6F,Checking match of request : '/0089/searchdata'; against '/login/**'
05-23-2017 07:55:18.188,DEBUG,9B87A626F51E18E36AA0B64592BAAE6F,Checking match of request : '/0089/searchdata'; against '/error/**'
05-23-2017 07:55:18.188,DEBUG,9B87A626F51E18E36AA0B64592BAAE6F,Checking match of request : '/0089/searchdata'; against '/0001/**'
05-23-2017 07:55:18.188,DEBUG,9B87A626F51E18E36AA0B64592BAAE6F,Checking match of request : '/0089/searchdata'; against '/0002/**'
05-23-2017 07:55:18.188,DEBUG,9B87A626F51E18E36AA0B64592BAAE6F,Checking match of request : '/0089/searchdata'; against '/0003/**'
05-23-2017 07:55:18.188,DEBUG,9B87A626F51E18E36AA0B64592BAAE6F,Checking match of request : '/0089/searchdata'; against '/0005/**'
05-23-2017 07:55:18.188,DEBUG,9B87A626F51E18E36AA0B64592BAAE6F,Checking match of request : '/0089/searchdata'; against '/0007/**'
05-23-2017 07:55:18.188,DEBUG,9B87A626F51E18E36AA0B64592BAAE6F,Checking match of request : '/0089/searchdata'; against '/0009/**'
05-23-2017 07:55:18.188,DEBUG,9B87A626F51E18E36AA0B64592BAAE6F,Checking match of request : '/0089/searchdata'; against '/0013/**'
05-23-2017 07:55:18.188,DEBUG,9B87A626F51E18E36AA0B64592BAAE6F,Checking match of request : '/0089/searchdata'; against '/0023/**'
05-23-2017 07:55:18.188,DEBUG,9B87A626F51E18E36AA0B64592BAAE6F,Checking match of request : '/0089/searchdata'; against '/0017/**'
05-23-2017 07:55:18.188,DEBUG,9B87A626F51E18E36AA0B64592BAAE6F,Checking match of request : '/0089/searchdata'; against '/0031/**'
05-23-2017 07:55:18.188,DEBUG,9B87A626F51E18E36AA0B64592BAAE6F,Checking match of request : '/0089/searchdata'; against '/0035/**'
05-23-2017 07:55:18.188,DEBUG,9B87A626F51E18E36AA0B64592BAAE6F,Checking match of request : '/0089/searchdata'; against '/0037/**'
05-23-2017 07:55:18.188,DEBUG,9B87A626F51E18E36AA0B64592BAAE6F,Checking match of request : '/0089/searchdata'; against '/0045/**'
05-23-2017 07:55:18.188,DEBUG,9B87A626F51E18E36AA0B64592BAAE6F,Checking match of request : '/0089/searchdata'; against '/0047/**'
05-23-2017 07:55:18.188,DEBUG,9B87A626F51E18E36AA0B64592BAAE6F,Checking match of request : '/0089/searchdata'; against '/0049/**'
05-23-2017 07:55:18.188,DEBUG,9B87A626F51E18E36AA0B64592BAAE6F,Checking match of request : '/0089/searchdata'; against '/0061/**'
05-23-2017 07:55:18.188,DEBUG,9B87A626F51E18E36AA0B64592BAAE6F,Checking match of request : '/0089/searchdata'; against '/0087/**'
05-23-2017 07:55:18.188,DEBUG,9B87A626F51E18E36AA0B64592BAAE6F,Checking match of request : '/0089/searchdata'; against '/0075/**'
05-23-2017 07:55:18.188,DEBUG,9B87A626F51E18E36AA0B64592BAAE6F,Checking match of request : '/0089/searchdata'; against '/0089/**'
05-23-2017 07:55:18.188,DEBUG,9B87A626F51E18E36AA0B64592BAAE6F,Secure object: FilterInvocation: URL: /0089/searchData; Attributes: [ROLE_ADMIN, ROLE_USER, IS_AUTHENTICATED_FULLY]
05-23-2017 07:55:18.188,DEBUG,9B87A626F51E18E36AA0B64592BAAE6F,Previously Authenticated: org.springframework.security.authentication.UsernamePasswordAuthenticationToken@3b6d9dcf: Principal: vn.bananavietnam.ict.common.auth.MyUser@c4907816: Username: U0000000001; Password: [PROTECTED]; Enabled: true; AccountNonExpired: true; credentialsNonExpired: true; AccountNonLocked: true; Granted Authorities: 1; Credentials: [PROTECTED]; Authenticated: true; Details: org.springframework.security.web.authentication.WebAuthenticationDetails@21a2c: RemoteIpAddress: 0:0:0:0:0:0:0:1; SessionId: E1B5B6911E37485198DD1AD21805CE02; Granted Authorities: 1
05-23-2017 07:55:18.188,DEBUG,9B87A626F51E18E36AA0B64592BAAE6F,Voter: org.springframework.security.access.vote.RoleVoter@1ac872d, returned: -1
05-23-2017 07:55:18.188,DEBUG,9B87A626F51E18E36AA0B64592BAAE6F,Voter: org.springframework.security.access.vote.AuthenticatedVoter@b1927d, returned: 1
05-23-2017 07:55:18.188,DEBUG,9B87A626F51E18E36AA0B64592BAAE6F,Authorization successful
05-23-2017 07:55:18.188,DEBUG,9B87A626F51E18E36AA0B64592BAAE6F,RunAsManager did not change Authentication object
05-23-2017 07:55:18.188,DEBUG,9B87A626F51E18E36AA0B64592BAAE6F,/0089/searchData reached end of additional filter chain; proceeding with original chain
05-23-2017 07:55:18.188,DEBUG,9B87A626F51E18E36AA0B64592BAAE6F,Request [/ict/0089/searchData] is not a multipart request
05-23-2017 07:55:18.188,DEBUG,A387056DC1BF0F53AB037427546EE7FC,DispatcherServlet with name 'appServlet' processing POST request for [/ict/0089/searchData]
05-23-2017 07:55:18.188,DEBUG,A387056DC1BF0F53AB037427546EE7FC,Looking up handler method for path /0089/searchData
05-23-2017 07:55:18.189,DEBUG,A387056DC1BF0F53AB037427546EE7FC,Returning handler method [public java.util.List<vn.bananavietnam.ict.banana.component.Bnn0089SearchTaskResult> vn.bananavietnam.ict.banana.controller.Bnn0089SearchTaskController.searchData(vn.bananavietnam.ict.banana.component.Bnn0089SearchTaskConditions)]
05-23-2017 07:55:18.189,DEBUG,A387056DC1BF0F53AB037427546EE7FC,Returning cached instance of singleton bean 'bnn0089SearchTaskController'
05-23-2017 07:55:18.189,DEBUG,A387056DC1BF0F53AB037427546EE7FC,Returning cached instance of singleton bean 'xml_path'
05-23-2017 07:55:18.189,DEBUG,A387056DC1BF0F53AB037427546EE7FC,Read [class vn.bananavietnam.ict.banana.component.Bnn0089SearchTaskConditions] as "application/json" with [org.springframework.http.converter.json.MappingJackson2HttpMessageConverter@156f2cc]
05-23-2017 07:55:18.189,INFO ,A387056DC1BF0F53AB037427546EE7FC,U0000000001,vn.bananavietnam.ict.banana.service.Bnn0089SearchTaskService,searchData,[vn.bananavietnam.ict.banana.component.Bnn0089SearchTaskConditions@158275f] METHOD START
05-23-2017 07:55:18.189,DEBUG,A387056DC1BF0F53AB037427546EE7FC,Returning cached instance of singleton bean 'transactionManager'
05-23-2017 07:55:18.189,INFO ,A387056DC1BF0F53AB037427546EE7FC,U0000000001,Task searching started
05-23-2017 07:55:18.189,DEBUG,A387056DC1BF0F53AB037427546EE7FC,Creating a new SqlSession
05-23-2017 07:55:18.189,DEBUG,A387056DC1BF0F53AB037427546EE7FC,Registering transaction synchronization for SqlSession [org.apache.ibatis.session.defaults.DefaultSqlSession@561033]
05-23-2017 07:55:18.190,DEBUG,A387056DC1BF0F53AB037427546EE7FC,Fetching JDBC Connection from DataSource
05-23-2017 07:55:18.190,DEBUG,A387056DC1BF0F53AB037427546EE7FC,Creating new JDBC DriverManager Connection to [jdbc:mysql://172.16.0.175:3306/BANANA_DB_HUNG_SELENIUM?useUnicode=yes&characterEncoding=UTF-8&autoReconnect=true]
05-23-2017 07:55:18.208,DEBUG,A387056DC1BF0F53AB037427546EE7FC,Registering transaction synchronization for JDBC Connection
05-23-2017 07:55:18.208,DEBUG,A387056DC1BF0F53AB037427546EE7FC,JDBC Connection [com.mysql.jdbc.JDBC4Connection@135dd3e] will be managed by Spring
05-23-2017 07:55:18.208,DEBUG,A387056DC1BF0F53AB037427546EE7FC,==>  Preparing: SELECT T.TASK_ID taskId, T.TASK_NAME taskName, T.WORKING_DETAILS workingDetails, T.NOTE note, T.QUARANTINE_HANDLING_FLAG quarantineHandlingFlag, T.DELETE_FLAG deleteFlag, T.CHANGE_POINT_CODE changePointCode, T.LAST_UPDATE_DATE lastUpdateDate FROM IVB_M_TASK T WHERE 1 = 1 AND T.DELETE_FLAG = '0' ORDER BY T.TASK_NAME LIMIT ?,? 
05-23-2017 07:55:18.208,DEBUG,A387056DC1BF0F53AB037427546EE7FC,==> Parameters: 0(Integer), 20(Integer)
05-23-2017 07:55:18.211,DEBUG,A387056DC1BF0F53AB037427546EE7FC,<==      Total: 20
05-23-2017 07:55:18.212,DEBUG,A387056DC1BF0F53AB037427546EE7FC,Releasing transactional SqlSession [org.apache.ibatis.session.defaults.DefaultSqlSession@561033]
05-23-2017 07:55:18.212,INFO ,A387056DC1BF0F53AB037427546EE7FC,U0000000001,SQL execution finished
05-23-2017 07:55:18.212,DEBUG,A387056DC1BF0F53AB037427546EE7FC,Fetched SqlSession [org.apache.ibatis.session.defaults.DefaultSqlSession@561033] from current transaction
05-23-2017 07:55:18.212,DEBUG,A387056DC1BF0F53AB037427546EE7FC,==>  Preparing: SELECT COUNT(*) FROM IVB_M_TASK T WHERE 1 = 1 AND T.DELETE_FLAG = '0' ORDER BY T.TASK_ID 
05-23-2017 07:55:18.212,DEBUG,A387056DC1BF0F53AB037427546EE7FC,==> Parameters: 
05-23-2017 07:55:18.214,DEBUG,A387056DC1BF0F53AB037427546EE7FC,<==      Total: 1
05-23-2017 07:55:18.214,DEBUG,A387056DC1BF0F53AB037427546EE7FC,Releasing transactional SqlSession [org.apache.ibatis.session.defaults.DefaultSqlSession@561033]
05-23-2017 07:55:18.214,INFO ,A387056DC1BF0F53AB037427546EE7FC,U0000000001,Task searching finished ==> 43 item(s)
05-23-2017 07:55:18.214,DEBUG,A387056DC1BF0F53AB037427546EE7FC,Transaction synchronization deregistering SqlSession [org.apache.ibatis.session.defaults.DefaultSqlSession@561033]
05-23-2017 07:55:18.214,DEBUG,A387056DC1BF0F53AB037427546EE7FC,Transaction synchronization closing SqlSession [org.apache.ibatis.session.defaults.DefaultSqlSession@561033]
05-23-2017 07:55:18.214,DEBUG,A387056DC1BF0F53AB037427546EE7FC,Returning JDBC Connection to DataSource
05-23-2017 07:55:18.214,INFO ,A387056DC1BF0F53AB037427546EE7FC,U0000000001,vn.bananavietnam.ict.banana.service.Bnn0089SearchTaskService,searchData,[vn.bananavietnam.ict.banana.component.Bnn0089SearchTaskConditions@158275f] METHOD END
05-23-2017 07:55:18.216,DEBUG,A387056DC1BF0F53AB037427546EE7FC,Written [[vn.bananavietnam.ict.banana.component.Bnn0089SearchTaskResult@1a9492a, vn.bananavietnam.ict.banana.component.Bnn0089SearchTaskResult@b882f7, vn.bananavietnam.ict.banana.component.Bnn0089SearchTaskResult@8fb4b7, vn.bananavietnam.ict.banana.component.Bnn0089SearchTaskResult@71b97, vn.bananavietnam.ict.banana.component.Bnn0089SearchTaskResult@166f5a4, vn.bananavietnam.ict.banana.component.Bnn0089SearchTaskResult@13d6745, vn.bananavietnam.ict.banana.component.Bnn0089SearchTaskResult@505859, vn.bananavietnam.ict.banana.component.Bnn0089SearchTaskResult@b3127, vn.bananavietnam.ict.banana.component.Bnn0089SearchTaskResult@ce2e17, vn.bananavietnam.ict.banana.component.Bnn0089SearchTaskResult@ef6684, vn.bananavietnam.ict.banana.component.Bnn0089SearchTaskResult@756010, vn.bananavietnam.ict.banana.component.Bnn0089SearchTaskResult@1a4ee70, vn.bananavietnam.ict.banana.component.Bnn0089SearchTaskResult@6fc9c5, vn.bananavietnam.ict.banana.component.Bnn0089SearchTaskResult@1ed558a, vn.bananavietnam.ict.banana.component.Bnn0089SearchTaskResult@19cac7, vn.bananavietnam.ict.banana.component.Bnn0089SearchTaskResult@90695a, vn.bananavietnam.ict.banana.component.Bnn0089SearchTaskResult@c3b82c, vn.bananavietnam.ict.banana.component.Bnn0089SearchTaskResult@1bde3bb, vn.bananavietnam.ict.banana.component.Bnn0089SearchTaskResult@1e84679, vn.bananavietnam.ict.banana.component.Bnn0089SearchTaskResult@3b3e27]] as "application/json;charset=UTF-8" using [org.springframework.http.converter.json.MappingJackson2HttpMessageConverter@156f2cc]
05-23-2017 07:55:18.217,DEBUG,A387056DC1BF0F53AB037427546EE7FC,Null ModelAndView returned to DispatcherServlet with name 'appServlet': assuming HandlerAdapter completed request handling
05-23-2017 07:55:18.217,DEBUG,A387056DC1BF0F53AB037427546EE7FC,Successfully completed request
05-23-2017 07:55:18.217,DEBUG,A387056DC1BF0F53AB037427546EE7FC,Chain processed normally
05-23-2017 07:55:18.217,DEBUG,A387056DC1BF0F53AB037427546EE7FC,SecurityContextHolder now cleared, as request processing completed
