05-23-2017 09:17:15.280,DEBUG,9B4BE7F06778AE8CEDF23BF1ADBBEEA0,/0089/searchData at position 1 of 11 in additional filter chain; firing Filter: 'SecurityContextPersistenceFilter'
05-23-2017 09:17:15.280,DEBUG,9B4BE7F06778AE8CEDF23BF1ADBBEEA0,Obtained a valid SecurityContext from SPRING_SECURITY_CONTEXT: 'org.springframework.security.core.context.SecurityContextImpl@3b6d4a73: Authentication: org.springframework.security.authentication.UsernamePasswordAuthenticationToken@3b6d4a73: Principal: vn.bananavietnam.ict.common.auth.MyUser@c4907816: Username: U0000000001; Password: [PROTECTED]; Enabled: true; AccountNonExpired: true; credentialsNonExpired: true; AccountNonLocked: true; Granted Authorities: 1; Credentials: [PROTECTED]; Authenticated: true; Details: org.springframework.security.web.authentication.WebAuthenticationDetails@2cd90: RemoteIpAddress: 0:0:0:0:0:0:0:1; SessionId: A736CEB69BC9ABB2A63607F480B89F9C; Granted Authorities: 1'
05-23-2017 09:17:15.280,DEBUG,9B4BE7F06778AE8CEDF23BF1ADBBEEA0,/0089/searchData at position 2 of 11 in additional filter chain; firing Filter: 'WebAsyncManagerIntegrationFilter'
05-23-2017 09:17:15.281,DEBUG,9B4BE7F06778AE8CEDF23BF1ADBBEEA0,/0089/searchData at position 3 of 11 in additional filter chain; firing Filter: 'LogoutFilter'
05-23-2017 09:17:15.281,DEBUG,9B4BE7F06778AE8CEDF23BF1ADBBEEA0,/0089/searchData at position 4 of 11 in additional filter chain; firing Filter: 'UsernamePasswordAuthenticationFilter'
05-23-2017 09:17:15.281,DEBUG,9B4BE7F06778AE8CEDF23BF1ADBBEEA0,/0089/searchData at position 5 of 11 in additional filter chain; firing Filter: 'BasicAuthenticationFilter'
05-23-2017 09:17:15.281,DEBUG,9B4BE7F06778AE8CEDF23BF1ADBBEEA0,/0089/searchData at position 6 of 11 in additional filter chain; firing Filter: 'RequestCacheAwareFilter'
05-23-2017 09:17:15.281,DEBUG,9B4BE7F06778AE8CEDF23BF1ADBBEEA0,/0089/searchData at position 7 of 11 in additional filter chain; firing Filter: 'SecurityContextHolderAwareRequestFilter'
05-23-2017 09:17:15.281,DEBUG,9B4BE7F06778AE8CEDF23BF1ADBBEEA0,/0089/searchData at position 8 of 11 in additional filter chain; firing Filter: 'AnonymousAuthenticationFilter'
05-23-2017 09:17:15.281,DEBUG,9B4BE7F06778AE8CEDF23BF1ADBBEEA0,SecurityContextHolder not populated with anonymous token, as it already contained: 'org.springframework.security.authentication.UsernamePasswordAuthenticationToken@3b6d4a73: Principal: vn.bananavietnam.ict.common.auth.MyUser@c4907816: Username: U0000000001; Password: [PROTECTED]; Enabled: true; AccountNonExpired: true; credentialsNonExpired: true; AccountNonLocked: true; Granted Authorities: 1; Credentials: [PROTECTED]; Authenticated: true; Details: org.springframework.security.web.authentication.WebAuthenticationDetails@2cd90: RemoteIpAddress: 0:0:0:0:0:0:0:1; SessionId: A736CEB69BC9ABB2A63607F480B89F9C; Granted Authorities: 1'
05-23-2017 09:17:15.281,DEBUG,9B4BE7F06778AE8CEDF23BF1ADBBEEA0,/0089/searchData at position 9 of 11 in additional filter chain; firing Filter: 'SessionManagementFilter'
05-23-2017 09:17:15.281,DEBUG,9B4BE7F06778AE8CEDF23BF1ADBBEEA0,/0089/searchData at position 10 of 11 in additional filter chain; firing Filter: 'ExceptionTranslationFilter'
05-23-2017 09:17:15.281,DEBUG,9B4BE7F06778AE8CEDF23BF1ADBBEEA0,/0089/searchData at position 11 of 11 in additional filter chain; firing Filter: 'FilterSecurityInterceptor'
05-23-2017 09:17:15.281,DEBUG,9B4BE7F06778AE8CEDF23BF1ADBBEEA0,Checking match of request : '/0089/searchdata'; against '/autherror*'
05-23-2017 09:17:15.281,DEBUG,9B4BE7F06778AE8CEDF23BF1ADBBEEA0,Checking match of request : '/0089/searchdata'; against '/login/**'
05-23-2017 09:17:15.281,DEBUG,9B4BE7F06778AE8CEDF23BF1ADBBEEA0,Checking match of request : '/0089/searchdata'; against '/error/**'
05-23-2017 09:17:15.281,DEBUG,9B4BE7F06778AE8CEDF23BF1ADBBEEA0,Checking match of request : '/0089/searchdata'; against '/0001/**'
05-23-2017 09:17:15.281,DEBUG,9B4BE7F06778AE8CEDF23BF1ADBBEEA0,Checking match of request : '/0089/searchdata'; against '/0002/**'
05-23-2017 09:17:15.281,DEBUG,9B4BE7F06778AE8CEDF23BF1ADBBEEA0,Checking match of request : '/0089/searchdata'; against '/0003/**'
05-23-2017 09:17:15.281,DEBUG,9B4BE7F06778AE8CEDF23BF1ADBBEEA0,Checking match of request : '/0089/searchdata'; against '/0005/**'
05-23-2017 09:17:15.281,DEBUG,9B4BE7F06778AE8CEDF23BF1ADBBEEA0,Checking match of request : '/0089/searchdata'; against '/0007/**'
05-23-2017 09:17:15.281,DEBUG,9B4BE7F06778AE8CEDF23BF1ADBBEEA0,Checking match of request : '/0089/searchdata'; against '/0009/**'
05-23-2017 09:17:15.281,DEBUG,9B4BE7F06778AE8CEDF23BF1ADBBEEA0,Checking match of request : '/0089/searchdata'; against '/0013/**'
05-23-2017 09:17:15.281,DEBUG,9B4BE7F06778AE8CEDF23BF1ADBBEEA0,Checking match of request : '/0089/searchdata'; against '/0023/**'
05-23-2017 09:17:15.281,DEBUG,9B4BE7F06778AE8CEDF23BF1ADBBEEA0,Checking match of request : '/0089/searchdata'; against '/0017/**'
05-23-2017 09:17:15.281,DEBUG,9B4BE7F06778AE8CEDF23BF1ADBBEEA0,Checking match of request : '/0089/searchdata'; against '/0031/**'
05-23-2017 09:17:15.281,DEBUG,9B4BE7F06778AE8CEDF23BF1ADBBEEA0,Checking match of request : '/0089/searchdata'; against '/0035/**'
05-23-2017 09:17:15.281,DEBUG,9B4BE7F06778AE8CEDF23BF1ADBBEEA0,Checking match of request : '/0089/searchdata'; against '/0037/**'
05-23-2017 09:17:15.281,DEBUG,9B4BE7F06778AE8CEDF23BF1ADBBEEA0,Checking match of request : '/0089/searchdata'; against '/0045/**'
05-23-2017 09:17:15.281,DEBUG,9B4BE7F06778AE8CEDF23BF1ADBBEEA0,Checking match of request : '/0089/searchdata'; against '/0047/**'
05-23-2017 09:17:15.281,DEBUG,9B4BE7F06778AE8CEDF23BF1ADBBEEA0,Checking match of request : '/0089/searchdata'; against '/0049/**'
05-23-2017 09:17:15.281,DEBUG,9B4BE7F06778AE8CEDF23BF1ADBBEEA0,Checking match of request : '/0089/searchdata'; against '/0061/**'
05-23-2017 09:17:15.281,DEBUG,9B4BE7F06778AE8CEDF23BF1ADBBEEA0,Checking match of request : '/0089/searchdata'; against '/0087/**'
05-23-2017 09:17:15.281,DEBUG,9B4BE7F06778AE8CEDF23BF1ADBBEEA0,Checking match of request : '/0089/searchdata'; against '/0075/**'
05-23-2017 09:17:15.281,DEBUG,9B4BE7F06778AE8CEDF23BF1ADBBEEA0,Checking match of request : '/0089/searchdata'; against '/0089/**'
05-23-2017 09:17:15.281,DEBUG,9B4BE7F06778AE8CEDF23BF1ADBBEEA0,Secure object: FilterInvocation: URL: /0089/searchData; Attributes: [ROLE_ADMIN, ROLE_USER, IS_AUTHENTICATED_FULLY]
05-23-2017 09:17:15.281,DEBUG,9B4BE7F06778AE8CEDF23BF1ADBBEEA0,Previously Authenticated: org.springframework.security.authentication.UsernamePasswordAuthenticationToken@3b6d4a73: Principal: vn.bananavietnam.ict.common.auth.MyUser@c4907816: Username: U0000000001; Password: [PROTECTED]; Enabled: true; AccountNonExpired: true; credentialsNonExpired: true; AccountNonLocked: true; Granted Authorities: 1; Credentials: [PROTECTED]; Authenticated: true; Details: org.springframework.security.web.authentication.WebAuthenticationDetails@2cd90: RemoteIpAddress: 0:0:0:0:0:0:0:1; SessionId: A736CEB69BC9ABB2A63607F480B89F9C; Granted Authorities: 1
05-23-2017 09:17:15.281,DEBUG,9B4BE7F06778AE8CEDF23BF1ADBBEEA0,Voter: org.springframework.security.access.vote.RoleVoter@1ac872d, returned: -1
05-23-2017 09:17:15.281,DEBUG,9B4BE7F06778AE8CEDF23BF1ADBBEEA0,Voter: org.springframework.security.access.vote.AuthenticatedVoter@b1927d, returned: 1
05-23-2017 09:17:15.282,DEBUG,9B4BE7F06778AE8CEDF23BF1ADBBEEA0,Authorization successful
05-23-2017 09:17:15.282,DEBUG,9B4BE7F06778AE8CEDF23BF1ADBBEEA0,RunAsManager did not change Authentication object
05-23-2017 09:17:15.282,DEBUG,9B4BE7F06778AE8CEDF23BF1ADBBEEA0,/0089/searchData reached end of additional filter chain; proceeding with original chain
05-23-2017 09:17:15.282,DEBUG,9B4BE7F06778AE8CEDF23BF1ADBBEEA0,Request [/ict/0089/searchData] is not a multipart request
05-23-2017 09:17:15.282,DEBUG,0BF95C2FE4809FE59E84CB14AF40B6BF,DispatcherServlet with name 'appServlet' processing POST request for [/ict/0089/searchData]
05-23-2017 09:17:15.282,DEBUG,0BF95C2FE4809FE59E84CB14AF40B6BF,Looking up handler method for path /0089/searchData
05-23-2017 09:17:15.282,DEBUG,0BF95C2FE4809FE59E84CB14AF40B6BF,Returning handler method [public java.util.List<vn.bananavietnam.ict.banana.component.Bnn0089SearchTaskResult> vn.bananavietnam.ict.banana.controller.Bnn0089SearchTaskController.searchData(vn.bananavietnam.ict.banana.component.Bnn0089SearchTaskConditions)]
05-23-2017 09:17:15.282,DEBUG,0BF95C2FE4809FE59E84CB14AF40B6BF,Returning cached instance of singleton bean 'bnn0089SearchTaskController'
05-23-2017 09:17:15.282,DEBUG,0BF95C2FE4809FE59E84CB14AF40B6BF,Returning cached instance of singleton bean 'xml_path'
05-23-2017 09:17:15.283,DEBUG,0BF95C2FE4809FE59E84CB14AF40B6BF,Read [class vn.bananavietnam.ict.banana.component.Bnn0089SearchTaskConditions] as "application/json" with [org.springframework.http.converter.json.MappingJackson2HttpMessageConverter@156f2cc]
05-23-2017 09:17:15.283,INFO ,0BF95C2FE4809FE59E84CB14AF40B6BF,U0000000001,vn.bananavietnam.ict.banana.service.Bnn0089SearchTaskService,searchData,[vn.bananavietnam.ict.banana.component.Bnn0089SearchTaskConditions@bb9023] METHOD START
05-23-2017 09:17:15.283,DEBUG,0BF95C2FE4809FE59E84CB14AF40B6BF,Returning cached instance of singleton bean 'transactionManager'
05-23-2017 09:17:15.283,INFO ,0BF95C2FE4809FE59E84CB14AF40B6BF,U0000000001,Task searching started
05-23-2017 09:17:15.283,DEBUG,0BF95C2FE4809FE59E84CB14AF40B6BF,Creating a new SqlSession
05-23-2017 09:17:15.283,DEBUG,0BF95C2FE4809FE59E84CB14AF40B6BF,Registering transaction synchronization for SqlSession [org.apache.ibatis.session.defaults.DefaultSqlSession@166a8dc]
05-23-2017 09:17:15.283,DEBUG,0BF95C2FE4809FE59E84CB14AF40B6BF,Fetching JDBC Connection from DataSource
05-23-2017 09:17:15.283,DEBUG,0BF95C2FE4809FE59E84CB14AF40B6BF,Creating new JDBC DriverManager Connection to [jdbc:mysql://172.16.0.175:3306/BANANA_DB_HUNG_SELENIUM?useUnicode=yes&characterEncoding=UTF-8&autoReconnect=true]
05-23-2017 09:17:19.290,DEBUG,0BF95C2FE4809FE59E84CB14AF40B6BF,Releasing transactional SqlSession [org.apache.ibatis.session.defaults.DefaultSqlSession@166a8dc]
05-23-2017 09:17:19.299,ERROR,0BF95C2FE4809FE59E84CB14AF40B6BF,U0000000001,java.lang.Exception: nested exception is org.apache.ibatis.exceptions.PersistenceException: 
05-23-2017 09:17:19.299,DEBUG,0BF95C2FE4809FE59E84CB14AF40B6BF,Transaction synchronization deregistering SqlSession [org.apache.ibatis.session.defaults.DefaultSqlSession@166a8dc]
05-23-2017 09:17:19.299,DEBUG,0BF95C2FE4809FE59E84CB14AF40B6BF,Transaction synchronization closing SqlSession [org.apache.ibatis.session.defaults.DefaultSqlSession@166a8dc]
05-23-2017 09:17:19.299,DEBUG,0BF95C2FE4809FE59E84CB14AF40B6BF,Should roll back transaction but cannot - no transaction available
05-23-2017 09:17:19.299,INFO ,0BF95C2FE4809FE59E84CB14AF40B6BF,U0000000001,vn.bananavietnam.ict.banana.service.Bnn0089SearchTaskService,searchData,[vn.bananavietnam.ict.banana.component.Bnn0089SearchTaskConditions@bb9023] METHOD END
05-23-2017 09:17:19.300,DEBUG,0BF95C2FE4809FE59E84CB14AF40B6BF,Null ModelAndView returned to DispatcherServlet with name 'appServlet': assuming HandlerAdapter completed request handling
05-23-2017 09:17:19.300,DEBUG,0BF95C2FE4809FE59E84CB14AF40B6BF,Successfully completed request
05-23-2017 09:17:19.301,DEBUG,0BF95C2FE4809FE59E84CB14AF40B6BF,Chain processed normally
05-23-2017 09:17:19.301,DEBUG,0BF95C2FE4809FE59E84CB14AF40B6BF,SecurityContextHolder now cleared, as request processing completed
05-23-2017 09:17:37.141,DEBUG,5DF11316B17BB66F8AF25EF1AD143002,/0089/searchData at position 1 of 11 in additional filter chain; firing Filter: 'SecurityContextPersistenceFilter'
05-23-2017 09:17:37.141,DEBUG,5DF11316B17BB66F8AF25EF1AD143002,Obtained a valid SecurityContext from SPRING_SECURITY_CONTEXT: 'org.springframework.security.core.context.SecurityContextImpl@3b6d4a73: Authentication: org.springframework.security.authentication.UsernamePasswordAuthenticationToken@3b6d4a73: Principal: vn.bananavietnam.ict.common.auth.MyUser@c4907816: Username: U0000000001; Password: [PROTECTED]; Enabled: true; AccountNonExpired: true; credentialsNonExpired: true; AccountNonLocked: true; Granted Authorities: 1; Credentials: [PROTECTED]; Authenticated: true; Details: org.springframework.security.web.authentication.WebAuthenticationDetails@2cd90: RemoteIpAddress: 0:0:0:0:0:0:0:1; SessionId: A736CEB69BC9ABB2A63607F480B89F9C; Granted Authorities: 1'
05-23-2017 09:17:37.141,DEBUG,5DF11316B17BB66F8AF25EF1AD143002,/0089/searchData at position 2 of 11 in additional filter chain; firing Filter: 'WebAsyncManagerIntegrationFilter'
05-23-2017 09:17:37.141,DEBUG,5DF11316B17BB66F8AF25EF1AD143002,/0089/searchData at position 3 of 11 in additional filter chain; firing Filter: 'LogoutFilter'
05-23-2017 09:17:37.141,DEBUG,5DF11316B17BB66F8AF25EF1AD143002,/0089/searchData at position 4 of 11 in additional filter chain; firing Filter: 'UsernamePasswordAuthenticationFilter'
05-23-2017 09:17:37.141,DEBUG,5DF11316B17BB66F8AF25EF1AD143002,/0089/searchData at position 5 of 11 in additional filter chain; firing Filter: 'BasicAuthenticationFilter'
05-23-2017 09:17:37.141,DEBUG,5DF11316B17BB66F8AF25EF1AD143002,/0089/searchData at position 6 of 11 in additional filter chain; firing Filter: 'RequestCacheAwareFilter'
05-23-2017 09:17:37.141,DEBUG,5DF11316B17BB66F8AF25EF1AD143002,/0089/searchData at position 7 of 11 in additional filter chain; firing Filter: 'SecurityContextHolderAwareRequestFilter'
05-23-2017 09:17:37.141,DEBUG,5DF11316B17BB66F8AF25EF1AD143002,/0089/searchData at position 8 of 11 in additional filter chain; firing Filter: 'AnonymousAuthenticationFilter'
05-23-2017 09:17:37.141,DEBUG,5DF11316B17BB66F8AF25EF1AD143002,SecurityContextHolder not populated with anonymous token, as it already contained: 'org.springframework.security.authentication.UsernamePasswordAuthenticationToken@3b6d4a73: Principal: vn.bananavietnam.ict.common.auth.MyUser@c4907816: Username: U0000000001; Password: [PROTECTED]; Enabled: true; AccountNonExpired: true; credentialsNonExpired: true; AccountNonLocked: true; Granted Authorities: 1; Credentials: [PROTECTED]; Authenticated: true; Details: org.springframework.security.web.authentication.WebAuthenticationDetails@2cd90: RemoteIpAddress: 0:0:0:0:0:0:0:1; SessionId: A736CEB69BC9ABB2A63607F480B89F9C; Granted Authorities: 1'
05-23-2017 09:17:37.141,DEBUG,5DF11316B17BB66F8AF25EF1AD143002,/0089/searchData at position 9 of 11 in additional filter chain; firing Filter: 'SessionManagementFilter'
05-23-2017 09:17:37.141,DEBUG,5DF11316B17BB66F8AF25EF1AD143002,/0089/searchData at position 10 of 11 in additional filter chain; firing Filter: 'ExceptionTranslationFilter'
05-23-2017 09:17:37.142,DEBUG,5DF11316B17BB66F8AF25EF1AD143002,/0089/searchData at position 11 of 11 in additional filter chain; firing Filter: 'FilterSecurityInterceptor'
05-23-2017 09:17:37.142,DEBUG,5DF11316B17BB66F8AF25EF1AD143002,Checking match of request : '/0089/searchdata'; against '/autherror*'
05-23-2017 09:17:37.142,DEBUG,5DF11316B17BB66F8AF25EF1AD143002,Checking match of request : '/0089/searchdata'; against '/login/**'
05-23-2017 09:17:37.142,DEBUG,5DF11316B17BB66F8AF25EF1AD143002,Checking match of request : '/0089/searchdata'; against '/error/**'
05-23-2017 09:17:37.142,DEBUG,5DF11316B17BB66F8AF25EF1AD143002,Checking match of request : '/0089/searchdata'; against '/0001/**'
05-23-2017 09:17:37.142,DEBUG,5DF11316B17BB66F8AF25EF1AD143002,Checking match of request : '/0089/searchdata'; against '/0002/**'
05-23-2017 09:17:37.142,DEBUG,5DF11316B17BB66F8AF25EF1AD143002,Checking match of request : '/0089/searchdata'; against '/0003/**'
05-23-2017 09:17:37.142,DEBUG,5DF11316B17BB66F8AF25EF1AD143002,Checking match of request : '/0089/searchdata'; against '/0005/**'
05-23-2017 09:17:37.142,DEBUG,5DF11316B17BB66F8AF25EF1AD143002,Checking match of request : '/0089/searchdata'; against '/0007/**'
05-23-2017 09:17:37.142,DEBUG,5DF11316B17BB66F8AF25EF1AD143002,Checking match of request : '/0089/searchdata'; against '/0009/**'
05-23-2017 09:17:37.142,DEBUG,5DF11316B17BB66F8AF25EF1AD143002,Checking match of request : '/0089/searchdata'; against '/0013/**'
05-23-2017 09:17:37.142,DEBUG,5DF11316B17BB66F8AF25EF1AD143002,Checking match of request : '/0089/searchdata'; against '/0023/**'
05-23-2017 09:17:37.142,DEBUG,5DF11316B17BB66F8AF25EF1AD143002,Checking match of request : '/0089/searchdata'; against '/0017/**'
05-23-2017 09:17:37.142,DEBUG,5DF11316B17BB66F8AF25EF1AD143002,Checking match of request : '/0089/searchdata'; against '/0031/**'
05-23-2017 09:17:37.142,DEBUG,5DF11316B17BB66F8AF25EF1AD143002,Checking match of request : '/0089/searchdata'; against '/0035/**'
05-23-2017 09:17:37.142,DEBUG,5DF11316B17BB66F8AF25EF1AD143002,Checking match of request : '/0089/searchdata'; against '/0037/**'
05-23-2017 09:17:37.142,DEBUG,5DF11316B17BB66F8AF25EF1AD143002,Checking match of request : '/0089/searchdata'; against '/0045/**'
05-23-2017 09:17:37.142,DEBUG,5DF11316B17BB66F8AF25EF1AD143002,Checking match of request : '/0089/searchdata'; against '/0047/**'
05-23-2017 09:17:37.142,DEBUG,5DF11316B17BB66F8AF25EF1AD143002,Checking match of request : '/0089/searchdata'; against '/0049/**'
05-23-2017 09:17:37.142,DEBUG,5DF11316B17BB66F8AF25EF1AD143002,Checking match of request : '/0089/searchdata'; against '/0061/**'
05-23-2017 09:17:37.142,DEBUG,5DF11316B17BB66F8AF25EF1AD143002,Checking match of request : '/0089/searchdata'; against '/0087/**'
05-23-2017 09:17:37.142,DEBUG,5DF11316B17BB66F8AF25EF1AD143002,Checking match of request : '/0089/searchdata'; against '/0075/**'
05-23-2017 09:17:37.142,DEBUG,5DF11316B17BB66F8AF25EF1AD143002,Checking match of request : '/0089/searchdata'; against '/0089/**'
05-23-2017 09:17:37.142,DEBUG,5DF11316B17BB66F8AF25EF1AD143002,Secure object: FilterInvocation: URL: /0089/searchData; Attributes: [ROLE_ADMIN, ROLE_USER, IS_AUTHENTICATED_FULLY]
05-23-2017 09:17:37.142,DEBUG,5DF11316B17BB66F8AF25EF1AD143002,Previously Authenticated: org.springframework.security.authentication.UsernamePasswordAuthenticationToken@3b6d4a73: Principal: vn.bananavietnam.ict.common.auth.MyUser@c4907816: Username: U0000000001; Password: [PROTECTED]; Enabled: true; AccountNonExpired: true; credentialsNonExpired: true; AccountNonLocked: true; Granted Authorities: 1; Credentials: [PROTECTED]; Authenticated: true; Details: org.springframework.security.web.authentication.WebAuthenticationDetails@2cd90: RemoteIpAddress: 0:0:0:0:0:0:0:1; SessionId: A736CEB69BC9ABB2A63607F480B89F9C; Granted Authorities: 1
05-23-2017 09:17:37.142,DEBUG,5DF11316B17BB66F8AF25EF1AD143002,Voter: org.springframework.security.access.vote.RoleVoter@1ac872d, returned: -1
05-23-2017 09:17:37.142,DEBUG,5DF11316B17BB66F8AF25EF1AD143002,Voter: org.springframework.security.access.vote.AuthenticatedVoter@b1927d, returned: 1
05-23-2017 09:17:37.142,DEBUG,5DF11316B17BB66F8AF25EF1AD143002,Authorization successful
05-23-2017 09:17:37.142,DEBUG,5DF11316B17BB66F8AF25EF1AD143002,RunAsManager did not change Authentication object
05-23-2017 09:17:37.142,DEBUG,5DF11316B17BB66F8AF25EF1AD143002,/0089/searchData reached end of additional filter chain; proceeding with original chain
05-23-2017 09:17:37.142,DEBUG,5DF11316B17BB66F8AF25EF1AD143002,Request [/ict/0089/searchData] is not a multipart request
05-23-2017 09:17:37.142,DEBUG,0BF95C2FE4809FE59E84CB14AF40B6BF,DispatcherServlet with name 'appServlet' processing POST request for [/ict/0089/searchData]
05-23-2017 09:17:37.142,DEBUG,0BF95C2FE4809FE59E84CB14AF40B6BF,Looking up handler method for path /0089/searchData
05-23-2017 09:17:37.142,DEBUG,0BF95C2FE4809FE59E84CB14AF40B6BF,Returning handler method [public java.util.List<vn.bananavietnam.ict.banana.component.Bnn0089SearchTaskResult> vn.bananavietnam.ict.banana.controller.Bnn0089SearchTaskController.searchData(vn.bananavietnam.ict.banana.component.Bnn0089SearchTaskConditions)]
05-23-2017 09:17:37.143,DEBUG,0BF95C2FE4809FE59E84CB14AF40B6BF,Returning cached instance of singleton bean 'bnn0089SearchTaskController'
05-23-2017 09:17:37.143,DEBUG,0BF95C2FE4809FE59E84CB14AF40B6BF,Returning cached instance of singleton bean 'xml_path'
05-23-2017 09:17:37.143,DEBUG,0BF95C2FE4809FE59E84CB14AF40B6BF,Read [class vn.bananavietnam.ict.banana.component.Bnn0089SearchTaskConditions] as "application/json" with [org.springframework.http.converter.json.MappingJackson2HttpMessageConverter@156f2cc]
05-23-2017 09:17:37.143,INFO ,0BF95C2FE4809FE59E84CB14AF40B6BF,U0000000001,vn.bananavietnam.ict.banana.service.Bnn0089SearchTaskService,searchData,[vn.bananavietnam.ict.banana.component.Bnn0089SearchTaskConditions@100f3a9] METHOD START
05-23-2017 09:17:37.143,DEBUG,0BF95C2FE4809FE59E84CB14AF40B6BF,Returning cached instance of singleton bean 'transactionManager'
05-23-2017 09:17:37.143,INFO ,0BF95C2FE4809FE59E84CB14AF40B6BF,U0000000001,Task searching started
05-23-2017 09:17:37.143,DEBUG,0BF95C2FE4809FE59E84CB14AF40B6BF,Creating a new SqlSession
05-23-2017 09:17:37.143,DEBUG,0BF95C2FE4809FE59E84CB14AF40B6BF,Registering transaction synchronization for SqlSession [org.apache.ibatis.session.defaults.DefaultSqlSession@f15c57]
05-23-2017 09:17:37.143,DEBUG,0BF95C2FE4809FE59E84CB14AF40B6BF,Fetching JDBC Connection from DataSource
05-23-2017 09:17:37.144,DEBUG,0BF95C2FE4809FE59E84CB14AF40B6BF,Creating new JDBC DriverManager Connection to [jdbc:mysql://172.16.0.175:3306/BANANA_DB_HUNG_SELENIUM?useUnicode=yes&characterEncoding=UTF-8&autoReconnect=true]
05-23-2017 09:17:37.162,DEBUG,0BF95C2FE4809FE59E84CB14AF40B6BF,Registering transaction synchronization for JDBC Connection
05-23-2017 09:17:37.162,DEBUG,0BF95C2FE4809FE59E84CB14AF40B6BF,JDBC Connection [com.mysql.jdbc.JDBC4Connection@15f1c4c] will be managed by Spring
05-23-2017 09:17:37.163,DEBUG,0BF95C2FE4809FE59E84CB14AF40B6BF,==>  Preparing: SELECT T.TASK_ID taskId, T.TASK_NAME taskName, T.WORKING_DETAILS workingDetails, T.NOTE note, T.QUARANTINE_HANDLING_FLAG quarantineHandlingFlag, T.DELETE_FLAG deleteFlag, T.CHANGE_POINT_CODE changePointCode, T.LAST_UPDATE_DATE lastUpdateDate FROM IVB_M_TASK T WHERE 1 = 1 AND T.DELETE_FLAG = '0' ORDER BY T.TASK_NAME LIMIT ?,? 
05-23-2017 09:17:37.163,DEBUG,0BF95C2FE4809FE59E84CB14AF40B6BF,==> Parameters: 0(Integer), 20(Integer)
05-23-2017 09:17:37.166,DEBUG,0BF95C2FE4809FE59E84CB14AF40B6BF,<==      Total: 20
05-23-2017 09:17:37.166,DEBUG,0BF95C2FE4809FE59E84CB14AF40B6BF,Releasing transactional SqlSession [org.apache.ibatis.session.defaults.DefaultSqlSession@f15c57]
05-23-2017 09:17:37.166,INFO ,0BF95C2FE4809FE59E84CB14AF40B6BF,U0000000001,SQL execution finished
05-23-2017 09:17:37.166,DEBUG,0BF95C2FE4809FE59E84CB14AF40B6BF,Fetched SqlSession [org.apache.ibatis.session.defaults.DefaultSqlSession@f15c57] from current transaction
05-23-2017 09:17:37.166,DEBUG,0BF95C2FE4809FE59E84CB14AF40B6BF,==>  Preparing: SELECT COUNT(*) FROM IVB_M_TASK T WHERE 1 = 1 AND T.DELETE_FLAG = '0' ORDER BY T.TASK_ID 
05-23-2017 09:17:37.166,DEBUG,0BF95C2FE4809FE59E84CB14AF40B6BF,==> Parameters: 
05-23-2017 09:17:37.168,DEBUG,0BF95C2FE4809FE59E84CB14AF40B6BF,<==      Total: 1
05-23-2017 09:17:37.168,DEBUG,0BF95C2FE4809FE59E84CB14AF40B6BF,Releasing transactional SqlSession [org.apache.ibatis.session.defaults.DefaultSqlSession@f15c57]
05-23-2017 09:17:37.168,INFO ,0BF95C2FE4809FE59E84CB14AF40B6BF,U0000000001,Task searching finished ==> 43 item(s)
05-23-2017 09:17:37.168,DEBUG,0BF95C2FE4809FE59E84CB14AF40B6BF,Transaction synchronization deregistering SqlSession [org.apache.ibatis.session.defaults.DefaultSqlSession@f15c57]
05-23-2017 09:17:37.168,DEBUG,0BF95C2FE4809FE59E84CB14AF40B6BF,Transaction synchronization closing SqlSession [org.apache.ibatis.session.defaults.DefaultSqlSession@f15c57]
05-23-2017 09:17:37.168,DEBUG,0BF95C2FE4809FE59E84CB14AF40B6BF,Returning JDBC Connection to DataSource
05-23-2017 09:17:37.168,INFO ,0BF95C2FE4809FE59E84CB14AF40B6BF,U0000000001,vn.bananavietnam.ict.banana.service.Bnn0089SearchTaskService,searchData,[vn.bananavietnam.ict.banana.component.Bnn0089SearchTaskConditions@100f3a9] METHOD END
05-23-2017 09:17:37.170,DEBUG,0BF95C2FE4809FE59E84CB14AF40B6BF,Written [[vn.bananavietnam.ict.banana.component.Bnn0089SearchTaskResult@12503a9, vn.bananavietnam.ict.banana.component.Bnn0089SearchTaskResult@9c779b, vn.bananavietnam.ict.banana.component.Bnn0089SearchTaskResult@15d5c2f, vn.bananavietnam.ict.banana.component.Bnn0089SearchTaskResult@19e3373, vn.bananavietnam.ict.banana.component.Bnn0089SearchTaskResult@6142a2, vn.bananavietnam.ict.banana.component.Bnn0089SearchTaskResult@110d75a, vn.bananavietnam.ict.banana.component.Bnn0089SearchTaskResult@655fb3, vn.bananavietnam.ict.banana.component.Bnn0089SearchTaskResult@80f8a7, vn.bananavietnam.ict.banana.component.Bnn0089SearchTaskResult@28cb87, vn.bananavietnam.ict.banana.component.Bnn0089SearchTaskResult@183689f, vn.bananavietnam.ict.banana.component.Bnn0089SearchTaskResult@17f399b, vn.bananavietnam.ict.banana.component.Bnn0089SearchTaskResult@93be13, vn.bananavietnam.ict.banana.component.Bnn0089SearchTaskResult@d32eb5, vn.bananavietnam.ict.banana.component.Bnn0089SearchTaskResult@7c68e0, vn.bananavietnam.ict.banana.component.Bnn0089SearchTaskResult@2126d5, vn.bananavietnam.ict.banana.component.Bnn0089SearchTaskResult@1616264, vn.bananavietnam.ict.banana.component.Bnn0089SearchTaskResult@d447bb, vn.bananavietnam.ict.banana.component.Bnn0089SearchTaskResult@1ee13a9, vn.bananavietnam.ict.banana.component.Bnn0089SearchTaskResult@fc8d4f, vn.bananavietnam.ict.banana.component.Bnn0089SearchTaskResult@aaba76]] as "application/json;charset=UTF-8" using [org.springframework.http.converter.json.MappingJackson2HttpMessageConverter@156f2cc]
05-23-2017 09:17:37.170,DEBUG,0BF95C2FE4809FE59E84CB14AF40B6BF,Null ModelAndView returned to DispatcherServlet with name 'appServlet': assuming HandlerAdapter completed request handling
05-23-2017 09:17:37.170,DEBUG,0BF95C2FE4809FE59E84CB14AF40B6BF,Successfully completed request
05-23-2017 09:17:37.170,DEBUG,0BF95C2FE4809FE59E84CB14AF40B6BF,Chain processed normally
05-23-2017 09:17:37.170,DEBUG,0BF95C2FE4809FE59E84CB14AF40B6BF,SecurityContextHolder now cleared, as request processing completed
