05-23-2017 08:08:17.822,DEBUG,71509DD03D6CF738D26AED644D2A08FA,/0089/updateData at position 1 of 11 in additional filter chain; firing Filter: 'SecurityContextPersistenceFilter'
05-23-2017 08:08:17.823,DEBUG,71509DD03D6CF738D26AED644D2A08FA,Obtained a valid SecurityContext from SPRING_SECURITY_CONTEXT: 'org.springframework.security.core.context.SecurityContextImpl@c490cb7f: Authentication: org.springframework.security.authentication.UsernamePasswordAuthenticationToken@c490cb7f: Principal: vn.bananavietnam.ict.common.auth.MyUser@c4907816: Username: U0000000001; Password: [PROTECTED]; Enabled: true; AccountNonExpired: true; credentialsNonExpired: true; AccountNonLocked: true; Granted Authorities: 1; Credentials: [PROTECTED]; Authenticated: true; Details: org.springframework.security.web.authentication.WebAuthenticationDetails@ffff4c9c: RemoteIpAddress: 0:0:0:0:0:0:0:1; SessionId: 71509DD03D6CF738D26AED644D2A08FA; Granted Authorities: 1'
05-23-2017 08:08:17.823,DEBUG,71509DD03D6CF738D26AED644D2A08FA,/0089/updateData at position 2 of 11 in additional filter chain; firing Filter: 'WebAsyncManagerIntegrationFilter'
05-23-2017 08:08:17.823,DEBUG,71509DD03D6CF738D26AED644D2A08FA,/0089/updateData at position 3 of 11 in additional filter chain; firing Filter: 'LogoutFilter'
05-23-2017 08:08:17.823,DEBUG,71509DD03D6CF738D26AED644D2A08FA,/0089/updateData at position 4 of 11 in additional filter chain; firing Filter: 'UsernamePasswordAuthenticationFilter'
05-23-2017 08:08:17.823,DEBUG,71509DD03D6CF738D26AED644D2A08FA,/0089/updateData at position 5 of 11 in additional filter chain; firing Filter: 'BasicAuthenticationFilter'
05-23-2017 08:08:17.823,DEBUG,71509DD03D6CF738D26AED644D2A08FA,/0089/updateData at position 6 of 11 in additional filter chain; firing Filter: 'RequestCacheAwareFilter'
05-23-2017 08:08:17.823,DEBUG,71509DD03D6CF738D26AED644D2A08FA,/0089/updateData at position 7 of 11 in additional filter chain; firing Filter: 'SecurityContextHolderAwareRequestFilter'
05-23-2017 08:08:17.823,DEBUG,71509DD03D6CF738D26AED644D2A08FA,/0089/updateData at position 8 of 11 in additional filter chain; firing Filter: 'AnonymousAuthenticationFilter'
05-23-2017 08:08:17.823,DEBUG,71509DD03D6CF738D26AED644D2A08FA,SecurityContextHolder not populated with anonymous token, as it already contained: 'org.springframework.security.authentication.UsernamePasswordAuthenticationToken@c490cb7f: Principal: vn.bananavietnam.ict.common.auth.MyUser@c4907816: Username: U0000000001; Password: [PROTECTED]; Enabled: true; AccountNonExpired: true; credentialsNonExpired: true; AccountNonLocked: true; Granted Authorities: 1; Credentials: [PROTECTED]; Authenticated: true; Details: org.springframework.security.web.authentication.WebAuthenticationDetails@ffff4c9c: RemoteIpAddress: 0:0:0:0:0:0:0:1; SessionId: 71509DD03D6CF738D26AED644D2A08FA; Granted Authorities: 1'
05-23-2017 08:08:17.823,DEBUG,71509DD03D6CF738D26AED644D2A08FA,/0089/updateData at position 9 of 11 in additional filter chain; firing Filter: 'SessionManagementFilter'
05-23-2017 08:08:17.823,DEBUG,71509DD03D6CF738D26AED644D2A08FA,/0089/updateData at position 10 of 11 in additional filter chain; firing Filter: 'ExceptionTranslationFilter'
05-23-2017 08:08:17.823,DEBUG,71509DD03D6CF738D26AED644D2A08FA,/0089/updateData at position 11 of 11 in additional filter chain; firing Filter: 'FilterSecurityInterceptor'
05-23-2017 08:08:17.823,DEBUG,71509DD03D6CF738D26AED644D2A08FA,Checking match of request : '/0089/updatedata'; against '/autherror*'
05-23-2017 08:08:17.824,DEBUG,71509DD03D6CF738D26AED644D2A08FA,Checking match of request : '/0089/updatedata'; against '/login/**'
05-23-2017 08:08:17.824,DEBUG,71509DD03D6CF738D26AED644D2A08FA,Checking match of request : '/0089/updatedata'; against '/error/**'
05-23-2017 08:08:17.824,DEBUG,71509DD03D6CF738D26AED644D2A08FA,Checking match of request : '/0089/updatedata'; against '/0001/**'
05-23-2017 08:08:17.824,DEBUG,71509DD03D6CF738D26AED644D2A08FA,Checking match of request : '/0089/updatedata'; against '/0002/**'
05-23-2017 08:08:17.824,DEBUG,71509DD03D6CF738D26AED644D2A08FA,Checking match of request : '/0089/updatedata'; against '/0003/**'
05-23-2017 08:08:17.824,DEBUG,71509DD03D6CF738D26AED644D2A08FA,Checking match of request : '/0089/updatedata'; against '/0005/**'
05-23-2017 08:08:17.824,DEBUG,71509DD03D6CF738D26AED644D2A08FA,Checking match of request : '/0089/updatedata'; against '/0007/**'
05-23-2017 08:08:17.824,DEBUG,71509DD03D6CF738D26AED644D2A08FA,Checking match of request : '/0089/updatedata'; against '/0009/**'
05-23-2017 08:08:17.824,DEBUG,71509DD03D6CF738D26AED644D2A08FA,Checking match of request : '/0089/updatedata'; against '/0013/**'
05-23-2017 08:08:17.824,DEBUG,71509DD03D6CF738D26AED644D2A08FA,Checking match of request : '/0089/updatedata'; against '/0023/**'
05-23-2017 08:08:17.824,DEBUG,71509DD03D6CF738D26AED644D2A08FA,Checking match of request : '/0089/updatedata'; against '/0017/**'
05-23-2017 08:08:17.824,DEBUG,71509DD03D6CF738D26AED644D2A08FA,Checking match of request : '/0089/updatedata'; against '/0031/**'
05-23-2017 08:08:17.824,DEBUG,71509DD03D6CF738D26AED644D2A08FA,Checking match of request : '/0089/updatedata'; against '/0035/**'
05-23-2017 08:08:17.824,DEBUG,71509DD03D6CF738D26AED644D2A08FA,Checking match of request : '/0089/updatedata'; against '/0037/**'
05-23-2017 08:08:17.824,DEBUG,71509DD03D6CF738D26AED644D2A08FA,Checking match of request : '/0089/updatedata'; against '/0045/**'
05-23-2017 08:08:17.824,DEBUG,71509DD03D6CF738D26AED644D2A08FA,Checking match of request : '/0089/updatedata'; against '/0047/**'
05-23-2017 08:08:17.824,DEBUG,71509DD03D6CF738D26AED644D2A08FA,Checking match of request : '/0089/updatedata'; against '/0049/**'
05-23-2017 08:08:17.824,DEBUG,71509DD03D6CF738D26AED644D2A08FA,Checking match of request : '/0089/updatedata'; against '/0061/**'
05-23-2017 08:08:17.824,DEBUG,71509DD03D6CF738D26AED644D2A08FA,Checking match of request : '/0089/updatedata'; against '/0087/**'
05-23-2017 08:08:17.824,DEBUG,71509DD03D6CF738D26AED644D2A08FA,Checking match of request : '/0089/updatedata'; against '/0075/**'
05-23-2017 08:08:17.824,DEBUG,71509DD03D6CF738D26AED644D2A08FA,Checking match of request : '/0089/updatedata'; against '/0089/**'
05-23-2017 08:08:17.824,DEBUG,71509DD03D6CF738D26AED644D2A08FA,Secure object: FilterInvocation: URL: /0089/updateData; Attributes: [ROLE_ADMIN, ROLE_USER, IS_AUTHENTICATED_FULLY]
05-23-2017 08:08:17.824,DEBUG,71509DD03D6CF738D26AED644D2A08FA,Previously Authenticated: org.springframework.security.authentication.UsernamePasswordAuthenticationToken@c490cb7f: Principal: vn.bananavietnam.ict.common.auth.MyUser@c4907816: Username: U0000000001; Password: [PROTECTED]; Enabled: true; AccountNonExpired: true; credentialsNonExpired: true; AccountNonLocked: true; Granted Authorities: 1; Credentials: [PROTECTED]; Authenticated: true; Details: org.springframework.security.web.authentication.WebAuthenticationDetails@ffff4c9c: RemoteIpAddress: 0:0:0:0:0:0:0:1; SessionId: 71509DD03D6CF738D26AED644D2A08FA; Granted Authorities: 1
05-23-2017 08:08:17.824,DEBUG,71509DD03D6CF738D26AED644D2A08FA,Voter: org.springframework.security.access.vote.RoleVoter@1ac872d, returned: -1
05-23-2017 08:08:17.824,DEBUG,71509DD03D6CF738D26AED644D2A08FA,Voter: org.springframework.security.access.vote.AuthenticatedVoter@b1927d, returned: 1
05-23-2017 08:08:17.824,DEBUG,71509DD03D6CF738D26AED644D2A08FA,Authorization successful
05-23-2017 08:08:17.825,DEBUG,71509DD03D6CF738D26AED644D2A08FA,RunAsManager did not change Authentication object
05-23-2017 08:08:17.825,DEBUG,71509DD03D6CF738D26AED644D2A08FA,/0089/updateData reached end of additional filter chain; proceeding with original chain
05-23-2017 08:08:17.825,DEBUG,71509DD03D6CF738D26AED644D2A08FA,Request [/ict/0089/updateData] is not a multipart request
05-23-2017 08:08:17.825,DEBUG,E37C8BD7D9DD3DBC6FC41CF0EE4ED01C,DispatcherServlet with name 'appServlet' processing POST request for [/ict/0089/updateData]
05-23-2017 08:08:17.825,DEBUG,E37C8BD7D9DD3DBC6FC41CF0EE4ED01C,Looking up handler method for path /0089/updateData
05-23-2017 08:08:17.825,DEBUG,E37C8BD7D9DD3DBC6FC41CF0EE4ED01C,Returning handler method [public java.lang.String vn.bananavietnam.ict.banana.controller.Bnn0089SearchTaskController.updateData(vn.bananavietnam.ict.common.db.model.IvbMTask)]
05-23-2017 08:08:17.825,DEBUG,E37C8BD7D9DD3DBC6FC41CF0EE4ED01C,Returning cached instance of singleton bean 'bnn0089SearchTaskController'
05-23-2017 08:08:17.825,DEBUG,E37C8BD7D9DD3DBC6FC41CF0EE4ED01C,Returning cached instance of singleton bean 'xml_path'
05-23-2017 08:08:17.826,DEBUG,E37C8BD7D9DD3DBC6FC41CF0EE4ED01C,Read [class vn.bananavietnam.ict.common.db.model.IvbMTask] as "application/json" with [org.springframework.http.converter.json.MappingJackson2HttpMessageConverter@156f2cc]
05-23-2017 08:08:17.827,INFO ,E37C8BD7D9DD3DBC6FC41CF0EE4ED01C,U0000000001,vn.bananavietnam.ict.banana.service.Bnn0089SearchTaskService,updateData,[vn.bananavietnam.ict.common.db.model.IvbMTask@1dcfe54] METHOD START
05-23-2017 08:08:17.827,DEBUG,E37C8BD7D9DD3DBC6FC41CF0EE4ED01C,Returning cached instance of singleton bean 'transactionManager'
05-23-2017 08:08:17.827,DEBUG,E37C8BD7D9DD3DBC6FC41CF0EE4ED01C,Creating new transaction with name [null]: PROPAGATION_REQUIRED,ISOLATION_DEFAULT
05-23-2017 08:08:17.827,DEBUG,E37C8BD7D9DD3DBC6FC41CF0EE4ED01C,Creating new JDBC DriverManager Connection to [jdbc:mysql://172.16.0.175:3306/BANANA_DB_HUNG_SELENIUM?useUnicode=yes&characterEncoding=UTF-8&autoReconnect=true]
05-23-2017 08:08:21.857,ERROR,E37C8BD7D9DD3DBC6FC41CF0EE4ED01C,U0000000001,java.lang.Exception: Could not open JDBC Connection for transaction; nested exception is com.mysql.jdbc.exceptions.jdbc4.MySQLNonTransientConnectionException: Could not create connection to database server. Attempted reconnect 3 times. Giving up.
05-23-2017 08:08:21.857,INFO ,E37C8BD7D9DD3DBC6FC41CF0EE4ED01C,U0000000001,vn.bananavietnam.ict.banana.service.Bnn0089SearchTaskService,updateData,[vn.bananavietnam.ict.common.db.model.IvbMTask@1dcfe54] METHOD END
05-23-2017 08:08:21.862,DEBUG,E37C8BD7D9DD3DBC6FC41CF0EE4ED01C,Written [4006] as "text/plain;charset=ISO-8859-1" using [org.springframework.http.converter.StringHttpMessageConverter@10ddb9c]
05-23-2017 08:08:21.862,DEBUG,E37C8BD7D9DD3DBC6FC41CF0EE4ED01C,Null ModelAndView returned to DispatcherServlet with name 'appServlet': assuming HandlerAdapter completed request handling
05-23-2017 08:08:21.862,DEBUG,E37C8BD7D9DD3DBC6FC41CF0EE4ED01C,Successfully completed request
05-23-2017 08:08:21.862,DEBUG,E37C8BD7D9DD3DBC6FC41CF0EE4ED01C,Chain processed normally
05-23-2017 08:08:21.862,DEBUG,E37C8BD7D9DD3DBC6FC41CF0EE4ED01C,SecurityContextHolder now cleared, as request processing completed
05-23-2017 08:08:50.735,DEBUG,71509DD03D6CF738D26AED644D2A08FA,/0089/searchData at position 1 of 11 in additional filter chain; firing Filter: 'SecurityContextPersistenceFilter'
05-23-2017 08:08:50.735,DEBUG,71509DD03D6CF738D26AED644D2A08FA,Obtained a valid SecurityContext from SPRING_SECURITY_CONTEXT: 'org.springframework.security.core.context.SecurityContextImpl@c490cb7f: Authentication: org.springframework.security.authentication.UsernamePasswordAuthenticationToken@c490cb7f: Principal: vn.bananavietnam.ict.common.auth.MyUser@c4907816: Username: U0000000001; Password: [PROTECTED]; Enabled: true; AccountNonExpired: true; credentialsNonExpired: true; AccountNonLocked: true; Granted Authorities: 1; Credentials: [PROTECTED]; Authenticated: true; Details: org.springframework.security.web.authentication.WebAuthenticationDetails@ffff4c9c: RemoteIpAddress: 0:0:0:0:0:0:0:1; SessionId: 71509DD03D6CF738D26AED644D2A08FA; Granted Authorities: 1'
05-23-2017 08:08:50.735,DEBUG,71509DD03D6CF738D26AED644D2A08FA,/0089/searchData at position 2 of 11 in additional filter chain; firing Filter: 'WebAsyncManagerIntegrationFilter'
05-23-2017 08:08:50.735,DEBUG,71509DD03D6CF738D26AED644D2A08FA,/0089/searchData at position 3 of 11 in additional filter chain; firing Filter: 'LogoutFilter'
05-23-2017 08:08:50.735,DEBUG,71509DD03D6CF738D26AED644D2A08FA,/0089/searchData at position 4 of 11 in additional filter chain; firing Filter: 'UsernamePasswordAuthenticationFilter'
05-23-2017 08:08:50.735,DEBUG,71509DD03D6CF738D26AED644D2A08FA,/0089/searchData at position 5 of 11 in additional filter chain; firing Filter: 'BasicAuthenticationFilter'
05-23-2017 08:08:50.735,DEBUG,71509DD03D6CF738D26AED644D2A08FA,/0089/searchData at position 6 of 11 in additional filter chain; firing Filter: 'RequestCacheAwareFilter'
05-23-2017 08:08:50.735,DEBUG,71509DD03D6CF738D26AED644D2A08FA,/0089/searchData at position 7 of 11 in additional filter chain; firing Filter: 'SecurityContextHolderAwareRequestFilter'
05-23-2017 08:08:50.735,DEBUG,71509DD03D6CF738D26AED644D2A08FA,/0089/searchData at position 8 of 11 in additional filter chain; firing Filter: 'AnonymousAuthenticationFilter'
05-23-2017 08:08:50.735,DEBUG,71509DD03D6CF738D26AED644D2A08FA,SecurityContextHolder not populated with anonymous token, as it already contained: 'org.springframework.security.authentication.UsernamePasswordAuthenticationToken@c490cb7f: Principal: vn.bananavietnam.ict.common.auth.MyUser@c4907816: Username: U0000000001; Password: [PROTECTED]; Enabled: true; AccountNonExpired: true; credentialsNonExpired: true; AccountNonLocked: true; Granted Authorities: 1; Credentials: [PROTECTED]; Authenticated: true; Details: org.springframework.security.web.authentication.WebAuthenticationDetails@ffff4c9c: RemoteIpAddress: 0:0:0:0:0:0:0:1; SessionId: 71509DD03D6CF738D26AED644D2A08FA; Granted Authorities: 1'
05-23-2017 08:08:50.735,DEBUG,71509DD03D6CF738D26AED644D2A08FA,/0089/searchData at position 9 of 11 in additional filter chain; firing Filter: 'SessionManagementFilter'
05-23-2017 08:08:50.735,DEBUG,71509DD03D6CF738D26AED644D2A08FA,/0089/searchData at position 10 of 11 in additional filter chain; firing Filter: 'ExceptionTranslationFilter'
05-23-2017 08:08:50.735,DEBUG,71509DD03D6CF738D26AED644D2A08FA,/0089/searchData at position 11 of 11 in additional filter chain; firing Filter: 'FilterSecurityInterceptor'
05-23-2017 08:08:50.735,DEBUG,71509DD03D6CF738D26AED644D2A08FA,Checking match of request : '/0089/searchdata'; against '/autherror*'
05-23-2017 08:08:50.735,DEBUG,71509DD03D6CF738D26AED644D2A08FA,Checking match of request : '/0089/searchdata'; against '/login/**'
05-23-2017 08:08:50.735,DEBUG,71509DD03D6CF738D26AED644D2A08FA,Checking match of request : '/0089/searchdata'; against '/error/**'
05-23-2017 08:08:50.735,DEBUG,71509DD03D6CF738D26AED644D2A08FA,Checking match of request : '/0089/searchdata'; against '/0001/**'
05-23-2017 08:08:50.735,DEBUG,71509DD03D6CF738D26AED644D2A08FA,Checking match of request : '/0089/searchdata'; against '/0002/**'
05-23-2017 08:08:50.735,DEBUG,71509DD03D6CF738D26AED644D2A08FA,Checking match of request : '/0089/searchdata'; against '/0003/**'
05-23-2017 08:08:50.735,DEBUG,71509DD03D6CF738D26AED644D2A08FA,Checking match of request : '/0089/searchdata'; against '/0005/**'
05-23-2017 08:08:50.735,DEBUG,71509DD03D6CF738D26AED644D2A08FA,Checking match of request : '/0089/searchdata'; against '/0007/**'
05-23-2017 08:08:50.736,DEBUG,71509DD03D6CF738D26AED644D2A08FA,Checking match of request : '/0089/searchdata'; against '/0009/**'
05-23-2017 08:08:50.736,DEBUG,71509DD03D6CF738D26AED644D2A08FA,Checking match of request : '/0089/searchdata'; against '/0013/**'
05-23-2017 08:08:50.736,DEBUG,71509DD03D6CF738D26AED644D2A08FA,Checking match of request : '/0089/searchdata'; against '/0023/**'
05-23-2017 08:08:50.736,DEBUG,71509DD03D6CF738D26AED644D2A08FA,Checking match of request : '/0089/searchdata'; against '/0017/**'
05-23-2017 08:08:50.736,DEBUG,71509DD03D6CF738D26AED644D2A08FA,Checking match of request : '/0089/searchdata'; against '/0031/**'
05-23-2017 08:08:50.736,DEBUG,71509DD03D6CF738D26AED644D2A08FA,Checking match of request : '/0089/searchdata'; against '/0035/**'
05-23-2017 08:08:50.736,DEBUG,71509DD03D6CF738D26AED644D2A08FA,Checking match of request : '/0089/searchdata'; against '/0037/**'
05-23-2017 08:08:50.736,DEBUG,71509DD03D6CF738D26AED644D2A08FA,Checking match of request : '/0089/searchdata'; against '/0045/**'
05-23-2017 08:08:50.736,DEBUG,71509DD03D6CF738D26AED644D2A08FA,Checking match of request : '/0089/searchdata'; against '/0047/**'
05-23-2017 08:08:50.736,DEBUG,71509DD03D6CF738D26AED644D2A08FA,Checking match of request : '/0089/searchdata'; against '/0049/**'
05-23-2017 08:08:50.736,DEBUG,71509DD03D6CF738D26AED644D2A08FA,Checking match of request : '/0089/searchdata'; against '/0061/**'
05-23-2017 08:08:50.736,DEBUG,71509DD03D6CF738D26AED644D2A08FA,Checking match of request : '/0089/searchdata'; against '/0087/**'
05-23-2017 08:08:50.736,DEBUG,71509DD03D6CF738D26AED644D2A08FA,Checking match of request : '/0089/searchdata'; against '/0075/**'
05-23-2017 08:08:50.736,DEBUG,71509DD03D6CF738D26AED644D2A08FA,Checking match of request : '/0089/searchdata'; against '/0089/**'
05-23-2017 08:08:50.736,DEBUG,71509DD03D6CF738D26AED644D2A08FA,Secure object: FilterInvocation: URL: /0089/searchData; Attributes: [ROLE_ADMIN, ROLE_USER, IS_AUTHENTICATED_FULLY]
05-23-2017 08:08:50.736,DEBUG,71509DD03D6CF738D26AED644D2A08FA,Previously Authenticated: org.springframework.security.authentication.UsernamePasswordAuthenticationToken@c490cb7f: Principal: vn.bananavietnam.ict.common.auth.MyUser@c4907816: Username: U0000000001; Password: [PROTECTED]; Enabled: true; AccountNonExpired: true; credentialsNonExpired: true; AccountNonLocked: true; Granted Authorities: 1; Credentials: [PROTECTED]; Authenticated: true; Details: org.springframework.security.web.authentication.WebAuthenticationDetails@ffff4c9c: RemoteIpAddress: 0:0:0:0:0:0:0:1; SessionId: 71509DD03D6CF738D26AED644D2A08FA; Granted Authorities: 1
05-23-2017 08:08:50.736,DEBUG,71509DD03D6CF738D26AED644D2A08FA,Voter: org.springframework.security.access.vote.RoleVoter@1ac872d, returned: -1
05-23-2017 08:08:50.736,DEBUG,71509DD03D6CF738D26AED644D2A08FA,Voter: org.springframework.security.access.vote.AuthenticatedVoter@b1927d, returned: 1
05-23-2017 08:08:50.736,DEBUG,71509DD03D6CF738D26AED644D2A08FA,Authorization successful
05-23-2017 08:08:50.736,DEBUG,71509DD03D6CF738D26AED644D2A08FA,RunAsManager did not change Authentication object
05-23-2017 08:08:50.736,DEBUG,71509DD03D6CF738D26AED644D2A08FA,/0089/searchData reached end of additional filter chain; proceeding with original chain
05-23-2017 08:08:50.736,DEBUG,71509DD03D6CF738D26AED644D2A08FA,Request [/ict/0089/searchData] is not a multipart request
05-23-2017 08:08:50.736,DEBUG,E37C8BD7D9DD3DBC6FC41CF0EE4ED01C,DispatcherServlet with name 'appServlet' processing POST request for [/ict/0089/searchData]
05-23-2017 08:08:50.736,DEBUG,E37C8BD7D9DD3DBC6FC41CF0EE4ED01C,Looking up handler method for path /0089/searchData
05-23-2017 08:08:50.736,DEBUG,E37C8BD7D9DD3DBC6FC41CF0EE4ED01C,Returning handler method [public java.util.List<vn.bananavietnam.ict.banana.component.Bnn0089SearchTaskResult> vn.bananavietnam.ict.banana.controller.Bnn0089SearchTaskController.searchData(vn.bananavietnam.ict.banana.component.Bnn0089SearchTaskConditions)]
05-23-2017 08:08:50.736,DEBUG,E37C8BD7D9DD3DBC6FC41CF0EE4ED01C,Returning cached instance of singleton bean 'bnn0089SearchTaskController'
05-23-2017 08:08:50.736,DEBUG,E37C8BD7D9DD3DBC6FC41CF0EE4ED01C,Returning cached instance of singleton bean 'xml_path'
05-23-2017 08:08:50.737,DEBUG,E37C8BD7D9DD3DBC6FC41CF0EE4ED01C,Read [class vn.bananavietnam.ict.banana.component.Bnn0089SearchTaskConditions] as "application/json" with [org.springframework.http.converter.json.MappingJackson2HttpMessageConverter@156f2cc]
05-23-2017 08:08:50.737,INFO ,E37C8BD7D9DD3DBC6FC41CF0EE4ED01C,U0000000001,vn.bananavietnam.ict.banana.service.Bnn0089SearchTaskService,searchData,[vn.bananavietnam.ict.banana.component.Bnn0089SearchTaskConditions@19f58c3] METHOD START
05-23-2017 08:08:50.737,DEBUG,E37C8BD7D9DD3DBC6FC41CF0EE4ED01C,Returning cached instance of singleton bean 'transactionManager'
05-23-2017 08:08:50.737,INFO ,E37C8BD7D9DD3DBC6FC41CF0EE4ED01C,U0000000001,Task searching started
05-23-2017 08:08:50.737,DEBUG,E37C8BD7D9DD3DBC6FC41CF0EE4ED01C,Creating a new SqlSession
05-23-2017 08:08:50.737,DEBUG,E37C8BD7D9DD3DBC6FC41CF0EE4ED01C,Registering transaction synchronization for SqlSession [org.apache.ibatis.session.defaults.DefaultSqlSession@59bdb5]
05-23-2017 08:08:50.737,DEBUG,E37C8BD7D9DD3DBC6FC41CF0EE4ED01C,Fetching JDBC Connection from DataSource
05-23-2017 08:08:50.738,DEBUG,E37C8BD7D9DD3DBC6FC41CF0EE4ED01C,Creating new JDBC DriverManager Connection to [jdbc:mysql://172.16.0.175:3306/BANANA_DB_HUNG_SELENIUM?useUnicode=yes&characterEncoding=UTF-8&autoReconnect=true]
05-23-2017 08:08:50.755,DEBUG,E37C8BD7D9DD3DBC6FC41CF0EE4ED01C,Registering transaction synchronization for JDBC Connection
05-23-2017 08:08:50.755,DEBUG,E37C8BD7D9DD3DBC6FC41CF0EE4ED01C,JDBC Connection [com.mysql.jdbc.JDBC4Connection@1d32f5b] will be managed by Spring
05-23-2017 08:08:50.755,DEBUG,E37C8BD7D9DD3DBC6FC41CF0EE4ED01C,==>  Preparing: SELECT T.TASK_ID taskId, T.TASK_NAME taskName, T.WORKING_DETAILS workingDetails, T.NOTE note, T.QUARANTINE_HANDLING_FLAG quarantineHandlingFlag, T.DELETE_FLAG deleteFlag, T.CHANGE_POINT_CODE changePointCode, T.LAST_UPDATE_DATE lastUpdateDate FROM IVB_M_TASK T WHERE 1 = 1 AND T.DELETE_FLAG = '0' ORDER BY T.TASK_NAME LIMIT ?,? 
05-23-2017 08:08:50.755,DEBUG,E37C8BD7D9DD3DBC6FC41CF0EE4ED01C,==> Parameters: 0(Integer), 20(Integer)
05-23-2017 08:08:50.759,DEBUG,E37C8BD7D9DD3DBC6FC41CF0EE4ED01C,<==      Total: 20
05-23-2017 08:08:50.759,DEBUG,E37C8BD7D9DD3DBC6FC41CF0EE4ED01C,Releasing transactional SqlSession [org.apache.ibatis.session.defaults.DefaultSqlSession@59bdb5]
05-23-2017 08:08:50.759,INFO ,E37C8BD7D9DD3DBC6FC41CF0EE4ED01C,U0000000001,SQL execution finished
05-23-2017 08:08:50.759,DEBUG,E37C8BD7D9DD3DBC6FC41CF0EE4ED01C,Fetched SqlSession [org.apache.ibatis.session.defaults.DefaultSqlSession@59bdb5] from current transaction
05-23-2017 08:08:50.759,DEBUG,E37C8BD7D9DD3DBC6FC41CF0EE4ED01C,==>  Preparing: SELECT COUNT(*) FROM IVB_M_TASK T WHERE 1 = 1 AND T.DELETE_FLAG = '0' ORDER BY T.TASK_ID 
05-23-2017 08:08:50.759,DEBUG,E37C8BD7D9DD3DBC6FC41CF0EE4ED01C,==> Parameters: 
05-23-2017 08:08:50.760,DEBUG,E37C8BD7D9DD3DBC6FC41CF0EE4ED01C,<==      Total: 1
05-23-2017 08:08:50.761,DEBUG,E37C8BD7D9DD3DBC6FC41CF0EE4ED01C,Releasing transactional SqlSession [org.apache.ibatis.session.defaults.DefaultSqlSession@59bdb5]
05-23-2017 08:08:50.761,INFO ,E37C8BD7D9DD3DBC6FC41CF0EE4ED01C,U0000000001,Task searching finished ==> 43 item(s)
05-23-2017 08:08:50.761,DEBUG,E37C8BD7D9DD3DBC6FC41CF0EE4ED01C,Transaction synchronization deregistering SqlSession [org.apache.ibatis.session.defaults.DefaultSqlSession@59bdb5]
05-23-2017 08:08:50.761,DEBUG,E37C8BD7D9DD3DBC6FC41CF0EE4ED01C,Transaction synchronization closing SqlSession [org.apache.ibatis.session.defaults.DefaultSqlSession@59bdb5]
05-23-2017 08:08:50.761,DEBUG,E37C8BD7D9DD3DBC6FC41CF0EE4ED01C,Returning JDBC Connection to DataSource
05-23-2017 08:08:50.761,INFO ,E37C8BD7D9DD3DBC6FC41CF0EE4ED01C,U0000000001,vn.bananavietnam.ict.banana.service.Bnn0089SearchTaskService,searchData,[vn.bananavietnam.ict.banana.component.Bnn0089SearchTaskConditions@19f58c3] METHOD END
05-23-2017 08:08:50.764,DEBUG,E37C8BD7D9DD3DBC6FC41CF0EE4ED01C,Written [[vn.bananavietnam.ict.banana.component.Bnn0089SearchTaskResult@8957f5, vn.bananavietnam.ict.banana.component.Bnn0089SearchTaskResult@a8bd94, vn.bananavietnam.ict.banana.component.Bnn0089SearchTaskResult@272257, vn.bananavietnam.ict.banana.component.Bnn0089SearchTaskResult@745ee4, vn.bananavietnam.ict.banana.component.Bnn0089SearchTaskResult@f29ee0, vn.bananavietnam.ict.banana.component.Bnn0089SearchTaskResult@11dd877, vn.bananavietnam.ict.banana.component.Bnn0089SearchTaskResult@ef7dd9, vn.bananavietnam.ict.banana.component.Bnn0089SearchTaskResult@8692de, vn.bananavietnam.ict.banana.component.Bnn0089SearchTaskResult@ef0670, vn.bananavietnam.ict.banana.component.Bnn0089SearchTaskResult@18cba3a, vn.bananavietnam.ict.banana.component.Bnn0089SearchTaskResult@621ba7, vn.bananavietnam.ict.banana.component.Bnn0089SearchTaskResult@386117, vn.bananavietnam.ict.banana.component.Bnn0089SearchTaskResult@8e3aa6, vn.bananavietnam.ict.banana.component.Bnn0089SearchTaskResult@1901e7, vn.bananavietnam.ict.banana.component.Bnn0089SearchTaskResult@f68820, vn.bananavietnam.ict.banana.component.Bnn0089SearchTaskResult@10f7eb0, vn.bananavietnam.ict.banana.component.Bnn0089SearchTaskResult@45297d, vn.bananavietnam.ict.banana.component.Bnn0089SearchTaskResult@3102eb, vn.bananavietnam.ict.banana.component.Bnn0089SearchTaskResult@c83545, vn.bananavietnam.ict.banana.component.Bnn0089SearchTaskResult@7a30d2]] as "application/json;charset=UTF-8" using [org.springframework.http.converter.json.MappingJackson2HttpMessageConverter@156f2cc]
05-23-2017 08:08:50.764,DEBUG,E37C8BD7D9DD3DBC6FC41CF0EE4ED01C,Null ModelAndView returned to DispatcherServlet with name 'appServlet': assuming HandlerAdapter completed request handling
05-23-2017 08:08:50.764,DEBUG,E37C8BD7D9DD3DBC6FC41CF0EE4ED01C,Successfully completed request
05-23-2017 08:08:50.764,DEBUG,E37C8BD7D9DD3DBC6FC41CF0EE4ED01C,Chain processed normally
05-23-2017 08:08:50.764,DEBUG,E37C8BD7D9DD3DBC6FC41CF0EE4ED01C,SecurityContextHolder now cleared, as request processing completed
