05-23-2017 07:43:40.157,DEBUG,D30C04D508179935F3DE99C330F6B7FE,/0089/searchData at position 1 of 11 in additional filter chain; firing Filter: 'SecurityContextPersistenceFilter'
05-23-2017 07:43:40.157,DEBUG,D30C04D508179935F3DE99C330F6B7FE,No HttpSession currently exists
05-23-2017 07:43:40.157,DEBUG,D30C04D508179935F3DE99C330F6B7FE,No SecurityContext was available from the HttpSession: null. A new one will be created.
05-23-2017 07:43:40.157,DEBUG,D30C04D508179935F3DE99C330F6B7FE,/0089/searchData at position 2 of 11 in additional filter chain; firing Filter: 'WebAsyncManagerIntegrationFilter'
05-23-2017 07:43:40.157,DEBUG,D30C04D508179935F3DE99C330F6B7FE,/0089/searchData at position 3 of 11 in additional filter chain; firing Filter: 'LogoutFilter'
05-23-2017 07:43:40.157,DEBUG,D30C04D508179935F3DE99C330F6B7FE,/0089/searchData at position 4 of 11 in additional filter chain; firing Filter: 'UsernamePasswordAuthenticationFilter'
05-23-2017 07:43:40.157,DEBUG,D30C04D508179935F3DE99C330F6B7FE,/0089/searchData at position 5 of 11 in additional filter chain; firing Filter: 'BasicAuthenticationFilter'
05-23-2017 07:43:40.157,DEBUG,D30C04D508179935F3DE99C330F6B7FE,/0089/searchData at position 6 of 11 in additional filter chain; firing Filter: 'RequestCacheAwareFilter'
05-23-2017 07:43:40.157,DEBUG,D30C04D508179935F3DE99C330F6B7FE,/0089/searchData at position 7 of 11 in additional filter chain; firing Filter: 'SecurityContextHolderAwareRequestFilter'
05-23-2017 07:43:40.157,DEBUG,D30C04D508179935F3DE99C330F6B7FE,/0089/searchData at position 8 of 11 in additional filter chain; firing Filter: 'AnonymousAuthenticationFilter'
05-23-2017 07:43:40.157,DEBUG,D30C04D508179935F3DE99C330F6B7FE,Populated SecurityContextHolder with anonymous token: 'org.springframework.security.authentication.AnonymousAuthenticationToken@9055c2bc: Principal: anonymousUser; Credentials: [PROTECTED]; Authenticated: true; Details: org.springframework.security.web.authentication.WebAuthenticationDetails@b364: RemoteIpAddress: 0:0:0:0:0:0:0:1; SessionId: null; Granted Authorities: ROLE_ANONYMOUS'
05-23-2017 07:43:40.157,DEBUG,D30C04D508179935F3DE99C330F6B7FE,/0089/searchData at position 9 of 11 in additional filter chain; firing Filter: 'SessionManagementFilter'
05-23-2017 07:43:40.157,DEBUG,D30C04D508179935F3DE99C330F6B7FE,Requested session ID D30C04D508179935F3DE99C330F6B7FE is invalid.
05-23-2017 07:43:40.157,DEBUG,D30C04D508179935F3DE99C330F6B7FE,/0089/searchData at position 10 of 11 in additional filter chain; firing Filter: 'ExceptionTranslationFilter'
05-23-2017 07:43:40.157,DEBUG,D30C04D508179935F3DE99C330F6B7FE,/0089/searchData at position 11 of 11 in additional filter chain; firing Filter: 'FilterSecurityInterceptor'
05-23-2017 07:43:40.157,DEBUG,D30C04D508179935F3DE99C330F6B7FE,Checking match of request : '/0089/searchdata'; against '/autherror*'
05-23-2017 07:43:40.158,DEBUG,D30C04D508179935F3DE99C330F6B7FE,Checking match of request : '/0089/searchdata'; against '/login/**'
05-23-2017 07:43:40.158,DEBUG,D30C04D508179935F3DE99C330F6B7FE,Checking match of request : '/0089/searchdata'; against '/error/**'
05-23-2017 07:43:40.158,DEBUG,D30C04D508179935F3DE99C330F6B7FE,Checking match of request : '/0089/searchdata'; against '/0001/**'
05-23-2017 07:43:40.158,DEBUG,D30C04D508179935F3DE99C330F6B7FE,Checking match of request : '/0089/searchdata'; against '/0002/**'
05-23-2017 07:43:40.158,DEBUG,D30C04D508179935F3DE99C330F6B7FE,Checking match of request : '/0089/searchdata'; against '/0003/**'
05-23-2017 07:43:40.158,DEBUG,D30C04D508179935F3DE99C330F6B7FE,Checking match of request : '/0089/searchdata'; against '/0005/**'
05-23-2017 07:43:40.158,DEBUG,D30C04D508179935F3DE99C330F6B7FE,Checking match of request : '/0089/searchdata'; against '/0007/**'
05-23-2017 07:43:40.158,DEBUG,D30C04D508179935F3DE99C330F6B7FE,Checking match of request : '/0089/searchdata'; against '/0009/**'
05-23-2017 07:43:40.158,DEBUG,D30C04D508179935F3DE99C330F6B7FE,Checking match of request : '/0089/searchdata'; against '/0013/**'
05-23-2017 07:43:40.158,DEBUG,D30C04D508179935F3DE99C330F6B7FE,Checking match of request : '/0089/searchdata'; against '/0023/**'
05-23-2017 07:43:40.158,DEBUG,D30C04D508179935F3DE99C330F6B7FE,Checking match of request : '/0089/searchdata'; against '/0017/**'
05-23-2017 07:43:40.158,DEBUG,D30C04D508179935F3DE99C330F6B7FE,Checking match of request : '/0089/searchdata'; against '/0031/**'
05-23-2017 07:43:40.158,DEBUG,D30C04D508179935F3DE99C330F6B7FE,Checking match of request : '/0089/searchdata'; against '/0035/**'
05-23-2017 07:43:40.158,DEBUG,D30C04D508179935F3DE99C330F6B7FE,Checking match of request : '/0089/searchdata'; against '/0037/**'
05-23-2017 07:43:40.158,DEBUG,D30C04D508179935F3DE99C330F6B7FE,Checking match of request : '/0089/searchdata'; against '/0045/**'
05-23-2017 07:43:40.158,DEBUG,D30C04D508179935F3DE99C330F6B7FE,Checking match of request : '/0089/searchdata'; against '/0047/**'
05-23-2017 07:43:40.158,DEBUG,D30C04D508179935F3DE99C330F6B7FE,Checking match of request : '/0089/searchdata'; against '/0049/**'
05-23-2017 07:43:40.158,DEBUG,D30C04D508179935F3DE99C330F6B7FE,Checking match of request : '/0089/searchdata'; against '/0061/**'
05-23-2017 07:43:40.158,DEBUG,D30C04D508179935F3DE99C330F6B7FE,Checking match of request : '/0089/searchdata'; against '/0087/**'
05-23-2017 07:43:40.158,DEBUG,D30C04D508179935F3DE99C330F6B7FE,Checking match of request : '/0089/searchdata'; against '/0075/**'
05-23-2017 07:43:40.158,DEBUG,D30C04D508179935F3DE99C330F6B7FE,Checking match of request : '/0089/searchdata'; against '/0089/**'
05-23-2017 07:43:40.158,DEBUG,D30C04D508179935F3DE99C330F6B7FE,Secure object: FilterInvocation: URL: /0089/searchData; Attributes: [ROLE_ADMIN, ROLE_USER, IS_AUTHENTICATED_FULLY]
05-23-2017 07:43:40.158,DEBUG,D30C04D508179935F3DE99C330F6B7FE,Previously Authenticated: org.springframework.security.authentication.AnonymousAuthenticationToken@9055c2bc: Principal: anonymousUser; Credentials: [PROTECTED]; Authenticated: true; Details: org.springframework.security.web.authentication.WebAuthenticationDetails@b364: RemoteIpAddress: 0:0:0:0:0:0:0:1; SessionId: null; Granted Authorities: ROLE_ANONYMOUS
05-23-2017 07:43:40.158,DEBUG,D30C04D508179935F3DE99C330F6B7FE,Voter: org.springframework.security.access.vote.RoleVoter@1ac872d, returned: -1
05-23-2017 07:43:40.158,DEBUG,D30C04D508179935F3DE99C330F6B7FE,Voter: org.springframework.security.access.vote.AuthenticatedVoter@b1927d, returned: -1
05-23-2017 07:43:40.158,DEBUG,D30C04D508179935F3DE99C330F6B7FE,Access is denied (user is anonymous); redirecting to authentication entry point
05-23-2017 07:43:40.159,DEBUG,D30C04D508179935F3DE99C330F6B7FE,DefaultSavedRequest added to Session: DefaultSavedRequest[http://localhost:8080/ict/0089/searchData]
05-23-2017 07:43:40.160,DEBUG,D30C04D508179935F3DE99C330F6B7FE,Calling Authentication entry point.
05-23-2017 07:43:40.160,DEBUG,D30C04D508179935F3DE99C330F6B7FE,Redirecting to 'http://localhost:8080/ict/'
05-23-2017 07:43:40.160,DEBUG,D30C04D508179935F3DE99C330F6B7FE,SecurityContext is empty or contents are anonymous - context will not be stored in HttpSession.
05-23-2017 07:43:40.160,DEBUG,D30C04D508179935F3DE99C330F6B7FE,SecurityContextHolder now cleared, as request processing completed
05-23-2017 07:43:40.161,DEBUG,D30C04D508179935F3DE99C330F6B7FE,/ at position 1 of 11 in additional filter chain; firing Filter: 'SecurityContextPersistenceFilter'
05-23-2017 07:43:40.161,DEBUG,D30C04D508179935F3DE99C330F6B7FE,HttpSession returned null object for SPRING_SECURITY_CONTEXT
05-23-2017 07:43:40.161,DEBUG,D30C04D508179935F3DE99C330F6B7FE,No SecurityContext was available from the HttpSession: org.apache.catalina.session.StandardSessionFacade@1277e0b. A new one will be created.
05-23-2017 07:43:40.162,DEBUG,D30C04D508179935F3DE99C330F6B7FE,/ at position 2 of 11 in additional filter chain; firing Filter: 'WebAsyncManagerIntegrationFilter'
05-23-2017 07:43:40.162,DEBUG,D30C04D508179935F3DE99C330F6B7FE,/ at position 3 of 11 in additional filter chain; firing Filter: 'LogoutFilter'
05-23-2017 07:43:40.162,DEBUG,D30C04D508179935F3DE99C330F6B7FE,/ at position 4 of 11 in additional filter chain; firing Filter: 'UsernamePasswordAuthenticationFilter'
05-23-2017 07:43:40.162,DEBUG,D30C04D508179935F3DE99C330F6B7FE,/ at position 5 of 11 in additional filter chain; firing Filter: 'BasicAuthenticationFilter'
05-23-2017 07:43:40.162,DEBUG,D30C04D508179935F3DE99C330F6B7FE,/ at position 6 of 11 in additional filter chain; firing Filter: 'RequestCacheAwareFilter'
05-23-2017 07:43:40.162,DEBUG,D30C04D508179935F3DE99C330F6B7FE,pathInfo: both null (property equals)
05-23-2017 07:43:40.162,DEBUG,D30C04D508179935F3DE99C330F6B7FE,queryString: both null (property equals)
05-23-2017 07:43:40.162,DEBUG,D30C04D508179935F3DE99C330F6B7FE,requestURI: arg1=/ict/0089/searchData; arg2=/ict/ (property not equals)
05-23-2017 07:43:40.162,DEBUG,D30C04D508179935F3DE99C330F6B7FE,saved request doesn't match
05-23-2017 07:43:40.162,DEBUG,D30C04D508179935F3DE99C330F6B7FE,/ at position 7 of 11 in additional filter chain; firing Filter: 'SecurityContextHolderAwareRequestFilter'
05-23-2017 07:43:40.162,DEBUG,D30C04D508179935F3DE99C330F6B7FE,/ at position 8 of 11 in additional filter chain; firing Filter: 'AnonymousAuthenticationFilter'
05-23-2017 07:43:40.162,DEBUG,D30C04D508179935F3DE99C330F6B7FE,Populated SecurityContextHolder with anonymous token: 'org.springframework.security.authentication.AnonymousAuthenticationToken@9055c2bc: Principal: anonymousUser; Credentials: [PROTECTED]; Authenticated: true; Details: org.springframework.security.web.authentication.WebAuthenticationDetails@b364: RemoteIpAddress: 0:0:0:0:0:0:0:1; SessionId: 9B87A626F51E18E36AA0B64592BAAE6F; Granted Authorities: ROLE_ANONYMOUS'
05-23-2017 07:43:40.162,DEBUG,D30C04D508179935F3DE99C330F6B7FE,/ at position 9 of 11 in additional filter chain; firing Filter: 'SessionManagementFilter'
05-23-2017 07:43:40.162,DEBUG,D30C04D508179935F3DE99C330F6B7FE,/ at position 10 of 11 in additional filter chain; firing Filter: 'ExceptionTranslationFilter'
05-23-2017 07:43:40.162,DEBUG,D30C04D508179935F3DE99C330F6B7FE,/ at position 11 of 11 in additional filter chain; firing Filter: 'FilterSecurityInterceptor'
05-23-2017 07:43:40.162,DEBUG,D30C04D508179935F3DE99C330F6B7FE,Checking match of request : '/'; against '/autherror*'
05-23-2017 07:43:40.162,DEBUG,D30C04D508179935F3DE99C330F6B7FE,Checking match of request : '/'; against '/login/**'
05-23-2017 07:43:40.162,DEBUG,D30C04D508179935F3DE99C330F6B7FE,Checking match of request : '/'; against '/error/**'
05-23-2017 07:43:40.162,DEBUG,D30C04D508179935F3DE99C330F6B7FE,Checking match of request : '/'; against '/0001/**'
05-23-2017 07:43:40.162,DEBUG,D30C04D508179935F3DE99C330F6B7FE,Checking match of request : '/'; against '/0002/**'
05-23-2017 07:43:40.162,DEBUG,D30C04D508179935F3DE99C330F6B7FE,Checking match of request : '/'; against '/0003/**'
05-23-2017 07:43:40.162,DEBUG,D30C04D508179935F3DE99C330F6B7FE,Checking match of request : '/'; against '/0005/**'
05-23-2017 07:43:40.162,DEBUG,D30C04D508179935F3DE99C330F6B7FE,Checking match of request : '/'; against '/0007/**'
05-23-2017 07:43:40.162,DEBUG,D30C04D508179935F3DE99C330F6B7FE,Checking match of request : '/'; against '/0009/**'
05-23-2017 07:43:40.162,DEBUG,D30C04D508179935F3DE99C330F6B7FE,Checking match of request : '/'; against '/0013/**'
05-23-2017 07:43:40.162,DEBUG,D30C04D508179935F3DE99C330F6B7FE,Checking match of request : '/'; against '/0023/**'
05-23-2017 07:43:40.162,DEBUG,D30C04D508179935F3DE99C330F6B7FE,Checking match of request : '/'; against '/0017/**'
05-23-2017 07:43:40.162,DEBUG,D30C04D508179935F3DE99C330F6B7FE,Checking match of request : '/'; against '/0031/**'
05-23-2017 07:43:40.162,DEBUG,D30C04D508179935F3DE99C330F6B7FE,Checking match of request : '/'; against '/0035/**'
05-23-2017 07:43:40.162,DEBUG,D30C04D508179935F3DE99C330F6B7FE,Checking match of request : '/'; against '/0037/**'
05-23-2017 07:43:40.162,DEBUG,D30C04D508179935F3DE99C330F6B7FE,Checking match of request : '/'; against '/0045/**'
05-23-2017 07:43:40.162,DEBUG,D30C04D508179935F3DE99C330F6B7FE,Checking match of request : '/'; against '/0047/**'
05-23-2017 07:43:40.162,DEBUG,D30C04D508179935F3DE99C330F6B7FE,Checking match of request : '/'; against '/0049/**'
05-23-2017 07:43:40.163,DEBUG,D30C04D508179935F3DE99C330F6B7FE,Checking match of request : '/'; against '/0061/**'
05-23-2017 07:43:40.163,DEBUG,D30C04D508179935F3DE99C330F6B7FE,Checking match of request : '/'; against '/0087/**'
05-23-2017 07:43:40.163,DEBUG,D30C04D508179935F3DE99C330F6B7FE,Checking match of request : '/'; against '/0075/**'
05-23-2017 07:43:40.163,DEBUG,D30C04D508179935F3DE99C330F6B7FE,Checking match of request : '/'; against '/0089/**'
05-23-2017 07:43:40.163,DEBUG,D30C04D508179935F3DE99C330F6B7FE,Checking match of request : '/'; against '/0090/**'
05-23-2017 07:43:40.163,DEBUG,D30C04D508179935F3DE99C330F6B7FE,Checking match of request : '/'; against '/0091/**'
05-23-2017 07:43:40.163,DEBUG,D30C04D508179935F3DE99C330F6B7FE,Checking match of request : '/'; against '/0092/**'
05-23-2017 07:43:40.163,DEBUG,D30C04D508179935F3DE99C330F6B7FE,Checking match of request : '/'; against '/0095/**'
05-23-2017 07:43:40.163,DEBUG,D30C04D508179935F3DE99C330F6B7FE,Secure object: FilterInvocation: URL: /; Attributes: [IS_AUTHENTICATED_ANONYMOUSLY]
05-23-2017 07:43:40.163,DEBUG,D30C04D508179935F3DE99C330F6B7FE,Previously Authenticated: org.springframework.security.authentication.AnonymousAuthenticationToken@9055c2bc: Principal: anonymousUser; Credentials: [PROTECTED]; Authenticated: true; Details: org.springframework.security.web.authentication.WebAuthenticationDetails@b364: RemoteIpAddress: 0:0:0:0:0:0:0:1; SessionId: 9B87A626F51E18E36AA0B64592BAAE6F; Granted Authorities: ROLE_ANONYMOUS
05-23-2017 07:43:40.163,DEBUG,D30C04D508179935F3DE99C330F6B7FE,Voter: org.springframework.security.access.vote.RoleVoter@1ac872d, returned: 0
05-23-2017 07:43:40.163,DEBUG,D30C04D508179935F3DE99C330F6B7FE,Voter: org.springframework.security.access.vote.AuthenticatedVoter@b1927d, returned: 1
05-23-2017 07:43:40.163,DEBUG,D30C04D508179935F3DE99C330F6B7FE,Authorization successful
05-23-2017 07:43:40.163,DEBUG,D30C04D508179935F3DE99C330F6B7FE,RunAsManager did not change Authentication object
05-23-2017 07:43:40.163,DEBUG,D30C04D508179935F3DE99C330F6B7FE,/ reached end of additional filter chain; proceeding with original chain
05-23-2017 07:43:40.163,DEBUG,D30C04D508179935F3DE99C330F6B7FE,Request [/ict/] is not a multipart request
05-23-2017 07:43:40.163,DEBUG,9B87A626F51E18E36AA0B64592BAAE6F,DispatcherServlet with name 'appServlet' processing GET request for [/ict/]
05-23-2017 07:43:40.163,DEBUG,9B87A626F51E18E36AA0B64592BAAE6F,Looking up handler method for path /
05-23-2017 07:43:40.163,DEBUG,9B87A626F51E18E36AA0B64592BAAE6F,Returning handler method [public java.lang.String vn.bananavietnam.ict.common.controller.AuthController.login()]
05-23-2017 07:43:40.163,DEBUG,9B87A626F51E18E36AA0B64592BAAE6F,Returning cached instance of singleton bean 'authController'
05-23-2017 07:43:40.163,DEBUG,9B87A626F51E18E36AA0B64592BAAE6F,Last-Modified value for [/ict/] is: -1
05-23-2017 07:43:40.163,DEBUG,9B87A626F51E18E36AA0B64592BAAE6F,Returning cached instance of singleton bean 'xml_path'
05-23-2017 07:43:40.164,DEBUG,9B87A626F51E18E36AA0B64592BAAE6F,Rendering view [org.springframework.web.servlet.view.JstlView: name 'common/PageWrapper'; URL [/WEB-INF/views/common/PageWrapper.jsp]] in DispatcherServlet with name 'appServlet'
05-23-2017 07:43:40.164,DEBUG,9B87A626F51E18E36AA0B64592BAAE6F,Forwarding to resource [/WEB-INF/views/common/PageWrapper.jsp] in InternalResourceView 'common/PageWrapper'
05-23-2017 07:43:40.164,DEBUG,9B87A626F51E18E36AA0B64592BAAE6F,SecurityContext is empty or contents are anonymous - context will not be stored in HttpSession.
05-23-2017 07:43:40.164,DEBUG,9B87A626F51E18E36AA0B64592BAAE6F,Successfully completed request
05-23-2017 07:43:40.164,DEBUG,9B87A626F51E18E36AA0B64592BAAE6F,Chain processed normally
05-23-2017 07:43:40.164,DEBUG,9B87A626F51E18E36AA0B64592BAAE6F,SecurityContextHolder now cleared, as request processing completed
05-23-2017 07:43:40.177,DEBUG,D30C04D508179935F3DE99C330F6B7FE,/login at position 1 of 11 in additional filter chain; firing Filter: 'SecurityContextPersistenceFilter'
05-23-2017 07:43:40.177,DEBUG,D30C04D508179935F3DE99C330F6B7FE,HttpSession returned null object for SPRING_SECURITY_CONTEXT
05-23-2017 07:43:40.177,DEBUG,D30C04D508179935F3DE99C330F6B7FE,No SecurityContext was available from the HttpSession: org.apache.catalina.session.StandardSessionFacade@1277e0b. A new one will be created.
05-23-2017 07:43:40.177,DEBUG,D30C04D508179935F3DE99C330F6B7FE,/login at position 2 of 11 in additional filter chain; firing Filter: 'WebAsyncManagerIntegrationFilter'
05-23-2017 07:43:40.177,DEBUG,D30C04D508179935F3DE99C330F6B7FE,/login at position 3 of 11 in additional filter chain; firing Filter: 'LogoutFilter'
05-23-2017 07:43:40.177,DEBUG,D30C04D508179935F3DE99C330F6B7FE,Logging out user 'null' and transferring to logout destination
05-23-2017 07:43:40.177,DEBUG,D30C04D508179935F3DE99C330F6B7FE,Invalidating session: 9B87A626F51E18E36AA0B64592BAAE6F
05-23-2017 07:43:40.177,DEBUG,D30C04D508179935F3DE99C330F6B7FE,Using default Url: /
05-23-2017 07:43:40.177,DEBUG,D30C04D508179935F3DE99C330F6B7FE,Redirecting to '/ict/'
05-23-2017 07:43:40.177,DEBUG,D30C04D508179935F3DE99C330F6B7FE,SecurityContext is empty or contents are anonymous - context will not be stored in HttpSession.
05-23-2017 07:43:40.178,DEBUG,D30C04D508179935F3DE99C330F6B7FE,SecurityContextHolder now cleared, as request processing completed
05-23-2017 07:43:40.180,DEBUG,D30C04D508179935F3DE99C330F6B7FE,/ at position 1 of 11 in additional filter chain; firing Filter: 'SecurityContextPersistenceFilter'
05-23-2017 07:43:40.180,DEBUG,D30C04D508179935F3DE99C330F6B7FE,No HttpSession currently exists
05-23-2017 07:43:40.180,DEBUG,D30C04D508179935F3DE99C330F6B7FE,No SecurityContext was available from the HttpSession: null. A new one will be created.
05-23-2017 07:43:40.180,DEBUG,D30C04D508179935F3DE99C330F6B7FE,/ at position 2 of 11 in additional filter chain; firing Filter: 'WebAsyncManagerIntegrationFilter'
05-23-2017 07:43:40.180,DEBUG,D30C04D508179935F3DE99C330F6B7FE,/ at position 3 of 11 in additional filter chain; firing Filter: 'LogoutFilter'
05-23-2017 07:43:40.180,DEBUG,D30C04D508179935F3DE99C330F6B7FE,/ at position 4 of 11 in additional filter chain; firing Filter: 'UsernamePasswordAuthenticationFilter'
05-23-2017 07:43:40.180,DEBUG,D30C04D508179935F3DE99C330F6B7FE,/ at position 5 of 11 in additional filter chain; firing Filter: 'BasicAuthenticationFilter'
05-23-2017 07:43:40.180,DEBUG,D30C04D508179935F3DE99C330F6B7FE,/ at position 6 of 11 in additional filter chain; firing Filter: 'RequestCacheAwareFilter'
05-23-2017 07:43:40.181,DEBUG,D30C04D508179935F3DE99C330F6B7FE,/ at position 7 of 11 in additional filter chain; firing Filter: 'SecurityContextHolderAwareRequestFilter'
05-23-2017 07:43:40.181,DEBUG,D30C04D508179935F3DE99C330F6B7FE,/ at position 8 of 11 in additional filter chain; firing Filter: 'AnonymousAuthenticationFilter'
05-23-2017 07:43:40.181,DEBUG,D30C04D508179935F3DE99C330F6B7FE,Populated SecurityContextHolder with anonymous token: 'org.springframework.security.authentication.AnonymousAuthenticationToken@9055c2bc: Principal: anonymousUser; Credentials: [PROTECTED]; Authenticated: true; Details: org.springframework.security.web.authentication.WebAuthenticationDetails@b364: RemoteIpAddress: 0:0:0:0:0:0:0:1; SessionId: null; Granted Authorities: ROLE_ANONYMOUS'
05-23-2017 07:43:40.181,DEBUG,D30C04D508179935F3DE99C330F6B7FE,/ at position 9 of 11 in additional filter chain; firing Filter: 'SessionManagementFilter'
05-23-2017 07:43:40.181,DEBUG,D30C04D508179935F3DE99C330F6B7FE,Requested session ID 9B87A626F51E18E36AA0B64592BAAE6F is invalid.
05-23-2017 07:43:40.181,DEBUG,D30C04D508179935F3DE99C330F6B7FE,/ at position 10 of 11 in additional filter chain; firing Filter: 'ExceptionTranslationFilter'
05-23-2017 07:43:40.181,DEBUG,D30C04D508179935F3DE99C330F6B7FE,/ at position 11 of 11 in additional filter chain; firing Filter: 'FilterSecurityInterceptor'
05-23-2017 07:43:40.181,DEBUG,D30C04D508179935F3DE99C330F6B7FE,Checking match of request : '/'; against '/autherror*'
05-23-2017 07:43:40.181,DEBUG,D30C04D508179935F3DE99C330F6B7FE,Checking match of request : '/'; against '/login/**'
05-23-2017 07:43:40.181,DEBUG,D30C04D508179935F3DE99C330F6B7FE,Checking match of request : '/'; against '/error/**'
05-23-2017 07:43:40.181,DEBUG,D30C04D508179935F3DE99C330F6B7FE,Checking match of request : '/'; against '/0001/**'
05-23-2017 07:43:40.181,DEBUG,D30C04D508179935F3DE99C330F6B7FE,Checking match of request : '/'; against '/0002/**'
05-23-2017 07:43:40.181,DEBUG,D30C04D508179935F3DE99C330F6B7FE,Checking match of request : '/'; against '/0003/**'
05-23-2017 07:43:40.181,DEBUG,D30C04D508179935F3DE99C330F6B7FE,Checking match of request : '/'; against '/0005/**'
05-23-2017 07:43:40.181,DEBUG,D30C04D508179935F3DE99C330F6B7FE,Checking match of request : '/'; against '/0007/**'
05-23-2017 07:43:40.181,DEBUG,D30C04D508179935F3DE99C330F6B7FE,Checking match of request : '/'; against '/0009/**'
05-23-2017 07:43:40.181,DEBUG,D30C04D508179935F3DE99C330F6B7FE,Checking match of request : '/'; against '/0013/**'
05-23-2017 07:43:40.181,DEBUG,D30C04D508179935F3DE99C330F6B7FE,Checking match of request : '/'; against '/0023/**'
05-23-2017 07:43:40.181,DEBUG,D30C04D508179935F3DE99C330F6B7FE,Checking match of request : '/'; against '/0017/**'
05-23-2017 07:43:40.181,DEBUG,D30C04D508179935F3DE99C330F6B7FE,Checking match of request : '/'; against '/0031/**'
05-23-2017 07:43:40.181,DEBUG,D30C04D508179935F3DE99C330F6B7FE,Checking match of request : '/'; against '/0035/**'
05-23-2017 07:43:40.181,DEBUG,D30C04D508179935F3DE99C330F6B7FE,Checking match of request : '/'; against '/0037/**'
05-23-2017 07:43:40.181,DEBUG,D30C04D508179935F3DE99C330F6B7FE,Checking match of request : '/'; against '/0045/**'
05-23-2017 07:43:40.181,DEBUG,D30C04D508179935F3DE99C330F6B7FE,Checking match of request : '/'; against '/0047/**'
05-23-2017 07:43:40.181,DEBUG,D30C04D508179935F3DE99C330F6B7FE,Checking match of request : '/'; against '/0049/**'
05-23-2017 07:43:40.181,DEBUG,D30C04D508179935F3DE99C330F6B7FE,Checking match of request : '/'; against '/0061/**'
05-23-2017 07:43:40.181,DEBUG,D30C04D508179935F3DE99C330F6B7FE,Checking match of request : '/'; against '/0087/**'
05-23-2017 07:43:40.181,DEBUG,D30C04D508179935F3DE99C330F6B7FE,Checking match of request : '/'; against '/0075/**'
05-23-2017 07:43:40.181,DEBUG,D30C04D508179935F3DE99C330F6B7FE,Checking match of request : '/'; against '/0089/**'
05-23-2017 07:43:40.181,DEBUG,D30C04D508179935F3DE99C330F6B7FE,Checking match of request : '/'; against '/0090/**'
05-23-2017 07:43:40.181,DEBUG,D30C04D508179935F3DE99C330F6B7FE,Checking match of request : '/'; against '/0091/**'
05-23-2017 07:43:40.181,DEBUG,D30C04D508179935F3DE99C330F6B7FE,Checking match of request : '/'; against '/0092/**'
05-23-2017 07:43:40.181,DEBUG,D30C04D508179935F3DE99C330F6B7FE,Checking match of request : '/'; against '/0095/**'
05-23-2017 07:43:40.181,DEBUG,D30C04D508179935F3DE99C330F6B7FE,Secure object: FilterInvocation: URL: /; Attributes: [IS_AUTHENTICATED_ANONYMOUSLY]
05-23-2017 07:43:40.181,DEBUG,D30C04D508179935F3DE99C330F6B7FE,Previously Authenticated: org.springframework.security.authentication.AnonymousAuthenticationToken@9055c2bc: Principal: anonymousUser; Credentials: [PROTECTED]; Authenticated: true; Details: org.springframework.security.web.authentication.WebAuthenticationDetails@b364: RemoteIpAddress: 0:0:0:0:0:0:0:1; SessionId: null; Granted Authorities: ROLE_ANONYMOUS
05-23-2017 07:43:40.181,DEBUG,D30C04D508179935F3DE99C330F6B7FE,Voter: org.springframework.security.access.vote.RoleVoter@1ac872d, returned: 0
05-23-2017 07:43:40.181,DEBUG,D30C04D508179935F3DE99C330F6B7FE,Voter: org.springframework.security.access.vote.AuthenticatedVoter@b1927d, returned: 1
05-23-2017 07:43:40.181,DEBUG,D30C04D508179935F3DE99C330F6B7FE,Authorization successful
05-23-2017 07:43:40.181,DEBUG,D30C04D508179935F3DE99C330F6B7FE,RunAsManager did not change Authentication object
05-23-2017 07:43:40.181,DEBUG,D30C04D508179935F3DE99C330F6B7FE,/ reached end of additional filter chain; proceeding with original chain
05-23-2017 07:43:40.181,DEBUG,D30C04D508179935F3DE99C330F6B7FE,Request [/ict/] is not a multipart request
05-23-2017 07:43:40.182,DEBUG,2B79BABAE761FEABFE1E4F10DB196BA5,DispatcherServlet with name 'appServlet' processing GET request for [/ict/]
05-23-2017 07:43:40.182,DEBUG,2B79BABAE761FEABFE1E4F10DB196BA5,Looking up handler method for path /
05-23-2017 07:43:40.182,DEBUG,2B79BABAE761FEABFE1E4F10DB196BA5,Returning handler method [public java.lang.String vn.bananavietnam.ict.common.controller.AuthController.login()]
05-23-2017 07:43:40.182,DEBUG,2B79BABAE761FEABFE1E4F10DB196BA5,Returning cached instance of singleton bean 'authController'
05-23-2017 07:43:40.182,DEBUG,2B79BABAE761FEABFE1E4F10DB196BA5,Last-Modified value for [/ict/] is: -1
05-23-2017 07:43:40.182,DEBUG,2B79BABAE761FEABFE1E4F10DB196BA5,Returning cached instance of singleton bean 'xml_path'
05-23-2017 07:43:40.182,DEBUG,2B79BABAE761FEABFE1E4F10DB196BA5,Rendering view [org.springframework.web.servlet.view.JstlView: name 'common/PageWrapper'; URL [/WEB-INF/views/common/PageWrapper.jsp]] in DispatcherServlet with name 'appServlet'
05-23-2017 07:43:40.182,DEBUG,2B79BABAE761FEABFE1E4F10DB196BA5,Forwarding to resource [/WEB-INF/views/common/PageWrapper.jsp] in InternalResourceView 'common/PageWrapper'
05-23-2017 07:43:40.183,DEBUG,2B79BABAE761FEABFE1E4F10DB196BA5,SecurityContext is empty or contents are anonymous - context will not be stored in HttpSession.
05-23-2017 07:43:40.183,DEBUG,2B79BABAE761FEABFE1E4F10DB196BA5,Successfully completed request
05-23-2017 07:43:40.183,DEBUG,2B79BABAE761FEABFE1E4F10DB196BA5,Chain processed normally
05-23-2017 07:43:40.183,DEBUG,2B79BABAE761FEABFE1E4F10DB196BA5,SecurityContextHolder now cleared, as request processing completed
05-23-2017 07:43:40.443,DEBUG,D30C04D508179935F3DE99C330F6B7FE,/login/ at position 1 of 11 in additional filter chain; firing Filter: 'SecurityContextPersistenceFilter'
05-23-2017 07:43:40.443,DEBUG,D30C04D508179935F3DE99C330F6B7FE,HttpSession returned null object for SPRING_SECURITY_CONTEXT
05-23-2017 07:43:40.443,DEBUG,D30C04D508179935F3DE99C330F6B7FE,No SecurityContext was available from the HttpSession: org.apache.catalina.session.StandardSessionFacade@1a0f03c. A new one will be created.
05-23-2017 07:43:40.443,DEBUG,D30C04D508179935F3DE99C330F6B7FE,/login/ at position 2 of 11 in additional filter chain; firing Filter: 'WebAsyncManagerIntegrationFilter'
05-23-2017 07:43:40.443,DEBUG,D30C04D508179935F3DE99C330F6B7FE,/login/ at position 3 of 11 in additional filter chain; firing Filter: 'LogoutFilter'
05-23-2017 07:43:40.443,DEBUG,D30C04D508179935F3DE99C330F6B7FE,/login/ at position 4 of 11 in additional filter chain; firing Filter: 'UsernamePasswordAuthenticationFilter'
05-23-2017 07:43:40.443,DEBUG,D30C04D508179935F3DE99C330F6B7FE,/login/ at position 5 of 11 in additional filter chain; firing Filter: 'BasicAuthenticationFilter'
05-23-2017 07:43:40.443,DEBUG,D30C04D508179935F3DE99C330F6B7FE,/login/ at position 6 of 11 in additional filter chain; firing Filter: 'RequestCacheAwareFilter'
05-23-2017 07:43:40.443,DEBUG,D30C04D508179935F3DE99C330F6B7FE,/login/ at position 7 of 11 in additional filter chain; firing Filter: 'SecurityContextHolderAwareRequestFilter'
05-23-2017 07:43:40.444,DEBUG,D30C04D508179935F3DE99C330F6B7FE,/login/ at position 8 of 11 in additional filter chain; firing Filter: 'AnonymousAuthenticationFilter'
05-23-2017 07:43:40.444,DEBUG,D30C04D508179935F3DE99C330F6B7FE,Populated SecurityContextHolder with anonymous token: 'org.springframework.security.authentication.AnonymousAuthenticationToken@6faa3d44: Principal: anonymousUser; Credentials: [PROTECTED]; Authenticated: true; Details: org.springframework.security.web.authentication.WebAuthenticationDetails@ffff4c9c: RemoteIpAddress: 0:0:0:0:0:0:0:1; SessionId: 2B79BABAE761FEABFE1E4F10DB196BA5; Granted Authorities: ROLE_ANONYMOUS'
05-23-2017 07:43:40.444,DEBUG,D30C04D508179935F3DE99C330F6B7FE,/login/ at position 9 of 11 in additional filter chain; firing Filter: 'SessionManagementFilter'
05-23-2017 07:43:40.444,DEBUG,D30C04D508179935F3DE99C330F6B7FE,/login/ at position 10 of 11 in additional filter chain; firing Filter: 'ExceptionTranslationFilter'
05-23-2017 07:43:40.444,DEBUG,D30C04D508179935F3DE99C330F6B7FE,/login/ at position 11 of 11 in additional filter chain; firing Filter: 'FilterSecurityInterceptor'
05-23-2017 07:43:40.444,DEBUG,D30C04D508179935F3DE99C330F6B7FE,Checking match of request : '/login/'; against '/autherror*'
05-23-2017 07:43:40.444,DEBUG,D30C04D508179935F3DE99C330F6B7FE,Checking match of request : '/login/'; against '/login/**'
05-23-2017 07:43:40.444,DEBUG,D30C04D508179935F3DE99C330F6B7FE,Secure object: FilterInvocation: URL: /login/; Attributes: [IS_AUTHENTICATED_ANONYMOUSLY]
05-23-2017 07:43:40.444,DEBUG,D30C04D508179935F3DE99C330F6B7FE,Previously Authenticated: org.springframework.security.authentication.AnonymousAuthenticationToken@6faa3d44: Principal: anonymousUser; Credentials: [PROTECTED]; Authenticated: true; Details: org.springframework.security.web.authentication.WebAuthenticationDetails@ffff4c9c: RemoteIpAddress: 0:0:0:0:0:0:0:1; SessionId: 2B79BABAE761FEABFE1E4F10DB196BA5; Granted Authorities: ROLE_ANONYMOUS
05-23-2017 07:43:40.444,DEBUG,D30C04D508179935F3DE99C330F6B7FE,Voter: org.springframework.security.access.vote.RoleVoter@1ac872d, returned: 0
05-23-2017 07:43:40.444,DEBUG,D30C04D508179935F3DE99C330F6B7FE,Voter: org.springframework.security.access.vote.AuthenticatedVoter@b1927d, returned: 1
05-23-2017 07:43:40.444,DEBUG,D30C04D508179935F3DE99C330F6B7FE,Authorization successful
05-23-2017 07:43:40.444,DEBUG,D30C04D508179935F3DE99C330F6B7FE,RunAsManager did not change Authentication object
05-23-2017 07:43:40.445,DEBUG,D30C04D508179935F3DE99C330F6B7FE,/login/ reached end of additional filter chain; proceeding with original chain
05-23-2017 07:43:40.445,DEBUG,D30C04D508179935F3DE99C330F6B7FE,Request [/ict/login/] is not a multipart request
05-23-2017 07:43:40.445,DEBUG,2B79BABAE761FEABFE1E4F10DB196BA5,DispatcherServlet with name 'appServlet' processing GET request for [/ict/login/]
05-23-2017 07:43:40.445,DEBUG,2B79BABAE761FEABFE1E4F10DB196BA5,Looking up handler method for path /login/
05-23-2017 07:43:40.445,DEBUG,2B79BABAE761FEABFE1E4F10DB196BA5,Returning handler method [public java.lang.String vn.bananavietnam.ict.common.controller.LoginController.top(java.util.Locale,org.springframework.ui.Model)]
05-23-2017 07:43:40.445,DEBUG,2B79BABAE761FEABFE1E4F10DB196BA5,Returning cached instance of singleton bean 'loginController'
05-23-2017 07:43:40.445,DEBUG,2B79BABAE761FEABFE1E4F10DB196BA5,Last-Modified value for [/ict/login/] is: -1
05-23-2017 07:43:40.445,DEBUG,2B79BABAE761FEABFE1E4F10DB196BA5,Returning cached instance of singleton bean 'xml_path'
05-23-2017 07:43:40.446,DEBUG,2B79BABAE761FEABFE1E4F10DB196BA5,Rendering view [org.springframework.web.servlet.view.JstlView: name 'common/login'; URL [/WEB-INF/views/common/login.jsp]] in DispatcherServlet with name 'appServlet'
05-23-2017 07:43:40.446,DEBUG,2B79BABAE761FEABFE1E4F10DB196BA5,Forwarding to resource [/WEB-INF/views/common/login.jsp] in InternalResourceView 'common/login'
05-23-2017 07:43:40.448,DEBUG,2B79BABAE761FEABFE1E4F10DB196BA5,SecurityContext is empty or contents are anonymous - context will not be stored in HttpSession.
05-23-2017 07:43:40.448,DEBUG,2B79BABAE761FEABFE1E4F10DB196BA5,Successfully completed request
05-23-2017 07:43:40.449,DEBUG,2B79BABAE761FEABFE1E4F10DB196BA5,Chain processed normally
05-23-2017 07:43:40.449,DEBUG,2B79BABAE761FEABFE1E4F10DB196BA5,SecurityContextHolder now cleared, as request processing completed
05-23-2017 07:43:41.710,DEBUG,D30C04D508179935F3DE99C330F6B7FE,/?language=en at position 1 of 11 in additional filter chain; firing Filter: 'SecurityContextPersistenceFilter'
05-23-2017 07:43:41.710,DEBUG,D30C04D508179935F3DE99C330F6B7FE,HttpSession returned null object for SPRING_SECURITY_CONTEXT
05-23-2017 07:43:41.710,DEBUG,D30C04D508179935F3DE99C330F6B7FE,No SecurityContext was available from the HttpSession: org.apache.catalina.session.StandardSessionFacade@1a0f03c. A new one will be created.
05-23-2017 07:43:41.710,DEBUG,D30C04D508179935F3DE99C330F6B7FE,/?language=en at position 2 of 11 in additional filter chain; firing Filter: 'WebAsyncManagerIntegrationFilter'
05-23-2017 07:43:41.710,DEBUG,D30C04D508179935F3DE99C330F6B7FE,/?language=en at position 3 of 11 in additional filter chain; firing Filter: 'LogoutFilter'
05-23-2017 07:43:41.710,DEBUG,D30C04D508179935F3DE99C330F6B7FE,/?language=en at position 4 of 11 in additional filter chain; firing Filter: 'UsernamePasswordAuthenticationFilter'
05-23-2017 07:43:41.710,DEBUG,D30C04D508179935F3DE99C330F6B7FE,/?language=en at position 5 of 11 in additional filter chain; firing Filter: 'BasicAuthenticationFilter'
05-23-2017 07:43:41.710,DEBUG,D30C04D508179935F3DE99C330F6B7FE,/?language=en at position 6 of 11 in additional filter chain; firing Filter: 'RequestCacheAwareFilter'
05-23-2017 07:43:41.710,DEBUG,D30C04D508179935F3DE99C330F6B7FE,/?language=en at position 7 of 11 in additional filter chain; firing Filter: 'SecurityContextHolderAwareRequestFilter'
05-23-2017 07:43:41.710,DEBUG,D30C04D508179935F3DE99C330F6B7FE,/?language=en at position 8 of 11 in additional filter chain; firing Filter: 'AnonymousAuthenticationFilter'
05-23-2017 07:43:41.710,DEBUG,D30C04D508179935F3DE99C330F6B7FE,Populated SecurityContextHolder with anonymous token: 'org.springframework.security.authentication.AnonymousAuthenticationToken@6faa3d44: Principal: anonymousUser; Credentials: [PROTECTED]; Authenticated: true; Details: org.springframework.security.web.authentication.WebAuthenticationDetails@ffff4c9c: RemoteIpAddress: 0:0:0:0:0:0:0:1; SessionId: 2B79BABAE761FEABFE1E4F10DB196BA5; Granted Authorities: ROLE_ANONYMOUS'
05-23-2017 07:43:41.710,DEBUG,D30C04D508179935F3DE99C330F6B7FE,/?language=en at position 9 of 11 in additional filter chain; firing Filter: 'SessionManagementFilter'
05-23-2017 07:43:41.710,DEBUG,D30C04D508179935F3DE99C330F6B7FE,/?language=en at position 10 of 11 in additional filter chain; firing Filter: 'ExceptionTranslationFilter'
05-23-2017 07:43:41.710,DEBUG,D30C04D508179935F3DE99C330F6B7FE,/?language=en at position 11 of 11 in additional filter chain; firing Filter: 'FilterSecurityInterceptor'
05-23-2017 07:43:41.710,DEBUG,D30C04D508179935F3DE99C330F6B7FE,Checking match of request : '/'; against '/autherror*'
05-23-2017 07:43:41.710,DEBUG,D30C04D508179935F3DE99C330F6B7FE,Checking match of request : '/'; against '/login/**'
05-23-2017 07:43:41.710,DEBUG,D30C04D508179935F3DE99C330F6B7FE,Checking match of request : '/'; against '/error/**'
05-23-2017 07:43:41.710,DEBUG,D30C04D508179935F3DE99C330F6B7FE,Checking match of request : '/'; against '/0001/**'
05-23-2017 07:43:41.710,DEBUG,D30C04D508179935F3DE99C330F6B7FE,Checking match of request : '/'; against '/0002/**'
05-23-2017 07:43:41.711,DEBUG,D30C04D508179935F3DE99C330F6B7FE,Checking match of request : '/'; against '/0003/**'
05-23-2017 07:43:41.711,DEBUG,D30C04D508179935F3DE99C330F6B7FE,Checking match of request : '/'; against '/0005/**'
05-23-2017 07:43:41.711,DEBUG,D30C04D508179935F3DE99C330F6B7FE,Checking match of request : '/'; against '/0007/**'
05-23-2017 07:43:41.711,DEBUG,D30C04D508179935F3DE99C330F6B7FE,Checking match of request : '/'; against '/0009/**'
05-23-2017 07:43:41.711,DEBUG,D30C04D508179935F3DE99C330F6B7FE,Checking match of request : '/'; against '/0013/**'
05-23-2017 07:43:41.711,DEBUG,D30C04D508179935F3DE99C330F6B7FE,Checking match of request : '/'; against '/0023/**'
05-23-2017 07:43:41.711,DEBUG,D30C04D508179935F3DE99C330F6B7FE,Checking match of request : '/'; against '/0017/**'
05-23-2017 07:43:41.711,DEBUG,D30C04D508179935F3DE99C330F6B7FE,Checking match of request : '/'; against '/0031/**'
05-23-2017 07:43:41.711,DEBUG,D30C04D508179935F3DE99C330F6B7FE,Checking match of request : '/'; against '/0035/**'
05-23-2017 07:43:41.711,DEBUG,D30C04D508179935F3DE99C330F6B7FE,Checking match of request : '/'; against '/0037/**'
05-23-2017 07:43:41.711,DEBUG,D30C04D508179935F3DE99C330F6B7FE,Checking match of request : '/'; against '/0045/**'
05-23-2017 07:43:41.711,DEBUG,D30C04D508179935F3DE99C330F6B7FE,Checking match of request : '/'; against '/0047/**'
05-23-2017 07:43:41.711,DEBUG,D30C04D508179935F3DE99C330F6B7FE,Checking match of request : '/'; against '/0049/**'
05-23-2017 07:43:41.711,DEBUG,D30C04D508179935F3DE99C330F6B7FE,Checking match of request : '/'; against '/0061/**'
05-23-2017 07:43:41.711,DEBUG,D30C04D508179935F3DE99C330F6B7FE,Checking match of request : '/'; against '/0087/**'
05-23-2017 07:43:41.711,DEBUG,D30C04D508179935F3DE99C330F6B7FE,Checking match of request : '/'; against '/0075/**'
05-23-2017 07:43:41.711,DEBUG,D30C04D508179935F3DE99C330F6B7FE,Checking match of request : '/'; against '/0089/**'
05-23-2017 07:43:41.711,DEBUG,D30C04D508179935F3DE99C330F6B7FE,Checking match of request : '/'; against '/0090/**'
05-23-2017 07:43:41.711,DEBUG,D30C04D508179935F3DE99C330F6B7FE,Checking match of request : '/'; against '/0091/**'
05-23-2017 07:43:41.711,DEBUG,D30C04D508179935F3DE99C330F6B7FE,Checking match of request : '/'; against '/0092/**'
05-23-2017 07:43:41.711,DEBUG,D30C04D508179935F3DE99C330F6B7FE,Checking match of request : '/'; against '/0095/**'
05-23-2017 07:43:41.711,DEBUG,D30C04D508179935F3DE99C330F6B7FE,Secure object: FilterInvocation: URL: /?language=en; Attributes: [IS_AUTHENTICATED_ANONYMOUSLY]
05-23-2017 07:43:41.711,DEBUG,D30C04D508179935F3DE99C330F6B7FE,Previously Authenticated: org.springframework.security.authentication.AnonymousAuthenticationToken@6faa3d44: Principal: anonymousUser; Credentials: [PROTECTED]; Authenticated: true; Details: org.springframework.security.web.authentication.WebAuthenticationDetails@ffff4c9c: RemoteIpAddress: 0:0:0:0:0:0:0:1; SessionId: 2B79BABAE761FEABFE1E4F10DB196BA5; Granted Authorities: ROLE_ANONYMOUS
05-23-2017 07:43:41.711,DEBUG,D30C04D508179935F3DE99C330F6B7FE,Voter: org.springframework.security.access.vote.RoleVoter@1ac872d, returned: 0
05-23-2017 07:43:41.711,DEBUG,D30C04D508179935F3DE99C330F6B7FE,Voter: org.springframework.security.access.vote.AuthenticatedVoter@b1927d, returned: 1
05-23-2017 07:43:41.711,DEBUG,D30C04D508179935F3DE99C330F6B7FE,Authorization successful
05-23-2017 07:43:41.711,DEBUG,D30C04D508179935F3DE99C330F6B7FE,RunAsManager did not change Authentication object
05-23-2017 07:43:41.711,DEBUG,D30C04D508179935F3DE99C330F6B7FE,/?language=en reached end of additional filter chain; proceeding with original chain
05-23-2017 07:43:41.711,DEBUG,D30C04D508179935F3DE99C330F6B7FE,Request [/ict/] is not a multipart request
05-23-2017 07:43:41.712,DEBUG,2B79BABAE761FEABFE1E4F10DB196BA5,DispatcherServlet with name 'appServlet' processing GET request for [/ict/]
05-23-2017 07:43:41.712,DEBUG,2B79BABAE761FEABFE1E4F10DB196BA5,Looking up handler method for path /
05-23-2017 07:43:41.712,DEBUG,2B79BABAE761FEABFE1E4F10DB196BA5,Returning handler method [public java.lang.String vn.bananavietnam.ict.common.controller.AuthController.login()]
05-23-2017 07:43:41.712,DEBUG,2B79BABAE761FEABFE1E4F10DB196BA5,Returning cached instance of singleton bean 'authController'
05-23-2017 07:43:41.712,DEBUG,2B79BABAE761FEABFE1E4F10DB196BA5,Last-Modified value for [/ict/] is: -1
05-23-2017 07:43:41.712,DEBUG,2B79BABAE761FEABFE1E4F10DB196BA5,Returning cached instance of singleton bean 'xml_path'
05-23-2017 07:43:41.713,DEBUG,2B79BABAE761FEABFE1E4F10DB196BA5,Rendering view [org.springframework.web.servlet.view.JstlView: name 'common/PageWrapper'; URL [/WEB-INF/views/common/PageWrapper.jsp]] in DispatcherServlet with name 'appServlet'
05-23-2017 07:43:41.713,DEBUG,2B79BABAE761FEABFE1E4F10DB196BA5,Forwarding to resource [/WEB-INF/views/common/PageWrapper.jsp] in InternalResourceView 'common/PageWrapper'
05-23-2017 07:43:41.713,DEBUG,2B79BABAE761FEABFE1E4F10DB196BA5,SecurityContext is empty or contents are anonymous - context will not be stored in HttpSession.
05-23-2017 07:43:41.713,DEBUG,2B79BABAE761FEABFE1E4F10DB196BA5,Successfully completed request
05-23-2017 07:43:41.714,DEBUG,2B79BABAE761FEABFE1E4F10DB196BA5,Chain processed normally
05-23-2017 07:43:41.714,DEBUG,2B79BABAE761FEABFE1E4F10DB196BA5,SecurityContextHolder now cleared, as request processing completed
05-23-2017 07:43:41.745,DEBUG,D30C04D508179935F3DE99C330F6B7FE,/login/ at position 1 of 11 in additional filter chain; firing Filter: 'SecurityContextPersistenceFilter'
05-23-2017 07:43:41.745,DEBUG,D30C04D508179935F3DE99C330F6B7FE,HttpSession returned null object for SPRING_SECURITY_CONTEXT
05-23-2017 07:43:41.745,DEBUG,D30C04D508179935F3DE99C330F6B7FE,No SecurityContext was available from the HttpSession: org.apache.catalina.session.StandardSessionFacade@1a0f03c. A new one will be created.
05-23-2017 07:43:41.745,DEBUG,D30C04D508179935F3DE99C330F6B7FE,/login/ at position 2 of 11 in additional filter chain; firing Filter: 'WebAsyncManagerIntegrationFilter'
05-23-2017 07:43:41.745,DEBUG,D30C04D508179935F3DE99C330F6B7FE,/login/ at position 3 of 11 in additional filter chain; firing Filter: 'LogoutFilter'
05-23-2017 07:43:41.745,DEBUG,D30C04D508179935F3DE99C330F6B7FE,/login/ at position 4 of 11 in additional filter chain; firing Filter: 'UsernamePasswordAuthenticationFilter'
05-23-2017 07:43:41.745,DEBUG,D30C04D508179935F3DE99C330F6B7FE,/login/ at position 5 of 11 in additional filter chain; firing Filter: 'BasicAuthenticationFilter'
05-23-2017 07:43:41.745,DEBUG,D30C04D508179935F3DE99C330F6B7FE,/login/ at position 6 of 11 in additional filter chain; firing Filter: 'RequestCacheAwareFilter'
05-23-2017 07:43:41.745,DEBUG,D30C04D508179935F3DE99C330F6B7FE,/login/ at position 7 of 11 in additional filter chain; firing Filter: 'SecurityContextHolderAwareRequestFilter'
05-23-2017 07:43:41.745,DEBUG,D30C04D508179935F3DE99C330F6B7FE,/login/ at position 8 of 11 in additional filter chain; firing Filter: 'AnonymousAuthenticationFilter'
05-23-2017 07:43:41.745,DEBUG,D30C04D508179935F3DE99C330F6B7FE,Populated SecurityContextHolder with anonymous token: 'org.springframework.security.authentication.AnonymousAuthenticationToken@6faa3d44: Principal: anonymousUser; Credentials: [PROTECTED]; Authenticated: true; Details: org.springframework.security.web.authentication.WebAuthenticationDetails@ffff4c9c: RemoteIpAddress: 0:0:0:0:0:0:0:1; SessionId: 2B79BABAE761FEABFE1E4F10DB196BA5; Granted Authorities: ROLE_ANONYMOUS'
05-23-2017 07:43:41.745,DEBUG,D30C04D508179935F3DE99C330F6B7FE,/login/ at position 9 of 11 in additional filter chain; firing Filter: 'SessionManagementFilter'
05-23-2017 07:43:41.745,DEBUG,D30C04D508179935F3DE99C330F6B7FE,/login/ at position 10 of 11 in additional filter chain; firing Filter: 'ExceptionTranslationFilter'
05-23-2017 07:43:41.745,DEBUG,D30C04D508179935F3DE99C330F6B7FE,/login/ at position 11 of 11 in additional filter chain; firing Filter: 'FilterSecurityInterceptor'
05-23-2017 07:43:41.745,DEBUG,D30C04D508179935F3DE99C330F6B7FE,Checking match of request : '/login/'; against '/autherror*'
05-23-2017 07:43:41.745,DEBUG,D30C04D508179935F3DE99C330F6B7FE,Checking match of request : '/login/'; against '/login/**'
05-23-2017 07:43:41.745,DEBUG,D30C04D508179935F3DE99C330F6B7FE,Secure object: FilterInvocation: URL: /login/; Attributes: [IS_AUTHENTICATED_ANONYMOUSLY]
05-23-2017 07:43:41.745,DEBUG,D30C04D508179935F3DE99C330F6B7FE,Previously Authenticated: org.springframework.security.authentication.AnonymousAuthenticationToken@6faa3d44: Principal: anonymousUser; Credentials: [PROTECTED]; Authenticated: true; Details: org.springframework.security.web.authentication.WebAuthenticationDetails@ffff4c9c: RemoteIpAddress: 0:0:0:0:0:0:0:1; SessionId: 2B79BABAE761FEABFE1E4F10DB196BA5; Granted Authorities: ROLE_ANONYMOUS
05-23-2017 07:43:41.745,DEBUG,D30C04D508179935F3DE99C330F6B7FE,Voter: org.springframework.security.access.vote.RoleVoter@1ac872d, returned: 0
05-23-2017 07:43:41.745,DEBUG,D30C04D508179935F3DE99C330F6B7FE,Voter: org.springframework.security.access.vote.AuthenticatedVoter@b1927d, returned: 1
05-23-2017 07:43:41.745,DEBUG,D30C04D508179935F3DE99C330F6B7FE,Authorization successful
05-23-2017 07:43:41.745,DEBUG,D30C04D508179935F3DE99C330F6B7FE,RunAsManager did not change Authentication object
05-23-2017 07:43:41.745,DEBUG,D30C04D508179935F3DE99C330F6B7FE,/login/ reached end of additional filter chain; proceeding with original chain
05-23-2017 07:43:41.745,DEBUG,D30C04D508179935F3DE99C330F6B7FE,Request [/ict/login/] is not a multipart request
05-23-2017 07:43:41.745,DEBUG,2B79BABAE761FEABFE1E4F10DB196BA5,DispatcherServlet with name 'appServlet' processing GET request for [/ict/login/]
05-23-2017 07:43:41.745,DEBUG,2B79BABAE761FEABFE1E4F10DB196BA5,Looking up handler method for path /login/
05-23-2017 07:43:41.745,DEBUG,2B79BABAE761FEABFE1E4F10DB196BA5,Returning handler method [public java.lang.String vn.bananavietnam.ict.common.controller.LoginController.top(java.util.Locale,org.springframework.ui.Model)]
05-23-2017 07:43:41.745,DEBUG,2B79BABAE761FEABFE1E4F10DB196BA5,Returning cached instance of singleton bean 'loginController'
05-23-2017 07:43:41.746,DEBUG,2B79BABAE761FEABFE1E4F10DB196BA5,Last-Modified value for [/ict/login/] is: -1
05-23-2017 07:43:41.746,DEBUG,2B79BABAE761FEABFE1E4F10DB196BA5,Returning cached instance of singleton bean 'xml_path'
05-23-2017 07:43:41.746,DEBUG,2B79BABAE761FEABFE1E4F10DB196BA5,Rendering view [org.springframework.web.servlet.view.JstlView: name 'common/login'; URL [/WEB-INF/views/common/login.jsp]] in DispatcherServlet with name 'appServlet'
05-23-2017 07:43:41.746,DEBUG,2B79BABAE761FEABFE1E4F10DB196BA5,Forwarding to resource [/WEB-INF/views/common/login.jsp] in InternalResourceView 'common/login'
05-23-2017 07:43:41.747,DEBUG,2B79BABAE761FEABFE1E4F10DB196BA5,SecurityContext is empty or contents are anonymous - context will not be stored in HttpSession.
05-23-2017 07:43:41.748,DEBUG,2B79BABAE761FEABFE1E4F10DB196BA5,Successfully completed request
05-23-2017 07:43:41.748,DEBUG,2B79BABAE761FEABFE1E4F10DB196BA5,Chain processed normally
05-23-2017 07:43:41.748,DEBUG,2B79BABAE761FEABFE1E4F10DB196BA5,SecurityContextHolder now cleared, as request processing completed
05-23-2017 07:43:46.101,DEBUG,D30C04D508179935F3DE99C330F6B7FE,/j_spring_security_check at position 1 of 11 in additional filter chain; firing Filter: 'SecurityContextPersistenceFilter'
05-23-2017 07:43:46.101,DEBUG,D30C04D508179935F3DE99C330F6B7FE,HttpSession returned null object for SPRING_SECURITY_CONTEXT
05-23-2017 07:43:46.101,DEBUG,D30C04D508179935F3DE99C330F6B7FE,No SecurityContext was available from the HttpSession: org.apache.catalina.session.StandardSessionFacade@1a0f03c. A new one will be created.
05-23-2017 07:43:46.101,DEBUG,D30C04D508179935F3DE99C330F6B7FE,/j_spring_security_check at position 2 of 11 in additional filter chain; firing Filter: 'WebAsyncManagerIntegrationFilter'
05-23-2017 07:43:46.101,DEBUG,D30C04D508179935F3DE99C330F6B7FE,/j_spring_security_check at position 3 of 11 in additional filter chain; firing Filter: 'LogoutFilter'
05-23-2017 07:43:46.101,DEBUG,D30C04D508179935F3DE99C330F6B7FE,/j_spring_security_check at position 4 of 11 in additional filter chain; firing Filter: 'UsernamePasswordAuthenticationFilter'
05-23-2017 07:43:46.101,DEBUG,D30C04D508179935F3DE99C330F6B7FE,Request is to process authentication
05-23-2017 07:43:46.101,DEBUG,D30C04D508179935F3DE99C330F6B7FE,Authentication attempt using org.springframework.security.authentication.dao.DaoAuthenticationProvider
05-23-2017 07:43:46.101,DEBUG,D30C04D508179935F3DE99C330F6B7FE,Executing prepared SQL query
05-23-2017 07:43:46.101,DEBUG,D30C04D508179935F3DE99C330F6B7FE,Executing prepared SQL statement [select users_authorization.usersId as id,                users_authorization.usersName as username,                      users_authorization.usersPassword as password,                      users_authorization.usersFullName as userfullname,                      1 as enabled,                      CASE                       WHEN users_authorization.authorizationTypeId IS NULL THEN '0'                          ELSE users_authorization.authorizationTypeId                      END as roleid,                      CASE                 WHEN access.SCREEN_DISPLAY_ENABLE_FLAG IS NULL THEN '0'                 ELSE access.SCREEN_DISPLAY_ENABLE_FLAG                END as roledisplay,                      CASE                 WHEN access.ADDABLE_FLAG IS NULL THEN '0'                 ELSE access.ADDABLE_FLAG                END as roleadd,                      CASE                 WHEN access.UPDATABLE_FLAG IS NULL THEN '0'                 ELSE access.UPDATABLE_FLAG                END as roleupdate,                      CASE                 WHEN access.DELETABLE_FLAG IS NULL THEN '0'                 ELSE access.DELETABLE_FLAG                END as roledelete,                      CASE                 WHEN access.REFERENCE_FLAG IS NULL THEN '0'                 ELSE access.REFERENCE_FLAG                END as rolereference,                       access.SCREEN_ID as screenid              from (select users_manager.usersId,                 users_manager.usersName,                 users_manager.usersPassword,                 users_manager.usersFullName,                 users_manager.authorizationTypeId,                 authorization.AUTHORIZATION_TYPE_NAME authorizationTypeName,                 authorization.ACCESS_AUTHORITY_ID accessAuthorityId               from (select users.USERS_ID usersId,                  users.USERS_ID usersName,                  users.PASSWORD usersPassword,                  users.USERS_NAME usersFullName,                  manager.AUTHORIZATION_TYPE_ID authorizationTypeId                from IVB_M_USERS users                left join IVB_M_MANAGER manager                 on users.USERS_ID = manager.USERS_ID                 and manager.DELETE_FLAG = '0'                where users.USERS_ID = ?                 and users.DELETE_FLAG = '0'                ) users_manager               left join IVB_M_AUTHORIZATION authorization                on users_manager.authorizationTypeId = authorization.AUTHORIZATION_TYPE_ID                   and authorization.DELETE_FLAG = '0'                  ) users_authorization              left join IVB_M_ACCESS_AUTHORIZATION access               on users_authorization.accessAuthorityId = access.ACCESS_AUTHORITY_ID                  and access.DELETE_FLAG = '0']
05-23-2017 07:43:46.101,DEBUG,D30C04D508179935F3DE99C330F6B7FE,Fetching JDBC Connection from DataSource
05-23-2017 07:43:46.101,DEBUG,D30C04D508179935F3DE99C330F6B7FE,Creating new JDBC DriverManager Connection to [jdbc:mysql://172.16.0.175:3306/BANANA_DB_HUNG_SELENIUM?useUnicode=yes&characterEncoding=UTF-8&autoReconnect=true]
05-23-2017 07:43:46.122,DEBUG,D30C04D508179935F3DE99C330F6B7FE,Returning JDBC Connection to DataSource
05-23-2017 07:43:46.122,DEBUG,D30C04D508179935F3DE99C330F6B7FE,Executing prepared SQL query
05-23-2017 07:43:46.122,DEBUG,D30C04D508179935F3DE99C330F6B7FE,Executing prepared SQL statement [select distinct users.USERS_ID,                  CASE                   WHEN manager.AUTHORIZATION_TYPE_ID IS NULL THEN '0'                   ELSE manager.AUTHORIZATION_TYPE_ID                  END as AUTHORIZATION_TYPE_ID               from IVB_M_USERS users               left join IVB_M_MANAGER manager                on users.USERS_ID = manager.USERS_ID                and manager.DELETE_FLAG = '0'               where users.USERS_ID = ?                and users.DELETE_FLAG = '0']
05-23-2017 07:43:46.122,DEBUG,D30C04D508179935F3DE99C330F6B7FE,Fetching JDBC Connection from DataSource
05-23-2017 07:43:46.122,DEBUG,D30C04D508179935F3DE99C330F6B7FE,Creating new JDBC DriverManager Connection to [jdbc:mysql://172.16.0.175:3306/BANANA_DB_HUNG_SELENIUM?useUnicode=yes&characterEncoding=UTF-8&autoReconnect=true]
05-23-2017 07:43:46.140,DEBUG,D30C04D508179935F3DE99C330F6B7FE,Returning JDBC Connection to DataSource
05-23-2017 07:43:46.140,DEBUG,D30C04D508179935F3DE99C330F6B7FE,Delegating to org.springframework.security.web.authentication.session.ChangeSessionIdAuthenticationStrategy@99fddf
05-23-2017 07:43:46.140,DEBUG,D30C04D508179935F3DE99C330F6B7FE,Authentication success. Updating SecurityContextHolder to contain: org.springframework.security.authentication.UsernamePasswordAuthenticationToken@c490cb7f: Principal: vn.bananavietnam.ict.common.auth.MyUser@c4907816: Username: U0000000001; Password: [PROTECTED]; Enabled: true; AccountNonExpired: true; credentialsNonExpired: true; AccountNonLocked: true; Granted Authorities: 1; Credentials: [PROTECTED]; Authenticated: true; Details: org.springframework.security.web.authentication.WebAuthenticationDetails@ffff4c9c: RemoteIpAddress: 0:0:0:0:0:0:0:1; SessionId: 2B79BABAE761FEABFE1E4F10DB196BA5; Granted Authorities: 1
05-23-2017 07:43:46.140,DEBUG,D30C04D508179935F3DE99C330F6B7FE,SecurityContext stored to HttpSession: 'org.springframework.security.core.context.SecurityContextImpl@c490cb7f: Authentication: org.springframework.security.authentication.UsernamePasswordAuthenticationToken@c490cb7f: Principal: vn.bananavietnam.ict.common.auth.MyUser@c4907816: Username: U0000000001; Password: [PROTECTED]; Enabled: true; AccountNonExpired: true; credentialsNonExpired: true; AccountNonLocked: true; Granted Authorities: 1; Credentials: [PROTECTED]; Authenticated: true; Details: org.springframework.security.web.authentication.WebAuthenticationDetails@ffff4c9c: RemoteIpAddress: 0:0:0:0:0:0:0:1; SessionId: 2B79BABAE761FEABFE1E4F10DB196BA5; Granted Authorities: 1'
05-23-2017 07:43:46.140,DEBUG,D30C04D508179935F3DE99C330F6B7FE,SecurityContextHolder now cleared, as request processing completed
05-23-2017 07:43:46.153,DEBUG,D30C04D508179935F3DE99C330F6B7FE,/0001/ at position 1 of 11 in additional filter chain; firing Filter: 'SecurityContextPersistenceFilter'
05-23-2017 07:43:46.153,DEBUG,D30C04D508179935F3DE99C330F6B7FE,Obtained a valid SecurityContext from SPRING_SECURITY_CONTEXT: 'org.springframework.security.core.context.SecurityContextImpl@c490cb7f: Authentication: org.springframework.security.authentication.UsernamePasswordAuthenticationToken@c490cb7f: Principal: vn.bananavietnam.ict.common.auth.MyUser@c4907816: Username: U0000000001; Password: [PROTECTED]; Enabled: true; AccountNonExpired: true; credentialsNonExpired: true; AccountNonLocked: true; Granted Authorities: 1; Credentials: [PROTECTED]; Authenticated: true; Details: org.springframework.security.web.authentication.WebAuthenticationDetails@ffff4c9c: RemoteIpAddress: 0:0:0:0:0:0:0:1; SessionId: 2B79BABAE761FEABFE1E4F10DB196BA5; Granted Authorities: 1'
05-23-2017 07:43:46.153,DEBUG,D30C04D508179935F3DE99C330F6B7FE,/0001/ at position 2 of 11 in additional filter chain; firing Filter: 'WebAsyncManagerIntegrationFilter'
05-23-2017 07:43:46.153,DEBUG,D30C04D508179935F3DE99C330F6B7FE,/0001/ at position 3 of 11 in additional filter chain; firing Filter: 'LogoutFilter'
05-23-2017 07:43:46.154,DEBUG,D30C04D508179935F3DE99C330F6B7FE,/0001/ at position 4 of 11 in additional filter chain; firing Filter: 'UsernamePasswordAuthenticationFilter'
05-23-2017 07:43:46.154,DEBUG,D30C04D508179935F3DE99C330F6B7FE,/0001/ at position 5 of 11 in additional filter chain; firing Filter: 'BasicAuthenticationFilter'
05-23-2017 07:43:46.154,DEBUG,D30C04D508179935F3DE99C330F6B7FE,/0001/ at position 6 of 11 in additional filter chain; firing Filter: 'RequestCacheAwareFilter'
05-23-2017 07:43:46.154,DEBUG,D30C04D508179935F3DE99C330F6B7FE,/0001/ at position 7 of 11 in additional filter chain; firing Filter: 'SecurityContextHolderAwareRequestFilter'
05-23-2017 07:43:46.154,DEBUG,D30C04D508179935F3DE99C330F6B7FE,/0001/ at position 8 of 11 in additional filter chain; firing Filter: 'AnonymousAuthenticationFilter'
05-23-2017 07:43:46.154,DEBUG,D30C04D508179935F3DE99C330F6B7FE,SecurityContextHolder not populated with anonymous token, as it already contained: 'org.springframework.security.authentication.UsernamePasswordAuthenticationToken@c490cb7f: Principal: vn.bananavietnam.ict.common.auth.MyUser@c4907816: Username: U0000000001; Password: [PROTECTED]; Enabled: true; AccountNonExpired: true; credentialsNonExpired: true; AccountNonLocked: true; Granted Authorities: 1; Credentials: [PROTECTED]; Authenticated: true; Details: org.springframework.security.web.authentication.WebAuthenticationDetails@ffff4c9c: RemoteIpAddress: 0:0:0:0:0:0:0:1; SessionId: 2B79BABAE761FEABFE1E4F10DB196BA5; Granted Authorities: 1'
05-23-2017 07:43:46.154,DEBUG,D30C04D508179935F3DE99C330F6B7FE,/0001/ at position 9 of 11 in additional filter chain; firing Filter: 'SessionManagementFilter'
05-23-2017 07:43:46.154,DEBUG,D30C04D508179935F3DE99C330F6B7FE,/0001/ at position 10 of 11 in additional filter chain; firing Filter: 'ExceptionTranslationFilter'
05-23-2017 07:43:46.154,DEBUG,D30C04D508179935F3DE99C330F6B7FE,/0001/ at position 11 of 11 in additional filter chain; firing Filter: 'FilterSecurityInterceptor'
05-23-2017 07:43:46.154,DEBUG,D30C04D508179935F3DE99C330F6B7FE,Checking match of request : '/0001/'; against '/autherror*'
05-23-2017 07:43:46.154,DEBUG,D30C04D508179935F3DE99C330F6B7FE,Checking match of request : '/0001/'; against '/login/**'
05-23-2017 07:43:46.154,DEBUG,D30C04D508179935F3DE99C330F6B7FE,Checking match of request : '/0001/'; against '/error/**'
05-23-2017 07:43:46.154,DEBUG,D30C04D508179935F3DE99C330F6B7FE,Checking match of request : '/0001/'; against '/0001/**'
05-23-2017 07:43:46.154,DEBUG,D30C04D508179935F3DE99C330F6B7FE,Secure object: FilterInvocation: URL: /0001/; Attributes: [ROLE_ADMIN, ROLE_USER, IS_AUTHENTICATED_FULLY]
05-23-2017 07:43:46.154,DEBUG,D30C04D508179935F3DE99C330F6B7FE,Previously Authenticated: org.springframework.security.authentication.UsernamePasswordAuthenticationToken@c490cb7f: Principal: vn.bananavietnam.ict.common.auth.MyUser@c4907816: Username: U0000000001; Password: [PROTECTED]; Enabled: true; AccountNonExpired: true; credentialsNonExpired: true; AccountNonLocked: true; Granted Authorities: 1; Credentials: [PROTECTED]; Authenticated: true; Details: org.springframework.security.web.authentication.WebAuthenticationDetails@ffff4c9c: RemoteIpAddress: 0:0:0:0:0:0:0:1; SessionId: 2B79BABAE761FEABFE1E4F10DB196BA5; Granted Authorities: 1
05-23-2017 07:43:46.154,DEBUG,D30C04D508179935F3DE99C330F6B7FE,Voter: org.springframework.security.access.vote.RoleVoter@1ac872d, returned: -1
05-23-2017 07:43:46.154,DEBUG,D30C04D508179935F3DE99C330F6B7FE,Voter: org.springframework.security.access.vote.AuthenticatedVoter@b1927d, returned: 1
05-23-2017 07:43:46.154,DEBUG,D30C04D508179935F3DE99C330F6B7FE,Authorization successful
05-23-2017 07:43:46.154,DEBUG,D30C04D508179935F3DE99C330F6B7FE,RunAsManager did not change Authentication object
05-23-2017 07:43:46.154,DEBUG,D30C04D508179935F3DE99C330F6B7FE,/0001/ reached end of additional filter chain; proceeding with original chain
05-23-2017 07:43:46.154,DEBUG,D30C04D508179935F3DE99C330F6B7FE,Request [/ict/0001/] is not a multipart request
05-23-2017 07:43:46.154,DEBUG,E2482A2C1906DAC72CF6CB939B4F931E,DispatcherServlet with name 'appServlet' processing GET request for [/ict/0001/]
05-23-2017 07:43:46.154,DEBUG,E2482A2C1906DAC72CF6CB939B4F931E,Looking up handler method for path /0001/
05-23-2017 07:43:46.154,DEBUG,E2482A2C1906DAC72CF6CB939B4F931E,Returning handler method [public java.lang.String vn.bananavietnam.ict.banana.controller.Bnn0001BananaMenuController.top(javax.servlet.http.HttpServletRequest,java.util.Locale,org.springframework.ui.Model)]
05-23-2017 07:43:46.154,DEBUG,E2482A2C1906DAC72CF6CB939B4F931E,Returning cached instance of singleton bean 'bnn0001BananaMenuController'
05-23-2017 07:43:46.154,DEBUG,E2482A2C1906DAC72CF6CB939B4F931E,Last-Modified value for [/ict/0001/] is: -1
05-23-2017 07:43:46.154,DEBUG,E2482A2C1906DAC72CF6CB939B4F931E,Returning cached instance of singleton bean 'xml_path'
05-23-2017 07:43:46.156,DEBUG,E2482A2C1906DAC72CF6CB939B4F931E,Rendering view [org.springframework.web.servlet.view.JstlView: name 'banana/Bnn0001BananaMenu'; URL [/WEB-INF/views/banana/Bnn0001BananaMenu.jsp]] in DispatcherServlet with name 'appServlet'
05-23-2017 07:43:46.157,DEBUG,E2482A2C1906DAC72CF6CB939B4F931E,Added model object 'resetDate' of type [java.lang.String] to request in view with name 'banana/Bnn0001BananaMenu'
05-23-2017 07:43:46.157,DEBUG,E2482A2C1906DAC72CF6CB939B4F931E,Added model object 'layoutDate' of type [java.lang.String] to request in view with name 'banana/Bnn0001BananaMenu'
05-23-2017 07:43:46.157,DEBUG,E2482A2C1906DAC72CF6CB939B4F931E,Added model object 'jqueryUiCssDate' of type [java.lang.String] to request in view with name 'banana/Bnn0001BananaMenu'
05-23-2017 07:43:46.157,DEBUG,E2482A2C1906DAC72CF6CB939B4F931E,Added model object 'messageHandlerDate' of type [java.lang.String] to request in view with name 'banana/Bnn0001BananaMenu'
05-23-2017 07:43:46.157,DEBUG,E2482A2C1906DAC72CF6CB939B4F931E,Added model object 'jqueryDate' of type [java.lang.String] to request in view with name 'banana/Bnn0001BananaMenu'
05-23-2017 07:43:46.157,DEBUG,E2482A2C1906DAC72CF6CB939B4F931E,Added model object 'jqueryUiDate' of type [java.lang.String] to request in view with name 'banana/Bnn0001BananaMenu'
05-23-2017 07:43:46.157,DEBUG,E2482A2C1906DAC72CF6CB939B4F931E,Added model object 'datepickerDate' of type [java.lang.String] to request in view with name 'banana/Bnn0001BananaMenu'
05-23-2017 07:43:46.157,DEBUG,E2482A2C1906DAC72CF6CB939B4F931E,Added model object 'inputmaskDate' of type [java.lang.String] to request in view with name 'banana/Bnn0001BananaMenu'
05-23-2017 07:43:46.157,DEBUG,E2482A2C1906DAC72CF6CB939B4F931E,Added model object 'jqueryInputmaskDate' of type [java.lang.String] to request in view with name 'banana/Bnn0001BananaMenu'
05-23-2017 07:43:46.157,DEBUG,E2482A2C1906DAC72CF6CB939B4F931E,Added model object 'inputMaskExtDate' of type [java.lang.String] to request in view with name 'banana/Bnn0001BananaMenu'
05-23-2017 07:43:46.157,DEBUG,E2482A2C1906DAC72CF6CB939B4F931E,Added model object 'calendarDate' of type [java.lang.String] to request in view with name 'banana/Bnn0001BananaMenu'
05-23-2017 07:43:46.157,DEBUG,E2482A2C1906DAC72CF6CB939B4F931E,Added model object 'messageDate' of type [java.lang.String] to request in view with name 'banana/Bnn0001BananaMenu'
05-23-2017 07:43:46.157,DEBUG,E2482A2C1906DAC72CF6CB939B4F931E,Added model object 'storageDate' of type [java.lang.String] to request in view with name 'banana/Bnn0001BananaMenu'
05-23-2017 07:43:46.157,DEBUG,E2482A2C1906DAC72CF6CB939B4F931E,Added model object 'commonDate' of type [java.lang.String] to request in view with name 'banana/Bnn0001BananaMenu'
05-23-2017 07:43:46.157,DEBUG,E2482A2C1906DAC72CF6CB939B4F931E,Added model object 'bananaMenuCssDate' of type [java.lang.String] to request in view with name 'banana/Bnn0001BananaMenu'
05-23-2017 07:43:46.157,DEBUG,E2482A2C1906DAC72CF6CB939B4F931E,Added model object 'bananaMenuJsDate' of type [java.lang.String] to request in view with name 'banana/Bnn0001BananaMenu'
05-23-2017 07:43:46.157,DEBUG,E2482A2C1906DAC72CF6CB939B4F931E,Forwarding to resource [/WEB-INF/views/banana/Bnn0001BananaMenu.jsp] in InternalResourceView 'banana/Bnn0001BananaMenu'
05-23-2017 07:43:46.158,DEBUG,E2482A2C1906DAC72CF6CB939B4F931E,Render request received for definition 'defaultTemplate'
05-23-2017 07:43:46.159,DEBUG,E2482A2C1906DAC72CF6CB939B4F931E,Successfully completed request
05-23-2017 07:43:46.160,DEBUG,E2482A2C1906DAC72CF6CB939B4F931E,Chain processed normally
05-23-2017 07:43:46.160,DEBUG,E2482A2C1906DAC72CF6CB939B4F931E,SecurityContextHolder now cleared, as request processing completed
05-23-2017 07:43:47.267,DEBUG,D30C04D508179935F3DE99C330F6B7FE,/0089/ at position 1 of 11 in additional filter chain; firing Filter: 'SecurityContextPersistenceFilter'
05-23-2017 07:43:47.267,DEBUG,D30C04D508179935F3DE99C330F6B7FE,Obtained a valid SecurityContext from SPRING_SECURITY_CONTEXT: 'org.springframework.security.core.context.SecurityContextImpl@c490cb7f: Authentication: org.springframework.security.authentication.UsernamePasswordAuthenticationToken@c490cb7f: Principal: vn.bananavietnam.ict.common.auth.MyUser@c4907816: Username: U0000000001; Password: [PROTECTED]; Enabled: true; AccountNonExpired: true; credentialsNonExpired: true; AccountNonLocked: true; Granted Authorities: 1; Credentials: [PROTECTED]; Authenticated: true; Details: org.springframework.security.web.authentication.WebAuthenticationDetails@ffff4c9c: RemoteIpAddress: 0:0:0:0:0:0:0:1; SessionId: 2B79BABAE761FEABFE1E4F10DB196BA5; Granted Authorities: 1'
05-23-2017 07:43:47.267,DEBUG,D30C04D508179935F3DE99C330F6B7FE,/0089/ at position 2 of 11 in additional filter chain; firing Filter: 'WebAsyncManagerIntegrationFilter'
05-23-2017 07:43:47.267,DEBUG,D30C04D508179935F3DE99C330F6B7FE,/0089/ at position 3 of 11 in additional filter chain; firing Filter: 'LogoutFilter'
05-23-2017 07:43:47.267,DEBUG,D30C04D508179935F3DE99C330F6B7FE,/0089/ at position 4 of 11 in additional filter chain; firing Filter: 'UsernamePasswordAuthenticationFilter'
05-23-2017 07:43:47.268,DEBUG,D30C04D508179935F3DE99C330F6B7FE,/0089/ at position 5 of 11 in additional filter chain; firing Filter: 'BasicAuthenticationFilter'
05-23-2017 07:43:47.268,DEBUG,D30C04D508179935F3DE99C330F6B7FE,/0089/ at position 6 of 11 in additional filter chain; firing Filter: 'RequestCacheAwareFilter'
05-23-2017 07:43:47.268,DEBUG,D30C04D508179935F3DE99C330F6B7FE,/0089/ at position 7 of 11 in additional filter chain; firing Filter: 'SecurityContextHolderAwareRequestFilter'
05-23-2017 07:43:47.268,DEBUG,D30C04D508179935F3DE99C330F6B7FE,/0089/ at position 8 of 11 in additional filter chain; firing Filter: 'AnonymousAuthenticationFilter'
05-23-2017 07:43:47.268,DEBUG,D30C04D508179935F3DE99C330F6B7FE,SecurityContextHolder not populated with anonymous token, as it already contained: 'org.springframework.security.authentication.UsernamePasswordAuthenticationToken@c490cb7f: Principal: vn.bananavietnam.ict.common.auth.MyUser@c4907816: Username: U0000000001; Password: [PROTECTED]; Enabled: true; AccountNonExpired: true; credentialsNonExpired: true; AccountNonLocked: true; Granted Authorities: 1; Credentials: [PROTECTED]; Authenticated: true; Details: org.springframework.security.web.authentication.WebAuthenticationDetails@ffff4c9c: RemoteIpAddress: 0:0:0:0:0:0:0:1; SessionId: 2B79BABAE761FEABFE1E4F10DB196BA5; Granted Authorities: 1'
05-23-2017 07:43:47.268,DEBUG,D30C04D508179935F3DE99C330F6B7FE,/0089/ at position 9 of 11 in additional filter chain; firing Filter: 'SessionManagementFilter'
05-23-2017 07:43:47.268,DEBUG,D30C04D508179935F3DE99C330F6B7FE,/0089/ at position 10 of 11 in additional filter chain; firing Filter: 'ExceptionTranslationFilter'
05-23-2017 07:43:47.268,DEBUG,D30C04D508179935F3DE99C330F6B7FE,/0089/ at position 11 of 11 in additional filter chain; firing Filter: 'FilterSecurityInterceptor'
05-23-2017 07:43:47.268,DEBUG,D30C04D508179935F3DE99C330F6B7FE,Checking match of request : '/0089/'; against '/autherror*'
05-23-2017 07:43:47.268,DEBUG,D30C04D508179935F3DE99C330F6B7FE,Checking match of request : '/0089/'; against '/login/**'
05-23-2017 07:43:47.268,DEBUG,D30C04D508179935F3DE99C330F6B7FE,Checking match of request : '/0089/'; against '/error/**'
05-23-2017 07:43:47.268,DEBUG,D30C04D508179935F3DE99C330F6B7FE,Checking match of request : '/0089/'; against '/0001/**'
05-23-2017 07:43:47.268,DEBUG,D30C04D508179935F3DE99C330F6B7FE,Checking match of request : '/0089/'; against '/0002/**'
05-23-2017 07:43:47.268,DEBUG,D30C04D508179935F3DE99C330F6B7FE,Checking match of request : '/0089/'; against '/0003/**'
05-23-2017 07:43:47.268,DEBUG,D30C04D508179935F3DE99C330F6B7FE,Checking match of request : '/0089/'; against '/0005/**'
05-23-2017 07:43:47.268,DEBUG,D30C04D508179935F3DE99C330F6B7FE,Checking match of request : '/0089/'; against '/0007/**'
05-23-2017 07:43:47.268,DEBUG,D30C04D508179935F3DE99C330F6B7FE,Checking match of request : '/0089/'; against '/0009/**'
05-23-2017 07:43:47.268,DEBUG,D30C04D508179935F3DE99C330F6B7FE,Checking match of request : '/0089/'; against '/0013/**'
05-23-2017 07:43:47.268,DEBUG,D30C04D508179935F3DE99C330F6B7FE,Checking match of request : '/0089/'; against '/0023/**'
05-23-2017 07:43:47.268,DEBUG,D30C04D508179935F3DE99C330F6B7FE,Checking match of request : '/0089/'; against '/0017/**'
05-23-2017 07:43:47.268,DEBUG,D30C04D508179935F3DE99C330F6B7FE,Checking match of request : '/0089/'; against '/0031/**'
05-23-2017 07:43:47.268,DEBUG,D30C04D508179935F3DE99C330F6B7FE,Checking match of request : '/0089/'; against '/0035/**'
05-23-2017 07:43:47.268,DEBUG,D30C04D508179935F3DE99C330F6B7FE,Checking match of request : '/0089/'; against '/0037/**'
05-23-2017 07:43:47.268,DEBUG,D30C04D508179935F3DE99C330F6B7FE,Checking match of request : '/0089/'; against '/0045/**'
05-23-2017 07:43:47.268,DEBUG,D30C04D508179935F3DE99C330F6B7FE,Checking match of request : '/0089/'; against '/0047/**'
05-23-2017 07:43:47.268,DEBUG,D30C04D508179935F3DE99C330F6B7FE,Checking match of request : '/0089/'; against '/0049/**'
05-23-2017 07:43:47.268,DEBUG,D30C04D508179935F3DE99C330F6B7FE,Checking match of request : '/0089/'; against '/0061/**'
05-23-2017 07:43:47.268,DEBUG,D30C04D508179935F3DE99C330F6B7FE,Checking match of request : '/0089/'; against '/0087/**'
05-23-2017 07:43:47.268,DEBUG,D30C04D508179935F3DE99C330F6B7FE,Checking match of request : '/0089/'; against '/0075/**'
05-23-2017 07:43:47.269,DEBUG,D30C04D508179935F3DE99C330F6B7FE,Checking match of request : '/0089/'; against '/0089/**'
05-23-2017 07:43:47.269,DEBUG,D30C04D508179935F3DE99C330F6B7FE,Secure object: FilterInvocation: URL: /0089/; Attributes: [ROLE_ADMIN, ROLE_USER, IS_AUTHENTICATED_FULLY]
05-23-2017 07:43:47.269,DEBUG,D30C04D508179935F3DE99C330F6B7FE,Previously Authenticated: org.springframework.security.authentication.UsernamePasswordAuthenticationToken@c490cb7f: Principal: vn.bananavietnam.ict.common.auth.MyUser@c4907816: Username: U0000000001; Password: [PROTECTED]; Enabled: true; AccountNonExpired: true; credentialsNonExpired: true; AccountNonLocked: true; Granted Authorities: 1; Credentials: [PROTECTED]; Authenticated: true; Details: org.springframework.security.web.authentication.WebAuthenticationDetails@ffff4c9c: RemoteIpAddress: 0:0:0:0:0:0:0:1; SessionId: 2B79BABAE761FEABFE1E4F10DB196BA5; Granted Authorities: 1
05-23-2017 07:43:47.269,DEBUG,D30C04D508179935F3DE99C330F6B7FE,Voter: org.springframework.security.access.vote.RoleVoter@1ac872d, returned: -1
05-23-2017 07:43:47.269,DEBUG,D30C04D508179935F3DE99C330F6B7FE,Voter: org.springframework.security.access.vote.AuthenticatedVoter@b1927d, returned: 1
05-23-2017 07:43:47.269,DEBUG,D30C04D508179935F3DE99C330F6B7FE,Authorization successful
05-23-2017 07:43:47.269,DEBUG,D30C04D508179935F3DE99C330F6B7FE,RunAsManager did not change Authentication object
05-23-2017 07:43:47.269,DEBUG,D30C04D508179935F3DE99C330F6B7FE,/0089/ reached end of additional filter chain; proceeding with original chain
05-23-2017 07:43:47.269,DEBUG,D30C04D508179935F3DE99C330F6B7FE,Request [/ict/0089/] is not a multipart request
05-23-2017 07:43:47.269,DEBUG,E2482A2C1906DAC72CF6CB939B4F931E,DispatcherServlet with name 'appServlet' processing GET request for [/ict/0089/]
05-23-2017 07:43:47.269,DEBUG,E2482A2C1906DAC72CF6CB939B4F931E,Looking up handler method for path /0089/
05-23-2017 07:43:47.269,DEBUG,E2482A2C1906DAC72CF6CB939B4F931E,Returning handler method [public java.lang.String vn.bananavietnam.ict.banana.controller.Bnn0089SearchTaskController.top(javax.servlet.http.HttpServletRequest,java.util.Locale,org.springframework.ui.Model)]
05-23-2017 07:43:47.269,DEBUG,E2482A2C1906DAC72CF6CB939B4F931E,Returning cached instance of singleton bean 'bnn0089SearchTaskController'
05-23-2017 07:43:47.269,DEBUG,E2482A2C1906DAC72CF6CB939B4F931E,Last-Modified value for [/ict/0089/] is: -1
05-23-2017 07:43:47.270,DEBUG,E2482A2C1906DAC72CF6CB939B4F931E,Returning cached instance of singleton bean 'xml_path'
05-23-2017 07:43:47.271,DEBUG,E2482A2C1906DAC72CF6CB939B4F931E,Rendering view [org.springframework.web.servlet.view.JstlView: name 'banana/Bnn0089SearchTask'; URL [/WEB-INF/views/banana/Bnn0089SearchTask.jsp]] in DispatcherServlet with name 'appServlet'
05-23-2017 07:43:47.272,DEBUG,E2482A2C1906DAC72CF6CB939B4F931E,Added model object 'resetDate' of type [java.lang.String] to request in view with name 'banana/Bnn0089SearchTask'
05-23-2017 07:43:47.272,DEBUG,E2482A2C1906DAC72CF6CB939B4F931E,Added model object 'layoutDate' of type [java.lang.String] to request in view with name 'banana/Bnn0089SearchTask'
05-23-2017 07:43:47.272,DEBUG,E2482A2C1906DAC72CF6CB939B4F931E,Added model object 'jqueryUiCssDate' of type [java.lang.String] to request in view with name 'banana/Bnn0089SearchTask'
05-23-2017 07:43:47.272,DEBUG,E2482A2C1906DAC72CF6CB939B4F931E,Added model object 'messageHandlerDate' of type [java.lang.String] to request in view with name 'banana/Bnn0089SearchTask'
05-23-2017 07:43:47.272,DEBUG,E2482A2C1906DAC72CF6CB939B4F931E,Added model object 'jqueryDate' of type [java.lang.String] to request in view with name 'banana/Bnn0089SearchTask'
05-23-2017 07:43:47.272,DEBUG,E2482A2C1906DAC72CF6CB939B4F931E,Added model object 'jqueryUiDate' of type [java.lang.String] to request in view with name 'banana/Bnn0089SearchTask'
05-23-2017 07:43:47.272,DEBUG,E2482A2C1906DAC72CF6CB939B4F931E,Added model object 'datepickerDate' of type [java.lang.String] to request in view with name 'banana/Bnn0089SearchTask'
05-23-2017 07:43:47.272,DEBUG,E2482A2C1906DAC72CF6CB939B4F931E,Added model object 'inputmaskDate' of type [java.lang.String] to request in view with name 'banana/Bnn0089SearchTask'
05-23-2017 07:43:47.272,DEBUG,E2482A2C1906DAC72CF6CB939B4F931E,Added model object 'jqueryInputmaskDate' of type [java.lang.String] to request in view with name 'banana/Bnn0089SearchTask'
05-23-2017 07:43:47.272,DEBUG,E2482A2C1906DAC72CF6CB939B4F931E,Added model object 'inputMaskExtDate' of type [java.lang.String] to request in view with name 'banana/Bnn0089SearchTask'
05-23-2017 07:43:47.272,DEBUG,E2482A2C1906DAC72CF6CB939B4F931E,Added model object 'calendarDate' of type [java.lang.String] to request in view with name 'banana/Bnn0089SearchTask'
05-23-2017 07:43:47.272,DEBUG,E2482A2C1906DAC72CF6CB939B4F931E,Added model object 'messageDate' of type [java.lang.String] to request in view with name 'banana/Bnn0089SearchTask'
05-23-2017 07:43:47.272,DEBUG,E2482A2C1906DAC72CF6CB939B4F931E,Added model object 'storageDate' of type [java.lang.String] to request in view with name 'banana/Bnn0089SearchTask'
05-23-2017 07:43:47.272,DEBUG,E2482A2C1906DAC72CF6CB939B4F931E,Added model object 'commonDate' of type [java.lang.String] to request in view with name 'banana/Bnn0089SearchTask'
05-23-2017 07:43:47.272,DEBUG,E2482A2C1906DAC72CF6CB939B4F931E,Added model object 'searchTaskCssDate' of type [java.lang.String] to request in view with name 'banana/Bnn0089SearchTask'
05-23-2017 07:43:47.272,DEBUG,E2482A2C1906DAC72CF6CB939B4F931E,Added model object 'searchTaskJsDate' of type [java.lang.String] to request in view with name 'banana/Bnn0089SearchTask'
05-23-2017 07:43:47.272,DEBUG,E2482A2C1906DAC72CF6CB939B4F931E,Forwarding to resource [/WEB-INF/views/banana/Bnn0089SearchTask.jsp] in InternalResourceView 'banana/Bnn0089SearchTask'
05-23-2017 07:43:47.273,DEBUG,E2482A2C1906DAC72CF6CB939B4F931E,Render request received for definition 'defaultTemplate'
05-23-2017 07:43:47.275,DEBUG,E2482A2C1906DAC72CF6CB939B4F931E,Successfully completed request
05-23-2017 07:43:47.275,DEBUG,E2482A2C1906DAC72CF6CB939B4F931E,Chain processed normally
05-23-2017 07:43:47.275,DEBUG,E2482A2C1906DAC72CF6CB939B4F931E,SecurityContextHolder now cleared, as request processing completed
05-23-2017 07:43:47.378,DEBUG,D30C04D508179935F3DE99C330F6B7FE,/0089/searchData at position 1 of 11 in additional filter chain; firing Filter: 'SecurityContextPersistenceFilter'
05-23-2017 07:43:47.378,DEBUG,D30C04D508179935F3DE99C330F6B7FE,Obtained a valid SecurityContext from SPRING_SECURITY_CONTEXT: 'org.springframework.security.core.context.SecurityContextImpl@c490cb7f: Authentication: org.springframework.security.authentication.UsernamePasswordAuthenticationToken@c490cb7f: Principal: vn.bananavietnam.ict.common.auth.MyUser@c4907816: Username: U0000000001; Password: [PROTECTED]; Enabled: true; AccountNonExpired: true; credentialsNonExpired: true; AccountNonLocked: true; Granted Authorities: 1; Credentials: [PROTECTED]; Authenticated: true; Details: org.springframework.security.web.authentication.WebAuthenticationDetails@ffff4c9c: RemoteIpAddress: 0:0:0:0:0:0:0:1; SessionId: 2B79BABAE761FEABFE1E4F10DB196BA5; Granted Authorities: 1'
05-23-2017 07:43:47.378,DEBUG,D30C04D508179935F3DE99C330F6B7FE,/0089/searchData at position 2 of 11 in additional filter chain; firing Filter: 'WebAsyncManagerIntegrationFilter'
05-23-2017 07:43:47.378,DEBUG,D30C04D508179935F3DE99C330F6B7FE,/0089/searchData at position 3 of 11 in additional filter chain; firing Filter: 'LogoutFilter'
05-23-2017 07:43:47.378,DEBUG,D30C04D508179935F3DE99C330F6B7FE,/0089/searchData at position 4 of 11 in additional filter chain; firing Filter: 'UsernamePasswordAuthenticationFilter'
05-23-2017 07:43:47.378,DEBUG,D30C04D508179935F3DE99C330F6B7FE,/0089/searchData at position 5 of 11 in additional filter chain; firing Filter: 'BasicAuthenticationFilter'
05-23-2017 07:43:47.379,DEBUG,D30C04D508179935F3DE99C330F6B7FE,/0089/searchData at position 6 of 11 in additional filter chain; firing Filter: 'RequestCacheAwareFilter'
05-23-2017 07:43:47.379,DEBUG,D30C04D508179935F3DE99C330F6B7FE,/0089/searchData at position 7 of 11 in additional filter chain; firing Filter: 'SecurityContextHolderAwareRequestFilter'
05-23-2017 07:43:47.379,DEBUG,D30C04D508179935F3DE99C330F6B7FE,/0089/searchData at position 8 of 11 in additional filter chain; firing Filter: 'AnonymousAuthenticationFilter'
05-23-2017 07:43:47.379,DEBUG,D30C04D508179935F3DE99C330F6B7FE,SecurityContextHolder not populated with anonymous token, as it already contained: 'org.springframework.security.authentication.UsernamePasswordAuthenticationToken@c490cb7f: Principal: vn.bananavietnam.ict.common.auth.MyUser@c4907816: Username: U0000000001; Password: [PROTECTED]; Enabled: true; AccountNonExpired: true; credentialsNonExpired: true; AccountNonLocked: true; Granted Authorities: 1; Credentials: [PROTECTED]; Authenticated: true; Details: org.springframework.security.web.authentication.WebAuthenticationDetails@ffff4c9c: RemoteIpAddress: 0:0:0:0:0:0:0:1; SessionId: 2B79BABAE761FEABFE1E4F10DB196BA5; Granted Authorities: 1'
05-23-2017 07:43:47.379,DEBUG,D30C04D508179935F3DE99C330F6B7FE,/0089/searchData at position 9 of 11 in additional filter chain; firing Filter: 'SessionManagementFilter'
05-23-2017 07:43:47.379,DEBUG,D30C04D508179935F3DE99C330F6B7FE,/0089/searchData at position 10 of 11 in additional filter chain; firing Filter: 'ExceptionTranslationFilter'
05-23-2017 07:43:47.379,DEBUG,D30C04D508179935F3DE99C330F6B7FE,/0089/searchData at position 11 of 11 in additional filter chain; firing Filter: 'FilterSecurityInterceptor'
05-23-2017 07:43:47.379,DEBUG,D30C04D508179935F3DE99C330F6B7FE,Checking match of request : '/0089/searchdata'; against '/autherror*'
05-23-2017 07:43:47.379,DEBUG,D30C04D508179935F3DE99C330F6B7FE,Checking match of request : '/0089/searchdata'; against '/login/**'
05-23-2017 07:43:47.379,DEBUG,D30C04D508179935F3DE99C330F6B7FE,Checking match of request : '/0089/searchdata'; against '/error/**'
05-23-2017 07:43:47.379,DEBUG,D30C04D508179935F3DE99C330F6B7FE,Checking match of request : '/0089/searchdata'; against '/0001/**'
05-23-2017 07:43:47.379,DEBUG,D30C04D508179935F3DE99C330F6B7FE,Checking match of request : '/0089/searchdata'; against '/0002/**'
05-23-2017 07:43:47.379,DEBUG,D30C04D508179935F3DE99C330F6B7FE,Checking match of request : '/0089/searchdata'; against '/0003/**'
05-23-2017 07:43:47.379,DEBUG,D30C04D508179935F3DE99C330F6B7FE,Checking match of request : '/0089/searchdata'; against '/0005/**'
05-23-2017 07:43:47.379,DEBUG,D30C04D508179935F3DE99C330F6B7FE,Checking match of request : '/0089/searchdata'; against '/0007/**'
05-23-2017 07:43:47.379,DEBUG,D30C04D508179935F3DE99C330F6B7FE,Checking match of request : '/0089/searchdata'; against '/0009/**'
05-23-2017 07:43:47.379,DEBUG,D30C04D508179935F3DE99C330F6B7FE,Checking match of request : '/0089/searchdata'; against '/0013/**'
05-23-2017 07:43:47.379,DEBUG,D30C04D508179935F3DE99C330F6B7FE,Checking match of request : '/0089/searchdata'; against '/0023/**'
05-23-2017 07:43:47.379,DEBUG,D30C04D508179935F3DE99C330F6B7FE,Checking match of request : '/0089/searchdata'; against '/0017/**'
05-23-2017 07:43:47.379,DEBUG,D30C04D508179935F3DE99C330F6B7FE,Checking match of request : '/0089/searchdata'; against '/0031/**'
05-23-2017 07:43:47.379,DEBUG,D30C04D508179935F3DE99C330F6B7FE,Checking match of request : '/0089/searchdata'; against '/0035/**'
05-23-2017 07:43:47.379,DEBUG,D30C04D508179935F3DE99C330F6B7FE,Checking match of request : '/0089/searchdata'; against '/0037/**'
05-23-2017 07:43:47.379,DEBUG,D30C04D508179935F3DE99C330F6B7FE,Checking match of request : '/0089/searchdata'; against '/0045/**'
05-23-2017 07:43:47.379,DEBUG,D30C04D508179935F3DE99C330F6B7FE,Checking match of request : '/0089/searchdata'; against '/0047/**'
05-23-2017 07:43:47.379,DEBUG,D30C04D508179935F3DE99C330F6B7FE,Checking match of request : '/0089/searchdata'; against '/0049/**'
05-23-2017 07:43:47.379,DEBUG,D30C04D508179935F3DE99C330F6B7FE,Checking match of request : '/0089/searchdata'; against '/0061/**'
05-23-2017 07:43:47.379,DEBUG,D30C04D508179935F3DE99C330F6B7FE,Checking match of request : '/0089/searchdata'; against '/0087/**'
05-23-2017 07:43:47.379,DEBUG,D30C04D508179935F3DE99C330F6B7FE,Checking match of request : '/0089/searchdata'; against '/0075/**'
05-23-2017 07:43:47.379,DEBUG,D30C04D508179935F3DE99C330F6B7FE,Checking match of request : '/0089/searchdata'; against '/0089/**'
05-23-2017 07:43:47.379,DEBUG,D30C04D508179935F3DE99C330F6B7FE,Secure object: FilterInvocation: URL: /0089/searchData; Attributes: [ROLE_ADMIN, ROLE_USER, IS_AUTHENTICATED_FULLY]
05-23-2017 07:43:47.379,DEBUG,D30C04D508179935F3DE99C330F6B7FE,Previously Authenticated: org.springframework.security.authentication.UsernamePasswordAuthenticationToken@c490cb7f: Principal: vn.bananavietnam.ict.common.auth.MyUser@c4907816: Username: U0000000001; Password: [PROTECTED]; Enabled: true; AccountNonExpired: true; credentialsNonExpired: true; AccountNonLocked: true; Granted Authorities: 1; Credentials: [PROTECTED]; Authenticated: true; Details: org.springframework.security.web.authentication.WebAuthenticationDetails@ffff4c9c: RemoteIpAddress: 0:0:0:0:0:0:0:1; SessionId: 2B79BABAE761FEABFE1E4F10DB196BA5; Granted Authorities: 1
05-23-2017 07:43:47.379,DEBUG,D30C04D508179935F3DE99C330F6B7FE,Voter: org.springframework.security.access.vote.RoleVoter@1ac872d, returned: -1
05-23-2017 07:43:47.379,DEBUG,D30C04D508179935F3DE99C330F6B7FE,Voter: org.springframework.security.access.vote.AuthenticatedVoter@b1927d, returned: 1
05-23-2017 07:43:47.379,DEBUG,D30C04D508179935F3DE99C330F6B7FE,Authorization successful
05-23-2017 07:43:47.379,DEBUG,D30C04D508179935F3DE99C330F6B7FE,RunAsManager did not change Authentication object
05-23-2017 07:43:47.379,DEBUG,D30C04D508179935F3DE99C330F6B7FE,/0089/searchData reached end of additional filter chain; proceeding with original chain
05-23-2017 07:43:47.379,DEBUG,D30C04D508179935F3DE99C330F6B7FE,Request [/ict/0089/searchData] is not a multipart request
05-23-2017 07:43:47.379,DEBUG,E2482A2C1906DAC72CF6CB939B4F931E,DispatcherServlet with name 'appServlet' processing POST request for [/ict/0089/searchData]
05-23-2017 07:43:47.380,DEBUG,E2482A2C1906DAC72CF6CB939B4F931E,Looking up handler method for path /0089/searchData
05-23-2017 07:43:47.380,DEBUG,E2482A2C1906DAC72CF6CB939B4F931E,Returning handler method [public java.util.List<vn.bananavietnam.ict.banana.component.Bnn0089SearchTaskResult> vn.bananavietnam.ict.banana.controller.Bnn0089SearchTaskController.searchData(vn.bananavietnam.ict.banana.component.Bnn0089SearchTaskConditions)]
05-23-2017 07:43:47.380,DEBUG,E2482A2C1906DAC72CF6CB939B4F931E,Returning cached instance of singleton bean 'bnn0089SearchTaskController'
05-23-2017 07:43:47.380,DEBUG,E2482A2C1906DAC72CF6CB939B4F931E,Returning cached instance of singleton bean 'xml_path'
05-23-2017 07:43:47.380,DEBUG,E2482A2C1906DAC72CF6CB939B4F931E,Read [class vn.bananavietnam.ict.banana.component.Bnn0089SearchTaskConditions] as "application/json" with [org.springframework.http.converter.json.MappingJackson2HttpMessageConverter@156f2cc]
05-23-2017 07:43:47.380,INFO ,E2482A2C1906DAC72CF6CB939B4F931E,U0000000001,vn.bananavietnam.ict.banana.service.Bnn0089SearchTaskService,searchData,[vn.bananavietnam.ict.banana.component.Bnn0089SearchTaskConditions@151e0b2] METHOD START
05-23-2017 07:43:47.381,DEBUG,E2482A2C1906DAC72CF6CB939B4F931E,Returning cached instance of singleton bean 'transactionManager'
05-23-2017 07:43:47.381,INFO ,E2482A2C1906DAC72CF6CB939B4F931E,U0000000001,Task searching started
05-23-2017 07:43:47.381,DEBUG,E2482A2C1906DAC72CF6CB939B4F931E,Creating a new SqlSession
05-23-2017 07:43:47.381,DEBUG,E2482A2C1906DAC72CF6CB939B4F931E,Registering transaction synchronization for SqlSession [org.apache.ibatis.session.defaults.DefaultSqlSession@49088b]
05-23-2017 07:43:47.381,DEBUG,E2482A2C1906DAC72CF6CB939B4F931E,Fetching JDBC Connection from DataSource
05-23-2017 07:43:47.381,DEBUG,E2482A2C1906DAC72CF6CB939B4F931E,Creating new JDBC DriverManager Connection to [jdbc:mysql://172.16.0.175:3306/BANANA_DB_HUNG_SELENIUM?useUnicode=yes&characterEncoding=UTF-8&autoReconnect=true]
05-23-2017 07:43:47.400,DEBUG,E2482A2C1906DAC72CF6CB939B4F931E,Registering transaction synchronization for JDBC Connection
05-23-2017 07:43:47.400,DEBUG,E2482A2C1906DAC72CF6CB939B4F931E,JDBC Connection [com.mysql.jdbc.JDBC4Connection@1814ded] will be managed by Spring
05-23-2017 07:43:47.401,DEBUG,E2482A2C1906DAC72CF6CB939B4F931E,==>  Preparing: SELECT T.TASK_ID taskId, T.TASK_NAME taskName, T.WORKING_DETAILS workingDetails, T.NOTE note, T.QUARANTINE_HANDLING_FLAG quarantineHandlingFlag, T.DELETE_FLAG deleteFlag, T.CHANGE_POINT_CODE changePointCode, T.LAST_UPDATE_DATE lastUpdateDate FROM IVB_M_TASK T WHERE 1 = 1 AND T.DELETE_FLAG = '0' ORDER BY T.TASK_NAME LIMIT ?,? 
05-23-2017 07:43:47.401,DEBUG,E2482A2C1906DAC72CF6CB939B4F931E,==> Parameters: 0(Integer), 20(Integer)
05-23-2017 07:43:47.404,DEBUG,E2482A2C1906DAC72CF6CB939B4F931E,<==      Total: 20
05-23-2017 07:43:47.404,DEBUG,E2482A2C1906DAC72CF6CB939B4F931E,Releasing transactional SqlSession [org.apache.ibatis.session.defaults.DefaultSqlSession@49088b]
05-23-2017 07:43:47.404,INFO ,E2482A2C1906DAC72CF6CB939B4F931E,U0000000001,SQL execution finished
05-23-2017 07:43:47.404,DEBUG,E2482A2C1906DAC72CF6CB939B4F931E,Fetched SqlSession [org.apache.ibatis.session.defaults.DefaultSqlSession@49088b] from current transaction
05-23-2017 07:43:47.404,DEBUG,E2482A2C1906DAC72CF6CB939B4F931E,==>  Preparing: SELECT COUNT(*) FROM IVB_M_TASK T WHERE 1 = 1 AND T.DELETE_FLAG = '0' ORDER BY T.TASK_ID 
05-23-2017 07:43:47.404,DEBUG,E2482A2C1906DAC72CF6CB939B4F931E,==> Parameters: 
05-23-2017 07:43:47.405,DEBUG,E2482A2C1906DAC72CF6CB939B4F931E,<==      Total: 1
05-23-2017 07:43:47.405,DEBUG,E2482A2C1906DAC72CF6CB939B4F931E,Releasing transactional SqlSession [org.apache.ibatis.session.defaults.DefaultSqlSession@49088b]
05-23-2017 07:43:47.405,INFO ,E2482A2C1906DAC72CF6CB939B4F931E,U0000000001,Task searching finished ==> 43 item(s)
05-23-2017 07:43:47.405,DEBUG,E2482A2C1906DAC72CF6CB939B4F931E,Transaction synchronization deregistering SqlSession [org.apache.ibatis.session.defaults.DefaultSqlSession@49088b]
05-23-2017 07:43:47.405,DEBUG,E2482A2C1906DAC72CF6CB939B4F931E,Transaction synchronization closing SqlSession [org.apache.ibatis.session.defaults.DefaultSqlSession@49088b]
05-23-2017 07:43:47.405,DEBUG,E2482A2C1906DAC72CF6CB939B4F931E,Returning JDBC Connection to DataSource
05-23-2017 07:43:47.405,INFO ,E2482A2C1906DAC72CF6CB939B4F931E,U0000000001,vn.bananavietnam.ict.banana.service.Bnn0089SearchTaskService,searchData,[vn.bananavietnam.ict.banana.component.Bnn0089SearchTaskConditions@151e0b2] METHOD END
05-23-2017 07:43:47.406,DEBUG,E2482A2C1906DAC72CF6CB939B4F931E,Written [[vn.bananavietnam.ict.banana.component.Bnn0089SearchTaskResult@14b7e56, vn.bananavietnam.ict.banana.component.Bnn0089SearchTaskResult@1cdc2db, vn.bananavietnam.ict.banana.component.Bnn0089SearchTaskResult@169a162, vn.bananavietnam.ict.banana.component.Bnn0089SearchTaskResult@2b813c, vn.bananavietnam.ict.banana.component.Bnn0089SearchTaskResult@46e1a1, vn.bananavietnam.ict.banana.component.Bnn0089SearchTaskResult@1062de8, vn.bananavietnam.ict.banana.component.Bnn0089SearchTaskResult@13ae0db, vn.bananavietnam.ict.banana.component.Bnn0089SearchTaskResult@1fcb6a1, vn.bananavietnam.ict.banana.component.Bnn0089SearchTaskResult@ec1d56, vn.bananavietnam.ict.banana.component.Bnn0089SearchTaskResult@431b0e, vn.bananavietnam.ict.banana.component.Bnn0089SearchTaskResult@105e5, vn.bananavietnam.ict.banana.component.Bnn0089SearchTaskResult@e0e73a, vn.bananavietnam.ict.banana.component.Bnn0089SearchTaskResult@904c1d, vn.bananavietnam.ict.banana.component.Bnn0089SearchTaskResult@c3b26a, vn.bananavietnam.ict.banana.component.Bnn0089SearchTaskResult@4ba6ba, vn.bananavietnam.ict.banana.component.Bnn0089SearchTaskResult@1934b7e, vn.bananavietnam.ict.banana.component.Bnn0089SearchTaskResult@1911c35, vn.bananavietnam.ict.banana.component.Bnn0089SearchTaskResult@64b30f, vn.bananavietnam.ict.banana.component.Bnn0089SearchTaskResult@159b2cf, vn.bananavietnam.ict.banana.component.Bnn0089SearchTaskResult@14c061]] as "application/json;charset=UTF-8" using [org.springframework.http.converter.json.MappingJackson2HttpMessageConverter@156f2cc]
05-23-2017 07:43:47.406,DEBUG,E2482A2C1906DAC72CF6CB939B4F931E,Null ModelAndView returned to DispatcherServlet with name 'appServlet': assuming HandlerAdapter completed request handling
05-23-2017 07:43:47.406,DEBUG,E2482A2C1906DAC72CF6CB939B4F931E,Successfully completed request
05-23-2017 07:43:47.406,DEBUG,E2482A2C1906DAC72CF6CB939B4F931E,Chain processed normally
05-23-2017 07:43:47.406,DEBUG,E2482A2C1906DAC72CF6CB939B4F931E,SecurityContextHolder now cleared, as request processing completed
