05-23-2017 08:54:01.137,DEBUG,D38BF9C0832F84AE781D776C9F11DE19,/0089/searchData at position 1 of 11 in additional filter chain; firing Filter: 'SecurityContextPersistenceFilter'
05-23-2017 08:54:01.137,DEBUG,D38BF9C0832F84AE781D776C9F11DE19,Obtained a valid SecurityContext from SPRING_SECURITY_CONTEXT: 'org.springframework.security.core.context.SecurityContextImpl@3b6ee12b: Authentication: org.springframework.security.authentication.UsernamePasswordAuthenticationToken@3b6ee12b: Principal: vn.bananavietnam.ict.common.auth.MyUser@c4907816: Username: U0000000001; Password: [PROTECTED]; Enabled: true; AccountNonExpired: true; credentialsNonExpired: true; AccountNonLocked: true; Granted Authorities: 1; Credentials: [PROTECTED]; Authenticated: true; Details: org.springframework.security.web.authentication.WebAuthenticationDetails@166c8: RemoteIpAddress: 0:0:0:0:0:0:0:1; SessionId: D38BF9C0832F84AE781D776C9F11DE19; Granted Authorities: 1'
05-23-2017 08:54:01.138,DEBUG,D38BF9C0832F84AE781D776C9F11DE19,/0089/searchData at position 2 of 11 in additional filter chain; firing Filter: 'WebAsyncManagerIntegrationFilter'
05-23-2017 08:54:01.138,DEBUG,D38BF9C0832F84AE781D776C9F11DE19,/0089/searchData at position 3 of 11 in additional filter chain; firing Filter: 'LogoutFilter'
05-23-2017 08:54:01.138,DEBUG,D38BF9C0832F84AE781D776C9F11DE19,/0089/searchData at position 4 of 11 in additional filter chain; firing Filter: 'UsernamePasswordAuthenticationFilter'
05-23-2017 08:54:01.138,DEBUG,D38BF9C0832F84AE781D776C9F11DE19,/0089/searchData at position 5 of 11 in additional filter chain; firing Filter: 'BasicAuthenticationFilter'
05-23-2017 08:54:01.138,DEBUG,D38BF9C0832F84AE781D776C9F11DE19,/0089/searchData at position 6 of 11 in additional filter chain; firing Filter: 'RequestCacheAwareFilter'
05-23-2017 08:54:01.138,DEBUG,D38BF9C0832F84AE781D776C9F11DE19,/0089/searchData at position 7 of 11 in additional filter chain; firing Filter: 'SecurityContextHolderAwareRequestFilter'
05-23-2017 08:54:01.138,DEBUG,D38BF9C0832F84AE781D776C9F11DE19,/0089/searchData at position 8 of 11 in additional filter chain; firing Filter: 'AnonymousAuthenticationFilter'
05-23-2017 08:54:01.138,DEBUG,D38BF9C0832F84AE781D776C9F11DE19,SecurityContextHolder not populated with anonymous token, as it already contained: 'org.springframework.security.authentication.UsernamePasswordAuthenticationToken@3b6ee12b: Principal: vn.bananavietnam.ict.common.auth.MyUser@c4907816: Username: U0000000001; Password: [PROTECTED]; Enabled: true; AccountNonExpired: true; credentialsNonExpired: true; AccountNonLocked: true; Granted Authorities: 1; Credentials: [PROTECTED]; Authenticated: true; Details: org.springframework.security.web.authentication.WebAuthenticationDetails@166c8: RemoteIpAddress: 0:0:0:0:0:0:0:1; SessionId: D38BF9C0832F84AE781D776C9F11DE19; Granted Authorities: 1'
05-23-2017 08:54:01.138,DEBUG,D38BF9C0832F84AE781D776C9F11DE19,/0089/searchData at position 9 of 11 in additional filter chain; firing Filter: 'SessionManagementFilter'
05-23-2017 08:54:01.138,DEBUG,D38BF9C0832F84AE781D776C9F11DE19,/0089/searchData at position 10 of 11 in additional filter chain; firing Filter: 'ExceptionTranslationFilter'
05-23-2017 08:54:01.138,DEBUG,D38BF9C0832F84AE781D776C9F11DE19,/0089/searchData at position 11 of 11 in additional filter chain; firing Filter: 'FilterSecurityInterceptor'
05-23-2017 08:54:01.138,DEBUG,D38BF9C0832F84AE781D776C9F11DE19,Checking match of request : '/0089/searchdata'; against '/autherror*'
05-23-2017 08:54:01.138,DEBUG,D38BF9C0832F84AE781D776C9F11DE19,Checking match of request : '/0089/searchdata'; against '/login/**'
05-23-2017 08:54:01.138,DEBUG,D38BF9C0832F84AE781D776C9F11DE19,Checking match of request : '/0089/searchdata'; against '/error/**'
05-23-2017 08:54:01.138,DEBUG,D38BF9C0832F84AE781D776C9F11DE19,Checking match of request : '/0089/searchdata'; against '/0001/**'
05-23-2017 08:54:01.138,DEBUG,D38BF9C0832F84AE781D776C9F11DE19,Checking match of request : '/0089/searchdata'; against '/0002/**'
05-23-2017 08:54:01.138,DEBUG,D38BF9C0832F84AE781D776C9F11DE19,Checking match of request : '/0089/searchdata'; against '/0003/**'
05-23-2017 08:54:01.138,DEBUG,D38BF9C0832F84AE781D776C9F11DE19,Checking match of request : '/0089/searchdata'; against '/0005/**'
05-23-2017 08:54:01.138,DEBUG,D38BF9C0832F84AE781D776C9F11DE19,Checking match of request : '/0089/searchdata'; against '/0007/**'
05-23-2017 08:54:01.138,DEBUG,D38BF9C0832F84AE781D776C9F11DE19,Checking match of request : '/0089/searchdata'; against '/0009/**'
05-23-2017 08:54:01.138,DEBUG,D38BF9C0832F84AE781D776C9F11DE19,Checking match of request : '/0089/searchdata'; against '/0013/**'
05-23-2017 08:54:01.138,DEBUG,D38BF9C0832F84AE781D776C9F11DE19,Checking match of request : '/0089/searchdata'; against '/0023/**'
05-23-2017 08:54:01.138,DEBUG,D38BF9C0832F84AE781D776C9F11DE19,Checking match of request : '/0089/searchdata'; against '/0017/**'
05-23-2017 08:54:01.138,DEBUG,D38BF9C0832F84AE781D776C9F11DE19,Checking match of request : '/0089/searchdata'; against '/0031/**'
05-23-2017 08:54:01.138,DEBUG,D38BF9C0832F84AE781D776C9F11DE19,Checking match of request : '/0089/searchdata'; against '/0035/**'
05-23-2017 08:54:01.138,DEBUG,D38BF9C0832F84AE781D776C9F11DE19,Checking match of request : '/0089/searchdata'; against '/0037/**'
05-23-2017 08:54:01.138,DEBUG,D38BF9C0832F84AE781D776C9F11DE19,Checking match of request : '/0089/searchdata'; against '/0045/**'
05-23-2017 08:54:01.138,DEBUG,D38BF9C0832F84AE781D776C9F11DE19,Checking match of request : '/0089/searchdata'; against '/0047/**'
05-23-2017 08:54:01.138,DEBUG,D38BF9C0832F84AE781D776C9F11DE19,Checking match of request : '/0089/searchdata'; against '/0049/**'
05-23-2017 08:54:01.138,DEBUG,D38BF9C0832F84AE781D776C9F11DE19,Checking match of request : '/0089/searchdata'; against '/0061/**'
05-23-2017 08:54:01.138,DEBUG,D38BF9C0832F84AE781D776C9F11DE19,Checking match of request : '/0089/searchdata'; against '/0087/**'
05-23-2017 08:54:01.138,DEBUG,D38BF9C0832F84AE781D776C9F11DE19,Checking match of request : '/0089/searchdata'; against '/0075/**'
05-23-2017 08:54:01.138,DEBUG,D38BF9C0832F84AE781D776C9F11DE19,Checking match of request : '/0089/searchdata'; against '/0089/**'
05-23-2017 08:54:01.138,DEBUG,D38BF9C0832F84AE781D776C9F11DE19,Secure object: FilterInvocation: URL: /0089/searchData; Attributes: [ROLE_ADMIN, ROLE_USER, IS_AUTHENTICATED_FULLY]
05-23-2017 08:54:01.138,DEBUG,D38BF9C0832F84AE781D776C9F11DE19,Previously Authenticated: org.springframework.security.authentication.UsernamePasswordAuthenticationToken@3b6ee12b: Principal: vn.bananavietnam.ict.common.auth.MyUser@c4907816: Username: U0000000001; Password: [PROTECTED]; Enabled: true; AccountNonExpired: true; credentialsNonExpired: true; AccountNonLocked: true; Granted Authorities: 1; Credentials: [PROTECTED]; Authenticated: true; Details: org.springframework.security.web.authentication.WebAuthenticationDetails@166c8: RemoteIpAddress: 0:0:0:0:0:0:0:1; SessionId: D38BF9C0832F84AE781D776C9F11DE19; Granted Authorities: 1
05-23-2017 08:54:01.138,DEBUG,D38BF9C0832F84AE781D776C9F11DE19,Voter: org.springframework.security.access.vote.RoleVoter@1ac872d, returned: -1
05-23-2017 08:54:01.138,DEBUG,D38BF9C0832F84AE781D776C9F11DE19,Voter: org.springframework.security.access.vote.AuthenticatedVoter@b1927d, returned: 1
05-23-2017 08:54:01.138,DEBUG,D38BF9C0832F84AE781D776C9F11DE19,Authorization successful
05-23-2017 08:54:01.138,DEBUG,D38BF9C0832F84AE781D776C9F11DE19,RunAsManager did not change Authentication object
05-23-2017 08:54:01.138,DEBUG,D38BF9C0832F84AE781D776C9F11DE19,/0089/searchData reached end of additional filter chain; proceeding with original chain
05-23-2017 08:54:01.138,DEBUG,D38BF9C0832F84AE781D776C9F11DE19,Request [/ict/0089/searchData] is not a multipart request
05-23-2017 08:54:01.138,DEBUG,D87CC3EEF06E60C7A6F6D068C69D9005,DispatcherServlet with name 'appServlet' processing POST request for [/ict/0089/searchData]
05-23-2017 08:54:01.138,DEBUG,D87CC3EEF06E60C7A6F6D068C69D9005,Looking up handler method for path /0089/searchData
05-23-2017 08:54:01.139,DEBUG,D87CC3EEF06E60C7A6F6D068C69D9005,Returning handler method [public java.util.List<vn.bananavietnam.ict.banana.component.Bnn0089SearchTaskResult> vn.bananavietnam.ict.banana.controller.Bnn0089SearchTaskController.searchData(vn.bananavietnam.ict.banana.component.Bnn0089SearchTaskConditions)]
05-23-2017 08:54:01.139,DEBUG,D87CC3EEF06E60C7A6F6D068C69D9005,Returning cached instance of singleton bean 'bnn0089SearchTaskController'
05-23-2017 08:54:01.139,DEBUG,D87CC3EEF06E60C7A6F6D068C69D9005,Returning cached instance of singleton bean 'xml_path'
05-23-2017 08:54:01.139,DEBUG,D87CC3EEF06E60C7A6F6D068C69D9005,Read [class vn.bananavietnam.ict.banana.component.Bnn0089SearchTaskConditions] as "application/json" with [org.springframework.http.converter.json.MappingJackson2HttpMessageConverter@156f2cc]
05-23-2017 08:54:01.139,INFO ,D87CC3EEF06E60C7A6F6D068C69D9005,U0000000001,vn.bananavietnam.ict.banana.service.Bnn0089SearchTaskService,searchData,[vn.bananavietnam.ict.banana.component.Bnn0089SearchTaskConditions@180ecfe] METHOD START
05-23-2017 08:54:01.139,DEBUG,D87CC3EEF06E60C7A6F6D068C69D9005,Returning cached instance of singleton bean 'transactionManager'
05-23-2017 08:54:01.139,INFO ,D87CC3EEF06E60C7A6F6D068C69D9005,U0000000001,Task searching started
05-23-2017 08:54:01.139,DEBUG,D87CC3EEF06E60C7A6F6D068C69D9005,Creating a new SqlSession
05-23-2017 08:54:01.140,DEBUG,D87CC3EEF06E60C7A6F6D068C69D9005,Registering transaction synchronization for SqlSession [org.apache.ibatis.session.defaults.DefaultSqlSession@550c33]
05-23-2017 08:54:01.140,DEBUG,D87CC3EEF06E60C7A6F6D068C69D9005,Fetching JDBC Connection from DataSource
05-23-2017 08:54:01.140,DEBUG,D87CC3EEF06E60C7A6F6D068C69D9005,Creating new JDBC DriverManager Connection to [jdbc:mysql://172.16.0.175:3306/BANANA_DB_HUNG_SELENIUM?useUnicode=yes&characterEncoding=UTF-8&autoReconnect=true]
05-23-2017 08:54:05.145,DEBUG,D87CC3EEF06E60C7A6F6D068C69D9005,Releasing transactional SqlSession [org.apache.ibatis.session.defaults.DefaultSqlSession@550c33]
05-23-2017 08:54:05.148,ERROR,D87CC3EEF06E60C7A6F6D068C69D9005,U0000000001,java.lang.Exception: nested exception is org.apache.ibatis.exceptions.PersistenceException: 
05-23-2017 08:54:05.148,DEBUG,D87CC3EEF06E60C7A6F6D068C69D9005,Transaction synchronization deregistering SqlSession [org.apache.ibatis.session.defaults.DefaultSqlSession@550c33]
05-23-2017 08:54:05.148,DEBUG,D87CC3EEF06E60C7A6F6D068C69D9005,Transaction synchronization closing SqlSession [org.apache.ibatis.session.defaults.DefaultSqlSession@550c33]
05-23-2017 08:54:05.148,DEBUG,D87CC3EEF06E60C7A6F6D068C69D9005,Should roll back transaction but cannot - no transaction available
05-23-2017 08:54:05.148,INFO ,D87CC3EEF06E60C7A6F6D068C69D9005,U0000000001,vn.bananavietnam.ict.banana.service.Bnn0089SearchTaskService,searchData,[vn.bananavietnam.ict.banana.component.Bnn0089SearchTaskConditions@180ecfe] METHOD END
05-23-2017 08:54:05.149,DEBUG,D87CC3EEF06E60C7A6F6D068C69D9005,Null ModelAndView returned to DispatcherServlet with name 'appServlet': assuming HandlerAdapter completed request handling
05-23-2017 08:54:05.149,DEBUG,D87CC3EEF06E60C7A6F6D068C69D9005,Successfully completed request
05-23-2017 08:54:05.149,DEBUG,D87CC3EEF06E60C7A6F6D068C69D9005,Chain processed normally
05-23-2017 08:54:05.149,DEBUG,D87CC3EEF06E60C7A6F6D068C69D9005,SecurityContextHolder now cleared, as request processing completed
05-23-2017 08:54:23.010,DEBUG,B27F2946D216E8A0429EA47C10FF8A5D,/0089/searchData at position 1 of 11 in additional filter chain; firing Filter: 'SecurityContextPersistenceFilter'
05-23-2017 08:54:23.010,DEBUG,B27F2946D216E8A0429EA47C10FF8A5D,Obtained a valid SecurityContext from SPRING_SECURITY_CONTEXT: 'org.springframework.security.core.context.SecurityContextImpl@3b6ee12b: Authentication: org.springframework.security.authentication.UsernamePasswordAuthenticationToken@3b6ee12b: Principal: vn.bananavietnam.ict.common.auth.MyUser@c4907816: Username: U0000000001; Password: [PROTECTED]; Enabled: true; AccountNonExpired: true; credentialsNonExpired: true; AccountNonLocked: true; Granted Authorities: 1; Credentials: [PROTECTED]; Authenticated: true; Details: org.springframework.security.web.authentication.WebAuthenticationDetails@166c8: RemoteIpAddress: 0:0:0:0:0:0:0:1; SessionId: D38BF9C0832F84AE781D776C9F11DE19; Granted Authorities: 1'
05-23-2017 08:54:23.010,DEBUG,B27F2946D216E8A0429EA47C10FF8A5D,/0089/searchData at position 2 of 11 in additional filter chain; firing Filter: 'WebAsyncManagerIntegrationFilter'
05-23-2017 08:54:23.010,DEBUG,B27F2946D216E8A0429EA47C10FF8A5D,/0089/searchData at position 3 of 11 in additional filter chain; firing Filter: 'LogoutFilter'
05-23-2017 08:54:23.010,DEBUG,B27F2946D216E8A0429EA47C10FF8A5D,/0089/searchData at position 4 of 11 in additional filter chain; firing Filter: 'UsernamePasswordAuthenticationFilter'
05-23-2017 08:54:23.010,DEBUG,B27F2946D216E8A0429EA47C10FF8A5D,/0089/searchData at position 5 of 11 in additional filter chain; firing Filter: 'BasicAuthenticationFilter'
05-23-2017 08:54:23.010,DEBUG,B27F2946D216E8A0429EA47C10FF8A5D,/0089/searchData at position 6 of 11 in additional filter chain; firing Filter: 'RequestCacheAwareFilter'
05-23-2017 08:54:23.010,DEBUG,B27F2946D216E8A0429EA47C10FF8A5D,/0089/searchData at position 7 of 11 in additional filter chain; firing Filter: 'SecurityContextHolderAwareRequestFilter'
05-23-2017 08:54:23.010,DEBUG,B27F2946D216E8A0429EA47C10FF8A5D,/0089/searchData at position 8 of 11 in additional filter chain; firing Filter: 'AnonymousAuthenticationFilter'
05-23-2017 08:54:23.010,DEBUG,B27F2946D216E8A0429EA47C10FF8A5D,SecurityContextHolder not populated with anonymous token, as it already contained: 'org.springframework.security.authentication.UsernamePasswordAuthenticationToken@3b6ee12b: Principal: vn.bananavietnam.ict.common.auth.MyUser@c4907816: Username: U0000000001; Password: [PROTECTED]; Enabled: true; AccountNonExpired: true; credentialsNonExpired: true; AccountNonLocked: true; Granted Authorities: 1; Credentials: [PROTECTED]; Authenticated: true; Details: org.springframework.security.web.authentication.WebAuthenticationDetails@166c8: RemoteIpAddress: 0:0:0:0:0:0:0:1; SessionId: D38BF9C0832F84AE781D776C9F11DE19; Granted Authorities: 1'
05-23-2017 08:54:23.010,DEBUG,B27F2946D216E8A0429EA47C10FF8A5D,/0089/searchData at position 9 of 11 in additional filter chain; firing Filter: 'SessionManagementFilter'
05-23-2017 08:54:23.010,DEBUG,B27F2946D216E8A0429EA47C10FF8A5D,/0089/searchData at position 10 of 11 in additional filter chain; firing Filter: 'ExceptionTranslationFilter'
05-23-2017 08:54:23.010,DEBUG,B27F2946D216E8A0429EA47C10FF8A5D,/0089/searchData at position 11 of 11 in additional filter chain; firing Filter: 'FilterSecurityInterceptor'
05-23-2017 08:54:23.011,DEBUG,B27F2946D216E8A0429EA47C10FF8A5D,Checking match of request : '/0089/searchdata'; against '/autherror*'
05-23-2017 08:54:23.011,DEBUG,B27F2946D216E8A0429EA47C10FF8A5D,Checking match of request : '/0089/searchdata'; against '/login/**'
05-23-2017 08:54:23.011,DEBUG,B27F2946D216E8A0429EA47C10FF8A5D,Checking match of request : '/0089/searchdata'; against '/error/**'
05-23-2017 08:54:23.011,DEBUG,B27F2946D216E8A0429EA47C10FF8A5D,Checking match of request : '/0089/searchdata'; against '/0001/**'
05-23-2017 08:54:23.011,DEBUG,B27F2946D216E8A0429EA47C10FF8A5D,Checking match of request : '/0089/searchdata'; against '/0002/**'
05-23-2017 08:54:23.011,DEBUG,B27F2946D216E8A0429EA47C10FF8A5D,Checking match of request : '/0089/searchdata'; against '/0003/**'
05-23-2017 08:54:23.011,DEBUG,B27F2946D216E8A0429EA47C10FF8A5D,Checking match of request : '/0089/searchdata'; against '/0005/**'
05-23-2017 08:54:23.011,DEBUG,B27F2946D216E8A0429EA47C10FF8A5D,Checking match of request : '/0089/searchdata'; against '/0007/**'
05-23-2017 08:54:23.011,DEBUG,B27F2946D216E8A0429EA47C10FF8A5D,Checking match of request : '/0089/searchdata'; against '/0009/**'
05-23-2017 08:54:23.011,DEBUG,B27F2946D216E8A0429EA47C10FF8A5D,Checking match of request : '/0089/searchdata'; against '/0013/**'
05-23-2017 08:54:23.011,DEBUG,B27F2946D216E8A0429EA47C10FF8A5D,Checking match of request : '/0089/searchdata'; against '/0023/**'
05-23-2017 08:54:23.011,DEBUG,B27F2946D216E8A0429EA47C10FF8A5D,Checking match of request : '/0089/searchdata'; against '/0017/**'
05-23-2017 08:54:23.011,DEBUG,B27F2946D216E8A0429EA47C10FF8A5D,Checking match of request : '/0089/searchdata'; against '/0031/**'
05-23-2017 08:54:23.011,DEBUG,B27F2946D216E8A0429EA47C10FF8A5D,Checking match of request : '/0089/searchdata'; against '/0035/**'
05-23-2017 08:54:23.011,DEBUG,B27F2946D216E8A0429EA47C10FF8A5D,Checking match of request : '/0089/searchdata'; against '/0037/**'
05-23-2017 08:54:23.011,DEBUG,B27F2946D216E8A0429EA47C10FF8A5D,Checking match of request : '/0089/searchdata'; against '/0045/**'
05-23-2017 08:54:23.011,DEBUG,B27F2946D216E8A0429EA47C10FF8A5D,Checking match of request : '/0089/searchdata'; against '/0047/**'
05-23-2017 08:54:23.011,DEBUG,B27F2946D216E8A0429EA47C10FF8A5D,Checking match of request : '/0089/searchdata'; against '/0049/**'
05-23-2017 08:54:23.011,DEBUG,B27F2946D216E8A0429EA47C10FF8A5D,Checking match of request : '/0089/searchdata'; against '/0061/**'
05-23-2017 08:54:23.011,DEBUG,B27F2946D216E8A0429EA47C10FF8A5D,Checking match of request : '/0089/searchdata'; against '/0087/**'
05-23-2017 08:54:23.011,DEBUG,B27F2946D216E8A0429EA47C10FF8A5D,Checking match of request : '/0089/searchdata'; against '/0075/**'
05-23-2017 08:54:23.011,DEBUG,B27F2946D216E8A0429EA47C10FF8A5D,Checking match of request : '/0089/searchdata'; against '/0089/**'
05-23-2017 08:54:23.011,DEBUG,B27F2946D216E8A0429EA47C10FF8A5D,Secure object: FilterInvocation: URL: /0089/searchData; Attributes: [ROLE_ADMIN, ROLE_USER, IS_AUTHENTICATED_FULLY]
05-23-2017 08:54:23.011,DEBUG,B27F2946D216E8A0429EA47C10FF8A5D,Previously Authenticated: org.springframework.security.authentication.UsernamePasswordAuthenticationToken@3b6ee12b: Principal: vn.bananavietnam.ict.common.auth.MyUser@c4907816: Username: U0000000001; Password: [PROTECTED]; Enabled: true; AccountNonExpired: true; credentialsNonExpired: true; AccountNonLocked: true; Granted Authorities: 1; Credentials: [PROTECTED]; Authenticated: true; Details: org.springframework.security.web.authentication.WebAuthenticationDetails@166c8: RemoteIpAddress: 0:0:0:0:0:0:0:1; SessionId: D38BF9C0832F84AE781D776C9F11DE19; Granted Authorities: 1
05-23-2017 08:54:23.011,DEBUG,B27F2946D216E8A0429EA47C10FF8A5D,Voter: org.springframework.security.access.vote.RoleVoter@1ac872d, returned: -1
05-23-2017 08:54:23.011,DEBUG,B27F2946D216E8A0429EA47C10FF8A5D,Voter: org.springframework.security.access.vote.AuthenticatedVoter@b1927d, returned: 1
05-23-2017 08:54:23.011,DEBUG,B27F2946D216E8A0429EA47C10FF8A5D,Authorization successful
05-23-2017 08:54:23.011,DEBUG,B27F2946D216E8A0429EA47C10FF8A5D,RunAsManager did not change Authentication object
05-23-2017 08:54:23.011,DEBUG,B27F2946D216E8A0429EA47C10FF8A5D,/0089/searchData reached end of additional filter chain; proceeding with original chain
05-23-2017 08:54:23.011,DEBUG,B27F2946D216E8A0429EA47C10FF8A5D,Request [/ict/0089/searchData] is not a multipart request
05-23-2017 08:54:23.011,DEBUG,D87CC3EEF06E60C7A6F6D068C69D9005,DispatcherServlet with name 'appServlet' processing POST request for [/ict/0089/searchData]
05-23-2017 08:54:23.011,DEBUG,D87CC3EEF06E60C7A6F6D068C69D9005,Looking up handler method for path /0089/searchData
05-23-2017 08:54:23.011,DEBUG,D87CC3EEF06E60C7A6F6D068C69D9005,Returning handler method [public java.util.List<vn.bananavietnam.ict.banana.component.Bnn0089SearchTaskResult> vn.bananavietnam.ict.banana.controller.Bnn0089SearchTaskController.searchData(vn.bananavietnam.ict.banana.component.Bnn0089SearchTaskConditions)]
05-23-2017 08:54:23.012,DEBUG,D87CC3EEF06E60C7A6F6D068C69D9005,Returning cached instance of singleton bean 'bnn0089SearchTaskController'
05-23-2017 08:54:23.012,DEBUG,D87CC3EEF06E60C7A6F6D068C69D9005,Returning cached instance of singleton bean 'xml_path'
05-23-2017 08:54:23.012,DEBUG,D87CC3EEF06E60C7A6F6D068C69D9005,Read [class vn.bananavietnam.ict.banana.component.Bnn0089SearchTaskConditions] as "application/json" with [org.springframework.http.converter.json.MappingJackson2HttpMessageConverter@156f2cc]
05-23-2017 08:54:23.012,INFO ,D87CC3EEF06E60C7A6F6D068C69D9005,U0000000001,vn.bananavietnam.ict.banana.service.Bnn0089SearchTaskService,searchData,[vn.bananavietnam.ict.banana.component.Bnn0089SearchTaskConditions@beecc8] METHOD START
05-23-2017 08:54:23.012,DEBUG,D87CC3EEF06E60C7A6F6D068C69D9005,Returning cached instance of singleton bean 'transactionManager'
05-23-2017 08:54:23.012,INFO ,D87CC3EEF06E60C7A6F6D068C69D9005,U0000000001,Task searching started
05-23-2017 08:54:23.012,DEBUG,D87CC3EEF06E60C7A6F6D068C69D9005,Creating a new SqlSession
05-23-2017 08:54:23.012,DEBUG,D87CC3EEF06E60C7A6F6D068C69D9005,Registering transaction synchronization for SqlSession [org.apache.ibatis.session.defaults.DefaultSqlSession@31364f]
05-23-2017 08:54:23.013,DEBUG,D87CC3EEF06E60C7A6F6D068C69D9005,Fetching JDBC Connection from DataSource
05-23-2017 08:54:23.013,DEBUG,D87CC3EEF06E60C7A6F6D068C69D9005,Creating new JDBC DriverManager Connection to [jdbc:mysql://172.16.0.175:3306/BANANA_DB_HUNG_SELENIUM?useUnicode=yes&characterEncoding=UTF-8&autoReconnect=true]
05-23-2017 08:54:23.046,DEBUG,D87CC3EEF06E60C7A6F6D068C69D9005,Registering transaction synchronization for JDBC Connection
05-23-2017 08:54:23.046,DEBUG,D87CC3EEF06E60C7A6F6D068C69D9005,JDBC Connection [com.mysql.jdbc.JDBC4Connection@155d9f5] will be managed by Spring
05-23-2017 08:54:23.046,DEBUG,D87CC3EEF06E60C7A6F6D068C69D9005,==>  Preparing: SELECT T.TASK_ID taskId, T.TASK_NAME taskName, T.WORKING_DETAILS workingDetails, T.NOTE note, T.QUARANTINE_HANDLING_FLAG quarantineHandlingFlag, T.DELETE_FLAG deleteFlag, T.CHANGE_POINT_CODE changePointCode, T.LAST_UPDATE_DATE lastUpdateDate FROM IVB_M_TASK T WHERE 1 = 1 AND T.DELETE_FLAG = '0' ORDER BY T.TASK_NAME LIMIT ?,? 
05-23-2017 08:54:23.046,DEBUG,D87CC3EEF06E60C7A6F6D068C69D9005,==> Parameters: 0(Integer), 20(Integer)
05-23-2017 08:54:23.050,DEBUG,D87CC3EEF06E60C7A6F6D068C69D9005,<==      Total: 20
05-23-2017 08:54:23.050,DEBUG,D87CC3EEF06E60C7A6F6D068C69D9005,Releasing transactional SqlSession [org.apache.ibatis.session.defaults.DefaultSqlSession@31364f]
05-23-2017 08:54:23.050,INFO ,D87CC3EEF06E60C7A6F6D068C69D9005,U0000000001,SQL execution finished
05-23-2017 08:54:23.050,DEBUG,D87CC3EEF06E60C7A6F6D068C69D9005,Fetched SqlSession [org.apache.ibatis.session.defaults.DefaultSqlSession@31364f] from current transaction
05-23-2017 08:54:23.050,DEBUG,D87CC3EEF06E60C7A6F6D068C69D9005,==>  Preparing: SELECT COUNT(*) FROM IVB_M_TASK T WHERE 1 = 1 AND T.DELETE_FLAG = '0' ORDER BY T.TASK_ID 
05-23-2017 08:54:23.050,DEBUG,D87CC3EEF06E60C7A6F6D068C69D9005,==> Parameters: 
05-23-2017 08:54:23.051,DEBUG,D87CC3EEF06E60C7A6F6D068C69D9005,<==      Total: 1
05-23-2017 08:54:23.051,DEBUG,D87CC3EEF06E60C7A6F6D068C69D9005,Releasing transactional SqlSession [org.apache.ibatis.session.defaults.DefaultSqlSession@31364f]
05-23-2017 08:54:23.052,INFO ,D87CC3EEF06E60C7A6F6D068C69D9005,U0000000001,Task searching finished ==> 43 item(s)
05-23-2017 08:54:23.052,DEBUG,D87CC3EEF06E60C7A6F6D068C69D9005,Transaction synchronization deregistering SqlSession [org.apache.ibatis.session.defaults.DefaultSqlSession@31364f]
05-23-2017 08:54:23.052,DEBUG,D87CC3EEF06E60C7A6F6D068C69D9005,Transaction synchronization closing SqlSession [org.apache.ibatis.session.defaults.DefaultSqlSession@31364f]
05-23-2017 08:54:23.052,DEBUG,D87CC3EEF06E60C7A6F6D068C69D9005,Returning JDBC Connection to DataSource
05-23-2017 08:54:23.052,INFO ,D87CC3EEF06E60C7A6F6D068C69D9005,U0000000001,vn.bananavietnam.ict.banana.service.Bnn0089SearchTaskService,searchData,[vn.bananavietnam.ict.banana.component.Bnn0089SearchTaskConditions@beecc8] METHOD END
05-23-2017 08:54:23.055,DEBUG,D87CC3EEF06E60C7A6F6D068C69D9005,Written [[vn.bananavietnam.ict.banana.component.Bnn0089SearchTaskResult@1c81b5d, vn.bananavietnam.ict.banana.component.Bnn0089SearchTaskResult@127839c, vn.bananavietnam.ict.banana.component.Bnn0089SearchTaskResult@1d2c243, vn.bananavietnam.ict.banana.component.Bnn0089SearchTaskResult@124dc0e, vn.bananavietnam.ict.banana.component.Bnn0089SearchTaskResult@a53304, vn.bananavietnam.ict.banana.component.Bnn0089SearchTaskResult@103772f, vn.bananavietnam.ict.banana.component.Bnn0089SearchTaskResult@a262d6, vn.bananavietnam.ict.banana.component.Bnn0089SearchTaskResult@1350920, vn.bananavietnam.ict.banana.component.Bnn0089SearchTaskResult@c72e11, vn.bananavietnam.ict.banana.component.Bnn0089SearchTaskResult@1d8be9, vn.bananavietnam.ict.banana.component.Bnn0089SearchTaskResult@1a0f12e, vn.bananavietnam.ict.banana.component.Bnn0089SearchTaskResult@3d99f3, vn.bananavietnam.ict.banana.component.Bnn0089SearchTaskResult@1358983, vn.bananavietnam.ict.banana.component.Bnn0089SearchTaskResult@17d1e8f, vn.bananavietnam.ict.banana.component.Bnn0089SearchTaskResult@1bca14f, vn.bananavietnam.ict.banana.component.Bnn0089SearchTaskResult@1ac58ca, vn.bananavietnam.ict.banana.component.Bnn0089SearchTaskResult@c8a6ed, vn.bananavietnam.ict.banana.component.Bnn0089SearchTaskResult@1125c9d, vn.bananavietnam.ict.banana.component.Bnn0089SearchTaskResult@1122ce9, vn.bananavietnam.ict.banana.component.Bnn0089SearchTaskResult@ab4709]] as "application/json;charset=UTF-8" using [org.springframework.http.converter.json.MappingJackson2HttpMessageConverter@156f2cc]
05-23-2017 08:54:23.055,DEBUG,D87CC3EEF06E60C7A6F6D068C69D9005,Null ModelAndView returned to DispatcherServlet with name 'appServlet': assuming HandlerAdapter completed request handling
05-23-2017 08:54:23.055,DEBUG,D87CC3EEF06E60C7A6F6D068C69D9005,Successfully completed request
05-23-2017 08:54:23.055,DEBUG,D87CC3EEF06E60C7A6F6D068C69D9005,Chain processed normally
05-23-2017 08:54:23.055,DEBUG,D87CC3EEF06E60C7A6F6D068C69D9005,SecurityContextHolder now cleared, as request processing completed
05-23-2017 08:54:24.135,DEBUG,E1BF33B1FDE6371A6890852C57601A1E,/0089/searchData at position 1 of 11 in additional filter chain; firing Filter: 'SecurityContextPersistenceFilter'
05-23-2017 08:54:24.135,DEBUG,E1BF33B1FDE6371A6890852C57601A1E,Obtained a valid SecurityContext from SPRING_SECURITY_CONTEXT: 'org.springframework.security.core.context.SecurityContextImpl@3b6ee12b: Authentication: org.springframework.security.authentication.UsernamePasswordAuthenticationToken@3b6ee12b: Principal: vn.bananavietnam.ict.common.auth.MyUser@c4907816: Username: U0000000001; Password: [PROTECTED]; Enabled: true; AccountNonExpired: true; credentialsNonExpired: true; AccountNonLocked: true; Granted Authorities: 1; Credentials: [PROTECTED]; Authenticated: true; Details: org.springframework.security.web.authentication.WebAuthenticationDetails@166c8: RemoteIpAddress: 0:0:0:0:0:0:0:1; SessionId: D38BF9C0832F84AE781D776C9F11DE19; Granted Authorities: 1'
05-23-2017 08:54:24.135,DEBUG,E1BF33B1FDE6371A6890852C57601A1E,/0089/searchData at position 2 of 11 in additional filter chain; firing Filter: 'WebAsyncManagerIntegrationFilter'
05-23-2017 08:54:24.135,DEBUG,E1BF33B1FDE6371A6890852C57601A1E,/0089/searchData at position 3 of 11 in additional filter chain; firing Filter: 'LogoutFilter'
05-23-2017 08:54:24.135,DEBUG,E1BF33B1FDE6371A6890852C57601A1E,/0089/searchData at position 4 of 11 in additional filter chain; firing Filter: 'UsernamePasswordAuthenticationFilter'
05-23-2017 08:54:24.135,DEBUG,E1BF33B1FDE6371A6890852C57601A1E,/0089/searchData at position 5 of 11 in additional filter chain; firing Filter: 'BasicAuthenticationFilter'
05-23-2017 08:54:24.135,DEBUG,E1BF33B1FDE6371A6890852C57601A1E,/0089/searchData at position 6 of 11 in additional filter chain; firing Filter: 'RequestCacheAwareFilter'
05-23-2017 08:54:24.135,DEBUG,E1BF33B1FDE6371A6890852C57601A1E,/0089/searchData at position 7 of 11 in additional filter chain; firing Filter: 'SecurityContextHolderAwareRequestFilter'
05-23-2017 08:54:24.135,DEBUG,E1BF33B1FDE6371A6890852C57601A1E,/0089/searchData at position 8 of 11 in additional filter chain; firing Filter: 'AnonymousAuthenticationFilter'
05-23-2017 08:54:24.135,DEBUG,E1BF33B1FDE6371A6890852C57601A1E,SecurityContextHolder not populated with anonymous token, as it already contained: 'org.springframework.security.authentication.UsernamePasswordAuthenticationToken@3b6ee12b: Principal: vn.bananavietnam.ict.common.auth.MyUser@c4907816: Username: U0000000001; Password: [PROTECTED]; Enabled: true; AccountNonExpired: true; credentialsNonExpired: true; AccountNonLocked: true; Granted Authorities: 1; Credentials: [PROTECTED]; Authenticated: true; Details: org.springframework.security.web.authentication.WebAuthenticationDetails@166c8: RemoteIpAddress: 0:0:0:0:0:0:0:1; SessionId: D38BF9C0832F84AE781D776C9F11DE19; Granted Authorities: 1'
05-23-2017 08:54:24.135,DEBUG,E1BF33B1FDE6371A6890852C57601A1E,/0089/searchData at position 9 of 11 in additional filter chain; firing Filter: 'SessionManagementFilter'
05-23-2017 08:54:24.135,DEBUG,E1BF33B1FDE6371A6890852C57601A1E,/0089/searchData at position 10 of 11 in additional filter chain; firing Filter: 'ExceptionTranslationFilter'
05-23-2017 08:54:24.135,DEBUG,E1BF33B1FDE6371A6890852C57601A1E,/0089/searchData at position 11 of 11 in additional filter chain; firing Filter: 'FilterSecurityInterceptor'
05-23-2017 08:54:24.135,DEBUG,E1BF33B1FDE6371A6890852C57601A1E,Checking match of request : '/0089/searchdata'; against '/autherror*'
05-23-2017 08:54:24.135,DEBUG,E1BF33B1FDE6371A6890852C57601A1E,Checking match of request : '/0089/searchdata'; against '/login/**'
05-23-2017 08:54:24.135,DEBUG,E1BF33B1FDE6371A6890852C57601A1E,Checking match of request : '/0089/searchdata'; against '/error/**'
05-23-2017 08:54:24.135,DEBUG,E1BF33B1FDE6371A6890852C57601A1E,Checking match of request : '/0089/searchdata'; against '/0001/**'
05-23-2017 08:54:24.135,DEBUG,E1BF33B1FDE6371A6890852C57601A1E,Checking match of request : '/0089/searchdata'; against '/0002/**'
05-23-2017 08:54:24.135,DEBUG,E1BF33B1FDE6371A6890852C57601A1E,Checking match of request : '/0089/searchdata'; against '/0003/**'
05-23-2017 08:54:24.135,DEBUG,E1BF33B1FDE6371A6890852C57601A1E,Checking match of request : '/0089/searchdata'; against '/0005/**'
05-23-2017 08:54:24.135,DEBUG,E1BF33B1FDE6371A6890852C57601A1E,Checking match of request : '/0089/searchdata'; against '/0007/**'
05-23-2017 08:54:24.135,DEBUG,E1BF33B1FDE6371A6890852C57601A1E,Checking match of request : '/0089/searchdata'; against '/0009/**'
05-23-2017 08:54:24.135,DEBUG,E1BF33B1FDE6371A6890852C57601A1E,Checking match of request : '/0089/searchdata'; against '/0013/**'
05-23-2017 08:54:24.135,DEBUG,E1BF33B1FDE6371A6890852C57601A1E,Checking match of request : '/0089/searchdata'; against '/0023/**'
05-23-2017 08:54:24.135,DEBUG,E1BF33B1FDE6371A6890852C57601A1E,Checking match of request : '/0089/searchdata'; against '/0017/**'
05-23-2017 08:54:24.136,DEBUG,E1BF33B1FDE6371A6890852C57601A1E,Checking match of request : '/0089/searchdata'; against '/0031/**'
05-23-2017 08:54:24.136,DEBUG,E1BF33B1FDE6371A6890852C57601A1E,Checking match of request : '/0089/searchdata'; against '/0035/**'
05-23-2017 08:54:24.136,DEBUG,E1BF33B1FDE6371A6890852C57601A1E,Checking match of request : '/0089/searchdata'; against '/0037/**'
05-23-2017 08:54:24.136,DEBUG,E1BF33B1FDE6371A6890852C57601A1E,Checking match of request : '/0089/searchdata'; against '/0045/**'
05-23-2017 08:54:24.136,DEBUG,E1BF33B1FDE6371A6890852C57601A1E,Checking match of request : '/0089/searchdata'; against '/0047/**'
05-23-2017 08:54:24.136,DEBUG,E1BF33B1FDE6371A6890852C57601A1E,Checking match of request : '/0089/searchdata'; against '/0049/**'
05-23-2017 08:54:24.136,DEBUG,E1BF33B1FDE6371A6890852C57601A1E,Checking match of request : '/0089/searchdata'; against '/0061/**'
05-23-2017 08:54:24.136,DEBUG,E1BF33B1FDE6371A6890852C57601A1E,Checking match of request : '/0089/searchdata'; against '/0087/**'
05-23-2017 08:54:24.136,DEBUG,E1BF33B1FDE6371A6890852C57601A1E,Checking match of request : '/0089/searchdata'; against '/0075/**'
05-23-2017 08:54:24.136,DEBUG,E1BF33B1FDE6371A6890852C57601A1E,Checking match of request : '/0089/searchdata'; against '/0089/**'
05-23-2017 08:54:24.136,DEBUG,E1BF33B1FDE6371A6890852C57601A1E,Secure object: FilterInvocation: URL: /0089/searchData; Attributes: [ROLE_ADMIN, ROLE_USER, IS_AUTHENTICATED_FULLY]
05-23-2017 08:54:24.136,DEBUG,E1BF33B1FDE6371A6890852C57601A1E,Previously Authenticated: org.springframework.security.authentication.UsernamePasswordAuthenticationToken@3b6ee12b: Principal: vn.bananavietnam.ict.common.auth.MyUser@c4907816: Username: U0000000001; Password: [PROTECTED]; Enabled: true; AccountNonExpired: true; credentialsNonExpired: true; AccountNonLocked: true; Granted Authorities: 1; Credentials: [PROTECTED]; Authenticated: true; Details: org.springframework.security.web.authentication.WebAuthenticationDetails@166c8: RemoteIpAddress: 0:0:0:0:0:0:0:1; SessionId: D38BF9C0832F84AE781D776C9F11DE19; Granted Authorities: 1
05-23-2017 08:54:24.136,DEBUG,E1BF33B1FDE6371A6890852C57601A1E,Voter: org.springframework.security.access.vote.RoleVoter@1ac872d, returned: -1
05-23-2017 08:54:24.136,DEBUG,E1BF33B1FDE6371A6890852C57601A1E,Voter: org.springframework.security.access.vote.AuthenticatedVoter@b1927d, returned: 1
05-23-2017 08:54:24.136,DEBUG,E1BF33B1FDE6371A6890852C57601A1E,Authorization successful
05-23-2017 08:54:24.136,DEBUG,E1BF33B1FDE6371A6890852C57601A1E,RunAsManager did not change Authentication object
05-23-2017 08:54:24.136,DEBUG,E1BF33B1FDE6371A6890852C57601A1E,/0089/searchData reached end of additional filter chain; proceeding with original chain
05-23-2017 08:54:24.136,DEBUG,E1BF33B1FDE6371A6890852C57601A1E,Request [/ict/0089/searchData] is not a multipart request
05-23-2017 08:54:24.136,DEBUG,D87CC3EEF06E60C7A6F6D068C69D9005,DispatcherServlet with name 'appServlet' processing POST request for [/ict/0089/searchData]
05-23-2017 08:54:24.136,DEBUG,D87CC3EEF06E60C7A6F6D068C69D9005,Looking up handler method for path /0089/searchData
05-23-2017 08:54:24.136,DEBUG,D87CC3EEF06E60C7A6F6D068C69D9005,Returning handler method [public java.util.List<vn.bananavietnam.ict.banana.component.Bnn0089SearchTaskResult> vn.bananavietnam.ict.banana.controller.Bnn0089SearchTaskController.searchData(vn.bananavietnam.ict.banana.component.Bnn0089SearchTaskConditions)]
05-23-2017 08:54:24.136,DEBUG,D87CC3EEF06E60C7A6F6D068C69D9005,Returning cached instance of singleton bean 'bnn0089SearchTaskController'
05-23-2017 08:54:24.136,DEBUG,D87CC3EEF06E60C7A6F6D068C69D9005,Returning cached instance of singleton bean 'xml_path'
05-23-2017 08:54:24.137,DEBUG,D87CC3EEF06E60C7A6F6D068C69D9005,Read [class vn.bananavietnam.ict.banana.component.Bnn0089SearchTaskConditions] as "application/json" with [org.springframework.http.converter.json.MappingJackson2HttpMessageConverter@156f2cc]
05-23-2017 08:54:24.137,INFO ,D87CC3EEF06E60C7A6F6D068C69D9005,U0000000001,vn.bananavietnam.ict.banana.service.Bnn0089SearchTaskService,searchData,[vn.bananavietnam.ict.banana.component.Bnn0089SearchTaskConditions@1480573] METHOD START
05-23-2017 08:54:24.137,DEBUG,D87CC3EEF06E60C7A6F6D068C69D9005,Returning cached instance of singleton bean 'transactionManager'
05-23-2017 08:54:24.137,INFO ,D87CC3EEF06E60C7A6F6D068C69D9005,U0000000001,Task searching started
05-23-2017 08:54:24.137,DEBUG,D87CC3EEF06E60C7A6F6D068C69D9005,Creating a new SqlSession
05-23-2017 08:54:24.137,DEBUG,D87CC3EEF06E60C7A6F6D068C69D9005,Registering transaction synchronization for SqlSession [org.apache.ibatis.session.defaults.DefaultSqlSession@1244347]
05-23-2017 08:54:24.137,DEBUG,D87CC3EEF06E60C7A6F6D068C69D9005,Fetching JDBC Connection from DataSource
05-23-2017 08:54:24.137,DEBUG,D87CC3EEF06E60C7A6F6D068C69D9005,Creating new JDBC DriverManager Connection to [jdbc:mysql://172.16.0.175:3306/BANANA_DB_HUNG_SELENIUM?useUnicode=yes&characterEncoding=UTF-8&autoReconnect=true]
05-23-2017 08:54:24.154,DEBUG,D87CC3EEF06E60C7A6F6D068C69D9005,Registering transaction synchronization for JDBC Connection
05-23-2017 08:54:24.155,DEBUG,D87CC3EEF06E60C7A6F6D068C69D9005,JDBC Connection [com.mysql.jdbc.JDBC4Connection@1525053] will be managed by Spring
05-23-2017 08:54:24.155,DEBUG,D87CC3EEF06E60C7A6F6D068C69D9005,==>  Preparing: SELECT T.TASK_ID taskId, T.TASK_NAME taskName, T.WORKING_DETAILS workingDetails, T.NOTE note, T.QUARANTINE_HANDLING_FLAG quarantineHandlingFlag, T.DELETE_FLAG deleteFlag, T.CHANGE_POINT_CODE changePointCode, T.LAST_UPDATE_DATE lastUpdateDate FROM IVB_M_TASK T WHERE 1 = 1 AND T.DELETE_FLAG = '0' ORDER BY T.TASK_NAME LIMIT ?,? 
05-23-2017 08:54:24.155,DEBUG,D87CC3EEF06E60C7A6F6D068C69D9005,==> Parameters: 40(Integer), 20(Integer)
05-23-2017 08:54:24.156,DEBUG,D87CC3EEF06E60C7A6F6D068C69D9005,<==      Total: 3
05-23-2017 08:54:24.156,DEBUG,D87CC3EEF06E60C7A6F6D068C69D9005,Releasing transactional SqlSession [org.apache.ibatis.session.defaults.DefaultSqlSession@1244347]
05-23-2017 08:54:24.156,INFO ,D87CC3EEF06E60C7A6F6D068C69D9005,U0000000001,SQL execution finished
05-23-2017 08:54:24.156,DEBUG,D87CC3EEF06E60C7A6F6D068C69D9005,Fetched SqlSession [org.apache.ibatis.session.defaults.DefaultSqlSession@1244347] from current transaction
05-23-2017 08:54:24.157,DEBUG,D87CC3EEF06E60C7A6F6D068C69D9005,==>  Preparing: SELECT COUNT(*) FROM IVB_M_TASK T WHERE 1 = 1 AND T.DELETE_FLAG = '0' ORDER BY T.TASK_ID 
05-23-2017 08:54:24.157,DEBUG,D87CC3EEF06E60C7A6F6D068C69D9005,==> Parameters: 
05-23-2017 08:54:24.158,DEBUG,D87CC3EEF06E60C7A6F6D068C69D9005,<==      Total: 1
05-23-2017 08:54:24.158,DEBUG,D87CC3EEF06E60C7A6F6D068C69D9005,Releasing transactional SqlSession [org.apache.ibatis.session.defaults.DefaultSqlSession@1244347]
05-23-2017 08:54:24.158,INFO ,D87CC3EEF06E60C7A6F6D068C69D9005,U0000000001,Task searching finished ==> 43 item(s)
05-23-2017 08:54:24.158,DEBUG,D87CC3EEF06E60C7A6F6D068C69D9005,Transaction synchronization deregistering SqlSession [org.apache.ibatis.session.defaults.DefaultSqlSession@1244347]
05-23-2017 08:54:24.158,DEBUG,D87CC3EEF06E60C7A6F6D068C69D9005,Transaction synchronization closing SqlSession [org.apache.ibatis.session.defaults.DefaultSqlSession@1244347]
05-23-2017 08:54:24.158,DEBUG,D87CC3EEF06E60C7A6F6D068C69D9005,Returning JDBC Connection to DataSource
05-23-2017 08:54:24.158,INFO ,D87CC3EEF06E60C7A6F6D068C69D9005,U0000000001,vn.bananavietnam.ict.banana.service.Bnn0089SearchTaskService,searchData,[vn.bananavietnam.ict.banana.component.Bnn0089SearchTaskConditions@1480573] METHOD END
05-23-2017 08:54:24.160,DEBUG,D87CC3EEF06E60C7A6F6D068C69D9005,Written [[vn.bananavietnam.ict.banana.component.Bnn0089SearchTaskResult@12c462b, vn.bananavietnam.ict.banana.component.Bnn0089SearchTaskResult@131cbbf, vn.bananavietnam.ict.banana.component.Bnn0089SearchTaskResult@146519e]] as "application/json;charset=UTF-8" using [org.springframework.http.converter.json.MappingJackson2HttpMessageConverter@156f2cc]
05-23-2017 08:54:24.160,DEBUG,D87CC3EEF06E60C7A6F6D068C69D9005,Null ModelAndView returned to DispatcherServlet with name 'appServlet': assuming HandlerAdapter completed request handling
05-23-2017 08:54:24.160,DEBUG,D87CC3EEF06E60C7A6F6D068C69D9005,Successfully completed request
05-23-2017 08:54:24.160,DEBUG,D87CC3EEF06E60C7A6F6D068C69D9005,Chain processed normally
05-23-2017 08:54:24.160,DEBUG,D87CC3EEF06E60C7A6F6D068C69D9005,SecurityContextHolder now cleared, as request processing completed
