05-23-2017 08:19:22.547,DEBUG,95EC2FD93F6AEEDDFC46258681962C64,/0089/deleteData at position 1 of 11 in additional filter chain; firing Filter: 'SecurityContextPersistenceFilter'
05-23-2017 08:19:22.547,DEBUG,95EC2FD93F6AEEDDFC46258681962C64,Obtained a valid SecurityContext from SPRING_SECURITY_CONTEXT: 'org.springframework.security.core.context.SecurityContextImpl@3b6d4a73: Authentication: org.springframework.security.authentication.UsernamePasswordAuthenticationToken@3b6d4a73: Principal: vn.bananavietnam.ict.common.auth.MyUser@c4907816: Username: U0000000001; Password: [PROTECTED]; Enabled: true; AccountNonExpired: true; credentialsNonExpired: true; AccountNonLocked: true; Granted Authorities: 1; Credentials: [PROTECTED]; Authenticated: true; Details: org.springframework.security.web.authentication.WebAuthenticationDetails@2cd90: RemoteIpAddress: 0:0:0:0:0:0:0:1; SessionId: DBB73A4E0F849067441C517C1F4894A0; Granted Authorities: 1'
05-23-2017 08:19:22.547,DEBUG,95EC2FD93F6AEEDDFC46258681962C64,/0089/deleteData at position 2 of 11 in additional filter chain; firing Filter: 'WebAsyncManagerIntegrationFilter'
05-23-2017 08:19:22.547,DEBUG,95EC2FD93F6AEEDDFC46258681962C64,/0089/deleteData at position 3 of 11 in additional filter chain; firing Filter: 'LogoutFilter'
05-23-2017 08:19:22.547,DEBUG,95EC2FD93F6AEEDDFC46258681962C64,/0089/deleteData at position 4 of 11 in additional filter chain; firing Filter: 'UsernamePasswordAuthenticationFilter'
05-23-2017 08:19:22.548,DEBUG,95EC2FD93F6AEEDDFC46258681962C64,/0089/deleteData at position 5 of 11 in additional filter chain; firing Filter: 'BasicAuthenticationFilter'
05-23-2017 08:19:22.548,DEBUG,95EC2FD93F6AEEDDFC46258681962C64,/0089/deleteData at position 6 of 11 in additional filter chain; firing Filter: 'RequestCacheAwareFilter'
05-23-2017 08:19:22.548,DEBUG,95EC2FD93F6AEEDDFC46258681962C64,/0089/deleteData at position 7 of 11 in additional filter chain; firing Filter: 'SecurityContextHolderAwareRequestFilter'
05-23-2017 08:19:22.548,DEBUG,95EC2FD93F6AEEDDFC46258681962C64,/0089/deleteData at position 8 of 11 in additional filter chain; firing Filter: 'AnonymousAuthenticationFilter'
05-23-2017 08:19:22.548,DEBUG,95EC2FD93F6AEEDDFC46258681962C64,SecurityContextHolder not populated with anonymous token, as it already contained: 'org.springframework.security.authentication.UsernamePasswordAuthenticationToken@3b6d4a73: Principal: vn.bananavietnam.ict.common.auth.MyUser@c4907816: Username: U0000000001; Password: [PROTECTED]; Enabled: true; AccountNonExpired: true; credentialsNonExpired: true; AccountNonLocked: true; Granted Authorities: 1; Credentials: [PROTECTED]; Authenticated: true; Details: org.springframework.security.web.authentication.WebAuthenticationDetails@2cd90: RemoteIpAddress: 0:0:0:0:0:0:0:1; SessionId: DBB73A4E0F849067441C517C1F4894A0; Granted Authorities: 1'
05-23-2017 08:19:22.548,DEBUG,95EC2FD93F6AEEDDFC46258681962C64,/0089/deleteData at position 9 of 11 in additional filter chain; firing Filter: 'SessionManagementFilter'
05-23-2017 08:19:22.548,DEBUG,95EC2FD93F6AEEDDFC46258681962C64,/0089/deleteData at position 10 of 11 in additional filter chain; firing Filter: 'ExceptionTranslationFilter'
05-23-2017 08:19:22.548,DEBUG,95EC2FD93F6AEEDDFC46258681962C64,/0089/deleteData at position 11 of 11 in additional filter chain; firing Filter: 'FilterSecurityInterceptor'
05-23-2017 08:19:22.548,DEBUG,95EC2FD93F6AEEDDFC46258681962C64,Checking match of request : '/0089/deletedata'; against '/autherror*'
05-23-2017 08:19:22.548,DEBUG,95EC2FD93F6AEEDDFC46258681962C64,Checking match of request : '/0089/deletedata'; against '/login/**'
05-23-2017 08:19:22.548,DEBUG,95EC2FD93F6AEEDDFC46258681962C64,Checking match of request : '/0089/deletedata'; against '/error/**'
05-23-2017 08:19:22.548,DEBUG,95EC2FD93F6AEEDDFC46258681962C64,Checking match of request : '/0089/deletedata'; against '/0001/**'
05-23-2017 08:19:22.548,DEBUG,95EC2FD93F6AEEDDFC46258681962C64,Checking match of request : '/0089/deletedata'; against '/0002/**'
05-23-2017 08:19:22.548,DEBUG,95EC2FD93F6AEEDDFC46258681962C64,Checking match of request : '/0089/deletedata'; against '/0003/**'
05-23-2017 08:19:22.548,DEBUG,95EC2FD93F6AEEDDFC46258681962C64,Checking match of request : '/0089/deletedata'; against '/0005/**'
05-23-2017 08:19:22.548,DEBUG,95EC2FD93F6AEEDDFC46258681962C64,Checking match of request : '/0089/deletedata'; against '/0007/**'
05-23-2017 08:19:22.548,DEBUG,95EC2FD93F6AEEDDFC46258681962C64,Checking match of request : '/0089/deletedata'; against '/0009/**'
05-23-2017 08:19:22.548,DEBUG,95EC2FD93F6AEEDDFC46258681962C64,Checking match of request : '/0089/deletedata'; against '/0013/**'
05-23-2017 08:19:22.548,DEBUG,95EC2FD93F6AEEDDFC46258681962C64,Checking match of request : '/0089/deletedata'; against '/0023/**'
05-23-2017 08:19:22.548,DEBUG,95EC2FD93F6AEEDDFC46258681962C64,Checking match of request : '/0089/deletedata'; against '/0017/**'
05-23-2017 08:19:22.548,DEBUG,95EC2FD93F6AEEDDFC46258681962C64,Checking match of request : '/0089/deletedata'; against '/0031/**'
05-23-2017 08:19:22.548,DEBUG,95EC2FD93F6AEEDDFC46258681962C64,Checking match of request : '/0089/deletedata'; against '/0035/**'
05-23-2017 08:19:22.548,DEBUG,95EC2FD93F6AEEDDFC46258681962C64,Checking match of request : '/0089/deletedata'; against '/0037/**'
05-23-2017 08:19:22.548,DEBUG,95EC2FD93F6AEEDDFC46258681962C64,Checking match of request : '/0089/deletedata'; against '/0045/**'
05-23-2017 08:19:22.548,DEBUG,95EC2FD93F6AEEDDFC46258681962C64,Checking match of request : '/0089/deletedata'; against '/0047/**'
05-23-2017 08:19:22.548,DEBUG,95EC2FD93F6AEEDDFC46258681962C64,Checking match of request : '/0089/deletedata'; against '/0049/**'
05-23-2017 08:19:22.548,DEBUG,95EC2FD93F6AEEDDFC46258681962C64,Checking match of request : '/0089/deletedata'; against '/0061/**'
05-23-2017 08:19:22.548,DEBUG,95EC2FD93F6AEEDDFC46258681962C64,Checking match of request : '/0089/deletedata'; against '/0087/**'
05-23-2017 08:19:22.548,DEBUG,95EC2FD93F6AEEDDFC46258681962C64,Checking match of request : '/0089/deletedata'; against '/0075/**'
05-23-2017 08:19:22.548,DEBUG,95EC2FD93F6AEEDDFC46258681962C64,Checking match of request : '/0089/deletedata'; against '/0089/**'
05-23-2017 08:19:22.548,DEBUG,95EC2FD93F6AEEDDFC46258681962C64,Secure object: FilterInvocation: URL: /0089/deleteData; Attributes: [ROLE_ADMIN, ROLE_USER, IS_AUTHENTICATED_FULLY]
05-23-2017 08:19:22.548,DEBUG,95EC2FD93F6AEEDDFC46258681962C64,Previously Authenticated: org.springframework.security.authentication.UsernamePasswordAuthenticationToken@3b6d4a73: Principal: vn.bananavietnam.ict.common.auth.MyUser@c4907816: Username: U0000000001; Password: [PROTECTED]; Enabled: true; AccountNonExpired: true; credentialsNonExpired: true; AccountNonLocked: true; Granted Authorities: 1; Credentials: [PROTECTED]; Authenticated: true; Details: org.springframework.security.web.authentication.WebAuthenticationDetails@2cd90: RemoteIpAddress: 0:0:0:0:0:0:0:1; SessionId: DBB73A4E0F849067441C517C1F4894A0; Granted Authorities: 1
05-23-2017 08:19:22.548,DEBUG,95EC2FD93F6AEEDDFC46258681962C64,Voter: org.springframework.security.access.vote.RoleVoter@1ac872d, returned: -1
05-23-2017 08:19:22.548,DEBUG,95EC2FD93F6AEEDDFC46258681962C64,Voter: org.springframework.security.access.vote.AuthenticatedVoter@b1927d, returned: 1
05-23-2017 08:19:22.548,DEBUG,95EC2FD93F6AEEDDFC46258681962C64,Authorization successful
05-23-2017 08:19:22.548,DEBUG,95EC2FD93F6AEEDDFC46258681962C64,RunAsManager did not change Authentication object
05-23-2017 08:19:22.548,DEBUG,95EC2FD93F6AEEDDFC46258681962C64,/0089/deleteData reached end of additional filter chain; proceeding with original chain
05-23-2017 08:19:22.548,DEBUG,95EC2FD93F6AEEDDFC46258681962C64,Request [/ict/0089/deleteData] is not a multipart request
05-23-2017 08:19:22.549,DEBUG,395C78E3955F4C07679165838F8162E1,DispatcherServlet with name 'appServlet' processing POST request for [/ict/0089/deleteData]
05-23-2017 08:19:22.549,DEBUG,395C78E3955F4C07679165838F8162E1,Looking up handler method for path /0089/deleteData
05-23-2017 08:19:22.549,DEBUG,395C78E3955F4C07679165838F8162E1,Returning handler method [public java.lang.String vn.bananavietnam.ict.banana.controller.Bnn0089SearchTaskController.deleteData(vn.bananavietnam.ict.common.db.model.IvbMTask)]
05-23-2017 08:19:22.549,DEBUG,395C78E3955F4C07679165838F8162E1,Returning cached instance of singleton bean 'bnn0089SearchTaskController'
05-23-2017 08:19:22.549,DEBUG,395C78E3955F4C07679165838F8162E1,Returning cached instance of singleton bean 'xml_path'
05-23-2017 08:19:22.550,DEBUG,395C78E3955F4C07679165838F8162E1,Read [class vn.bananavietnam.ict.common.db.model.IvbMTask] as "application/json" with [org.springframework.http.converter.json.MappingJackson2HttpMessageConverter@156f2cc]
05-23-2017 08:19:22.550,INFO ,395C78E3955F4C07679165838F8162E1,U0000000001,vn.bananavietnam.ict.banana.service.Bnn0089SearchTaskService,deleteData,[vn.bananavietnam.ict.common.db.model.IvbMTask@12f4f35] METHOD START
05-23-2017 08:19:22.550,DEBUG,395C78E3955F4C07679165838F8162E1,Returning cached instance of singleton bean 'transactionManager'
05-23-2017 08:19:22.550,DEBUG,395C78E3955F4C07679165838F8162E1,Creating new transaction with name [null]: PROPAGATION_REQUIRED,ISOLATION_DEFAULT
05-23-2017 08:19:22.551,DEBUG,395C78E3955F4C07679165838F8162E1,Creating new JDBC DriverManager Connection to [jdbc:mysql://172.16.0.175:3306/BANANA_DB_HUNG_SELENIUM?useUnicode=yes&characterEncoding=UTF-8&autoReconnect=true]
05-23-2017 08:19:26.563,ERROR,395C78E3955F4C07679165838F8162E1,U0000000001,java.lang.Exception: Could not open JDBC Connection for transaction; nested exception is com.mysql.jdbc.exceptions.jdbc4.MySQLNonTransientConnectionException: Could not create connection to database server. Attempted reconnect 3 times. Giving up.
05-23-2017 08:19:26.564,INFO ,395C78E3955F4C07679165838F8162E1,U0000000001,vn.bananavietnam.ict.banana.service.Bnn0089SearchTaskService,deleteData,[vn.bananavietnam.ict.common.db.model.IvbMTask@12f4f35] METHOD END
05-23-2017 08:19:26.569,DEBUG,395C78E3955F4C07679165838F8162E1,Written [6006] as "text/plain;charset=ISO-8859-1" using [org.springframework.http.converter.StringHttpMessageConverter@10ddb9c]
05-23-2017 08:19:26.570,DEBUG,395C78E3955F4C07679165838F8162E1,Null ModelAndView returned to DispatcherServlet with name 'appServlet': assuming HandlerAdapter completed request handling
05-23-2017 08:19:26.570,DEBUG,395C78E3955F4C07679165838F8162E1,Successfully completed request
05-23-2017 08:19:26.570,DEBUG,395C78E3955F4C07679165838F8162E1,Chain processed normally
05-23-2017 08:19:26.570,DEBUG,395C78E3955F4C07679165838F8162E1,SecurityContextHolder now cleared, as request processing completed
05-23-2017 08:19:50.396,DEBUG,E37C8BD7D9DD3DBC6FC41CF0EE4ED01C,/0089/searchData at position 1 of 11 in additional filter chain; firing Filter: 'SecurityContextPersistenceFilter'
05-23-2017 08:19:50.397,DEBUG,E37C8BD7D9DD3DBC6FC41CF0EE4ED01C,Obtained a valid SecurityContext from SPRING_SECURITY_CONTEXT: 'org.springframework.security.core.context.SecurityContextImpl@3b6d4a73: Authentication: org.springframework.security.authentication.UsernamePasswordAuthenticationToken@3b6d4a73: Principal: vn.bananavietnam.ict.common.auth.MyUser@c4907816: Username: U0000000001; Password: [PROTECTED]; Enabled: true; AccountNonExpired: true; credentialsNonExpired: true; AccountNonLocked: true; Granted Authorities: 1; Credentials: [PROTECTED]; Authenticated: true; Details: org.springframework.security.web.authentication.WebAuthenticationDetails@2cd90: RemoteIpAddress: 0:0:0:0:0:0:0:1; SessionId: DBB73A4E0F849067441C517C1F4894A0; Granted Authorities: 1'
05-23-2017 08:19:50.397,DEBUG,E37C8BD7D9DD3DBC6FC41CF0EE4ED01C,/0089/searchData at position 2 of 11 in additional filter chain; firing Filter: 'WebAsyncManagerIntegrationFilter'
05-23-2017 08:19:50.397,DEBUG,E37C8BD7D9DD3DBC6FC41CF0EE4ED01C,/0089/searchData at position 3 of 11 in additional filter chain; firing Filter: 'LogoutFilter'
05-23-2017 08:19:50.397,DEBUG,E37C8BD7D9DD3DBC6FC41CF0EE4ED01C,/0089/searchData at position 4 of 11 in additional filter chain; firing Filter: 'UsernamePasswordAuthenticationFilter'
05-23-2017 08:19:50.397,DEBUG,E37C8BD7D9DD3DBC6FC41CF0EE4ED01C,/0089/searchData at position 5 of 11 in additional filter chain; firing Filter: 'BasicAuthenticationFilter'
05-23-2017 08:19:50.397,DEBUG,E37C8BD7D9DD3DBC6FC41CF0EE4ED01C,/0089/searchData at position 6 of 11 in additional filter chain; firing Filter: 'RequestCacheAwareFilter'
05-23-2017 08:19:50.397,DEBUG,E37C8BD7D9DD3DBC6FC41CF0EE4ED01C,/0089/searchData at position 7 of 11 in additional filter chain; firing Filter: 'SecurityContextHolderAwareRequestFilter'
05-23-2017 08:19:50.397,DEBUG,E37C8BD7D9DD3DBC6FC41CF0EE4ED01C,/0089/searchData at position 8 of 11 in additional filter chain; firing Filter: 'AnonymousAuthenticationFilter'
05-23-2017 08:19:50.397,DEBUG,E37C8BD7D9DD3DBC6FC41CF0EE4ED01C,SecurityContextHolder not populated with anonymous token, as it already contained: 'org.springframework.security.authentication.UsernamePasswordAuthenticationToken@3b6d4a73: Principal: vn.bananavietnam.ict.common.auth.MyUser@c4907816: Username: U0000000001; Password: [PROTECTED]; Enabled: true; AccountNonExpired: true; credentialsNonExpired: true; AccountNonLocked: true; Granted Authorities: 1; Credentials: [PROTECTED]; Authenticated: true; Details: org.springframework.security.web.authentication.WebAuthenticationDetails@2cd90: RemoteIpAddress: 0:0:0:0:0:0:0:1; SessionId: DBB73A4E0F849067441C517C1F4894A0; Granted Authorities: 1'
05-23-2017 08:19:50.397,DEBUG,E37C8BD7D9DD3DBC6FC41CF0EE4ED01C,/0089/searchData at position 9 of 11 in additional filter chain; firing Filter: 'SessionManagementFilter'
05-23-2017 08:19:50.397,DEBUG,E37C8BD7D9DD3DBC6FC41CF0EE4ED01C,/0089/searchData at position 10 of 11 in additional filter chain; firing Filter: 'ExceptionTranslationFilter'
05-23-2017 08:19:50.397,DEBUG,E37C8BD7D9DD3DBC6FC41CF0EE4ED01C,/0089/searchData at position 11 of 11 in additional filter chain; firing Filter: 'FilterSecurityInterceptor'
05-23-2017 08:19:50.397,DEBUG,E37C8BD7D9DD3DBC6FC41CF0EE4ED01C,Checking match of request : '/0089/searchdata'; against '/autherror*'
05-23-2017 08:19:50.397,DEBUG,E37C8BD7D9DD3DBC6FC41CF0EE4ED01C,Checking match of request : '/0089/searchdata'; against '/login/**'
05-23-2017 08:19:50.397,DEBUG,E37C8BD7D9DD3DBC6FC41CF0EE4ED01C,Checking match of request : '/0089/searchdata'; against '/error/**'
05-23-2017 08:19:50.397,DEBUG,E37C8BD7D9DD3DBC6FC41CF0EE4ED01C,Checking match of request : '/0089/searchdata'; against '/0001/**'
05-23-2017 08:19:50.397,DEBUG,E37C8BD7D9DD3DBC6FC41CF0EE4ED01C,Checking match of request : '/0089/searchdata'; against '/0002/**'
05-23-2017 08:19:50.397,DEBUG,E37C8BD7D9DD3DBC6FC41CF0EE4ED01C,Checking match of request : '/0089/searchdata'; against '/0003/**'
05-23-2017 08:19:50.397,DEBUG,E37C8BD7D9DD3DBC6FC41CF0EE4ED01C,Checking match of request : '/0089/searchdata'; against '/0005/**'
05-23-2017 08:19:50.397,DEBUG,E37C8BD7D9DD3DBC6FC41CF0EE4ED01C,Checking match of request : '/0089/searchdata'; against '/0007/**'
05-23-2017 08:19:50.397,DEBUG,E37C8BD7D9DD3DBC6FC41CF0EE4ED01C,Checking match of request : '/0089/searchdata'; against '/0009/**'
05-23-2017 08:19:50.397,DEBUG,E37C8BD7D9DD3DBC6FC41CF0EE4ED01C,Checking match of request : '/0089/searchdata'; against '/0013/**'
05-23-2017 08:19:50.397,DEBUG,E37C8BD7D9DD3DBC6FC41CF0EE4ED01C,Checking match of request : '/0089/searchdata'; against '/0023/**'
05-23-2017 08:19:50.397,DEBUG,E37C8BD7D9DD3DBC6FC41CF0EE4ED01C,Checking match of request : '/0089/searchdata'; against '/0017/**'
05-23-2017 08:19:50.397,DEBUG,E37C8BD7D9DD3DBC6FC41CF0EE4ED01C,Checking match of request : '/0089/searchdata'; against '/0031/**'
05-23-2017 08:19:50.397,DEBUG,E37C8BD7D9DD3DBC6FC41CF0EE4ED01C,Checking match of request : '/0089/searchdata'; against '/0035/**'
05-23-2017 08:19:50.397,DEBUG,E37C8BD7D9DD3DBC6FC41CF0EE4ED01C,Checking match of request : '/0089/searchdata'; against '/0037/**'
05-23-2017 08:19:50.397,DEBUG,E37C8BD7D9DD3DBC6FC41CF0EE4ED01C,Checking match of request : '/0089/searchdata'; against '/0045/**'
05-23-2017 08:19:50.397,DEBUG,E37C8BD7D9DD3DBC6FC41CF0EE4ED01C,Checking match of request : '/0089/searchdata'; against '/0047/**'
05-23-2017 08:19:50.397,DEBUG,E37C8BD7D9DD3DBC6FC41CF0EE4ED01C,Checking match of request : '/0089/searchdata'; against '/0049/**'
05-23-2017 08:19:50.397,DEBUG,E37C8BD7D9DD3DBC6FC41CF0EE4ED01C,Checking match of request : '/0089/searchdata'; against '/0061/**'
05-23-2017 08:19:50.397,DEBUG,E37C8BD7D9DD3DBC6FC41CF0EE4ED01C,Checking match of request : '/0089/searchdata'; against '/0087/**'
05-23-2017 08:19:50.397,DEBUG,E37C8BD7D9DD3DBC6FC41CF0EE4ED01C,Checking match of request : '/0089/searchdata'; against '/0075/**'
05-23-2017 08:19:50.397,DEBUG,E37C8BD7D9DD3DBC6FC41CF0EE4ED01C,Checking match of request : '/0089/searchdata'; against '/0089/**'
05-23-2017 08:19:50.397,DEBUG,E37C8BD7D9DD3DBC6FC41CF0EE4ED01C,Secure object: FilterInvocation: URL: /0089/searchData; Attributes: [ROLE_ADMIN, ROLE_USER, IS_AUTHENTICATED_FULLY]
05-23-2017 08:19:50.397,DEBUG,E37C8BD7D9DD3DBC6FC41CF0EE4ED01C,Previously Authenticated: org.springframework.security.authentication.UsernamePasswordAuthenticationToken@3b6d4a73: Principal: vn.bananavietnam.ict.common.auth.MyUser@c4907816: Username: U0000000001; Password: [PROTECTED]; Enabled: true; AccountNonExpired: true; credentialsNonExpired: true; AccountNonLocked: true; Granted Authorities: 1; Credentials: [PROTECTED]; Authenticated: true; Details: org.springframework.security.web.authentication.WebAuthenticationDetails@2cd90: RemoteIpAddress: 0:0:0:0:0:0:0:1; SessionId: DBB73A4E0F849067441C517C1F4894A0; Granted Authorities: 1
05-23-2017 08:19:50.397,DEBUG,E37C8BD7D9DD3DBC6FC41CF0EE4ED01C,Voter: org.springframework.security.access.vote.RoleVoter@1ac872d, returned: -1
05-23-2017 08:19:50.397,DEBUG,E37C8BD7D9DD3DBC6FC41CF0EE4ED01C,Voter: org.springframework.security.access.vote.AuthenticatedVoter@b1927d, returned: 1
05-23-2017 08:19:50.398,DEBUG,E37C8BD7D9DD3DBC6FC41CF0EE4ED01C,Authorization successful
05-23-2017 08:19:50.398,DEBUG,E37C8BD7D9DD3DBC6FC41CF0EE4ED01C,RunAsManager did not change Authentication object
05-23-2017 08:19:50.398,DEBUG,E37C8BD7D9DD3DBC6FC41CF0EE4ED01C,/0089/searchData reached end of additional filter chain; proceeding with original chain
05-23-2017 08:19:50.398,DEBUG,E37C8BD7D9DD3DBC6FC41CF0EE4ED01C,Request [/ict/0089/searchData] is not a multipart request
05-23-2017 08:19:50.398,DEBUG,395C78E3955F4C07679165838F8162E1,DispatcherServlet with name 'appServlet' processing POST request for [/ict/0089/searchData]
05-23-2017 08:19:50.398,DEBUG,395C78E3955F4C07679165838F8162E1,Looking up handler method for path /0089/searchData
05-23-2017 08:19:50.398,DEBUG,395C78E3955F4C07679165838F8162E1,Returning handler method [public java.util.List<vn.bananavietnam.ict.banana.component.Bnn0089SearchTaskResult> vn.bananavietnam.ict.banana.controller.Bnn0089SearchTaskController.searchData(vn.bananavietnam.ict.banana.component.Bnn0089SearchTaskConditions)]
05-23-2017 08:19:50.398,DEBUG,395C78E3955F4C07679165838F8162E1,Returning cached instance of singleton bean 'bnn0089SearchTaskController'
05-23-2017 08:19:50.398,DEBUG,395C78E3955F4C07679165838F8162E1,Returning cached instance of singleton bean 'xml_path'
05-23-2017 08:19:50.398,DEBUG,395C78E3955F4C07679165838F8162E1,Read [class vn.bananavietnam.ict.banana.component.Bnn0089SearchTaskConditions] as "application/json" with [org.springframework.http.converter.json.MappingJackson2HttpMessageConverter@156f2cc]
05-23-2017 08:19:50.399,INFO ,395C78E3955F4C07679165838F8162E1,U0000000001,vn.bananavietnam.ict.banana.service.Bnn0089SearchTaskService,searchData,[vn.bananavietnam.ict.banana.component.Bnn0089SearchTaskConditions@524731] METHOD START
05-23-2017 08:19:50.399,DEBUG,395C78E3955F4C07679165838F8162E1,Returning cached instance of singleton bean 'transactionManager'
05-23-2017 08:19:50.399,INFO ,395C78E3955F4C07679165838F8162E1,U0000000001,Task searching started
05-23-2017 08:19:50.399,DEBUG,395C78E3955F4C07679165838F8162E1,Creating a new SqlSession
05-23-2017 08:19:50.399,DEBUG,395C78E3955F4C07679165838F8162E1,Registering transaction synchronization for SqlSession [org.apache.ibatis.session.defaults.DefaultSqlSession@1806f1c]
05-23-2017 08:19:50.399,DEBUG,395C78E3955F4C07679165838F8162E1,Fetching JDBC Connection from DataSource
05-23-2017 08:19:50.399,DEBUG,395C78E3955F4C07679165838F8162E1,Creating new JDBC DriverManager Connection to [jdbc:mysql://172.16.0.175:3306/BANANA_DB_HUNG_SELENIUM?useUnicode=yes&characterEncoding=UTF-8&autoReconnect=true]
05-23-2017 08:19:50.417,DEBUG,395C78E3955F4C07679165838F8162E1,Registering transaction synchronization for JDBC Connection
05-23-2017 08:19:50.417,DEBUG,395C78E3955F4C07679165838F8162E1,JDBC Connection [com.mysql.jdbc.JDBC4Connection@b99105] will be managed by Spring
05-23-2017 08:19:50.417,DEBUG,395C78E3955F4C07679165838F8162E1,==>  Preparing: SELECT T.TASK_ID taskId, T.TASK_NAME taskName, T.WORKING_DETAILS workingDetails, T.NOTE note, T.QUARANTINE_HANDLING_FLAG quarantineHandlingFlag, T.DELETE_FLAG deleteFlag, T.CHANGE_POINT_CODE changePointCode, T.LAST_UPDATE_DATE lastUpdateDate FROM IVB_M_TASK T WHERE 1 = 1 AND T.DELETE_FLAG = '0' ORDER BY T.TASK_NAME LIMIT ?,? 
05-23-2017 08:19:50.418,DEBUG,395C78E3955F4C07679165838F8162E1,==> Parameters: 0(Integer), 20(Integer)
05-23-2017 08:19:50.423,DEBUG,395C78E3955F4C07679165838F8162E1,<==      Total: 20
05-23-2017 08:19:50.423,DEBUG,395C78E3955F4C07679165838F8162E1,Releasing transactional SqlSession [org.apache.ibatis.session.defaults.DefaultSqlSession@1806f1c]
05-23-2017 08:19:50.423,INFO ,395C78E3955F4C07679165838F8162E1,U0000000001,SQL execution finished
05-23-2017 08:19:50.423,DEBUG,395C78E3955F4C07679165838F8162E1,Fetched SqlSession [org.apache.ibatis.session.defaults.DefaultSqlSession@1806f1c] from current transaction
05-23-2017 08:19:50.423,DEBUG,395C78E3955F4C07679165838F8162E1,==>  Preparing: SELECT COUNT(*) FROM IVB_M_TASK T WHERE 1 = 1 AND T.DELETE_FLAG = '0' ORDER BY T.TASK_ID 
05-23-2017 08:19:50.423,DEBUG,395C78E3955F4C07679165838F8162E1,==> Parameters: 
05-23-2017 08:19:50.424,DEBUG,395C78E3955F4C07679165838F8162E1,<==      Total: 1
05-23-2017 08:19:50.424,DEBUG,395C78E3955F4C07679165838F8162E1,Releasing transactional SqlSession [org.apache.ibatis.session.defaults.DefaultSqlSession@1806f1c]
05-23-2017 08:19:50.425,INFO ,395C78E3955F4C07679165838F8162E1,U0000000001,Task searching finished ==> 43 item(s)
05-23-2017 08:19:50.425,DEBUG,395C78E3955F4C07679165838F8162E1,Transaction synchronization deregistering SqlSession [org.apache.ibatis.session.defaults.DefaultSqlSession@1806f1c]
05-23-2017 08:19:50.425,DEBUG,395C78E3955F4C07679165838F8162E1,Transaction synchronization closing SqlSession [org.apache.ibatis.session.defaults.DefaultSqlSession@1806f1c]
05-23-2017 08:19:50.425,DEBUG,395C78E3955F4C07679165838F8162E1,Returning JDBC Connection to DataSource
05-23-2017 08:19:50.425,INFO ,395C78E3955F4C07679165838F8162E1,U0000000001,vn.bananavietnam.ict.banana.service.Bnn0089SearchTaskService,searchData,[vn.bananavietnam.ict.banana.component.Bnn0089SearchTaskConditions@524731] METHOD END
05-23-2017 08:19:50.427,DEBUG,395C78E3955F4C07679165838F8162E1,Written [[vn.bananavietnam.ict.banana.component.Bnn0089SearchTaskResult@515f4, vn.bananavietnam.ict.banana.component.Bnn0089SearchTaskResult@1102605, vn.bananavietnam.ict.banana.component.Bnn0089SearchTaskResult@14f43a1, vn.bananavietnam.ict.banana.component.Bnn0089SearchTaskResult@1e2cdc1, vn.bananavietnam.ict.banana.component.Bnn0089SearchTaskResult@182cf7c, vn.bananavietnam.ict.banana.component.Bnn0089SearchTaskResult@13ae5c7, vn.bananavietnam.ict.banana.component.Bnn0089SearchTaskResult@6deb8a, vn.bananavietnam.ict.banana.component.Bnn0089SearchTaskResult@118b583, vn.bananavietnam.ict.banana.component.Bnn0089SearchTaskResult@d26bf3, vn.bananavietnam.ict.banana.component.Bnn0089SearchTaskResult@acacb3, vn.bananavietnam.ict.banana.component.Bnn0089SearchTaskResult@14a2597, vn.bananavietnam.ict.banana.component.Bnn0089SearchTaskResult@17a2550, vn.bananavietnam.ict.banana.component.Bnn0089SearchTaskResult@16523f, vn.bananavietnam.ict.banana.component.Bnn0089SearchTaskResult@1a2bafa, vn.bananavietnam.ict.banana.component.Bnn0089SearchTaskResult@15a5b04, vn.bananavietnam.ict.banana.component.Bnn0089SearchTaskResult@190a7da, vn.bananavietnam.ict.banana.component.Bnn0089SearchTaskResult@10f903d, vn.bananavietnam.ict.banana.component.Bnn0089SearchTaskResult@1b896cc, vn.bananavietnam.ict.banana.component.Bnn0089SearchTaskResult@a16e84, vn.bananavietnam.ict.banana.component.Bnn0089SearchTaskResult@59a57d]] as "application/json;charset=UTF-8" using [org.springframework.http.converter.json.MappingJackson2HttpMessageConverter@156f2cc]
05-23-2017 08:19:50.428,DEBUG,395C78E3955F4C07679165838F8162E1,Null ModelAndView returned to DispatcherServlet with name 'appServlet': assuming HandlerAdapter completed request handling
05-23-2017 08:19:50.428,DEBUG,395C78E3955F4C07679165838F8162E1,Successfully completed request
05-23-2017 08:19:50.428,DEBUG,395C78E3955F4C07679165838F8162E1,Chain processed normally
05-23-2017 08:19:50.428,DEBUG,395C78E3955F4C07679165838F8162E1,SecurityContextHolder now cleared, as request processing completed
