06-01-2017 17:11:53.662,INFO ,883837AEC06D5DDEEAB26665BBA7262D,U0000000001,vn.bananavietnam.ict.banana.service.Bnn0087SearchAffiliationService,searchData,[vn.bananavietnam.ict.banana.component.Bnn0087SearchAffiliationConditions@3ba85d] METHOD START
06-01-2017 17:11:53.662,INFO ,883837AEC06D5DDEEAB26665BBA7262D,U0000000001,Affiliation searching started
06-01-2017 17:11:57.700,ERROR,883837AEC06D5DDEEAB26665BBA7262D,U0000000001,java.lang.Exception: nested exception is org.apache.ibatis.exceptions.PersistenceException: 
06-01-2017 17:11:57.700,INFO ,883837AEC06D5DDEEAB26665BBA7262D,U0000000001,vn.bananavietnam.ict.banana.service.Bnn0087SearchAffiliationService,searchData,[vn.bananavietnam.ict.banana.component.Bnn0087SearchAffiliationConditions@3ba85d] METHOD END
06-01-2017 17:11:57.905,INFO ,883837AEC06D5DDEEAB26665BBA7262D,U0000000001,vn.bananavietnam.ict.banana.service.Bnn0087SearchAffiliationService,searchData,[vn.bananavietnam.ict.banana.component.Bnn0087SearchAffiliationConditions@5dcd4e] METHOD START
06-01-2017 17:11:57.905,INFO ,883837AEC06D5DDEEAB26665BBA7262D,U0000000001,Affiliation searching started
06-01-2017 17:11:57.924,DEBUG,883837AEC06D5DDEEAB26665BBA7262D,==>  Preparing: SELECT usr.userName userName, usr.userId userId , authorization.AUTHORIZATION_TYPE_NAME typeName, authorization.AUTHORIZATION_TYPE_ID typeId, mgr.farmIdList farmIdList, mgr.areaIdList areaIdList, mgr.lastUpdateDate lastUpdateDate FROM (SELECT users.USERS_NAME userName, users.USERS_ID userId FROM IVB_M_USERS users WHERE 1 = 1 AND users.DELETE_FLAG = '0') usr LEFT JOIN (SELECT manager.USERS_ID userId, manager.AUTHORIZATION_TYPE_ID typeId, (SELECT LAST_UPDATE_DATE FROM IVB_M_MANAGER ORDER BY LAST_UPDATE_DATE DESC LIMIT 1) lastUpdateDate, GROUP_CONCAT(manager.FARM_ID SEPARATOR ',') as farmIdList, GROUP_CONCAT(manager.AREA_ID SEPARATOR ',') as areaIdList FROM IVB_M_MANAGER manager WHERE 1 = 1 AND manager.DELETE_FLAG = '0' GROUP BY manager.USERS_ID, manager.AUTHORIZATION_TYPE_ID) mgr ON usr.userId = mgr.userId LEFT JOIN IVB_M_AUTHORIZATION authorization ON authorization.AUTHORIZATION_TYPE_ID = mgr.typeId ORDER BY usr.userName, authorization.AUTHORIZATION_TYPE_ID LIMIT ?,? 
06-01-2017 17:11:57.925,DEBUG,883837AEC06D5DDEEAB26665BBA7262D,==> Parameters: 0(Integer), 20(Integer)
06-01-2017 17:11:57.928,DEBUG,883837AEC06D5DDEEAB26665BBA7262D,<==      Total: 20
06-01-2017 17:11:57.928,INFO ,883837AEC06D5DDEEAB26665BBA7262D,U0000000001,SQL execution finished
06-01-2017 17:11:57.929,DEBUG,883837AEC06D5DDEEAB26665BBA7262D,==>  Preparing: SELECT COUNT(*) FROM (SELECT users.USERS_NAME userName, users.USERS_ID userId FROM IVB_M_USERS users WHERE 1 = 1 AND users.DELETE_FLAG = '0') usr LEFT JOIN (SELECT manager.USERS_ID userId, manager.AUTHORIZATION_TYPE_ID typeId FROM IVB_M_MANAGER manager WHERE 1 = 1 AND manager.DELETE_FLAG = '0' GROUP BY manager.USERS_ID, manager.AUTHORIZATION_TYPE_ID) mgr ON usr.userId = mgr.userId LEFT JOIN IVB_M_AUTHORIZATION authorization ON authorization.AUTHORIZATION_TYPE_ID = mgr.typeId ORDER BY usr.userId 
06-01-2017 17:11:57.929,DEBUG,883837AEC06D5DDEEAB26665BBA7262D,==> Parameters: 
06-01-2017 17:11:57.930,DEBUG,883837AEC06D5DDEEAB26665BBA7262D,<==      Total: 1
06-01-2017 17:11:57.930,INFO ,883837AEC06D5DDEEAB26665BBA7262D,U0000000001,Affiliation searching finished ==> 60 item(s)
06-01-2017 17:11:57.930,INFO ,883837AEC06D5DDEEAB26665BBA7262D,U0000000001,vn.bananavietnam.ict.banana.service.Bnn0087SearchAffiliationService,searchData,[vn.bananavietnam.ict.banana.component.Bnn0087SearchAffiliationConditions@5dcd4e] METHOD END
06-01-2017 17:11:58.604,INFO ,EF700B212A1E7C7E4786B4FDA4A7FC15,U0000000001,vn.bananavietnam.ict.banana.service.Bnn0087SearchAffiliationService,initData,[{}] METHOD START
06-01-2017 17:11:58.622,DEBUG,EF700B212A1E7C7E4786B4FDA4A7FC15,==>  Preparing: select AUTHORIZATION_TYPE_ID, AUTHORIZATION_TYPE_NAME, ACCESS_AUTHORITY_ID, CREATE_USER_ID, CREATE_DATE, UPDATE_USER_ID, LAST_UPDATE_DATE, DELETE_FLAG from IVB_M_AUTHORIZATION 
06-01-2017 17:11:58.623,DEBUG,EF700B212A1E7C7E4786B4FDA4A7FC15,==> Parameters: 
06-01-2017 17:11:58.625,DEBUG,EF700B212A1E7C7E4786B4FDA4A7FC15,<==      Total: 4
06-01-2017 17:11:58.625,INFO ,EF700B212A1E7C7E4786B4FDA4A7FC15,U0000000001,vn.bananavietnam.ict.banana.service.Bnn0087SearchAffiliationService,initData,[{affiliationData=[{"authorizationTypeId":"1","authorizationTypeName":"Quản lý hệ thống","accessAuthorityId":"1","createUserId":"U0000000001","createDate":1489363200000,"updateUserId":"U0000000001","lastUpdateDate":1490054400000,"deleteFlag":false},{"authorizationTypeId":"2","authorizationTypeName":"Giám đốc kinh doanh","accessAuthorityId":"2","createUserId":"U0000000001","createDate":1489363200000,"updateUserId":"U0000000001","lastUpdateDate":1490054400000,"deleteFlag":false},{"authorizationTypeId":"3","authorizationTypeName":"Quản lý nông trại","accessAuthorityId":"3","createUserId":"U0000000001","createDate":1489363200000,"updateUserId":"U0000000001","lastUpdateDate":1490054400000,"deleteFlag":false},{"authorizationTypeId":"4","authorizationTypeName":"Quản lý lô","accessAuthorityId":"4","createUserId":"U0000000001","createDate":1489363200000,"updateUserId":"U0000000001","lastUpdateDate":1490054400000,"deleteFlag":false}]}] METHOD END
06-01-2017 17:11:58.794,INFO ,EF700B212A1E7C7E4786B4FDA4A7FC15,U0000000001,vn.bananavietnam.ict.banana.service.Bnn0087SearchAffiliationService,searchData,[vn.bananavietnam.ict.banana.component.Bnn0087SearchAffiliationConditions@91a737] METHOD START
06-01-2017 17:11:58.794,INFO ,EF700B212A1E7C7E4786B4FDA4A7FC15,U0000000001,Affiliation searching started
06-01-2017 17:11:58.819,DEBUG,EF700B212A1E7C7E4786B4FDA4A7FC15,==>  Preparing: SELECT usr.userName userName, usr.userId userId , authorization.AUTHORIZATION_TYPE_NAME typeName, authorization.AUTHORIZATION_TYPE_ID typeId, mgr.farmIdList farmIdList, mgr.areaIdList areaIdList, mgr.lastUpdateDate lastUpdateDate FROM (SELECT users.USERS_NAME userName, users.USERS_ID userId FROM IVB_M_USERS users WHERE 1 = 1 AND users.DELETE_FLAG = '0') usr LEFT JOIN (SELECT manager.USERS_ID userId, manager.AUTHORIZATION_TYPE_ID typeId, (SELECT LAST_UPDATE_DATE FROM IVB_M_MANAGER ORDER BY LAST_UPDATE_DATE DESC LIMIT 1) lastUpdateDate, GROUP_CONCAT(manager.FARM_ID SEPARATOR ',') as farmIdList, GROUP_CONCAT(manager.AREA_ID SEPARATOR ',') as areaIdList FROM IVB_M_MANAGER manager WHERE 1 = 1 AND manager.DELETE_FLAG = '0' GROUP BY manager.USERS_ID, manager.AUTHORIZATION_TYPE_ID) mgr ON usr.userId = mgr.userId LEFT JOIN IVB_M_AUTHORIZATION authorization ON authorization.AUTHORIZATION_TYPE_ID = mgr.typeId ORDER BY usr.userName, authorization.AUTHORIZATION_TYPE_ID LIMIT ?,? 
06-01-2017 17:11:58.819,DEBUG,EF700B212A1E7C7E4786B4FDA4A7FC15,==> Parameters: 0(Integer), 20(Integer)
06-01-2017 17:11:58.825,DEBUG,EF700B212A1E7C7E4786B4FDA4A7FC15,<==      Total: 20
06-01-2017 17:11:58.825,INFO ,EF700B212A1E7C7E4786B4FDA4A7FC15,U0000000001,SQL execution finished
06-01-2017 17:11:58.825,DEBUG,EF700B212A1E7C7E4786B4FDA4A7FC15,==>  Preparing: SELECT COUNT(*) FROM (SELECT users.USERS_NAME userName, users.USERS_ID userId FROM IVB_M_USERS users WHERE 1 = 1 AND users.DELETE_FLAG = '0') usr LEFT JOIN (SELECT manager.USERS_ID userId, manager.AUTHORIZATION_TYPE_ID typeId FROM IVB_M_MANAGER manager WHERE 1 = 1 AND manager.DELETE_FLAG = '0' GROUP BY manager.USERS_ID, manager.AUTHORIZATION_TYPE_ID) mgr ON usr.userId = mgr.userId LEFT JOIN IVB_M_AUTHORIZATION authorization ON authorization.AUTHORIZATION_TYPE_ID = mgr.typeId ORDER BY usr.userId 
06-01-2017 17:11:58.825,DEBUG,EF700B212A1E7C7E4786B4FDA4A7FC15,==> Parameters: 
06-01-2017 17:11:58.826,DEBUG,EF700B212A1E7C7E4786B4FDA4A7FC15,<==      Total: 1
06-01-2017 17:11:58.826,INFO ,EF700B212A1E7C7E4786B4FDA4A7FC15,U0000000001,Affiliation searching finished ==> 60 item(s)
06-01-2017 17:11:58.826,INFO ,EF700B212A1E7C7E4786B4FDA4A7FC15,U0000000001,vn.bananavietnam.ict.banana.service.Bnn0087SearchAffiliationService,searchData,[vn.bananavietnam.ict.banana.component.Bnn0087SearchAffiliationConditions@91a737] METHOD END
06-01-2017 17:11:58.987,INFO ,EF700B212A1E7C7E4786B4FDA4A7FC15,U0000000001,vn.bananavietnam.ict.banana.service.Bnn0087SearchAffiliationService,searchData,[vn.bananavietnam.ict.banana.component.Bnn0087SearchAffiliationConditions@1504af4] METHOD START
06-01-2017 17:11:58.987,INFO ,EF700B212A1E7C7E4786B4FDA4A7FC15,U0000000001,Affiliation searching started
06-01-2017 17:11:59.010,DEBUG,EF700B212A1E7C7E4786B4FDA4A7FC15,==>  Preparing: SELECT usr.userName userName, usr.userId userId , authorization.AUTHORIZATION_TYPE_NAME typeName, authorization.AUTHORIZATION_TYPE_ID typeId, mgr.farmIdList farmIdList, mgr.areaIdList areaIdList, mgr.lastUpdateDate lastUpdateDate FROM (SELECT users.USERS_NAME userName, users.USERS_ID userId FROM IVB_M_USERS users WHERE 1 = 1 AND users.DELETE_FLAG = '0') usr LEFT JOIN (SELECT manager.USERS_ID userId, manager.AUTHORIZATION_TYPE_ID typeId, (SELECT LAST_UPDATE_DATE FROM IVB_M_MANAGER ORDER BY LAST_UPDATE_DATE DESC LIMIT 1) lastUpdateDate, GROUP_CONCAT(manager.FARM_ID SEPARATOR ',') as farmIdList, GROUP_CONCAT(manager.AREA_ID SEPARATOR ',') as areaIdList FROM IVB_M_MANAGER manager WHERE 1 = 1 AND manager.DELETE_FLAG = '0' GROUP BY manager.USERS_ID, manager.AUTHORIZATION_TYPE_ID) mgr ON usr.userId = mgr.userId LEFT JOIN IVB_M_AUTHORIZATION authorization ON authorization.AUTHORIZATION_TYPE_ID = mgr.typeId ORDER BY usr.userName, authorization.AUTHORIZATION_TYPE_ID LIMIT ?,? 
06-01-2017 17:11:59.010,DEBUG,EF700B212A1E7C7E4786B4FDA4A7FC15,==> Parameters: 40(Integer), 20(Integer)
06-01-2017 17:11:59.015,DEBUG,EF700B212A1E7C7E4786B4FDA4A7FC15,<==      Total: 20
06-01-2017 17:11:59.015,INFO ,EF700B212A1E7C7E4786B4FDA4A7FC15,U0000000001,SQL execution finished
06-01-2017 17:11:59.015,DEBUG,EF700B212A1E7C7E4786B4FDA4A7FC15,==>  Preparing: SELECT COUNT(*) FROM (SELECT users.USERS_NAME userName, users.USERS_ID userId FROM IVB_M_USERS users WHERE 1 = 1 AND users.DELETE_FLAG = '0') usr LEFT JOIN (SELECT manager.USERS_ID userId, manager.AUTHORIZATION_TYPE_ID typeId FROM IVB_M_MANAGER manager WHERE 1 = 1 AND manager.DELETE_FLAG = '0' GROUP BY manager.USERS_ID, manager.AUTHORIZATION_TYPE_ID) mgr ON usr.userId = mgr.userId LEFT JOIN IVB_M_AUTHORIZATION authorization ON authorization.AUTHORIZATION_TYPE_ID = mgr.typeId ORDER BY usr.userId 
06-01-2017 17:11:59.015,DEBUG,EF700B212A1E7C7E4786B4FDA4A7FC15,==> Parameters: 
06-01-2017 17:11:59.019,DEBUG,EF700B212A1E7C7E4786B4FDA4A7FC15,<==      Total: 1
06-01-2017 17:11:59.019,INFO ,EF700B212A1E7C7E4786B4FDA4A7FC15,U0000000001,Affiliation searching finished ==> 60 item(s)
06-01-2017 17:11:59.019,INFO ,EF700B212A1E7C7E4786B4FDA4A7FC15,U0000000001,vn.bananavietnam.ict.banana.service.Bnn0087SearchAffiliationService,searchData,[vn.bananavietnam.ict.banana.component.Bnn0087SearchAffiliationConditions@1504af4] METHOD END
