06-01-2017 17:22:15.561,INFO ,41AB79197A99C8C5FD94D45D163D0C95,U0000000001,vn.bananavietnam.ict.banana.service.Bnn0087SearchAffiliationService,searchData,[vn.bananavietnam.ict.banana.component.Bnn0087SearchAffiliationConditions@10c8c14] METHOD START
06-01-2017 17:22:15.561,INFO ,41AB79197A99C8C5FD94D45D163D0C95,U0000000001,Affiliation searching started
06-01-2017 17:22:19.611,ERROR,41AB79197A99C8C5FD94D45D163D0C95,U0000000001,java.lang.Exception: nested exception is org.apache.ibatis.exceptions.PersistenceException: 
06-01-2017 17:22:19.612,INFO ,41AB79197A99C8C5FD94D45D163D0C95,U0000000001,vn.bananavietnam.ict.banana.service.Bnn0087SearchAffiliationService,searchData,[vn.bananavietnam.ict.banana.component.Bnn0087SearchAffiliationConditions@10c8c14] METHOD END
06-01-2017 17:22:23.513,INFO ,41AB79197A99C8C5FD94D45D163D0C95,U0000000001,vn.bananavietnam.ict.banana.service.Bnn0087SearchAffiliationService,searchData,[vn.bananavietnam.ict.banana.component.Bnn0087SearchAffiliationConditions@6fad72] METHOD START
06-01-2017 17:22:23.513,INFO ,41AB79197A99C8C5FD94D45D163D0C95,U0000000001,Affiliation searching started
06-01-2017 17:22:23.530,DEBUG,41AB79197A99C8C5FD94D45D163D0C95,==>  Preparing: SELECT usr.userName userName, usr.userId userId , authorization.AUTHORIZATION_TYPE_NAME typeName, authorization.AUTHORIZATION_TYPE_ID typeId, mgr.farmIdList farmIdList, mgr.areaIdList areaIdList, mgr.lastUpdateDate lastUpdateDate FROM (SELECT users.USERS_NAME userName, users.USERS_ID userId FROM IVB_M_USERS users WHERE 1 = 1 AND users.DELETE_FLAG = '0') usr LEFT JOIN (SELECT manager.USERS_ID userId, manager.AUTHORIZATION_TYPE_ID typeId, (SELECT LAST_UPDATE_DATE FROM IVB_M_MANAGER ORDER BY LAST_UPDATE_DATE DESC LIMIT 1) lastUpdateDate, GROUP_CONCAT(manager.FARM_ID SEPARATOR ',') as farmIdList, GROUP_CONCAT(manager.AREA_ID SEPARATOR ',') as areaIdList FROM IVB_M_MANAGER manager WHERE 1 = 1 AND manager.DELETE_FLAG = '0' GROUP BY manager.USERS_ID, manager.AUTHORIZATION_TYPE_ID) mgr ON usr.userId = mgr.userId LEFT JOIN IVB_M_AUTHORIZATION authorization ON authorization.AUTHORIZATION_TYPE_ID = mgr.typeId ORDER BY usr.userName, authorization.AUTHORIZATION_TYPE_ID LIMIT ?,? 
06-01-2017 17:22:23.530,DEBUG,41AB79197A99C8C5FD94D45D163D0C95,==> Parameters: 0(Integer), 20(Integer)
06-01-2017 17:22:23.534,DEBUG,41AB79197A99C8C5FD94D45D163D0C95,<==      Total: 20
06-01-2017 17:22:23.534,INFO ,41AB79197A99C8C5FD94D45D163D0C95,U0000000001,SQL execution finished
06-01-2017 17:22:23.534,DEBUG,41AB79197A99C8C5FD94D45D163D0C95,==>  Preparing: SELECT COUNT(*) FROM (SELECT users.USERS_NAME userName, users.USERS_ID userId FROM IVB_M_USERS users WHERE 1 = 1 AND users.DELETE_FLAG = '0') usr LEFT JOIN (SELECT manager.USERS_ID userId, manager.AUTHORIZATION_TYPE_ID typeId FROM IVB_M_MANAGER manager WHERE 1 = 1 AND manager.DELETE_FLAG = '0' GROUP BY manager.USERS_ID, manager.AUTHORIZATION_TYPE_ID) mgr ON usr.userId = mgr.userId LEFT JOIN IVB_M_AUTHORIZATION authorization ON authorization.AUTHORIZATION_TYPE_ID = mgr.typeId ORDER BY usr.userId 
06-01-2017 17:22:23.535,DEBUG,41AB79197A99C8C5FD94D45D163D0C95,==> Parameters: 
06-01-2017 17:22:23.536,DEBUG,41AB79197A99C8C5FD94D45D163D0C95,<==      Total: 1
06-01-2017 17:22:23.536,INFO ,41AB79197A99C8C5FD94D45D163D0C95,U0000000001,Affiliation searching finished ==> 60 item(s)
06-01-2017 17:22:23.536,INFO ,41AB79197A99C8C5FD94D45D163D0C95,U0000000001,vn.bananavietnam.ict.banana.service.Bnn0087SearchAffiliationService,searchData,[vn.bananavietnam.ict.banana.component.Bnn0087SearchAffiliationConditions@6fad72] METHOD END
06-01-2017 17:22:24.177,INFO ,CBA74CD7F814C0C6C792E9797DF68E31,U0000000001,vn.bananavietnam.ict.banana.service.Bnn0087SearchAffiliationService,initData,[{}] METHOD START
06-01-2017 17:22:24.196,DEBUG,CBA74CD7F814C0C6C792E9797DF68E31,==>  Preparing: select AUTHORIZATION_TYPE_ID, AUTHORIZATION_TYPE_NAME, ACCESS_AUTHORITY_ID, CREATE_USER_ID, CREATE_DATE, UPDATE_USER_ID, LAST_UPDATE_DATE, DELETE_FLAG from IVB_M_AUTHORIZATION 
06-01-2017 17:22:24.196,DEBUG,CBA74CD7F814C0C6C792E9797DF68E31,==> Parameters: 
06-01-2017 17:22:24.198,DEBUG,CBA74CD7F814C0C6C792E9797DF68E31,<==      Total: 4
06-01-2017 17:22:24.198,INFO ,CBA74CD7F814C0C6C792E9797DF68E31,U0000000001,vn.bananavietnam.ict.banana.service.Bnn0087SearchAffiliationService,initData,[{affiliationData=[{"authorizationTypeId":"1","authorizationTypeName":"Quản lý hệ thống","accessAuthorityId":"1","createUserId":"U0000000001","createDate":1489363200000,"updateUserId":"U0000000001","lastUpdateDate":1490054400000,"deleteFlag":false},{"authorizationTypeId":"2","authorizationTypeName":"Giám đốc kinh doanh","accessAuthorityId":"2","createUserId":"U0000000001","createDate":1489363200000,"updateUserId":"U0000000001","lastUpdateDate":1490054400000,"deleteFlag":false},{"authorizationTypeId":"3","authorizationTypeName":"Quản lý nông trại","accessAuthorityId":"3","createUserId":"U0000000001","createDate":1489363200000,"updateUserId":"U0000000001","lastUpdateDate":1490054400000,"deleteFlag":false},{"authorizationTypeId":"4","authorizationTypeName":"Quản lý lô","accessAuthorityId":"4","createUserId":"U0000000001","createDate":1489363200000,"updateUserId":"U0000000001","lastUpdateDate":1490054400000,"deleteFlag":false}]}] METHOD END
06-01-2017 17:22:24.317,INFO ,CBA74CD7F814C0C6C792E9797DF68E31,U0000000001,vn.bananavietnam.ict.banana.service.Bnn0087SearchAffiliationService,searchData,[vn.bananavietnam.ict.banana.component.Bnn0087SearchAffiliationConditions@1c0ced5] METHOD START
06-01-2017 17:22:24.317,INFO ,CBA74CD7F814C0C6C792E9797DF68E31,U0000000001,Affiliation searching started
06-01-2017 17:22:24.346,DEBUG,CBA74CD7F814C0C6C792E9797DF68E31,==>  Preparing: SELECT usr.userName userName, usr.userId userId , authorization.AUTHORIZATION_TYPE_NAME typeName, authorization.AUTHORIZATION_TYPE_ID typeId, mgr.farmIdList farmIdList, mgr.areaIdList areaIdList, mgr.lastUpdateDate lastUpdateDate FROM (SELECT users.USERS_NAME userName, users.USERS_ID userId FROM IVB_M_USERS users WHERE 1 = 1 AND users.DELETE_FLAG = '0') usr LEFT JOIN (SELECT manager.USERS_ID userId, manager.AUTHORIZATION_TYPE_ID typeId, (SELECT LAST_UPDATE_DATE FROM IVB_M_MANAGER ORDER BY LAST_UPDATE_DATE DESC LIMIT 1) lastUpdateDate, GROUP_CONCAT(manager.FARM_ID SEPARATOR ',') as farmIdList, GROUP_CONCAT(manager.AREA_ID SEPARATOR ',') as areaIdList FROM IVB_M_MANAGER manager WHERE 1 = 1 AND manager.DELETE_FLAG = '0' GROUP BY manager.USERS_ID, manager.AUTHORIZATION_TYPE_ID) mgr ON usr.userId = mgr.userId LEFT JOIN IVB_M_AUTHORIZATION authorization ON authorization.AUTHORIZATION_TYPE_ID = mgr.typeId ORDER BY usr.userName, authorization.AUTHORIZATION_TYPE_ID LIMIT ?,? 
06-01-2017 17:22:24.346,DEBUG,CBA74CD7F814C0C6C792E9797DF68E31,==> Parameters: 0(Integer), 20(Integer)
06-01-2017 17:22:24.353,DEBUG,CBA74CD7F814C0C6C792E9797DF68E31,<==      Total: 20
06-01-2017 17:22:24.354,INFO ,CBA74CD7F814C0C6C792E9797DF68E31,U0000000001,SQL execution finished
06-01-2017 17:22:24.354,DEBUG,CBA74CD7F814C0C6C792E9797DF68E31,==>  Preparing: SELECT COUNT(*) FROM (SELECT users.USERS_NAME userName, users.USERS_ID userId FROM IVB_M_USERS users WHERE 1 = 1 AND users.DELETE_FLAG = '0') usr LEFT JOIN (SELECT manager.USERS_ID userId, manager.AUTHORIZATION_TYPE_ID typeId FROM IVB_M_MANAGER manager WHERE 1 = 1 AND manager.DELETE_FLAG = '0' GROUP BY manager.USERS_ID, manager.AUTHORIZATION_TYPE_ID) mgr ON usr.userId = mgr.userId LEFT JOIN IVB_M_AUTHORIZATION authorization ON authorization.AUTHORIZATION_TYPE_ID = mgr.typeId ORDER BY usr.userId 
06-01-2017 17:22:24.354,DEBUG,CBA74CD7F814C0C6C792E9797DF68E31,==> Parameters: 
06-01-2017 17:22:24.356,DEBUG,CBA74CD7F814C0C6C792E9797DF68E31,<==      Total: 1
06-01-2017 17:22:24.356,INFO ,CBA74CD7F814C0C6C792E9797DF68E31,U0000000001,Affiliation searching finished ==> 60 item(s)
06-01-2017 17:22:24.356,INFO ,CBA74CD7F814C0C6C792E9797DF68E31,U0000000001,vn.bananavietnam.ict.banana.service.Bnn0087SearchAffiliationService,searchData,[vn.bananavietnam.ict.banana.component.Bnn0087SearchAffiliationConditions@1c0ced5] METHOD END
06-01-2017 17:22:24.458,INFO ,CBA74CD7F814C0C6C792E9797DF68E31,U0000000001,vn.bananavietnam.ict.banana.service.Bnn0087SearchAffiliationService,searchData,[vn.bananavietnam.ict.banana.component.Bnn0087SearchAffiliationConditions@10a24ef] METHOD START
06-01-2017 17:22:24.458,INFO ,CBA74CD7F814C0C6C792E9797DF68E31,U0000000001,Affiliation searching started
06-01-2017 17:22:24.478,DEBUG,CBA74CD7F814C0C6C792E9797DF68E31,==>  Preparing: SELECT usr.userName userName, usr.userId userId , authorization.AUTHORIZATION_TYPE_NAME typeName, authorization.AUTHORIZATION_TYPE_ID typeId, mgr.farmIdList farmIdList, mgr.areaIdList areaIdList, mgr.lastUpdateDate lastUpdateDate FROM (SELECT users.USERS_NAME userName, users.USERS_ID userId FROM IVB_M_USERS users WHERE 1 = 1 AND users.DELETE_FLAG = '0') usr LEFT JOIN (SELECT manager.USERS_ID userId, manager.AUTHORIZATION_TYPE_ID typeId, (SELECT LAST_UPDATE_DATE FROM IVB_M_MANAGER ORDER BY LAST_UPDATE_DATE DESC LIMIT 1) lastUpdateDate, GROUP_CONCAT(manager.FARM_ID SEPARATOR ',') as farmIdList, GROUP_CONCAT(manager.AREA_ID SEPARATOR ',') as areaIdList FROM IVB_M_MANAGER manager WHERE 1 = 1 AND manager.DELETE_FLAG = '0' GROUP BY manager.USERS_ID, manager.AUTHORIZATION_TYPE_ID) mgr ON usr.userId = mgr.userId LEFT JOIN IVB_M_AUTHORIZATION authorization ON authorization.AUTHORIZATION_TYPE_ID = mgr.typeId ORDER BY usr.userName, authorization.AUTHORIZATION_TYPE_ID LIMIT ?,? 
06-01-2017 17:22:24.478,DEBUG,CBA74CD7F814C0C6C792E9797DF68E31,==> Parameters: 40(Integer), 20(Integer)
06-01-2017 17:22:24.482,DEBUG,CBA74CD7F814C0C6C792E9797DF68E31,<==      Total: 20
06-01-2017 17:22:24.482,INFO ,CBA74CD7F814C0C6C792E9797DF68E31,U0000000001,SQL execution finished
06-01-2017 17:22:24.482,DEBUG,CBA74CD7F814C0C6C792E9797DF68E31,==>  Preparing: SELECT COUNT(*) FROM (SELECT users.USERS_NAME userName, users.USERS_ID userId FROM IVB_M_USERS users WHERE 1 = 1 AND users.DELETE_FLAG = '0') usr LEFT JOIN (SELECT manager.USERS_ID userId, manager.AUTHORIZATION_TYPE_ID typeId FROM IVB_M_MANAGER manager WHERE 1 = 1 AND manager.DELETE_FLAG = '0' GROUP BY manager.USERS_ID, manager.AUTHORIZATION_TYPE_ID) mgr ON usr.userId = mgr.userId LEFT JOIN IVB_M_AUTHORIZATION authorization ON authorization.AUTHORIZATION_TYPE_ID = mgr.typeId ORDER BY usr.userId 
06-01-2017 17:22:24.482,DEBUG,CBA74CD7F814C0C6C792E9797DF68E31,==> Parameters: 
06-01-2017 17:22:24.483,DEBUG,CBA74CD7F814C0C6C792E9797DF68E31,<==      Total: 1
06-01-2017 17:22:24.484,INFO ,CBA74CD7F814C0C6C792E9797DF68E31,U0000000001,Affiliation searching finished ==> 60 item(s)
06-01-2017 17:22:24.484,INFO ,CBA74CD7F814C0C6C792E9797DF68E31,U0000000001,vn.bananavietnam.ict.banana.service.Bnn0087SearchAffiliationService,searchData,[vn.bananavietnam.ict.banana.component.Bnn0087SearchAffiliationConditions@10a24ef] METHOD END
