06-01-2017 17:01:31.393,INFO ,F1D024A3AA2DA4B7261E2FCD97E5F23A,U0000000001,vn.bananavietnam.ict.banana.service.Bnn0087SearchAffiliationService,searchData,[vn.bananavietnam.ict.banana.component.Bnn0087SearchAffiliationConditions@d16093] METHOD START
06-01-2017 17:01:31.393,INFO ,F1D024A3AA2DA4B7261E2FCD97E5F23A,U0000000001,Affiliation searching started
06-01-2017 17:01:35.405,ERROR,F1D024A3AA2DA4B7261E2FCD97E5F23A,U0000000001,java.lang.Exception: nested exception is org.apache.ibatis.exceptions.PersistenceException: 
06-01-2017 17:01:35.405,INFO ,F1D024A3AA2DA4B7261E2FCD97E5F23A,U0000000001,vn.bananavietnam.ict.banana.service.Bnn0087SearchAffiliationService,searchData,[vn.bananavietnam.ict.banana.component.Bnn0087SearchAffiliationConditions@d16093] METHOD END
06-01-2017 17:01:36.277,INFO ,F1D024A3AA2DA4B7261E2FCD97E5F23A,U0000000001,vn.bananavietnam.ict.banana.service.Bnn0087SearchAffiliationService,searchData,[vn.bananavietnam.ict.banana.component.Bnn0087SearchAffiliationConditions@1ea5eac] METHOD START
06-01-2017 17:01:36.277,INFO ,F1D024A3AA2DA4B7261E2FCD97E5F23A,U0000000001,Affiliation searching started
06-01-2017 17:01:38.295,DEBUG,F1D024A3AA2DA4B7261E2FCD97E5F23A,==>  Preparing: SELECT usr.userName userName, usr.userId userId , authorization.AUTHORIZATION_TYPE_NAME typeName, authorization.AUTHORIZATION_TYPE_ID typeId, mgr.farmIdList farmIdList, mgr.areaIdList areaIdList, mgr.lastUpdateDate lastUpdateDate FROM (SELECT users.USERS_NAME userName, users.USERS_ID userId FROM IVB_M_USERS users WHERE 1 = 1 AND users.DELETE_FLAG = '0') usr LEFT JOIN (SELECT manager.USERS_ID userId, manager.AUTHORIZATION_TYPE_ID typeId, (SELECT LAST_UPDATE_DATE FROM IVB_M_MANAGER ORDER BY LAST_UPDATE_DATE DESC LIMIT 1) lastUpdateDate, GROUP_CONCAT(manager.FARM_ID SEPARATOR ',') as farmIdList, GROUP_CONCAT(manager.AREA_ID SEPARATOR ',') as areaIdList FROM IVB_M_MANAGER manager WHERE 1 = 1 AND manager.DELETE_FLAG = '0' GROUP BY manager.USERS_ID, manager.AUTHORIZATION_TYPE_ID) mgr ON usr.userId = mgr.userId LEFT JOIN IVB_M_AUTHORIZATION authorization ON authorization.AUTHORIZATION_TYPE_ID = mgr.typeId ORDER BY usr.userName, authorization.AUTHORIZATION_TYPE_ID LIMIT ?,? 
06-01-2017 17:01:38.295,DEBUG,F1D024A3AA2DA4B7261E2FCD97E5F23A,==> Parameters: 0(Integer), 20(Integer)
06-01-2017 17:01:38.299,DEBUG,F1D024A3AA2DA4B7261E2FCD97E5F23A,<==      Total: 20
06-01-2017 17:01:38.299,INFO ,F1D024A3AA2DA4B7261E2FCD97E5F23A,U0000000001,SQL execution finished
06-01-2017 17:01:38.299,DEBUG,F1D024A3AA2DA4B7261E2FCD97E5F23A,==>  Preparing: SELECT COUNT(*) FROM (SELECT users.USERS_NAME userName, users.USERS_ID userId FROM IVB_M_USERS users WHERE 1 = 1 AND users.DELETE_FLAG = '0') usr LEFT JOIN (SELECT manager.USERS_ID userId, manager.AUTHORIZATION_TYPE_ID typeId FROM IVB_M_MANAGER manager WHERE 1 = 1 AND manager.DELETE_FLAG = '0' GROUP BY manager.USERS_ID, manager.AUTHORIZATION_TYPE_ID) mgr ON usr.userId = mgr.userId LEFT JOIN IVB_M_AUTHORIZATION authorization ON authorization.AUTHORIZATION_TYPE_ID = mgr.typeId ORDER BY usr.userId 
06-01-2017 17:01:38.300,DEBUG,F1D024A3AA2DA4B7261E2FCD97E5F23A,==> Parameters: 
06-01-2017 17:01:38.302,DEBUG,F1D024A3AA2DA4B7261E2FCD97E5F23A,<==      Total: 1
06-01-2017 17:01:38.302,INFO ,F1D024A3AA2DA4B7261E2FCD97E5F23A,U0000000001,Affiliation searching finished ==> 60 item(s)
06-01-2017 17:01:38.302,INFO ,F1D024A3AA2DA4B7261E2FCD97E5F23A,U0000000001,vn.bananavietnam.ict.banana.service.Bnn0087SearchAffiliationService,searchData,[vn.bananavietnam.ict.banana.component.Bnn0087SearchAffiliationConditions@1ea5eac] METHOD END
06-01-2017 17:01:39.015,INFO ,D99253DAE03495A7A1F72AE83F091516,U0000000001,vn.bananavietnam.ict.banana.service.Bnn0087SearchAffiliationService,initData,[{}] METHOD START
06-01-2017 17:01:39.030,DEBUG,D99253DAE03495A7A1F72AE83F091516,==>  Preparing: select AUTHORIZATION_TYPE_ID, AUTHORIZATION_TYPE_NAME, ACCESS_AUTHORITY_ID, CREATE_USER_ID, CREATE_DATE, UPDATE_USER_ID, LAST_UPDATE_DATE, DELETE_FLAG from IVB_M_AUTHORIZATION 
06-01-2017 17:01:39.030,DEBUG,D99253DAE03495A7A1F72AE83F091516,==> Parameters: 
06-01-2017 17:01:39.032,DEBUG,D99253DAE03495A7A1F72AE83F091516,<==      Total: 4
06-01-2017 17:01:39.032,INFO ,D99253DAE03495A7A1F72AE83F091516,U0000000001,vn.bananavietnam.ict.banana.service.Bnn0087SearchAffiliationService,initData,[{affiliationData=[{"authorizationTypeId":"1","authorizationTypeName":"Quản lý hệ thống","accessAuthorityId":"1","createUserId":"U0000000001","createDate":1489363200000,"updateUserId":"U0000000001","lastUpdateDate":1490054400000,"deleteFlag":false},{"authorizationTypeId":"2","authorizationTypeName":"Giám đốc kinh doanh","accessAuthorityId":"2","createUserId":"U0000000001","createDate":1489363200000,"updateUserId":"U0000000001","lastUpdateDate":1490054400000,"deleteFlag":false},{"authorizationTypeId":"3","authorizationTypeName":"Quản lý nông trại","accessAuthorityId":"3","createUserId":"U0000000001","createDate":1489363200000,"updateUserId":"U0000000001","lastUpdateDate":1490054400000,"deleteFlag":false},{"authorizationTypeId":"4","authorizationTypeName":"Quản lý lô","accessAuthorityId":"4","createUserId":"U0000000001","createDate":1489363200000,"updateUserId":"U0000000001","lastUpdateDate":1490054400000,"deleteFlag":false}]}] METHOD END
06-01-2017 17:01:39.159,INFO ,D99253DAE03495A7A1F72AE83F091516,U0000000001,vn.bananavietnam.ict.banana.service.Bnn0087SearchAffiliationService,searchData,[vn.bananavietnam.ict.banana.component.Bnn0087SearchAffiliationConditions@12ccd0d] METHOD START
06-01-2017 17:01:39.159,INFO ,D99253DAE03495A7A1F72AE83F091516,U0000000001,Affiliation searching started
06-01-2017 17:01:39.176,DEBUG,D99253DAE03495A7A1F72AE83F091516,==>  Preparing: SELECT usr.userName userName, usr.userId userId , authorization.AUTHORIZATION_TYPE_NAME typeName, authorization.AUTHORIZATION_TYPE_ID typeId, mgr.farmIdList farmIdList, mgr.areaIdList areaIdList, mgr.lastUpdateDate lastUpdateDate FROM (SELECT users.USERS_NAME userName, users.USERS_ID userId FROM IVB_M_USERS users WHERE 1 = 1 AND users.DELETE_FLAG = '0') usr LEFT JOIN (SELECT manager.USERS_ID userId, manager.AUTHORIZATION_TYPE_ID typeId, (SELECT LAST_UPDATE_DATE FROM IVB_M_MANAGER ORDER BY LAST_UPDATE_DATE DESC LIMIT 1) lastUpdateDate, GROUP_CONCAT(manager.FARM_ID SEPARATOR ',') as farmIdList, GROUP_CONCAT(manager.AREA_ID SEPARATOR ',') as areaIdList FROM IVB_M_MANAGER manager WHERE 1 = 1 AND manager.DELETE_FLAG = '0' GROUP BY manager.USERS_ID, manager.AUTHORIZATION_TYPE_ID) mgr ON usr.userId = mgr.userId LEFT JOIN IVB_M_AUTHORIZATION authorization ON authorization.AUTHORIZATION_TYPE_ID = mgr.typeId ORDER BY usr.userName, authorization.AUTHORIZATION_TYPE_ID LIMIT ?,? 
06-01-2017 17:01:39.176,DEBUG,D99253DAE03495A7A1F72AE83F091516,==> Parameters: 0(Integer), 20(Integer)
06-01-2017 17:01:39.181,DEBUG,D99253DAE03495A7A1F72AE83F091516,<==      Total: 20
06-01-2017 17:01:39.181,INFO ,D99253DAE03495A7A1F72AE83F091516,U0000000001,SQL execution finished
06-01-2017 17:01:39.181,DEBUG,D99253DAE03495A7A1F72AE83F091516,==>  Preparing: SELECT COUNT(*) FROM (SELECT users.USERS_NAME userName, users.USERS_ID userId FROM IVB_M_USERS users WHERE 1 = 1 AND users.DELETE_FLAG = '0') usr LEFT JOIN (SELECT manager.USERS_ID userId, manager.AUTHORIZATION_TYPE_ID typeId FROM IVB_M_MANAGER manager WHERE 1 = 1 AND manager.DELETE_FLAG = '0' GROUP BY manager.USERS_ID, manager.AUTHORIZATION_TYPE_ID) mgr ON usr.userId = mgr.userId LEFT JOIN IVB_M_AUTHORIZATION authorization ON authorization.AUTHORIZATION_TYPE_ID = mgr.typeId ORDER BY usr.userId 
06-01-2017 17:01:39.181,DEBUG,D99253DAE03495A7A1F72AE83F091516,==> Parameters: 
06-01-2017 17:01:39.183,DEBUG,D99253DAE03495A7A1F72AE83F091516,<==      Total: 1
06-01-2017 17:01:39.183,INFO ,D99253DAE03495A7A1F72AE83F091516,U0000000001,Affiliation searching finished ==> 60 item(s)
06-01-2017 17:01:39.184,INFO ,D99253DAE03495A7A1F72AE83F091516,U0000000001,vn.bananavietnam.ict.banana.service.Bnn0087SearchAffiliationService,searchData,[vn.bananavietnam.ict.banana.component.Bnn0087SearchAffiliationConditions@12ccd0d] METHOD END
