06-01-2017 16:51:16.859,INFO ,024BF4C2C13FF5227A7121BA2848CA5C,U0000000001,vn.bananavietnam.ict.banana.service.Bnn0087SearchAffiliationService,deleteData,[vn.bananavietnam.ict.banana.component.Bnn0087AffiliationDelete@d1e5e1] METHOD START
06-01-2017 16:51:20.872,ERROR,024BF4C2C13FF5227A7121BA2848CA5C,U0000000001,java.lang.Exception: Could not open JDBC Connection for transaction; nested exception is com.mysql.jdbc.exceptions.jdbc4.MySQLNonTransientConnectionException: Could not create connection to database server. Attempted reconnect 3 times. Giving up.
06-01-2017 16:51:20.873,INFO ,024BF4C2C13FF5227A7121BA2848CA5C,U0000000001,vn.bananavietnam.ict.banana.service.Bnn0087SearchAffiliationService,deleteData,[vn.bananavietnam.ict.banana.component.Bnn0087AffiliationDelete@d1e5e1] METHOD END
06-01-2017 16:51:21.764,INFO ,024BF4C2C13FF5227A7121BA2848CA5C,U0000000001,vn.bananavietnam.ict.banana.service.Bnn0087SearchAffiliationService,searchData,[vn.bananavietnam.ict.banana.component.Bnn0087SearchAffiliationConditions@168d313] METHOD START
06-01-2017 16:51:21.764,INFO ,024BF4C2C13FF5227A7121BA2848CA5C,U0000000001,Affiliation searching started
06-01-2017 16:51:23.794,DEBUG,024BF4C2C13FF5227A7121BA2848CA5C,==>  Preparing: SELECT usr.userName userName, usr.userId userId , authorization.AUTHORIZATION_TYPE_NAME typeName, authorization.AUTHORIZATION_TYPE_ID typeId, mgr.farmIdList farmIdList, mgr.areaIdList areaIdList, mgr.lastUpdateDate lastUpdateDate FROM (SELECT users.USERS_NAME userName, users.USERS_ID userId FROM IVB_M_USERS users WHERE 1 = 1 AND users.DELETE_FLAG = '0') usr LEFT JOIN (SELECT manager.USERS_ID userId, manager.AUTHORIZATION_TYPE_ID typeId, (SELECT LAST_UPDATE_DATE FROM IVB_M_MANAGER ORDER BY LAST_UPDATE_DATE DESC LIMIT 1) lastUpdateDate, GROUP_CONCAT(manager.FARM_ID SEPARATOR ',') as farmIdList, GROUP_CONCAT(manager.AREA_ID SEPARATOR ',') as areaIdList FROM IVB_M_MANAGER manager WHERE 1 = 1 AND manager.DELETE_FLAG = '0' GROUP BY manager.USERS_ID, manager.AUTHORIZATION_TYPE_ID) mgr ON usr.userId = mgr.userId LEFT JOIN IVB_M_AUTHORIZATION authorization ON authorization.AUTHORIZATION_TYPE_ID = mgr.typeId ORDER BY usr.userName, authorization.AUTHORIZATION_TYPE_ID LIMIT ?,? 
06-01-2017 16:51:23.794,DEBUG,024BF4C2C13FF5227A7121BA2848CA5C,==> Parameters: 0(Integer), 20(Integer)
06-01-2017 16:51:23.799,DEBUG,024BF4C2C13FF5227A7121BA2848CA5C,<==      Total: 20
06-01-2017 16:51:23.799,INFO ,024BF4C2C13FF5227A7121BA2848CA5C,U0000000001,SQL execution finished
06-01-2017 16:51:23.799,DEBUG,024BF4C2C13FF5227A7121BA2848CA5C,==>  Preparing: SELECT COUNT(*) FROM (SELECT users.USERS_NAME userName, users.USERS_ID userId FROM IVB_M_USERS users WHERE 1 = 1 AND users.DELETE_FLAG = '0') usr LEFT JOIN (SELECT manager.USERS_ID userId, manager.AUTHORIZATION_TYPE_ID typeId FROM IVB_M_MANAGER manager WHERE 1 = 1 AND manager.DELETE_FLAG = '0' GROUP BY manager.USERS_ID, manager.AUTHORIZATION_TYPE_ID) mgr ON usr.userId = mgr.userId LEFT JOIN IVB_M_AUTHORIZATION authorization ON authorization.AUTHORIZATION_TYPE_ID = mgr.typeId ORDER BY usr.userId 
06-01-2017 16:51:23.799,DEBUG,024BF4C2C13FF5227A7121BA2848CA5C,==> Parameters: 
06-01-2017 16:51:23.800,DEBUG,024BF4C2C13FF5227A7121BA2848CA5C,<==      Total: 1
06-01-2017 16:51:23.801,INFO ,024BF4C2C13FF5227A7121BA2848CA5C,U0000000001,Affiliation searching finished ==> 60 item(s)
06-01-2017 16:51:23.801,INFO ,024BF4C2C13FF5227A7121BA2848CA5C,U0000000001,vn.bananavietnam.ict.banana.service.Bnn0087SearchAffiliationService,searchData,[vn.bananavietnam.ict.banana.component.Bnn0087SearchAffiliationConditions@168d313] METHOD END
06-01-2017 16:51:24.511,INFO ,20E6C0F93595172109C08D91E80BF326,U0000000001,vn.bananavietnam.ict.banana.service.Bnn0087SearchAffiliationService,initData,[{}] METHOD START
06-01-2017 16:51:24.530,DEBUG,20E6C0F93595172109C08D91E80BF326,==>  Preparing: select AUTHORIZATION_TYPE_ID, AUTHORIZATION_TYPE_NAME, ACCESS_AUTHORITY_ID, CREATE_USER_ID, CREATE_DATE, UPDATE_USER_ID, LAST_UPDATE_DATE, DELETE_FLAG from IVB_M_AUTHORIZATION 
06-01-2017 16:51:24.531,DEBUG,20E6C0F93595172109C08D91E80BF326,==> Parameters: 
06-01-2017 16:51:24.532,DEBUG,20E6C0F93595172109C08D91E80BF326,<==      Total: 4
06-01-2017 16:51:24.534,INFO ,20E6C0F93595172109C08D91E80BF326,U0000000001,vn.bananavietnam.ict.banana.service.Bnn0087SearchAffiliationService,initData,[{affiliationData=[{"authorizationTypeId":"1","authorizationTypeName":"Quản lý hệ thống","accessAuthorityId":"1","createUserId":"U0000000001","createDate":1489363200000,"updateUserId":"U0000000001","lastUpdateDate":1490054400000,"deleteFlag":false},{"authorizationTypeId":"2","authorizationTypeName":"Giám đốc kinh doanh","accessAuthorityId":"2","createUserId":"U0000000001","createDate":1489363200000,"updateUserId":"U0000000001","lastUpdateDate":1490054400000,"deleteFlag":false},{"authorizationTypeId":"3","authorizationTypeName":"Quản lý nông trại","accessAuthorityId":"3","createUserId":"U0000000001","createDate":1489363200000,"updateUserId":"U0000000001","lastUpdateDate":1490054400000,"deleteFlag":false},{"authorizationTypeId":"4","authorizationTypeName":"Quản lý lô","accessAuthorityId":"4","createUserId":"U0000000001","createDate":1489363200000,"updateUserId":"U0000000001","lastUpdateDate":1490054400000,"deleteFlag":false}]}] METHOD END
06-01-2017 16:51:24.672,INFO ,20E6C0F93595172109C08D91E80BF326,U0000000001,vn.bananavietnam.ict.banana.service.Bnn0087SearchAffiliationService,searchData,[vn.bananavietnam.ict.banana.component.Bnn0087SearchAffiliationConditions@6e78e0] METHOD START
06-01-2017 16:51:24.672,INFO ,20E6C0F93595172109C08D91E80BF326,U0000000001,Affiliation searching started
06-01-2017 16:51:24.697,DEBUG,20E6C0F93595172109C08D91E80BF326,==>  Preparing: SELECT usr.userName userName, usr.userId userId , authorization.AUTHORIZATION_TYPE_NAME typeName, authorization.AUTHORIZATION_TYPE_ID typeId, mgr.farmIdList farmIdList, mgr.areaIdList areaIdList, mgr.lastUpdateDate lastUpdateDate FROM (SELECT users.USERS_NAME userName, users.USERS_ID userId FROM IVB_M_USERS users WHERE 1 = 1 AND users.DELETE_FLAG = '0') usr LEFT JOIN (SELECT manager.USERS_ID userId, manager.AUTHORIZATION_TYPE_ID typeId, (SELECT LAST_UPDATE_DATE FROM IVB_M_MANAGER ORDER BY LAST_UPDATE_DATE DESC LIMIT 1) lastUpdateDate, GROUP_CONCAT(manager.FARM_ID SEPARATOR ',') as farmIdList, GROUP_CONCAT(manager.AREA_ID SEPARATOR ',') as areaIdList FROM IVB_M_MANAGER manager WHERE 1 = 1 AND manager.DELETE_FLAG = '0' GROUP BY manager.USERS_ID, manager.AUTHORIZATION_TYPE_ID) mgr ON usr.userId = mgr.userId LEFT JOIN IVB_M_AUTHORIZATION authorization ON authorization.AUTHORIZATION_TYPE_ID = mgr.typeId ORDER BY usr.userName, authorization.AUTHORIZATION_TYPE_ID LIMIT ?,? 
06-01-2017 16:51:24.697,DEBUG,20E6C0F93595172109C08D91E80BF326,==> Parameters: 0(Integer), 20(Integer)
06-01-2017 16:51:24.704,DEBUG,20E6C0F93595172109C08D91E80BF326,<==      Total: 20
06-01-2017 16:51:24.704,INFO ,20E6C0F93595172109C08D91E80BF326,U0000000001,SQL execution finished
06-01-2017 16:51:24.704,DEBUG,20E6C0F93595172109C08D91E80BF326,==>  Preparing: SELECT COUNT(*) FROM (SELECT users.USERS_NAME userName, users.USERS_ID userId FROM IVB_M_USERS users WHERE 1 = 1 AND users.DELETE_FLAG = '0') usr LEFT JOIN (SELECT manager.USERS_ID userId, manager.AUTHORIZATION_TYPE_ID typeId FROM IVB_M_MANAGER manager WHERE 1 = 1 AND manager.DELETE_FLAG = '0' GROUP BY manager.USERS_ID, manager.AUTHORIZATION_TYPE_ID) mgr ON usr.userId = mgr.userId LEFT JOIN IVB_M_AUTHORIZATION authorization ON authorization.AUTHORIZATION_TYPE_ID = mgr.typeId ORDER BY usr.userId 
06-01-2017 16:51:24.705,DEBUG,20E6C0F93595172109C08D91E80BF326,==> Parameters: 
06-01-2017 16:51:24.706,DEBUG,20E6C0F93595172109C08D91E80BF326,<==      Total: 1
06-01-2017 16:51:24.706,INFO ,20E6C0F93595172109C08D91E80BF326,U0000000001,Affiliation searching finished ==> 60 item(s)
06-01-2017 16:51:24.707,INFO ,20E6C0F93595172109C08D91E80BF326,U0000000001,vn.bananavietnam.ict.banana.service.Bnn0087SearchAffiliationService,searchData,[vn.bananavietnam.ict.banana.component.Bnn0087SearchAffiliationConditions@6e78e0] METHOD END
