06-01-2017 17:11:45.430,INFO ,5C1748F98E0498B98DF591A8AEF78409,U0000000001,vn.bananavietnam.ict.banana.service.Bnn0087SearchAffiliationService,searchData,[vn.bananavietnam.ict.banana.component.Bnn0087SearchAffiliationConditions@5a90e2] METHOD START
06-01-2017 17:11:45.430,INFO ,5C1748F98E0498B98DF591A8AEF78409,U0000000001,Affiliation searching started
06-01-2017 17:11:49.448,ERROR,5C1748F98E0498B98DF591A8AEF78409,U0000000001,java.lang.Exception: nested exception is org.apache.ibatis.exceptions.PersistenceException: 
06-01-2017 17:11:49.449,INFO ,5C1748F98E0498B98DF591A8AEF78409,U0000000001,vn.bananavietnam.ict.banana.service.Bnn0087SearchAffiliationService,searchData,[vn.bananavietnam.ict.banana.component.Bnn0087SearchAffiliationConditions@5a90e2] METHOD END
06-01-2017 17:11:50.023,INFO ,5C1748F98E0498B98DF591A8AEF78409,U0000000001,vn.bananavietnam.ict.banana.service.Bnn0087SearchAffiliationService,searchData,[vn.bananavietnam.ict.banana.component.Bnn0087SearchAffiliationConditions@1ae55e5] METHOD START
06-01-2017 17:11:50.023,INFO ,5C1748F98E0498B98DF591A8AEF78409,U0000000001,Affiliation searching started
06-01-2017 17:11:52.049,DEBUG,5C1748F98E0498B98DF591A8AEF78409,==>  Preparing: SELECT usr.userName userName, usr.userId userId , authorization.AUTHORIZATION_TYPE_NAME typeName, authorization.AUTHORIZATION_TYPE_ID typeId, mgr.farmIdList farmIdList, mgr.areaIdList areaIdList, mgr.lastUpdateDate lastUpdateDate FROM (SELECT users.USERS_NAME userName, users.USERS_ID userId FROM IVB_M_USERS users WHERE 1 = 1 AND users.DELETE_FLAG = '0') usr LEFT JOIN (SELECT manager.USERS_ID userId, manager.AUTHORIZATION_TYPE_ID typeId, (SELECT LAST_UPDATE_DATE FROM IVB_M_MANAGER ORDER BY LAST_UPDATE_DATE DESC LIMIT 1) lastUpdateDate, GROUP_CONCAT(manager.FARM_ID SEPARATOR ',') as farmIdList, GROUP_CONCAT(manager.AREA_ID SEPARATOR ',') as areaIdList FROM IVB_M_MANAGER manager WHERE 1 = 1 AND manager.DELETE_FLAG = '0' GROUP BY manager.USERS_ID, manager.AUTHORIZATION_TYPE_ID) mgr ON usr.userId = mgr.userId LEFT JOIN IVB_M_AUTHORIZATION authorization ON authorization.AUTHORIZATION_TYPE_ID = mgr.typeId ORDER BY usr.userName, authorization.AUTHORIZATION_TYPE_ID LIMIT ?,? 
06-01-2017 17:11:52.049,DEBUG,5C1748F98E0498B98DF591A8AEF78409,==> Parameters: 0(Integer), 20(Integer)
06-01-2017 17:11:52.053,DEBUG,5C1748F98E0498B98DF591A8AEF78409,<==      Total: 20
06-01-2017 17:11:52.054,INFO ,5C1748F98E0498B98DF591A8AEF78409,U0000000001,SQL execution finished
06-01-2017 17:11:52.054,DEBUG,5C1748F98E0498B98DF591A8AEF78409,==>  Preparing: SELECT COUNT(*) FROM (SELECT users.USERS_NAME userName, users.USERS_ID userId FROM IVB_M_USERS users WHERE 1 = 1 AND users.DELETE_FLAG = '0') usr LEFT JOIN (SELECT manager.USERS_ID userId, manager.AUTHORIZATION_TYPE_ID typeId FROM IVB_M_MANAGER manager WHERE 1 = 1 AND manager.DELETE_FLAG = '0' GROUP BY manager.USERS_ID, manager.AUTHORIZATION_TYPE_ID) mgr ON usr.userId = mgr.userId LEFT JOIN IVB_M_AUTHORIZATION authorization ON authorization.AUTHORIZATION_TYPE_ID = mgr.typeId ORDER BY usr.userId 
06-01-2017 17:11:52.054,DEBUG,5C1748F98E0498B98DF591A8AEF78409,==> Parameters: 
06-01-2017 17:11:52.055,DEBUG,5C1748F98E0498B98DF591A8AEF78409,<==      Total: 1
06-01-2017 17:11:52.055,INFO ,5C1748F98E0498B98DF591A8AEF78409,U0000000001,Affiliation searching finished ==> 60 item(s)
06-01-2017 17:11:52.056,INFO ,5C1748F98E0498B98DF591A8AEF78409,U0000000001,vn.bananavietnam.ict.banana.service.Bnn0087SearchAffiliationService,searchData,[vn.bananavietnam.ict.banana.component.Bnn0087SearchAffiliationConditions@1ae55e5] METHOD END
06-01-2017 17:11:53.205,INFO ,883837AEC06D5DDEEAB26665BBA7262D,U0000000001,vn.bananavietnam.ict.banana.service.Bnn0087SearchAffiliationService,initData,[{}] METHOD START
06-01-2017 17:11:53.221,DEBUG,883837AEC06D5DDEEAB26665BBA7262D,==>  Preparing: select AUTHORIZATION_TYPE_ID, AUTHORIZATION_TYPE_NAME, ACCESS_AUTHORITY_ID, CREATE_USER_ID, CREATE_DATE, UPDATE_USER_ID, LAST_UPDATE_DATE, DELETE_FLAG from IVB_M_AUTHORIZATION 
06-01-2017 17:11:53.221,DEBUG,883837AEC06D5DDEEAB26665BBA7262D,==> Parameters: 
06-01-2017 17:11:53.222,DEBUG,883837AEC06D5DDEEAB26665BBA7262D,<==      Total: 4
06-01-2017 17:11:53.223,INFO ,883837AEC06D5DDEEAB26665BBA7262D,U0000000001,vn.bananavietnam.ict.banana.service.Bnn0087SearchAffiliationService,initData,[{affiliationData=[{"authorizationTypeId":"1","authorizationTypeName":"Quản lý hệ thống","accessAuthorityId":"1","createUserId":"U0000000001","createDate":1489363200000,"updateUserId":"U0000000001","lastUpdateDate":1490054400000,"deleteFlag":false},{"authorizationTypeId":"2","authorizationTypeName":"Giám đốc kinh doanh","accessAuthorityId":"2","createUserId":"U0000000001","createDate":1489363200000,"updateUserId":"U0000000001","lastUpdateDate":1490054400000,"deleteFlag":false},{"authorizationTypeId":"3","authorizationTypeName":"Quản lý nông trại","accessAuthorityId":"3","createUserId":"U0000000001","createDate":1489363200000,"updateUserId":"U0000000001","lastUpdateDate":1490054400000,"deleteFlag":false},{"authorizationTypeId":"4","authorizationTypeName":"Quản lý lô","accessAuthorityId":"4","createUserId":"U0000000001","createDate":1489363200000,"updateUserId":"U0000000001","lastUpdateDate":1490054400000,"deleteFlag":false}]}] METHOD END
06-01-2017 17:11:53.361,INFO ,883837AEC06D5DDEEAB26665BBA7262D,U0000000001,vn.bananavietnam.ict.banana.service.Bnn0087SearchAffiliationService,searchData,[vn.bananavietnam.ict.banana.component.Bnn0087SearchAffiliationConditions@185f182] METHOD START
06-01-2017 17:11:53.362,INFO ,883837AEC06D5DDEEAB26665BBA7262D,U0000000001,Affiliation searching started
06-01-2017 17:11:53.383,DEBUG,883837AEC06D5DDEEAB26665BBA7262D,==>  Preparing: SELECT usr.userName userName, usr.userId userId , authorization.AUTHORIZATION_TYPE_NAME typeName, authorization.AUTHORIZATION_TYPE_ID typeId, mgr.farmIdList farmIdList, mgr.areaIdList areaIdList, mgr.lastUpdateDate lastUpdateDate FROM (SELECT users.USERS_NAME userName, users.USERS_ID userId FROM IVB_M_USERS users WHERE 1 = 1 AND users.DELETE_FLAG = '0') usr LEFT JOIN (SELECT manager.USERS_ID userId, manager.AUTHORIZATION_TYPE_ID typeId, (SELECT LAST_UPDATE_DATE FROM IVB_M_MANAGER ORDER BY LAST_UPDATE_DATE DESC LIMIT 1) lastUpdateDate, GROUP_CONCAT(manager.FARM_ID SEPARATOR ',') as farmIdList, GROUP_CONCAT(manager.AREA_ID SEPARATOR ',') as areaIdList FROM IVB_M_MANAGER manager WHERE 1 = 1 AND manager.DELETE_FLAG = '0' GROUP BY manager.USERS_ID, manager.AUTHORIZATION_TYPE_ID) mgr ON usr.userId = mgr.userId LEFT JOIN IVB_M_AUTHORIZATION authorization ON authorization.AUTHORIZATION_TYPE_ID = mgr.typeId ORDER BY usr.userName, authorization.AUTHORIZATION_TYPE_ID LIMIT ?,? 
06-01-2017 17:11:53.383,DEBUG,883837AEC06D5DDEEAB26665BBA7262D,==> Parameters: 0(Integer), 20(Integer)
06-01-2017 17:11:53.387,DEBUG,883837AEC06D5DDEEAB26665BBA7262D,<==      Total: 20
06-01-2017 17:11:53.388,INFO ,883837AEC06D5DDEEAB26665BBA7262D,U0000000001,SQL execution finished
06-01-2017 17:11:53.388,DEBUG,883837AEC06D5DDEEAB26665BBA7262D,==>  Preparing: SELECT COUNT(*) FROM (SELECT users.USERS_NAME userName, users.USERS_ID userId FROM IVB_M_USERS users WHERE 1 = 1 AND users.DELETE_FLAG = '0') usr LEFT JOIN (SELECT manager.USERS_ID userId, manager.AUTHORIZATION_TYPE_ID typeId FROM IVB_M_MANAGER manager WHERE 1 = 1 AND manager.DELETE_FLAG = '0' GROUP BY manager.USERS_ID, manager.AUTHORIZATION_TYPE_ID) mgr ON usr.userId = mgr.userId LEFT JOIN IVB_M_AUTHORIZATION authorization ON authorization.AUTHORIZATION_TYPE_ID = mgr.typeId ORDER BY usr.userId 
06-01-2017 17:11:53.388,DEBUG,883837AEC06D5DDEEAB26665BBA7262D,==> Parameters: 
06-01-2017 17:11:53.389,DEBUG,883837AEC06D5DDEEAB26665BBA7262D,<==      Total: 1
06-01-2017 17:11:53.390,INFO ,883837AEC06D5DDEEAB26665BBA7262D,U0000000001,Affiliation searching finished ==> 60 item(s)
06-01-2017 17:11:53.390,INFO ,883837AEC06D5DDEEAB26665BBA7262D,U0000000001,vn.bananavietnam.ict.banana.service.Bnn0087SearchAffiliationService,searchData,[vn.bananavietnam.ict.banana.component.Bnn0087SearchAffiliationConditions@185f182] METHOD END
