05-23-2017 01:06:47.340,DEBUG,B292752AAABC659BC4ADD5805857A142,/0089/deleteData at position 1 of 11 in additional filter chain; firing Filter: 'SecurityContextPersistenceFilter'
05-23-2017 01:06:47.340,DEBUG,B292752AAABC659BC4ADD5805857A142,No HttpSession currently exists
05-23-2017 01:06:47.340,DEBUG,B292752AAABC659BC4ADD5805857A142,No SecurityContext was available from the HttpSession: null. A new one will be created.
05-23-2017 01:06:47.340,DEBUG,B292752AAABC659BC4ADD5805857A142,/0089/deleteData at position 2 of 11 in additional filter chain; firing Filter: 'WebAsyncManagerIntegrationFilter'
05-23-2017 01:06:47.340,DEBUG,B292752AAABC659BC4ADD5805857A142,/0089/deleteData at position 3 of 11 in additional filter chain; firing Filter: 'LogoutFilter'
05-23-2017 01:06:47.340,DEBUG,B292752AAABC659BC4ADD5805857A142,/0089/deleteData at position 4 of 11 in additional filter chain; firing Filter: 'UsernamePasswordAuthenticationFilter'
05-23-2017 01:06:47.340,DEBUG,B292752AAABC659BC4ADD5805857A142,/0089/deleteData at position 5 of 11 in additional filter chain; firing Filter: 'BasicAuthenticationFilter'
05-23-2017 01:06:47.340,DEBUG,B292752AAABC659BC4ADD5805857A142,/0089/deleteData at position 6 of 11 in additional filter chain; firing Filter: 'RequestCacheAwareFilter'
05-23-2017 01:06:47.341,DEBUG,B292752AAABC659BC4ADD5805857A142,/0089/deleteData at position 7 of 11 in additional filter chain; firing Filter: 'SecurityContextHolderAwareRequestFilter'
05-23-2017 01:06:47.341,DEBUG,B292752AAABC659BC4ADD5805857A142,/0089/deleteData at position 8 of 11 in additional filter chain; firing Filter: 'AnonymousAuthenticationFilter'
05-23-2017 01:06:47.341,DEBUG,B292752AAABC659BC4ADD5805857A142,Populated SecurityContextHolder with anonymous token: 'org.springframework.security.authentication.AnonymousAuthenticationToken@9055c2bc: Principal: anonymousUser; Credentials: [PROTECTED]; Authenticated: true; Details: org.springframework.security.web.authentication.WebAuthenticationDetails@b364: RemoteIpAddress: 0:0:0:0:0:0:0:1; SessionId: null; Granted Authorities: ROLE_ANONYMOUS'
05-23-2017 01:06:47.341,DEBUG,B292752AAABC659BC4ADD5805857A142,/0089/deleteData at position 9 of 11 in additional filter chain; firing Filter: 'SessionManagementFilter'
05-23-2017 01:06:47.341,DEBUG,B292752AAABC659BC4ADD5805857A142,Requested session ID B292752AAABC659BC4ADD5805857A142 is invalid.
05-23-2017 01:06:47.341,DEBUG,B292752AAABC659BC4ADD5805857A142,/0089/deleteData at position 10 of 11 in additional filter chain; firing Filter: 'ExceptionTranslationFilter'
05-23-2017 01:06:47.341,DEBUG,B292752AAABC659BC4ADD5805857A142,/0089/deleteData at position 11 of 11 in additional filter chain; firing Filter: 'FilterSecurityInterceptor'
05-23-2017 01:06:47.341,DEBUG,B292752AAABC659BC4ADD5805857A142,Checking match of request : '/0089/deletedata'; against '/autherror*'
05-23-2017 01:06:47.341,DEBUG,B292752AAABC659BC4ADD5805857A142,Checking match of request : '/0089/deletedata'; against '/login/**'
05-23-2017 01:06:47.341,DEBUG,B292752AAABC659BC4ADD5805857A142,Checking match of request : '/0089/deletedata'; against '/error/**'
05-23-2017 01:06:47.341,DEBUG,B292752AAABC659BC4ADD5805857A142,Checking match of request : '/0089/deletedata'; against '/0001/**'
05-23-2017 01:06:47.341,DEBUG,B292752AAABC659BC4ADD5805857A142,Checking match of request : '/0089/deletedata'; against '/0002/**'
05-23-2017 01:06:47.341,DEBUG,B292752AAABC659BC4ADD5805857A142,Checking match of request : '/0089/deletedata'; against '/0003/**'
05-23-2017 01:06:47.341,DEBUG,B292752AAABC659BC4ADD5805857A142,Checking match of request : '/0089/deletedata'; against '/0005/**'
05-23-2017 01:06:47.341,DEBUG,B292752AAABC659BC4ADD5805857A142,Checking match of request : '/0089/deletedata'; against '/0007/**'
05-23-2017 01:06:47.341,DEBUG,B292752AAABC659BC4ADD5805857A142,Checking match of request : '/0089/deletedata'; against '/0009/**'
05-23-2017 01:06:47.341,DEBUG,B292752AAABC659BC4ADD5805857A142,Checking match of request : '/0089/deletedata'; against '/0013/**'
05-23-2017 01:06:47.341,DEBUG,B292752AAABC659BC4ADD5805857A142,Checking match of request : '/0089/deletedata'; against '/0023/**'
05-23-2017 01:06:47.341,DEBUG,B292752AAABC659BC4ADD5805857A142,Checking match of request : '/0089/deletedata'; against '/0017/**'
05-23-2017 01:06:47.341,DEBUG,B292752AAABC659BC4ADD5805857A142,Checking match of request : '/0089/deletedata'; against '/0031/**'
05-23-2017 01:06:47.341,DEBUG,B292752AAABC659BC4ADD5805857A142,Checking match of request : '/0089/deletedata'; against '/0035/**'
05-23-2017 01:06:47.341,DEBUG,B292752AAABC659BC4ADD5805857A142,Checking match of request : '/0089/deletedata'; against '/0037/**'
05-23-2017 01:06:47.341,DEBUG,B292752AAABC659BC4ADD5805857A142,Checking match of request : '/0089/deletedata'; against '/0045/**'
05-23-2017 01:06:47.341,DEBUG,B292752AAABC659BC4ADD5805857A142,Checking match of request : '/0089/deletedata'; against '/0047/**'
05-23-2017 01:06:47.341,DEBUG,B292752AAABC659BC4ADD5805857A142,Checking match of request : '/0089/deletedata'; against '/0049/**'
05-23-2017 01:06:47.341,DEBUG,B292752AAABC659BC4ADD5805857A142,Checking match of request : '/0089/deletedata'; against '/0061/**'
05-23-2017 01:06:47.341,DEBUG,B292752AAABC659BC4ADD5805857A142,Checking match of request : '/0089/deletedata'; against '/0087/**'
05-23-2017 01:06:47.341,DEBUG,B292752AAABC659BC4ADD5805857A142,Checking match of request : '/0089/deletedata'; against '/0075/**'
05-23-2017 01:06:47.341,DEBUG,B292752AAABC659BC4ADD5805857A142,Checking match of request : '/0089/deletedata'; against '/0089/**'
05-23-2017 01:06:47.341,DEBUG,B292752AAABC659BC4ADD5805857A142,Secure object: FilterInvocation: URL: /0089/deleteData; Attributes: [ROLE_ADMIN, ROLE_USER, IS_AUTHENTICATED_FULLY]
05-23-2017 01:06:47.341,DEBUG,B292752AAABC659BC4ADD5805857A142,Previously Authenticated: org.springframework.security.authentication.AnonymousAuthenticationToken@9055c2bc: Principal: anonymousUser; Credentials: [PROTECTED]; Authenticated: true; Details: org.springframework.security.web.authentication.WebAuthenticationDetails@b364: RemoteIpAddress: 0:0:0:0:0:0:0:1; SessionId: null; Granted Authorities: ROLE_ANONYMOUS
05-23-2017 01:06:47.341,DEBUG,B292752AAABC659BC4ADD5805857A142,Voter: org.springframework.security.access.vote.RoleVoter@1ac872d, returned: -1
05-23-2017 01:06:47.341,DEBUG,B292752AAABC659BC4ADD5805857A142,Voter: org.springframework.security.access.vote.AuthenticatedVoter@b1927d, returned: -1
05-23-2017 01:06:47.341,DEBUG,B292752AAABC659BC4ADD5805857A142,Access is denied (user is anonymous); redirecting to authentication entry point
05-23-2017 01:06:47.343,DEBUG,B292752AAABC659BC4ADD5805857A142,DefaultSavedRequest added to Session: DefaultSavedRequest[http://localhost:8080/ict/0089/deleteData]
05-23-2017 01:06:47.343,DEBUG,B292752AAABC659BC4ADD5805857A142,Calling Authentication entry point.
05-23-2017 01:06:47.343,DEBUG,B292752AAABC659BC4ADD5805857A142,Redirecting to 'http://localhost:8080/ict/'
05-23-2017 01:06:47.343,DEBUG,B292752AAABC659BC4ADD5805857A142,SecurityContext is empty or contents are anonymous - context will not be stored in HttpSession.
05-23-2017 01:06:47.343,DEBUG,B292752AAABC659BC4ADD5805857A142,SecurityContextHolder now cleared, as request processing completed
05-23-2017 01:06:47.352,DEBUG,B292752AAABC659BC4ADD5805857A142,/login at position 1 of 11 in additional filter chain; firing Filter: 'SecurityContextPersistenceFilter'
05-23-2017 01:06:47.352,DEBUG,B292752AAABC659BC4ADD5805857A142,HttpSession returned null object for SPRING_SECURITY_CONTEXT
05-23-2017 01:06:47.352,DEBUG,B292752AAABC659BC4ADD5805857A142,No SecurityContext was available from the HttpSession: org.apache.catalina.session.StandardSessionFacade@10b0b4b. A new one will be created.
05-23-2017 01:06:47.352,DEBUG,B292752AAABC659BC4ADD5805857A142,/login at position 2 of 11 in additional filter chain; firing Filter: 'WebAsyncManagerIntegrationFilter'
05-23-2017 01:06:47.353,DEBUG,B292752AAABC659BC4ADD5805857A142,/login at position 3 of 11 in additional filter chain; firing Filter: 'LogoutFilter'
05-23-2017 01:06:47.353,DEBUG,B292752AAABC659BC4ADD5805857A142,Logging out user 'null' and transferring to logout destination
05-23-2017 01:06:47.353,DEBUG,B292752AAABC659BC4ADD5805857A142,Invalidating session: CC0C6726691A7795BD46251D79B24187
05-23-2017 01:06:47.353,DEBUG,B292752AAABC659BC4ADD5805857A142,Using default Url: /
05-23-2017 01:06:47.353,DEBUG,B292752AAABC659BC4ADD5805857A142,Redirecting to '/ict/'
05-23-2017 01:06:47.353,DEBUG,B292752AAABC659BC4ADD5805857A142,SecurityContext is empty or contents are anonymous - context will not be stored in HttpSession.
05-23-2017 01:06:47.353,DEBUG,B292752AAABC659BC4ADD5805857A142,SecurityContextHolder now cleared, as request processing completed
05-23-2017 01:06:47.354,DEBUG,B292752AAABC659BC4ADD5805857A142,/ at position 1 of 11 in additional filter chain; firing Filter: 'SecurityContextPersistenceFilter'
05-23-2017 01:06:47.354,DEBUG,B292752AAABC659BC4ADD5805857A142,No HttpSession currently exists
05-23-2017 01:06:47.354,DEBUG,B292752AAABC659BC4ADD5805857A142,No SecurityContext was available from the HttpSession: null. A new one will be created.
05-23-2017 01:06:47.354,DEBUG,B292752AAABC659BC4ADD5805857A142,/ at position 2 of 11 in additional filter chain; firing Filter: 'WebAsyncManagerIntegrationFilter'
05-23-2017 01:06:47.354,DEBUG,B292752AAABC659BC4ADD5805857A142,/ at position 3 of 11 in additional filter chain; firing Filter: 'LogoutFilter'
05-23-2017 01:06:47.354,DEBUG,B292752AAABC659BC4ADD5805857A142,/ at position 4 of 11 in additional filter chain; firing Filter: 'UsernamePasswordAuthenticationFilter'
05-23-2017 01:06:47.354,DEBUG,B292752AAABC659BC4ADD5805857A142,/ at position 5 of 11 in additional filter chain; firing Filter: 'BasicAuthenticationFilter'
05-23-2017 01:06:47.354,DEBUG,B292752AAABC659BC4ADD5805857A142,/ at position 6 of 11 in additional filter chain; firing Filter: 'RequestCacheAwareFilter'
05-23-2017 01:06:47.354,DEBUG,B292752AAABC659BC4ADD5805857A142,/ at position 7 of 11 in additional filter chain; firing Filter: 'SecurityContextHolderAwareRequestFilter'
05-23-2017 01:06:47.354,DEBUG,B292752AAABC659BC4ADD5805857A142,/ at position 8 of 11 in additional filter chain; firing Filter: 'AnonymousAuthenticationFilter'
05-23-2017 01:06:47.355,DEBUG,B292752AAABC659BC4ADD5805857A142,Populated SecurityContextHolder with anonymous token: 'org.springframework.security.authentication.AnonymousAuthenticationToken@9055c2bc: Principal: anonymousUser; Credentials: [PROTECTED]; Authenticated: true; Details: org.springframework.security.web.authentication.WebAuthenticationDetails@b364: RemoteIpAddress: 0:0:0:0:0:0:0:1; SessionId: null; Granted Authorities: ROLE_ANONYMOUS'
05-23-2017 01:06:47.355,DEBUG,B292752AAABC659BC4ADD5805857A142,/ at position 9 of 11 in additional filter chain; firing Filter: 'SessionManagementFilter'
05-23-2017 01:06:47.355,DEBUG,B292752AAABC659BC4ADD5805857A142,Requested session ID CC0C6726691A7795BD46251D79B24187 is invalid.
05-23-2017 01:06:47.355,DEBUG,B292752AAABC659BC4ADD5805857A142,/ at position 10 of 11 in additional filter chain; firing Filter: 'ExceptionTranslationFilter'
05-23-2017 01:06:47.355,DEBUG,B292752AAABC659BC4ADD5805857A142,/ at position 11 of 11 in additional filter chain; firing Filter: 'FilterSecurityInterceptor'
05-23-2017 01:06:47.355,DEBUG,B292752AAABC659BC4ADD5805857A142,Checking match of request : '/'; against '/autherror*'
05-23-2017 01:06:47.355,DEBUG,B292752AAABC659BC4ADD5805857A142,Checking match of request : '/'; against '/login/**'
05-23-2017 01:06:47.355,DEBUG,B292752AAABC659BC4ADD5805857A142,Checking match of request : '/'; against '/error/**'
05-23-2017 01:06:47.355,DEBUG,B292752AAABC659BC4ADD5805857A142,Checking match of request : '/'; against '/0001/**'
05-23-2017 01:06:47.355,DEBUG,B292752AAABC659BC4ADD5805857A142,Checking match of request : '/'; against '/0002/**'
05-23-2017 01:06:47.355,DEBUG,B292752AAABC659BC4ADD5805857A142,Checking match of request : '/'; against '/0003/**'
05-23-2017 01:06:47.355,DEBUG,B292752AAABC659BC4ADD5805857A142,Checking match of request : '/'; against '/0005/**'
05-23-2017 01:06:47.355,DEBUG,B292752AAABC659BC4ADD5805857A142,Checking match of request : '/'; against '/0007/**'
05-23-2017 01:06:47.355,DEBUG,B292752AAABC659BC4ADD5805857A142,Checking match of request : '/'; against '/0009/**'
05-23-2017 01:06:47.355,DEBUG,B292752AAABC659BC4ADD5805857A142,Checking match of request : '/'; against '/0013/**'
05-23-2017 01:06:47.355,DEBUG,B292752AAABC659BC4ADD5805857A142,Checking match of request : '/'; against '/0023/**'
05-23-2017 01:06:47.355,DEBUG,B292752AAABC659BC4ADD5805857A142,Checking match of request : '/'; against '/0017/**'
05-23-2017 01:06:47.355,DEBUG,B292752AAABC659BC4ADD5805857A142,Checking match of request : '/'; against '/0031/**'
05-23-2017 01:06:47.355,DEBUG,B292752AAABC659BC4ADD5805857A142,Checking match of request : '/'; against '/0035/**'
05-23-2017 01:06:47.355,DEBUG,B292752AAABC659BC4ADD5805857A142,Checking match of request : '/'; against '/0037/**'
05-23-2017 01:06:47.355,DEBUG,B292752AAABC659BC4ADD5805857A142,Checking match of request : '/'; against '/0045/**'
05-23-2017 01:06:47.355,DEBUG,B292752AAABC659BC4ADD5805857A142,Checking match of request : '/'; against '/0047/**'
05-23-2017 01:06:47.355,DEBUG,B292752AAABC659BC4ADD5805857A142,Checking match of request : '/'; against '/0049/**'
05-23-2017 01:06:47.355,DEBUG,B292752AAABC659BC4ADD5805857A142,Checking match of request : '/'; against '/0061/**'
05-23-2017 01:06:47.355,DEBUG,B292752AAABC659BC4ADD5805857A142,Checking match of request : '/'; against '/0087/**'
05-23-2017 01:06:47.355,DEBUG,B292752AAABC659BC4ADD5805857A142,Checking match of request : '/'; against '/0075/**'
05-23-2017 01:06:47.355,DEBUG,B292752AAABC659BC4ADD5805857A142,Checking match of request : '/'; against '/0089/**'
05-23-2017 01:06:47.355,DEBUG,B292752AAABC659BC4ADD5805857A142,Checking match of request : '/'; against '/0090/**'
05-23-2017 01:06:47.355,DEBUG,B292752AAABC659BC4ADD5805857A142,Checking match of request : '/'; against '/0091/**'
05-23-2017 01:06:47.355,DEBUG,B292752AAABC659BC4ADD5805857A142,Checking match of request : '/'; against '/0092/**'
05-23-2017 01:06:47.355,DEBUG,B292752AAABC659BC4ADD5805857A142,Checking match of request : '/'; against '/0095/**'
05-23-2017 01:06:47.355,DEBUG,B292752AAABC659BC4ADD5805857A142,Secure object: FilterInvocation: URL: /; Attributes: [IS_AUTHENTICATED_ANONYMOUSLY]
05-23-2017 01:06:47.355,DEBUG,B292752AAABC659BC4ADD5805857A142,Previously Authenticated: org.springframework.security.authentication.AnonymousAuthenticationToken@9055c2bc: Principal: anonymousUser; Credentials: [PROTECTED]; Authenticated: true; Details: org.springframework.security.web.authentication.WebAuthenticationDetails@b364: RemoteIpAddress: 0:0:0:0:0:0:0:1; SessionId: null; Granted Authorities: ROLE_ANONYMOUS
05-23-2017 01:06:47.355,DEBUG,B292752AAABC659BC4ADD5805857A142,Voter: org.springframework.security.access.vote.RoleVoter@1ac872d, returned: 0
05-23-2017 01:06:47.355,DEBUG,B292752AAABC659BC4ADD5805857A142,Voter: org.springframework.security.access.vote.AuthenticatedVoter@b1927d, returned: 1
05-23-2017 01:06:47.355,DEBUG,B292752AAABC659BC4ADD5805857A142,Authorization successful
05-23-2017 01:06:47.355,DEBUG,B292752AAABC659BC4ADD5805857A142,RunAsManager did not change Authentication object
05-23-2017 01:06:47.355,DEBUG,B292752AAABC659BC4ADD5805857A142,/ reached end of additional filter chain; proceeding with original chain
05-23-2017 01:06:47.355,DEBUG,B292752AAABC659BC4ADD5805857A142,Request [/ict/] is not a multipart request
05-23-2017 01:06:47.356,DEBUG,0F5298D69E88CAADED97E55439A75CC0,DispatcherServlet with name 'appServlet' processing GET request for [/ict/]
05-23-2017 01:06:47.356,DEBUG,0F5298D69E88CAADED97E55439A75CC0,Looking up handler method for path /
05-23-2017 01:06:47.356,DEBUG,0F5298D69E88CAADED97E55439A75CC0,Returning handler method [public java.lang.String vn.bananavietnam.ict.common.controller.AuthController.login()]
05-23-2017 01:06:47.356,DEBUG,0F5298D69E88CAADED97E55439A75CC0,Returning cached instance of singleton bean 'authController'
05-23-2017 01:06:47.356,DEBUG,0F5298D69E88CAADED97E55439A75CC0,Last-Modified value for [/ict/] is: -1
05-23-2017 01:06:47.356,DEBUG,0F5298D69E88CAADED97E55439A75CC0,Returning cached instance of singleton bean 'xml_path'
05-23-2017 01:06:47.357,DEBUG,0F5298D69E88CAADED97E55439A75CC0,Rendering view [org.springframework.web.servlet.view.JstlView: name 'common/PageWrapper'; URL [/WEB-INF/views/common/PageWrapper.jsp]] in DispatcherServlet with name 'appServlet'
05-23-2017 01:06:47.357,DEBUG,0F5298D69E88CAADED97E55439A75CC0,Forwarding to resource [/WEB-INF/views/common/PageWrapper.jsp] in InternalResourceView 'common/PageWrapper'
05-23-2017 01:06:47.357,DEBUG,0F5298D69E88CAADED97E55439A75CC0,SecurityContext is empty or contents are anonymous - context will not be stored in HttpSession.
05-23-2017 01:06:47.358,DEBUG,0F5298D69E88CAADED97E55439A75CC0,Successfully completed request
05-23-2017 01:06:47.358,DEBUG,0F5298D69E88CAADED97E55439A75CC0,Chain processed normally
05-23-2017 01:06:47.358,DEBUG,0F5298D69E88CAADED97E55439A75CC0,SecurityContextHolder now cleared, as request processing completed
05-23-2017 01:06:47.364,DEBUG,B292752AAABC659BC4ADD5805857A142,/login/ at position 1 of 11 in additional filter chain; firing Filter: 'SecurityContextPersistenceFilter'
05-23-2017 01:06:47.364,DEBUG,B292752AAABC659BC4ADD5805857A142,HttpSession returned null object for SPRING_SECURITY_CONTEXT
05-23-2017 01:06:47.364,DEBUG,B292752AAABC659BC4ADD5805857A142,No SecurityContext was available from the HttpSession: org.apache.catalina.session.StandardSessionFacade@f3019f. A new one will be created.
05-23-2017 01:06:47.364,DEBUG,B292752AAABC659BC4ADD5805857A142,/login/ at position 2 of 11 in additional filter chain; firing Filter: 'WebAsyncManagerIntegrationFilter'
05-23-2017 01:06:47.364,DEBUG,B292752AAABC659BC4ADD5805857A142,/login/ at position 3 of 11 in additional filter chain; firing Filter: 'LogoutFilter'
05-23-2017 01:06:47.364,DEBUG,B292752AAABC659BC4ADD5805857A142,/login/ at position 4 of 11 in additional filter chain; firing Filter: 'UsernamePasswordAuthenticationFilter'
05-23-2017 01:06:47.364,DEBUG,B292752AAABC659BC4ADD5805857A142,/login/ at position 5 of 11 in additional filter chain; firing Filter: 'BasicAuthenticationFilter'
05-23-2017 01:06:47.364,DEBUG,B292752AAABC659BC4ADD5805857A142,/login/ at position 6 of 11 in additional filter chain; firing Filter: 'RequestCacheAwareFilter'
05-23-2017 01:06:47.364,DEBUG,B292752AAABC659BC4ADD5805857A142,/login/ at position 7 of 11 in additional filter chain; firing Filter: 'SecurityContextHolderAwareRequestFilter'
05-23-2017 01:06:47.364,DEBUG,B292752AAABC659BC4ADD5805857A142,/login/ at position 8 of 11 in additional filter chain; firing Filter: 'AnonymousAuthenticationFilter'
05-23-2017 01:06:47.364,DEBUG,B292752AAABC659BC4ADD5805857A142,Populated SecurityContextHolder with anonymous token: 'org.springframework.security.authentication.AnonymousAuthenticationToken@90576bf4: Principal: anonymousUser; Credentials: [PROTECTED]; Authenticated: true; Details: org.springframework.security.web.authentication.WebAuthenticationDetails@21a2c: RemoteIpAddress: 0:0:0:0:0:0:0:1; SessionId: 0F5298D69E88CAADED97E55439A75CC0; Granted Authorities: ROLE_ANONYMOUS'
05-23-2017 01:06:47.364,DEBUG,B292752AAABC659BC4ADD5805857A142,/login/ at position 9 of 11 in additional filter chain; firing Filter: 'SessionManagementFilter'
05-23-2017 01:06:47.364,DEBUG,B292752AAABC659BC4ADD5805857A142,/login/ at position 10 of 11 in additional filter chain; firing Filter: 'ExceptionTranslationFilter'
05-23-2017 01:06:47.364,DEBUG,B292752AAABC659BC4ADD5805857A142,/login/ at position 11 of 11 in additional filter chain; firing Filter: 'FilterSecurityInterceptor'
05-23-2017 01:06:47.364,DEBUG,B292752AAABC659BC4ADD5805857A142,Checking match of request : '/login/'; against '/autherror*'
05-23-2017 01:06:47.364,DEBUG,B292752AAABC659BC4ADD5805857A142,Checking match of request : '/login/'; against '/login/**'
05-23-2017 01:06:47.364,DEBUG,B292752AAABC659BC4ADD5805857A142,Secure object: FilterInvocation: URL: /login/; Attributes: [IS_AUTHENTICATED_ANONYMOUSLY]
05-23-2017 01:06:47.364,DEBUG,B292752AAABC659BC4ADD5805857A142,Previously Authenticated: org.springframework.security.authentication.AnonymousAuthenticationToken@90576bf4: Principal: anonymousUser; Credentials: [PROTECTED]; Authenticated: true; Details: org.springframework.security.web.authentication.WebAuthenticationDetails@21a2c: RemoteIpAddress: 0:0:0:0:0:0:0:1; SessionId: 0F5298D69E88CAADED97E55439A75CC0; Granted Authorities: ROLE_ANONYMOUS
05-23-2017 01:06:47.364,DEBUG,B292752AAABC659BC4ADD5805857A142,Voter: org.springframework.security.access.vote.RoleVoter@1ac872d, returned: 0
05-23-2017 01:06:47.364,DEBUG,B292752AAABC659BC4ADD5805857A142,Voter: org.springframework.security.access.vote.AuthenticatedVoter@b1927d, returned: 1
05-23-2017 01:06:47.364,DEBUG,B292752AAABC659BC4ADD5805857A142,Authorization successful
05-23-2017 01:06:47.364,DEBUG,B292752AAABC659BC4ADD5805857A142,RunAsManager did not change Authentication object
05-23-2017 01:06:47.364,DEBUG,B292752AAABC659BC4ADD5805857A142,/login/ reached end of additional filter chain; proceeding with original chain
05-23-2017 01:06:47.364,DEBUG,B292752AAABC659BC4ADD5805857A142,Request [/ict/login/] is not a multipart request
05-23-2017 01:06:47.364,DEBUG,0F5298D69E88CAADED97E55439A75CC0,DispatcherServlet with name 'appServlet' processing GET request for [/ict/login/]
05-23-2017 01:06:47.365,DEBUG,0F5298D69E88CAADED97E55439A75CC0,Looking up handler method for path /login/
05-23-2017 01:06:47.365,DEBUG,0F5298D69E88CAADED97E55439A75CC0,Returning handler method [public java.lang.String vn.bananavietnam.ict.common.controller.LoginController.top(java.util.Locale,org.springframework.ui.Model)]
05-23-2017 01:06:47.365,DEBUG,0F5298D69E88CAADED97E55439A75CC0,Returning cached instance of singleton bean 'loginController'
05-23-2017 01:06:47.365,DEBUG,0F5298D69E88CAADED97E55439A75CC0,Last-Modified value for [/ict/login/] is: -1
05-23-2017 01:06:47.365,DEBUG,0F5298D69E88CAADED97E55439A75CC0,Returning cached instance of singleton bean 'xml_path'
05-23-2017 01:06:47.366,DEBUG,0F5298D69E88CAADED97E55439A75CC0,Rendering view [org.springframework.web.servlet.view.JstlView: name 'common/login'; URL [/WEB-INF/views/common/login.jsp]] in DispatcherServlet with name 'appServlet'
05-23-2017 01:06:47.366,DEBUG,0F5298D69E88CAADED97E55439A75CC0,Forwarding to resource [/WEB-INF/views/common/login.jsp] in InternalResourceView 'common/login'
05-23-2017 01:06:47.369,DEBUG,0F5298D69E88CAADED97E55439A75CC0,SecurityContext is empty or contents are anonymous - context will not be stored in HttpSession.
05-23-2017 01:06:47.369,DEBUG,0F5298D69E88CAADED97E55439A75CC0,Successfully completed request
05-23-2017 01:06:47.369,DEBUG,0F5298D69E88CAADED97E55439A75CC0,Chain processed normally
05-23-2017 01:06:47.369,DEBUG,0F5298D69E88CAADED97E55439A75CC0,SecurityContextHolder now cleared, as request processing completed
05-23-2017 01:06:56.655,DEBUG,DBDBA1A3D5E998EBE78B79538A26DE80,/?language=jp at position 1 of 11 in additional filter chain; firing Filter: 'SecurityContextPersistenceFilter'
05-23-2017 01:06:56.656,DEBUG,DBDBA1A3D5E998EBE78B79538A26DE80,HttpSession returned null object for SPRING_SECURITY_CONTEXT
05-23-2017 01:06:56.656,DEBUG,DBDBA1A3D5E998EBE78B79538A26DE80,No SecurityContext was available from the HttpSession: org.apache.catalina.session.StandardSessionFacade@f3019f. A new one will be created.
05-23-2017 01:06:56.656,DEBUG,DBDBA1A3D5E998EBE78B79538A26DE80,/?language=jp at position 2 of 11 in additional filter chain; firing Filter: 'WebAsyncManagerIntegrationFilter'
05-23-2017 01:06:56.656,DEBUG,DBDBA1A3D5E998EBE78B79538A26DE80,/?language=jp at position 3 of 11 in additional filter chain; firing Filter: 'LogoutFilter'
05-23-2017 01:06:56.656,DEBUG,DBDBA1A3D5E998EBE78B79538A26DE80,/?language=jp at position 4 of 11 in additional filter chain; firing Filter: 'UsernamePasswordAuthenticationFilter'
05-23-2017 01:06:56.656,DEBUG,DBDBA1A3D5E998EBE78B79538A26DE80,/?language=jp at position 5 of 11 in additional filter chain; firing Filter: 'BasicAuthenticationFilter'
05-23-2017 01:06:56.656,DEBUG,DBDBA1A3D5E998EBE78B79538A26DE80,/?language=jp at position 6 of 11 in additional filter chain; firing Filter: 'RequestCacheAwareFilter'
05-23-2017 01:06:56.656,DEBUG,DBDBA1A3D5E998EBE78B79538A26DE80,/?language=jp at position 7 of 11 in additional filter chain; firing Filter: 'SecurityContextHolderAwareRequestFilter'
05-23-2017 01:06:56.656,DEBUG,DBDBA1A3D5E998EBE78B79538A26DE80,/?language=jp at position 8 of 11 in additional filter chain; firing Filter: 'AnonymousAuthenticationFilter'
05-23-2017 01:06:56.656,DEBUG,DBDBA1A3D5E998EBE78B79538A26DE80,Populated SecurityContextHolder with anonymous token: 'org.springframework.security.authentication.AnonymousAuthenticationToken@90576bf4: Principal: anonymousUser; Credentials: [PROTECTED]; Authenticated: true; Details: org.springframework.security.web.authentication.WebAuthenticationDetails@21a2c: RemoteIpAddress: 0:0:0:0:0:0:0:1; SessionId: 0F5298D69E88CAADED97E55439A75CC0; Granted Authorities: ROLE_ANONYMOUS'
05-23-2017 01:06:56.656,DEBUG,DBDBA1A3D5E998EBE78B79538A26DE80,/?language=jp at position 9 of 11 in additional filter chain; firing Filter: 'SessionManagementFilter'
05-23-2017 01:06:56.657,DEBUG,DBDBA1A3D5E998EBE78B79538A26DE80,/?language=jp at position 10 of 11 in additional filter chain; firing Filter: 'ExceptionTranslationFilter'
05-23-2017 01:06:56.657,DEBUG,DBDBA1A3D5E998EBE78B79538A26DE80,/?language=jp at position 11 of 11 in additional filter chain; firing Filter: 'FilterSecurityInterceptor'
05-23-2017 01:06:56.657,DEBUG,DBDBA1A3D5E998EBE78B79538A26DE80,Checking match of request : '/'; against '/autherror*'
05-23-2017 01:06:56.657,DEBUG,DBDBA1A3D5E998EBE78B79538A26DE80,Checking match of request : '/'; against '/login/**'
05-23-2017 01:06:56.657,DEBUG,DBDBA1A3D5E998EBE78B79538A26DE80,Checking match of request : '/'; against '/error/**'
05-23-2017 01:06:56.657,DEBUG,DBDBA1A3D5E998EBE78B79538A26DE80,Checking match of request : '/'; against '/0001/**'
05-23-2017 01:06:56.657,DEBUG,DBDBA1A3D5E998EBE78B79538A26DE80,Checking match of request : '/'; against '/0002/**'
05-23-2017 01:06:56.657,DEBUG,DBDBA1A3D5E998EBE78B79538A26DE80,Checking match of request : '/'; against '/0003/**'
05-23-2017 01:06:56.657,DEBUG,DBDBA1A3D5E998EBE78B79538A26DE80,Checking match of request : '/'; against '/0005/**'
05-23-2017 01:06:56.657,DEBUG,DBDBA1A3D5E998EBE78B79538A26DE80,Checking match of request : '/'; against '/0007/**'
05-23-2017 01:06:56.657,DEBUG,DBDBA1A3D5E998EBE78B79538A26DE80,Checking match of request : '/'; against '/0009/**'
05-23-2017 01:06:56.657,DEBUG,DBDBA1A3D5E998EBE78B79538A26DE80,Checking match of request : '/'; against '/0013/**'
05-23-2017 01:06:56.657,DEBUG,DBDBA1A3D5E998EBE78B79538A26DE80,Checking match of request : '/'; against '/0023/**'
05-23-2017 01:06:56.657,DEBUG,DBDBA1A3D5E998EBE78B79538A26DE80,Checking match of request : '/'; against '/0017/**'
05-23-2017 01:06:56.657,DEBUG,DBDBA1A3D5E998EBE78B79538A26DE80,Checking match of request : '/'; against '/0031/**'
05-23-2017 01:06:56.657,DEBUG,DBDBA1A3D5E998EBE78B79538A26DE80,Checking match of request : '/'; against '/0035/**'
05-23-2017 01:06:56.657,DEBUG,DBDBA1A3D5E998EBE78B79538A26DE80,Checking match of request : '/'; against '/0037/**'
05-23-2017 01:06:56.657,DEBUG,DBDBA1A3D5E998EBE78B79538A26DE80,Checking match of request : '/'; against '/0045/**'
05-23-2017 01:06:56.657,DEBUG,DBDBA1A3D5E998EBE78B79538A26DE80,Checking match of request : '/'; against '/0047/**'
05-23-2017 01:06:56.657,DEBUG,DBDBA1A3D5E998EBE78B79538A26DE80,Checking match of request : '/'; against '/0049/**'
05-23-2017 01:06:56.657,DEBUG,DBDBA1A3D5E998EBE78B79538A26DE80,Checking match of request : '/'; against '/0061/**'
05-23-2017 01:06:56.657,DEBUG,DBDBA1A3D5E998EBE78B79538A26DE80,Checking match of request : '/'; against '/0087/**'
05-23-2017 01:06:56.657,DEBUG,DBDBA1A3D5E998EBE78B79538A26DE80,Checking match of request : '/'; against '/0075/**'
05-23-2017 01:06:56.657,DEBUG,DBDBA1A3D5E998EBE78B79538A26DE80,Checking match of request : '/'; against '/0089/**'
05-23-2017 01:06:56.657,DEBUG,DBDBA1A3D5E998EBE78B79538A26DE80,Checking match of request : '/'; against '/0090/**'
05-23-2017 01:06:56.658,DEBUG,DBDBA1A3D5E998EBE78B79538A26DE80,Checking match of request : '/'; against '/0091/**'
05-23-2017 01:06:56.658,DEBUG,DBDBA1A3D5E998EBE78B79538A26DE80,Checking match of request : '/'; against '/0092/**'
05-23-2017 01:06:56.658,DEBUG,DBDBA1A3D5E998EBE78B79538A26DE80,Checking match of request : '/'; against '/0095/**'
05-23-2017 01:06:56.658,DEBUG,DBDBA1A3D5E998EBE78B79538A26DE80,Secure object: FilterInvocation: URL: /?language=jp; Attributes: [IS_AUTHENTICATED_ANONYMOUSLY]
05-23-2017 01:06:56.658,DEBUG,DBDBA1A3D5E998EBE78B79538A26DE80,Previously Authenticated: org.springframework.security.authentication.AnonymousAuthenticationToken@90576bf4: Principal: anonymousUser; Credentials: [PROTECTED]; Authenticated: true; Details: org.springframework.security.web.authentication.WebAuthenticationDetails@21a2c: RemoteIpAddress: 0:0:0:0:0:0:0:1; SessionId: 0F5298D69E88CAADED97E55439A75CC0; Granted Authorities: ROLE_ANONYMOUS
05-23-2017 01:06:56.658,DEBUG,DBDBA1A3D5E998EBE78B79538A26DE80,Voter: org.springframework.security.access.vote.RoleVoter@1ac872d, returned: 0
05-23-2017 01:06:56.658,DEBUG,DBDBA1A3D5E998EBE78B79538A26DE80,Voter: org.springframework.security.access.vote.AuthenticatedVoter@b1927d, returned: 1
05-23-2017 01:06:56.658,DEBUG,DBDBA1A3D5E998EBE78B79538A26DE80,Authorization successful
05-23-2017 01:06:56.658,DEBUG,DBDBA1A3D5E998EBE78B79538A26DE80,RunAsManager did not change Authentication object
05-23-2017 01:06:56.658,DEBUG,DBDBA1A3D5E998EBE78B79538A26DE80,/?language=jp reached end of additional filter chain; proceeding with original chain
05-23-2017 01:06:56.658,DEBUG,DBDBA1A3D5E998EBE78B79538A26DE80,Request [/ict/] is not a multipart request
05-23-2017 01:06:56.658,DEBUG,0F5298D69E88CAADED97E55439A75CC0,DispatcherServlet with name 'appServlet' processing GET request for [/ict/]
05-23-2017 01:06:56.658,DEBUG,0F5298D69E88CAADED97E55439A75CC0,Looking up handler method for path /
05-23-2017 01:06:56.659,DEBUG,0F5298D69E88CAADED97E55439A75CC0,Returning handler method [public java.lang.String vn.bananavietnam.ict.common.controller.AuthController.login()]
05-23-2017 01:06:56.659,DEBUG,0F5298D69E88CAADED97E55439A75CC0,Returning cached instance of singleton bean 'authController'
05-23-2017 01:06:56.659,DEBUG,0F5298D69E88CAADED97E55439A75CC0,Last-Modified value for [/ict/] is: -1
05-23-2017 01:06:56.659,DEBUG,0F5298D69E88CAADED97E55439A75CC0,Returning cached instance of singleton bean 'xml_path'
05-23-2017 01:06:56.660,DEBUG,0F5298D69E88CAADED97E55439A75CC0,Rendering view [org.springframework.web.servlet.view.JstlView: name 'common/PageWrapper'; URL [/WEB-INF/views/common/PageWrapper.jsp]] in DispatcherServlet with name 'appServlet'
05-23-2017 01:06:56.660,DEBUG,0F5298D69E88CAADED97E55439A75CC0,Forwarding to resource [/WEB-INF/views/common/PageWrapper.jsp] in InternalResourceView 'common/PageWrapper'
05-23-2017 01:06:56.660,DEBUG,0F5298D69E88CAADED97E55439A75CC0,SecurityContext is empty or contents are anonymous - context will not be stored in HttpSession.
05-23-2017 01:06:56.663,DEBUG,0F5298D69E88CAADED97E55439A75CC0,Successfully completed request
05-23-2017 01:06:56.663,DEBUG,0F5298D69E88CAADED97E55439A75CC0,Chain processed normally
05-23-2017 01:06:56.663,DEBUG,0F5298D69E88CAADED97E55439A75CC0,SecurityContextHolder now cleared, as request processing completed
05-23-2017 01:06:56.669,DEBUG,B292752AAABC659BC4ADD5805857A142,/login/ at position 1 of 11 in additional filter chain; firing Filter: 'SecurityContextPersistenceFilter'
05-23-2017 01:06:56.669,DEBUG,B292752AAABC659BC4ADD5805857A142,HttpSession returned null object for SPRING_SECURITY_CONTEXT
05-23-2017 01:06:56.669,DEBUG,B292752AAABC659BC4ADD5805857A142,No SecurityContext was available from the HttpSession: org.apache.catalina.session.StandardSessionFacade@f3019f. A new one will be created.
05-23-2017 01:06:56.669,DEBUG,B292752AAABC659BC4ADD5805857A142,/login/ at position 2 of 11 in additional filter chain; firing Filter: 'WebAsyncManagerIntegrationFilter'
05-23-2017 01:06:56.670,DEBUG,B292752AAABC659BC4ADD5805857A142,/login/ at position 3 of 11 in additional filter chain; firing Filter: 'LogoutFilter'
05-23-2017 01:06:56.670,DEBUG,B292752AAABC659BC4ADD5805857A142,/login/ at position 4 of 11 in additional filter chain; firing Filter: 'UsernamePasswordAuthenticationFilter'
05-23-2017 01:06:56.670,DEBUG,B292752AAABC659BC4ADD5805857A142,/login/ at position 5 of 11 in additional filter chain; firing Filter: 'BasicAuthenticationFilter'
05-23-2017 01:06:56.670,DEBUG,B292752AAABC659BC4ADD5805857A142,/login/ at position 6 of 11 in additional filter chain; firing Filter: 'RequestCacheAwareFilter'
05-23-2017 01:06:56.670,DEBUG,B292752AAABC659BC4ADD5805857A142,/login/ at position 7 of 11 in additional filter chain; firing Filter: 'SecurityContextHolderAwareRequestFilter'
05-23-2017 01:06:56.670,DEBUG,B292752AAABC659BC4ADD5805857A142,/login/ at position 8 of 11 in additional filter chain; firing Filter: 'AnonymousAuthenticationFilter'
05-23-2017 01:06:56.670,DEBUG,B292752AAABC659BC4ADD5805857A142,Populated SecurityContextHolder with anonymous token: 'org.springframework.security.authentication.AnonymousAuthenticationToken@90576bf4: Principal: anonymousUser; Credentials: [PROTECTED]; Authenticated: true; Details: org.springframework.security.web.authentication.WebAuthenticationDetails@21a2c: RemoteIpAddress: 0:0:0:0:0:0:0:1; SessionId: 0F5298D69E88CAADED97E55439A75CC0; Granted Authorities: ROLE_ANONYMOUS'
05-23-2017 01:06:56.670,DEBUG,B292752AAABC659BC4ADD5805857A142,/login/ at position 9 of 11 in additional filter chain; firing Filter: 'SessionManagementFilter'
05-23-2017 01:06:56.670,DEBUG,B292752AAABC659BC4ADD5805857A142,/login/ at position 10 of 11 in additional filter chain; firing Filter: 'ExceptionTranslationFilter'
05-23-2017 01:06:56.670,DEBUG,B292752AAABC659BC4ADD5805857A142,/login/ at position 11 of 11 in additional filter chain; firing Filter: 'FilterSecurityInterceptor'
05-23-2017 01:06:56.670,DEBUG,B292752AAABC659BC4ADD5805857A142,Checking match of request : '/login/'; against '/autherror*'
05-23-2017 01:06:56.670,DEBUG,B292752AAABC659BC4ADD5805857A142,Checking match of request : '/login/'; against '/login/**'
05-23-2017 01:06:56.670,DEBUG,B292752AAABC659BC4ADD5805857A142,Secure object: FilterInvocation: URL: /login/; Attributes: [IS_AUTHENTICATED_ANONYMOUSLY]
05-23-2017 01:06:56.670,DEBUG,B292752AAABC659BC4ADD5805857A142,Previously Authenticated: org.springframework.security.authentication.AnonymousAuthenticationToken@90576bf4: Principal: anonymousUser; Credentials: [PROTECTED]; Authenticated: true; Details: org.springframework.security.web.authentication.WebAuthenticationDetails@21a2c: RemoteIpAddress: 0:0:0:0:0:0:0:1; SessionId: 0F5298D69E88CAADED97E55439A75CC0; Granted Authorities: ROLE_ANONYMOUS
05-23-2017 01:06:56.670,DEBUG,B292752AAABC659BC4ADD5805857A142,Voter: org.springframework.security.access.vote.RoleVoter@1ac872d, returned: 0
05-23-2017 01:06:56.671,DEBUG,B292752AAABC659BC4ADD5805857A142,Voter: org.springframework.security.access.vote.AuthenticatedVoter@b1927d, returned: 1
05-23-2017 01:06:56.671,DEBUG,B292752AAABC659BC4ADD5805857A142,Authorization successful
05-23-2017 01:06:56.671,DEBUG,B292752AAABC659BC4ADD5805857A142,RunAsManager did not change Authentication object
05-23-2017 01:06:56.671,DEBUG,B292752AAABC659BC4ADD5805857A142,/login/ reached end of additional filter chain; proceeding with original chain
05-23-2017 01:06:56.671,DEBUG,B292752AAABC659BC4ADD5805857A142,Request [/ict/login/] is not a multipart request
05-23-2017 01:06:56.671,DEBUG,0F5298D69E88CAADED97E55439A75CC0,DispatcherServlet with name 'appServlet' processing GET request for [/ict/login/]
05-23-2017 01:06:56.671,DEBUG,0F5298D69E88CAADED97E55439A75CC0,Looking up handler method for path /login/
05-23-2017 01:06:56.671,DEBUG,0F5298D69E88CAADED97E55439A75CC0,Returning handler method [public java.lang.String vn.bananavietnam.ict.common.controller.LoginController.top(java.util.Locale,org.springframework.ui.Model)]
05-23-2017 01:06:56.671,DEBUG,0F5298D69E88CAADED97E55439A75CC0,Returning cached instance of singleton bean 'loginController'
05-23-2017 01:06:56.671,DEBUG,0F5298D69E88CAADED97E55439A75CC0,Last-Modified value for [/ict/login/] is: -1
05-23-2017 01:06:56.672,DEBUG,0F5298D69E88CAADED97E55439A75CC0,Returning cached instance of singleton bean 'xml_path'
05-23-2017 01:06:56.672,DEBUG,0F5298D69E88CAADED97E55439A75CC0,Rendering view [org.springframework.web.servlet.view.JstlView: name 'common/login'; URL [/WEB-INF/views/common/login.jsp]] in DispatcherServlet with name 'appServlet'
05-23-2017 01:06:56.673,DEBUG,0F5298D69E88CAADED97E55439A75CC0,Forwarding to resource [/WEB-INF/views/common/login.jsp] in InternalResourceView 'common/login'
05-23-2017 01:06:56.677,DEBUG,0F5298D69E88CAADED97E55439A75CC0,SecurityContext is empty or contents are anonymous - context will not be stored in HttpSession.
05-23-2017 01:06:56.678,DEBUG,0F5298D69E88CAADED97E55439A75CC0,Successfully completed request
05-23-2017 01:06:56.678,DEBUG,0F5298D69E88CAADED97E55439A75CC0,Chain processed normally
05-23-2017 01:06:56.678,DEBUG,0F5298D69E88CAADED97E55439A75CC0,SecurityContextHolder now cleared, as request processing completed
05-23-2017 01:07:01.719,DEBUG,B292752AAABC659BC4ADD5805857A142,/j_spring_security_check at position 1 of 11 in additional filter chain; firing Filter: 'SecurityContextPersistenceFilter'
05-23-2017 01:07:01.719,DEBUG,B292752AAABC659BC4ADD5805857A142,HttpSession returned null object for SPRING_SECURITY_CONTEXT
05-23-2017 01:07:01.719,DEBUG,B292752AAABC659BC4ADD5805857A142,No SecurityContext was available from the HttpSession: org.apache.catalina.session.StandardSessionFacade@f3019f. A new one will be created.
05-23-2017 01:07:01.719,DEBUG,B292752AAABC659BC4ADD5805857A142,/j_spring_security_check at position 2 of 11 in additional filter chain; firing Filter: 'WebAsyncManagerIntegrationFilter'
05-23-2017 01:07:01.719,DEBUG,B292752AAABC659BC4ADD5805857A142,/j_spring_security_check at position 3 of 11 in additional filter chain; firing Filter: 'LogoutFilter'
05-23-2017 01:07:01.719,DEBUG,B292752AAABC659BC4ADD5805857A142,/j_spring_security_check at position 4 of 11 in additional filter chain; firing Filter: 'UsernamePasswordAuthenticationFilter'
05-23-2017 01:07:01.719,DEBUG,B292752AAABC659BC4ADD5805857A142,Request is to process authentication
05-23-2017 01:07:01.719,DEBUG,B292752AAABC659BC4ADD5805857A142,Authentication attempt using org.springframework.security.authentication.dao.DaoAuthenticationProvider
05-23-2017 01:07:01.719,DEBUG,B292752AAABC659BC4ADD5805857A142,Executing prepared SQL query
05-23-2017 01:07:01.719,DEBUG,B292752AAABC659BC4ADD5805857A142,Executing prepared SQL statement [select users_authorization.usersId as id,                users_authorization.usersName as username,                      users_authorization.usersPassword as password,                      users_authorization.usersFullName as userfullname,                      1 as enabled,                      CASE                       WHEN users_authorization.authorizationTypeId IS NULL THEN '0'                          ELSE users_authorization.authorizationTypeId                      END as roleid,                      CASE                 WHEN access.SCREEN_DISPLAY_ENABLE_FLAG IS NULL THEN '0'                 ELSE access.SCREEN_DISPLAY_ENABLE_FLAG                END as roledisplay,                      CASE                 WHEN access.ADDABLE_FLAG IS NULL THEN '0'                 ELSE access.ADDABLE_FLAG                END as roleadd,                      CASE                 WHEN access.UPDATABLE_FLAG IS NULL THEN '0'                 ELSE access.UPDATABLE_FLAG                END as roleupdate,                      CASE                 WHEN access.DELETABLE_FLAG IS NULL THEN '0'                 ELSE access.DELETABLE_FLAG                END as roledelete,                      CASE                 WHEN access.REFERENCE_FLAG IS NULL THEN '0'                 ELSE access.REFERENCE_FLAG                END as rolereference,                       access.SCREEN_ID as screenid              from (select users_manager.usersId,                 users_manager.usersName,                 users_manager.usersPassword,                 users_manager.usersFullName,                 users_manager.authorizationTypeId,                 authorization.AUTHORIZATION_TYPE_NAME authorizationTypeName,                 authorization.ACCESS_AUTHORITY_ID accessAuthorityId               from (select users.USERS_ID usersId,                  users.USERS_ID usersName,                  users.PASSWORD usersPassword,                  users.USERS_NAME usersFullName,                  manager.AUTHORIZATION_TYPE_ID authorizationTypeId                from IVB_M_USERS users                left join IVB_M_MANAGER manager                 on users.USERS_ID = manager.USERS_ID                 and manager.DELETE_FLAG = '0'                where users.USERS_ID = ?                 and users.DELETE_FLAG = '0'                ) users_manager               left join IVB_M_AUTHORIZATION authorization                on users_manager.authorizationTypeId = authorization.AUTHORIZATION_TYPE_ID                   and authorization.DELETE_FLAG = '0'                  ) users_authorization              left join IVB_M_ACCESS_AUTHORIZATION access               on users_authorization.accessAuthorityId = access.ACCESS_AUTHORITY_ID                  and access.DELETE_FLAG = '0']
05-23-2017 01:07:01.720,DEBUG,B292752AAABC659BC4ADD5805857A142,Fetching JDBC Connection from DataSource
05-23-2017 01:07:01.720,DEBUG,B292752AAABC659BC4ADD5805857A142,Creating new JDBC DriverManager Connection to [jdbc:mysql://172.16.0.175:3306/BANANA_DB_HUNG_SELENIUM?useUnicode=yes&characterEncoding=UTF-8&autoReconnect=true]
05-23-2017 01:07:01.764,DEBUG,B292752AAABC659BC4ADD5805857A142,Returning JDBC Connection to DataSource
05-23-2017 01:07:01.764,DEBUG,B292752AAABC659BC4ADD5805857A142,Executing prepared SQL query
05-23-2017 01:07:01.764,DEBUG,B292752AAABC659BC4ADD5805857A142,Executing prepared SQL statement [select distinct users.USERS_ID,                  CASE                   WHEN manager.AUTHORIZATION_TYPE_ID IS NULL THEN '0'                   ELSE manager.AUTHORIZATION_TYPE_ID                  END as AUTHORIZATION_TYPE_ID               from IVB_M_USERS users               left join IVB_M_MANAGER manager                on users.USERS_ID = manager.USERS_ID                and manager.DELETE_FLAG = '0'               where users.USERS_ID = ?                and users.DELETE_FLAG = '0']
05-23-2017 01:07:01.764,DEBUG,B292752AAABC659BC4ADD5805857A142,Fetching JDBC Connection from DataSource
05-23-2017 01:07:01.764,DEBUG,B292752AAABC659BC4ADD5805857A142,Creating new JDBC DriverManager Connection to [jdbc:mysql://172.16.0.175:3306/BANANA_DB_HUNG_SELENIUM?useUnicode=yes&characterEncoding=UTF-8&autoReconnect=true]
05-23-2017 01:07:01.785,DEBUG,B292752AAABC659BC4ADD5805857A142,Returning JDBC Connection to DataSource
05-23-2017 01:07:01.785,DEBUG,B292752AAABC659BC4ADD5805857A142,Delegating to org.springframework.security.web.authentication.session.ChangeSessionIdAuthenticationStrategy@99fddf
05-23-2017 01:07:01.785,DEBUG,B292752AAABC659BC4ADD5805857A142,Authentication success. Updating SecurityContextHolder to contain: org.springframework.security.authentication.UsernamePasswordAuthenticationToken@3b6d9dcf: Principal: vn.bananavietnam.ict.common.auth.MyUser@c4907816: Username: U0000000001; Password: [PROTECTED]; Enabled: true; AccountNonExpired: true; credentialsNonExpired: true; AccountNonLocked: true; Granted Authorities: 1; Credentials: [PROTECTED]; Authenticated: true; Details: org.springframework.security.web.authentication.WebAuthenticationDetails@21a2c: RemoteIpAddress: 0:0:0:0:0:0:0:1; SessionId: 0F5298D69E88CAADED97E55439A75CC0; Granted Authorities: 1
05-23-2017 01:07:01.785,DEBUG,B292752AAABC659BC4ADD5805857A142,SecurityContext stored to HttpSession: 'org.springframework.security.core.context.SecurityContextImpl@3b6d9dcf: Authentication: org.springframework.security.authentication.UsernamePasswordAuthenticationToken@3b6d9dcf: Principal: vn.bananavietnam.ict.common.auth.MyUser@c4907816: Username: U0000000001; Password: [PROTECTED]; Enabled: true; AccountNonExpired: true; credentialsNonExpired: true; AccountNonLocked: true; Granted Authorities: 1; Credentials: [PROTECTED]; Authenticated: true; Details: org.springframework.security.web.authentication.WebAuthenticationDetails@21a2c: RemoteIpAddress: 0:0:0:0:0:0:0:1; SessionId: 0F5298D69E88CAADED97E55439A75CC0; Granted Authorities: 1'
05-23-2017 01:07:01.785,DEBUG,B292752AAABC659BC4ADD5805857A142,SecurityContextHolder now cleared, as request processing completed
05-23-2017 01:07:01.790,DEBUG,B292752AAABC659BC4ADD5805857A142,/0001/ at position 1 of 11 in additional filter chain; firing Filter: 'SecurityContextPersistenceFilter'
05-23-2017 01:07:01.790,DEBUG,B292752AAABC659BC4ADD5805857A142,Obtained a valid SecurityContext from SPRING_SECURITY_CONTEXT: 'org.springframework.security.core.context.SecurityContextImpl@3b6d9dcf: Authentication: org.springframework.security.authentication.UsernamePasswordAuthenticationToken@3b6d9dcf: Principal: vn.bananavietnam.ict.common.auth.MyUser@c4907816: Username: U0000000001; Password: [PROTECTED]; Enabled: true; AccountNonExpired: true; credentialsNonExpired: true; AccountNonLocked: true; Granted Authorities: 1; Credentials: [PROTECTED]; Authenticated: true; Details: org.springframework.security.web.authentication.WebAuthenticationDetails@21a2c: RemoteIpAddress: 0:0:0:0:0:0:0:1; SessionId: 0F5298D69E88CAADED97E55439A75CC0; Granted Authorities: 1'
05-23-2017 01:07:01.791,DEBUG,B292752AAABC659BC4ADD5805857A142,/0001/ at position 2 of 11 in additional filter chain; firing Filter: 'WebAsyncManagerIntegrationFilter'
05-23-2017 01:07:01.791,DEBUG,B292752AAABC659BC4ADD5805857A142,/0001/ at position 3 of 11 in additional filter chain; firing Filter: 'LogoutFilter'
05-23-2017 01:07:01.791,DEBUG,B292752AAABC659BC4ADD5805857A142,/0001/ at position 4 of 11 in additional filter chain; firing Filter: 'UsernamePasswordAuthenticationFilter'
05-23-2017 01:07:01.791,DEBUG,B292752AAABC659BC4ADD5805857A142,/0001/ at position 5 of 11 in additional filter chain; firing Filter: 'BasicAuthenticationFilter'
05-23-2017 01:07:01.791,DEBUG,B292752AAABC659BC4ADD5805857A142,/0001/ at position 6 of 11 in additional filter chain; firing Filter: 'RequestCacheAwareFilter'
05-23-2017 01:07:01.791,DEBUG,B292752AAABC659BC4ADD5805857A142,/0001/ at position 7 of 11 in additional filter chain; firing Filter: 'SecurityContextHolderAwareRequestFilter'
05-23-2017 01:07:01.791,DEBUG,B292752AAABC659BC4ADD5805857A142,/0001/ at position 8 of 11 in additional filter chain; firing Filter: 'AnonymousAuthenticationFilter'
05-23-2017 01:07:01.791,DEBUG,B292752AAABC659BC4ADD5805857A142,SecurityContextHolder not populated with anonymous token, as it already contained: 'org.springframework.security.authentication.UsernamePasswordAuthenticationToken@3b6d9dcf: Principal: vn.bananavietnam.ict.common.auth.MyUser@c4907816: Username: U0000000001; Password: [PROTECTED]; Enabled: true; AccountNonExpired: true; credentialsNonExpired: true; AccountNonLocked: true; Granted Authorities: 1; Credentials: [PROTECTED]; Authenticated: true; Details: org.springframework.security.web.authentication.WebAuthenticationDetails@21a2c: RemoteIpAddress: 0:0:0:0:0:0:0:1; SessionId: 0F5298D69E88CAADED97E55439A75CC0; Granted Authorities: 1'
05-23-2017 01:07:01.791,DEBUG,B292752AAABC659BC4ADD5805857A142,/0001/ at position 9 of 11 in additional filter chain; firing Filter: 'SessionManagementFilter'
05-23-2017 01:07:01.791,DEBUG,B292752AAABC659BC4ADD5805857A142,/0001/ at position 10 of 11 in additional filter chain; firing Filter: 'ExceptionTranslationFilter'
05-23-2017 01:07:01.791,DEBUG,B292752AAABC659BC4ADD5805857A142,/0001/ at position 11 of 11 in additional filter chain; firing Filter: 'FilterSecurityInterceptor'
05-23-2017 01:07:01.791,DEBUG,B292752AAABC659BC4ADD5805857A142,Checking match of request : '/0001/'; against '/autherror*'
05-23-2017 01:07:01.791,DEBUG,B292752AAABC659BC4ADD5805857A142,Checking match of request : '/0001/'; against '/login/**'
05-23-2017 01:07:01.791,DEBUG,B292752AAABC659BC4ADD5805857A142,Checking match of request : '/0001/'; against '/error/**'
05-23-2017 01:07:01.791,DEBUG,B292752AAABC659BC4ADD5805857A142,Checking match of request : '/0001/'; against '/0001/**'
05-23-2017 01:07:01.791,DEBUG,B292752AAABC659BC4ADD5805857A142,Secure object: FilterInvocation: URL: /0001/; Attributes: [ROLE_ADMIN, ROLE_USER, IS_AUTHENTICATED_FULLY]
05-23-2017 01:07:01.791,DEBUG,B292752AAABC659BC4ADD5805857A142,Previously Authenticated: org.springframework.security.authentication.UsernamePasswordAuthenticationToken@3b6d9dcf: Principal: vn.bananavietnam.ict.common.auth.MyUser@c4907816: Username: U0000000001; Password: [PROTECTED]; Enabled: true; AccountNonExpired: true; credentialsNonExpired: true; AccountNonLocked: true; Granted Authorities: 1; Credentials: [PROTECTED]; Authenticated: true; Details: org.springframework.security.web.authentication.WebAuthenticationDetails@21a2c: RemoteIpAddress: 0:0:0:0:0:0:0:1; SessionId: 0F5298D69E88CAADED97E55439A75CC0; Granted Authorities: 1
05-23-2017 01:07:01.791,DEBUG,B292752AAABC659BC4ADD5805857A142,Voter: org.springframework.security.access.vote.RoleVoter@1ac872d, returned: -1
05-23-2017 01:07:01.791,DEBUG,B292752AAABC659BC4ADD5805857A142,Voter: org.springframework.security.access.vote.AuthenticatedVoter@b1927d, returned: 1
05-23-2017 01:07:01.791,DEBUG,B292752AAABC659BC4ADD5805857A142,Authorization successful
05-23-2017 01:07:01.792,DEBUG,B292752AAABC659BC4ADD5805857A142,RunAsManager did not change Authentication object
05-23-2017 01:07:01.792,DEBUG,B292752AAABC659BC4ADD5805857A142,/0001/ reached end of additional filter chain; proceeding with original chain
05-23-2017 01:07:01.792,DEBUG,B292752AAABC659BC4ADD5805857A142,Request [/ict/0001/] is not a multipart request
05-23-2017 01:07:01.792,DEBUG,8BDBD84FE23D07642B471554BBE73E18,DispatcherServlet with name 'appServlet' processing GET request for [/ict/0001/]
05-23-2017 01:07:01.792,DEBUG,8BDBD84FE23D07642B471554BBE73E18,Looking up handler method for path /0001/
05-23-2017 01:07:01.792,DEBUG,8BDBD84FE23D07642B471554BBE73E18,Returning handler method [public java.lang.String vn.bananavietnam.ict.banana.controller.Bnn0001BananaMenuController.top(javax.servlet.http.HttpServletRequest,java.util.Locale,org.springframework.ui.Model)]
05-23-2017 01:07:01.792,DEBUG,8BDBD84FE23D07642B471554BBE73E18,Returning cached instance of singleton bean 'bnn0001BananaMenuController'
05-23-2017 01:07:01.792,DEBUG,8BDBD84FE23D07642B471554BBE73E18,Last-Modified value for [/ict/0001/] is: -1
05-23-2017 01:07:01.792,DEBUG,8BDBD84FE23D07642B471554BBE73E18,Returning cached instance of singleton bean 'xml_path'
05-23-2017 01:07:01.796,DEBUG,8BDBD84FE23D07642B471554BBE73E18,Rendering view [org.springframework.web.servlet.view.JstlView: name 'banana/Bnn0001BananaMenu'; URL [/WEB-INF/views/banana/Bnn0001BananaMenu.jsp]] in DispatcherServlet with name 'appServlet'
05-23-2017 01:07:01.796,DEBUG,8BDBD84FE23D07642B471554BBE73E18,Added model object 'resetDate' of type [java.lang.String] to request in view with name 'banana/Bnn0001BananaMenu'
05-23-2017 01:07:01.796,DEBUG,8BDBD84FE23D07642B471554BBE73E18,Added model object 'layoutDate' of type [java.lang.String] to request in view with name 'banana/Bnn0001BananaMenu'
05-23-2017 01:07:01.796,DEBUG,8BDBD84FE23D07642B471554BBE73E18,Added model object 'jqueryUiCssDate' of type [java.lang.String] to request in view with name 'banana/Bnn0001BananaMenu'
05-23-2017 01:07:01.796,DEBUG,8BDBD84FE23D07642B471554BBE73E18,Added model object 'messageHandlerDate' of type [java.lang.String] to request in view with name 'banana/Bnn0001BananaMenu'
05-23-2017 01:07:01.796,DEBUG,8BDBD84FE23D07642B471554BBE73E18,Added model object 'jqueryDate' of type [java.lang.String] to request in view with name 'banana/Bnn0001BananaMenu'
05-23-2017 01:07:01.796,DEBUG,8BDBD84FE23D07642B471554BBE73E18,Added model object 'jqueryUiDate' of type [java.lang.String] to request in view with name 'banana/Bnn0001BananaMenu'
05-23-2017 01:07:01.796,DEBUG,8BDBD84FE23D07642B471554BBE73E18,Added model object 'datepickerDate' of type [java.lang.String] to request in view with name 'banana/Bnn0001BananaMenu'
05-23-2017 01:07:01.796,DEBUG,8BDBD84FE23D07642B471554BBE73E18,Added model object 'inputmaskDate' of type [java.lang.String] to request in view with name 'banana/Bnn0001BananaMenu'
05-23-2017 01:07:01.796,DEBUG,8BDBD84FE23D07642B471554BBE73E18,Added model object 'jqueryInputmaskDate' of type [java.lang.String] to request in view with name 'banana/Bnn0001BananaMenu'
05-23-2017 01:07:01.796,DEBUG,8BDBD84FE23D07642B471554BBE73E18,Added model object 'inputMaskExtDate' of type [java.lang.String] to request in view with name 'banana/Bnn0001BananaMenu'
05-23-2017 01:07:01.796,DEBUG,8BDBD84FE23D07642B471554BBE73E18,Added model object 'calendarDate' of type [java.lang.String] to request in view with name 'banana/Bnn0001BananaMenu'
05-23-2017 01:07:01.796,DEBUG,8BDBD84FE23D07642B471554BBE73E18,Added model object 'messageDate' of type [java.lang.String] to request in view with name 'banana/Bnn0001BananaMenu'
05-23-2017 01:07:01.796,DEBUG,8BDBD84FE23D07642B471554BBE73E18,Added model object 'storageDate' of type [java.lang.String] to request in view with name 'banana/Bnn0001BananaMenu'
05-23-2017 01:07:01.796,DEBUG,8BDBD84FE23D07642B471554BBE73E18,Added model object 'commonDate' of type [java.lang.String] to request in view with name 'banana/Bnn0001BananaMenu'
05-23-2017 01:07:01.796,DEBUG,8BDBD84FE23D07642B471554BBE73E18,Added model object 'bananaMenuCssDate' of type [java.lang.String] to request in view with name 'banana/Bnn0001BananaMenu'
05-23-2017 01:07:01.796,DEBUG,8BDBD84FE23D07642B471554BBE73E18,Added model object 'bananaMenuJsDate' of type [java.lang.String] to request in view with name 'banana/Bnn0001BananaMenu'
05-23-2017 01:07:01.797,DEBUG,8BDBD84FE23D07642B471554BBE73E18,Forwarding to resource [/WEB-INF/views/banana/Bnn0001BananaMenu.jsp] in InternalResourceView 'banana/Bnn0001BananaMenu'
05-23-2017 01:07:01.798,DEBUG,8BDBD84FE23D07642B471554BBE73E18,Render request received for definition 'defaultTemplate'
05-23-2017 01:07:01.800,DEBUG,8BDBD84FE23D07642B471554BBE73E18,Successfully completed request
05-23-2017 01:07:01.800,DEBUG,8BDBD84FE23D07642B471554BBE73E18,Chain processed normally
05-23-2017 01:07:01.800,DEBUG,8BDBD84FE23D07642B471554BBE73E18,SecurityContextHolder now cleared, as request processing completed
05-23-2017 01:07:03.161,DEBUG,B292752AAABC659BC4ADD5805857A142,/0089/ at position 1 of 11 in additional filter chain; firing Filter: 'SecurityContextPersistenceFilter'
05-23-2017 01:07:03.161,DEBUG,B292752AAABC659BC4ADD5805857A142,Obtained a valid SecurityContext from SPRING_SECURITY_CONTEXT: 'org.springframework.security.core.context.SecurityContextImpl@3b6d9dcf: Authentication: org.springframework.security.authentication.UsernamePasswordAuthenticationToken@3b6d9dcf: Principal: vn.bananavietnam.ict.common.auth.MyUser@c4907816: Username: U0000000001; Password: [PROTECTED]; Enabled: true; AccountNonExpired: true; credentialsNonExpired: true; AccountNonLocked: true; Granted Authorities: 1; Credentials: [PROTECTED]; Authenticated: true; Details: org.springframework.security.web.authentication.WebAuthenticationDetails@21a2c: RemoteIpAddress: 0:0:0:0:0:0:0:1; SessionId: 0F5298D69E88CAADED97E55439A75CC0; Granted Authorities: 1'
05-23-2017 01:07:03.161,DEBUG,B292752AAABC659BC4ADD5805857A142,/0089/ at position 2 of 11 in additional filter chain; firing Filter: 'WebAsyncManagerIntegrationFilter'
05-23-2017 01:07:03.161,DEBUG,B292752AAABC659BC4ADD5805857A142,/0089/ at position 3 of 11 in additional filter chain; firing Filter: 'LogoutFilter'
05-23-2017 01:07:03.161,DEBUG,B292752AAABC659BC4ADD5805857A142,/0089/ at position 4 of 11 in additional filter chain; firing Filter: 'UsernamePasswordAuthenticationFilter'
05-23-2017 01:07:03.161,DEBUG,B292752AAABC659BC4ADD5805857A142,/0089/ at position 5 of 11 in additional filter chain; firing Filter: 'BasicAuthenticationFilter'
05-23-2017 01:07:03.161,DEBUG,B292752AAABC659BC4ADD5805857A142,/0089/ at position 6 of 11 in additional filter chain; firing Filter: 'RequestCacheAwareFilter'
05-23-2017 01:07:03.161,DEBUG,B292752AAABC659BC4ADD5805857A142,/0089/ at position 7 of 11 in additional filter chain; firing Filter: 'SecurityContextHolderAwareRequestFilter'
05-23-2017 01:07:03.161,DEBUG,B292752AAABC659BC4ADD5805857A142,/0089/ at position 8 of 11 in additional filter chain; firing Filter: 'AnonymousAuthenticationFilter'
05-23-2017 01:07:03.162,DEBUG,B292752AAABC659BC4ADD5805857A142,SecurityContextHolder not populated with anonymous token, as it already contained: 'org.springframework.security.authentication.UsernamePasswordAuthenticationToken@3b6d9dcf: Principal: vn.bananavietnam.ict.common.auth.MyUser@c4907816: Username: U0000000001; Password: [PROTECTED]; Enabled: true; AccountNonExpired: true; credentialsNonExpired: true; AccountNonLocked: true; Granted Authorities: 1; Credentials: [PROTECTED]; Authenticated: true; Details: org.springframework.security.web.authentication.WebAuthenticationDetails@21a2c: RemoteIpAddress: 0:0:0:0:0:0:0:1; SessionId: 0F5298D69E88CAADED97E55439A75CC0; Granted Authorities: 1'
05-23-2017 01:07:03.162,DEBUG,B292752AAABC659BC4ADD5805857A142,/0089/ at position 9 of 11 in additional filter chain; firing Filter: 'SessionManagementFilter'
05-23-2017 01:07:03.162,DEBUG,B292752AAABC659BC4ADD5805857A142,/0089/ at position 10 of 11 in additional filter chain; firing Filter: 'ExceptionTranslationFilter'
05-23-2017 01:07:03.162,DEBUG,B292752AAABC659BC4ADD5805857A142,/0089/ at position 11 of 11 in additional filter chain; firing Filter: 'FilterSecurityInterceptor'
05-23-2017 01:07:03.162,DEBUG,B292752AAABC659BC4ADD5805857A142,Checking match of request : '/0089/'; against '/autherror*'
05-23-2017 01:07:03.162,DEBUG,B292752AAABC659BC4ADD5805857A142,Checking match of request : '/0089/'; against '/login/**'
05-23-2017 01:07:03.162,DEBUG,B292752AAABC659BC4ADD5805857A142,Checking match of request : '/0089/'; against '/error/**'
05-23-2017 01:07:03.162,DEBUG,B292752AAABC659BC4ADD5805857A142,Checking match of request : '/0089/'; against '/0001/**'
05-23-2017 01:07:03.162,DEBUG,B292752AAABC659BC4ADD5805857A142,Checking match of request : '/0089/'; against '/0002/**'
05-23-2017 01:07:03.162,DEBUG,B292752AAABC659BC4ADD5805857A142,Checking match of request : '/0089/'; against '/0003/**'
05-23-2017 01:07:03.162,DEBUG,B292752AAABC659BC4ADD5805857A142,Checking match of request : '/0089/'; against '/0005/**'
05-23-2017 01:07:03.162,DEBUG,B292752AAABC659BC4ADD5805857A142,Checking match of request : '/0089/'; against '/0007/**'
05-23-2017 01:07:03.162,DEBUG,B292752AAABC659BC4ADD5805857A142,Checking match of request : '/0089/'; against '/0009/**'
05-23-2017 01:07:03.162,DEBUG,B292752AAABC659BC4ADD5805857A142,Checking match of request : '/0089/'; against '/0013/**'
05-23-2017 01:07:03.162,DEBUG,B292752AAABC659BC4ADD5805857A142,Checking match of request : '/0089/'; against '/0023/**'
05-23-2017 01:07:03.162,DEBUG,B292752AAABC659BC4ADD5805857A142,Checking match of request : '/0089/'; against '/0017/**'
05-23-2017 01:07:03.162,DEBUG,B292752AAABC659BC4ADD5805857A142,Checking match of request : '/0089/'; against '/0031/**'
05-23-2017 01:07:03.162,DEBUG,B292752AAABC659BC4ADD5805857A142,Checking match of request : '/0089/'; against '/0035/**'
05-23-2017 01:07:03.162,DEBUG,B292752AAABC659BC4ADD5805857A142,Checking match of request : '/0089/'; against '/0037/**'
05-23-2017 01:07:03.162,DEBUG,B292752AAABC659BC4ADD5805857A142,Checking match of request : '/0089/'; against '/0045/**'
05-23-2017 01:07:03.162,DEBUG,B292752AAABC659BC4ADD5805857A142,Checking match of request : '/0089/'; against '/0047/**'
05-23-2017 01:07:03.162,DEBUG,B292752AAABC659BC4ADD5805857A142,Checking match of request : '/0089/'; against '/0049/**'
05-23-2017 01:07:03.162,DEBUG,B292752AAABC659BC4ADD5805857A142,Checking match of request : '/0089/'; against '/0061/**'
05-23-2017 01:07:03.162,DEBUG,B292752AAABC659BC4ADD5805857A142,Checking match of request : '/0089/'; against '/0087/**'
05-23-2017 01:07:03.162,DEBUG,B292752AAABC659BC4ADD5805857A142,Checking match of request : '/0089/'; against '/0075/**'
05-23-2017 01:07:03.162,DEBUG,B292752AAABC659BC4ADD5805857A142,Checking match of request : '/0089/'; against '/0089/**'
05-23-2017 01:07:03.162,DEBUG,B292752AAABC659BC4ADD5805857A142,Secure object: FilterInvocation: URL: /0089/; Attributes: [ROLE_ADMIN, ROLE_USER, IS_AUTHENTICATED_FULLY]
05-23-2017 01:07:03.162,DEBUG,B292752AAABC659BC4ADD5805857A142,Previously Authenticated: org.springframework.security.authentication.UsernamePasswordAuthenticationToken@3b6d9dcf: Principal: vn.bananavietnam.ict.common.auth.MyUser@c4907816: Username: U0000000001; Password: [PROTECTED]; Enabled: true; AccountNonExpired: true; credentialsNonExpired: true; AccountNonLocked: true; Granted Authorities: 1; Credentials: [PROTECTED]; Authenticated: true; Details: org.springframework.security.web.authentication.WebAuthenticationDetails@21a2c: RemoteIpAddress: 0:0:0:0:0:0:0:1; SessionId: 0F5298D69E88CAADED97E55439A75CC0; Granted Authorities: 1
05-23-2017 01:07:03.162,DEBUG,B292752AAABC659BC4ADD5805857A142,Voter: org.springframework.security.access.vote.RoleVoter@1ac872d, returned: -1
05-23-2017 01:07:03.162,DEBUG,B292752AAABC659BC4ADD5805857A142,Voter: org.springframework.security.access.vote.AuthenticatedVoter@b1927d, returned: 1
05-23-2017 01:07:03.162,DEBUG,B292752AAABC659BC4ADD5805857A142,Authorization successful
05-23-2017 01:07:03.162,DEBUG,B292752AAABC659BC4ADD5805857A142,RunAsManager did not change Authentication object
05-23-2017 01:07:03.162,DEBUG,B292752AAABC659BC4ADD5805857A142,/0089/ reached end of additional filter chain; proceeding with original chain
05-23-2017 01:07:03.162,DEBUG,B292752AAABC659BC4ADD5805857A142,Request [/ict/0089/] is not a multipart request
05-23-2017 01:07:03.162,DEBUG,8BDBD84FE23D07642B471554BBE73E18,DispatcherServlet with name 'appServlet' processing GET request for [/ict/0089/]
05-23-2017 01:07:03.162,DEBUG,8BDBD84FE23D07642B471554BBE73E18,Looking up handler method for path /0089/
05-23-2017 01:07:03.163,DEBUG,8BDBD84FE23D07642B471554BBE73E18,Returning handler method [public java.lang.String vn.bananavietnam.ict.banana.controller.Bnn0089SearchTaskController.top(javax.servlet.http.HttpServletRequest,java.util.Locale,org.springframework.ui.Model)]
05-23-2017 01:07:03.163,DEBUG,8BDBD84FE23D07642B471554BBE73E18,Returning cached instance of singleton bean 'bnn0089SearchTaskController'
05-23-2017 01:07:03.163,DEBUG,8BDBD84FE23D07642B471554BBE73E18,Last-Modified value for [/ict/0089/] is: -1
05-23-2017 01:07:03.163,DEBUG,8BDBD84FE23D07642B471554BBE73E18,Returning cached instance of singleton bean 'xml_path'
05-23-2017 01:07:03.167,DEBUG,8BDBD84FE23D07642B471554BBE73E18,Rendering view [org.springframework.web.servlet.view.JstlView: name 'banana/Bnn0089SearchTask'; URL [/WEB-INF/views/banana/Bnn0089SearchTask.jsp]] in DispatcherServlet with name 'appServlet'
05-23-2017 01:07:03.167,DEBUG,8BDBD84FE23D07642B471554BBE73E18,Added model object 'resetDate' of type [java.lang.String] to request in view with name 'banana/Bnn0089SearchTask'
05-23-2017 01:07:03.167,DEBUG,8BDBD84FE23D07642B471554BBE73E18,Added model object 'layoutDate' of type [java.lang.String] to request in view with name 'banana/Bnn0089SearchTask'
05-23-2017 01:07:03.167,DEBUG,8BDBD84FE23D07642B471554BBE73E18,Added model object 'jqueryUiCssDate' of type [java.lang.String] to request in view with name 'banana/Bnn0089SearchTask'
05-23-2017 01:07:03.167,DEBUG,8BDBD84FE23D07642B471554BBE73E18,Added model object 'messageHandlerDate' of type [java.lang.String] to request in view with name 'banana/Bnn0089SearchTask'
05-23-2017 01:07:03.167,DEBUG,8BDBD84FE23D07642B471554BBE73E18,Added model object 'jqueryDate' of type [java.lang.String] to request in view with name 'banana/Bnn0089SearchTask'
05-23-2017 01:07:03.167,DEBUG,8BDBD84FE23D07642B471554BBE73E18,Added model object 'jqueryUiDate' of type [java.lang.String] to request in view with name 'banana/Bnn0089SearchTask'
05-23-2017 01:07:03.167,DEBUG,8BDBD84FE23D07642B471554BBE73E18,Added model object 'datepickerDate' of type [java.lang.String] to request in view with name 'banana/Bnn0089SearchTask'
05-23-2017 01:07:03.167,DEBUG,8BDBD84FE23D07642B471554BBE73E18,Added model object 'inputmaskDate' of type [java.lang.String] to request in view with name 'banana/Bnn0089SearchTask'
05-23-2017 01:07:03.167,DEBUG,8BDBD84FE23D07642B471554BBE73E18,Added model object 'jqueryInputmaskDate' of type [java.lang.String] to request in view with name 'banana/Bnn0089SearchTask'
05-23-2017 01:07:03.167,DEBUG,8BDBD84FE23D07642B471554BBE73E18,Added model object 'inputMaskExtDate' of type [java.lang.String] to request in view with name 'banana/Bnn0089SearchTask'
05-23-2017 01:07:03.167,DEBUG,8BDBD84FE23D07642B471554BBE73E18,Added model object 'calendarDate' of type [java.lang.String] to request in view with name 'banana/Bnn0089SearchTask'
05-23-2017 01:07:03.167,DEBUG,8BDBD84FE23D07642B471554BBE73E18,Added model object 'messageDate' of type [java.lang.String] to request in view with name 'banana/Bnn0089SearchTask'
05-23-2017 01:07:03.167,DEBUG,8BDBD84FE23D07642B471554BBE73E18,Added model object 'storageDate' of type [java.lang.String] to request in view with name 'banana/Bnn0089SearchTask'
05-23-2017 01:07:03.167,DEBUG,8BDBD84FE23D07642B471554BBE73E18,Added model object 'commonDate' of type [java.lang.String] to request in view with name 'banana/Bnn0089SearchTask'
05-23-2017 01:07:03.167,DEBUG,8BDBD84FE23D07642B471554BBE73E18,Added model object 'searchTaskCssDate' of type [java.lang.String] to request in view with name 'banana/Bnn0089SearchTask'
05-23-2017 01:07:03.167,DEBUG,8BDBD84FE23D07642B471554BBE73E18,Added model object 'searchTaskJsDate' of type [java.lang.String] to request in view with name 'banana/Bnn0089SearchTask'
05-23-2017 01:07:03.167,DEBUG,8BDBD84FE23D07642B471554BBE73E18,Forwarding to resource [/WEB-INF/views/banana/Bnn0089SearchTask.jsp] in InternalResourceView 'banana/Bnn0089SearchTask'
05-23-2017 01:07:03.169,DEBUG,8BDBD84FE23D07642B471554BBE73E18,Render request received for definition 'defaultTemplate'
05-23-2017 01:07:03.171,DEBUG,8BDBD84FE23D07642B471554BBE73E18,Successfully completed request
05-23-2017 01:07:03.172,DEBUG,8BDBD84FE23D07642B471554BBE73E18,Chain processed normally
05-23-2017 01:07:03.172,DEBUG,8BDBD84FE23D07642B471554BBE73E18,SecurityContextHolder now cleared, as request processing completed
05-23-2017 01:07:03.242,DEBUG,B292752AAABC659BC4ADD5805857A142,/0089/searchData at position 1 of 11 in additional filter chain; firing Filter: 'SecurityContextPersistenceFilter'
05-23-2017 01:07:03.242,DEBUG,B292752AAABC659BC4ADD5805857A142,Obtained a valid SecurityContext from SPRING_SECURITY_CONTEXT: 'org.springframework.security.core.context.SecurityContextImpl@3b6d9dcf: Authentication: org.springframework.security.authentication.UsernamePasswordAuthenticationToken@3b6d9dcf: Principal: vn.bananavietnam.ict.common.auth.MyUser@c4907816: Username: U0000000001; Password: [PROTECTED]; Enabled: true; AccountNonExpired: true; credentialsNonExpired: true; AccountNonLocked: true; Granted Authorities: 1; Credentials: [PROTECTED]; Authenticated: true; Details: org.springframework.security.web.authentication.WebAuthenticationDetails@21a2c: RemoteIpAddress: 0:0:0:0:0:0:0:1; SessionId: 0F5298D69E88CAADED97E55439A75CC0; Granted Authorities: 1'
05-23-2017 01:07:03.242,DEBUG,B292752AAABC659BC4ADD5805857A142,/0089/searchData at position 2 of 11 in additional filter chain; firing Filter: 'WebAsyncManagerIntegrationFilter'
05-23-2017 01:07:03.242,DEBUG,B292752AAABC659BC4ADD5805857A142,/0089/searchData at position 3 of 11 in additional filter chain; firing Filter: 'LogoutFilter'
05-23-2017 01:07:03.242,DEBUG,B292752AAABC659BC4ADD5805857A142,/0089/searchData at position 4 of 11 in additional filter chain; firing Filter: 'UsernamePasswordAuthenticationFilter'
05-23-2017 01:07:03.242,DEBUG,B292752AAABC659BC4ADD5805857A142,/0089/searchData at position 5 of 11 in additional filter chain; firing Filter: 'BasicAuthenticationFilter'
05-23-2017 01:07:03.242,DEBUG,B292752AAABC659BC4ADD5805857A142,/0089/searchData at position 6 of 11 in additional filter chain; firing Filter: 'RequestCacheAwareFilter'
05-23-2017 01:07:03.242,DEBUG,B292752AAABC659BC4ADD5805857A142,/0089/searchData at position 7 of 11 in additional filter chain; firing Filter: 'SecurityContextHolderAwareRequestFilter'
05-23-2017 01:07:03.242,DEBUG,B292752AAABC659BC4ADD5805857A142,/0089/searchData at position 8 of 11 in additional filter chain; firing Filter: 'AnonymousAuthenticationFilter'
05-23-2017 01:07:03.242,DEBUG,B292752AAABC659BC4ADD5805857A142,SecurityContextHolder not populated with anonymous token, as it already contained: 'org.springframework.security.authentication.UsernamePasswordAuthenticationToken@3b6d9dcf: Principal: vn.bananavietnam.ict.common.auth.MyUser@c4907816: Username: U0000000001; Password: [PROTECTED]; Enabled: true; AccountNonExpired: true; credentialsNonExpired: true; AccountNonLocked: true; Granted Authorities: 1; Credentials: [PROTECTED]; Authenticated: true; Details: org.springframework.security.web.authentication.WebAuthenticationDetails@21a2c: RemoteIpAddress: 0:0:0:0:0:0:0:1; SessionId: 0F5298D69E88CAADED97E55439A75CC0; Granted Authorities: 1'
05-23-2017 01:07:03.242,DEBUG,B292752AAABC659BC4ADD5805857A142,/0089/searchData at position 9 of 11 in additional filter chain; firing Filter: 'SessionManagementFilter'
05-23-2017 01:07:03.242,DEBUG,B292752AAABC659BC4ADD5805857A142,/0089/searchData at position 10 of 11 in additional filter chain; firing Filter: 'ExceptionTranslationFilter'
05-23-2017 01:07:03.242,DEBUG,B292752AAABC659BC4ADD5805857A142,/0089/searchData at position 11 of 11 in additional filter chain; firing Filter: 'FilterSecurityInterceptor'
05-23-2017 01:07:03.243,DEBUG,B292752AAABC659BC4ADD5805857A142,Checking match of request : '/0089/searchdata'; against '/autherror*'
05-23-2017 01:07:03.243,DEBUG,B292752AAABC659BC4ADD5805857A142,Checking match of request : '/0089/searchdata'; against '/login/**'
05-23-2017 01:07:03.243,DEBUG,B292752AAABC659BC4ADD5805857A142,Checking match of request : '/0089/searchdata'; against '/error/**'
05-23-2017 01:07:03.243,DEBUG,B292752AAABC659BC4ADD5805857A142,Checking match of request : '/0089/searchdata'; against '/0001/**'
05-23-2017 01:07:03.243,DEBUG,B292752AAABC659BC4ADD5805857A142,Checking match of request : '/0089/searchdata'; against '/0002/**'
05-23-2017 01:07:03.243,DEBUG,B292752AAABC659BC4ADD5805857A142,Checking match of request : '/0089/searchdata'; against '/0003/**'
05-23-2017 01:07:03.243,DEBUG,B292752AAABC659BC4ADD5805857A142,Checking match of request : '/0089/searchdata'; against '/0005/**'
05-23-2017 01:07:03.243,DEBUG,B292752AAABC659BC4ADD5805857A142,Checking match of request : '/0089/searchdata'; against '/0007/**'
05-23-2017 01:07:03.243,DEBUG,B292752AAABC659BC4ADD5805857A142,Checking match of request : '/0089/searchdata'; against '/0009/**'
05-23-2017 01:07:03.243,DEBUG,B292752AAABC659BC4ADD5805857A142,Checking match of request : '/0089/searchdata'; against '/0013/**'
05-23-2017 01:07:03.243,DEBUG,B292752AAABC659BC4ADD5805857A142,Checking match of request : '/0089/searchdata'; against '/0023/**'
05-23-2017 01:07:03.243,DEBUG,B292752AAABC659BC4ADD5805857A142,Checking match of request : '/0089/searchdata'; against '/0017/**'
05-23-2017 01:07:03.243,DEBUG,B292752AAABC659BC4ADD5805857A142,Checking match of request : '/0089/searchdata'; against '/0031/**'
05-23-2017 01:07:03.243,DEBUG,B292752AAABC659BC4ADD5805857A142,Checking match of request : '/0089/searchdata'; against '/0035/**'
05-23-2017 01:07:03.243,DEBUG,B292752AAABC659BC4ADD5805857A142,Checking match of request : '/0089/searchdata'; against '/0037/**'
05-23-2017 01:07:03.243,DEBUG,B292752AAABC659BC4ADD5805857A142,Checking match of request : '/0089/searchdata'; against '/0045/**'
05-23-2017 01:07:03.243,DEBUG,B292752AAABC659BC4ADD5805857A142,Checking match of request : '/0089/searchdata'; against '/0047/**'
05-23-2017 01:07:03.243,DEBUG,B292752AAABC659BC4ADD5805857A142,Checking match of request : '/0089/searchdata'; against '/0049/**'
05-23-2017 01:07:03.243,DEBUG,B292752AAABC659BC4ADD5805857A142,Checking match of request : '/0089/searchdata'; against '/0061/**'
05-23-2017 01:07:03.243,DEBUG,B292752AAABC659BC4ADD5805857A142,Checking match of request : '/0089/searchdata'; against '/0087/**'
05-23-2017 01:07:03.243,DEBUG,B292752AAABC659BC4ADD5805857A142,Checking match of request : '/0089/searchdata'; against '/0075/**'
05-23-2017 01:07:03.243,DEBUG,B292752AAABC659BC4ADD5805857A142,Checking match of request : '/0089/searchdata'; against '/0089/**'
05-23-2017 01:07:03.243,DEBUG,B292752AAABC659BC4ADD5805857A142,Secure object: FilterInvocation: URL: /0089/searchData; Attributes: [ROLE_ADMIN, ROLE_USER, IS_AUTHENTICATED_FULLY]
05-23-2017 01:07:03.243,DEBUG,B292752AAABC659BC4ADD5805857A142,Previously Authenticated: org.springframework.security.authentication.UsernamePasswordAuthenticationToken@3b6d9dcf: Principal: vn.bananavietnam.ict.common.auth.MyUser@c4907816: Username: U0000000001; Password: [PROTECTED]; Enabled: true; AccountNonExpired: true; credentialsNonExpired: true; AccountNonLocked: true; Granted Authorities: 1; Credentials: [PROTECTED]; Authenticated: true; Details: org.springframework.security.web.authentication.WebAuthenticationDetails@21a2c: RemoteIpAddress: 0:0:0:0:0:0:0:1; SessionId: 0F5298D69E88CAADED97E55439A75CC0; Granted Authorities: 1
05-23-2017 01:07:03.243,DEBUG,B292752AAABC659BC4ADD5805857A142,Voter: org.springframework.security.access.vote.RoleVoter@1ac872d, returned: -1
05-23-2017 01:07:03.243,DEBUG,B292752AAABC659BC4ADD5805857A142,Voter: org.springframework.security.access.vote.AuthenticatedVoter@b1927d, returned: 1
05-23-2017 01:07:03.243,DEBUG,B292752AAABC659BC4ADD5805857A142,Authorization successful
05-23-2017 01:07:03.243,DEBUG,B292752AAABC659BC4ADD5805857A142,RunAsManager did not change Authentication object
05-23-2017 01:07:03.243,DEBUG,B292752AAABC659BC4ADD5805857A142,/0089/searchData reached end of additional filter chain; proceeding with original chain
05-23-2017 01:07:03.243,DEBUG,B292752AAABC659BC4ADD5805857A142,Request [/ict/0089/searchData] is not a multipart request
05-23-2017 01:07:03.243,DEBUG,8BDBD84FE23D07642B471554BBE73E18,DispatcherServlet with name 'appServlet' processing POST request for [/ict/0089/searchData]
05-23-2017 01:07:03.243,DEBUG,8BDBD84FE23D07642B471554BBE73E18,Looking up handler method for path /0089/searchData
05-23-2017 01:07:03.243,DEBUG,8BDBD84FE23D07642B471554BBE73E18,Returning handler method [public java.util.List<vn.bananavietnam.ict.banana.component.Bnn0089SearchTaskResult> vn.bananavietnam.ict.banana.controller.Bnn0089SearchTaskController.searchData(vn.bananavietnam.ict.banana.component.Bnn0089SearchTaskConditions)]
05-23-2017 01:07:03.244,DEBUG,8BDBD84FE23D07642B471554BBE73E18,Returning cached instance of singleton bean 'bnn0089SearchTaskController'
05-23-2017 01:07:03.244,DEBUG,8BDBD84FE23D07642B471554BBE73E18,Returning cached instance of singleton bean 'xml_path'
05-23-2017 01:07:03.244,DEBUG,8BDBD84FE23D07642B471554BBE73E18,Read [class vn.bananavietnam.ict.banana.component.Bnn0089SearchTaskConditions] as "application/json" with [org.springframework.http.converter.json.MappingJackson2HttpMessageConverter@156f2cc]
05-23-2017 01:07:03.244,INFO ,8BDBD84FE23D07642B471554BBE73E18,U0000000001,vn.bananavietnam.ict.banana.service.Bnn0089SearchTaskService,searchData,[vn.bananavietnam.ict.banana.component.Bnn0089SearchTaskConditions@db7168] METHOD START
05-23-2017 01:07:03.244,DEBUG,8BDBD84FE23D07642B471554BBE73E18,Returning cached instance of singleton bean 'transactionManager'
05-23-2017 01:07:03.245,INFO ,8BDBD84FE23D07642B471554BBE73E18,U0000000001,Task searching started
05-23-2017 01:07:03.245,DEBUG,8BDBD84FE23D07642B471554BBE73E18,Creating a new SqlSession
05-23-2017 01:07:03.245,DEBUG,8BDBD84FE23D07642B471554BBE73E18,Registering transaction synchronization for SqlSession [org.apache.ibatis.session.defaults.DefaultSqlSession@11a3f98]
05-23-2017 01:07:03.245,DEBUG,8BDBD84FE23D07642B471554BBE73E18,Fetching JDBC Connection from DataSource
05-23-2017 01:07:03.245,DEBUG,8BDBD84FE23D07642B471554BBE73E18,Creating new JDBC DriverManager Connection to [jdbc:mysql://172.16.0.175:3306/BANANA_DB_HUNG_SELENIUM?useUnicode=yes&characterEncoding=UTF-8&autoReconnect=true]
05-23-2017 01:07:03.260,DEBUG,8BDBD84FE23D07642B471554BBE73E18,Registering transaction synchronization for JDBC Connection
05-23-2017 01:07:03.260,DEBUG,8BDBD84FE23D07642B471554BBE73E18,JDBC Connection [com.mysql.jdbc.JDBC4Connection@86f43b] will be managed by Spring
05-23-2017 01:07:03.260,DEBUG,8BDBD84FE23D07642B471554BBE73E18,==>  Preparing: SELECT T.TASK_ID taskId, T.TASK_NAME taskName, T.WORKING_DETAILS workingDetails, T.NOTE note, T.QUARANTINE_HANDLING_FLAG quarantineHandlingFlag, T.DELETE_FLAG deleteFlag, T.CHANGE_POINT_CODE changePointCode, T.LAST_UPDATE_DATE lastUpdateDate FROM IVB_M_TASK T WHERE 1 = 1 AND T.DELETE_FLAG = '0' ORDER BY T.TASK_NAME LIMIT ?,? 
05-23-2017 01:07:03.260,DEBUG,8BDBD84FE23D07642B471554BBE73E18,==> Parameters: 0(Integer), 20(Integer)
05-23-2017 01:07:03.263,DEBUG,8BDBD84FE23D07642B471554BBE73E18,<==      Total: 20
05-23-2017 01:07:03.264,DEBUG,8BDBD84FE23D07642B471554BBE73E18,Releasing transactional SqlSession [org.apache.ibatis.session.defaults.DefaultSqlSession@11a3f98]
05-23-2017 01:07:03.264,INFO ,8BDBD84FE23D07642B471554BBE73E18,U0000000001,SQL execution finished
05-23-2017 01:07:03.264,DEBUG,8BDBD84FE23D07642B471554BBE73E18,Fetched SqlSession [org.apache.ibatis.session.defaults.DefaultSqlSession@11a3f98] from current transaction
05-23-2017 01:07:03.264,DEBUG,8BDBD84FE23D07642B471554BBE73E18,==>  Preparing: SELECT COUNT(*) FROM IVB_M_TASK T WHERE 1 = 1 AND T.DELETE_FLAG = '0' ORDER BY T.TASK_ID 
05-23-2017 01:07:03.264,DEBUG,8BDBD84FE23D07642B471554BBE73E18,==> Parameters: 
05-23-2017 01:07:03.265,DEBUG,8BDBD84FE23D07642B471554BBE73E18,<==      Total: 1
05-23-2017 01:07:03.265,DEBUG,8BDBD84FE23D07642B471554BBE73E18,Releasing transactional SqlSession [org.apache.ibatis.session.defaults.DefaultSqlSession@11a3f98]
05-23-2017 01:07:03.266,INFO ,8BDBD84FE23D07642B471554BBE73E18,U0000000001,Task searching finished ==> 43 item(s)
05-23-2017 01:07:03.266,DEBUG,8BDBD84FE23D07642B471554BBE73E18,Transaction synchronization deregistering SqlSession [org.apache.ibatis.session.defaults.DefaultSqlSession@11a3f98]
05-23-2017 01:07:03.266,DEBUG,8BDBD84FE23D07642B471554BBE73E18,Transaction synchronization closing SqlSession [org.apache.ibatis.session.defaults.DefaultSqlSession@11a3f98]
05-23-2017 01:07:03.266,DEBUG,8BDBD84FE23D07642B471554BBE73E18,Returning JDBC Connection to DataSource
05-23-2017 01:07:03.266,INFO ,8BDBD84FE23D07642B471554BBE73E18,U0000000001,vn.bananavietnam.ict.banana.service.Bnn0089SearchTaskService,searchData,[vn.bananavietnam.ict.banana.component.Bnn0089SearchTaskConditions@db7168] METHOD END
05-23-2017 01:07:03.267,DEBUG,8BDBD84FE23D07642B471554BBE73E18,Written [[vn.bananavietnam.ict.banana.component.Bnn0089SearchTaskResult@43629, vn.bananavietnam.ict.banana.component.Bnn0089SearchTaskResult@14e648e, vn.bananavietnam.ict.banana.component.Bnn0089SearchTaskResult@1172d4f, vn.bananavietnam.ict.banana.component.Bnn0089SearchTaskResult@ff13a8, vn.bananavietnam.ict.banana.component.Bnn0089SearchTaskResult@1cbcea0, vn.bananavietnam.ict.banana.component.Bnn0089SearchTaskResult@115b643, vn.bananavietnam.ict.banana.component.Bnn0089SearchTaskResult@14c8ebb, vn.bananavietnam.ict.banana.component.Bnn0089SearchTaskResult@164ab29, vn.bananavietnam.ict.banana.component.Bnn0089SearchTaskResult@b7c66b, vn.bananavietnam.ict.banana.component.Bnn0089SearchTaskResult@3adf10, vn.bananavietnam.ict.banana.component.Bnn0089SearchTaskResult@1c4a53a, vn.bananavietnam.ict.banana.component.Bnn0089SearchTaskResult@13576c8, vn.bananavietnam.ict.banana.component.Bnn0089SearchTaskResult@18b789b, vn.bananavietnam.ict.banana.component.Bnn0089SearchTaskResult@131f625, vn.bananavietnam.ict.banana.component.Bnn0089SearchTaskResult@190728c, vn.bananavietnam.ict.banana.component.Bnn0089SearchTaskResult@11dd200, vn.bananavietnam.ict.banana.component.Bnn0089SearchTaskResult@1962998, vn.bananavietnam.ict.banana.component.Bnn0089SearchTaskResult@17e7b51, vn.bananavietnam.ict.banana.component.Bnn0089SearchTaskResult@1526ce0, vn.bananavietnam.ict.banana.component.Bnn0089SearchTaskResult@943718]] as "application/json;charset=UTF-8" using [org.springframework.http.converter.json.MappingJackson2HttpMessageConverter@156f2cc]
05-23-2017 01:07:03.267,DEBUG,8BDBD84FE23D07642B471554BBE73E18,Null ModelAndView returned to DispatcherServlet with name 'appServlet': assuming HandlerAdapter completed request handling
05-23-2017 01:07:03.267,DEBUG,8BDBD84FE23D07642B471554BBE73E18,Successfully completed request
05-23-2017 01:07:03.267,DEBUG,8BDBD84FE23D07642B471554BBE73E18,Chain processed normally
05-23-2017 01:07:03.267,DEBUG,8BDBD84FE23D07642B471554BBE73E18,SecurityContextHolder now cleared, as request processing completed
