05-23-2017 01:41:27.182,DEBUG,5E44780726FA5DF7FACE3792809134EF,/0089/searchData at position 1 of 11 in additional filter chain; firing Filter: 'SecurityContextPersistenceFilter'
05-23-2017 01:41:27.182,DEBUG,5E44780726FA5DF7FACE3792809134EF,No HttpSession currently exists
05-23-2017 01:41:27.182,DEBUG,5E44780726FA5DF7FACE3792809134EF,No SecurityContext was available from the HttpSession: null. A new one will be created.
05-23-2017 01:41:27.182,DEBUG,5E44780726FA5DF7FACE3792809134EF,/0089/searchData at position 2 of 11 in additional filter chain; firing Filter: 'WebAsyncManagerIntegrationFilter'
05-23-2017 01:41:27.182,DEBUG,5E44780726FA5DF7FACE3792809134EF,/0089/searchData at position 3 of 11 in additional filter chain; firing Filter: 'LogoutFilter'
05-23-2017 01:41:27.182,DEBUG,5E44780726FA5DF7FACE3792809134EF,/0089/searchData at position 4 of 11 in additional filter chain; firing Filter: 'UsernamePasswordAuthenticationFilter'
05-23-2017 01:41:27.182,DEBUG,5E44780726FA5DF7FACE3792809134EF,/0089/searchData at position 5 of 11 in additional filter chain; firing Filter: 'BasicAuthenticationFilter'
05-23-2017 01:41:27.182,DEBUG,5E44780726FA5DF7FACE3792809134EF,/0089/searchData at position 6 of 11 in additional filter chain; firing Filter: 'RequestCacheAwareFilter'
05-23-2017 01:41:27.182,DEBUG,5E44780726FA5DF7FACE3792809134EF,/0089/searchData at position 7 of 11 in additional filter chain; firing Filter: 'SecurityContextHolderAwareRequestFilter'
05-23-2017 01:41:27.182,DEBUG,5E44780726FA5DF7FACE3792809134EF,/0089/searchData at position 8 of 11 in additional filter chain; firing Filter: 'AnonymousAuthenticationFilter'
05-23-2017 01:41:27.182,DEBUG,5E44780726FA5DF7FACE3792809134EF,Populated SecurityContextHolder with anonymous token: 'org.springframework.security.authentication.AnonymousAuthenticationToken@9055c2bc: Principal: anonymousUser; Credentials: [PROTECTED]; Authenticated: true; Details: org.springframework.security.web.authentication.WebAuthenticationDetails@b364: RemoteIpAddress: 0:0:0:0:0:0:0:1; SessionId: null; Granted Authorities: ROLE_ANONYMOUS'
05-23-2017 01:41:27.182,DEBUG,5E44780726FA5DF7FACE3792809134EF,/0089/searchData at position 9 of 11 in additional filter chain; firing Filter: 'SessionManagementFilter'
05-23-2017 01:41:27.182,DEBUG,5E44780726FA5DF7FACE3792809134EF,Requested session ID 5E44780726FA5DF7FACE3792809134EF is invalid.
05-23-2017 01:41:27.182,DEBUG,5E44780726FA5DF7FACE3792809134EF,/0089/searchData at position 10 of 11 in additional filter chain; firing Filter: 'ExceptionTranslationFilter'
05-23-2017 01:41:27.182,DEBUG,5E44780726FA5DF7FACE3792809134EF,/0089/searchData at position 11 of 11 in additional filter chain; firing Filter: 'FilterSecurityInterceptor'
05-23-2017 01:41:27.182,DEBUG,5E44780726FA5DF7FACE3792809134EF,Checking match of request : '/0089/searchdata'; against '/autherror*'
05-23-2017 01:41:27.183,DEBUG,5E44780726FA5DF7FACE3792809134EF,Checking match of request : '/0089/searchdata'; against '/login/**'
05-23-2017 01:41:27.183,DEBUG,5E44780726FA5DF7FACE3792809134EF,Checking match of request : '/0089/searchdata'; against '/error/**'
05-23-2017 01:41:27.183,DEBUG,5E44780726FA5DF7FACE3792809134EF,Checking match of request : '/0089/searchdata'; against '/0001/**'
05-23-2017 01:41:27.183,DEBUG,5E44780726FA5DF7FACE3792809134EF,Checking match of request : '/0089/searchdata'; against '/0002/**'
05-23-2017 01:41:27.183,DEBUG,5E44780726FA5DF7FACE3792809134EF,Checking match of request : '/0089/searchdata'; against '/0003/**'
05-23-2017 01:41:27.183,DEBUG,5E44780726FA5DF7FACE3792809134EF,Checking match of request : '/0089/searchdata'; against '/0005/**'
05-23-2017 01:41:27.183,DEBUG,5E44780726FA5DF7FACE3792809134EF,Checking match of request : '/0089/searchdata'; against '/0007/**'
05-23-2017 01:41:27.183,DEBUG,5E44780726FA5DF7FACE3792809134EF,Checking match of request : '/0089/searchdata'; against '/0009/**'
05-23-2017 01:41:27.183,DEBUG,5E44780726FA5DF7FACE3792809134EF,Checking match of request : '/0089/searchdata'; against '/0013/**'
05-23-2017 01:41:27.183,DEBUG,5E44780726FA5DF7FACE3792809134EF,Checking match of request : '/0089/searchdata'; against '/0023/**'
05-23-2017 01:41:27.183,DEBUG,5E44780726FA5DF7FACE3792809134EF,Checking match of request : '/0089/searchdata'; against '/0017/**'
05-23-2017 01:41:27.183,DEBUG,5E44780726FA5DF7FACE3792809134EF,Checking match of request : '/0089/searchdata'; against '/0031/**'
05-23-2017 01:41:27.183,DEBUG,5E44780726FA5DF7FACE3792809134EF,Checking match of request : '/0089/searchdata'; against '/0035/**'
05-23-2017 01:41:27.183,DEBUG,5E44780726FA5DF7FACE3792809134EF,Checking match of request : '/0089/searchdata'; against '/0037/**'
05-23-2017 01:41:27.183,DEBUG,5E44780726FA5DF7FACE3792809134EF,Checking match of request : '/0089/searchdata'; against '/0045/**'
05-23-2017 01:41:27.183,DEBUG,5E44780726FA5DF7FACE3792809134EF,Checking match of request : '/0089/searchdata'; against '/0047/**'
05-23-2017 01:41:27.183,DEBUG,5E44780726FA5DF7FACE3792809134EF,Checking match of request : '/0089/searchdata'; against '/0049/**'
05-23-2017 01:41:27.183,DEBUG,5E44780726FA5DF7FACE3792809134EF,Checking match of request : '/0089/searchdata'; against '/0061/**'
05-23-2017 01:41:27.183,DEBUG,5E44780726FA5DF7FACE3792809134EF,Checking match of request : '/0089/searchdata'; against '/0087/**'
05-23-2017 01:41:27.183,DEBUG,5E44780726FA5DF7FACE3792809134EF,Checking match of request : '/0089/searchdata'; against '/0075/**'
05-23-2017 01:41:27.183,DEBUG,5E44780726FA5DF7FACE3792809134EF,Checking match of request : '/0089/searchdata'; against '/0089/**'
05-23-2017 01:41:27.183,DEBUG,5E44780726FA5DF7FACE3792809134EF,Secure object: FilterInvocation: URL: /0089/searchData; Attributes: [ROLE_ADMIN, ROLE_USER, IS_AUTHENTICATED_FULLY]
05-23-2017 01:41:27.183,DEBUG,5E44780726FA5DF7FACE3792809134EF,Previously Authenticated: org.springframework.security.authentication.AnonymousAuthenticationToken@9055c2bc: Principal: anonymousUser; Credentials: [PROTECTED]; Authenticated: true; Details: org.springframework.security.web.authentication.WebAuthenticationDetails@b364: RemoteIpAddress: 0:0:0:0:0:0:0:1; SessionId: null; Granted Authorities: ROLE_ANONYMOUS
05-23-2017 01:41:27.183,DEBUG,5E44780726FA5DF7FACE3792809134EF,Voter: org.springframework.security.access.vote.RoleVoter@1ac872d, returned: -1
05-23-2017 01:41:27.183,DEBUG,5E44780726FA5DF7FACE3792809134EF,Voter: org.springframework.security.access.vote.AuthenticatedVoter@b1927d, returned: -1
05-23-2017 01:41:27.183,DEBUG,5E44780726FA5DF7FACE3792809134EF,Access is denied (user is anonymous); redirecting to authentication entry point
05-23-2017 01:41:27.184,DEBUG,5E44780726FA5DF7FACE3792809134EF,DefaultSavedRequest added to Session: DefaultSavedRequest[http://localhost:8080/ict/0089/searchData]
05-23-2017 01:41:27.184,DEBUG,5E44780726FA5DF7FACE3792809134EF,Calling Authentication entry point.
05-23-2017 01:41:27.184,DEBUG,5E44780726FA5DF7FACE3792809134EF,Redirecting to 'http://localhost:8080/ict/'
05-23-2017 01:41:27.184,DEBUG,5E44780726FA5DF7FACE3792809134EF,SecurityContext is empty or contents are anonymous - context will not be stored in HttpSession.
05-23-2017 01:41:27.184,DEBUG,5E44780726FA5DF7FACE3792809134EF,SecurityContextHolder now cleared, as request processing completed
05-23-2017 01:41:27.189,DEBUG,B22404B933EBA1857DBB7889F36859F3,/login at position 1 of 11 in additional filter chain; firing Filter: 'SecurityContextPersistenceFilter'
05-23-2017 01:41:27.189,DEBUG,B22404B933EBA1857DBB7889F36859F3,HttpSession returned null object for SPRING_SECURITY_CONTEXT
05-23-2017 01:41:27.189,DEBUG,B22404B933EBA1857DBB7889F36859F3,No SecurityContext was available from the HttpSession: org.apache.catalina.session.StandardSessionFacade@d6eb75. A new one will be created.
05-23-2017 01:41:27.189,DEBUG,B22404B933EBA1857DBB7889F36859F3,/login at position 2 of 11 in additional filter chain; firing Filter: 'WebAsyncManagerIntegrationFilter'
05-23-2017 01:41:27.189,DEBUG,B22404B933EBA1857DBB7889F36859F3,/login at position 3 of 11 in additional filter chain; firing Filter: 'LogoutFilter'
05-23-2017 01:41:27.189,DEBUG,B22404B933EBA1857DBB7889F36859F3,Logging out user 'null' and transferring to logout destination
05-23-2017 01:41:27.189,DEBUG,B22404B933EBA1857DBB7889F36859F3,Invalidating session: EF110C9255CAB0E7A225A8B85B2F52FD
05-23-2017 01:41:27.189,DEBUG,B22404B933EBA1857DBB7889F36859F3,Using default Url: /
05-23-2017 01:41:27.189,DEBUG,B22404B933EBA1857DBB7889F36859F3,Redirecting to '/ict/'
05-23-2017 01:41:27.189,DEBUG,B22404B933EBA1857DBB7889F36859F3,SecurityContext is empty or contents are anonymous - context will not be stored in HttpSession.
05-23-2017 01:41:27.189,DEBUG,B22404B933EBA1857DBB7889F36859F3,SecurityContextHolder now cleared, as request processing completed
05-23-2017 01:41:27.191,DEBUG,B22404B933EBA1857DBB7889F36859F3,/ at position 1 of 11 in additional filter chain; firing Filter: 'SecurityContextPersistenceFilter'
05-23-2017 01:41:27.191,DEBUG,B22404B933EBA1857DBB7889F36859F3,No HttpSession currently exists
05-23-2017 01:41:27.191,DEBUG,B22404B933EBA1857DBB7889F36859F3,No SecurityContext was available from the HttpSession: null. A new one will be created.
05-23-2017 01:41:27.191,DEBUG,B22404B933EBA1857DBB7889F36859F3,/ at position 2 of 11 in additional filter chain; firing Filter: 'WebAsyncManagerIntegrationFilter'
05-23-2017 01:41:27.191,DEBUG,B22404B933EBA1857DBB7889F36859F3,/ at position 3 of 11 in additional filter chain; firing Filter: 'LogoutFilter'
05-23-2017 01:41:27.191,DEBUG,B22404B933EBA1857DBB7889F36859F3,/ at position 4 of 11 in additional filter chain; firing Filter: 'UsernamePasswordAuthenticationFilter'
05-23-2017 01:41:27.192,DEBUG,B22404B933EBA1857DBB7889F36859F3,/ at position 5 of 11 in additional filter chain; firing Filter: 'BasicAuthenticationFilter'
05-23-2017 01:41:27.192,DEBUG,B22404B933EBA1857DBB7889F36859F3,/ at position 6 of 11 in additional filter chain; firing Filter: 'RequestCacheAwareFilter'
05-23-2017 01:41:27.192,DEBUG,B22404B933EBA1857DBB7889F36859F3,/ at position 7 of 11 in additional filter chain; firing Filter: 'SecurityContextHolderAwareRequestFilter'
05-23-2017 01:41:27.192,DEBUG,B22404B933EBA1857DBB7889F36859F3,/ at position 8 of 11 in additional filter chain; firing Filter: 'AnonymousAuthenticationFilter'
05-23-2017 01:41:27.192,DEBUG,B22404B933EBA1857DBB7889F36859F3,Populated SecurityContextHolder with anonymous token: 'org.springframework.security.authentication.AnonymousAuthenticationToken@9055c2bc: Principal: anonymousUser; Credentials: [PROTECTED]; Authenticated: true; Details: org.springframework.security.web.authentication.WebAuthenticationDetails@b364: RemoteIpAddress: 0:0:0:0:0:0:0:1; SessionId: null; Granted Authorities: ROLE_ANONYMOUS'
05-23-2017 01:41:27.192,DEBUG,B22404B933EBA1857DBB7889F36859F3,/ at position 9 of 11 in additional filter chain; firing Filter: 'SessionManagementFilter'
05-23-2017 01:41:27.192,DEBUG,B22404B933EBA1857DBB7889F36859F3,Requested session ID EF110C9255CAB0E7A225A8B85B2F52FD is invalid.
05-23-2017 01:41:27.192,DEBUG,B22404B933EBA1857DBB7889F36859F3,/ at position 10 of 11 in additional filter chain; firing Filter: 'ExceptionTranslationFilter'
05-23-2017 01:41:27.192,DEBUG,B22404B933EBA1857DBB7889F36859F3,/ at position 11 of 11 in additional filter chain; firing Filter: 'FilterSecurityInterceptor'
05-23-2017 01:41:27.192,DEBUG,B22404B933EBA1857DBB7889F36859F3,Checking match of request : '/'; against '/autherror*'
05-23-2017 01:41:27.192,DEBUG,B22404B933EBA1857DBB7889F36859F3,Checking match of request : '/'; against '/login/**'
05-23-2017 01:41:27.192,DEBUG,B22404B933EBA1857DBB7889F36859F3,Checking match of request : '/'; against '/error/**'
05-23-2017 01:41:27.192,DEBUG,B22404B933EBA1857DBB7889F36859F3,Checking match of request : '/'; against '/0001/**'
05-23-2017 01:41:27.192,DEBUG,B22404B933EBA1857DBB7889F36859F3,Checking match of request : '/'; against '/0002/**'
05-23-2017 01:41:27.192,DEBUG,B22404B933EBA1857DBB7889F36859F3,Checking match of request : '/'; against '/0003/**'
05-23-2017 01:41:27.192,DEBUG,B22404B933EBA1857DBB7889F36859F3,Checking match of request : '/'; against '/0005/**'
05-23-2017 01:41:27.192,DEBUG,B22404B933EBA1857DBB7889F36859F3,Checking match of request : '/'; against '/0007/**'
05-23-2017 01:41:27.192,DEBUG,B22404B933EBA1857DBB7889F36859F3,Checking match of request : '/'; against '/0009/**'
05-23-2017 01:41:27.192,DEBUG,B22404B933EBA1857DBB7889F36859F3,Checking match of request : '/'; against '/0013/**'
05-23-2017 01:41:27.192,DEBUG,B22404B933EBA1857DBB7889F36859F3,Checking match of request : '/'; against '/0023/**'
05-23-2017 01:41:27.192,DEBUG,B22404B933EBA1857DBB7889F36859F3,Checking match of request : '/'; against '/0017/**'
05-23-2017 01:41:27.193,DEBUG,B22404B933EBA1857DBB7889F36859F3,Checking match of request : '/'; against '/0031/**'
05-23-2017 01:41:27.193,DEBUG,B22404B933EBA1857DBB7889F36859F3,Checking match of request : '/'; against '/0035/**'
05-23-2017 01:41:27.193,DEBUG,B22404B933EBA1857DBB7889F36859F3,Checking match of request : '/'; against '/0037/**'
05-23-2017 01:41:27.193,DEBUG,B22404B933EBA1857DBB7889F36859F3,Checking match of request : '/'; against '/0045/**'
05-23-2017 01:41:27.193,DEBUG,B22404B933EBA1857DBB7889F36859F3,Checking match of request : '/'; against '/0047/**'
05-23-2017 01:41:27.193,DEBUG,B22404B933EBA1857DBB7889F36859F3,Checking match of request : '/'; against '/0049/**'
05-23-2017 01:41:27.193,DEBUG,B22404B933EBA1857DBB7889F36859F3,Checking match of request : '/'; against '/0061/**'
05-23-2017 01:41:27.193,DEBUG,B22404B933EBA1857DBB7889F36859F3,Checking match of request : '/'; against '/0087/**'
05-23-2017 01:41:27.193,DEBUG,B22404B933EBA1857DBB7889F36859F3,Checking match of request : '/'; against '/0075/**'
05-23-2017 01:41:27.193,DEBUG,B22404B933EBA1857DBB7889F36859F3,Checking match of request : '/'; against '/0089/**'
05-23-2017 01:41:27.193,DEBUG,B22404B933EBA1857DBB7889F36859F3,Checking match of request : '/'; against '/0090/**'
05-23-2017 01:41:27.193,DEBUG,B22404B933EBA1857DBB7889F36859F3,Checking match of request : '/'; against '/0091/**'
05-23-2017 01:41:27.193,DEBUG,B22404B933EBA1857DBB7889F36859F3,Checking match of request : '/'; against '/0092/**'
05-23-2017 01:41:27.193,DEBUG,B22404B933EBA1857DBB7889F36859F3,Checking match of request : '/'; against '/0095/**'
05-23-2017 01:41:27.193,DEBUG,B22404B933EBA1857DBB7889F36859F3,Secure object: FilterInvocation: URL: /; Attributes: [IS_AUTHENTICATED_ANONYMOUSLY]
05-23-2017 01:41:27.193,DEBUG,B22404B933EBA1857DBB7889F36859F3,Previously Authenticated: org.springframework.security.authentication.AnonymousAuthenticationToken@9055c2bc: Principal: anonymousUser; Credentials: [PROTECTED]; Authenticated: true; Details: org.springframework.security.web.authentication.WebAuthenticationDetails@b364: RemoteIpAddress: 0:0:0:0:0:0:0:1; SessionId: null; Granted Authorities: ROLE_ANONYMOUS
05-23-2017 01:41:27.193,DEBUG,B22404B933EBA1857DBB7889F36859F3,Voter: org.springframework.security.access.vote.RoleVoter@1ac872d, returned: 0
05-23-2017 01:41:27.193,DEBUG,B22404B933EBA1857DBB7889F36859F3,Voter: org.springframework.security.access.vote.AuthenticatedVoter@b1927d, returned: 1
05-23-2017 01:41:27.193,DEBUG,B22404B933EBA1857DBB7889F36859F3,Authorization successful
05-23-2017 01:41:27.193,DEBUG,B22404B933EBA1857DBB7889F36859F3,RunAsManager did not change Authentication object
05-23-2017 01:41:27.193,DEBUG,B22404B933EBA1857DBB7889F36859F3,/ reached end of additional filter chain; proceeding with original chain
05-23-2017 01:41:27.193,DEBUG,B22404B933EBA1857DBB7889F36859F3,Request [/ict/] is not a multipart request
05-23-2017 01:41:27.193,DEBUG,7A64DAD34F35BE475E88FC8597E944BD,DispatcherServlet with name 'appServlet' processing GET request for [/ict/]
05-23-2017 01:41:27.193,DEBUG,7A64DAD34F35BE475E88FC8597E944BD,Looking up handler method for path /
05-23-2017 01:41:27.193,DEBUG,7A64DAD34F35BE475E88FC8597E944BD,Returning handler method [public java.lang.String vn.bananavietnam.ict.common.controller.AuthController.login()]
05-23-2017 01:41:27.193,DEBUG,7A64DAD34F35BE475E88FC8597E944BD,Returning cached instance of singleton bean 'authController'
05-23-2017 01:41:27.193,DEBUG,7A64DAD34F35BE475E88FC8597E944BD,Last-Modified value for [/ict/] is: -1
05-23-2017 01:41:27.194,DEBUG,7A64DAD34F35BE475E88FC8597E944BD,Returning cached instance of singleton bean 'xml_path'
05-23-2017 01:41:27.194,DEBUG,7A64DAD34F35BE475E88FC8597E944BD,Rendering view [org.springframework.web.servlet.view.JstlView: name 'common/PageWrapper'; URL [/WEB-INF/views/common/PageWrapper.jsp]] in DispatcherServlet with name 'appServlet'
05-23-2017 01:41:27.194,DEBUG,7A64DAD34F35BE475E88FC8597E944BD,Forwarding to resource [/WEB-INF/views/common/PageWrapper.jsp] in InternalResourceView 'common/PageWrapper'
05-23-2017 01:41:27.194,DEBUG,7A64DAD34F35BE475E88FC8597E944BD,SecurityContext is empty or contents are anonymous - context will not be stored in HttpSession.
05-23-2017 01:41:27.194,DEBUG,7A64DAD34F35BE475E88FC8597E944BD,Successfully completed request
05-23-2017 01:41:27.194,DEBUG,7A64DAD34F35BE475E88FC8597E944BD,Chain processed normally
05-23-2017 01:41:27.195,DEBUG,7A64DAD34F35BE475E88FC8597E944BD,SecurityContextHolder now cleared, as request processing completed
05-23-2017 01:41:27.200,DEBUG,5E44780726FA5DF7FACE3792809134EF,/login/ at position 1 of 11 in additional filter chain; firing Filter: 'SecurityContextPersistenceFilter'
05-23-2017 01:41:27.200,DEBUG,5E44780726FA5DF7FACE3792809134EF,HttpSession returned null object for SPRING_SECURITY_CONTEXT
05-23-2017 01:41:27.200,DEBUG,5E44780726FA5DF7FACE3792809134EF,No SecurityContext was available from the HttpSession: org.apache.catalina.session.StandardSessionFacade@1c1de3. A new one will be created.
05-23-2017 01:41:27.200,DEBUG,5E44780726FA5DF7FACE3792809134EF,/login/ at position 2 of 11 in additional filter chain; firing Filter: 'WebAsyncManagerIntegrationFilter'
05-23-2017 01:41:27.200,DEBUG,5E44780726FA5DF7FACE3792809134EF,/login/ at position 3 of 11 in additional filter chain; firing Filter: 'LogoutFilter'
05-23-2017 01:41:27.200,DEBUG,5E44780726FA5DF7FACE3792809134EF,/login/ at position 4 of 11 in additional filter chain; firing Filter: 'UsernamePasswordAuthenticationFilter'
05-23-2017 01:41:27.200,DEBUG,5E44780726FA5DF7FACE3792809134EF,/login/ at position 5 of 11 in additional filter chain; firing Filter: 'BasicAuthenticationFilter'
05-23-2017 01:41:27.200,DEBUG,5E44780726FA5DF7FACE3792809134EF,/login/ at position 6 of 11 in additional filter chain; firing Filter: 'RequestCacheAwareFilter'
05-23-2017 01:41:27.200,DEBUG,5E44780726FA5DF7FACE3792809134EF,/login/ at position 7 of 11 in additional filter chain; firing Filter: 'SecurityContextHolderAwareRequestFilter'
05-23-2017 01:41:27.200,DEBUG,5E44780726FA5DF7FACE3792809134EF,/login/ at position 8 of 11 in additional filter chain; firing Filter: 'AnonymousAuthenticationFilter'
05-23-2017 01:41:27.200,DEBUG,5E44780726FA5DF7FACE3792809134EF,Populated SecurityContextHolder with anonymous token: 'org.springframework.security.authentication.AnonymousAuthenticationToken@90541710: Principal: anonymousUser; Credentials: [PROTECTED]; Authenticated: true; Details: org.springframework.security.web.authentication.WebAuthenticationDetails@166c8: RemoteIpAddress: 0:0:0:0:0:0:0:1; SessionId: 7A64DAD34F35BE475E88FC8597E944BD; Granted Authorities: ROLE_ANONYMOUS'
05-23-2017 01:41:27.200,DEBUG,5E44780726FA5DF7FACE3792809134EF,/login/ at position 9 of 11 in additional filter chain; firing Filter: 'SessionManagementFilter'
05-23-2017 01:41:27.200,DEBUG,5E44780726FA5DF7FACE3792809134EF,/login/ at position 10 of 11 in additional filter chain; firing Filter: 'ExceptionTranslationFilter'
05-23-2017 01:41:27.200,DEBUG,5E44780726FA5DF7FACE3792809134EF,/login/ at position 11 of 11 in additional filter chain; firing Filter: 'FilterSecurityInterceptor'
05-23-2017 01:41:27.200,DEBUG,5E44780726FA5DF7FACE3792809134EF,Checking match of request : '/login/'; against '/autherror*'
05-23-2017 01:41:27.200,DEBUG,5E44780726FA5DF7FACE3792809134EF,Checking match of request : '/login/'; against '/login/**'
05-23-2017 01:41:27.200,DEBUG,5E44780726FA5DF7FACE3792809134EF,Secure object: FilterInvocation: URL: /login/; Attributes: [IS_AUTHENTICATED_ANONYMOUSLY]
05-23-2017 01:41:27.200,DEBUG,5E44780726FA5DF7FACE3792809134EF,Previously Authenticated: org.springframework.security.authentication.AnonymousAuthenticationToken@90541710: Principal: anonymousUser; Credentials: [PROTECTED]; Authenticated: true; Details: org.springframework.security.web.authentication.WebAuthenticationDetails@166c8: RemoteIpAddress: 0:0:0:0:0:0:0:1; SessionId: 7A64DAD34F35BE475E88FC8597E944BD; Granted Authorities: ROLE_ANONYMOUS
05-23-2017 01:41:27.200,DEBUG,5E44780726FA5DF7FACE3792809134EF,Voter: org.springframework.security.access.vote.RoleVoter@1ac872d, returned: 0
05-23-2017 01:41:27.200,DEBUG,5E44780726FA5DF7FACE3792809134EF,Voter: org.springframework.security.access.vote.AuthenticatedVoter@b1927d, returned: 1
05-23-2017 01:41:27.200,DEBUG,5E44780726FA5DF7FACE3792809134EF,Authorization successful
05-23-2017 01:41:27.200,DEBUG,5E44780726FA5DF7FACE3792809134EF,RunAsManager did not change Authentication object
05-23-2017 01:41:27.200,DEBUG,5E44780726FA5DF7FACE3792809134EF,/login/ reached end of additional filter chain; proceeding with original chain
05-23-2017 01:41:27.200,DEBUG,5E44780726FA5DF7FACE3792809134EF,Request [/ict/login/] is not a multipart request
05-23-2017 01:41:27.200,DEBUG,7A64DAD34F35BE475E88FC8597E944BD,DispatcherServlet with name 'appServlet' processing GET request for [/ict/login/]
05-23-2017 01:41:27.200,DEBUG,7A64DAD34F35BE475E88FC8597E944BD,Looking up handler method for path /login/
05-23-2017 01:41:27.201,DEBUG,7A64DAD34F35BE475E88FC8597E944BD,Returning handler method [public java.lang.String vn.bananavietnam.ict.common.controller.LoginController.top(java.util.Locale,org.springframework.ui.Model)]
05-23-2017 01:41:27.201,DEBUG,7A64DAD34F35BE475E88FC8597E944BD,Returning cached instance of singleton bean 'loginController'
05-23-2017 01:41:27.201,DEBUG,7A64DAD34F35BE475E88FC8597E944BD,Last-Modified value for [/ict/login/] is: -1
05-23-2017 01:41:27.201,DEBUG,7A64DAD34F35BE475E88FC8597E944BD,Returning cached instance of singleton bean 'xml_path'
05-23-2017 01:41:27.201,DEBUG,7A64DAD34F35BE475E88FC8597E944BD,Rendering view [org.springframework.web.servlet.view.JstlView: name 'common/login'; URL [/WEB-INF/views/common/login.jsp]] in DispatcherServlet with name 'appServlet'
05-23-2017 01:41:27.201,DEBUG,7A64DAD34F35BE475E88FC8597E944BD,Forwarding to resource [/WEB-INF/views/common/login.jsp] in InternalResourceView 'common/login'
05-23-2017 01:41:27.203,DEBUG,7A64DAD34F35BE475E88FC8597E944BD,SecurityContext is empty or contents are anonymous - context will not be stored in HttpSession.
05-23-2017 01:41:27.203,DEBUG,7A64DAD34F35BE475E88FC8597E944BD,Successfully completed request
05-23-2017 01:41:27.204,DEBUG,7A64DAD34F35BE475E88FC8597E944BD,Chain processed normally
05-23-2017 01:41:27.204,DEBUG,7A64DAD34F35BE475E88FC8597E944BD,SecurityContextHolder now cleared, as request processing completed
05-23-2017 01:41:34.191,DEBUG,86DE596B909BBCAE1591170738FF4EBD,/?language=jp at position 1 of 11 in additional filter chain; firing Filter: 'SecurityContextPersistenceFilter'
05-23-2017 01:41:34.191,DEBUG,86DE596B909BBCAE1591170738FF4EBD,HttpSession returned null object for SPRING_SECURITY_CONTEXT
05-23-2017 01:41:34.191,DEBUG,86DE596B909BBCAE1591170738FF4EBD,No SecurityContext was available from the HttpSession: org.apache.catalina.session.StandardSessionFacade@1c1de3. A new one will be created.
05-23-2017 01:41:34.191,DEBUG,86DE596B909BBCAE1591170738FF4EBD,/?language=jp at position 2 of 11 in additional filter chain; firing Filter: 'WebAsyncManagerIntegrationFilter'
05-23-2017 01:41:34.191,DEBUG,86DE596B909BBCAE1591170738FF4EBD,/?language=jp at position 3 of 11 in additional filter chain; firing Filter: 'LogoutFilter'
05-23-2017 01:41:34.191,DEBUG,86DE596B909BBCAE1591170738FF4EBD,/?language=jp at position 4 of 11 in additional filter chain; firing Filter: 'UsernamePasswordAuthenticationFilter'
05-23-2017 01:41:34.191,DEBUG,86DE596B909BBCAE1591170738FF4EBD,/?language=jp at position 5 of 11 in additional filter chain; firing Filter: 'BasicAuthenticationFilter'
05-23-2017 01:41:34.191,DEBUG,86DE596B909BBCAE1591170738FF4EBD,/?language=jp at position 6 of 11 in additional filter chain; firing Filter: 'RequestCacheAwareFilter'
05-23-2017 01:41:34.191,DEBUG,86DE596B909BBCAE1591170738FF4EBD,/?language=jp at position 7 of 11 in additional filter chain; firing Filter: 'SecurityContextHolderAwareRequestFilter'
05-23-2017 01:41:34.191,DEBUG,86DE596B909BBCAE1591170738FF4EBD,/?language=jp at position 8 of 11 in additional filter chain; firing Filter: 'AnonymousAuthenticationFilter'
05-23-2017 01:41:34.191,DEBUG,86DE596B909BBCAE1591170738FF4EBD,Populated SecurityContextHolder with anonymous token: 'org.springframework.security.authentication.AnonymousAuthenticationToken@90541710: Principal: anonymousUser; Credentials: [PROTECTED]; Authenticated: true; Details: org.springframework.security.web.authentication.WebAuthenticationDetails@166c8: RemoteIpAddress: 0:0:0:0:0:0:0:1; SessionId: 7A64DAD34F35BE475E88FC8597E944BD; Granted Authorities: ROLE_ANONYMOUS'
05-23-2017 01:41:34.191,DEBUG,86DE596B909BBCAE1591170738FF4EBD,/?language=jp at position 9 of 11 in additional filter chain; firing Filter: 'SessionManagementFilter'
05-23-2017 01:41:34.191,DEBUG,86DE596B909BBCAE1591170738FF4EBD,/?language=jp at position 10 of 11 in additional filter chain; firing Filter: 'ExceptionTranslationFilter'
05-23-2017 01:41:34.191,DEBUG,86DE596B909BBCAE1591170738FF4EBD,/?language=jp at position 11 of 11 in additional filter chain; firing Filter: 'FilterSecurityInterceptor'
05-23-2017 01:41:34.191,DEBUG,86DE596B909BBCAE1591170738FF4EBD,Checking match of request : '/'; against '/autherror*'
05-23-2017 01:41:34.191,DEBUG,86DE596B909BBCAE1591170738FF4EBD,Checking match of request : '/'; against '/login/**'
05-23-2017 01:41:34.191,DEBUG,86DE596B909BBCAE1591170738FF4EBD,Checking match of request : '/'; against '/error/**'
05-23-2017 01:41:34.191,DEBUG,86DE596B909BBCAE1591170738FF4EBD,Checking match of request : '/'; against '/0001/**'
05-23-2017 01:41:34.191,DEBUG,86DE596B909BBCAE1591170738FF4EBD,Checking match of request : '/'; against '/0002/**'
05-23-2017 01:41:34.191,DEBUG,86DE596B909BBCAE1591170738FF4EBD,Checking match of request : '/'; against '/0003/**'
05-23-2017 01:41:34.191,DEBUG,86DE596B909BBCAE1591170738FF4EBD,Checking match of request : '/'; against '/0005/**'
05-23-2017 01:41:34.191,DEBUG,86DE596B909BBCAE1591170738FF4EBD,Checking match of request : '/'; against '/0007/**'
05-23-2017 01:41:34.191,DEBUG,86DE596B909BBCAE1591170738FF4EBD,Checking match of request : '/'; against '/0009/**'
05-23-2017 01:41:34.192,DEBUG,86DE596B909BBCAE1591170738FF4EBD,Checking match of request : '/'; against '/0013/**'
05-23-2017 01:41:34.192,DEBUG,86DE596B909BBCAE1591170738FF4EBD,Checking match of request : '/'; against '/0023/**'
05-23-2017 01:41:34.192,DEBUG,86DE596B909BBCAE1591170738FF4EBD,Checking match of request : '/'; against '/0017/**'
05-23-2017 01:41:34.192,DEBUG,86DE596B909BBCAE1591170738FF4EBD,Checking match of request : '/'; against '/0031/**'
05-23-2017 01:41:34.196,DEBUG,86DE596B909BBCAE1591170738FF4EBD,Checking match of request : '/'; against '/0035/**'
05-23-2017 01:41:34.196,DEBUG,86DE596B909BBCAE1591170738FF4EBD,Checking match of request : '/'; against '/0037/**'
05-23-2017 01:41:34.196,DEBUG,86DE596B909BBCAE1591170738FF4EBD,Checking match of request : '/'; against '/0045/**'
05-23-2017 01:41:34.196,DEBUG,86DE596B909BBCAE1591170738FF4EBD,Checking match of request : '/'; against '/0047/**'
05-23-2017 01:41:34.196,DEBUG,86DE596B909BBCAE1591170738FF4EBD,Checking match of request : '/'; against '/0049/**'
05-23-2017 01:41:34.196,DEBUG,86DE596B909BBCAE1591170738FF4EBD,Checking match of request : '/'; against '/0061/**'
05-23-2017 01:41:34.196,DEBUG,86DE596B909BBCAE1591170738FF4EBD,Checking match of request : '/'; against '/0087/**'
05-23-2017 01:41:34.196,DEBUG,86DE596B909BBCAE1591170738FF4EBD,Checking match of request : '/'; against '/0075/**'
05-23-2017 01:41:34.196,DEBUG,86DE596B909BBCAE1591170738FF4EBD,Checking match of request : '/'; against '/0089/**'
05-23-2017 01:41:34.196,DEBUG,86DE596B909BBCAE1591170738FF4EBD,Checking match of request : '/'; against '/0090/**'
05-23-2017 01:41:34.196,DEBUG,86DE596B909BBCAE1591170738FF4EBD,Checking match of request : '/'; against '/0091/**'
05-23-2017 01:41:34.196,DEBUG,86DE596B909BBCAE1591170738FF4EBD,Checking match of request : '/'; against '/0092/**'
05-23-2017 01:41:34.196,DEBUG,86DE596B909BBCAE1591170738FF4EBD,Checking match of request : '/'; against '/0095/**'
05-23-2017 01:41:34.196,DEBUG,86DE596B909BBCAE1591170738FF4EBD,Secure object: FilterInvocation: URL: /?language=jp; Attributes: [IS_AUTHENTICATED_ANONYMOUSLY]
05-23-2017 01:41:34.196,DEBUG,86DE596B909BBCAE1591170738FF4EBD,Previously Authenticated: org.springframework.security.authentication.AnonymousAuthenticationToken@90541710: Principal: anonymousUser; Credentials: [PROTECTED]; Authenticated: true; Details: org.springframework.security.web.authentication.WebAuthenticationDetails@166c8: RemoteIpAddress: 0:0:0:0:0:0:0:1; SessionId: 7A64DAD34F35BE475E88FC8597E944BD; Granted Authorities: ROLE_ANONYMOUS
05-23-2017 01:41:34.196,DEBUG,86DE596B909BBCAE1591170738FF4EBD,Voter: org.springframework.security.access.vote.RoleVoter@1ac872d, returned: 0
05-23-2017 01:41:34.196,DEBUG,86DE596B909BBCAE1591170738FF4EBD,Voter: org.springframework.security.access.vote.AuthenticatedVoter@b1927d, returned: 1
05-23-2017 01:41:34.196,DEBUG,86DE596B909BBCAE1591170738FF4EBD,Authorization successful
05-23-2017 01:41:34.196,DEBUG,86DE596B909BBCAE1591170738FF4EBD,RunAsManager did not change Authentication object
05-23-2017 01:41:34.196,DEBUG,86DE596B909BBCAE1591170738FF4EBD,/?language=jp reached end of additional filter chain; proceeding with original chain
05-23-2017 01:41:34.196,DEBUG,86DE596B909BBCAE1591170738FF4EBD,Request [/ict/] is not a multipart request
05-23-2017 01:41:34.196,DEBUG,7A64DAD34F35BE475E88FC8597E944BD,DispatcherServlet with name 'appServlet' processing GET request for [/ict/]
05-23-2017 01:41:34.196,DEBUG,7A64DAD34F35BE475E88FC8597E944BD,Looking up handler method for path /
05-23-2017 01:41:34.197,DEBUG,7A64DAD34F35BE475E88FC8597E944BD,Returning handler method [public java.lang.String vn.bananavietnam.ict.common.controller.AuthController.login()]
05-23-2017 01:41:34.197,DEBUG,7A64DAD34F35BE475E88FC8597E944BD,Returning cached instance of singleton bean 'authController'
05-23-2017 01:41:34.197,DEBUG,7A64DAD34F35BE475E88FC8597E944BD,Last-Modified value for [/ict/] is: -1
05-23-2017 01:41:34.197,DEBUG,7A64DAD34F35BE475E88FC8597E944BD,Returning cached instance of singleton bean 'xml_path'
05-23-2017 01:41:34.197,DEBUG,7A64DAD34F35BE475E88FC8597E944BD,Rendering view [org.springframework.web.servlet.view.JstlView: name 'common/PageWrapper'; URL [/WEB-INF/views/common/PageWrapper.jsp]] in DispatcherServlet with name 'appServlet'
05-23-2017 01:41:34.198,DEBUG,7A64DAD34F35BE475E88FC8597E944BD,Forwarding to resource [/WEB-INF/views/common/PageWrapper.jsp] in InternalResourceView 'common/PageWrapper'
05-23-2017 01:41:34.198,DEBUG,7A64DAD34F35BE475E88FC8597E944BD,SecurityContext is empty or contents are anonymous - context will not be stored in HttpSession.
05-23-2017 01:41:34.199,DEBUG,7A64DAD34F35BE475E88FC8597E944BD,Successfully completed request
05-23-2017 01:41:34.200,DEBUG,7A64DAD34F35BE475E88FC8597E944BD,Chain processed normally
05-23-2017 01:41:34.200,DEBUG,7A64DAD34F35BE475E88FC8597E944BD,SecurityContextHolder now cleared, as request processing completed
05-23-2017 01:41:34.203,DEBUG,86DE596B909BBCAE1591170738FF4EBD,/login/ at position 1 of 11 in additional filter chain; firing Filter: 'SecurityContextPersistenceFilter'
05-23-2017 01:41:34.203,DEBUG,86DE596B909BBCAE1591170738FF4EBD,HttpSession returned null object for SPRING_SECURITY_CONTEXT
05-23-2017 01:41:34.203,DEBUG,86DE596B909BBCAE1591170738FF4EBD,No SecurityContext was available from the HttpSession: org.apache.catalina.session.StandardSessionFacade@1c1de3. A new one will be created.
05-23-2017 01:41:34.203,DEBUG,86DE596B909BBCAE1591170738FF4EBD,/login/ at position 2 of 11 in additional filter chain; firing Filter: 'WebAsyncManagerIntegrationFilter'
05-23-2017 01:41:34.203,DEBUG,86DE596B909BBCAE1591170738FF4EBD,/login/ at position 3 of 11 in additional filter chain; firing Filter: 'LogoutFilter'
05-23-2017 01:41:34.203,DEBUG,86DE596B909BBCAE1591170738FF4EBD,/login/ at position 4 of 11 in additional filter chain; firing Filter: 'UsernamePasswordAuthenticationFilter'
05-23-2017 01:41:34.203,DEBUG,86DE596B909BBCAE1591170738FF4EBD,/login/ at position 5 of 11 in additional filter chain; firing Filter: 'BasicAuthenticationFilter'
05-23-2017 01:41:34.203,DEBUG,86DE596B909BBCAE1591170738FF4EBD,/login/ at position 6 of 11 in additional filter chain; firing Filter: 'RequestCacheAwareFilter'
05-23-2017 01:41:34.203,DEBUG,86DE596B909BBCAE1591170738FF4EBD,/login/ at position 7 of 11 in additional filter chain; firing Filter: 'SecurityContextHolderAwareRequestFilter'
05-23-2017 01:41:34.203,DEBUG,86DE596B909BBCAE1591170738FF4EBD,/login/ at position 8 of 11 in additional filter chain; firing Filter: 'AnonymousAuthenticationFilter'
05-23-2017 01:41:34.203,DEBUG,86DE596B909BBCAE1591170738FF4EBD,Populated SecurityContextHolder with anonymous token: 'org.springframework.security.authentication.AnonymousAuthenticationToken@90541710: Principal: anonymousUser; Credentials: [PROTECTED]; Authenticated: true; Details: org.springframework.security.web.authentication.WebAuthenticationDetails@166c8: RemoteIpAddress: 0:0:0:0:0:0:0:1; SessionId: 7A64DAD34F35BE475E88FC8597E944BD; Granted Authorities: ROLE_ANONYMOUS'
05-23-2017 01:41:34.203,DEBUG,86DE596B909BBCAE1591170738FF4EBD,/login/ at position 9 of 11 in additional filter chain; firing Filter: 'SessionManagementFilter'
05-23-2017 01:41:34.203,DEBUG,86DE596B909BBCAE1591170738FF4EBD,/login/ at position 10 of 11 in additional filter chain; firing Filter: 'ExceptionTranslationFilter'
05-23-2017 01:41:34.203,DEBUG,86DE596B909BBCAE1591170738FF4EBD,/login/ at position 11 of 11 in additional filter chain; firing Filter: 'FilterSecurityInterceptor'
05-23-2017 01:41:34.203,DEBUG,86DE596B909BBCAE1591170738FF4EBD,Checking match of request : '/login/'; against '/autherror*'
05-23-2017 01:41:34.203,DEBUG,86DE596B909BBCAE1591170738FF4EBD,Checking match of request : '/login/'; against '/login/**'
05-23-2017 01:41:34.203,DEBUG,86DE596B909BBCAE1591170738FF4EBD,Secure object: FilterInvocation: URL: /login/; Attributes: [IS_AUTHENTICATED_ANONYMOUSLY]
05-23-2017 01:41:34.203,DEBUG,86DE596B909BBCAE1591170738FF4EBD,Previously Authenticated: org.springframework.security.authentication.AnonymousAuthenticationToken@90541710: Principal: anonymousUser; Credentials: [PROTECTED]; Authenticated: true; Details: org.springframework.security.web.authentication.WebAuthenticationDetails@166c8: RemoteIpAddress: 0:0:0:0:0:0:0:1; SessionId: 7A64DAD34F35BE475E88FC8597E944BD; Granted Authorities: ROLE_ANONYMOUS
05-23-2017 01:41:34.204,DEBUG,86DE596B909BBCAE1591170738FF4EBD,Voter: org.springframework.security.access.vote.RoleVoter@1ac872d, returned: 0
05-23-2017 01:41:34.204,DEBUG,86DE596B909BBCAE1591170738FF4EBD,Voter: org.springframework.security.access.vote.AuthenticatedVoter@b1927d, returned: 1
05-23-2017 01:41:34.204,DEBUG,86DE596B909BBCAE1591170738FF4EBD,Authorization successful
05-23-2017 01:41:34.204,DEBUG,86DE596B909BBCAE1591170738FF4EBD,RunAsManager did not change Authentication object
05-23-2017 01:41:34.204,DEBUG,86DE596B909BBCAE1591170738FF4EBD,/login/ reached end of additional filter chain; proceeding with original chain
05-23-2017 01:41:34.204,DEBUG,86DE596B909BBCAE1591170738FF4EBD,Request [/ict/login/] is not a multipart request
05-23-2017 01:41:34.204,DEBUG,7A64DAD34F35BE475E88FC8597E944BD,DispatcherServlet with name 'appServlet' processing GET request for [/ict/login/]
05-23-2017 01:41:34.204,DEBUG,7A64DAD34F35BE475E88FC8597E944BD,Looking up handler method for path /login/
05-23-2017 01:41:34.204,DEBUG,7A64DAD34F35BE475E88FC8597E944BD,Returning handler method [public java.lang.String vn.bananavietnam.ict.common.controller.LoginController.top(java.util.Locale,org.springframework.ui.Model)]
05-23-2017 01:41:34.204,DEBUG,7A64DAD34F35BE475E88FC8597E944BD,Returning cached instance of singleton bean 'loginController'
05-23-2017 01:41:34.204,DEBUG,7A64DAD34F35BE475E88FC8597E944BD,Last-Modified value for [/ict/login/] is: -1
05-23-2017 01:41:34.204,DEBUG,7A64DAD34F35BE475E88FC8597E944BD,Returning cached instance of singleton bean 'xml_path'
05-23-2017 01:41:34.204,DEBUG,7A64DAD34F35BE475E88FC8597E944BD,Rendering view [org.springframework.web.servlet.view.JstlView: name 'common/login'; URL [/WEB-INF/views/common/login.jsp]] in DispatcherServlet with name 'appServlet'
05-23-2017 01:41:34.205,DEBUG,7A64DAD34F35BE475E88FC8597E944BD,Forwarding to resource [/WEB-INF/views/common/login.jsp] in InternalResourceView 'common/login'
05-23-2017 01:41:34.207,DEBUG,7A64DAD34F35BE475E88FC8597E944BD,SecurityContext is empty or contents are anonymous - context will not be stored in HttpSession.
05-23-2017 01:41:34.207,DEBUG,7A64DAD34F35BE475E88FC8597E944BD,Successfully completed request
05-23-2017 01:41:34.207,DEBUG,7A64DAD34F35BE475E88FC8597E944BD,Chain processed normally
05-23-2017 01:41:34.207,DEBUG,7A64DAD34F35BE475E88FC8597E944BD,SecurityContextHolder now cleared, as request processing completed
05-23-2017 01:41:39.218,DEBUG,5E44780726FA5DF7FACE3792809134EF,/j_spring_security_check at position 1 of 11 in additional filter chain; firing Filter: 'SecurityContextPersistenceFilter'
05-23-2017 01:41:39.218,DEBUG,5E44780726FA5DF7FACE3792809134EF,HttpSession returned null object for SPRING_SECURITY_CONTEXT
05-23-2017 01:41:39.218,DEBUG,5E44780726FA5DF7FACE3792809134EF,No SecurityContext was available from the HttpSession: org.apache.catalina.session.StandardSessionFacade@1c1de3. A new one will be created.
05-23-2017 01:41:39.218,DEBUG,5E44780726FA5DF7FACE3792809134EF,/j_spring_security_check at position 2 of 11 in additional filter chain; firing Filter: 'WebAsyncManagerIntegrationFilter'
05-23-2017 01:41:39.218,DEBUG,5E44780726FA5DF7FACE3792809134EF,/j_spring_security_check at position 3 of 11 in additional filter chain; firing Filter: 'LogoutFilter'
05-23-2017 01:41:39.218,DEBUG,5E44780726FA5DF7FACE3792809134EF,/j_spring_security_check at position 4 of 11 in additional filter chain; firing Filter: 'UsernamePasswordAuthenticationFilter'
05-23-2017 01:41:39.218,DEBUG,5E44780726FA5DF7FACE3792809134EF,Request is to process authentication
05-23-2017 01:41:39.218,DEBUG,5E44780726FA5DF7FACE3792809134EF,Authentication attempt using org.springframework.security.authentication.dao.DaoAuthenticationProvider
05-23-2017 01:41:39.218,DEBUG,5E44780726FA5DF7FACE3792809134EF,Executing prepared SQL query
05-23-2017 01:41:39.218,DEBUG,5E44780726FA5DF7FACE3792809134EF,Executing prepared SQL statement [select users_authorization.usersId as id,                users_authorization.usersName as username,                      users_authorization.usersPassword as password,                      users_authorization.usersFullName as userfullname,                      1 as enabled,                      CASE                       WHEN users_authorization.authorizationTypeId IS NULL THEN '0'                          ELSE users_authorization.authorizationTypeId                      END as roleid,                      CASE                 WHEN access.SCREEN_DISPLAY_ENABLE_FLAG IS NULL THEN '0'                 ELSE access.SCREEN_DISPLAY_ENABLE_FLAG                END as roledisplay,                      CASE                 WHEN access.ADDABLE_FLAG IS NULL THEN '0'                 ELSE access.ADDABLE_FLAG                END as roleadd,                      CASE                 WHEN access.UPDATABLE_FLAG IS NULL THEN '0'                 ELSE access.UPDATABLE_FLAG                END as roleupdate,                      CASE                 WHEN access.DELETABLE_FLAG IS NULL THEN '0'                 ELSE access.DELETABLE_FLAG                END as roledelete,                      CASE                 WHEN access.REFERENCE_FLAG IS NULL THEN '0'                 ELSE access.REFERENCE_FLAG                END as rolereference,                       access.SCREEN_ID as screenid              from (select users_manager.usersId,                 users_manager.usersName,                 users_manager.usersPassword,                 users_manager.usersFullName,                 users_manager.authorizationTypeId,                 authorization.AUTHORIZATION_TYPE_NAME authorizationTypeName,                 authorization.ACCESS_AUTHORITY_ID accessAuthorityId               from (select users.USERS_ID usersId,                  users.USERS_ID usersName,                  users.PASSWORD usersPassword,                  users.USERS_NAME usersFullName,                  manager.AUTHORIZATION_TYPE_ID authorizationTypeId                from IVB_M_USERS users                left join IVB_M_MANAGER manager                 on users.USERS_ID = manager.USERS_ID                 and manager.DELETE_FLAG = '0'                where users.USERS_ID = ?                 and users.DELETE_FLAG = '0'                ) users_manager               left join IVB_M_AUTHORIZATION authorization                on users_manager.authorizationTypeId = authorization.AUTHORIZATION_TYPE_ID                   and authorization.DELETE_FLAG = '0'                  ) users_authorization              left join IVB_M_ACCESS_AUTHORIZATION access               on users_authorization.accessAuthorityId = access.ACCESS_AUTHORITY_ID                  and access.DELETE_FLAG = '0']
05-23-2017 01:41:39.219,DEBUG,5E44780726FA5DF7FACE3792809134EF,Fetching JDBC Connection from DataSource
05-23-2017 01:41:39.219,DEBUG,5E44780726FA5DF7FACE3792809134EF,Creating new JDBC DriverManager Connection to [jdbc:mysql://172.16.0.175:3306/BANANA_DB_HUNG_SELENIUM?useUnicode=yes&characterEncoding=UTF-8&autoReconnect=true]
05-23-2017 01:41:39.764,DEBUG,5E44780726FA5DF7FACE3792809134EF,Returning JDBC Connection to DataSource
05-23-2017 01:41:39.764,DEBUG,5E44780726FA5DF7FACE3792809134EF,Executing prepared SQL query
05-23-2017 01:41:39.765,DEBUG,5E44780726FA5DF7FACE3792809134EF,Executing prepared SQL statement [select distinct users.USERS_ID,                  CASE                   WHEN manager.AUTHORIZATION_TYPE_ID IS NULL THEN '0'                   ELSE manager.AUTHORIZATION_TYPE_ID                  END as AUTHORIZATION_TYPE_ID               from IVB_M_USERS users               left join IVB_M_MANAGER manager                on users.USERS_ID = manager.USERS_ID                and manager.DELETE_FLAG = '0'               where users.USERS_ID = ?                and users.DELETE_FLAG = '0']
05-23-2017 01:41:39.765,DEBUG,5E44780726FA5DF7FACE3792809134EF,Fetching JDBC Connection from DataSource
05-23-2017 01:41:39.765,DEBUG,5E44780726FA5DF7FACE3792809134EF,Creating new JDBC DriverManager Connection to [jdbc:mysql://172.16.0.175:3306/BANANA_DB_HUNG_SELENIUM?useUnicode=yes&characterEncoding=UTF-8&autoReconnect=true]
05-23-2017 01:41:39.783,DEBUG,5E44780726FA5DF7FACE3792809134EF,Returning JDBC Connection to DataSource
05-23-2017 01:41:39.783,DEBUG,5E44780726FA5DF7FACE3792809134EF,Delegating to org.springframework.security.web.authentication.session.ChangeSessionIdAuthenticationStrategy@99fddf
05-23-2017 01:41:39.783,DEBUG,5E44780726FA5DF7FACE3792809134EF,Authentication success. Updating SecurityContextHolder to contain: org.springframework.security.authentication.UsernamePasswordAuthenticationToken@3b6ee12b: Principal: vn.bananavietnam.ict.common.auth.MyUser@c4907816: Username: U0000000001; Password: [PROTECTED]; Enabled: true; AccountNonExpired: true; credentialsNonExpired: true; AccountNonLocked: true; Granted Authorities: 1; Credentials: [PROTECTED]; Authenticated: true; Details: org.springframework.security.web.authentication.WebAuthenticationDetails@166c8: RemoteIpAddress: 0:0:0:0:0:0:0:1; SessionId: 7A64DAD34F35BE475E88FC8597E944BD; Granted Authorities: 1
05-23-2017 01:41:39.783,DEBUG,5E44780726FA5DF7FACE3792809134EF,SecurityContext stored to HttpSession: 'org.springframework.security.core.context.SecurityContextImpl@3b6ee12b: Authentication: org.springframework.security.authentication.UsernamePasswordAuthenticationToken@3b6ee12b: Principal: vn.bananavietnam.ict.common.auth.MyUser@c4907816: Username: U0000000001; Password: [PROTECTED]; Enabled: true; AccountNonExpired: true; credentialsNonExpired: true; AccountNonLocked: true; Granted Authorities: 1; Credentials: [PROTECTED]; Authenticated: true; Details: org.springframework.security.web.authentication.WebAuthenticationDetails@166c8: RemoteIpAddress: 0:0:0:0:0:0:0:1; SessionId: 7A64DAD34F35BE475E88FC8597E944BD; Granted Authorities: 1'
05-23-2017 01:41:39.783,DEBUG,5E44780726FA5DF7FACE3792809134EF,SecurityContextHolder now cleared, as request processing completed
05-23-2017 01:41:39.790,DEBUG,5E44780726FA5DF7FACE3792809134EF,/0001/ at position 1 of 11 in additional filter chain; firing Filter: 'SecurityContextPersistenceFilter'
05-23-2017 01:41:39.790,DEBUG,5E44780726FA5DF7FACE3792809134EF,Obtained a valid SecurityContext from SPRING_SECURITY_CONTEXT: 'org.springframework.security.core.context.SecurityContextImpl@3b6ee12b: Authentication: org.springframework.security.authentication.UsernamePasswordAuthenticationToken@3b6ee12b: Principal: vn.bananavietnam.ict.common.auth.MyUser@c4907816: Username: U0000000001; Password: [PROTECTED]; Enabled: true; AccountNonExpired: true; credentialsNonExpired: true; AccountNonLocked: true; Granted Authorities: 1; Credentials: [PROTECTED]; Authenticated: true; Details: org.springframework.security.web.authentication.WebAuthenticationDetails@166c8: RemoteIpAddress: 0:0:0:0:0:0:0:1; SessionId: 7A64DAD34F35BE475E88FC8597E944BD; Granted Authorities: 1'
05-23-2017 01:41:39.790,DEBUG,5E44780726FA5DF7FACE3792809134EF,/0001/ at position 2 of 11 in additional filter chain; firing Filter: 'WebAsyncManagerIntegrationFilter'
05-23-2017 01:41:39.790,DEBUG,5E44780726FA5DF7FACE3792809134EF,/0001/ at position 3 of 11 in additional filter chain; firing Filter: 'LogoutFilter'
05-23-2017 01:41:39.790,DEBUG,5E44780726FA5DF7FACE3792809134EF,/0001/ at position 4 of 11 in additional filter chain; firing Filter: 'UsernamePasswordAuthenticationFilter'
05-23-2017 01:41:39.790,DEBUG,5E44780726FA5DF7FACE3792809134EF,/0001/ at position 5 of 11 in additional filter chain; firing Filter: 'BasicAuthenticationFilter'
05-23-2017 01:41:39.790,DEBUG,5E44780726FA5DF7FACE3792809134EF,/0001/ at position 6 of 11 in additional filter chain; firing Filter: 'RequestCacheAwareFilter'
05-23-2017 01:41:39.790,DEBUG,5E44780726FA5DF7FACE3792809134EF,/0001/ at position 7 of 11 in additional filter chain; firing Filter: 'SecurityContextHolderAwareRequestFilter'
05-23-2017 01:41:39.790,DEBUG,5E44780726FA5DF7FACE3792809134EF,/0001/ at position 8 of 11 in additional filter chain; firing Filter: 'AnonymousAuthenticationFilter'
05-23-2017 01:41:39.790,DEBUG,5E44780726FA5DF7FACE3792809134EF,SecurityContextHolder not populated with anonymous token, as it already contained: 'org.springframework.security.authentication.UsernamePasswordAuthenticationToken@3b6ee12b: Principal: vn.bananavietnam.ict.common.auth.MyUser@c4907816: Username: U0000000001; Password: [PROTECTED]; Enabled: true; AccountNonExpired: true; credentialsNonExpired: true; AccountNonLocked: true; Granted Authorities: 1; Credentials: [PROTECTED]; Authenticated: true; Details: org.springframework.security.web.authentication.WebAuthenticationDetails@166c8: RemoteIpAddress: 0:0:0:0:0:0:0:1; SessionId: 7A64DAD34F35BE475E88FC8597E944BD; Granted Authorities: 1'
05-23-2017 01:41:39.790,DEBUG,5E44780726FA5DF7FACE3792809134EF,/0001/ at position 9 of 11 in additional filter chain; firing Filter: 'SessionManagementFilter'
05-23-2017 01:41:39.790,DEBUG,5E44780726FA5DF7FACE3792809134EF,/0001/ at position 10 of 11 in additional filter chain; firing Filter: 'ExceptionTranslationFilter'
05-23-2017 01:41:39.790,DEBUG,5E44780726FA5DF7FACE3792809134EF,/0001/ at position 11 of 11 in additional filter chain; firing Filter: 'FilterSecurityInterceptor'
05-23-2017 01:41:39.790,DEBUG,5E44780726FA5DF7FACE3792809134EF,Checking match of request : '/0001/'; against '/autherror*'
05-23-2017 01:41:39.790,DEBUG,5E44780726FA5DF7FACE3792809134EF,Checking match of request : '/0001/'; against '/login/**'
05-23-2017 01:41:39.790,DEBUG,5E44780726FA5DF7FACE3792809134EF,Checking match of request : '/0001/'; against '/error/**'
05-23-2017 01:41:39.790,DEBUG,5E44780726FA5DF7FACE3792809134EF,Checking match of request : '/0001/'; against '/0001/**'
05-23-2017 01:41:39.790,DEBUG,5E44780726FA5DF7FACE3792809134EF,Secure object: FilterInvocation: URL: /0001/; Attributes: [ROLE_ADMIN, ROLE_USER, IS_AUTHENTICATED_FULLY]
05-23-2017 01:41:39.790,DEBUG,5E44780726FA5DF7FACE3792809134EF,Previously Authenticated: org.springframework.security.authentication.UsernamePasswordAuthenticationToken@3b6ee12b: Principal: vn.bananavietnam.ict.common.auth.MyUser@c4907816: Username: U0000000001; Password: [PROTECTED]; Enabled: true; AccountNonExpired: true; credentialsNonExpired: true; AccountNonLocked: true; Granted Authorities: 1; Credentials: [PROTECTED]; Authenticated: true; Details: org.springframework.security.web.authentication.WebAuthenticationDetails@166c8: RemoteIpAddress: 0:0:0:0:0:0:0:1; SessionId: 7A64DAD34F35BE475E88FC8597E944BD; Granted Authorities: 1
05-23-2017 01:41:39.790,DEBUG,5E44780726FA5DF7FACE3792809134EF,Voter: org.springframework.security.access.vote.RoleVoter@1ac872d, returned: -1
05-23-2017 01:41:39.790,DEBUG,5E44780726FA5DF7FACE3792809134EF,Voter: org.springframework.security.access.vote.AuthenticatedVoter@b1927d, returned: 1
05-23-2017 01:41:39.790,DEBUG,5E44780726FA5DF7FACE3792809134EF,Authorization successful
05-23-2017 01:41:39.790,DEBUG,5E44780726FA5DF7FACE3792809134EF,RunAsManager did not change Authentication object
05-23-2017 01:41:39.790,DEBUG,5E44780726FA5DF7FACE3792809134EF,/0001/ reached end of additional filter chain; proceeding with original chain
05-23-2017 01:41:39.790,DEBUG,5E44780726FA5DF7FACE3792809134EF,Request [/ict/0001/] is not a multipart request
05-23-2017 01:41:39.791,DEBUG,9EE364A8280C01F2D6FA1AF6C51DF193,DispatcherServlet with name 'appServlet' processing GET request for [/ict/0001/]
05-23-2017 01:41:39.791,DEBUG,9EE364A8280C01F2D6FA1AF6C51DF193,Looking up handler method for path /0001/
05-23-2017 01:41:39.791,DEBUG,9EE364A8280C01F2D6FA1AF6C51DF193,Returning handler method [public java.lang.String vn.bananavietnam.ict.banana.controller.Bnn0001BananaMenuController.top(javax.servlet.http.HttpServletRequest,java.util.Locale,org.springframework.ui.Model)]
05-23-2017 01:41:39.791,DEBUG,9EE364A8280C01F2D6FA1AF6C51DF193,Returning cached instance of singleton bean 'bnn0001BananaMenuController'
05-23-2017 01:41:39.791,DEBUG,9EE364A8280C01F2D6FA1AF6C51DF193,Last-Modified value for [/ict/0001/] is: -1
05-23-2017 01:41:39.791,DEBUG,9EE364A8280C01F2D6FA1AF6C51DF193,Returning cached instance of singleton bean 'xml_path'
05-23-2017 01:41:39.794,DEBUG,9EE364A8280C01F2D6FA1AF6C51DF193,Rendering view [org.springframework.web.servlet.view.JstlView: name 'banana/Bnn0001BananaMenu'; URL [/WEB-INF/views/banana/Bnn0001BananaMenu.jsp]] in DispatcherServlet with name 'appServlet'
05-23-2017 01:41:39.794,DEBUG,9EE364A8280C01F2D6FA1AF6C51DF193,Added model object 'resetDate' of type [java.lang.String] to request in view with name 'banana/Bnn0001BananaMenu'
05-23-2017 01:41:39.794,DEBUG,9EE364A8280C01F2D6FA1AF6C51DF193,Added model object 'layoutDate' of type [java.lang.String] to request in view with name 'banana/Bnn0001BananaMenu'
05-23-2017 01:41:39.794,DEBUG,9EE364A8280C01F2D6FA1AF6C51DF193,Added model object 'jqueryUiCssDate' of type [java.lang.String] to request in view with name 'banana/Bnn0001BananaMenu'
05-23-2017 01:41:39.794,DEBUG,9EE364A8280C01F2D6FA1AF6C51DF193,Added model object 'messageHandlerDate' of type [java.lang.String] to request in view with name 'banana/Bnn0001BananaMenu'
05-23-2017 01:41:39.794,DEBUG,9EE364A8280C01F2D6FA1AF6C51DF193,Added model object 'jqueryDate' of type [java.lang.String] to request in view with name 'banana/Bnn0001BananaMenu'
05-23-2017 01:41:39.794,DEBUG,9EE364A8280C01F2D6FA1AF6C51DF193,Added model object 'jqueryUiDate' of type [java.lang.String] to request in view with name 'banana/Bnn0001BananaMenu'
05-23-2017 01:41:39.794,DEBUG,9EE364A8280C01F2D6FA1AF6C51DF193,Added model object 'datepickerDate' of type [java.lang.String] to request in view with name 'banana/Bnn0001BananaMenu'
05-23-2017 01:41:39.794,DEBUG,9EE364A8280C01F2D6FA1AF6C51DF193,Added model object 'inputmaskDate' of type [java.lang.String] to request in view with name 'banana/Bnn0001BananaMenu'
05-23-2017 01:41:39.795,DEBUG,9EE364A8280C01F2D6FA1AF6C51DF193,Added model object 'jqueryInputmaskDate' of type [java.lang.String] to request in view with name 'banana/Bnn0001BananaMenu'
05-23-2017 01:41:39.795,DEBUG,9EE364A8280C01F2D6FA1AF6C51DF193,Added model object 'inputMaskExtDate' of type [java.lang.String] to request in view with name 'banana/Bnn0001BananaMenu'
05-23-2017 01:41:39.795,DEBUG,9EE364A8280C01F2D6FA1AF6C51DF193,Added model object 'calendarDate' of type [java.lang.String] to request in view with name 'banana/Bnn0001BananaMenu'
05-23-2017 01:41:39.795,DEBUG,9EE364A8280C01F2D6FA1AF6C51DF193,Added model object 'messageDate' of type [java.lang.String] to request in view with name 'banana/Bnn0001BananaMenu'
05-23-2017 01:41:39.795,DEBUG,9EE364A8280C01F2D6FA1AF6C51DF193,Added model object 'storageDate' of type [java.lang.String] to request in view with name 'banana/Bnn0001BananaMenu'
05-23-2017 01:41:39.795,DEBUG,9EE364A8280C01F2D6FA1AF6C51DF193,Added model object 'commonDate' of type [java.lang.String] to request in view with name 'banana/Bnn0001BananaMenu'
05-23-2017 01:41:39.795,DEBUG,9EE364A8280C01F2D6FA1AF6C51DF193,Added model object 'bananaMenuCssDate' of type [java.lang.String] to request in view with name 'banana/Bnn0001BananaMenu'
05-23-2017 01:41:39.795,DEBUG,9EE364A8280C01F2D6FA1AF6C51DF193,Added model object 'bananaMenuJsDate' of type [java.lang.String] to request in view with name 'banana/Bnn0001BananaMenu'
05-23-2017 01:41:39.795,DEBUG,9EE364A8280C01F2D6FA1AF6C51DF193,Forwarding to resource [/WEB-INF/views/banana/Bnn0001BananaMenu.jsp] in InternalResourceView 'banana/Bnn0001BananaMenu'
05-23-2017 01:41:39.795,DEBUG,9EE364A8280C01F2D6FA1AF6C51DF193,Render request received for definition 'defaultTemplate'
05-23-2017 01:41:39.797,DEBUG,9EE364A8280C01F2D6FA1AF6C51DF193,Successfully completed request
05-23-2017 01:41:39.798,DEBUG,9EE364A8280C01F2D6FA1AF6C51DF193,Chain processed normally
05-23-2017 01:41:39.798,DEBUG,9EE364A8280C01F2D6FA1AF6C51DF193,SecurityContextHolder now cleared, as request processing completed
05-23-2017 01:41:41.176,DEBUG,5E44780726FA5DF7FACE3792809134EF,/0089/ at position 1 of 11 in additional filter chain; firing Filter: 'SecurityContextPersistenceFilter'
05-23-2017 01:41:41.176,DEBUG,5E44780726FA5DF7FACE3792809134EF,Obtained a valid SecurityContext from SPRING_SECURITY_CONTEXT: 'org.springframework.security.core.context.SecurityContextImpl@3b6ee12b: Authentication: org.springframework.security.authentication.UsernamePasswordAuthenticationToken@3b6ee12b: Principal: vn.bananavietnam.ict.common.auth.MyUser@c4907816: Username: U0000000001; Password: [PROTECTED]; Enabled: true; AccountNonExpired: true; credentialsNonExpired: true; AccountNonLocked: true; Granted Authorities: 1; Credentials: [PROTECTED]; Authenticated: true; Details: org.springframework.security.web.authentication.WebAuthenticationDetails@166c8: RemoteIpAddress: 0:0:0:0:0:0:0:1; SessionId: 7A64DAD34F35BE475E88FC8597E944BD; Granted Authorities: 1'
05-23-2017 01:41:41.176,DEBUG,5E44780726FA5DF7FACE3792809134EF,/0089/ at position 2 of 11 in additional filter chain; firing Filter: 'WebAsyncManagerIntegrationFilter'
05-23-2017 01:41:41.176,DEBUG,5E44780726FA5DF7FACE3792809134EF,/0089/ at position 3 of 11 in additional filter chain; firing Filter: 'LogoutFilter'
05-23-2017 01:41:41.176,DEBUG,5E44780726FA5DF7FACE3792809134EF,/0089/ at position 4 of 11 in additional filter chain; firing Filter: 'UsernamePasswordAuthenticationFilter'
05-23-2017 01:41:41.176,DEBUG,5E44780726FA5DF7FACE3792809134EF,/0089/ at position 5 of 11 in additional filter chain; firing Filter: 'BasicAuthenticationFilter'
05-23-2017 01:41:41.176,DEBUG,5E44780726FA5DF7FACE3792809134EF,/0089/ at position 6 of 11 in additional filter chain; firing Filter: 'RequestCacheAwareFilter'
05-23-2017 01:41:41.176,DEBUG,5E44780726FA5DF7FACE3792809134EF,/0089/ at position 7 of 11 in additional filter chain; firing Filter: 'SecurityContextHolderAwareRequestFilter'
05-23-2017 01:41:41.176,DEBUG,5E44780726FA5DF7FACE3792809134EF,/0089/ at position 8 of 11 in additional filter chain; firing Filter: 'AnonymousAuthenticationFilter'
05-23-2017 01:41:41.176,DEBUG,5E44780726FA5DF7FACE3792809134EF,SecurityContextHolder not populated with anonymous token, as it already contained: 'org.springframework.security.authentication.UsernamePasswordAuthenticationToken@3b6ee12b: Principal: vn.bananavietnam.ict.common.auth.MyUser@c4907816: Username: U0000000001; Password: [PROTECTED]; Enabled: true; AccountNonExpired: true; credentialsNonExpired: true; AccountNonLocked: true; Granted Authorities: 1; Credentials: [PROTECTED]; Authenticated: true; Details: org.springframework.security.web.authentication.WebAuthenticationDetails@166c8: RemoteIpAddress: 0:0:0:0:0:0:0:1; SessionId: 7A64DAD34F35BE475E88FC8597E944BD; Granted Authorities: 1'
05-23-2017 01:41:41.176,DEBUG,5E44780726FA5DF7FACE3792809134EF,/0089/ at position 9 of 11 in additional filter chain; firing Filter: 'SessionManagementFilter'
05-23-2017 01:41:41.176,DEBUG,5E44780726FA5DF7FACE3792809134EF,/0089/ at position 10 of 11 in additional filter chain; firing Filter: 'ExceptionTranslationFilter'
05-23-2017 01:41:41.176,DEBUG,5E44780726FA5DF7FACE3792809134EF,/0089/ at position 11 of 11 in additional filter chain; firing Filter: 'FilterSecurityInterceptor'
05-23-2017 01:41:41.176,DEBUG,5E44780726FA5DF7FACE3792809134EF,Checking match of request : '/0089/'; against '/autherror*'
05-23-2017 01:41:41.176,DEBUG,5E44780726FA5DF7FACE3792809134EF,Checking match of request : '/0089/'; against '/login/**'
05-23-2017 01:41:41.176,DEBUG,5E44780726FA5DF7FACE3792809134EF,Checking match of request : '/0089/'; against '/error/**'
05-23-2017 01:41:41.176,DEBUG,5E44780726FA5DF7FACE3792809134EF,Checking match of request : '/0089/'; against '/0001/**'
05-23-2017 01:41:41.176,DEBUG,5E44780726FA5DF7FACE3792809134EF,Checking match of request : '/0089/'; against '/0002/**'
05-23-2017 01:41:41.176,DEBUG,5E44780726FA5DF7FACE3792809134EF,Checking match of request : '/0089/'; against '/0003/**'
05-23-2017 01:41:41.176,DEBUG,5E44780726FA5DF7FACE3792809134EF,Checking match of request : '/0089/'; against '/0005/**'
05-23-2017 01:41:41.176,DEBUG,5E44780726FA5DF7FACE3792809134EF,Checking match of request : '/0089/'; against '/0007/**'
05-23-2017 01:41:41.176,DEBUG,5E44780726FA5DF7FACE3792809134EF,Checking match of request : '/0089/'; against '/0009/**'
05-23-2017 01:41:41.176,DEBUG,5E44780726FA5DF7FACE3792809134EF,Checking match of request : '/0089/'; against '/0013/**'
05-23-2017 01:41:41.176,DEBUG,5E44780726FA5DF7FACE3792809134EF,Checking match of request : '/0089/'; against '/0023/**'
05-23-2017 01:41:41.176,DEBUG,5E44780726FA5DF7FACE3792809134EF,Checking match of request : '/0089/'; against '/0017/**'
05-23-2017 01:41:41.176,DEBUG,5E44780726FA5DF7FACE3792809134EF,Checking match of request : '/0089/'; against '/0031/**'
05-23-2017 01:41:41.176,DEBUG,5E44780726FA5DF7FACE3792809134EF,Checking match of request : '/0089/'; against '/0035/**'
05-23-2017 01:41:41.176,DEBUG,5E44780726FA5DF7FACE3792809134EF,Checking match of request : '/0089/'; against '/0037/**'
05-23-2017 01:41:41.176,DEBUG,5E44780726FA5DF7FACE3792809134EF,Checking match of request : '/0089/'; against '/0045/**'
05-23-2017 01:41:41.176,DEBUG,5E44780726FA5DF7FACE3792809134EF,Checking match of request : '/0089/'; against '/0047/**'
05-23-2017 01:41:41.176,DEBUG,5E44780726FA5DF7FACE3792809134EF,Checking match of request : '/0089/'; against '/0049/**'
05-23-2017 01:41:41.176,DEBUG,5E44780726FA5DF7FACE3792809134EF,Checking match of request : '/0089/'; against '/0061/**'
05-23-2017 01:41:41.176,DEBUG,5E44780726FA5DF7FACE3792809134EF,Checking match of request : '/0089/'; against '/0087/**'
05-23-2017 01:41:41.176,DEBUG,5E44780726FA5DF7FACE3792809134EF,Checking match of request : '/0089/'; against '/0075/**'
05-23-2017 01:41:41.176,DEBUG,5E44780726FA5DF7FACE3792809134EF,Checking match of request : '/0089/'; against '/0089/**'
05-23-2017 01:41:41.176,DEBUG,5E44780726FA5DF7FACE3792809134EF,Secure object: FilterInvocation: URL: /0089/; Attributes: [ROLE_ADMIN, ROLE_USER, IS_AUTHENTICATED_FULLY]
05-23-2017 01:41:41.176,DEBUG,5E44780726FA5DF7FACE3792809134EF,Previously Authenticated: org.springframework.security.authentication.UsernamePasswordAuthenticationToken@3b6ee12b: Principal: vn.bananavietnam.ict.common.auth.MyUser@c4907816: Username: U0000000001; Password: [PROTECTED]; Enabled: true; AccountNonExpired: true; credentialsNonExpired: true; AccountNonLocked: true; Granted Authorities: 1; Credentials: [PROTECTED]; Authenticated: true; Details: org.springframework.security.web.authentication.WebAuthenticationDetails@166c8: RemoteIpAddress: 0:0:0:0:0:0:0:1; SessionId: 7A64DAD34F35BE475E88FC8597E944BD; Granted Authorities: 1
05-23-2017 01:41:41.176,DEBUG,5E44780726FA5DF7FACE3792809134EF,Voter: org.springframework.security.access.vote.RoleVoter@1ac872d, returned: -1
05-23-2017 01:41:41.176,DEBUG,5E44780726FA5DF7FACE3792809134EF,Voter: org.springframework.security.access.vote.AuthenticatedVoter@b1927d, returned: 1
05-23-2017 01:41:41.177,DEBUG,5E44780726FA5DF7FACE3792809134EF,Authorization successful
05-23-2017 01:41:41.177,DEBUG,5E44780726FA5DF7FACE3792809134EF,RunAsManager did not change Authentication object
05-23-2017 01:41:41.177,DEBUG,5E44780726FA5DF7FACE3792809134EF,/0089/ reached end of additional filter chain; proceeding with original chain
05-23-2017 01:41:41.177,DEBUG,5E44780726FA5DF7FACE3792809134EF,Request [/ict/0089/] is not a multipart request
05-23-2017 01:41:41.177,DEBUG,9EE364A8280C01F2D6FA1AF6C51DF193,DispatcherServlet with name 'appServlet' processing GET request for [/ict/0089/]
05-23-2017 01:41:41.177,DEBUG,9EE364A8280C01F2D6FA1AF6C51DF193,Looking up handler method for path /0089/
05-23-2017 01:41:41.177,DEBUG,9EE364A8280C01F2D6FA1AF6C51DF193,Returning handler method [public java.lang.String vn.bananavietnam.ict.banana.controller.Bnn0089SearchTaskController.top(javax.servlet.http.HttpServletRequest,java.util.Locale,org.springframework.ui.Model)]
05-23-2017 01:41:41.177,DEBUG,9EE364A8280C01F2D6FA1AF6C51DF193,Returning cached instance of singleton bean 'bnn0089SearchTaskController'
05-23-2017 01:41:41.177,DEBUG,9EE364A8280C01F2D6FA1AF6C51DF193,Last-Modified value for [/ict/0089/] is: -1
05-23-2017 01:41:41.177,DEBUG,9EE364A8280C01F2D6FA1AF6C51DF193,Returning cached instance of singleton bean 'xml_path'
05-23-2017 01:41:41.179,DEBUG,9EE364A8280C01F2D6FA1AF6C51DF193,Rendering view [org.springframework.web.servlet.view.JstlView: name 'banana/Bnn0089SearchTask'; URL [/WEB-INF/views/banana/Bnn0089SearchTask.jsp]] in DispatcherServlet with name 'appServlet'
05-23-2017 01:41:41.179,DEBUG,9EE364A8280C01F2D6FA1AF6C51DF193,Added model object 'resetDate' of type [java.lang.String] to request in view with name 'banana/Bnn0089SearchTask'
05-23-2017 01:41:41.179,DEBUG,9EE364A8280C01F2D6FA1AF6C51DF193,Added model object 'layoutDate' of type [java.lang.String] to request in view with name 'banana/Bnn0089SearchTask'
05-23-2017 01:41:41.179,DEBUG,9EE364A8280C01F2D6FA1AF6C51DF193,Added model object 'jqueryUiCssDate' of type [java.lang.String] to request in view with name 'banana/Bnn0089SearchTask'
05-23-2017 01:41:41.179,DEBUG,9EE364A8280C01F2D6FA1AF6C51DF193,Added model object 'messageHandlerDate' of type [java.lang.String] to request in view with name 'banana/Bnn0089SearchTask'
05-23-2017 01:41:41.179,DEBUG,9EE364A8280C01F2D6FA1AF6C51DF193,Added model object 'jqueryDate' of type [java.lang.String] to request in view with name 'banana/Bnn0089SearchTask'
05-23-2017 01:41:41.179,DEBUG,9EE364A8280C01F2D6FA1AF6C51DF193,Added model object 'jqueryUiDate' of type [java.lang.String] to request in view with name 'banana/Bnn0089SearchTask'
05-23-2017 01:41:41.179,DEBUG,9EE364A8280C01F2D6FA1AF6C51DF193,Added model object 'datepickerDate' of type [java.lang.String] to request in view with name 'banana/Bnn0089SearchTask'
05-23-2017 01:41:41.179,DEBUG,9EE364A8280C01F2D6FA1AF6C51DF193,Added model object 'inputmaskDate' of type [java.lang.String] to request in view with name 'banana/Bnn0089SearchTask'
05-23-2017 01:41:41.179,DEBUG,9EE364A8280C01F2D6FA1AF6C51DF193,Added model object 'jqueryInputmaskDate' of type [java.lang.String] to request in view with name 'banana/Bnn0089SearchTask'
05-23-2017 01:41:41.179,DEBUG,9EE364A8280C01F2D6FA1AF6C51DF193,Added model object 'inputMaskExtDate' of type [java.lang.String] to request in view with name 'banana/Bnn0089SearchTask'
05-23-2017 01:41:41.179,DEBUG,9EE364A8280C01F2D6FA1AF6C51DF193,Added model object 'calendarDate' of type [java.lang.String] to request in view with name 'banana/Bnn0089SearchTask'
05-23-2017 01:41:41.179,DEBUG,9EE364A8280C01F2D6FA1AF6C51DF193,Added model object 'messageDate' of type [java.lang.String] to request in view with name 'banana/Bnn0089SearchTask'
05-23-2017 01:41:41.179,DEBUG,9EE364A8280C01F2D6FA1AF6C51DF193,Added model object 'storageDate' of type [java.lang.String] to request in view with name 'banana/Bnn0089SearchTask'
05-23-2017 01:41:41.179,DEBUG,9EE364A8280C01F2D6FA1AF6C51DF193,Added model object 'commonDate' of type [java.lang.String] to request in view with name 'banana/Bnn0089SearchTask'
05-23-2017 01:41:41.179,DEBUG,9EE364A8280C01F2D6FA1AF6C51DF193,Added model object 'searchTaskCssDate' of type [java.lang.String] to request in view with name 'banana/Bnn0089SearchTask'
05-23-2017 01:41:41.179,DEBUG,9EE364A8280C01F2D6FA1AF6C51DF193,Added model object 'searchTaskJsDate' of type [java.lang.String] to request in view with name 'banana/Bnn0089SearchTask'
05-23-2017 01:41:41.179,DEBUG,9EE364A8280C01F2D6FA1AF6C51DF193,Forwarding to resource [/WEB-INF/views/banana/Bnn0089SearchTask.jsp] in InternalResourceView 'banana/Bnn0089SearchTask'
05-23-2017 01:41:41.180,DEBUG,9EE364A8280C01F2D6FA1AF6C51DF193,Render request received for definition 'defaultTemplate'
05-23-2017 01:41:41.182,DEBUG,9EE364A8280C01F2D6FA1AF6C51DF193,Successfully completed request
05-23-2017 01:41:41.182,DEBUG,9EE364A8280C01F2D6FA1AF6C51DF193,Chain processed normally
05-23-2017 01:41:41.182,DEBUG,9EE364A8280C01F2D6FA1AF6C51DF193,SecurityContextHolder now cleared, as request processing completed
05-23-2017 01:41:41.252,DEBUG,5E44780726FA5DF7FACE3792809134EF,/0089/searchData at position 1 of 11 in additional filter chain; firing Filter: 'SecurityContextPersistenceFilter'
05-23-2017 01:41:41.252,DEBUG,5E44780726FA5DF7FACE3792809134EF,Obtained a valid SecurityContext from SPRING_SECURITY_CONTEXT: 'org.springframework.security.core.context.SecurityContextImpl@3b6ee12b: Authentication: org.springframework.security.authentication.UsernamePasswordAuthenticationToken@3b6ee12b: Principal: vn.bananavietnam.ict.common.auth.MyUser@c4907816: Username: U0000000001; Password: [PROTECTED]; Enabled: true; AccountNonExpired: true; credentialsNonExpired: true; AccountNonLocked: true; Granted Authorities: 1; Credentials: [PROTECTED]; Authenticated: true; Details: org.springframework.security.web.authentication.WebAuthenticationDetails@166c8: RemoteIpAddress: 0:0:0:0:0:0:0:1; SessionId: 7A64DAD34F35BE475E88FC8597E944BD; Granted Authorities: 1'
05-23-2017 01:41:41.252,DEBUG,5E44780726FA5DF7FACE3792809134EF,/0089/searchData at position 2 of 11 in additional filter chain; firing Filter: 'WebAsyncManagerIntegrationFilter'
05-23-2017 01:41:41.252,DEBUG,5E44780726FA5DF7FACE3792809134EF,/0089/searchData at position 3 of 11 in additional filter chain; firing Filter: 'LogoutFilter'
05-23-2017 01:41:41.252,DEBUG,5E44780726FA5DF7FACE3792809134EF,/0089/searchData at position 4 of 11 in additional filter chain; firing Filter: 'UsernamePasswordAuthenticationFilter'
05-23-2017 01:41:41.252,DEBUG,5E44780726FA5DF7FACE3792809134EF,/0089/searchData at position 5 of 11 in additional filter chain; firing Filter: 'BasicAuthenticationFilter'
05-23-2017 01:41:41.252,DEBUG,5E44780726FA5DF7FACE3792809134EF,/0089/searchData at position 6 of 11 in additional filter chain; firing Filter: 'RequestCacheAwareFilter'
05-23-2017 01:41:41.252,DEBUG,5E44780726FA5DF7FACE3792809134EF,/0089/searchData at position 7 of 11 in additional filter chain; firing Filter: 'SecurityContextHolderAwareRequestFilter'
05-23-2017 01:41:41.252,DEBUG,5E44780726FA5DF7FACE3792809134EF,/0089/searchData at position 8 of 11 in additional filter chain; firing Filter: 'AnonymousAuthenticationFilter'
05-23-2017 01:41:41.252,DEBUG,5E44780726FA5DF7FACE3792809134EF,SecurityContextHolder not populated with anonymous token, as it already contained: 'org.springframework.security.authentication.UsernamePasswordAuthenticationToken@3b6ee12b: Principal: vn.bananavietnam.ict.common.auth.MyUser@c4907816: Username: U0000000001; Password: [PROTECTED]; Enabled: true; AccountNonExpired: true; credentialsNonExpired: true; AccountNonLocked: true; Granted Authorities: 1; Credentials: [PROTECTED]; Authenticated: true; Details: org.springframework.security.web.authentication.WebAuthenticationDetails@166c8: RemoteIpAddress: 0:0:0:0:0:0:0:1; SessionId: 7A64DAD34F35BE475E88FC8597E944BD; Granted Authorities: 1'
05-23-2017 01:41:41.252,DEBUG,5E44780726FA5DF7FACE3792809134EF,/0089/searchData at position 9 of 11 in additional filter chain; firing Filter: 'SessionManagementFilter'
05-23-2017 01:41:41.252,DEBUG,5E44780726FA5DF7FACE3792809134EF,/0089/searchData at position 10 of 11 in additional filter chain; firing Filter: 'ExceptionTranslationFilter'
05-23-2017 01:41:41.252,DEBUG,5E44780726FA5DF7FACE3792809134EF,/0089/searchData at position 11 of 11 in additional filter chain; firing Filter: 'FilterSecurityInterceptor'
05-23-2017 01:41:41.252,DEBUG,5E44780726FA5DF7FACE3792809134EF,Checking match of request : '/0089/searchdata'; against '/autherror*'
05-23-2017 01:41:41.252,DEBUG,5E44780726FA5DF7FACE3792809134EF,Checking match of request : '/0089/searchdata'; against '/login/**'
05-23-2017 01:41:41.252,DEBUG,5E44780726FA5DF7FACE3792809134EF,Checking match of request : '/0089/searchdata'; against '/error/**'
05-23-2017 01:41:41.252,DEBUG,5E44780726FA5DF7FACE3792809134EF,Checking match of request : '/0089/searchdata'; against '/0001/**'
05-23-2017 01:41:41.252,DEBUG,5E44780726FA5DF7FACE3792809134EF,Checking match of request : '/0089/searchdata'; against '/0002/**'
05-23-2017 01:41:41.252,DEBUG,5E44780726FA5DF7FACE3792809134EF,Checking match of request : '/0089/searchdata'; against '/0003/**'
05-23-2017 01:41:41.252,DEBUG,5E44780726FA5DF7FACE3792809134EF,Checking match of request : '/0089/searchdata'; against '/0005/**'
05-23-2017 01:41:41.252,DEBUG,5E44780726FA5DF7FACE3792809134EF,Checking match of request : '/0089/searchdata'; against '/0007/**'
05-23-2017 01:41:41.252,DEBUG,5E44780726FA5DF7FACE3792809134EF,Checking match of request : '/0089/searchdata'; against '/0009/**'
05-23-2017 01:41:41.252,DEBUG,5E44780726FA5DF7FACE3792809134EF,Checking match of request : '/0089/searchdata'; against '/0013/**'
05-23-2017 01:41:41.253,DEBUG,5E44780726FA5DF7FACE3792809134EF,Checking match of request : '/0089/searchdata'; against '/0023/**'
05-23-2017 01:41:41.253,DEBUG,5E44780726FA5DF7FACE3792809134EF,Checking match of request : '/0089/searchdata'; against '/0017/**'
05-23-2017 01:41:41.253,DEBUG,5E44780726FA5DF7FACE3792809134EF,Checking match of request : '/0089/searchdata'; against '/0031/**'
05-23-2017 01:41:41.253,DEBUG,5E44780726FA5DF7FACE3792809134EF,Checking match of request : '/0089/searchdata'; against '/0035/**'
05-23-2017 01:41:41.253,DEBUG,5E44780726FA5DF7FACE3792809134EF,Checking match of request : '/0089/searchdata'; against '/0037/**'
05-23-2017 01:41:41.253,DEBUG,5E44780726FA5DF7FACE3792809134EF,Checking match of request : '/0089/searchdata'; against '/0045/**'
05-23-2017 01:41:41.253,DEBUG,5E44780726FA5DF7FACE3792809134EF,Checking match of request : '/0089/searchdata'; against '/0047/**'
05-23-2017 01:41:41.253,DEBUG,5E44780726FA5DF7FACE3792809134EF,Checking match of request : '/0089/searchdata'; against '/0049/**'
05-23-2017 01:41:41.253,DEBUG,5E44780726FA5DF7FACE3792809134EF,Checking match of request : '/0089/searchdata'; against '/0061/**'
05-23-2017 01:41:41.253,DEBUG,5E44780726FA5DF7FACE3792809134EF,Checking match of request : '/0089/searchdata'; against '/0087/**'
05-23-2017 01:41:41.253,DEBUG,5E44780726FA5DF7FACE3792809134EF,Checking match of request : '/0089/searchdata'; against '/0075/**'
05-23-2017 01:41:41.253,DEBUG,5E44780726FA5DF7FACE3792809134EF,Checking match of request : '/0089/searchdata'; against '/0089/**'
05-23-2017 01:41:41.253,DEBUG,5E44780726FA5DF7FACE3792809134EF,Secure object: FilterInvocation: URL: /0089/searchData; Attributes: [ROLE_ADMIN, ROLE_USER, IS_AUTHENTICATED_FULLY]
05-23-2017 01:41:41.253,DEBUG,5E44780726FA5DF7FACE3792809134EF,Previously Authenticated: org.springframework.security.authentication.UsernamePasswordAuthenticationToken@3b6ee12b: Principal: vn.bananavietnam.ict.common.auth.MyUser@c4907816: Username: U0000000001; Password: [PROTECTED]; Enabled: true; AccountNonExpired: true; credentialsNonExpired: true; AccountNonLocked: true; Granted Authorities: 1; Credentials: [PROTECTED]; Authenticated: true; Details: org.springframework.security.web.authentication.WebAuthenticationDetails@166c8: RemoteIpAddress: 0:0:0:0:0:0:0:1; SessionId: 7A64DAD34F35BE475E88FC8597E944BD; Granted Authorities: 1
05-23-2017 01:41:41.253,DEBUG,5E44780726FA5DF7FACE3792809134EF,Voter: org.springframework.security.access.vote.RoleVoter@1ac872d, returned: -1
05-23-2017 01:41:41.253,DEBUG,5E44780726FA5DF7FACE3792809134EF,Voter: org.springframework.security.access.vote.AuthenticatedVoter@b1927d, returned: 1
05-23-2017 01:41:41.253,DEBUG,5E44780726FA5DF7FACE3792809134EF,Authorization successful
05-23-2017 01:41:41.253,DEBUG,5E44780726FA5DF7FACE3792809134EF,RunAsManager did not change Authentication object
05-23-2017 01:41:41.253,DEBUG,5E44780726FA5DF7FACE3792809134EF,/0089/searchData reached end of additional filter chain; proceeding with original chain
05-23-2017 01:41:41.253,DEBUG,5E44780726FA5DF7FACE3792809134EF,Request [/ict/0089/searchData] is not a multipart request
05-23-2017 01:41:41.253,DEBUG,9EE364A8280C01F2D6FA1AF6C51DF193,DispatcherServlet with name 'appServlet' processing POST request for [/ict/0089/searchData]
05-23-2017 01:41:41.253,DEBUG,9EE364A8280C01F2D6FA1AF6C51DF193,Looking up handler method for path /0089/searchData
05-23-2017 01:41:41.253,DEBUG,9EE364A8280C01F2D6FA1AF6C51DF193,Returning handler method [public java.util.List<vn.bananavietnam.ict.banana.component.Bnn0089SearchTaskResult> vn.bananavietnam.ict.banana.controller.Bnn0089SearchTaskController.searchData(vn.bananavietnam.ict.banana.component.Bnn0089SearchTaskConditions)]
05-23-2017 01:41:41.253,DEBUG,9EE364A8280C01F2D6FA1AF6C51DF193,Returning cached instance of singleton bean 'bnn0089SearchTaskController'
05-23-2017 01:41:41.253,DEBUG,9EE364A8280C01F2D6FA1AF6C51DF193,Returning cached instance of singleton bean 'xml_path'
05-23-2017 01:41:41.254,DEBUG,9EE364A8280C01F2D6FA1AF6C51DF193,Read [class vn.bananavietnam.ict.banana.component.Bnn0089SearchTaskConditions] as "application/json" with [org.springframework.http.converter.json.MappingJackson2HttpMessageConverter@156f2cc]
05-23-2017 01:41:41.254,INFO ,9EE364A8280C01F2D6FA1AF6C51DF193,U0000000001,vn.bananavietnam.ict.banana.service.Bnn0089SearchTaskService,searchData,[vn.bananavietnam.ict.banana.component.Bnn0089SearchTaskConditions@10ec66c] METHOD START
05-23-2017 01:41:41.254,DEBUG,9EE364A8280C01F2D6FA1AF6C51DF193,Returning cached instance of singleton bean 'transactionManager'
05-23-2017 01:41:41.254,INFO ,9EE364A8280C01F2D6FA1AF6C51DF193,U0000000001,Task searching started
05-23-2017 01:41:41.254,DEBUG,9EE364A8280C01F2D6FA1AF6C51DF193,Creating a new SqlSession
05-23-2017 01:41:41.254,DEBUG,9EE364A8280C01F2D6FA1AF6C51DF193,Registering transaction synchronization for SqlSession [org.apache.ibatis.session.defaults.DefaultSqlSession@14a4d33]
05-23-2017 01:41:41.254,DEBUG,9EE364A8280C01F2D6FA1AF6C51DF193,Fetching JDBC Connection from DataSource
05-23-2017 01:41:41.254,DEBUG,9EE364A8280C01F2D6FA1AF6C51DF193,Creating new JDBC DriverManager Connection to [jdbc:mysql://172.16.0.175:3306/BANANA_DB_HUNG_SELENIUM?useUnicode=yes&characterEncoding=UTF-8&autoReconnect=true]
05-23-2017 01:41:41.270,DEBUG,9EE364A8280C01F2D6FA1AF6C51DF193,Registering transaction synchronization for JDBC Connection
05-23-2017 01:41:41.270,DEBUG,9EE364A8280C01F2D6FA1AF6C51DF193,JDBC Connection [com.mysql.jdbc.JDBC4Connection@107af52] will be managed by Spring
05-23-2017 01:41:41.271,DEBUG,9EE364A8280C01F2D6FA1AF6C51DF193,==>  Preparing: SELECT T.TASK_ID taskId, T.TASK_NAME taskName, T.WORKING_DETAILS workingDetails, T.NOTE note, T.QUARANTINE_HANDLING_FLAG quarantineHandlingFlag, T.DELETE_FLAG deleteFlag, T.CHANGE_POINT_CODE changePointCode, T.LAST_UPDATE_DATE lastUpdateDate FROM IVB_M_TASK T WHERE 1 = 1 AND T.DELETE_FLAG = '0' ORDER BY T.TASK_NAME LIMIT ?,? 
05-23-2017 01:41:41.271,DEBUG,9EE364A8280C01F2D6FA1AF6C51DF193,==> Parameters: 0(Integer), 20(Integer)
05-23-2017 01:41:41.274,DEBUG,9EE364A8280C01F2D6FA1AF6C51DF193,<==      Total: 20
05-23-2017 01:41:41.274,DEBUG,9EE364A8280C01F2D6FA1AF6C51DF193,Releasing transactional SqlSession [org.apache.ibatis.session.defaults.DefaultSqlSession@14a4d33]
05-23-2017 01:41:41.274,INFO ,9EE364A8280C01F2D6FA1AF6C51DF193,U0000000001,SQL execution finished
05-23-2017 01:41:41.274,DEBUG,9EE364A8280C01F2D6FA1AF6C51DF193,Fetched SqlSession [org.apache.ibatis.session.defaults.DefaultSqlSession@14a4d33] from current transaction
05-23-2017 01:41:41.274,DEBUG,9EE364A8280C01F2D6FA1AF6C51DF193,==>  Preparing: SELECT COUNT(*) FROM IVB_M_TASK T WHERE 1 = 1 AND T.DELETE_FLAG = '0' ORDER BY T.TASK_ID 
05-23-2017 01:41:41.275,DEBUG,9EE364A8280C01F2D6FA1AF6C51DF193,==> Parameters: 
05-23-2017 01:41:41.276,DEBUG,9EE364A8280C01F2D6FA1AF6C51DF193,<==      Total: 1
05-23-2017 01:41:41.276,DEBUG,9EE364A8280C01F2D6FA1AF6C51DF193,Releasing transactional SqlSession [org.apache.ibatis.session.defaults.DefaultSqlSession@14a4d33]
05-23-2017 01:41:41.276,INFO ,9EE364A8280C01F2D6FA1AF6C51DF193,U0000000001,Task searching finished ==> 43 item(s)
05-23-2017 01:41:41.276,DEBUG,9EE364A8280C01F2D6FA1AF6C51DF193,Transaction synchronization deregistering SqlSession [org.apache.ibatis.session.defaults.DefaultSqlSession@14a4d33]
05-23-2017 01:41:41.276,DEBUG,9EE364A8280C01F2D6FA1AF6C51DF193,Transaction synchronization closing SqlSession [org.apache.ibatis.session.defaults.DefaultSqlSession@14a4d33]
05-23-2017 01:41:41.276,DEBUG,9EE364A8280C01F2D6FA1AF6C51DF193,Returning JDBC Connection to DataSource
05-23-2017 01:41:41.276,INFO ,9EE364A8280C01F2D6FA1AF6C51DF193,U0000000001,vn.bananavietnam.ict.banana.service.Bnn0089SearchTaskService,searchData,[vn.bananavietnam.ict.banana.component.Bnn0089SearchTaskConditions@10ec66c] METHOD END
05-23-2017 01:41:41.277,DEBUG,9EE364A8280C01F2D6FA1AF6C51DF193,Written [[vn.bananavietnam.ict.banana.component.Bnn0089SearchTaskResult@1520efb, vn.bananavietnam.ict.banana.component.Bnn0089SearchTaskResult@1295d51, vn.bananavietnam.ict.banana.component.Bnn0089SearchTaskResult@1800136, vn.bananavietnam.ict.banana.component.Bnn0089SearchTaskResult@bb965e, vn.bananavietnam.ict.banana.component.Bnn0089SearchTaskResult@1c760e4, vn.bananavietnam.ict.banana.component.Bnn0089SearchTaskResult@7d78d8, vn.bananavietnam.ict.banana.component.Bnn0089SearchTaskResult@15341d0, vn.bananavietnam.ict.banana.component.Bnn0089SearchTaskResult@1aa3b82, vn.bananavietnam.ict.banana.component.Bnn0089SearchTaskResult@124b053, vn.bananavietnam.ict.banana.component.Bnn0089SearchTaskResult@78b197, vn.bananavietnam.ict.banana.component.Bnn0089SearchTaskResult@11433c9, vn.bananavietnam.ict.banana.component.Bnn0089SearchTaskResult@1687602, vn.bananavietnam.ict.banana.component.Bnn0089SearchTaskResult@1fee154, vn.bananavietnam.ict.banana.component.Bnn0089SearchTaskResult@3d03f5, vn.bananavietnam.ict.banana.component.Bnn0089SearchTaskResult@d5eb80, vn.bananavietnam.ict.banana.component.Bnn0089SearchTaskResult@87407e, vn.bananavietnam.ict.banana.component.Bnn0089SearchTaskResult@7df1bb, vn.bananavietnam.ict.banana.component.Bnn0089SearchTaskResult@797dea, vn.bananavietnam.ict.banana.component.Bnn0089SearchTaskResult@1f31e4e, vn.bananavietnam.ict.banana.component.Bnn0089SearchTaskResult@16b2b3e]] as "application/json;charset=UTF-8" using [org.springframework.http.converter.json.MappingJackson2HttpMessageConverter@156f2cc]
05-23-2017 01:41:41.277,DEBUG,9EE364A8280C01F2D6FA1AF6C51DF193,Null ModelAndView returned to DispatcherServlet with name 'appServlet': assuming HandlerAdapter completed request handling
05-23-2017 01:41:41.277,DEBUG,9EE364A8280C01F2D6FA1AF6C51DF193,Successfully completed request
05-23-2017 01:41:41.277,DEBUG,9EE364A8280C01F2D6FA1AF6C51DF193,Chain processed normally
05-23-2017 01:41:41.277,DEBUG,9EE364A8280C01F2D6FA1AF6C51DF193,SecurityContextHolder now cleared, as request processing completed
05-23-2017 01:41:42.592,DEBUG,5E44780726FA5DF7FACE3792809134EF,/0089/searchData at position 1 of 11 in additional filter chain; firing Filter: 'SecurityContextPersistenceFilter'
05-23-2017 01:41:42.592,DEBUG,5E44780726FA5DF7FACE3792809134EF,Obtained a valid SecurityContext from SPRING_SECURITY_CONTEXT: 'org.springframework.security.core.context.SecurityContextImpl@3b6ee12b: Authentication: org.springframework.security.authentication.UsernamePasswordAuthenticationToken@3b6ee12b: Principal: vn.bananavietnam.ict.common.auth.MyUser@c4907816: Username: U0000000001; Password: [PROTECTED]; Enabled: true; AccountNonExpired: true; credentialsNonExpired: true; AccountNonLocked: true; Granted Authorities: 1; Credentials: [PROTECTED]; Authenticated: true; Details: org.springframework.security.web.authentication.WebAuthenticationDetails@166c8: RemoteIpAddress: 0:0:0:0:0:0:0:1; SessionId: 7A64DAD34F35BE475E88FC8597E944BD; Granted Authorities: 1'
05-23-2017 01:41:42.592,DEBUG,5E44780726FA5DF7FACE3792809134EF,/0089/searchData at position 2 of 11 in additional filter chain; firing Filter: 'WebAsyncManagerIntegrationFilter'
05-23-2017 01:41:42.592,DEBUG,5E44780726FA5DF7FACE3792809134EF,/0089/searchData at position 3 of 11 in additional filter chain; firing Filter: 'LogoutFilter'
05-23-2017 01:41:42.592,DEBUG,5E44780726FA5DF7FACE3792809134EF,/0089/searchData at position 4 of 11 in additional filter chain; firing Filter: 'UsernamePasswordAuthenticationFilter'
05-23-2017 01:41:42.592,DEBUG,5E44780726FA5DF7FACE3792809134EF,/0089/searchData at position 5 of 11 in additional filter chain; firing Filter: 'BasicAuthenticationFilter'
05-23-2017 01:41:42.592,DEBUG,5E44780726FA5DF7FACE3792809134EF,/0089/searchData at position 6 of 11 in additional filter chain; firing Filter: 'RequestCacheAwareFilter'
05-23-2017 01:41:42.592,DEBUG,5E44780726FA5DF7FACE3792809134EF,/0089/searchData at position 7 of 11 in additional filter chain; firing Filter: 'SecurityContextHolderAwareRequestFilter'
05-23-2017 01:41:42.592,DEBUG,5E44780726FA5DF7FACE3792809134EF,/0089/searchData at position 8 of 11 in additional filter chain; firing Filter: 'AnonymousAuthenticationFilter'
05-23-2017 01:41:42.592,DEBUG,5E44780726FA5DF7FACE3792809134EF,SecurityContextHolder not populated with anonymous token, as it already contained: 'org.springframework.security.authentication.UsernamePasswordAuthenticationToken@3b6ee12b: Principal: vn.bananavietnam.ict.common.auth.MyUser@c4907816: Username: U0000000001; Password: [PROTECTED]; Enabled: true; AccountNonExpired: true; credentialsNonExpired: true; AccountNonLocked: true; Granted Authorities: 1; Credentials: [PROTECTED]; Authenticated: true; Details: org.springframework.security.web.authentication.WebAuthenticationDetails@166c8: RemoteIpAddress: 0:0:0:0:0:0:0:1; SessionId: 7A64DAD34F35BE475E88FC8597E944BD; Granted Authorities: 1'
05-23-2017 01:41:42.592,DEBUG,5E44780726FA5DF7FACE3792809134EF,/0089/searchData at position 9 of 11 in additional filter chain; firing Filter: 'SessionManagementFilter'
05-23-2017 01:41:42.592,DEBUG,5E44780726FA5DF7FACE3792809134EF,/0089/searchData at position 10 of 11 in additional filter chain; firing Filter: 'ExceptionTranslationFilter'
05-23-2017 01:41:42.592,DEBUG,5E44780726FA5DF7FACE3792809134EF,/0089/searchData at position 11 of 11 in additional filter chain; firing Filter: 'FilterSecurityInterceptor'
05-23-2017 01:41:42.592,DEBUG,5E44780726FA5DF7FACE3792809134EF,Checking match of request : '/0089/searchdata'; against '/autherror*'
05-23-2017 01:41:42.592,DEBUG,5E44780726FA5DF7FACE3792809134EF,Checking match of request : '/0089/searchdata'; against '/login/**'
05-23-2017 01:41:42.592,DEBUG,5E44780726FA5DF7FACE3792809134EF,Checking match of request : '/0089/searchdata'; against '/error/**'
05-23-2017 01:41:42.592,DEBUG,5E44780726FA5DF7FACE3792809134EF,Checking match of request : '/0089/searchdata'; against '/0001/**'
05-23-2017 01:41:42.592,DEBUG,5E44780726FA5DF7FACE3792809134EF,Checking match of request : '/0089/searchdata'; against '/0002/**'
05-23-2017 01:41:42.592,DEBUG,5E44780726FA5DF7FACE3792809134EF,Checking match of request : '/0089/searchdata'; against '/0003/**'
05-23-2017 01:41:42.592,DEBUG,5E44780726FA5DF7FACE3792809134EF,Checking match of request : '/0089/searchdata'; against '/0005/**'
05-23-2017 01:41:42.592,DEBUG,5E44780726FA5DF7FACE3792809134EF,Checking match of request : '/0089/searchdata'; against '/0007/**'
05-23-2017 01:41:42.592,DEBUG,5E44780726FA5DF7FACE3792809134EF,Checking match of request : '/0089/searchdata'; against '/0009/**'
05-23-2017 01:41:42.592,DEBUG,5E44780726FA5DF7FACE3792809134EF,Checking match of request : '/0089/searchdata'; against '/0013/**'
05-23-2017 01:41:42.592,DEBUG,5E44780726FA5DF7FACE3792809134EF,Checking match of request : '/0089/searchdata'; against '/0023/**'
05-23-2017 01:41:42.592,DEBUG,5E44780726FA5DF7FACE3792809134EF,Checking match of request : '/0089/searchdata'; against '/0017/**'
05-23-2017 01:41:42.592,DEBUG,5E44780726FA5DF7FACE3792809134EF,Checking match of request : '/0089/searchdata'; against '/0031/**'
05-23-2017 01:41:42.592,DEBUG,5E44780726FA5DF7FACE3792809134EF,Checking match of request : '/0089/searchdata'; against '/0035/**'
05-23-2017 01:41:42.592,DEBUG,5E44780726FA5DF7FACE3792809134EF,Checking match of request : '/0089/searchdata'; against '/0037/**'
05-23-2017 01:41:42.592,DEBUG,5E44780726FA5DF7FACE3792809134EF,Checking match of request : '/0089/searchdata'; against '/0045/**'
05-23-2017 01:41:42.592,DEBUG,5E44780726FA5DF7FACE3792809134EF,Checking match of request : '/0089/searchdata'; against '/0047/**'
05-23-2017 01:41:42.592,DEBUG,5E44780726FA5DF7FACE3792809134EF,Checking match of request : '/0089/searchdata'; against '/0049/**'
05-23-2017 01:41:42.592,DEBUG,5E44780726FA5DF7FACE3792809134EF,Checking match of request : '/0089/searchdata'; against '/0061/**'
05-23-2017 01:41:42.592,DEBUG,5E44780726FA5DF7FACE3792809134EF,Checking match of request : '/0089/searchdata'; against '/0087/**'
05-23-2017 01:41:42.592,DEBUG,5E44780726FA5DF7FACE3792809134EF,Checking match of request : '/0089/searchdata'; against '/0075/**'
05-23-2017 01:41:42.592,DEBUG,5E44780726FA5DF7FACE3792809134EF,Checking match of request : '/0089/searchdata'; against '/0089/**'
05-23-2017 01:41:42.592,DEBUG,5E44780726FA5DF7FACE3792809134EF,Secure object: FilterInvocation: URL: /0089/searchData; Attributes: [ROLE_ADMIN, ROLE_USER, IS_AUTHENTICATED_FULLY]
05-23-2017 01:41:42.592,DEBUG,5E44780726FA5DF7FACE3792809134EF,Previously Authenticated: org.springframework.security.authentication.UsernamePasswordAuthenticationToken@3b6ee12b: Principal: vn.bananavietnam.ict.common.auth.MyUser@c4907816: Username: U0000000001; Password: [PROTECTED]; Enabled: true; AccountNonExpired: true; credentialsNonExpired: true; AccountNonLocked: true; Granted Authorities: 1; Credentials: [PROTECTED]; Authenticated: true; Details: org.springframework.security.web.authentication.WebAuthenticationDetails@166c8: RemoteIpAddress: 0:0:0:0:0:0:0:1; SessionId: 7A64DAD34F35BE475E88FC8597E944BD; Granted Authorities: 1
05-23-2017 01:41:42.592,DEBUG,5E44780726FA5DF7FACE3792809134EF,Voter: org.springframework.security.access.vote.RoleVoter@1ac872d, returned: -1
05-23-2017 01:41:42.592,DEBUG,5E44780726FA5DF7FACE3792809134EF,Voter: org.springframework.security.access.vote.AuthenticatedVoter@b1927d, returned: 1
05-23-2017 01:41:42.593,DEBUG,5E44780726FA5DF7FACE3792809134EF,Authorization successful
05-23-2017 01:41:42.593,DEBUG,5E44780726FA5DF7FACE3792809134EF,RunAsManager did not change Authentication object
05-23-2017 01:41:42.593,DEBUG,5E44780726FA5DF7FACE3792809134EF,/0089/searchData reached end of additional filter chain; proceeding with original chain
05-23-2017 01:41:42.593,DEBUG,5E44780726FA5DF7FACE3792809134EF,Request [/ict/0089/searchData] is not a multipart request
05-23-2017 01:41:42.593,DEBUG,9EE364A8280C01F2D6FA1AF6C51DF193,DispatcherServlet with name 'appServlet' processing POST request for [/ict/0089/searchData]
05-23-2017 01:41:42.593,DEBUG,9EE364A8280C01F2D6FA1AF6C51DF193,Looking up handler method for path /0089/searchData
05-23-2017 01:41:42.593,DEBUG,9EE364A8280C01F2D6FA1AF6C51DF193,Returning handler method [public java.util.List<vn.bananavietnam.ict.banana.component.Bnn0089SearchTaskResult> vn.bananavietnam.ict.banana.controller.Bnn0089SearchTaskController.searchData(vn.bananavietnam.ict.banana.component.Bnn0089SearchTaskConditions)]
05-23-2017 01:41:42.593,DEBUG,9EE364A8280C01F2D6FA1AF6C51DF193,Returning cached instance of singleton bean 'bnn0089SearchTaskController'
05-23-2017 01:41:42.593,DEBUG,9EE364A8280C01F2D6FA1AF6C51DF193,Returning cached instance of singleton bean 'xml_path'
05-23-2017 01:41:42.593,DEBUG,9EE364A8280C01F2D6FA1AF6C51DF193,Read [class vn.bananavietnam.ict.banana.component.Bnn0089SearchTaskConditions] as "application/json" with [org.springframework.http.converter.json.MappingJackson2HttpMessageConverter@156f2cc]
05-23-2017 01:41:42.594,INFO ,9EE364A8280C01F2D6FA1AF6C51DF193,U0000000001,vn.bananavietnam.ict.banana.service.Bnn0089SearchTaskService,searchData,[vn.bananavietnam.ict.banana.component.Bnn0089SearchTaskConditions@92ec7e] METHOD START
05-23-2017 01:41:42.594,DEBUG,9EE364A8280C01F2D6FA1AF6C51DF193,Returning cached instance of singleton bean 'transactionManager'
05-23-2017 01:41:42.594,INFO ,9EE364A8280C01F2D6FA1AF6C51DF193,U0000000001,Task searching started
05-23-2017 01:41:42.594,DEBUG,9EE364A8280C01F2D6FA1AF6C51DF193,Creating a new SqlSession
05-23-2017 01:41:42.594,DEBUG,9EE364A8280C01F2D6FA1AF6C51DF193,Registering transaction synchronization for SqlSession [org.apache.ibatis.session.defaults.DefaultSqlSession@7139a1]
05-23-2017 01:41:42.594,DEBUG,9EE364A8280C01F2D6FA1AF6C51DF193,Fetching JDBC Connection from DataSource
05-23-2017 01:41:42.594,DEBUG,9EE364A8280C01F2D6FA1AF6C51DF193,Creating new JDBC DriverManager Connection to [jdbc:mysql://172.16.0.175:3306/BANANA_DB_HUNG_SELENIUM?useUnicode=yes&characterEncoding=UTF-8&autoReconnect=true]
05-23-2017 01:41:42.611,DEBUG,9EE364A8280C01F2D6FA1AF6C51DF193,Registering transaction synchronization for JDBC Connection
05-23-2017 01:41:42.611,DEBUG,9EE364A8280C01F2D6FA1AF6C51DF193,JDBC Connection [com.mysql.jdbc.JDBC4Connection@113125a] will be managed by Spring
05-23-2017 01:41:42.611,DEBUG,9EE364A8280C01F2D6FA1AF6C51DF193,==>  Preparing: SELECT T.TASK_ID taskId, T.TASK_NAME taskName, T.WORKING_DETAILS workingDetails, T.NOTE note, T.QUARANTINE_HANDLING_FLAG quarantineHandlingFlag, T.DELETE_FLAG deleteFlag, T.CHANGE_POINT_CODE changePointCode, T.LAST_UPDATE_DATE lastUpdateDate FROM IVB_M_TASK T WHERE 1 = 1 AND T.DELETE_FLAG = '0' ORDER BY T.TASK_NAME LIMIT ?,? 
05-23-2017 01:41:42.612,DEBUG,9EE364A8280C01F2D6FA1AF6C51DF193,==> Parameters: 40(Integer), 20(Integer)
05-23-2017 01:41:42.613,DEBUG,9EE364A8280C01F2D6FA1AF6C51DF193,<==      Total: 3
05-23-2017 01:41:42.613,DEBUG,9EE364A8280C01F2D6FA1AF6C51DF193,Releasing transactional SqlSession [org.apache.ibatis.session.defaults.DefaultSqlSession@7139a1]
05-23-2017 01:41:42.613,INFO ,9EE364A8280C01F2D6FA1AF6C51DF193,U0000000001,SQL execution finished
05-23-2017 01:41:42.613,DEBUG,9EE364A8280C01F2D6FA1AF6C51DF193,Fetched SqlSession [org.apache.ibatis.session.defaults.DefaultSqlSession@7139a1] from current transaction
05-23-2017 01:41:42.613,DEBUG,9EE364A8280C01F2D6FA1AF6C51DF193,==>  Preparing: SELECT COUNT(*) FROM IVB_M_TASK T WHERE 1 = 1 AND T.DELETE_FLAG = '0' ORDER BY T.TASK_ID 
05-23-2017 01:41:42.613,DEBUG,9EE364A8280C01F2D6FA1AF6C51DF193,==> Parameters: 
05-23-2017 01:41:42.614,DEBUG,9EE364A8280C01F2D6FA1AF6C51DF193,<==      Total: 1
05-23-2017 01:41:42.614,DEBUG,9EE364A8280C01F2D6FA1AF6C51DF193,Releasing transactional SqlSession [org.apache.ibatis.session.defaults.DefaultSqlSession@7139a1]
05-23-2017 01:41:42.614,INFO ,9EE364A8280C01F2D6FA1AF6C51DF193,U0000000001,Task searching finished ==> 43 item(s)
05-23-2017 01:41:42.614,DEBUG,9EE364A8280C01F2D6FA1AF6C51DF193,Transaction synchronization deregistering SqlSession [org.apache.ibatis.session.defaults.DefaultSqlSession@7139a1]
05-23-2017 01:41:42.614,DEBUG,9EE364A8280C01F2D6FA1AF6C51DF193,Transaction synchronization closing SqlSession [org.apache.ibatis.session.defaults.DefaultSqlSession@7139a1]
05-23-2017 01:41:42.614,DEBUG,9EE364A8280C01F2D6FA1AF6C51DF193,Returning JDBC Connection to DataSource
05-23-2017 01:41:42.615,INFO ,9EE364A8280C01F2D6FA1AF6C51DF193,U0000000001,vn.bananavietnam.ict.banana.service.Bnn0089SearchTaskService,searchData,[vn.bananavietnam.ict.banana.component.Bnn0089SearchTaskConditions@92ec7e] METHOD END
05-23-2017 01:41:42.615,DEBUG,9EE364A8280C01F2D6FA1AF6C51DF193,Written [[vn.bananavietnam.ict.banana.component.Bnn0089SearchTaskResult@188043a, vn.bananavietnam.ict.banana.component.Bnn0089SearchTaskResult@89ac0f, vn.bananavietnam.ict.banana.component.Bnn0089SearchTaskResult@1f45df4]] as "application/json;charset=UTF-8" using [org.springframework.http.converter.json.MappingJackson2HttpMessageConverter@156f2cc]
05-23-2017 01:41:42.615,DEBUG,9EE364A8280C01F2D6FA1AF6C51DF193,Null ModelAndView returned to DispatcherServlet with name 'appServlet': assuming HandlerAdapter completed request handling
05-23-2017 01:41:42.615,DEBUG,9EE364A8280C01F2D6FA1AF6C51DF193,Successfully completed request
05-23-2017 01:41:42.615,DEBUG,9EE364A8280C01F2D6FA1AF6C51DF193,Chain processed normally
05-23-2017 01:41:42.615,DEBUG,9EE364A8280C01F2D6FA1AF6C51DF193,SecurityContextHolder now cleared, as request processing completed
