05-23-2017 00:31:32.304,DEBUG,91A00C82990ED84BD59D077E174819F2,/0089/searchData at position 1 of 11 in additional filter chain; firing Filter: 'SecurityContextPersistenceFilter'
05-23-2017 00:31:32.304,DEBUG,91A00C82990ED84BD59D077E174819F2,Obtained a valid SecurityContext from SPRING_SECURITY_CONTEXT: 'org.springframework.security.core.context.SecurityContextImpl@c491b865: Authentication: org.springframework.security.authentication.UsernamePasswordAuthenticationToken@c491b865: Principal: vn.bananavietnam.ict.common.auth.MyUser@c4907816: Username: U0000000001; Password: [PROTECTED]; Enabled: true; AccountNonExpired: true; credentialsNonExpired: true; AccountNonLocked: true; Granted Authorities: 1; Credentials: [PROTECTED]; Authenticated: true; Details: org.springframework.security.web.authentication.WebAuthenticationDetails@fffe3f86: RemoteIpAddress: 127.0.0.1; SessionId: 91A00C82990ED84BD59D077E174819F2; Granted Authorities: 1'
05-23-2017 00:31:32.304,DEBUG,91A00C82990ED84BD59D077E174819F2,/0089/searchData at position 2 of 11 in additional filter chain; firing Filter: 'WebAsyncManagerIntegrationFilter'
05-23-2017 00:31:32.304,DEBUG,91A00C82990ED84BD59D077E174819F2,/0089/searchData at position 3 of 11 in additional filter chain; firing Filter: 'LogoutFilter'
05-23-2017 00:31:32.304,DEBUG,91A00C82990ED84BD59D077E174819F2,/0089/searchData at position 4 of 11 in additional filter chain; firing Filter: 'UsernamePasswordAuthenticationFilter'
05-23-2017 00:31:32.304,DEBUG,91A00C82990ED84BD59D077E174819F2,/0089/searchData at position 5 of 11 in additional filter chain; firing Filter: 'BasicAuthenticationFilter'
05-23-2017 00:31:32.304,DEBUG,91A00C82990ED84BD59D077E174819F2,/0089/searchData at position 6 of 11 in additional filter chain; firing Filter: 'RequestCacheAwareFilter'
05-23-2017 00:31:32.304,DEBUG,91A00C82990ED84BD59D077E174819F2,/0089/searchData at position 7 of 11 in additional filter chain; firing Filter: 'SecurityContextHolderAwareRequestFilter'
05-23-2017 00:31:32.304,DEBUG,91A00C82990ED84BD59D077E174819F2,/0089/searchData at position 8 of 11 in additional filter chain; firing Filter: 'AnonymousAuthenticationFilter'
05-23-2017 00:31:32.304,DEBUG,91A00C82990ED84BD59D077E174819F2,SecurityContextHolder not populated with anonymous token, as it already contained: 'org.springframework.security.authentication.UsernamePasswordAuthenticationToken@c491b865: Principal: vn.bananavietnam.ict.common.auth.MyUser@c4907816: Username: U0000000001; Password: [PROTECTED]; Enabled: true; AccountNonExpired: true; credentialsNonExpired: true; AccountNonLocked: true; Granted Authorities: 1; Credentials: [PROTECTED]; Authenticated: true; Details: org.springframework.security.web.authentication.WebAuthenticationDetails@fffe3f86: RemoteIpAddress: 127.0.0.1; SessionId: 91A00C82990ED84BD59D077E174819F2; Granted Authorities: 1'
05-23-2017 00:31:32.305,DEBUG,91A00C82990ED84BD59D077E174819F2,/0089/searchData at position 9 of 11 in additional filter chain; firing Filter: 'SessionManagementFilter'
05-23-2017 00:31:32.305,DEBUG,91A00C82990ED84BD59D077E174819F2,/0089/searchData at position 10 of 11 in additional filter chain; firing Filter: 'ExceptionTranslationFilter'
05-23-2017 00:31:32.305,DEBUG,91A00C82990ED84BD59D077E174819F2,/0089/searchData at position 11 of 11 in additional filter chain; firing Filter: 'FilterSecurityInterceptor'
05-23-2017 00:31:32.305,DEBUG,91A00C82990ED84BD59D077E174819F2,Checking match of request : '/0089/searchdata'; against '/autherror*'
05-23-2017 00:31:32.305,DEBUG,91A00C82990ED84BD59D077E174819F2,Checking match of request : '/0089/searchdata'; against '/login/**'
05-23-2017 00:31:32.305,DEBUG,91A00C82990ED84BD59D077E174819F2,Checking match of request : '/0089/searchdata'; against '/error/**'
05-23-2017 00:31:32.305,DEBUG,91A00C82990ED84BD59D077E174819F2,Checking match of request : '/0089/searchdata'; against '/0001/**'
05-23-2017 00:31:32.305,DEBUG,91A00C82990ED84BD59D077E174819F2,Checking match of request : '/0089/searchdata'; against '/0002/**'
05-23-2017 00:31:32.305,DEBUG,91A00C82990ED84BD59D077E174819F2,Checking match of request : '/0089/searchdata'; against '/0003/**'
05-23-2017 00:31:32.305,DEBUG,91A00C82990ED84BD59D077E174819F2,Checking match of request : '/0089/searchdata'; against '/0005/**'
05-23-2017 00:31:32.305,DEBUG,91A00C82990ED84BD59D077E174819F2,Checking match of request : '/0089/searchdata'; against '/0007/**'
05-23-2017 00:31:32.305,DEBUG,91A00C82990ED84BD59D077E174819F2,Checking match of request : '/0089/searchdata'; against '/0009/**'
05-23-2017 00:31:32.305,DEBUG,91A00C82990ED84BD59D077E174819F2,Checking match of request : '/0089/searchdata'; against '/0013/**'
05-23-2017 00:31:32.305,DEBUG,91A00C82990ED84BD59D077E174819F2,Checking match of request : '/0089/searchdata'; against '/0023/**'
05-23-2017 00:31:32.305,DEBUG,91A00C82990ED84BD59D077E174819F2,Checking match of request : '/0089/searchdata'; against '/0017/**'
05-23-2017 00:31:32.305,DEBUG,91A00C82990ED84BD59D077E174819F2,Checking match of request : '/0089/searchdata'; against '/0031/**'
05-23-2017 00:31:32.305,DEBUG,91A00C82990ED84BD59D077E174819F2,Checking match of request : '/0089/searchdata'; against '/0035/**'
05-23-2017 00:31:32.305,DEBUG,91A00C82990ED84BD59D077E174819F2,Checking match of request : '/0089/searchdata'; against '/0037/**'
05-23-2017 00:31:32.305,DEBUG,91A00C82990ED84BD59D077E174819F2,Checking match of request : '/0089/searchdata'; against '/0045/**'
05-23-2017 00:31:32.305,DEBUG,91A00C82990ED84BD59D077E174819F2,Checking match of request : '/0089/searchdata'; against '/0047/**'
05-23-2017 00:31:32.305,DEBUG,91A00C82990ED84BD59D077E174819F2,Checking match of request : '/0089/searchdata'; against '/0049/**'
05-23-2017 00:31:32.305,DEBUG,91A00C82990ED84BD59D077E174819F2,Checking match of request : '/0089/searchdata'; against '/0061/**'
05-23-2017 00:31:32.305,DEBUG,91A00C82990ED84BD59D077E174819F2,Checking match of request : '/0089/searchdata'; against '/0087/**'
05-23-2017 00:31:32.305,DEBUG,91A00C82990ED84BD59D077E174819F2,Checking match of request : '/0089/searchdata'; against '/0075/**'
05-23-2017 00:31:32.305,DEBUG,91A00C82990ED84BD59D077E174819F2,Checking match of request : '/0089/searchdata'; against '/0089/**'
05-23-2017 00:31:32.305,DEBUG,91A00C82990ED84BD59D077E174819F2,Secure object: FilterInvocation: URL: /0089/searchData; Attributes: [ROLE_ADMIN, ROLE_USER, IS_AUTHENTICATED_FULLY]
05-23-2017 00:31:32.305,DEBUG,91A00C82990ED84BD59D077E174819F2,Previously Authenticated: org.springframework.security.authentication.UsernamePasswordAuthenticationToken@c491b865: Principal: vn.bananavietnam.ict.common.auth.MyUser@c4907816: Username: U0000000001; Password: [PROTECTED]; Enabled: true; AccountNonExpired: true; credentialsNonExpired: true; AccountNonLocked: true; Granted Authorities: 1; Credentials: [PROTECTED]; Authenticated: true; Details: org.springframework.security.web.authentication.WebAuthenticationDetails@fffe3f86: RemoteIpAddress: 127.0.0.1; SessionId: 91A00C82990ED84BD59D077E174819F2; Granted Authorities: 1
05-23-2017 00:31:32.305,DEBUG,91A00C82990ED84BD59D077E174819F2,Voter: org.springframework.security.access.vote.RoleVoter@1ac872d, returned: -1
05-23-2017 00:31:32.305,DEBUG,91A00C82990ED84BD59D077E174819F2,Voter: org.springframework.security.access.vote.AuthenticatedVoter@b1927d, returned: 1
05-23-2017 00:31:32.305,DEBUG,91A00C82990ED84BD59D077E174819F2,Authorization successful
05-23-2017 00:31:32.305,DEBUG,91A00C82990ED84BD59D077E174819F2,RunAsManager did not change Authentication object
05-23-2017 00:31:32.305,DEBUG,91A00C82990ED84BD59D077E174819F2,/0089/searchData reached end of additional filter chain; proceeding with original chain
05-23-2017 00:31:32.305,DEBUG,91A00C82990ED84BD59D077E174819F2,Request [/ict/0089/searchData] is not a multipart request
05-23-2017 00:31:32.305,DEBUG,FBAB03BCD242A756698448A436B023AD,DispatcherServlet with name 'appServlet' processing POST request for [/ict/0089/searchData]
05-23-2017 00:31:32.306,DEBUG,FBAB03BCD242A756698448A436B023AD,Looking up handler method for path /0089/searchData
05-23-2017 00:31:32.306,DEBUG,FBAB03BCD242A756698448A436B023AD,Returning handler method [public java.util.List<vn.bananavietnam.ict.banana.component.Bnn0089SearchTaskResult> vn.bananavietnam.ict.banana.controller.Bnn0089SearchTaskController.searchData(vn.bananavietnam.ict.banana.component.Bnn0089SearchTaskConditions)]
05-23-2017 00:31:32.306,DEBUG,FBAB03BCD242A756698448A436B023AD,Returning cached instance of singleton bean 'bnn0089SearchTaskController'
05-23-2017 00:31:32.306,DEBUG,FBAB03BCD242A756698448A436B023AD,Returning cached instance of singleton bean 'xml_path'
05-23-2017 00:31:32.306,DEBUG,FBAB03BCD242A756698448A436B023AD,Read [class vn.bananavietnam.ict.banana.component.Bnn0089SearchTaskConditions] as "application/json" with [org.springframework.http.converter.json.MappingJackson2HttpMessageConverter@156f2cc]
05-23-2017 00:31:32.307,INFO ,FBAB03BCD242A756698448A436B023AD,U0000000001,vn.bananavietnam.ict.banana.service.Bnn0089SearchTaskService,searchData,[vn.bananavietnam.ict.banana.component.Bnn0089SearchTaskConditions@33f1f7] METHOD START
05-23-2017 00:31:32.307,DEBUG,FBAB03BCD242A756698448A436B023AD,Returning cached instance of singleton bean 'transactionManager'
05-23-2017 00:31:32.307,INFO ,FBAB03BCD242A756698448A436B023AD,U0000000001,Task searching started
05-23-2017 00:31:32.307,DEBUG,FBAB03BCD242A756698448A436B023AD,Creating a new SqlSession
05-23-2017 00:31:32.307,DEBUG,FBAB03BCD242A756698448A436B023AD,Registering transaction synchronization for SqlSession [org.apache.ibatis.session.defaults.DefaultSqlSession@ebb65a]
05-23-2017 00:31:32.307,DEBUG,FBAB03BCD242A756698448A436B023AD,Fetching JDBC Connection from DataSource
05-23-2017 00:31:32.307,DEBUG,FBAB03BCD242A756698448A436B023AD,Creating new JDBC DriverManager Connection to [jdbc:mysql://172.16.0.175:3306/BANANA_DB_HUNG_SELENIUM?useUnicode=yes&characterEncoding=UTF-8&autoReconnect=true]
05-23-2017 00:31:36.312,DEBUG,FBAB03BCD242A756698448A436B023AD,Releasing transactional SqlSession [org.apache.ibatis.session.defaults.DefaultSqlSession@ebb65a]
05-23-2017 00:31:36.323,ERROR,FBAB03BCD242A756698448A436B023AD,U0000000001,java.lang.Exception: nested exception is org.apache.ibatis.exceptions.PersistenceException: 
05-23-2017 00:31:36.323,DEBUG,FBAB03BCD242A756698448A436B023AD,Transaction synchronization deregistering SqlSession [org.apache.ibatis.session.defaults.DefaultSqlSession@ebb65a]
05-23-2017 00:31:36.323,DEBUG,FBAB03BCD242A756698448A436B023AD,Transaction synchronization closing SqlSession [org.apache.ibatis.session.defaults.DefaultSqlSession@ebb65a]
05-23-2017 00:31:36.324,DEBUG,FBAB03BCD242A756698448A436B023AD,Should roll back transaction but cannot - no transaction available
05-23-2017 00:31:36.324,INFO ,FBAB03BCD242A756698448A436B023AD,U0000000001,vn.bananavietnam.ict.banana.service.Bnn0089SearchTaskService,searchData,[vn.bananavietnam.ict.banana.component.Bnn0089SearchTaskConditions@33f1f7] METHOD END
05-23-2017 00:31:36.325,DEBUG,FBAB03BCD242A756698448A436B023AD,Null ModelAndView returned to DispatcherServlet with name 'appServlet': assuming HandlerAdapter completed request handling
05-23-2017 00:31:36.325,DEBUG,FBAB03BCD242A756698448A436B023AD,Successfully completed request
05-23-2017 00:31:36.325,DEBUG,FBAB03BCD242A756698448A436B023AD,Chain processed normally
05-23-2017 00:31:36.326,DEBUG,FBAB03BCD242A756698448A436B023AD,SecurityContextHolder now cleared, as request processing completed
05-23-2017 00:31:53.824,DEBUG,91A00C82990ED84BD59D077E174819F2,/0089/searchData at position 1 of 11 in additional filter chain; firing Filter: 'SecurityContextPersistenceFilter'
05-23-2017 00:31:53.824,DEBUG,91A00C82990ED84BD59D077E174819F2,Obtained a valid SecurityContext from SPRING_SECURITY_CONTEXT: 'org.springframework.security.core.context.SecurityContextImpl@c491b865: Authentication: org.springframework.security.authentication.UsernamePasswordAuthenticationToken@c491b865: Principal: vn.bananavietnam.ict.common.auth.MyUser@c4907816: Username: U0000000001; Password: [PROTECTED]; Enabled: true; AccountNonExpired: true; credentialsNonExpired: true; AccountNonLocked: true; Granted Authorities: 1; Credentials: [PROTECTED]; Authenticated: true; Details: org.springframework.security.web.authentication.WebAuthenticationDetails@fffe3f86: RemoteIpAddress: 127.0.0.1; SessionId: 91A00C82990ED84BD59D077E174819F2; Granted Authorities: 1'
05-23-2017 00:31:53.825,DEBUG,91A00C82990ED84BD59D077E174819F2,/0089/searchData at position 2 of 11 in additional filter chain; firing Filter: 'WebAsyncManagerIntegrationFilter'
05-23-2017 00:31:53.825,DEBUG,91A00C82990ED84BD59D077E174819F2,/0089/searchData at position 3 of 11 in additional filter chain; firing Filter: 'LogoutFilter'
05-23-2017 00:31:53.825,DEBUG,91A00C82990ED84BD59D077E174819F2,/0089/searchData at position 4 of 11 in additional filter chain; firing Filter: 'UsernamePasswordAuthenticationFilter'
05-23-2017 00:31:53.825,DEBUG,91A00C82990ED84BD59D077E174819F2,/0089/searchData at position 5 of 11 in additional filter chain; firing Filter: 'BasicAuthenticationFilter'
05-23-2017 00:31:53.825,DEBUG,91A00C82990ED84BD59D077E174819F2,/0089/searchData at position 6 of 11 in additional filter chain; firing Filter: 'RequestCacheAwareFilter'
05-23-2017 00:31:53.825,DEBUG,91A00C82990ED84BD59D077E174819F2,/0089/searchData at position 7 of 11 in additional filter chain; firing Filter: 'SecurityContextHolderAwareRequestFilter'
05-23-2017 00:31:53.825,DEBUG,91A00C82990ED84BD59D077E174819F2,/0089/searchData at position 8 of 11 in additional filter chain; firing Filter: 'AnonymousAuthenticationFilter'
05-23-2017 00:31:53.825,DEBUG,91A00C82990ED84BD59D077E174819F2,SecurityContextHolder not populated with anonymous token, as it already contained: 'org.springframework.security.authentication.UsernamePasswordAuthenticationToken@c491b865: Principal: vn.bananavietnam.ict.common.auth.MyUser@c4907816: Username: U0000000001; Password: [PROTECTED]; Enabled: true; AccountNonExpired: true; credentialsNonExpired: true; AccountNonLocked: true; Granted Authorities: 1; Credentials: [PROTECTED]; Authenticated: true; Details: org.springframework.security.web.authentication.WebAuthenticationDetails@fffe3f86: RemoteIpAddress: 127.0.0.1; SessionId: 91A00C82990ED84BD59D077E174819F2; Granted Authorities: 1'
05-23-2017 00:31:53.825,DEBUG,91A00C82990ED84BD59D077E174819F2,/0089/searchData at position 9 of 11 in additional filter chain; firing Filter: 'SessionManagementFilter'
05-23-2017 00:31:53.825,DEBUG,91A00C82990ED84BD59D077E174819F2,/0089/searchData at position 10 of 11 in additional filter chain; firing Filter: 'ExceptionTranslationFilter'
05-23-2017 00:31:53.825,DEBUG,91A00C82990ED84BD59D077E174819F2,/0089/searchData at position 11 of 11 in additional filter chain; firing Filter: 'FilterSecurityInterceptor'
05-23-2017 00:31:53.825,DEBUG,91A00C82990ED84BD59D077E174819F2,Checking match of request : '/0089/searchdata'; against '/autherror*'
05-23-2017 00:31:53.826,DEBUG,91A00C82990ED84BD59D077E174819F2,Checking match of request : '/0089/searchdata'; against '/login/**'
05-23-2017 00:31:53.826,DEBUG,91A00C82990ED84BD59D077E174819F2,Checking match of request : '/0089/searchdata'; against '/error/**'
05-23-2017 00:31:53.826,DEBUG,91A00C82990ED84BD59D077E174819F2,Checking match of request : '/0089/searchdata'; against '/0001/**'
05-23-2017 00:31:53.826,DEBUG,91A00C82990ED84BD59D077E174819F2,Checking match of request : '/0089/searchdata'; against '/0002/**'
05-23-2017 00:31:53.826,DEBUG,91A00C82990ED84BD59D077E174819F2,Checking match of request : '/0089/searchdata'; against '/0003/**'
05-23-2017 00:31:53.826,DEBUG,91A00C82990ED84BD59D077E174819F2,Checking match of request : '/0089/searchdata'; against '/0005/**'
05-23-2017 00:31:53.826,DEBUG,91A00C82990ED84BD59D077E174819F2,Checking match of request : '/0089/searchdata'; against '/0007/**'
05-23-2017 00:31:53.826,DEBUG,91A00C82990ED84BD59D077E174819F2,Checking match of request : '/0089/searchdata'; against '/0009/**'
05-23-2017 00:31:53.826,DEBUG,91A00C82990ED84BD59D077E174819F2,Checking match of request : '/0089/searchdata'; against '/0013/**'
05-23-2017 00:31:53.826,DEBUG,91A00C82990ED84BD59D077E174819F2,Checking match of request : '/0089/searchdata'; against '/0023/**'
05-23-2017 00:31:53.826,DEBUG,91A00C82990ED84BD59D077E174819F2,Checking match of request : '/0089/searchdata'; against '/0017/**'
05-23-2017 00:31:53.826,DEBUG,91A00C82990ED84BD59D077E174819F2,Checking match of request : '/0089/searchdata'; against '/0031/**'
05-23-2017 00:31:53.826,DEBUG,91A00C82990ED84BD59D077E174819F2,Checking match of request : '/0089/searchdata'; against '/0035/**'
05-23-2017 00:31:53.826,DEBUG,91A00C82990ED84BD59D077E174819F2,Checking match of request : '/0089/searchdata'; against '/0037/**'
05-23-2017 00:31:53.826,DEBUG,91A00C82990ED84BD59D077E174819F2,Checking match of request : '/0089/searchdata'; against '/0045/**'
05-23-2017 00:31:53.826,DEBUG,91A00C82990ED84BD59D077E174819F2,Checking match of request : '/0089/searchdata'; against '/0047/**'
05-23-2017 00:31:53.826,DEBUG,91A00C82990ED84BD59D077E174819F2,Checking match of request : '/0089/searchdata'; against '/0049/**'
05-23-2017 00:31:53.826,DEBUG,91A00C82990ED84BD59D077E174819F2,Checking match of request : '/0089/searchdata'; against '/0061/**'
05-23-2017 00:31:53.826,DEBUG,91A00C82990ED84BD59D077E174819F2,Checking match of request : '/0089/searchdata'; against '/0087/**'
05-23-2017 00:31:53.826,DEBUG,91A00C82990ED84BD59D077E174819F2,Checking match of request : '/0089/searchdata'; against '/0075/**'
05-23-2017 00:31:53.826,DEBUG,91A00C82990ED84BD59D077E174819F2,Checking match of request : '/0089/searchdata'; against '/0089/**'
05-23-2017 00:31:53.826,DEBUG,91A00C82990ED84BD59D077E174819F2,Secure object: FilterInvocation: URL: /0089/searchData; Attributes: [ROLE_ADMIN, ROLE_USER, IS_AUTHENTICATED_FULLY]
05-23-2017 00:31:53.826,DEBUG,91A00C82990ED84BD59D077E174819F2,Previously Authenticated: org.springframework.security.authentication.UsernamePasswordAuthenticationToken@c491b865: Principal: vn.bananavietnam.ict.common.auth.MyUser@c4907816: Username: U0000000001; Password: [PROTECTED]; Enabled: true; AccountNonExpired: true; credentialsNonExpired: true; AccountNonLocked: true; Granted Authorities: 1; Credentials: [PROTECTED]; Authenticated: true; Details: org.springframework.security.web.authentication.WebAuthenticationDetails@fffe3f86: RemoteIpAddress: 127.0.0.1; SessionId: 91A00C82990ED84BD59D077E174819F2; Granted Authorities: 1
05-23-2017 00:31:53.827,DEBUG,91A00C82990ED84BD59D077E174819F2,Voter: org.springframework.security.access.vote.RoleVoter@1ac872d, returned: -1
05-23-2017 00:31:53.827,DEBUG,91A00C82990ED84BD59D077E174819F2,Voter: org.springframework.security.access.vote.AuthenticatedVoter@b1927d, returned: 1
05-23-2017 00:31:53.827,DEBUG,91A00C82990ED84BD59D077E174819F2,Authorization successful
05-23-2017 00:31:53.827,DEBUG,91A00C82990ED84BD59D077E174819F2,RunAsManager did not change Authentication object
05-23-2017 00:31:53.827,DEBUG,91A00C82990ED84BD59D077E174819F2,/0089/searchData reached end of additional filter chain; proceeding with original chain
05-23-2017 00:31:53.827,DEBUG,91A00C82990ED84BD59D077E174819F2,Request [/ict/0089/searchData] is not a multipart request
05-23-2017 00:31:53.827,DEBUG,FBAB03BCD242A756698448A436B023AD,DispatcherServlet with name 'appServlet' processing POST request for [/ict/0089/searchData]
05-23-2017 00:31:53.827,DEBUG,FBAB03BCD242A756698448A436B023AD,Looking up handler method for path /0089/searchData
05-23-2017 00:31:53.827,DEBUG,FBAB03BCD242A756698448A436B023AD,Returning handler method [public java.util.List<vn.bananavietnam.ict.banana.component.Bnn0089SearchTaskResult> vn.bananavietnam.ict.banana.controller.Bnn0089SearchTaskController.searchData(vn.bananavietnam.ict.banana.component.Bnn0089SearchTaskConditions)]
05-23-2017 00:31:53.827,DEBUG,FBAB03BCD242A756698448A436B023AD,Returning cached instance of singleton bean 'bnn0089SearchTaskController'
05-23-2017 00:31:53.827,DEBUG,FBAB03BCD242A756698448A436B023AD,Returning cached instance of singleton bean 'xml_path'
05-23-2017 00:31:53.828,DEBUG,FBAB03BCD242A756698448A436B023AD,Read [class vn.bananavietnam.ict.banana.component.Bnn0089SearchTaskConditions] as "application/json" with [org.springframework.http.converter.json.MappingJackson2HttpMessageConverter@156f2cc]
05-23-2017 00:31:53.828,INFO ,FBAB03BCD242A756698448A436B023AD,U0000000001,vn.bananavietnam.ict.banana.service.Bnn0089SearchTaskService,searchData,[vn.bananavietnam.ict.banana.component.Bnn0089SearchTaskConditions@1c5a84e] METHOD START
05-23-2017 00:31:53.828,DEBUG,FBAB03BCD242A756698448A436B023AD,Returning cached instance of singleton bean 'transactionManager'
05-23-2017 00:31:53.828,INFO ,FBAB03BCD242A756698448A436B023AD,U0000000001,Task searching started
05-23-2017 00:31:53.828,DEBUG,FBAB03BCD242A756698448A436B023AD,Creating a new SqlSession
05-23-2017 00:31:53.828,DEBUG,FBAB03BCD242A756698448A436B023AD,Registering transaction synchronization for SqlSession [org.apache.ibatis.session.defaults.DefaultSqlSession@1a368de]
05-23-2017 00:31:53.829,DEBUG,FBAB03BCD242A756698448A436B023AD,Fetching JDBC Connection from DataSource
05-23-2017 00:31:53.829,DEBUG,FBAB03BCD242A756698448A436B023AD,Creating new JDBC DriverManager Connection to [jdbc:mysql://172.16.0.175:3306/BANANA_DB_HUNG_SELENIUM?useUnicode=yes&characterEncoding=UTF-8&autoReconnect=true]
05-23-2017 00:31:53.844,DEBUG,FBAB03BCD242A756698448A436B023AD,Registering transaction synchronization for JDBC Connection
05-23-2017 00:31:53.845,DEBUG,FBAB03BCD242A756698448A436B023AD,JDBC Connection [com.mysql.jdbc.JDBC4Connection@140538e] will be managed by Spring
05-23-2017 00:31:53.845,DEBUG,FBAB03BCD242A756698448A436B023AD,==>  Preparing: SELECT T.TASK_ID taskId, T.TASK_NAME taskName, T.WORKING_DETAILS workingDetails, T.NOTE note, T.QUARANTINE_HANDLING_FLAG quarantineHandlingFlag, T.DELETE_FLAG deleteFlag, T.CHANGE_POINT_CODE changePointCode, T.LAST_UPDATE_DATE lastUpdateDate FROM IVB_M_TASK T WHERE 1 = 1 AND T.DELETE_FLAG = '0' ORDER BY T.TASK_NAME LIMIT ?,? 
05-23-2017 00:31:53.845,DEBUG,FBAB03BCD242A756698448A436B023AD,==> Parameters: 0(Integer), 20(Integer)
05-23-2017 00:31:53.848,DEBUG,FBAB03BCD242A756698448A436B023AD,<==      Total: 20
05-23-2017 00:31:53.849,DEBUG,FBAB03BCD242A756698448A436B023AD,Releasing transactional SqlSession [org.apache.ibatis.session.defaults.DefaultSqlSession@1a368de]
05-23-2017 00:31:53.849,INFO ,FBAB03BCD242A756698448A436B023AD,U0000000001,SQL execution finished
05-23-2017 00:31:53.849,DEBUG,FBAB03BCD242A756698448A436B023AD,Fetched SqlSession [org.apache.ibatis.session.defaults.DefaultSqlSession@1a368de] from current transaction
05-23-2017 00:31:53.849,DEBUG,FBAB03BCD242A756698448A436B023AD,==>  Preparing: SELECT COUNT(*) FROM IVB_M_TASK T WHERE 1 = 1 AND T.DELETE_FLAG = '0' ORDER BY T.TASK_ID 
05-23-2017 00:31:53.849,DEBUG,FBAB03BCD242A756698448A436B023AD,==> Parameters: 
05-23-2017 00:31:53.853,DEBUG,FBAB03BCD242A756698448A436B023AD,<==      Total: 1
05-23-2017 00:31:53.853,DEBUG,FBAB03BCD242A756698448A436B023AD,Releasing transactional SqlSession [org.apache.ibatis.session.defaults.DefaultSqlSession@1a368de]
05-23-2017 00:31:53.853,INFO ,FBAB03BCD242A756698448A436B023AD,U0000000001,Task searching finished ==> 43 item(s)
05-23-2017 00:31:53.854,DEBUG,FBAB03BCD242A756698448A436B023AD,Transaction synchronization deregistering SqlSession [org.apache.ibatis.session.defaults.DefaultSqlSession@1a368de]
05-23-2017 00:31:53.854,DEBUG,FBAB03BCD242A756698448A436B023AD,Transaction synchronization closing SqlSession [org.apache.ibatis.session.defaults.DefaultSqlSession@1a368de]
05-23-2017 00:31:53.854,DEBUG,FBAB03BCD242A756698448A436B023AD,Returning JDBC Connection to DataSource
05-23-2017 00:31:53.854,INFO ,FBAB03BCD242A756698448A436B023AD,U0000000001,vn.bananavietnam.ict.banana.service.Bnn0089SearchTaskService,searchData,[vn.bananavietnam.ict.banana.component.Bnn0089SearchTaskConditions@1c5a84e] METHOD END
05-23-2017 00:31:53.856,DEBUG,FBAB03BCD242A756698448A436B023AD,Written [[vn.bananavietnam.ict.banana.component.Bnn0089SearchTaskResult@130e209, vn.bananavietnam.ict.banana.component.Bnn0089SearchTaskResult@8f4d1d, vn.bananavietnam.ict.banana.component.Bnn0089SearchTaskResult@19d8935, vn.bananavietnam.ict.banana.component.Bnn0089SearchTaskResult@d59679, vn.bananavietnam.ict.banana.component.Bnn0089SearchTaskResult@670f80, vn.bananavietnam.ict.banana.component.Bnn0089SearchTaskResult@544c34, vn.bananavietnam.ict.banana.component.Bnn0089SearchTaskResult@115a2aa, vn.bananavietnam.ict.banana.component.Bnn0089SearchTaskResult@14593af, vn.bananavietnam.ict.banana.component.Bnn0089SearchTaskResult@16e88c8, vn.bananavietnam.ict.banana.component.Bnn0089SearchTaskResult@12558fd, vn.bananavietnam.ict.banana.component.Bnn0089SearchTaskResult@1c1ac81, vn.bananavietnam.ict.banana.component.Bnn0089SearchTaskResult@4a857d, vn.bananavietnam.ict.banana.component.Bnn0089SearchTaskResult@15975b4, vn.bananavietnam.ict.banana.component.Bnn0089SearchTaskResult@a03052, vn.bananavietnam.ict.banana.component.Bnn0089SearchTaskResult@dd25a3, vn.bananavietnam.ict.banana.component.Bnn0089SearchTaskResult@6e2668, vn.bananavietnam.ict.banana.component.Bnn0089SearchTaskResult@ec1284, vn.bananavietnam.ict.banana.component.Bnn0089SearchTaskResult@1698b2b, vn.bananavietnam.ict.banana.component.Bnn0089SearchTaskResult@e4918, vn.bananavietnam.ict.banana.component.Bnn0089SearchTaskResult@18e6f57]] as "application/json;charset=UTF-8" using [org.springframework.http.converter.json.MappingJackson2HttpMessageConverter@156f2cc]
05-23-2017 00:31:53.856,DEBUG,FBAB03BCD242A756698448A436B023AD,Null ModelAndView returned to DispatcherServlet with name 'appServlet': assuming HandlerAdapter completed request handling
05-23-2017 00:31:53.856,DEBUG,FBAB03BCD242A756698448A436B023AD,Successfully completed request
05-23-2017 00:31:53.856,DEBUG,FBAB03BCD242A756698448A436B023AD,Chain processed normally
05-23-2017 00:31:53.857,DEBUG,FBAB03BCD242A756698448A436B023AD,SecurityContextHolder now cleared, as request processing completed
