05-23-2017 01:30:16.062,DEBUG,86DE596B909BBCAE1591170738FF4EBD,/0089/searchData at position 1 of 11 in additional filter chain; firing Filter: 'SecurityContextPersistenceFilter'
05-23-2017 01:30:16.062,DEBUG,86DE596B909BBCAE1591170738FF4EBD,Obtained a valid SecurityContext from SPRING_SECURITY_CONTEXT: 'org.springframework.security.core.context.SecurityContextImpl@c493f8ef: Authentication: org.springframework.security.authentication.UsernamePasswordAuthenticationToken@c493f8ef: Principal: vn.bananavietnam.ict.common.auth.MyUser@c4907816: Username: U0000000001; Password: [PROTECTED]; Enabled: true; AccountNonExpired: true; credentialsNonExpired: true; AccountNonLocked: true; Granted Authorities: 1; Credentials: [PROTECTED]; Authenticated: true; Details: org.springframework.security.web.authentication.WebAuthenticationDetails@fffc7f0c: RemoteIpAddress: 0:0:0:0:0:0:0:1; SessionId: 86DE596B909BBCAE1591170738FF4EBD; Granted Authorities: 1'
05-23-2017 01:30:16.062,DEBUG,86DE596B909BBCAE1591170738FF4EBD,/0089/searchData at position 2 of 11 in additional filter chain; firing Filter: 'WebAsyncManagerIntegrationFilter'
05-23-2017 01:30:16.062,DEBUG,86DE596B909BBCAE1591170738FF4EBD,/0089/searchData at position 3 of 11 in additional filter chain; firing Filter: 'LogoutFilter'
05-23-2017 01:30:16.062,DEBUG,86DE596B909BBCAE1591170738FF4EBD,/0089/searchData at position 4 of 11 in additional filter chain; firing Filter: 'UsernamePasswordAuthenticationFilter'
05-23-2017 01:30:16.062,DEBUG,86DE596B909BBCAE1591170738FF4EBD,/0089/searchData at position 5 of 11 in additional filter chain; firing Filter: 'BasicAuthenticationFilter'
05-23-2017 01:30:16.062,DEBUG,86DE596B909BBCAE1591170738FF4EBD,/0089/searchData at position 6 of 11 in additional filter chain; firing Filter: 'RequestCacheAwareFilter'
05-23-2017 01:30:16.062,DEBUG,86DE596B909BBCAE1591170738FF4EBD,/0089/searchData at position 7 of 11 in additional filter chain; firing Filter: 'SecurityContextHolderAwareRequestFilter'
05-23-2017 01:30:16.062,DEBUG,86DE596B909BBCAE1591170738FF4EBD,/0089/searchData at position 8 of 11 in additional filter chain; firing Filter: 'AnonymousAuthenticationFilter'
05-23-2017 01:30:16.062,DEBUG,86DE596B909BBCAE1591170738FF4EBD,SecurityContextHolder not populated with anonymous token, as it already contained: 'org.springframework.security.authentication.UsernamePasswordAuthenticationToken@c493f8ef: Principal: vn.bananavietnam.ict.common.auth.MyUser@c4907816: Username: U0000000001; Password: [PROTECTED]; Enabled: true; AccountNonExpired: true; credentialsNonExpired: true; AccountNonLocked: true; Granted Authorities: 1; Credentials: [PROTECTED]; Authenticated: true; Details: org.springframework.security.web.authentication.WebAuthenticationDetails@fffc7f0c: RemoteIpAddress: 0:0:0:0:0:0:0:1; SessionId: 86DE596B909BBCAE1591170738FF4EBD; Granted Authorities: 1'
05-23-2017 01:30:16.062,DEBUG,86DE596B909BBCAE1591170738FF4EBD,/0089/searchData at position 9 of 11 in additional filter chain; firing Filter: 'SessionManagementFilter'
05-23-2017 01:30:16.062,DEBUG,86DE596B909BBCAE1591170738FF4EBD,/0089/searchData at position 10 of 11 in additional filter chain; firing Filter: 'ExceptionTranslationFilter'
05-23-2017 01:30:16.062,DEBUG,86DE596B909BBCAE1591170738FF4EBD,/0089/searchData at position 11 of 11 in additional filter chain; firing Filter: 'FilterSecurityInterceptor'
05-23-2017 01:30:16.062,DEBUG,86DE596B909BBCAE1591170738FF4EBD,Checking match of request : '/0089/searchdata'; against '/autherror*'
05-23-2017 01:30:16.062,DEBUG,86DE596B909BBCAE1591170738FF4EBD,Checking match of request : '/0089/searchdata'; against '/login/**'
05-23-2017 01:30:16.062,DEBUG,86DE596B909BBCAE1591170738FF4EBD,Checking match of request : '/0089/searchdata'; against '/error/**'
05-23-2017 01:30:16.062,DEBUG,86DE596B909BBCAE1591170738FF4EBD,Checking match of request : '/0089/searchdata'; against '/0001/**'
05-23-2017 01:30:16.062,DEBUG,86DE596B909BBCAE1591170738FF4EBD,Checking match of request : '/0089/searchdata'; against '/0002/**'
05-23-2017 01:30:16.062,DEBUG,86DE596B909BBCAE1591170738FF4EBD,Checking match of request : '/0089/searchdata'; against '/0003/**'
05-23-2017 01:30:16.062,DEBUG,86DE596B909BBCAE1591170738FF4EBD,Checking match of request : '/0089/searchdata'; against '/0005/**'
05-23-2017 01:30:16.063,DEBUG,86DE596B909BBCAE1591170738FF4EBD,Checking match of request : '/0089/searchdata'; against '/0007/**'
05-23-2017 01:30:16.063,DEBUG,86DE596B909BBCAE1591170738FF4EBD,Checking match of request : '/0089/searchdata'; against '/0009/**'
05-23-2017 01:30:16.063,DEBUG,86DE596B909BBCAE1591170738FF4EBD,Checking match of request : '/0089/searchdata'; against '/0013/**'
05-23-2017 01:30:16.063,DEBUG,86DE596B909BBCAE1591170738FF4EBD,Checking match of request : '/0089/searchdata'; against '/0023/**'
05-23-2017 01:30:16.063,DEBUG,86DE596B909BBCAE1591170738FF4EBD,Checking match of request : '/0089/searchdata'; against '/0017/**'
05-23-2017 01:30:16.063,DEBUG,86DE596B909BBCAE1591170738FF4EBD,Checking match of request : '/0089/searchdata'; against '/0031/**'
05-23-2017 01:30:16.063,DEBUG,86DE596B909BBCAE1591170738FF4EBD,Checking match of request : '/0089/searchdata'; against '/0035/**'
05-23-2017 01:30:16.063,DEBUG,86DE596B909BBCAE1591170738FF4EBD,Checking match of request : '/0089/searchdata'; against '/0037/**'
05-23-2017 01:30:16.063,DEBUG,86DE596B909BBCAE1591170738FF4EBD,Checking match of request : '/0089/searchdata'; against '/0045/**'
05-23-2017 01:30:16.063,DEBUG,86DE596B909BBCAE1591170738FF4EBD,Checking match of request : '/0089/searchdata'; against '/0047/**'
05-23-2017 01:30:16.063,DEBUG,86DE596B909BBCAE1591170738FF4EBD,Checking match of request : '/0089/searchdata'; against '/0049/**'
05-23-2017 01:30:16.063,DEBUG,86DE596B909BBCAE1591170738FF4EBD,Checking match of request : '/0089/searchdata'; against '/0061/**'
05-23-2017 01:30:16.063,DEBUG,86DE596B909BBCAE1591170738FF4EBD,Checking match of request : '/0089/searchdata'; against '/0087/**'
05-23-2017 01:30:16.063,DEBUG,86DE596B909BBCAE1591170738FF4EBD,Checking match of request : '/0089/searchdata'; against '/0075/**'
05-23-2017 01:30:16.063,DEBUG,86DE596B909BBCAE1591170738FF4EBD,Checking match of request : '/0089/searchdata'; against '/0089/**'
05-23-2017 01:30:16.063,DEBUG,86DE596B909BBCAE1591170738FF4EBD,Secure object: FilterInvocation: URL: /0089/searchData; Attributes: [ROLE_ADMIN, ROLE_USER, IS_AUTHENTICATED_FULLY]
05-23-2017 01:30:16.063,DEBUG,86DE596B909BBCAE1591170738FF4EBD,Previously Authenticated: org.springframework.security.authentication.UsernamePasswordAuthenticationToken@c493f8ef: Principal: vn.bananavietnam.ict.common.auth.MyUser@c4907816: Username: U0000000001; Password: [PROTECTED]; Enabled: true; AccountNonExpired: true; credentialsNonExpired: true; AccountNonLocked: true; Granted Authorities: 1; Credentials: [PROTECTED]; Authenticated: true; Details: org.springframework.security.web.authentication.WebAuthenticationDetails@fffc7f0c: RemoteIpAddress: 0:0:0:0:0:0:0:1; SessionId: 86DE596B909BBCAE1591170738FF4EBD; Granted Authorities: 1
05-23-2017 01:30:16.063,DEBUG,86DE596B909BBCAE1591170738FF4EBD,Voter: org.springframework.security.access.vote.RoleVoter@1ac872d, returned: -1
05-23-2017 01:30:16.063,DEBUG,86DE596B909BBCAE1591170738FF4EBD,Voter: org.springframework.security.access.vote.AuthenticatedVoter@b1927d, returned: 1
05-23-2017 01:30:16.063,DEBUG,86DE596B909BBCAE1591170738FF4EBD,Authorization successful
05-23-2017 01:30:16.063,DEBUG,86DE596B909BBCAE1591170738FF4EBD,RunAsManager did not change Authentication object
05-23-2017 01:30:16.063,DEBUG,86DE596B909BBCAE1591170738FF4EBD,/0089/searchData reached end of additional filter chain; proceeding with original chain
05-23-2017 01:30:16.063,DEBUG,86DE596B909BBCAE1591170738FF4EBD,Request [/ict/0089/searchData] is not a multipart request
05-23-2017 01:30:16.063,DEBUG,5E44780726FA5DF7FACE3792809134EF,DispatcherServlet with name 'appServlet' processing POST request for [/ict/0089/searchData]
05-23-2017 01:30:16.063,DEBUG,5E44780726FA5DF7FACE3792809134EF,Looking up handler method for path /0089/searchData
05-23-2017 01:30:16.063,DEBUG,5E44780726FA5DF7FACE3792809134EF,Returning handler method [public java.util.List<vn.bananavietnam.ict.banana.component.Bnn0089SearchTaskResult> vn.bananavietnam.ict.banana.controller.Bnn0089SearchTaskController.searchData(vn.bananavietnam.ict.banana.component.Bnn0089SearchTaskConditions)]
05-23-2017 01:30:16.063,DEBUG,5E44780726FA5DF7FACE3792809134EF,Returning cached instance of singleton bean 'bnn0089SearchTaskController'
05-23-2017 01:30:16.063,DEBUG,5E44780726FA5DF7FACE3792809134EF,Returning cached instance of singleton bean 'xml_path'
05-23-2017 01:30:16.064,DEBUG,5E44780726FA5DF7FACE3792809134EF,Read [class vn.bananavietnam.ict.banana.component.Bnn0089SearchTaskConditions] as "application/json" with [org.springframework.http.converter.json.MappingJackson2HttpMessageConverter@156f2cc]
05-23-2017 01:30:16.064,INFO ,5E44780726FA5DF7FACE3792809134EF,U0000000001,vn.bananavietnam.ict.banana.service.Bnn0089SearchTaskService,searchData,[vn.bananavietnam.ict.banana.component.Bnn0089SearchTaskConditions@c8e2e2] METHOD START
05-23-2017 01:30:16.064,DEBUG,5E44780726FA5DF7FACE3792809134EF,Returning cached instance of singleton bean 'transactionManager'
05-23-2017 01:30:16.064,INFO ,5E44780726FA5DF7FACE3792809134EF,U0000000001,Task searching started
05-23-2017 01:30:16.064,DEBUG,5E44780726FA5DF7FACE3792809134EF,Creating a new SqlSession
05-23-2017 01:30:16.064,DEBUG,5E44780726FA5DF7FACE3792809134EF,Registering transaction synchronization for SqlSession [org.apache.ibatis.session.defaults.DefaultSqlSession@e0765]
05-23-2017 01:30:16.064,DEBUG,5E44780726FA5DF7FACE3792809134EF,Fetching JDBC Connection from DataSource
05-23-2017 01:30:16.064,DEBUG,5E44780726FA5DF7FACE3792809134EF,Creating new JDBC DriverManager Connection to [jdbc:mysql://172.16.0.175:3306/BANANA_DB_HUNG_SELENIUM?useUnicode=yes&characterEncoding=UTF-8&autoReconnect=true]
05-23-2017 01:30:20.070,DEBUG,5E44780726FA5DF7FACE3792809134EF,Releasing transactional SqlSession [org.apache.ibatis.session.defaults.DefaultSqlSession@e0765]
05-23-2017 01:30:20.076,ERROR,5E44780726FA5DF7FACE3792809134EF,U0000000001,java.lang.Exception: nested exception is org.apache.ibatis.exceptions.PersistenceException: 
05-23-2017 01:30:20.077,DEBUG,5E44780726FA5DF7FACE3792809134EF,Transaction synchronization deregistering SqlSession [org.apache.ibatis.session.defaults.DefaultSqlSession@e0765]
05-23-2017 01:30:20.077,DEBUG,5E44780726FA5DF7FACE3792809134EF,Transaction synchronization closing SqlSession [org.apache.ibatis.session.defaults.DefaultSqlSession@e0765]
05-23-2017 01:30:20.077,DEBUG,5E44780726FA5DF7FACE3792809134EF,Should roll back transaction but cannot - no transaction available
05-23-2017 01:30:20.077,INFO ,5E44780726FA5DF7FACE3792809134EF,U0000000001,vn.bananavietnam.ict.banana.service.Bnn0089SearchTaskService,searchData,[vn.bananavietnam.ict.banana.component.Bnn0089SearchTaskConditions@c8e2e2] METHOD END
05-23-2017 01:30:20.078,DEBUG,5E44780726FA5DF7FACE3792809134EF,Null ModelAndView returned to DispatcherServlet with name 'appServlet': assuming HandlerAdapter completed request handling
05-23-2017 01:30:20.078,DEBUG,5E44780726FA5DF7FACE3792809134EF,Successfully completed request
05-23-2017 01:30:20.078,DEBUG,5E44780726FA5DF7FACE3792809134EF,Chain processed normally
05-23-2017 01:30:20.078,DEBUG,5E44780726FA5DF7FACE3792809134EF,SecurityContextHolder now cleared, as request processing completed
05-23-2017 01:30:38.214,DEBUG,86DE596B909BBCAE1591170738FF4EBD,/0089/searchData at position 1 of 11 in additional filter chain; firing Filter: 'SecurityContextPersistenceFilter'
05-23-2017 01:30:38.214,DEBUG,86DE596B909BBCAE1591170738FF4EBD,Obtained a valid SecurityContext from SPRING_SECURITY_CONTEXT: 'org.springframework.security.core.context.SecurityContextImpl@c493f8ef: Authentication: org.springframework.security.authentication.UsernamePasswordAuthenticationToken@c493f8ef: Principal: vn.bananavietnam.ict.common.auth.MyUser@c4907816: Username: U0000000001; Password: [PROTECTED]; Enabled: true; AccountNonExpired: true; credentialsNonExpired: true; AccountNonLocked: true; Granted Authorities: 1; Credentials: [PROTECTED]; Authenticated: true; Details: org.springframework.security.web.authentication.WebAuthenticationDetails@fffc7f0c: RemoteIpAddress: 0:0:0:0:0:0:0:1; SessionId: 86DE596B909BBCAE1591170738FF4EBD; Granted Authorities: 1'
05-23-2017 01:30:38.214,DEBUG,86DE596B909BBCAE1591170738FF4EBD,/0089/searchData at position 2 of 11 in additional filter chain; firing Filter: 'WebAsyncManagerIntegrationFilter'
05-23-2017 01:30:38.214,DEBUG,86DE596B909BBCAE1591170738FF4EBD,/0089/searchData at position 3 of 11 in additional filter chain; firing Filter: 'LogoutFilter'
05-23-2017 01:30:38.214,DEBUG,86DE596B909BBCAE1591170738FF4EBD,/0089/searchData at position 4 of 11 in additional filter chain; firing Filter: 'UsernamePasswordAuthenticationFilter'
05-23-2017 01:30:38.214,DEBUG,86DE596B909BBCAE1591170738FF4EBD,/0089/searchData at position 5 of 11 in additional filter chain; firing Filter: 'BasicAuthenticationFilter'
05-23-2017 01:30:38.214,DEBUG,86DE596B909BBCAE1591170738FF4EBD,/0089/searchData at position 6 of 11 in additional filter chain; firing Filter: 'RequestCacheAwareFilter'
05-23-2017 01:30:38.214,DEBUG,86DE596B909BBCAE1591170738FF4EBD,/0089/searchData at position 7 of 11 in additional filter chain; firing Filter: 'SecurityContextHolderAwareRequestFilter'
05-23-2017 01:30:38.214,DEBUG,86DE596B909BBCAE1591170738FF4EBD,/0089/searchData at position 8 of 11 in additional filter chain; firing Filter: 'AnonymousAuthenticationFilter'
05-23-2017 01:30:38.214,DEBUG,86DE596B909BBCAE1591170738FF4EBD,SecurityContextHolder not populated with anonymous token, as it already contained: 'org.springframework.security.authentication.UsernamePasswordAuthenticationToken@c493f8ef: Principal: vn.bananavietnam.ict.common.auth.MyUser@c4907816: Username: U0000000001; Password: [PROTECTED]; Enabled: true; AccountNonExpired: true; credentialsNonExpired: true; AccountNonLocked: true; Granted Authorities: 1; Credentials: [PROTECTED]; Authenticated: true; Details: org.springframework.security.web.authentication.WebAuthenticationDetails@fffc7f0c: RemoteIpAddress: 0:0:0:0:0:0:0:1; SessionId: 86DE596B909BBCAE1591170738FF4EBD; Granted Authorities: 1'
05-23-2017 01:30:38.214,DEBUG,86DE596B909BBCAE1591170738FF4EBD,/0089/searchData at position 9 of 11 in additional filter chain; firing Filter: 'SessionManagementFilter'
05-23-2017 01:30:38.214,DEBUG,86DE596B909BBCAE1591170738FF4EBD,/0089/searchData at position 10 of 11 in additional filter chain; firing Filter: 'ExceptionTranslationFilter'
05-23-2017 01:30:38.214,DEBUG,86DE596B909BBCAE1591170738FF4EBD,/0089/searchData at position 11 of 11 in additional filter chain; firing Filter: 'FilterSecurityInterceptor'
05-23-2017 01:30:38.214,DEBUG,86DE596B909BBCAE1591170738FF4EBD,Checking match of request : '/0089/searchdata'; against '/autherror*'
05-23-2017 01:30:38.215,DEBUG,86DE596B909BBCAE1591170738FF4EBD,Checking match of request : '/0089/searchdata'; against '/login/**'
05-23-2017 01:30:38.215,DEBUG,86DE596B909BBCAE1591170738FF4EBD,Checking match of request : '/0089/searchdata'; against '/error/**'
05-23-2017 01:30:38.215,DEBUG,86DE596B909BBCAE1591170738FF4EBD,Checking match of request : '/0089/searchdata'; against '/0001/**'
05-23-2017 01:30:38.215,DEBUG,86DE596B909BBCAE1591170738FF4EBD,Checking match of request : '/0089/searchdata'; against '/0002/**'
05-23-2017 01:30:38.215,DEBUG,86DE596B909BBCAE1591170738FF4EBD,Checking match of request : '/0089/searchdata'; against '/0003/**'
05-23-2017 01:30:38.215,DEBUG,86DE596B909BBCAE1591170738FF4EBD,Checking match of request : '/0089/searchdata'; against '/0005/**'
05-23-2017 01:30:38.215,DEBUG,86DE596B909BBCAE1591170738FF4EBD,Checking match of request : '/0089/searchdata'; against '/0007/**'
05-23-2017 01:30:38.215,DEBUG,86DE596B909BBCAE1591170738FF4EBD,Checking match of request : '/0089/searchdata'; against '/0009/**'
05-23-2017 01:30:38.215,DEBUG,86DE596B909BBCAE1591170738FF4EBD,Checking match of request : '/0089/searchdata'; against '/0013/**'
05-23-2017 01:30:38.215,DEBUG,86DE596B909BBCAE1591170738FF4EBD,Checking match of request : '/0089/searchdata'; against '/0023/**'
05-23-2017 01:30:38.215,DEBUG,86DE596B909BBCAE1591170738FF4EBD,Checking match of request : '/0089/searchdata'; against '/0017/**'
05-23-2017 01:30:38.215,DEBUG,86DE596B909BBCAE1591170738FF4EBD,Checking match of request : '/0089/searchdata'; against '/0031/**'
05-23-2017 01:30:38.215,DEBUG,86DE596B909BBCAE1591170738FF4EBD,Checking match of request : '/0089/searchdata'; against '/0035/**'
05-23-2017 01:30:38.215,DEBUG,86DE596B909BBCAE1591170738FF4EBD,Checking match of request : '/0089/searchdata'; against '/0037/**'
05-23-2017 01:30:38.215,DEBUG,86DE596B909BBCAE1591170738FF4EBD,Checking match of request : '/0089/searchdata'; against '/0045/**'
05-23-2017 01:30:38.215,DEBUG,86DE596B909BBCAE1591170738FF4EBD,Checking match of request : '/0089/searchdata'; against '/0047/**'
05-23-2017 01:30:38.215,DEBUG,86DE596B909BBCAE1591170738FF4EBD,Checking match of request : '/0089/searchdata'; against '/0049/**'
05-23-2017 01:30:38.215,DEBUG,86DE596B909BBCAE1591170738FF4EBD,Checking match of request : '/0089/searchdata'; against '/0061/**'
05-23-2017 01:30:38.215,DEBUG,86DE596B909BBCAE1591170738FF4EBD,Checking match of request : '/0089/searchdata'; against '/0087/**'
05-23-2017 01:30:38.215,DEBUG,86DE596B909BBCAE1591170738FF4EBD,Checking match of request : '/0089/searchdata'; against '/0075/**'
05-23-2017 01:30:38.215,DEBUG,86DE596B909BBCAE1591170738FF4EBD,Checking match of request : '/0089/searchdata'; against '/0089/**'
05-23-2017 01:30:38.215,DEBUG,86DE596B909BBCAE1591170738FF4EBD,Secure object: FilterInvocation: URL: /0089/searchData; Attributes: [ROLE_ADMIN, ROLE_USER, IS_AUTHENTICATED_FULLY]
05-23-2017 01:30:38.215,DEBUG,86DE596B909BBCAE1591170738FF4EBD,Previously Authenticated: org.springframework.security.authentication.UsernamePasswordAuthenticationToken@c493f8ef: Principal: vn.bananavietnam.ict.common.auth.MyUser@c4907816: Username: U0000000001; Password: [PROTECTED]; Enabled: true; AccountNonExpired: true; credentialsNonExpired: true; AccountNonLocked: true; Granted Authorities: 1; Credentials: [PROTECTED]; Authenticated: true; Details: org.springframework.security.web.authentication.WebAuthenticationDetails@fffc7f0c: RemoteIpAddress: 0:0:0:0:0:0:0:1; SessionId: 86DE596B909BBCAE1591170738FF4EBD; Granted Authorities: 1
05-23-2017 01:30:38.215,DEBUG,86DE596B909BBCAE1591170738FF4EBD,Voter: org.springframework.security.access.vote.RoleVoter@1ac872d, returned: -1
05-23-2017 01:30:38.215,DEBUG,86DE596B909BBCAE1591170738FF4EBD,Voter: org.springframework.security.access.vote.AuthenticatedVoter@b1927d, returned: 1
05-23-2017 01:30:38.215,DEBUG,86DE596B909BBCAE1591170738FF4EBD,Authorization successful
05-23-2017 01:30:38.215,DEBUG,86DE596B909BBCAE1591170738FF4EBD,RunAsManager did not change Authentication object
05-23-2017 01:30:38.215,DEBUG,86DE596B909BBCAE1591170738FF4EBD,/0089/searchData reached end of additional filter chain; proceeding with original chain
05-23-2017 01:30:38.215,DEBUG,86DE596B909BBCAE1591170738FF4EBD,Request [/ict/0089/searchData] is not a multipart request
05-23-2017 01:30:38.215,DEBUG,5E44780726FA5DF7FACE3792809134EF,DispatcherServlet with name 'appServlet' processing POST request for [/ict/0089/searchData]
05-23-2017 01:30:38.215,DEBUG,5E44780726FA5DF7FACE3792809134EF,Looking up handler method for path /0089/searchData
05-23-2017 01:30:38.215,DEBUG,5E44780726FA5DF7FACE3792809134EF,Returning handler method [public java.util.List<vn.bananavietnam.ict.banana.component.Bnn0089SearchTaskResult> vn.bananavietnam.ict.banana.controller.Bnn0089SearchTaskController.searchData(vn.bananavietnam.ict.banana.component.Bnn0089SearchTaskConditions)]
05-23-2017 01:30:38.215,DEBUG,5E44780726FA5DF7FACE3792809134EF,Returning cached instance of singleton bean 'bnn0089SearchTaskController'
05-23-2017 01:30:38.215,DEBUG,5E44780726FA5DF7FACE3792809134EF,Returning cached instance of singleton bean 'xml_path'
05-23-2017 01:30:38.216,DEBUG,5E44780726FA5DF7FACE3792809134EF,Read [class vn.bananavietnam.ict.banana.component.Bnn0089SearchTaskConditions] as "application/json" with [org.springframework.http.converter.json.MappingJackson2HttpMessageConverter@156f2cc]
05-23-2017 01:30:38.216,INFO ,5E44780726FA5DF7FACE3792809134EF,U0000000001,vn.bananavietnam.ict.banana.service.Bnn0089SearchTaskService,searchData,[vn.bananavietnam.ict.banana.component.Bnn0089SearchTaskConditions@3bd941] METHOD START
05-23-2017 01:30:38.216,DEBUG,5E44780726FA5DF7FACE3792809134EF,Returning cached instance of singleton bean 'transactionManager'
05-23-2017 01:30:38.216,INFO ,5E44780726FA5DF7FACE3792809134EF,U0000000001,Task searching started
05-23-2017 01:30:38.216,DEBUG,5E44780726FA5DF7FACE3792809134EF,Creating a new SqlSession
05-23-2017 01:30:38.216,DEBUG,5E44780726FA5DF7FACE3792809134EF,Registering transaction synchronization for SqlSession [org.apache.ibatis.session.defaults.DefaultSqlSession@57b7d7]
05-23-2017 01:30:38.216,DEBUG,5E44780726FA5DF7FACE3792809134EF,Fetching JDBC Connection from DataSource
05-23-2017 01:30:38.216,DEBUG,5E44780726FA5DF7FACE3792809134EF,Creating new JDBC DriverManager Connection to [jdbc:mysql://172.16.0.175:3306/BANANA_DB_HUNG_SELENIUM?useUnicode=yes&characterEncoding=UTF-8&autoReconnect=true]
05-23-2017 01:30:38.232,DEBUG,5E44780726FA5DF7FACE3792809134EF,Registering transaction synchronization for JDBC Connection
05-23-2017 01:30:38.232,DEBUG,5E44780726FA5DF7FACE3792809134EF,JDBC Connection [com.mysql.jdbc.JDBC4Connection@c3f245] will be managed by Spring
05-23-2017 01:30:38.232,DEBUG,5E44780726FA5DF7FACE3792809134EF,==>  Preparing: SELECT T.TASK_ID taskId, T.TASK_NAME taskName, T.WORKING_DETAILS workingDetails, T.NOTE note, T.QUARANTINE_HANDLING_FLAG quarantineHandlingFlag, T.DELETE_FLAG deleteFlag, T.CHANGE_POINT_CODE changePointCode, T.LAST_UPDATE_DATE lastUpdateDate FROM IVB_M_TASK T WHERE 1 = 1 AND T.DELETE_FLAG = '0' ORDER BY T.TASK_NAME LIMIT ?,? 
05-23-2017 01:30:38.232,DEBUG,5E44780726FA5DF7FACE3792809134EF,==> Parameters: 0(Integer), 20(Integer)
05-23-2017 01:30:38.235,DEBUG,5E44780726FA5DF7FACE3792809134EF,<==      Total: 20
05-23-2017 01:30:38.236,DEBUG,5E44780726FA5DF7FACE3792809134EF,Releasing transactional SqlSession [org.apache.ibatis.session.defaults.DefaultSqlSession@57b7d7]
05-23-2017 01:30:38.236,INFO ,5E44780726FA5DF7FACE3792809134EF,U0000000001,SQL execution finished
05-23-2017 01:30:38.236,DEBUG,5E44780726FA5DF7FACE3792809134EF,Fetched SqlSession [org.apache.ibatis.session.defaults.DefaultSqlSession@57b7d7] from current transaction
05-23-2017 01:30:38.236,DEBUG,5E44780726FA5DF7FACE3792809134EF,==>  Preparing: SELECT COUNT(*) FROM IVB_M_TASK T WHERE 1 = 1 AND T.DELETE_FLAG = '0' ORDER BY T.TASK_ID 
05-23-2017 01:30:38.236,DEBUG,5E44780726FA5DF7FACE3792809134EF,==> Parameters: 
05-23-2017 01:30:38.237,DEBUG,5E44780726FA5DF7FACE3792809134EF,<==      Total: 1
05-23-2017 01:30:38.237,DEBUG,5E44780726FA5DF7FACE3792809134EF,Releasing transactional SqlSession [org.apache.ibatis.session.defaults.DefaultSqlSession@57b7d7]
05-23-2017 01:30:38.237,INFO ,5E44780726FA5DF7FACE3792809134EF,U0000000001,Task searching finished ==> 43 item(s)
05-23-2017 01:30:38.237,DEBUG,5E44780726FA5DF7FACE3792809134EF,Transaction synchronization deregistering SqlSession [org.apache.ibatis.session.defaults.DefaultSqlSession@57b7d7]
05-23-2017 01:30:38.237,DEBUG,5E44780726FA5DF7FACE3792809134EF,Transaction synchronization closing SqlSession [org.apache.ibatis.session.defaults.DefaultSqlSession@57b7d7]
05-23-2017 01:30:38.237,DEBUG,5E44780726FA5DF7FACE3792809134EF,Returning JDBC Connection to DataSource
05-23-2017 01:30:38.237,INFO ,5E44780726FA5DF7FACE3792809134EF,U0000000001,vn.bananavietnam.ict.banana.service.Bnn0089SearchTaskService,searchData,[vn.bananavietnam.ict.banana.component.Bnn0089SearchTaskConditions@3bd941] METHOD END
05-23-2017 01:30:38.239,DEBUG,5E44780726FA5DF7FACE3792809134EF,Written [[vn.bananavietnam.ict.banana.component.Bnn0089SearchTaskResult@ae1982, vn.bananavietnam.ict.banana.component.Bnn0089SearchTaskResult@5e70b0, vn.bananavietnam.ict.banana.component.Bnn0089SearchTaskResult@1c0f252, vn.bananavietnam.ict.banana.component.Bnn0089SearchTaskResult@18ab84e, vn.bananavietnam.ict.banana.component.Bnn0089SearchTaskResult@1b0d1b4, vn.bananavietnam.ict.banana.component.Bnn0089SearchTaskResult@64f382, vn.bananavietnam.ict.banana.component.Bnn0089SearchTaskResult@44cb3e, vn.bananavietnam.ict.banana.component.Bnn0089SearchTaskResult@4a4d70, vn.bananavietnam.ict.banana.component.Bnn0089SearchTaskResult@1ba0fbc, vn.bananavietnam.ict.banana.component.Bnn0089SearchTaskResult@21036a, vn.bananavietnam.ict.banana.component.Bnn0089SearchTaskResult@2c3eab, vn.bananavietnam.ict.banana.component.Bnn0089SearchTaskResult@2fcbd3, vn.bananavietnam.ict.banana.component.Bnn0089SearchTaskResult@185fe05, vn.bananavietnam.ict.banana.component.Bnn0089SearchTaskResult@169870c, vn.bananavietnam.ict.banana.component.Bnn0089SearchTaskResult@1f322c, vn.bananavietnam.ict.banana.component.Bnn0089SearchTaskResult@fc0faf, vn.bananavietnam.ict.banana.component.Bnn0089SearchTaskResult@27a123, vn.bananavietnam.ict.banana.component.Bnn0089SearchTaskResult@16d0f4c, vn.bananavietnam.ict.banana.component.Bnn0089SearchTaskResult@e2c8df, vn.bananavietnam.ict.banana.component.Bnn0089SearchTaskResult@e925db]] as "application/json;charset=UTF-8" using [org.springframework.http.converter.json.MappingJackson2HttpMessageConverter@156f2cc]
05-23-2017 01:30:38.239,DEBUG,5E44780726FA5DF7FACE3792809134EF,Null ModelAndView returned to DispatcherServlet with name 'appServlet': assuming HandlerAdapter completed request handling
05-23-2017 01:30:38.239,DEBUG,5E44780726FA5DF7FACE3792809134EF,Successfully completed request
05-23-2017 01:30:38.239,DEBUG,5E44780726FA5DF7FACE3792809134EF,Chain processed normally
05-23-2017 01:30:38.239,DEBUG,5E44780726FA5DF7FACE3792809134EF,SecurityContextHolder now cleared, as request processing completed
