05-23-2017 02:04:48.426,DEBUG,7A864AAAA2012E525D11ABC8A7384100,/0089/searchData at position 1 of 11 in additional filter chain; firing Filter: 'SecurityContextPersistenceFilter'
05-23-2017 02:04:48.426,DEBUG,7A864AAAA2012E525D11ABC8A7384100,No HttpSession currently exists
05-23-2017 02:04:48.426,DEBUG,7A864AAAA2012E525D11ABC8A7384100,No SecurityContext was available from the HttpSession: null. A new one will be created.
05-23-2017 02:04:48.426,DEBUG,7A864AAAA2012E525D11ABC8A7384100,/0089/searchData at position 2 of 11 in additional filter chain; firing Filter: 'WebAsyncManagerIntegrationFilter'
05-23-2017 02:04:48.426,DEBUG,7A864AAAA2012E525D11ABC8A7384100,/0089/searchData at position 3 of 11 in additional filter chain; firing Filter: 'LogoutFilter'
05-23-2017 02:04:48.426,DEBUG,7A864AAAA2012E525D11ABC8A7384100,/0089/searchData at position 4 of 11 in additional filter chain; firing Filter: 'UsernamePasswordAuthenticationFilter'
05-23-2017 02:04:48.426,DEBUG,7A864AAAA2012E525D11ABC8A7384100,/0089/searchData at position 5 of 11 in additional filter chain; firing Filter: 'BasicAuthenticationFilter'
05-23-2017 02:04:48.426,DEBUG,7A864AAAA2012E525D11ABC8A7384100,/0089/searchData at position 6 of 11 in additional filter chain; firing Filter: 'RequestCacheAwareFilter'
05-23-2017 02:04:48.426,DEBUG,7A864AAAA2012E525D11ABC8A7384100,/0089/searchData at position 7 of 11 in additional filter chain; firing Filter: 'SecurityContextHolderAwareRequestFilter'
05-23-2017 02:04:48.426,DEBUG,7A864AAAA2012E525D11ABC8A7384100,/0089/searchData at position 8 of 11 in additional filter chain; firing Filter: 'AnonymousAuthenticationFilter'
05-23-2017 02:04:48.426,DEBUG,7A864AAAA2012E525D11ABC8A7384100,Populated SecurityContextHolder with anonymous token: 'org.springframework.security.authentication.AnonymousAuthenticationToken@9055c2bc: Principal: anonymousUser; Credentials: [PROTECTED]; Authenticated: true; Details: org.springframework.security.web.authentication.WebAuthenticationDetails@b364: RemoteIpAddress: 0:0:0:0:0:0:0:1; SessionId: null; Granted Authorities: ROLE_ANONYMOUS'
05-23-2017 02:04:48.426,DEBUG,7A864AAAA2012E525D11ABC8A7384100,/0089/searchData at position 9 of 11 in additional filter chain; firing Filter: 'SessionManagementFilter'
05-23-2017 02:04:48.426,DEBUG,7A864AAAA2012E525D11ABC8A7384100,Requested session ID 7A864AAAA2012E525D11ABC8A7384100 is invalid.
05-23-2017 02:04:48.426,DEBUG,7A864AAAA2012E525D11ABC8A7384100,/0089/searchData at position 10 of 11 in additional filter chain; firing Filter: 'ExceptionTranslationFilter'
05-23-2017 02:04:48.426,DEBUG,7A864AAAA2012E525D11ABC8A7384100,/0089/searchData at position 11 of 11 in additional filter chain; firing Filter: 'FilterSecurityInterceptor'
05-23-2017 02:04:48.426,DEBUG,7A864AAAA2012E525D11ABC8A7384100,Checking match of request : '/0089/searchdata'; against '/autherror*'
05-23-2017 02:04:48.426,DEBUG,7A864AAAA2012E525D11ABC8A7384100,Checking match of request : '/0089/searchdata'; against '/login/**'
05-23-2017 02:04:48.426,DEBUG,7A864AAAA2012E525D11ABC8A7384100,Checking match of request : '/0089/searchdata'; against '/error/**'
05-23-2017 02:04:48.426,DEBUG,7A864AAAA2012E525D11ABC8A7384100,Checking match of request : '/0089/searchdata'; against '/0001/**'
05-23-2017 02:04:48.426,DEBUG,7A864AAAA2012E525D11ABC8A7384100,Checking match of request : '/0089/searchdata'; against '/0002/**'
05-23-2017 02:04:48.426,DEBUG,7A864AAAA2012E525D11ABC8A7384100,Checking match of request : '/0089/searchdata'; against '/0003/**'
05-23-2017 02:04:48.426,DEBUG,7A864AAAA2012E525D11ABC8A7384100,Checking match of request : '/0089/searchdata'; against '/0005/**'
05-23-2017 02:04:48.426,DEBUG,7A864AAAA2012E525D11ABC8A7384100,Checking match of request : '/0089/searchdata'; against '/0007/**'
05-23-2017 02:04:48.426,DEBUG,7A864AAAA2012E525D11ABC8A7384100,Checking match of request : '/0089/searchdata'; against '/0009/**'
05-23-2017 02:04:48.426,DEBUG,7A864AAAA2012E525D11ABC8A7384100,Checking match of request : '/0089/searchdata'; against '/0013/**'
05-23-2017 02:04:48.426,DEBUG,7A864AAAA2012E525D11ABC8A7384100,Checking match of request : '/0089/searchdata'; against '/0023/**'
05-23-2017 02:04:48.426,DEBUG,7A864AAAA2012E525D11ABC8A7384100,Checking match of request : '/0089/searchdata'; against '/0017/**'
05-23-2017 02:04:48.426,DEBUG,7A864AAAA2012E525D11ABC8A7384100,Checking match of request : '/0089/searchdata'; against '/0031/**'
05-23-2017 02:04:48.426,DEBUG,7A864AAAA2012E525D11ABC8A7384100,Checking match of request : '/0089/searchdata'; against '/0035/**'
05-23-2017 02:04:48.426,DEBUG,7A864AAAA2012E525D11ABC8A7384100,Checking match of request : '/0089/searchdata'; against '/0037/**'
05-23-2017 02:04:48.426,DEBUG,7A864AAAA2012E525D11ABC8A7384100,Checking match of request : '/0089/searchdata'; against '/0045/**'
05-23-2017 02:04:48.426,DEBUG,7A864AAAA2012E525D11ABC8A7384100,Checking match of request : '/0089/searchdata'; against '/0047/**'
05-23-2017 02:04:48.426,DEBUG,7A864AAAA2012E525D11ABC8A7384100,Checking match of request : '/0089/searchdata'; against '/0049/**'
05-23-2017 02:04:48.426,DEBUG,7A864AAAA2012E525D11ABC8A7384100,Checking match of request : '/0089/searchdata'; against '/0061/**'
05-23-2017 02:04:48.426,DEBUG,7A864AAAA2012E525D11ABC8A7384100,Checking match of request : '/0089/searchdata'; against '/0087/**'
05-23-2017 02:04:48.426,DEBUG,7A864AAAA2012E525D11ABC8A7384100,Checking match of request : '/0089/searchdata'; against '/0075/**'
05-23-2017 02:04:48.426,DEBUG,7A864AAAA2012E525D11ABC8A7384100,Checking match of request : '/0089/searchdata'; against '/0089/**'
05-23-2017 02:04:48.426,DEBUG,7A864AAAA2012E525D11ABC8A7384100,Secure object: FilterInvocation: URL: /0089/searchData; Attributes: [ROLE_ADMIN, ROLE_USER, IS_AUTHENTICATED_FULLY]
05-23-2017 02:04:48.426,DEBUG,7A864AAAA2012E525D11ABC8A7384100,Previously Authenticated: org.springframework.security.authentication.AnonymousAuthenticationToken@9055c2bc: Principal: anonymousUser; Credentials: [PROTECTED]; Authenticated: true; Details: org.springframework.security.web.authentication.WebAuthenticationDetails@b364: RemoteIpAddress: 0:0:0:0:0:0:0:1; SessionId: null; Granted Authorities: ROLE_ANONYMOUS
05-23-2017 02:04:48.427,DEBUG,7A864AAAA2012E525D11ABC8A7384100,Voter: org.springframework.security.access.vote.RoleVoter@1ac872d, returned: -1
05-23-2017 02:04:48.427,DEBUG,7A864AAAA2012E525D11ABC8A7384100,Voter: org.springframework.security.access.vote.AuthenticatedVoter@b1927d, returned: -1
05-23-2017 02:04:48.427,DEBUG,7A864AAAA2012E525D11ABC8A7384100,Access is denied (user is anonymous); redirecting to authentication entry point
05-23-2017 02:04:48.428,DEBUG,7A864AAAA2012E525D11ABC8A7384100,DefaultSavedRequest added to Session: DefaultSavedRequest[http://localhost:8080/ict/0089/searchData]
05-23-2017 02:04:48.428,DEBUG,7A864AAAA2012E525D11ABC8A7384100,Calling Authentication entry point.
05-23-2017 02:04:48.428,DEBUG,7A864AAAA2012E525D11ABC8A7384100,Redirecting to 'http://localhost:8080/ict/'
05-23-2017 02:04:48.428,DEBUG,7A864AAAA2012E525D11ABC8A7384100,SecurityContext is empty or contents are anonymous - context will not be stored in HttpSession.
05-23-2017 02:04:48.428,DEBUG,7A864AAAA2012E525D11ABC8A7384100,SecurityContextHolder now cleared, as request processing completed
05-23-2017 02:04:48.432,DEBUG,7A864AAAA2012E525D11ABC8A7384100,/login at position 1 of 11 in additional filter chain; firing Filter: 'SecurityContextPersistenceFilter'
05-23-2017 02:04:48.432,DEBUG,7A864AAAA2012E525D11ABC8A7384100,HttpSession returned null object for SPRING_SECURITY_CONTEXT
05-23-2017 02:04:48.432,DEBUG,7A864AAAA2012E525D11ABC8A7384100,No SecurityContext was available from the HttpSession: org.apache.catalina.session.StandardSessionFacade@ffc1fd. A new one will be created.
05-23-2017 02:04:48.432,DEBUG,7A864AAAA2012E525D11ABC8A7384100,/login at position 2 of 11 in additional filter chain; firing Filter: 'WebAsyncManagerIntegrationFilter'
05-23-2017 02:04:48.432,DEBUG,7A864AAAA2012E525D11ABC8A7384100,/login at position 3 of 11 in additional filter chain; firing Filter: 'LogoutFilter'
05-23-2017 02:04:48.432,DEBUG,7A864AAAA2012E525D11ABC8A7384100,Logging out user 'null' and transferring to logout destination
05-23-2017 02:04:48.432,DEBUG,7A864AAAA2012E525D11ABC8A7384100,Invalidating session: F3E4F8B78FC8EB2ECFFF8ACDEF95F271
05-23-2017 02:04:48.432,DEBUG,7A864AAAA2012E525D11ABC8A7384100,Using default Url: /
05-23-2017 02:04:48.432,DEBUG,7A864AAAA2012E525D11ABC8A7384100,Redirecting to '/ict/'
05-23-2017 02:04:48.432,DEBUG,7A864AAAA2012E525D11ABC8A7384100,SecurityContext is empty or contents are anonymous - context will not be stored in HttpSession.
05-23-2017 02:04:48.432,DEBUG,7A864AAAA2012E525D11ABC8A7384100,SecurityContextHolder now cleared, as request processing completed
05-23-2017 02:04:48.433,DEBUG,B22404B933EBA1857DBB7889F36859F3,/ at position 1 of 11 in additional filter chain; firing Filter: 'SecurityContextPersistenceFilter'
05-23-2017 02:04:48.433,DEBUG,B22404B933EBA1857DBB7889F36859F3,No HttpSession currently exists
05-23-2017 02:04:48.434,DEBUG,B22404B933EBA1857DBB7889F36859F3,No SecurityContext was available from the HttpSession: null. A new one will be created.
05-23-2017 02:04:48.434,DEBUG,B22404B933EBA1857DBB7889F36859F3,/ at position 2 of 11 in additional filter chain; firing Filter: 'WebAsyncManagerIntegrationFilter'
05-23-2017 02:04:48.434,DEBUG,B22404B933EBA1857DBB7889F36859F3,/ at position 3 of 11 in additional filter chain; firing Filter: 'LogoutFilter'
05-23-2017 02:04:48.434,DEBUG,B22404B933EBA1857DBB7889F36859F3,/ at position 4 of 11 in additional filter chain; firing Filter: 'UsernamePasswordAuthenticationFilter'
05-23-2017 02:04:48.434,DEBUG,B22404B933EBA1857DBB7889F36859F3,/ at position 5 of 11 in additional filter chain; firing Filter: 'BasicAuthenticationFilter'
05-23-2017 02:04:48.434,DEBUG,B22404B933EBA1857DBB7889F36859F3,/ at position 6 of 11 in additional filter chain; firing Filter: 'RequestCacheAwareFilter'
05-23-2017 02:04:48.434,DEBUG,B22404B933EBA1857DBB7889F36859F3,/ at position 7 of 11 in additional filter chain; firing Filter: 'SecurityContextHolderAwareRequestFilter'
05-23-2017 02:04:48.434,DEBUG,B22404B933EBA1857DBB7889F36859F3,/ at position 8 of 11 in additional filter chain; firing Filter: 'AnonymousAuthenticationFilter'
05-23-2017 02:04:48.434,DEBUG,B22404B933EBA1857DBB7889F36859F3,Populated SecurityContextHolder with anonymous token: 'org.springframework.security.authentication.AnonymousAuthenticationToken@9055c2bc: Principal: anonymousUser; Credentials: [PROTECTED]; Authenticated: true; Details: org.springframework.security.web.authentication.WebAuthenticationDetails@b364: RemoteIpAddress: 0:0:0:0:0:0:0:1; SessionId: null; Granted Authorities: ROLE_ANONYMOUS'
05-23-2017 02:04:48.434,DEBUG,B22404B933EBA1857DBB7889F36859F3,/ at position 9 of 11 in additional filter chain; firing Filter: 'SessionManagementFilter'
05-23-2017 02:04:48.434,DEBUG,B22404B933EBA1857DBB7889F36859F3,Requested session ID F3E4F8B78FC8EB2ECFFF8ACDEF95F271 is invalid.
05-23-2017 02:04:48.434,DEBUG,B22404B933EBA1857DBB7889F36859F3,/ at position 10 of 11 in additional filter chain; firing Filter: 'ExceptionTranslationFilter'
05-23-2017 02:04:48.434,DEBUG,B22404B933EBA1857DBB7889F36859F3,/ at position 11 of 11 in additional filter chain; firing Filter: 'FilterSecurityInterceptor'
05-23-2017 02:04:48.434,DEBUG,B22404B933EBA1857DBB7889F36859F3,Checking match of request : '/'; against '/autherror*'
05-23-2017 02:04:48.434,DEBUG,B22404B933EBA1857DBB7889F36859F3,Checking match of request : '/'; against '/login/**'
05-23-2017 02:04:48.434,DEBUG,B22404B933EBA1857DBB7889F36859F3,Checking match of request : '/'; against '/error/**'
05-23-2017 02:04:48.434,DEBUG,B22404B933EBA1857DBB7889F36859F3,Checking match of request : '/'; against '/0001/**'
05-23-2017 02:04:48.434,DEBUG,B22404B933EBA1857DBB7889F36859F3,Checking match of request : '/'; against '/0002/**'
05-23-2017 02:04:48.434,DEBUG,B22404B933EBA1857DBB7889F36859F3,Checking match of request : '/'; against '/0003/**'
05-23-2017 02:04:48.434,DEBUG,B22404B933EBA1857DBB7889F36859F3,Checking match of request : '/'; against '/0005/**'
05-23-2017 02:04:48.434,DEBUG,B22404B933EBA1857DBB7889F36859F3,Checking match of request : '/'; against '/0007/**'
05-23-2017 02:04:48.434,DEBUG,B22404B933EBA1857DBB7889F36859F3,Checking match of request : '/'; against '/0009/**'
05-23-2017 02:04:48.434,DEBUG,B22404B933EBA1857DBB7889F36859F3,Checking match of request : '/'; against '/0013/**'
05-23-2017 02:04:48.434,DEBUG,B22404B933EBA1857DBB7889F36859F3,Checking match of request : '/'; against '/0023/**'
05-23-2017 02:04:48.434,DEBUG,B22404B933EBA1857DBB7889F36859F3,Checking match of request : '/'; against '/0017/**'
05-23-2017 02:04:48.434,DEBUG,B22404B933EBA1857DBB7889F36859F3,Checking match of request : '/'; against '/0031/**'
05-23-2017 02:04:48.434,DEBUG,B22404B933EBA1857DBB7889F36859F3,Checking match of request : '/'; against '/0035/**'
05-23-2017 02:04:48.434,DEBUG,B22404B933EBA1857DBB7889F36859F3,Checking match of request : '/'; against '/0037/**'
05-23-2017 02:04:48.434,DEBUG,B22404B933EBA1857DBB7889F36859F3,Checking match of request : '/'; against '/0045/**'
05-23-2017 02:04:48.434,DEBUG,B22404B933EBA1857DBB7889F36859F3,Checking match of request : '/'; against '/0047/**'
05-23-2017 02:04:48.434,DEBUG,B22404B933EBA1857DBB7889F36859F3,Checking match of request : '/'; against '/0049/**'
05-23-2017 02:04:48.434,DEBUG,B22404B933EBA1857DBB7889F36859F3,Checking match of request : '/'; against '/0061/**'
05-23-2017 02:04:48.434,DEBUG,B22404B933EBA1857DBB7889F36859F3,Checking match of request : '/'; against '/0087/**'
05-23-2017 02:04:48.434,DEBUG,B22404B933EBA1857DBB7889F36859F3,Checking match of request : '/'; against '/0075/**'
05-23-2017 02:04:48.434,DEBUG,B22404B933EBA1857DBB7889F36859F3,Checking match of request : '/'; against '/0089/**'
05-23-2017 02:04:48.435,DEBUG,B22404B933EBA1857DBB7889F36859F3,Checking match of request : '/'; against '/0090/**'
05-23-2017 02:04:48.435,DEBUG,B22404B933EBA1857DBB7889F36859F3,Checking match of request : '/'; against '/0091/**'
05-23-2017 02:04:48.435,DEBUG,B22404B933EBA1857DBB7889F36859F3,Checking match of request : '/'; against '/0092/**'
05-23-2017 02:04:48.435,DEBUG,B22404B933EBA1857DBB7889F36859F3,Checking match of request : '/'; against '/0095/**'
05-23-2017 02:04:48.435,DEBUG,B22404B933EBA1857DBB7889F36859F3,Secure object: FilterInvocation: URL: /; Attributes: [IS_AUTHENTICATED_ANONYMOUSLY]
05-23-2017 02:04:48.435,DEBUG,B22404B933EBA1857DBB7889F36859F3,Previously Authenticated: org.springframework.security.authentication.AnonymousAuthenticationToken@9055c2bc: Principal: anonymousUser; Credentials: [PROTECTED]; Authenticated: true; Details: org.springframework.security.web.authentication.WebAuthenticationDetails@b364: RemoteIpAddress: 0:0:0:0:0:0:0:1; SessionId: null; Granted Authorities: ROLE_ANONYMOUS
05-23-2017 02:04:48.435,DEBUG,B22404B933EBA1857DBB7889F36859F3,Voter: org.springframework.security.access.vote.RoleVoter@1ac872d, returned: 0
05-23-2017 02:04:48.435,DEBUG,B22404B933EBA1857DBB7889F36859F3,Voter: org.springframework.security.access.vote.AuthenticatedVoter@b1927d, returned: 1
05-23-2017 02:04:48.435,DEBUG,B22404B933EBA1857DBB7889F36859F3,Authorization successful
05-23-2017 02:04:48.435,DEBUG,B22404B933EBA1857DBB7889F36859F3,RunAsManager did not change Authentication object
05-23-2017 02:04:48.435,DEBUG,B22404B933EBA1857DBB7889F36859F3,/ reached end of additional filter chain; proceeding with original chain
05-23-2017 02:04:48.435,DEBUG,B22404B933EBA1857DBB7889F36859F3,Request [/ict/] is not a multipart request
05-23-2017 02:04:48.435,DEBUG,ADD045515EDE59A5FFE5A74CCF290FBA,DispatcherServlet with name 'appServlet' processing GET request for [/ict/]
05-23-2017 02:04:48.435,DEBUG,ADD045515EDE59A5FFE5A74CCF290FBA,Looking up handler method for path /
05-23-2017 02:04:48.435,DEBUG,ADD045515EDE59A5FFE5A74CCF290FBA,Returning handler method [public java.lang.String vn.bananavietnam.ict.common.controller.AuthController.login()]
05-23-2017 02:04:48.435,DEBUG,ADD045515EDE59A5FFE5A74CCF290FBA,Returning cached instance of singleton bean 'authController'
05-23-2017 02:04:48.437,DEBUG,ADD045515EDE59A5FFE5A74CCF290FBA,Last-Modified value for [/ict/] is: -1
05-23-2017 02:04:48.437,DEBUG,ADD045515EDE59A5FFE5A74CCF290FBA,Returning cached instance of singleton bean 'xml_path'
05-23-2017 02:04:48.438,DEBUG,ADD045515EDE59A5FFE5A74CCF290FBA,Rendering view [org.springframework.web.servlet.view.JstlView: name 'common/PageWrapper'; URL [/WEB-INF/views/common/PageWrapper.jsp]] in DispatcherServlet with name 'appServlet'
05-23-2017 02:04:48.438,DEBUG,ADD045515EDE59A5FFE5A74CCF290FBA,Forwarding to resource [/WEB-INF/views/common/PageWrapper.jsp] in InternalResourceView 'common/PageWrapper'
05-23-2017 02:04:48.438,DEBUG,ADD045515EDE59A5FFE5A74CCF290FBA,SecurityContext is empty or contents are anonymous - context will not be stored in HttpSession.
05-23-2017 02:04:48.438,DEBUG,ADD045515EDE59A5FFE5A74CCF290FBA,Successfully completed request
05-23-2017 02:04:48.438,DEBUG,ADD045515EDE59A5FFE5A74CCF290FBA,Chain processed normally
05-23-2017 02:04:48.438,DEBUG,ADD045515EDE59A5FFE5A74CCF290FBA,SecurityContextHolder now cleared, as request processing completed
05-23-2017 02:04:48.442,DEBUG,7A864AAAA2012E525D11ABC8A7384100,/login/ at position 1 of 11 in additional filter chain; firing Filter: 'SecurityContextPersistenceFilter'
05-23-2017 02:04:48.442,DEBUG,7A864AAAA2012E525D11ABC8A7384100,HttpSession returned null object for SPRING_SECURITY_CONTEXT
05-23-2017 02:04:48.442,DEBUG,7A864AAAA2012E525D11ABC8A7384100,No SecurityContext was available from the HttpSession: org.apache.catalina.session.StandardSessionFacade@11b4a82. A new one will be created.
05-23-2017 02:04:48.442,DEBUG,7A864AAAA2012E525D11ABC8A7384100,/login/ at position 2 of 11 in additional filter chain; firing Filter: 'WebAsyncManagerIntegrationFilter'
05-23-2017 02:04:48.442,DEBUG,7A864AAAA2012E525D11ABC8A7384100,/login/ at position 3 of 11 in additional filter chain; firing Filter: 'LogoutFilter'
05-23-2017 02:04:48.442,DEBUG,7A864AAAA2012E525D11ABC8A7384100,/login/ at position 4 of 11 in additional filter chain; firing Filter: 'UsernamePasswordAuthenticationFilter'
05-23-2017 02:04:48.443,DEBUG,7A864AAAA2012E525D11ABC8A7384100,/login/ at position 5 of 11 in additional filter chain; firing Filter: 'BasicAuthenticationFilter'
05-23-2017 02:04:48.443,DEBUG,7A864AAAA2012E525D11ABC8A7384100,/login/ at position 6 of 11 in additional filter chain; firing Filter: 'RequestCacheAwareFilter'
05-23-2017 02:04:48.443,DEBUG,7A864AAAA2012E525D11ABC8A7384100,/login/ at position 7 of 11 in additional filter chain; firing Filter: 'SecurityContextHolderAwareRequestFilter'
05-23-2017 02:04:48.443,DEBUG,7A864AAAA2012E525D11ABC8A7384100,/login/ at position 8 of 11 in additional filter chain; firing Filter: 'AnonymousAuthenticationFilter'
05-23-2017 02:04:48.443,DEBUG,7A864AAAA2012E525D11ABC8A7384100,Populated SecurityContextHolder with anonymous token: 'org.springframework.security.authentication.AnonymousAuthenticationToken@9055c2bc: Principal: anonymousUser; Credentials: [PROTECTED]; Authenticated: true; Details: org.springframework.security.web.authentication.WebAuthenticationDetails@b364: RemoteIpAddress: 0:0:0:0:0:0:0:1; SessionId: ADD045515EDE59A5FFE5A74CCF290FBA; Granted Authorities: ROLE_ANONYMOUS'
05-23-2017 02:04:48.443,DEBUG,7A864AAAA2012E525D11ABC8A7384100,/login/ at position 9 of 11 in additional filter chain; firing Filter: 'SessionManagementFilter'
05-23-2017 02:04:48.443,DEBUG,7A864AAAA2012E525D11ABC8A7384100,/login/ at position 10 of 11 in additional filter chain; firing Filter: 'ExceptionTranslationFilter'
05-23-2017 02:04:48.443,DEBUG,7A864AAAA2012E525D11ABC8A7384100,/login/ at position 11 of 11 in additional filter chain; firing Filter: 'FilterSecurityInterceptor'
05-23-2017 02:04:48.443,DEBUG,7A864AAAA2012E525D11ABC8A7384100,Checking match of request : '/login/'; against '/autherror*'
05-23-2017 02:04:48.443,DEBUG,7A864AAAA2012E525D11ABC8A7384100,Checking match of request : '/login/'; against '/login/**'
05-23-2017 02:04:48.443,DEBUG,7A864AAAA2012E525D11ABC8A7384100,Secure object: FilterInvocation: URL: /login/; Attributes: [IS_AUTHENTICATED_ANONYMOUSLY]
05-23-2017 02:04:48.443,DEBUG,7A864AAAA2012E525D11ABC8A7384100,Previously Authenticated: org.springframework.security.authentication.AnonymousAuthenticationToken@9055c2bc: Principal: anonymousUser; Credentials: [PROTECTED]; Authenticated: true; Details: org.springframework.security.web.authentication.WebAuthenticationDetails@b364: RemoteIpAddress: 0:0:0:0:0:0:0:1; SessionId: ADD045515EDE59A5FFE5A74CCF290FBA; Granted Authorities: ROLE_ANONYMOUS
05-23-2017 02:04:48.443,DEBUG,7A864AAAA2012E525D11ABC8A7384100,Voter: org.springframework.security.access.vote.RoleVoter@1ac872d, returned: 0
05-23-2017 02:04:48.443,DEBUG,7A864AAAA2012E525D11ABC8A7384100,Voter: org.springframework.security.access.vote.AuthenticatedVoter@b1927d, returned: 1
05-23-2017 02:04:48.443,DEBUG,7A864AAAA2012E525D11ABC8A7384100,Authorization successful
05-23-2017 02:04:48.443,DEBUG,7A864AAAA2012E525D11ABC8A7384100,RunAsManager did not change Authentication object
05-23-2017 02:04:48.443,DEBUG,7A864AAAA2012E525D11ABC8A7384100,/login/ reached end of additional filter chain; proceeding with original chain
05-23-2017 02:04:48.443,DEBUG,7A864AAAA2012E525D11ABC8A7384100,Request [/ict/login/] is not a multipart request
05-23-2017 02:04:48.443,DEBUG,ADD045515EDE59A5FFE5A74CCF290FBA,DispatcherServlet with name 'appServlet' processing GET request for [/ict/login/]
05-23-2017 02:04:48.443,DEBUG,ADD045515EDE59A5FFE5A74CCF290FBA,Looking up handler method for path /login/
05-23-2017 02:04:48.443,DEBUG,ADD045515EDE59A5FFE5A74CCF290FBA,Returning handler method [public java.lang.String vn.bananavietnam.ict.common.controller.LoginController.top(java.util.Locale,org.springframework.ui.Model)]
05-23-2017 02:04:48.443,DEBUG,ADD045515EDE59A5FFE5A74CCF290FBA,Returning cached instance of singleton bean 'loginController'
05-23-2017 02:04:48.443,DEBUG,ADD045515EDE59A5FFE5A74CCF290FBA,Last-Modified value for [/ict/login/] is: -1
05-23-2017 02:04:48.443,DEBUG,ADD045515EDE59A5FFE5A74CCF290FBA,Returning cached instance of singleton bean 'xml_path'
05-23-2017 02:04:48.444,DEBUG,ADD045515EDE59A5FFE5A74CCF290FBA,Rendering view [org.springframework.web.servlet.view.JstlView: name 'common/login'; URL [/WEB-INF/views/common/login.jsp]] in DispatcherServlet with name 'appServlet'
05-23-2017 02:04:48.444,DEBUG,ADD045515EDE59A5FFE5A74CCF290FBA,Forwarding to resource [/WEB-INF/views/common/login.jsp] in InternalResourceView 'common/login'
05-23-2017 02:04:48.446,DEBUG,ADD045515EDE59A5FFE5A74CCF290FBA,SecurityContext is empty or contents are anonymous - context will not be stored in HttpSession.
05-23-2017 02:04:48.446,DEBUG,ADD045515EDE59A5FFE5A74CCF290FBA,Successfully completed request
05-23-2017 02:04:48.446,DEBUG,ADD045515EDE59A5FFE5A74CCF290FBA,Chain processed normally
05-23-2017 02:04:48.446,DEBUG,ADD045515EDE59A5FFE5A74CCF290FBA,SecurityContextHolder now cleared, as request processing completed
05-23-2017 02:04:55.434,DEBUG,64ADE016A54C7E3FA3A9211FE265A10B,/?language=jp at position 1 of 11 in additional filter chain; firing Filter: 'SecurityContextPersistenceFilter'
05-23-2017 02:04:55.434,DEBUG,64ADE016A54C7E3FA3A9211FE265A10B,HttpSession returned null object for SPRING_SECURITY_CONTEXT
05-23-2017 02:04:55.434,DEBUG,64ADE016A54C7E3FA3A9211FE265A10B,No SecurityContext was available from the HttpSession: org.apache.catalina.session.StandardSessionFacade@11b4a82. A new one will be created.
05-23-2017 02:04:55.434,DEBUG,64ADE016A54C7E3FA3A9211FE265A10B,/?language=jp at position 2 of 11 in additional filter chain; firing Filter: 'WebAsyncManagerIntegrationFilter'
05-23-2017 02:04:55.434,DEBUG,64ADE016A54C7E3FA3A9211FE265A10B,/?language=jp at position 3 of 11 in additional filter chain; firing Filter: 'LogoutFilter'
05-23-2017 02:04:55.434,DEBUG,64ADE016A54C7E3FA3A9211FE265A10B,/?language=jp at position 4 of 11 in additional filter chain; firing Filter: 'UsernamePasswordAuthenticationFilter'
05-23-2017 02:04:55.434,DEBUG,64ADE016A54C7E3FA3A9211FE265A10B,/?language=jp at position 5 of 11 in additional filter chain; firing Filter: 'BasicAuthenticationFilter'
05-23-2017 02:04:55.434,DEBUG,64ADE016A54C7E3FA3A9211FE265A10B,/?language=jp at position 6 of 11 in additional filter chain; firing Filter: 'RequestCacheAwareFilter'
05-23-2017 02:04:55.434,DEBUG,64ADE016A54C7E3FA3A9211FE265A10B,/?language=jp at position 7 of 11 in additional filter chain; firing Filter: 'SecurityContextHolderAwareRequestFilter'
05-23-2017 02:04:55.434,DEBUG,64ADE016A54C7E3FA3A9211FE265A10B,/?language=jp at position 8 of 11 in additional filter chain; firing Filter: 'AnonymousAuthenticationFilter'
05-23-2017 02:04:55.434,DEBUG,64ADE016A54C7E3FA3A9211FE265A10B,Populated SecurityContextHolder with anonymous token: 'org.springframework.security.authentication.AnonymousAuthenticationToken@9055c2bc: Principal: anonymousUser; Credentials: [PROTECTED]; Authenticated: true; Details: org.springframework.security.web.authentication.WebAuthenticationDetails@b364: RemoteIpAddress: 0:0:0:0:0:0:0:1; SessionId: ADD045515EDE59A5FFE5A74CCF290FBA; Granted Authorities: ROLE_ANONYMOUS'
05-23-2017 02:04:55.434,DEBUG,64ADE016A54C7E3FA3A9211FE265A10B,/?language=jp at position 9 of 11 in additional filter chain; firing Filter: 'SessionManagementFilter'
05-23-2017 02:04:55.434,DEBUG,64ADE016A54C7E3FA3A9211FE265A10B,/?language=jp at position 10 of 11 in additional filter chain; firing Filter: 'ExceptionTranslationFilter'
05-23-2017 02:04:55.434,DEBUG,64ADE016A54C7E3FA3A9211FE265A10B,/?language=jp at position 11 of 11 in additional filter chain; firing Filter: 'FilterSecurityInterceptor'
05-23-2017 02:04:55.434,DEBUG,64ADE016A54C7E3FA3A9211FE265A10B,Checking match of request : '/'; against '/autherror*'
05-23-2017 02:04:55.435,DEBUG,64ADE016A54C7E3FA3A9211FE265A10B,Checking match of request : '/'; against '/login/**'
05-23-2017 02:04:55.435,DEBUG,64ADE016A54C7E3FA3A9211FE265A10B,Checking match of request : '/'; against '/error/**'
05-23-2017 02:04:55.435,DEBUG,64ADE016A54C7E3FA3A9211FE265A10B,Checking match of request : '/'; against '/0001/**'
05-23-2017 02:04:55.435,DEBUG,64ADE016A54C7E3FA3A9211FE265A10B,Checking match of request : '/'; against '/0002/**'
05-23-2017 02:04:55.435,DEBUG,64ADE016A54C7E3FA3A9211FE265A10B,Checking match of request : '/'; against '/0003/**'
05-23-2017 02:04:55.435,DEBUG,64ADE016A54C7E3FA3A9211FE265A10B,Checking match of request : '/'; against '/0005/**'
05-23-2017 02:04:55.435,DEBUG,64ADE016A54C7E3FA3A9211FE265A10B,Checking match of request : '/'; against '/0007/**'
05-23-2017 02:04:55.435,DEBUG,64ADE016A54C7E3FA3A9211FE265A10B,Checking match of request : '/'; against '/0009/**'
05-23-2017 02:04:55.435,DEBUG,64ADE016A54C7E3FA3A9211FE265A10B,Checking match of request : '/'; against '/0013/**'
05-23-2017 02:04:55.435,DEBUG,64ADE016A54C7E3FA3A9211FE265A10B,Checking match of request : '/'; against '/0023/**'
05-23-2017 02:04:55.435,DEBUG,64ADE016A54C7E3FA3A9211FE265A10B,Checking match of request : '/'; against '/0017/**'
05-23-2017 02:04:55.435,DEBUG,64ADE016A54C7E3FA3A9211FE265A10B,Checking match of request : '/'; against '/0031/**'
05-23-2017 02:04:55.435,DEBUG,64ADE016A54C7E3FA3A9211FE265A10B,Checking match of request : '/'; against '/0035/**'
05-23-2017 02:04:55.435,DEBUG,64ADE016A54C7E3FA3A9211FE265A10B,Checking match of request : '/'; against '/0037/**'
05-23-2017 02:04:55.435,DEBUG,64ADE016A54C7E3FA3A9211FE265A10B,Checking match of request : '/'; against '/0045/**'
05-23-2017 02:04:55.435,DEBUG,64ADE016A54C7E3FA3A9211FE265A10B,Checking match of request : '/'; against '/0047/**'
05-23-2017 02:04:55.435,DEBUG,64ADE016A54C7E3FA3A9211FE265A10B,Checking match of request : '/'; against '/0049/**'
05-23-2017 02:04:55.435,DEBUG,64ADE016A54C7E3FA3A9211FE265A10B,Checking match of request : '/'; against '/0061/**'
05-23-2017 02:04:55.435,DEBUG,64ADE016A54C7E3FA3A9211FE265A10B,Checking match of request : '/'; against '/0087/**'
05-23-2017 02:04:55.435,DEBUG,64ADE016A54C7E3FA3A9211FE265A10B,Checking match of request : '/'; against '/0075/**'
05-23-2017 02:04:55.435,DEBUG,64ADE016A54C7E3FA3A9211FE265A10B,Checking match of request : '/'; against '/0089/**'
05-23-2017 02:04:55.435,DEBUG,64ADE016A54C7E3FA3A9211FE265A10B,Checking match of request : '/'; against '/0090/**'
05-23-2017 02:04:55.435,DEBUG,64ADE016A54C7E3FA3A9211FE265A10B,Checking match of request : '/'; against '/0091/**'
05-23-2017 02:04:55.435,DEBUG,64ADE016A54C7E3FA3A9211FE265A10B,Checking match of request : '/'; against '/0092/**'
05-23-2017 02:04:55.435,DEBUG,64ADE016A54C7E3FA3A9211FE265A10B,Checking match of request : '/'; against '/0095/**'
05-23-2017 02:04:55.435,DEBUG,64ADE016A54C7E3FA3A9211FE265A10B,Secure object: FilterInvocation: URL: /?language=jp; Attributes: [IS_AUTHENTICATED_ANONYMOUSLY]
05-23-2017 02:04:55.435,DEBUG,64ADE016A54C7E3FA3A9211FE265A10B,Previously Authenticated: org.springframework.security.authentication.AnonymousAuthenticationToken@9055c2bc: Principal: anonymousUser; Credentials: [PROTECTED]; Authenticated: true; Details: org.springframework.security.web.authentication.WebAuthenticationDetails@b364: RemoteIpAddress: 0:0:0:0:0:0:0:1; SessionId: ADD045515EDE59A5FFE5A74CCF290FBA; Granted Authorities: ROLE_ANONYMOUS
05-23-2017 02:04:55.435,DEBUG,64ADE016A54C7E3FA3A9211FE265A10B,Voter: org.springframework.security.access.vote.RoleVoter@1ac872d, returned: 0
05-23-2017 02:04:55.435,DEBUG,64ADE016A54C7E3FA3A9211FE265A10B,Voter: org.springframework.security.access.vote.AuthenticatedVoter@b1927d, returned: 1
05-23-2017 02:04:55.435,DEBUG,64ADE016A54C7E3FA3A9211FE265A10B,Authorization successful
05-23-2017 02:04:55.435,DEBUG,64ADE016A54C7E3FA3A9211FE265A10B,RunAsManager did not change Authentication object
05-23-2017 02:04:55.435,DEBUG,64ADE016A54C7E3FA3A9211FE265A10B,/?language=jp reached end of additional filter chain; proceeding with original chain
05-23-2017 02:04:55.435,DEBUG,64ADE016A54C7E3FA3A9211FE265A10B,Request [/ict/] is not a multipart request
05-23-2017 02:04:55.435,DEBUG,ADD045515EDE59A5FFE5A74CCF290FBA,DispatcherServlet with name 'appServlet' processing GET request for [/ict/]
05-23-2017 02:04:55.435,DEBUG,ADD045515EDE59A5FFE5A74CCF290FBA,Looking up handler method for path /
05-23-2017 02:04:55.436,DEBUG,ADD045515EDE59A5FFE5A74CCF290FBA,Returning handler method [public java.lang.String vn.bananavietnam.ict.common.controller.AuthController.login()]
05-23-2017 02:04:55.436,DEBUG,ADD045515EDE59A5FFE5A74CCF290FBA,Returning cached instance of singleton bean 'authController'
05-23-2017 02:04:55.436,DEBUG,ADD045515EDE59A5FFE5A74CCF290FBA,Last-Modified value for [/ict/] is: -1
05-23-2017 02:04:55.436,DEBUG,ADD045515EDE59A5FFE5A74CCF290FBA,Returning cached instance of singleton bean 'xml_path'
05-23-2017 02:04:55.436,DEBUG,ADD045515EDE59A5FFE5A74CCF290FBA,Rendering view [org.springframework.web.servlet.view.JstlView: name 'common/PageWrapper'; URL [/WEB-INF/views/common/PageWrapper.jsp]] in DispatcherServlet with name 'appServlet'
05-23-2017 02:04:55.436,DEBUG,ADD045515EDE59A5FFE5A74CCF290FBA,Forwarding to resource [/WEB-INF/views/common/PageWrapper.jsp] in InternalResourceView 'common/PageWrapper'
05-23-2017 02:04:55.436,DEBUG,ADD045515EDE59A5FFE5A74CCF290FBA,SecurityContext is empty or contents are anonymous - context will not be stored in HttpSession.
05-23-2017 02:04:55.437,DEBUG,ADD045515EDE59A5FFE5A74CCF290FBA,Successfully completed request
05-23-2017 02:04:55.437,DEBUG,ADD045515EDE59A5FFE5A74CCF290FBA,Chain processed normally
05-23-2017 02:04:55.437,DEBUG,ADD045515EDE59A5FFE5A74CCF290FBA,SecurityContextHolder now cleared, as request processing completed
05-23-2017 02:04:55.441,DEBUG,64ADE016A54C7E3FA3A9211FE265A10B,/login/ at position 1 of 11 in additional filter chain; firing Filter: 'SecurityContextPersistenceFilter'
05-23-2017 02:04:55.441,DEBUG,64ADE016A54C7E3FA3A9211FE265A10B,HttpSession returned null object for SPRING_SECURITY_CONTEXT
05-23-2017 02:04:55.441,DEBUG,64ADE016A54C7E3FA3A9211FE265A10B,No SecurityContext was available from the HttpSession: org.apache.catalina.session.StandardSessionFacade@11b4a82. A new one will be created.
05-23-2017 02:04:55.441,DEBUG,64ADE016A54C7E3FA3A9211FE265A10B,/login/ at position 2 of 11 in additional filter chain; firing Filter: 'WebAsyncManagerIntegrationFilter'
05-23-2017 02:04:55.441,DEBUG,64ADE016A54C7E3FA3A9211FE265A10B,/login/ at position 3 of 11 in additional filter chain; firing Filter: 'LogoutFilter'
05-23-2017 02:04:55.441,DEBUG,64ADE016A54C7E3FA3A9211FE265A10B,/login/ at position 4 of 11 in additional filter chain; firing Filter: 'UsernamePasswordAuthenticationFilter'
05-23-2017 02:04:55.441,DEBUG,64ADE016A54C7E3FA3A9211FE265A10B,/login/ at position 5 of 11 in additional filter chain; firing Filter: 'BasicAuthenticationFilter'
05-23-2017 02:04:55.441,DEBUG,64ADE016A54C7E3FA3A9211FE265A10B,/login/ at position 6 of 11 in additional filter chain; firing Filter: 'RequestCacheAwareFilter'
05-23-2017 02:04:55.441,DEBUG,64ADE016A54C7E3FA3A9211FE265A10B,/login/ at position 7 of 11 in additional filter chain; firing Filter: 'SecurityContextHolderAwareRequestFilter'
05-23-2017 02:04:55.441,DEBUG,64ADE016A54C7E3FA3A9211FE265A10B,/login/ at position 8 of 11 in additional filter chain; firing Filter: 'AnonymousAuthenticationFilter'
05-23-2017 02:04:55.441,DEBUG,64ADE016A54C7E3FA3A9211FE265A10B,Populated SecurityContextHolder with anonymous token: 'org.springframework.security.authentication.AnonymousAuthenticationToken@9055c2bc: Principal: anonymousUser; Credentials: [PROTECTED]; Authenticated: true; Details: org.springframework.security.web.authentication.WebAuthenticationDetails@b364: RemoteIpAddress: 0:0:0:0:0:0:0:1; SessionId: ADD045515EDE59A5FFE5A74CCF290FBA; Granted Authorities: ROLE_ANONYMOUS'
05-23-2017 02:04:55.441,DEBUG,64ADE016A54C7E3FA3A9211FE265A10B,/login/ at position 9 of 11 in additional filter chain; firing Filter: 'SessionManagementFilter'
05-23-2017 02:04:55.441,DEBUG,64ADE016A54C7E3FA3A9211FE265A10B,/login/ at position 10 of 11 in additional filter chain; firing Filter: 'ExceptionTranslationFilter'
05-23-2017 02:04:55.441,DEBUG,64ADE016A54C7E3FA3A9211FE265A10B,/login/ at position 11 of 11 in additional filter chain; firing Filter: 'FilterSecurityInterceptor'
05-23-2017 02:04:55.441,DEBUG,64ADE016A54C7E3FA3A9211FE265A10B,Checking match of request : '/login/'; against '/autherror*'
05-23-2017 02:04:55.441,DEBUG,64ADE016A54C7E3FA3A9211FE265A10B,Checking match of request : '/login/'; against '/login/**'
05-23-2017 02:04:55.441,DEBUG,64ADE016A54C7E3FA3A9211FE265A10B,Secure object: FilterInvocation: URL: /login/; Attributes: [IS_AUTHENTICATED_ANONYMOUSLY]
05-23-2017 02:04:55.441,DEBUG,64ADE016A54C7E3FA3A9211FE265A10B,Previously Authenticated: org.springframework.security.authentication.AnonymousAuthenticationToken@9055c2bc: Principal: anonymousUser; Credentials: [PROTECTED]; Authenticated: true; Details: org.springframework.security.web.authentication.WebAuthenticationDetails@b364: RemoteIpAddress: 0:0:0:0:0:0:0:1; SessionId: ADD045515EDE59A5FFE5A74CCF290FBA; Granted Authorities: ROLE_ANONYMOUS
05-23-2017 02:04:55.441,DEBUG,64ADE016A54C7E3FA3A9211FE265A10B,Voter: org.springframework.security.access.vote.RoleVoter@1ac872d, returned: 0
05-23-2017 02:04:55.441,DEBUG,64ADE016A54C7E3FA3A9211FE265A10B,Voter: org.springframework.security.access.vote.AuthenticatedVoter@b1927d, returned: 1
05-23-2017 02:04:55.441,DEBUG,64ADE016A54C7E3FA3A9211FE265A10B,Authorization successful
05-23-2017 02:04:55.441,DEBUG,64ADE016A54C7E3FA3A9211FE265A10B,RunAsManager did not change Authentication object
05-23-2017 02:04:55.442,DEBUG,64ADE016A54C7E3FA3A9211FE265A10B,/login/ reached end of additional filter chain; proceeding with original chain
05-23-2017 02:04:55.442,DEBUG,64ADE016A54C7E3FA3A9211FE265A10B,Request [/ict/login/] is not a multipart request
05-23-2017 02:04:55.442,DEBUG,ADD045515EDE59A5FFE5A74CCF290FBA,DispatcherServlet with name 'appServlet' processing GET request for [/ict/login/]
05-23-2017 02:04:55.442,DEBUG,ADD045515EDE59A5FFE5A74CCF290FBA,Looking up handler method for path /login/
05-23-2017 02:04:55.442,DEBUG,ADD045515EDE59A5FFE5A74CCF290FBA,Returning handler method [public java.lang.String vn.bananavietnam.ict.common.controller.LoginController.top(java.util.Locale,org.springframework.ui.Model)]
05-23-2017 02:04:55.442,DEBUG,ADD045515EDE59A5FFE5A74CCF290FBA,Returning cached instance of singleton bean 'loginController'
05-23-2017 02:04:55.442,DEBUG,ADD045515EDE59A5FFE5A74CCF290FBA,Last-Modified value for [/ict/login/] is: -1
05-23-2017 02:04:55.442,DEBUG,ADD045515EDE59A5FFE5A74CCF290FBA,Returning cached instance of singleton bean 'xml_path'
05-23-2017 02:04:55.443,DEBUG,ADD045515EDE59A5FFE5A74CCF290FBA,Rendering view [org.springframework.web.servlet.view.JstlView: name 'common/login'; URL [/WEB-INF/views/common/login.jsp]] in DispatcherServlet with name 'appServlet'
05-23-2017 02:04:55.443,DEBUG,ADD045515EDE59A5FFE5A74CCF290FBA,Forwarding to resource [/WEB-INF/views/common/login.jsp] in InternalResourceView 'common/login'
05-23-2017 02:04:55.445,DEBUG,ADD045515EDE59A5FFE5A74CCF290FBA,SecurityContext is empty or contents are anonymous - context will not be stored in HttpSession.
05-23-2017 02:04:55.445,DEBUG,ADD045515EDE59A5FFE5A74CCF290FBA,Successfully completed request
05-23-2017 02:04:55.445,DEBUG,ADD045515EDE59A5FFE5A74CCF290FBA,Chain processed normally
05-23-2017 02:04:55.445,DEBUG,ADD045515EDE59A5FFE5A74CCF290FBA,SecurityContextHolder now cleared, as request processing completed
05-23-2017 02:05:00.609,DEBUG,7A864AAAA2012E525D11ABC8A7384100,/j_spring_security_check at position 1 of 11 in additional filter chain; firing Filter: 'SecurityContextPersistenceFilter'
05-23-2017 02:05:00.609,DEBUG,7A864AAAA2012E525D11ABC8A7384100,HttpSession returned null object for SPRING_SECURITY_CONTEXT
05-23-2017 02:05:00.609,DEBUG,7A864AAAA2012E525D11ABC8A7384100,No SecurityContext was available from the HttpSession: org.apache.catalina.session.StandardSessionFacade@11b4a82. A new one will be created.
05-23-2017 02:05:00.609,DEBUG,7A864AAAA2012E525D11ABC8A7384100,/j_spring_security_check at position 2 of 11 in additional filter chain; firing Filter: 'WebAsyncManagerIntegrationFilter'
05-23-2017 02:05:00.609,DEBUG,7A864AAAA2012E525D11ABC8A7384100,/j_spring_security_check at position 3 of 11 in additional filter chain; firing Filter: 'LogoutFilter'
05-23-2017 02:05:00.609,DEBUG,7A864AAAA2012E525D11ABC8A7384100,/j_spring_security_check at position 4 of 11 in additional filter chain; firing Filter: 'UsernamePasswordAuthenticationFilter'
05-23-2017 02:05:00.609,DEBUG,7A864AAAA2012E525D11ABC8A7384100,Request is to process authentication
05-23-2017 02:05:00.609,DEBUG,7A864AAAA2012E525D11ABC8A7384100,Authentication attempt using org.springframework.security.authentication.dao.DaoAuthenticationProvider
05-23-2017 02:05:00.609,DEBUG,7A864AAAA2012E525D11ABC8A7384100,Executing prepared SQL query
05-23-2017 02:05:00.609,DEBUG,7A864AAAA2012E525D11ABC8A7384100,Executing prepared SQL statement [select users_authorization.usersId as id,                users_authorization.usersName as username,                      users_authorization.usersPassword as password,                      users_authorization.usersFullName as userfullname,                      1 as enabled,                      CASE                       WHEN users_authorization.authorizationTypeId IS NULL THEN '0'                          ELSE users_authorization.authorizationTypeId                      END as roleid,                      CASE                 WHEN access.SCREEN_DISPLAY_ENABLE_FLAG IS NULL THEN '0'                 ELSE access.SCREEN_DISPLAY_ENABLE_FLAG                END as roledisplay,                      CASE                 WHEN access.ADDABLE_FLAG IS NULL THEN '0'                 ELSE access.ADDABLE_FLAG                END as roleadd,                      CASE                 WHEN access.UPDATABLE_FLAG IS NULL THEN '0'                 ELSE access.UPDATABLE_FLAG                END as roleupdate,                      CASE                 WHEN access.DELETABLE_FLAG IS NULL THEN '0'                 ELSE access.DELETABLE_FLAG                END as roledelete,                      CASE                 WHEN access.REFERENCE_FLAG IS NULL THEN '0'                 ELSE access.REFERENCE_FLAG                END as rolereference,                       access.SCREEN_ID as screenid              from (select users_manager.usersId,                 users_manager.usersName,                 users_manager.usersPassword,                 users_manager.usersFullName,                 users_manager.authorizationTypeId,                 authorization.AUTHORIZATION_TYPE_NAME authorizationTypeName,                 authorization.ACCESS_AUTHORITY_ID accessAuthorityId               from (select users.USERS_ID usersId,                  users.USERS_ID usersName,                  users.PASSWORD usersPassword,                  users.USERS_NAME usersFullName,                  manager.AUTHORIZATION_TYPE_ID authorizationTypeId                from IVB_M_USERS users                left join IVB_M_MANAGER manager                 on users.USERS_ID = manager.USERS_ID                 and manager.DELETE_FLAG = '0'                where users.USERS_ID = ?                 and users.DELETE_FLAG = '0'                ) users_manager               left join IVB_M_AUTHORIZATION authorization                on users_manager.authorizationTypeId = authorization.AUTHORIZATION_TYPE_ID                   and authorization.DELETE_FLAG = '0'                  ) users_authorization              left join IVB_M_ACCESS_AUTHORIZATION access               on users_authorization.accessAuthorityId = access.ACCESS_AUTHORITY_ID                  and access.DELETE_FLAG = '0']
05-23-2017 02:05:00.609,DEBUG,7A864AAAA2012E525D11ABC8A7384100,Fetching JDBC Connection from DataSource
05-23-2017 02:05:00.609,DEBUG,7A864AAAA2012E525D11ABC8A7384100,Creating new JDBC DriverManager Connection to [jdbc:mysql://172.16.0.175:3306/BANANA_DB_HUNG_SELENIUM?useUnicode=yes&characterEncoding=UTF-8&autoReconnect=true]
05-23-2017 02:05:00.631,DEBUG,7A864AAAA2012E525D11ABC8A7384100,Returning JDBC Connection to DataSource
05-23-2017 02:05:00.632,DEBUG,7A864AAAA2012E525D11ABC8A7384100,Executing prepared SQL query
05-23-2017 02:05:00.632,DEBUG,7A864AAAA2012E525D11ABC8A7384100,Executing prepared SQL statement [select distinct users.USERS_ID,                  CASE                   WHEN manager.AUTHORIZATION_TYPE_ID IS NULL THEN '0'                   ELSE manager.AUTHORIZATION_TYPE_ID                  END as AUTHORIZATION_TYPE_ID               from IVB_M_USERS users               left join IVB_M_MANAGER manager                on users.USERS_ID = manager.USERS_ID                and manager.DELETE_FLAG = '0'               where users.USERS_ID = ?                and users.DELETE_FLAG = '0']
05-23-2017 02:05:00.632,DEBUG,7A864AAAA2012E525D11ABC8A7384100,Fetching JDBC Connection from DataSource
05-23-2017 02:05:00.632,DEBUG,7A864AAAA2012E525D11ABC8A7384100,Creating new JDBC DriverManager Connection to [jdbc:mysql://172.16.0.175:3306/BANANA_DB_HUNG_SELENIUM?useUnicode=yes&characterEncoding=UTF-8&autoReconnect=true]
05-23-2017 02:05:00.649,DEBUG,7A864AAAA2012E525D11ABC8A7384100,Returning JDBC Connection to DataSource
05-23-2017 02:05:00.649,DEBUG,7A864AAAA2012E525D11ABC8A7384100,Delegating to org.springframework.security.web.authentication.session.ChangeSessionIdAuthenticationStrategy@99fddf
05-23-2017 02:05:00.649,DEBUG,7A864AAAA2012E525D11ABC8A7384100,Authentication success. Updating SecurityContextHolder to contain: org.springframework.security.authentication.UsernamePasswordAuthenticationToken@3b6f3487: Principal: vn.bananavietnam.ict.common.auth.MyUser@c4907816: Username: U0000000001; Password: [PROTECTED]; Enabled: true; AccountNonExpired: true; credentialsNonExpired: true; AccountNonLocked: true; Granted Authorities: 1; Credentials: [PROTECTED]; Authenticated: true; Details: org.springframework.security.web.authentication.WebAuthenticationDetails@b364: RemoteIpAddress: 0:0:0:0:0:0:0:1; SessionId: ADD045515EDE59A5FFE5A74CCF290FBA; Granted Authorities: 1
05-23-2017 02:05:00.649,DEBUG,7A864AAAA2012E525D11ABC8A7384100,SecurityContext stored to HttpSession: 'org.springframework.security.core.context.SecurityContextImpl@3b6f3487: Authentication: org.springframework.security.authentication.UsernamePasswordAuthenticationToken@3b6f3487: Principal: vn.bananavietnam.ict.common.auth.MyUser@c4907816: Username: U0000000001; Password: [PROTECTED]; Enabled: true; AccountNonExpired: true; credentialsNonExpired: true; AccountNonLocked: true; Granted Authorities: 1; Credentials: [PROTECTED]; Authenticated: true; Details: org.springframework.security.web.authentication.WebAuthenticationDetails@b364: RemoteIpAddress: 0:0:0:0:0:0:0:1; SessionId: ADD045515EDE59A5FFE5A74CCF290FBA; Granted Authorities: 1'
05-23-2017 02:05:00.649,DEBUG,7A864AAAA2012E525D11ABC8A7384100,SecurityContextHolder now cleared, as request processing completed
05-23-2017 02:05:00.655,DEBUG,7A864AAAA2012E525D11ABC8A7384100,/0001/ at position 1 of 11 in additional filter chain; firing Filter: 'SecurityContextPersistenceFilter'
05-23-2017 02:05:00.655,DEBUG,7A864AAAA2012E525D11ABC8A7384100,Obtained a valid SecurityContext from SPRING_SECURITY_CONTEXT: 'org.springframework.security.core.context.SecurityContextImpl@3b6f3487: Authentication: org.springframework.security.authentication.UsernamePasswordAuthenticationToken@3b6f3487: Principal: vn.bananavietnam.ict.common.auth.MyUser@c4907816: Username: U0000000001; Password: [PROTECTED]; Enabled: true; AccountNonExpired: true; credentialsNonExpired: true; AccountNonLocked: true; Granted Authorities: 1; Credentials: [PROTECTED]; Authenticated: true; Details: org.springframework.security.web.authentication.WebAuthenticationDetails@b364: RemoteIpAddress: 0:0:0:0:0:0:0:1; SessionId: ADD045515EDE59A5FFE5A74CCF290FBA; Granted Authorities: 1'
05-23-2017 02:05:00.656,DEBUG,7A864AAAA2012E525D11ABC8A7384100,/0001/ at position 2 of 11 in additional filter chain; firing Filter: 'WebAsyncManagerIntegrationFilter'
05-23-2017 02:05:00.656,DEBUG,7A864AAAA2012E525D11ABC8A7384100,/0001/ at position 3 of 11 in additional filter chain; firing Filter: 'LogoutFilter'
05-23-2017 02:05:00.656,DEBUG,7A864AAAA2012E525D11ABC8A7384100,/0001/ at position 4 of 11 in additional filter chain; firing Filter: 'UsernamePasswordAuthenticationFilter'
05-23-2017 02:05:00.656,DEBUG,7A864AAAA2012E525D11ABC8A7384100,/0001/ at position 5 of 11 in additional filter chain; firing Filter: 'BasicAuthenticationFilter'
05-23-2017 02:05:00.656,DEBUG,7A864AAAA2012E525D11ABC8A7384100,/0001/ at position 6 of 11 in additional filter chain; firing Filter: 'RequestCacheAwareFilter'
05-23-2017 02:05:00.656,DEBUG,7A864AAAA2012E525D11ABC8A7384100,/0001/ at position 7 of 11 in additional filter chain; firing Filter: 'SecurityContextHolderAwareRequestFilter'
05-23-2017 02:05:00.656,DEBUG,7A864AAAA2012E525D11ABC8A7384100,/0001/ at position 8 of 11 in additional filter chain; firing Filter: 'AnonymousAuthenticationFilter'
05-23-2017 02:05:00.656,DEBUG,7A864AAAA2012E525D11ABC8A7384100,SecurityContextHolder not populated with anonymous token, as it already contained: 'org.springframework.security.authentication.UsernamePasswordAuthenticationToken@3b6f3487: Principal: vn.bananavietnam.ict.common.auth.MyUser@c4907816: Username: U0000000001; Password: [PROTECTED]; Enabled: true; AccountNonExpired: true; credentialsNonExpired: true; AccountNonLocked: true; Granted Authorities: 1; Credentials: [PROTECTED]; Authenticated: true; Details: org.springframework.security.web.authentication.WebAuthenticationDetails@b364: RemoteIpAddress: 0:0:0:0:0:0:0:1; SessionId: ADD045515EDE59A5FFE5A74CCF290FBA; Granted Authorities: 1'
05-23-2017 02:05:00.656,DEBUG,7A864AAAA2012E525D11ABC8A7384100,/0001/ at position 9 of 11 in additional filter chain; firing Filter: 'SessionManagementFilter'
05-23-2017 02:05:00.656,DEBUG,7A864AAAA2012E525D11ABC8A7384100,/0001/ at position 10 of 11 in additional filter chain; firing Filter: 'ExceptionTranslationFilter'
05-23-2017 02:05:00.656,DEBUG,7A864AAAA2012E525D11ABC8A7384100,/0001/ at position 11 of 11 in additional filter chain; firing Filter: 'FilterSecurityInterceptor'
05-23-2017 02:05:00.656,DEBUG,7A864AAAA2012E525D11ABC8A7384100,Checking match of request : '/0001/'; against '/autherror*'
05-23-2017 02:05:00.656,DEBUG,7A864AAAA2012E525D11ABC8A7384100,Checking match of request : '/0001/'; against '/login/**'
05-23-2017 02:05:00.656,DEBUG,7A864AAAA2012E525D11ABC8A7384100,Checking match of request : '/0001/'; against '/error/**'
05-23-2017 02:05:00.656,DEBUG,7A864AAAA2012E525D11ABC8A7384100,Checking match of request : '/0001/'; against '/0001/**'
05-23-2017 02:05:00.656,DEBUG,7A864AAAA2012E525D11ABC8A7384100,Secure object: FilterInvocation: URL: /0001/; Attributes: [ROLE_ADMIN, ROLE_USER, IS_AUTHENTICATED_FULLY]
05-23-2017 02:05:00.656,DEBUG,7A864AAAA2012E525D11ABC8A7384100,Previously Authenticated: org.springframework.security.authentication.UsernamePasswordAuthenticationToken@3b6f3487: Principal: vn.bananavietnam.ict.common.auth.MyUser@c4907816: Username: U0000000001; Password: [PROTECTED]; Enabled: true; AccountNonExpired: true; credentialsNonExpired: true; AccountNonLocked: true; Granted Authorities: 1; Credentials: [PROTECTED]; Authenticated: true; Details: org.springframework.security.web.authentication.WebAuthenticationDetails@b364: RemoteIpAddress: 0:0:0:0:0:0:0:1; SessionId: ADD045515EDE59A5FFE5A74CCF290FBA; Granted Authorities: 1
05-23-2017 02:05:00.656,DEBUG,7A864AAAA2012E525D11ABC8A7384100,Voter: org.springframework.security.access.vote.RoleVoter@1ac872d, returned: -1
05-23-2017 02:05:00.656,DEBUG,7A864AAAA2012E525D11ABC8A7384100,Voter: org.springframework.security.access.vote.AuthenticatedVoter@b1927d, returned: 1
05-23-2017 02:05:00.656,DEBUG,7A864AAAA2012E525D11ABC8A7384100,Authorization successful
05-23-2017 02:05:00.656,DEBUG,7A864AAAA2012E525D11ABC8A7384100,RunAsManager did not change Authentication object
05-23-2017 02:05:00.656,DEBUG,7A864AAAA2012E525D11ABC8A7384100,/0001/ reached end of additional filter chain; proceeding with original chain
05-23-2017 02:05:00.656,DEBUG,7A864AAAA2012E525D11ABC8A7384100,Request [/ict/0001/] is not a multipart request
05-23-2017 02:05:00.656,DEBUG,B1D3FB685105B35DA723CACC8749DA65,DispatcherServlet with name 'appServlet' processing GET request for [/ict/0001/]
05-23-2017 02:05:00.656,DEBUG,B1D3FB685105B35DA723CACC8749DA65,Looking up handler method for path /0001/
05-23-2017 02:05:00.657,DEBUG,B1D3FB685105B35DA723CACC8749DA65,Returning handler method [public java.lang.String vn.bananavietnam.ict.banana.controller.Bnn0001BananaMenuController.top(javax.servlet.http.HttpServletRequest,java.util.Locale,org.springframework.ui.Model)]
05-23-2017 02:05:00.657,DEBUG,B1D3FB685105B35DA723CACC8749DA65,Returning cached instance of singleton bean 'bnn0001BananaMenuController'
05-23-2017 02:05:00.657,DEBUG,B1D3FB685105B35DA723CACC8749DA65,Last-Modified value for [/ict/0001/] is: -1
05-23-2017 02:05:00.657,DEBUG,B1D3FB685105B35DA723CACC8749DA65,Returning cached instance of singleton bean 'xml_path'
05-23-2017 02:05:00.660,DEBUG,B1D3FB685105B35DA723CACC8749DA65,Rendering view [org.springframework.web.servlet.view.JstlView: name 'banana/Bnn0001BananaMenu'; URL [/WEB-INF/views/banana/Bnn0001BananaMenu.jsp]] in DispatcherServlet with name 'appServlet'
05-23-2017 02:05:00.660,DEBUG,B1D3FB685105B35DA723CACC8749DA65,Added model object 'resetDate' of type [java.lang.String] to request in view with name 'banana/Bnn0001BananaMenu'
05-23-2017 02:05:00.660,DEBUG,B1D3FB685105B35DA723CACC8749DA65,Added model object 'layoutDate' of type [java.lang.String] to request in view with name 'banana/Bnn0001BananaMenu'
05-23-2017 02:05:00.660,DEBUG,B1D3FB685105B35DA723CACC8749DA65,Added model object 'jqueryUiCssDate' of type [java.lang.String] to request in view with name 'banana/Bnn0001BananaMenu'
05-23-2017 02:05:00.660,DEBUG,B1D3FB685105B35DA723CACC8749DA65,Added model object 'messageHandlerDate' of type [java.lang.String] to request in view with name 'banana/Bnn0001BananaMenu'
05-23-2017 02:05:00.660,DEBUG,B1D3FB685105B35DA723CACC8749DA65,Added model object 'jqueryDate' of type [java.lang.String] to request in view with name 'banana/Bnn0001BananaMenu'
05-23-2017 02:05:00.660,DEBUG,B1D3FB685105B35DA723CACC8749DA65,Added model object 'jqueryUiDate' of type [java.lang.String] to request in view with name 'banana/Bnn0001BananaMenu'
05-23-2017 02:05:00.660,DEBUG,B1D3FB685105B35DA723CACC8749DA65,Added model object 'datepickerDate' of type [java.lang.String] to request in view with name 'banana/Bnn0001BananaMenu'
05-23-2017 02:05:00.660,DEBUG,B1D3FB685105B35DA723CACC8749DA65,Added model object 'inputmaskDate' of type [java.lang.String] to request in view with name 'banana/Bnn0001BananaMenu'
05-23-2017 02:05:00.660,DEBUG,B1D3FB685105B35DA723CACC8749DA65,Added model object 'jqueryInputmaskDate' of type [java.lang.String] to request in view with name 'banana/Bnn0001BananaMenu'
05-23-2017 02:05:00.660,DEBUG,B1D3FB685105B35DA723CACC8749DA65,Added model object 'inputMaskExtDate' of type [java.lang.String] to request in view with name 'banana/Bnn0001BananaMenu'
05-23-2017 02:05:00.660,DEBUG,B1D3FB685105B35DA723CACC8749DA65,Added model object 'calendarDate' of type [java.lang.String] to request in view with name 'banana/Bnn0001BananaMenu'
05-23-2017 02:05:00.660,DEBUG,B1D3FB685105B35DA723CACC8749DA65,Added model object 'messageDate' of type [java.lang.String] to request in view with name 'banana/Bnn0001BananaMenu'
05-23-2017 02:05:00.660,DEBUG,B1D3FB685105B35DA723CACC8749DA65,Added model object 'storageDate' of type [java.lang.String] to request in view with name 'banana/Bnn0001BananaMenu'
05-23-2017 02:05:00.660,DEBUG,B1D3FB685105B35DA723CACC8749DA65,Added model object 'commonDate' of type [java.lang.String] to request in view with name 'banana/Bnn0001BananaMenu'
05-23-2017 02:05:00.660,DEBUG,B1D3FB685105B35DA723CACC8749DA65,Added model object 'bananaMenuCssDate' of type [java.lang.String] to request in view with name 'banana/Bnn0001BananaMenu'
05-23-2017 02:05:00.660,DEBUG,B1D3FB685105B35DA723CACC8749DA65,Added model object 'bananaMenuJsDate' of type [java.lang.String] to request in view with name 'banana/Bnn0001BananaMenu'
05-23-2017 02:05:00.660,DEBUG,B1D3FB685105B35DA723CACC8749DA65,Forwarding to resource [/WEB-INF/views/banana/Bnn0001BananaMenu.jsp] in InternalResourceView 'banana/Bnn0001BananaMenu'
05-23-2017 02:05:00.661,DEBUG,B1D3FB685105B35DA723CACC8749DA65,Render request received for definition 'defaultTemplate'
05-23-2017 02:05:00.663,DEBUG,B1D3FB685105B35DA723CACC8749DA65,Successfully completed request
05-23-2017 02:05:00.663,DEBUG,B1D3FB685105B35DA723CACC8749DA65,Chain processed normally
05-23-2017 02:05:00.663,DEBUG,B1D3FB685105B35DA723CACC8749DA65,SecurityContextHolder now cleared, as request processing completed
05-23-2017 02:05:02.038,DEBUG,7A864AAAA2012E525D11ABC8A7384100,/0089/ at position 1 of 11 in additional filter chain; firing Filter: 'SecurityContextPersistenceFilter'
05-23-2017 02:05:02.038,DEBUG,7A864AAAA2012E525D11ABC8A7384100,Obtained a valid SecurityContext from SPRING_SECURITY_CONTEXT: 'org.springframework.security.core.context.SecurityContextImpl@3b6f3487: Authentication: org.springframework.security.authentication.UsernamePasswordAuthenticationToken@3b6f3487: Principal: vn.bananavietnam.ict.common.auth.MyUser@c4907816: Username: U0000000001; Password: [PROTECTED]; Enabled: true; AccountNonExpired: true; credentialsNonExpired: true; AccountNonLocked: true; Granted Authorities: 1; Credentials: [PROTECTED]; Authenticated: true; Details: org.springframework.security.web.authentication.WebAuthenticationDetails@b364: RemoteIpAddress: 0:0:0:0:0:0:0:1; SessionId: ADD045515EDE59A5FFE5A74CCF290FBA; Granted Authorities: 1'
05-23-2017 02:05:02.038,DEBUG,7A864AAAA2012E525D11ABC8A7384100,/0089/ at position 2 of 11 in additional filter chain; firing Filter: 'WebAsyncManagerIntegrationFilter'
05-23-2017 02:05:02.038,DEBUG,7A864AAAA2012E525D11ABC8A7384100,/0089/ at position 3 of 11 in additional filter chain; firing Filter: 'LogoutFilter'
05-23-2017 02:05:02.038,DEBUG,7A864AAAA2012E525D11ABC8A7384100,/0089/ at position 4 of 11 in additional filter chain; firing Filter: 'UsernamePasswordAuthenticationFilter'
05-23-2017 02:05:02.038,DEBUG,7A864AAAA2012E525D11ABC8A7384100,/0089/ at position 5 of 11 in additional filter chain; firing Filter: 'BasicAuthenticationFilter'
05-23-2017 02:05:02.038,DEBUG,7A864AAAA2012E525D11ABC8A7384100,/0089/ at position 6 of 11 in additional filter chain; firing Filter: 'RequestCacheAwareFilter'
05-23-2017 02:05:02.038,DEBUG,7A864AAAA2012E525D11ABC8A7384100,/0089/ at position 7 of 11 in additional filter chain; firing Filter: 'SecurityContextHolderAwareRequestFilter'
05-23-2017 02:05:02.038,DEBUG,7A864AAAA2012E525D11ABC8A7384100,/0089/ at position 8 of 11 in additional filter chain; firing Filter: 'AnonymousAuthenticationFilter'
05-23-2017 02:05:02.038,DEBUG,7A864AAAA2012E525D11ABC8A7384100,SecurityContextHolder not populated with anonymous token, as it already contained: 'org.springframework.security.authentication.UsernamePasswordAuthenticationToken@3b6f3487: Principal: vn.bananavietnam.ict.common.auth.MyUser@c4907816: Username: U0000000001; Password: [PROTECTED]; Enabled: true; AccountNonExpired: true; credentialsNonExpired: true; AccountNonLocked: true; Granted Authorities: 1; Credentials: [PROTECTED]; Authenticated: true; Details: org.springframework.security.web.authentication.WebAuthenticationDetails@b364: RemoteIpAddress: 0:0:0:0:0:0:0:1; SessionId: ADD045515EDE59A5FFE5A74CCF290FBA; Granted Authorities: 1'
05-23-2017 02:05:02.038,DEBUG,7A864AAAA2012E525D11ABC8A7384100,/0089/ at position 9 of 11 in additional filter chain; firing Filter: 'SessionManagementFilter'
05-23-2017 02:05:02.038,DEBUG,7A864AAAA2012E525D11ABC8A7384100,/0089/ at position 10 of 11 in additional filter chain; firing Filter: 'ExceptionTranslationFilter'
05-23-2017 02:05:02.038,DEBUG,7A864AAAA2012E525D11ABC8A7384100,/0089/ at position 11 of 11 in additional filter chain; firing Filter: 'FilterSecurityInterceptor'
05-23-2017 02:05:02.039,DEBUG,7A864AAAA2012E525D11ABC8A7384100,Checking match of request : '/0089/'; against '/autherror*'
05-23-2017 02:05:02.039,DEBUG,7A864AAAA2012E525D11ABC8A7384100,Checking match of request : '/0089/'; against '/login/**'
05-23-2017 02:05:02.039,DEBUG,7A864AAAA2012E525D11ABC8A7384100,Checking match of request : '/0089/'; against '/error/**'
05-23-2017 02:05:02.039,DEBUG,7A864AAAA2012E525D11ABC8A7384100,Checking match of request : '/0089/'; against '/0001/**'
05-23-2017 02:05:02.039,DEBUG,7A864AAAA2012E525D11ABC8A7384100,Checking match of request : '/0089/'; against '/0002/**'
05-23-2017 02:05:02.039,DEBUG,7A864AAAA2012E525D11ABC8A7384100,Checking match of request : '/0089/'; against '/0003/**'
05-23-2017 02:05:02.039,DEBUG,7A864AAAA2012E525D11ABC8A7384100,Checking match of request : '/0089/'; against '/0005/**'
05-23-2017 02:05:02.039,DEBUG,7A864AAAA2012E525D11ABC8A7384100,Checking match of request : '/0089/'; against '/0007/**'
05-23-2017 02:05:02.039,DEBUG,7A864AAAA2012E525D11ABC8A7384100,Checking match of request : '/0089/'; against '/0009/**'
05-23-2017 02:05:02.039,DEBUG,7A864AAAA2012E525D11ABC8A7384100,Checking match of request : '/0089/'; against '/0013/**'
05-23-2017 02:05:02.039,DEBUG,7A864AAAA2012E525D11ABC8A7384100,Checking match of request : '/0089/'; against '/0023/**'
05-23-2017 02:05:02.039,DEBUG,7A864AAAA2012E525D11ABC8A7384100,Checking match of request : '/0089/'; against '/0017/**'
05-23-2017 02:05:02.039,DEBUG,7A864AAAA2012E525D11ABC8A7384100,Checking match of request : '/0089/'; against '/0031/**'
05-23-2017 02:05:02.039,DEBUG,7A864AAAA2012E525D11ABC8A7384100,Checking match of request : '/0089/'; against '/0035/**'
05-23-2017 02:05:02.039,DEBUG,7A864AAAA2012E525D11ABC8A7384100,Checking match of request : '/0089/'; against '/0037/**'
05-23-2017 02:05:02.039,DEBUG,7A864AAAA2012E525D11ABC8A7384100,Checking match of request : '/0089/'; against '/0045/**'
05-23-2017 02:05:02.039,DEBUG,7A864AAAA2012E525D11ABC8A7384100,Checking match of request : '/0089/'; against '/0047/**'
05-23-2017 02:05:02.039,DEBUG,7A864AAAA2012E525D11ABC8A7384100,Checking match of request : '/0089/'; against '/0049/**'
05-23-2017 02:05:02.039,DEBUG,7A864AAAA2012E525D11ABC8A7384100,Checking match of request : '/0089/'; against '/0061/**'
05-23-2017 02:05:02.039,DEBUG,7A864AAAA2012E525D11ABC8A7384100,Checking match of request : '/0089/'; against '/0087/**'
05-23-2017 02:05:02.039,DEBUG,7A864AAAA2012E525D11ABC8A7384100,Checking match of request : '/0089/'; against '/0075/**'
05-23-2017 02:05:02.039,DEBUG,7A864AAAA2012E525D11ABC8A7384100,Checking match of request : '/0089/'; against '/0089/**'
05-23-2017 02:05:02.039,DEBUG,7A864AAAA2012E525D11ABC8A7384100,Secure object: FilterInvocation: URL: /0089/; Attributes: [ROLE_ADMIN, ROLE_USER, IS_AUTHENTICATED_FULLY]
05-23-2017 02:05:02.039,DEBUG,7A864AAAA2012E525D11ABC8A7384100,Previously Authenticated: org.springframework.security.authentication.UsernamePasswordAuthenticationToken@3b6f3487: Principal: vn.bananavietnam.ict.common.auth.MyUser@c4907816: Username: U0000000001; Password: [PROTECTED]; Enabled: true; AccountNonExpired: true; credentialsNonExpired: true; AccountNonLocked: true; Granted Authorities: 1; Credentials: [PROTECTED]; Authenticated: true; Details: org.springframework.security.web.authentication.WebAuthenticationDetails@b364: RemoteIpAddress: 0:0:0:0:0:0:0:1; SessionId: ADD045515EDE59A5FFE5A74CCF290FBA; Granted Authorities: 1
05-23-2017 02:05:02.039,DEBUG,7A864AAAA2012E525D11ABC8A7384100,Voter: org.springframework.security.access.vote.RoleVoter@1ac872d, returned: -1
05-23-2017 02:05:02.039,DEBUG,7A864AAAA2012E525D11ABC8A7384100,Voter: org.springframework.security.access.vote.AuthenticatedVoter@b1927d, returned: 1
05-23-2017 02:05:02.039,DEBUG,7A864AAAA2012E525D11ABC8A7384100,Authorization successful
05-23-2017 02:05:02.039,DEBUG,7A864AAAA2012E525D11ABC8A7384100,RunAsManager did not change Authentication object
05-23-2017 02:05:02.039,DEBUG,7A864AAAA2012E525D11ABC8A7384100,/0089/ reached end of additional filter chain; proceeding with original chain
05-23-2017 02:05:02.039,DEBUG,7A864AAAA2012E525D11ABC8A7384100,Request [/ict/0089/] is not a multipart request
05-23-2017 02:05:02.039,DEBUG,B1D3FB685105B35DA723CACC8749DA65,DispatcherServlet with name 'appServlet' processing GET request for [/ict/0089/]
05-23-2017 02:05:02.039,DEBUG,B1D3FB685105B35DA723CACC8749DA65,Looking up handler method for path /0089/
05-23-2017 02:05:02.039,DEBUG,B1D3FB685105B35DA723CACC8749DA65,Returning handler method [public java.lang.String vn.bananavietnam.ict.banana.controller.Bnn0089SearchTaskController.top(javax.servlet.http.HttpServletRequest,java.util.Locale,org.springframework.ui.Model)]
05-23-2017 02:05:02.040,DEBUG,B1D3FB685105B35DA723CACC8749DA65,Returning cached instance of singleton bean 'bnn0089SearchTaskController'
05-23-2017 02:05:02.040,DEBUG,B1D3FB685105B35DA723CACC8749DA65,Last-Modified value for [/ict/0089/] is: -1
05-23-2017 02:05:02.040,DEBUG,B1D3FB685105B35DA723CACC8749DA65,Returning cached instance of singleton bean 'xml_path'
05-23-2017 02:05:02.042,DEBUG,B1D3FB685105B35DA723CACC8749DA65,Rendering view [org.springframework.web.servlet.view.JstlView: name 'banana/Bnn0089SearchTask'; URL [/WEB-INF/views/banana/Bnn0089SearchTask.jsp]] in DispatcherServlet with name 'appServlet'
05-23-2017 02:05:02.042,DEBUG,B1D3FB685105B35DA723CACC8749DA65,Added model object 'resetDate' of type [java.lang.String] to request in view with name 'banana/Bnn0089SearchTask'
05-23-2017 02:05:02.042,DEBUG,B1D3FB685105B35DA723CACC8749DA65,Added model object 'layoutDate' of type [java.lang.String] to request in view with name 'banana/Bnn0089SearchTask'
05-23-2017 02:05:02.042,DEBUG,B1D3FB685105B35DA723CACC8749DA65,Added model object 'jqueryUiCssDate' of type [java.lang.String] to request in view with name 'banana/Bnn0089SearchTask'
05-23-2017 02:05:02.042,DEBUG,B1D3FB685105B35DA723CACC8749DA65,Added model object 'messageHandlerDate' of type [java.lang.String] to request in view with name 'banana/Bnn0089SearchTask'
05-23-2017 02:05:02.042,DEBUG,B1D3FB685105B35DA723CACC8749DA65,Added model object 'jqueryDate' of type [java.lang.String] to request in view with name 'banana/Bnn0089SearchTask'
05-23-2017 02:05:02.042,DEBUG,B1D3FB685105B35DA723CACC8749DA65,Added model object 'jqueryUiDate' of type [java.lang.String] to request in view with name 'banana/Bnn0089SearchTask'
05-23-2017 02:05:02.042,DEBUG,B1D3FB685105B35DA723CACC8749DA65,Added model object 'datepickerDate' of type [java.lang.String] to request in view with name 'banana/Bnn0089SearchTask'
05-23-2017 02:05:02.042,DEBUG,B1D3FB685105B35DA723CACC8749DA65,Added model object 'inputmaskDate' of type [java.lang.String] to request in view with name 'banana/Bnn0089SearchTask'
05-23-2017 02:05:02.042,DEBUG,B1D3FB685105B35DA723CACC8749DA65,Added model object 'jqueryInputmaskDate' of type [java.lang.String] to request in view with name 'banana/Bnn0089SearchTask'
05-23-2017 02:05:02.042,DEBUG,B1D3FB685105B35DA723CACC8749DA65,Added model object 'inputMaskExtDate' of type [java.lang.String] to request in view with name 'banana/Bnn0089SearchTask'
05-23-2017 02:05:02.042,DEBUG,B1D3FB685105B35DA723CACC8749DA65,Added model object 'calendarDate' of type [java.lang.String] to request in view with name 'banana/Bnn0089SearchTask'
05-23-2017 02:05:02.042,DEBUG,B1D3FB685105B35DA723CACC8749DA65,Added model object 'messageDate' of type [java.lang.String] to request in view with name 'banana/Bnn0089SearchTask'
05-23-2017 02:05:02.042,DEBUG,B1D3FB685105B35DA723CACC8749DA65,Added model object 'storageDate' of type [java.lang.String] to request in view with name 'banana/Bnn0089SearchTask'
05-23-2017 02:05:02.042,DEBUG,B1D3FB685105B35DA723CACC8749DA65,Added model object 'commonDate' of type [java.lang.String] to request in view with name 'banana/Bnn0089SearchTask'
05-23-2017 02:05:02.042,DEBUG,B1D3FB685105B35DA723CACC8749DA65,Added model object 'searchTaskCssDate' of type [java.lang.String] to request in view with name 'banana/Bnn0089SearchTask'
05-23-2017 02:05:02.042,DEBUG,B1D3FB685105B35DA723CACC8749DA65,Added model object 'searchTaskJsDate' of type [java.lang.String] to request in view with name 'banana/Bnn0089SearchTask'
05-23-2017 02:05:02.042,DEBUG,B1D3FB685105B35DA723CACC8749DA65,Forwarding to resource [/WEB-INF/views/banana/Bnn0089SearchTask.jsp] in InternalResourceView 'banana/Bnn0089SearchTask'
05-23-2017 02:05:02.043,DEBUG,B1D3FB685105B35DA723CACC8749DA65,Render request received for definition 'defaultTemplate'
05-23-2017 02:05:02.046,DEBUG,B1D3FB685105B35DA723CACC8749DA65,Successfully completed request
05-23-2017 02:05:02.046,DEBUG,B1D3FB685105B35DA723CACC8749DA65,Chain processed normally
05-23-2017 02:05:02.046,DEBUG,B1D3FB685105B35DA723CACC8749DA65,SecurityContextHolder now cleared, as request processing completed
05-23-2017 02:05:02.114,DEBUG,7A864AAAA2012E525D11ABC8A7384100,/0089/searchData at position 1 of 11 in additional filter chain; firing Filter: 'SecurityContextPersistenceFilter'
05-23-2017 02:05:02.114,DEBUG,7A864AAAA2012E525D11ABC8A7384100,Obtained a valid SecurityContext from SPRING_SECURITY_CONTEXT: 'org.springframework.security.core.context.SecurityContextImpl@3b6f3487: Authentication: org.springframework.security.authentication.UsernamePasswordAuthenticationToken@3b6f3487: Principal: vn.bananavietnam.ict.common.auth.MyUser@c4907816: Username: U0000000001; Password: [PROTECTED]; Enabled: true; AccountNonExpired: true; credentialsNonExpired: true; AccountNonLocked: true; Granted Authorities: 1; Credentials: [PROTECTED]; Authenticated: true; Details: org.springframework.security.web.authentication.WebAuthenticationDetails@b364: RemoteIpAddress: 0:0:0:0:0:0:0:1; SessionId: ADD045515EDE59A5FFE5A74CCF290FBA; Granted Authorities: 1'
05-23-2017 02:05:02.114,DEBUG,7A864AAAA2012E525D11ABC8A7384100,/0089/searchData at position 2 of 11 in additional filter chain; firing Filter: 'WebAsyncManagerIntegrationFilter'
05-23-2017 02:05:02.114,DEBUG,7A864AAAA2012E525D11ABC8A7384100,/0089/searchData at position 3 of 11 in additional filter chain; firing Filter: 'LogoutFilter'
05-23-2017 02:05:02.114,DEBUG,7A864AAAA2012E525D11ABC8A7384100,/0089/searchData at position 4 of 11 in additional filter chain; firing Filter: 'UsernamePasswordAuthenticationFilter'
05-23-2017 02:05:02.114,DEBUG,7A864AAAA2012E525D11ABC8A7384100,/0089/searchData at position 5 of 11 in additional filter chain; firing Filter: 'BasicAuthenticationFilter'
05-23-2017 02:05:02.114,DEBUG,7A864AAAA2012E525D11ABC8A7384100,/0089/searchData at position 6 of 11 in additional filter chain; firing Filter: 'RequestCacheAwareFilter'
05-23-2017 02:05:02.114,DEBUG,7A864AAAA2012E525D11ABC8A7384100,/0089/searchData at position 7 of 11 in additional filter chain; firing Filter: 'SecurityContextHolderAwareRequestFilter'
05-23-2017 02:05:02.114,DEBUG,7A864AAAA2012E525D11ABC8A7384100,/0089/searchData at position 8 of 11 in additional filter chain; firing Filter: 'AnonymousAuthenticationFilter'
05-23-2017 02:05:02.114,DEBUG,7A864AAAA2012E525D11ABC8A7384100,SecurityContextHolder not populated with anonymous token, as it already contained: 'org.springframework.security.authentication.UsernamePasswordAuthenticationToken@3b6f3487: Principal: vn.bananavietnam.ict.common.auth.MyUser@c4907816: Username: U0000000001; Password: [PROTECTED]; Enabled: true; AccountNonExpired: true; credentialsNonExpired: true; AccountNonLocked: true; Granted Authorities: 1; Credentials: [PROTECTED]; Authenticated: true; Details: org.springframework.security.web.authentication.WebAuthenticationDetails@b364: RemoteIpAddress: 0:0:0:0:0:0:0:1; SessionId: ADD045515EDE59A5FFE5A74CCF290FBA; Granted Authorities: 1'
05-23-2017 02:05:02.114,DEBUG,7A864AAAA2012E525D11ABC8A7384100,/0089/searchData at position 9 of 11 in additional filter chain; firing Filter: 'SessionManagementFilter'
05-23-2017 02:05:02.114,DEBUG,7A864AAAA2012E525D11ABC8A7384100,/0089/searchData at position 10 of 11 in additional filter chain; firing Filter: 'ExceptionTranslationFilter'
05-23-2017 02:05:02.114,DEBUG,7A864AAAA2012E525D11ABC8A7384100,/0089/searchData at position 11 of 11 in additional filter chain; firing Filter: 'FilterSecurityInterceptor'
05-23-2017 02:05:02.115,DEBUG,7A864AAAA2012E525D11ABC8A7384100,Checking match of request : '/0089/searchdata'; against '/autherror*'
05-23-2017 02:05:02.115,DEBUG,7A864AAAA2012E525D11ABC8A7384100,Checking match of request : '/0089/searchdata'; against '/login/**'
05-23-2017 02:05:02.115,DEBUG,7A864AAAA2012E525D11ABC8A7384100,Checking match of request : '/0089/searchdata'; against '/error/**'
05-23-2017 02:05:02.115,DEBUG,7A864AAAA2012E525D11ABC8A7384100,Checking match of request : '/0089/searchdata'; against '/0001/**'
05-23-2017 02:05:02.115,DEBUG,7A864AAAA2012E525D11ABC8A7384100,Checking match of request : '/0089/searchdata'; against '/0002/**'
05-23-2017 02:05:02.115,DEBUG,7A864AAAA2012E525D11ABC8A7384100,Checking match of request : '/0089/searchdata'; against '/0003/**'
05-23-2017 02:05:02.115,DEBUG,7A864AAAA2012E525D11ABC8A7384100,Checking match of request : '/0089/searchdata'; against '/0005/**'
05-23-2017 02:05:02.115,DEBUG,7A864AAAA2012E525D11ABC8A7384100,Checking match of request : '/0089/searchdata'; against '/0007/**'
05-23-2017 02:05:02.115,DEBUG,7A864AAAA2012E525D11ABC8A7384100,Checking match of request : '/0089/searchdata'; against '/0009/**'
05-23-2017 02:05:02.115,DEBUG,7A864AAAA2012E525D11ABC8A7384100,Checking match of request : '/0089/searchdata'; against '/0013/**'
05-23-2017 02:05:02.115,DEBUG,7A864AAAA2012E525D11ABC8A7384100,Checking match of request : '/0089/searchdata'; against '/0023/**'
05-23-2017 02:05:02.115,DEBUG,7A864AAAA2012E525D11ABC8A7384100,Checking match of request : '/0089/searchdata'; against '/0017/**'
05-23-2017 02:05:02.115,DEBUG,7A864AAAA2012E525D11ABC8A7384100,Checking match of request : '/0089/searchdata'; against '/0031/**'
05-23-2017 02:05:02.115,DEBUG,7A864AAAA2012E525D11ABC8A7384100,Checking match of request : '/0089/searchdata'; against '/0035/**'
05-23-2017 02:05:02.115,DEBUG,7A864AAAA2012E525D11ABC8A7384100,Checking match of request : '/0089/searchdata'; against '/0037/**'
05-23-2017 02:05:02.115,DEBUG,7A864AAAA2012E525D11ABC8A7384100,Checking match of request : '/0089/searchdata'; against '/0045/**'
05-23-2017 02:05:02.115,DEBUG,7A864AAAA2012E525D11ABC8A7384100,Checking match of request : '/0089/searchdata'; against '/0047/**'
05-23-2017 02:05:02.115,DEBUG,7A864AAAA2012E525D11ABC8A7384100,Checking match of request : '/0089/searchdata'; against '/0049/**'
05-23-2017 02:05:02.115,DEBUG,7A864AAAA2012E525D11ABC8A7384100,Checking match of request : '/0089/searchdata'; against '/0061/**'
05-23-2017 02:05:02.115,DEBUG,7A864AAAA2012E525D11ABC8A7384100,Checking match of request : '/0089/searchdata'; against '/0087/**'
05-23-2017 02:05:02.115,DEBUG,7A864AAAA2012E525D11ABC8A7384100,Checking match of request : '/0089/searchdata'; against '/0075/**'
05-23-2017 02:05:02.115,DEBUG,7A864AAAA2012E525D11ABC8A7384100,Checking match of request : '/0089/searchdata'; against '/0089/**'
05-23-2017 02:05:02.115,DEBUG,7A864AAAA2012E525D11ABC8A7384100,Secure object: FilterInvocation: URL: /0089/searchData; Attributes: [ROLE_ADMIN, ROLE_USER, IS_AUTHENTICATED_FULLY]
05-23-2017 02:05:02.115,DEBUG,7A864AAAA2012E525D11ABC8A7384100,Previously Authenticated: org.springframework.security.authentication.UsernamePasswordAuthenticationToken@3b6f3487: Principal: vn.bananavietnam.ict.common.auth.MyUser@c4907816: Username: U0000000001; Password: [PROTECTED]; Enabled: true; AccountNonExpired: true; credentialsNonExpired: true; AccountNonLocked: true; Granted Authorities: 1; Credentials: [PROTECTED]; Authenticated: true; Details: org.springframework.security.web.authentication.WebAuthenticationDetails@b364: RemoteIpAddress: 0:0:0:0:0:0:0:1; SessionId: ADD045515EDE59A5FFE5A74CCF290FBA; Granted Authorities: 1
05-23-2017 02:05:02.115,DEBUG,7A864AAAA2012E525D11ABC8A7384100,Voter: org.springframework.security.access.vote.RoleVoter@1ac872d, returned: -1
05-23-2017 02:05:02.115,DEBUG,7A864AAAA2012E525D11ABC8A7384100,Voter: org.springframework.security.access.vote.AuthenticatedVoter@b1927d, returned: 1
05-23-2017 02:05:02.115,DEBUG,7A864AAAA2012E525D11ABC8A7384100,Authorization successful
05-23-2017 02:05:02.115,DEBUG,7A864AAAA2012E525D11ABC8A7384100,RunAsManager did not change Authentication object
05-23-2017 02:05:02.115,DEBUG,7A864AAAA2012E525D11ABC8A7384100,/0089/searchData reached end of additional filter chain; proceeding with original chain
05-23-2017 02:05:02.115,DEBUG,7A864AAAA2012E525D11ABC8A7384100,Request [/ict/0089/searchData] is not a multipart request
05-23-2017 02:05:02.115,DEBUG,B1D3FB685105B35DA723CACC8749DA65,DispatcherServlet with name 'appServlet' processing POST request for [/ict/0089/searchData]
05-23-2017 02:05:02.115,DEBUG,B1D3FB685105B35DA723CACC8749DA65,Looking up handler method for path /0089/searchData
05-23-2017 02:05:02.115,DEBUG,B1D3FB685105B35DA723CACC8749DA65,Returning handler method [public java.util.List<vn.bananavietnam.ict.banana.component.Bnn0089SearchTaskResult> vn.bananavietnam.ict.banana.controller.Bnn0089SearchTaskController.searchData(vn.bananavietnam.ict.banana.component.Bnn0089SearchTaskConditions)]
05-23-2017 02:05:02.115,DEBUG,B1D3FB685105B35DA723CACC8749DA65,Returning cached instance of singleton bean 'bnn0089SearchTaskController'
05-23-2017 02:05:02.115,DEBUG,B1D3FB685105B35DA723CACC8749DA65,Returning cached instance of singleton bean 'xml_path'
05-23-2017 02:05:02.116,DEBUG,B1D3FB685105B35DA723CACC8749DA65,Read [class vn.bananavietnam.ict.banana.component.Bnn0089SearchTaskConditions] as "application/json" with [org.springframework.http.converter.json.MappingJackson2HttpMessageConverter@156f2cc]
05-23-2017 02:05:02.116,INFO ,B1D3FB685105B35DA723CACC8749DA65,U0000000001,vn.bananavietnam.ict.banana.service.Bnn0089SearchTaskService,searchData,[vn.bananavietnam.ict.banana.component.Bnn0089SearchTaskConditions@6f3e53] METHOD START
05-23-2017 02:05:02.116,DEBUG,B1D3FB685105B35DA723CACC8749DA65,Returning cached instance of singleton bean 'transactionManager'
05-23-2017 02:05:02.116,INFO ,B1D3FB685105B35DA723CACC8749DA65,U0000000001,Task searching started
05-23-2017 02:05:02.116,DEBUG,B1D3FB685105B35DA723CACC8749DA65,Creating a new SqlSession
05-23-2017 02:05:02.116,DEBUG,B1D3FB685105B35DA723CACC8749DA65,Registering transaction synchronization for SqlSession [org.apache.ibatis.session.defaults.DefaultSqlSession@5c79b3]
05-23-2017 02:05:02.116,DEBUG,B1D3FB685105B35DA723CACC8749DA65,Fetching JDBC Connection from DataSource
05-23-2017 02:05:02.116,DEBUG,B1D3FB685105B35DA723CACC8749DA65,Creating new JDBC DriverManager Connection to [jdbc:mysql://172.16.0.175:3306/BANANA_DB_HUNG_SELENIUM?useUnicode=yes&characterEncoding=UTF-8&autoReconnect=true]
05-23-2017 02:05:02.133,DEBUG,B1D3FB685105B35DA723CACC8749DA65,Registering transaction synchronization for JDBC Connection
05-23-2017 02:05:02.133,DEBUG,B1D3FB685105B35DA723CACC8749DA65,JDBC Connection [com.mysql.jdbc.JDBC4Connection@1ecbec] will be managed by Spring
05-23-2017 02:05:02.134,DEBUG,B1D3FB685105B35DA723CACC8749DA65,==>  Preparing: SELECT T.TASK_ID taskId, T.TASK_NAME taskName, T.WORKING_DETAILS workingDetails, T.NOTE note, T.QUARANTINE_HANDLING_FLAG quarantineHandlingFlag, T.DELETE_FLAG deleteFlag, T.CHANGE_POINT_CODE changePointCode, T.LAST_UPDATE_DATE lastUpdateDate FROM IVB_M_TASK T WHERE 1 = 1 AND T.DELETE_FLAG = '0' ORDER BY T.TASK_NAME LIMIT ?,? 
05-23-2017 02:05:02.134,DEBUG,B1D3FB685105B35DA723CACC8749DA65,==> Parameters: 0(Integer), 20(Integer)
05-23-2017 02:05:02.137,DEBUG,B1D3FB685105B35DA723CACC8749DA65,<==      Total: 20
05-23-2017 02:05:02.137,DEBUG,B1D3FB685105B35DA723CACC8749DA65,Releasing transactional SqlSession [org.apache.ibatis.session.defaults.DefaultSqlSession@5c79b3]
05-23-2017 02:05:02.137,INFO ,B1D3FB685105B35DA723CACC8749DA65,U0000000001,SQL execution finished
05-23-2017 02:05:02.137,DEBUG,B1D3FB685105B35DA723CACC8749DA65,Fetched SqlSession [org.apache.ibatis.session.defaults.DefaultSqlSession@5c79b3] from current transaction
05-23-2017 02:05:02.137,DEBUG,B1D3FB685105B35DA723CACC8749DA65,==>  Preparing: SELECT COUNT(*) FROM IVB_M_TASK T WHERE 1 = 1 AND T.DELETE_FLAG = '0' ORDER BY T.TASK_ID 
05-23-2017 02:05:02.138,DEBUG,B1D3FB685105B35DA723CACC8749DA65,==> Parameters: 
05-23-2017 02:05:02.139,DEBUG,B1D3FB685105B35DA723CACC8749DA65,<==      Total: 1
05-23-2017 02:05:02.139,DEBUG,B1D3FB685105B35DA723CACC8749DA65,Releasing transactional SqlSession [org.apache.ibatis.session.defaults.DefaultSqlSession@5c79b3]
05-23-2017 02:05:02.139,INFO ,B1D3FB685105B35DA723CACC8749DA65,U0000000001,Task searching finished ==> 43 item(s)
05-23-2017 02:05:02.139,DEBUG,B1D3FB685105B35DA723CACC8749DA65,Transaction synchronization deregistering SqlSession [org.apache.ibatis.session.defaults.DefaultSqlSession@5c79b3]
05-23-2017 02:05:02.139,DEBUG,B1D3FB685105B35DA723CACC8749DA65,Transaction synchronization closing SqlSession [org.apache.ibatis.session.defaults.DefaultSqlSession@5c79b3]
05-23-2017 02:05:02.139,DEBUG,B1D3FB685105B35DA723CACC8749DA65,Returning JDBC Connection to DataSource
05-23-2017 02:05:02.139,INFO ,B1D3FB685105B35DA723CACC8749DA65,U0000000001,vn.bananavietnam.ict.banana.service.Bnn0089SearchTaskService,searchData,[vn.bananavietnam.ict.banana.component.Bnn0089SearchTaskConditions@6f3e53] METHOD END
05-23-2017 02:05:02.141,DEBUG,B1D3FB685105B35DA723CACC8749DA65,Written [[vn.bananavietnam.ict.banana.component.Bnn0089SearchTaskResult@4d59d7, vn.bananavietnam.ict.banana.component.Bnn0089SearchTaskResult@286c04, vn.bananavietnam.ict.banana.component.Bnn0089SearchTaskResult@129efa7, vn.bananavietnam.ict.banana.component.Bnn0089SearchTaskResult@c4bfb8, vn.bananavietnam.ict.banana.component.Bnn0089SearchTaskResult@bfd396, vn.bananavietnam.ict.banana.component.Bnn0089SearchTaskResult@1a6c6c9, vn.bananavietnam.ict.banana.component.Bnn0089SearchTaskResult@1c85e8d, vn.bananavietnam.ict.banana.component.Bnn0089SearchTaskResult@a40433, vn.bananavietnam.ict.banana.component.Bnn0089SearchTaskResult@f15212, vn.bananavietnam.ict.banana.component.Bnn0089SearchTaskResult@18e544b, vn.bananavietnam.ict.banana.component.Bnn0089SearchTaskResult@135b01, vn.bananavietnam.ict.banana.component.Bnn0089SearchTaskResult@536c, vn.bananavietnam.ict.banana.component.Bnn0089SearchTaskResult@2bf3bc, vn.bananavietnam.ict.banana.component.Bnn0089SearchTaskResult@15ad9be, vn.bananavietnam.ict.banana.component.Bnn0089SearchTaskResult@1854007, vn.bananavietnam.ict.banana.component.Bnn0089SearchTaskResult@104eb28, vn.bananavietnam.ict.banana.component.Bnn0089SearchTaskResult@bf4ea7, vn.bananavietnam.ict.banana.component.Bnn0089SearchTaskResult@1f1f1a7, vn.bananavietnam.ict.banana.component.Bnn0089SearchTaskResult@451666, vn.bananavietnam.ict.banana.component.Bnn0089SearchTaskResult@3efc6d]] as "application/json;charset=UTF-8" using [org.springframework.http.converter.json.MappingJackson2HttpMessageConverter@156f2cc]
05-23-2017 02:05:02.141,DEBUG,B1D3FB685105B35DA723CACC8749DA65,Null ModelAndView returned to DispatcherServlet with name 'appServlet': assuming HandlerAdapter completed request handling
05-23-2017 02:05:02.141,DEBUG,B1D3FB685105B35DA723CACC8749DA65,Successfully completed request
05-23-2017 02:05:02.141,DEBUG,B1D3FB685105B35DA723CACC8749DA65,Chain processed normally
05-23-2017 02:05:02.141,DEBUG,B1D3FB685105B35DA723CACC8749DA65,SecurityContextHolder now cleared, as request processing completed
