05-23-2017 00:55:16.357,DEBUG,1916AA17271710C83BA10031101B0876,/0089/updateData at position 1 of 11 in additional filter chain; firing Filter: 'SecurityContextPersistenceFilter'
05-23-2017 00:55:16.357,DEBUG,1916AA17271710C83BA10031101B0876,Obtained a valid SecurityContext from SPRING_SECURITY_CONTEXT: 'org.springframework.security.core.context.SecurityContextImpl@3b6f3487: Authentication: org.springframework.security.authentication.UsernamePasswordAuthenticationToken@3b6f3487: Principal: vn.bananavietnam.ict.common.auth.MyUser@c4907816: Username: U0000000001; Password: [PROTECTED]; Enabled: true; AccountNonExpired: true; credentialsNonExpired: true; AccountNonLocked: true; Granted Authorities: 1; Credentials: [PROTECTED]; Authenticated: true; Details: org.springframework.security.web.authentication.WebAuthenticationDetails@b364: RemoteIpAddress: 0:0:0:0:0:0:0:1; SessionId: 1916AA17271710C83BA10031101B0876; Granted Authorities: 1'
05-23-2017 00:55:16.357,DEBUG,1916AA17271710C83BA10031101B0876,/0089/updateData at position 2 of 11 in additional filter chain; firing Filter: 'WebAsyncManagerIntegrationFilter'
05-23-2017 00:55:16.357,DEBUG,1916AA17271710C83BA10031101B0876,/0089/updateData at position 3 of 11 in additional filter chain; firing Filter: 'LogoutFilter'
05-23-2017 00:55:16.357,DEBUG,1916AA17271710C83BA10031101B0876,/0089/updateData at position 4 of 11 in additional filter chain; firing Filter: 'UsernamePasswordAuthenticationFilter'
05-23-2017 00:55:16.357,DEBUG,1916AA17271710C83BA10031101B0876,/0089/updateData at position 5 of 11 in additional filter chain; firing Filter: 'BasicAuthenticationFilter'
05-23-2017 00:55:16.358,DEBUG,1916AA17271710C83BA10031101B0876,/0089/updateData at position 6 of 11 in additional filter chain; firing Filter: 'RequestCacheAwareFilter'
05-23-2017 00:55:16.358,DEBUG,1916AA17271710C83BA10031101B0876,/0089/updateData at position 7 of 11 in additional filter chain; firing Filter: 'SecurityContextHolderAwareRequestFilter'
05-23-2017 00:55:16.358,DEBUG,1916AA17271710C83BA10031101B0876,/0089/updateData at position 8 of 11 in additional filter chain; firing Filter: 'AnonymousAuthenticationFilter'
05-23-2017 00:55:16.358,DEBUG,1916AA17271710C83BA10031101B0876,SecurityContextHolder not populated with anonymous token, as it already contained: 'org.springframework.security.authentication.UsernamePasswordAuthenticationToken@3b6f3487: Principal: vn.bananavietnam.ict.common.auth.MyUser@c4907816: Username: U0000000001; Password: [PROTECTED]; Enabled: true; AccountNonExpired: true; credentialsNonExpired: true; AccountNonLocked: true; Granted Authorities: 1; Credentials: [PROTECTED]; Authenticated: true; Details: org.springframework.security.web.authentication.WebAuthenticationDetails@b364: RemoteIpAddress: 0:0:0:0:0:0:0:1; SessionId: 1916AA17271710C83BA10031101B0876; Granted Authorities: 1'
05-23-2017 00:55:16.358,DEBUG,1916AA17271710C83BA10031101B0876,/0089/updateData at position 9 of 11 in additional filter chain; firing Filter: 'SessionManagementFilter'
05-23-2017 00:55:16.358,DEBUG,1916AA17271710C83BA10031101B0876,/0089/updateData at position 10 of 11 in additional filter chain; firing Filter: 'ExceptionTranslationFilter'
05-23-2017 00:55:16.358,DEBUG,1916AA17271710C83BA10031101B0876,/0089/updateData at position 11 of 11 in additional filter chain; firing Filter: 'FilterSecurityInterceptor'
05-23-2017 00:55:16.358,DEBUG,1916AA17271710C83BA10031101B0876,Checking match of request : '/0089/updatedata'; against '/autherror*'
05-23-2017 00:55:16.358,DEBUG,1916AA17271710C83BA10031101B0876,Checking match of request : '/0089/updatedata'; against '/login/**'
05-23-2017 00:55:16.358,DEBUG,1916AA17271710C83BA10031101B0876,Checking match of request : '/0089/updatedata'; against '/error/**'
05-23-2017 00:55:16.358,DEBUG,1916AA17271710C83BA10031101B0876,Checking match of request : '/0089/updatedata'; against '/0001/**'
05-23-2017 00:55:16.358,DEBUG,1916AA17271710C83BA10031101B0876,Checking match of request : '/0089/updatedata'; against '/0002/**'
05-23-2017 00:55:16.358,DEBUG,1916AA17271710C83BA10031101B0876,Checking match of request : '/0089/updatedata'; against '/0003/**'
05-23-2017 00:55:16.358,DEBUG,1916AA17271710C83BA10031101B0876,Checking match of request : '/0089/updatedata'; against '/0005/**'
05-23-2017 00:55:16.358,DEBUG,1916AA17271710C83BA10031101B0876,Checking match of request : '/0089/updatedata'; against '/0007/**'
05-23-2017 00:55:16.358,DEBUG,1916AA17271710C83BA10031101B0876,Checking match of request : '/0089/updatedata'; against '/0009/**'
05-23-2017 00:55:16.358,DEBUG,1916AA17271710C83BA10031101B0876,Checking match of request : '/0089/updatedata'; against '/0013/**'
05-23-2017 00:55:16.358,DEBUG,1916AA17271710C83BA10031101B0876,Checking match of request : '/0089/updatedata'; against '/0023/**'
05-23-2017 00:55:16.358,DEBUG,1916AA17271710C83BA10031101B0876,Checking match of request : '/0089/updatedata'; against '/0017/**'
05-23-2017 00:55:16.358,DEBUG,1916AA17271710C83BA10031101B0876,Checking match of request : '/0089/updatedata'; against '/0031/**'
05-23-2017 00:55:16.358,DEBUG,1916AA17271710C83BA10031101B0876,Checking match of request : '/0089/updatedata'; against '/0035/**'
05-23-2017 00:55:16.358,DEBUG,1916AA17271710C83BA10031101B0876,Checking match of request : '/0089/updatedata'; against '/0037/**'
05-23-2017 00:55:16.358,DEBUG,1916AA17271710C83BA10031101B0876,Checking match of request : '/0089/updatedata'; against '/0045/**'
05-23-2017 00:55:16.358,DEBUG,1916AA17271710C83BA10031101B0876,Checking match of request : '/0089/updatedata'; against '/0047/**'
05-23-2017 00:55:16.358,DEBUG,1916AA17271710C83BA10031101B0876,Checking match of request : '/0089/updatedata'; against '/0049/**'
05-23-2017 00:55:16.358,DEBUG,1916AA17271710C83BA10031101B0876,Checking match of request : '/0089/updatedata'; against '/0061/**'
05-23-2017 00:55:16.358,DEBUG,1916AA17271710C83BA10031101B0876,Checking match of request : '/0089/updatedata'; against '/0087/**'
05-23-2017 00:55:16.358,DEBUG,1916AA17271710C83BA10031101B0876,Checking match of request : '/0089/updatedata'; against '/0075/**'
05-23-2017 00:55:16.359,DEBUG,1916AA17271710C83BA10031101B0876,Checking match of request : '/0089/updatedata'; against '/0089/**'
05-23-2017 00:55:16.359,DEBUG,1916AA17271710C83BA10031101B0876,Secure object: FilterInvocation: URL: /0089/updateData; Attributes: [ROLE_ADMIN, ROLE_USER, IS_AUTHENTICATED_FULLY]
05-23-2017 00:55:16.359,DEBUG,1916AA17271710C83BA10031101B0876,Previously Authenticated: org.springframework.security.authentication.UsernamePasswordAuthenticationToken@3b6f3487: Principal: vn.bananavietnam.ict.common.auth.MyUser@c4907816: Username: U0000000001; Password: [PROTECTED]; Enabled: true; AccountNonExpired: true; credentialsNonExpired: true; AccountNonLocked: true; Granted Authorities: 1; Credentials: [PROTECTED]; Authenticated: true; Details: org.springframework.security.web.authentication.WebAuthenticationDetails@b364: RemoteIpAddress: 0:0:0:0:0:0:0:1; SessionId: 1916AA17271710C83BA10031101B0876; Granted Authorities: 1
05-23-2017 00:55:16.359,DEBUG,1916AA17271710C83BA10031101B0876,Voter: org.springframework.security.access.vote.RoleVoter@1ac872d, returned: -1
05-23-2017 00:55:16.359,DEBUG,1916AA17271710C83BA10031101B0876,Voter: org.springframework.security.access.vote.AuthenticatedVoter@b1927d, returned: 1
05-23-2017 00:55:16.359,DEBUG,1916AA17271710C83BA10031101B0876,Authorization successful
05-23-2017 00:55:16.359,DEBUG,1916AA17271710C83BA10031101B0876,RunAsManager did not change Authentication object
05-23-2017 00:55:16.359,DEBUG,1916AA17271710C83BA10031101B0876,/0089/updateData reached end of additional filter chain; proceeding with original chain
05-23-2017 00:55:16.359,DEBUG,1916AA17271710C83BA10031101B0876,Request [/ict/0089/updateData] is not a multipart request
05-23-2017 00:55:16.359,DEBUG,B292752AAABC659BC4ADD5805857A142,DispatcherServlet with name 'appServlet' processing POST request for [/ict/0089/updateData]
05-23-2017 00:55:16.359,DEBUG,B292752AAABC659BC4ADD5805857A142,Looking up handler method for path /0089/updateData
05-23-2017 00:55:16.359,DEBUG,B292752AAABC659BC4ADD5805857A142,Returning handler method [public java.lang.String vn.bananavietnam.ict.banana.controller.Bnn0089SearchTaskController.updateData(vn.bananavietnam.ict.common.db.model.IvbMTask)]
05-23-2017 00:55:16.359,DEBUG,B292752AAABC659BC4ADD5805857A142,Returning cached instance of singleton bean 'bnn0089SearchTaskController'
05-23-2017 00:55:16.360,DEBUG,B292752AAABC659BC4ADD5805857A142,Returning cached instance of singleton bean 'xml_path'
05-23-2017 00:55:16.360,DEBUG,B292752AAABC659BC4ADD5805857A142,Read [class vn.bananavietnam.ict.common.db.model.IvbMTask] as "application/json" with [org.springframework.http.converter.json.MappingJackson2HttpMessageConverter@156f2cc]
05-23-2017 00:55:16.360,INFO ,B292752AAABC659BC4ADD5805857A142,U0000000001,vn.bananavietnam.ict.banana.service.Bnn0089SearchTaskService,updateData,[vn.bananavietnam.ict.common.db.model.IvbMTask@14c2310] METHOD START
05-23-2017 00:55:16.360,DEBUG,B292752AAABC659BC4ADD5805857A142,Returning cached instance of singleton bean 'transactionManager'
05-23-2017 00:55:16.361,DEBUG,B292752AAABC659BC4ADD5805857A142,Creating new transaction with name [null]: PROPAGATION_REQUIRED,ISOLATION_DEFAULT
05-23-2017 00:55:16.361,DEBUG,B292752AAABC659BC4ADD5805857A142,Creating new JDBC DriverManager Connection to [jdbc:mysql://172.16.0.175:3306/BANANA_DB_HUNG_SELENIUM?useUnicode=yes&characterEncoding=UTF-8&autoReconnect=true]
05-23-2017 00:55:20.375,ERROR,B292752AAABC659BC4ADD5805857A142,U0000000001,java.lang.Exception: Could not open JDBC Connection for transaction; nested exception is com.mysql.jdbc.exceptions.jdbc4.MySQLNonTransientConnectionException: Could not create connection to database server. Attempted reconnect 3 times. Giving up.
05-23-2017 00:55:20.375,INFO ,B292752AAABC659BC4ADD5805857A142,U0000000001,vn.bananavietnam.ict.banana.service.Bnn0089SearchTaskService,updateData,[vn.bananavietnam.ict.common.db.model.IvbMTask@14c2310] METHOD END
05-23-2017 00:55:20.380,DEBUG,B292752AAABC659BC4ADD5805857A142,Written [4006] as "text/plain;charset=ISO-8859-1" using [org.springframework.http.converter.StringHttpMessageConverter@10ddb9c]
05-23-2017 00:55:20.381,DEBUG,B292752AAABC659BC4ADD5805857A142,Null ModelAndView returned to DispatcherServlet with name 'appServlet': assuming HandlerAdapter completed request handling
05-23-2017 00:55:20.381,DEBUG,B292752AAABC659BC4ADD5805857A142,Successfully completed request
05-23-2017 00:55:20.381,DEBUG,B292752AAABC659BC4ADD5805857A142,Chain processed normally
05-23-2017 00:55:20.381,DEBUG,B292752AAABC659BC4ADD5805857A142,SecurityContextHolder now cleared, as request processing completed
05-23-2017 00:55:50.157,DEBUG,1916AA17271710C83BA10031101B0876,/0089/searchData at position 1 of 11 in additional filter chain; firing Filter: 'SecurityContextPersistenceFilter'
05-23-2017 00:55:50.157,DEBUG,1916AA17271710C83BA10031101B0876,Obtained a valid SecurityContext from SPRING_SECURITY_CONTEXT: 'org.springframework.security.core.context.SecurityContextImpl@3b6f3487: Authentication: org.springframework.security.authentication.UsernamePasswordAuthenticationToken@3b6f3487: Principal: vn.bananavietnam.ict.common.auth.MyUser@c4907816: Username: U0000000001; Password: [PROTECTED]; Enabled: true; AccountNonExpired: true; credentialsNonExpired: true; AccountNonLocked: true; Granted Authorities: 1; Credentials: [PROTECTED]; Authenticated: true; Details: org.springframework.security.web.authentication.WebAuthenticationDetails@b364: RemoteIpAddress: 0:0:0:0:0:0:0:1; SessionId: 1916AA17271710C83BA10031101B0876; Granted Authorities: 1'
05-23-2017 00:55:50.157,DEBUG,1916AA17271710C83BA10031101B0876,/0089/searchData at position 2 of 11 in additional filter chain; firing Filter: 'WebAsyncManagerIntegrationFilter'
05-23-2017 00:55:50.157,DEBUG,1916AA17271710C83BA10031101B0876,/0089/searchData at position 3 of 11 in additional filter chain; firing Filter: 'LogoutFilter'
05-23-2017 00:55:50.157,DEBUG,1916AA17271710C83BA10031101B0876,/0089/searchData at position 4 of 11 in additional filter chain; firing Filter: 'UsernamePasswordAuthenticationFilter'
05-23-2017 00:55:50.157,DEBUG,1916AA17271710C83BA10031101B0876,/0089/searchData at position 5 of 11 in additional filter chain; firing Filter: 'BasicAuthenticationFilter'
05-23-2017 00:55:50.157,DEBUG,1916AA17271710C83BA10031101B0876,/0089/searchData at position 6 of 11 in additional filter chain; firing Filter: 'RequestCacheAwareFilter'
05-23-2017 00:55:50.157,DEBUG,1916AA17271710C83BA10031101B0876,/0089/searchData at position 7 of 11 in additional filter chain; firing Filter: 'SecurityContextHolderAwareRequestFilter'
05-23-2017 00:55:50.157,DEBUG,1916AA17271710C83BA10031101B0876,/0089/searchData at position 8 of 11 in additional filter chain; firing Filter: 'AnonymousAuthenticationFilter'
05-23-2017 00:55:50.157,DEBUG,1916AA17271710C83BA10031101B0876,SecurityContextHolder not populated with anonymous token, as it already contained: 'org.springframework.security.authentication.UsernamePasswordAuthenticationToken@3b6f3487: Principal: vn.bananavietnam.ict.common.auth.MyUser@c4907816: Username: U0000000001; Password: [PROTECTED]; Enabled: true; AccountNonExpired: true; credentialsNonExpired: true; AccountNonLocked: true; Granted Authorities: 1; Credentials: [PROTECTED]; Authenticated: true; Details: org.springframework.security.web.authentication.WebAuthenticationDetails@b364: RemoteIpAddress: 0:0:0:0:0:0:0:1; SessionId: 1916AA17271710C83BA10031101B0876; Granted Authorities: 1'
05-23-2017 00:55:50.157,DEBUG,1916AA17271710C83BA10031101B0876,/0089/searchData at position 9 of 11 in additional filter chain; firing Filter: 'SessionManagementFilter'
05-23-2017 00:55:50.157,DEBUG,1916AA17271710C83BA10031101B0876,/0089/searchData at position 10 of 11 in additional filter chain; firing Filter: 'ExceptionTranslationFilter'
05-23-2017 00:55:50.157,DEBUG,1916AA17271710C83BA10031101B0876,/0089/searchData at position 11 of 11 in additional filter chain; firing Filter: 'FilterSecurityInterceptor'
05-23-2017 00:55:50.157,DEBUG,1916AA17271710C83BA10031101B0876,Checking match of request : '/0089/searchdata'; against '/autherror*'
05-23-2017 00:55:50.157,DEBUG,1916AA17271710C83BA10031101B0876,Checking match of request : '/0089/searchdata'; against '/login/**'
05-23-2017 00:55:50.157,DEBUG,1916AA17271710C83BA10031101B0876,Checking match of request : '/0089/searchdata'; against '/error/**'
05-23-2017 00:55:50.157,DEBUG,1916AA17271710C83BA10031101B0876,Checking match of request : '/0089/searchdata'; against '/0001/**'
05-23-2017 00:55:50.158,DEBUG,1916AA17271710C83BA10031101B0876,Checking match of request : '/0089/searchdata'; against '/0002/**'
05-23-2017 00:55:50.158,DEBUG,1916AA17271710C83BA10031101B0876,Checking match of request : '/0089/searchdata'; against '/0003/**'
05-23-2017 00:55:50.158,DEBUG,1916AA17271710C83BA10031101B0876,Checking match of request : '/0089/searchdata'; against '/0005/**'
05-23-2017 00:55:50.158,DEBUG,1916AA17271710C83BA10031101B0876,Checking match of request : '/0089/searchdata'; against '/0007/**'
05-23-2017 00:55:50.158,DEBUG,1916AA17271710C83BA10031101B0876,Checking match of request : '/0089/searchdata'; against '/0009/**'
05-23-2017 00:55:50.158,DEBUG,1916AA17271710C83BA10031101B0876,Checking match of request : '/0089/searchdata'; against '/0013/**'
05-23-2017 00:55:50.158,DEBUG,1916AA17271710C83BA10031101B0876,Checking match of request : '/0089/searchdata'; against '/0023/**'
05-23-2017 00:55:50.158,DEBUG,1916AA17271710C83BA10031101B0876,Checking match of request : '/0089/searchdata'; against '/0017/**'
05-23-2017 00:55:50.158,DEBUG,1916AA17271710C83BA10031101B0876,Checking match of request : '/0089/searchdata'; against '/0031/**'
05-23-2017 00:55:50.158,DEBUG,1916AA17271710C83BA10031101B0876,Checking match of request : '/0089/searchdata'; against '/0035/**'
05-23-2017 00:55:50.158,DEBUG,1916AA17271710C83BA10031101B0876,Checking match of request : '/0089/searchdata'; against '/0037/**'
05-23-2017 00:55:50.158,DEBUG,1916AA17271710C83BA10031101B0876,Checking match of request : '/0089/searchdata'; against '/0045/**'
05-23-2017 00:55:50.158,DEBUG,1916AA17271710C83BA10031101B0876,Checking match of request : '/0089/searchdata'; against '/0047/**'
05-23-2017 00:55:50.158,DEBUG,1916AA17271710C83BA10031101B0876,Checking match of request : '/0089/searchdata'; against '/0049/**'
05-23-2017 00:55:50.158,DEBUG,1916AA17271710C83BA10031101B0876,Checking match of request : '/0089/searchdata'; against '/0061/**'
05-23-2017 00:55:50.158,DEBUG,1916AA17271710C83BA10031101B0876,Checking match of request : '/0089/searchdata'; against '/0087/**'
05-23-2017 00:55:50.158,DEBUG,1916AA17271710C83BA10031101B0876,Checking match of request : '/0089/searchdata'; against '/0075/**'
05-23-2017 00:55:50.158,DEBUG,1916AA17271710C83BA10031101B0876,Checking match of request : '/0089/searchdata'; against '/0089/**'
05-23-2017 00:55:50.158,DEBUG,1916AA17271710C83BA10031101B0876,Secure object: FilterInvocation: URL: /0089/searchData; Attributes: [ROLE_ADMIN, ROLE_USER, IS_AUTHENTICATED_FULLY]
05-23-2017 00:55:50.158,DEBUG,1916AA17271710C83BA10031101B0876,Previously Authenticated: org.springframework.security.authentication.UsernamePasswordAuthenticationToken@3b6f3487: Principal: vn.bananavietnam.ict.common.auth.MyUser@c4907816: Username: U0000000001; Password: [PROTECTED]; Enabled: true; AccountNonExpired: true; credentialsNonExpired: true; AccountNonLocked: true; Granted Authorities: 1; Credentials: [PROTECTED]; Authenticated: true; Details: org.springframework.security.web.authentication.WebAuthenticationDetails@b364: RemoteIpAddress: 0:0:0:0:0:0:0:1; SessionId: 1916AA17271710C83BA10031101B0876; Granted Authorities: 1
05-23-2017 00:55:50.158,DEBUG,1916AA17271710C83BA10031101B0876,Voter: org.springframework.security.access.vote.RoleVoter@1ac872d, returned: -1
05-23-2017 00:55:50.158,DEBUG,1916AA17271710C83BA10031101B0876,Voter: org.springframework.security.access.vote.AuthenticatedVoter@b1927d, returned: 1
05-23-2017 00:55:50.158,DEBUG,1916AA17271710C83BA10031101B0876,Authorization successful
05-23-2017 00:55:50.158,DEBUG,1916AA17271710C83BA10031101B0876,RunAsManager did not change Authentication object
05-23-2017 00:55:50.158,DEBUG,1916AA17271710C83BA10031101B0876,/0089/searchData reached end of additional filter chain; proceeding with original chain
05-23-2017 00:55:50.158,DEBUG,1916AA17271710C83BA10031101B0876,Request [/ict/0089/searchData] is not a multipart request
05-23-2017 00:55:50.158,DEBUG,B292752AAABC659BC4ADD5805857A142,DispatcherServlet with name 'appServlet' processing POST request for [/ict/0089/searchData]
05-23-2017 00:55:50.158,DEBUG,B292752AAABC659BC4ADD5805857A142,Looking up handler method for path /0089/searchData
05-23-2017 00:55:50.158,DEBUG,B292752AAABC659BC4ADD5805857A142,Returning handler method [public java.util.List<vn.bananavietnam.ict.banana.component.Bnn0089SearchTaskResult> vn.bananavietnam.ict.banana.controller.Bnn0089SearchTaskController.searchData(vn.bananavietnam.ict.banana.component.Bnn0089SearchTaskConditions)]
05-23-2017 00:55:50.158,DEBUG,B292752AAABC659BC4ADD5805857A142,Returning cached instance of singleton bean 'bnn0089SearchTaskController'
05-23-2017 00:55:50.158,DEBUG,B292752AAABC659BC4ADD5805857A142,Returning cached instance of singleton bean 'xml_path'
05-23-2017 00:55:50.159,DEBUG,B292752AAABC659BC4ADD5805857A142,Read [class vn.bananavietnam.ict.banana.component.Bnn0089SearchTaskConditions] as "application/json" with [org.springframework.http.converter.json.MappingJackson2HttpMessageConverter@156f2cc]
05-23-2017 00:55:50.159,INFO ,B292752AAABC659BC4ADD5805857A142,U0000000001,vn.bananavietnam.ict.banana.service.Bnn0089SearchTaskService,searchData,[vn.bananavietnam.ict.banana.component.Bnn0089SearchTaskConditions@112e0f9] METHOD START
05-23-2017 00:55:50.159,DEBUG,B292752AAABC659BC4ADD5805857A142,Returning cached instance of singleton bean 'transactionManager'
05-23-2017 00:55:50.159,INFO ,B292752AAABC659BC4ADD5805857A142,U0000000001,Task searching started
05-23-2017 00:55:50.159,DEBUG,B292752AAABC659BC4ADD5805857A142,Creating a new SqlSession
05-23-2017 00:55:50.159,DEBUG,B292752AAABC659BC4ADD5805857A142,Registering transaction synchronization for SqlSession [org.apache.ibatis.session.defaults.DefaultSqlSession@24b50a]
05-23-2017 00:55:50.159,DEBUG,B292752AAABC659BC4ADD5805857A142,Fetching JDBC Connection from DataSource
05-23-2017 00:55:50.159,DEBUG,B292752AAABC659BC4ADD5805857A142,Creating new JDBC DriverManager Connection to [jdbc:mysql://172.16.0.175:3306/BANANA_DB_HUNG_SELENIUM?useUnicode=yes&characterEncoding=UTF-8&autoReconnect=true]
05-23-2017 00:55:50.176,DEBUG,B292752AAABC659BC4ADD5805857A142,Registering transaction synchronization for JDBC Connection
05-23-2017 00:55:50.177,DEBUG,B292752AAABC659BC4ADD5805857A142,JDBC Connection [com.mysql.jdbc.JDBC4Connection@1e72077] will be managed by Spring
05-23-2017 00:55:50.177,DEBUG,B292752AAABC659BC4ADD5805857A142,==>  Preparing: SELECT T.TASK_ID taskId, T.TASK_NAME taskName, T.WORKING_DETAILS workingDetails, T.NOTE note, T.QUARANTINE_HANDLING_FLAG quarantineHandlingFlag, T.DELETE_FLAG deleteFlag, T.CHANGE_POINT_CODE changePointCode, T.LAST_UPDATE_DATE lastUpdateDate FROM IVB_M_TASK T WHERE 1 = 1 AND T.DELETE_FLAG = '0' ORDER BY T.TASK_NAME LIMIT ?,? 
05-23-2017 00:55:50.177,DEBUG,B292752AAABC659BC4ADD5805857A142,==> Parameters: 0(Integer), 20(Integer)
05-23-2017 00:55:50.180,DEBUG,B292752AAABC659BC4ADD5805857A142,<==      Total: 20
05-23-2017 00:55:50.180,DEBUG,B292752AAABC659BC4ADD5805857A142,Releasing transactional SqlSession [org.apache.ibatis.session.defaults.DefaultSqlSession@24b50a]
05-23-2017 00:55:50.180,INFO ,B292752AAABC659BC4ADD5805857A142,U0000000001,SQL execution finished
05-23-2017 00:55:50.180,DEBUG,B292752AAABC659BC4ADD5805857A142,Fetched SqlSession [org.apache.ibatis.session.defaults.DefaultSqlSession@24b50a] from current transaction
05-23-2017 00:55:50.180,DEBUG,B292752AAABC659BC4ADD5805857A142,==>  Preparing: SELECT COUNT(*) FROM IVB_M_TASK T WHERE 1 = 1 AND T.DELETE_FLAG = '0' ORDER BY T.TASK_ID 
05-23-2017 00:55:50.180,DEBUG,B292752AAABC659BC4ADD5805857A142,==> Parameters: 
05-23-2017 00:55:50.181,DEBUG,B292752AAABC659BC4ADD5805857A142,<==      Total: 1
05-23-2017 00:55:50.181,DEBUG,B292752AAABC659BC4ADD5805857A142,Releasing transactional SqlSession [org.apache.ibatis.session.defaults.DefaultSqlSession@24b50a]
05-23-2017 00:55:50.182,INFO ,B292752AAABC659BC4ADD5805857A142,U0000000001,Task searching finished ==> 43 item(s)
05-23-2017 00:55:50.182,DEBUG,B292752AAABC659BC4ADD5805857A142,Transaction synchronization deregistering SqlSession [org.apache.ibatis.session.defaults.DefaultSqlSession@24b50a]
05-23-2017 00:55:50.182,DEBUG,B292752AAABC659BC4ADD5805857A142,Transaction synchronization closing SqlSession [org.apache.ibatis.session.defaults.DefaultSqlSession@24b50a]
05-23-2017 00:55:50.182,DEBUG,B292752AAABC659BC4ADD5805857A142,Returning JDBC Connection to DataSource
05-23-2017 00:55:50.182,INFO ,B292752AAABC659BC4ADD5805857A142,U0000000001,vn.bananavietnam.ict.banana.service.Bnn0089SearchTaskService,searchData,[vn.bananavietnam.ict.banana.component.Bnn0089SearchTaskConditions@112e0f9] METHOD END
05-23-2017 00:55:50.184,DEBUG,B292752AAABC659BC4ADD5805857A142,Written [[vn.bananavietnam.ict.banana.component.Bnn0089SearchTaskResult@1781b21, vn.bananavietnam.ict.banana.component.Bnn0089SearchTaskResult@19b5649, vn.bananavietnam.ict.banana.component.Bnn0089SearchTaskResult@1084a3c, vn.bananavietnam.ict.banana.component.Bnn0089SearchTaskResult@b8c195, vn.bananavietnam.ict.banana.component.Bnn0089SearchTaskResult@1ba7c70, vn.bananavietnam.ict.banana.component.Bnn0089SearchTaskResult@425090, vn.bananavietnam.ict.banana.component.Bnn0089SearchTaskResult@18ea28e, vn.bananavietnam.ict.banana.component.Bnn0089SearchTaskResult@1826c43, vn.bananavietnam.ict.banana.component.Bnn0089SearchTaskResult@1d5cdff, vn.bananavietnam.ict.banana.component.Bnn0089SearchTaskResult@10dde45, vn.bananavietnam.ict.banana.component.Bnn0089SearchTaskResult@17b9038, vn.bananavietnam.ict.banana.component.Bnn0089SearchTaskResult@1a91fa0, vn.bananavietnam.ict.banana.component.Bnn0089SearchTaskResult@928d9f, vn.bananavietnam.ict.banana.component.Bnn0089SearchTaskResult@13289fe, vn.bananavietnam.ict.banana.component.Bnn0089SearchTaskResult@c925b0, vn.bananavietnam.ict.banana.component.Bnn0089SearchTaskResult@13a6816, vn.bananavietnam.ict.banana.component.Bnn0089SearchTaskResult@13ef11b, vn.bananavietnam.ict.banana.component.Bnn0089SearchTaskResult@e6f83b, vn.bananavietnam.ict.banana.component.Bnn0089SearchTaskResult@17ba032, vn.bananavietnam.ict.banana.component.Bnn0089SearchTaskResult@14514d3]] as "application/json;charset=UTF-8" using [org.springframework.http.converter.json.MappingJackson2HttpMessageConverter@156f2cc]
05-23-2017 00:55:50.184,DEBUG,B292752AAABC659BC4ADD5805857A142,Null ModelAndView returned to DispatcherServlet with name 'appServlet': assuming HandlerAdapter completed request handling
05-23-2017 00:55:50.184,DEBUG,B292752AAABC659BC4ADD5805857A142,Successfully completed request
05-23-2017 00:55:50.184,DEBUG,B292752AAABC659BC4ADD5805857A142,Chain processed normally
05-23-2017 00:55:50.185,DEBUG,B292752AAABC659BC4ADD5805857A142,SecurityContextHolder now cleared, as request processing completed
05-23-2017 00:55:51.421,DEBUG,1916AA17271710C83BA10031101B0876,/0089/getSingleData at position 1 of 11 in additional filter chain; firing Filter: 'SecurityContextPersistenceFilter'
05-23-2017 00:55:51.421,DEBUG,1916AA17271710C83BA10031101B0876,Obtained a valid SecurityContext from SPRING_SECURITY_CONTEXT: 'org.springframework.security.core.context.SecurityContextImpl@3b6f3487: Authentication: org.springframework.security.authentication.UsernamePasswordAuthenticationToken@3b6f3487: Principal: vn.bananavietnam.ict.common.auth.MyUser@c4907816: Username: U0000000001; Password: [PROTECTED]; Enabled: true; AccountNonExpired: true; credentialsNonExpired: true; AccountNonLocked: true; Granted Authorities: 1; Credentials: [PROTECTED]; Authenticated: true; Details: org.springframework.security.web.authentication.WebAuthenticationDetails@b364: RemoteIpAddress: 0:0:0:0:0:0:0:1; SessionId: 1916AA17271710C83BA10031101B0876; Granted Authorities: 1'
05-23-2017 00:55:51.421,DEBUG,1916AA17271710C83BA10031101B0876,/0089/getSingleData at position 2 of 11 in additional filter chain; firing Filter: 'WebAsyncManagerIntegrationFilter'
05-23-2017 00:55:51.421,DEBUG,1916AA17271710C83BA10031101B0876,/0089/getSingleData at position 3 of 11 in additional filter chain; firing Filter: 'LogoutFilter'
05-23-2017 00:55:51.421,DEBUG,1916AA17271710C83BA10031101B0876,/0089/getSingleData at position 4 of 11 in additional filter chain; firing Filter: 'UsernamePasswordAuthenticationFilter'
05-23-2017 00:55:51.421,DEBUG,1916AA17271710C83BA10031101B0876,/0089/getSingleData at position 5 of 11 in additional filter chain; firing Filter: 'BasicAuthenticationFilter'
05-23-2017 00:55:51.421,DEBUG,1916AA17271710C83BA10031101B0876,/0089/getSingleData at position 6 of 11 in additional filter chain; firing Filter: 'RequestCacheAwareFilter'
05-23-2017 00:55:51.421,DEBUG,1916AA17271710C83BA10031101B0876,/0089/getSingleData at position 7 of 11 in additional filter chain; firing Filter: 'SecurityContextHolderAwareRequestFilter'
05-23-2017 00:55:51.421,DEBUG,1916AA17271710C83BA10031101B0876,/0089/getSingleData at position 8 of 11 in additional filter chain; firing Filter: 'AnonymousAuthenticationFilter'
05-23-2017 00:55:51.421,DEBUG,1916AA17271710C83BA10031101B0876,SecurityContextHolder not populated with anonymous token, as it already contained: 'org.springframework.security.authentication.UsernamePasswordAuthenticationToken@3b6f3487: Principal: vn.bananavietnam.ict.common.auth.MyUser@c4907816: Username: U0000000001; Password: [PROTECTED]; Enabled: true; AccountNonExpired: true; credentialsNonExpired: true; AccountNonLocked: true; Granted Authorities: 1; Credentials: [PROTECTED]; Authenticated: true; Details: org.springframework.security.web.authentication.WebAuthenticationDetails@b364: RemoteIpAddress: 0:0:0:0:0:0:0:1; SessionId: 1916AA17271710C83BA10031101B0876; Granted Authorities: 1'
05-23-2017 00:55:51.422,DEBUG,1916AA17271710C83BA10031101B0876,/0089/getSingleData at position 9 of 11 in additional filter chain; firing Filter: 'SessionManagementFilter'
05-23-2017 00:55:51.422,DEBUG,1916AA17271710C83BA10031101B0876,/0089/getSingleData at position 10 of 11 in additional filter chain; firing Filter: 'ExceptionTranslationFilter'
05-23-2017 00:55:51.422,DEBUG,1916AA17271710C83BA10031101B0876,/0089/getSingleData at position 11 of 11 in additional filter chain; firing Filter: 'FilterSecurityInterceptor'
05-23-2017 00:55:51.422,DEBUG,1916AA17271710C83BA10031101B0876,Checking match of request : '/0089/getsingledata'; against '/autherror*'
05-23-2017 00:55:51.422,DEBUG,1916AA17271710C83BA10031101B0876,Checking match of request : '/0089/getsingledata'; against '/login/**'
05-23-2017 00:55:51.422,DEBUG,1916AA17271710C83BA10031101B0876,Checking match of request : '/0089/getsingledata'; against '/error/**'
05-23-2017 00:55:51.422,DEBUG,1916AA17271710C83BA10031101B0876,Checking match of request : '/0089/getsingledata'; against '/0001/**'
05-23-2017 00:55:51.422,DEBUG,1916AA17271710C83BA10031101B0876,Checking match of request : '/0089/getsingledata'; against '/0002/**'
05-23-2017 00:55:51.422,DEBUG,1916AA17271710C83BA10031101B0876,Checking match of request : '/0089/getsingledata'; against '/0003/**'
05-23-2017 00:55:51.422,DEBUG,1916AA17271710C83BA10031101B0876,Checking match of request : '/0089/getsingledata'; against '/0005/**'
05-23-2017 00:55:51.422,DEBUG,1916AA17271710C83BA10031101B0876,Checking match of request : '/0089/getsingledata'; against '/0007/**'
05-23-2017 00:55:51.422,DEBUG,1916AA17271710C83BA10031101B0876,Checking match of request : '/0089/getsingledata'; against '/0009/**'
05-23-2017 00:55:51.422,DEBUG,1916AA17271710C83BA10031101B0876,Checking match of request : '/0089/getsingledata'; against '/0013/**'
05-23-2017 00:55:51.422,DEBUG,1916AA17271710C83BA10031101B0876,Checking match of request : '/0089/getsingledata'; against '/0023/**'
05-23-2017 00:55:51.422,DEBUG,1916AA17271710C83BA10031101B0876,Checking match of request : '/0089/getsingledata'; against '/0017/**'
05-23-2017 00:55:51.422,DEBUG,1916AA17271710C83BA10031101B0876,Checking match of request : '/0089/getsingledata'; against '/0031/**'
05-23-2017 00:55:51.422,DEBUG,1916AA17271710C83BA10031101B0876,Checking match of request : '/0089/getsingledata'; against '/0035/**'
05-23-2017 00:55:51.422,DEBUG,1916AA17271710C83BA10031101B0876,Checking match of request : '/0089/getsingledata'; against '/0037/**'
05-23-2017 00:55:51.422,DEBUG,1916AA17271710C83BA10031101B0876,Checking match of request : '/0089/getsingledata'; against '/0045/**'
05-23-2017 00:55:51.422,DEBUG,1916AA17271710C83BA10031101B0876,Checking match of request : '/0089/getsingledata'; against '/0047/**'
05-23-2017 00:55:51.422,DEBUG,1916AA17271710C83BA10031101B0876,Checking match of request : '/0089/getsingledata'; against '/0049/**'
05-23-2017 00:55:51.422,DEBUG,1916AA17271710C83BA10031101B0876,Checking match of request : '/0089/getsingledata'; against '/0061/**'
05-23-2017 00:55:51.422,DEBUG,1916AA17271710C83BA10031101B0876,Checking match of request : '/0089/getsingledata'; against '/0087/**'
05-23-2017 00:55:51.422,DEBUG,1916AA17271710C83BA10031101B0876,Checking match of request : '/0089/getsingledata'; against '/0075/**'
05-23-2017 00:55:51.422,DEBUG,1916AA17271710C83BA10031101B0876,Checking match of request : '/0089/getsingledata'; against '/0089/**'
05-23-2017 00:55:51.422,DEBUG,1916AA17271710C83BA10031101B0876,Secure object: FilterInvocation: URL: /0089/getSingleData; Attributes: [ROLE_ADMIN, ROLE_USER, IS_AUTHENTICATED_FULLY]
05-23-2017 00:55:51.422,DEBUG,1916AA17271710C83BA10031101B0876,Previously Authenticated: org.springframework.security.authentication.UsernamePasswordAuthenticationToken@3b6f3487: Principal: vn.bananavietnam.ict.common.auth.MyUser@c4907816: Username: U0000000001; Password: [PROTECTED]; Enabled: true; AccountNonExpired: true; credentialsNonExpired: true; AccountNonLocked: true; Granted Authorities: 1; Credentials: [PROTECTED]; Authenticated: true; Details: org.springframework.security.web.authentication.WebAuthenticationDetails@b364: RemoteIpAddress: 0:0:0:0:0:0:0:1; SessionId: 1916AA17271710C83BA10031101B0876; Granted Authorities: 1
05-23-2017 00:55:51.423,DEBUG,1916AA17271710C83BA10031101B0876,Voter: org.springframework.security.access.vote.RoleVoter@1ac872d, returned: -1
05-23-2017 00:55:51.423,DEBUG,1916AA17271710C83BA10031101B0876,Voter: org.springframework.security.access.vote.AuthenticatedVoter@b1927d, returned: 1
05-23-2017 00:55:51.423,DEBUG,1916AA17271710C83BA10031101B0876,Authorization successful
05-23-2017 00:55:51.423,DEBUG,1916AA17271710C83BA10031101B0876,RunAsManager did not change Authentication object
05-23-2017 00:55:51.423,DEBUG,1916AA17271710C83BA10031101B0876,/0089/getSingleData reached end of additional filter chain; proceeding with original chain
05-23-2017 00:55:51.423,DEBUG,1916AA17271710C83BA10031101B0876,Request [/ict/0089/getSingleData] is not a multipart request
05-23-2017 00:55:51.423,DEBUG,B292752AAABC659BC4ADD5805857A142,DispatcherServlet with name 'appServlet' processing POST request for [/ict/0089/getSingleData]
05-23-2017 00:55:51.423,DEBUG,B292752AAABC659BC4ADD5805857A142,Looking up handler method for path /0089/getSingleData
05-23-2017 00:55:51.423,DEBUG,B292752AAABC659BC4ADD5805857A142,Returning handler method [public vn.bananavietnam.ict.common.db.model.IvbMTask vn.bananavietnam.ict.banana.controller.Bnn0089SearchTaskController.getSingleData(vn.bananavietnam.ict.banana.component.Bnn0089SearchTaskConditions)]
05-23-2017 00:55:51.423,DEBUG,B292752AAABC659BC4ADD5805857A142,Returning cached instance of singleton bean 'bnn0089SearchTaskController'
05-23-2017 00:55:51.423,DEBUG,B292752AAABC659BC4ADD5805857A142,Returning cached instance of singleton bean 'xml_path'
05-23-2017 00:55:51.424,DEBUG,B292752AAABC659BC4ADD5805857A142,Read [class vn.bananavietnam.ict.banana.component.Bnn0089SearchTaskConditions] as "application/json" with [org.springframework.http.converter.json.MappingJackson2HttpMessageConverter@156f2cc]
05-23-2017 00:55:51.424,INFO ,B292752AAABC659BC4ADD5805857A142,U0000000001,vn.bananavietnam.ict.banana.service.Bnn0089SearchTaskService,getSingleData,[vn.bananavietnam.ict.banana.component.Bnn0089SearchTaskConditions@1f17693] METHOD START
05-23-2017 00:55:51.425,DEBUG,B292752AAABC659BC4ADD5805857A142,Returning cached instance of singleton bean 'transactionManager'
05-23-2017 00:55:51.425,DEBUG,B292752AAABC659BC4ADD5805857A142,Creating a new SqlSession
05-23-2017 00:55:51.425,DEBUG,B292752AAABC659BC4ADD5805857A142,Registering transaction synchronization for SqlSession [org.apache.ibatis.session.defaults.DefaultSqlSession@122a71e]
05-23-2017 00:55:51.425,DEBUG,B292752AAABC659BC4ADD5805857A142,Fetching JDBC Connection from DataSource
05-23-2017 00:55:51.425,DEBUG,B292752AAABC659BC4ADD5805857A142,Creating new JDBC DriverManager Connection to [jdbc:mysql://172.16.0.175:3306/BANANA_DB_HUNG_SELENIUM?useUnicode=yes&characterEncoding=UTF-8&autoReconnect=true]
05-23-2017 00:55:51.442,DEBUG,B292752AAABC659BC4ADD5805857A142,Registering transaction synchronization for JDBC Connection
05-23-2017 00:55:51.442,DEBUG,B292752AAABC659BC4ADD5805857A142,JDBC Connection [com.mysql.jdbc.JDBC4Connection@1ee5ab5] will be managed by Spring
05-23-2017 00:55:51.442,DEBUG,B292752AAABC659BC4ADD5805857A142,==>  Preparing: select TASK_ID, TASK_NAME, WORKING_DETAILS, NOTE, QUARANTINE_HANDLING_FLAG, CHANGE_POINT_CODE, CREATE_USER_ID, CREATE_DATE, UPDATE_USER_ID, LAST_UPDATE_DATE, DELETE_FLAG from IVB_M_TASK where TASK_ID = ? 
05-23-2017 00:55:51.442,DEBUG,B292752AAABC659BC4ADD5805857A142,==> Parameters: T043(String)
05-23-2017 00:55:51.444,DEBUG,B292752AAABC659BC4ADD5805857A142,<==      Total: 1
05-23-2017 00:55:51.444,DEBUG,B292752AAABC659BC4ADD5805857A142,Releasing transactional SqlSession [org.apache.ibatis.session.defaults.DefaultSqlSession@122a71e]
05-23-2017 00:55:51.444,DEBUG,B292752AAABC659BC4ADD5805857A142,Transaction synchronization deregistering SqlSession [org.apache.ibatis.session.defaults.DefaultSqlSession@122a71e]
05-23-2017 00:55:51.444,DEBUG,B292752AAABC659BC4ADD5805857A142,Transaction synchronization closing SqlSession [org.apache.ibatis.session.defaults.DefaultSqlSession@122a71e]
05-23-2017 00:55:51.448,DEBUG,B292752AAABC659BC4ADD5805857A142,Returning JDBC Connection to DataSource
05-23-2017 00:55:51.448,INFO ,B292752AAABC659BC4ADD5805857A142,U0000000001,vn.bananavietnam.ict.banana.service.Bnn0089SearchTaskService,getSingleData,[vn.bananavietnam.ict.banana.component.Bnn0089SearchTaskConditions@1f17693] METHOD END
05-23-2017 00:55:51.451,DEBUG,B292752AAABC659BC4ADD5805857A142,Written [vn.bananavietnam.ict.common.db.model.IvbMTask@1bcd283] as "application/json;charset=UTF-8" using [org.springframework.http.converter.json.MappingJackson2HttpMessageConverter@156f2cc]
05-23-2017 00:55:51.451,DEBUG,B292752AAABC659BC4ADD5805857A142,Null ModelAndView returned to DispatcherServlet with name 'appServlet': assuming HandlerAdapter completed request handling
05-23-2017 00:55:51.451,DEBUG,B292752AAABC659BC4ADD5805857A142,Successfully completed request
05-23-2017 00:55:51.451,DEBUG,B292752AAABC659BC4ADD5805857A142,Chain processed normally
05-23-2017 00:55:51.451,DEBUG,B292752AAABC659BC4ADD5805857A142,SecurityContextHolder now cleared, as request processing completed
