05-23-2017 02:05:15.342,DEBUG,ADD045515EDE59A5FFE5A74CCF290FBA,/0089/searchData at position 1 of 11 in additional filter chain; firing Filter: 'SecurityContextPersistenceFilter'
05-23-2017 02:05:15.342,DEBUG,ADD045515EDE59A5FFE5A74CCF290FBA,Obtained a valid SecurityContext from SPRING_SECURITY_CONTEXT: 'org.springframework.security.core.context.SecurityContextImpl@3b6f3487: Authentication: org.springframework.security.authentication.UsernamePasswordAuthenticationToken@3b6f3487: Principal: vn.bananavietnam.ict.common.auth.MyUser@c4907816: Username: U0000000001; Password: [PROTECTED]; Enabled: true; AccountNonExpired: true; credentialsNonExpired: true; AccountNonLocked: true; Granted Authorities: 1; Credentials: [PROTECTED]; Authenticated: true; Details: org.springframework.security.web.authentication.WebAuthenticationDetails@b364: RemoteIpAddress: 0:0:0:0:0:0:0:1; SessionId: ADD045515EDE59A5FFE5A74CCF290FBA; Granted Authorities: 1'
05-23-2017 02:05:15.342,DEBUG,ADD045515EDE59A5FFE5A74CCF290FBA,/0089/searchData at position 2 of 11 in additional filter chain; firing Filter: 'WebAsyncManagerIntegrationFilter'
05-23-2017 02:05:15.342,DEBUG,ADD045515EDE59A5FFE5A74CCF290FBA,/0089/searchData at position 3 of 11 in additional filter chain; firing Filter: 'LogoutFilter'
05-23-2017 02:05:15.342,DEBUG,ADD045515EDE59A5FFE5A74CCF290FBA,/0089/searchData at position 4 of 11 in additional filter chain; firing Filter: 'UsernamePasswordAuthenticationFilter'
05-23-2017 02:05:15.342,DEBUG,ADD045515EDE59A5FFE5A74CCF290FBA,/0089/searchData at position 5 of 11 in additional filter chain; firing Filter: 'BasicAuthenticationFilter'
05-23-2017 02:05:15.342,DEBUG,ADD045515EDE59A5FFE5A74CCF290FBA,/0089/searchData at position 6 of 11 in additional filter chain; firing Filter: 'RequestCacheAwareFilter'
05-23-2017 02:05:15.342,DEBUG,ADD045515EDE59A5FFE5A74CCF290FBA,/0089/searchData at position 7 of 11 in additional filter chain; firing Filter: 'SecurityContextHolderAwareRequestFilter'
05-23-2017 02:05:15.342,DEBUG,ADD045515EDE59A5FFE5A74CCF290FBA,/0089/searchData at position 8 of 11 in additional filter chain; firing Filter: 'AnonymousAuthenticationFilter'
05-23-2017 02:05:15.342,DEBUG,ADD045515EDE59A5FFE5A74CCF290FBA,SecurityContextHolder not populated with anonymous token, as it already contained: 'org.springframework.security.authentication.UsernamePasswordAuthenticationToken@3b6f3487: Principal: vn.bananavietnam.ict.common.auth.MyUser@c4907816: Username: U0000000001; Password: [PROTECTED]; Enabled: true; AccountNonExpired: true; credentialsNonExpired: true; AccountNonLocked: true; Granted Authorities: 1; Credentials: [PROTECTED]; Authenticated: true; Details: org.springframework.security.web.authentication.WebAuthenticationDetails@b364: RemoteIpAddress: 0:0:0:0:0:0:0:1; SessionId: ADD045515EDE59A5FFE5A74CCF290FBA; Granted Authorities: 1'
05-23-2017 02:05:15.343,DEBUG,ADD045515EDE59A5FFE5A74CCF290FBA,/0089/searchData at position 9 of 11 in additional filter chain; firing Filter: 'SessionManagementFilter'
05-23-2017 02:05:15.343,DEBUG,ADD045515EDE59A5FFE5A74CCF290FBA,/0089/searchData at position 10 of 11 in additional filter chain; firing Filter: 'ExceptionTranslationFilter'
05-23-2017 02:05:15.343,DEBUG,ADD045515EDE59A5FFE5A74CCF290FBA,/0089/searchData at position 11 of 11 in additional filter chain; firing Filter: 'FilterSecurityInterceptor'
05-23-2017 02:05:15.343,DEBUG,ADD045515EDE59A5FFE5A74CCF290FBA,Checking match of request : '/0089/searchdata'; against '/autherror*'
05-23-2017 02:05:15.343,DEBUG,ADD045515EDE59A5FFE5A74CCF290FBA,Checking match of request : '/0089/searchdata'; against '/login/**'
05-23-2017 02:05:15.343,DEBUG,ADD045515EDE59A5FFE5A74CCF290FBA,Checking match of request : '/0089/searchdata'; against '/error/**'
05-23-2017 02:05:15.343,DEBUG,ADD045515EDE59A5FFE5A74CCF290FBA,Checking match of request : '/0089/searchdata'; against '/0001/**'
05-23-2017 02:05:15.343,DEBUG,ADD045515EDE59A5FFE5A74CCF290FBA,Checking match of request : '/0089/searchdata'; against '/0002/**'
05-23-2017 02:05:15.343,DEBUG,ADD045515EDE59A5FFE5A74CCF290FBA,Checking match of request : '/0089/searchdata'; against '/0003/**'
05-23-2017 02:05:15.343,DEBUG,ADD045515EDE59A5FFE5A74CCF290FBA,Checking match of request : '/0089/searchdata'; against '/0005/**'
05-23-2017 02:05:15.343,DEBUG,ADD045515EDE59A5FFE5A74CCF290FBA,Checking match of request : '/0089/searchdata'; against '/0007/**'
05-23-2017 02:05:15.343,DEBUG,ADD045515EDE59A5FFE5A74CCF290FBA,Checking match of request : '/0089/searchdata'; against '/0009/**'
05-23-2017 02:05:15.343,DEBUG,ADD045515EDE59A5FFE5A74CCF290FBA,Checking match of request : '/0089/searchdata'; against '/0013/**'
05-23-2017 02:05:15.343,DEBUG,ADD045515EDE59A5FFE5A74CCF290FBA,Checking match of request : '/0089/searchdata'; against '/0023/**'
05-23-2017 02:05:15.343,DEBUG,ADD045515EDE59A5FFE5A74CCF290FBA,Checking match of request : '/0089/searchdata'; against '/0017/**'
05-23-2017 02:05:15.343,DEBUG,ADD045515EDE59A5FFE5A74CCF290FBA,Checking match of request : '/0089/searchdata'; against '/0031/**'
05-23-2017 02:05:15.343,DEBUG,ADD045515EDE59A5FFE5A74CCF290FBA,Checking match of request : '/0089/searchdata'; against '/0035/**'
05-23-2017 02:05:15.343,DEBUG,ADD045515EDE59A5FFE5A74CCF290FBA,Checking match of request : '/0089/searchdata'; against '/0037/**'
05-23-2017 02:05:15.343,DEBUG,ADD045515EDE59A5FFE5A74CCF290FBA,Checking match of request : '/0089/searchdata'; against '/0045/**'
05-23-2017 02:05:15.343,DEBUG,ADD045515EDE59A5FFE5A74CCF290FBA,Checking match of request : '/0089/searchdata'; against '/0047/**'
05-23-2017 02:05:15.343,DEBUG,ADD045515EDE59A5FFE5A74CCF290FBA,Checking match of request : '/0089/searchdata'; against '/0049/**'
05-23-2017 02:05:15.343,DEBUG,ADD045515EDE59A5FFE5A74CCF290FBA,Checking match of request : '/0089/searchdata'; against '/0061/**'
05-23-2017 02:05:15.343,DEBUG,ADD045515EDE59A5FFE5A74CCF290FBA,Checking match of request : '/0089/searchdata'; against '/0087/**'
05-23-2017 02:05:15.343,DEBUG,ADD045515EDE59A5FFE5A74CCF290FBA,Checking match of request : '/0089/searchdata'; against '/0075/**'
05-23-2017 02:05:15.343,DEBUG,ADD045515EDE59A5FFE5A74CCF290FBA,Checking match of request : '/0089/searchdata'; against '/0089/**'
05-23-2017 02:05:15.343,DEBUG,ADD045515EDE59A5FFE5A74CCF290FBA,Secure object: FilterInvocation: URL: /0089/searchData; Attributes: [ROLE_ADMIN, ROLE_USER, IS_AUTHENTICATED_FULLY]
05-23-2017 02:05:15.343,DEBUG,ADD045515EDE59A5FFE5A74CCF290FBA,Previously Authenticated: org.springframework.security.authentication.UsernamePasswordAuthenticationToken@3b6f3487: Principal: vn.bananavietnam.ict.common.auth.MyUser@c4907816: Username: U0000000001; Password: [PROTECTED]; Enabled: true; AccountNonExpired: true; credentialsNonExpired: true; AccountNonLocked: true; Granted Authorities: 1; Credentials: [PROTECTED]; Authenticated: true; Details: org.springframework.security.web.authentication.WebAuthenticationDetails@b364: RemoteIpAddress: 0:0:0:0:0:0:0:1; SessionId: ADD045515EDE59A5FFE5A74CCF290FBA; Granted Authorities: 1
05-23-2017 02:05:15.343,DEBUG,ADD045515EDE59A5FFE5A74CCF290FBA,Voter: org.springframework.security.access.vote.RoleVoter@1ac872d, returned: -1
05-23-2017 02:05:15.343,DEBUG,ADD045515EDE59A5FFE5A74CCF290FBA,Voter: org.springframework.security.access.vote.AuthenticatedVoter@b1927d, returned: 1
05-23-2017 02:05:15.343,DEBUG,ADD045515EDE59A5FFE5A74CCF290FBA,Authorization successful
05-23-2017 02:05:15.343,DEBUG,ADD045515EDE59A5FFE5A74CCF290FBA,RunAsManager did not change Authentication object
05-23-2017 02:05:15.343,DEBUG,ADD045515EDE59A5FFE5A74CCF290FBA,/0089/searchData reached end of additional filter chain; proceeding with original chain
05-23-2017 02:05:15.343,DEBUG,ADD045515EDE59A5FFE5A74CCF290FBA,Request [/ict/0089/searchData] is not a multipart request
05-23-2017 02:05:15.343,DEBUG,B1D3FB685105B35DA723CACC8749DA65,DispatcherServlet with name 'appServlet' processing POST request for [/ict/0089/searchData]
05-23-2017 02:05:15.343,DEBUG,B1D3FB685105B35DA723CACC8749DA65,Looking up handler method for path /0089/searchData
05-23-2017 02:05:15.344,DEBUG,B1D3FB685105B35DA723CACC8749DA65,Returning handler method [public java.util.List<vn.bananavietnam.ict.banana.component.Bnn0089SearchTaskResult> vn.bananavietnam.ict.banana.controller.Bnn0089SearchTaskController.searchData(vn.bananavietnam.ict.banana.component.Bnn0089SearchTaskConditions)]
05-23-2017 02:05:15.344,DEBUG,B1D3FB685105B35DA723CACC8749DA65,Returning cached instance of singleton bean 'bnn0089SearchTaskController'
05-23-2017 02:05:15.344,DEBUG,B1D3FB685105B35DA723CACC8749DA65,Returning cached instance of singleton bean 'xml_path'
05-23-2017 02:05:15.344,DEBUG,B1D3FB685105B35DA723CACC8749DA65,Read [class vn.bananavietnam.ict.banana.component.Bnn0089SearchTaskConditions] as "application/json" with [org.springframework.http.converter.json.MappingJackson2HttpMessageConverter@156f2cc]
05-23-2017 02:05:15.344,INFO ,B1D3FB685105B35DA723CACC8749DA65,U0000000001,vn.bananavietnam.ict.banana.service.Bnn0089SearchTaskService,searchData,[vn.bananavietnam.ict.banana.component.Bnn0089SearchTaskConditions@911fe2] METHOD START
05-23-2017 02:05:15.344,DEBUG,B1D3FB685105B35DA723CACC8749DA65,Returning cached instance of singleton bean 'transactionManager'
05-23-2017 02:05:15.344,INFO ,B1D3FB685105B35DA723CACC8749DA65,U0000000001,Task searching started
05-23-2017 02:05:15.344,DEBUG,B1D3FB685105B35DA723CACC8749DA65,Creating a new SqlSession
05-23-2017 02:05:15.344,DEBUG,B1D3FB685105B35DA723CACC8749DA65,Registering transaction synchronization for SqlSession [org.apache.ibatis.session.defaults.DefaultSqlSession@1a9aeb1]
05-23-2017 02:05:15.344,DEBUG,B1D3FB685105B35DA723CACC8749DA65,Fetching JDBC Connection from DataSource
05-23-2017 02:05:15.344,DEBUG,B1D3FB685105B35DA723CACC8749DA65,Creating new JDBC DriverManager Connection to [jdbc:mysql://172.16.0.175:3306/BANANA_DB_HUNG_SELENIUM?useUnicode=yes&characterEncoding=UTF-8&autoReconnect=true]
05-23-2017 02:05:19.351,DEBUG,B1D3FB685105B35DA723CACC8749DA65,Releasing transactional SqlSession [org.apache.ibatis.session.defaults.DefaultSqlSession@1a9aeb1]
05-23-2017 02:05:19.361,ERROR,B1D3FB685105B35DA723CACC8749DA65,U0000000001,java.lang.Exception: nested exception is org.apache.ibatis.exceptions.PersistenceException: 
05-23-2017 02:05:19.361,DEBUG,B1D3FB685105B35DA723CACC8749DA65,Transaction synchronization deregistering SqlSession [org.apache.ibatis.session.defaults.DefaultSqlSession@1a9aeb1]
05-23-2017 02:05:19.361,DEBUG,B1D3FB685105B35DA723CACC8749DA65,Transaction synchronization closing SqlSession [org.apache.ibatis.session.defaults.DefaultSqlSession@1a9aeb1]
05-23-2017 02:05:19.361,DEBUG,B1D3FB685105B35DA723CACC8749DA65,Should roll back transaction but cannot - no transaction available
05-23-2017 02:05:19.361,INFO ,B1D3FB685105B35DA723CACC8749DA65,U0000000001,vn.bananavietnam.ict.banana.service.Bnn0089SearchTaskService,searchData,[vn.bananavietnam.ict.banana.component.Bnn0089SearchTaskConditions@911fe2] METHOD END
05-23-2017 02:05:19.363,DEBUG,B1D3FB685105B35DA723CACC8749DA65,Null ModelAndView returned to DispatcherServlet with name 'appServlet': assuming HandlerAdapter completed request handling
05-23-2017 02:05:19.363,DEBUG,B1D3FB685105B35DA723CACC8749DA65,Successfully completed request
05-23-2017 02:05:19.363,DEBUG,B1D3FB685105B35DA723CACC8749DA65,Chain processed normally
05-23-2017 02:05:19.363,DEBUG,B1D3FB685105B35DA723CACC8749DA65,SecurityContextHolder now cleared, as request processing completed
05-23-2017 02:05:39.268,DEBUG,ADD045515EDE59A5FFE5A74CCF290FBA,/0089/searchData at position 1 of 11 in additional filter chain; firing Filter: 'SecurityContextPersistenceFilter'
05-23-2017 02:05:39.268,DEBUG,ADD045515EDE59A5FFE5A74CCF290FBA,Obtained a valid SecurityContext from SPRING_SECURITY_CONTEXT: 'org.springframework.security.core.context.SecurityContextImpl@3b6f3487: Authentication: org.springframework.security.authentication.UsernamePasswordAuthenticationToken@3b6f3487: Principal: vn.bananavietnam.ict.common.auth.MyUser@c4907816: Username: U0000000001; Password: [PROTECTED]; Enabled: true; AccountNonExpired: true; credentialsNonExpired: true; AccountNonLocked: true; Granted Authorities: 1; Credentials: [PROTECTED]; Authenticated: true; Details: org.springframework.security.web.authentication.WebAuthenticationDetails@b364: RemoteIpAddress: 0:0:0:0:0:0:0:1; SessionId: ADD045515EDE59A5FFE5A74CCF290FBA; Granted Authorities: 1'
05-23-2017 02:05:39.268,DEBUG,ADD045515EDE59A5FFE5A74CCF290FBA,/0089/searchData at position 2 of 11 in additional filter chain; firing Filter: 'WebAsyncManagerIntegrationFilter'
05-23-2017 02:05:39.268,DEBUG,ADD045515EDE59A5FFE5A74CCF290FBA,/0089/searchData at position 3 of 11 in additional filter chain; firing Filter: 'LogoutFilter'
05-23-2017 02:05:39.268,DEBUG,ADD045515EDE59A5FFE5A74CCF290FBA,/0089/searchData at position 4 of 11 in additional filter chain; firing Filter: 'UsernamePasswordAuthenticationFilter'
05-23-2017 02:05:39.268,DEBUG,ADD045515EDE59A5FFE5A74CCF290FBA,/0089/searchData at position 5 of 11 in additional filter chain; firing Filter: 'BasicAuthenticationFilter'
05-23-2017 02:05:39.268,DEBUG,ADD045515EDE59A5FFE5A74CCF290FBA,/0089/searchData at position 6 of 11 in additional filter chain; firing Filter: 'RequestCacheAwareFilter'
05-23-2017 02:05:39.268,DEBUG,ADD045515EDE59A5FFE5A74CCF290FBA,/0089/searchData at position 7 of 11 in additional filter chain; firing Filter: 'SecurityContextHolderAwareRequestFilter'
05-23-2017 02:05:39.268,DEBUG,ADD045515EDE59A5FFE5A74CCF290FBA,/0089/searchData at position 8 of 11 in additional filter chain; firing Filter: 'AnonymousAuthenticationFilter'
05-23-2017 02:05:39.268,DEBUG,ADD045515EDE59A5FFE5A74CCF290FBA,SecurityContextHolder not populated with anonymous token, as it already contained: 'org.springframework.security.authentication.UsernamePasswordAuthenticationToken@3b6f3487: Principal: vn.bananavietnam.ict.common.auth.MyUser@c4907816: Username: U0000000001; Password: [PROTECTED]; Enabled: true; AccountNonExpired: true; credentialsNonExpired: true; AccountNonLocked: true; Granted Authorities: 1; Credentials: [PROTECTED]; Authenticated: true; Details: org.springframework.security.web.authentication.WebAuthenticationDetails@b364: RemoteIpAddress: 0:0:0:0:0:0:0:1; SessionId: ADD045515EDE59A5FFE5A74CCF290FBA; Granted Authorities: 1'
05-23-2017 02:05:39.268,DEBUG,ADD045515EDE59A5FFE5A74CCF290FBA,/0089/searchData at position 9 of 11 in additional filter chain; firing Filter: 'SessionManagementFilter'
05-23-2017 02:05:39.268,DEBUG,ADD045515EDE59A5FFE5A74CCF290FBA,/0089/searchData at position 10 of 11 in additional filter chain; firing Filter: 'ExceptionTranslationFilter'
05-23-2017 02:05:39.268,DEBUG,ADD045515EDE59A5FFE5A74CCF290FBA,/0089/searchData at position 11 of 11 in additional filter chain; firing Filter: 'FilterSecurityInterceptor'
05-23-2017 02:05:39.268,DEBUG,ADD045515EDE59A5FFE5A74CCF290FBA,Checking match of request : '/0089/searchdata'; against '/autherror*'
05-23-2017 02:05:39.268,DEBUG,ADD045515EDE59A5FFE5A74CCF290FBA,Checking match of request : '/0089/searchdata'; against '/login/**'
05-23-2017 02:05:39.268,DEBUG,ADD045515EDE59A5FFE5A74CCF290FBA,Checking match of request : '/0089/searchdata'; against '/error/**'
05-23-2017 02:05:39.268,DEBUG,ADD045515EDE59A5FFE5A74CCF290FBA,Checking match of request : '/0089/searchdata'; against '/0001/**'
05-23-2017 02:05:39.269,DEBUG,ADD045515EDE59A5FFE5A74CCF290FBA,Checking match of request : '/0089/searchdata'; against '/0002/**'
05-23-2017 02:05:39.269,DEBUG,ADD045515EDE59A5FFE5A74CCF290FBA,Checking match of request : '/0089/searchdata'; against '/0003/**'
05-23-2017 02:05:39.269,DEBUG,ADD045515EDE59A5FFE5A74CCF290FBA,Checking match of request : '/0089/searchdata'; against '/0005/**'
05-23-2017 02:05:39.269,DEBUG,ADD045515EDE59A5FFE5A74CCF290FBA,Checking match of request : '/0089/searchdata'; against '/0007/**'
05-23-2017 02:05:39.269,DEBUG,ADD045515EDE59A5FFE5A74CCF290FBA,Checking match of request : '/0089/searchdata'; against '/0009/**'
05-23-2017 02:05:39.269,DEBUG,ADD045515EDE59A5FFE5A74CCF290FBA,Checking match of request : '/0089/searchdata'; against '/0013/**'
05-23-2017 02:05:39.269,DEBUG,ADD045515EDE59A5FFE5A74CCF290FBA,Checking match of request : '/0089/searchdata'; against '/0023/**'
05-23-2017 02:05:39.269,DEBUG,ADD045515EDE59A5FFE5A74CCF290FBA,Checking match of request : '/0089/searchdata'; against '/0017/**'
05-23-2017 02:05:39.269,DEBUG,ADD045515EDE59A5FFE5A74CCF290FBA,Checking match of request : '/0089/searchdata'; against '/0031/**'
05-23-2017 02:05:39.269,DEBUG,ADD045515EDE59A5FFE5A74CCF290FBA,Checking match of request : '/0089/searchdata'; against '/0035/**'
05-23-2017 02:05:39.269,DEBUG,ADD045515EDE59A5FFE5A74CCF290FBA,Checking match of request : '/0089/searchdata'; against '/0037/**'
05-23-2017 02:05:39.269,DEBUG,ADD045515EDE59A5FFE5A74CCF290FBA,Checking match of request : '/0089/searchdata'; against '/0045/**'
05-23-2017 02:05:39.269,DEBUG,ADD045515EDE59A5FFE5A74CCF290FBA,Checking match of request : '/0089/searchdata'; against '/0047/**'
05-23-2017 02:05:39.269,DEBUG,ADD045515EDE59A5FFE5A74CCF290FBA,Checking match of request : '/0089/searchdata'; against '/0049/**'
05-23-2017 02:05:39.269,DEBUG,ADD045515EDE59A5FFE5A74CCF290FBA,Checking match of request : '/0089/searchdata'; against '/0061/**'
05-23-2017 02:05:39.269,DEBUG,ADD045515EDE59A5FFE5A74CCF290FBA,Checking match of request : '/0089/searchdata'; against '/0087/**'
05-23-2017 02:05:39.269,DEBUG,ADD045515EDE59A5FFE5A74CCF290FBA,Checking match of request : '/0089/searchdata'; against '/0075/**'
05-23-2017 02:05:39.269,DEBUG,ADD045515EDE59A5FFE5A74CCF290FBA,Checking match of request : '/0089/searchdata'; against '/0089/**'
05-23-2017 02:05:39.269,DEBUG,ADD045515EDE59A5FFE5A74CCF290FBA,Secure object: FilterInvocation: URL: /0089/searchData; Attributes: [ROLE_ADMIN, ROLE_USER, IS_AUTHENTICATED_FULLY]
05-23-2017 02:05:39.269,DEBUG,ADD045515EDE59A5FFE5A74CCF290FBA,Previously Authenticated: org.springframework.security.authentication.UsernamePasswordAuthenticationToken@3b6f3487: Principal: vn.bananavietnam.ict.common.auth.MyUser@c4907816: Username: U0000000001; Password: [PROTECTED]; Enabled: true; AccountNonExpired: true; credentialsNonExpired: true; AccountNonLocked: true; Granted Authorities: 1; Credentials: [PROTECTED]; Authenticated: true; Details: org.springframework.security.web.authentication.WebAuthenticationDetails@b364: RemoteIpAddress: 0:0:0:0:0:0:0:1; SessionId: ADD045515EDE59A5FFE5A74CCF290FBA; Granted Authorities: 1
05-23-2017 02:05:39.269,DEBUG,ADD045515EDE59A5FFE5A74CCF290FBA,Voter: org.springframework.security.access.vote.RoleVoter@1ac872d, returned: -1
05-23-2017 02:05:39.269,DEBUG,ADD045515EDE59A5FFE5A74CCF290FBA,Voter: org.springframework.security.access.vote.AuthenticatedVoter@b1927d, returned: 1
05-23-2017 02:05:39.269,DEBUG,ADD045515EDE59A5FFE5A74CCF290FBA,Authorization successful
05-23-2017 02:05:39.269,DEBUG,ADD045515EDE59A5FFE5A74CCF290FBA,RunAsManager did not change Authentication object
05-23-2017 02:05:39.269,DEBUG,ADD045515EDE59A5FFE5A74CCF290FBA,/0089/searchData reached end of additional filter chain; proceeding with original chain
05-23-2017 02:05:39.269,DEBUG,ADD045515EDE59A5FFE5A74CCF290FBA,Request [/ict/0089/searchData] is not a multipart request
05-23-2017 02:05:39.269,DEBUG,B1D3FB685105B35DA723CACC8749DA65,DispatcherServlet with name 'appServlet' processing POST request for [/ict/0089/searchData]
05-23-2017 02:05:39.269,DEBUG,B1D3FB685105B35DA723CACC8749DA65,Looking up handler method for path /0089/searchData
05-23-2017 02:05:39.269,DEBUG,B1D3FB685105B35DA723CACC8749DA65,Returning handler method [public java.util.List<vn.bananavietnam.ict.banana.component.Bnn0089SearchTaskResult> vn.bananavietnam.ict.banana.controller.Bnn0089SearchTaskController.searchData(vn.bananavietnam.ict.banana.component.Bnn0089SearchTaskConditions)]
05-23-2017 02:05:39.269,DEBUG,B1D3FB685105B35DA723CACC8749DA65,Returning cached instance of singleton bean 'bnn0089SearchTaskController'
05-23-2017 02:05:39.269,DEBUG,B1D3FB685105B35DA723CACC8749DA65,Returning cached instance of singleton bean 'xml_path'
05-23-2017 02:05:39.270,DEBUG,B1D3FB685105B35DA723CACC8749DA65,Read [class vn.bananavietnam.ict.banana.component.Bnn0089SearchTaskConditions] as "application/json" with [org.springframework.http.converter.json.MappingJackson2HttpMessageConverter@156f2cc]
05-23-2017 02:05:39.270,INFO ,B1D3FB685105B35DA723CACC8749DA65,U0000000001,vn.bananavietnam.ict.banana.service.Bnn0089SearchTaskService,searchData,[vn.bananavietnam.ict.banana.component.Bnn0089SearchTaskConditions@12b88a9] METHOD START
05-23-2017 02:05:39.270,DEBUG,B1D3FB685105B35DA723CACC8749DA65,Returning cached instance of singleton bean 'transactionManager'
05-23-2017 02:05:39.270,INFO ,B1D3FB685105B35DA723CACC8749DA65,U0000000001,Task searching started
05-23-2017 02:05:39.270,DEBUG,B1D3FB685105B35DA723CACC8749DA65,Creating a new SqlSession
05-23-2017 02:05:39.270,DEBUG,B1D3FB685105B35DA723CACC8749DA65,Registering transaction synchronization for SqlSession [org.apache.ibatis.session.defaults.DefaultSqlSession@1fcf0b2]
05-23-2017 02:05:39.271,DEBUG,B1D3FB685105B35DA723CACC8749DA65,Fetching JDBC Connection from DataSource
05-23-2017 02:05:39.271,DEBUG,B1D3FB685105B35DA723CACC8749DA65,Creating new JDBC DriverManager Connection to [jdbc:mysql://172.16.0.175:3306/BANANA_DB_HUNG_SELENIUM?useUnicode=yes&characterEncoding=UTF-8&autoReconnect=true]
05-23-2017 02:05:39.290,DEBUG,B1D3FB685105B35DA723CACC8749DA65,Registering transaction synchronization for JDBC Connection
05-23-2017 02:05:39.290,DEBUG,B1D3FB685105B35DA723CACC8749DA65,JDBC Connection [com.mysql.jdbc.JDBC4Connection@1acef9] will be managed by Spring
05-23-2017 02:05:39.291,DEBUG,B1D3FB685105B35DA723CACC8749DA65,==>  Preparing: SELECT T.TASK_ID taskId, T.TASK_NAME taskName, T.WORKING_DETAILS workingDetails, T.NOTE note, T.QUARANTINE_HANDLING_FLAG quarantineHandlingFlag, T.DELETE_FLAG deleteFlag, T.CHANGE_POINT_CODE changePointCode, T.LAST_UPDATE_DATE lastUpdateDate FROM IVB_M_TASK T WHERE 1 = 1 AND T.DELETE_FLAG = '0' ORDER BY T.TASK_NAME LIMIT ?,? 
05-23-2017 02:05:39.291,DEBUG,B1D3FB685105B35DA723CACC8749DA65,==> Parameters: 0(Integer), 20(Integer)
05-23-2017 02:05:39.294,DEBUG,B1D3FB685105B35DA723CACC8749DA65,<==      Total: 20
05-23-2017 02:05:39.294,DEBUG,B1D3FB685105B35DA723CACC8749DA65,Releasing transactional SqlSession [org.apache.ibatis.session.defaults.DefaultSqlSession@1fcf0b2]
05-23-2017 02:05:39.294,INFO ,B1D3FB685105B35DA723CACC8749DA65,U0000000001,SQL execution finished
05-23-2017 02:05:39.294,DEBUG,B1D3FB685105B35DA723CACC8749DA65,Fetched SqlSession [org.apache.ibatis.session.defaults.DefaultSqlSession@1fcf0b2] from current transaction
05-23-2017 02:05:39.294,DEBUG,B1D3FB685105B35DA723CACC8749DA65,==>  Preparing: SELECT COUNT(*) FROM IVB_M_TASK T WHERE 1 = 1 AND T.DELETE_FLAG = '0' ORDER BY T.TASK_ID 
05-23-2017 02:05:39.294,DEBUG,B1D3FB685105B35DA723CACC8749DA65,==> Parameters: 
05-23-2017 02:05:39.295,DEBUG,B1D3FB685105B35DA723CACC8749DA65,<==      Total: 1
05-23-2017 02:05:39.295,DEBUG,B1D3FB685105B35DA723CACC8749DA65,Releasing transactional SqlSession [org.apache.ibatis.session.defaults.DefaultSqlSession@1fcf0b2]
05-23-2017 02:05:39.295,INFO ,B1D3FB685105B35DA723CACC8749DA65,U0000000001,Task searching finished ==> 43 item(s)
05-23-2017 02:05:39.295,DEBUG,B1D3FB685105B35DA723CACC8749DA65,Transaction synchronization deregistering SqlSession [org.apache.ibatis.session.defaults.DefaultSqlSession@1fcf0b2]
05-23-2017 02:05:39.295,DEBUG,B1D3FB685105B35DA723CACC8749DA65,Transaction synchronization closing SqlSession [org.apache.ibatis.session.defaults.DefaultSqlSession@1fcf0b2]
05-23-2017 02:05:39.295,DEBUG,B1D3FB685105B35DA723CACC8749DA65,Returning JDBC Connection to DataSource
05-23-2017 02:05:39.296,INFO ,B1D3FB685105B35DA723CACC8749DA65,U0000000001,vn.bananavietnam.ict.banana.service.Bnn0089SearchTaskService,searchData,[vn.bananavietnam.ict.banana.component.Bnn0089SearchTaskConditions@12b88a9] METHOD END
05-23-2017 02:05:39.299,DEBUG,B1D3FB685105B35DA723CACC8749DA65,Written [[vn.bananavietnam.ict.banana.component.Bnn0089SearchTaskResult@1b6be4d, vn.bananavietnam.ict.banana.component.Bnn0089SearchTaskResult@87b39e, vn.bananavietnam.ict.banana.component.Bnn0089SearchTaskResult@c739c5, vn.bananavietnam.ict.banana.component.Bnn0089SearchTaskResult@1b0a87e, vn.bananavietnam.ict.banana.component.Bnn0089SearchTaskResult@1703bd3, vn.bananavietnam.ict.banana.component.Bnn0089SearchTaskResult@6672a0, vn.bananavietnam.ict.banana.component.Bnn0089SearchTaskResult@1e87a78, vn.bananavietnam.ict.banana.component.Bnn0089SearchTaskResult@197d1a3, vn.bananavietnam.ict.banana.component.Bnn0089SearchTaskResult@135cda1, vn.bananavietnam.ict.banana.component.Bnn0089SearchTaskResult@755c95, vn.bananavietnam.ict.banana.component.Bnn0089SearchTaskResult@adbd9, vn.bananavietnam.ict.banana.component.Bnn0089SearchTaskResult@12506b2, vn.bananavietnam.ict.banana.component.Bnn0089SearchTaskResult@549372, vn.bananavietnam.ict.banana.component.Bnn0089SearchTaskResult@5bfb99, vn.bananavietnam.ict.banana.component.Bnn0089SearchTaskResult@a92218, vn.bananavietnam.ict.banana.component.Bnn0089SearchTaskResult@1d4bea9, vn.bananavietnam.ict.banana.component.Bnn0089SearchTaskResult@1d365e2, vn.bananavietnam.ict.banana.component.Bnn0089SearchTaskResult@79df72, vn.bananavietnam.ict.banana.component.Bnn0089SearchTaskResult@15d8f07, vn.bananavietnam.ict.banana.component.Bnn0089SearchTaskResult@1604073]] as "application/json;charset=UTF-8" using [org.springframework.http.converter.json.MappingJackson2HttpMessageConverter@156f2cc]
05-23-2017 02:05:39.299,DEBUG,B1D3FB685105B35DA723CACC8749DA65,Null ModelAndView returned to DispatcherServlet with name 'appServlet': assuming HandlerAdapter completed request handling
05-23-2017 02:05:39.299,DEBUG,B1D3FB685105B35DA723CACC8749DA65,Successfully completed request
05-23-2017 02:05:39.299,DEBUG,B1D3FB685105B35DA723CACC8749DA65,Chain processed normally
05-23-2017 02:05:39.299,DEBUG,B1D3FB685105B35DA723CACC8749DA65,SecurityContextHolder now cleared, as request processing completed
