05-23-2017 01:07:14.149,DEBUG,0F5298D69E88CAADED97E55439A75CC0,/0089/deleteData at position 1 of 11 in additional filter chain; firing Filter: 'SecurityContextPersistenceFilter'
05-23-2017 01:07:14.149,DEBUG,0F5298D69E88CAADED97E55439A75CC0,Obtained a valid SecurityContext from SPRING_SECURITY_CONTEXT: 'org.springframework.security.core.context.SecurityContextImpl@3b6d9dcf: Authentication: org.springframework.security.authentication.UsernamePasswordAuthenticationToken@3b6d9dcf: Principal: vn.bananavietnam.ict.common.auth.MyUser@c4907816: Username: U0000000001; Password: [PROTECTED]; Enabled: true; AccountNonExpired: true; credentialsNonExpired: true; AccountNonLocked: true; Granted Authorities: 1; Credentials: [PROTECTED]; Authenticated: true; Details: org.springframework.security.web.authentication.WebAuthenticationDetails@21a2c: RemoteIpAddress: 0:0:0:0:0:0:0:1; SessionId: 0F5298D69E88CAADED97E55439A75CC0; Granted Authorities: 1'
05-23-2017 01:07:14.149,DEBUG,0F5298D69E88CAADED97E55439A75CC0,/0089/deleteData at position 2 of 11 in additional filter chain; firing Filter: 'WebAsyncManagerIntegrationFilter'
05-23-2017 01:07:14.149,DEBUG,0F5298D69E88CAADED97E55439A75CC0,/0089/deleteData at position 3 of 11 in additional filter chain; firing Filter: 'LogoutFilter'
05-23-2017 01:07:14.149,DEBUG,0F5298D69E88CAADED97E55439A75CC0,/0089/deleteData at position 4 of 11 in additional filter chain; firing Filter: 'UsernamePasswordAuthenticationFilter'
05-23-2017 01:07:14.149,DEBUG,0F5298D69E88CAADED97E55439A75CC0,/0089/deleteData at position 5 of 11 in additional filter chain; firing Filter: 'BasicAuthenticationFilter'
05-23-2017 01:07:14.150,DEBUG,0F5298D69E88CAADED97E55439A75CC0,/0089/deleteData at position 6 of 11 in additional filter chain; firing Filter: 'RequestCacheAwareFilter'
05-23-2017 01:07:14.150,DEBUG,0F5298D69E88CAADED97E55439A75CC0,/0089/deleteData at position 7 of 11 in additional filter chain; firing Filter: 'SecurityContextHolderAwareRequestFilter'
05-23-2017 01:07:14.150,DEBUG,0F5298D69E88CAADED97E55439A75CC0,/0089/deleteData at position 8 of 11 in additional filter chain; firing Filter: 'AnonymousAuthenticationFilter'
05-23-2017 01:07:14.150,DEBUG,0F5298D69E88CAADED97E55439A75CC0,SecurityContextHolder not populated with anonymous token, as it already contained: 'org.springframework.security.authentication.UsernamePasswordAuthenticationToken@3b6d9dcf: Principal: vn.bananavietnam.ict.common.auth.MyUser@c4907816: Username: U0000000001; Password: [PROTECTED]; Enabled: true; AccountNonExpired: true; credentialsNonExpired: true; AccountNonLocked: true; Granted Authorities: 1; Credentials: [PROTECTED]; Authenticated: true; Details: org.springframework.security.web.authentication.WebAuthenticationDetails@21a2c: RemoteIpAddress: 0:0:0:0:0:0:0:1; SessionId: 0F5298D69E88CAADED97E55439A75CC0; Granted Authorities: 1'
05-23-2017 01:07:14.150,DEBUG,0F5298D69E88CAADED97E55439A75CC0,/0089/deleteData at position 9 of 11 in additional filter chain; firing Filter: 'SessionManagementFilter'
05-23-2017 01:07:14.150,DEBUG,0F5298D69E88CAADED97E55439A75CC0,/0089/deleteData at position 10 of 11 in additional filter chain; firing Filter: 'ExceptionTranslationFilter'
05-23-2017 01:07:14.150,DEBUG,0F5298D69E88CAADED97E55439A75CC0,/0089/deleteData at position 11 of 11 in additional filter chain; firing Filter: 'FilterSecurityInterceptor'
05-23-2017 01:07:14.150,DEBUG,0F5298D69E88CAADED97E55439A75CC0,Checking match of request : '/0089/deletedata'; against '/autherror*'
05-23-2017 01:07:14.150,DEBUG,0F5298D69E88CAADED97E55439A75CC0,Checking match of request : '/0089/deletedata'; against '/login/**'
05-23-2017 01:07:14.150,DEBUG,0F5298D69E88CAADED97E55439A75CC0,Checking match of request : '/0089/deletedata'; against '/error/**'
05-23-2017 01:07:14.150,DEBUG,0F5298D69E88CAADED97E55439A75CC0,Checking match of request : '/0089/deletedata'; against '/0001/**'
05-23-2017 01:07:14.150,DEBUG,0F5298D69E88CAADED97E55439A75CC0,Checking match of request : '/0089/deletedata'; against '/0002/**'
05-23-2017 01:07:14.150,DEBUG,0F5298D69E88CAADED97E55439A75CC0,Checking match of request : '/0089/deletedata'; against '/0003/**'
05-23-2017 01:07:14.150,DEBUG,0F5298D69E88CAADED97E55439A75CC0,Checking match of request : '/0089/deletedata'; against '/0005/**'
05-23-2017 01:07:14.150,DEBUG,0F5298D69E88CAADED97E55439A75CC0,Checking match of request : '/0089/deletedata'; against '/0007/**'
05-23-2017 01:07:14.150,DEBUG,0F5298D69E88CAADED97E55439A75CC0,Checking match of request : '/0089/deletedata'; against '/0009/**'
05-23-2017 01:07:14.150,DEBUG,0F5298D69E88CAADED97E55439A75CC0,Checking match of request : '/0089/deletedata'; against '/0013/**'
05-23-2017 01:07:14.150,DEBUG,0F5298D69E88CAADED97E55439A75CC0,Checking match of request : '/0089/deletedata'; against '/0023/**'
05-23-2017 01:07:14.150,DEBUG,0F5298D69E88CAADED97E55439A75CC0,Checking match of request : '/0089/deletedata'; against '/0017/**'
05-23-2017 01:07:14.150,DEBUG,0F5298D69E88CAADED97E55439A75CC0,Checking match of request : '/0089/deletedata'; against '/0031/**'
05-23-2017 01:07:14.150,DEBUG,0F5298D69E88CAADED97E55439A75CC0,Checking match of request : '/0089/deletedata'; against '/0035/**'
05-23-2017 01:07:14.150,DEBUG,0F5298D69E88CAADED97E55439A75CC0,Checking match of request : '/0089/deletedata'; against '/0037/**'
05-23-2017 01:07:14.150,DEBUG,0F5298D69E88CAADED97E55439A75CC0,Checking match of request : '/0089/deletedata'; against '/0045/**'
05-23-2017 01:07:14.150,DEBUG,0F5298D69E88CAADED97E55439A75CC0,Checking match of request : '/0089/deletedata'; against '/0047/**'
05-23-2017 01:07:14.150,DEBUG,0F5298D69E88CAADED97E55439A75CC0,Checking match of request : '/0089/deletedata'; against '/0049/**'
05-23-2017 01:07:14.150,DEBUG,0F5298D69E88CAADED97E55439A75CC0,Checking match of request : '/0089/deletedata'; against '/0061/**'
05-23-2017 01:07:14.150,DEBUG,0F5298D69E88CAADED97E55439A75CC0,Checking match of request : '/0089/deletedata'; against '/0087/**'
05-23-2017 01:07:14.150,DEBUG,0F5298D69E88CAADED97E55439A75CC0,Checking match of request : '/0089/deletedata'; against '/0075/**'
05-23-2017 01:07:14.150,DEBUG,0F5298D69E88CAADED97E55439A75CC0,Checking match of request : '/0089/deletedata'; against '/0089/**'
05-23-2017 01:07:14.150,DEBUG,0F5298D69E88CAADED97E55439A75CC0,Secure object: FilterInvocation: URL: /0089/deleteData; Attributes: [ROLE_ADMIN, ROLE_USER, IS_AUTHENTICATED_FULLY]
05-23-2017 01:07:14.150,DEBUG,0F5298D69E88CAADED97E55439A75CC0,Previously Authenticated: org.springframework.security.authentication.UsernamePasswordAuthenticationToken@3b6d9dcf: Principal: vn.bananavietnam.ict.common.auth.MyUser@c4907816: Username: U0000000001; Password: [PROTECTED]; Enabled: true; AccountNonExpired: true; credentialsNonExpired: true; AccountNonLocked: true; Granted Authorities: 1; Credentials: [PROTECTED]; Authenticated: true; Details: org.springframework.security.web.authentication.WebAuthenticationDetails@21a2c: RemoteIpAddress: 0:0:0:0:0:0:0:1; SessionId: 0F5298D69E88CAADED97E55439A75CC0; Granted Authorities: 1
05-23-2017 01:07:14.150,DEBUG,0F5298D69E88CAADED97E55439A75CC0,Voter: org.springframework.security.access.vote.RoleVoter@1ac872d, returned: -1
05-23-2017 01:07:14.150,DEBUG,0F5298D69E88CAADED97E55439A75CC0,Voter: org.springframework.security.access.vote.AuthenticatedVoter@b1927d, returned: 1
05-23-2017 01:07:14.150,DEBUG,0F5298D69E88CAADED97E55439A75CC0,Authorization successful
05-23-2017 01:07:14.150,DEBUG,0F5298D69E88CAADED97E55439A75CC0,RunAsManager did not change Authentication object
05-23-2017 01:07:14.150,DEBUG,0F5298D69E88CAADED97E55439A75CC0,/0089/deleteData reached end of additional filter chain; proceeding with original chain
05-23-2017 01:07:14.150,DEBUG,0F5298D69E88CAADED97E55439A75CC0,Request [/ict/0089/deleteData] is not a multipart request
05-23-2017 01:07:14.150,DEBUG,8BDBD84FE23D07642B471554BBE73E18,DispatcherServlet with name 'appServlet' processing POST request for [/ict/0089/deleteData]
05-23-2017 01:07:14.150,DEBUG,8BDBD84FE23D07642B471554BBE73E18,Looking up handler method for path /0089/deleteData
05-23-2017 01:07:14.150,DEBUG,8BDBD84FE23D07642B471554BBE73E18,Returning handler method [public java.lang.String vn.bananavietnam.ict.banana.controller.Bnn0089SearchTaskController.deleteData(vn.bananavietnam.ict.common.db.model.IvbMTask)]
05-23-2017 01:07:14.151,DEBUG,8BDBD84FE23D07642B471554BBE73E18,Returning cached instance of singleton bean 'bnn0089SearchTaskController'
05-23-2017 01:07:14.151,DEBUG,8BDBD84FE23D07642B471554BBE73E18,Returning cached instance of singleton bean 'xml_path'
05-23-2017 01:07:14.151,DEBUG,8BDBD84FE23D07642B471554BBE73E18,Read [class vn.bananavietnam.ict.common.db.model.IvbMTask] as "application/json" with [org.springframework.http.converter.json.MappingJackson2HttpMessageConverter@156f2cc]
05-23-2017 01:07:14.151,INFO ,8BDBD84FE23D07642B471554BBE73E18,U0000000001,vn.bananavietnam.ict.banana.service.Bnn0089SearchTaskService,deleteData,[vn.bananavietnam.ict.common.db.model.IvbMTask@4483d1] METHOD START
05-23-2017 01:07:14.151,DEBUG,8BDBD84FE23D07642B471554BBE73E18,Returning cached instance of singleton bean 'transactionManager'
05-23-2017 01:07:14.151,DEBUG,8BDBD84FE23D07642B471554BBE73E18,Creating new transaction with name [null]: PROPAGATION_REQUIRED,ISOLATION_DEFAULT
05-23-2017 01:07:14.151,DEBUG,8BDBD84FE23D07642B471554BBE73E18,Creating new JDBC DriverManager Connection to [jdbc:mysql://172.16.0.175:3306/BANANA_DB_HUNG_SELENIUM?useUnicode=yes&characterEncoding=UTF-8&autoReconnect=true]
05-23-2017 01:07:18.165,ERROR,8BDBD84FE23D07642B471554BBE73E18,U0000000001,java.lang.Exception: Could not open JDBC Connection for transaction; nested exception is com.mysql.jdbc.exceptions.jdbc4.MySQLNonTransientConnectionException: Could not create connection to database server. Attempted reconnect 3 times. Giving up.
05-23-2017 01:07:18.165,INFO ,8BDBD84FE23D07642B471554BBE73E18,U0000000001,vn.bananavietnam.ict.banana.service.Bnn0089SearchTaskService,deleteData,[vn.bananavietnam.ict.common.db.model.IvbMTask@4483d1] METHOD END
05-23-2017 01:07:18.171,DEBUG,8BDBD84FE23D07642B471554BBE73E18,Written [6006] as "text/plain;charset=ISO-8859-1" using [org.springframework.http.converter.StringHttpMessageConverter@10ddb9c]
05-23-2017 01:07:18.171,DEBUG,8BDBD84FE23D07642B471554BBE73E18,Null ModelAndView returned to DispatcherServlet with name 'appServlet': assuming HandlerAdapter completed request handling
05-23-2017 01:07:18.171,DEBUG,8BDBD84FE23D07642B471554BBE73E18,Successfully completed request
05-23-2017 01:07:18.171,DEBUG,8BDBD84FE23D07642B471554BBE73E18,Chain processed normally
05-23-2017 01:07:18.171,DEBUG,8BDBD84FE23D07642B471554BBE73E18,SecurityContextHolder now cleared, as request processing completed
05-23-2017 01:07:40.746,DEBUG,0F5298D69E88CAADED97E55439A75CC0,/0089/searchData at position 1 of 11 in additional filter chain; firing Filter: 'SecurityContextPersistenceFilter'
05-23-2017 01:07:40.746,DEBUG,0F5298D69E88CAADED97E55439A75CC0,Obtained a valid SecurityContext from SPRING_SECURITY_CONTEXT: 'org.springframework.security.core.context.SecurityContextImpl@3b6d9dcf: Authentication: org.springframework.security.authentication.UsernamePasswordAuthenticationToken@3b6d9dcf: Principal: vn.bananavietnam.ict.common.auth.MyUser@c4907816: Username: U0000000001; Password: [PROTECTED]; Enabled: true; AccountNonExpired: true; credentialsNonExpired: true; AccountNonLocked: true; Granted Authorities: 1; Credentials: [PROTECTED]; Authenticated: true; Details: org.springframework.security.web.authentication.WebAuthenticationDetails@21a2c: RemoteIpAddress: 0:0:0:0:0:0:0:1; SessionId: 0F5298D69E88CAADED97E55439A75CC0; Granted Authorities: 1'
05-23-2017 01:07:40.746,DEBUG,0F5298D69E88CAADED97E55439A75CC0,/0089/searchData at position 2 of 11 in additional filter chain; firing Filter: 'WebAsyncManagerIntegrationFilter'
05-23-2017 01:07:40.746,DEBUG,0F5298D69E88CAADED97E55439A75CC0,/0089/searchData at position 3 of 11 in additional filter chain; firing Filter: 'LogoutFilter'
05-23-2017 01:07:40.746,DEBUG,0F5298D69E88CAADED97E55439A75CC0,/0089/searchData at position 4 of 11 in additional filter chain; firing Filter: 'UsernamePasswordAuthenticationFilter'
05-23-2017 01:07:40.746,DEBUG,0F5298D69E88CAADED97E55439A75CC0,/0089/searchData at position 5 of 11 in additional filter chain; firing Filter: 'BasicAuthenticationFilter'
05-23-2017 01:07:40.746,DEBUG,0F5298D69E88CAADED97E55439A75CC0,/0089/searchData at position 6 of 11 in additional filter chain; firing Filter: 'RequestCacheAwareFilter'
05-23-2017 01:07:40.746,DEBUG,0F5298D69E88CAADED97E55439A75CC0,/0089/searchData at position 7 of 11 in additional filter chain; firing Filter: 'SecurityContextHolderAwareRequestFilter'
05-23-2017 01:07:40.747,DEBUG,0F5298D69E88CAADED97E55439A75CC0,/0089/searchData at position 8 of 11 in additional filter chain; firing Filter: 'AnonymousAuthenticationFilter'
05-23-2017 01:07:40.747,DEBUG,0F5298D69E88CAADED97E55439A75CC0,SecurityContextHolder not populated with anonymous token, as it already contained: 'org.springframework.security.authentication.UsernamePasswordAuthenticationToken@3b6d9dcf: Principal: vn.bananavietnam.ict.common.auth.MyUser@c4907816: Username: U0000000001; Password: [PROTECTED]; Enabled: true; AccountNonExpired: true; credentialsNonExpired: true; AccountNonLocked: true; Granted Authorities: 1; Credentials: [PROTECTED]; Authenticated: true; Details: org.springframework.security.web.authentication.WebAuthenticationDetails@21a2c: RemoteIpAddress: 0:0:0:0:0:0:0:1; SessionId: 0F5298D69E88CAADED97E55439A75CC0; Granted Authorities: 1'
05-23-2017 01:07:40.747,DEBUG,0F5298D69E88CAADED97E55439A75CC0,/0089/searchData at position 9 of 11 in additional filter chain; firing Filter: 'SessionManagementFilter'
05-23-2017 01:07:40.747,DEBUG,0F5298D69E88CAADED97E55439A75CC0,/0089/searchData at position 10 of 11 in additional filter chain; firing Filter: 'ExceptionTranslationFilter'
05-23-2017 01:07:40.747,DEBUG,0F5298D69E88CAADED97E55439A75CC0,/0089/searchData at position 11 of 11 in additional filter chain; firing Filter: 'FilterSecurityInterceptor'
05-23-2017 01:07:40.747,DEBUG,0F5298D69E88CAADED97E55439A75CC0,Checking match of request : '/0089/searchdata'; against '/autherror*'
05-23-2017 01:07:40.747,DEBUG,0F5298D69E88CAADED97E55439A75CC0,Checking match of request : '/0089/searchdata'; against '/login/**'
05-23-2017 01:07:40.747,DEBUG,0F5298D69E88CAADED97E55439A75CC0,Checking match of request : '/0089/searchdata'; against '/error/**'
05-23-2017 01:07:40.747,DEBUG,0F5298D69E88CAADED97E55439A75CC0,Checking match of request : '/0089/searchdata'; against '/0001/**'
05-23-2017 01:07:40.747,DEBUG,0F5298D69E88CAADED97E55439A75CC0,Checking match of request : '/0089/searchdata'; against '/0002/**'
05-23-2017 01:07:40.747,DEBUG,0F5298D69E88CAADED97E55439A75CC0,Checking match of request : '/0089/searchdata'; against '/0003/**'
05-23-2017 01:07:40.747,DEBUG,0F5298D69E88CAADED97E55439A75CC0,Checking match of request : '/0089/searchdata'; against '/0005/**'
05-23-2017 01:07:40.747,DEBUG,0F5298D69E88CAADED97E55439A75CC0,Checking match of request : '/0089/searchdata'; against '/0007/**'
05-23-2017 01:07:40.747,DEBUG,0F5298D69E88CAADED97E55439A75CC0,Checking match of request : '/0089/searchdata'; against '/0009/**'
05-23-2017 01:07:40.747,DEBUG,0F5298D69E88CAADED97E55439A75CC0,Checking match of request : '/0089/searchdata'; against '/0013/**'
05-23-2017 01:07:40.747,DEBUG,0F5298D69E88CAADED97E55439A75CC0,Checking match of request : '/0089/searchdata'; against '/0023/**'
05-23-2017 01:07:40.747,DEBUG,0F5298D69E88CAADED97E55439A75CC0,Checking match of request : '/0089/searchdata'; against '/0017/**'
05-23-2017 01:07:40.747,DEBUG,0F5298D69E88CAADED97E55439A75CC0,Checking match of request : '/0089/searchdata'; against '/0031/**'
05-23-2017 01:07:40.747,DEBUG,0F5298D69E88CAADED97E55439A75CC0,Checking match of request : '/0089/searchdata'; against '/0035/**'
05-23-2017 01:07:40.747,DEBUG,0F5298D69E88CAADED97E55439A75CC0,Checking match of request : '/0089/searchdata'; against '/0037/**'
05-23-2017 01:07:40.747,DEBUG,0F5298D69E88CAADED97E55439A75CC0,Checking match of request : '/0089/searchdata'; against '/0045/**'
05-23-2017 01:07:40.747,DEBUG,0F5298D69E88CAADED97E55439A75CC0,Checking match of request : '/0089/searchdata'; against '/0047/**'
05-23-2017 01:07:40.747,DEBUG,0F5298D69E88CAADED97E55439A75CC0,Checking match of request : '/0089/searchdata'; against '/0049/**'
05-23-2017 01:07:40.747,DEBUG,0F5298D69E88CAADED97E55439A75CC0,Checking match of request : '/0089/searchdata'; against '/0061/**'
05-23-2017 01:07:40.747,DEBUG,0F5298D69E88CAADED97E55439A75CC0,Checking match of request : '/0089/searchdata'; against '/0087/**'
05-23-2017 01:07:40.747,DEBUG,0F5298D69E88CAADED97E55439A75CC0,Checking match of request : '/0089/searchdata'; against '/0075/**'
05-23-2017 01:07:40.747,DEBUG,0F5298D69E88CAADED97E55439A75CC0,Checking match of request : '/0089/searchdata'; against '/0089/**'
05-23-2017 01:07:40.747,DEBUG,0F5298D69E88CAADED97E55439A75CC0,Secure object: FilterInvocation: URL: /0089/searchData; Attributes: [ROLE_ADMIN, ROLE_USER, IS_AUTHENTICATED_FULLY]
05-23-2017 01:07:40.747,DEBUG,0F5298D69E88CAADED97E55439A75CC0,Previously Authenticated: org.springframework.security.authentication.UsernamePasswordAuthenticationToken@3b6d9dcf: Principal: vn.bananavietnam.ict.common.auth.MyUser@c4907816: Username: U0000000001; Password: [PROTECTED]; Enabled: true; AccountNonExpired: true; credentialsNonExpired: true; AccountNonLocked: true; Granted Authorities: 1; Credentials: [PROTECTED]; Authenticated: true; Details: org.springframework.security.web.authentication.WebAuthenticationDetails@21a2c: RemoteIpAddress: 0:0:0:0:0:0:0:1; SessionId: 0F5298D69E88CAADED97E55439A75CC0; Granted Authorities: 1
05-23-2017 01:07:40.747,DEBUG,0F5298D69E88CAADED97E55439A75CC0,Voter: org.springframework.security.access.vote.RoleVoter@1ac872d, returned: -1
05-23-2017 01:07:40.747,DEBUG,0F5298D69E88CAADED97E55439A75CC0,Voter: org.springframework.security.access.vote.AuthenticatedVoter@b1927d, returned: 1
05-23-2017 01:07:40.747,DEBUG,0F5298D69E88CAADED97E55439A75CC0,Authorization successful
05-23-2017 01:07:40.747,DEBUG,0F5298D69E88CAADED97E55439A75CC0,RunAsManager did not change Authentication object
05-23-2017 01:07:40.747,DEBUG,0F5298D69E88CAADED97E55439A75CC0,/0089/searchData reached end of additional filter chain; proceeding with original chain
05-23-2017 01:07:40.747,DEBUG,0F5298D69E88CAADED97E55439A75CC0,Request [/ict/0089/searchData] is not a multipart request
05-23-2017 01:07:40.747,DEBUG,8BDBD84FE23D07642B471554BBE73E18,DispatcherServlet with name 'appServlet' processing POST request for [/ict/0089/searchData]
05-23-2017 01:07:40.748,DEBUG,8BDBD84FE23D07642B471554BBE73E18,Looking up handler method for path /0089/searchData
05-23-2017 01:07:40.748,DEBUG,8BDBD84FE23D07642B471554BBE73E18,Returning handler method [public java.util.List<vn.bananavietnam.ict.banana.component.Bnn0089SearchTaskResult> vn.bananavietnam.ict.banana.controller.Bnn0089SearchTaskController.searchData(vn.bananavietnam.ict.banana.component.Bnn0089SearchTaskConditions)]
05-23-2017 01:07:40.748,DEBUG,8BDBD84FE23D07642B471554BBE73E18,Returning cached instance of singleton bean 'bnn0089SearchTaskController'
05-23-2017 01:07:40.748,DEBUG,8BDBD84FE23D07642B471554BBE73E18,Returning cached instance of singleton bean 'xml_path'
05-23-2017 01:07:40.748,DEBUG,8BDBD84FE23D07642B471554BBE73E18,Read [class vn.bananavietnam.ict.banana.component.Bnn0089SearchTaskConditions] as "application/json" with [org.springframework.http.converter.json.MappingJackson2HttpMessageConverter@156f2cc]
05-23-2017 01:07:40.748,INFO ,8BDBD84FE23D07642B471554BBE73E18,U0000000001,vn.bananavietnam.ict.banana.service.Bnn0089SearchTaskService,searchData,[vn.bananavietnam.ict.banana.component.Bnn0089SearchTaskConditions@3dce5f] METHOD START
05-23-2017 01:07:40.748,DEBUG,8BDBD84FE23D07642B471554BBE73E18,Returning cached instance of singleton bean 'transactionManager'
05-23-2017 01:07:40.749,INFO ,8BDBD84FE23D07642B471554BBE73E18,U0000000001,Task searching started
05-23-2017 01:07:40.749,DEBUG,8BDBD84FE23D07642B471554BBE73E18,Creating a new SqlSession
05-23-2017 01:07:40.749,DEBUG,8BDBD84FE23D07642B471554BBE73E18,Registering transaction synchronization for SqlSession [org.apache.ibatis.session.defaults.DefaultSqlSession@4d2c25]
05-23-2017 01:07:40.749,DEBUG,8BDBD84FE23D07642B471554BBE73E18,Fetching JDBC Connection from DataSource
05-23-2017 01:07:40.749,DEBUG,8BDBD84FE23D07642B471554BBE73E18,Creating new JDBC DriverManager Connection to [jdbc:mysql://172.16.0.175:3306/BANANA_DB_HUNG_SELENIUM?useUnicode=yes&characterEncoding=UTF-8&autoReconnect=true]
05-23-2017 01:07:40.763,DEBUG,8BDBD84FE23D07642B471554BBE73E18,Registering transaction synchronization for JDBC Connection
05-23-2017 01:07:40.764,DEBUG,8BDBD84FE23D07642B471554BBE73E18,JDBC Connection [com.mysql.jdbc.JDBC4Connection@19cf745] will be managed by Spring
05-23-2017 01:07:40.764,DEBUG,8BDBD84FE23D07642B471554BBE73E18,==>  Preparing: SELECT T.TASK_ID taskId, T.TASK_NAME taskName, T.WORKING_DETAILS workingDetails, T.NOTE note, T.QUARANTINE_HANDLING_FLAG quarantineHandlingFlag, T.DELETE_FLAG deleteFlag, T.CHANGE_POINT_CODE changePointCode, T.LAST_UPDATE_DATE lastUpdateDate FROM IVB_M_TASK T WHERE 1 = 1 AND T.DELETE_FLAG = '0' ORDER BY T.TASK_NAME LIMIT ?,? 
05-23-2017 01:07:40.764,DEBUG,8BDBD84FE23D07642B471554BBE73E18,==> Parameters: 0(Integer), 20(Integer)
05-23-2017 01:07:40.767,DEBUG,8BDBD84FE23D07642B471554BBE73E18,<==      Total: 20
05-23-2017 01:07:40.767,DEBUG,8BDBD84FE23D07642B471554BBE73E18,Releasing transactional SqlSession [org.apache.ibatis.session.defaults.DefaultSqlSession@4d2c25]
05-23-2017 01:07:40.767,INFO ,8BDBD84FE23D07642B471554BBE73E18,U0000000001,SQL execution finished
05-23-2017 01:07:40.767,DEBUG,8BDBD84FE23D07642B471554BBE73E18,Fetched SqlSession [org.apache.ibatis.session.defaults.DefaultSqlSession@4d2c25] from current transaction
05-23-2017 01:07:40.767,DEBUG,8BDBD84FE23D07642B471554BBE73E18,==>  Preparing: SELECT COUNT(*) FROM IVB_M_TASK T WHERE 1 = 1 AND T.DELETE_FLAG = '0' ORDER BY T.TASK_ID 
05-23-2017 01:07:40.767,DEBUG,8BDBD84FE23D07642B471554BBE73E18,==> Parameters: 
05-23-2017 01:07:40.768,DEBUG,8BDBD84FE23D07642B471554BBE73E18,<==      Total: 1
05-23-2017 01:07:40.768,DEBUG,8BDBD84FE23D07642B471554BBE73E18,Releasing transactional SqlSession [org.apache.ibatis.session.defaults.DefaultSqlSession@4d2c25]
05-23-2017 01:07:40.769,INFO ,8BDBD84FE23D07642B471554BBE73E18,U0000000001,Task searching finished ==> 43 item(s)
05-23-2017 01:07:40.769,DEBUG,8BDBD84FE23D07642B471554BBE73E18,Transaction synchronization deregistering SqlSession [org.apache.ibatis.session.defaults.DefaultSqlSession@4d2c25]
05-23-2017 01:07:40.769,DEBUG,8BDBD84FE23D07642B471554BBE73E18,Transaction synchronization closing SqlSession [org.apache.ibatis.session.defaults.DefaultSqlSession@4d2c25]
05-23-2017 01:07:40.769,DEBUG,8BDBD84FE23D07642B471554BBE73E18,Returning JDBC Connection to DataSource
05-23-2017 01:07:40.769,INFO ,8BDBD84FE23D07642B471554BBE73E18,U0000000001,vn.bananavietnam.ict.banana.service.Bnn0089SearchTaskService,searchData,[vn.bananavietnam.ict.banana.component.Bnn0089SearchTaskConditions@3dce5f] METHOD END
05-23-2017 01:07:40.772,DEBUG,8BDBD84FE23D07642B471554BBE73E18,Written [[vn.bananavietnam.ict.banana.component.Bnn0089SearchTaskResult@dde9cb, vn.bananavietnam.ict.banana.component.Bnn0089SearchTaskResult@10d3c35, vn.bananavietnam.ict.banana.component.Bnn0089SearchTaskResult@a05b56, vn.bananavietnam.ict.banana.component.Bnn0089SearchTaskResult@761df2, vn.bananavietnam.ict.banana.component.Bnn0089SearchTaskResult@1443646, vn.bananavietnam.ict.banana.component.Bnn0089SearchTaskResult@13e530f, vn.bananavietnam.ict.banana.component.Bnn0089SearchTaskResult@17acd95, vn.bananavietnam.ict.banana.component.Bnn0089SearchTaskResult@11dd105, vn.bananavietnam.ict.banana.component.Bnn0089SearchTaskResult@1253666, vn.bananavietnam.ict.banana.component.Bnn0089SearchTaskResult@8b5a6, vn.bananavietnam.ict.banana.component.Bnn0089SearchTaskResult@18fd9d7, vn.bananavietnam.ict.banana.component.Bnn0089SearchTaskResult@4db89a, vn.bananavietnam.ict.banana.component.Bnn0089SearchTaskResult@852fb3, vn.bananavietnam.ict.banana.component.Bnn0089SearchTaskResult@1990300, vn.bananavietnam.ict.banana.component.Bnn0089SearchTaskResult@cb3805, vn.bananavietnam.ict.banana.component.Bnn0089SearchTaskResult@115c02e, vn.bananavietnam.ict.banana.component.Bnn0089SearchTaskResult@a09c08, vn.bananavietnam.ict.banana.component.Bnn0089SearchTaskResult@134049f, vn.bananavietnam.ict.banana.component.Bnn0089SearchTaskResult@a807ac, vn.bananavietnam.ict.banana.component.Bnn0089SearchTaskResult@18ba9e7]] as "application/json;charset=UTF-8" using [org.springframework.http.converter.json.MappingJackson2HttpMessageConverter@156f2cc]
05-23-2017 01:07:40.772,DEBUG,8BDBD84FE23D07642B471554BBE73E18,Null ModelAndView returned to DispatcherServlet with name 'appServlet': assuming HandlerAdapter completed request handling
05-23-2017 01:07:40.772,DEBUG,8BDBD84FE23D07642B471554BBE73E18,Successfully completed request
05-23-2017 01:07:40.772,DEBUG,8BDBD84FE23D07642B471554BBE73E18,Chain processed normally
05-23-2017 01:07:40.772,DEBUG,8BDBD84FE23D07642B471554BBE73E18,SecurityContextHolder now cleared, as request processing completed
