05-23-2017 14:48:17.363,DEBUG,F3DFABEDA86BCBD22F8547C3C17FF4B6,/0089/searchData at position 1 of 11 in additional filter chain; firing Filter: 'SecurityContextPersistenceFilter'
05-23-2017 14:48:17.363,DEBUG,F3DFABEDA86BCBD22F8547C3C17FF4B6,Obtained a valid SecurityContext from SPRING_SECURITY_CONTEXT: 'org.springframework.security.core.context.SecurityContextImpl@3b6ee12b: Authentication: org.springframework.security.authentication.UsernamePasswordAuthenticationToken@3b6ee12b: Principal: vn.bananavietnam.ict.common.auth.MyUser@c4907816: Username: U0000000001; Password: [PROTECTED]; Enabled: true; AccountNonExpired: true; credentialsNonExpired: true; AccountNonLocked: true; Granted Authorities: 1; Credentials: [PROTECTED]; Authenticated: true; Details: org.springframework.security.web.authentication.WebAuthenticationDetails@166c8: RemoteIpAddress: 0:0:0:0:0:0:0:1; SessionId: DC9341F19CD356DC3A79D4990D6BC7CB; Granted Authorities: 1'
05-23-2017 14:48:17.363,DEBUG,F3DFABEDA86BCBD22F8547C3C17FF4B6,/0089/searchData at position 2 of 11 in additional filter chain; firing Filter: 'WebAsyncManagerIntegrationFilter'
05-23-2017 14:48:17.363,DEBUG,F3DFABEDA86BCBD22F8547C3C17FF4B6,/0089/searchData at position 3 of 11 in additional filter chain; firing Filter: 'LogoutFilter'
05-23-2017 14:48:17.363,DEBUG,F3DFABEDA86BCBD22F8547C3C17FF4B6,/0089/searchData at position 4 of 11 in additional filter chain; firing Filter: 'UsernamePasswordAuthenticationFilter'
05-23-2017 14:48:17.363,DEBUG,F3DFABEDA86BCBD22F8547C3C17FF4B6,/0089/searchData at position 5 of 11 in additional filter chain; firing Filter: 'BasicAuthenticationFilter'
05-23-2017 14:48:17.363,DEBUG,F3DFABEDA86BCBD22F8547C3C17FF4B6,/0089/searchData at position 6 of 11 in additional filter chain; firing Filter: 'RequestCacheAwareFilter'
05-23-2017 14:48:17.363,DEBUG,F3DFABEDA86BCBD22F8547C3C17FF4B6,/0089/searchData at position 7 of 11 in additional filter chain; firing Filter: 'SecurityContextHolderAwareRequestFilter'
05-23-2017 14:48:17.363,DEBUG,F3DFABEDA86BCBD22F8547C3C17FF4B6,/0089/searchData at position 8 of 11 in additional filter chain; firing Filter: 'AnonymousAuthenticationFilter'
05-23-2017 14:48:17.363,DEBUG,F3DFABEDA86BCBD22F8547C3C17FF4B6,SecurityContextHolder not populated with anonymous token, as it already contained: 'org.springframework.security.authentication.UsernamePasswordAuthenticationToken@3b6ee12b: Principal: vn.bananavietnam.ict.common.auth.MyUser@c4907816: Username: U0000000001; Password: [PROTECTED]; Enabled: true; AccountNonExpired: true; credentialsNonExpired: true; AccountNonLocked: true; Granted Authorities: 1; Credentials: [PROTECTED]; Authenticated: true; Details: org.springframework.security.web.authentication.WebAuthenticationDetails@166c8: RemoteIpAddress: 0:0:0:0:0:0:0:1; SessionId: DC9341F19CD356DC3A79D4990D6BC7CB; Granted Authorities: 1'
05-23-2017 14:48:17.363,DEBUG,F3DFABEDA86BCBD22F8547C3C17FF4B6,/0089/searchData at position 9 of 11 in additional filter chain; firing Filter: 'SessionManagementFilter'
05-23-2017 14:48:17.363,DEBUG,F3DFABEDA86BCBD22F8547C3C17FF4B6,/0089/searchData at position 10 of 11 in additional filter chain; firing Filter: 'ExceptionTranslationFilter'
05-23-2017 14:48:17.363,DEBUG,F3DFABEDA86BCBD22F8547C3C17FF4B6,/0089/searchData at position 11 of 11 in additional filter chain; firing Filter: 'FilterSecurityInterceptor'
05-23-2017 14:48:17.363,DEBUG,F3DFABEDA86BCBD22F8547C3C17FF4B6,Checking match of request : '/0089/searchdata'; against '/autherror*'
05-23-2017 14:48:17.363,DEBUG,F3DFABEDA86BCBD22F8547C3C17FF4B6,Checking match of request : '/0089/searchdata'; against '/login/**'
05-23-2017 14:48:17.363,DEBUG,F3DFABEDA86BCBD22F8547C3C17FF4B6,Checking match of request : '/0089/searchdata'; against '/error/**'
05-23-2017 14:48:17.363,DEBUG,F3DFABEDA86BCBD22F8547C3C17FF4B6,Checking match of request : '/0089/searchdata'; against '/0001/**'
05-23-2017 14:48:17.363,DEBUG,F3DFABEDA86BCBD22F8547C3C17FF4B6,Checking match of request : '/0089/searchdata'; against '/0002/**'
05-23-2017 14:48:17.363,DEBUG,F3DFABEDA86BCBD22F8547C3C17FF4B6,Checking match of request : '/0089/searchdata'; against '/0003/**'
05-23-2017 14:48:17.363,DEBUG,F3DFABEDA86BCBD22F8547C3C17FF4B6,Checking match of request : '/0089/searchdata'; against '/0005/**'
05-23-2017 14:48:17.363,DEBUG,F3DFABEDA86BCBD22F8547C3C17FF4B6,Checking match of request : '/0089/searchdata'; against '/0007/**'
05-23-2017 14:48:17.363,DEBUG,F3DFABEDA86BCBD22F8547C3C17FF4B6,Checking match of request : '/0089/searchdata'; against '/0009/**'
05-23-2017 14:48:17.364,DEBUG,F3DFABEDA86BCBD22F8547C3C17FF4B6,Checking match of request : '/0089/searchdata'; against '/0013/**'
05-23-2017 14:48:17.364,DEBUG,F3DFABEDA86BCBD22F8547C3C17FF4B6,Checking match of request : '/0089/searchdata'; against '/0023/**'
05-23-2017 14:48:17.364,DEBUG,F3DFABEDA86BCBD22F8547C3C17FF4B6,Checking match of request : '/0089/searchdata'; against '/0017/**'
05-23-2017 14:48:17.364,DEBUG,F3DFABEDA86BCBD22F8547C3C17FF4B6,Checking match of request : '/0089/searchdata'; against '/0031/**'
05-23-2017 14:48:17.364,DEBUG,F3DFABEDA86BCBD22F8547C3C17FF4B6,Checking match of request : '/0089/searchdata'; against '/0035/**'
05-23-2017 14:48:17.364,DEBUG,F3DFABEDA86BCBD22F8547C3C17FF4B6,Checking match of request : '/0089/searchdata'; against '/0037/**'
05-23-2017 14:48:17.364,DEBUG,F3DFABEDA86BCBD22F8547C3C17FF4B6,Checking match of request : '/0089/searchdata'; against '/0045/**'
05-23-2017 14:48:17.364,DEBUG,F3DFABEDA86BCBD22F8547C3C17FF4B6,Checking match of request : '/0089/searchdata'; against '/0047/**'
05-23-2017 14:48:17.364,DEBUG,F3DFABEDA86BCBD22F8547C3C17FF4B6,Checking match of request : '/0089/searchdata'; against '/0049/**'
05-23-2017 14:48:17.364,DEBUG,F3DFABEDA86BCBD22F8547C3C17FF4B6,Checking match of request : '/0089/searchdata'; against '/0061/**'
05-23-2017 14:48:17.364,DEBUG,F3DFABEDA86BCBD22F8547C3C17FF4B6,Checking match of request : '/0089/searchdata'; against '/0087/**'
05-23-2017 14:48:17.364,DEBUG,F3DFABEDA86BCBD22F8547C3C17FF4B6,Checking match of request : '/0089/searchdata'; against '/0075/**'
05-23-2017 14:48:17.364,DEBUG,F3DFABEDA86BCBD22F8547C3C17FF4B6,Checking match of request : '/0089/searchdata'; against '/0089/**'
05-23-2017 14:48:17.364,DEBUG,F3DFABEDA86BCBD22F8547C3C17FF4B6,Secure object: FilterInvocation: URL: /0089/searchData; Attributes: [ROLE_ADMIN, ROLE_USER, IS_AUTHENTICATED_FULLY]
05-23-2017 14:48:17.364,DEBUG,F3DFABEDA86BCBD22F8547C3C17FF4B6,Previously Authenticated: org.springframework.security.authentication.UsernamePasswordAuthenticationToken@3b6ee12b: Principal: vn.bananavietnam.ict.common.auth.MyUser@c4907816: Username: U0000000001; Password: [PROTECTED]; Enabled: true; AccountNonExpired: true; credentialsNonExpired: true; AccountNonLocked: true; Granted Authorities: 1; Credentials: [PROTECTED]; Authenticated: true; Details: org.springframework.security.web.authentication.WebAuthenticationDetails@166c8: RemoteIpAddress: 0:0:0:0:0:0:0:1; SessionId: DC9341F19CD356DC3A79D4990D6BC7CB; Granted Authorities: 1
05-23-2017 14:48:17.364,DEBUG,F3DFABEDA86BCBD22F8547C3C17FF4B6,Voter: org.springframework.security.access.vote.RoleVoter@1ac872d, returned: -1
05-23-2017 14:48:17.364,DEBUG,F3DFABEDA86BCBD22F8547C3C17FF4B6,Voter: org.springframework.security.access.vote.AuthenticatedVoter@b1927d, returned: 1
05-23-2017 14:48:17.364,DEBUG,F3DFABEDA86BCBD22F8547C3C17FF4B6,Authorization successful
05-23-2017 14:48:17.364,DEBUG,F3DFABEDA86BCBD22F8547C3C17FF4B6,RunAsManager did not change Authentication object
05-23-2017 14:48:17.364,DEBUG,F3DFABEDA86BCBD22F8547C3C17FF4B6,/0089/searchData reached end of additional filter chain; proceeding with original chain
05-23-2017 14:48:17.364,DEBUG,F3DFABEDA86BCBD22F8547C3C17FF4B6,Request [/ict/0089/searchData] is not a multipart request
05-23-2017 14:48:17.364,DEBUG,F3DFABEDA86BCBD22F8547C3C17FF4B6,DispatcherServlet with name 'appServlet' processing POST request for [/ict/0089/searchData]
05-23-2017 14:48:17.364,DEBUG,F3DFABEDA86BCBD22F8547C3C17FF4B6,Looking up handler method for path /0089/searchData
05-23-2017 14:48:17.364,DEBUG,F3DFABEDA86BCBD22F8547C3C17FF4B6,Returning handler method [public java.util.List<vn.bananavietnam.ict.banana.component.Bnn0089SearchTaskResult> vn.bananavietnam.ict.banana.controller.Bnn0089SearchTaskController.searchData(vn.bananavietnam.ict.banana.component.Bnn0089SearchTaskConditions)]
05-23-2017 14:48:17.364,DEBUG,F3DFABEDA86BCBD22F8547C3C17FF4B6,Returning cached instance of singleton bean 'bnn0089SearchTaskController'
05-23-2017 14:48:17.364,DEBUG,F3DFABEDA86BCBD22F8547C3C17FF4B6,Returning cached instance of singleton bean 'xml_path'
05-23-2017 14:48:17.364,DEBUG,F3DFABEDA86BCBD22F8547C3C17FF4B6,Skip CORS processing: request is from same origin
05-23-2017 14:48:17.365,DEBUG,F3DFABEDA86BCBD22F8547C3C17FF4B6,Read [class vn.bananavietnam.ict.banana.component.Bnn0089SearchTaskConditions] as "application/json" with [org.springframework.http.converter.json.MappingJackson2HttpMessageConverter@156f2cc]
05-23-2017 14:48:17.365,INFO ,F3DFABEDA86BCBD22F8547C3C17FF4B6,U0000000001,vn.bananavietnam.ict.banana.service.Bnn0089SearchTaskService,searchData,[vn.bananavietnam.ict.banana.component.Bnn0089SearchTaskConditions@9dff4d] METHOD START
05-23-2017 14:48:17.365,DEBUG,F3DFABEDA86BCBD22F8547C3C17FF4B6,Returning cached instance of singleton bean 'transactionManager'
05-23-2017 14:48:17.365,INFO ,F3DFABEDA86BCBD22F8547C3C17FF4B6,U0000000001,Task searching started
05-23-2017 14:48:17.365,DEBUG,F3DFABEDA86BCBD22F8547C3C17FF4B6,Creating a new SqlSession
05-23-2017 14:48:17.365,DEBUG,F3DFABEDA86BCBD22F8547C3C17FF4B6,Registering transaction synchronization for SqlSession [org.apache.ibatis.session.defaults.DefaultSqlSession@1aad1ee]
05-23-2017 14:48:17.365,DEBUG,F3DFABEDA86BCBD22F8547C3C17FF4B6,Fetching JDBC Connection from DataSource
05-23-2017 14:48:17.365,DEBUG,F3DFABEDA86BCBD22F8547C3C17FF4B6,Creating new JDBC DriverManager Connection to [jdbc:mysql://172.16.0.175:3306/BANANA_DB_HUNG_SELENIUM?useUnicode=yes&characterEncoding=UTF-8&autoReconnect=true]
05-23-2017 14:48:21.371,DEBUG,F3DFABEDA86BCBD22F8547C3C17FF4B6,Releasing transactional SqlSession [org.apache.ibatis.session.defaults.DefaultSqlSession@1aad1ee]
05-23-2017 14:48:21.381,ERROR,F3DFABEDA86BCBD22F8547C3C17FF4B6,U0000000001,java.lang.Exception: nested exception is org.apache.ibatis.exceptions.PersistenceException: 
05-23-2017 14:48:21.381,DEBUG,F3DFABEDA86BCBD22F8547C3C17FF4B6,Transaction synchronization deregistering SqlSession [org.apache.ibatis.session.defaults.DefaultSqlSession@1aad1ee]
05-23-2017 14:48:21.381,DEBUG,F3DFABEDA86BCBD22F8547C3C17FF4B6,Transaction synchronization closing SqlSession [org.apache.ibatis.session.defaults.DefaultSqlSession@1aad1ee]
05-23-2017 14:48:21.382,DEBUG,F3DFABEDA86BCBD22F8547C3C17FF4B6,Should roll back transaction but cannot - no transaction available
05-23-2017 14:48:21.382,INFO ,F3DFABEDA86BCBD22F8547C3C17FF4B6,U0000000001,vn.bananavietnam.ict.banana.service.Bnn0089SearchTaskService,searchData,[vn.bananavietnam.ict.banana.component.Bnn0089SearchTaskConditions@9dff4d] METHOD END
05-23-2017 14:48:21.383,DEBUG,F3DFABEDA86BCBD22F8547C3C17FF4B6,Null ModelAndView returned to DispatcherServlet with name 'appServlet': assuming HandlerAdapter completed request handling
05-23-2017 14:48:21.383,DEBUG,F3DFABEDA86BCBD22F8547C3C17FF4B6,Successfully completed request
05-23-2017 14:48:21.383,DEBUG,F3DFABEDA86BCBD22F8547C3C17FF4B6,Chain processed normally
05-23-2017 14:48:21.383,DEBUG,F3DFABEDA86BCBD22F8547C3C17FF4B6,SecurityContextHolder now cleared, as request processing completed
05-23-2017 14:48:41.606,DEBUG,F3DFABEDA86BCBD22F8547C3C17FF4B6,/0089/searchData at position 1 of 11 in additional filter chain; firing Filter: 'SecurityContextPersistenceFilter'
05-23-2017 14:48:41.606,DEBUG,F3DFABEDA86BCBD22F8547C3C17FF4B6,Obtained a valid SecurityContext from SPRING_SECURITY_CONTEXT: 'org.springframework.security.core.context.SecurityContextImpl@3b6ee12b: Authentication: org.springframework.security.authentication.UsernamePasswordAuthenticationToken@3b6ee12b: Principal: vn.bananavietnam.ict.common.auth.MyUser@c4907816: Username: U0000000001; Password: [PROTECTED]; Enabled: true; AccountNonExpired: true; credentialsNonExpired: true; AccountNonLocked: true; Granted Authorities: 1; Credentials: [PROTECTED]; Authenticated: true; Details: org.springframework.security.web.authentication.WebAuthenticationDetails@166c8: RemoteIpAddress: 0:0:0:0:0:0:0:1; SessionId: DC9341F19CD356DC3A79D4990D6BC7CB; Granted Authorities: 1'
05-23-2017 14:48:41.606,DEBUG,F3DFABEDA86BCBD22F8547C3C17FF4B6,/0089/searchData at position 2 of 11 in additional filter chain; firing Filter: 'WebAsyncManagerIntegrationFilter'
05-23-2017 14:48:41.606,DEBUG,F3DFABEDA86BCBD22F8547C3C17FF4B6,/0089/searchData at position 3 of 11 in additional filter chain; firing Filter: 'LogoutFilter'
05-23-2017 14:48:41.606,DEBUG,F3DFABEDA86BCBD22F8547C3C17FF4B6,/0089/searchData at position 4 of 11 in additional filter chain; firing Filter: 'UsernamePasswordAuthenticationFilter'
05-23-2017 14:48:41.606,DEBUG,F3DFABEDA86BCBD22F8547C3C17FF4B6,/0089/searchData at position 5 of 11 in additional filter chain; firing Filter: 'BasicAuthenticationFilter'
05-23-2017 14:48:41.606,DEBUG,F3DFABEDA86BCBD22F8547C3C17FF4B6,/0089/searchData at position 6 of 11 in additional filter chain; firing Filter: 'RequestCacheAwareFilter'
05-23-2017 14:48:41.606,DEBUG,F3DFABEDA86BCBD22F8547C3C17FF4B6,/0089/searchData at position 7 of 11 in additional filter chain; firing Filter: 'SecurityContextHolderAwareRequestFilter'
05-23-2017 14:48:41.606,DEBUG,F3DFABEDA86BCBD22F8547C3C17FF4B6,/0089/searchData at position 8 of 11 in additional filter chain; firing Filter: 'AnonymousAuthenticationFilter'
05-23-2017 14:48:41.606,DEBUG,F3DFABEDA86BCBD22F8547C3C17FF4B6,SecurityContextHolder not populated with anonymous token, as it already contained: 'org.springframework.security.authentication.UsernamePasswordAuthenticationToken@3b6ee12b: Principal: vn.bananavietnam.ict.common.auth.MyUser@c4907816: Username: U0000000001; Password: [PROTECTED]; Enabled: true; AccountNonExpired: true; credentialsNonExpired: true; AccountNonLocked: true; Granted Authorities: 1; Credentials: [PROTECTED]; Authenticated: true; Details: org.springframework.security.web.authentication.WebAuthenticationDetails@166c8: RemoteIpAddress: 0:0:0:0:0:0:0:1; SessionId: DC9341F19CD356DC3A79D4990D6BC7CB; Granted Authorities: 1'
05-23-2017 14:48:41.607,DEBUG,F3DFABEDA86BCBD22F8547C3C17FF4B6,/0089/searchData at position 9 of 11 in additional filter chain; firing Filter: 'SessionManagementFilter'
05-23-2017 14:48:41.607,DEBUG,F3DFABEDA86BCBD22F8547C3C17FF4B6,/0089/searchData at position 10 of 11 in additional filter chain; firing Filter: 'ExceptionTranslationFilter'
05-23-2017 14:48:41.607,DEBUG,F3DFABEDA86BCBD22F8547C3C17FF4B6,/0089/searchData at position 11 of 11 in additional filter chain; firing Filter: 'FilterSecurityInterceptor'
05-23-2017 14:48:41.607,DEBUG,F3DFABEDA86BCBD22F8547C3C17FF4B6,Checking match of request : '/0089/searchdata'; against '/autherror*'
05-23-2017 14:48:41.607,DEBUG,F3DFABEDA86BCBD22F8547C3C17FF4B6,Checking match of request : '/0089/searchdata'; against '/login/**'
05-23-2017 14:48:41.607,DEBUG,F3DFABEDA86BCBD22F8547C3C17FF4B6,Checking match of request : '/0089/searchdata'; against '/error/**'
05-23-2017 14:48:41.607,DEBUG,F3DFABEDA86BCBD22F8547C3C17FF4B6,Checking match of request : '/0089/searchdata'; against '/0001/**'
05-23-2017 14:48:41.607,DEBUG,F3DFABEDA86BCBD22F8547C3C17FF4B6,Checking match of request : '/0089/searchdata'; against '/0002/**'
05-23-2017 14:48:41.607,DEBUG,F3DFABEDA86BCBD22F8547C3C17FF4B6,Checking match of request : '/0089/searchdata'; against '/0003/**'
05-23-2017 14:48:41.607,DEBUG,F3DFABEDA86BCBD22F8547C3C17FF4B6,Checking match of request : '/0089/searchdata'; against '/0005/**'
05-23-2017 14:48:41.607,DEBUG,F3DFABEDA86BCBD22F8547C3C17FF4B6,Checking match of request : '/0089/searchdata'; against '/0007/**'
05-23-2017 14:48:41.607,DEBUG,F3DFABEDA86BCBD22F8547C3C17FF4B6,Checking match of request : '/0089/searchdata'; against '/0009/**'
05-23-2017 14:48:41.607,DEBUG,F3DFABEDA86BCBD22F8547C3C17FF4B6,Checking match of request : '/0089/searchdata'; against '/0013/**'
05-23-2017 14:48:41.608,DEBUG,F3DFABEDA86BCBD22F8547C3C17FF4B6,Checking match of request : '/0089/searchdata'; against '/0023/**'
05-23-2017 14:48:41.608,DEBUG,F3DFABEDA86BCBD22F8547C3C17FF4B6,Checking match of request : '/0089/searchdata'; against '/0017/**'
05-23-2017 14:48:41.608,DEBUG,F3DFABEDA86BCBD22F8547C3C17FF4B6,Checking match of request : '/0089/searchdata'; against '/0031/**'
05-23-2017 14:48:41.608,DEBUG,F3DFABEDA86BCBD22F8547C3C17FF4B6,Checking match of request : '/0089/searchdata'; against '/0035/**'
05-23-2017 14:48:41.608,DEBUG,F3DFABEDA86BCBD22F8547C3C17FF4B6,Checking match of request : '/0089/searchdata'; against '/0037/**'
05-23-2017 14:48:41.608,DEBUG,F3DFABEDA86BCBD22F8547C3C17FF4B6,Checking match of request : '/0089/searchdata'; against '/0045/**'
05-23-2017 14:48:41.608,DEBUG,F3DFABEDA86BCBD22F8547C3C17FF4B6,Checking match of request : '/0089/searchdata'; against '/0047/**'
05-23-2017 14:48:41.608,DEBUG,F3DFABEDA86BCBD22F8547C3C17FF4B6,Checking match of request : '/0089/searchdata'; against '/0049/**'
05-23-2017 14:48:41.608,DEBUG,F3DFABEDA86BCBD22F8547C3C17FF4B6,Checking match of request : '/0089/searchdata'; against '/0061/**'
05-23-2017 14:48:41.608,DEBUG,F3DFABEDA86BCBD22F8547C3C17FF4B6,Checking match of request : '/0089/searchdata'; against '/0087/**'
05-23-2017 14:48:41.608,DEBUG,F3DFABEDA86BCBD22F8547C3C17FF4B6,Checking match of request : '/0089/searchdata'; against '/0075/**'
05-23-2017 14:48:41.608,DEBUG,F3DFABEDA86BCBD22F8547C3C17FF4B6,Checking match of request : '/0089/searchdata'; against '/0089/**'
05-23-2017 14:48:41.608,DEBUG,F3DFABEDA86BCBD22F8547C3C17FF4B6,Secure object: FilterInvocation: URL: /0089/searchData; Attributes: [ROLE_ADMIN, ROLE_USER, IS_AUTHENTICATED_FULLY]
05-23-2017 14:48:41.608,DEBUG,F3DFABEDA86BCBD22F8547C3C17FF4B6,Previously Authenticated: org.springframework.security.authentication.UsernamePasswordAuthenticationToken@3b6ee12b: Principal: vn.bananavietnam.ict.common.auth.MyUser@c4907816: Username: U0000000001; Password: [PROTECTED]; Enabled: true; AccountNonExpired: true; credentialsNonExpired: true; AccountNonLocked: true; Granted Authorities: 1; Credentials: [PROTECTED]; Authenticated: true; Details: org.springframework.security.web.authentication.WebAuthenticationDetails@166c8: RemoteIpAddress: 0:0:0:0:0:0:0:1; SessionId: DC9341F19CD356DC3A79D4990D6BC7CB; Granted Authorities: 1
05-23-2017 14:48:41.608,DEBUG,F3DFABEDA86BCBD22F8547C3C17FF4B6,Voter: org.springframework.security.access.vote.RoleVoter@1ac872d, returned: -1
05-23-2017 14:48:41.609,DEBUG,F3DFABEDA86BCBD22F8547C3C17FF4B6,Voter: org.springframework.security.access.vote.AuthenticatedVoter@b1927d, returned: 1
05-23-2017 14:48:41.609,DEBUG,F3DFABEDA86BCBD22F8547C3C17FF4B6,Authorization successful
05-23-2017 14:48:41.609,DEBUG,F3DFABEDA86BCBD22F8547C3C17FF4B6,RunAsManager did not change Authentication object
05-23-2017 14:48:41.609,DEBUG,F3DFABEDA86BCBD22F8547C3C17FF4B6,/0089/searchData reached end of additional filter chain; proceeding with original chain
05-23-2017 14:48:41.609,DEBUG,F3DFABEDA86BCBD22F8547C3C17FF4B6,Request [/ict/0089/searchData] is not a multipart request
05-23-2017 14:48:41.609,DEBUG,F3DFABEDA86BCBD22F8547C3C17FF4B6,DispatcherServlet with name 'appServlet' processing POST request for [/ict/0089/searchData]
05-23-2017 14:48:41.609,DEBUG,F3DFABEDA86BCBD22F8547C3C17FF4B6,Looking up handler method for path /0089/searchData
05-23-2017 14:48:41.611,DEBUG,F3DFABEDA86BCBD22F8547C3C17FF4B6,Returning handler method [public java.util.List<vn.bananavietnam.ict.banana.component.Bnn0089SearchTaskResult> vn.bananavietnam.ict.banana.controller.Bnn0089SearchTaskController.searchData(vn.bananavietnam.ict.banana.component.Bnn0089SearchTaskConditions)]
05-23-2017 14:48:41.611,DEBUG,F3DFABEDA86BCBD22F8547C3C17FF4B6,Returning cached instance of singleton bean 'bnn0089SearchTaskController'
05-23-2017 14:48:41.611,DEBUG,F3DFABEDA86BCBD22F8547C3C17FF4B6,Returning cached instance of singleton bean 'xml_path'
05-23-2017 14:48:41.612,DEBUG,F3DFABEDA86BCBD22F8547C3C17FF4B6,Skip CORS processing: request is from same origin
05-23-2017 14:48:41.613,DEBUG,F3DFABEDA86BCBD22F8547C3C17FF4B6,Read [class vn.bananavietnam.ict.banana.component.Bnn0089SearchTaskConditions] as "application/json" with [org.springframework.http.converter.json.MappingJackson2HttpMessageConverter@156f2cc]
05-23-2017 14:48:41.614,INFO ,F3DFABEDA86BCBD22F8547C3C17FF4B6,U0000000001,vn.bananavietnam.ict.banana.service.Bnn0089SearchTaskService,searchData,[vn.bananavietnam.ict.banana.component.Bnn0089SearchTaskConditions@db8032] METHOD START
05-23-2017 14:48:41.614,DEBUG,F3DFABEDA86BCBD22F8547C3C17FF4B6,Returning cached instance of singleton bean 'transactionManager'
05-23-2017 14:48:41.614,INFO ,F3DFABEDA86BCBD22F8547C3C17FF4B6,U0000000001,Task searching started
05-23-2017 14:48:41.614,DEBUG,F3DFABEDA86BCBD22F8547C3C17FF4B6,Creating a new SqlSession
05-23-2017 14:48:41.614,DEBUG,F3DFABEDA86BCBD22F8547C3C17FF4B6,Registering transaction synchronization for SqlSession [org.apache.ibatis.session.defaults.DefaultSqlSession@10f96d0]
05-23-2017 14:48:41.614,DEBUG,F3DFABEDA86BCBD22F8547C3C17FF4B6,Fetching JDBC Connection from DataSource
05-23-2017 14:48:41.614,DEBUG,F3DFABEDA86BCBD22F8547C3C17FF4B6,Creating new JDBC DriverManager Connection to [jdbc:mysql://172.16.0.175:3306/BANANA_DB_HUNG_SELENIUM?useUnicode=yes&characterEncoding=UTF-8&autoReconnect=true]
05-23-2017 14:48:41.649,DEBUG,F3DFABEDA86BCBD22F8547C3C17FF4B6,Registering transaction synchronization for JDBC Connection
05-23-2017 14:48:41.649,DEBUG,F3DFABEDA86BCBD22F8547C3C17FF4B6,JDBC Connection [com.mysql.jdbc.JDBC4Connection@17db4d8] will be managed by Spring
05-23-2017 14:48:41.649,DEBUG,F3DFABEDA86BCBD22F8547C3C17FF4B6,==>  Preparing: SELECT T.TASK_ID taskId, T.TASK_NAME taskName, T.WORKING_DETAILS workingDetails, T.NOTE note, T.QUARANTINE_HANDLING_FLAG quarantineHandlingFlag, T.DELETE_FLAG deleteFlag, T.CHANGE_POINT_CODE changePointCode, T.LAST_UPDATE_DATE lastUpdateDate FROM IVB_M_TASK T WHERE 1 = 1 AND T.DELETE_FLAG = '0' ORDER BY T.TASK_NAME LIMIT ?,? 
05-23-2017 14:48:41.650,DEBUG,F3DFABEDA86BCBD22F8547C3C17FF4B6,==> Parameters: 0(Integer), 20(Integer)
05-23-2017 14:48:41.654,DEBUG,F3DFABEDA86BCBD22F8547C3C17FF4B6,<==      Total: 20
05-23-2017 14:48:41.654,DEBUG,F3DFABEDA86BCBD22F8547C3C17FF4B6,Releasing transactional SqlSession [org.apache.ibatis.session.defaults.DefaultSqlSession@10f96d0]
05-23-2017 14:48:41.654,INFO ,F3DFABEDA86BCBD22F8547C3C17FF4B6,U0000000001,SQL execution finished
05-23-2017 14:48:41.654,DEBUG,F3DFABEDA86BCBD22F8547C3C17FF4B6,Fetched SqlSession [org.apache.ibatis.session.defaults.DefaultSqlSession@10f96d0] from current transaction
05-23-2017 14:48:41.654,DEBUG,F3DFABEDA86BCBD22F8547C3C17FF4B6,==>  Preparing: SELECT COUNT(*) FROM IVB_M_TASK T WHERE 1 = 1 AND T.DELETE_FLAG = '0' ORDER BY T.TASK_ID 
05-23-2017 14:48:41.654,DEBUG,F3DFABEDA86BCBD22F8547C3C17FF4B6,==> Parameters: 
05-23-2017 14:48:41.659,DEBUG,F3DFABEDA86BCBD22F8547C3C17FF4B6,<==      Total: 1
05-23-2017 14:48:41.659,DEBUG,F3DFABEDA86BCBD22F8547C3C17FF4B6,Releasing transactional SqlSession [org.apache.ibatis.session.defaults.DefaultSqlSession@10f96d0]
05-23-2017 14:48:41.660,INFO ,F3DFABEDA86BCBD22F8547C3C17FF4B6,U0000000001,Task searching finished ==> 43 item(s)
05-23-2017 14:48:41.660,DEBUG,F3DFABEDA86BCBD22F8547C3C17FF4B6,Transaction synchronization deregistering SqlSession [org.apache.ibatis.session.defaults.DefaultSqlSession@10f96d0]
05-23-2017 14:48:41.660,DEBUG,F3DFABEDA86BCBD22F8547C3C17FF4B6,Transaction synchronization closing SqlSession [org.apache.ibatis.session.defaults.DefaultSqlSession@10f96d0]
05-23-2017 14:48:41.660,DEBUG,F3DFABEDA86BCBD22F8547C3C17FF4B6,Returning JDBC Connection to DataSource
05-23-2017 14:48:41.660,INFO ,F3DFABEDA86BCBD22F8547C3C17FF4B6,U0000000001,vn.bananavietnam.ict.banana.service.Bnn0089SearchTaskService,searchData,[vn.bananavietnam.ict.banana.component.Bnn0089SearchTaskConditions@db8032] METHOD END
05-23-2017 14:48:41.665,DEBUG,F3DFABEDA86BCBD22F8547C3C17FF4B6,Written [[vn.bananavietnam.ict.banana.component.Bnn0089SearchTaskResult@4df2c8, vn.bananavietnam.ict.banana.component.Bnn0089SearchTaskResult@1c78c28, vn.bananavietnam.ict.banana.component.Bnn0089SearchTaskResult@1a55a1c, vn.bananavietnam.ict.banana.component.Bnn0089SearchTaskResult@e2072e, vn.bananavietnam.ict.banana.component.Bnn0089SearchTaskResult@1107b48, vn.bananavietnam.ict.banana.component.Bnn0089SearchTaskResult@21018e, vn.bananavietnam.ict.banana.component.Bnn0089SearchTaskResult@1ebccec, vn.bananavietnam.ict.banana.component.Bnn0089SearchTaskResult@1887588, vn.bananavietnam.ict.banana.component.Bnn0089SearchTaskResult@14086ca, vn.bananavietnam.ict.banana.component.Bnn0089SearchTaskResult@173d85d, vn.bananavietnam.ict.banana.component.Bnn0089SearchTaskResult@8f9b3, vn.bananavietnam.ict.banana.component.Bnn0089SearchTaskResult@7ef74f, vn.bananavietnam.ict.banana.component.Bnn0089SearchTaskResult@11f425c, vn.bananavietnam.ict.banana.component.Bnn0089SearchTaskResult@3dd4d2, vn.bananavietnam.ict.banana.component.Bnn0089SearchTaskResult@1457587, vn.bananavietnam.ict.banana.component.Bnn0089SearchTaskResult@de2c6f, vn.bananavietnam.ict.banana.component.Bnn0089SearchTaskResult@1969a4a, vn.bananavietnam.ict.banana.component.Bnn0089SearchTaskResult@1cf54ae, vn.bananavietnam.ict.banana.component.Bnn0089SearchTaskResult@19cf95d, vn.bananavietnam.ict.banana.component.Bnn0089SearchTaskResult@1e0e15]] as "application/json;charset=UTF-8" using [org.springframework.http.converter.json.MappingJackson2HttpMessageConverter@156f2cc]
05-23-2017 14:48:41.665,DEBUG,F3DFABEDA86BCBD22F8547C3C17FF4B6,Null ModelAndView returned to DispatcherServlet with name 'appServlet': assuming HandlerAdapter completed request handling
05-23-2017 14:48:41.665,DEBUG,F3DFABEDA86BCBD22F8547C3C17FF4B6,Successfully completed request
05-23-2017 14:48:41.665,DEBUG,F3DFABEDA86BCBD22F8547C3C17FF4B6,Chain processed normally
05-23-2017 14:48:41.665,DEBUG,F3DFABEDA86BCBD22F8547C3C17FF4B6,SecurityContextHolder now cleared, as request processing completed
05-23-2017 14:48:42.841,DEBUG,F3DFABEDA86BCBD22F8547C3C17FF4B6,/0089/searchData at position 1 of 11 in additional filter chain; firing Filter: 'SecurityContextPersistenceFilter'
05-23-2017 14:48:42.841,DEBUG,F3DFABEDA86BCBD22F8547C3C17FF4B6,Obtained a valid SecurityContext from SPRING_SECURITY_CONTEXT: 'org.springframework.security.core.context.SecurityContextImpl@3b6ee12b: Authentication: org.springframework.security.authentication.UsernamePasswordAuthenticationToken@3b6ee12b: Principal: vn.bananavietnam.ict.common.auth.MyUser@c4907816: Username: U0000000001; Password: [PROTECTED]; Enabled: true; AccountNonExpired: true; credentialsNonExpired: true; AccountNonLocked: true; Granted Authorities: 1; Credentials: [PROTECTED]; Authenticated: true; Details: org.springframework.security.web.authentication.WebAuthenticationDetails@166c8: RemoteIpAddress: 0:0:0:0:0:0:0:1; SessionId: DC9341F19CD356DC3A79D4990D6BC7CB; Granted Authorities: 1'
05-23-2017 14:48:42.841,DEBUG,F3DFABEDA86BCBD22F8547C3C17FF4B6,/0089/searchData at position 2 of 11 in additional filter chain; firing Filter: 'WebAsyncManagerIntegrationFilter'
05-23-2017 14:48:42.841,DEBUG,F3DFABEDA86BCBD22F8547C3C17FF4B6,/0089/searchData at position 3 of 11 in additional filter chain; firing Filter: 'LogoutFilter'
05-23-2017 14:48:42.841,DEBUG,F3DFABEDA86BCBD22F8547C3C17FF4B6,/0089/searchData at position 4 of 11 in additional filter chain; firing Filter: 'UsernamePasswordAuthenticationFilter'
05-23-2017 14:48:42.841,DEBUG,F3DFABEDA86BCBD22F8547C3C17FF4B6,/0089/searchData at position 5 of 11 in additional filter chain; firing Filter: 'BasicAuthenticationFilter'
05-23-2017 14:48:42.841,DEBUG,F3DFABEDA86BCBD22F8547C3C17FF4B6,/0089/searchData at position 6 of 11 in additional filter chain; firing Filter: 'RequestCacheAwareFilter'
05-23-2017 14:48:42.841,DEBUG,F3DFABEDA86BCBD22F8547C3C17FF4B6,/0089/searchData at position 7 of 11 in additional filter chain; firing Filter: 'SecurityContextHolderAwareRequestFilter'
05-23-2017 14:48:42.841,DEBUG,F3DFABEDA86BCBD22F8547C3C17FF4B6,/0089/searchData at position 8 of 11 in additional filter chain; firing Filter: 'AnonymousAuthenticationFilter'
05-23-2017 14:48:42.841,DEBUG,F3DFABEDA86BCBD22F8547C3C17FF4B6,SecurityContextHolder not populated with anonymous token, as it already contained: 'org.springframework.security.authentication.UsernamePasswordAuthenticationToken@3b6ee12b: Principal: vn.bananavietnam.ict.common.auth.MyUser@c4907816: Username: U0000000001; Password: [PROTECTED]; Enabled: true; AccountNonExpired: true; credentialsNonExpired: true; AccountNonLocked: true; Granted Authorities: 1; Credentials: [PROTECTED]; Authenticated: true; Details: org.springframework.security.web.authentication.WebAuthenticationDetails@166c8: RemoteIpAddress: 0:0:0:0:0:0:0:1; SessionId: DC9341F19CD356DC3A79D4990D6BC7CB; Granted Authorities: 1'
05-23-2017 14:48:42.841,DEBUG,F3DFABEDA86BCBD22F8547C3C17FF4B6,/0089/searchData at position 9 of 11 in additional filter chain; firing Filter: 'SessionManagementFilter'
05-23-2017 14:48:42.841,DEBUG,F3DFABEDA86BCBD22F8547C3C17FF4B6,/0089/searchData at position 10 of 11 in additional filter chain; firing Filter: 'ExceptionTranslationFilter'
05-23-2017 14:48:42.841,DEBUG,F3DFABEDA86BCBD22F8547C3C17FF4B6,/0089/searchData at position 11 of 11 in additional filter chain; firing Filter: 'FilterSecurityInterceptor'
05-23-2017 14:48:42.841,DEBUG,F3DFABEDA86BCBD22F8547C3C17FF4B6,Checking match of request : '/0089/searchdata'; against '/autherror*'
05-23-2017 14:48:42.841,DEBUG,F3DFABEDA86BCBD22F8547C3C17FF4B6,Checking match of request : '/0089/searchdata'; against '/login/**'
05-23-2017 14:48:42.841,DEBUG,F3DFABEDA86BCBD22F8547C3C17FF4B6,Checking match of request : '/0089/searchdata'; against '/error/**'
05-23-2017 14:48:42.841,DEBUG,F3DFABEDA86BCBD22F8547C3C17FF4B6,Checking match of request : '/0089/searchdata'; against '/0001/**'
05-23-2017 14:48:42.841,DEBUG,F3DFABEDA86BCBD22F8547C3C17FF4B6,Checking match of request : '/0089/searchdata'; against '/0002/**'
05-23-2017 14:48:42.841,DEBUG,F3DFABEDA86BCBD22F8547C3C17FF4B6,Checking match of request : '/0089/searchdata'; against '/0003/**'
05-23-2017 14:48:42.841,DEBUG,F3DFABEDA86BCBD22F8547C3C17FF4B6,Checking match of request : '/0089/searchdata'; against '/0005/**'
05-23-2017 14:48:42.841,DEBUG,F3DFABEDA86BCBD22F8547C3C17FF4B6,Checking match of request : '/0089/searchdata'; against '/0007/**'
05-23-2017 14:48:42.841,DEBUG,F3DFABEDA86BCBD22F8547C3C17FF4B6,Checking match of request : '/0089/searchdata'; against '/0009/**'
05-23-2017 14:48:42.841,DEBUG,F3DFABEDA86BCBD22F8547C3C17FF4B6,Checking match of request : '/0089/searchdata'; against '/0013/**'
05-23-2017 14:48:42.841,DEBUG,F3DFABEDA86BCBD22F8547C3C17FF4B6,Checking match of request : '/0089/searchdata'; against '/0023/**'
05-23-2017 14:48:42.841,DEBUG,F3DFABEDA86BCBD22F8547C3C17FF4B6,Checking match of request : '/0089/searchdata'; against '/0017/**'
05-23-2017 14:48:42.841,DEBUG,F3DFABEDA86BCBD22F8547C3C17FF4B6,Checking match of request : '/0089/searchdata'; against '/0031/**'
05-23-2017 14:48:42.841,DEBUG,F3DFABEDA86BCBD22F8547C3C17FF4B6,Checking match of request : '/0089/searchdata'; against '/0035/**'
05-23-2017 14:48:42.841,DEBUG,F3DFABEDA86BCBD22F8547C3C17FF4B6,Checking match of request : '/0089/searchdata'; against '/0037/**'
05-23-2017 14:48:42.841,DEBUG,F3DFABEDA86BCBD22F8547C3C17FF4B6,Checking match of request : '/0089/searchdata'; against '/0045/**'
05-23-2017 14:48:42.841,DEBUG,F3DFABEDA86BCBD22F8547C3C17FF4B6,Checking match of request : '/0089/searchdata'; against '/0047/**'
05-23-2017 14:48:42.841,DEBUG,F3DFABEDA86BCBD22F8547C3C17FF4B6,Checking match of request : '/0089/searchdata'; against '/0049/**'
05-23-2017 14:48:42.841,DEBUG,F3DFABEDA86BCBD22F8547C3C17FF4B6,Checking match of request : '/0089/searchdata'; against '/0061/**'
05-23-2017 14:48:42.841,DEBUG,F3DFABEDA86BCBD22F8547C3C17FF4B6,Checking match of request : '/0089/searchdata'; against '/0087/**'
05-23-2017 14:48:42.841,DEBUG,F3DFABEDA86BCBD22F8547C3C17FF4B6,Checking match of request : '/0089/searchdata'; against '/0075/**'
05-23-2017 14:48:42.841,DEBUG,F3DFABEDA86BCBD22F8547C3C17FF4B6,Checking match of request : '/0089/searchdata'; against '/0089/**'
05-23-2017 14:48:42.841,DEBUG,F3DFABEDA86BCBD22F8547C3C17FF4B6,Secure object: FilterInvocation: URL: /0089/searchData; Attributes: [ROLE_ADMIN, ROLE_USER, IS_AUTHENTICATED_FULLY]
05-23-2017 14:48:42.842,DEBUG,F3DFABEDA86BCBD22F8547C3C17FF4B6,Previously Authenticated: org.springframework.security.authentication.UsernamePasswordAuthenticationToken@3b6ee12b: Principal: vn.bananavietnam.ict.common.auth.MyUser@c4907816: Username: U0000000001; Password: [PROTECTED]; Enabled: true; AccountNonExpired: true; credentialsNonExpired: true; AccountNonLocked: true; Granted Authorities: 1; Credentials: [PROTECTED]; Authenticated: true; Details: org.springframework.security.web.authentication.WebAuthenticationDetails@166c8: RemoteIpAddress: 0:0:0:0:0:0:0:1; SessionId: DC9341F19CD356DC3A79D4990D6BC7CB; Granted Authorities: 1
05-23-2017 14:48:42.842,DEBUG,F3DFABEDA86BCBD22F8547C3C17FF4B6,Voter: org.springframework.security.access.vote.RoleVoter@1ac872d, returned: -1
05-23-2017 14:48:42.842,DEBUG,F3DFABEDA86BCBD22F8547C3C17FF4B6,Voter: org.springframework.security.access.vote.AuthenticatedVoter@b1927d, returned: 1
05-23-2017 14:48:42.842,DEBUG,F3DFABEDA86BCBD22F8547C3C17FF4B6,Authorization successful
05-23-2017 14:48:42.842,DEBUG,F3DFABEDA86BCBD22F8547C3C17FF4B6,RunAsManager did not change Authentication object
05-23-2017 14:48:42.842,DEBUG,F3DFABEDA86BCBD22F8547C3C17FF4B6,/0089/searchData reached end of additional filter chain; proceeding with original chain
05-23-2017 14:48:42.842,DEBUG,F3DFABEDA86BCBD22F8547C3C17FF4B6,Request [/ict/0089/searchData] is not a multipart request
05-23-2017 14:48:42.842,DEBUG,F3DFABEDA86BCBD22F8547C3C17FF4B6,DispatcherServlet with name 'appServlet' processing POST request for [/ict/0089/searchData]
05-23-2017 14:48:42.842,DEBUG,F3DFABEDA86BCBD22F8547C3C17FF4B6,Looking up handler method for path /0089/searchData
05-23-2017 14:48:42.842,DEBUG,F3DFABEDA86BCBD22F8547C3C17FF4B6,Returning handler method [public java.util.List<vn.bananavietnam.ict.banana.component.Bnn0089SearchTaskResult> vn.bananavietnam.ict.banana.controller.Bnn0089SearchTaskController.searchData(vn.bananavietnam.ict.banana.component.Bnn0089SearchTaskConditions)]
05-23-2017 14:48:42.842,DEBUG,F3DFABEDA86BCBD22F8547C3C17FF4B6,Returning cached instance of singleton bean 'bnn0089SearchTaskController'
05-23-2017 14:48:42.842,DEBUG,F3DFABEDA86BCBD22F8547C3C17FF4B6,Returning cached instance of singleton bean 'xml_path'
05-23-2017 14:48:42.842,DEBUG,F3DFABEDA86BCBD22F8547C3C17FF4B6,Skip CORS processing: request is from same origin
05-23-2017 14:48:42.842,DEBUG,F3DFABEDA86BCBD22F8547C3C17FF4B6,Read [class vn.bananavietnam.ict.banana.component.Bnn0089SearchTaskConditions] as "application/json" with [org.springframework.http.converter.json.MappingJackson2HttpMessageConverter@156f2cc]
05-23-2017 14:48:42.843,INFO ,F3DFABEDA86BCBD22F8547C3C17FF4B6,U0000000001,vn.bananavietnam.ict.banana.service.Bnn0089SearchTaskService,searchData,[vn.bananavietnam.ict.banana.component.Bnn0089SearchTaskConditions@110410f] METHOD START
05-23-2017 14:48:42.843,DEBUG,F3DFABEDA86BCBD22F8547C3C17FF4B6,Returning cached instance of singleton bean 'transactionManager'
05-23-2017 14:48:42.843,INFO ,F3DFABEDA86BCBD22F8547C3C17FF4B6,U0000000001,Task searching started
05-23-2017 14:48:42.843,DEBUG,F3DFABEDA86BCBD22F8547C3C17FF4B6,Creating a new SqlSession
05-23-2017 14:48:42.843,DEBUG,F3DFABEDA86BCBD22F8547C3C17FF4B6,Registering transaction synchronization for SqlSession [org.apache.ibatis.session.defaults.DefaultSqlSession@1cf9594]
05-23-2017 14:48:42.843,DEBUG,F3DFABEDA86BCBD22F8547C3C17FF4B6,Fetching JDBC Connection from DataSource
05-23-2017 14:48:42.843,DEBUG,F3DFABEDA86BCBD22F8547C3C17FF4B6,Creating new JDBC DriverManager Connection to [jdbc:mysql://172.16.0.175:3306/BANANA_DB_HUNG_SELENIUM?useUnicode=yes&characterEncoding=UTF-8&autoReconnect=true]
05-23-2017 14:48:42.859,DEBUG,F3DFABEDA86BCBD22F8547C3C17FF4B6,Registering transaction synchronization for JDBC Connection
05-23-2017 14:48:42.860,DEBUG,F3DFABEDA86BCBD22F8547C3C17FF4B6,JDBC Connection [com.mysql.jdbc.JDBC4Connection@33ccac] will be managed by Spring
05-23-2017 14:48:42.860,DEBUG,F3DFABEDA86BCBD22F8547C3C17FF4B6,==>  Preparing: SELECT T.TASK_ID taskId, T.TASK_NAME taskName, T.WORKING_DETAILS workingDetails, T.NOTE note, T.QUARANTINE_HANDLING_FLAG quarantineHandlingFlag, T.DELETE_FLAG deleteFlag, T.CHANGE_POINT_CODE changePointCode, T.LAST_UPDATE_DATE lastUpdateDate FROM IVB_M_TASK T WHERE 1 = 1 AND T.DELETE_FLAG = '0' ORDER BY T.TASK_NAME LIMIT ?,? 
05-23-2017 14:48:42.860,DEBUG,F3DFABEDA86BCBD22F8547C3C17FF4B6,==> Parameters: 40(Integer), 20(Integer)
05-23-2017 14:48:42.861,DEBUG,F3DFABEDA86BCBD22F8547C3C17FF4B6,<==      Total: 3
05-23-2017 14:48:42.862,DEBUG,F3DFABEDA86BCBD22F8547C3C17FF4B6,Releasing transactional SqlSession [org.apache.ibatis.session.defaults.DefaultSqlSession@1cf9594]
05-23-2017 14:48:42.862,INFO ,F3DFABEDA86BCBD22F8547C3C17FF4B6,U0000000001,SQL execution finished
05-23-2017 14:48:42.862,DEBUG,F3DFABEDA86BCBD22F8547C3C17FF4B6,Fetched SqlSession [org.apache.ibatis.session.defaults.DefaultSqlSession@1cf9594] from current transaction
05-23-2017 14:48:42.862,DEBUG,F3DFABEDA86BCBD22F8547C3C17FF4B6,==>  Preparing: SELECT COUNT(*) FROM IVB_M_TASK T WHERE 1 = 1 AND T.DELETE_FLAG = '0' ORDER BY T.TASK_ID 
05-23-2017 14:48:42.862,DEBUG,F3DFABEDA86BCBD22F8547C3C17FF4B6,==> Parameters: 
05-23-2017 14:48:42.863,DEBUG,F3DFABEDA86BCBD22F8547C3C17FF4B6,<==      Total: 1
05-23-2017 14:48:42.863,DEBUG,F3DFABEDA86BCBD22F8547C3C17FF4B6,Releasing transactional SqlSession [org.apache.ibatis.session.defaults.DefaultSqlSession@1cf9594]
05-23-2017 14:48:42.863,INFO ,F3DFABEDA86BCBD22F8547C3C17FF4B6,U0000000001,Task searching finished ==> 43 item(s)
05-23-2017 14:48:42.863,DEBUG,F3DFABEDA86BCBD22F8547C3C17FF4B6,Transaction synchronization deregistering SqlSession [org.apache.ibatis.session.defaults.DefaultSqlSession@1cf9594]
05-23-2017 14:48:42.863,DEBUG,F3DFABEDA86BCBD22F8547C3C17FF4B6,Transaction synchronization closing SqlSession [org.apache.ibatis.session.defaults.DefaultSqlSession@1cf9594]
05-23-2017 14:48:42.863,DEBUG,F3DFABEDA86BCBD22F8547C3C17FF4B6,Returning JDBC Connection to DataSource
05-23-2017 14:48:42.863,INFO ,F3DFABEDA86BCBD22F8547C3C17FF4B6,U0000000001,vn.bananavietnam.ict.banana.service.Bnn0089SearchTaskService,searchData,[vn.bananavietnam.ict.banana.component.Bnn0089SearchTaskConditions@110410f] METHOD END
05-23-2017 14:48:42.865,DEBUG,F3DFABEDA86BCBD22F8547C3C17FF4B6,Written [[vn.bananavietnam.ict.banana.component.Bnn0089SearchTaskResult@8b131, vn.bananavietnam.ict.banana.component.Bnn0089SearchTaskResult@8ede9f, vn.bananavietnam.ict.banana.component.Bnn0089SearchTaskResult@1c660ad]] as "application/json;charset=UTF-8" using [org.springframework.http.converter.json.MappingJackson2HttpMessageConverter@156f2cc]
05-23-2017 14:48:42.865,DEBUG,F3DFABEDA86BCBD22F8547C3C17FF4B6,Null ModelAndView returned to DispatcherServlet with name 'appServlet': assuming HandlerAdapter completed request handling
05-23-2017 14:48:42.865,DEBUG,F3DFABEDA86BCBD22F8547C3C17FF4B6,Successfully completed request
05-23-2017 14:48:42.865,DEBUG,F3DFABEDA86BCBD22F8547C3C17FF4B6,Chain processed normally
05-23-2017 14:48:42.865,DEBUG,F3DFABEDA86BCBD22F8547C3C17FF4B6,SecurityContextHolder now cleared, as request processing completed
