05-23-2017 13:26:26.219,DEBUG,680A0DD3B69D333732C74271EAC793E9,/0089/searchData at position 1 of 11 in additional filter chain; firing Filter: 'SecurityContextPersistenceFilter'
05-23-2017 13:26:26.220,DEBUG,680A0DD3B69D333732C74271EAC793E9,Obtained a valid SecurityContext from SPRING_SECURITY_CONTEXT: 'org.springframework.security.core.context.SecurityContextImpl@3b6d4a73: Authentication: org.springframework.security.authentication.UsernamePasswordAuthenticationToken@3b6d4a73: Principal: vn.bananavietnam.ict.common.auth.MyUser@c4907816: Username: U0000000001; Password: [PROTECTED]; Enabled: true; AccountNonExpired: true; credentialsNonExpired: true; AccountNonLocked: true; Granted Authorities: 1; Credentials: [PROTECTED]; Authenticated: true; Details: org.springframework.security.web.authentication.WebAuthenticationDetails@2cd90: RemoteIpAddress: 0:0:0:0:0:0:0:1; SessionId: E8DC2283FAFF50F60760CA6F2D5BFC53; Granted Authorities: 1'
05-23-2017 13:26:26.220,DEBUG,680A0DD3B69D333732C74271EAC793E9,/0089/searchData at position 2 of 11 in additional filter chain; firing Filter: 'WebAsyncManagerIntegrationFilter'
05-23-2017 13:26:26.220,DEBUG,680A0DD3B69D333732C74271EAC793E9,/0089/searchData at position 3 of 11 in additional filter chain; firing Filter: 'LogoutFilter'
05-23-2017 13:26:26.220,DEBUG,680A0DD3B69D333732C74271EAC793E9,/0089/searchData at position 4 of 11 in additional filter chain; firing Filter: 'UsernamePasswordAuthenticationFilter'
05-23-2017 13:26:26.220,DEBUG,680A0DD3B69D333732C74271EAC793E9,/0089/searchData at position 5 of 11 in additional filter chain; firing Filter: 'BasicAuthenticationFilter'
05-23-2017 13:26:26.220,DEBUG,680A0DD3B69D333732C74271EAC793E9,/0089/searchData at position 6 of 11 in additional filter chain; firing Filter: 'RequestCacheAwareFilter'
05-23-2017 13:26:26.220,DEBUG,680A0DD3B69D333732C74271EAC793E9,/0089/searchData at position 7 of 11 in additional filter chain; firing Filter: 'SecurityContextHolderAwareRequestFilter'
05-23-2017 13:26:26.220,DEBUG,680A0DD3B69D333732C74271EAC793E9,/0089/searchData at position 8 of 11 in additional filter chain; firing Filter: 'AnonymousAuthenticationFilter'
05-23-2017 13:26:26.220,DEBUG,680A0DD3B69D333732C74271EAC793E9,SecurityContextHolder not populated with anonymous token, as it already contained: 'org.springframework.security.authentication.UsernamePasswordAuthenticationToken@3b6d4a73: Principal: vn.bananavietnam.ict.common.auth.MyUser@c4907816: Username: U0000000001; Password: [PROTECTED]; Enabled: true; AccountNonExpired: true; credentialsNonExpired: true; AccountNonLocked: true; Granted Authorities: 1; Credentials: [PROTECTED]; Authenticated: true; Details: org.springframework.security.web.authentication.WebAuthenticationDetails@2cd90: RemoteIpAddress: 0:0:0:0:0:0:0:1; SessionId: E8DC2283FAFF50F60760CA6F2D5BFC53; Granted Authorities: 1'
05-23-2017 13:26:26.220,DEBUG,680A0DD3B69D333732C74271EAC793E9,/0089/searchData at position 9 of 11 in additional filter chain; firing Filter: 'SessionManagementFilter'
05-23-2017 13:26:26.220,DEBUG,680A0DD3B69D333732C74271EAC793E9,/0089/searchData at position 10 of 11 in additional filter chain; firing Filter: 'ExceptionTranslationFilter'
05-23-2017 13:26:26.220,DEBUG,680A0DD3B69D333732C74271EAC793E9,/0089/searchData at position 11 of 11 in additional filter chain; firing Filter: 'FilterSecurityInterceptor'
05-23-2017 13:26:26.220,DEBUG,680A0DD3B69D333732C74271EAC793E9,Checking match of request : '/0089/searchdata'; against '/autherror*'
05-23-2017 13:26:26.220,DEBUG,680A0DD3B69D333732C74271EAC793E9,Checking match of request : '/0089/searchdata'; against '/login/**'
05-23-2017 13:26:26.220,DEBUG,680A0DD3B69D333732C74271EAC793E9,Checking match of request : '/0089/searchdata'; against '/error/**'
05-23-2017 13:26:26.220,DEBUG,680A0DD3B69D333732C74271EAC793E9,Checking match of request : '/0089/searchdata'; against '/0001/**'
05-23-2017 13:26:26.220,DEBUG,680A0DD3B69D333732C74271EAC793E9,Checking match of request : '/0089/searchdata'; against '/0002/**'
05-23-2017 13:26:26.220,DEBUG,680A0DD3B69D333732C74271EAC793E9,Checking match of request : '/0089/searchdata'; against '/0003/**'
05-23-2017 13:26:26.220,DEBUG,680A0DD3B69D333732C74271EAC793E9,Checking match of request : '/0089/searchdata'; against '/0005/**'
05-23-2017 13:26:26.220,DEBUG,680A0DD3B69D333732C74271EAC793E9,Checking match of request : '/0089/searchdata'; against '/0007/**'
05-23-2017 13:26:26.220,DEBUG,680A0DD3B69D333732C74271EAC793E9,Checking match of request : '/0089/searchdata'; against '/0009/**'
05-23-2017 13:26:26.220,DEBUG,680A0DD3B69D333732C74271EAC793E9,Checking match of request : '/0089/searchdata'; against '/0013/**'
05-23-2017 13:26:26.220,DEBUG,680A0DD3B69D333732C74271EAC793E9,Checking match of request : '/0089/searchdata'; against '/0023/**'
05-23-2017 13:26:26.220,DEBUG,680A0DD3B69D333732C74271EAC793E9,Checking match of request : '/0089/searchdata'; against '/0017/**'
05-23-2017 13:26:26.220,DEBUG,680A0DD3B69D333732C74271EAC793E9,Checking match of request : '/0089/searchdata'; against '/0031/**'
05-23-2017 13:26:26.220,DEBUG,680A0DD3B69D333732C74271EAC793E9,Checking match of request : '/0089/searchdata'; against '/0035/**'
05-23-2017 13:26:26.220,DEBUG,680A0DD3B69D333732C74271EAC793E9,Checking match of request : '/0089/searchdata'; against '/0037/**'
05-23-2017 13:26:26.220,DEBUG,680A0DD3B69D333732C74271EAC793E9,Checking match of request : '/0089/searchdata'; against '/0045/**'
05-23-2017 13:26:26.221,DEBUG,680A0DD3B69D333732C74271EAC793E9,Checking match of request : '/0089/searchdata'; against '/0047/**'
05-23-2017 13:26:26.221,DEBUG,680A0DD3B69D333732C74271EAC793E9,Checking match of request : '/0089/searchdata'; against '/0049/**'
05-23-2017 13:26:26.221,DEBUG,680A0DD3B69D333732C74271EAC793E9,Checking match of request : '/0089/searchdata'; against '/0061/**'
05-23-2017 13:26:26.221,DEBUG,680A0DD3B69D333732C74271EAC793E9,Checking match of request : '/0089/searchdata'; against '/0087/**'
05-23-2017 13:26:26.221,DEBUG,680A0DD3B69D333732C74271EAC793E9,Checking match of request : '/0089/searchdata'; against '/0075/**'
05-23-2017 13:26:26.221,DEBUG,680A0DD3B69D333732C74271EAC793E9,Checking match of request : '/0089/searchdata'; against '/0089/**'
05-23-2017 13:26:26.221,DEBUG,680A0DD3B69D333732C74271EAC793E9,Secure object: FilterInvocation: URL: /0089/searchData; Attributes: [ROLE_ADMIN, ROLE_USER, IS_AUTHENTICATED_FULLY]
05-23-2017 13:26:26.221,DEBUG,680A0DD3B69D333732C74271EAC793E9,Previously Authenticated: org.springframework.security.authentication.UsernamePasswordAuthenticationToken@3b6d4a73: Principal: vn.bananavietnam.ict.common.auth.MyUser@c4907816: Username: U0000000001; Password: [PROTECTED]; Enabled: true; AccountNonExpired: true; credentialsNonExpired: true; AccountNonLocked: true; Granted Authorities: 1; Credentials: [PROTECTED]; Authenticated: true; Details: org.springframework.security.web.authentication.WebAuthenticationDetails@2cd90: RemoteIpAddress: 0:0:0:0:0:0:0:1; SessionId: E8DC2283FAFF50F60760CA6F2D5BFC53; Granted Authorities: 1
05-23-2017 13:26:26.221,DEBUG,680A0DD3B69D333732C74271EAC793E9,Voter: org.springframework.security.access.vote.RoleVoter@1ac872d, returned: -1
05-23-2017 13:26:26.221,DEBUG,680A0DD3B69D333732C74271EAC793E9,Voter: org.springframework.security.access.vote.AuthenticatedVoter@b1927d, returned: 1
05-23-2017 13:26:26.221,DEBUG,680A0DD3B69D333732C74271EAC793E9,Authorization successful
05-23-2017 13:26:26.221,DEBUG,680A0DD3B69D333732C74271EAC793E9,RunAsManager did not change Authentication object
05-23-2017 13:26:26.221,DEBUG,680A0DD3B69D333732C74271EAC793E9,/0089/searchData reached end of additional filter chain; proceeding with original chain
05-23-2017 13:26:26.221,DEBUG,680A0DD3B69D333732C74271EAC793E9,Request [/ict/0089/searchData] is not a multipart request
05-23-2017 13:26:26.221,DEBUG,FE143F2BDD45991B1AF1BC838DFE6DAF,DispatcherServlet with name 'appServlet' processing POST request for [/ict/0089/searchData]
05-23-2017 13:26:26.221,DEBUG,FE143F2BDD45991B1AF1BC838DFE6DAF,Looking up handler method for path /0089/searchData
05-23-2017 13:26:26.221,DEBUG,FE143F2BDD45991B1AF1BC838DFE6DAF,Returning handler method [public java.util.List<vn.bananavietnam.ict.banana.component.Bnn0089SearchTaskResult> vn.bananavietnam.ict.banana.controller.Bnn0089SearchTaskController.searchData(vn.bananavietnam.ict.banana.component.Bnn0089SearchTaskConditions)]
05-23-2017 13:26:26.221,DEBUG,FE143F2BDD45991B1AF1BC838DFE6DAF,Returning cached instance of singleton bean 'bnn0089SearchTaskController'
05-23-2017 13:26:26.221,DEBUG,FE143F2BDD45991B1AF1BC838DFE6DAF,Returning cached instance of singleton bean 'xml_path'
05-23-2017 13:26:26.222,DEBUG,FE143F2BDD45991B1AF1BC838DFE6DAF,Skip CORS processing: request is from same origin
05-23-2017 13:26:26.222,DEBUG,FE143F2BDD45991B1AF1BC838DFE6DAF,Read [class vn.bananavietnam.ict.banana.component.Bnn0089SearchTaskConditions] as "application/json" with [org.springframework.http.converter.json.MappingJackson2HttpMessageConverter@156f2cc]
05-23-2017 13:26:26.222,INFO ,FE143F2BDD45991B1AF1BC838DFE6DAF,U0000000001,vn.bananavietnam.ict.banana.service.Bnn0089SearchTaskService,searchData,[vn.bananavietnam.ict.banana.component.Bnn0089SearchTaskConditions@6bca82] METHOD START
05-23-2017 13:26:26.222,DEBUG,FE143F2BDD45991B1AF1BC838DFE6DAF,Returning cached instance of singleton bean 'transactionManager'
05-23-2017 13:26:26.222,INFO ,FE143F2BDD45991B1AF1BC838DFE6DAF,U0000000001,Task searching started
05-23-2017 13:26:26.222,DEBUG,FE143F2BDD45991B1AF1BC838DFE6DAF,Creating a new SqlSession
05-23-2017 13:26:26.222,DEBUG,FE143F2BDD45991B1AF1BC838DFE6DAF,Registering transaction synchronization for SqlSession [org.apache.ibatis.session.defaults.DefaultSqlSession@6cef09]
05-23-2017 13:26:26.222,DEBUG,FE143F2BDD45991B1AF1BC838DFE6DAF,Fetching JDBC Connection from DataSource
05-23-2017 13:26:26.222,DEBUG,FE143F2BDD45991B1AF1BC838DFE6DAF,Creating new JDBC DriverManager Connection to [jdbc:mysql://172.16.0.175:3306/BANANA_DB_HUNG_SELENIUM?useUnicode=yes&characterEncoding=UTF-8&autoReconnect=true]
05-23-2017 13:26:30.228,DEBUG,FE143F2BDD45991B1AF1BC838DFE6DAF,Releasing transactional SqlSession [org.apache.ibatis.session.defaults.DefaultSqlSession@6cef09]
05-23-2017 13:26:30.240,ERROR,FE143F2BDD45991B1AF1BC838DFE6DAF,U0000000001,java.lang.Exception: nested exception is org.apache.ibatis.exceptions.PersistenceException: 
05-23-2017 13:26:30.240,DEBUG,FE143F2BDD45991B1AF1BC838DFE6DAF,Transaction synchronization deregistering SqlSession [org.apache.ibatis.session.defaults.DefaultSqlSession@6cef09]
05-23-2017 13:26:30.240,DEBUG,FE143F2BDD45991B1AF1BC838DFE6DAF,Transaction synchronization closing SqlSession [org.apache.ibatis.session.defaults.DefaultSqlSession@6cef09]
05-23-2017 13:26:30.240,DEBUG,FE143F2BDD45991B1AF1BC838DFE6DAF,Should roll back transaction but cannot - no transaction available
05-23-2017 13:26:30.240,INFO ,FE143F2BDD45991B1AF1BC838DFE6DAF,U0000000001,vn.bananavietnam.ict.banana.service.Bnn0089SearchTaskService,searchData,[vn.bananavietnam.ict.banana.component.Bnn0089SearchTaskConditions@6bca82] METHOD END
05-23-2017 13:26:30.241,DEBUG,FE143F2BDD45991B1AF1BC838DFE6DAF,Null ModelAndView returned to DispatcherServlet with name 'appServlet': assuming HandlerAdapter completed request handling
05-23-2017 13:26:30.242,DEBUG,FE143F2BDD45991B1AF1BC838DFE6DAF,Successfully completed request
05-23-2017 13:26:30.242,DEBUG,FE143F2BDD45991B1AF1BC838DFE6DAF,Chain processed normally
05-23-2017 13:26:30.242,DEBUG,FE143F2BDD45991B1AF1BC838DFE6DAF,SecurityContextHolder now cleared, as request processing completed
05-23-2017 13:26:30.255,DEBUG,FE143F2BDD45991B1AF1BC838DFE6DAF,/resources/img/icon_warning.png at position 1 of 11 in additional filter chain; firing Filter: 'SecurityContextPersistenceFilter'
05-23-2017 13:26:30.255,DEBUG,FE143F2BDD45991B1AF1BC838DFE6DAF,Obtained a valid SecurityContext from SPRING_SECURITY_CONTEXT: 'org.springframework.security.core.context.SecurityContextImpl@3b6d4a73: Authentication: org.springframework.security.authentication.UsernamePasswordAuthenticationToken@3b6d4a73: Principal: vn.bananavietnam.ict.common.auth.MyUser@c4907816: Username: U0000000001; Password: [PROTECTED]; Enabled: true; AccountNonExpired: true; credentialsNonExpired: true; AccountNonLocked: true; Granted Authorities: 1; Credentials: [PROTECTED]; Authenticated: true; Details: org.springframework.security.web.authentication.WebAuthenticationDetails@2cd90: RemoteIpAddress: 0:0:0:0:0:0:0:1; SessionId: E8DC2283FAFF50F60760CA6F2D5BFC53; Granted Authorities: 1'
05-23-2017 13:26:30.255,DEBUG,FE143F2BDD45991B1AF1BC838DFE6DAF,/resources/img/icon_warning.png at position 2 of 11 in additional filter chain; firing Filter: 'WebAsyncManagerIntegrationFilter'
05-23-2017 13:26:30.255,DEBUG,FE143F2BDD45991B1AF1BC838DFE6DAF,/resources/img/icon_warning.png at position 3 of 11 in additional filter chain; firing Filter: 'LogoutFilter'
05-23-2017 13:26:30.255,DEBUG,FE143F2BDD45991B1AF1BC838DFE6DAF,/resources/img/icon_warning.png at position 4 of 11 in additional filter chain; firing Filter: 'UsernamePasswordAuthenticationFilter'
05-23-2017 13:26:30.255,DEBUG,FE143F2BDD45991B1AF1BC838DFE6DAF,/resources/img/icon_warning.png at position 5 of 11 in additional filter chain; firing Filter: 'BasicAuthenticationFilter'
05-23-2017 13:26:30.255,DEBUG,FE143F2BDD45991B1AF1BC838DFE6DAF,/resources/img/icon_warning.png at position 6 of 11 in additional filter chain; firing Filter: 'RequestCacheAwareFilter'
05-23-2017 13:26:30.255,DEBUG,FE143F2BDD45991B1AF1BC838DFE6DAF,/resources/img/icon_warning.png at position 7 of 11 in additional filter chain; firing Filter: 'SecurityContextHolderAwareRequestFilter'
05-23-2017 13:26:30.255,DEBUG,FE143F2BDD45991B1AF1BC838DFE6DAF,/resources/img/icon_warning.png at position 8 of 11 in additional filter chain; firing Filter: 'AnonymousAuthenticationFilter'
05-23-2017 13:26:30.255,DEBUG,FE143F2BDD45991B1AF1BC838DFE6DAF,SecurityContextHolder not populated with anonymous token, as it already contained: 'org.springframework.security.authentication.UsernamePasswordAuthenticationToken@3b6d4a73: Principal: vn.bananavietnam.ict.common.auth.MyUser@c4907816: Username: U0000000001; Password: [PROTECTED]; Enabled: true; AccountNonExpired: true; credentialsNonExpired: true; AccountNonLocked: true; Granted Authorities: 1; Credentials: [PROTECTED]; Authenticated: true; Details: org.springframework.security.web.authentication.WebAuthenticationDetails@2cd90: RemoteIpAddress: 0:0:0:0:0:0:0:1; SessionId: E8DC2283FAFF50F60760CA6F2D5BFC53; Granted Authorities: 1'
05-23-2017 13:26:30.256,DEBUG,FE143F2BDD45991B1AF1BC838DFE6DAF,/resources/img/icon_warning.png at position 9 of 11 in additional filter chain; firing Filter: 'SessionManagementFilter'
05-23-2017 13:26:30.256,DEBUG,FE143F2BDD45991B1AF1BC838DFE6DAF,/resources/img/icon_warning.png at position 10 of 11 in additional filter chain; firing Filter: 'ExceptionTranslationFilter'
05-23-2017 13:26:30.256,DEBUG,FE143F2BDD45991B1AF1BC838DFE6DAF,/resources/img/icon_warning.png at position 11 of 11 in additional filter chain; firing Filter: 'FilterSecurityInterceptor'
05-23-2017 13:26:30.256,DEBUG,FE143F2BDD45991B1AF1BC838DFE6DAF,Checking match of request : '/resources/img/icon_warning.png'; against '/autherror*'
05-23-2017 13:26:30.256,DEBUG,FE143F2BDD45991B1AF1BC838DFE6DAF,Checking match of request : '/resources/img/icon_warning.png'; against '/login/**'
05-23-2017 13:26:30.256,DEBUG,FE143F2BDD45991B1AF1BC838DFE6DAF,Checking match of request : '/resources/img/icon_warning.png'; against '/error/**'
05-23-2017 13:26:30.256,DEBUG,FE143F2BDD45991B1AF1BC838DFE6DAF,Checking match of request : '/resources/img/icon_warning.png'; against '/0001/**'
05-23-2017 13:26:30.256,DEBUG,FE143F2BDD45991B1AF1BC838DFE6DAF,Checking match of request : '/resources/img/icon_warning.png'; against '/0002/**'
05-23-2017 13:26:30.256,DEBUG,FE143F2BDD45991B1AF1BC838DFE6DAF,Checking match of request : '/resources/img/icon_warning.png'; against '/0003/**'
05-23-2017 13:26:30.256,DEBUG,FE143F2BDD45991B1AF1BC838DFE6DAF,Checking match of request : '/resources/img/icon_warning.png'; against '/0005/**'
05-23-2017 13:26:30.256,DEBUG,FE143F2BDD45991B1AF1BC838DFE6DAF,Checking match of request : '/resources/img/icon_warning.png'; against '/0007/**'
05-23-2017 13:26:30.256,DEBUG,FE143F2BDD45991B1AF1BC838DFE6DAF,Checking match of request : '/resources/img/icon_warning.png'; against '/0009/**'
05-23-2017 13:26:30.256,DEBUG,FE143F2BDD45991B1AF1BC838DFE6DAF,Checking match of request : '/resources/img/icon_warning.png'; against '/0013/**'
05-23-2017 13:26:30.256,DEBUG,FE143F2BDD45991B1AF1BC838DFE6DAF,Checking match of request : '/resources/img/icon_warning.png'; against '/0023/**'
05-23-2017 13:26:30.256,DEBUG,FE143F2BDD45991B1AF1BC838DFE6DAF,Checking match of request : '/resources/img/icon_warning.png'; against '/0017/**'
05-23-2017 13:26:30.256,DEBUG,FE143F2BDD45991B1AF1BC838DFE6DAF,Checking match of request : '/resources/img/icon_warning.png'; against '/0031/**'
05-23-2017 13:26:30.256,DEBUG,FE143F2BDD45991B1AF1BC838DFE6DAF,Checking match of request : '/resources/img/icon_warning.png'; against '/0035/**'
05-23-2017 13:26:30.256,DEBUG,FE143F2BDD45991B1AF1BC838DFE6DAF,Checking match of request : '/resources/img/icon_warning.png'; against '/0037/**'
05-23-2017 13:26:30.256,DEBUG,FE143F2BDD45991B1AF1BC838DFE6DAF,Checking match of request : '/resources/img/icon_warning.png'; against '/0045/**'
05-23-2017 13:26:30.256,DEBUG,FE143F2BDD45991B1AF1BC838DFE6DAF,Checking match of request : '/resources/img/icon_warning.png'; against '/0047/**'
05-23-2017 13:26:30.256,DEBUG,FE143F2BDD45991B1AF1BC838DFE6DAF,Checking match of request : '/resources/img/icon_warning.png'; against '/0049/**'
05-23-2017 13:26:30.256,DEBUG,FE143F2BDD45991B1AF1BC838DFE6DAF,Checking match of request : '/resources/img/icon_warning.png'; against '/0061/**'
05-23-2017 13:26:30.256,DEBUG,FE143F2BDD45991B1AF1BC838DFE6DAF,Checking match of request : '/resources/img/icon_warning.png'; against '/0087/**'
05-23-2017 13:26:30.256,DEBUG,FE143F2BDD45991B1AF1BC838DFE6DAF,Checking match of request : '/resources/img/icon_warning.png'; against '/0075/**'
05-23-2017 13:26:30.256,DEBUG,FE143F2BDD45991B1AF1BC838DFE6DAF,Checking match of request : '/resources/img/icon_warning.png'; against '/0089/**'
05-23-2017 13:26:30.256,DEBUG,FE143F2BDD45991B1AF1BC838DFE6DAF,Checking match of request : '/resources/img/icon_warning.png'; against '/0090/**'
05-23-2017 13:26:30.256,DEBUG,FE143F2BDD45991B1AF1BC838DFE6DAF,Checking match of request : '/resources/img/icon_warning.png'; against '/0091/**'
05-23-2017 13:26:30.256,DEBUG,FE143F2BDD45991B1AF1BC838DFE6DAF,Checking match of request : '/resources/img/icon_warning.png'; against '/0092/**'
05-23-2017 13:26:30.256,DEBUG,FE143F2BDD45991B1AF1BC838DFE6DAF,Checking match of request : '/resources/img/icon_warning.png'; against '/0095/**'
05-23-2017 13:26:30.257,DEBUG,FE143F2BDD45991B1AF1BC838DFE6DAF,Secure object: FilterInvocation: URL: /resources/img/icon_warning.png; Attributes: [IS_AUTHENTICATED_ANONYMOUSLY]
05-23-2017 13:26:30.257,DEBUG,FE143F2BDD45991B1AF1BC838DFE6DAF,Previously Authenticated: org.springframework.security.authentication.UsernamePasswordAuthenticationToken@3b6d4a73: Principal: vn.bananavietnam.ict.common.auth.MyUser@c4907816: Username: U0000000001; Password: [PROTECTED]; Enabled: true; AccountNonExpired: true; credentialsNonExpired: true; AccountNonLocked: true; Granted Authorities: 1; Credentials: [PROTECTED]; Authenticated: true; Details: org.springframework.security.web.authentication.WebAuthenticationDetails@2cd90: RemoteIpAddress: 0:0:0:0:0:0:0:1; SessionId: E8DC2283FAFF50F60760CA6F2D5BFC53; Granted Authorities: 1
05-23-2017 13:26:30.257,DEBUG,FE143F2BDD45991B1AF1BC838DFE6DAF,Voter: org.springframework.security.access.vote.RoleVoter@1ac872d, returned: 0
05-23-2017 13:26:30.257,DEBUG,FE143F2BDD45991B1AF1BC838DFE6DAF,Voter: org.springframework.security.access.vote.AuthenticatedVoter@b1927d, returned: 1
05-23-2017 13:26:30.257,DEBUG,FE143F2BDD45991B1AF1BC838DFE6DAF,Authorization successful
05-23-2017 13:26:30.257,DEBUG,FE143F2BDD45991B1AF1BC838DFE6DAF,RunAsManager did not change Authentication object
05-23-2017 13:26:30.257,DEBUG,FE143F2BDD45991B1AF1BC838DFE6DAF,/resources/img/icon_warning.png reached end of additional filter chain; proceeding with original chain
05-23-2017 13:26:30.257,DEBUG,FE143F2BDD45991B1AF1BC838DFE6DAF,Request [/ict/resources/img/icon_warning.png] is not a multipart request
05-23-2017 13:26:30.257,DEBUG,FE143F2BDD45991B1AF1BC838DFE6DAF,DispatcherServlet with name 'appServlet' processing GET request for [/ict/resources/img/icon_warning.png]
05-23-2017 13:26:30.257,DEBUG,FE143F2BDD45991B1AF1BC838DFE6DAF,Looking up handler method for path /resources/img/icon_warning.png
05-23-2017 13:26:30.263,DEBUG,FE143F2BDD45991B1AF1BC838DFE6DAF,Did not find handler method for [/resources/img/icon_warning.png]
05-23-2017 13:26:30.263,DEBUG,FE143F2BDD45991B1AF1BC838DFE6DAF,Matching patterns for request [/resources/img/icon_warning.png] are [/resources/**]
05-23-2017 13:26:30.263,DEBUG,FE143F2BDD45991B1AF1BC838DFE6DAF,URI Template variables for request [/resources/img/icon_warning.png] are {}
05-23-2017 13:26:30.263,DEBUG,FE143F2BDD45991B1AF1BC838DFE6DAF,Mapping [/resources/img/icon_warning.png] to HandlerExecutionChain with handler [ResourceHttpRequestHandler [locations=[ServletContext resource [/resources/]], resolvers=[org.springframework.web.servlet.resource.PathResourceResolver@127e233]]] and 1 interceptor
05-23-2017 13:26:30.263,DEBUG,FE143F2BDD45991B1AF1BC838DFE6DAF,Last-Modified value for [/ict/resources/img/icon_warning.png] is: -1
05-23-2017 13:26:30.263,DEBUG,FE143F2BDD45991B1AF1BC838DFE6DAF,Returning cached instance of singleton bean 'xml_path'
05-23-2017 13:26:30.266,DEBUG,FE143F2BDD45991B1AF1BC838DFE6DAF,Null ModelAndView returned to DispatcherServlet with name 'appServlet': assuming HandlerAdapter completed request handling
05-23-2017 13:26:30.266,DEBUG,FE143F2BDD45991B1AF1BC838DFE6DAF,Successfully completed request
05-23-2017 13:26:30.266,DEBUG,FE143F2BDD45991B1AF1BC838DFE6DAF,Chain processed normally
05-23-2017 13:26:30.266,DEBUG,FE143F2BDD45991B1AF1BC838DFE6DAF,SecurityContextHolder now cleared, as request processing completed
05-23-2017 13:26:49.059,DEBUG,FE143F2BDD45991B1AF1BC838DFE6DAF,/0089/searchData at position 1 of 11 in additional filter chain; firing Filter: 'SecurityContextPersistenceFilter'
05-23-2017 13:26:49.059,DEBUG,FE143F2BDD45991B1AF1BC838DFE6DAF,Obtained a valid SecurityContext from SPRING_SECURITY_CONTEXT: 'org.springframework.security.core.context.SecurityContextImpl@3b6d4a73: Authentication: org.springframework.security.authentication.UsernamePasswordAuthenticationToken@3b6d4a73: Principal: vn.bananavietnam.ict.common.auth.MyUser@c4907816: Username: U0000000001; Password: [PROTECTED]; Enabled: true; AccountNonExpired: true; credentialsNonExpired: true; AccountNonLocked: true; Granted Authorities: 1; Credentials: [PROTECTED]; Authenticated: true; Details: org.springframework.security.web.authentication.WebAuthenticationDetails@2cd90: RemoteIpAddress: 0:0:0:0:0:0:0:1; SessionId: E8DC2283FAFF50F60760CA6F2D5BFC53; Granted Authorities: 1'
05-23-2017 13:26:49.059,DEBUG,FE143F2BDD45991B1AF1BC838DFE6DAF,/0089/searchData at position 2 of 11 in additional filter chain; firing Filter: 'WebAsyncManagerIntegrationFilter'
05-23-2017 13:26:49.059,DEBUG,FE143F2BDD45991B1AF1BC838DFE6DAF,/0089/searchData at position 3 of 11 in additional filter chain; firing Filter: 'LogoutFilter'
05-23-2017 13:26:49.059,DEBUG,FE143F2BDD45991B1AF1BC838DFE6DAF,/0089/searchData at position 4 of 11 in additional filter chain; firing Filter: 'UsernamePasswordAuthenticationFilter'
05-23-2017 13:26:49.059,DEBUG,FE143F2BDD45991B1AF1BC838DFE6DAF,/0089/searchData at position 5 of 11 in additional filter chain; firing Filter: 'BasicAuthenticationFilter'
05-23-2017 13:26:49.059,DEBUG,FE143F2BDD45991B1AF1BC838DFE6DAF,/0089/searchData at position 6 of 11 in additional filter chain; firing Filter: 'RequestCacheAwareFilter'
05-23-2017 13:26:49.059,DEBUG,FE143F2BDD45991B1AF1BC838DFE6DAF,/0089/searchData at position 7 of 11 in additional filter chain; firing Filter: 'SecurityContextHolderAwareRequestFilter'
05-23-2017 13:26:49.059,DEBUG,FE143F2BDD45991B1AF1BC838DFE6DAF,/0089/searchData at position 8 of 11 in additional filter chain; firing Filter: 'AnonymousAuthenticationFilter'
05-23-2017 13:26:49.059,DEBUG,FE143F2BDD45991B1AF1BC838DFE6DAF,SecurityContextHolder not populated with anonymous token, as it already contained: 'org.springframework.security.authentication.UsernamePasswordAuthenticationToken@3b6d4a73: Principal: vn.bananavietnam.ict.common.auth.MyUser@c4907816: Username: U0000000001; Password: [PROTECTED]; Enabled: true; AccountNonExpired: true; credentialsNonExpired: true; AccountNonLocked: true; Granted Authorities: 1; Credentials: [PROTECTED]; Authenticated: true; Details: org.springframework.security.web.authentication.WebAuthenticationDetails@2cd90: RemoteIpAddress: 0:0:0:0:0:0:0:1; SessionId: E8DC2283FAFF50F60760CA6F2D5BFC53; Granted Authorities: 1'
05-23-2017 13:26:49.059,DEBUG,FE143F2BDD45991B1AF1BC838DFE6DAF,/0089/searchData at position 9 of 11 in additional filter chain; firing Filter: 'SessionManagementFilter'
05-23-2017 13:26:49.059,DEBUG,FE143F2BDD45991B1AF1BC838DFE6DAF,/0089/searchData at position 10 of 11 in additional filter chain; firing Filter: 'ExceptionTranslationFilter'
05-23-2017 13:26:49.059,DEBUG,FE143F2BDD45991B1AF1BC838DFE6DAF,/0089/searchData at position 11 of 11 in additional filter chain; firing Filter: 'FilterSecurityInterceptor'
05-23-2017 13:26:49.059,DEBUG,FE143F2BDD45991B1AF1BC838DFE6DAF,Checking match of request : '/0089/searchdata'; against '/autherror*'
05-23-2017 13:26:49.059,DEBUG,FE143F2BDD45991B1AF1BC838DFE6DAF,Checking match of request : '/0089/searchdata'; against '/login/**'
05-23-2017 13:26:49.060,DEBUG,FE143F2BDD45991B1AF1BC838DFE6DAF,Checking match of request : '/0089/searchdata'; against '/error/**'
05-23-2017 13:26:49.060,DEBUG,FE143F2BDD45991B1AF1BC838DFE6DAF,Checking match of request : '/0089/searchdata'; against '/0001/**'
05-23-2017 13:26:49.060,DEBUG,FE143F2BDD45991B1AF1BC838DFE6DAF,Checking match of request : '/0089/searchdata'; against '/0002/**'
05-23-2017 13:26:49.060,DEBUG,FE143F2BDD45991B1AF1BC838DFE6DAF,Checking match of request : '/0089/searchdata'; against '/0003/**'
05-23-2017 13:26:49.060,DEBUG,FE143F2BDD45991B1AF1BC838DFE6DAF,Checking match of request : '/0089/searchdata'; against '/0005/**'
05-23-2017 13:26:49.060,DEBUG,FE143F2BDD45991B1AF1BC838DFE6DAF,Checking match of request : '/0089/searchdata'; against '/0007/**'
05-23-2017 13:26:49.060,DEBUG,FE143F2BDD45991B1AF1BC838DFE6DAF,Checking match of request : '/0089/searchdata'; against '/0009/**'
05-23-2017 13:26:49.060,DEBUG,FE143F2BDD45991B1AF1BC838DFE6DAF,Checking match of request : '/0089/searchdata'; against '/0013/**'
05-23-2017 13:26:49.060,DEBUG,FE143F2BDD45991B1AF1BC838DFE6DAF,Checking match of request : '/0089/searchdata'; against '/0023/**'
05-23-2017 13:26:49.060,DEBUG,FE143F2BDD45991B1AF1BC838DFE6DAF,Checking match of request : '/0089/searchdata'; against '/0017/**'
05-23-2017 13:26:49.060,DEBUG,FE143F2BDD45991B1AF1BC838DFE6DAF,Checking match of request : '/0089/searchdata'; against '/0031/**'
05-23-2017 13:26:49.060,DEBUG,FE143F2BDD45991B1AF1BC838DFE6DAF,Checking match of request : '/0089/searchdata'; against '/0035/**'
05-23-2017 13:26:49.060,DEBUG,FE143F2BDD45991B1AF1BC838DFE6DAF,Checking match of request : '/0089/searchdata'; against '/0037/**'
05-23-2017 13:26:49.060,DEBUG,FE143F2BDD45991B1AF1BC838DFE6DAF,Checking match of request : '/0089/searchdata'; against '/0045/**'
05-23-2017 13:26:49.060,DEBUG,FE143F2BDD45991B1AF1BC838DFE6DAF,Checking match of request : '/0089/searchdata'; against '/0047/**'
05-23-2017 13:26:49.060,DEBUG,FE143F2BDD45991B1AF1BC838DFE6DAF,Checking match of request : '/0089/searchdata'; against '/0049/**'
05-23-2017 13:26:49.060,DEBUG,FE143F2BDD45991B1AF1BC838DFE6DAF,Checking match of request : '/0089/searchdata'; against '/0061/**'
05-23-2017 13:26:49.060,DEBUG,FE143F2BDD45991B1AF1BC838DFE6DAF,Checking match of request : '/0089/searchdata'; against '/0087/**'
05-23-2017 13:26:49.060,DEBUG,FE143F2BDD45991B1AF1BC838DFE6DAF,Checking match of request : '/0089/searchdata'; against '/0075/**'
05-23-2017 13:26:49.060,DEBUG,FE143F2BDD45991B1AF1BC838DFE6DAF,Checking match of request : '/0089/searchdata'; against '/0089/**'
05-23-2017 13:26:49.060,DEBUG,FE143F2BDD45991B1AF1BC838DFE6DAF,Secure object: FilterInvocation: URL: /0089/searchData; Attributes: [ROLE_ADMIN, ROLE_USER, IS_AUTHENTICATED_FULLY]
05-23-2017 13:26:49.060,DEBUG,FE143F2BDD45991B1AF1BC838DFE6DAF,Previously Authenticated: org.springframework.security.authentication.UsernamePasswordAuthenticationToken@3b6d4a73: Principal: vn.bananavietnam.ict.common.auth.MyUser@c4907816: Username: U0000000001; Password: [PROTECTED]; Enabled: true; AccountNonExpired: true; credentialsNonExpired: true; AccountNonLocked: true; Granted Authorities: 1; Credentials: [PROTECTED]; Authenticated: true; Details: org.springframework.security.web.authentication.WebAuthenticationDetails@2cd90: RemoteIpAddress: 0:0:0:0:0:0:0:1; SessionId: E8DC2283FAFF50F60760CA6F2D5BFC53; Granted Authorities: 1
05-23-2017 13:26:49.060,DEBUG,FE143F2BDD45991B1AF1BC838DFE6DAF,Voter: org.springframework.security.access.vote.RoleVoter@1ac872d, returned: -1
05-23-2017 13:26:49.060,DEBUG,FE143F2BDD45991B1AF1BC838DFE6DAF,Voter: org.springframework.security.access.vote.AuthenticatedVoter@b1927d, returned: 1
05-23-2017 13:26:49.060,DEBUG,FE143F2BDD45991B1AF1BC838DFE6DAF,Authorization successful
05-23-2017 13:26:49.060,DEBUG,FE143F2BDD45991B1AF1BC838DFE6DAF,RunAsManager did not change Authentication object
05-23-2017 13:26:49.060,DEBUG,FE143F2BDD45991B1AF1BC838DFE6DAF,/0089/searchData reached end of additional filter chain; proceeding with original chain
05-23-2017 13:26:49.060,DEBUG,FE143F2BDD45991B1AF1BC838DFE6DAF,Request [/ict/0089/searchData] is not a multipart request
05-23-2017 13:26:49.060,DEBUG,FE143F2BDD45991B1AF1BC838DFE6DAF,DispatcherServlet with name 'appServlet' processing POST request for [/ict/0089/searchData]
05-23-2017 13:26:49.060,DEBUG,FE143F2BDD45991B1AF1BC838DFE6DAF,Looking up handler method for path /0089/searchData
05-23-2017 13:26:49.060,DEBUG,FE143F2BDD45991B1AF1BC838DFE6DAF,Returning handler method [public java.util.List<vn.bananavietnam.ict.banana.component.Bnn0089SearchTaskResult> vn.bananavietnam.ict.banana.controller.Bnn0089SearchTaskController.searchData(vn.bananavietnam.ict.banana.component.Bnn0089SearchTaskConditions)]
05-23-2017 13:26:49.060,DEBUG,FE143F2BDD45991B1AF1BC838DFE6DAF,Returning cached instance of singleton bean 'bnn0089SearchTaskController'
05-23-2017 13:26:49.060,DEBUG,FE143F2BDD45991B1AF1BC838DFE6DAF,Returning cached instance of singleton bean 'xml_path'
05-23-2017 13:26:49.061,DEBUG,FE143F2BDD45991B1AF1BC838DFE6DAF,Skip CORS processing: request is from same origin
05-23-2017 13:26:49.061,DEBUG,FE143F2BDD45991B1AF1BC838DFE6DAF,Read [class vn.bananavietnam.ict.banana.component.Bnn0089SearchTaskConditions] as "application/json" with [org.springframework.http.converter.json.MappingJackson2HttpMessageConverter@156f2cc]
05-23-2017 13:26:49.061,INFO ,FE143F2BDD45991B1AF1BC838DFE6DAF,U0000000001,vn.bananavietnam.ict.banana.service.Bnn0089SearchTaskService,searchData,[vn.bananavietnam.ict.banana.component.Bnn0089SearchTaskConditions@1e726ee] METHOD START
05-23-2017 13:26:49.061,DEBUG,FE143F2BDD45991B1AF1BC838DFE6DAF,Returning cached instance of singleton bean 'transactionManager'
05-23-2017 13:26:49.061,INFO ,FE143F2BDD45991B1AF1BC838DFE6DAF,U0000000001,Task searching started
05-23-2017 13:26:49.061,DEBUG,FE143F2BDD45991B1AF1BC838DFE6DAF,Creating a new SqlSession
05-23-2017 13:26:49.062,DEBUG,FE143F2BDD45991B1AF1BC838DFE6DAF,Registering transaction synchronization for SqlSession [org.apache.ibatis.session.defaults.DefaultSqlSession@8c559c]
05-23-2017 13:26:49.062,DEBUG,FE143F2BDD45991B1AF1BC838DFE6DAF,Fetching JDBC Connection from DataSource
05-23-2017 13:26:49.062,DEBUG,FE143F2BDD45991B1AF1BC838DFE6DAF,Creating new JDBC DriverManager Connection to [jdbc:mysql://172.16.0.175:3306/BANANA_DB_HUNG_SELENIUM?useUnicode=yes&characterEncoding=UTF-8&autoReconnect=true]
05-23-2017 13:26:49.081,DEBUG,FE143F2BDD45991B1AF1BC838DFE6DAF,Registering transaction synchronization for JDBC Connection
05-23-2017 13:26:49.081,DEBUG,FE143F2BDD45991B1AF1BC838DFE6DAF,JDBC Connection [com.mysql.jdbc.JDBC4Connection@10e0abe] will be managed by Spring
05-23-2017 13:26:49.081,DEBUG,FE143F2BDD45991B1AF1BC838DFE6DAF,==>  Preparing: SELECT T.TASK_ID taskId, T.TASK_NAME taskName, T.WORKING_DETAILS workingDetails, T.NOTE note, T.QUARANTINE_HANDLING_FLAG quarantineHandlingFlag, T.DELETE_FLAG deleteFlag, T.CHANGE_POINT_CODE changePointCode, T.LAST_UPDATE_DATE lastUpdateDate FROM IVB_M_TASK T WHERE 1 = 1 AND T.DELETE_FLAG = '0' ORDER BY T.TASK_NAME LIMIT ?,? 
05-23-2017 13:26:49.081,DEBUG,FE143F2BDD45991B1AF1BC838DFE6DAF,==> Parameters: 0(Integer), 20(Integer)
05-23-2017 13:26:49.087,DEBUG,FE143F2BDD45991B1AF1BC838DFE6DAF,<==      Total: 20
05-23-2017 13:26:49.087,DEBUG,FE143F2BDD45991B1AF1BC838DFE6DAF,Releasing transactional SqlSession [org.apache.ibatis.session.defaults.DefaultSqlSession@8c559c]
05-23-2017 13:26:49.088,INFO ,FE143F2BDD45991B1AF1BC838DFE6DAF,U0000000001,SQL execution finished
05-23-2017 13:26:49.088,DEBUG,FE143F2BDD45991B1AF1BC838DFE6DAF,Fetched SqlSession [org.apache.ibatis.session.defaults.DefaultSqlSession@8c559c] from current transaction
05-23-2017 13:26:49.088,DEBUG,FE143F2BDD45991B1AF1BC838DFE6DAF,==>  Preparing: SELECT COUNT(*) FROM IVB_M_TASK T WHERE 1 = 1 AND T.DELETE_FLAG = '0' ORDER BY T.TASK_ID 
05-23-2017 13:26:49.088,DEBUG,FE143F2BDD45991B1AF1BC838DFE6DAF,==> Parameters: 
05-23-2017 13:26:49.089,DEBUG,FE143F2BDD45991B1AF1BC838DFE6DAF,<==      Total: 1
05-23-2017 13:26:49.090,DEBUG,FE143F2BDD45991B1AF1BC838DFE6DAF,Releasing transactional SqlSession [org.apache.ibatis.session.defaults.DefaultSqlSession@8c559c]
05-23-2017 13:26:49.107,INFO ,FE143F2BDD45991B1AF1BC838DFE6DAF,U0000000001,Task searching finished ==> 43 item(s)
05-23-2017 13:26:49.107,DEBUG,FE143F2BDD45991B1AF1BC838DFE6DAF,Transaction synchronization deregistering SqlSession [org.apache.ibatis.session.defaults.DefaultSqlSession@8c559c]
05-23-2017 13:26:49.107,DEBUG,FE143F2BDD45991B1AF1BC838DFE6DAF,Transaction synchronization closing SqlSession [org.apache.ibatis.session.defaults.DefaultSqlSession@8c559c]
05-23-2017 13:26:49.108,DEBUG,FE143F2BDD45991B1AF1BC838DFE6DAF,Returning JDBC Connection to DataSource
05-23-2017 13:26:49.108,INFO ,FE143F2BDD45991B1AF1BC838DFE6DAF,U0000000001,vn.bananavietnam.ict.banana.service.Bnn0089SearchTaskService,searchData,[vn.bananavietnam.ict.banana.component.Bnn0089SearchTaskConditions@1e726ee] METHOD END
05-23-2017 13:26:49.113,DEBUG,FE143F2BDD45991B1AF1BC838DFE6DAF,Written [[vn.bananavietnam.ict.banana.component.Bnn0089SearchTaskResult@a2888c, vn.bananavietnam.ict.banana.component.Bnn0089SearchTaskResult@1845b0d, vn.bananavietnam.ict.banana.component.Bnn0089SearchTaskResult@841299, vn.bananavietnam.ict.banana.component.Bnn0089SearchTaskResult@15a22fd, vn.bananavietnam.ict.banana.component.Bnn0089SearchTaskResult@16a2d72, vn.bananavietnam.ict.banana.component.Bnn0089SearchTaskResult@f95961, vn.bananavietnam.ict.banana.component.Bnn0089SearchTaskResult@6991fd, vn.bananavietnam.ict.banana.component.Bnn0089SearchTaskResult@fa0407, vn.bananavietnam.ict.banana.component.Bnn0089SearchTaskResult@73b1d7, vn.bananavietnam.ict.banana.component.Bnn0089SearchTaskResult@9dcae9, vn.bananavietnam.ict.banana.component.Bnn0089SearchTaskResult@a156fe, vn.bananavietnam.ict.banana.component.Bnn0089SearchTaskResult@e3a811, vn.bananavietnam.ict.banana.component.Bnn0089SearchTaskResult@1435713, vn.bananavietnam.ict.banana.component.Bnn0089SearchTaskResult@17b1f10, vn.bananavietnam.ict.banana.component.Bnn0089SearchTaskResult@1a1b167, vn.bananavietnam.ict.banana.component.Bnn0089SearchTaskResult@4135e2, vn.bananavietnam.ict.banana.component.Bnn0089SearchTaskResult@1a30ef6, vn.bananavietnam.ict.banana.component.Bnn0089SearchTaskResult@91e8d, vn.bananavietnam.ict.banana.component.Bnn0089SearchTaskResult@13b4a2, vn.bananavietnam.ict.banana.component.Bnn0089SearchTaskResult@18a70a7]] as "application/json;charset=UTF-8" using [org.springframework.http.converter.json.MappingJackson2HttpMessageConverter@156f2cc]
05-23-2017 13:26:49.113,DEBUG,FE143F2BDD45991B1AF1BC838DFE6DAF,Null ModelAndView returned to DispatcherServlet with name 'appServlet': assuming HandlerAdapter completed request handling
05-23-2017 13:26:49.113,DEBUG,FE143F2BDD45991B1AF1BC838DFE6DAF,Successfully completed request
05-23-2017 13:26:49.113,DEBUG,FE143F2BDD45991B1AF1BC838DFE6DAF,Chain processed normally
05-23-2017 13:26:49.113,DEBUG,FE143F2BDD45991B1AF1BC838DFE6DAF,SecurityContextHolder now cleared, as request processing completed
