05-23-2017 14:01:30.280,DEBUG,11B50A1A26368BB4A265EBFE13BA87D3,/0089/deleteData at position 1 of 11 in additional filter chain; firing Filter: 'SecurityContextPersistenceFilter'
05-23-2017 14:01:30.280,DEBUG,11B50A1A26368BB4A265EBFE13BA87D3,No HttpSession currently exists
05-23-2017 14:01:30.280,DEBUG,11B50A1A26368BB4A265EBFE13BA87D3,No SecurityContext was available from the HttpSession: null. A new one will be created.
05-23-2017 14:01:30.280,DEBUG,11B50A1A26368BB4A265EBFE13BA87D3,/0089/deleteData at position 2 of 11 in additional filter chain; firing Filter: 'WebAsyncManagerIntegrationFilter'
05-23-2017 14:01:30.280,DEBUG,11B50A1A26368BB4A265EBFE13BA87D3,/0089/deleteData at position 3 of 11 in additional filter chain; firing Filter: 'LogoutFilter'
05-23-2017 14:01:30.280,DEBUG,11B50A1A26368BB4A265EBFE13BA87D3,/0089/deleteData at position 4 of 11 in additional filter chain; firing Filter: 'UsernamePasswordAuthenticationFilter'
05-23-2017 14:01:30.280,DEBUG,11B50A1A26368BB4A265EBFE13BA87D3,/0089/deleteData at position 5 of 11 in additional filter chain; firing Filter: 'BasicAuthenticationFilter'
05-23-2017 14:01:30.280,DEBUG,11B50A1A26368BB4A265EBFE13BA87D3,/0089/deleteData at position 6 of 11 in additional filter chain; firing Filter: 'RequestCacheAwareFilter'
05-23-2017 14:01:30.280,DEBUG,11B50A1A26368BB4A265EBFE13BA87D3,/0089/deleteData at position 7 of 11 in additional filter chain; firing Filter: 'SecurityContextHolderAwareRequestFilter'
05-23-2017 14:01:30.280,DEBUG,11B50A1A26368BB4A265EBFE13BA87D3,/0089/deleteData at position 8 of 11 in additional filter chain; firing Filter: 'AnonymousAuthenticationFilter'
05-23-2017 14:01:30.280,DEBUG,11B50A1A26368BB4A265EBFE13BA87D3,Populated SecurityContextHolder with anonymous token: 'org.springframework.security.authentication.AnonymousAuthenticationToken@9055c2bc: Principal: anonymousUser; Credentials: [PROTECTED]; Authenticated: true; Details: org.springframework.security.web.authentication.WebAuthenticationDetails@b364: RemoteIpAddress: 0:0:0:0:0:0:0:1; SessionId: null; Granted Authorities: ROLE_ANONYMOUS'
05-23-2017 14:01:30.280,DEBUG,11B50A1A26368BB4A265EBFE13BA87D3,/0089/deleteData at position 9 of 11 in additional filter chain; firing Filter: 'SessionManagementFilter'
05-23-2017 14:01:30.280,DEBUG,11B50A1A26368BB4A265EBFE13BA87D3,Requested session ID 0053FC39A8E7AB47EBA3CFC394B79298 is invalid.
05-23-2017 14:01:30.280,DEBUG,11B50A1A26368BB4A265EBFE13BA87D3,/0089/deleteData at position 10 of 11 in additional filter chain; firing Filter: 'ExceptionTranslationFilter'
05-23-2017 14:01:30.280,DEBUG,11B50A1A26368BB4A265EBFE13BA87D3,/0089/deleteData at position 11 of 11 in additional filter chain; firing Filter: 'FilterSecurityInterceptor'
05-23-2017 14:01:30.280,DEBUG,11B50A1A26368BB4A265EBFE13BA87D3,Checking match of request : '/0089/deletedata'; against '/autherror*'
05-23-2017 14:01:30.280,DEBUG,11B50A1A26368BB4A265EBFE13BA87D3,Checking match of request : '/0089/deletedata'; against '/login/**'
05-23-2017 14:01:30.280,DEBUG,11B50A1A26368BB4A265EBFE13BA87D3,Checking match of request : '/0089/deletedata'; against '/error/**'
05-23-2017 14:01:30.280,DEBUG,11B50A1A26368BB4A265EBFE13BA87D3,Checking match of request : '/0089/deletedata'; against '/0001/**'
05-23-2017 14:01:30.280,DEBUG,11B50A1A26368BB4A265EBFE13BA87D3,Checking match of request : '/0089/deletedata'; against '/0002/**'
05-23-2017 14:01:30.280,DEBUG,11B50A1A26368BB4A265EBFE13BA87D3,Checking match of request : '/0089/deletedata'; against '/0003/**'
05-23-2017 14:01:30.280,DEBUG,11B50A1A26368BB4A265EBFE13BA87D3,Checking match of request : '/0089/deletedata'; against '/0005/**'
05-23-2017 14:01:30.280,DEBUG,11B50A1A26368BB4A265EBFE13BA87D3,Checking match of request : '/0089/deletedata'; against '/0007/**'
05-23-2017 14:01:30.281,DEBUG,11B50A1A26368BB4A265EBFE13BA87D3,Checking match of request : '/0089/deletedata'; against '/0009/**'
05-23-2017 14:01:30.281,DEBUG,11B50A1A26368BB4A265EBFE13BA87D3,Checking match of request : '/0089/deletedata'; against '/0013/**'
05-23-2017 14:01:30.281,DEBUG,11B50A1A26368BB4A265EBFE13BA87D3,Checking match of request : '/0089/deletedata'; against '/0023/**'
05-23-2017 14:01:30.281,DEBUG,11B50A1A26368BB4A265EBFE13BA87D3,Checking match of request : '/0089/deletedata'; against '/0017/**'
05-23-2017 14:01:30.281,DEBUG,11B50A1A26368BB4A265EBFE13BA87D3,Checking match of request : '/0089/deletedata'; against '/0031/**'
05-23-2017 14:01:30.281,DEBUG,11B50A1A26368BB4A265EBFE13BA87D3,Checking match of request : '/0089/deletedata'; against '/0035/**'
05-23-2017 14:01:30.281,DEBUG,11B50A1A26368BB4A265EBFE13BA87D3,Checking match of request : '/0089/deletedata'; against '/0037/**'
05-23-2017 14:01:30.281,DEBUG,11B50A1A26368BB4A265EBFE13BA87D3,Checking match of request : '/0089/deletedata'; against '/0045/**'
05-23-2017 14:01:30.281,DEBUG,11B50A1A26368BB4A265EBFE13BA87D3,Checking match of request : '/0089/deletedata'; against '/0047/**'
05-23-2017 14:01:30.281,DEBUG,11B50A1A26368BB4A265EBFE13BA87D3,Checking match of request : '/0089/deletedata'; against '/0049/**'
05-23-2017 14:01:30.281,DEBUG,11B50A1A26368BB4A265EBFE13BA87D3,Checking match of request : '/0089/deletedata'; against '/0061/**'
05-23-2017 14:01:30.281,DEBUG,11B50A1A26368BB4A265EBFE13BA87D3,Checking match of request : '/0089/deletedata'; against '/0087/**'
05-23-2017 14:01:30.281,DEBUG,11B50A1A26368BB4A265EBFE13BA87D3,Checking match of request : '/0089/deletedata'; against '/0075/**'
05-23-2017 14:01:30.281,DEBUG,11B50A1A26368BB4A265EBFE13BA87D3,Checking match of request : '/0089/deletedata'; against '/0089/**'
05-23-2017 14:01:30.281,DEBUG,11B50A1A26368BB4A265EBFE13BA87D3,Secure object: FilterInvocation: URL: /0089/deleteData; Attributes: [ROLE_ADMIN, ROLE_USER, IS_AUTHENTICATED_FULLY]
05-23-2017 14:01:30.281,DEBUG,11B50A1A26368BB4A265EBFE13BA87D3,Previously Authenticated: org.springframework.security.authentication.AnonymousAuthenticationToken@9055c2bc: Principal: anonymousUser; Credentials: [PROTECTED]; Authenticated: true; Details: org.springframework.security.web.authentication.WebAuthenticationDetails@b364: RemoteIpAddress: 0:0:0:0:0:0:0:1; SessionId: null; Granted Authorities: ROLE_ANONYMOUS
05-23-2017 14:01:30.281,DEBUG,11B50A1A26368BB4A265EBFE13BA87D3,Voter: org.springframework.security.access.vote.RoleVoter@1ac872d, returned: -1
05-23-2017 14:01:30.281,DEBUG,11B50A1A26368BB4A265EBFE13BA87D3,Voter: org.springframework.security.access.vote.AuthenticatedVoter@b1927d, returned: -1
05-23-2017 14:01:30.281,DEBUG,11B50A1A26368BB4A265EBFE13BA87D3,Access is denied (user is anonymous); redirecting to authentication entry point
05-23-2017 14:01:30.282,DEBUG,11B50A1A26368BB4A265EBFE13BA87D3,DefaultSavedRequest added to Session: DefaultSavedRequest[http://localhost:8080/ict/0089/deleteData]
05-23-2017 14:01:30.282,DEBUG,11B50A1A26368BB4A265EBFE13BA87D3,Calling Authentication entry point.
05-23-2017 14:01:30.282,DEBUG,11B50A1A26368BB4A265EBFE13BA87D3,Redirecting to 'http://localhost:8080/ict/'
05-23-2017 14:01:30.282,DEBUG,11B50A1A26368BB4A265EBFE13BA87D3,SecurityContext is empty or contents are anonymous - context will not be stored in HttpSession.
05-23-2017 14:01:30.282,DEBUG,11B50A1A26368BB4A265EBFE13BA87D3,SecurityContextHolder now cleared, as request processing completed
05-23-2017 14:01:30.284,DEBUG,982682A73BCA7825720D0721ABF8B4D2,/ at position 1 of 11 in additional filter chain; firing Filter: 'SecurityContextPersistenceFilter'
05-23-2017 14:01:30.284,DEBUG,982682A73BCA7825720D0721ABF8B4D2,HttpSession returned null object for SPRING_SECURITY_CONTEXT
05-23-2017 14:01:30.284,DEBUG,982682A73BCA7825720D0721ABF8B4D2,No SecurityContext was available from the HttpSession: org.apache.catalina.session.StandardSessionFacade@1ca9b5e. A new one will be created.
05-23-2017 14:01:30.284,DEBUG,982682A73BCA7825720D0721ABF8B4D2,/ at position 2 of 11 in additional filter chain; firing Filter: 'WebAsyncManagerIntegrationFilter'
05-23-2017 14:01:30.284,DEBUG,982682A73BCA7825720D0721ABF8B4D2,/ at position 3 of 11 in additional filter chain; firing Filter: 'LogoutFilter'
05-23-2017 14:01:30.284,DEBUG,982682A73BCA7825720D0721ABF8B4D2,/ at position 4 of 11 in additional filter chain; firing Filter: 'UsernamePasswordAuthenticationFilter'
05-23-2017 14:01:30.284,DEBUG,982682A73BCA7825720D0721ABF8B4D2,/ at position 5 of 11 in additional filter chain; firing Filter: 'BasicAuthenticationFilter'
05-23-2017 14:01:30.284,DEBUG,982682A73BCA7825720D0721ABF8B4D2,/ at position 6 of 11 in additional filter chain; firing Filter: 'RequestCacheAwareFilter'
05-23-2017 14:01:30.284,DEBUG,982682A73BCA7825720D0721ABF8B4D2,pathInfo: both null (property equals)
05-23-2017 14:01:30.284,DEBUG,982682A73BCA7825720D0721ABF8B4D2,queryString: both null (property equals)
05-23-2017 14:01:30.284,DEBUG,982682A73BCA7825720D0721ABF8B4D2,requestURI: arg1=/ict/0089/deleteData; arg2=/ict/ (property not equals)
05-23-2017 14:01:30.284,DEBUG,982682A73BCA7825720D0721ABF8B4D2,saved request doesn't match
05-23-2017 14:01:30.284,DEBUG,982682A73BCA7825720D0721ABF8B4D2,/ at position 7 of 11 in additional filter chain; firing Filter: 'SecurityContextHolderAwareRequestFilter'
05-23-2017 14:01:30.284,DEBUG,982682A73BCA7825720D0721ABF8B4D2,/ at position 8 of 11 in additional filter chain; firing Filter: 'AnonymousAuthenticationFilter'
05-23-2017 14:01:30.284,DEBUG,982682A73BCA7825720D0721ABF8B4D2,Populated SecurityContextHolder with anonymous token: 'org.springframework.security.authentication.AnonymousAuthenticationToken@90514580: Principal: anonymousUser; Credentials: [PROTECTED]; Authenticated: true; Details: org.springframework.security.web.authentication.WebAuthenticationDetails@43458: RemoteIpAddress: 0:0:0:0:0:0:0:1; SessionId: 1506459A77FB86B51F56077201DD07B2; Granted Authorities: ROLE_ANONYMOUS'
05-23-2017 14:01:30.284,DEBUG,982682A73BCA7825720D0721ABF8B4D2,/ at position 9 of 11 in additional filter chain; firing Filter: 'SessionManagementFilter'
05-23-2017 14:01:30.284,DEBUG,982682A73BCA7825720D0721ABF8B4D2,/ at position 10 of 11 in additional filter chain; firing Filter: 'ExceptionTranslationFilter'
05-23-2017 14:01:30.284,DEBUG,982682A73BCA7825720D0721ABF8B4D2,/ at position 11 of 11 in additional filter chain; firing Filter: 'FilterSecurityInterceptor'
05-23-2017 14:01:30.284,DEBUG,982682A73BCA7825720D0721ABF8B4D2,Checking match of request : '/'; against '/autherror*'
05-23-2017 14:01:30.284,DEBUG,982682A73BCA7825720D0721ABF8B4D2,Checking match of request : '/'; against '/login/**'
05-23-2017 14:01:30.284,DEBUG,982682A73BCA7825720D0721ABF8B4D2,Checking match of request : '/'; against '/error/**'
05-23-2017 14:01:30.284,DEBUG,982682A73BCA7825720D0721ABF8B4D2,Checking match of request : '/'; against '/0001/**'
05-23-2017 14:01:30.284,DEBUG,982682A73BCA7825720D0721ABF8B4D2,Checking match of request : '/'; against '/0002/**'
05-23-2017 14:01:30.284,DEBUG,982682A73BCA7825720D0721ABF8B4D2,Checking match of request : '/'; against '/0003/**'
05-23-2017 14:01:30.284,DEBUG,982682A73BCA7825720D0721ABF8B4D2,Checking match of request : '/'; against '/0005/**'
05-23-2017 14:01:30.284,DEBUG,982682A73BCA7825720D0721ABF8B4D2,Checking match of request : '/'; against '/0007/**'
05-23-2017 14:01:30.284,DEBUG,982682A73BCA7825720D0721ABF8B4D2,Checking match of request : '/'; against '/0009/**'
05-23-2017 14:01:30.284,DEBUG,982682A73BCA7825720D0721ABF8B4D2,Checking match of request : '/'; against '/0013/**'
05-23-2017 14:01:30.284,DEBUG,982682A73BCA7825720D0721ABF8B4D2,Checking match of request : '/'; against '/0023/**'
05-23-2017 14:01:30.284,DEBUG,982682A73BCA7825720D0721ABF8B4D2,Checking match of request : '/'; against '/0017/**'
05-23-2017 14:01:30.284,DEBUG,982682A73BCA7825720D0721ABF8B4D2,Checking match of request : '/'; against '/0031/**'
05-23-2017 14:01:30.284,DEBUG,982682A73BCA7825720D0721ABF8B4D2,Checking match of request : '/'; against '/0035/**'
05-23-2017 14:01:30.284,DEBUG,982682A73BCA7825720D0721ABF8B4D2,Checking match of request : '/'; against '/0037/**'
05-23-2017 14:01:30.284,DEBUG,982682A73BCA7825720D0721ABF8B4D2,Checking match of request : '/'; against '/0045/**'
05-23-2017 14:01:30.284,DEBUG,982682A73BCA7825720D0721ABF8B4D2,Checking match of request : '/'; against '/0047/**'
05-23-2017 14:01:30.284,DEBUG,982682A73BCA7825720D0721ABF8B4D2,Checking match of request : '/'; against '/0049/**'
05-23-2017 14:01:30.284,DEBUG,982682A73BCA7825720D0721ABF8B4D2,Checking match of request : '/'; against '/0061/**'
05-23-2017 14:01:30.284,DEBUG,982682A73BCA7825720D0721ABF8B4D2,Checking match of request : '/'; against '/0087/**'
05-23-2017 14:01:30.284,DEBUG,982682A73BCA7825720D0721ABF8B4D2,Checking match of request : '/'; against '/0075/**'
05-23-2017 14:01:30.285,DEBUG,982682A73BCA7825720D0721ABF8B4D2,Checking match of request : '/'; against '/0089/**'
05-23-2017 14:01:30.285,DEBUG,982682A73BCA7825720D0721ABF8B4D2,Checking match of request : '/'; against '/0090/**'
05-23-2017 14:01:30.285,DEBUG,982682A73BCA7825720D0721ABF8B4D2,Checking match of request : '/'; against '/0091/**'
05-23-2017 14:01:30.285,DEBUG,982682A73BCA7825720D0721ABF8B4D2,Checking match of request : '/'; against '/0092/**'
05-23-2017 14:01:30.285,DEBUG,982682A73BCA7825720D0721ABF8B4D2,Checking match of request : '/'; against '/0095/**'
05-23-2017 14:01:30.285,DEBUG,982682A73BCA7825720D0721ABF8B4D2,Secure object: FilterInvocation: URL: /; Attributes: [IS_AUTHENTICATED_ANONYMOUSLY]
05-23-2017 14:01:30.285,DEBUG,982682A73BCA7825720D0721ABF8B4D2,Previously Authenticated: org.springframework.security.authentication.AnonymousAuthenticationToken@90514580: Principal: anonymousUser; Credentials: [PROTECTED]; Authenticated: true; Details: org.springframework.security.web.authentication.WebAuthenticationDetails@43458: RemoteIpAddress: 0:0:0:0:0:0:0:1; SessionId: 1506459A77FB86B51F56077201DD07B2; Granted Authorities: ROLE_ANONYMOUS
05-23-2017 14:01:30.285,DEBUG,982682A73BCA7825720D0721ABF8B4D2,Voter: org.springframework.security.access.vote.RoleVoter@1ac872d, returned: 0
05-23-2017 14:01:30.285,DEBUG,982682A73BCA7825720D0721ABF8B4D2,Voter: org.springframework.security.access.vote.AuthenticatedVoter@b1927d, returned: 1
05-23-2017 14:01:30.285,DEBUG,982682A73BCA7825720D0721ABF8B4D2,Authorization successful
05-23-2017 14:01:30.285,DEBUG,982682A73BCA7825720D0721ABF8B4D2,RunAsManager did not change Authentication object
05-23-2017 14:01:30.285,DEBUG,982682A73BCA7825720D0721ABF8B4D2,/ reached end of additional filter chain; proceeding with original chain
05-23-2017 14:01:30.285,DEBUG,982682A73BCA7825720D0721ABF8B4D2,Request [/ict/] is not a multipart request
05-23-2017 14:01:30.285,DEBUG,1506459A77FB86B51F56077201DD07B2,DispatcherServlet with name 'appServlet' processing GET request for [/ict/]
05-23-2017 14:01:30.285,DEBUG,1506459A77FB86B51F56077201DD07B2,Looking up handler method for path /
05-23-2017 14:01:30.285,DEBUG,1506459A77FB86B51F56077201DD07B2,Returning handler method [public java.lang.String vn.bananavietnam.ict.common.controller.AuthController.login()]
05-23-2017 14:01:30.285,DEBUG,1506459A77FB86B51F56077201DD07B2,Returning cached instance of singleton bean 'authController'
05-23-2017 14:01:30.285,DEBUG,1506459A77FB86B51F56077201DD07B2,Last-Modified value for [/ict/] is: -1
05-23-2017 14:01:30.285,DEBUG,1506459A77FB86B51F56077201DD07B2,Returning cached instance of singleton bean 'xml_path'
05-23-2017 14:01:30.285,DEBUG,1506459A77FB86B51F56077201DD07B2,Rendering view [org.springframework.web.servlet.view.JstlView: name 'common/PageWrapper'; URL [/WEB-INF/views/common/PageWrapper.jsp]] in DispatcherServlet with name 'appServlet'
05-23-2017 14:01:30.285,DEBUG,1506459A77FB86B51F56077201DD07B2,Forwarding to resource [/WEB-INF/views/common/PageWrapper.jsp] in InternalResourceView 'common/PageWrapper'
05-23-2017 14:01:30.285,DEBUG,1506459A77FB86B51F56077201DD07B2,SecurityContext is empty or contents are anonymous - context will not be stored in HttpSession.
05-23-2017 14:01:30.286,DEBUG,1506459A77FB86B51F56077201DD07B2,Successfully completed request
05-23-2017 14:01:30.286,DEBUG,1506459A77FB86B51F56077201DD07B2,Chain processed normally
05-23-2017 14:01:30.286,DEBUG,1506459A77FB86B51F56077201DD07B2,SecurityContextHolder now cleared, as request processing completed
05-23-2017 14:01:30.293,DEBUG,982682A73BCA7825720D0721ABF8B4D2,/login at position 1 of 11 in additional filter chain; firing Filter: 'SecurityContextPersistenceFilter'
05-23-2017 14:01:30.294,DEBUG,982682A73BCA7825720D0721ABF8B4D2,HttpSession returned null object for SPRING_SECURITY_CONTEXT
05-23-2017 14:01:30.294,DEBUG,982682A73BCA7825720D0721ABF8B4D2,No SecurityContext was available from the HttpSession: org.apache.catalina.session.StandardSessionFacade@1ca9b5e. A new one will be created.
05-23-2017 14:01:30.295,DEBUG,982682A73BCA7825720D0721ABF8B4D2,/login at position 2 of 11 in additional filter chain; firing Filter: 'WebAsyncManagerIntegrationFilter'
05-23-2017 14:01:30.295,DEBUG,982682A73BCA7825720D0721ABF8B4D2,/login at position 3 of 11 in additional filter chain; firing Filter: 'LogoutFilter'
05-23-2017 14:01:30.295,DEBUG,982682A73BCA7825720D0721ABF8B4D2,Logging out user 'null' and transferring to logout destination
05-23-2017 14:01:30.295,DEBUG,982682A73BCA7825720D0721ABF8B4D2,Invalidating session: 1506459A77FB86B51F56077201DD07B2
05-23-2017 14:01:30.295,DEBUG,982682A73BCA7825720D0721ABF8B4D2,Using default Url: /
05-23-2017 14:01:30.295,DEBUG,982682A73BCA7825720D0721ABF8B4D2,Redirecting to '/ict/'
05-23-2017 14:01:30.295,DEBUG,982682A73BCA7825720D0721ABF8B4D2,SecurityContext is empty or contents are anonymous - context will not be stored in HttpSession.
05-23-2017 14:01:30.295,DEBUG,982682A73BCA7825720D0721ABF8B4D2,SecurityContextHolder now cleared, as request processing completed
05-23-2017 14:01:30.298,DEBUG,83EF85886AAE74226FD78EE9ACB323AA,/ at position 1 of 11 in additional filter chain; firing Filter: 'SecurityContextPersistenceFilter'
05-23-2017 14:01:30.298,DEBUG,83EF85886AAE74226FD78EE9ACB323AA,No HttpSession currently exists
05-23-2017 14:01:30.298,DEBUG,83EF85886AAE74226FD78EE9ACB323AA,No SecurityContext was available from the HttpSession: null. A new one will be created.
05-23-2017 14:01:30.298,DEBUG,83EF85886AAE74226FD78EE9ACB323AA,/ at position 2 of 11 in additional filter chain; firing Filter: 'WebAsyncManagerIntegrationFilter'
05-23-2017 14:01:30.298,DEBUG,83EF85886AAE74226FD78EE9ACB323AA,/ at position 3 of 11 in additional filter chain; firing Filter: 'LogoutFilter'
05-23-2017 14:01:30.298,DEBUG,83EF85886AAE74226FD78EE9ACB323AA,/ at position 4 of 11 in additional filter chain; firing Filter: 'UsernamePasswordAuthenticationFilter'
05-23-2017 14:01:30.298,DEBUG,83EF85886AAE74226FD78EE9ACB323AA,/ at position 5 of 11 in additional filter chain; firing Filter: 'BasicAuthenticationFilter'
05-23-2017 14:01:30.298,DEBUG,83EF85886AAE74226FD78EE9ACB323AA,/ at position 6 of 11 in additional filter chain; firing Filter: 'RequestCacheAwareFilter'
05-23-2017 14:01:30.298,DEBUG,83EF85886AAE74226FD78EE9ACB323AA,/ at position 7 of 11 in additional filter chain; firing Filter: 'SecurityContextHolderAwareRequestFilter'
05-23-2017 14:01:30.298,DEBUG,83EF85886AAE74226FD78EE9ACB323AA,/ at position 8 of 11 in additional filter chain; firing Filter: 'AnonymousAuthenticationFilter'
05-23-2017 14:01:30.298,DEBUG,83EF85886AAE74226FD78EE9ACB323AA,Populated SecurityContextHolder with anonymous token: 'org.springframework.security.authentication.AnonymousAuthenticationToken@9055c2bc: Principal: anonymousUser; Credentials: [PROTECTED]; Authenticated: true; Details: org.springframework.security.web.authentication.WebAuthenticationDetails@b364: RemoteIpAddress: 0:0:0:0:0:0:0:1; SessionId: null; Granted Authorities: ROLE_ANONYMOUS'
05-23-2017 14:01:30.298,DEBUG,83EF85886AAE74226FD78EE9ACB323AA,/ at position 9 of 11 in additional filter chain; firing Filter: 'SessionManagementFilter'
05-23-2017 14:01:30.298,DEBUG,83EF85886AAE74226FD78EE9ACB323AA,Requested session ID 1506459A77FB86B51F56077201DD07B2 is invalid.
05-23-2017 14:01:30.298,DEBUG,83EF85886AAE74226FD78EE9ACB323AA,/ at position 10 of 11 in additional filter chain; firing Filter: 'ExceptionTranslationFilter'
05-23-2017 14:01:30.298,DEBUG,83EF85886AAE74226FD78EE9ACB323AA,/ at position 11 of 11 in additional filter chain; firing Filter: 'FilterSecurityInterceptor'
05-23-2017 14:01:30.298,DEBUG,83EF85886AAE74226FD78EE9ACB323AA,Checking match of request : '/'; against '/autherror*'
05-23-2017 14:01:30.298,DEBUG,83EF85886AAE74226FD78EE9ACB323AA,Checking match of request : '/'; against '/login/**'
05-23-2017 14:01:30.298,DEBUG,83EF85886AAE74226FD78EE9ACB323AA,Checking match of request : '/'; against '/error/**'
05-23-2017 14:01:30.298,DEBUG,83EF85886AAE74226FD78EE9ACB323AA,Checking match of request : '/'; against '/0001/**'
05-23-2017 14:01:30.298,DEBUG,83EF85886AAE74226FD78EE9ACB323AA,Checking match of request : '/'; against '/0002/**'
05-23-2017 14:01:30.298,DEBUG,83EF85886AAE74226FD78EE9ACB323AA,Checking match of request : '/'; against '/0003/**'
05-23-2017 14:01:30.298,DEBUG,83EF85886AAE74226FD78EE9ACB323AA,Checking match of request : '/'; against '/0005/**'
05-23-2017 14:01:30.298,DEBUG,83EF85886AAE74226FD78EE9ACB323AA,Checking match of request : '/'; against '/0007/**'
05-23-2017 14:01:30.299,DEBUG,83EF85886AAE74226FD78EE9ACB323AA,Checking match of request : '/'; against '/0009/**'
05-23-2017 14:01:30.299,DEBUG,83EF85886AAE74226FD78EE9ACB323AA,Checking match of request : '/'; against '/0013/**'
05-23-2017 14:01:30.299,DEBUG,83EF85886AAE74226FD78EE9ACB323AA,Checking match of request : '/'; against '/0023/**'
05-23-2017 14:01:30.299,DEBUG,83EF85886AAE74226FD78EE9ACB323AA,Checking match of request : '/'; against '/0017/**'
05-23-2017 14:01:30.299,DEBUG,83EF85886AAE74226FD78EE9ACB323AA,Checking match of request : '/'; against '/0031/**'
05-23-2017 14:01:30.299,DEBUG,83EF85886AAE74226FD78EE9ACB323AA,Checking match of request : '/'; against '/0035/**'
05-23-2017 14:01:30.299,DEBUG,83EF85886AAE74226FD78EE9ACB323AA,Checking match of request : '/'; against '/0037/**'
05-23-2017 14:01:30.299,DEBUG,83EF85886AAE74226FD78EE9ACB323AA,Checking match of request : '/'; against '/0045/**'
05-23-2017 14:01:30.299,DEBUG,83EF85886AAE74226FD78EE9ACB323AA,Checking match of request : '/'; against '/0047/**'
05-23-2017 14:01:30.299,DEBUG,83EF85886AAE74226FD78EE9ACB323AA,Checking match of request : '/'; against '/0049/**'
05-23-2017 14:01:30.299,DEBUG,83EF85886AAE74226FD78EE9ACB323AA,Checking match of request : '/'; against '/0061/**'
05-23-2017 14:01:30.299,DEBUG,83EF85886AAE74226FD78EE9ACB323AA,Checking match of request : '/'; against '/0087/**'
05-23-2017 14:01:30.299,DEBUG,83EF85886AAE74226FD78EE9ACB323AA,Checking match of request : '/'; against '/0075/**'
05-23-2017 14:01:30.299,DEBUG,83EF85886AAE74226FD78EE9ACB323AA,Checking match of request : '/'; against '/0089/**'
05-23-2017 14:01:30.299,DEBUG,83EF85886AAE74226FD78EE9ACB323AA,Checking match of request : '/'; against '/0090/**'
05-23-2017 14:01:30.299,DEBUG,83EF85886AAE74226FD78EE9ACB323AA,Checking match of request : '/'; against '/0091/**'
05-23-2017 14:01:30.299,DEBUG,83EF85886AAE74226FD78EE9ACB323AA,Checking match of request : '/'; against '/0092/**'
05-23-2017 14:01:30.299,DEBUG,83EF85886AAE74226FD78EE9ACB323AA,Checking match of request : '/'; against '/0095/**'
05-23-2017 14:01:30.299,DEBUG,83EF85886AAE74226FD78EE9ACB323AA,Secure object: FilterInvocation: URL: /; Attributes: [IS_AUTHENTICATED_ANONYMOUSLY]
05-23-2017 14:01:30.299,DEBUG,83EF85886AAE74226FD78EE9ACB323AA,Previously Authenticated: org.springframework.security.authentication.AnonymousAuthenticationToken@9055c2bc: Principal: anonymousUser; Credentials: [PROTECTED]; Authenticated: true; Details: org.springframework.security.web.authentication.WebAuthenticationDetails@b364: RemoteIpAddress: 0:0:0:0:0:0:0:1; SessionId: null; Granted Authorities: ROLE_ANONYMOUS
05-23-2017 14:01:30.299,DEBUG,83EF85886AAE74226FD78EE9ACB323AA,Voter: org.springframework.security.access.vote.RoleVoter@1ac872d, returned: 0
05-23-2017 14:01:30.299,DEBUG,83EF85886AAE74226FD78EE9ACB323AA,Voter: org.springframework.security.access.vote.AuthenticatedVoter@b1927d, returned: 1
05-23-2017 14:01:30.299,DEBUG,83EF85886AAE74226FD78EE9ACB323AA,Authorization successful
05-23-2017 14:01:30.299,DEBUG,83EF85886AAE74226FD78EE9ACB323AA,RunAsManager did not change Authentication object
05-23-2017 14:01:30.299,DEBUG,83EF85886AAE74226FD78EE9ACB323AA,/ reached end of additional filter chain; proceeding with original chain
05-23-2017 14:01:30.299,DEBUG,83EF85886AAE74226FD78EE9ACB323AA,Request [/ict/] is not a multipart request
05-23-2017 14:01:30.299,DEBUG,94E1EA771433D8D0CAF4FB84FC6D84C2,DispatcherServlet with name 'appServlet' processing GET request for [/ict/]
05-23-2017 14:01:30.299,DEBUG,94E1EA771433D8D0CAF4FB84FC6D84C2,Looking up handler method for path /
05-23-2017 14:01:30.300,DEBUG,94E1EA771433D8D0CAF4FB84FC6D84C2,Returning handler method [public java.lang.String vn.bananavietnam.ict.common.controller.AuthController.login()]
05-23-2017 14:01:30.300,DEBUG,94E1EA771433D8D0CAF4FB84FC6D84C2,Returning cached instance of singleton bean 'authController'
05-23-2017 14:01:30.300,DEBUG,94E1EA771433D8D0CAF4FB84FC6D84C2,Last-Modified value for [/ict/] is: -1
05-23-2017 14:01:30.300,DEBUG,94E1EA771433D8D0CAF4FB84FC6D84C2,Returning cached instance of singleton bean 'xml_path'
05-23-2017 14:01:30.300,DEBUG,94E1EA771433D8D0CAF4FB84FC6D84C2,Rendering view [org.springframework.web.servlet.view.JstlView: name 'common/PageWrapper'; URL [/WEB-INF/views/common/PageWrapper.jsp]] in DispatcherServlet with name 'appServlet'
05-23-2017 14:01:30.300,DEBUG,94E1EA771433D8D0CAF4FB84FC6D84C2,Forwarding to resource [/WEB-INF/views/common/PageWrapper.jsp] in InternalResourceView 'common/PageWrapper'
05-23-2017 14:01:30.300,DEBUG,94E1EA771433D8D0CAF4FB84FC6D84C2,SecurityContext is empty or contents are anonymous - context will not be stored in HttpSession.
05-23-2017 14:01:30.301,DEBUG,94E1EA771433D8D0CAF4FB84FC6D84C2,Successfully completed request
05-23-2017 14:01:30.301,DEBUG,94E1EA771433D8D0CAF4FB84FC6D84C2,Chain processed normally
05-23-2017 14:01:30.301,DEBUG,94E1EA771433D8D0CAF4FB84FC6D84C2,SecurityContextHolder now cleared, as request processing completed
05-23-2017 14:01:30.312,DEBUG,982682A73BCA7825720D0721ABF8B4D2,/login/ at position 1 of 11 in additional filter chain; firing Filter: 'SecurityContextPersistenceFilter'
05-23-2017 14:01:30.313,DEBUG,982682A73BCA7825720D0721ABF8B4D2,HttpSession returned null object for SPRING_SECURITY_CONTEXT
05-23-2017 14:01:30.313,DEBUG,982682A73BCA7825720D0721ABF8B4D2,No SecurityContext was available from the HttpSession: org.apache.catalina.session.StandardSessionFacade@bc1ca7. A new one will be created.
05-23-2017 14:01:30.313,DEBUG,982682A73BCA7825720D0721ABF8B4D2,/login/ at position 2 of 11 in additional filter chain; firing Filter: 'WebAsyncManagerIntegrationFilter'
05-23-2017 14:01:30.313,DEBUG,982682A73BCA7825720D0721ABF8B4D2,/login/ at position 3 of 11 in additional filter chain; firing Filter: 'LogoutFilter'
05-23-2017 14:01:30.313,DEBUG,982682A73BCA7825720D0721ABF8B4D2,/login/ at position 4 of 11 in additional filter chain; firing Filter: 'UsernamePasswordAuthenticationFilter'
05-23-2017 14:01:30.313,DEBUG,982682A73BCA7825720D0721ABF8B4D2,/login/ at position 5 of 11 in additional filter chain; firing Filter: 'BasicAuthenticationFilter'
05-23-2017 14:01:30.313,DEBUG,982682A73BCA7825720D0721ABF8B4D2,/login/ at position 6 of 11 in additional filter chain; firing Filter: 'RequestCacheAwareFilter'
05-23-2017 14:01:30.313,DEBUG,982682A73BCA7825720D0721ABF8B4D2,/login/ at position 7 of 11 in additional filter chain; firing Filter: 'SecurityContextHolderAwareRequestFilter'
05-23-2017 14:01:30.313,DEBUG,982682A73BCA7825720D0721ABF8B4D2,/login/ at position 8 of 11 in additional filter chain; firing Filter: 'AnonymousAuthenticationFilter'
05-23-2017 14:01:30.313,DEBUG,982682A73BCA7825720D0721ABF8B4D2,Populated SecurityContextHolder with anonymous token: 'org.springframework.security.authentication.AnonymousAuthenticationToken@9057bc48: Principal: anonymousUser; Credentials: [PROTECTED]; Authenticated: true; Details: org.springframework.security.web.authentication.WebAuthenticationDetails@2cd90: RemoteIpAddress: 0:0:0:0:0:0:0:1; SessionId: 94E1EA771433D8D0CAF4FB84FC6D84C2; Granted Authorities: ROLE_ANONYMOUS'
05-23-2017 14:01:30.313,DEBUG,982682A73BCA7825720D0721ABF8B4D2,/login/ at position 9 of 11 in additional filter chain; firing Filter: 'SessionManagementFilter'
05-23-2017 14:01:30.313,DEBUG,982682A73BCA7825720D0721ABF8B4D2,/login/ at position 10 of 11 in additional filter chain; firing Filter: 'ExceptionTranslationFilter'
05-23-2017 14:01:30.313,DEBUG,982682A73BCA7825720D0721ABF8B4D2,/login/ at position 11 of 11 in additional filter chain; firing Filter: 'FilterSecurityInterceptor'
05-23-2017 14:01:30.313,DEBUG,982682A73BCA7825720D0721ABF8B4D2,Checking match of request : '/login/'; against '/autherror*'
05-23-2017 14:01:30.313,DEBUG,982682A73BCA7825720D0721ABF8B4D2,Checking match of request : '/login/'; against '/login/**'
05-23-2017 14:01:30.313,DEBUG,982682A73BCA7825720D0721ABF8B4D2,Secure object: FilterInvocation: URL: /login/; Attributes: [IS_AUTHENTICATED_ANONYMOUSLY]
05-23-2017 14:01:30.313,DEBUG,982682A73BCA7825720D0721ABF8B4D2,Previously Authenticated: org.springframework.security.authentication.AnonymousAuthenticationToken@9057bc48: Principal: anonymousUser; Credentials: [PROTECTED]; Authenticated: true; Details: org.springframework.security.web.authentication.WebAuthenticationDetails@2cd90: RemoteIpAddress: 0:0:0:0:0:0:0:1; SessionId: 94E1EA771433D8D0CAF4FB84FC6D84C2; Granted Authorities: ROLE_ANONYMOUS
05-23-2017 14:01:30.313,DEBUG,982682A73BCA7825720D0721ABF8B4D2,Voter: org.springframework.security.access.vote.RoleVoter@1ac872d, returned: 0
05-23-2017 14:01:30.313,DEBUG,982682A73BCA7825720D0721ABF8B4D2,Voter: org.springframework.security.access.vote.AuthenticatedVoter@b1927d, returned: 1
05-23-2017 14:01:30.313,DEBUG,982682A73BCA7825720D0721ABF8B4D2,Authorization successful
05-23-2017 14:01:30.313,DEBUG,982682A73BCA7825720D0721ABF8B4D2,RunAsManager did not change Authentication object
05-23-2017 14:01:30.313,DEBUG,982682A73BCA7825720D0721ABF8B4D2,/login/ reached end of additional filter chain; proceeding with original chain
05-23-2017 14:01:30.313,DEBUG,982682A73BCA7825720D0721ABF8B4D2,Request [/ict/login/] is not a multipart request
05-23-2017 14:01:30.313,DEBUG,94E1EA771433D8D0CAF4FB84FC6D84C2,DispatcherServlet with name 'appServlet' processing GET request for [/ict/login/]
05-23-2017 14:01:30.313,DEBUG,94E1EA771433D8D0CAF4FB84FC6D84C2,Looking up handler method for path /login/
05-23-2017 14:01:30.313,DEBUG,94E1EA771433D8D0CAF4FB84FC6D84C2,Returning handler method [public java.lang.String vn.bananavietnam.ict.common.controller.LoginController.top(java.util.Locale,org.springframework.ui.Model)]
05-23-2017 14:01:30.313,DEBUG,94E1EA771433D8D0CAF4FB84FC6D84C2,Returning cached instance of singleton bean 'loginController'
05-23-2017 14:01:30.313,DEBUG,94E1EA771433D8D0CAF4FB84FC6D84C2,Last-Modified value for [/ict/login/] is: -1
05-23-2017 14:01:30.314,DEBUG,94E1EA771433D8D0CAF4FB84FC6D84C2,Returning cached instance of singleton bean 'xml_path'
05-23-2017 14:01:30.314,DEBUG,94E1EA771433D8D0CAF4FB84FC6D84C2,Rendering view [org.springframework.web.servlet.view.JstlView: name 'common/login'; URL [/WEB-INF/views/common/login.jsp]] in DispatcherServlet with name 'appServlet'
05-23-2017 14:01:30.314,DEBUG,94E1EA771433D8D0CAF4FB84FC6D84C2,Forwarding to resource [/WEB-INF/views/common/login.jsp] in InternalResourceView 'common/login'
05-23-2017 14:01:30.317,DEBUG,94E1EA771433D8D0CAF4FB84FC6D84C2,SecurityContext is empty or contents are anonymous - context will not be stored in HttpSession.
05-23-2017 14:01:30.317,DEBUG,94E1EA771433D8D0CAF4FB84FC6D84C2,Successfully completed request
05-23-2017 14:01:30.318,DEBUG,94E1EA771433D8D0CAF4FB84FC6D84C2,Chain processed normally
05-23-2017 14:01:30.318,DEBUG,94E1EA771433D8D0CAF4FB84FC6D84C2,SecurityContextHolder now cleared, as request processing completed
05-23-2017 14:01:38.593,DEBUG,0053FC39A8E7AB47EBA3CFC394B79298,/?language=en at position 1 of 11 in additional filter chain; firing Filter: 'SecurityContextPersistenceFilter'
05-23-2017 14:01:38.593,DEBUG,0053FC39A8E7AB47EBA3CFC394B79298,HttpSession returned null object for SPRING_SECURITY_CONTEXT
05-23-2017 14:01:38.593,DEBUG,0053FC39A8E7AB47EBA3CFC394B79298,No SecurityContext was available from the HttpSession: org.apache.catalina.session.StandardSessionFacade@bc1ca7. A new one will be created.
05-23-2017 14:01:38.593,DEBUG,0053FC39A8E7AB47EBA3CFC394B79298,/?language=en at position 2 of 11 in additional filter chain; firing Filter: 'WebAsyncManagerIntegrationFilter'
05-23-2017 14:01:38.593,DEBUG,0053FC39A8E7AB47EBA3CFC394B79298,/?language=en at position 3 of 11 in additional filter chain; firing Filter: 'LogoutFilter'
05-23-2017 14:01:38.593,DEBUG,0053FC39A8E7AB47EBA3CFC394B79298,/?language=en at position 4 of 11 in additional filter chain; firing Filter: 'UsernamePasswordAuthenticationFilter'
05-23-2017 14:01:38.593,DEBUG,0053FC39A8E7AB47EBA3CFC394B79298,/?language=en at position 5 of 11 in additional filter chain; firing Filter: 'BasicAuthenticationFilter'
05-23-2017 14:01:38.593,DEBUG,0053FC39A8E7AB47EBA3CFC394B79298,/?language=en at position 6 of 11 in additional filter chain; firing Filter: 'RequestCacheAwareFilter'
05-23-2017 14:01:38.593,DEBUG,0053FC39A8E7AB47EBA3CFC394B79298,/?language=en at position 7 of 11 in additional filter chain; firing Filter: 'SecurityContextHolderAwareRequestFilter'
05-23-2017 14:01:38.593,DEBUG,0053FC39A8E7AB47EBA3CFC394B79298,/?language=en at position 8 of 11 in additional filter chain; firing Filter: 'AnonymousAuthenticationFilter'
05-23-2017 14:01:38.593,DEBUG,0053FC39A8E7AB47EBA3CFC394B79298,Populated SecurityContextHolder with anonymous token: 'org.springframework.security.authentication.AnonymousAuthenticationToken@9057bc48: Principal: anonymousUser; Credentials: [PROTECTED]; Authenticated: true; Details: org.springframework.security.web.authentication.WebAuthenticationDetails@2cd90: RemoteIpAddress: 0:0:0:0:0:0:0:1; SessionId: 94E1EA771433D8D0CAF4FB84FC6D84C2; Granted Authorities: ROLE_ANONYMOUS'
05-23-2017 14:01:38.593,DEBUG,0053FC39A8E7AB47EBA3CFC394B79298,/?language=en at position 9 of 11 in additional filter chain; firing Filter: 'SessionManagementFilter'
05-23-2017 14:01:38.593,DEBUG,0053FC39A8E7AB47EBA3CFC394B79298,/?language=en at position 10 of 11 in additional filter chain; firing Filter: 'ExceptionTranslationFilter'
05-23-2017 14:01:38.593,DEBUG,0053FC39A8E7AB47EBA3CFC394B79298,/?language=en at position 11 of 11 in additional filter chain; firing Filter: 'FilterSecurityInterceptor'
05-23-2017 14:01:38.593,DEBUG,0053FC39A8E7AB47EBA3CFC394B79298,Checking match of request : '/'; against '/autherror*'
05-23-2017 14:01:38.594,DEBUG,0053FC39A8E7AB47EBA3CFC394B79298,Checking match of request : '/'; against '/login/**'
05-23-2017 14:01:38.594,DEBUG,0053FC39A8E7AB47EBA3CFC394B79298,Checking match of request : '/'; against '/error/**'
05-23-2017 14:01:38.594,DEBUG,0053FC39A8E7AB47EBA3CFC394B79298,Checking match of request : '/'; against '/0001/**'
05-23-2017 14:01:38.594,DEBUG,0053FC39A8E7AB47EBA3CFC394B79298,Checking match of request : '/'; against '/0002/**'
05-23-2017 14:01:38.594,DEBUG,0053FC39A8E7AB47EBA3CFC394B79298,Checking match of request : '/'; against '/0003/**'
05-23-2017 14:01:38.594,DEBUG,0053FC39A8E7AB47EBA3CFC394B79298,Checking match of request : '/'; against '/0005/**'
05-23-2017 14:01:38.594,DEBUG,0053FC39A8E7AB47EBA3CFC394B79298,Checking match of request : '/'; against '/0007/**'
05-23-2017 14:01:38.594,DEBUG,0053FC39A8E7AB47EBA3CFC394B79298,Checking match of request : '/'; against '/0009/**'
05-23-2017 14:01:38.594,DEBUG,0053FC39A8E7AB47EBA3CFC394B79298,Checking match of request : '/'; against '/0013/**'
05-23-2017 14:01:38.594,DEBUG,0053FC39A8E7AB47EBA3CFC394B79298,Checking match of request : '/'; against '/0023/**'
05-23-2017 14:01:38.594,DEBUG,0053FC39A8E7AB47EBA3CFC394B79298,Checking match of request : '/'; against '/0017/**'
05-23-2017 14:01:38.594,DEBUG,0053FC39A8E7AB47EBA3CFC394B79298,Checking match of request : '/'; against '/0031/**'
05-23-2017 14:01:38.594,DEBUG,0053FC39A8E7AB47EBA3CFC394B79298,Checking match of request : '/'; against '/0035/**'
05-23-2017 14:01:38.594,DEBUG,0053FC39A8E7AB47EBA3CFC394B79298,Checking match of request : '/'; against '/0037/**'
05-23-2017 14:01:38.594,DEBUG,0053FC39A8E7AB47EBA3CFC394B79298,Checking match of request : '/'; against '/0045/**'
05-23-2017 14:01:38.594,DEBUG,0053FC39A8E7AB47EBA3CFC394B79298,Checking match of request : '/'; against '/0047/**'
05-23-2017 14:01:38.594,DEBUG,0053FC39A8E7AB47EBA3CFC394B79298,Checking match of request : '/'; against '/0049/**'
05-23-2017 14:01:38.594,DEBUG,0053FC39A8E7AB47EBA3CFC394B79298,Checking match of request : '/'; against '/0061/**'
05-23-2017 14:01:38.594,DEBUG,0053FC39A8E7AB47EBA3CFC394B79298,Checking match of request : '/'; against '/0087/**'
05-23-2017 14:01:38.594,DEBUG,0053FC39A8E7AB47EBA3CFC394B79298,Checking match of request : '/'; against '/0075/**'
05-23-2017 14:01:38.594,DEBUG,0053FC39A8E7AB47EBA3CFC394B79298,Checking match of request : '/'; against '/0089/**'
05-23-2017 14:01:38.594,DEBUG,0053FC39A8E7AB47EBA3CFC394B79298,Checking match of request : '/'; against '/0090/**'
05-23-2017 14:01:38.594,DEBUG,0053FC39A8E7AB47EBA3CFC394B79298,Checking match of request : '/'; against '/0091/**'
05-23-2017 14:01:38.594,DEBUG,0053FC39A8E7AB47EBA3CFC394B79298,Checking match of request : '/'; against '/0092/**'
05-23-2017 14:01:38.594,DEBUG,0053FC39A8E7AB47EBA3CFC394B79298,Checking match of request : '/'; against '/0095/**'
05-23-2017 14:01:38.594,DEBUG,0053FC39A8E7AB47EBA3CFC394B79298,Secure object: FilterInvocation: URL: /?language=en; Attributes: [IS_AUTHENTICATED_ANONYMOUSLY]
05-23-2017 14:01:38.594,DEBUG,0053FC39A8E7AB47EBA3CFC394B79298,Previously Authenticated: org.springframework.security.authentication.AnonymousAuthenticationToken@9057bc48: Principal: anonymousUser; Credentials: [PROTECTED]; Authenticated: true; Details: org.springframework.security.web.authentication.WebAuthenticationDetails@2cd90: RemoteIpAddress: 0:0:0:0:0:0:0:1; SessionId: 94E1EA771433D8D0CAF4FB84FC6D84C2; Granted Authorities: ROLE_ANONYMOUS
05-23-2017 14:01:38.594,DEBUG,0053FC39A8E7AB47EBA3CFC394B79298,Voter: org.springframework.security.access.vote.RoleVoter@1ac872d, returned: 0
05-23-2017 14:01:38.594,DEBUG,0053FC39A8E7AB47EBA3CFC394B79298,Voter: org.springframework.security.access.vote.AuthenticatedVoter@b1927d, returned: 1
05-23-2017 14:01:38.594,DEBUG,0053FC39A8E7AB47EBA3CFC394B79298,Authorization successful
05-23-2017 14:01:38.594,DEBUG,0053FC39A8E7AB47EBA3CFC394B79298,RunAsManager did not change Authentication object
05-23-2017 14:01:38.594,DEBUG,0053FC39A8E7AB47EBA3CFC394B79298,/?language=en reached end of additional filter chain; proceeding with original chain
05-23-2017 14:01:38.594,DEBUG,0053FC39A8E7AB47EBA3CFC394B79298,Request [/ict/] is not a multipart request
05-23-2017 14:01:38.595,DEBUG,94E1EA771433D8D0CAF4FB84FC6D84C2,DispatcherServlet with name 'appServlet' processing GET request for [/ict/]
05-23-2017 14:01:38.595,DEBUG,94E1EA771433D8D0CAF4FB84FC6D84C2,Looking up handler method for path /
05-23-2017 14:01:38.595,DEBUG,94E1EA771433D8D0CAF4FB84FC6D84C2,Returning handler method [public java.lang.String vn.bananavietnam.ict.common.controller.AuthController.login()]
05-23-2017 14:01:38.595,DEBUG,94E1EA771433D8D0CAF4FB84FC6D84C2,Returning cached instance of singleton bean 'authController'
05-23-2017 14:01:38.595,DEBUG,94E1EA771433D8D0CAF4FB84FC6D84C2,Last-Modified value for [/ict/] is: -1
05-23-2017 14:01:38.595,DEBUG,94E1EA771433D8D0CAF4FB84FC6D84C2,Returning cached instance of singleton bean 'xml_path'
05-23-2017 14:01:38.596,DEBUG,94E1EA771433D8D0CAF4FB84FC6D84C2,Rendering view [org.springframework.web.servlet.view.JstlView: name 'common/PageWrapper'; URL [/WEB-INF/views/common/PageWrapper.jsp]] in DispatcherServlet with name 'appServlet'
05-23-2017 14:01:38.596,DEBUG,94E1EA771433D8D0CAF4FB84FC6D84C2,Forwarding to resource [/WEB-INF/views/common/PageWrapper.jsp] in InternalResourceView 'common/PageWrapper'
05-23-2017 14:01:38.596,DEBUG,94E1EA771433D8D0CAF4FB84FC6D84C2,SecurityContext is empty or contents are anonymous - context will not be stored in HttpSession.
05-23-2017 14:01:38.598,DEBUG,94E1EA771433D8D0CAF4FB84FC6D84C2,Successfully completed request
05-23-2017 14:01:38.598,DEBUG,94E1EA771433D8D0CAF4FB84FC6D84C2,Chain processed normally
05-23-2017 14:01:38.598,DEBUG,94E1EA771433D8D0CAF4FB84FC6D84C2,SecurityContextHolder now cleared, as request processing completed
05-23-2017 14:01:38.610,DEBUG,0053FC39A8E7AB47EBA3CFC394B79298,/login/ at position 1 of 11 in additional filter chain; firing Filter: 'SecurityContextPersistenceFilter'
05-23-2017 14:01:38.610,DEBUG,0053FC39A8E7AB47EBA3CFC394B79298,HttpSession returned null object for SPRING_SECURITY_CONTEXT
05-23-2017 14:01:38.610,DEBUG,0053FC39A8E7AB47EBA3CFC394B79298,No SecurityContext was available from the HttpSession: org.apache.catalina.session.StandardSessionFacade@bc1ca7. A new one will be created.
05-23-2017 14:01:38.610,DEBUG,0053FC39A8E7AB47EBA3CFC394B79298,/login/ at position 2 of 11 in additional filter chain; firing Filter: 'WebAsyncManagerIntegrationFilter'
05-23-2017 14:01:38.610,DEBUG,0053FC39A8E7AB47EBA3CFC394B79298,/login/ at position 3 of 11 in additional filter chain; firing Filter: 'LogoutFilter'
05-23-2017 14:01:38.610,DEBUG,0053FC39A8E7AB47EBA3CFC394B79298,/login/ at position 4 of 11 in additional filter chain; firing Filter: 'UsernamePasswordAuthenticationFilter'
05-23-2017 14:01:38.610,DEBUG,0053FC39A8E7AB47EBA3CFC394B79298,/login/ at position 5 of 11 in additional filter chain; firing Filter: 'BasicAuthenticationFilter'
05-23-2017 14:01:38.610,DEBUG,0053FC39A8E7AB47EBA3CFC394B79298,/login/ at position 6 of 11 in additional filter chain; firing Filter: 'RequestCacheAwareFilter'
05-23-2017 14:01:38.610,DEBUG,0053FC39A8E7AB47EBA3CFC394B79298,/login/ at position 7 of 11 in additional filter chain; firing Filter: 'SecurityContextHolderAwareRequestFilter'
05-23-2017 14:01:38.610,DEBUG,0053FC39A8E7AB47EBA3CFC394B79298,/login/ at position 8 of 11 in additional filter chain; firing Filter: 'AnonymousAuthenticationFilter'
05-23-2017 14:01:38.610,DEBUG,0053FC39A8E7AB47EBA3CFC394B79298,Populated SecurityContextHolder with anonymous token: 'org.springframework.security.authentication.AnonymousAuthenticationToken@9057bc48: Principal: anonymousUser; Credentials: [PROTECTED]; Authenticated: true; Details: org.springframework.security.web.authentication.WebAuthenticationDetails@2cd90: RemoteIpAddress: 0:0:0:0:0:0:0:1; SessionId: 94E1EA771433D8D0CAF4FB84FC6D84C2; Granted Authorities: ROLE_ANONYMOUS'
05-23-2017 14:01:38.610,DEBUG,0053FC39A8E7AB47EBA3CFC394B79298,/login/ at position 9 of 11 in additional filter chain; firing Filter: 'SessionManagementFilter'
05-23-2017 14:01:38.610,DEBUG,0053FC39A8E7AB47EBA3CFC394B79298,/login/ at position 10 of 11 in additional filter chain; firing Filter: 'ExceptionTranslationFilter'
05-23-2017 14:01:38.610,DEBUG,0053FC39A8E7AB47EBA3CFC394B79298,/login/ at position 11 of 11 in additional filter chain; firing Filter: 'FilterSecurityInterceptor'
05-23-2017 14:01:38.610,DEBUG,0053FC39A8E7AB47EBA3CFC394B79298,Checking match of request : '/login/'; against '/autherror*'
05-23-2017 14:01:38.611,DEBUG,0053FC39A8E7AB47EBA3CFC394B79298,Checking match of request : '/login/'; against '/login/**'
05-23-2017 14:01:38.611,DEBUG,0053FC39A8E7AB47EBA3CFC394B79298,Secure object: FilterInvocation: URL: /login/; Attributes: [IS_AUTHENTICATED_ANONYMOUSLY]
05-23-2017 14:01:38.611,DEBUG,0053FC39A8E7AB47EBA3CFC394B79298,Previously Authenticated: org.springframework.security.authentication.AnonymousAuthenticationToken@9057bc48: Principal: anonymousUser; Credentials: [PROTECTED]; Authenticated: true; Details: org.springframework.security.web.authentication.WebAuthenticationDetails@2cd90: RemoteIpAddress: 0:0:0:0:0:0:0:1; SessionId: 94E1EA771433D8D0CAF4FB84FC6D84C2; Granted Authorities: ROLE_ANONYMOUS
05-23-2017 14:01:38.611,DEBUG,0053FC39A8E7AB47EBA3CFC394B79298,Voter: org.springframework.security.access.vote.RoleVoter@1ac872d, returned: 0
05-23-2017 14:01:38.611,DEBUG,0053FC39A8E7AB47EBA3CFC394B79298,Voter: org.springframework.security.access.vote.AuthenticatedVoter@b1927d, returned: 1
05-23-2017 14:01:38.611,DEBUG,0053FC39A8E7AB47EBA3CFC394B79298,Authorization successful
05-23-2017 14:01:38.611,DEBUG,0053FC39A8E7AB47EBA3CFC394B79298,RunAsManager did not change Authentication object
05-23-2017 14:01:38.611,DEBUG,0053FC39A8E7AB47EBA3CFC394B79298,/login/ reached end of additional filter chain; proceeding with original chain
05-23-2017 14:01:38.611,DEBUG,0053FC39A8E7AB47EBA3CFC394B79298,Request [/ict/login/] is not a multipart request
05-23-2017 14:01:38.611,DEBUG,94E1EA771433D8D0CAF4FB84FC6D84C2,DispatcherServlet with name 'appServlet' processing GET request for [/ict/login/]
05-23-2017 14:01:38.611,DEBUG,94E1EA771433D8D0CAF4FB84FC6D84C2,Looking up handler method for path /login/
05-23-2017 14:01:38.611,DEBUG,94E1EA771433D8D0CAF4FB84FC6D84C2,Returning handler method [public java.lang.String vn.bananavietnam.ict.common.controller.LoginController.top(java.util.Locale,org.springframework.ui.Model)]
05-23-2017 14:01:38.611,DEBUG,94E1EA771433D8D0CAF4FB84FC6D84C2,Returning cached instance of singleton bean 'loginController'
05-23-2017 14:01:38.612,DEBUG,94E1EA771433D8D0CAF4FB84FC6D84C2,Last-Modified value for [/ict/login/] is: -1
05-23-2017 14:01:38.612,DEBUG,94E1EA771433D8D0CAF4FB84FC6D84C2,Returning cached instance of singleton bean 'xml_path'
05-23-2017 14:01:38.612,DEBUG,94E1EA771433D8D0CAF4FB84FC6D84C2,Rendering view [org.springframework.web.servlet.view.JstlView: name 'common/login'; URL [/WEB-INF/views/common/login.jsp]] in DispatcherServlet with name 'appServlet'
05-23-2017 14:01:38.612,DEBUG,94E1EA771433D8D0CAF4FB84FC6D84C2,Forwarding to resource [/WEB-INF/views/common/login.jsp] in InternalResourceView 'common/login'
05-23-2017 14:01:38.615,DEBUG,94E1EA771433D8D0CAF4FB84FC6D84C2,SecurityContext is empty or contents are anonymous - context will not be stored in HttpSession.
05-23-2017 14:01:38.615,DEBUG,94E1EA771433D8D0CAF4FB84FC6D84C2,Successfully completed request
05-23-2017 14:01:38.616,DEBUG,94E1EA771433D8D0CAF4FB84FC6D84C2,Chain processed normally
05-23-2017 14:01:38.616,DEBUG,94E1EA771433D8D0CAF4FB84FC6D84C2,SecurityContextHolder now cleared, as request processing completed
05-23-2017 14:01:43.064,DEBUG,0053FC39A8E7AB47EBA3CFC394B79298,/j_spring_security_check at position 1 of 11 in additional filter chain; firing Filter: 'SecurityContextPersistenceFilter'
05-23-2017 14:01:43.064,DEBUG,0053FC39A8E7AB47EBA3CFC394B79298,HttpSession returned null object for SPRING_SECURITY_CONTEXT
05-23-2017 14:01:43.064,DEBUG,0053FC39A8E7AB47EBA3CFC394B79298,No SecurityContext was available from the HttpSession: org.apache.catalina.session.StandardSessionFacade@bc1ca7. A new one will be created.
05-23-2017 14:01:43.064,DEBUG,0053FC39A8E7AB47EBA3CFC394B79298,/j_spring_security_check at position 2 of 11 in additional filter chain; firing Filter: 'WebAsyncManagerIntegrationFilter'
05-23-2017 14:01:43.065,DEBUG,0053FC39A8E7AB47EBA3CFC394B79298,/j_spring_security_check at position 3 of 11 in additional filter chain; firing Filter: 'LogoutFilter'
05-23-2017 14:01:43.065,DEBUG,0053FC39A8E7AB47EBA3CFC394B79298,/j_spring_security_check at position 4 of 11 in additional filter chain; firing Filter: 'UsernamePasswordAuthenticationFilter'
05-23-2017 14:01:43.065,DEBUG,0053FC39A8E7AB47EBA3CFC394B79298,Request is to process authentication
05-23-2017 14:01:43.065,DEBUG,0053FC39A8E7AB47EBA3CFC394B79298,Authentication attempt using org.springframework.security.authentication.dao.DaoAuthenticationProvider
05-23-2017 14:01:43.065,DEBUG,0053FC39A8E7AB47EBA3CFC394B79298,Executing prepared SQL query
05-23-2017 14:01:43.065,DEBUG,0053FC39A8E7AB47EBA3CFC394B79298,Executing prepared SQL statement [select users_authorization.usersId as id,                users_authorization.usersName as username,                      users_authorization.usersPassword as password,                      users_authorization.usersFullName as userfullname,                      1 as enabled,                      CASE                       WHEN users_authorization.authorizationTypeId IS NULL THEN '0'                          ELSE users_authorization.authorizationTypeId                      END as roleid,                      CASE                 WHEN access.SCREEN_DISPLAY_ENABLE_FLAG IS NULL THEN '0'                 ELSE access.SCREEN_DISPLAY_ENABLE_FLAG                END as roledisplay,                      CASE                 WHEN access.ADDABLE_FLAG IS NULL THEN '0'                 ELSE access.ADDABLE_FLAG                END as roleadd,                      CASE                 WHEN access.UPDATABLE_FLAG IS NULL THEN '0'                 ELSE access.UPDATABLE_FLAG                END as roleupdate,                      CASE                 WHEN access.DELETABLE_FLAG IS NULL THEN '0'                 ELSE access.DELETABLE_FLAG                END as roledelete,                      CASE                 WHEN access.REFERENCE_FLAG IS NULL THEN '0'                 ELSE access.REFERENCE_FLAG                END as rolereference,                       access.SCREEN_ID as screenid              from (select users_manager.usersId,                 users_manager.usersName,                 users_manager.usersPassword,                 users_manager.usersFullName,                 users_manager.authorizationTypeId,                 authorization.AUTHORIZATION_TYPE_NAME authorizationTypeName,                 authorization.ACCESS_AUTHORITY_ID accessAuthorityId               from (select users.USERS_ID usersId,                  users.USERS_ID usersName,                  users.PASSWORD usersPassword,                  users.USERS_NAME usersFullName,                  manager.AUTHORIZATION_TYPE_ID authorizationTypeId                from IVB_M_USERS users                left join IVB_M_MANAGER manager                 on users.USERS_ID = manager.USERS_ID                 and manager.DELETE_FLAG = '0'                where users.USERS_ID = ?                 and users.DELETE_FLAG = '0'                ) users_manager               left join IVB_M_AUTHORIZATION authorization                on users_manager.authorizationTypeId = authorization.AUTHORIZATION_TYPE_ID                   and authorization.DELETE_FLAG = '0'                  ) users_authorization              left join IVB_M_ACCESS_AUTHORIZATION access               on users_authorization.accessAuthorityId = access.ACCESS_AUTHORITY_ID                  and access.DELETE_FLAG = '0']
05-23-2017 14:01:43.065,DEBUG,0053FC39A8E7AB47EBA3CFC394B79298,Fetching JDBC Connection from DataSource
05-23-2017 14:01:43.065,DEBUG,0053FC39A8E7AB47EBA3CFC394B79298,Creating new JDBC DriverManager Connection to [jdbc:mysql://172.16.0.175:3306/BANANA_DB_HUNG_SELENIUM?useUnicode=yes&characterEncoding=UTF-8&autoReconnect=true]
05-23-2017 14:01:43.086,DEBUG,0053FC39A8E7AB47EBA3CFC394B79298,Returning JDBC Connection to DataSource
05-23-2017 14:01:43.086,DEBUG,0053FC39A8E7AB47EBA3CFC394B79298,Executing prepared SQL query
05-23-2017 14:01:43.086,DEBUG,0053FC39A8E7AB47EBA3CFC394B79298,Executing prepared SQL statement [select distinct users.USERS_ID,                  CASE                   WHEN manager.AUTHORIZATION_TYPE_ID IS NULL THEN '0'                   ELSE manager.AUTHORIZATION_TYPE_ID                  END as AUTHORIZATION_TYPE_ID               from IVB_M_USERS users               left join IVB_M_MANAGER manager                on users.USERS_ID = manager.USERS_ID                and manager.DELETE_FLAG = '0'               where users.USERS_ID = ?                and users.DELETE_FLAG = '0']
05-23-2017 14:01:43.086,DEBUG,0053FC39A8E7AB47EBA3CFC394B79298,Fetching JDBC Connection from DataSource
05-23-2017 14:01:43.086,DEBUG,0053FC39A8E7AB47EBA3CFC394B79298,Creating new JDBC DriverManager Connection to [jdbc:mysql://172.16.0.175:3306/BANANA_DB_HUNG_SELENIUM?useUnicode=yes&characterEncoding=UTF-8&autoReconnect=true]
05-23-2017 14:01:43.104,DEBUG,0053FC39A8E7AB47EBA3CFC394B79298,Returning JDBC Connection to DataSource
05-23-2017 14:01:43.104,DEBUG,0053FC39A8E7AB47EBA3CFC394B79298,Delegating to org.springframework.security.web.authentication.session.ChangeSessionIdAuthenticationStrategy@99fddf
05-23-2017 14:01:43.104,DEBUG,0053FC39A8E7AB47EBA3CFC394B79298,Authentication success. Updating SecurityContextHolder to contain: org.springframework.security.authentication.UsernamePasswordAuthenticationToken@3b6d4a73: Principal: vn.bananavietnam.ict.common.auth.MyUser@c4907816: Username: U0000000001; Password: [PROTECTED]; Enabled: true; AccountNonExpired: true; credentialsNonExpired: true; AccountNonLocked: true; Granted Authorities: 1; Credentials: [PROTECTED]; Authenticated: true; Details: org.springframework.security.web.authentication.WebAuthenticationDetails@2cd90: RemoteIpAddress: 0:0:0:0:0:0:0:1; SessionId: 94E1EA771433D8D0CAF4FB84FC6D84C2; Granted Authorities: 1
05-23-2017 14:01:43.104,DEBUG,0053FC39A8E7AB47EBA3CFC394B79298,SecurityContext stored to HttpSession: 'org.springframework.security.core.context.SecurityContextImpl@3b6d4a73: Authentication: org.springframework.security.authentication.UsernamePasswordAuthenticationToken@3b6d4a73: Principal: vn.bananavietnam.ict.common.auth.MyUser@c4907816: Username: U0000000001; Password: [PROTECTED]; Enabled: true; AccountNonExpired: true; credentialsNonExpired: true; AccountNonLocked: true; Granted Authorities: 1; Credentials: [PROTECTED]; Authenticated: true; Details: org.springframework.security.web.authentication.WebAuthenticationDetails@2cd90: RemoteIpAddress: 0:0:0:0:0:0:0:1; SessionId: 94E1EA771433D8D0CAF4FB84FC6D84C2; Granted Authorities: 1'
05-23-2017 14:01:43.104,DEBUG,0053FC39A8E7AB47EBA3CFC394B79298,SecurityContextHolder now cleared, as request processing completed
05-23-2017 14:01:43.112,DEBUG,0053FC39A8E7AB47EBA3CFC394B79298,/0001/ at position 1 of 11 in additional filter chain; firing Filter: 'SecurityContextPersistenceFilter'
05-23-2017 14:01:43.112,DEBUG,0053FC39A8E7AB47EBA3CFC394B79298,Obtained a valid SecurityContext from SPRING_SECURITY_CONTEXT: 'org.springframework.security.core.context.SecurityContextImpl@3b6d4a73: Authentication: org.springframework.security.authentication.UsernamePasswordAuthenticationToken@3b6d4a73: Principal: vn.bananavietnam.ict.common.auth.MyUser@c4907816: Username: U0000000001; Password: [PROTECTED]; Enabled: true; AccountNonExpired: true; credentialsNonExpired: true; AccountNonLocked: true; Granted Authorities: 1; Credentials: [PROTECTED]; Authenticated: true; Details: org.springframework.security.web.authentication.WebAuthenticationDetails@2cd90: RemoteIpAddress: 0:0:0:0:0:0:0:1; SessionId: 94E1EA771433D8D0CAF4FB84FC6D84C2; Granted Authorities: 1'
05-23-2017 14:01:43.112,DEBUG,0053FC39A8E7AB47EBA3CFC394B79298,/0001/ at position 2 of 11 in additional filter chain; firing Filter: 'WebAsyncManagerIntegrationFilter'
05-23-2017 14:01:43.112,DEBUG,0053FC39A8E7AB47EBA3CFC394B79298,/0001/ at position 3 of 11 in additional filter chain; firing Filter: 'LogoutFilter'
05-23-2017 14:01:43.112,DEBUG,0053FC39A8E7AB47EBA3CFC394B79298,/0001/ at position 4 of 11 in additional filter chain; firing Filter: 'UsernamePasswordAuthenticationFilter'
05-23-2017 14:01:43.112,DEBUG,0053FC39A8E7AB47EBA3CFC394B79298,/0001/ at position 5 of 11 in additional filter chain; firing Filter: 'BasicAuthenticationFilter'
05-23-2017 14:01:43.112,DEBUG,0053FC39A8E7AB47EBA3CFC394B79298,/0001/ at position 6 of 11 in additional filter chain; firing Filter: 'RequestCacheAwareFilter'
05-23-2017 14:01:43.112,DEBUG,0053FC39A8E7AB47EBA3CFC394B79298,/0001/ at position 7 of 11 in additional filter chain; firing Filter: 'SecurityContextHolderAwareRequestFilter'
05-23-2017 14:01:43.112,DEBUG,0053FC39A8E7AB47EBA3CFC394B79298,/0001/ at position 8 of 11 in additional filter chain; firing Filter: 'AnonymousAuthenticationFilter'
05-23-2017 14:01:43.112,DEBUG,0053FC39A8E7AB47EBA3CFC394B79298,SecurityContextHolder not populated with anonymous token, as it already contained: 'org.springframework.security.authentication.UsernamePasswordAuthenticationToken@3b6d4a73: Principal: vn.bananavietnam.ict.common.auth.MyUser@c4907816: Username: U0000000001; Password: [PROTECTED]; Enabled: true; AccountNonExpired: true; credentialsNonExpired: true; AccountNonLocked: true; Granted Authorities: 1; Credentials: [PROTECTED]; Authenticated: true; Details: org.springframework.security.web.authentication.WebAuthenticationDetails@2cd90: RemoteIpAddress: 0:0:0:0:0:0:0:1; SessionId: 94E1EA771433D8D0CAF4FB84FC6D84C2; Granted Authorities: 1'
05-23-2017 14:01:43.112,DEBUG,0053FC39A8E7AB47EBA3CFC394B79298,/0001/ at position 9 of 11 in additional filter chain; firing Filter: 'SessionManagementFilter'
05-23-2017 14:01:43.112,DEBUG,0053FC39A8E7AB47EBA3CFC394B79298,/0001/ at position 10 of 11 in additional filter chain; firing Filter: 'ExceptionTranslationFilter'
05-23-2017 14:01:43.112,DEBUG,0053FC39A8E7AB47EBA3CFC394B79298,/0001/ at position 11 of 11 in additional filter chain; firing Filter: 'FilterSecurityInterceptor'
05-23-2017 14:01:43.112,DEBUG,0053FC39A8E7AB47EBA3CFC394B79298,Checking match of request : '/0001/'; against '/autherror*'
05-23-2017 14:01:43.112,DEBUG,0053FC39A8E7AB47EBA3CFC394B79298,Checking match of request : '/0001/'; against '/login/**'
05-23-2017 14:01:43.112,DEBUG,0053FC39A8E7AB47EBA3CFC394B79298,Checking match of request : '/0001/'; against '/error/**'
05-23-2017 14:01:43.112,DEBUG,0053FC39A8E7AB47EBA3CFC394B79298,Checking match of request : '/0001/'; against '/0001/**'
05-23-2017 14:01:43.112,DEBUG,0053FC39A8E7AB47EBA3CFC394B79298,Secure object: FilterInvocation: URL: /0001/; Attributes: [ROLE_ADMIN, ROLE_USER, IS_AUTHENTICATED_FULLY]
05-23-2017 14:01:43.112,DEBUG,0053FC39A8E7AB47EBA3CFC394B79298,Previously Authenticated: org.springframework.security.authentication.UsernamePasswordAuthenticationToken@3b6d4a73: Principal: vn.bananavietnam.ict.common.auth.MyUser@c4907816: Username: U0000000001; Password: [PROTECTED]; Enabled: true; AccountNonExpired: true; credentialsNonExpired: true; AccountNonLocked: true; Granted Authorities: 1; Credentials: [PROTECTED]; Authenticated: true; Details: org.springframework.security.web.authentication.WebAuthenticationDetails@2cd90: RemoteIpAddress: 0:0:0:0:0:0:0:1; SessionId: 94E1EA771433D8D0CAF4FB84FC6D84C2; Granted Authorities: 1
05-23-2017 14:01:43.112,DEBUG,0053FC39A8E7AB47EBA3CFC394B79298,Voter: org.springframework.security.access.vote.RoleVoter@1ac872d, returned: -1
05-23-2017 14:01:43.112,DEBUG,0053FC39A8E7AB47EBA3CFC394B79298,Voter: org.springframework.security.access.vote.AuthenticatedVoter@b1927d, returned: 1
05-23-2017 14:01:43.112,DEBUG,0053FC39A8E7AB47EBA3CFC394B79298,Authorization successful
05-23-2017 14:01:43.112,DEBUG,0053FC39A8E7AB47EBA3CFC394B79298,RunAsManager did not change Authentication object
05-23-2017 14:01:43.112,DEBUG,0053FC39A8E7AB47EBA3CFC394B79298,/0001/ reached end of additional filter chain; proceeding with original chain
05-23-2017 14:01:43.112,DEBUG,0053FC39A8E7AB47EBA3CFC394B79298,Request [/ict/0001/] is not a multipart request
05-23-2017 14:01:43.113,DEBUG,513F3C74603F1D1403E28DCBA037C8DE,DispatcherServlet with name 'appServlet' processing GET request for [/ict/0001/]
05-23-2017 14:01:43.113,DEBUG,513F3C74603F1D1403E28DCBA037C8DE,Looking up handler method for path /0001/
05-23-2017 14:01:43.113,DEBUG,513F3C74603F1D1403E28DCBA037C8DE,Returning handler method [public java.lang.String vn.bananavietnam.ict.banana.controller.Bnn0001BananaMenuController.top(javax.servlet.http.HttpServletRequest,java.util.Locale,org.springframework.ui.Model)]
05-23-2017 14:01:43.113,DEBUG,513F3C74603F1D1403E28DCBA037C8DE,Returning cached instance of singleton bean 'bnn0001BananaMenuController'
05-23-2017 14:01:43.113,DEBUG,513F3C74603F1D1403E28DCBA037C8DE,Last-Modified value for [/ict/0001/] is: -1
05-23-2017 14:01:43.113,DEBUG,513F3C74603F1D1403E28DCBA037C8DE,Returning cached instance of singleton bean 'xml_path'
05-23-2017 14:01:43.116,DEBUG,513F3C74603F1D1403E28DCBA037C8DE,Rendering view [org.springframework.web.servlet.view.JstlView: name 'banana/Bnn0001BananaMenu'; URL [/WEB-INF/views/banana/Bnn0001BananaMenu.jsp]] in DispatcherServlet with name 'appServlet'
05-23-2017 14:01:43.116,DEBUG,513F3C74603F1D1403E28DCBA037C8DE,Added model object 'resetDate' of type [java.lang.String] to request in view with name 'banana/Bnn0001BananaMenu'
05-23-2017 14:01:43.116,DEBUG,513F3C74603F1D1403E28DCBA037C8DE,Added model object 'layoutDate' of type [java.lang.String] to request in view with name 'banana/Bnn0001BananaMenu'
05-23-2017 14:01:43.116,DEBUG,513F3C74603F1D1403E28DCBA037C8DE,Added model object 'jqueryUiCssDate' of type [java.lang.String] to request in view with name 'banana/Bnn0001BananaMenu'
05-23-2017 14:01:43.116,DEBUG,513F3C74603F1D1403E28DCBA037C8DE,Added model object 'messageHandlerDate' of type [java.lang.String] to request in view with name 'banana/Bnn0001BananaMenu'
05-23-2017 14:01:43.116,DEBUG,513F3C74603F1D1403E28DCBA037C8DE,Added model object 'jqueryDate' of type [java.lang.String] to request in view with name 'banana/Bnn0001BananaMenu'
05-23-2017 14:01:43.116,DEBUG,513F3C74603F1D1403E28DCBA037C8DE,Added model object 'jqueryUiDate' of type [java.lang.String] to request in view with name 'banana/Bnn0001BananaMenu'
05-23-2017 14:01:43.116,DEBUG,513F3C74603F1D1403E28DCBA037C8DE,Added model object 'datepickerDate' of type [java.lang.String] to request in view with name 'banana/Bnn0001BananaMenu'
05-23-2017 14:01:43.116,DEBUG,513F3C74603F1D1403E28DCBA037C8DE,Added model object 'inputmaskDate' of type [java.lang.String] to request in view with name 'banana/Bnn0001BananaMenu'
05-23-2017 14:01:43.116,DEBUG,513F3C74603F1D1403E28DCBA037C8DE,Added model object 'jqueryInputmaskDate' of type [java.lang.String] to request in view with name 'banana/Bnn0001BananaMenu'
05-23-2017 14:01:43.116,DEBUG,513F3C74603F1D1403E28DCBA037C8DE,Added model object 'inputMaskExtDate' of type [java.lang.String] to request in view with name 'banana/Bnn0001BananaMenu'
05-23-2017 14:01:43.116,DEBUG,513F3C74603F1D1403E28DCBA037C8DE,Added model object 'calendarDate' of type [java.lang.String] to request in view with name 'banana/Bnn0001BananaMenu'
05-23-2017 14:01:43.116,DEBUG,513F3C74603F1D1403E28DCBA037C8DE,Added model object 'messageDate' of type [java.lang.String] to request in view with name 'banana/Bnn0001BananaMenu'
05-23-2017 14:01:43.116,DEBUG,513F3C74603F1D1403E28DCBA037C8DE,Added model object 'storageDate' of type [java.lang.String] to request in view with name 'banana/Bnn0001BananaMenu'
05-23-2017 14:01:43.116,DEBUG,513F3C74603F1D1403E28DCBA037C8DE,Added model object 'commonDate' of type [java.lang.String] to request in view with name 'banana/Bnn0001BananaMenu'
05-23-2017 14:01:43.116,DEBUG,513F3C74603F1D1403E28DCBA037C8DE,Added model object 'bananaMenuCssDate' of type [java.lang.String] to request in view with name 'banana/Bnn0001BananaMenu'
05-23-2017 14:01:43.116,DEBUG,513F3C74603F1D1403E28DCBA037C8DE,Added model object 'bananaMenuJsDate' of type [java.lang.String] to request in view with name 'banana/Bnn0001BananaMenu'
05-23-2017 14:01:43.116,DEBUG,513F3C74603F1D1403E28DCBA037C8DE,Forwarding to resource [/WEB-INF/views/banana/Bnn0001BananaMenu.jsp] in InternalResourceView 'banana/Bnn0001BananaMenu'
05-23-2017 14:01:43.117,DEBUG,513F3C74603F1D1403E28DCBA037C8DE,Render request received for definition 'defaultTemplate'
05-23-2017 14:01:43.120,DEBUG,513F3C74603F1D1403E28DCBA037C8DE,Successfully completed request
05-23-2017 14:01:43.120,DEBUG,513F3C74603F1D1403E28DCBA037C8DE,Chain processed normally
05-23-2017 14:01:43.120,DEBUG,513F3C74603F1D1403E28DCBA037C8DE,SecurityContextHolder now cleared, as request processing completed
05-23-2017 14:01:44.301,DEBUG,0053FC39A8E7AB47EBA3CFC394B79298,/0089/ at position 1 of 11 in additional filter chain; firing Filter: 'SecurityContextPersistenceFilter'
05-23-2017 14:01:44.302,DEBUG,0053FC39A8E7AB47EBA3CFC394B79298,Obtained a valid SecurityContext from SPRING_SECURITY_CONTEXT: 'org.springframework.security.core.context.SecurityContextImpl@3b6d4a73: Authentication: org.springframework.security.authentication.UsernamePasswordAuthenticationToken@3b6d4a73: Principal: vn.bananavietnam.ict.common.auth.MyUser@c4907816: Username: U0000000001; Password: [PROTECTED]; Enabled: true; AccountNonExpired: true; credentialsNonExpired: true; AccountNonLocked: true; Granted Authorities: 1; Credentials: [PROTECTED]; Authenticated: true; Details: org.springframework.security.web.authentication.WebAuthenticationDetails@2cd90: RemoteIpAddress: 0:0:0:0:0:0:0:1; SessionId: 94E1EA771433D8D0CAF4FB84FC6D84C2; Granted Authorities: 1'
05-23-2017 14:01:44.302,DEBUG,0053FC39A8E7AB47EBA3CFC394B79298,/0089/ at position 2 of 11 in additional filter chain; firing Filter: 'WebAsyncManagerIntegrationFilter'
05-23-2017 14:01:44.302,DEBUG,0053FC39A8E7AB47EBA3CFC394B79298,/0089/ at position 3 of 11 in additional filter chain; firing Filter: 'LogoutFilter'
05-23-2017 14:01:44.302,DEBUG,0053FC39A8E7AB47EBA3CFC394B79298,/0089/ at position 4 of 11 in additional filter chain; firing Filter: 'UsernamePasswordAuthenticationFilter'
05-23-2017 14:01:44.302,DEBUG,0053FC39A8E7AB47EBA3CFC394B79298,/0089/ at position 5 of 11 in additional filter chain; firing Filter: 'BasicAuthenticationFilter'
05-23-2017 14:01:44.302,DEBUG,0053FC39A8E7AB47EBA3CFC394B79298,/0089/ at position 6 of 11 in additional filter chain; firing Filter: 'RequestCacheAwareFilter'
05-23-2017 14:01:44.302,DEBUG,0053FC39A8E7AB47EBA3CFC394B79298,/0089/ at position 7 of 11 in additional filter chain; firing Filter: 'SecurityContextHolderAwareRequestFilter'
05-23-2017 14:01:44.302,DEBUG,0053FC39A8E7AB47EBA3CFC394B79298,/0089/ at position 8 of 11 in additional filter chain; firing Filter: 'AnonymousAuthenticationFilter'
05-23-2017 14:01:44.302,DEBUG,0053FC39A8E7AB47EBA3CFC394B79298,SecurityContextHolder not populated with anonymous token, as it already contained: 'org.springframework.security.authentication.UsernamePasswordAuthenticationToken@3b6d4a73: Principal: vn.bananavietnam.ict.common.auth.MyUser@c4907816: Username: U0000000001; Password: [PROTECTED]; Enabled: true; AccountNonExpired: true; credentialsNonExpired: true; AccountNonLocked: true; Granted Authorities: 1; Credentials: [PROTECTED]; Authenticated: true; Details: org.springframework.security.web.authentication.WebAuthenticationDetails@2cd90: RemoteIpAddress: 0:0:0:0:0:0:0:1; SessionId: 94E1EA771433D8D0CAF4FB84FC6D84C2; Granted Authorities: 1'
05-23-2017 14:01:44.302,DEBUG,0053FC39A8E7AB47EBA3CFC394B79298,/0089/ at position 9 of 11 in additional filter chain; firing Filter: 'SessionManagementFilter'
05-23-2017 14:01:44.302,DEBUG,0053FC39A8E7AB47EBA3CFC394B79298,/0089/ at position 10 of 11 in additional filter chain; firing Filter: 'ExceptionTranslationFilter'
05-23-2017 14:01:44.302,DEBUG,0053FC39A8E7AB47EBA3CFC394B79298,/0089/ at position 11 of 11 in additional filter chain; firing Filter: 'FilterSecurityInterceptor'
05-23-2017 14:01:44.302,DEBUG,0053FC39A8E7AB47EBA3CFC394B79298,Checking match of request : '/0089/'; against '/autherror*'
05-23-2017 14:01:44.302,DEBUG,0053FC39A8E7AB47EBA3CFC394B79298,Checking match of request : '/0089/'; against '/login/**'
05-23-2017 14:01:44.302,DEBUG,0053FC39A8E7AB47EBA3CFC394B79298,Checking match of request : '/0089/'; against '/error/**'
05-23-2017 14:01:44.302,DEBUG,0053FC39A8E7AB47EBA3CFC394B79298,Checking match of request : '/0089/'; against '/0001/**'
05-23-2017 14:01:44.302,DEBUG,0053FC39A8E7AB47EBA3CFC394B79298,Checking match of request : '/0089/'; against '/0002/**'
05-23-2017 14:01:44.302,DEBUG,0053FC39A8E7AB47EBA3CFC394B79298,Checking match of request : '/0089/'; against '/0003/**'
05-23-2017 14:01:44.302,DEBUG,0053FC39A8E7AB47EBA3CFC394B79298,Checking match of request : '/0089/'; against '/0005/**'
05-23-2017 14:01:44.302,DEBUG,0053FC39A8E7AB47EBA3CFC394B79298,Checking match of request : '/0089/'; against '/0007/**'
05-23-2017 14:01:44.302,DEBUG,0053FC39A8E7AB47EBA3CFC394B79298,Checking match of request : '/0089/'; against '/0009/**'
05-23-2017 14:01:44.302,DEBUG,0053FC39A8E7AB47EBA3CFC394B79298,Checking match of request : '/0089/'; against '/0013/**'
05-23-2017 14:01:44.302,DEBUG,0053FC39A8E7AB47EBA3CFC394B79298,Checking match of request : '/0089/'; against '/0023/**'
05-23-2017 14:01:44.302,DEBUG,0053FC39A8E7AB47EBA3CFC394B79298,Checking match of request : '/0089/'; against '/0017/**'
05-23-2017 14:01:44.302,DEBUG,0053FC39A8E7AB47EBA3CFC394B79298,Checking match of request : '/0089/'; against '/0031/**'
05-23-2017 14:01:44.302,DEBUG,0053FC39A8E7AB47EBA3CFC394B79298,Checking match of request : '/0089/'; against '/0035/**'
05-23-2017 14:01:44.302,DEBUG,0053FC39A8E7AB47EBA3CFC394B79298,Checking match of request : '/0089/'; against '/0037/**'
05-23-2017 14:01:44.302,DEBUG,0053FC39A8E7AB47EBA3CFC394B79298,Checking match of request : '/0089/'; against '/0045/**'
05-23-2017 14:01:44.302,DEBUG,0053FC39A8E7AB47EBA3CFC394B79298,Checking match of request : '/0089/'; against '/0047/**'
05-23-2017 14:01:44.303,DEBUG,0053FC39A8E7AB47EBA3CFC394B79298,Checking match of request : '/0089/'; against '/0049/**'
05-23-2017 14:01:44.303,DEBUG,0053FC39A8E7AB47EBA3CFC394B79298,Checking match of request : '/0089/'; against '/0061/**'
05-23-2017 14:01:44.303,DEBUG,0053FC39A8E7AB47EBA3CFC394B79298,Checking match of request : '/0089/'; against '/0087/**'
05-23-2017 14:01:44.303,DEBUG,0053FC39A8E7AB47EBA3CFC394B79298,Checking match of request : '/0089/'; against '/0075/**'
05-23-2017 14:01:44.303,DEBUG,0053FC39A8E7AB47EBA3CFC394B79298,Checking match of request : '/0089/'; against '/0089/**'
05-23-2017 14:01:44.303,DEBUG,0053FC39A8E7AB47EBA3CFC394B79298,Secure object: FilterInvocation: URL: /0089/; Attributes: [ROLE_ADMIN, ROLE_USER, IS_AUTHENTICATED_FULLY]
05-23-2017 14:01:44.303,DEBUG,0053FC39A8E7AB47EBA3CFC394B79298,Previously Authenticated: org.springframework.security.authentication.UsernamePasswordAuthenticationToken@3b6d4a73: Principal: vn.bananavietnam.ict.common.auth.MyUser@c4907816: Username: U0000000001; Password: [PROTECTED]; Enabled: true; AccountNonExpired: true; credentialsNonExpired: true; AccountNonLocked: true; Granted Authorities: 1; Credentials: [PROTECTED]; Authenticated: true; Details: org.springframework.security.web.authentication.WebAuthenticationDetails@2cd90: RemoteIpAddress: 0:0:0:0:0:0:0:1; SessionId: 94E1EA771433D8D0CAF4FB84FC6D84C2; Granted Authorities: 1
05-23-2017 14:01:44.303,DEBUG,0053FC39A8E7AB47EBA3CFC394B79298,Voter: org.springframework.security.access.vote.RoleVoter@1ac872d, returned: -1
05-23-2017 14:01:44.303,DEBUG,0053FC39A8E7AB47EBA3CFC394B79298,Voter: org.springframework.security.access.vote.AuthenticatedVoter@b1927d, returned: 1
05-23-2017 14:01:44.303,DEBUG,0053FC39A8E7AB47EBA3CFC394B79298,Authorization successful
05-23-2017 14:01:44.303,DEBUG,0053FC39A8E7AB47EBA3CFC394B79298,RunAsManager did not change Authentication object
05-23-2017 14:01:44.303,DEBUG,0053FC39A8E7AB47EBA3CFC394B79298,/0089/ reached end of additional filter chain; proceeding with original chain
05-23-2017 14:01:44.303,DEBUG,0053FC39A8E7AB47EBA3CFC394B79298,Request [/ict/0089/] is not a multipart request
05-23-2017 14:01:44.303,DEBUG,513F3C74603F1D1403E28DCBA037C8DE,DispatcherServlet with name 'appServlet' processing GET request for [/ict/0089/]
05-23-2017 14:01:44.303,DEBUG,513F3C74603F1D1403E28DCBA037C8DE,Looking up handler method for path /0089/
05-23-2017 14:01:44.303,DEBUG,513F3C74603F1D1403E28DCBA037C8DE,Returning handler method [public java.lang.String vn.bananavietnam.ict.banana.controller.Bnn0089SearchTaskController.top(javax.servlet.http.HttpServletRequest,java.util.Locale,org.springframework.ui.Model)]
05-23-2017 14:01:44.303,DEBUG,513F3C74603F1D1403E28DCBA037C8DE,Returning cached instance of singleton bean 'bnn0089SearchTaskController'
05-23-2017 14:01:44.303,DEBUG,513F3C74603F1D1403E28DCBA037C8DE,Last-Modified value for [/ict/0089/] is: -1
05-23-2017 14:01:44.304,DEBUG,513F3C74603F1D1403E28DCBA037C8DE,Returning cached instance of singleton bean 'xml_path'
05-23-2017 14:01:44.306,DEBUG,513F3C74603F1D1403E28DCBA037C8DE,Rendering view [org.springframework.web.servlet.view.JstlView: name 'banana/Bnn0089SearchTask'; URL [/WEB-INF/views/banana/Bnn0089SearchTask.jsp]] in DispatcherServlet with name 'appServlet'
05-23-2017 14:01:44.306,DEBUG,513F3C74603F1D1403E28DCBA037C8DE,Added model object 'resetDate' of type [java.lang.String] to request in view with name 'banana/Bnn0089SearchTask'
05-23-2017 14:01:44.307,DEBUG,513F3C74603F1D1403E28DCBA037C8DE,Added model object 'layoutDate' of type [java.lang.String] to request in view with name 'banana/Bnn0089SearchTask'
05-23-2017 14:01:44.307,DEBUG,513F3C74603F1D1403E28DCBA037C8DE,Added model object 'jqueryUiCssDate' of type [java.lang.String] to request in view with name 'banana/Bnn0089SearchTask'
05-23-2017 14:01:44.307,DEBUG,513F3C74603F1D1403E28DCBA037C8DE,Added model object 'messageHandlerDate' of type [java.lang.String] to request in view with name 'banana/Bnn0089SearchTask'
05-23-2017 14:01:44.307,DEBUG,513F3C74603F1D1403E28DCBA037C8DE,Added model object 'jqueryDate' of type [java.lang.String] to request in view with name 'banana/Bnn0089SearchTask'
05-23-2017 14:01:44.307,DEBUG,513F3C74603F1D1403E28DCBA037C8DE,Added model object 'jqueryUiDate' of type [java.lang.String] to request in view with name 'banana/Bnn0089SearchTask'
05-23-2017 14:01:44.307,DEBUG,513F3C74603F1D1403E28DCBA037C8DE,Added model object 'datepickerDate' of type [java.lang.String] to request in view with name 'banana/Bnn0089SearchTask'
05-23-2017 14:01:44.307,DEBUG,513F3C74603F1D1403E28DCBA037C8DE,Added model object 'inputmaskDate' of type [java.lang.String] to request in view with name 'banana/Bnn0089SearchTask'
05-23-2017 14:01:44.307,DEBUG,513F3C74603F1D1403E28DCBA037C8DE,Added model object 'jqueryInputmaskDate' of type [java.lang.String] to request in view with name 'banana/Bnn0089SearchTask'
05-23-2017 14:01:44.307,DEBUG,513F3C74603F1D1403E28DCBA037C8DE,Added model object 'inputMaskExtDate' of type [java.lang.String] to request in view with name 'banana/Bnn0089SearchTask'
05-23-2017 14:01:44.307,DEBUG,513F3C74603F1D1403E28DCBA037C8DE,Added model object 'calendarDate' of type [java.lang.String] to request in view with name 'banana/Bnn0089SearchTask'
05-23-2017 14:01:44.307,DEBUG,513F3C74603F1D1403E28DCBA037C8DE,Added model object 'messageDate' of type [java.lang.String] to request in view with name 'banana/Bnn0089SearchTask'
05-23-2017 14:01:44.307,DEBUG,513F3C74603F1D1403E28DCBA037C8DE,Added model object 'storageDate' of type [java.lang.String] to request in view with name 'banana/Bnn0089SearchTask'
05-23-2017 14:01:44.307,DEBUG,513F3C74603F1D1403E28DCBA037C8DE,Added model object 'commonDate' of type [java.lang.String] to request in view with name 'banana/Bnn0089SearchTask'
05-23-2017 14:01:44.307,DEBUG,513F3C74603F1D1403E28DCBA037C8DE,Added model object 'searchTaskCssDate' of type [java.lang.String] to request in view with name 'banana/Bnn0089SearchTask'
05-23-2017 14:01:44.307,DEBUG,513F3C74603F1D1403E28DCBA037C8DE,Added model object 'searchTaskJsDate' of type [java.lang.String] to request in view with name 'banana/Bnn0089SearchTask'
05-23-2017 14:01:44.307,DEBUG,513F3C74603F1D1403E28DCBA037C8DE,Forwarding to resource [/WEB-INF/views/banana/Bnn0089SearchTask.jsp] in InternalResourceView 'banana/Bnn0089SearchTask'
05-23-2017 14:01:44.308,DEBUG,513F3C74603F1D1403E28DCBA037C8DE,Render request received for definition 'defaultTemplate'
05-23-2017 14:01:44.309,DEBUG,513F3C74603F1D1403E28DCBA037C8DE,Successfully completed request
05-23-2017 14:01:44.310,DEBUG,513F3C74603F1D1403E28DCBA037C8DE,Chain processed normally
05-23-2017 14:01:44.310,DEBUG,513F3C74603F1D1403E28DCBA037C8DE,SecurityContextHolder now cleared, as request processing completed
05-23-2017 14:01:44.345,DEBUG,11B50A1A26368BB4A265EBFE13BA87D3,/0089/searchData at position 1 of 11 in additional filter chain; firing Filter: 'SecurityContextPersistenceFilter'
05-23-2017 14:01:44.345,DEBUG,11B50A1A26368BB4A265EBFE13BA87D3,Obtained a valid SecurityContext from SPRING_SECURITY_CONTEXT: 'org.springframework.security.core.context.SecurityContextImpl@3b6d4a73: Authentication: org.springframework.security.authentication.UsernamePasswordAuthenticationToken@3b6d4a73: Principal: vn.bananavietnam.ict.common.auth.MyUser@c4907816: Username: U0000000001; Password: [PROTECTED]; Enabled: true; AccountNonExpired: true; credentialsNonExpired: true; AccountNonLocked: true; Granted Authorities: 1; Credentials: [PROTECTED]; Authenticated: true; Details: org.springframework.security.web.authentication.WebAuthenticationDetails@2cd90: RemoteIpAddress: 0:0:0:0:0:0:0:1; SessionId: 94E1EA771433D8D0CAF4FB84FC6D84C2; Granted Authorities: 1'
05-23-2017 14:01:44.345,DEBUG,11B50A1A26368BB4A265EBFE13BA87D3,/0089/searchData at position 2 of 11 in additional filter chain; firing Filter: 'WebAsyncManagerIntegrationFilter'
05-23-2017 14:01:44.345,DEBUG,11B50A1A26368BB4A265EBFE13BA87D3,/0089/searchData at position 3 of 11 in additional filter chain; firing Filter: 'LogoutFilter'
05-23-2017 14:01:44.345,DEBUG,11B50A1A26368BB4A265EBFE13BA87D3,/0089/searchData at position 4 of 11 in additional filter chain; firing Filter: 'UsernamePasswordAuthenticationFilter'
05-23-2017 14:01:44.345,DEBUG,11B50A1A26368BB4A265EBFE13BA87D3,/0089/searchData at position 5 of 11 in additional filter chain; firing Filter: 'BasicAuthenticationFilter'
05-23-2017 14:01:44.345,DEBUG,11B50A1A26368BB4A265EBFE13BA87D3,/0089/searchData at position 6 of 11 in additional filter chain; firing Filter: 'RequestCacheAwareFilter'
05-23-2017 14:01:44.345,DEBUG,11B50A1A26368BB4A265EBFE13BA87D3,/0089/searchData at position 7 of 11 in additional filter chain; firing Filter: 'SecurityContextHolderAwareRequestFilter'
05-23-2017 14:01:44.345,DEBUG,11B50A1A26368BB4A265EBFE13BA87D3,/0089/searchData at position 8 of 11 in additional filter chain; firing Filter: 'AnonymousAuthenticationFilter'
05-23-2017 14:01:44.345,DEBUG,11B50A1A26368BB4A265EBFE13BA87D3,SecurityContextHolder not populated with anonymous token, as it already contained: 'org.springframework.security.authentication.UsernamePasswordAuthenticationToken@3b6d4a73: Principal: vn.bananavietnam.ict.common.auth.MyUser@c4907816: Username: U0000000001; Password: [PROTECTED]; Enabled: true; AccountNonExpired: true; credentialsNonExpired: true; AccountNonLocked: true; Granted Authorities: 1; Credentials: [PROTECTED]; Authenticated: true; Details: org.springframework.security.web.authentication.WebAuthenticationDetails@2cd90: RemoteIpAddress: 0:0:0:0:0:0:0:1; SessionId: 94E1EA771433D8D0CAF4FB84FC6D84C2; Granted Authorities: 1'
05-23-2017 14:01:44.345,DEBUG,11B50A1A26368BB4A265EBFE13BA87D3,/0089/searchData at position 9 of 11 in additional filter chain; firing Filter: 'SessionManagementFilter'
05-23-2017 14:01:44.345,DEBUG,11B50A1A26368BB4A265EBFE13BA87D3,/0089/searchData at position 10 of 11 in additional filter chain; firing Filter: 'ExceptionTranslationFilter'
05-23-2017 14:01:44.345,DEBUG,11B50A1A26368BB4A265EBFE13BA87D3,/0089/searchData at position 11 of 11 in additional filter chain; firing Filter: 'FilterSecurityInterceptor'
05-23-2017 14:01:44.345,DEBUG,11B50A1A26368BB4A265EBFE13BA87D3,Checking match of request : '/0089/searchdata'; against '/autherror*'
05-23-2017 14:01:44.345,DEBUG,11B50A1A26368BB4A265EBFE13BA87D3,Checking match of request : '/0089/searchdata'; against '/login/**'
05-23-2017 14:01:44.345,DEBUG,11B50A1A26368BB4A265EBFE13BA87D3,Checking match of request : '/0089/searchdata'; against '/error/**'
05-23-2017 14:01:44.345,DEBUG,11B50A1A26368BB4A265EBFE13BA87D3,Checking match of request : '/0089/searchdata'; against '/0001/**'
05-23-2017 14:01:44.345,DEBUG,11B50A1A26368BB4A265EBFE13BA87D3,Checking match of request : '/0089/searchdata'; against '/0002/**'
05-23-2017 14:01:44.345,DEBUG,11B50A1A26368BB4A265EBFE13BA87D3,Checking match of request : '/0089/searchdata'; against '/0003/**'
05-23-2017 14:01:44.345,DEBUG,11B50A1A26368BB4A265EBFE13BA87D3,Checking match of request : '/0089/searchdata'; against '/0005/**'
05-23-2017 14:01:44.345,DEBUG,11B50A1A26368BB4A265EBFE13BA87D3,Checking match of request : '/0089/searchdata'; against '/0007/**'
05-23-2017 14:01:44.345,DEBUG,11B50A1A26368BB4A265EBFE13BA87D3,Checking match of request : '/0089/searchdata'; against '/0009/**'
05-23-2017 14:01:44.345,DEBUG,11B50A1A26368BB4A265EBFE13BA87D3,Checking match of request : '/0089/searchdata'; against '/0013/**'
05-23-2017 14:01:44.345,DEBUG,11B50A1A26368BB4A265EBFE13BA87D3,Checking match of request : '/0089/searchdata'; against '/0023/**'
05-23-2017 14:01:44.345,DEBUG,11B50A1A26368BB4A265EBFE13BA87D3,Checking match of request : '/0089/searchdata'; against '/0017/**'
05-23-2017 14:01:44.345,DEBUG,11B50A1A26368BB4A265EBFE13BA87D3,Checking match of request : '/0089/searchdata'; against '/0031/**'
05-23-2017 14:01:44.345,DEBUG,11B50A1A26368BB4A265EBFE13BA87D3,Checking match of request : '/0089/searchdata'; against '/0035/**'
05-23-2017 14:01:44.345,DEBUG,11B50A1A26368BB4A265EBFE13BA87D3,Checking match of request : '/0089/searchdata'; against '/0037/**'
05-23-2017 14:01:44.345,DEBUG,11B50A1A26368BB4A265EBFE13BA87D3,Checking match of request : '/0089/searchdata'; against '/0045/**'
05-23-2017 14:01:44.345,DEBUG,11B50A1A26368BB4A265EBFE13BA87D3,Checking match of request : '/0089/searchdata'; against '/0047/**'
05-23-2017 14:01:44.346,DEBUG,11B50A1A26368BB4A265EBFE13BA87D3,Checking match of request : '/0089/searchdata'; against '/0049/**'
05-23-2017 14:01:44.346,DEBUG,11B50A1A26368BB4A265EBFE13BA87D3,Checking match of request : '/0089/searchdata'; against '/0061/**'
05-23-2017 14:01:44.346,DEBUG,11B50A1A26368BB4A265EBFE13BA87D3,Checking match of request : '/0089/searchdata'; against '/0087/**'
05-23-2017 14:01:44.346,DEBUG,11B50A1A26368BB4A265EBFE13BA87D3,Checking match of request : '/0089/searchdata'; against '/0075/**'
05-23-2017 14:01:44.346,DEBUG,11B50A1A26368BB4A265EBFE13BA87D3,Checking match of request : '/0089/searchdata'; against '/0089/**'
05-23-2017 14:01:44.346,DEBUG,11B50A1A26368BB4A265EBFE13BA87D3,Secure object: FilterInvocation: URL: /0089/searchData; Attributes: [ROLE_ADMIN, ROLE_USER, IS_AUTHENTICATED_FULLY]
05-23-2017 14:01:44.346,DEBUG,11B50A1A26368BB4A265EBFE13BA87D3,Previously Authenticated: org.springframework.security.authentication.UsernamePasswordAuthenticationToken@3b6d4a73: Principal: vn.bananavietnam.ict.common.auth.MyUser@c4907816: Username: U0000000001; Password: [PROTECTED]; Enabled: true; AccountNonExpired: true; credentialsNonExpired: true; AccountNonLocked: true; Granted Authorities: 1; Credentials: [PROTECTED]; Authenticated: true; Details: org.springframework.security.web.authentication.WebAuthenticationDetails@2cd90: RemoteIpAddress: 0:0:0:0:0:0:0:1; SessionId: 94E1EA771433D8D0CAF4FB84FC6D84C2; Granted Authorities: 1
05-23-2017 14:01:44.346,DEBUG,11B50A1A26368BB4A265EBFE13BA87D3,Voter: org.springframework.security.access.vote.RoleVoter@1ac872d, returned: -1
05-23-2017 14:01:44.346,DEBUG,11B50A1A26368BB4A265EBFE13BA87D3,Voter: org.springframework.security.access.vote.AuthenticatedVoter@b1927d, returned: 1
05-23-2017 14:01:44.346,DEBUG,11B50A1A26368BB4A265EBFE13BA87D3,Authorization successful
05-23-2017 14:01:44.346,DEBUG,11B50A1A26368BB4A265EBFE13BA87D3,RunAsManager did not change Authentication object
05-23-2017 14:01:44.346,DEBUG,11B50A1A26368BB4A265EBFE13BA87D3,/0089/searchData reached end of additional filter chain; proceeding with original chain
05-23-2017 14:01:44.346,DEBUG,11B50A1A26368BB4A265EBFE13BA87D3,Request [/ict/0089/searchData] is not a multipart request
05-23-2017 14:01:44.346,DEBUG,513F3C74603F1D1403E28DCBA037C8DE,DispatcherServlet with name 'appServlet' processing POST request for [/ict/0089/searchData]
05-23-2017 14:01:44.346,DEBUG,513F3C74603F1D1403E28DCBA037C8DE,Looking up handler method for path /0089/searchData
05-23-2017 14:01:44.346,DEBUG,513F3C74603F1D1403E28DCBA037C8DE,Returning handler method [public java.util.List<vn.bananavietnam.ict.banana.component.Bnn0089SearchTaskResult> vn.bananavietnam.ict.banana.controller.Bnn0089SearchTaskController.searchData(vn.bananavietnam.ict.banana.component.Bnn0089SearchTaskConditions)]
05-23-2017 14:01:44.346,DEBUG,513F3C74603F1D1403E28DCBA037C8DE,Returning cached instance of singleton bean 'bnn0089SearchTaskController'
05-23-2017 14:01:44.346,DEBUG,513F3C74603F1D1403E28DCBA037C8DE,Returning cached instance of singleton bean 'xml_path'
05-23-2017 14:01:44.347,DEBUG,513F3C74603F1D1403E28DCBA037C8DE,Skip CORS processing: request is from same origin
05-23-2017 14:01:44.347,DEBUG,513F3C74603F1D1403E28DCBA037C8DE,Read [class vn.bananavietnam.ict.banana.component.Bnn0089SearchTaskConditions] as "application/json" with [org.springframework.http.converter.json.MappingJackson2HttpMessageConverter@156f2cc]
05-23-2017 14:01:44.347,INFO ,513F3C74603F1D1403E28DCBA037C8DE,U0000000001,vn.bananavietnam.ict.banana.service.Bnn0089SearchTaskService,searchData,[vn.bananavietnam.ict.banana.component.Bnn0089SearchTaskConditions@5671dc] METHOD START
05-23-2017 14:01:44.347,DEBUG,513F3C74603F1D1403E28DCBA037C8DE,Returning cached instance of singleton bean 'transactionManager'
05-23-2017 14:01:44.347,INFO ,513F3C74603F1D1403E28DCBA037C8DE,U0000000001,Task searching started
05-23-2017 14:01:44.347,DEBUG,513F3C74603F1D1403E28DCBA037C8DE,Creating a new SqlSession
05-23-2017 14:01:44.347,DEBUG,513F3C74603F1D1403E28DCBA037C8DE,Registering transaction synchronization for SqlSession [org.apache.ibatis.session.defaults.DefaultSqlSession@34cbb3]
05-23-2017 14:01:44.347,DEBUG,513F3C74603F1D1403E28DCBA037C8DE,Fetching JDBC Connection from DataSource
05-23-2017 14:01:44.347,DEBUG,513F3C74603F1D1403E28DCBA037C8DE,Creating new JDBC DriverManager Connection to [jdbc:mysql://172.16.0.175:3306/BANANA_DB_HUNG_SELENIUM?useUnicode=yes&characterEncoding=UTF-8&autoReconnect=true]
05-23-2017 14:01:44.362,DEBUG,513F3C74603F1D1403E28DCBA037C8DE,Registering transaction synchronization for JDBC Connection
05-23-2017 14:01:44.362,DEBUG,513F3C74603F1D1403E28DCBA037C8DE,JDBC Connection [com.mysql.jdbc.JDBC4Connection@19ad783] will be managed by Spring
05-23-2017 14:01:44.362,DEBUG,513F3C74603F1D1403E28DCBA037C8DE,==>  Preparing: SELECT T.TASK_ID taskId, T.TASK_NAME taskName, T.WORKING_DETAILS workingDetails, T.NOTE note, T.QUARANTINE_HANDLING_FLAG quarantineHandlingFlag, T.DELETE_FLAG deleteFlag, T.CHANGE_POINT_CODE changePointCode, T.LAST_UPDATE_DATE lastUpdateDate FROM IVB_M_TASK T WHERE 1 = 1 AND T.DELETE_FLAG = '0' ORDER BY T.TASK_NAME LIMIT ?,? 
05-23-2017 14:01:44.362,DEBUG,513F3C74603F1D1403E28DCBA037C8DE,==> Parameters: 0(Integer), 20(Integer)
05-23-2017 14:01:44.365,DEBUG,513F3C74603F1D1403E28DCBA037C8DE,<==      Total: 20
05-23-2017 14:01:44.365,DEBUG,513F3C74603F1D1403E28DCBA037C8DE,Releasing transactional SqlSession [org.apache.ibatis.session.defaults.DefaultSqlSession@34cbb3]
05-23-2017 14:01:44.365,INFO ,513F3C74603F1D1403E28DCBA037C8DE,U0000000001,SQL execution finished
05-23-2017 14:01:44.365,DEBUG,513F3C74603F1D1403E28DCBA037C8DE,Fetched SqlSession [org.apache.ibatis.session.defaults.DefaultSqlSession@34cbb3] from current transaction
05-23-2017 14:01:44.365,DEBUG,513F3C74603F1D1403E28DCBA037C8DE,==>  Preparing: SELECT COUNT(*) FROM IVB_M_TASK T WHERE 1 = 1 AND T.DELETE_FLAG = '0' ORDER BY T.TASK_ID 
05-23-2017 14:01:44.365,DEBUG,513F3C74603F1D1403E28DCBA037C8DE,==> Parameters: 
05-23-2017 14:01:44.366,DEBUG,513F3C74603F1D1403E28DCBA037C8DE,<==      Total: 1
05-23-2017 14:01:44.366,DEBUG,513F3C74603F1D1403E28DCBA037C8DE,Releasing transactional SqlSession [org.apache.ibatis.session.defaults.DefaultSqlSession@34cbb3]
05-23-2017 14:01:44.366,INFO ,513F3C74603F1D1403E28DCBA037C8DE,U0000000001,Task searching finished ==> 43 item(s)
05-23-2017 14:01:44.366,DEBUG,513F3C74603F1D1403E28DCBA037C8DE,Transaction synchronization deregistering SqlSession [org.apache.ibatis.session.defaults.DefaultSqlSession@34cbb3]
05-23-2017 14:01:44.366,DEBUG,513F3C74603F1D1403E28DCBA037C8DE,Transaction synchronization closing SqlSession [org.apache.ibatis.session.defaults.DefaultSqlSession@34cbb3]
05-23-2017 14:01:44.366,DEBUG,513F3C74603F1D1403E28DCBA037C8DE,Returning JDBC Connection to DataSource
05-23-2017 14:01:44.366,INFO ,513F3C74603F1D1403E28DCBA037C8DE,U0000000001,vn.bananavietnam.ict.banana.service.Bnn0089SearchTaskService,searchData,[vn.bananavietnam.ict.banana.component.Bnn0089SearchTaskConditions@5671dc] METHOD END
05-23-2017 14:01:44.368,DEBUG,513F3C74603F1D1403E28DCBA037C8DE,Written [[vn.bananavietnam.ict.banana.component.Bnn0089SearchTaskResult@1091072, vn.bananavietnam.ict.banana.component.Bnn0089SearchTaskResult@42756a, vn.bananavietnam.ict.banana.component.Bnn0089SearchTaskResult@e75f06, vn.bananavietnam.ict.banana.component.Bnn0089SearchTaskResult@b2897b, vn.bananavietnam.ict.banana.component.Bnn0089SearchTaskResult@1f381df, vn.bananavietnam.ict.banana.component.Bnn0089SearchTaskResult@fd56ae, vn.bananavietnam.ict.banana.component.Bnn0089SearchTaskResult@522118, vn.bananavietnam.ict.banana.component.Bnn0089SearchTaskResult@2d98f8, vn.bananavietnam.ict.banana.component.Bnn0089SearchTaskResult@1951d5b, vn.bananavietnam.ict.banana.component.Bnn0089SearchTaskResult@1097a61, vn.bananavietnam.ict.banana.component.Bnn0089SearchTaskResult@4cd2b9, vn.bananavietnam.ict.banana.component.Bnn0089SearchTaskResult@c270d0, vn.bananavietnam.ict.banana.component.Bnn0089SearchTaskResult@158d616, vn.bananavietnam.ict.banana.component.Bnn0089SearchTaskResult@1507eee, vn.bananavietnam.ict.banana.component.Bnn0089SearchTaskResult@169a7e7, vn.bananavietnam.ict.banana.component.Bnn0089SearchTaskResult@dc156a, vn.bananavietnam.ict.banana.component.Bnn0089SearchTaskResult@1f58381, vn.bananavietnam.ict.banana.component.Bnn0089SearchTaskResult@1042adf, vn.bananavietnam.ict.banana.component.Bnn0089SearchTaskResult@12ae9c7, vn.bananavietnam.ict.banana.component.Bnn0089SearchTaskResult@179de8d]] as "application/json;charset=UTF-8" using [org.springframework.http.converter.json.MappingJackson2HttpMessageConverter@156f2cc]
05-23-2017 14:01:44.368,DEBUG,513F3C74603F1D1403E28DCBA037C8DE,Null ModelAndView returned to DispatcherServlet with name 'appServlet': assuming HandlerAdapter completed request handling
05-23-2017 14:01:44.368,DEBUG,513F3C74603F1D1403E28DCBA037C8DE,Successfully completed request
05-23-2017 14:01:44.368,DEBUG,513F3C74603F1D1403E28DCBA037C8DE,Chain processed normally
05-23-2017 14:01:44.368,DEBUG,513F3C74603F1D1403E28DCBA037C8DE,SecurityContextHolder now cleared, as request processing completed
