05-23-2017 14:59:29.289,DEBUG,DC9341F19CD356DC3A79D4990D6BC7CB,/0089/searchData at position 1 of 11 in additional filter chain; firing Filter: 'SecurityContextPersistenceFilter'
05-23-2017 14:59:29.289,DEBUG,DC9341F19CD356DC3A79D4990D6BC7CB,No HttpSession currently exists
05-23-2017 14:59:29.289,DEBUG,DC9341F19CD356DC3A79D4990D6BC7CB,No SecurityContext was available from the HttpSession: null. A new one will be created.
05-23-2017 14:59:29.289,DEBUG,DC9341F19CD356DC3A79D4990D6BC7CB,/0089/searchData at position 2 of 11 in additional filter chain; firing Filter: 'WebAsyncManagerIntegrationFilter'
05-23-2017 14:59:29.289,DEBUG,DC9341F19CD356DC3A79D4990D6BC7CB,/0089/searchData at position 3 of 11 in additional filter chain; firing Filter: 'LogoutFilter'
05-23-2017 14:59:29.289,DEBUG,DC9341F19CD356DC3A79D4990D6BC7CB,/0089/searchData at position 4 of 11 in additional filter chain; firing Filter: 'UsernamePasswordAuthenticationFilter'
05-23-2017 14:59:29.289,DEBUG,DC9341F19CD356DC3A79D4990D6BC7CB,/0089/searchData at position 5 of 11 in additional filter chain; firing Filter: 'BasicAuthenticationFilter'
05-23-2017 14:59:29.289,DEBUG,DC9341F19CD356DC3A79D4990D6BC7CB,/0089/searchData at position 6 of 11 in additional filter chain; firing Filter: 'RequestCacheAwareFilter'
05-23-2017 14:59:29.289,DEBUG,DC9341F19CD356DC3A79D4990D6BC7CB,/0089/searchData at position 7 of 11 in additional filter chain; firing Filter: 'SecurityContextHolderAwareRequestFilter'
05-23-2017 14:59:29.289,DEBUG,DC9341F19CD356DC3A79D4990D6BC7CB,/0089/searchData at position 8 of 11 in additional filter chain; firing Filter: 'AnonymousAuthenticationFilter'
05-23-2017 14:59:29.289,DEBUG,DC9341F19CD356DC3A79D4990D6BC7CB,Populated SecurityContextHolder with anonymous token: 'org.springframework.security.authentication.AnonymousAuthenticationToken@9055c2bc: Principal: anonymousUser; Credentials: [PROTECTED]; Authenticated: true; Details: org.springframework.security.web.authentication.WebAuthenticationDetails@b364: RemoteIpAddress: 0:0:0:0:0:0:0:1; SessionId: null; Granted Authorities: ROLE_ANONYMOUS'
05-23-2017 14:59:29.289,DEBUG,DC9341F19CD356DC3A79D4990D6BC7CB,/0089/searchData at position 9 of 11 in additional filter chain; firing Filter: 'SessionManagementFilter'
05-23-2017 14:59:29.289,DEBUG,DC9341F19CD356DC3A79D4990D6BC7CB,Requested session ID F3DFABEDA86BCBD22F8547C3C17FF4B6 is invalid.
05-23-2017 14:59:29.289,DEBUG,DC9341F19CD356DC3A79D4990D6BC7CB,/0089/searchData at position 10 of 11 in additional filter chain; firing Filter: 'ExceptionTranslationFilter'
05-23-2017 14:59:29.289,DEBUG,DC9341F19CD356DC3A79D4990D6BC7CB,/0089/searchData at position 11 of 11 in additional filter chain; firing Filter: 'FilterSecurityInterceptor'
05-23-2017 14:59:29.289,DEBUG,DC9341F19CD356DC3A79D4990D6BC7CB,Checking match of request : '/0089/searchdata'; against '/autherror*'
05-23-2017 14:59:29.289,DEBUG,DC9341F19CD356DC3A79D4990D6BC7CB,Checking match of request : '/0089/searchdata'; against '/login/**'
05-23-2017 14:59:29.289,DEBUG,DC9341F19CD356DC3A79D4990D6BC7CB,Checking match of request : '/0089/searchdata'; against '/error/**'
05-23-2017 14:59:29.289,DEBUG,DC9341F19CD356DC3A79D4990D6BC7CB,Checking match of request : '/0089/searchdata'; against '/0001/**'
05-23-2017 14:59:29.289,DEBUG,DC9341F19CD356DC3A79D4990D6BC7CB,Checking match of request : '/0089/searchdata'; against '/0002/**'
05-23-2017 14:59:29.289,DEBUG,DC9341F19CD356DC3A79D4990D6BC7CB,Checking match of request : '/0089/searchdata'; against '/0003/**'
05-23-2017 14:59:29.289,DEBUG,DC9341F19CD356DC3A79D4990D6BC7CB,Checking match of request : '/0089/searchdata'; against '/0005/**'
05-23-2017 14:59:29.289,DEBUG,DC9341F19CD356DC3A79D4990D6BC7CB,Checking match of request : '/0089/searchdata'; against '/0007/**'
05-23-2017 14:59:29.289,DEBUG,DC9341F19CD356DC3A79D4990D6BC7CB,Checking match of request : '/0089/searchdata'; against '/0009/**'
05-23-2017 14:59:29.289,DEBUG,DC9341F19CD356DC3A79D4990D6BC7CB,Checking match of request : '/0089/searchdata'; against '/0013/**'
05-23-2017 14:59:29.289,DEBUG,DC9341F19CD356DC3A79D4990D6BC7CB,Checking match of request : '/0089/searchdata'; against '/0023/**'
05-23-2017 14:59:29.289,DEBUG,DC9341F19CD356DC3A79D4990D6BC7CB,Checking match of request : '/0089/searchdata'; against '/0017/**'
05-23-2017 14:59:29.289,DEBUG,DC9341F19CD356DC3A79D4990D6BC7CB,Checking match of request : '/0089/searchdata'; against '/0031/**'
05-23-2017 14:59:29.289,DEBUG,DC9341F19CD356DC3A79D4990D6BC7CB,Checking match of request : '/0089/searchdata'; against '/0035/**'
05-23-2017 14:59:29.289,DEBUG,DC9341F19CD356DC3A79D4990D6BC7CB,Checking match of request : '/0089/searchdata'; against '/0037/**'
05-23-2017 14:59:29.290,DEBUG,DC9341F19CD356DC3A79D4990D6BC7CB,Checking match of request : '/0089/searchdata'; against '/0045/**'
05-23-2017 14:59:29.290,DEBUG,DC9341F19CD356DC3A79D4990D6BC7CB,Checking match of request : '/0089/searchdata'; against '/0047/**'
05-23-2017 14:59:29.290,DEBUG,DC9341F19CD356DC3A79D4990D6BC7CB,Checking match of request : '/0089/searchdata'; against '/0049/**'
05-23-2017 14:59:29.290,DEBUG,DC9341F19CD356DC3A79D4990D6BC7CB,Checking match of request : '/0089/searchdata'; against '/0061/**'
05-23-2017 14:59:29.290,DEBUG,DC9341F19CD356DC3A79D4990D6BC7CB,Checking match of request : '/0089/searchdata'; against '/0087/**'
05-23-2017 14:59:29.290,DEBUG,DC9341F19CD356DC3A79D4990D6BC7CB,Checking match of request : '/0089/searchdata'; against '/0075/**'
05-23-2017 14:59:29.290,DEBUG,DC9341F19CD356DC3A79D4990D6BC7CB,Checking match of request : '/0089/searchdata'; against '/0089/**'
05-23-2017 14:59:29.290,DEBUG,DC9341F19CD356DC3A79D4990D6BC7CB,Secure object: FilterInvocation: URL: /0089/searchData; Attributes: [ROLE_ADMIN, ROLE_USER, IS_AUTHENTICATED_FULLY]
05-23-2017 14:59:29.290,DEBUG,DC9341F19CD356DC3A79D4990D6BC7CB,Previously Authenticated: org.springframework.security.authentication.AnonymousAuthenticationToken@9055c2bc: Principal: anonymousUser; Credentials: [PROTECTED]; Authenticated: true; Details: org.springframework.security.web.authentication.WebAuthenticationDetails@b364: RemoteIpAddress: 0:0:0:0:0:0:0:1; SessionId: null; Granted Authorities: ROLE_ANONYMOUS
05-23-2017 14:59:29.290,DEBUG,DC9341F19CD356DC3A79D4990D6BC7CB,Voter: org.springframework.security.access.vote.RoleVoter@1ac872d, returned: -1
05-23-2017 14:59:29.290,DEBUG,DC9341F19CD356DC3A79D4990D6BC7CB,Voter: org.springframework.security.access.vote.AuthenticatedVoter@b1927d, returned: -1
05-23-2017 14:59:29.290,DEBUG,DC9341F19CD356DC3A79D4990D6BC7CB,Access is denied (user is anonymous); redirecting to authentication entry point
05-23-2017 14:59:29.291,DEBUG,DC9341F19CD356DC3A79D4990D6BC7CB,DefaultSavedRequest added to Session: DefaultSavedRequest[http://localhost:8080/ict/0089/searchData]
05-23-2017 14:59:29.291,DEBUG,DC9341F19CD356DC3A79D4990D6BC7CB,Calling Authentication entry point.
05-23-2017 14:59:29.291,DEBUG,DC9341F19CD356DC3A79D4990D6BC7CB,Redirecting to 'http://localhost:8080/ict/'
05-23-2017 14:59:29.291,DEBUG,DC9341F19CD356DC3A79D4990D6BC7CB,SecurityContext is empty or contents are anonymous - context will not be stored in HttpSession.
05-23-2017 14:59:29.291,DEBUG,DC9341F19CD356DC3A79D4990D6BC7CB,SecurityContextHolder now cleared, as request processing completed
05-23-2017 14:59:29.294,DEBUG,DC9341F19CD356DC3A79D4990D6BC7CB,/ at position 1 of 11 in additional filter chain; firing Filter: 'SecurityContextPersistenceFilter'
05-23-2017 14:59:29.294,DEBUG,DC9341F19CD356DC3A79D4990D6BC7CB,HttpSession returned null object for SPRING_SECURITY_CONTEXT
05-23-2017 14:59:29.294,DEBUG,DC9341F19CD356DC3A79D4990D6BC7CB,No SecurityContext was available from the HttpSession: org.apache.catalina.session.StandardSessionFacade@1b57225. A new one will be created.
05-23-2017 14:59:29.294,DEBUG,DC9341F19CD356DC3A79D4990D6BC7CB,/ at position 2 of 11 in additional filter chain; firing Filter: 'WebAsyncManagerIntegrationFilter'
05-23-2017 14:59:29.294,DEBUG,DC9341F19CD356DC3A79D4990D6BC7CB,/ at position 3 of 11 in additional filter chain; firing Filter: 'LogoutFilter'
05-23-2017 14:59:29.294,DEBUG,DC9341F19CD356DC3A79D4990D6BC7CB,/ at position 4 of 11 in additional filter chain; firing Filter: 'UsernamePasswordAuthenticationFilter'
05-23-2017 14:59:29.294,DEBUG,DC9341F19CD356DC3A79D4990D6BC7CB,/ at position 5 of 11 in additional filter chain; firing Filter: 'BasicAuthenticationFilter'
05-23-2017 14:59:29.294,DEBUG,DC9341F19CD356DC3A79D4990D6BC7CB,/ at position 6 of 11 in additional filter chain; firing Filter: 'RequestCacheAwareFilter'
05-23-2017 14:59:29.294,DEBUG,DC9341F19CD356DC3A79D4990D6BC7CB,pathInfo: both null (property equals)
05-23-2017 14:59:29.294,DEBUG,DC9341F19CD356DC3A79D4990D6BC7CB,queryString: both null (property equals)
05-23-2017 14:59:29.294,DEBUG,DC9341F19CD356DC3A79D4990D6BC7CB,requestURI: arg1=/ict/0089/searchData; arg2=/ict/ (property not equals)
05-23-2017 14:59:29.294,DEBUG,DC9341F19CD356DC3A79D4990D6BC7CB,saved request doesn't match
05-23-2017 14:59:29.294,DEBUG,DC9341F19CD356DC3A79D4990D6BC7CB,/ at position 7 of 11 in additional filter chain; firing Filter: 'SecurityContextHolderAwareRequestFilter'
05-23-2017 14:59:29.294,DEBUG,DC9341F19CD356DC3A79D4990D6BC7CB,/ at position 8 of 11 in additional filter chain; firing Filter: 'AnonymousAuthenticationFilter'
05-23-2017 14:59:29.294,DEBUG,DC9341F19CD356DC3A79D4990D6BC7CB,Populated SecurityContextHolder with anonymous token: 'org.springframework.security.authentication.AnonymousAuthenticationToken@9056f12c: Principal: anonymousUser; Credentials: [PROTECTED]; Authenticated: true; Details: org.springframework.security.web.authentication.WebAuthenticationDetails@380f4: RemoteIpAddress: 0:0:0:0:0:0:0:1; SessionId: C39B80F8D713B330986C39D847CCCADF; Granted Authorities: ROLE_ANONYMOUS'
05-23-2017 14:59:29.294,DEBUG,DC9341F19CD356DC3A79D4990D6BC7CB,/ at position 9 of 11 in additional filter chain; firing Filter: 'SessionManagementFilter'
05-23-2017 14:59:29.294,DEBUG,DC9341F19CD356DC3A79D4990D6BC7CB,/ at position 10 of 11 in additional filter chain; firing Filter: 'ExceptionTranslationFilter'
05-23-2017 14:59:29.294,DEBUG,DC9341F19CD356DC3A79D4990D6BC7CB,/ at position 11 of 11 in additional filter chain; firing Filter: 'FilterSecurityInterceptor'
05-23-2017 14:59:29.294,DEBUG,DC9341F19CD356DC3A79D4990D6BC7CB,Checking match of request : '/'; against '/autherror*'
05-23-2017 14:59:29.294,DEBUG,DC9341F19CD356DC3A79D4990D6BC7CB,Checking match of request : '/'; against '/login/**'
05-23-2017 14:59:29.294,DEBUG,DC9341F19CD356DC3A79D4990D6BC7CB,Checking match of request : '/'; against '/error/**'
05-23-2017 14:59:29.294,DEBUG,DC9341F19CD356DC3A79D4990D6BC7CB,Checking match of request : '/'; against '/0001/**'
05-23-2017 14:59:29.295,DEBUG,DC9341F19CD356DC3A79D4990D6BC7CB,Checking match of request : '/'; against '/0002/**'
05-23-2017 14:59:29.295,DEBUG,DC9341F19CD356DC3A79D4990D6BC7CB,Checking match of request : '/'; against '/0003/**'
05-23-2017 14:59:29.295,DEBUG,DC9341F19CD356DC3A79D4990D6BC7CB,Checking match of request : '/'; against '/0005/**'
05-23-2017 14:59:29.295,DEBUG,DC9341F19CD356DC3A79D4990D6BC7CB,Checking match of request : '/'; against '/0007/**'
05-23-2017 14:59:29.295,DEBUG,DC9341F19CD356DC3A79D4990D6BC7CB,Checking match of request : '/'; against '/0009/**'
05-23-2017 14:59:29.295,DEBUG,DC9341F19CD356DC3A79D4990D6BC7CB,Checking match of request : '/'; against '/0013/**'
05-23-2017 14:59:29.295,DEBUG,DC9341F19CD356DC3A79D4990D6BC7CB,Checking match of request : '/'; against '/0023/**'
05-23-2017 14:59:29.295,DEBUG,DC9341F19CD356DC3A79D4990D6BC7CB,Checking match of request : '/'; against '/0017/**'
05-23-2017 14:59:29.295,DEBUG,DC9341F19CD356DC3A79D4990D6BC7CB,Checking match of request : '/'; against '/0031/**'
05-23-2017 14:59:29.295,DEBUG,DC9341F19CD356DC3A79D4990D6BC7CB,Checking match of request : '/'; against '/0035/**'
05-23-2017 14:59:29.295,DEBUG,DC9341F19CD356DC3A79D4990D6BC7CB,Checking match of request : '/'; against '/0037/**'
05-23-2017 14:59:29.295,DEBUG,DC9341F19CD356DC3A79D4990D6BC7CB,Checking match of request : '/'; against '/0045/**'
05-23-2017 14:59:29.295,DEBUG,DC9341F19CD356DC3A79D4990D6BC7CB,Checking match of request : '/'; against '/0047/**'
05-23-2017 14:59:29.295,DEBUG,DC9341F19CD356DC3A79D4990D6BC7CB,Checking match of request : '/'; against '/0049/**'
05-23-2017 14:59:29.295,DEBUG,DC9341F19CD356DC3A79D4990D6BC7CB,Checking match of request : '/'; against '/0061/**'
05-23-2017 14:59:29.295,DEBUG,DC9341F19CD356DC3A79D4990D6BC7CB,Checking match of request : '/'; against '/0087/**'
05-23-2017 14:59:29.295,DEBUG,DC9341F19CD356DC3A79D4990D6BC7CB,Checking match of request : '/'; against '/0075/**'
05-23-2017 14:59:29.295,DEBUG,DC9341F19CD356DC3A79D4990D6BC7CB,Checking match of request : '/'; against '/0089/**'
05-23-2017 14:59:29.295,DEBUG,DC9341F19CD356DC3A79D4990D6BC7CB,Checking match of request : '/'; against '/0090/**'
05-23-2017 14:59:29.295,DEBUG,DC9341F19CD356DC3A79D4990D6BC7CB,Checking match of request : '/'; against '/0091/**'
05-23-2017 14:59:29.295,DEBUG,DC9341F19CD356DC3A79D4990D6BC7CB,Checking match of request : '/'; against '/0092/**'
05-23-2017 14:59:29.295,DEBUG,DC9341F19CD356DC3A79D4990D6BC7CB,Checking match of request : '/'; against '/0095/**'
05-23-2017 14:59:29.295,DEBUG,DC9341F19CD356DC3A79D4990D6BC7CB,Secure object: FilterInvocation: URL: /; Attributes: [IS_AUTHENTICATED_ANONYMOUSLY]
05-23-2017 14:59:29.295,DEBUG,DC9341F19CD356DC3A79D4990D6BC7CB,Previously Authenticated: org.springframework.security.authentication.AnonymousAuthenticationToken@9056f12c: Principal: anonymousUser; Credentials: [PROTECTED]; Authenticated: true; Details: org.springframework.security.web.authentication.WebAuthenticationDetails@380f4: RemoteIpAddress: 0:0:0:0:0:0:0:1; SessionId: C39B80F8D713B330986C39D847CCCADF; Granted Authorities: ROLE_ANONYMOUS
05-23-2017 14:59:29.295,DEBUG,DC9341F19CD356DC3A79D4990D6BC7CB,Voter: org.springframework.security.access.vote.RoleVoter@1ac872d, returned: 0
05-23-2017 14:59:29.295,DEBUG,DC9341F19CD356DC3A79D4990D6BC7CB,Voter: org.springframework.security.access.vote.AuthenticatedVoter@b1927d, returned: 1
05-23-2017 14:59:29.295,DEBUG,DC9341F19CD356DC3A79D4990D6BC7CB,Authorization successful
05-23-2017 14:59:29.295,DEBUG,DC9341F19CD356DC3A79D4990D6BC7CB,RunAsManager did not change Authentication object
05-23-2017 14:59:29.295,DEBUG,DC9341F19CD356DC3A79D4990D6BC7CB,/ reached end of additional filter chain; proceeding with original chain
05-23-2017 14:59:29.295,DEBUG,DC9341F19CD356DC3A79D4990D6BC7CB,Request [/ict/] is not a multipart request
05-23-2017 14:59:29.295,DEBUG,C39B80F8D713B330986C39D847CCCADF,DispatcherServlet with name 'appServlet' processing GET request for [/ict/]
05-23-2017 14:59:29.295,DEBUG,C39B80F8D713B330986C39D847CCCADF,Looking up handler method for path /
05-23-2017 14:59:29.295,DEBUG,C39B80F8D713B330986C39D847CCCADF,Returning handler method [public java.lang.String vn.bananavietnam.ict.common.controller.AuthController.login()]
05-23-2017 14:59:29.295,DEBUG,C39B80F8D713B330986C39D847CCCADF,Returning cached instance of singleton bean 'authController'
05-23-2017 14:59:29.295,DEBUG,C39B80F8D713B330986C39D847CCCADF,Last-Modified value for [/ict/] is: -1
05-23-2017 14:59:29.295,DEBUG,C39B80F8D713B330986C39D847CCCADF,Returning cached instance of singleton bean 'xml_path'
05-23-2017 14:59:29.295,DEBUG,C39B80F8D713B330986C39D847CCCADF,Rendering view [org.springframework.web.servlet.view.JstlView: name 'common/PageWrapper'; URL [/WEB-INF/views/common/PageWrapper.jsp]] in DispatcherServlet with name 'appServlet'
05-23-2017 14:59:29.296,DEBUG,C39B80F8D713B330986C39D847CCCADF,Forwarding to resource [/WEB-INF/views/common/PageWrapper.jsp] in InternalResourceView 'common/PageWrapper'
05-23-2017 14:59:29.296,DEBUG,C39B80F8D713B330986C39D847CCCADF,SecurityContext is empty or contents are anonymous - context will not be stored in HttpSession.
05-23-2017 14:59:29.296,DEBUG,C39B80F8D713B330986C39D847CCCADF,Successfully completed request
05-23-2017 14:59:29.296,DEBUG,C39B80F8D713B330986C39D847CCCADF,Chain processed normally
05-23-2017 14:59:29.296,DEBUG,C39B80F8D713B330986C39D847CCCADF,SecurityContextHolder now cleared, as request processing completed
05-23-2017 14:59:29.301,DEBUG,DC9341F19CD356DC3A79D4990D6BC7CB,/login at position 1 of 11 in additional filter chain; firing Filter: 'SecurityContextPersistenceFilter'
05-23-2017 14:59:29.301,DEBUG,DC9341F19CD356DC3A79D4990D6BC7CB,HttpSession returned null object for SPRING_SECURITY_CONTEXT
05-23-2017 14:59:29.301,DEBUG,DC9341F19CD356DC3A79D4990D6BC7CB,No SecurityContext was available from the HttpSession: org.apache.catalina.session.StandardSessionFacade@1b57225. A new one will be created.
05-23-2017 14:59:29.301,DEBUG,DC9341F19CD356DC3A79D4990D6BC7CB,/login at position 2 of 11 in additional filter chain; firing Filter: 'WebAsyncManagerIntegrationFilter'
05-23-2017 14:59:29.301,DEBUG,DC9341F19CD356DC3A79D4990D6BC7CB,/login at position 3 of 11 in additional filter chain; firing Filter: 'LogoutFilter'
05-23-2017 14:59:29.301,DEBUG,DC9341F19CD356DC3A79D4990D6BC7CB,Logging out user 'null' and transferring to logout destination
05-23-2017 14:59:29.301,DEBUG,DC9341F19CD356DC3A79D4990D6BC7CB,Invalidating session: C39B80F8D713B330986C39D847CCCADF
05-23-2017 14:59:29.301,DEBUG,DC9341F19CD356DC3A79D4990D6BC7CB,Using default Url: /
05-23-2017 14:59:29.301,DEBUG,DC9341F19CD356DC3A79D4990D6BC7CB,Redirecting to '/ict/'
05-23-2017 14:59:29.302,DEBUG,DC9341F19CD356DC3A79D4990D6BC7CB,SecurityContext is empty or contents are anonymous - context will not be stored in HttpSession.
05-23-2017 14:59:29.302,DEBUG,DC9341F19CD356DC3A79D4990D6BC7CB,SecurityContextHolder now cleared, as request processing completed
05-23-2017 14:59:29.304,DEBUG,59A618951A9AEC24131CCA3D48FBEC41,/ at position 1 of 11 in additional filter chain; firing Filter: 'SecurityContextPersistenceFilter'
05-23-2017 14:59:29.304,DEBUG,59A618951A9AEC24131CCA3D48FBEC41,No HttpSession currently exists
05-23-2017 14:59:29.304,DEBUG,59A618951A9AEC24131CCA3D48FBEC41,No SecurityContext was available from the HttpSession: null. A new one will be created.
05-23-2017 14:59:29.304,DEBUG,59A618951A9AEC24131CCA3D48FBEC41,/ at position 2 of 11 in additional filter chain; firing Filter: 'WebAsyncManagerIntegrationFilter'
05-23-2017 14:59:29.304,DEBUG,59A618951A9AEC24131CCA3D48FBEC41,/ at position 3 of 11 in additional filter chain; firing Filter: 'LogoutFilter'
05-23-2017 14:59:29.304,DEBUG,59A618951A9AEC24131CCA3D48FBEC41,/ at position 4 of 11 in additional filter chain; firing Filter: 'UsernamePasswordAuthenticationFilter'
05-23-2017 14:59:29.304,DEBUG,59A618951A9AEC24131CCA3D48FBEC41,/ at position 5 of 11 in additional filter chain; firing Filter: 'BasicAuthenticationFilter'
05-23-2017 14:59:29.304,DEBUG,59A618951A9AEC24131CCA3D48FBEC41,/ at position 6 of 11 in additional filter chain; firing Filter: 'RequestCacheAwareFilter'
05-23-2017 14:59:29.304,DEBUG,59A618951A9AEC24131CCA3D48FBEC41,/ at position 7 of 11 in additional filter chain; firing Filter: 'SecurityContextHolderAwareRequestFilter'
05-23-2017 14:59:29.304,DEBUG,59A618951A9AEC24131CCA3D48FBEC41,/ at position 8 of 11 in additional filter chain; firing Filter: 'AnonymousAuthenticationFilter'
05-23-2017 14:59:29.304,DEBUG,59A618951A9AEC24131CCA3D48FBEC41,Populated SecurityContextHolder with anonymous token: 'org.springframework.security.authentication.AnonymousAuthenticationToken@9055c2bc: Principal: anonymousUser; Credentials: [PROTECTED]; Authenticated: true; Details: org.springframework.security.web.authentication.WebAuthenticationDetails@b364: RemoteIpAddress: 0:0:0:0:0:0:0:1; SessionId: null; Granted Authorities: ROLE_ANONYMOUS'
05-23-2017 14:59:29.304,DEBUG,59A618951A9AEC24131CCA3D48FBEC41,/ at position 9 of 11 in additional filter chain; firing Filter: 'SessionManagementFilter'
05-23-2017 14:59:29.304,DEBUG,59A618951A9AEC24131CCA3D48FBEC41,Requested session ID C39B80F8D713B330986C39D847CCCADF is invalid.
05-23-2017 14:59:29.304,DEBUG,59A618951A9AEC24131CCA3D48FBEC41,/ at position 10 of 11 in additional filter chain; firing Filter: 'ExceptionTranslationFilter'
05-23-2017 14:59:29.304,DEBUG,59A618951A9AEC24131CCA3D48FBEC41,/ at position 11 of 11 in additional filter chain; firing Filter: 'FilterSecurityInterceptor'
05-23-2017 14:59:29.304,DEBUG,59A618951A9AEC24131CCA3D48FBEC41,Checking match of request : '/'; against '/autherror*'
05-23-2017 14:59:29.304,DEBUG,59A618951A9AEC24131CCA3D48FBEC41,Checking match of request : '/'; against '/login/**'
05-23-2017 14:59:29.304,DEBUG,59A618951A9AEC24131CCA3D48FBEC41,Checking match of request : '/'; against '/error/**'
05-23-2017 14:59:29.304,DEBUG,59A618951A9AEC24131CCA3D48FBEC41,Checking match of request : '/'; against '/0001/**'
05-23-2017 14:59:29.304,DEBUG,59A618951A9AEC24131CCA3D48FBEC41,Checking match of request : '/'; against '/0002/**'
05-23-2017 14:59:29.304,DEBUG,59A618951A9AEC24131CCA3D48FBEC41,Checking match of request : '/'; against '/0003/**'
05-23-2017 14:59:29.304,DEBUG,59A618951A9AEC24131CCA3D48FBEC41,Checking match of request : '/'; against '/0005/**'
05-23-2017 14:59:29.304,DEBUG,59A618951A9AEC24131CCA3D48FBEC41,Checking match of request : '/'; against '/0007/**'
05-23-2017 14:59:29.304,DEBUG,59A618951A9AEC24131CCA3D48FBEC41,Checking match of request : '/'; against '/0009/**'
05-23-2017 14:59:29.304,DEBUG,59A618951A9AEC24131CCA3D48FBEC41,Checking match of request : '/'; against '/0013/**'
05-23-2017 14:59:29.304,DEBUG,59A618951A9AEC24131CCA3D48FBEC41,Checking match of request : '/'; against '/0023/**'
05-23-2017 14:59:29.304,DEBUG,59A618951A9AEC24131CCA3D48FBEC41,Checking match of request : '/'; against '/0017/**'
05-23-2017 14:59:29.304,DEBUG,59A618951A9AEC24131CCA3D48FBEC41,Checking match of request : '/'; against '/0031/**'
05-23-2017 14:59:29.304,DEBUG,59A618951A9AEC24131CCA3D48FBEC41,Checking match of request : '/'; against '/0035/**'
05-23-2017 14:59:29.304,DEBUG,59A618951A9AEC24131CCA3D48FBEC41,Checking match of request : '/'; against '/0037/**'
05-23-2017 14:59:29.304,DEBUG,59A618951A9AEC24131CCA3D48FBEC41,Checking match of request : '/'; against '/0045/**'
05-23-2017 14:59:29.304,DEBUG,59A618951A9AEC24131CCA3D48FBEC41,Checking match of request : '/'; against '/0047/**'
05-23-2017 14:59:29.304,DEBUG,59A618951A9AEC24131CCA3D48FBEC41,Checking match of request : '/'; against '/0049/**'
05-23-2017 14:59:29.304,DEBUG,59A618951A9AEC24131CCA3D48FBEC41,Checking match of request : '/'; against '/0061/**'
05-23-2017 14:59:29.304,DEBUG,59A618951A9AEC24131CCA3D48FBEC41,Checking match of request : '/'; against '/0087/**'
05-23-2017 14:59:29.304,DEBUG,59A618951A9AEC24131CCA3D48FBEC41,Checking match of request : '/'; against '/0075/**'
05-23-2017 14:59:29.305,DEBUG,59A618951A9AEC24131CCA3D48FBEC41,Checking match of request : '/'; against '/0089/**'
05-23-2017 14:59:29.305,DEBUG,59A618951A9AEC24131CCA3D48FBEC41,Checking match of request : '/'; against '/0090/**'
05-23-2017 14:59:29.305,DEBUG,59A618951A9AEC24131CCA3D48FBEC41,Checking match of request : '/'; against '/0091/**'
05-23-2017 14:59:29.305,DEBUG,59A618951A9AEC24131CCA3D48FBEC41,Checking match of request : '/'; against '/0092/**'
05-23-2017 14:59:29.305,DEBUG,59A618951A9AEC24131CCA3D48FBEC41,Checking match of request : '/'; against '/0095/**'
05-23-2017 14:59:29.305,DEBUG,59A618951A9AEC24131CCA3D48FBEC41,Secure object: FilterInvocation: URL: /; Attributes: [IS_AUTHENTICATED_ANONYMOUSLY]
05-23-2017 14:59:29.305,DEBUG,59A618951A9AEC24131CCA3D48FBEC41,Previously Authenticated: org.springframework.security.authentication.AnonymousAuthenticationToken@9055c2bc: Principal: anonymousUser; Credentials: [PROTECTED]; Authenticated: true; Details: org.springframework.security.web.authentication.WebAuthenticationDetails@b364: RemoteIpAddress: 0:0:0:0:0:0:0:1; SessionId: null; Granted Authorities: ROLE_ANONYMOUS
05-23-2017 14:59:29.305,DEBUG,59A618951A9AEC24131CCA3D48FBEC41,Voter: org.springframework.security.access.vote.RoleVoter@1ac872d, returned: 0
05-23-2017 14:59:29.305,DEBUG,59A618951A9AEC24131CCA3D48FBEC41,Voter: org.springframework.security.access.vote.AuthenticatedVoter@b1927d, returned: 1
05-23-2017 14:59:29.305,DEBUG,59A618951A9AEC24131CCA3D48FBEC41,Authorization successful
05-23-2017 14:59:29.305,DEBUG,59A618951A9AEC24131CCA3D48FBEC41,RunAsManager did not change Authentication object
05-23-2017 14:59:29.305,DEBUG,59A618951A9AEC24131CCA3D48FBEC41,/ reached end of additional filter chain; proceeding with original chain
05-23-2017 14:59:29.305,DEBUG,59A618951A9AEC24131CCA3D48FBEC41,Request [/ict/] is not a multipart request
05-23-2017 14:59:29.305,DEBUG,D258EB6420C25B83A75E6230791464DB,DispatcherServlet with name 'appServlet' processing GET request for [/ict/]
05-23-2017 14:59:29.305,DEBUG,D258EB6420C25B83A75E6230791464DB,Looking up handler method for path /
05-23-2017 14:59:29.305,DEBUG,D258EB6420C25B83A75E6230791464DB,Returning handler method [public java.lang.String vn.bananavietnam.ict.common.controller.AuthController.login()]
05-23-2017 14:59:29.305,DEBUG,D258EB6420C25B83A75E6230791464DB,Returning cached instance of singleton bean 'authController'
05-23-2017 14:59:29.305,DEBUG,D258EB6420C25B83A75E6230791464DB,Last-Modified value for [/ict/] is: -1
05-23-2017 14:59:29.305,DEBUG,D258EB6420C25B83A75E6230791464DB,Returning cached instance of singleton bean 'xml_path'
05-23-2017 14:59:29.305,DEBUG,D258EB6420C25B83A75E6230791464DB,Rendering view [org.springframework.web.servlet.view.JstlView: name 'common/PageWrapper'; URL [/WEB-INF/views/common/PageWrapper.jsp]] in DispatcherServlet with name 'appServlet'
05-23-2017 14:59:29.305,DEBUG,D258EB6420C25B83A75E6230791464DB,Forwarding to resource [/WEB-INF/views/common/PageWrapper.jsp] in InternalResourceView 'common/PageWrapper'
05-23-2017 14:59:29.305,DEBUG,D258EB6420C25B83A75E6230791464DB,SecurityContext is empty or contents are anonymous - context will not be stored in HttpSession.
05-23-2017 14:59:29.306,DEBUG,D258EB6420C25B83A75E6230791464DB,Successfully completed request
05-23-2017 14:59:29.306,DEBUG,D258EB6420C25B83A75E6230791464DB,Chain processed normally
05-23-2017 14:59:29.306,DEBUG,D258EB6420C25B83A75E6230791464DB,SecurityContextHolder now cleared, as request processing completed
05-23-2017 14:59:29.317,DEBUG,F3DFABEDA86BCBD22F8547C3C17FF4B6,/login/ at position 1 of 11 in additional filter chain; firing Filter: 'SecurityContextPersistenceFilter'
05-23-2017 14:59:29.317,DEBUG,F3DFABEDA86BCBD22F8547C3C17FF4B6,HttpSession returned null object for SPRING_SECURITY_CONTEXT
05-23-2017 14:59:29.317,DEBUG,F3DFABEDA86BCBD22F8547C3C17FF4B6,No SecurityContext was available from the HttpSession: org.apache.catalina.session.StandardSessionFacade@9d78d7. A new one will be created.
05-23-2017 14:59:29.317,DEBUG,F3DFABEDA86BCBD22F8547C3C17FF4B6,/login/ at position 2 of 11 in additional filter chain; firing Filter: 'WebAsyncManagerIntegrationFilter'
05-23-2017 14:59:29.317,DEBUG,F3DFABEDA86BCBD22F8547C3C17FF4B6,/login/ at position 3 of 11 in additional filter chain; firing Filter: 'LogoutFilter'
05-23-2017 14:59:29.317,DEBUG,F3DFABEDA86BCBD22F8547C3C17FF4B6,/login/ at position 4 of 11 in additional filter chain; firing Filter: 'UsernamePasswordAuthenticationFilter'
05-23-2017 14:59:29.317,DEBUG,F3DFABEDA86BCBD22F8547C3C17FF4B6,/login/ at position 5 of 11 in additional filter chain; firing Filter: 'BasicAuthenticationFilter'
05-23-2017 14:59:29.317,DEBUG,F3DFABEDA86BCBD22F8547C3C17FF4B6,/login/ at position 6 of 11 in additional filter chain; firing Filter: 'RequestCacheAwareFilter'
05-23-2017 14:59:29.317,DEBUG,F3DFABEDA86BCBD22F8547C3C17FF4B6,/login/ at position 7 of 11 in additional filter chain; firing Filter: 'SecurityContextHolderAwareRequestFilter'
05-23-2017 14:59:29.317,DEBUG,F3DFABEDA86BCBD22F8547C3C17FF4B6,/login/ at position 8 of 11 in additional filter chain; firing Filter: 'AnonymousAuthenticationFilter'
05-23-2017 14:59:29.317,DEBUG,F3DFABEDA86BCBD22F8547C3C17FF4B6,Populated SecurityContextHolder with anonymous token: 'org.springframework.security.authentication.AnonymousAuthenticationToken@90514580: Principal: anonymousUser; Credentials: [PROTECTED]; Authenticated: true; Details: org.springframework.security.web.authentication.WebAuthenticationDetails@43458: RemoteIpAddress: 0:0:0:0:0:0:0:1; SessionId: D258EB6420C25B83A75E6230791464DB; Granted Authorities: ROLE_ANONYMOUS'
05-23-2017 14:59:29.317,DEBUG,F3DFABEDA86BCBD22F8547C3C17FF4B6,/login/ at position 9 of 11 in additional filter chain; firing Filter: 'SessionManagementFilter'
05-23-2017 14:59:29.317,DEBUG,F3DFABEDA86BCBD22F8547C3C17FF4B6,/login/ at position 10 of 11 in additional filter chain; firing Filter: 'ExceptionTranslationFilter'
05-23-2017 14:59:29.317,DEBUG,F3DFABEDA86BCBD22F8547C3C17FF4B6,/login/ at position 11 of 11 in additional filter chain; firing Filter: 'FilterSecurityInterceptor'
05-23-2017 14:59:29.317,DEBUG,F3DFABEDA86BCBD22F8547C3C17FF4B6,Checking match of request : '/login/'; against '/autherror*'
05-23-2017 14:59:29.317,DEBUG,F3DFABEDA86BCBD22F8547C3C17FF4B6,Checking match of request : '/login/'; against '/login/**'
05-23-2017 14:59:29.317,DEBUG,F3DFABEDA86BCBD22F8547C3C17FF4B6,Secure object: FilterInvocation: URL: /login/; Attributes: [IS_AUTHENTICATED_ANONYMOUSLY]
05-23-2017 14:59:29.317,DEBUG,F3DFABEDA86BCBD22F8547C3C17FF4B6,Previously Authenticated: org.springframework.security.authentication.AnonymousAuthenticationToken@90514580: Principal: anonymousUser; Credentials: [PROTECTED]; Authenticated: true; Details: org.springframework.security.web.authentication.WebAuthenticationDetails@43458: RemoteIpAddress: 0:0:0:0:0:0:0:1; SessionId: D258EB6420C25B83A75E6230791464DB; Granted Authorities: ROLE_ANONYMOUS
05-23-2017 14:59:29.317,DEBUG,F3DFABEDA86BCBD22F8547C3C17FF4B6,Voter: org.springframework.security.access.vote.RoleVoter@1ac872d, returned: 0
05-23-2017 14:59:29.317,DEBUG,F3DFABEDA86BCBD22F8547C3C17FF4B6,Voter: org.springframework.security.access.vote.AuthenticatedVoter@b1927d, returned: 1
05-23-2017 14:59:29.317,DEBUG,F3DFABEDA86BCBD22F8547C3C17FF4B6,Authorization successful
05-23-2017 14:59:29.317,DEBUG,F3DFABEDA86BCBD22F8547C3C17FF4B6,RunAsManager did not change Authentication object
05-23-2017 14:59:29.317,DEBUG,F3DFABEDA86BCBD22F8547C3C17FF4B6,/login/ reached end of additional filter chain; proceeding with original chain
05-23-2017 14:59:29.317,DEBUG,F3DFABEDA86BCBD22F8547C3C17FF4B6,Request [/ict/login/] is not a multipart request
05-23-2017 14:59:29.318,DEBUG,D258EB6420C25B83A75E6230791464DB,DispatcherServlet with name 'appServlet' processing GET request for [/ict/login/]
05-23-2017 14:59:29.318,DEBUG,D258EB6420C25B83A75E6230791464DB,Looking up handler method for path /login/
05-23-2017 14:59:29.318,DEBUG,D258EB6420C25B83A75E6230791464DB,Returning handler method [public java.lang.String vn.bananavietnam.ict.common.controller.LoginController.top(java.util.Locale,org.springframework.ui.Model)]
05-23-2017 14:59:29.318,DEBUG,D258EB6420C25B83A75E6230791464DB,Returning cached instance of singleton bean 'loginController'
05-23-2017 14:59:29.318,DEBUG,D258EB6420C25B83A75E6230791464DB,Last-Modified value for [/ict/login/] is: -1
05-23-2017 14:59:29.318,DEBUG,D258EB6420C25B83A75E6230791464DB,Returning cached instance of singleton bean 'xml_path'
05-23-2017 14:59:29.318,DEBUG,D258EB6420C25B83A75E6230791464DB,Rendering view [org.springframework.web.servlet.view.JstlView: name 'common/login'; URL [/WEB-INF/views/common/login.jsp]] in DispatcherServlet with name 'appServlet'
05-23-2017 14:59:29.318,DEBUG,D258EB6420C25B83A75E6230791464DB,Forwarding to resource [/WEB-INF/views/common/login.jsp] in InternalResourceView 'common/login'
05-23-2017 14:59:29.320,DEBUG,D258EB6420C25B83A75E6230791464DB,SecurityContext is empty or contents are anonymous - context will not be stored in HttpSession.
05-23-2017 14:59:29.320,DEBUG,D258EB6420C25B83A75E6230791464DB,Successfully completed request
05-23-2017 14:59:29.320,DEBUG,D258EB6420C25B83A75E6230791464DB,Chain processed normally
05-23-2017 14:59:29.320,DEBUG,D258EB6420C25B83A75E6230791464DB,SecurityContextHolder now cleared, as request processing completed
05-23-2017 14:59:36.322,DEBUG,F3DFABEDA86BCBD22F8547C3C17FF4B6,/?language=en at position 1 of 11 in additional filter chain; firing Filter: 'SecurityContextPersistenceFilter'
05-23-2017 14:59:36.322,DEBUG,F3DFABEDA86BCBD22F8547C3C17FF4B6,HttpSession returned null object for SPRING_SECURITY_CONTEXT
05-23-2017 14:59:36.322,DEBUG,F3DFABEDA86BCBD22F8547C3C17FF4B6,No SecurityContext was available from the HttpSession: org.apache.catalina.session.StandardSessionFacade@9d78d7. A new one will be created.
05-23-2017 14:59:36.322,DEBUG,F3DFABEDA86BCBD22F8547C3C17FF4B6,/?language=en at position 2 of 11 in additional filter chain; firing Filter: 'WebAsyncManagerIntegrationFilter'
05-23-2017 14:59:36.322,DEBUG,F3DFABEDA86BCBD22F8547C3C17FF4B6,/?language=en at position 3 of 11 in additional filter chain; firing Filter: 'LogoutFilter'
05-23-2017 14:59:36.323,DEBUG,F3DFABEDA86BCBD22F8547C3C17FF4B6,/?language=en at position 4 of 11 in additional filter chain; firing Filter: 'UsernamePasswordAuthenticationFilter'
05-23-2017 14:59:36.323,DEBUG,F3DFABEDA86BCBD22F8547C3C17FF4B6,/?language=en at position 5 of 11 in additional filter chain; firing Filter: 'BasicAuthenticationFilter'
05-23-2017 14:59:36.323,DEBUG,F3DFABEDA86BCBD22F8547C3C17FF4B6,/?language=en at position 6 of 11 in additional filter chain; firing Filter: 'RequestCacheAwareFilter'
05-23-2017 14:59:36.323,DEBUG,F3DFABEDA86BCBD22F8547C3C17FF4B6,/?language=en at position 7 of 11 in additional filter chain; firing Filter: 'SecurityContextHolderAwareRequestFilter'
05-23-2017 14:59:36.323,DEBUG,F3DFABEDA86BCBD22F8547C3C17FF4B6,/?language=en at position 8 of 11 in additional filter chain; firing Filter: 'AnonymousAuthenticationFilter'
05-23-2017 14:59:36.323,DEBUG,F3DFABEDA86BCBD22F8547C3C17FF4B6,Populated SecurityContextHolder with anonymous token: 'org.springframework.security.authentication.AnonymousAuthenticationToken@90514580: Principal: anonymousUser; Credentials: [PROTECTED]; Authenticated: true; Details: org.springframework.security.web.authentication.WebAuthenticationDetails@43458: RemoteIpAddress: 0:0:0:0:0:0:0:1; SessionId: D258EB6420C25B83A75E6230791464DB; Granted Authorities: ROLE_ANONYMOUS'
05-23-2017 14:59:36.323,DEBUG,F3DFABEDA86BCBD22F8547C3C17FF4B6,/?language=en at position 9 of 11 in additional filter chain; firing Filter: 'SessionManagementFilter'
05-23-2017 14:59:36.323,DEBUG,F3DFABEDA86BCBD22F8547C3C17FF4B6,/?language=en at position 10 of 11 in additional filter chain; firing Filter: 'ExceptionTranslationFilter'
05-23-2017 14:59:36.323,DEBUG,F3DFABEDA86BCBD22F8547C3C17FF4B6,/?language=en at position 11 of 11 in additional filter chain; firing Filter: 'FilterSecurityInterceptor'
05-23-2017 14:59:36.323,DEBUG,F3DFABEDA86BCBD22F8547C3C17FF4B6,Checking match of request : '/'; against '/autherror*'
05-23-2017 14:59:36.323,DEBUG,F3DFABEDA86BCBD22F8547C3C17FF4B6,Checking match of request : '/'; against '/login/**'
05-23-2017 14:59:36.324,DEBUG,F3DFABEDA86BCBD22F8547C3C17FF4B6,Checking match of request : '/'; against '/error/**'
05-23-2017 14:59:36.324,DEBUG,F3DFABEDA86BCBD22F8547C3C17FF4B6,Checking match of request : '/'; against '/0001/**'
05-23-2017 14:59:36.324,DEBUG,F3DFABEDA86BCBD22F8547C3C17FF4B6,Checking match of request : '/'; against '/0002/**'
05-23-2017 14:59:36.324,DEBUG,F3DFABEDA86BCBD22F8547C3C17FF4B6,Checking match of request : '/'; against '/0003/**'
05-23-2017 14:59:36.324,DEBUG,F3DFABEDA86BCBD22F8547C3C17FF4B6,Checking match of request : '/'; against '/0005/**'
05-23-2017 14:59:36.324,DEBUG,F3DFABEDA86BCBD22F8547C3C17FF4B6,Checking match of request : '/'; against '/0007/**'
05-23-2017 14:59:36.324,DEBUG,F3DFABEDA86BCBD22F8547C3C17FF4B6,Checking match of request : '/'; against '/0009/**'
05-23-2017 14:59:36.324,DEBUG,F3DFABEDA86BCBD22F8547C3C17FF4B6,Checking match of request : '/'; against '/0013/**'
05-23-2017 14:59:36.324,DEBUG,F3DFABEDA86BCBD22F8547C3C17FF4B6,Checking match of request : '/'; against '/0023/**'
05-23-2017 14:59:36.324,DEBUG,F3DFABEDA86BCBD22F8547C3C17FF4B6,Checking match of request : '/'; against '/0017/**'
05-23-2017 14:59:36.324,DEBUG,F3DFABEDA86BCBD22F8547C3C17FF4B6,Checking match of request : '/'; against '/0031/**'
05-23-2017 14:59:36.324,DEBUG,F3DFABEDA86BCBD22F8547C3C17FF4B6,Checking match of request : '/'; against '/0035/**'
05-23-2017 14:59:36.324,DEBUG,F3DFABEDA86BCBD22F8547C3C17FF4B6,Checking match of request : '/'; against '/0037/**'
05-23-2017 14:59:36.324,DEBUG,F3DFABEDA86BCBD22F8547C3C17FF4B6,Checking match of request : '/'; against '/0045/**'
05-23-2017 14:59:36.324,DEBUG,F3DFABEDA86BCBD22F8547C3C17FF4B6,Checking match of request : '/'; against '/0047/**'
05-23-2017 14:59:36.324,DEBUG,F3DFABEDA86BCBD22F8547C3C17FF4B6,Checking match of request : '/'; against '/0049/**'
05-23-2017 14:59:36.325,DEBUG,F3DFABEDA86BCBD22F8547C3C17FF4B6,Checking match of request : '/'; against '/0061/**'
05-23-2017 14:59:36.325,DEBUG,F3DFABEDA86BCBD22F8547C3C17FF4B6,Checking match of request : '/'; against '/0087/**'
05-23-2017 14:59:36.325,DEBUG,F3DFABEDA86BCBD22F8547C3C17FF4B6,Checking match of request : '/'; against '/0075/**'
05-23-2017 14:59:36.325,DEBUG,F3DFABEDA86BCBD22F8547C3C17FF4B6,Checking match of request : '/'; against '/0089/**'
05-23-2017 14:59:36.325,DEBUG,F3DFABEDA86BCBD22F8547C3C17FF4B6,Checking match of request : '/'; against '/0090/**'
05-23-2017 14:59:36.325,DEBUG,F3DFABEDA86BCBD22F8547C3C17FF4B6,Checking match of request : '/'; against '/0091/**'
05-23-2017 14:59:36.325,DEBUG,F3DFABEDA86BCBD22F8547C3C17FF4B6,Checking match of request : '/'; against '/0092/**'
05-23-2017 14:59:36.325,DEBUG,F3DFABEDA86BCBD22F8547C3C17FF4B6,Checking match of request : '/'; against '/0095/**'
05-23-2017 14:59:36.325,DEBUG,F3DFABEDA86BCBD22F8547C3C17FF4B6,Secure object: FilterInvocation: URL: /?language=en; Attributes: [IS_AUTHENTICATED_ANONYMOUSLY]
05-23-2017 14:59:36.325,DEBUG,F3DFABEDA86BCBD22F8547C3C17FF4B6,Previously Authenticated: org.springframework.security.authentication.AnonymousAuthenticationToken@90514580: Principal: anonymousUser; Credentials: [PROTECTED]; Authenticated: true; Details: org.springframework.security.web.authentication.WebAuthenticationDetails@43458: RemoteIpAddress: 0:0:0:0:0:0:0:1; SessionId: D258EB6420C25B83A75E6230791464DB; Granted Authorities: ROLE_ANONYMOUS
05-23-2017 14:59:36.325,DEBUG,F3DFABEDA86BCBD22F8547C3C17FF4B6,Voter: org.springframework.security.access.vote.RoleVoter@1ac872d, returned: 0
05-23-2017 14:59:36.325,DEBUG,F3DFABEDA86BCBD22F8547C3C17FF4B6,Voter: org.springframework.security.access.vote.AuthenticatedVoter@b1927d, returned: 1
05-23-2017 14:59:36.325,DEBUG,F3DFABEDA86BCBD22F8547C3C17FF4B6,Authorization successful
05-23-2017 14:59:36.325,DEBUG,F3DFABEDA86BCBD22F8547C3C17FF4B6,RunAsManager did not change Authentication object
05-23-2017 14:59:36.325,DEBUG,F3DFABEDA86BCBD22F8547C3C17FF4B6,/?language=en reached end of additional filter chain; proceeding with original chain
05-23-2017 14:59:36.325,DEBUG,F3DFABEDA86BCBD22F8547C3C17FF4B6,Request [/ict/] is not a multipart request
05-23-2017 14:59:36.326,DEBUG,D258EB6420C25B83A75E6230791464DB,DispatcherServlet with name 'appServlet' processing GET request for [/ict/]
05-23-2017 14:59:36.326,DEBUG,D258EB6420C25B83A75E6230791464DB,Looking up handler method for path /
05-23-2017 14:59:36.326,DEBUG,D258EB6420C25B83A75E6230791464DB,Returning handler method [public java.lang.String vn.bananavietnam.ict.common.controller.AuthController.login()]
05-23-2017 14:59:36.326,DEBUG,D258EB6420C25B83A75E6230791464DB,Returning cached instance of singleton bean 'authController'
05-23-2017 14:59:36.326,DEBUG,D258EB6420C25B83A75E6230791464DB,Last-Modified value for [/ict/] is: -1
05-23-2017 14:59:36.327,DEBUG,D258EB6420C25B83A75E6230791464DB,Returning cached instance of singleton bean 'xml_path'
05-23-2017 14:59:36.327,DEBUG,D258EB6420C25B83A75E6230791464DB,Rendering view [org.springframework.web.servlet.view.JstlView: name 'common/PageWrapper'; URL [/WEB-INF/views/common/PageWrapper.jsp]] in DispatcherServlet with name 'appServlet'
05-23-2017 14:59:36.328,DEBUG,D258EB6420C25B83A75E6230791464DB,Forwarding to resource [/WEB-INF/views/common/PageWrapper.jsp] in InternalResourceView 'common/PageWrapper'
05-23-2017 14:59:36.328,DEBUG,D258EB6420C25B83A75E6230791464DB,SecurityContext is empty or contents are anonymous - context will not be stored in HttpSession.
05-23-2017 14:59:36.329,DEBUG,D258EB6420C25B83A75E6230791464DB,Successfully completed request
05-23-2017 14:59:36.329,DEBUG,D258EB6420C25B83A75E6230791464DB,Chain processed normally
05-23-2017 14:59:36.329,DEBUG,D258EB6420C25B83A75E6230791464DB,SecurityContextHolder now cleared, as request processing completed
05-23-2017 14:59:36.345,DEBUG,F3DFABEDA86BCBD22F8547C3C17FF4B6,/login/ at position 1 of 11 in additional filter chain; firing Filter: 'SecurityContextPersistenceFilter'
05-23-2017 14:59:36.345,DEBUG,F3DFABEDA86BCBD22F8547C3C17FF4B6,HttpSession returned null object for SPRING_SECURITY_CONTEXT
05-23-2017 14:59:36.345,DEBUG,F3DFABEDA86BCBD22F8547C3C17FF4B6,No SecurityContext was available from the HttpSession: org.apache.catalina.session.StandardSessionFacade@9d78d7. A new one will be created.
05-23-2017 14:59:36.345,DEBUG,F3DFABEDA86BCBD22F8547C3C17FF4B6,/login/ at position 2 of 11 in additional filter chain; firing Filter: 'WebAsyncManagerIntegrationFilter'
05-23-2017 14:59:36.345,DEBUG,F3DFABEDA86BCBD22F8547C3C17FF4B6,/login/ at position 3 of 11 in additional filter chain; firing Filter: 'LogoutFilter'
05-23-2017 14:59:36.345,DEBUG,F3DFABEDA86BCBD22F8547C3C17FF4B6,/login/ at position 4 of 11 in additional filter chain; firing Filter: 'UsernamePasswordAuthenticationFilter'
05-23-2017 14:59:36.345,DEBUG,F3DFABEDA86BCBD22F8547C3C17FF4B6,/login/ at position 5 of 11 in additional filter chain; firing Filter: 'BasicAuthenticationFilter'
05-23-2017 14:59:36.345,DEBUG,F3DFABEDA86BCBD22F8547C3C17FF4B6,/login/ at position 6 of 11 in additional filter chain; firing Filter: 'RequestCacheAwareFilter'
05-23-2017 14:59:36.345,DEBUG,F3DFABEDA86BCBD22F8547C3C17FF4B6,/login/ at position 7 of 11 in additional filter chain; firing Filter: 'SecurityContextHolderAwareRequestFilter'
05-23-2017 14:59:36.345,DEBUG,F3DFABEDA86BCBD22F8547C3C17FF4B6,/login/ at position 8 of 11 in additional filter chain; firing Filter: 'AnonymousAuthenticationFilter'
05-23-2017 14:59:36.345,DEBUG,F3DFABEDA86BCBD22F8547C3C17FF4B6,Populated SecurityContextHolder with anonymous token: 'org.springframework.security.authentication.AnonymousAuthenticationToken@90514580: Principal: anonymousUser; Credentials: [PROTECTED]; Authenticated: true; Details: org.springframework.security.web.authentication.WebAuthenticationDetails@43458: RemoteIpAddress: 0:0:0:0:0:0:0:1; SessionId: D258EB6420C25B83A75E6230791464DB; Granted Authorities: ROLE_ANONYMOUS'
05-23-2017 14:59:36.346,DEBUG,F3DFABEDA86BCBD22F8547C3C17FF4B6,/login/ at position 9 of 11 in additional filter chain; firing Filter: 'SessionManagementFilter'
05-23-2017 14:59:36.346,DEBUG,F3DFABEDA86BCBD22F8547C3C17FF4B6,/login/ at position 10 of 11 in additional filter chain; firing Filter: 'ExceptionTranslationFilter'
05-23-2017 14:59:36.346,DEBUG,F3DFABEDA86BCBD22F8547C3C17FF4B6,/login/ at position 11 of 11 in additional filter chain; firing Filter: 'FilterSecurityInterceptor'
05-23-2017 14:59:36.346,DEBUG,F3DFABEDA86BCBD22F8547C3C17FF4B6,Checking match of request : '/login/'; against '/autherror*'
05-23-2017 14:59:36.346,DEBUG,F3DFABEDA86BCBD22F8547C3C17FF4B6,Checking match of request : '/login/'; against '/login/**'
05-23-2017 14:59:36.346,DEBUG,F3DFABEDA86BCBD22F8547C3C17FF4B6,Secure object: FilterInvocation: URL: /login/; Attributes: [IS_AUTHENTICATED_ANONYMOUSLY]
05-23-2017 14:59:36.346,DEBUG,F3DFABEDA86BCBD22F8547C3C17FF4B6,Previously Authenticated: org.springframework.security.authentication.AnonymousAuthenticationToken@90514580: Principal: anonymousUser; Credentials: [PROTECTED]; Authenticated: true; Details: org.springframework.security.web.authentication.WebAuthenticationDetails@43458: RemoteIpAddress: 0:0:0:0:0:0:0:1; SessionId: D258EB6420C25B83A75E6230791464DB; Granted Authorities: ROLE_ANONYMOUS
05-23-2017 14:59:36.346,DEBUG,F3DFABEDA86BCBD22F8547C3C17FF4B6,Voter: org.springframework.security.access.vote.RoleVoter@1ac872d, returned: 0
05-23-2017 14:59:36.346,DEBUG,F3DFABEDA86BCBD22F8547C3C17FF4B6,Voter: org.springframework.security.access.vote.AuthenticatedVoter@b1927d, returned: 1
05-23-2017 14:59:36.346,DEBUG,F3DFABEDA86BCBD22F8547C3C17FF4B6,Authorization successful
05-23-2017 14:59:36.346,DEBUG,F3DFABEDA86BCBD22F8547C3C17FF4B6,RunAsManager did not change Authentication object
05-23-2017 14:59:36.346,DEBUG,F3DFABEDA86BCBD22F8547C3C17FF4B6,/login/ reached end of additional filter chain; proceeding with original chain
05-23-2017 14:59:36.346,DEBUG,F3DFABEDA86BCBD22F8547C3C17FF4B6,Request [/ict/login/] is not a multipart request
05-23-2017 14:59:36.346,DEBUG,D258EB6420C25B83A75E6230791464DB,DispatcherServlet with name 'appServlet' processing GET request for [/ict/login/]
05-23-2017 14:59:36.346,DEBUG,D258EB6420C25B83A75E6230791464DB,Looking up handler method for path /login/
05-23-2017 14:59:36.346,DEBUG,D258EB6420C25B83A75E6230791464DB,Returning handler method [public java.lang.String vn.bananavietnam.ict.common.controller.LoginController.top(java.util.Locale,org.springframework.ui.Model)]
05-23-2017 14:59:36.346,DEBUG,D258EB6420C25B83A75E6230791464DB,Returning cached instance of singleton bean 'loginController'
05-23-2017 14:59:36.346,DEBUG,D258EB6420C25B83A75E6230791464DB,Last-Modified value for [/ict/login/] is: -1
05-23-2017 14:59:36.346,DEBUG,D258EB6420C25B83A75E6230791464DB,Returning cached instance of singleton bean 'xml_path'
05-23-2017 14:59:36.347,DEBUG,D258EB6420C25B83A75E6230791464DB,Rendering view [org.springframework.web.servlet.view.JstlView: name 'common/login'; URL [/WEB-INF/views/common/login.jsp]] in DispatcherServlet with name 'appServlet'
05-23-2017 14:59:36.347,DEBUG,D258EB6420C25B83A75E6230791464DB,Forwarding to resource [/WEB-INF/views/common/login.jsp] in InternalResourceView 'common/login'
05-23-2017 14:59:36.349,DEBUG,D258EB6420C25B83A75E6230791464DB,SecurityContext is empty or contents are anonymous - context will not be stored in HttpSession.
05-23-2017 14:59:36.350,DEBUG,D258EB6420C25B83A75E6230791464DB,Successfully completed request
05-23-2017 14:59:36.350,DEBUG,D258EB6420C25B83A75E6230791464DB,Chain processed normally
05-23-2017 14:59:36.350,DEBUG,D258EB6420C25B83A75E6230791464DB,SecurityContextHolder now cleared, as request processing completed
05-23-2017 14:59:40.821,DEBUG,F3DFABEDA86BCBD22F8547C3C17FF4B6,/j_spring_security_check at position 1 of 11 in additional filter chain; firing Filter: 'SecurityContextPersistenceFilter'
05-23-2017 14:59:40.821,DEBUG,F3DFABEDA86BCBD22F8547C3C17FF4B6,HttpSession returned null object for SPRING_SECURITY_CONTEXT
05-23-2017 14:59:40.821,DEBUG,F3DFABEDA86BCBD22F8547C3C17FF4B6,No SecurityContext was available from the HttpSession: org.apache.catalina.session.StandardSessionFacade@9d78d7. A new one will be created.
05-23-2017 14:59:40.821,DEBUG,F3DFABEDA86BCBD22F8547C3C17FF4B6,/j_spring_security_check at position 2 of 11 in additional filter chain; firing Filter: 'WebAsyncManagerIntegrationFilter'
05-23-2017 14:59:40.821,DEBUG,F3DFABEDA86BCBD22F8547C3C17FF4B6,/j_spring_security_check at position 3 of 11 in additional filter chain; firing Filter: 'LogoutFilter'
05-23-2017 14:59:40.821,DEBUG,F3DFABEDA86BCBD22F8547C3C17FF4B6,/j_spring_security_check at position 4 of 11 in additional filter chain; firing Filter: 'UsernamePasswordAuthenticationFilter'
05-23-2017 14:59:40.821,DEBUG,F3DFABEDA86BCBD22F8547C3C17FF4B6,Request is to process authentication
05-23-2017 14:59:40.821,DEBUG,F3DFABEDA86BCBD22F8547C3C17FF4B6,Authentication attempt using org.springframework.security.authentication.dao.DaoAuthenticationProvider
05-23-2017 14:59:40.821,DEBUG,F3DFABEDA86BCBD22F8547C3C17FF4B6,Executing prepared SQL query
05-23-2017 14:59:40.821,DEBUG,F3DFABEDA86BCBD22F8547C3C17FF4B6,Executing prepared SQL statement [select users_authorization.usersId as id,                users_authorization.usersName as username,                      users_authorization.usersPassword as password,                      users_authorization.usersFullName as userfullname,                      1 as enabled,                      CASE                       WHEN users_authorization.authorizationTypeId IS NULL THEN '0'                          ELSE users_authorization.authorizationTypeId                      END as roleid,                      CASE                 WHEN access.SCREEN_DISPLAY_ENABLE_FLAG IS NULL THEN '0'                 ELSE access.SCREEN_DISPLAY_ENABLE_FLAG                END as roledisplay,                      CASE                 WHEN access.ADDABLE_FLAG IS NULL THEN '0'                 ELSE access.ADDABLE_FLAG                END as roleadd,                      CASE                 WHEN access.UPDATABLE_FLAG IS NULL THEN '0'                 ELSE access.UPDATABLE_FLAG                END as roleupdate,                      CASE                 WHEN access.DELETABLE_FLAG IS NULL THEN '0'                 ELSE access.DELETABLE_FLAG                END as roledelete,                      CASE                 WHEN access.REFERENCE_FLAG IS NULL THEN '0'                 ELSE access.REFERENCE_FLAG                END as rolereference,                       access.SCREEN_ID as screenid              from (select users_manager.usersId,                 users_manager.usersName,                 users_manager.usersPassword,                 users_manager.usersFullName,                 users_manager.authorizationTypeId,                 authorization.AUTHORIZATION_TYPE_NAME authorizationTypeName,                 authorization.ACCESS_AUTHORITY_ID accessAuthorityId               from (select users.USERS_ID usersId,                  users.USERS_ID usersName,                  users.PASSWORD usersPassword,                  users.USERS_NAME usersFullName,                  manager.AUTHORIZATION_TYPE_ID authorizationTypeId                from IVB_M_USERS users                left join IVB_M_MANAGER manager                 on users.USERS_ID = manager.USERS_ID                 and manager.DELETE_FLAG = '0'                where users.USERS_ID = ?                 and users.DELETE_FLAG = '0'                ) users_manager               left join IVB_M_AUTHORIZATION authorization                on users_manager.authorizationTypeId = authorization.AUTHORIZATION_TYPE_ID                   and authorization.DELETE_FLAG = '0'                  ) users_authorization              left join IVB_M_ACCESS_AUTHORIZATION access               on users_authorization.accessAuthorityId = access.ACCESS_AUTHORITY_ID                  and access.DELETE_FLAG = '0']
05-23-2017 14:59:40.821,DEBUG,F3DFABEDA86BCBD22F8547C3C17FF4B6,Fetching JDBC Connection from DataSource
05-23-2017 14:59:40.821,DEBUG,F3DFABEDA86BCBD22F8547C3C17FF4B6,Creating new JDBC DriverManager Connection to [jdbc:mysql://172.16.0.175:3306/BANANA_DB_HUNG_SELENIUM?useUnicode=yes&characterEncoding=UTF-8&autoReconnect=true]
05-23-2017 14:59:40.841,DEBUG,F3DFABEDA86BCBD22F8547C3C17FF4B6,Returning JDBC Connection to DataSource
05-23-2017 14:59:40.841,DEBUG,F3DFABEDA86BCBD22F8547C3C17FF4B6,Executing prepared SQL query
05-23-2017 14:59:40.841,DEBUG,F3DFABEDA86BCBD22F8547C3C17FF4B6,Executing prepared SQL statement [select distinct users.USERS_ID,                  CASE                   WHEN manager.AUTHORIZATION_TYPE_ID IS NULL THEN '0'                   ELSE manager.AUTHORIZATION_TYPE_ID                  END as AUTHORIZATION_TYPE_ID               from IVB_M_USERS users               left join IVB_M_MANAGER manager                on users.USERS_ID = manager.USERS_ID                and manager.DELETE_FLAG = '0'               where users.USERS_ID = ?                and users.DELETE_FLAG = '0']
05-23-2017 14:59:40.841,DEBUG,F3DFABEDA86BCBD22F8547C3C17FF4B6,Fetching JDBC Connection from DataSource
05-23-2017 14:59:40.841,DEBUG,F3DFABEDA86BCBD22F8547C3C17FF4B6,Creating new JDBC DriverManager Connection to [jdbc:mysql://172.16.0.175:3306/BANANA_DB_HUNG_SELENIUM?useUnicode=yes&characterEncoding=UTF-8&autoReconnect=true]
05-23-2017 14:59:40.859,DEBUG,F3DFABEDA86BCBD22F8547C3C17FF4B6,Returning JDBC Connection to DataSource
05-23-2017 14:59:40.859,DEBUG,F3DFABEDA86BCBD22F8547C3C17FF4B6,Delegating to org.springframework.security.web.authentication.session.ChangeSessionIdAuthenticationStrategy@99fddf
05-23-2017 14:59:40.859,DEBUG,F3DFABEDA86BCBD22F8547C3C17FF4B6,Authentication success. Updating SecurityContextHolder to contain: org.springframework.security.authentication.UsernamePasswordAuthenticationToken@3b6bb3bb: Principal: vn.bananavietnam.ict.common.auth.MyUser@c4907816: Username: U0000000001; Password: [PROTECTED]; Enabled: true; AccountNonExpired: true; credentialsNonExpired: true; AccountNonLocked: true; Granted Authorities: 1; Credentials: [PROTECTED]; Authenticated: true; Details: org.springframework.security.web.authentication.WebAuthenticationDetails@43458: RemoteIpAddress: 0:0:0:0:0:0:0:1; SessionId: D258EB6420C25B83A75E6230791464DB; Granted Authorities: 1
05-23-2017 14:59:40.860,DEBUG,F3DFABEDA86BCBD22F8547C3C17FF4B6,SecurityContext stored to HttpSession: 'org.springframework.security.core.context.SecurityContextImpl@3b6bb3bb: Authentication: org.springframework.security.authentication.UsernamePasswordAuthenticationToken@3b6bb3bb: Principal: vn.bananavietnam.ict.common.auth.MyUser@c4907816: Username: U0000000001; Password: [PROTECTED]; Enabled: true; AccountNonExpired: true; credentialsNonExpired: true; AccountNonLocked: true; Granted Authorities: 1; Credentials: [PROTECTED]; Authenticated: true; Details: org.springframework.security.web.authentication.WebAuthenticationDetails@43458: RemoteIpAddress: 0:0:0:0:0:0:0:1; SessionId: D258EB6420C25B83A75E6230791464DB; Granted Authorities: 1'
05-23-2017 14:59:40.860,DEBUG,F3DFABEDA86BCBD22F8547C3C17FF4B6,SecurityContextHolder now cleared, as request processing completed
05-23-2017 14:59:40.866,DEBUG,F3DFABEDA86BCBD22F8547C3C17FF4B6,/0001/ at position 1 of 11 in additional filter chain; firing Filter: 'SecurityContextPersistenceFilter'
05-23-2017 14:59:40.866,DEBUG,F3DFABEDA86BCBD22F8547C3C17FF4B6,Obtained a valid SecurityContext from SPRING_SECURITY_CONTEXT: 'org.springframework.security.core.context.SecurityContextImpl@3b6bb3bb: Authentication: org.springframework.security.authentication.UsernamePasswordAuthenticationToken@3b6bb3bb: Principal: vn.bananavietnam.ict.common.auth.MyUser@c4907816: Username: U0000000001; Password: [PROTECTED]; Enabled: true; AccountNonExpired: true; credentialsNonExpired: true; AccountNonLocked: true; Granted Authorities: 1; Credentials: [PROTECTED]; Authenticated: true; Details: org.springframework.security.web.authentication.WebAuthenticationDetails@43458: RemoteIpAddress: 0:0:0:0:0:0:0:1; SessionId: D258EB6420C25B83A75E6230791464DB; Granted Authorities: 1'
05-23-2017 14:59:40.866,DEBUG,F3DFABEDA86BCBD22F8547C3C17FF4B6,/0001/ at position 2 of 11 in additional filter chain; firing Filter: 'WebAsyncManagerIntegrationFilter'
05-23-2017 14:59:40.866,DEBUG,F3DFABEDA86BCBD22F8547C3C17FF4B6,/0001/ at position 3 of 11 in additional filter chain; firing Filter: 'LogoutFilter'
05-23-2017 14:59:40.866,DEBUG,F3DFABEDA86BCBD22F8547C3C17FF4B6,/0001/ at position 4 of 11 in additional filter chain; firing Filter: 'UsernamePasswordAuthenticationFilter'
05-23-2017 14:59:40.866,DEBUG,F3DFABEDA86BCBD22F8547C3C17FF4B6,/0001/ at position 5 of 11 in additional filter chain; firing Filter: 'BasicAuthenticationFilter'
05-23-2017 14:59:40.866,DEBUG,F3DFABEDA86BCBD22F8547C3C17FF4B6,/0001/ at position 6 of 11 in additional filter chain; firing Filter: 'RequestCacheAwareFilter'
05-23-2017 14:59:40.866,DEBUG,F3DFABEDA86BCBD22F8547C3C17FF4B6,/0001/ at position 7 of 11 in additional filter chain; firing Filter: 'SecurityContextHolderAwareRequestFilter'
05-23-2017 14:59:40.867,DEBUG,F3DFABEDA86BCBD22F8547C3C17FF4B6,/0001/ at position 8 of 11 in additional filter chain; firing Filter: 'AnonymousAuthenticationFilter'
05-23-2017 14:59:40.867,DEBUG,F3DFABEDA86BCBD22F8547C3C17FF4B6,SecurityContextHolder not populated with anonymous token, as it already contained: 'org.springframework.security.authentication.UsernamePasswordAuthenticationToken@3b6bb3bb: Principal: vn.bananavietnam.ict.common.auth.MyUser@c4907816: Username: U0000000001; Password: [PROTECTED]; Enabled: true; AccountNonExpired: true; credentialsNonExpired: true; AccountNonLocked: true; Granted Authorities: 1; Credentials: [PROTECTED]; Authenticated: true; Details: org.springframework.security.web.authentication.WebAuthenticationDetails@43458: RemoteIpAddress: 0:0:0:0:0:0:0:1; SessionId: D258EB6420C25B83A75E6230791464DB; Granted Authorities: 1'
05-23-2017 14:59:40.867,DEBUG,F3DFABEDA86BCBD22F8547C3C17FF4B6,/0001/ at position 9 of 11 in additional filter chain; firing Filter: 'SessionManagementFilter'
05-23-2017 14:59:40.867,DEBUG,F3DFABEDA86BCBD22F8547C3C17FF4B6,/0001/ at position 10 of 11 in additional filter chain; firing Filter: 'ExceptionTranslationFilter'
05-23-2017 14:59:40.867,DEBUG,F3DFABEDA86BCBD22F8547C3C17FF4B6,/0001/ at position 11 of 11 in additional filter chain; firing Filter: 'FilterSecurityInterceptor'
05-23-2017 14:59:40.867,DEBUG,F3DFABEDA86BCBD22F8547C3C17FF4B6,Checking match of request : '/0001/'; against '/autherror*'
05-23-2017 14:59:40.867,DEBUG,F3DFABEDA86BCBD22F8547C3C17FF4B6,Checking match of request : '/0001/'; against '/login/**'
05-23-2017 14:59:40.867,DEBUG,F3DFABEDA86BCBD22F8547C3C17FF4B6,Checking match of request : '/0001/'; against '/error/**'
05-23-2017 14:59:40.867,DEBUG,F3DFABEDA86BCBD22F8547C3C17FF4B6,Checking match of request : '/0001/'; against '/0001/**'
05-23-2017 14:59:40.867,DEBUG,F3DFABEDA86BCBD22F8547C3C17FF4B6,Secure object: FilterInvocation: URL: /0001/; Attributes: [ROLE_ADMIN, ROLE_USER, IS_AUTHENTICATED_FULLY]
05-23-2017 14:59:40.867,DEBUG,F3DFABEDA86BCBD22F8547C3C17FF4B6,Previously Authenticated: org.springframework.security.authentication.UsernamePasswordAuthenticationToken@3b6bb3bb: Principal: vn.bananavietnam.ict.common.auth.MyUser@c4907816: Username: U0000000001; Password: [PROTECTED]; Enabled: true; AccountNonExpired: true; credentialsNonExpired: true; AccountNonLocked: true; Granted Authorities: 1; Credentials: [PROTECTED]; Authenticated: true; Details: org.springframework.security.web.authentication.WebAuthenticationDetails@43458: RemoteIpAddress: 0:0:0:0:0:0:0:1; SessionId: D258EB6420C25B83A75E6230791464DB; Granted Authorities: 1
05-23-2017 14:59:40.867,DEBUG,F3DFABEDA86BCBD22F8547C3C17FF4B6,Voter: org.springframework.security.access.vote.RoleVoter@1ac872d, returned: -1
05-23-2017 14:59:40.867,DEBUG,F3DFABEDA86BCBD22F8547C3C17FF4B6,Voter: org.springframework.security.access.vote.AuthenticatedVoter@b1927d, returned: 1
05-23-2017 14:59:40.867,DEBUG,F3DFABEDA86BCBD22F8547C3C17FF4B6,Authorization successful
05-23-2017 14:59:40.867,DEBUG,F3DFABEDA86BCBD22F8547C3C17FF4B6,RunAsManager did not change Authentication object
05-23-2017 14:59:40.867,DEBUG,F3DFABEDA86BCBD22F8547C3C17FF4B6,/0001/ reached end of additional filter chain; proceeding with original chain
05-23-2017 14:59:40.867,DEBUG,F3DFABEDA86BCBD22F8547C3C17FF4B6,Request [/ict/0001/] is not a multipart request
05-23-2017 14:59:40.867,DEBUG,3F0FC6A66552130E392066371272BA74,DispatcherServlet with name 'appServlet' processing GET request for [/ict/0001/]
05-23-2017 14:59:40.867,DEBUG,3F0FC6A66552130E392066371272BA74,Looking up handler method for path /0001/
05-23-2017 14:59:40.868,DEBUG,3F0FC6A66552130E392066371272BA74,Returning handler method [public java.lang.String vn.bananavietnam.ict.banana.controller.Bnn0001BananaMenuController.top(javax.servlet.http.HttpServletRequest,java.util.Locale,org.springframework.ui.Model)]
05-23-2017 14:59:40.868,DEBUG,3F0FC6A66552130E392066371272BA74,Returning cached instance of singleton bean 'bnn0001BananaMenuController'
05-23-2017 14:59:40.868,DEBUG,3F0FC6A66552130E392066371272BA74,Last-Modified value for [/ict/0001/] is: -1
05-23-2017 14:59:40.868,DEBUG,3F0FC6A66552130E392066371272BA74,Returning cached instance of singleton bean 'xml_path'
05-23-2017 14:59:40.871,DEBUG,3F0FC6A66552130E392066371272BA74,Rendering view [org.springframework.web.servlet.view.JstlView: name 'banana/Bnn0001BananaMenu'; URL [/WEB-INF/views/banana/Bnn0001BananaMenu.jsp]] in DispatcherServlet with name 'appServlet'
05-23-2017 14:59:40.871,DEBUG,3F0FC6A66552130E392066371272BA74,Added model object 'resetDate' of type [java.lang.String] to request in view with name 'banana/Bnn0001BananaMenu'
05-23-2017 14:59:40.871,DEBUG,3F0FC6A66552130E392066371272BA74,Added model object 'layoutDate' of type [java.lang.String] to request in view with name 'banana/Bnn0001BananaMenu'
05-23-2017 14:59:40.871,DEBUG,3F0FC6A66552130E392066371272BA74,Added model object 'jqueryUiCssDate' of type [java.lang.String] to request in view with name 'banana/Bnn0001BananaMenu'
05-23-2017 14:59:40.871,DEBUG,3F0FC6A66552130E392066371272BA74,Added model object 'messageHandlerDate' of type [java.lang.String] to request in view with name 'banana/Bnn0001BananaMenu'
05-23-2017 14:59:40.871,DEBUG,3F0FC6A66552130E392066371272BA74,Added model object 'jqueryDate' of type [java.lang.String] to request in view with name 'banana/Bnn0001BananaMenu'
05-23-2017 14:59:40.871,DEBUG,3F0FC6A66552130E392066371272BA74,Added model object 'jqueryUiDate' of type [java.lang.String] to request in view with name 'banana/Bnn0001BananaMenu'
05-23-2017 14:59:40.871,DEBUG,3F0FC6A66552130E392066371272BA74,Added model object 'datepickerDate' of type [java.lang.String] to request in view with name 'banana/Bnn0001BananaMenu'
05-23-2017 14:59:40.871,DEBUG,3F0FC6A66552130E392066371272BA74,Added model object 'inputmaskDate' of type [java.lang.String] to request in view with name 'banana/Bnn0001BananaMenu'
05-23-2017 14:59:40.871,DEBUG,3F0FC6A66552130E392066371272BA74,Added model object 'jqueryInputmaskDate' of type [java.lang.String] to request in view with name 'banana/Bnn0001BananaMenu'
05-23-2017 14:59:40.871,DEBUG,3F0FC6A66552130E392066371272BA74,Added model object 'inputMaskExtDate' of type [java.lang.String] to request in view with name 'banana/Bnn0001BananaMenu'
05-23-2017 14:59:40.871,DEBUG,3F0FC6A66552130E392066371272BA74,Added model object 'calendarDate' of type [java.lang.String] to request in view with name 'banana/Bnn0001BananaMenu'
05-23-2017 14:59:40.871,DEBUG,3F0FC6A66552130E392066371272BA74,Added model object 'messageDate' of type [java.lang.String] to request in view with name 'banana/Bnn0001BananaMenu'
05-23-2017 14:59:40.871,DEBUG,3F0FC6A66552130E392066371272BA74,Added model object 'storageDate' of type [java.lang.String] to request in view with name 'banana/Bnn0001BananaMenu'
05-23-2017 14:59:40.871,DEBUG,3F0FC6A66552130E392066371272BA74,Added model object 'commonDate' of type [java.lang.String] to request in view with name 'banana/Bnn0001BananaMenu'
05-23-2017 14:59:40.871,DEBUG,3F0FC6A66552130E392066371272BA74,Added model object 'bananaMenuCssDate' of type [java.lang.String] to request in view with name 'banana/Bnn0001BananaMenu'
05-23-2017 14:59:40.871,DEBUG,3F0FC6A66552130E392066371272BA74,Added model object 'bananaMenuJsDate' of type [java.lang.String] to request in view with name 'banana/Bnn0001BananaMenu'
05-23-2017 14:59:40.871,DEBUG,3F0FC6A66552130E392066371272BA74,Forwarding to resource [/WEB-INF/views/banana/Bnn0001BananaMenu.jsp] in InternalResourceView 'banana/Bnn0001BananaMenu'
05-23-2017 14:59:40.871,DEBUG,3F0FC6A66552130E392066371272BA74,Render request received for definition 'defaultTemplate'
05-23-2017 14:59:40.873,DEBUG,3F0FC6A66552130E392066371272BA74,Successfully completed request
05-23-2017 14:59:40.873,DEBUG,3F0FC6A66552130E392066371272BA74,Chain processed normally
05-23-2017 14:59:40.873,DEBUG,3F0FC6A66552130E392066371272BA74,SecurityContextHolder now cleared, as request processing completed
05-23-2017 14:59:42.091,DEBUG,F3DFABEDA86BCBD22F8547C3C17FF4B6,/0089/ at position 1 of 11 in additional filter chain; firing Filter: 'SecurityContextPersistenceFilter'
05-23-2017 14:59:42.091,DEBUG,F3DFABEDA86BCBD22F8547C3C17FF4B6,Obtained a valid SecurityContext from SPRING_SECURITY_CONTEXT: 'org.springframework.security.core.context.SecurityContextImpl@3b6bb3bb: Authentication: org.springframework.security.authentication.UsernamePasswordAuthenticationToken@3b6bb3bb: Principal: vn.bananavietnam.ict.common.auth.MyUser@c4907816: Username: U0000000001; Password: [PROTECTED]; Enabled: true; AccountNonExpired: true; credentialsNonExpired: true; AccountNonLocked: true; Granted Authorities: 1; Credentials: [PROTECTED]; Authenticated: true; Details: org.springframework.security.web.authentication.WebAuthenticationDetails@43458: RemoteIpAddress: 0:0:0:0:0:0:0:1; SessionId: D258EB6420C25B83A75E6230791464DB; Granted Authorities: 1'
05-23-2017 14:59:42.091,DEBUG,F3DFABEDA86BCBD22F8547C3C17FF4B6,/0089/ at position 2 of 11 in additional filter chain; firing Filter: 'WebAsyncManagerIntegrationFilter'
05-23-2017 14:59:42.091,DEBUG,F3DFABEDA86BCBD22F8547C3C17FF4B6,/0089/ at position 3 of 11 in additional filter chain; firing Filter: 'LogoutFilter'
05-23-2017 14:59:42.091,DEBUG,F3DFABEDA86BCBD22F8547C3C17FF4B6,/0089/ at position 4 of 11 in additional filter chain; firing Filter: 'UsernamePasswordAuthenticationFilter'
05-23-2017 14:59:42.091,DEBUG,F3DFABEDA86BCBD22F8547C3C17FF4B6,/0089/ at position 5 of 11 in additional filter chain; firing Filter: 'BasicAuthenticationFilter'
05-23-2017 14:59:42.091,DEBUG,F3DFABEDA86BCBD22F8547C3C17FF4B6,/0089/ at position 6 of 11 in additional filter chain; firing Filter: 'RequestCacheAwareFilter'
05-23-2017 14:59:42.091,DEBUG,F3DFABEDA86BCBD22F8547C3C17FF4B6,/0089/ at position 7 of 11 in additional filter chain; firing Filter: 'SecurityContextHolderAwareRequestFilter'
05-23-2017 14:59:42.091,DEBUG,F3DFABEDA86BCBD22F8547C3C17FF4B6,/0089/ at position 8 of 11 in additional filter chain; firing Filter: 'AnonymousAuthenticationFilter'
05-23-2017 14:59:42.091,DEBUG,F3DFABEDA86BCBD22F8547C3C17FF4B6,SecurityContextHolder not populated with anonymous token, as it already contained: 'org.springframework.security.authentication.UsernamePasswordAuthenticationToken@3b6bb3bb: Principal: vn.bananavietnam.ict.common.auth.MyUser@c4907816: Username: U0000000001; Password: [PROTECTED]; Enabled: true; AccountNonExpired: true; credentialsNonExpired: true; AccountNonLocked: true; Granted Authorities: 1; Credentials: [PROTECTED]; Authenticated: true; Details: org.springframework.security.web.authentication.WebAuthenticationDetails@43458: RemoteIpAddress: 0:0:0:0:0:0:0:1; SessionId: D258EB6420C25B83A75E6230791464DB; Granted Authorities: 1'
05-23-2017 14:59:42.091,DEBUG,F3DFABEDA86BCBD22F8547C3C17FF4B6,/0089/ at position 9 of 11 in additional filter chain; firing Filter: 'SessionManagementFilter'
05-23-2017 14:59:42.091,DEBUG,F3DFABEDA86BCBD22F8547C3C17FF4B6,/0089/ at position 10 of 11 in additional filter chain; firing Filter: 'ExceptionTranslationFilter'
05-23-2017 14:59:42.091,DEBUG,F3DFABEDA86BCBD22F8547C3C17FF4B6,/0089/ at position 11 of 11 in additional filter chain; firing Filter: 'FilterSecurityInterceptor'
05-23-2017 14:59:42.091,DEBUG,F3DFABEDA86BCBD22F8547C3C17FF4B6,Checking match of request : '/0089/'; against '/autherror*'
05-23-2017 14:59:42.091,DEBUG,F3DFABEDA86BCBD22F8547C3C17FF4B6,Checking match of request : '/0089/'; against '/login/**'
05-23-2017 14:59:42.091,DEBUG,F3DFABEDA86BCBD22F8547C3C17FF4B6,Checking match of request : '/0089/'; against '/error/**'
05-23-2017 14:59:42.091,DEBUG,F3DFABEDA86BCBD22F8547C3C17FF4B6,Checking match of request : '/0089/'; against '/0001/**'
05-23-2017 14:59:42.091,DEBUG,F3DFABEDA86BCBD22F8547C3C17FF4B6,Checking match of request : '/0089/'; against '/0002/**'
05-23-2017 14:59:42.091,DEBUG,F3DFABEDA86BCBD22F8547C3C17FF4B6,Checking match of request : '/0089/'; against '/0003/**'
05-23-2017 14:59:42.091,DEBUG,F3DFABEDA86BCBD22F8547C3C17FF4B6,Checking match of request : '/0089/'; against '/0005/**'
05-23-2017 14:59:42.091,DEBUG,F3DFABEDA86BCBD22F8547C3C17FF4B6,Checking match of request : '/0089/'; against '/0007/**'
05-23-2017 14:59:42.091,DEBUG,F3DFABEDA86BCBD22F8547C3C17FF4B6,Checking match of request : '/0089/'; against '/0009/**'
05-23-2017 14:59:42.091,DEBUG,F3DFABEDA86BCBD22F8547C3C17FF4B6,Checking match of request : '/0089/'; against '/0013/**'
05-23-2017 14:59:42.091,DEBUG,F3DFABEDA86BCBD22F8547C3C17FF4B6,Checking match of request : '/0089/'; against '/0023/**'
05-23-2017 14:59:42.091,DEBUG,F3DFABEDA86BCBD22F8547C3C17FF4B6,Checking match of request : '/0089/'; against '/0017/**'
05-23-2017 14:59:42.091,DEBUG,F3DFABEDA86BCBD22F8547C3C17FF4B6,Checking match of request : '/0089/'; against '/0031/**'
05-23-2017 14:59:42.092,DEBUG,F3DFABEDA86BCBD22F8547C3C17FF4B6,Checking match of request : '/0089/'; against '/0035/**'
05-23-2017 14:59:42.092,DEBUG,F3DFABEDA86BCBD22F8547C3C17FF4B6,Checking match of request : '/0089/'; against '/0037/**'
05-23-2017 14:59:42.092,DEBUG,F3DFABEDA86BCBD22F8547C3C17FF4B6,Checking match of request : '/0089/'; against '/0045/**'
05-23-2017 14:59:42.092,DEBUG,F3DFABEDA86BCBD22F8547C3C17FF4B6,Checking match of request : '/0089/'; against '/0047/**'
05-23-2017 14:59:42.092,DEBUG,F3DFABEDA86BCBD22F8547C3C17FF4B6,Checking match of request : '/0089/'; against '/0049/**'
05-23-2017 14:59:42.092,DEBUG,F3DFABEDA86BCBD22F8547C3C17FF4B6,Checking match of request : '/0089/'; against '/0061/**'
05-23-2017 14:59:42.092,DEBUG,F3DFABEDA86BCBD22F8547C3C17FF4B6,Checking match of request : '/0089/'; against '/0087/**'
05-23-2017 14:59:42.092,DEBUG,F3DFABEDA86BCBD22F8547C3C17FF4B6,Checking match of request : '/0089/'; against '/0075/**'
05-23-2017 14:59:42.092,DEBUG,F3DFABEDA86BCBD22F8547C3C17FF4B6,Checking match of request : '/0089/'; against '/0089/**'
05-23-2017 14:59:42.092,DEBUG,F3DFABEDA86BCBD22F8547C3C17FF4B6,Secure object: FilterInvocation: URL: /0089/; Attributes: [ROLE_ADMIN, ROLE_USER, IS_AUTHENTICATED_FULLY]
05-23-2017 14:59:42.092,DEBUG,F3DFABEDA86BCBD22F8547C3C17FF4B6,Previously Authenticated: org.springframework.security.authentication.UsernamePasswordAuthenticationToken@3b6bb3bb: Principal: vn.bananavietnam.ict.common.auth.MyUser@c4907816: Username: U0000000001; Password: [PROTECTED]; Enabled: true; AccountNonExpired: true; credentialsNonExpired: true; AccountNonLocked: true; Granted Authorities: 1; Credentials: [PROTECTED]; Authenticated: true; Details: org.springframework.security.web.authentication.WebAuthenticationDetails@43458: RemoteIpAddress: 0:0:0:0:0:0:0:1; SessionId: D258EB6420C25B83A75E6230791464DB; Granted Authorities: 1
05-23-2017 14:59:42.092,DEBUG,F3DFABEDA86BCBD22F8547C3C17FF4B6,Voter: org.springframework.security.access.vote.RoleVoter@1ac872d, returned: -1
05-23-2017 14:59:42.092,DEBUG,F3DFABEDA86BCBD22F8547C3C17FF4B6,Voter: org.springframework.security.access.vote.AuthenticatedVoter@b1927d, returned: 1
05-23-2017 14:59:42.092,DEBUG,F3DFABEDA86BCBD22F8547C3C17FF4B6,Authorization successful
05-23-2017 14:59:42.092,DEBUG,F3DFABEDA86BCBD22F8547C3C17FF4B6,RunAsManager did not change Authentication object
05-23-2017 14:59:42.092,DEBUG,F3DFABEDA86BCBD22F8547C3C17FF4B6,/0089/ reached end of additional filter chain; proceeding with original chain
05-23-2017 14:59:42.092,DEBUG,F3DFABEDA86BCBD22F8547C3C17FF4B6,Request [/ict/0089/] is not a multipart request
05-23-2017 14:59:42.092,DEBUG,3F0FC6A66552130E392066371272BA74,DispatcherServlet with name 'appServlet' processing GET request for [/ict/0089/]
05-23-2017 14:59:42.092,DEBUG,3F0FC6A66552130E392066371272BA74,Looking up handler method for path /0089/
05-23-2017 14:59:42.092,DEBUG,3F0FC6A66552130E392066371272BA74,Returning handler method [public java.lang.String vn.bananavietnam.ict.banana.controller.Bnn0089SearchTaskController.top(javax.servlet.http.HttpServletRequest,java.util.Locale,org.springframework.ui.Model)]
05-23-2017 14:59:42.092,DEBUG,3F0FC6A66552130E392066371272BA74,Returning cached instance of singleton bean 'bnn0089SearchTaskController'
05-23-2017 14:59:42.092,DEBUG,3F0FC6A66552130E392066371272BA74,Last-Modified value for [/ict/0089/] is: -1
05-23-2017 14:59:42.092,DEBUG,3F0FC6A66552130E392066371272BA74,Returning cached instance of singleton bean 'xml_path'
05-23-2017 14:59:42.095,DEBUG,3F0FC6A66552130E392066371272BA74,Rendering view [org.springframework.web.servlet.view.JstlView: name 'banana/Bnn0089SearchTask'; URL [/WEB-INF/views/banana/Bnn0089SearchTask.jsp]] in DispatcherServlet with name 'appServlet'
05-23-2017 14:59:42.095,DEBUG,3F0FC6A66552130E392066371272BA74,Added model object 'resetDate' of type [java.lang.String] to request in view with name 'banana/Bnn0089SearchTask'
05-23-2017 14:59:42.095,DEBUG,3F0FC6A66552130E392066371272BA74,Added model object 'layoutDate' of type [java.lang.String] to request in view with name 'banana/Bnn0089SearchTask'
05-23-2017 14:59:42.095,DEBUG,3F0FC6A66552130E392066371272BA74,Added model object 'jqueryUiCssDate' of type [java.lang.String] to request in view with name 'banana/Bnn0089SearchTask'
05-23-2017 14:59:42.095,DEBUG,3F0FC6A66552130E392066371272BA74,Added model object 'messageHandlerDate' of type [java.lang.String] to request in view with name 'banana/Bnn0089SearchTask'
05-23-2017 14:59:42.095,DEBUG,3F0FC6A66552130E392066371272BA74,Added model object 'jqueryDate' of type [java.lang.String] to request in view with name 'banana/Bnn0089SearchTask'
05-23-2017 14:59:42.095,DEBUG,3F0FC6A66552130E392066371272BA74,Added model object 'jqueryUiDate' of type [java.lang.String] to request in view with name 'banana/Bnn0089SearchTask'
05-23-2017 14:59:42.095,DEBUG,3F0FC6A66552130E392066371272BA74,Added model object 'datepickerDate' of type [java.lang.String] to request in view with name 'banana/Bnn0089SearchTask'
05-23-2017 14:59:42.095,DEBUG,3F0FC6A66552130E392066371272BA74,Added model object 'inputmaskDate' of type [java.lang.String] to request in view with name 'banana/Bnn0089SearchTask'
05-23-2017 14:59:42.095,DEBUG,3F0FC6A66552130E392066371272BA74,Added model object 'jqueryInputmaskDate' of type [java.lang.String] to request in view with name 'banana/Bnn0089SearchTask'
05-23-2017 14:59:42.095,DEBUG,3F0FC6A66552130E392066371272BA74,Added model object 'inputMaskExtDate' of type [java.lang.String] to request in view with name 'banana/Bnn0089SearchTask'
05-23-2017 14:59:42.095,DEBUG,3F0FC6A66552130E392066371272BA74,Added model object 'calendarDate' of type [java.lang.String] to request in view with name 'banana/Bnn0089SearchTask'
05-23-2017 14:59:42.095,DEBUG,3F0FC6A66552130E392066371272BA74,Added model object 'messageDate' of type [java.lang.String] to request in view with name 'banana/Bnn0089SearchTask'
05-23-2017 14:59:42.095,DEBUG,3F0FC6A66552130E392066371272BA74,Added model object 'storageDate' of type [java.lang.String] to request in view with name 'banana/Bnn0089SearchTask'
05-23-2017 14:59:42.095,DEBUG,3F0FC6A66552130E392066371272BA74,Added model object 'commonDate' of type [java.lang.String] to request in view with name 'banana/Bnn0089SearchTask'
05-23-2017 14:59:42.095,DEBUG,3F0FC6A66552130E392066371272BA74,Added model object 'searchTaskCssDate' of type [java.lang.String] to request in view with name 'banana/Bnn0089SearchTask'
05-23-2017 14:59:42.095,DEBUG,3F0FC6A66552130E392066371272BA74,Added model object 'searchTaskJsDate' of type [java.lang.String] to request in view with name 'banana/Bnn0089SearchTask'
05-23-2017 14:59:42.095,DEBUG,3F0FC6A66552130E392066371272BA74,Forwarding to resource [/WEB-INF/views/banana/Bnn0089SearchTask.jsp] in InternalResourceView 'banana/Bnn0089SearchTask'
05-23-2017 14:59:42.097,DEBUG,3F0FC6A66552130E392066371272BA74,Render request received for definition 'defaultTemplate'
05-23-2017 14:59:42.098,DEBUG,3F0FC6A66552130E392066371272BA74,Successfully completed request
05-23-2017 14:59:42.098,DEBUG,3F0FC6A66552130E392066371272BA74,Chain processed normally
05-23-2017 14:59:42.098,DEBUG,3F0FC6A66552130E392066371272BA74,SecurityContextHolder now cleared, as request processing completed
05-23-2017 14:59:42.135,DEBUG,DC9341F19CD356DC3A79D4990D6BC7CB,/0089/searchData at position 1 of 11 in additional filter chain; firing Filter: 'SecurityContextPersistenceFilter'
05-23-2017 14:59:42.135,DEBUG,DC9341F19CD356DC3A79D4990D6BC7CB,Obtained a valid SecurityContext from SPRING_SECURITY_CONTEXT: 'org.springframework.security.core.context.SecurityContextImpl@3b6bb3bb: Authentication: org.springframework.security.authentication.UsernamePasswordAuthenticationToken@3b6bb3bb: Principal: vn.bananavietnam.ict.common.auth.MyUser@c4907816: Username: U0000000001; Password: [PROTECTED]; Enabled: true; AccountNonExpired: true; credentialsNonExpired: true; AccountNonLocked: true; Granted Authorities: 1; Credentials: [PROTECTED]; Authenticated: true; Details: org.springframework.security.web.authentication.WebAuthenticationDetails@43458: RemoteIpAddress: 0:0:0:0:0:0:0:1; SessionId: D258EB6420C25B83A75E6230791464DB; Granted Authorities: 1'
05-23-2017 14:59:42.135,DEBUG,DC9341F19CD356DC3A79D4990D6BC7CB,/0089/searchData at position 2 of 11 in additional filter chain; firing Filter: 'WebAsyncManagerIntegrationFilter'
05-23-2017 14:59:42.135,DEBUG,DC9341F19CD356DC3A79D4990D6BC7CB,/0089/searchData at position 3 of 11 in additional filter chain; firing Filter: 'LogoutFilter'
05-23-2017 14:59:42.135,DEBUG,DC9341F19CD356DC3A79D4990D6BC7CB,/0089/searchData at position 4 of 11 in additional filter chain; firing Filter: 'UsernamePasswordAuthenticationFilter'
05-23-2017 14:59:42.135,DEBUG,DC9341F19CD356DC3A79D4990D6BC7CB,/0089/searchData at position 5 of 11 in additional filter chain; firing Filter: 'BasicAuthenticationFilter'
05-23-2017 14:59:42.135,DEBUG,DC9341F19CD356DC3A79D4990D6BC7CB,/0089/searchData at position 6 of 11 in additional filter chain; firing Filter: 'RequestCacheAwareFilter'
05-23-2017 14:59:42.135,DEBUG,DC9341F19CD356DC3A79D4990D6BC7CB,/0089/searchData at position 7 of 11 in additional filter chain; firing Filter: 'SecurityContextHolderAwareRequestFilter'
05-23-2017 14:59:42.135,DEBUG,DC9341F19CD356DC3A79D4990D6BC7CB,/0089/searchData at position 8 of 11 in additional filter chain; firing Filter: 'AnonymousAuthenticationFilter'
05-23-2017 14:59:42.135,DEBUG,DC9341F19CD356DC3A79D4990D6BC7CB,SecurityContextHolder not populated with anonymous token, as it already contained: 'org.springframework.security.authentication.UsernamePasswordAuthenticationToken@3b6bb3bb: Principal: vn.bananavietnam.ict.common.auth.MyUser@c4907816: Username: U0000000001; Password: [PROTECTED]; Enabled: true; AccountNonExpired: true; credentialsNonExpired: true; AccountNonLocked: true; Granted Authorities: 1; Credentials: [PROTECTED]; Authenticated: true; Details: org.springframework.security.web.authentication.WebAuthenticationDetails@43458: RemoteIpAddress: 0:0:0:0:0:0:0:1; SessionId: D258EB6420C25B83A75E6230791464DB; Granted Authorities: 1'
05-23-2017 14:59:42.135,DEBUG,DC9341F19CD356DC3A79D4990D6BC7CB,/0089/searchData at position 9 of 11 in additional filter chain; firing Filter: 'SessionManagementFilter'
05-23-2017 14:59:42.136,DEBUG,DC9341F19CD356DC3A79D4990D6BC7CB,/0089/searchData at position 10 of 11 in additional filter chain; firing Filter: 'ExceptionTranslationFilter'
05-23-2017 14:59:42.136,DEBUG,DC9341F19CD356DC3A79D4990D6BC7CB,/0089/searchData at position 11 of 11 in additional filter chain; firing Filter: 'FilterSecurityInterceptor'
05-23-2017 14:59:42.136,DEBUG,DC9341F19CD356DC3A79D4990D6BC7CB,Checking match of request : '/0089/searchdata'; against '/autherror*'
05-23-2017 14:59:42.136,DEBUG,DC9341F19CD356DC3A79D4990D6BC7CB,Checking match of request : '/0089/searchdata'; against '/login/**'
05-23-2017 14:59:42.136,DEBUG,DC9341F19CD356DC3A79D4990D6BC7CB,Checking match of request : '/0089/searchdata'; against '/error/**'
05-23-2017 14:59:42.136,DEBUG,DC9341F19CD356DC3A79D4990D6BC7CB,Checking match of request : '/0089/searchdata'; against '/0001/**'
05-23-2017 14:59:42.136,DEBUG,DC9341F19CD356DC3A79D4990D6BC7CB,Checking match of request : '/0089/searchdata'; against '/0002/**'
05-23-2017 14:59:42.136,DEBUG,DC9341F19CD356DC3A79D4990D6BC7CB,Checking match of request : '/0089/searchdata'; against '/0003/**'
05-23-2017 14:59:42.136,DEBUG,DC9341F19CD356DC3A79D4990D6BC7CB,Checking match of request : '/0089/searchdata'; against '/0005/**'
05-23-2017 14:59:42.136,DEBUG,DC9341F19CD356DC3A79D4990D6BC7CB,Checking match of request : '/0089/searchdata'; against '/0007/**'
05-23-2017 14:59:42.136,DEBUG,DC9341F19CD356DC3A79D4990D6BC7CB,Checking match of request : '/0089/searchdata'; against '/0009/**'
05-23-2017 14:59:42.136,DEBUG,DC9341F19CD356DC3A79D4990D6BC7CB,Checking match of request : '/0089/searchdata'; against '/0013/**'
05-23-2017 14:59:42.136,DEBUG,DC9341F19CD356DC3A79D4990D6BC7CB,Checking match of request : '/0089/searchdata'; against '/0023/**'
05-23-2017 14:59:42.136,DEBUG,DC9341F19CD356DC3A79D4990D6BC7CB,Checking match of request : '/0089/searchdata'; against '/0017/**'
05-23-2017 14:59:42.136,DEBUG,DC9341F19CD356DC3A79D4990D6BC7CB,Checking match of request : '/0089/searchdata'; against '/0031/**'
05-23-2017 14:59:42.136,DEBUG,DC9341F19CD356DC3A79D4990D6BC7CB,Checking match of request : '/0089/searchdata'; against '/0035/**'
05-23-2017 14:59:42.136,DEBUG,DC9341F19CD356DC3A79D4990D6BC7CB,Checking match of request : '/0089/searchdata'; against '/0037/**'
05-23-2017 14:59:42.136,DEBUG,DC9341F19CD356DC3A79D4990D6BC7CB,Checking match of request : '/0089/searchdata'; against '/0045/**'
05-23-2017 14:59:42.136,DEBUG,DC9341F19CD356DC3A79D4990D6BC7CB,Checking match of request : '/0089/searchdata'; against '/0047/**'
05-23-2017 14:59:42.136,DEBUG,DC9341F19CD356DC3A79D4990D6BC7CB,Checking match of request : '/0089/searchdata'; against '/0049/**'
05-23-2017 14:59:42.136,DEBUG,DC9341F19CD356DC3A79D4990D6BC7CB,Checking match of request : '/0089/searchdata'; against '/0061/**'
05-23-2017 14:59:42.136,DEBUG,DC9341F19CD356DC3A79D4990D6BC7CB,Checking match of request : '/0089/searchdata'; against '/0087/**'
05-23-2017 14:59:42.136,DEBUG,DC9341F19CD356DC3A79D4990D6BC7CB,Checking match of request : '/0089/searchdata'; against '/0075/**'
05-23-2017 14:59:42.136,DEBUG,DC9341F19CD356DC3A79D4990D6BC7CB,Checking match of request : '/0089/searchdata'; against '/0089/**'
05-23-2017 14:59:42.136,DEBUG,DC9341F19CD356DC3A79D4990D6BC7CB,Secure object: FilterInvocation: URL: /0089/searchData; Attributes: [ROLE_ADMIN, ROLE_USER, IS_AUTHENTICATED_FULLY]
05-23-2017 14:59:42.136,DEBUG,DC9341F19CD356DC3A79D4990D6BC7CB,Previously Authenticated: org.springframework.security.authentication.UsernamePasswordAuthenticationToken@3b6bb3bb: Principal: vn.bananavietnam.ict.common.auth.MyUser@c4907816: Username: U0000000001; Password: [PROTECTED]; Enabled: true; AccountNonExpired: true; credentialsNonExpired: true; AccountNonLocked: true; Granted Authorities: 1; Credentials: [PROTECTED]; Authenticated: true; Details: org.springframework.security.web.authentication.WebAuthenticationDetails@43458: RemoteIpAddress: 0:0:0:0:0:0:0:1; SessionId: D258EB6420C25B83A75E6230791464DB; Granted Authorities: 1
05-23-2017 14:59:42.136,DEBUG,DC9341F19CD356DC3A79D4990D6BC7CB,Voter: org.springframework.security.access.vote.RoleVoter@1ac872d, returned: -1
05-23-2017 14:59:42.136,DEBUG,DC9341F19CD356DC3A79D4990D6BC7CB,Voter: org.springframework.security.access.vote.AuthenticatedVoter@b1927d, returned: 1
05-23-2017 14:59:42.136,DEBUG,DC9341F19CD356DC3A79D4990D6BC7CB,Authorization successful
05-23-2017 14:59:42.136,DEBUG,DC9341F19CD356DC3A79D4990D6BC7CB,RunAsManager did not change Authentication object
05-23-2017 14:59:42.136,DEBUG,DC9341F19CD356DC3A79D4990D6BC7CB,/0089/searchData reached end of additional filter chain; proceeding with original chain
05-23-2017 14:59:42.136,DEBUG,DC9341F19CD356DC3A79D4990D6BC7CB,Request [/ict/0089/searchData] is not a multipart request
05-23-2017 14:59:42.136,DEBUG,3F0FC6A66552130E392066371272BA74,DispatcherServlet with name 'appServlet' processing POST request for [/ict/0089/searchData]
05-23-2017 14:59:42.136,DEBUG,3F0FC6A66552130E392066371272BA74,Looking up handler method for path /0089/searchData
05-23-2017 14:59:42.136,DEBUG,3F0FC6A66552130E392066371272BA74,Returning handler method [public java.util.List<vn.bananavietnam.ict.banana.component.Bnn0089SearchTaskResult> vn.bananavietnam.ict.banana.controller.Bnn0089SearchTaskController.searchData(vn.bananavietnam.ict.banana.component.Bnn0089SearchTaskConditions)]
05-23-2017 14:59:42.136,DEBUG,3F0FC6A66552130E392066371272BA74,Returning cached instance of singleton bean 'bnn0089SearchTaskController'
05-23-2017 14:59:42.136,DEBUG,3F0FC6A66552130E392066371272BA74,Returning cached instance of singleton bean 'xml_path'
05-23-2017 14:59:42.137,DEBUG,3F0FC6A66552130E392066371272BA74,Skip CORS processing: request is from same origin
05-23-2017 14:59:42.138,DEBUG,3F0FC6A66552130E392066371272BA74,Read [class vn.bananavietnam.ict.banana.component.Bnn0089SearchTaskConditions] as "application/json" with [org.springframework.http.converter.json.MappingJackson2HttpMessageConverter@156f2cc]
05-23-2017 14:59:42.138,INFO ,3F0FC6A66552130E392066371272BA74,U0000000001,vn.bananavietnam.ict.banana.service.Bnn0089SearchTaskService,searchData,[vn.bananavietnam.ict.banana.component.Bnn0089SearchTaskConditions@1875b94] METHOD START
05-23-2017 14:59:42.138,DEBUG,3F0FC6A66552130E392066371272BA74,Returning cached instance of singleton bean 'transactionManager'
05-23-2017 14:59:42.138,INFO ,3F0FC6A66552130E392066371272BA74,U0000000001,Task searching started
05-23-2017 14:59:42.138,DEBUG,3F0FC6A66552130E392066371272BA74,Creating a new SqlSession
05-23-2017 14:59:42.138,DEBUG,3F0FC6A66552130E392066371272BA74,Registering transaction synchronization for SqlSession [org.apache.ibatis.session.defaults.DefaultSqlSession@425e39]
05-23-2017 14:59:42.138,DEBUG,3F0FC6A66552130E392066371272BA74,Fetching JDBC Connection from DataSource
05-23-2017 14:59:42.138,DEBUG,3F0FC6A66552130E392066371272BA74,Creating new JDBC DriverManager Connection to [jdbc:mysql://172.16.0.175:3306/BANANA_DB_HUNG_SELENIUM?useUnicode=yes&characterEncoding=UTF-8&autoReconnect=true]
05-23-2017 14:59:42.153,DEBUG,3F0FC6A66552130E392066371272BA74,Registering transaction synchronization for JDBC Connection
05-23-2017 14:59:42.154,DEBUG,3F0FC6A66552130E392066371272BA74,JDBC Connection [com.mysql.jdbc.JDBC4Connection@c3d078] will be managed by Spring
05-23-2017 14:59:42.154,DEBUG,3F0FC6A66552130E392066371272BA74,==>  Preparing: SELECT T.TASK_ID taskId, T.TASK_NAME taskName, T.WORKING_DETAILS workingDetails, T.NOTE note, T.QUARANTINE_HANDLING_FLAG quarantineHandlingFlag, T.DELETE_FLAG deleteFlag, T.CHANGE_POINT_CODE changePointCode, T.LAST_UPDATE_DATE lastUpdateDate FROM IVB_M_TASK T WHERE 1 = 1 AND T.DELETE_FLAG = '0' ORDER BY T.TASK_NAME LIMIT ?,? 
05-23-2017 14:59:42.154,DEBUG,3F0FC6A66552130E392066371272BA74,==> Parameters: 0(Integer), 20(Integer)
05-23-2017 14:59:42.156,DEBUG,3F0FC6A66552130E392066371272BA74,<==      Total: 20
05-23-2017 14:59:42.157,DEBUG,3F0FC6A66552130E392066371272BA74,Releasing transactional SqlSession [org.apache.ibatis.session.defaults.DefaultSqlSession@425e39]
05-23-2017 14:59:42.157,INFO ,3F0FC6A66552130E392066371272BA74,U0000000001,SQL execution finished
05-23-2017 14:59:42.157,DEBUG,3F0FC6A66552130E392066371272BA74,Fetched SqlSession [org.apache.ibatis.session.defaults.DefaultSqlSession@425e39] from current transaction
05-23-2017 14:59:42.157,DEBUG,3F0FC6A66552130E392066371272BA74,==>  Preparing: SELECT COUNT(*) FROM IVB_M_TASK T WHERE 1 = 1 AND T.DELETE_FLAG = '0' ORDER BY T.TASK_ID 
05-23-2017 14:59:42.157,DEBUG,3F0FC6A66552130E392066371272BA74,==> Parameters: 
05-23-2017 14:59:42.158,DEBUG,3F0FC6A66552130E392066371272BA74,<==      Total: 1
05-23-2017 14:59:42.158,DEBUG,3F0FC6A66552130E392066371272BA74,Releasing transactional SqlSession [org.apache.ibatis.session.defaults.DefaultSqlSession@425e39]
05-23-2017 14:59:42.158,INFO ,3F0FC6A66552130E392066371272BA74,U0000000001,Task searching finished ==> 43 item(s)
05-23-2017 14:59:42.158,DEBUG,3F0FC6A66552130E392066371272BA74,Transaction synchronization deregistering SqlSession [org.apache.ibatis.session.defaults.DefaultSqlSession@425e39]
05-23-2017 14:59:42.158,DEBUG,3F0FC6A66552130E392066371272BA74,Transaction synchronization closing SqlSession [org.apache.ibatis.session.defaults.DefaultSqlSession@425e39]
05-23-2017 14:59:42.158,DEBUG,3F0FC6A66552130E392066371272BA74,Returning JDBC Connection to DataSource
05-23-2017 14:59:42.158,INFO ,3F0FC6A66552130E392066371272BA74,U0000000001,vn.bananavietnam.ict.banana.service.Bnn0089SearchTaskService,searchData,[vn.bananavietnam.ict.banana.component.Bnn0089SearchTaskConditions@1875b94] METHOD END
05-23-2017 14:59:42.159,DEBUG,3F0FC6A66552130E392066371272BA74,Written [[vn.bananavietnam.ict.banana.component.Bnn0089SearchTaskResult@6153e0, vn.bananavietnam.ict.banana.component.Bnn0089SearchTaskResult@14ef18d, vn.bananavietnam.ict.banana.component.Bnn0089SearchTaskResult@1810e73, vn.bananavietnam.ict.banana.component.Bnn0089SearchTaskResult@170f9be, vn.bananavietnam.ict.banana.component.Bnn0089SearchTaskResult@1e457e3, vn.bananavietnam.ict.banana.component.Bnn0089SearchTaskResult@14c024b, vn.bananavietnam.ict.banana.component.Bnn0089SearchTaskResult@376547, vn.bananavietnam.ict.banana.component.Bnn0089SearchTaskResult@12c336, vn.bananavietnam.ict.banana.component.Bnn0089SearchTaskResult@11ed658, vn.bananavietnam.ict.banana.component.Bnn0089SearchTaskResult@3fd96a, vn.bananavietnam.ict.banana.component.Bnn0089SearchTaskResult@10f9db7, vn.bananavietnam.ict.banana.component.Bnn0089SearchTaskResult@19ce493, vn.bananavietnam.ict.banana.component.Bnn0089SearchTaskResult@9f4cae, vn.bananavietnam.ict.banana.component.Bnn0089SearchTaskResult@b336de, vn.bananavietnam.ict.banana.component.Bnn0089SearchTaskResult@126edda, vn.bananavietnam.ict.banana.component.Bnn0089SearchTaskResult@1ea3b51, vn.bananavietnam.ict.banana.component.Bnn0089SearchTaskResult@1d6e13e, vn.bananavietnam.ict.banana.component.Bnn0089SearchTaskResult@ae261c, vn.bananavietnam.ict.banana.component.Bnn0089SearchTaskResult@42586e, vn.bananavietnam.ict.banana.component.Bnn0089SearchTaskResult@c4c484]] as "application/json;charset=UTF-8" using [org.springframework.http.converter.json.MappingJackson2HttpMessageConverter@156f2cc]
05-23-2017 14:59:42.159,DEBUG,3F0FC6A66552130E392066371272BA74,Null ModelAndView returned to DispatcherServlet with name 'appServlet': assuming HandlerAdapter completed request handling
05-23-2017 14:59:42.159,DEBUG,3F0FC6A66552130E392066371272BA74,Successfully completed request
05-23-2017 14:59:42.159,DEBUG,3F0FC6A66552130E392066371272BA74,Chain processed normally
05-23-2017 14:59:42.159,DEBUG,3F0FC6A66552130E392066371272BA74,SecurityContextHolder now cleared, as request processing completed
