05-23-2017 14:36:35.727,DEBUG,59A618951A9AEC24131CCA3D48FBEC41,/0089/searchData at position 1 of 11 in additional filter chain; firing Filter: 'SecurityContextPersistenceFilter'
05-23-2017 14:36:35.727,DEBUG,59A618951A9AEC24131CCA3D48FBEC41,Obtained a valid SecurityContext from SPRING_SECURITY_CONTEXT: 'org.springframework.security.core.context.SecurityContextImpl@3b6c0717: Authentication: org.springframework.security.authentication.UsernamePasswordAuthenticationToken@3b6c0717: Principal: vn.bananavietnam.ict.common.auth.MyUser@c4907816: Username: U0000000001; Password: [PROTECTED]; Enabled: true; AccountNonExpired: true; credentialsNonExpired: true; AccountNonLocked: true; Granted Authorities: 1; Credentials: [PROTECTED]; Authenticated: true; Details: org.springframework.security.web.authentication.WebAuthenticationDetails@380f4: RemoteIpAddress: 0:0:0:0:0:0:0:1; SessionId: 393DA8030A9E42513482548B0B7DE36F; Granted Authorities: 1'
05-23-2017 14:36:35.727,DEBUG,59A618951A9AEC24131CCA3D48FBEC41,/0089/searchData at position 2 of 11 in additional filter chain; firing Filter: 'WebAsyncManagerIntegrationFilter'
05-23-2017 14:36:35.727,DEBUG,59A618951A9AEC24131CCA3D48FBEC41,/0089/searchData at position 3 of 11 in additional filter chain; firing Filter: 'LogoutFilter'
05-23-2017 14:36:35.727,DEBUG,59A618951A9AEC24131CCA3D48FBEC41,/0089/searchData at position 4 of 11 in additional filter chain; firing Filter: 'UsernamePasswordAuthenticationFilter'
05-23-2017 14:36:35.727,DEBUG,59A618951A9AEC24131CCA3D48FBEC41,/0089/searchData at position 5 of 11 in additional filter chain; firing Filter: 'BasicAuthenticationFilter'
05-23-2017 14:36:35.727,DEBUG,59A618951A9AEC24131CCA3D48FBEC41,/0089/searchData at position 6 of 11 in additional filter chain; firing Filter: 'RequestCacheAwareFilter'
05-23-2017 14:36:35.727,DEBUG,59A618951A9AEC24131CCA3D48FBEC41,/0089/searchData at position 7 of 11 in additional filter chain; firing Filter: 'SecurityContextHolderAwareRequestFilter'
05-23-2017 14:36:35.727,DEBUG,59A618951A9AEC24131CCA3D48FBEC41,/0089/searchData at position 8 of 11 in additional filter chain; firing Filter: 'AnonymousAuthenticationFilter'
05-23-2017 14:36:35.727,DEBUG,59A618951A9AEC24131CCA3D48FBEC41,SecurityContextHolder not populated with anonymous token, as it already contained: 'org.springframework.security.authentication.UsernamePasswordAuthenticationToken@3b6c0717: Principal: vn.bananavietnam.ict.common.auth.MyUser@c4907816: Username: U0000000001; Password: [PROTECTED]; Enabled: true; AccountNonExpired: true; credentialsNonExpired: true; AccountNonLocked: true; Granted Authorities: 1; Credentials: [PROTECTED]; Authenticated: true; Details: org.springframework.security.web.authentication.WebAuthenticationDetails@380f4: RemoteIpAddress: 0:0:0:0:0:0:0:1; SessionId: 393DA8030A9E42513482548B0B7DE36F; Granted Authorities: 1'
05-23-2017 14:36:35.727,DEBUG,59A618951A9AEC24131CCA3D48FBEC41,/0089/searchData at position 9 of 11 in additional filter chain; firing Filter: 'SessionManagementFilter'
05-23-2017 14:36:35.727,DEBUG,59A618951A9AEC24131CCA3D48FBEC41,/0089/searchData at position 10 of 11 in additional filter chain; firing Filter: 'ExceptionTranslationFilter'
05-23-2017 14:36:35.727,DEBUG,59A618951A9AEC24131CCA3D48FBEC41,/0089/searchData at position 11 of 11 in additional filter chain; firing Filter: 'FilterSecurityInterceptor'
05-23-2017 14:36:35.727,DEBUG,59A618951A9AEC24131CCA3D48FBEC41,Checking match of request : '/0089/searchdata'; against '/autherror*'
05-23-2017 14:36:35.727,DEBUG,59A618951A9AEC24131CCA3D48FBEC41,Checking match of request : '/0089/searchdata'; against '/login/**'
05-23-2017 14:36:35.727,DEBUG,59A618951A9AEC24131CCA3D48FBEC41,Checking match of request : '/0089/searchdata'; against '/error/**'
05-23-2017 14:36:35.727,DEBUG,59A618951A9AEC24131CCA3D48FBEC41,Checking match of request : '/0089/searchdata'; against '/0001/**'
05-23-2017 14:36:35.727,DEBUG,59A618951A9AEC24131CCA3D48FBEC41,Checking match of request : '/0089/searchdata'; against '/0002/**'
05-23-2017 14:36:35.727,DEBUG,59A618951A9AEC24131CCA3D48FBEC41,Checking match of request : '/0089/searchdata'; against '/0003/**'
05-23-2017 14:36:35.727,DEBUG,59A618951A9AEC24131CCA3D48FBEC41,Checking match of request : '/0089/searchdata'; against '/0005/**'
05-23-2017 14:36:35.727,DEBUG,59A618951A9AEC24131CCA3D48FBEC41,Checking match of request : '/0089/searchdata'; against '/0007/**'
05-23-2017 14:36:35.727,DEBUG,59A618951A9AEC24131CCA3D48FBEC41,Checking match of request : '/0089/searchdata'; against '/0009/**'
05-23-2017 14:36:35.727,DEBUG,59A618951A9AEC24131CCA3D48FBEC41,Checking match of request : '/0089/searchdata'; against '/0013/**'
05-23-2017 14:36:35.728,DEBUG,59A618951A9AEC24131CCA3D48FBEC41,Checking match of request : '/0089/searchdata'; against '/0023/**'
05-23-2017 14:36:35.728,DEBUG,59A618951A9AEC24131CCA3D48FBEC41,Checking match of request : '/0089/searchdata'; against '/0017/**'
05-23-2017 14:36:35.728,DEBUG,59A618951A9AEC24131CCA3D48FBEC41,Checking match of request : '/0089/searchdata'; against '/0031/**'
05-23-2017 14:36:35.728,DEBUG,59A618951A9AEC24131CCA3D48FBEC41,Checking match of request : '/0089/searchdata'; against '/0035/**'
05-23-2017 14:36:35.728,DEBUG,59A618951A9AEC24131CCA3D48FBEC41,Checking match of request : '/0089/searchdata'; against '/0037/**'
05-23-2017 14:36:35.728,DEBUG,59A618951A9AEC24131CCA3D48FBEC41,Checking match of request : '/0089/searchdata'; against '/0045/**'
05-23-2017 14:36:35.728,DEBUG,59A618951A9AEC24131CCA3D48FBEC41,Checking match of request : '/0089/searchdata'; against '/0047/**'
05-23-2017 14:36:35.728,DEBUG,59A618951A9AEC24131CCA3D48FBEC41,Checking match of request : '/0089/searchdata'; against '/0049/**'
05-23-2017 14:36:35.728,DEBUG,59A618951A9AEC24131CCA3D48FBEC41,Checking match of request : '/0089/searchdata'; against '/0061/**'
05-23-2017 14:36:35.728,DEBUG,59A618951A9AEC24131CCA3D48FBEC41,Checking match of request : '/0089/searchdata'; against '/0087/**'
05-23-2017 14:36:35.728,DEBUG,59A618951A9AEC24131CCA3D48FBEC41,Checking match of request : '/0089/searchdata'; against '/0075/**'
05-23-2017 14:36:35.728,DEBUG,59A618951A9AEC24131CCA3D48FBEC41,Checking match of request : '/0089/searchdata'; against '/0089/**'
05-23-2017 14:36:35.728,DEBUG,59A618951A9AEC24131CCA3D48FBEC41,Secure object: FilterInvocation: URL: /0089/searchData; Attributes: [ROLE_ADMIN, ROLE_USER, IS_AUTHENTICATED_FULLY]
05-23-2017 14:36:35.728,DEBUG,59A618951A9AEC24131CCA3D48FBEC41,Previously Authenticated: org.springframework.security.authentication.UsernamePasswordAuthenticationToken@3b6c0717: Principal: vn.bananavietnam.ict.common.auth.MyUser@c4907816: Username: U0000000001; Password: [PROTECTED]; Enabled: true; AccountNonExpired: true; credentialsNonExpired: true; AccountNonLocked: true; Granted Authorities: 1; Credentials: [PROTECTED]; Authenticated: true; Details: org.springframework.security.web.authentication.WebAuthenticationDetails@380f4: RemoteIpAddress: 0:0:0:0:0:0:0:1; SessionId: 393DA8030A9E42513482548B0B7DE36F; Granted Authorities: 1
05-23-2017 14:36:35.728,DEBUG,59A618951A9AEC24131CCA3D48FBEC41,Voter: org.springframework.security.access.vote.RoleVoter@1ac872d, returned: -1
05-23-2017 14:36:35.728,DEBUG,59A618951A9AEC24131CCA3D48FBEC41,Voter: org.springframework.security.access.vote.AuthenticatedVoter@b1927d, returned: 1
05-23-2017 14:36:35.728,DEBUG,59A618951A9AEC24131CCA3D48FBEC41,Authorization successful
05-23-2017 14:36:35.728,DEBUG,59A618951A9AEC24131CCA3D48FBEC41,RunAsManager did not change Authentication object
05-23-2017 14:36:35.728,DEBUG,59A618951A9AEC24131CCA3D48FBEC41,/0089/searchData reached end of additional filter chain; proceeding with original chain
05-23-2017 14:36:35.728,DEBUG,59A618951A9AEC24131CCA3D48FBEC41,Request [/ict/0089/searchData] is not a multipart request
05-23-2017 14:36:35.728,DEBUG,59A618951A9AEC24131CCA3D48FBEC41,DispatcherServlet with name 'appServlet' processing POST request for [/ict/0089/searchData]
05-23-2017 14:36:35.728,DEBUG,59A618951A9AEC24131CCA3D48FBEC41,Looking up handler method for path /0089/searchData
05-23-2017 14:36:35.728,DEBUG,59A618951A9AEC24131CCA3D48FBEC41,Returning handler method [public java.util.List<vn.bananavietnam.ict.banana.component.Bnn0089SearchTaskResult> vn.bananavietnam.ict.banana.controller.Bnn0089SearchTaskController.searchData(vn.bananavietnam.ict.banana.component.Bnn0089SearchTaskConditions)]
05-23-2017 14:36:35.728,DEBUG,59A618951A9AEC24131CCA3D48FBEC41,Returning cached instance of singleton bean 'bnn0089SearchTaskController'
05-23-2017 14:36:35.728,DEBUG,59A618951A9AEC24131CCA3D48FBEC41,Returning cached instance of singleton bean 'xml_path'
05-23-2017 14:36:35.728,DEBUG,59A618951A9AEC24131CCA3D48FBEC41,Skip CORS processing: request is from same origin
05-23-2017 14:36:35.729,DEBUG,59A618951A9AEC24131CCA3D48FBEC41,Read [class vn.bananavietnam.ict.banana.component.Bnn0089SearchTaskConditions] as "application/json" with [org.springframework.http.converter.json.MappingJackson2HttpMessageConverter@156f2cc]
05-23-2017 14:36:35.729,INFO ,59A618951A9AEC24131CCA3D48FBEC41,U0000000001,vn.bananavietnam.ict.banana.service.Bnn0089SearchTaskService,searchData,[vn.bananavietnam.ict.banana.component.Bnn0089SearchTaskConditions@1cd39d9] METHOD START
05-23-2017 14:36:35.729,DEBUG,59A618951A9AEC24131CCA3D48FBEC41,Returning cached instance of singleton bean 'transactionManager'
05-23-2017 14:36:35.729,INFO ,59A618951A9AEC24131CCA3D48FBEC41,U0000000001,Task searching started
05-23-2017 14:36:35.729,DEBUG,59A618951A9AEC24131CCA3D48FBEC41,Creating a new SqlSession
05-23-2017 14:36:35.729,DEBUG,59A618951A9AEC24131CCA3D48FBEC41,Registering transaction synchronization for SqlSession [org.apache.ibatis.session.defaults.DefaultSqlSession@140cf08]
05-23-2017 14:36:35.729,DEBUG,59A618951A9AEC24131CCA3D48FBEC41,Fetching JDBC Connection from DataSource
05-23-2017 14:36:35.729,DEBUG,59A618951A9AEC24131CCA3D48FBEC41,Creating new JDBC DriverManager Connection to [jdbc:mysql://172.16.0.175:3306/BANANA_DB_HUNG_SELENIUM?useUnicode=yes&characterEncoding=UTF-8&autoReconnect=true]
05-23-2017 14:36:39.736,DEBUG,59A618951A9AEC24131CCA3D48FBEC41,Releasing transactional SqlSession [org.apache.ibatis.session.defaults.DefaultSqlSession@140cf08]
05-23-2017 14:36:39.740,ERROR,59A618951A9AEC24131CCA3D48FBEC41,U0000000001,java.lang.Exception: nested exception is org.apache.ibatis.exceptions.PersistenceException: 
05-23-2017 14:36:39.740,DEBUG,59A618951A9AEC24131CCA3D48FBEC41,Transaction synchronization deregistering SqlSession [org.apache.ibatis.session.defaults.DefaultSqlSession@140cf08]
05-23-2017 14:36:39.740,DEBUG,59A618951A9AEC24131CCA3D48FBEC41,Transaction synchronization closing SqlSession [org.apache.ibatis.session.defaults.DefaultSqlSession@140cf08]
05-23-2017 14:36:39.740,DEBUG,59A618951A9AEC24131CCA3D48FBEC41,Should roll back transaction but cannot - no transaction available
05-23-2017 14:36:39.741,INFO ,59A618951A9AEC24131CCA3D48FBEC41,U0000000001,vn.bananavietnam.ict.banana.service.Bnn0089SearchTaskService,searchData,[vn.bananavietnam.ict.banana.component.Bnn0089SearchTaskConditions@1cd39d9] METHOD END
05-23-2017 14:36:39.741,DEBUG,59A618951A9AEC24131CCA3D48FBEC41,Null ModelAndView returned to DispatcherServlet with name 'appServlet': assuming HandlerAdapter completed request handling
05-23-2017 14:36:39.741,DEBUG,59A618951A9AEC24131CCA3D48FBEC41,Successfully completed request
05-23-2017 14:36:39.741,DEBUG,59A618951A9AEC24131CCA3D48FBEC41,Chain processed normally
05-23-2017 14:36:39.741,DEBUG,59A618951A9AEC24131CCA3D48FBEC41,SecurityContextHolder now cleared, as request processing completed
05-23-2017 14:36:59.577,DEBUG,59A618951A9AEC24131CCA3D48FBEC41,/0089/searchData at position 1 of 11 in additional filter chain; firing Filter: 'SecurityContextPersistenceFilter'
05-23-2017 14:36:59.578,DEBUG,59A618951A9AEC24131CCA3D48FBEC41,Obtained a valid SecurityContext from SPRING_SECURITY_CONTEXT: 'org.springframework.security.core.context.SecurityContextImpl@3b6c0717: Authentication: org.springframework.security.authentication.UsernamePasswordAuthenticationToken@3b6c0717: Principal: vn.bananavietnam.ict.common.auth.MyUser@c4907816: Username: U0000000001; Password: [PROTECTED]; Enabled: true; AccountNonExpired: true; credentialsNonExpired: true; AccountNonLocked: true; Granted Authorities: 1; Credentials: [PROTECTED]; Authenticated: true; Details: org.springframework.security.web.authentication.WebAuthenticationDetails@380f4: RemoteIpAddress: 0:0:0:0:0:0:0:1; SessionId: 393DA8030A9E42513482548B0B7DE36F; Granted Authorities: 1'
05-23-2017 14:36:59.578,DEBUG,59A618951A9AEC24131CCA3D48FBEC41,/0089/searchData at position 2 of 11 in additional filter chain; firing Filter: 'WebAsyncManagerIntegrationFilter'
05-23-2017 14:36:59.578,DEBUG,59A618951A9AEC24131CCA3D48FBEC41,/0089/searchData at position 3 of 11 in additional filter chain; firing Filter: 'LogoutFilter'
05-23-2017 14:36:59.578,DEBUG,59A618951A9AEC24131CCA3D48FBEC41,/0089/searchData at position 4 of 11 in additional filter chain; firing Filter: 'UsernamePasswordAuthenticationFilter'
05-23-2017 14:36:59.578,DEBUG,59A618951A9AEC24131CCA3D48FBEC41,/0089/searchData at position 5 of 11 in additional filter chain; firing Filter: 'BasicAuthenticationFilter'
05-23-2017 14:36:59.578,DEBUG,59A618951A9AEC24131CCA3D48FBEC41,/0089/searchData at position 6 of 11 in additional filter chain; firing Filter: 'RequestCacheAwareFilter'
05-23-2017 14:36:59.578,DEBUG,59A618951A9AEC24131CCA3D48FBEC41,/0089/searchData at position 7 of 11 in additional filter chain; firing Filter: 'SecurityContextHolderAwareRequestFilter'
05-23-2017 14:36:59.578,DEBUG,59A618951A9AEC24131CCA3D48FBEC41,/0089/searchData at position 8 of 11 in additional filter chain; firing Filter: 'AnonymousAuthenticationFilter'
05-23-2017 14:36:59.578,DEBUG,59A618951A9AEC24131CCA3D48FBEC41,SecurityContextHolder not populated with anonymous token, as it already contained: 'org.springframework.security.authentication.UsernamePasswordAuthenticationToken@3b6c0717: Principal: vn.bananavietnam.ict.common.auth.MyUser@c4907816: Username: U0000000001; Password: [PROTECTED]; Enabled: true; AccountNonExpired: true; credentialsNonExpired: true; AccountNonLocked: true; Granted Authorities: 1; Credentials: [PROTECTED]; Authenticated: true; Details: org.springframework.security.web.authentication.WebAuthenticationDetails@380f4: RemoteIpAddress: 0:0:0:0:0:0:0:1; SessionId: 393DA8030A9E42513482548B0B7DE36F; Granted Authorities: 1'
05-23-2017 14:36:59.578,DEBUG,59A618951A9AEC24131CCA3D48FBEC41,/0089/searchData at position 9 of 11 in additional filter chain; firing Filter: 'SessionManagementFilter'
05-23-2017 14:36:59.579,DEBUG,59A618951A9AEC24131CCA3D48FBEC41,/0089/searchData at position 10 of 11 in additional filter chain; firing Filter: 'ExceptionTranslationFilter'
05-23-2017 14:36:59.579,DEBUG,59A618951A9AEC24131CCA3D48FBEC41,/0089/searchData at position 11 of 11 in additional filter chain; firing Filter: 'FilterSecurityInterceptor'
05-23-2017 14:36:59.579,DEBUG,59A618951A9AEC24131CCA3D48FBEC41,Checking match of request : '/0089/searchdata'; against '/autherror*'
05-23-2017 14:36:59.579,DEBUG,59A618951A9AEC24131CCA3D48FBEC41,Checking match of request : '/0089/searchdata'; against '/login/**'
05-23-2017 14:36:59.579,DEBUG,59A618951A9AEC24131CCA3D48FBEC41,Checking match of request : '/0089/searchdata'; against '/error/**'
05-23-2017 14:36:59.579,DEBUG,59A618951A9AEC24131CCA3D48FBEC41,Checking match of request : '/0089/searchdata'; against '/0001/**'
05-23-2017 14:36:59.579,DEBUG,59A618951A9AEC24131CCA3D48FBEC41,Checking match of request : '/0089/searchdata'; against '/0002/**'
05-23-2017 14:36:59.579,DEBUG,59A618951A9AEC24131CCA3D48FBEC41,Checking match of request : '/0089/searchdata'; against '/0003/**'
05-23-2017 14:36:59.579,DEBUG,59A618951A9AEC24131CCA3D48FBEC41,Checking match of request : '/0089/searchdata'; against '/0005/**'
05-23-2017 14:36:59.579,DEBUG,59A618951A9AEC24131CCA3D48FBEC41,Checking match of request : '/0089/searchdata'; against '/0007/**'
05-23-2017 14:36:59.579,DEBUG,59A618951A9AEC24131CCA3D48FBEC41,Checking match of request : '/0089/searchdata'; against '/0009/**'
05-23-2017 14:36:59.579,DEBUG,59A618951A9AEC24131CCA3D48FBEC41,Checking match of request : '/0089/searchdata'; against '/0013/**'
05-23-2017 14:36:59.579,DEBUG,59A618951A9AEC24131CCA3D48FBEC41,Checking match of request : '/0089/searchdata'; against '/0023/**'
05-23-2017 14:36:59.579,DEBUG,59A618951A9AEC24131CCA3D48FBEC41,Checking match of request : '/0089/searchdata'; against '/0017/**'
05-23-2017 14:36:59.579,DEBUG,59A618951A9AEC24131CCA3D48FBEC41,Checking match of request : '/0089/searchdata'; against '/0031/**'
05-23-2017 14:36:59.579,DEBUG,59A618951A9AEC24131CCA3D48FBEC41,Checking match of request : '/0089/searchdata'; against '/0035/**'
05-23-2017 14:36:59.579,DEBUG,59A618951A9AEC24131CCA3D48FBEC41,Checking match of request : '/0089/searchdata'; against '/0037/**'
05-23-2017 14:36:59.579,DEBUG,59A618951A9AEC24131CCA3D48FBEC41,Checking match of request : '/0089/searchdata'; against '/0045/**'
05-23-2017 14:36:59.580,DEBUG,59A618951A9AEC24131CCA3D48FBEC41,Checking match of request : '/0089/searchdata'; against '/0047/**'
05-23-2017 14:36:59.580,DEBUG,59A618951A9AEC24131CCA3D48FBEC41,Checking match of request : '/0089/searchdata'; against '/0049/**'
05-23-2017 14:36:59.580,DEBUG,59A618951A9AEC24131CCA3D48FBEC41,Checking match of request : '/0089/searchdata'; against '/0061/**'
05-23-2017 14:36:59.580,DEBUG,59A618951A9AEC24131CCA3D48FBEC41,Checking match of request : '/0089/searchdata'; against '/0087/**'
05-23-2017 14:36:59.580,DEBUG,59A618951A9AEC24131CCA3D48FBEC41,Checking match of request : '/0089/searchdata'; against '/0075/**'
05-23-2017 14:36:59.580,DEBUG,59A618951A9AEC24131CCA3D48FBEC41,Checking match of request : '/0089/searchdata'; against '/0089/**'
05-23-2017 14:36:59.580,DEBUG,59A618951A9AEC24131CCA3D48FBEC41,Secure object: FilterInvocation: URL: /0089/searchData; Attributes: [ROLE_ADMIN, ROLE_USER, IS_AUTHENTICATED_FULLY]
05-23-2017 14:36:59.580,DEBUG,59A618951A9AEC24131CCA3D48FBEC41,Previously Authenticated: org.springframework.security.authentication.UsernamePasswordAuthenticationToken@3b6c0717: Principal: vn.bananavietnam.ict.common.auth.MyUser@c4907816: Username: U0000000001; Password: [PROTECTED]; Enabled: true; AccountNonExpired: true; credentialsNonExpired: true; AccountNonLocked: true; Granted Authorities: 1; Credentials: [PROTECTED]; Authenticated: true; Details: org.springframework.security.web.authentication.WebAuthenticationDetails@380f4: RemoteIpAddress: 0:0:0:0:0:0:0:1; SessionId: 393DA8030A9E42513482548B0B7DE36F; Granted Authorities: 1
05-23-2017 14:36:59.580,DEBUG,59A618951A9AEC24131CCA3D48FBEC41,Voter: org.springframework.security.access.vote.RoleVoter@1ac872d, returned: -1
05-23-2017 14:36:59.580,DEBUG,59A618951A9AEC24131CCA3D48FBEC41,Voter: org.springframework.security.access.vote.AuthenticatedVoter@b1927d, returned: 1
05-23-2017 14:36:59.580,DEBUG,59A618951A9AEC24131CCA3D48FBEC41,Authorization successful
05-23-2017 14:36:59.580,DEBUG,59A618951A9AEC24131CCA3D48FBEC41,RunAsManager did not change Authentication object
05-23-2017 14:36:59.580,DEBUG,59A618951A9AEC24131CCA3D48FBEC41,/0089/searchData reached end of additional filter chain; proceeding with original chain
05-23-2017 14:36:59.580,DEBUG,59A618951A9AEC24131CCA3D48FBEC41,Request [/ict/0089/searchData] is not a multipart request
05-23-2017 14:36:59.580,DEBUG,59A618951A9AEC24131CCA3D48FBEC41,DispatcherServlet with name 'appServlet' processing POST request for [/ict/0089/searchData]
05-23-2017 14:36:59.581,DEBUG,59A618951A9AEC24131CCA3D48FBEC41,Looking up handler method for path /0089/searchData
05-23-2017 14:36:59.581,DEBUG,59A618951A9AEC24131CCA3D48FBEC41,Returning handler method [public java.util.List<vn.bananavietnam.ict.banana.component.Bnn0089SearchTaskResult> vn.bananavietnam.ict.banana.controller.Bnn0089SearchTaskController.searchData(vn.bananavietnam.ict.banana.component.Bnn0089SearchTaskConditions)]
05-23-2017 14:36:59.581,DEBUG,59A618951A9AEC24131CCA3D48FBEC41,Returning cached instance of singleton bean 'bnn0089SearchTaskController'
05-23-2017 14:36:59.581,DEBUG,59A618951A9AEC24131CCA3D48FBEC41,Returning cached instance of singleton bean 'xml_path'
05-23-2017 14:36:59.582,DEBUG,59A618951A9AEC24131CCA3D48FBEC41,Skip CORS processing: request is from same origin
05-23-2017 14:36:59.583,DEBUG,59A618951A9AEC24131CCA3D48FBEC41,Read [class vn.bananavietnam.ict.banana.component.Bnn0089SearchTaskConditions] as "application/json" with [org.springframework.http.converter.json.MappingJackson2HttpMessageConverter@156f2cc]
05-23-2017 14:36:59.583,INFO ,59A618951A9AEC24131CCA3D48FBEC41,U0000000001,vn.bananavietnam.ict.banana.service.Bnn0089SearchTaskService,searchData,[vn.bananavietnam.ict.banana.component.Bnn0089SearchTaskConditions@33a661] METHOD START
05-23-2017 14:36:59.583,DEBUG,59A618951A9AEC24131CCA3D48FBEC41,Returning cached instance of singleton bean 'transactionManager'
05-23-2017 14:36:59.583,INFO ,59A618951A9AEC24131CCA3D48FBEC41,U0000000001,Task searching started
05-23-2017 14:36:59.583,DEBUG,59A618951A9AEC24131CCA3D48FBEC41,Creating a new SqlSession
05-23-2017 14:36:59.584,DEBUG,59A618951A9AEC24131CCA3D48FBEC41,Registering transaction synchronization for SqlSession [org.apache.ibatis.session.defaults.DefaultSqlSession@388080]
05-23-2017 14:36:59.584,DEBUG,59A618951A9AEC24131CCA3D48FBEC41,Fetching JDBC Connection from DataSource
05-23-2017 14:36:59.584,DEBUG,59A618951A9AEC24131CCA3D48FBEC41,Creating new JDBC DriverManager Connection to [jdbc:mysql://172.16.0.175:3306/BANANA_DB_HUNG_SELENIUM?useUnicode=yes&characterEncoding=UTF-8&autoReconnect=true]
05-23-2017 14:36:59.606,DEBUG,59A618951A9AEC24131CCA3D48FBEC41,Registering transaction synchronization for JDBC Connection
05-23-2017 14:36:59.606,DEBUG,59A618951A9AEC24131CCA3D48FBEC41,JDBC Connection [com.mysql.jdbc.JDBC4Connection@a68582] will be managed by Spring
05-23-2017 14:36:59.606,DEBUG,59A618951A9AEC24131CCA3D48FBEC41,==>  Preparing: SELECT T.TASK_ID taskId, T.TASK_NAME taskName, T.WORKING_DETAILS workingDetails, T.NOTE note, T.QUARANTINE_HANDLING_FLAG quarantineHandlingFlag, T.DELETE_FLAG deleteFlag, T.CHANGE_POINT_CODE changePointCode, T.LAST_UPDATE_DATE lastUpdateDate FROM IVB_M_TASK T WHERE 1 = 1 AND T.DELETE_FLAG = '0' ORDER BY T.TASK_NAME LIMIT ?,? 
05-23-2017 14:36:59.606,DEBUG,59A618951A9AEC24131CCA3D48FBEC41,==> Parameters: 0(Integer), 20(Integer)
05-23-2017 14:36:59.610,DEBUG,59A618951A9AEC24131CCA3D48FBEC41,<==      Total: 20
05-23-2017 14:36:59.611,DEBUG,59A618951A9AEC24131CCA3D48FBEC41,Releasing transactional SqlSession [org.apache.ibatis.session.defaults.DefaultSqlSession@388080]
05-23-2017 14:36:59.611,INFO ,59A618951A9AEC24131CCA3D48FBEC41,U0000000001,SQL execution finished
05-23-2017 14:36:59.611,DEBUG,59A618951A9AEC24131CCA3D48FBEC41,Fetched SqlSession [org.apache.ibatis.session.defaults.DefaultSqlSession@388080] from current transaction
05-23-2017 14:36:59.611,DEBUG,59A618951A9AEC24131CCA3D48FBEC41,==>  Preparing: SELECT COUNT(*) FROM IVB_M_TASK T WHERE 1 = 1 AND T.DELETE_FLAG = '0' ORDER BY T.TASK_ID 
05-23-2017 14:36:59.612,DEBUG,59A618951A9AEC24131CCA3D48FBEC41,==> Parameters: 
05-23-2017 14:36:59.613,DEBUG,59A618951A9AEC24131CCA3D48FBEC41,<==      Total: 1
05-23-2017 14:36:59.613,DEBUG,59A618951A9AEC24131CCA3D48FBEC41,Releasing transactional SqlSession [org.apache.ibatis.session.defaults.DefaultSqlSession@388080]
05-23-2017 14:36:59.614,INFO ,59A618951A9AEC24131CCA3D48FBEC41,U0000000001,Task searching finished ==> 43 item(s)
05-23-2017 14:36:59.614,DEBUG,59A618951A9AEC24131CCA3D48FBEC41,Transaction synchronization deregistering SqlSession [org.apache.ibatis.session.defaults.DefaultSqlSession@388080]
05-23-2017 14:36:59.614,DEBUG,59A618951A9AEC24131CCA3D48FBEC41,Transaction synchronization closing SqlSession [org.apache.ibatis.session.defaults.DefaultSqlSession@388080]
05-23-2017 14:36:59.614,DEBUG,59A618951A9AEC24131CCA3D48FBEC41,Returning JDBC Connection to DataSource
05-23-2017 14:36:59.614,INFO ,59A618951A9AEC24131CCA3D48FBEC41,U0000000001,vn.bananavietnam.ict.banana.service.Bnn0089SearchTaskService,searchData,[vn.bananavietnam.ict.banana.component.Bnn0089SearchTaskConditions@33a661] METHOD END
05-23-2017 14:36:59.620,DEBUG,59A618951A9AEC24131CCA3D48FBEC41,Written [[vn.bananavietnam.ict.banana.component.Bnn0089SearchTaskResult@14dc31d, vn.bananavietnam.ict.banana.component.Bnn0089SearchTaskResult@70116f, vn.bananavietnam.ict.banana.component.Bnn0089SearchTaskResult@1a97ebe, vn.bananavietnam.ict.banana.component.Bnn0089SearchTaskResult@e2c454, vn.bananavietnam.ict.banana.component.Bnn0089SearchTaskResult@18caa3e, vn.bananavietnam.ict.banana.component.Bnn0089SearchTaskResult@1b52f09, vn.bananavietnam.ict.banana.component.Bnn0089SearchTaskResult@155f24f, vn.bananavietnam.ict.banana.component.Bnn0089SearchTaskResult@1014e95, vn.bananavietnam.ict.banana.component.Bnn0089SearchTaskResult@100c391, vn.bananavietnam.ict.banana.component.Bnn0089SearchTaskResult@11f781f, vn.bananavietnam.ict.banana.component.Bnn0089SearchTaskResult@1b03e79, vn.bananavietnam.ict.banana.component.Bnn0089SearchTaskResult@9cabbc, vn.bananavietnam.ict.banana.component.Bnn0089SearchTaskResult@109f1f5, vn.bananavietnam.ict.banana.component.Bnn0089SearchTaskResult@170b2cb, vn.bananavietnam.ict.banana.component.Bnn0089SearchTaskResult@1870f2a, vn.bananavietnam.ict.banana.component.Bnn0089SearchTaskResult@cf9b2d, vn.bananavietnam.ict.banana.component.Bnn0089SearchTaskResult@e34b58, vn.bananavietnam.ict.banana.component.Bnn0089SearchTaskResult@c35de5, vn.bananavietnam.ict.banana.component.Bnn0089SearchTaskResult@1f2fec8, vn.bananavietnam.ict.banana.component.Bnn0089SearchTaskResult@1e600a8]] as "application/json;charset=UTF-8" using [org.springframework.http.converter.json.MappingJackson2HttpMessageConverter@156f2cc]
05-23-2017 14:36:59.620,DEBUG,59A618951A9AEC24131CCA3D48FBEC41,Null ModelAndView returned to DispatcherServlet with name 'appServlet': assuming HandlerAdapter completed request handling
05-23-2017 14:36:59.620,DEBUG,59A618951A9AEC24131CCA3D48FBEC41,Successfully completed request
05-23-2017 14:36:59.620,DEBUG,59A618951A9AEC24131CCA3D48FBEC41,Chain processed normally
05-23-2017 14:36:59.620,DEBUG,59A618951A9AEC24131CCA3D48FBEC41,SecurityContextHolder now cleared, as request processing completed
05-23-2017 14:37:00.782,DEBUG,59A618951A9AEC24131CCA3D48FBEC41,/0089/searchData at position 1 of 11 in additional filter chain; firing Filter: 'SecurityContextPersistenceFilter'
05-23-2017 14:37:00.783,DEBUG,59A618951A9AEC24131CCA3D48FBEC41,Obtained a valid SecurityContext from SPRING_SECURITY_CONTEXT: 'org.springframework.security.core.context.SecurityContextImpl@3b6c0717: Authentication: org.springframework.security.authentication.UsernamePasswordAuthenticationToken@3b6c0717: Principal: vn.bananavietnam.ict.common.auth.MyUser@c4907816: Username: U0000000001; Password: [PROTECTED]; Enabled: true; AccountNonExpired: true; credentialsNonExpired: true; AccountNonLocked: true; Granted Authorities: 1; Credentials: [PROTECTED]; Authenticated: true; Details: org.springframework.security.web.authentication.WebAuthenticationDetails@380f4: RemoteIpAddress: 0:0:0:0:0:0:0:1; SessionId: 393DA8030A9E42513482548B0B7DE36F; Granted Authorities: 1'
05-23-2017 14:37:00.783,DEBUG,59A618951A9AEC24131CCA3D48FBEC41,/0089/searchData at position 2 of 11 in additional filter chain; firing Filter: 'WebAsyncManagerIntegrationFilter'
05-23-2017 14:37:00.783,DEBUG,59A618951A9AEC24131CCA3D48FBEC41,/0089/searchData at position 3 of 11 in additional filter chain; firing Filter: 'LogoutFilter'
05-23-2017 14:37:00.783,DEBUG,59A618951A9AEC24131CCA3D48FBEC41,/0089/searchData at position 4 of 11 in additional filter chain; firing Filter: 'UsernamePasswordAuthenticationFilter'
05-23-2017 14:37:00.783,DEBUG,59A618951A9AEC24131CCA3D48FBEC41,/0089/searchData at position 5 of 11 in additional filter chain; firing Filter: 'BasicAuthenticationFilter'
05-23-2017 14:37:00.783,DEBUG,59A618951A9AEC24131CCA3D48FBEC41,/0089/searchData at position 6 of 11 in additional filter chain; firing Filter: 'RequestCacheAwareFilter'
05-23-2017 14:37:00.783,DEBUG,59A618951A9AEC24131CCA3D48FBEC41,/0089/searchData at position 7 of 11 in additional filter chain; firing Filter: 'SecurityContextHolderAwareRequestFilter'
05-23-2017 14:37:00.783,DEBUG,59A618951A9AEC24131CCA3D48FBEC41,/0089/searchData at position 8 of 11 in additional filter chain; firing Filter: 'AnonymousAuthenticationFilter'
05-23-2017 14:37:00.783,DEBUG,59A618951A9AEC24131CCA3D48FBEC41,SecurityContextHolder not populated with anonymous token, as it already contained: 'org.springframework.security.authentication.UsernamePasswordAuthenticationToken@3b6c0717: Principal: vn.bananavietnam.ict.common.auth.MyUser@c4907816: Username: U0000000001; Password: [PROTECTED]; Enabled: true; AccountNonExpired: true; credentialsNonExpired: true; AccountNonLocked: true; Granted Authorities: 1; Credentials: [PROTECTED]; Authenticated: true; Details: org.springframework.security.web.authentication.WebAuthenticationDetails@380f4: RemoteIpAddress: 0:0:0:0:0:0:0:1; SessionId: 393DA8030A9E42513482548B0B7DE36F; Granted Authorities: 1'
05-23-2017 14:37:00.783,DEBUG,59A618951A9AEC24131CCA3D48FBEC41,/0089/searchData at position 9 of 11 in additional filter chain; firing Filter: 'SessionManagementFilter'
05-23-2017 14:37:00.783,DEBUG,59A618951A9AEC24131CCA3D48FBEC41,/0089/searchData at position 10 of 11 in additional filter chain; firing Filter: 'ExceptionTranslationFilter'
05-23-2017 14:37:00.783,DEBUG,59A618951A9AEC24131CCA3D48FBEC41,/0089/searchData at position 11 of 11 in additional filter chain; firing Filter: 'FilterSecurityInterceptor'
05-23-2017 14:37:00.783,DEBUG,59A618951A9AEC24131CCA3D48FBEC41,Checking match of request : '/0089/searchdata'; against '/autherror*'
05-23-2017 14:37:00.783,DEBUG,59A618951A9AEC24131CCA3D48FBEC41,Checking match of request : '/0089/searchdata'; against '/login/**'
05-23-2017 14:37:00.783,DEBUG,59A618951A9AEC24131CCA3D48FBEC41,Checking match of request : '/0089/searchdata'; against '/error/**'
05-23-2017 14:37:00.783,DEBUG,59A618951A9AEC24131CCA3D48FBEC41,Checking match of request : '/0089/searchdata'; against '/0001/**'
05-23-2017 14:37:00.783,DEBUG,59A618951A9AEC24131CCA3D48FBEC41,Checking match of request : '/0089/searchdata'; against '/0002/**'
05-23-2017 14:37:00.783,DEBUG,59A618951A9AEC24131CCA3D48FBEC41,Checking match of request : '/0089/searchdata'; against '/0003/**'
05-23-2017 14:37:00.783,DEBUG,59A618951A9AEC24131CCA3D48FBEC41,Checking match of request : '/0089/searchdata'; against '/0005/**'
05-23-2017 14:37:00.783,DEBUG,59A618951A9AEC24131CCA3D48FBEC41,Checking match of request : '/0089/searchdata'; against '/0007/**'
05-23-2017 14:37:00.783,DEBUG,59A618951A9AEC24131CCA3D48FBEC41,Checking match of request : '/0089/searchdata'; against '/0009/**'
05-23-2017 14:37:00.783,DEBUG,59A618951A9AEC24131CCA3D48FBEC41,Checking match of request : '/0089/searchdata'; against '/0013/**'
05-23-2017 14:37:00.783,DEBUG,59A618951A9AEC24131CCA3D48FBEC41,Checking match of request : '/0089/searchdata'; against '/0023/**'
05-23-2017 14:37:00.783,DEBUG,59A618951A9AEC24131CCA3D48FBEC41,Checking match of request : '/0089/searchdata'; against '/0017/**'
05-23-2017 14:37:00.783,DEBUG,59A618951A9AEC24131CCA3D48FBEC41,Checking match of request : '/0089/searchdata'; against '/0031/**'
05-23-2017 14:37:00.783,DEBUG,59A618951A9AEC24131CCA3D48FBEC41,Checking match of request : '/0089/searchdata'; against '/0035/**'
05-23-2017 14:37:00.783,DEBUG,59A618951A9AEC24131CCA3D48FBEC41,Checking match of request : '/0089/searchdata'; against '/0037/**'
05-23-2017 14:37:00.783,DEBUG,59A618951A9AEC24131CCA3D48FBEC41,Checking match of request : '/0089/searchdata'; against '/0045/**'
05-23-2017 14:37:00.784,DEBUG,59A618951A9AEC24131CCA3D48FBEC41,Checking match of request : '/0089/searchdata'; against '/0047/**'
05-23-2017 14:37:00.784,DEBUG,59A618951A9AEC24131CCA3D48FBEC41,Checking match of request : '/0089/searchdata'; against '/0049/**'
05-23-2017 14:37:00.784,DEBUG,59A618951A9AEC24131CCA3D48FBEC41,Checking match of request : '/0089/searchdata'; against '/0061/**'
05-23-2017 14:37:00.784,DEBUG,59A618951A9AEC24131CCA3D48FBEC41,Checking match of request : '/0089/searchdata'; against '/0087/**'
05-23-2017 14:37:00.784,DEBUG,59A618951A9AEC24131CCA3D48FBEC41,Checking match of request : '/0089/searchdata'; against '/0075/**'
05-23-2017 14:37:00.784,DEBUG,59A618951A9AEC24131CCA3D48FBEC41,Checking match of request : '/0089/searchdata'; against '/0089/**'
05-23-2017 14:37:00.784,DEBUG,59A618951A9AEC24131CCA3D48FBEC41,Secure object: FilterInvocation: URL: /0089/searchData; Attributes: [ROLE_ADMIN, ROLE_USER, IS_AUTHENTICATED_FULLY]
05-23-2017 14:37:00.784,DEBUG,59A618951A9AEC24131CCA3D48FBEC41,Previously Authenticated: org.springframework.security.authentication.UsernamePasswordAuthenticationToken@3b6c0717: Principal: vn.bananavietnam.ict.common.auth.MyUser@c4907816: Username: U0000000001; Password: [PROTECTED]; Enabled: true; AccountNonExpired: true; credentialsNonExpired: true; AccountNonLocked: true; Granted Authorities: 1; Credentials: [PROTECTED]; Authenticated: true; Details: org.springframework.security.web.authentication.WebAuthenticationDetails@380f4: RemoteIpAddress: 0:0:0:0:0:0:0:1; SessionId: 393DA8030A9E42513482548B0B7DE36F; Granted Authorities: 1
05-23-2017 14:37:00.784,DEBUG,59A618951A9AEC24131CCA3D48FBEC41,Voter: org.springframework.security.access.vote.RoleVoter@1ac872d, returned: -1
05-23-2017 14:37:00.784,DEBUG,59A618951A9AEC24131CCA3D48FBEC41,Voter: org.springframework.security.access.vote.AuthenticatedVoter@b1927d, returned: 1
05-23-2017 14:37:00.784,DEBUG,59A618951A9AEC24131CCA3D48FBEC41,Authorization successful
05-23-2017 14:37:00.784,DEBUG,59A618951A9AEC24131CCA3D48FBEC41,RunAsManager did not change Authentication object
05-23-2017 14:37:00.784,DEBUG,59A618951A9AEC24131CCA3D48FBEC41,/0089/searchData reached end of additional filter chain; proceeding with original chain
05-23-2017 14:37:00.784,DEBUG,59A618951A9AEC24131CCA3D48FBEC41,Request [/ict/0089/searchData] is not a multipart request
05-23-2017 14:37:00.784,DEBUG,59A618951A9AEC24131CCA3D48FBEC41,DispatcherServlet with name 'appServlet' processing POST request for [/ict/0089/searchData]
05-23-2017 14:37:00.784,DEBUG,59A618951A9AEC24131CCA3D48FBEC41,Looking up handler method for path /0089/searchData
05-23-2017 14:37:00.784,DEBUG,59A618951A9AEC24131CCA3D48FBEC41,Returning handler method [public java.util.List<vn.bananavietnam.ict.banana.component.Bnn0089SearchTaskResult> vn.bananavietnam.ict.banana.controller.Bnn0089SearchTaskController.searchData(vn.bananavietnam.ict.banana.component.Bnn0089SearchTaskConditions)]
05-23-2017 14:37:00.784,DEBUG,59A618951A9AEC24131CCA3D48FBEC41,Returning cached instance of singleton bean 'bnn0089SearchTaskController'
05-23-2017 14:37:00.784,DEBUG,59A618951A9AEC24131CCA3D48FBEC41,Returning cached instance of singleton bean 'xml_path'
05-23-2017 14:37:00.785,DEBUG,59A618951A9AEC24131CCA3D48FBEC41,Skip CORS processing: request is from same origin
05-23-2017 14:37:00.785,DEBUG,59A618951A9AEC24131CCA3D48FBEC41,Read [class vn.bananavietnam.ict.banana.component.Bnn0089SearchTaskConditions] as "application/json" with [org.springframework.http.converter.json.MappingJackson2HttpMessageConverter@156f2cc]
05-23-2017 14:37:00.785,INFO ,59A618951A9AEC24131CCA3D48FBEC41,U0000000001,vn.bananavietnam.ict.banana.service.Bnn0089SearchTaskService,searchData,[vn.bananavietnam.ict.banana.component.Bnn0089SearchTaskConditions@18aa5f9] METHOD START
05-23-2017 14:37:00.785,DEBUG,59A618951A9AEC24131CCA3D48FBEC41,Returning cached instance of singleton bean 'transactionManager'
05-23-2017 14:37:00.786,INFO ,59A618951A9AEC24131CCA3D48FBEC41,U0000000001,Task searching started
05-23-2017 14:37:00.786,DEBUG,59A618951A9AEC24131CCA3D48FBEC41,Creating a new SqlSession
05-23-2017 14:37:00.786,DEBUG,59A618951A9AEC24131CCA3D48FBEC41,Registering transaction synchronization for SqlSession [org.apache.ibatis.session.defaults.DefaultSqlSession@ca8e86]
05-23-2017 14:37:00.786,DEBUG,59A618951A9AEC24131CCA3D48FBEC41,Fetching JDBC Connection from DataSource
05-23-2017 14:37:00.786,DEBUG,59A618951A9AEC24131CCA3D48FBEC41,Creating new JDBC DriverManager Connection to [jdbc:mysql://172.16.0.175:3306/BANANA_DB_HUNG_SELENIUM?useUnicode=yes&characterEncoding=UTF-8&autoReconnect=true]
05-23-2017 14:37:00.806,DEBUG,59A618951A9AEC24131CCA3D48FBEC41,Registering transaction synchronization for JDBC Connection
05-23-2017 14:37:00.806,DEBUG,59A618951A9AEC24131CCA3D48FBEC41,JDBC Connection [com.mysql.jdbc.JDBC4Connection@19a7ffa] will be managed by Spring
05-23-2017 14:37:00.806,DEBUG,59A618951A9AEC24131CCA3D48FBEC41,==>  Preparing: SELECT T.TASK_ID taskId, T.TASK_NAME taskName, T.WORKING_DETAILS workingDetails, T.NOTE note, T.QUARANTINE_HANDLING_FLAG quarantineHandlingFlag, T.DELETE_FLAG deleteFlag, T.CHANGE_POINT_CODE changePointCode, T.LAST_UPDATE_DATE lastUpdateDate FROM IVB_M_TASK T WHERE 1 = 1 AND T.DELETE_FLAG = '0' ORDER BY T.TASK_NAME LIMIT ?,? 
05-23-2017 14:37:00.806,DEBUG,59A618951A9AEC24131CCA3D48FBEC41,==> Parameters: 40(Integer), 20(Integer)
05-23-2017 14:37:00.808,DEBUG,59A618951A9AEC24131CCA3D48FBEC41,<==      Total: 3
05-23-2017 14:37:00.808,DEBUG,59A618951A9AEC24131CCA3D48FBEC41,Releasing transactional SqlSession [org.apache.ibatis.session.defaults.DefaultSqlSession@ca8e86]
05-23-2017 14:37:00.808,INFO ,59A618951A9AEC24131CCA3D48FBEC41,U0000000001,SQL execution finished
05-23-2017 14:37:00.808,DEBUG,59A618951A9AEC24131CCA3D48FBEC41,Fetched SqlSession [org.apache.ibatis.session.defaults.DefaultSqlSession@ca8e86] from current transaction
05-23-2017 14:37:00.808,DEBUG,59A618951A9AEC24131CCA3D48FBEC41,==>  Preparing: SELECT COUNT(*) FROM IVB_M_TASK T WHERE 1 = 1 AND T.DELETE_FLAG = '0' ORDER BY T.TASK_ID 
05-23-2017 14:37:00.808,DEBUG,59A618951A9AEC24131CCA3D48FBEC41,==> Parameters: 
05-23-2017 14:37:00.810,DEBUG,59A618951A9AEC24131CCA3D48FBEC41,<==      Total: 1
05-23-2017 14:37:00.810,DEBUG,59A618951A9AEC24131CCA3D48FBEC41,Releasing transactional SqlSession [org.apache.ibatis.session.defaults.DefaultSqlSession@ca8e86]
05-23-2017 14:37:00.810,INFO ,59A618951A9AEC24131CCA3D48FBEC41,U0000000001,Task searching finished ==> 43 item(s)
05-23-2017 14:37:00.810,DEBUG,59A618951A9AEC24131CCA3D48FBEC41,Transaction synchronization deregistering SqlSession [org.apache.ibatis.session.defaults.DefaultSqlSession@ca8e86]
05-23-2017 14:37:00.810,DEBUG,59A618951A9AEC24131CCA3D48FBEC41,Transaction synchronization closing SqlSession [org.apache.ibatis.session.defaults.DefaultSqlSession@ca8e86]
05-23-2017 14:37:00.810,DEBUG,59A618951A9AEC24131CCA3D48FBEC41,Returning JDBC Connection to DataSource
05-23-2017 14:37:00.810,INFO ,59A618951A9AEC24131CCA3D48FBEC41,U0000000001,vn.bananavietnam.ict.banana.service.Bnn0089SearchTaskService,searchData,[vn.bananavietnam.ict.banana.component.Bnn0089SearchTaskConditions@18aa5f9] METHOD END
05-23-2017 14:37:00.812,DEBUG,59A618951A9AEC24131CCA3D48FBEC41,Written [[vn.bananavietnam.ict.banana.component.Bnn0089SearchTaskResult@b6d459, vn.bananavietnam.ict.banana.component.Bnn0089SearchTaskResult@12dd1ec, vn.bananavietnam.ict.banana.component.Bnn0089SearchTaskResult@5b3fbb]] as "application/json;charset=UTF-8" using [org.springframework.http.converter.json.MappingJackson2HttpMessageConverter@156f2cc]
05-23-2017 14:37:00.812,DEBUG,59A618951A9AEC24131CCA3D48FBEC41,Null ModelAndView returned to DispatcherServlet with name 'appServlet': assuming HandlerAdapter completed request handling
05-23-2017 14:37:00.812,DEBUG,59A618951A9AEC24131CCA3D48FBEC41,Successfully completed request
05-23-2017 14:37:00.813,DEBUG,59A618951A9AEC24131CCA3D48FBEC41,Chain processed normally
05-23-2017 14:37:00.813,DEBUG,59A618951A9AEC24131CCA3D48FBEC41,SecurityContextHolder now cleared, as request processing completed
