05-23-2017 13:26:08.236,DEBUG,680A0DD3B69D333732C74271EAC793E9,/0089/searchData at position 1 of 11 in additional filter chain; firing Filter: 'SecurityContextPersistenceFilter'
05-23-2017 13:26:08.236,DEBUG,680A0DD3B69D333732C74271EAC793E9,HttpSession returned null object for SPRING_SECURITY_CONTEXT
05-23-2017 13:26:08.236,DEBUG,680A0DD3B69D333732C74271EAC793E9,No SecurityContext was available from the HttpSession: org.apache.catalina.session.StandardSessionFacade@d501ee. A new one will be created.
05-23-2017 13:26:08.236,DEBUG,680A0DD3B69D333732C74271EAC793E9,/0089/searchData at position 2 of 11 in additional filter chain; firing Filter: 'WebAsyncManagerIntegrationFilter'
05-23-2017 13:26:08.236,DEBUG,680A0DD3B69D333732C74271EAC793E9,/0089/searchData at position 3 of 11 in additional filter chain; firing Filter: 'LogoutFilter'
05-23-2017 13:26:08.236,DEBUG,680A0DD3B69D333732C74271EAC793E9,/0089/searchData at position 4 of 11 in additional filter chain; firing Filter: 'UsernamePasswordAuthenticationFilter'
05-23-2017 13:26:08.236,DEBUG,680A0DD3B69D333732C74271EAC793E9,/0089/searchData at position 5 of 11 in additional filter chain; firing Filter: 'BasicAuthenticationFilter'
05-23-2017 13:26:08.236,DEBUG,680A0DD3B69D333732C74271EAC793E9,/0089/searchData at position 6 of 11 in additional filter chain; firing Filter: 'RequestCacheAwareFilter'
05-23-2017 13:26:08.236,DEBUG,680A0DD3B69D333732C74271EAC793E9,/0089/searchData at position 7 of 11 in additional filter chain; firing Filter: 'SecurityContextHolderAwareRequestFilter'
05-23-2017 13:26:08.236,DEBUG,680A0DD3B69D333732C74271EAC793E9,/0089/searchData at position 8 of 11 in additional filter chain; firing Filter: 'AnonymousAuthenticationFilter'
05-23-2017 13:26:08.237,DEBUG,680A0DD3B69D333732C74271EAC793E9,Populated SecurityContextHolder with anonymous token: 'org.springframework.security.authentication.AnonymousAuthenticationToken@9056f12c: Principal: anonymousUser; Credentials: [PROTECTED]; Authenticated: true; Details: org.springframework.security.web.authentication.WebAuthenticationDetails@380f4: RemoteIpAddress: 0:0:0:0:0:0:0:1; SessionId: 30FF4B230ADA832D4C77FDAFDA1658D4; Granted Authorities: ROLE_ANONYMOUS'
05-23-2017 13:26:08.237,DEBUG,680A0DD3B69D333732C74271EAC793E9,/0089/searchData at position 9 of 11 in additional filter chain; firing Filter: 'SessionManagementFilter'
05-23-2017 13:26:08.237,DEBUG,680A0DD3B69D333732C74271EAC793E9,/0089/searchData at position 10 of 11 in additional filter chain; firing Filter: 'ExceptionTranslationFilter'
05-23-2017 13:26:08.237,DEBUG,680A0DD3B69D333732C74271EAC793E9,/0089/searchData at position 11 of 11 in additional filter chain; firing Filter: 'FilterSecurityInterceptor'
05-23-2017 13:26:08.237,DEBUG,680A0DD3B69D333732C74271EAC793E9,Checking match of request : '/0089/searchdata'; against '/autherror*'
05-23-2017 13:26:08.237,DEBUG,680A0DD3B69D333732C74271EAC793E9,Checking match of request : '/0089/searchdata'; against '/login/**'
05-23-2017 13:26:08.237,DEBUG,680A0DD3B69D333732C74271EAC793E9,Checking match of request : '/0089/searchdata'; against '/error/**'
05-23-2017 13:26:08.237,DEBUG,680A0DD3B69D333732C74271EAC793E9,Checking match of request : '/0089/searchdata'; against '/0001/**'
05-23-2017 13:26:08.237,DEBUG,680A0DD3B69D333732C74271EAC793E9,Checking match of request : '/0089/searchdata'; against '/0002/**'
05-23-2017 13:26:08.237,DEBUG,680A0DD3B69D333732C74271EAC793E9,Checking match of request : '/0089/searchdata'; against '/0003/**'
05-23-2017 13:26:08.237,DEBUG,680A0DD3B69D333732C74271EAC793E9,Checking match of request : '/0089/searchdata'; against '/0005/**'
05-23-2017 13:26:08.237,DEBUG,680A0DD3B69D333732C74271EAC793E9,Checking match of request : '/0089/searchdata'; against '/0007/**'
05-23-2017 13:26:08.237,DEBUG,680A0DD3B69D333732C74271EAC793E9,Checking match of request : '/0089/searchdata'; against '/0009/**'
05-23-2017 13:26:08.237,DEBUG,680A0DD3B69D333732C74271EAC793E9,Checking match of request : '/0089/searchdata'; against '/0013/**'
05-23-2017 13:26:08.237,DEBUG,680A0DD3B69D333732C74271EAC793E9,Checking match of request : '/0089/searchdata'; against '/0023/**'
05-23-2017 13:26:08.237,DEBUG,680A0DD3B69D333732C74271EAC793E9,Checking match of request : '/0089/searchdata'; against '/0017/**'
05-23-2017 13:26:08.237,DEBUG,680A0DD3B69D333732C74271EAC793E9,Checking match of request : '/0089/searchdata'; against '/0031/**'
05-23-2017 13:26:08.237,DEBUG,680A0DD3B69D333732C74271EAC793E9,Checking match of request : '/0089/searchdata'; against '/0035/**'
05-23-2017 13:26:08.237,DEBUG,680A0DD3B69D333732C74271EAC793E9,Checking match of request : '/0089/searchdata'; against '/0037/**'
05-23-2017 13:26:08.237,DEBUG,680A0DD3B69D333732C74271EAC793E9,Checking match of request : '/0089/searchdata'; against '/0045/**'
05-23-2017 13:26:08.237,DEBUG,680A0DD3B69D333732C74271EAC793E9,Checking match of request : '/0089/searchdata'; against '/0047/**'
05-23-2017 13:26:08.237,DEBUG,680A0DD3B69D333732C74271EAC793E9,Checking match of request : '/0089/searchdata'; against '/0049/**'
05-23-2017 13:26:08.238,DEBUG,680A0DD3B69D333732C74271EAC793E9,Checking match of request : '/0089/searchdata'; against '/0061/**'
05-23-2017 13:26:08.238,DEBUG,680A0DD3B69D333732C74271EAC793E9,Checking match of request : '/0089/searchdata'; against '/0087/**'
05-23-2017 13:26:08.238,DEBUG,680A0DD3B69D333732C74271EAC793E9,Checking match of request : '/0089/searchdata'; against '/0075/**'
05-23-2017 13:26:08.238,DEBUG,680A0DD3B69D333732C74271EAC793E9,Checking match of request : '/0089/searchdata'; against '/0089/**'
05-23-2017 13:26:08.238,DEBUG,680A0DD3B69D333732C74271EAC793E9,Secure object: FilterInvocation: URL: /0089/searchData; Attributes: [ROLE_ADMIN, ROLE_USER, IS_AUTHENTICATED_FULLY]
05-23-2017 13:26:08.238,DEBUG,680A0DD3B69D333732C74271EAC793E9,Previously Authenticated: org.springframework.security.authentication.AnonymousAuthenticationToken@9056f12c: Principal: anonymousUser; Credentials: [PROTECTED]; Authenticated: true; Details: org.springframework.security.web.authentication.WebAuthenticationDetails@380f4: RemoteIpAddress: 0:0:0:0:0:0:0:1; SessionId: 30FF4B230ADA832D4C77FDAFDA1658D4; Granted Authorities: ROLE_ANONYMOUS
05-23-2017 13:26:08.238,DEBUG,680A0DD3B69D333732C74271EAC793E9,Voter: org.springframework.security.access.vote.RoleVoter@1ac872d, returned: -1
05-23-2017 13:26:08.238,DEBUG,680A0DD3B69D333732C74271EAC793E9,Voter: org.springframework.security.access.vote.AuthenticatedVoter@b1927d, returned: -1
05-23-2017 13:26:08.238,DEBUG,680A0DD3B69D333732C74271EAC793E9,Access is denied (user is anonymous); redirecting to authentication entry point
05-23-2017 13:26:08.239,DEBUG,680A0DD3B69D333732C74271EAC793E9,DefaultSavedRequest added to Session: DefaultSavedRequest[http://localhost:8080/ict/0089/searchData]
05-23-2017 13:26:08.239,DEBUG,680A0DD3B69D333732C74271EAC793E9,Calling Authentication entry point.
05-23-2017 13:26:08.240,DEBUG,680A0DD3B69D333732C74271EAC793E9,Redirecting to 'http://localhost:8080/ict/'
05-23-2017 13:26:08.240,DEBUG,680A0DD3B69D333732C74271EAC793E9,SecurityContext is empty or contents are anonymous - context will not be stored in HttpSession.
05-23-2017 13:26:08.240,DEBUG,680A0DD3B69D333732C74271EAC793E9,SecurityContextHolder now cleared, as request processing completed
05-23-2017 13:26:08.243,DEBUG,680A0DD3B69D333732C74271EAC793E9,/ at position 1 of 11 in additional filter chain; firing Filter: 'SecurityContextPersistenceFilter'
05-23-2017 13:26:08.243,DEBUG,680A0DD3B69D333732C74271EAC793E9,HttpSession returned null object for SPRING_SECURITY_CONTEXT
05-23-2017 13:26:08.243,DEBUG,680A0DD3B69D333732C74271EAC793E9,No SecurityContext was available from the HttpSession: org.apache.catalina.session.StandardSessionFacade@d501ee. A new one will be created.
05-23-2017 13:26:08.243,DEBUG,680A0DD3B69D333732C74271EAC793E9,/ at position 2 of 11 in additional filter chain; firing Filter: 'WebAsyncManagerIntegrationFilter'
05-23-2017 13:26:08.243,DEBUG,680A0DD3B69D333732C74271EAC793E9,/ at position 3 of 11 in additional filter chain; firing Filter: 'LogoutFilter'
05-23-2017 13:26:08.243,DEBUG,680A0DD3B69D333732C74271EAC793E9,/ at position 4 of 11 in additional filter chain; firing Filter: 'UsernamePasswordAuthenticationFilter'
05-23-2017 13:26:08.243,DEBUG,680A0DD3B69D333732C74271EAC793E9,/ at position 5 of 11 in additional filter chain; firing Filter: 'BasicAuthenticationFilter'
05-23-2017 13:26:08.243,DEBUG,680A0DD3B69D333732C74271EAC793E9,/ at position 6 of 11 in additional filter chain; firing Filter: 'RequestCacheAwareFilter'
05-23-2017 13:26:08.243,DEBUG,680A0DD3B69D333732C74271EAC793E9,pathInfo: both null (property equals)
05-23-2017 13:26:08.243,DEBUG,680A0DD3B69D333732C74271EAC793E9,queryString: both null (property equals)
05-23-2017 13:26:08.243,DEBUG,680A0DD3B69D333732C74271EAC793E9,requestURI: arg1=/ict/0089/searchData; arg2=/ict/ (property not equals)
05-23-2017 13:26:08.243,DEBUG,680A0DD3B69D333732C74271EAC793E9,saved request doesn't match
05-23-2017 13:26:08.243,DEBUG,680A0DD3B69D333732C74271EAC793E9,/ at position 7 of 11 in additional filter chain; firing Filter: 'SecurityContextHolderAwareRequestFilter'
05-23-2017 13:26:08.244,DEBUG,680A0DD3B69D333732C74271EAC793E9,/ at position 8 of 11 in additional filter chain; firing Filter: 'AnonymousAuthenticationFilter'
05-23-2017 13:26:08.244,DEBUG,680A0DD3B69D333732C74271EAC793E9,Populated SecurityContextHolder with anonymous token: 'org.springframework.security.authentication.AnonymousAuthenticationToken@9056f12c: Principal: anonymousUser; Credentials: [PROTECTED]; Authenticated: true; Details: org.springframework.security.web.authentication.WebAuthenticationDetails@380f4: RemoteIpAddress: 0:0:0:0:0:0:0:1; SessionId: 30FF4B230ADA832D4C77FDAFDA1658D4; Granted Authorities: ROLE_ANONYMOUS'
05-23-2017 13:26:08.244,DEBUG,680A0DD3B69D333732C74271EAC793E9,/ at position 9 of 11 in additional filter chain; firing Filter: 'SessionManagementFilter'
05-23-2017 13:26:08.244,DEBUG,680A0DD3B69D333732C74271EAC793E9,/ at position 10 of 11 in additional filter chain; firing Filter: 'ExceptionTranslationFilter'
05-23-2017 13:26:08.244,DEBUG,680A0DD3B69D333732C74271EAC793E9,/ at position 11 of 11 in additional filter chain; firing Filter: 'FilterSecurityInterceptor'
05-23-2017 13:26:08.244,DEBUG,680A0DD3B69D333732C74271EAC793E9,Checking match of request : '/'; against '/autherror*'
05-23-2017 13:26:08.244,DEBUG,680A0DD3B69D333732C74271EAC793E9,Checking match of request : '/'; against '/login/**'
05-23-2017 13:26:08.244,DEBUG,680A0DD3B69D333732C74271EAC793E9,Checking match of request : '/'; against '/error/**'
05-23-2017 13:26:08.244,DEBUG,680A0DD3B69D333732C74271EAC793E9,Checking match of request : '/'; against '/0001/**'
05-23-2017 13:26:08.244,DEBUG,680A0DD3B69D333732C74271EAC793E9,Checking match of request : '/'; against '/0002/**'
05-23-2017 13:26:08.244,DEBUG,680A0DD3B69D333732C74271EAC793E9,Checking match of request : '/'; against '/0003/**'
05-23-2017 13:26:08.244,DEBUG,680A0DD3B69D333732C74271EAC793E9,Checking match of request : '/'; against '/0005/**'
05-23-2017 13:26:08.244,DEBUG,680A0DD3B69D333732C74271EAC793E9,Checking match of request : '/'; against '/0007/**'
05-23-2017 13:26:08.244,DEBUG,680A0DD3B69D333732C74271EAC793E9,Checking match of request : '/'; against '/0009/**'
05-23-2017 13:26:08.244,DEBUG,680A0DD3B69D333732C74271EAC793E9,Checking match of request : '/'; against '/0013/**'
05-23-2017 13:26:08.244,DEBUG,680A0DD3B69D333732C74271EAC793E9,Checking match of request : '/'; against '/0023/**'
05-23-2017 13:26:08.245,DEBUG,680A0DD3B69D333732C74271EAC793E9,Checking match of request : '/'; against '/0017/**'
05-23-2017 13:26:08.245,DEBUG,680A0DD3B69D333732C74271EAC793E9,Checking match of request : '/'; against '/0031/**'
05-23-2017 13:26:08.245,DEBUG,680A0DD3B69D333732C74271EAC793E9,Checking match of request : '/'; against '/0035/**'
05-23-2017 13:26:08.245,DEBUG,680A0DD3B69D333732C74271EAC793E9,Checking match of request : '/'; against '/0037/**'
05-23-2017 13:26:08.245,DEBUG,680A0DD3B69D333732C74271EAC793E9,Checking match of request : '/'; against '/0045/**'
05-23-2017 13:26:08.245,DEBUG,680A0DD3B69D333732C74271EAC793E9,Checking match of request : '/'; against '/0047/**'
05-23-2017 13:26:08.245,DEBUG,680A0DD3B69D333732C74271EAC793E9,Checking match of request : '/'; against '/0049/**'
05-23-2017 13:26:08.245,DEBUG,680A0DD3B69D333732C74271EAC793E9,Checking match of request : '/'; against '/0061/**'
05-23-2017 13:26:08.245,DEBUG,680A0DD3B69D333732C74271EAC793E9,Checking match of request : '/'; against '/0087/**'
05-23-2017 13:26:08.245,DEBUG,680A0DD3B69D333732C74271EAC793E9,Checking match of request : '/'; against '/0075/**'
05-23-2017 13:26:08.245,DEBUG,680A0DD3B69D333732C74271EAC793E9,Checking match of request : '/'; against '/0089/**'
05-23-2017 13:26:08.245,DEBUG,680A0DD3B69D333732C74271EAC793E9,Checking match of request : '/'; against '/0090/**'
05-23-2017 13:26:08.245,DEBUG,680A0DD3B69D333732C74271EAC793E9,Checking match of request : '/'; against '/0091/**'
05-23-2017 13:26:08.245,DEBUG,680A0DD3B69D333732C74271EAC793E9,Checking match of request : '/'; against '/0092/**'
05-23-2017 13:26:08.245,DEBUG,680A0DD3B69D333732C74271EAC793E9,Checking match of request : '/'; against '/0095/**'
05-23-2017 13:26:08.245,DEBUG,680A0DD3B69D333732C74271EAC793E9,Secure object: FilterInvocation: URL: /; Attributes: [IS_AUTHENTICATED_ANONYMOUSLY]
05-23-2017 13:26:08.245,DEBUG,680A0DD3B69D333732C74271EAC793E9,Previously Authenticated: org.springframework.security.authentication.AnonymousAuthenticationToken@9056f12c: Principal: anonymousUser; Credentials: [PROTECTED]; Authenticated: true; Details: org.springframework.security.web.authentication.WebAuthenticationDetails@380f4: RemoteIpAddress: 0:0:0:0:0:0:0:1; SessionId: 30FF4B230ADA832D4C77FDAFDA1658D4; Granted Authorities: ROLE_ANONYMOUS
05-23-2017 13:26:08.245,DEBUG,680A0DD3B69D333732C74271EAC793E9,Voter: org.springframework.security.access.vote.RoleVoter@1ac872d, returned: 0
05-23-2017 13:26:08.245,DEBUG,680A0DD3B69D333732C74271EAC793E9,Voter: org.springframework.security.access.vote.AuthenticatedVoter@b1927d, returned: 1
05-23-2017 13:26:08.246,DEBUG,680A0DD3B69D333732C74271EAC793E9,Authorization successful
05-23-2017 13:26:08.246,DEBUG,680A0DD3B69D333732C74271EAC793E9,RunAsManager did not change Authentication object
05-23-2017 13:26:08.246,DEBUG,680A0DD3B69D333732C74271EAC793E9,/ reached end of additional filter chain; proceeding with original chain
05-23-2017 13:26:08.246,DEBUG,680A0DD3B69D333732C74271EAC793E9,Request [/ict/] is not a multipart request
05-23-2017 13:26:08.246,DEBUG,30FF4B230ADA832D4C77FDAFDA1658D4,DispatcherServlet with name 'appServlet' processing GET request for [/ict/]
05-23-2017 13:26:08.246,DEBUG,30FF4B230ADA832D4C77FDAFDA1658D4,Looking up handler method for path /
05-23-2017 13:26:08.246,DEBUG,30FF4B230ADA832D4C77FDAFDA1658D4,Returning handler method [public java.lang.String vn.bananavietnam.ict.common.controller.AuthController.login()]
05-23-2017 13:26:08.246,DEBUG,30FF4B230ADA832D4C77FDAFDA1658D4,Returning cached instance of singleton bean 'authController'
05-23-2017 13:26:08.246,DEBUG,30FF4B230ADA832D4C77FDAFDA1658D4,Last-Modified value for [/ict/] is: -1
05-23-2017 13:26:08.247,DEBUG,30FF4B230ADA832D4C77FDAFDA1658D4,Returning cached instance of singleton bean 'xml_path'
05-23-2017 13:26:08.247,DEBUG,30FF4B230ADA832D4C77FDAFDA1658D4,Rendering view [org.springframework.web.servlet.view.JstlView: name 'common/PageWrapper'; URL [/WEB-INF/views/common/PageWrapper.jsp]] in DispatcherServlet with name 'appServlet'
05-23-2017 13:26:08.247,DEBUG,30FF4B230ADA832D4C77FDAFDA1658D4,Forwarding to resource [/WEB-INF/views/common/PageWrapper.jsp] in InternalResourceView 'common/PageWrapper'
05-23-2017 13:26:08.248,DEBUG,30FF4B230ADA832D4C77FDAFDA1658D4,SecurityContext is empty or contents are anonymous - context will not be stored in HttpSession.
05-23-2017 13:26:08.248,DEBUG,30FF4B230ADA832D4C77FDAFDA1658D4,Successfully completed request
05-23-2017 13:26:08.248,DEBUG,30FF4B230ADA832D4C77FDAFDA1658D4,Chain processed normally
05-23-2017 13:26:08.248,DEBUG,30FF4B230ADA832D4C77FDAFDA1658D4,SecurityContextHolder now cleared, as request processing completed
05-23-2017 13:26:08.257,DEBUG,680A0DD3B69D333732C74271EAC793E9,/login at position 1 of 11 in additional filter chain; firing Filter: 'SecurityContextPersistenceFilter'
05-23-2017 13:26:08.257,DEBUG,680A0DD3B69D333732C74271EAC793E9,HttpSession returned null object for SPRING_SECURITY_CONTEXT
05-23-2017 13:26:08.257,DEBUG,680A0DD3B69D333732C74271EAC793E9,No SecurityContext was available from the HttpSession: org.apache.catalina.session.StandardSessionFacade@d501ee. A new one will be created.
05-23-2017 13:26:08.257,DEBUG,680A0DD3B69D333732C74271EAC793E9,/login at position 2 of 11 in additional filter chain; firing Filter: 'WebAsyncManagerIntegrationFilter'
05-23-2017 13:26:08.257,DEBUG,680A0DD3B69D333732C74271EAC793E9,/login at position 3 of 11 in additional filter chain; firing Filter: 'LogoutFilter'
05-23-2017 13:26:08.257,DEBUG,680A0DD3B69D333732C74271EAC793E9,Logging out user 'null' and transferring to logout destination
05-23-2017 13:26:08.258,DEBUG,680A0DD3B69D333732C74271EAC793E9,Invalidating session: 30FF4B230ADA832D4C77FDAFDA1658D4
05-23-2017 13:26:08.258,DEBUG,680A0DD3B69D333732C74271EAC793E9,Using default Url: /
05-23-2017 13:26:08.258,DEBUG,680A0DD3B69D333732C74271EAC793E9,Redirecting to '/ict/'
05-23-2017 13:26:08.258,DEBUG,680A0DD3B69D333732C74271EAC793E9,SecurityContext is empty or contents are anonymous - context will not be stored in HttpSession.
05-23-2017 13:26:08.258,DEBUG,680A0DD3B69D333732C74271EAC793E9,SecurityContextHolder now cleared, as request processing completed
05-23-2017 13:26:08.279,DEBUG,680A0DD3B69D333732C74271EAC793E9,/ at position 1 of 11 in additional filter chain; firing Filter: 'SecurityContextPersistenceFilter'
05-23-2017 13:26:08.279,DEBUG,680A0DD3B69D333732C74271EAC793E9,No HttpSession currently exists
05-23-2017 13:26:08.279,DEBUG,680A0DD3B69D333732C74271EAC793E9,No SecurityContext was available from the HttpSession: null. A new one will be created.
05-23-2017 13:26:08.279,DEBUG,680A0DD3B69D333732C74271EAC793E9,/ at position 2 of 11 in additional filter chain; firing Filter: 'WebAsyncManagerIntegrationFilter'
05-23-2017 13:26:08.279,DEBUG,680A0DD3B69D333732C74271EAC793E9,/ at position 3 of 11 in additional filter chain; firing Filter: 'LogoutFilter'
05-23-2017 13:26:08.279,DEBUG,680A0DD3B69D333732C74271EAC793E9,/ at position 4 of 11 in additional filter chain; firing Filter: 'UsernamePasswordAuthenticationFilter'
05-23-2017 13:26:08.279,DEBUG,680A0DD3B69D333732C74271EAC793E9,/ at position 5 of 11 in additional filter chain; firing Filter: 'BasicAuthenticationFilter'
05-23-2017 13:26:08.279,DEBUG,680A0DD3B69D333732C74271EAC793E9,/ at position 6 of 11 in additional filter chain; firing Filter: 'RequestCacheAwareFilter'
05-23-2017 13:26:08.279,DEBUG,680A0DD3B69D333732C74271EAC793E9,/ at position 7 of 11 in additional filter chain; firing Filter: 'SecurityContextHolderAwareRequestFilter'
05-23-2017 13:26:08.280,DEBUG,680A0DD3B69D333732C74271EAC793E9,/ at position 8 of 11 in additional filter chain; firing Filter: 'AnonymousAuthenticationFilter'
05-23-2017 13:26:08.280,DEBUG,680A0DD3B69D333732C74271EAC793E9,Populated SecurityContextHolder with anonymous token: 'org.springframework.security.authentication.AnonymousAuthenticationToken@9055c2bc: Principal: anonymousUser; Credentials: [PROTECTED]; Authenticated: true; Details: org.springframework.security.web.authentication.WebAuthenticationDetails@b364: RemoteIpAddress: 0:0:0:0:0:0:0:1; SessionId: null; Granted Authorities: ROLE_ANONYMOUS'
05-23-2017 13:26:08.280,DEBUG,680A0DD3B69D333732C74271EAC793E9,/ at position 9 of 11 in additional filter chain; firing Filter: 'SessionManagementFilter'
05-23-2017 13:26:08.280,DEBUG,680A0DD3B69D333732C74271EAC793E9,Requested session ID 30FF4B230ADA832D4C77FDAFDA1658D4 is invalid.
05-23-2017 13:26:08.280,DEBUG,680A0DD3B69D333732C74271EAC793E9,/ at position 10 of 11 in additional filter chain; firing Filter: 'ExceptionTranslationFilter'
05-23-2017 13:26:08.280,DEBUG,680A0DD3B69D333732C74271EAC793E9,/ at position 11 of 11 in additional filter chain; firing Filter: 'FilterSecurityInterceptor'
05-23-2017 13:26:08.280,DEBUG,680A0DD3B69D333732C74271EAC793E9,Checking match of request : '/'; against '/autherror*'
05-23-2017 13:26:08.280,DEBUG,680A0DD3B69D333732C74271EAC793E9,Checking match of request : '/'; against '/login/**'
05-23-2017 13:26:08.280,DEBUG,680A0DD3B69D333732C74271EAC793E9,Checking match of request : '/'; against '/error/**'
05-23-2017 13:26:08.280,DEBUG,680A0DD3B69D333732C74271EAC793E9,Checking match of request : '/'; against '/0001/**'
05-23-2017 13:26:08.280,DEBUG,680A0DD3B69D333732C74271EAC793E9,Checking match of request : '/'; against '/0002/**'
05-23-2017 13:26:08.280,DEBUG,680A0DD3B69D333732C74271EAC793E9,Checking match of request : '/'; against '/0003/**'
05-23-2017 13:26:08.280,DEBUG,680A0DD3B69D333732C74271EAC793E9,Checking match of request : '/'; against '/0005/**'
05-23-2017 13:26:08.280,DEBUG,680A0DD3B69D333732C74271EAC793E9,Checking match of request : '/'; against '/0007/**'
05-23-2017 13:26:08.280,DEBUG,680A0DD3B69D333732C74271EAC793E9,Checking match of request : '/'; against '/0009/**'
05-23-2017 13:26:08.280,DEBUG,680A0DD3B69D333732C74271EAC793E9,Checking match of request : '/'; against '/0013/**'
05-23-2017 13:26:08.280,DEBUG,680A0DD3B69D333732C74271EAC793E9,Checking match of request : '/'; against '/0023/**'
05-23-2017 13:26:08.280,DEBUG,680A0DD3B69D333732C74271EAC793E9,Checking match of request : '/'; against '/0017/**'
05-23-2017 13:26:08.280,DEBUG,680A0DD3B69D333732C74271EAC793E9,Checking match of request : '/'; against '/0031/**'
05-23-2017 13:26:08.280,DEBUG,680A0DD3B69D333732C74271EAC793E9,Checking match of request : '/'; against '/0035/**'
05-23-2017 13:26:08.280,DEBUG,680A0DD3B69D333732C74271EAC793E9,Checking match of request : '/'; against '/0037/**'
05-23-2017 13:26:08.280,DEBUG,680A0DD3B69D333732C74271EAC793E9,Checking match of request : '/'; against '/0045/**'
05-23-2017 13:26:08.280,DEBUG,680A0DD3B69D333732C74271EAC793E9,Checking match of request : '/'; against '/0047/**'
05-23-2017 13:26:08.280,DEBUG,680A0DD3B69D333732C74271EAC793E9,Checking match of request : '/'; against '/0049/**'
05-23-2017 13:26:08.280,DEBUG,680A0DD3B69D333732C74271EAC793E9,Checking match of request : '/'; against '/0061/**'
05-23-2017 13:26:08.280,DEBUG,680A0DD3B69D333732C74271EAC793E9,Checking match of request : '/'; against '/0087/**'
05-23-2017 13:26:08.280,DEBUG,680A0DD3B69D333732C74271EAC793E9,Checking match of request : '/'; against '/0075/**'
05-23-2017 13:26:08.280,DEBUG,680A0DD3B69D333732C74271EAC793E9,Checking match of request : '/'; against '/0089/**'
05-23-2017 13:26:08.280,DEBUG,680A0DD3B69D333732C74271EAC793E9,Checking match of request : '/'; against '/0090/**'
05-23-2017 13:26:08.280,DEBUG,680A0DD3B69D333732C74271EAC793E9,Checking match of request : '/'; against '/0091/**'
05-23-2017 13:26:08.280,DEBUG,680A0DD3B69D333732C74271EAC793E9,Checking match of request : '/'; against '/0092/**'
05-23-2017 13:26:08.280,DEBUG,680A0DD3B69D333732C74271EAC793E9,Checking match of request : '/'; against '/0095/**'
05-23-2017 13:26:08.280,DEBUG,680A0DD3B69D333732C74271EAC793E9,Secure object: FilterInvocation: URL: /; Attributes: [IS_AUTHENTICATED_ANONYMOUSLY]
05-23-2017 13:26:08.280,DEBUG,680A0DD3B69D333732C74271EAC793E9,Previously Authenticated: org.springframework.security.authentication.AnonymousAuthenticationToken@9055c2bc: Principal: anonymousUser; Credentials: [PROTECTED]; Authenticated: true; Details: org.springframework.security.web.authentication.WebAuthenticationDetails@b364: RemoteIpAddress: 0:0:0:0:0:0:0:1; SessionId: null; Granted Authorities: ROLE_ANONYMOUS
05-23-2017 13:26:08.281,DEBUG,680A0DD3B69D333732C74271EAC793E9,Voter: org.springframework.security.access.vote.RoleVoter@1ac872d, returned: 0
05-23-2017 13:26:08.281,DEBUG,680A0DD3B69D333732C74271EAC793E9,Voter: org.springframework.security.access.vote.AuthenticatedVoter@b1927d, returned: 1
05-23-2017 13:26:08.281,DEBUG,680A0DD3B69D333732C74271EAC793E9,Authorization successful
05-23-2017 13:26:08.281,DEBUG,680A0DD3B69D333732C74271EAC793E9,RunAsManager did not change Authentication object
05-23-2017 13:26:08.281,DEBUG,680A0DD3B69D333732C74271EAC793E9,/ reached end of additional filter chain; proceeding with original chain
05-23-2017 13:26:08.281,DEBUG,680A0DD3B69D333732C74271EAC793E9,Request [/ict/] is not a multipart request
05-23-2017 13:26:08.281,DEBUG,E8DC2283FAFF50F60760CA6F2D5BFC53,DispatcherServlet with name 'appServlet' processing GET request for [/ict/]
05-23-2017 13:26:08.281,DEBUG,E8DC2283FAFF50F60760CA6F2D5BFC53,Looking up handler method for path /
05-23-2017 13:26:08.281,DEBUG,E8DC2283FAFF50F60760CA6F2D5BFC53,Returning handler method [public java.lang.String vn.bananavietnam.ict.common.controller.AuthController.login()]
05-23-2017 13:26:08.281,DEBUG,E8DC2283FAFF50F60760CA6F2D5BFC53,Returning cached instance of singleton bean 'authController'
05-23-2017 13:26:08.281,DEBUG,E8DC2283FAFF50F60760CA6F2D5BFC53,Last-Modified value for [/ict/] is: -1
05-23-2017 13:26:08.281,DEBUG,E8DC2283FAFF50F60760CA6F2D5BFC53,Returning cached instance of singleton bean 'xml_path'
05-23-2017 13:26:08.281,DEBUG,E8DC2283FAFF50F60760CA6F2D5BFC53,Rendering view [org.springframework.web.servlet.view.JstlView: name 'common/PageWrapper'; URL [/WEB-INF/views/common/PageWrapper.jsp]] in DispatcherServlet with name 'appServlet'
05-23-2017 13:26:08.281,DEBUG,E8DC2283FAFF50F60760CA6F2D5BFC53,Forwarding to resource [/WEB-INF/views/common/PageWrapper.jsp] in InternalResourceView 'common/PageWrapper'
05-23-2017 13:26:08.282,DEBUG,E8DC2283FAFF50F60760CA6F2D5BFC53,SecurityContext is empty or contents are anonymous - context will not be stored in HttpSession.
05-23-2017 13:26:08.282,DEBUG,E8DC2283FAFF50F60760CA6F2D5BFC53,Successfully completed request
05-23-2017 13:26:08.282,DEBUG,E8DC2283FAFF50F60760CA6F2D5BFC53,Chain processed normally
05-23-2017 13:26:08.282,DEBUG,E8DC2283FAFF50F60760CA6F2D5BFC53,SecurityContextHolder now cleared, as request processing completed
05-23-2017 13:26:08.291,DEBUG,680A0DD3B69D333732C74271EAC793E9,/login/ at position 1 of 11 in additional filter chain; firing Filter: 'SecurityContextPersistenceFilter'
05-23-2017 13:26:08.291,DEBUG,680A0DD3B69D333732C74271EAC793E9,HttpSession returned null object for SPRING_SECURITY_CONTEXT
05-23-2017 13:26:08.291,DEBUG,680A0DD3B69D333732C74271EAC793E9,No SecurityContext was available from the HttpSession: org.apache.catalina.session.StandardSessionFacade@71d390. A new one will be created.
05-23-2017 13:26:08.291,DEBUG,680A0DD3B69D333732C74271EAC793E9,/login/ at position 2 of 11 in additional filter chain; firing Filter: 'WebAsyncManagerIntegrationFilter'
05-23-2017 13:26:08.291,DEBUG,680A0DD3B69D333732C74271EAC793E9,/login/ at position 3 of 11 in additional filter chain; firing Filter: 'LogoutFilter'
05-23-2017 13:26:08.291,DEBUG,680A0DD3B69D333732C74271EAC793E9,/login/ at position 4 of 11 in additional filter chain; firing Filter: 'UsernamePasswordAuthenticationFilter'
05-23-2017 13:26:08.291,DEBUG,680A0DD3B69D333732C74271EAC793E9,/login/ at position 5 of 11 in additional filter chain; firing Filter: 'BasicAuthenticationFilter'
05-23-2017 13:26:08.291,DEBUG,680A0DD3B69D333732C74271EAC793E9,/login/ at position 6 of 11 in additional filter chain; firing Filter: 'RequestCacheAwareFilter'
05-23-2017 13:26:08.291,DEBUG,680A0DD3B69D333732C74271EAC793E9,/login/ at position 7 of 11 in additional filter chain; firing Filter: 'SecurityContextHolderAwareRequestFilter'
05-23-2017 13:26:08.291,DEBUG,680A0DD3B69D333732C74271EAC793E9,/login/ at position 8 of 11 in additional filter chain; firing Filter: 'AnonymousAuthenticationFilter'
05-23-2017 13:26:08.291,DEBUG,680A0DD3B69D333732C74271EAC793E9,Populated SecurityContextHolder with anonymous token: 'org.springframework.security.authentication.AnonymousAuthenticationToken@9057bc48: Principal: anonymousUser; Credentials: [PROTECTED]; Authenticated: true; Details: org.springframework.security.web.authentication.WebAuthenticationDetails@2cd90: RemoteIpAddress: 0:0:0:0:0:0:0:1; SessionId: E8DC2283FAFF50F60760CA6F2D5BFC53; Granted Authorities: ROLE_ANONYMOUS'
05-23-2017 13:26:08.291,DEBUG,680A0DD3B69D333732C74271EAC793E9,/login/ at position 9 of 11 in additional filter chain; firing Filter: 'SessionManagementFilter'
05-23-2017 13:26:08.291,DEBUG,680A0DD3B69D333732C74271EAC793E9,/login/ at position 10 of 11 in additional filter chain; firing Filter: 'ExceptionTranslationFilter'
05-23-2017 13:26:08.291,DEBUG,680A0DD3B69D333732C74271EAC793E9,/login/ at position 11 of 11 in additional filter chain; firing Filter: 'FilterSecurityInterceptor'
05-23-2017 13:26:08.291,DEBUG,680A0DD3B69D333732C74271EAC793E9,Checking match of request : '/login/'; against '/autherror*'
05-23-2017 13:26:08.291,DEBUG,680A0DD3B69D333732C74271EAC793E9,Checking match of request : '/login/'; against '/login/**'
05-23-2017 13:26:08.291,DEBUG,680A0DD3B69D333732C74271EAC793E9,Secure object: FilterInvocation: URL: /login/; Attributes: [IS_AUTHENTICATED_ANONYMOUSLY]
05-23-2017 13:26:08.291,DEBUG,680A0DD3B69D333732C74271EAC793E9,Previously Authenticated: org.springframework.security.authentication.AnonymousAuthenticationToken@9057bc48: Principal: anonymousUser; Credentials: [PROTECTED]; Authenticated: true; Details: org.springframework.security.web.authentication.WebAuthenticationDetails@2cd90: RemoteIpAddress: 0:0:0:0:0:0:0:1; SessionId: E8DC2283FAFF50F60760CA6F2D5BFC53; Granted Authorities: ROLE_ANONYMOUS
05-23-2017 13:26:08.291,DEBUG,680A0DD3B69D333732C74271EAC793E9,Voter: org.springframework.security.access.vote.RoleVoter@1ac872d, returned: 0
05-23-2017 13:26:08.291,DEBUG,680A0DD3B69D333732C74271EAC793E9,Voter: org.springframework.security.access.vote.AuthenticatedVoter@b1927d, returned: 1
05-23-2017 13:26:08.291,DEBUG,680A0DD3B69D333732C74271EAC793E9,Authorization successful
05-23-2017 13:26:08.291,DEBUG,680A0DD3B69D333732C74271EAC793E9,RunAsManager did not change Authentication object
05-23-2017 13:26:08.291,DEBUG,680A0DD3B69D333732C74271EAC793E9,/login/ reached end of additional filter chain; proceeding with original chain
05-23-2017 13:26:08.291,DEBUG,680A0DD3B69D333732C74271EAC793E9,Request [/ict/login/] is not a multipart request
05-23-2017 13:26:08.292,DEBUG,E8DC2283FAFF50F60760CA6F2D5BFC53,DispatcherServlet with name 'appServlet' processing GET request for [/ict/login/]
05-23-2017 13:26:08.292,DEBUG,E8DC2283FAFF50F60760CA6F2D5BFC53,Looking up handler method for path /login/
05-23-2017 13:26:08.292,DEBUG,E8DC2283FAFF50F60760CA6F2D5BFC53,Returning handler method [public java.lang.String vn.bananavietnam.ict.common.controller.LoginController.top(java.util.Locale,org.springframework.ui.Model)]
05-23-2017 13:26:08.292,DEBUG,E8DC2283FAFF50F60760CA6F2D5BFC53,Returning cached instance of singleton bean 'loginController'
05-23-2017 13:26:08.292,DEBUG,E8DC2283FAFF50F60760CA6F2D5BFC53,Last-Modified value for [/ict/login/] is: -1
05-23-2017 13:26:08.292,DEBUG,E8DC2283FAFF50F60760CA6F2D5BFC53,Returning cached instance of singleton bean 'xml_path'
05-23-2017 13:26:08.292,DEBUG,E8DC2283FAFF50F60760CA6F2D5BFC53,Rendering view [org.springframework.web.servlet.view.JstlView: name 'common/login'; URL [/WEB-INF/views/common/login.jsp]] in DispatcherServlet with name 'appServlet'
05-23-2017 13:26:08.292,DEBUG,E8DC2283FAFF50F60760CA6F2D5BFC53,Forwarding to resource [/WEB-INF/views/common/login.jsp] in InternalResourceView 'common/login'
05-23-2017 13:26:08.294,DEBUG,E8DC2283FAFF50F60760CA6F2D5BFC53,SecurityContext is empty or contents are anonymous - context will not be stored in HttpSession.
05-23-2017 13:26:08.294,DEBUG,E8DC2283FAFF50F60760CA6F2D5BFC53,Successfully completed request
05-23-2017 13:26:08.294,DEBUG,E8DC2283FAFF50F60760CA6F2D5BFC53,Chain processed normally
05-23-2017 13:26:08.294,DEBUG,E8DC2283FAFF50F60760CA6F2D5BFC53,SecurityContextHolder now cleared, as request processing completed
05-23-2017 13:26:09.610,DEBUG,680A0DD3B69D333732C74271EAC793E9,/?language=en at position 1 of 11 in additional filter chain; firing Filter: 'SecurityContextPersistenceFilter'
05-23-2017 13:26:09.610,DEBUG,680A0DD3B69D333732C74271EAC793E9,HttpSession returned null object for SPRING_SECURITY_CONTEXT
05-23-2017 13:26:09.611,DEBUG,680A0DD3B69D333732C74271EAC793E9,No SecurityContext was available from the HttpSession: org.apache.catalina.session.StandardSessionFacade@71d390. A new one will be created.
05-23-2017 13:26:09.611,DEBUG,680A0DD3B69D333732C74271EAC793E9,/?language=en at position 2 of 11 in additional filter chain; firing Filter: 'WebAsyncManagerIntegrationFilter'
05-23-2017 13:26:09.611,DEBUG,680A0DD3B69D333732C74271EAC793E9,/?language=en at position 3 of 11 in additional filter chain; firing Filter: 'LogoutFilter'
05-23-2017 13:26:09.611,DEBUG,680A0DD3B69D333732C74271EAC793E9,/?language=en at position 4 of 11 in additional filter chain; firing Filter: 'UsernamePasswordAuthenticationFilter'
05-23-2017 13:26:09.611,DEBUG,680A0DD3B69D333732C74271EAC793E9,/?language=en at position 5 of 11 in additional filter chain; firing Filter: 'BasicAuthenticationFilter'
05-23-2017 13:26:09.611,DEBUG,680A0DD3B69D333732C74271EAC793E9,/?language=en at position 6 of 11 in additional filter chain; firing Filter: 'RequestCacheAwareFilter'
05-23-2017 13:26:09.611,DEBUG,680A0DD3B69D333732C74271EAC793E9,/?language=en at position 7 of 11 in additional filter chain; firing Filter: 'SecurityContextHolderAwareRequestFilter'
05-23-2017 13:26:09.611,DEBUG,680A0DD3B69D333732C74271EAC793E9,/?language=en at position 8 of 11 in additional filter chain; firing Filter: 'AnonymousAuthenticationFilter'
05-23-2017 13:26:09.611,DEBUG,680A0DD3B69D333732C74271EAC793E9,Populated SecurityContextHolder with anonymous token: 'org.springframework.security.authentication.AnonymousAuthenticationToken@9057bc48: Principal: anonymousUser; Credentials: [PROTECTED]; Authenticated: true; Details: org.springframework.security.web.authentication.WebAuthenticationDetails@2cd90: RemoteIpAddress: 0:0:0:0:0:0:0:1; SessionId: E8DC2283FAFF50F60760CA6F2D5BFC53; Granted Authorities: ROLE_ANONYMOUS'
05-23-2017 13:26:09.612,DEBUG,680A0DD3B69D333732C74271EAC793E9,/?language=en at position 9 of 11 in additional filter chain; firing Filter: 'SessionManagementFilter'
05-23-2017 13:26:09.612,DEBUG,680A0DD3B69D333732C74271EAC793E9,/?language=en at position 10 of 11 in additional filter chain; firing Filter: 'ExceptionTranslationFilter'
05-23-2017 13:26:09.612,DEBUG,680A0DD3B69D333732C74271EAC793E9,/?language=en at position 11 of 11 in additional filter chain; firing Filter: 'FilterSecurityInterceptor'
05-23-2017 13:26:09.612,DEBUG,680A0DD3B69D333732C74271EAC793E9,Checking match of request : '/'; against '/autherror*'
05-23-2017 13:26:09.612,DEBUG,680A0DD3B69D333732C74271EAC793E9,Checking match of request : '/'; against '/login/**'
05-23-2017 13:26:09.612,DEBUG,680A0DD3B69D333732C74271EAC793E9,Checking match of request : '/'; against '/error/**'
05-23-2017 13:26:09.612,DEBUG,680A0DD3B69D333732C74271EAC793E9,Checking match of request : '/'; against '/0001/**'
05-23-2017 13:26:09.612,DEBUG,680A0DD3B69D333732C74271EAC793E9,Checking match of request : '/'; against '/0002/**'
05-23-2017 13:26:09.612,DEBUG,680A0DD3B69D333732C74271EAC793E9,Checking match of request : '/'; against '/0003/**'
05-23-2017 13:26:09.612,DEBUG,680A0DD3B69D333732C74271EAC793E9,Checking match of request : '/'; against '/0005/**'
05-23-2017 13:26:09.612,DEBUG,680A0DD3B69D333732C74271EAC793E9,Checking match of request : '/'; against '/0007/**'
05-23-2017 13:26:09.613,DEBUG,680A0DD3B69D333732C74271EAC793E9,Checking match of request : '/'; against '/0009/**'
05-23-2017 13:26:09.613,DEBUG,680A0DD3B69D333732C74271EAC793E9,Checking match of request : '/'; against '/0013/**'
05-23-2017 13:26:09.613,DEBUG,680A0DD3B69D333732C74271EAC793E9,Checking match of request : '/'; against '/0023/**'
05-23-2017 13:26:09.613,DEBUG,680A0DD3B69D333732C74271EAC793E9,Checking match of request : '/'; against '/0017/**'
05-23-2017 13:26:09.613,DEBUG,680A0DD3B69D333732C74271EAC793E9,Checking match of request : '/'; against '/0031/**'
05-23-2017 13:26:09.613,DEBUG,680A0DD3B69D333732C74271EAC793E9,Checking match of request : '/'; against '/0035/**'
05-23-2017 13:26:09.613,DEBUG,680A0DD3B69D333732C74271EAC793E9,Checking match of request : '/'; against '/0037/**'
05-23-2017 13:26:09.613,DEBUG,680A0DD3B69D333732C74271EAC793E9,Checking match of request : '/'; against '/0045/**'
05-23-2017 13:26:09.613,DEBUG,680A0DD3B69D333732C74271EAC793E9,Checking match of request : '/'; against '/0047/**'
05-23-2017 13:26:09.613,DEBUG,680A0DD3B69D333732C74271EAC793E9,Checking match of request : '/'; against '/0049/**'
05-23-2017 13:26:09.613,DEBUG,680A0DD3B69D333732C74271EAC793E9,Checking match of request : '/'; against '/0061/**'
05-23-2017 13:26:09.613,DEBUG,680A0DD3B69D333732C74271EAC793E9,Checking match of request : '/'; against '/0087/**'
05-23-2017 13:26:09.613,DEBUG,680A0DD3B69D333732C74271EAC793E9,Checking match of request : '/'; against '/0075/**'
05-23-2017 13:26:09.613,DEBUG,680A0DD3B69D333732C74271EAC793E9,Checking match of request : '/'; against '/0089/**'
05-23-2017 13:26:09.614,DEBUG,680A0DD3B69D333732C74271EAC793E9,Checking match of request : '/'; against '/0090/**'
05-23-2017 13:26:09.614,DEBUG,680A0DD3B69D333732C74271EAC793E9,Checking match of request : '/'; against '/0091/**'
05-23-2017 13:26:09.614,DEBUG,680A0DD3B69D333732C74271EAC793E9,Checking match of request : '/'; against '/0092/**'
05-23-2017 13:26:09.614,DEBUG,680A0DD3B69D333732C74271EAC793E9,Checking match of request : '/'; against '/0095/**'
05-23-2017 13:26:09.614,DEBUG,680A0DD3B69D333732C74271EAC793E9,Secure object: FilterInvocation: URL: /?language=en; Attributes: [IS_AUTHENTICATED_ANONYMOUSLY]
05-23-2017 13:26:09.614,DEBUG,680A0DD3B69D333732C74271EAC793E9,Previously Authenticated: org.springframework.security.authentication.AnonymousAuthenticationToken@9057bc48: Principal: anonymousUser; Credentials: [PROTECTED]; Authenticated: true; Details: org.springframework.security.web.authentication.WebAuthenticationDetails@2cd90: RemoteIpAddress: 0:0:0:0:0:0:0:1; SessionId: E8DC2283FAFF50F60760CA6F2D5BFC53; Granted Authorities: ROLE_ANONYMOUS
05-23-2017 13:26:09.614,DEBUG,680A0DD3B69D333732C74271EAC793E9,Voter: org.springframework.security.access.vote.RoleVoter@1ac872d, returned: 0
05-23-2017 13:26:09.614,DEBUG,680A0DD3B69D333732C74271EAC793E9,Voter: org.springframework.security.access.vote.AuthenticatedVoter@b1927d, returned: 1
05-23-2017 13:26:09.614,DEBUG,680A0DD3B69D333732C74271EAC793E9,Authorization successful
05-23-2017 13:26:09.614,DEBUG,680A0DD3B69D333732C74271EAC793E9,RunAsManager did not change Authentication object
05-23-2017 13:26:09.614,DEBUG,680A0DD3B69D333732C74271EAC793E9,/?language=en reached end of additional filter chain; proceeding with original chain
05-23-2017 13:26:09.614,DEBUG,680A0DD3B69D333732C74271EAC793E9,Request [/ict/] is not a multipart request
05-23-2017 13:26:09.614,DEBUG,E8DC2283FAFF50F60760CA6F2D5BFC53,DispatcherServlet with name 'appServlet' processing GET request for [/ict/]
05-23-2017 13:26:09.615,DEBUG,E8DC2283FAFF50F60760CA6F2D5BFC53,Looking up handler method for path /
05-23-2017 13:26:09.615,DEBUG,E8DC2283FAFF50F60760CA6F2D5BFC53,Returning handler method [public java.lang.String vn.bananavietnam.ict.common.controller.AuthController.login()]
05-23-2017 13:26:09.615,DEBUG,E8DC2283FAFF50F60760CA6F2D5BFC53,Returning cached instance of singleton bean 'authController'
05-23-2017 13:26:09.615,DEBUG,E8DC2283FAFF50F60760CA6F2D5BFC53,Last-Modified value for [/ict/] is: -1
05-23-2017 13:26:09.615,DEBUG,E8DC2283FAFF50F60760CA6F2D5BFC53,Returning cached instance of singleton bean 'xml_path'
05-23-2017 13:26:09.615,DEBUG,E8DC2283FAFF50F60760CA6F2D5BFC53,Rendering view [org.springframework.web.servlet.view.JstlView: name 'common/PageWrapper'; URL [/WEB-INF/views/common/PageWrapper.jsp]] in DispatcherServlet with name 'appServlet'
05-23-2017 13:26:09.616,DEBUG,E8DC2283FAFF50F60760CA6F2D5BFC53,Forwarding to resource [/WEB-INF/views/common/PageWrapper.jsp] in InternalResourceView 'common/PageWrapper'
05-23-2017 13:26:09.616,DEBUG,E8DC2283FAFF50F60760CA6F2D5BFC53,SecurityContext is empty or contents are anonymous - context will not be stored in HttpSession.
05-23-2017 13:26:09.617,DEBUG,E8DC2283FAFF50F60760CA6F2D5BFC53,Successfully completed request
05-23-2017 13:26:09.617,DEBUG,E8DC2283FAFF50F60760CA6F2D5BFC53,Chain processed normally
05-23-2017 13:26:09.617,DEBUG,E8DC2283FAFF50F60760CA6F2D5BFC53,SecurityContextHolder now cleared, as request processing completed
05-23-2017 13:26:09.628,DEBUG,680A0DD3B69D333732C74271EAC793E9,/login/ at position 1 of 11 in additional filter chain; firing Filter: 'SecurityContextPersistenceFilter'
05-23-2017 13:26:09.628,DEBUG,680A0DD3B69D333732C74271EAC793E9,HttpSession returned null object for SPRING_SECURITY_CONTEXT
05-23-2017 13:26:09.628,DEBUG,680A0DD3B69D333732C74271EAC793E9,No SecurityContext was available from the HttpSession: org.apache.catalina.session.StandardSessionFacade@71d390. A new one will be created.
05-23-2017 13:26:09.628,DEBUG,680A0DD3B69D333732C74271EAC793E9,/login/ at position 2 of 11 in additional filter chain; firing Filter: 'WebAsyncManagerIntegrationFilter'
05-23-2017 13:26:09.629,DEBUG,680A0DD3B69D333732C74271EAC793E9,/login/ at position 3 of 11 in additional filter chain; firing Filter: 'LogoutFilter'
05-23-2017 13:26:09.629,DEBUG,680A0DD3B69D333732C74271EAC793E9,/login/ at position 4 of 11 in additional filter chain; firing Filter: 'UsernamePasswordAuthenticationFilter'
05-23-2017 13:26:09.629,DEBUG,680A0DD3B69D333732C74271EAC793E9,/login/ at position 5 of 11 in additional filter chain; firing Filter: 'BasicAuthenticationFilter'
05-23-2017 13:26:09.629,DEBUG,680A0DD3B69D333732C74271EAC793E9,/login/ at position 6 of 11 in additional filter chain; firing Filter: 'RequestCacheAwareFilter'
05-23-2017 13:26:09.629,DEBUG,680A0DD3B69D333732C74271EAC793E9,/login/ at position 7 of 11 in additional filter chain; firing Filter: 'SecurityContextHolderAwareRequestFilter'
05-23-2017 13:26:09.629,DEBUG,680A0DD3B69D333732C74271EAC793E9,/login/ at position 8 of 11 in additional filter chain; firing Filter: 'AnonymousAuthenticationFilter'
05-23-2017 13:26:09.629,DEBUG,680A0DD3B69D333732C74271EAC793E9,Populated SecurityContextHolder with anonymous token: 'org.springframework.security.authentication.AnonymousAuthenticationToken@9057bc48: Principal: anonymousUser; Credentials: [PROTECTED]; Authenticated: true; Details: org.springframework.security.web.authentication.WebAuthenticationDetails@2cd90: RemoteIpAddress: 0:0:0:0:0:0:0:1; SessionId: E8DC2283FAFF50F60760CA6F2D5BFC53; Granted Authorities: ROLE_ANONYMOUS'
05-23-2017 13:26:09.630,DEBUG,680A0DD3B69D333732C74271EAC793E9,/login/ at position 9 of 11 in additional filter chain; firing Filter: 'SessionManagementFilter'
05-23-2017 13:26:09.630,DEBUG,680A0DD3B69D333732C74271EAC793E9,/login/ at position 10 of 11 in additional filter chain; firing Filter: 'ExceptionTranslationFilter'
05-23-2017 13:26:09.630,DEBUG,680A0DD3B69D333732C74271EAC793E9,/login/ at position 11 of 11 in additional filter chain; firing Filter: 'FilterSecurityInterceptor'
05-23-2017 13:26:09.630,DEBUG,680A0DD3B69D333732C74271EAC793E9,Checking match of request : '/login/'; against '/autherror*'
05-23-2017 13:26:09.630,DEBUG,680A0DD3B69D333732C74271EAC793E9,Checking match of request : '/login/'; against '/login/**'
05-23-2017 13:26:09.630,DEBUG,680A0DD3B69D333732C74271EAC793E9,Secure object: FilterInvocation: URL: /login/; Attributes: [IS_AUTHENTICATED_ANONYMOUSLY]
05-23-2017 13:26:09.630,DEBUG,680A0DD3B69D333732C74271EAC793E9,Previously Authenticated: org.springframework.security.authentication.AnonymousAuthenticationToken@9057bc48: Principal: anonymousUser; Credentials: [PROTECTED]; Authenticated: true; Details: org.springframework.security.web.authentication.WebAuthenticationDetails@2cd90: RemoteIpAddress: 0:0:0:0:0:0:0:1; SessionId: E8DC2283FAFF50F60760CA6F2D5BFC53; Granted Authorities: ROLE_ANONYMOUS
05-23-2017 13:26:09.630,DEBUG,680A0DD3B69D333732C74271EAC793E9,Voter: org.springframework.security.access.vote.RoleVoter@1ac872d, returned: 0
05-23-2017 13:26:09.630,DEBUG,680A0DD3B69D333732C74271EAC793E9,Voter: org.springframework.security.access.vote.AuthenticatedVoter@b1927d, returned: 1
05-23-2017 13:26:09.630,DEBUG,680A0DD3B69D333732C74271EAC793E9,Authorization successful
05-23-2017 13:26:09.630,DEBUG,680A0DD3B69D333732C74271EAC793E9,RunAsManager did not change Authentication object
05-23-2017 13:26:09.630,DEBUG,680A0DD3B69D333732C74271EAC793E9,/login/ reached end of additional filter chain; proceeding with original chain
05-23-2017 13:26:09.630,DEBUG,680A0DD3B69D333732C74271EAC793E9,Request [/ict/login/] is not a multipart request
05-23-2017 13:26:09.630,DEBUG,E8DC2283FAFF50F60760CA6F2D5BFC53,DispatcherServlet with name 'appServlet' processing GET request for [/ict/login/]
05-23-2017 13:26:09.630,DEBUG,E8DC2283FAFF50F60760CA6F2D5BFC53,Looking up handler method for path /login/
05-23-2017 13:26:09.630,DEBUG,E8DC2283FAFF50F60760CA6F2D5BFC53,Returning handler method [public java.lang.String vn.bananavietnam.ict.common.controller.LoginController.top(java.util.Locale,org.springframework.ui.Model)]
05-23-2017 13:26:09.631,DEBUG,E8DC2283FAFF50F60760CA6F2D5BFC53,Returning cached instance of singleton bean 'loginController'
05-23-2017 13:26:09.631,DEBUG,E8DC2283FAFF50F60760CA6F2D5BFC53,Last-Modified value for [/ict/login/] is: -1
05-23-2017 13:26:09.631,DEBUG,E8DC2283FAFF50F60760CA6F2D5BFC53,Returning cached instance of singleton bean 'xml_path'
05-23-2017 13:26:09.631,DEBUG,E8DC2283FAFF50F60760CA6F2D5BFC53,Rendering view [org.springframework.web.servlet.view.JstlView: name 'common/login'; URL [/WEB-INF/views/common/login.jsp]] in DispatcherServlet with name 'appServlet'
05-23-2017 13:26:09.631,DEBUG,E8DC2283FAFF50F60760CA6F2D5BFC53,Forwarding to resource [/WEB-INF/views/common/login.jsp] in InternalResourceView 'common/login'
05-23-2017 13:26:09.633,DEBUG,E8DC2283FAFF50F60760CA6F2D5BFC53,SecurityContext is empty or contents are anonymous - context will not be stored in HttpSession.
05-23-2017 13:26:09.634,DEBUG,E8DC2283FAFF50F60760CA6F2D5BFC53,Successfully completed request
05-23-2017 13:26:09.634,DEBUG,E8DC2283FAFF50F60760CA6F2D5BFC53,Chain processed normally
05-23-2017 13:26:09.634,DEBUG,E8DC2283FAFF50F60760CA6F2D5BFC53,SecurityContextHolder now cleared, as request processing completed
05-23-2017 13:26:14.034,DEBUG,680A0DD3B69D333732C74271EAC793E9,/j_spring_security_check at position 1 of 11 in additional filter chain; firing Filter: 'SecurityContextPersistenceFilter'
05-23-2017 13:26:14.034,DEBUG,680A0DD3B69D333732C74271EAC793E9,HttpSession returned null object for SPRING_SECURITY_CONTEXT
05-23-2017 13:26:14.034,DEBUG,680A0DD3B69D333732C74271EAC793E9,No SecurityContext was available from the HttpSession: org.apache.catalina.session.StandardSessionFacade@71d390. A new one will be created.
05-23-2017 13:26:14.034,DEBUG,680A0DD3B69D333732C74271EAC793E9,/j_spring_security_check at position 2 of 11 in additional filter chain; firing Filter: 'WebAsyncManagerIntegrationFilter'
05-23-2017 13:26:14.034,DEBUG,680A0DD3B69D333732C74271EAC793E9,/j_spring_security_check at position 3 of 11 in additional filter chain; firing Filter: 'LogoutFilter'
05-23-2017 13:26:14.034,DEBUG,680A0DD3B69D333732C74271EAC793E9,/j_spring_security_check at position 4 of 11 in additional filter chain; firing Filter: 'UsernamePasswordAuthenticationFilter'
05-23-2017 13:26:14.034,DEBUG,680A0DD3B69D333732C74271EAC793E9,Request is to process authentication
05-23-2017 13:26:14.034,DEBUG,680A0DD3B69D333732C74271EAC793E9,Authentication attempt using org.springframework.security.authentication.dao.DaoAuthenticationProvider
05-23-2017 13:26:14.034,DEBUG,680A0DD3B69D333732C74271EAC793E9,Executing prepared SQL query
05-23-2017 13:26:14.034,DEBUG,680A0DD3B69D333732C74271EAC793E9,Executing prepared SQL statement [select users_authorization.usersId as id,                users_authorization.usersName as username,                      users_authorization.usersPassword as password,                      users_authorization.usersFullName as userfullname,                      1 as enabled,                      CASE                       WHEN users_authorization.authorizationTypeId IS NULL THEN '0'                          ELSE users_authorization.authorizationTypeId                      END as roleid,                      CASE                 WHEN access.SCREEN_DISPLAY_ENABLE_FLAG IS NULL THEN '0'                 ELSE access.SCREEN_DISPLAY_ENABLE_FLAG                END as roledisplay,                      CASE                 WHEN access.ADDABLE_FLAG IS NULL THEN '0'                 ELSE access.ADDABLE_FLAG                END as roleadd,                      CASE                 WHEN access.UPDATABLE_FLAG IS NULL THEN '0'                 ELSE access.UPDATABLE_FLAG                END as roleupdate,                      CASE                 WHEN access.DELETABLE_FLAG IS NULL THEN '0'                 ELSE access.DELETABLE_FLAG                END as roledelete,                      CASE                 WHEN access.REFERENCE_FLAG IS NULL THEN '0'                 ELSE access.REFERENCE_FLAG                END as rolereference,                       access.SCREEN_ID as screenid              from (select users_manager.usersId,                 users_manager.usersName,                 users_manager.usersPassword,                 users_manager.usersFullName,                 users_manager.authorizationTypeId,                 authorization.AUTHORIZATION_TYPE_NAME authorizationTypeName,                 authorization.ACCESS_AUTHORITY_ID accessAuthorityId               from (select users.USERS_ID usersId,                  users.USERS_ID usersName,                  users.PASSWORD usersPassword,                  users.USERS_NAME usersFullName,                  manager.AUTHORIZATION_TYPE_ID authorizationTypeId                from IVB_M_USERS users                left join IVB_M_MANAGER manager                 on users.USERS_ID = manager.USERS_ID                 and manager.DELETE_FLAG = '0'                where users.USERS_ID = ?                 and users.DELETE_FLAG = '0'                ) users_manager               left join IVB_M_AUTHORIZATION authorization                on users_manager.authorizationTypeId = authorization.AUTHORIZATION_TYPE_ID                   and authorization.DELETE_FLAG = '0'                  ) users_authorization              left join IVB_M_ACCESS_AUTHORIZATION access               on users_authorization.accessAuthorityId = access.ACCESS_AUTHORITY_ID                  and access.DELETE_FLAG = '0']
05-23-2017 13:26:14.034,DEBUG,680A0DD3B69D333732C74271EAC793E9,Fetching JDBC Connection from DataSource
05-23-2017 13:26:14.034,DEBUG,680A0DD3B69D333732C74271EAC793E9,Creating new JDBC DriverManager Connection to [jdbc:mysql://172.16.0.175:3306/BANANA_DB_HUNG_SELENIUM?useUnicode=yes&characterEncoding=UTF-8&autoReconnect=true]
05-23-2017 13:26:14.055,DEBUG,680A0DD3B69D333732C74271EAC793E9,Returning JDBC Connection to DataSource
05-23-2017 13:26:14.055,DEBUG,680A0DD3B69D333732C74271EAC793E9,Executing prepared SQL query
05-23-2017 13:26:14.055,DEBUG,680A0DD3B69D333732C74271EAC793E9,Executing prepared SQL statement [select distinct users.USERS_ID,                  CASE                   WHEN manager.AUTHORIZATION_TYPE_ID IS NULL THEN '0'                   ELSE manager.AUTHORIZATION_TYPE_ID                  END as AUTHORIZATION_TYPE_ID               from IVB_M_USERS users               left join IVB_M_MANAGER manager                on users.USERS_ID = manager.USERS_ID                and manager.DELETE_FLAG = '0'               where users.USERS_ID = ?                and users.DELETE_FLAG = '0']
05-23-2017 13:26:14.055,DEBUG,680A0DD3B69D333732C74271EAC793E9,Fetching JDBC Connection from DataSource
05-23-2017 13:26:14.055,DEBUG,680A0DD3B69D333732C74271EAC793E9,Creating new JDBC DriverManager Connection to [jdbc:mysql://172.16.0.175:3306/BANANA_DB_HUNG_SELENIUM?useUnicode=yes&characterEncoding=UTF-8&autoReconnect=true]
05-23-2017 13:26:14.072,DEBUG,680A0DD3B69D333732C74271EAC793E9,Returning JDBC Connection to DataSource
05-23-2017 13:26:14.072,DEBUG,680A0DD3B69D333732C74271EAC793E9,Delegating to org.springframework.security.web.authentication.session.ChangeSessionIdAuthenticationStrategy@99fddf
05-23-2017 13:26:14.072,DEBUG,680A0DD3B69D333732C74271EAC793E9,Authentication success. Updating SecurityContextHolder to contain: org.springframework.security.authentication.UsernamePasswordAuthenticationToken@3b6d4a73: Principal: vn.bananavietnam.ict.common.auth.MyUser@c4907816: Username: U0000000001; Password: [PROTECTED]; Enabled: true; AccountNonExpired: true; credentialsNonExpired: true; AccountNonLocked: true; Granted Authorities: 1; Credentials: [PROTECTED]; Authenticated: true; Details: org.springframework.security.web.authentication.WebAuthenticationDetails@2cd90: RemoteIpAddress: 0:0:0:0:0:0:0:1; SessionId: E8DC2283FAFF50F60760CA6F2D5BFC53; Granted Authorities: 1
05-23-2017 13:26:14.073,DEBUG,680A0DD3B69D333732C74271EAC793E9,SecurityContext stored to HttpSession: 'org.springframework.security.core.context.SecurityContextImpl@3b6d4a73: Authentication: org.springframework.security.authentication.UsernamePasswordAuthenticationToken@3b6d4a73: Principal: vn.bananavietnam.ict.common.auth.MyUser@c4907816: Username: U0000000001; Password: [PROTECTED]; Enabled: true; AccountNonExpired: true; credentialsNonExpired: true; AccountNonLocked: true; Granted Authorities: 1; Credentials: [PROTECTED]; Authenticated: true; Details: org.springframework.security.web.authentication.WebAuthenticationDetails@2cd90: RemoteIpAddress: 0:0:0:0:0:0:0:1; SessionId: E8DC2283FAFF50F60760CA6F2D5BFC53; Granted Authorities: 1'
05-23-2017 13:26:14.073,DEBUG,680A0DD3B69D333732C74271EAC793E9,SecurityContextHolder now cleared, as request processing completed
05-23-2017 13:26:14.078,DEBUG,E080A5B5D47677B811841C427493529B,/0001/ at position 1 of 11 in additional filter chain; firing Filter: 'SecurityContextPersistenceFilter'
05-23-2017 13:26:14.078,DEBUG,E080A5B5D47677B811841C427493529B,Obtained a valid SecurityContext from SPRING_SECURITY_CONTEXT: 'org.springframework.security.core.context.SecurityContextImpl@3b6d4a73: Authentication: org.springframework.security.authentication.UsernamePasswordAuthenticationToken@3b6d4a73: Principal: vn.bananavietnam.ict.common.auth.MyUser@c4907816: Username: U0000000001; Password: [PROTECTED]; Enabled: true; AccountNonExpired: true; credentialsNonExpired: true; AccountNonLocked: true; Granted Authorities: 1; Credentials: [PROTECTED]; Authenticated: true; Details: org.springframework.security.web.authentication.WebAuthenticationDetails@2cd90: RemoteIpAddress: 0:0:0:0:0:0:0:1; SessionId: E8DC2283FAFF50F60760CA6F2D5BFC53; Granted Authorities: 1'
05-23-2017 13:26:14.078,DEBUG,E080A5B5D47677B811841C427493529B,/0001/ at position 2 of 11 in additional filter chain; firing Filter: 'WebAsyncManagerIntegrationFilter'
05-23-2017 13:26:14.078,DEBUG,E080A5B5D47677B811841C427493529B,/0001/ at position 3 of 11 in additional filter chain; firing Filter: 'LogoutFilter'
05-23-2017 13:26:14.078,DEBUG,E080A5B5D47677B811841C427493529B,/0001/ at position 4 of 11 in additional filter chain; firing Filter: 'UsernamePasswordAuthenticationFilter'
05-23-2017 13:26:14.078,DEBUG,E080A5B5D47677B811841C427493529B,/0001/ at position 5 of 11 in additional filter chain; firing Filter: 'BasicAuthenticationFilter'
05-23-2017 13:26:14.078,DEBUG,E080A5B5D47677B811841C427493529B,/0001/ at position 6 of 11 in additional filter chain; firing Filter: 'RequestCacheAwareFilter'
05-23-2017 13:26:14.078,DEBUG,E080A5B5D47677B811841C427493529B,/0001/ at position 7 of 11 in additional filter chain; firing Filter: 'SecurityContextHolderAwareRequestFilter'
05-23-2017 13:26:14.078,DEBUG,E080A5B5D47677B811841C427493529B,/0001/ at position 8 of 11 in additional filter chain; firing Filter: 'AnonymousAuthenticationFilter'
05-23-2017 13:26:14.078,DEBUG,E080A5B5D47677B811841C427493529B,SecurityContextHolder not populated with anonymous token, as it already contained: 'org.springframework.security.authentication.UsernamePasswordAuthenticationToken@3b6d4a73: Principal: vn.bananavietnam.ict.common.auth.MyUser@c4907816: Username: U0000000001; Password: [PROTECTED]; Enabled: true; AccountNonExpired: true; credentialsNonExpired: true; AccountNonLocked: true; Granted Authorities: 1; Credentials: [PROTECTED]; Authenticated: true; Details: org.springframework.security.web.authentication.WebAuthenticationDetails@2cd90: RemoteIpAddress: 0:0:0:0:0:0:0:1; SessionId: E8DC2283FAFF50F60760CA6F2D5BFC53; Granted Authorities: 1'
05-23-2017 13:26:14.078,DEBUG,E080A5B5D47677B811841C427493529B,/0001/ at position 9 of 11 in additional filter chain; firing Filter: 'SessionManagementFilter'
05-23-2017 13:26:14.078,DEBUG,E080A5B5D47677B811841C427493529B,/0001/ at position 10 of 11 in additional filter chain; firing Filter: 'ExceptionTranslationFilter'
05-23-2017 13:26:14.078,DEBUG,E080A5B5D47677B811841C427493529B,/0001/ at position 11 of 11 in additional filter chain; firing Filter: 'FilterSecurityInterceptor'
05-23-2017 13:26:14.078,DEBUG,E080A5B5D47677B811841C427493529B,Checking match of request : '/0001/'; against '/autherror*'
05-23-2017 13:26:14.078,DEBUG,E080A5B5D47677B811841C427493529B,Checking match of request : '/0001/'; against '/login/**'
05-23-2017 13:26:14.078,DEBUG,E080A5B5D47677B811841C427493529B,Checking match of request : '/0001/'; against '/error/**'
05-23-2017 13:26:14.078,DEBUG,E080A5B5D47677B811841C427493529B,Checking match of request : '/0001/'; against '/0001/**'
05-23-2017 13:26:14.078,DEBUG,E080A5B5D47677B811841C427493529B,Secure object: FilterInvocation: URL: /0001/; Attributes: [ROLE_ADMIN, ROLE_USER, IS_AUTHENTICATED_FULLY]
05-23-2017 13:26:14.078,DEBUG,E080A5B5D47677B811841C427493529B,Previously Authenticated: org.springframework.security.authentication.UsernamePasswordAuthenticationToken@3b6d4a73: Principal: vn.bananavietnam.ict.common.auth.MyUser@c4907816: Username: U0000000001; Password: [PROTECTED]; Enabled: true; AccountNonExpired: true; credentialsNonExpired: true; AccountNonLocked: true; Granted Authorities: 1; Credentials: [PROTECTED]; Authenticated: true; Details: org.springframework.security.web.authentication.WebAuthenticationDetails@2cd90: RemoteIpAddress: 0:0:0:0:0:0:0:1; SessionId: E8DC2283FAFF50F60760CA6F2D5BFC53; Granted Authorities: 1
05-23-2017 13:26:14.079,DEBUG,E080A5B5D47677B811841C427493529B,Voter: org.springframework.security.access.vote.RoleVoter@1ac872d, returned: -1
05-23-2017 13:26:14.079,DEBUG,E080A5B5D47677B811841C427493529B,Voter: org.springframework.security.access.vote.AuthenticatedVoter@b1927d, returned: 1
05-23-2017 13:26:14.079,DEBUG,E080A5B5D47677B811841C427493529B,Authorization successful
05-23-2017 13:26:14.079,DEBUG,E080A5B5D47677B811841C427493529B,RunAsManager did not change Authentication object
05-23-2017 13:26:14.079,DEBUG,E080A5B5D47677B811841C427493529B,/0001/ reached end of additional filter chain; proceeding with original chain
05-23-2017 13:26:14.079,DEBUG,E080A5B5D47677B811841C427493529B,Request [/ict/0001/] is not a multipart request
05-23-2017 13:26:14.079,DEBUG,FE143F2BDD45991B1AF1BC838DFE6DAF,DispatcherServlet with name 'appServlet' processing GET request for [/ict/0001/]
05-23-2017 13:26:14.079,DEBUG,FE143F2BDD45991B1AF1BC838DFE6DAF,Looking up handler method for path /0001/
05-23-2017 13:26:14.079,DEBUG,FE143F2BDD45991B1AF1BC838DFE6DAF,Returning handler method [public java.lang.String vn.bananavietnam.ict.banana.controller.Bnn0001BananaMenuController.top(javax.servlet.http.HttpServletRequest,java.util.Locale,org.springframework.ui.Model)]
05-23-2017 13:26:14.079,DEBUG,FE143F2BDD45991B1AF1BC838DFE6DAF,Returning cached instance of singleton bean 'bnn0001BananaMenuController'
05-23-2017 13:26:14.079,DEBUG,FE143F2BDD45991B1AF1BC838DFE6DAF,Last-Modified value for [/ict/0001/] is: -1
05-23-2017 13:26:14.079,DEBUG,FE143F2BDD45991B1AF1BC838DFE6DAF,Returning cached instance of singleton bean 'xml_path'
05-23-2017 13:26:14.083,DEBUG,FE143F2BDD45991B1AF1BC838DFE6DAF,Rendering view [org.springframework.web.servlet.view.JstlView: name 'banana/Bnn0001BananaMenu'; URL [/WEB-INF/views/banana/Bnn0001BananaMenu.jsp]] in DispatcherServlet with name 'appServlet'
05-23-2017 13:26:14.083,DEBUG,FE143F2BDD45991B1AF1BC838DFE6DAF,Added model object 'resetDate' of type [java.lang.String] to request in view with name 'banana/Bnn0001BananaMenu'
05-23-2017 13:26:14.083,DEBUG,FE143F2BDD45991B1AF1BC838DFE6DAF,Added model object 'layoutDate' of type [java.lang.String] to request in view with name 'banana/Bnn0001BananaMenu'
05-23-2017 13:26:14.083,DEBUG,FE143F2BDD45991B1AF1BC838DFE6DAF,Added model object 'jqueryUiCssDate' of type [java.lang.String] to request in view with name 'banana/Bnn0001BananaMenu'
05-23-2017 13:26:14.083,DEBUG,FE143F2BDD45991B1AF1BC838DFE6DAF,Added model object 'messageHandlerDate' of type [java.lang.String] to request in view with name 'banana/Bnn0001BananaMenu'
05-23-2017 13:26:14.083,DEBUG,FE143F2BDD45991B1AF1BC838DFE6DAF,Added model object 'jqueryDate' of type [java.lang.String] to request in view with name 'banana/Bnn0001BananaMenu'
05-23-2017 13:26:14.083,DEBUG,FE143F2BDD45991B1AF1BC838DFE6DAF,Added model object 'jqueryUiDate' of type [java.lang.String] to request in view with name 'banana/Bnn0001BananaMenu'
05-23-2017 13:26:14.083,DEBUG,FE143F2BDD45991B1AF1BC838DFE6DAF,Added model object 'datepickerDate' of type [java.lang.String] to request in view with name 'banana/Bnn0001BananaMenu'
05-23-2017 13:26:14.083,DEBUG,FE143F2BDD45991B1AF1BC838DFE6DAF,Added model object 'inputmaskDate' of type [java.lang.String] to request in view with name 'banana/Bnn0001BananaMenu'
05-23-2017 13:26:14.083,DEBUG,FE143F2BDD45991B1AF1BC838DFE6DAF,Added model object 'jqueryInputmaskDate' of type [java.lang.String] to request in view with name 'banana/Bnn0001BananaMenu'
05-23-2017 13:26:14.083,DEBUG,FE143F2BDD45991B1AF1BC838DFE6DAF,Added model object 'inputMaskExtDate' of type [java.lang.String] to request in view with name 'banana/Bnn0001BananaMenu'
05-23-2017 13:26:14.083,DEBUG,FE143F2BDD45991B1AF1BC838DFE6DAF,Added model object 'calendarDate' of type [java.lang.String] to request in view with name 'banana/Bnn0001BananaMenu'
05-23-2017 13:26:14.083,DEBUG,FE143F2BDD45991B1AF1BC838DFE6DAF,Added model object 'messageDate' of type [java.lang.String] to request in view with name 'banana/Bnn0001BananaMenu'
05-23-2017 13:26:14.083,DEBUG,FE143F2BDD45991B1AF1BC838DFE6DAF,Added model object 'storageDate' of type [java.lang.String] to request in view with name 'banana/Bnn0001BananaMenu'
05-23-2017 13:26:14.083,DEBUG,FE143F2BDD45991B1AF1BC838DFE6DAF,Added model object 'commonDate' of type [java.lang.String] to request in view with name 'banana/Bnn0001BananaMenu'
05-23-2017 13:26:14.083,DEBUG,FE143F2BDD45991B1AF1BC838DFE6DAF,Added model object 'bananaMenuCssDate' of type [java.lang.String] to request in view with name 'banana/Bnn0001BananaMenu'
05-23-2017 13:26:14.083,DEBUG,FE143F2BDD45991B1AF1BC838DFE6DAF,Added model object 'bananaMenuJsDate' of type [java.lang.String] to request in view with name 'banana/Bnn0001BananaMenu'
05-23-2017 13:26:14.083,DEBUG,FE143F2BDD45991B1AF1BC838DFE6DAF,Forwarding to resource [/WEB-INF/views/banana/Bnn0001BananaMenu.jsp] in InternalResourceView 'banana/Bnn0001BananaMenu'
05-23-2017 13:26:14.083,DEBUG,FE143F2BDD45991B1AF1BC838DFE6DAF,Render request received for definition 'defaultTemplate'
05-23-2017 13:26:14.085,DEBUG,FE143F2BDD45991B1AF1BC838DFE6DAF,Successfully completed request
05-23-2017 13:26:14.085,DEBUG,FE143F2BDD45991B1AF1BC838DFE6DAF,Chain processed normally
05-23-2017 13:26:14.085,DEBUG,FE143F2BDD45991B1AF1BC838DFE6DAF,SecurityContextHolder now cleared, as request processing completed
05-23-2017 13:26:15.257,DEBUG,30FF4B230ADA832D4C77FDAFDA1658D4,/0089/ at position 1 of 11 in additional filter chain; firing Filter: 'SecurityContextPersistenceFilter'
05-23-2017 13:26:15.257,DEBUG,30FF4B230ADA832D4C77FDAFDA1658D4,Obtained a valid SecurityContext from SPRING_SECURITY_CONTEXT: 'org.springframework.security.core.context.SecurityContextImpl@3b6d4a73: Authentication: org.springframework.security.authentication.UsernamePasswordAuthenticationToken@3b6d4a73: Principal: vn.bananavietnam.ict.common.auth.MyUser@c4907816: Username: U0000000001; Password: [PROTECTED]; Enabled: true; AccountNonExpired: true; credentialsNonExpired: true; AccountNonLocked: true; Granted Authorities: 1; Credentials: [PROTECTED]; Authenticated: true; Details: org.springframework.security.web.authentication.WebAuthenticationDetails@2cd90: RemoteIpAddress: 0:0:0:0:0:0:0:1; SessionId: E8DC2283FAFF50F60760CA6F2D5BFC53; Granted Authorities: 1'
05-23-2017 13:26:15.257,DEBUG,30FF4B230ADA832D4C77FDAFDA1658D4,/0089/ at position 2 of 11 in additional filter chain; firing Filter: 'WebAsyncManagerIntegrationFilter'
05-23-2017 13:26:15.257,DEBUG,30FF4B230ADA832D4C77FDAFDA1658D4,/0089/ at position 3 of 11 in additional filter chain; firing Filter: 'LogoutFilter'
05-23-2017 13:26:15.258,DEBUG,30FF4B230ADA832D4C77FDAFDA1658D4,/0089/ at position 4 of 11 in additional filter chain; firing Filter: 'UsernamePasswordAuthenticationFilter'
05-23-2017 13:26:15.258,DEBUG,30FF4B230ADA832D4C77FDAFDA1658D4,/0089/ at position 5 of 11 in additional filter chain; firing Filter: 'BasicAuthenticationFilter'
05-23-2017 13:26:15.258,DEBUG,30FF4B230ADA832D4C77FDAFDA1658D4,/0089/ at position 6 of 11 in additional filter chain; firing Filter: 'RequestCacheAwareFilter'
05-23-2017 13:26:15.258,DEBUG,30FF4B230ADA832D4C77FDAFDA1658D4,/0089/ at position 7 of 11 in additional filter chain; firing Filter: 'SecurityContextHolderAwareRequestFilter'
05-23-2017 13:26:15.258,DEBUG,30FF4B230ADA832D4C77FDAFDA1658D4,/0089/ at position 8 of 11 in additional filter chain; firing Filter: 'AnonymousAuthenticationFilter'
05-23-2017 13:26:15.258,DEBUG,30FF4B230ADA832D4C77FDAFDA1658D4,SecurityContextHolder not populated with anonymous token, as it already contained: 'org.springframework.security.authentication.UsernamePasswordAuthenticationToken@3b6d4a73: Principal: vn.bananavietnam.ict.common.auth.MyUser@c4907816: Username: U0000000001; Password: [PROTECTED]; Enabled: true; AccountNonExpired: true; credentialsNonExpired: true; AccountNonLocked: true; Granted Authorities: 1; Credentials: [PROTECTED]; Authenticated: true; Details: org.springframework.security.web.authentication.WebAuthenticationDetails@2cd90: RemoteIpAddress: 0:0:0:0:0:0:0:1; SessionId: E8DC2283FAFF50F60760CA6F2D5BFC53; Granted Authorities: 1'
05-23-2017 13:26:15.258,DEBUG,30FF4B230ADA832D4C77FDAFDA1658D4,/0089/ at position 9 of 11 in additional filter chain; firing Filter: 'SessionManagementFilter'
05-23-2017 13:26:15.258,DEBUG,30FF4B230ADA832D4C77FDAFDA1658D4,/0089/ at position 10 of 11 in additional filter chain; firing Filter: 'ExceptionTranslationFilter'
05-23-2017 13:26:15.258,DEBUG,30FF4B230ADA832D4C77FDAFDA1658D4,/0089/ at position 11 of 11 in additional filter chain; firing Filter: 'FilterSecurityInterceptor'
05-23-2017 13:26:15.258,DEBUG,30FF4B230ADA832D4C77FDAFDA1658D4,Checking match of request : '/0089/'; against '/autherror*'
05-23-2017 13:26:15.258,DEBUG,30FF4B230ADA832D4C77FDAFDA1658D4,Checking match of request : '/0089/'; against '/login/**'
05-23-2017 13:26:15.258,DEBUG,30FF4B230ADA832D4C77FDAFDA1658D4,Checking match of request : '/0089/'; against '/error/**'
05-23-2017 13:26:15.258,DEBUG,30FF4B230ADA832D4C77FDAFDA1658D4,Checking match of request : '/0089/'; against '/0001/**'
05-23-2017 13:26:15.258,DEBUG,30FF4B230ADA832D4C77FDAFDA1658D4,Checking match of request : '/0089/'; against '/0002/**'
05-23-2017 13:26:15.258,DEBUG,30FF4B230ADA832D4C77FDAFDA1658D4,Checking match of request : '/0089/'; against '/0003/**'
05-23-2017 13:26:15.258,DEBUG,30FF4B230ADA832D4C77FDAFDA1658D4,Checking match of request : '/0089/'; against '/0005/**'
05-23-2017 13:26:15.258,DEBUG,30FF4B230ADA832D4C77FDAFDA1658D4,Checking match of request : '/0089/'; against '/0007/**'
05-23-2017 13:26:15.258,DEBUG,30FF4B230ADA832D4C77FDAFDA1658D4,Checking match of request : '/0089/'; against '/0009/**'
05-23-2017 13:26:15.258,DEBUG,30FF4B230ADA832D4C77FDAFDA1658D4,Checking match of request : '/0089/'; against '/0013/**'
05-23-2017 13:26:15.258,DEBUG,30FF4B230ADA832D4C77FDAFDA1658D4,Checking match of request : '/0089/'; against '/0023/**'
05-23-2017 13:26:15.258,DEBUG,30FF4B230ADA832D4C77FDAFDA1658D4,Checking match of request : '/0089/'; against '/0017/**'
05-23-2017 13:26:15.258,DEBUG,30FF4B230ADA832D4C77FDAFDA1658D4,Checking match of request : '/0089/'; against '/0031/**'
05-23-2017 13:26:15.258,DEBUG,30FF4B230ADA832D4C77FDAFDA1658D4,Checking match of request : '/0089/'; against '/0035/**'
05-23-2017 13:26:15.258,DEBUG,30FF4B230ADA832D4C77FDAFDA1658D4,Checking match of request : '/0089/'; against '/0037/**'
05-23-2017 13:26:15.258,DEBUG,30FF4B230ADA832D4C77FDAFDA1658D4,Checking match of request : '/0089/'; against '/0045/**'
05-23-2017 13:26:15.258,DEBUG,30FF4B230ADA832D4C77FDAFDA1658D4,Checking match of request : '/0089/'; against '/0047/**'
05-23-2017 13:26:15.258,DEBUG,30FF4B230ADA832D4C77FDAFDA1658D4,Checking match of request : '/0089/'; against '/0049/**'
05-23-2017 13:26:15.258,DEBUG,30FF4B230ADA832D4C77FDAFDA1658D4,Checking match of request : '/0089/'; against '/0061/**'
05-23-2017 13:26:15.258,DEBUG,30FF4B230ADA832D4C77FDAFDA1658D4,Checking match of request : '/0089/'; against '/0087/**'
05-23-2017 13:26:15.258,DEBUG,30FF4B230ADA832D4C77FDAFDA1658D4,Checking match of request : '/0089/'; against '/0075/**'
05-23-2017 13:26:15.258,DEBUG,30FF4B230ADA832D4C77FDAFDA1658D4,Checking match of request : '/0089/'; against '/0089/**'
05-23-2017 13:26:15.258,DEBUG,30FF4B230ADA832D4C77FDAFDA1658D4,Secure object: FilterInvocation: URL: /0089/; Attributes: [ROLE_ADMIN, ROLE_USER, IS_AUTHENTICATED_FULLY]
05-23-2017 13:26:15.258,DEBUG,30FF4B230ADA832D4C77FDAFDA1658D4,Previously Authenticated: org.springframework.security.authentication.UsernamePasswordAuthenticationToken@3b6d4a73: Principal: vn.bananavietnam.ict.common.auth.MyUser@c4907816: Username: U0000000001; Password: [PROTECTED]; Enabled: true; AccountNonExpired: true; credentialsNonExpired: true; AccountNonLocked: true; Granted Authorities: 1; Credentials: [PROTECTED]; Authenticated: true; Details: org.springframework.security.web.authentication.WebAuthenticationDetails@2cd90: RemoteIpAddress: 0:0:0:0:0:0:0:1; SessionId: E8DC2283FAFF50F60760CA6F2D5BFC53; Granted Authorities: 1
05-23-2017 13:26:15.258,DEBUG,30FF4B230ADA832D4C77FDAFDA1658D4,Voter: org.springframework.security.access.vote.RoleVoter@1ac872d, returned: -1
05-23-2017 13:26:15.258,DEBUG,30FF4B230ADA832D4C77FDAFDA1658D4,Voter: org.springframework.security.access.vote.AuthenticatedVoter@b1927d, returned: 1
05-23-2017 13:26:15.258,DEBUG,30FF4B230ADA832D4C77FDAFDA1658D4,Authorization successful
05-23-2017 13:26:15.258,DEBUG,30FF4B230ADA832D4C77FDAFDA1658D4,RunAsManager did not change Authentication object
05-23-2017 13:26:15.259,DEBUG,30FF4B230ADA832D4C77FDAFDA1658D4,/0089/ reached end of additional filter chain; proceeding with original chain
05-23-2017 13:26:15.259,DEBUG,30FF4B230ADA832D4C77FDAFDA1658D4,Request [/ict/0089/] is not a multipart request
05-23-2017 13:26:15.259,DEBUG,FE143F2BDD45991B1AF1BC838DFE6DAF,DispatcherServlet with name 'appServlet' processing GET request for [/ict/0089/]
05-23-2017 13:26:15.259,DEBUG,FE143F2BDD45991B1AF1BC838DFE6DAF,Looking up handler method for path /0089/
05-23-2017 13:26:15.259,DEBUG,FE143F2BDD45991B1AF1BC838DFE6DAF,Returning handler method [public java.lang.String vn.bananavietnam.ict.banana.controller.Bnn0089SearchTaskController.top(javax.servlet.http.HttpServletRequest,java.util.Locale,org.springframework.ui.Model)]
05-23-2017 13:26:15.259,DEBUG,FE143F2BDD45991B1AF1BC838DFE6DAF,Returning cached instance of singleton bean 'bnn0089SearchTaskController'
05-23-2017 13:26:15.259,DEBUG,FE143F2BDD45991B1AF1BC838DFE6DAF,Last-Modified value for [/ict/0089/] is: -1
05-23-2017 13:26:15.259,DEBUG,FE143F2BDD45991B1AF1BC838DFE6DAF,Returning cached instance of singleton bean 'xml_path'
05-23-2017 13:26:15.262,DEBUG,FE143F2BDD45991B1AF1BC838DFE6DAF,Rendering view [org.springframework.web.servlet.view.JstlView: name 'banana/Bnn0089SearchTask'; URL [/WEB-INF/views/banana/Bnn0089SearchTask.jsp]] in DispatcherServlet with name 'appServlet'
05-23-2017 13:26:15.262,DEBUG,FE143F2BDD45991B1AF1BC838DFE6DAF,Added model object 'resetDate' of type [java.lang.String] to request in view with name 'banana/Bnn0089SearchTask'
05-23-2017 13:26:15.262,DEBUG,FE143F2BDD45991B1AF1BC838DFE6DAF,Added model object 'layoutDate' of type [java.lang.String] to request in view with name 'banana/Bnn0089SearchTask'
05-23-2017 13:26:15.262,DEBUG,FE143F2BDD45991B1AF1BC838DFE6DAF,Added model object 'jqueryUiCssDate' of type [java.lang.String] to request in view with name 'banana/Bnn0089SearchTask'
05-23-2017 13:26:15.262,DEBUG,FE143F2BDD45991B1AF1BC838DFE6DAF,Added model object 'messageHandlerDate' of type [java.lang.String] to request in view with name 'banana/Bnn0089SearchTask'
05-23-2017 13:26:15.262,DEBUG,FE143F2BDD45991B1AF1BC838DFE6DAF,Added model object 'jqueryDate' of type [java.lang.String] to request in view with name 'banana/Bnn0089SearchTask'
05-23-2017 13:26:15.262,DEBUG,FE143F2BDD45991B1AF1BC838DFE6DAF,Added model object 'jqueryUiDate' of type [java.lang.String] to request in view with name 'banana/Bnn0089SearchTask'
05-23-2017 13:26:15.262,DEBUG,FE143F2BDD45991B1AF1BC838DFE6DAF,Added model object 'datepickerDate' of type [java.lang.String] to request in view with name 'banana/Bnn0089SearchTask'
05-23-2017 13:26:15.262,DEBUG,FE143F2BDD45991B1AF1BC838DFE6DAF,Added model object 'inputmaskDate' of type [java.lang.String] to request in view with name 'banana/Bnn0089SearchTask'
05-23-2017 13:26:15.262,DEBUG,FE143F2BDD45991B1AF1BC838DFE6DAF,Added model object 'jqueryInputmaskDate' of type [java.lang.String] to request in view with name 'banana/Bnn0089SearchTask'
05-23-2017 13:26:15.262,DEBUG,FE143F2BDD45991B1AF1BC838DFE6DAF,Added model object 'inputMaskExtDate' of type [java.lang.String] to request in view with name 'banana/Bnn0089SearchTask'
05-23-2017 13:26:15.262,DEBUG,FE143F2BDD45991B1AF1BC838DFE6DAF,Added model object 'calendarDate' of type [java.lang.String] to request in view with name 'banana/Bnn0089SearchTask'
05-23-2017 13:26:15.262,DEBUG,FE143F2BDD45991B1AF1BC838DFE6DAF,Added model object 'messageDate' of type [java.lang.String] to request in view with name 'banana/Bnn0089SearchTask'
05-23-2017 13:26:15.262,DEBUG,FE143F2BDD45991B1AF1BC838DFE6DAF,Added model object 'storageDate' of type [java.lang.String] to request in view with name 'banana/Bnn0089SearchTask'
05-23-2017 13:26:15.262,DEBUG,FE143F2BDD45991B1AF1BC838DFE6DAF,Added model object 'commonDate' of type [java.lang.String] to request in view with name 'banana/Bnn0089SearchTask'
05-23-2017 13:26:15.262,DEBUG,FE143F2BDD45991B1AF1BC838DFE6DAF,Added model object 'searchTaskCssDate' of type [java.lang.String] to request in view with name 'banana/Bnn0089SearchTask'
05-23-2017 13:26:15.262,DEBUG,FE143F2BDD45991B1AF1BC838DFE6DAF,Added model object 'searchTaskJsDate' of type [java.lang.String] to request in view with name 'banana/Bnn0089SearchTask'
05-23-2017 13:26:15.262,DEBUG,FE143F2BDD45991B1AF1BC838DFE6DAF,Forwarding to resource [/WEB-INF/views/banana/Bnn0089SearchTask.jsp] in InternalResourceView 'banana/Bnn0089SearchTask'
05-23-2017 13:26:15.263,DEBUG,FE143F2BDD45991B1AF1BC838DFE6DAF,Render request received for definition 'defaultTemplate'
05-23-2017 13:26:15.265,DEBUG,FE143F2BDD45991B1AF1BC838DFE6DAF,Successfully completed request
05-23-2017 13:26:15.265,DEBUG,FE143F2BDD45991B1AF1BC838DFE6DAF,Chain processed normally
05-23-2017 13:26:15.265,DEBUG,FE143F2BDD45991B1AF1BC838DFE6DAF,SecurityContextHolder now cleared, as request processing completed
05-23-2017 13:26:15.295,DEBUG,680A0DD3B69D333732C74271EAC793E9,/0089/searchData at position 1 of 11 in additional filter chain; firing Filter: 'SecurityContextPersistenceFilter'
05-23-2017 13:26:15.295,DEBUG,680A0DD3B69D333732C74271EAC793E9,Obtained a valid SecurityContext from SPRING_SECURITY_CONTEXT: 'org.springframework.security.core.context.SecurityContextImpl@3b6d4a73: Authentication: org.springframework.security.authentication.UsernamePasswordAuthenticationToken@3b6d4a73: Principal: vn.bananavietnam.ict.common.auth.MyUser@c4907816: Username: U0000000001; Password: [PROTECTED]; Enabled: true; AccountNonExpired: true; credentialsNonExpired: true; AccountNonLocked: true; Granted Authorities: 1; Credentials: [PROTECTED]; Authenticated: true; Details: org.springframework.security.web.authentication.WebAuthenticationDetails@2cd90: RemoteIpAddress: 0:0:0:0:0:0:0:1; SessionId: E8DC2283FAFF50F60760CA6F2D5BFC53; Granted Authorities: 1'
05-23-2017 13:26:15.296,DEBUG,680A0DD3B69D333732C74271EAC793E9,/0089/searchData at position 2 of 11 in additional filter chain; firing Filter: 'WebAsyncManagerIntegrationFilter'
05-23-2017 13:26:15.296,DEBUG,680A0DD3B69D333732C74271EAC793E9,/0089/searchData at position 3 of 11 in additional filter chain; firing Filter: 'LogoutFilter'
05-23-2017 13:26:15.296,DEBUG,680A0DD3B69D333732C74271EAC793E9,/0089/searchData at position 4 of 11 in additional filter chain; firing Filter: 'UsernamePasswordAuthenticationFilter'
05-23-2017 13:26:15.296,DEBUG,680A0DD3B69D333732C74271EAC793E9,/0089/searchData at position 5 of 11 in additional filter chain; firing Filter: 'BasicAuthenticationFilter'
05-23-2017 13:26:15.296,DEBUG,680A0DD3B69D333732C74271EAC793E9,/0089/searchData at position 6 of 11 in additional filter chain; firing Filter: 'RequestCacheAwareFilter'
05-23-2017 13:26:15.296,DEBUG,680A0DD3B69D333732C74271EAC793E9,/0089/searchData at position 7 of 11 in additional filter chain; firing Filter: 'SecurityContextHolderAwareRequestFilter'
05-23-2017 13:26:15.296,DEBUG,680A0DD3B69D333732C74271EAC793E9,/0089/searchData at position 8 of 11 in additional filter chain; firing Filter: 'AnonymousAuthenticationFilter'
05-23-2017 13:26:15.296,DEBUG,680A0DD3B69D333732C74271EAC793E9,SecurityContextHolder not populated with anonymous token, as it already contained: 'org.springframework.security.authentication.UsernamePasswordAuthenticationToken@3b6d4a73: Principal: vn.bananavietnam.ict.common.auth.MyUser@c4907816: Username: U0000000001; Password: [PROTECTED]; Enabled: true; AccountNonExpired: true; credentialsNonExpired: true; AccountNonLocked: true; Granted Authorities: 1; Credentials: [PROTECTED]; Authenticated: true; Details: org.springframework.security.web.authentication.WebAuthenticationDetails@2cd90: RemoteIpAddress: 0:0:0:0:0:0:0:1; SessionId: E8DC2283FAFF50F60760CA6F2D5BFC53; Granted Authorities: 1'
05-23-2017 13:26:15.296,DEBUG,680A0DD3B69D333732C74271EAC793E9,/0089/searchData at position 9 of 11 in additional filter chain; firing Filter: 'SessionManagementFilter'
05-23-2017 13:26:15.296,DEBUG,680A0DD3B69D333732C74271EAC793E9,/0089/searchData at position 10 of 11 in additional filter chain; firing Filter: 'ExceptionTranslationFilter'
05-23-2017 13:26:15.296,DEBUG,680A0DD3B69D333732C74271EAC793E9,/0089/searchData at position 11 of 11 in additional filter chain; firing Filter: 'FilterSecurityInterceptor'
05-23-2017 13:26:15.296,DEBUG,680A0DD3B69D333732C74271EAC793E9,Checking match of request : '/0089/searchdata'; against '/autherror*'
05-23-2017 13:26:15.296,DEBUG,680A0DD3B69D333732C74271EAC793E9,Checking match of request : '/0089/searchdata'; against '/login/**'
05-23-2017 13:26:15.296,DEBUG,680A0DD3B69D333732C74271EAC793E9,Checking match of request : '/0089/searchdata'; against '/error/**'
05-23-2017 13:26:15.296,DEBUG,680A0DD3B69D333732C74271EAC793E9,Checking match of request : '/0089/searchdata'; against '/0001/**'
05-23-2017 13:26:15.296,DEBUG,680A0DD3B69D333732C74271EAC793E9,Checking match of request : '/0089/searchdata'; against '/0002/**'
05-23-2017 13:26:15.296,DEBUG,680A0DD3B69D333732C74271EAC793E9,Checking match of request : '/0089/searchdata'; against '/0003/**'
05-23-2017 13:26:15.296,DEBUG,680A0DD3B69D333732C74271EAC793E9,Checking match of request : '/0089/searchdata'; against '/0005/**'
05-23-2017 13:26:15.296,DEBUG,680A0DD3B69D333732C74271EAC793E9,Checking match of request : '/0089/searchdata'; against '/0007/**'
05-23-2017 13:26:15.296,DEBUG,680A0DD3B69D333732C74271EAC793E9,Checking match of request : '/0089/searchdata'; against '/0009/**'
05-23-2017 13:26:15.296,DEBUG,680A0DD3B69D333732C74271EAC793E9,Checking match of request : '/0089/searchdata'; against '/0013/**'
05-23-2017 13:26:15.296,DEBUG,680A0DD3B69D333732C74271EAC793E9,Checking match of request : '/0089/searchdata'; against '/0023/**'
05-23-2017 13:26:15.296,DEBUG,680A0DD3B69D333732C74271EAC793E9,Checking match of request : '/0089/searchdata'; against '/0017/**'
05-23-2017 13:26:15.296,DEBUG,680A0DD3B69D333732C74271EAC793E9,Checking match of request : '/0089/searchdata'; against '/0031/**'
05-23-2017 13:26:15.296,DEBUG,680A0DD3B69D333732C74271EAC793E9,Checking match of request : '/0089/searchdata'; against '/0035/**'
05-23-2017 13:26:15.296,DEBUG,680A0DD3B69D333732C74271EAC793E9,Checking match of request : '/0089/searchdata'; against '/0037/**'
05-23-2017 13:26:15.296,DEBUG,680A0DD3B69D333732C74271EAC793E9,Checking match of request : '/0089/searchdata'; against '/0045/**'
05-23-2017 13:26:15.296,DEBUG,680A0DD3B69D333732C74271EAC793E9,Checking match of request : '/0089/searchdata'; against '/0047/**'
05-23-2017 13:26:15.296,DEBUG,680A0DD3B69D333732C74271EAC793E9,Checking match of request : '/0089/searchdata'; against '/0049/**'
05-23-2017 13:26:15.296,DEBUG,680A0DD3B69D333732C74271EAC793E9,Checking match of request : '/0089/searchdata'; against '/0061/**'
05-23-2017 13:26:15.296,DEBUG,680A0DD3B69D333732C74271EAC793E9,Checking match of request : '/0089/searchdata'; against '/0087/**'
05-23-2017 13:26:15.296,DEBUG,680A0DD3B69D333732C74271EAC793E9,Checking match of request : '/0089/searchdata'; against '/0075/**'
05-23-2017 13:26:15.296,DEBUG,680A0DD3B69D333732C74271EAC793E9,Checking match of request : '/0089/searchdata'; against '/0089/**'
05-23-2017 13:26:15.296,DEBUG,680A0DD3B69D333732C74271EAC793E9,Secure object: FilterInvocation: URL: /0089/searchData; Attributes: [ROLE_ADMIN, ROLE_USER, IS_AUTHENTICATED_FULLY]
05-23-2017 13:26:15.296,DEBUG,680A0DD3B69D333732C74271EAC793E9,Previously Authenticated: org.springframework.security.authentication.UsernamePasswordAuthenticationToken@3b6d4a73: Principal: vn.bananavietnam.ict.common.auth.MyUser@c4907816: Username: U0000000001; Password: [PROTECTED]; Enabled: true; AccountNonExpired: true; credentialsNonExpired: true; AccountNonLocked: true; Granted Authorities: 1; Credentials: [PROTECTED]; Authenticated: true; Details: org.springframework.security.web.authentication.WebAuthenticationDetails@2cd90: RemoteIpAddress: 0:0:0:0:0:0:0:1; SessionId: E8DC2283FAFF50F60760CA6F2D5BFC53; Granted Authorities: 1
05-23-2017 13:26:15.296,DEBUG,680A0DD3B69D333732C74271EAC793E9,Voter: org.springframework.security.access.vote.RoleVoter@1ac872d, returned: -1
05-23-2017 13:26:15.296,DEBUG,680A0DD3B69D333732C74271EAC793E9,Voter: org.springframework.security.access.vote.AuthenticatedVoter@b1927d, returned: 1
05-23-2017 13:26:15.296,DEBUG,680A0DD3B69D333732C74271EAC793E9,Authorization successful
05-23-2017 13:26:15.296,DEBUG,680A0DD3B69D333732C74271EAC793E9,RunAsManager did not change Authentication object
05-23-2017 13:26:15.296,DEBUG,680A0DD3B69D333732C74271EAC793E9,/0089/searchData reached end of additional filter chain; proceeding with original chain
05-23-2017 13:26:15.296,DEBUG,680A0DD3B69D333732C74271EAC793E9,Request [/ict/0089/searchData] is not a multipart request
05-23-2017 13:26:15.296,DEBUG,FE143F2BDD45991B1AF1BC838DFE6DAF,DispatcherServlet with name 'appServlet' processing POST request for [/ict/0089/searchData]
05-23-2017 13:26:15.296,DEBUG,FE143F2BDD45991B1AF1BC838DFE6DAF,Looking up handler method for path /0089/searchData
05-23-2017 13:26:15.297,DEBUG,FE143F2BDD45991B1AF1BC838DFE6DAF,Returning handler method [public java.util.List<vn.bananavietnam.ict.banana.component.Bnn0089SearchTaskResult> vn.bananavietnam.ict.banana.controller.Bnn0089SearchTaskController.searchData(vn.bananavietnam.ict.banana.component.Bnn0089SearchTaskConditions)]
05-23-2017 13:26:15.297,DEBUG,FE143F2BDD45991B1AF1BC838DFE6DAF,Returning cached instance of singleton bean 'bnn0089SearchTaskController'
05-23-2017 13:26:15.297,DEBUG,FE143F2BDD45991B1AF1BC838DFE6DAF,Returning cached instance of singleton bean 'xml_path'
05-23-2017 13:26:15.297,DEBUG,FE143F2BDD45991B1AF1BC838DFE6DAF,Skip CORS processing: request is from same origin
05-23-2017 13:26:15.297,DEBUG,FE143F2BDD45991B1AF1BC838DFE6DAF,Read [class vn.bananavietnam.ict.banana.component.Bnn0089SearchTaskConditions] as "application/json" with [org.springframework.http.converter.json.MappingJackson2HttpMessageConverter@156f2cc]
05-23-2017 13:26:15.298,INFO ,FE143F2BDD45991B1AF1BC838DFE6DAF,U0000000001,vn.bananavietnam.ict.banana.service.Bnn0089SearchTaskService,searchData,[vn.bananavietnam.ict.banana.component.Bnn0089SearchTaskConditions@6347e2] METHOD START
05-23-2017 13:26:15.298,DEBUG,FE143F2BDD45991B1AF1BC838DFE6DAF,Returning cached instance of singleton bean 'transactionManager'
05-23-2017 13:26:15.298,INFO ,FE143F2BDD45991B1AF1BC838DFE6DAF,U0000000001,Task searching started
05-23-2017 13:26:15.298,DEBUG,FE143F2BDD45991B1AF1BC838DFE6DAF,Creating a new SqlSession
05-23-2017 13:26:15.298,DEBUG,FE143F2BDD45991B1AF1BC838DFE6DAF,Registering transaction synchronization for SqlSession [org.apache.ibatis.session.defaults.DefaultSqlSession@476596]
05-23-2017 13:26:15.298,DEBUG,FE143F2BDD45991B1AF1BC838DFE6DAF,Fetching JDBC Connection from DataSource
05-23-2017 13:26:15.298,DEBUG,FE143F2BDD45991B1AF1BC838DFE6DAF,Creating new JDBC DriverManager Connection to [jdbc:mysql://172.16.0.175:3306/BANANA_DB_HUNG_SELENIUM?useUnicode=yes&characterEncoding=UTF-8&autoReconnect=true]
05-23-2017 13:26:15.315,DEBUG,FE143F2BDD45991B1AF1BC838DFE6DAF,Registering transaction synchronization for JDBC Connection
05-23-2017 13:26:15.315,DEBUG,FE143F2BDD45991B1AF1BC838DFE6DAF,JDBC Connection [com.mysql.jdbc.JDBC4Connection@115623d] will be managed by Spring
05-23-2017 13:26:15.315,DEBUG,FE143F2BDD45991B1AF1BC838DFE6DAF,==>  Preparing: SELECT T.TASK_ID taskId, T.TASK_NAME taskName, T.WORKING_DETAILS workingDetails, T.NOTE note, T.QUARANTINE_HANDLING_FLAG quarantineHandlingFlag, T.DELETE_FLAG deleteFlag, T.CHANGE_POINT_CODE changePointCode, T.LAST_UPDATE_DATE lastUpdateDate FROM IVB_M_TASK T WHERE 1 = 1 AND T.DELETE_FLAG = '0' ORDER BY T.TASK_NAME LIMIT ?,? 
05-23-2017 13:26:15.315,DEBUG,FE143F2BDD45991B1AF1BC838DFE6DAF,==> Parameters: 0(Integer), 20(Integer)
05-23-2017 13:26:15.318,DEBUG,FE143F2BDD45991B1AF1BC838DFE6DAF,<==      Total: 20
05-23-2017 13:26:15.318,DEBUG,FE143F2BDD45991B1AF1BC838DFE6DAF,Releasing transactional SqlSession [org.apache.ibatis.session.defaults.DefaultSqlSession@476596]
05-23-2017 13:26:15.318,INFO ,FE143F2BDD45991B1AF1BC838DFE6DAF,U0000000001,SQL execution finished
05-23-2017 13:26:15.318,DEBUG,FE143F2BDD45991B1AF1BC838DFE6DAF,Fetched SqlSession [org.apache.ibatis.session.defaults.DefaultSqlSession@476596] from current transaction
05-23-2017 13:26:15.318,DEBUG,FE143F2BDD45991B1AF1BC838DFE6DAF,==>  Preparing: SELECT COUNT(*) FROM IVB_M_TASK T WHERE 1 = 1 AND T.DELETE_FLAG = '0' ORDER BY T.TASK_ID 
05-23-2017 13:26:15.319,DEBUG,FE143F2BDD45991B1AF1BC838DFE6DAF,==> Parameters: 
05-23-2017 13:26:15.320,DEBUG,FE143F2BDD45991B1AF1BC838DFE6DAF,<==      Total: 1
05-23-2017 13:26:15.320,DEBUG,FE143F2BDD45991B1AF1BC838DFE6DAF,Releasing transactional SqlSession [org.apache.ibatis.session.defaults.DefaultSqlSession@476596]
05-23-2017 13:26:15.321,INFO ,FE143F2BDD45991B1AF1BC838DFE6DAF,U0000000001,Task searching finished ==> 43 item(s)
05-23-2017 13:26:15.321,DEBUG,FE143F2BDD45991B1AF1BC838DFE6DAF,Transaction synchronization deregistering SqlSession [org.apache.ibatis.session.defaults.DefaultSqlSession@476596]
05-23-2017 13:26:15.321,DEBUG,FE143F2BDD45991B1AF1BC838DFE6DAF,Transaction synchronization closing SqlSession [org.apache.ibatis.session.defaults.DefaultSqlSession@476596]
05-23-2017 13:26:15.321,DEBUG,FE143F2BDD45991B1AF1BC838DFE6DAF,Returning JDBC Connection to DataSource
05-23-2017 13:26:15.321,INFO ,FE143F2BDD45991B1AF1BC838DFE6DAF,U0000000001,vn.bananavietnam.ict.banana.service.Bnn0089SearchTaskService,searchData,[vn.bananavietnam.ict.banana.component.Bnn0089SearchTaskConditions@6347e2] METHOD END
05-23-2017 13:26:15.323,DEBUG,FE143F2BDD45991B1AF1BC838DFE6DAF,Written [[vn.bananavietnam.ict.banana.component.Bnn0089SearchTaskResult@1cd4607, vn.bananavietnam.ict.banana.component.Bnn0089SearchTaskResult@91b8c9, vn.bananavietnam.ict.banana.component.Bnn0089SearchTaskResult@d21474, vn.bananavietnam.ict.banana.component.Bnn0089SearchTaskResult@f66f11, vn.bananavietnam.ict.banana.component.Bnn0089SearchTaskResult@186f436, vn.bananavietnam.ict.banana.component.Bnn0089SearchTaskResult@5c5aff, vn.bananavietnam.ict.banana.component.Bnn0089SearchTaskResult@5f8774, vn.bananavietnam.ict.banana.component.Bnn0089SearchTaskResult@1a0f889, vn.bananavietnam.ict.banana.component.Bnn0089SearchTaskResult@1ff83cf, vn.bananavietnam.ict.banana.component.Bnn0089SearchTaskResult@154bdad, vn.bananavietnam.ict.banana.component.Bnn0089SearchTaskResult@17cedd4, vn.bananavietnam.ict.banana.component.Bnn0089SearchTaskResult@1de2342, vn.bananavietnam.ict.banana.component.Bnn0089SearchTaskResult@7a3b0d, vn.bananavietnam.ict.banana.component.Bnn0089SearchTaskResult@ff5dba, vn.bananavietnam.ict.banana.component.Bnn0089SearchTaskResult@df0f7c, vn.bananavietnam.ict.banana.component.Bnn0089SearchTaskResult@f9f316, vn.bananavietnam.ict.banana.component.Bnn0089SearchTaskResult@1dc1517, vn.bananavietnam.ict.banana.component.Bnn0089SearchTaskResult@15e8d9b, vn.bananavietnam.ict.banana.component.Bnn0089SearchTaskResult@15ad3a3, vn.bananavietnam.ict.banana.component.Bnn0089SearchTaskResult@4ef05d]] as "application/json;charset=UTF-8" using [org.springframework.http.converter.json.MappingJackson2HttpMessageConverter@156f2cc]
05-23-2017 13:26:15.323,DEBUG,FE143F2BDD45991B1AF1BC838DFE6DAF,Null ModelAndView returned to DispatcherServlet with name 'appServlet': assuming HandlerAdapter completed request handling
05-23-2017 13:26:15.323,DEBUG,FE143F2BDD45991B1AF1BC838DFE6DAF,Successfully completed request
05-23-2017 13:26:15.323,DEBUG,FE143F2BDD45991B1AF1BC838DFE6DAF,Chain processed normally
05-23-2017 13:26:15.323,DEBUG,FE143F2BDD45991B1AF1BC838DFE6DAF,SecurityContextHolder now cleared, as request processing completed
