05-23-2017 13:50:35.167,DEBUG,880EF31866779663AD539B2164E52D9B,/0017/searchData at position 1 of 11 in additional filter chain; firing Filter: 'SecurityContextPersistenceFilter'
05-23-2017 13:50:35.167,DEBUG,880EF31866779663AD539B2164E52D9B,No HttpSession currently exists
05-23-2017 13:50:35.167,DEBUG,880EF31866779663AD539B2164E52D9B,No SecurityContext was available from the HttpSession: null. A new one will be created.
05-23-2017 13:50:35.167,DEBUG,880EF31866779663AD539B2164E52D9B,/0017/searchData at position 2 of 11 in additional filter chain; firing Filter: 'WebAsyncManagerIntegrationFilter'
05-23-2017 13:50:35.167,DEBUG,880EF31866779663AD539B2164E52D9B,/0017/searchData at position 3 of 11 in additional filter chain; firing Filter: 'LogoutFilter'
05-23-2017 13:50:35.167,DEBUG,880EF31866779663AD539B2164E52D9B,/0017/searchData at position 4 of 11 in additional filter chain; firing Filter: 'UsernamePasswordAuthenticationFilter'
05-23-2017 13:50:35.167,DEBUG,880EF31866779663AD539B2164E52D9B,/0017/searchData at position 5 of 11 in additional filter chain; firing Filter: 'BasicAuthenticationFilter'
05-23-2017 13:50:35.167,DEBUG,880EF31866779663AD539B2164E52D9B,/0017/searchData at position 6 of 11 in additional filter chain; firing Filter: 'RequestCacheAwareFilter'
05-23-2017 13:50:35.167,DEBUG,880EF31866779663AD539B2164E52D9B,/0017/searchData at position 7 of 11 in additional filter chain; firing Filter: 'SecurityContextHolderAwareRequestFilter'
05-23-2017 13:50:35.167,DEBUG,880EF31866779663AD539B2164E52D9B,/0017/searchData at position 8 of 11 in additional filter chain; firing Filter: 'AnonymousAuthenticationFilter'
05-23-2017 13:50:35.167,DEBUG,880EF31866779663AD539B2164E52D9B,Populated SecurityContextHolder with anonymous token: 'org.springframework.security.authentication.AnonymousAuthenticationToken@9055c2bc: Principal: anonymousUser; Credentials: [PROTECTED]; Authenticated: true; Details: org.springframework.security.web.authentication.WebAuthenticationDetails@b364: RemoteIpAddress: 0:0:0:0:0:0:0:1; SessionId: null; Granted Authorities: ROLE_ANONYMOUS'
05-23-2017 13:50:35.167,DEBUG,880EF31866779663AD539B2164E52D9B,/0017/searchData at position 9 of 11 in additional filter chain; firing Filter: 'SessionManagementFilter'
05-23-2017 13:50:35.167,DEBUG,880EF31866779663AD539B2164E52D9B,Requested session ID 880EF31866779663AD539B2164E52D9B is invalid.
05-23-2017 13:50:35.167,DEBUG,880EF31866779663AD539B2164E52D9B,/0017/searchData at position 10 of 11 in additional filter chain; firing Filter: 'ExceptionTranslationFilter'
05-23-2017 13:50:35.167,DEBUG,880EF31866779663AD539B2164E52D9B,/0017/searchData at position 11 of 11 in additional filter chain; firing Filter: 'FilterSecurityInterceptor'
05-23-2017 13:50:35.167,DEBUG,880EF31866779663AD539B2164E52D9B,Checking match of request : '/0017/searchdata'; against '/autherror*'
05-23-2017 13:50:35.167,DEBUG,880EF31866779663AD539B2164E52D9B,Checking match of request : '/0017/searchdata'; against '/login/**'
05-23-2017 13:50:35.167,DEBUG,880EF31866779663AD539B2164E52D9B,Checking match of request : '/0017/searchdata'; against '/error/**'
05-23-2017 13:50:35.167,DEBUG,880EF31866779663AD539B2164E52D9B,Checking match of request : '/0017/searchdata'; against '/0001/**'
05-23-2017 13:50:35.167,DEBUG,880EF31866779663AD539B2164E52D9B,Checking match of request : '/0017/searchdata'; against '/0002/**'
05-23-2017 13:50:35.167,DEBUG,880EF31866779663AD539B2164E52D9B,Checking match of request : '/0017/searchdata'; against '/0003/**'
05-23-2017 13:50:35.167,DEBUG,880EF31866779663AD539B2164E52D9B,Checking match of request : '/0017/searchdata'; against '/0005/**'
05-23-2017 13:50:35.167,DEBUG,880EF31866779663AD539B2164E52D9B,Checking match of request : '/0017/searchdata'; against '/0007/**'
05-23-2017 13:50:35.168,DEBUG,880EF31866779663AD539B2164E52D9B,Checking match of request : '/0017/searchdata'; against '/0009/**'
05-23-2017 13:50:35.168,DEBUG,880EF31866779663AD539B2164E52D9B,Checking match of request : '/0017/searchdata'; against '/0013/**'
05-23-2017 13:50:35.168,DEBUG,880EF31866779663AD539B2164E52D9B,Checking match of request : '/0017/searchdata'; against '/0023/**'
05-23-2017 13:50:35.168,DEBUG,880EF31866779663AD539B2164E52D9B,Checking match of request : '/0017/searchdata'; against '/0017/**'
05-23-2017 13:50:35.168,DEBUG,880EF31866779663AD539B2164E52D9B,Secure object: FilterInvocation: URL: /0017/searchData; Attributes: [ROLE_ADMIN, ROLE_USER, IS_AUTHENTICATED_FULLY]
05-23-2017 13:50:35.168,DEBUG,880EF31866779663AD539B2164E52D9B,Previously Authenticated: org.springframework.security.authentication.AnonymousAuthenticationToken@9055c2bc: Principal: anonymousUser; Credentials: [PROTECTED]; Authenticated: true; Details: org.springframework.security.web.authentication.WebAuthenticationDetails@b364: RemoteIpAddress: 0:0:0:0:0:0:0:1; SessionId: null; Granted Authorities: ROLE_ANONYMOUS
05-23-2017 13:50:35.168,DEBUG,880EF31866779663AD539B2164E52D9B,Voter: org.springframework.security.access.vote.RoleVoter@c7637e, returned: -1
05-23-2017 13:50:35.168,DEBUG,880EF31866779663AD539B2164E52D9B,Voter: org.springframework.security.access.vote.AuthenticatedVoter@1f8faaf, returned: -1
05-23-2017 13:50:35.168,DEBUG,880EF31866779663AD539B2164E52D9B,Access is denied (user is anonymous); redirecting to authentication entry point
05-23-2017 13:50:35.169,DEBUG,880EF31866779663AD539B2164E52D9B,DefaultSavedRequest added to Session: DefaultSavedRequest[http://localhost:8080/ict/0017/searchData]
05-23-2017 13:50:35.169,DEBUG,880EF31866779663AD539B2164E52D9B,Calling Authentication entry point.
05-23-2017 13:50:35.169,DEBUG,880EF31866779663AD539B2164E52D9B,Redirecting to 'http://localhost:8080/ict/'
05-23-2017 13:50:35.169,DEBUG,880EF31866779663AD539B2164E52D9B,SecurityContext is empty or contents are anonymous - context will not be stored in HttpSession.
05-23-2017 13:50:35.169,DEBUG,880EF31866779663AD539B2164E52D9B,SecurityContextHolder now cleared, as request processing completed
05-23-2017 13:50:35.174,DEBUG,880EF31866779663AD539B2164E52D9B,/login at position 1 of 11 in additional filter chain; firing Filter: 'SecurityContextPersistenceFilter'
05-23-2017 13:50:35.174,DEBUG,880EF31866779663AD539B2164E52D9B,HttpSession returned null object for SPRING_SECURITY_CONTEXT
05-23-2017 13:50:35.174,DEBUG,880EF31866779663AD539B2164E52D9B,No SecurityContext was available from the HttpSession: org.apache.catalina.session.StandardSessionFacade@4118a8. A new one will be created.
05-23-2017 13:50:35.175,DEBUG,880EF31866779663AD539B2164E52D9B,/login at position 2 of 11 in additional filter chain; firing Filter: 'WebAsyncManagerIntegrationFilter'
05-23-2017 13:50:35.175,DEBUG,880EF31866779663AD539B2164E52D9B,/login at position 3 of 11 in additional filter chain; firing Filter: 'LogoutFilter'
05-23-2017 13:50:35.175,DEBUG,880EF31866779663AD539B2164E52D9B,Logging out user 'null' and transferring to logout destination
05-23-2017 13:50:35.175,DEBUG,880EF31866779663AD539B2164E52D9B,Invalidating session: 48785438D512895FE06C5175CC25E6C5
05-23-2017 13:50:35.175,DEBUG,880EF31866779663AD539B2164E52D9B,Using default Url: /
05-23-2017 13:50:35.175,DEBUG,880EF31866779663AD539B2164E52D9B,Redirecting to '/ict/'
05-23-2017 13:50:35.175,DEBUG,880EF31866779663AD539B2164E52D9B,SecurityContext is empty or contents are anonymous - context will not be stored in HttpSession.
05-23-2017 13:50:35.175,DEBUG,880EF31866779663AD539B2164E52D9B,SecurityContextHolder now cleared, as request processing completed
05-23-2017 13:50:35.177,DEBUG,CAE1E082E9E3E28B499BC14176D51ACF,/ at position 1 of 11 in additional filter chain; firing Filter: 'SecurityContextPersistenceFilter'
05-23-2017 13:50:35.177,DEBUG,CAE1E082E9E3E28B499BC14176D51ACF,No HttpSession currently exists
05-23-2017 13:50:35.177,DEBUG,CAE1E082E9E3E28B499BC14176D51ACF,No SecurityContext was available from the HttpSession: null. A new one will be created.
05-23-2017 13:50:35.177,DEBUG,CAE1E082E9E3E28B499BC14176D51ACF,/ at position 2 of 11 in additional filter chain; firing Filter: 'WebAsyncManagerIntegrationFilter'
05-23-2017 13:50:35.177,DEBUG,CAE1E082E9E3E28B499BC14176D51ACF,/ at position 3 of 11 in additional filter chain; firing Filter: 'LogoutFilter'
05-23-2017 13:50:35.177,DEBUG,CAE1E082E9E3E28B499BC14176D51ACF,/ at position 4 of 11 in additional filter chain; firing Filter: 'UsernamePasswordAuthenticationFilter'
05-23-2017 13:50:35.177,DEBUG,CAE1E082E9E3E28B499BC14176D51ACF,/ at position 5 of 11 in additional filter chain; firing Filter: 'BasicAuthenticationFilter'
05-23-2017 13:50:35.177,DEBUG,CAE1E082E9E3E28B499BC14176D51ACF,/ at position 6 of 11 in additional filter chain; firing Filter: 'RequestCacheAwareFilter'
05-23-2017 13:50:35.177,DEBUG,CAE1E082E9E3E28B499BC14176D51ACF,/ at position 7 of 11 in additional filter chain; firing Filter: 'SecurityContextHolderAwareRequestFilter'
05-23-2017 13:50:35.177,DEBUG,CAE1E082E9E3E28B499BC14176D51ACF,/ at position 8 of 11 in additional filter chain; firing Filter: 'AnonymousAuthenticationFilter'
05-23-2017 13:50:35.178,DEBUG,CAE1E082E9E3E28B499BC14176D51ACF,Populated SecurityContextHolder with anonymous token: 'org.springframework.security.authentication.AnonymousAuthenticationToken@9055c2bc: Principal: anonymousUser; Credentials: [PROTECTED]; Authenticated: true; Details: org.springframework.security.web.authentication.WebAuthenticationDetails@b364: RemoteIpAddress: 0:0:0:0:0:0:0:1; SessionId: null; Granted Authorities: ROLE_ANONYMOUS'
05-23-2017 13:50:35.178,DEBUG,CAE1E082E9E3E28B499BC14176D51ACF,/ at position 9 of 11 in additional filter chain; firing Filter: 'SessionManagementFilter'
05-23-2017 13:50:35.178,DEBUG,CAE1E082E9E3E28B499BC14176D51ACF,Requested session ID 48785438D512895FE06C5175CC25E6C5 is invalid.
05-23-2017 13:50:35.178,DEBUG,CAE1E082E9E3E28B499BC14176D51ACF,/ at position 10 of 11 in additional filter chain; firing Filter: 'ExceptionTranslationFilter'
05-23-2017 13:50:35.178,DEBUG,CAE1E082E9E3E28B499BC14176D51ACF,/ at position 11 of 11 in additional filter chain; firing Filter: 'FilterSecurityInterceptor'
05-23-2017 13:50:35.178,DEBUG,CAE1E082E9E3E28B499BC14176D51ACF,Checking match of request : '/'; against '/autherror*'
05-23-2017 13:50:35.178,DEBUG,CAE1E082E9E3E28B499BC14176D51ACF,Checking match of request : '/'; against '/login/**'
05-23-2017 13:50:35.178,DEBUG,CAE1E082E9E3E28B499BC14176D51ACF,Checking match of request : '/'; against '/error/**'
05-23-2017 13:50:35.178,DEBUG,CAE1E082E9E3E28B499BC14176D51ACF,Checking match of request : '/'; against '/0001/**'
05-23-2017 13:50:35.178,DEBUG,CAE1E082E9E3E28B499BC14176D51ACF,Checking match of request : '/'; against '/0002/**'
05-23-2017 13:50:35.178,DEBUG,CAE1E082E9E3E28B499BC14176D51ACF,Checking match of request : '/'; against '/0003/**'
05-23-2017 13:50:35.178,DEBUG,CAE1E082E9E3E28B499BC14176D51ACF,Checking match of request : '/'; against '/0005/**'
05-23-2017 13:50:35.178,DEBUG,CAE1E082E9E3E28B499BC14176D51ACF,Checking match of request : '/'; against '/0007/**'
05-23-2017 13:50:35.178,DEBUG,CAE1E082E9E3E28B499BC14176D51ACF,Checking match of request : '/'; against '/0009/**'
05-23-2017 13:50:35.178,DEBUG,CAE1E082E9E3E28B499BC14176D51ACF,Checking match of request : '/'; against '/0013/**'
05-23-2017 13:50:35.178,DEBUG,CAE1E082E9E3E28B499BC14176D51ACF,Checking match of request : '/'; against '/0023/**'
05-23-2017 13:50:35.178,DEBUG,CAE1E082E9E3E28B499BC14176D51ACF,Checking match of request : '/'; against '/0017/**'
05-23-2017 13:50:35.178,DEBUG,CAE1E082E9E3E28B499BC14176D51ACF,Checking match of request : '/'; against '/0031/**'
05-23-2017 13:50:35.178,DEBUG,CAE1E082E9E3E28B499BC14176D51ACF,Checking match of request : '/'; against '/0035/**'
05-23-2017 13:50:35.178,DEBUG,CAE1E082E9E3E28B499BC14176D51ACF,Checking match of request : '/'; against '/0037/**'
05-23-2017 13:50:35.178,DEBUG,CAE1E082E9E3E28B499BC14176D51ACF,Checking match of request : '/'; against '/0045/**'
05-23-2017 13:50:35.178,DEBUG,CAE1E082E9E3E28B499BC14176D51ACF,Checking match of request : '/'; against '/0047/**'
05-23-2017 13:50:35.178,DEBUG,CAE1E082E9E3E28B499BC14176D51ACF,Checking match of request : '/'; against '/0049/**'
05-23-2017 13:50:35.178,DEBUG,CAE1E082E9E3E28B499BC14176D51ACF,Checking match of request : '/'; against '/0061/**'
05-23-2017 13:50:35.178,DEBUG,CAE1E082E9E3E28B499BC14176D51ACF,Checking match of request : '/'; against '/0087/**'
05-23-2017 13:50:35.178,DEBUG,CAE1E082E9E3E28B499BC14176D51ACF,Checking match of request : '/'; against '/0075/**'
05-23-2017 13:50:35.178,DEBUG,CAE1E082E9E3E28B499BC14176D51ACF,Checking match of request : '/'; against '/0089/**'
05-23-2017 13:50:35.178,DEBUG,CAE1E082E9E3E28B499BC14176D51ACF,Checking match of request : '/'; against '/0090/**'
05-23-2017 13:50:35.178,DEBUG,CAE1E082E9E3E28B499BC14176D51ACF,Checking match of request : '/'; against '/0091/**'
05-23-2017 13:50:35.178,DEBUG,CAE1E082E9E3E28B499BC14176D51ACF,Checking match of request : '/'; against '/0092/**'
05-23-2017 13:50:35.178,DEBUG,CAE1E082E9E3E28B499BC14176D51ACF,Checking match of request : '/'; against '/0095/**'
05-23-2017 13:50:35.178,DEBUG,CAE1E082E9E3E28B499BC14176D51ACF,Secure object: FilterInvocation: URL: /; Attributes: [IS_AUTHENTICATED_ANONYMOUSLY]
05-23-2017 13:50:35.178,DEBUG,CAE1E082E9E3E28B499BC14176D51ACF,Previously Authenticated: org.springframework.security.authentication.AnonymousAuthenticationToken@9055c2bc: Principal: anonymousUser; Credentials: [PROTECTED]; Authenticated: true; Details: org.springframework.security.web.authentication.WebAuthenticationDetails@b364: RemoteIpAddress: 0:0:0:0:0:0:0:1; SessionId: null; Granted Authorities: ROLE_ANONYMOUS
05-23-2017 13:50:35.178,DEBUG,CAE1E082E9E3E28B499BC14176D51ACF,Voter: org.springframework.security.access.vote.RoleVoter@c7637e, returned: 0
05-23-2017 13:50:35.178,DEBUG,CAE1E082E9E3E28B499BC14176D51ACF,Voter: org.springframework.security.access.vote.AuthenticatedVoter@1f8faaf, returned: 1
05-23-2017 13:50:35.178,DEBUG,CAE1E082E9E3E28B499BC14176D51ACF,Authorization successful
05-23-2017 13:50:35.179,DEBUG,CAE1E082E9E3E28B499BC14176D51ACF,RunAsManager did not change Authentication object
05-23-2017 13:50:35.179,DEBUG,CAE1E082E9E3E28B499BC14176D51ACF,/ reached end of additional filter chain; proceeding with original chain
05-23-2017 13:50:35.179,DEBUG,CAE1E082E9E3E28B499BC14176D51ACF,Request [/ict/] is not a multipart request
05-23-2017 13:50:35.179,DEBUG,6CD3457BFACE9D1634FD829EFA761001,DispatcherServlet with name 'appServlet' processing GET request for [/ict/]
05-23-2017 13:50:35.179,DEBUG,6CD3457BFACE9D1634FD829EFA761001,Looking up handler method for path /
05-23-2017 13:50:35.179,DEBUG,6CD3457BFACE9D1634FD829EFA761001,Returning handler method [public java.lang.String vn.bananavietnam.ict.common.controller.AuthController.login()]
05-23-2017 13:50:35.179,DEBUG,6CD3457BFACE9D1634FD829EFA761001,Returning cached instance of singleton bean 'authController'
05-23-2017 13:50:35.179,DEBUG,6CD3457BFACE9D1634FD829EFA761001,Last-Modified value for [/ict/] is: -1
05-23-2017 13:50:35.179,DEBUG,6CD3457BFACE9D1634FD829EFA761001,Returning cached instance of singleton bean 'xml_path'
05-23-2017 13:50:35.180,DEBUG,6CD3457BFACE9D1634FD829EFA761001,Rendering view [org.springframework.web.servlet.view.JstlView: name 'common/PageWrapper'; URL [/WEB-INF/views/common/PageWrapper.jsp]] in DispatcherServlet with name 'appServlet'
05-23-2017 13:50:35.180,DEBUG,6CD3457BFACE9D1634FD829EFA761001,Forwarding to resource [/WEB-INF/views/common/PageWrapper.jsp] in InternalResourceView 'common/PageWrapper'
05-23-2017 13:50:35.180,DEBUG,6CD3457BFACE9D1634FD829EFA761001,SecurityContext is empty or contents are anonymous - context will not be stored in HttpSession.
05-23-2017 13:50:35.180,DEBUG,6CD3457BFACE9D1634FD829EFA761001,Successfully completed request
05-23-2017 13:50:35.180,DEBUG,6CD3457BFACE9D1634FD829EFA761001,Chain processed normally
05-23-2017 13:50:35.180,DEBUG,6CD3457BFACE9D1634FD829EFA761001,SecurityContextHolder now cleared, as request processing completed
05-23-2017 13:50:35.185,DEBUG,880EF31866779663AD539B2164E52D9B,/login/ at position 1 of 11 in additional filter chain; firing Filter: 'SecurityContextPersistenceFilter'
05-23-2017 13:50:35.185,DEBUG,880EF31866779663AD539B2164E52D9B,HttpSession returned null object for SPRING_SECURITY_CONTEXT
05-23-2017 13:50:35.185,DEBUG,880EF31866779663AD539B2164E52D9B,No SecurityContext was available from the HttpSession: org.apache.catalina.session.StandardSessionFacade@1464d11. A new one will be created.
05-23-2017 13:50:35.185,DEBUG,880EF31866779663AD539B2164E52D9B,/login/ at position 2 of 11 in additional filter chain; firing Filter: 'WebAsyncManagerIntegrationFilter'
05-23-2017 13:50:35.185,DEBUG,880EF31866779663AD539B2164E52D9B,/login/ at position 3 of 11 in additional filter chain; firing Filter: 'LogoutFilter'
05-23-2017 13:50:35.185,DEBUG,880EF31866779663AD539B2164E52D9B,/login/ at position 4 of 11 in additional filter chain; firing Filter: 'UsernamePasswordAuthenticationFilter'
05-23-2017 13:50:35.185,DEBUG,880EF31866779663AD539B2164E52D9B,/login/ at position 5 of 11 in additional filter chain; firing Filter: 'BasicAuthenticationFilter'
05-23-2017 13:50:35.185,DEBUG,880EF31866779663AD539B2164E52D9B,/login/ at position 6 of 11 in additional filter chain; firing Filter: 'RequestCacheAwareFilter'
05-23-2017 13:50:35.185,DEBUG,880EF31866779663AD539B2164E52D9B,/login/ at position 7 of 11 in additional filter chain; firing Filter: 'SecurityContextHolderAwareRequestFilter'
05-23-2017 13:50:35.185,DEBUG,880EF31866779663AD539B2164E52D9B,/login/ at position 8 of 11 in additional filter chain; firing Filter: 'AnonymousAuthenticationFilter'
05-23-2017 13:50:35.186,DEBUG,880EF31866779663AD539B2164E52D9B,Populated SecurityContextHolder with anonymous token: 'org.springframework.security.authentication.AnonymousAuthenticationToken@905571d8: Principal: anonymousUser; Credentials: [PROTECTED]; Authenticated: true; Details: org.springframework.security.web.authentication.WebAuthenticationDetails@0: RemoteIpAddress: 0:0:0:0:0:0:0:1; SessionId: 6CD3457BFACE9D1634FD829EFA761001; Granted Authorities: ROLE_ANONYMOUS'
05-23-2017 13:50:35.186,DEBUG,880EF31866779663AD539B2164E52D9B,/login/ at position 9 of 11 in additional filter chain; firing Filter: 'SessionManagementFilter'
05-23-2017 13:50:35.186,DEBUG,880EF31866779663AD539B2164E52D9B,/login/ at position 10 of 11 in additional filter chain; firing Filter: 'ExceptionTranslationFilter'
05-23-2017 13:50:35.186,DEBUG,880EF31866779663AD539B2164E52D9B,/login/ at position 11 of 11 in additional filter chain; firing Filter: 'FilterSecurityInterceptor'
05-23-2017 13:50:35.186,DEBUG,880EF31866779663AD539B2164E52D9B,Checking match of request : '/login/'; against '/autherror*'
05-23-2017 13:50:35.186,DEBUG,880EF31866779663AD539B2164E52D9B,Checking match of request : '/login/'; against '/login/**'
05-23-2017 13:50:35.186,DEBUG,880EF31866779663AD539B2164E52D9B,Secure object: FilterInvocation: URL: /login/; Attributes: [IS_AUTHENTICATED_ANONYMOUSLY]
05-23-2017 13:50:35.186,DEBUG,880EF31866779663AD539B2164E52D9B,Previously Authenticated: org.springframework.security.authentication.AnonymousAuthenticationToken@905571d8: Principal: anonymousUser; Credentials: [PROTECTED]; Authenticated: true; Details: org.springframework.security.web.authentication.WebAuthenticationDetails@0: RemoteIpAddress: 0:0:0:0:0:0:0:1; SessionId: 6CD3457BFACE9D1634FD829EFA761001; Granted Authorities: ROLE_ANONYMOUS
05-23-2017 13:50:35.186,DEBUG,880EF31866779663AD539B2164E52D9B,Voter: org.springframework.security.access.vote.RoleVoter@c7637e, returned: 0
05-23-2017 13:50:35.186,DEBUG,880EF31866779663AD539B2164E52D9B,Voter: org.springframework.security.access.vote.AuthenticatedVoter@1f8faaf, returned: 1
05-23-2017 13:50:35.186,DEBUG,880EF31866779663AD539B2164E52D9B,Authorization successful
05-23-2017 13:50:35.186,DEBUG,880EF31866779663AD539B2164E52D9B,RunAsManager did not change Authentication object
05-23-2017 13:50:35.186,DEBUG,880EF31866779663AD539B2164E52D9B,/login/ reached end of additional filter chain; proceeding with original chain
05-23-2017 13:50:35.186,DEBUG,880EF31866779663AD539B2164E52D9B,Request [/ict/login/] is not a multipart request
05-23-2017 13:50:35.186,DEBUG,6CD3457BFACE9D1634FD829EFA761001,DispatcherServlet with name 'appServlet' processing GET request for [/ict/login/]
05-23-2017 13:50:35.186,DEBUG,6CD3457BFACE9D1634FD829EFA761001,Looking up handler method for path /login/
05-23-2017 13:50:35.186,DEBUG,6CD3457BFACE9D1634FD829EFA761001,Returning handler method [public java.lang.String vn.bananavietnam.ict.common.controller.LoginController.top(java.util.Locale,org.springframework.ui.Model)]
05-23-2017 13:50:35.186,DEBUG,6CD3457BFACE9D1634FD829EFA761001,Returning cached instance of singleton bean 'loginController'
05-23-2017 13:50:35.186,DEBUG,6CD3457BFACE9D1634FD829EFA761001,Last-Modified value for [/ict/login/] is: -1
05-23-2017 13:50:35.186,DEBUG,6CD3457BFACE9D1634FD829EFA761001,Returning cached instance of singleton bean 'xml_path'
05-23-2017 13:50:35.187,DEBUG,6CD3457BFACE9D1634FD829EFA761001,Rendering view [org.springframework.web.servlet.view.JstlView: name 'common/login'; URL [/WEB-INF/views/common/login.jsp]] in DispatcherServlet with name 'appServlet'
05-23-2017 13:50:35.187,DEBUG,6CD3457BFACE9D1634FD829EFA761001,Forwarding to resource [/WEB-INF/views/common/login.jsp] in InternalResourceView 'common/login'
05-23-2017 13:50:35.188,DEBUG,6CD3457BFACE9D1634FD829EFA761001,SecurityContext is empty or contents are anonymous - context will not be stored in HttpSession.
05-23-2017 13:50:35.189,DEBUG,6CD3457BFACE9D1634FD829EFA761001,Successfully completed request
05-23-2017 13:50:35.189,DEBUG,6CD3457BFACE9D1634FD829EFA761001,Chain processed normally
05-23-2017 13:50:35.189,DEBUG,6CD3457BFACE9D1634FD829EFA761001,SecurityContextHolder now cleared, as request processing completed
05-23-2017 13:50:35.217,DEBUG,CAE1E082E9E3E28B499BC14176D51ACF,/resources/js/common/common.js?date=20170523030813 at position 1 of 11 in additional filter chain; firing Filter: 'SecurityContextPersistenceFilter'
05-23-2017 13:50:35.217,DEBUG,CAE1E082E9E3E28B499BC14176D51ACF,HttpSession returned null object for SPRING_SECURITY_CONTEXT
05-23-2017 13:50:35.217,DEBUG,CAE1E082E9E3E28B499BC14176D51ACF,No SecurityContext was available from the HttpSession: org.apache.catalina.session.StandardSessionFacade@1464d11. A new one will be created.
05-23-2017 13:50:35.217,DEBUG,CAE1E082E9E3E28B499BC14176D51ACF,/resources/js/common/common.js?date=20170523030813 at position 2 of 11 in additional filter chain; firing Filter: 'WebAsyncManagerIntegrationFilter'
05-23-2017 13:50:35.217,DEBUG,CAE1E082E9E3E28B499BC14176D51ACF,/resources/js/common/common.js?date=20170523030813 at position 3 of 11 in additional filter chain; firing Filter: 'LogoutFilter'
05-23-2017 13:50:35.217,DEBUG,CAE1E082E9E3E28B499BC14176D51ACF,/resources/js/common/common.js?date=20170523030813 at position 4 of 11 in additional filter chain; firing Filter: 'UsernamePasswordAuthenticationFilter'
05-23-2017 13:50:35.217,DEBUG,CAE1E082E9E3E28B499BC14176D51ACF,/resources/js/common/common.js?date=20170523030813 at position 5 of 11 in additional filter chain; firing Filter: 'BasicAuthenticationFilter'
05-23-2017 13:50:35.217,DEBUG,CAE1E082E9E3E28B499BC14176D51ACF,/resources/js/common/common.js?date=20170523030813 at position 6 of 11 in additional filter chain; firing Filter: 'RequestCacheAwareFilter'
05-23-2017 13:50:35.217,DEBUG,CAE1E082E9E3E28B499BC14176D51ACF,/resources/js/common/common.js?date=20170523030813 at position 7 of 11 in additional filter chain; firing Filter: 'SecurityContextHolderAwareRequestFilter'
05-23-2017 13:50:35.217,DEBUG,CAE1E082E9E3E28B499BC14176D51ACF,/resources/js/common/common.js?date=20170523030813 at position 8 of 11 in additional filter chain; firing Filter: 'AnonymousAuthenticationFilter'
05-23-2017 13:50:35.217,DEBUG,CAE1E082E9E3E28B499BC14176D51ACF,Populated SecurityContextHolder with anonymous token: 'org.springframework.security.authentication.AnonymousAuthenticationToken@905571d8: Principal: anonymousUser; Credentials: [PROTECTED]; Authenticated: true; Details: org.springframework.security.web.authentication.WebAuthenticationDetails@0: RemoteIpAddress: 0:0:0:0:0:0:0:1; SessionId: 6CD3457BFACE9D1634FD829EFA761001; Granted Authorities: ROLE_ANONYMOUS'
05-23-2017 13:50:35.217,DEBUG,CAE1E082E9E3E28B499BC14176D51ACF,/resources/js/common/common.js?date=20170523030813 at position 9 of 11 in additional filter chain; firing Filter: 'SessionManagementFilter'
05-23-2017 13:50:35.217,DEBUG,CAE1E082E9E3E28B499BC14176D51ACF,/resources/js/common/common.js?date=20170523030813 at position 10 of 11 in additional filter chain; firing Filter: 'ExceptionTranslationFilter'
05-23-2017 13:50:35.217,DEBUG,CAE1E082E9E3E28B499BC14176D51ACF,/resources/js/common/common.js?date=20170523030813 at position 11 of 11 in additional filter chain; firing Filter: 'FilterSecurityInterceptor'
05-23-2017 13:50:35.217,DEBUG,CAE1E082E9E3E28B499BC14176D51ACF,Checking match of request : '/resources/js/common/common.js'; against '/autherror*'
05-23-2017 13:50:35.217,DEBUG,CAE1E082E9E3E28B499BC14176D51ACF,Checking match of request : '/resources/js/common/common.js'; against '/login/**'
05-23-2017 13:50:35.217,DEBUG,CAE1E082E9E3E28B499BC14176D51ACF,Checking match of request : '/resources/js/common/common.js'; against '/error/**'
05-23-2017 13:50:35.217,DEBUG,CAE1E082E9E3E28B499BC14176D51ACF,Checking match of request : '/resources/js/common/common.js'; against '/0001/**'
05-23-2017 13:50:35.217,DEBUG,CAE1E082E9E3E28B499BC14176D51ACF,Checking match of request : '/resources/js/common/common.js'; against '/0002/**'
05-23-2017 13:50:35.217,DEBUG,CAE1E082E9E3E28B499BC14176D51ACF,Checking match of request : '/resources/js/common/common.js'; against '/0003/**'
05-23-2017 13:50:35.217,DEBUG,CAE1E082E9E3E28B499BC14176D51ACF,Checking match of request : '/resources/js/common/common.js'; against '/0005/**'
05-23-2017 13:50:35.217,DEBUG,CAE1E082E9E3E28B499BC14176D51ACF,Checking match of request : '/resources/js/common/common.js'; against '/0007/**'
05-23-2017 13:50:35.217,DEBUG,CAE1E082E9E3E28B499BC14176D51ACF,Checking match of request : '/resources/js/common/common.js'; against '/0009/**'
05-23-2017 13:50:35.217,DEBUG,CAE1E082E9E3E28B499BC14176D51ACF,Checking match of request : '/resources/js/common/common.js'; against '/0013/**'
05-23-2017 13:50:35.217,DEBUG,CAE1E082E9E3E28B499BC14176D51ACF,Checking match of request : '/resources/js/common/common.js'; against '/0023/**'
05-23-2017 13:50:35.217,DEBUG,CAE1E082E9E3E28B499BC14176D51ACF,Checking match of request : '/resources/js/common/common.js'; against '/0017/**'
05-23-2017 13:50:35.217,DEBUG,CAE1E082E9E3E28B499BC14176D51ACF,Checking match of request : '/resources/js/common/common.js'; against '/0031/**'
05-23-2017 13:50:35.217,DEBUG,CAE1E082E9E3E28B499BC14176D51ACF,Checking match of request : '/resources/js/common/common.js'; against '/0035/**'
05-23-2017 13:50:35.217,DEBUG,CAE1E082E9E3E28B499BC14176D51ACF,Checking match of request : '/resources/js/common/common.js'; against '/0037/**'
05-23-2017 13:50:35.217,DEBUG,CAE1E082E9E3E28B499BC14176D51ACF,Checking match of request : '/resources/js/common/common.js'; against '/0045/**'
05-23-2017 13:50:35.217,DEBUG,CAE1E082E9E3E28B499BC14176D51ACF,Checking match of request : '/resources/js/common/common.js'; against '/0047/**'
05-23-2017 13:50:35.218,DEBUG,CAE1E082E9E3E28B499BC14176D51ACF,Checking match of request : '/resources/js/common/common.js'; against '/0049/**'
05-23-2017 13:50:35.218,DEBUG,CAE1E082E9E3E28B499BC14176D51ACF,Checking match of request : '/resources/js/common/common.js'; against '/0061/**'
05-23-2017 13:50:35.218,DEBUG,CAE1E082E9E3E28B499BC14176D51ACF,Checking match of request : '/resources/js/common/common.js'; against '/0087/**'
05-23-2017 13:50:35.218,DEBUG,CAE1E082E9E3E28B499BC14176D51ACF,Checking match of request : '/resources/js/common/common.js'; against '/0075/**'
05-23-2017 13:50:35.218,DEBUG,CAE1E082E9E3E28B499BC14176D51ACF,Checking match of request : '/resources/js/common/common.js'; against '/0089/**'
05-23-2017 13:50:35.218,DEBUG,CAE1E082E9E3E28B499BC14176D51ACF,Checking match of request : '/resources/js/common/common.js'; against '/0090/**'
05-23-2017 13:50:35.218,DEBUG,CAE1E082E9E3E28B499BC14176D51ACF,Checking match of request : '/resources/js/common/common.js'; against '/0091/**'
05-23-2017 13:50:35.218,DEBUG,CAE1E082E9E3E28B499BC14176D51ACF,Checking match of request : '/resources/js/common/common.js'; against '/0092/**'
05-23-2017 13:50:35.218,DEBUG,CAE1E082E9E3E28B499BC14176D51ACF,Checking match of request : '/resources/js/common/common.js'; against '/0095/**'
05-23-2017 13:50:35.218,DEBUG,CAE1E082E9E3E28B499BC14176D51ACF,Secure object: FilterInvocation: URL: /resources/js/common/common.js?date=20170523030813; Attributes: [IS_AUTHENTICATED_ANONYMOUSLY]
05-23-2017 13:50:35.218,DEBUG,CAE1E082E9E3E28B499BC14176D51ACF,Previously Authenticated: org.springframework.security.authentication.AnonymousAuthenticationToken@905571d8: Principal: anonymousUser; Credentials: [PROTECTED]; Authenticated: true; Details: org.springframework.security.web.authentication.WebAuthenticationDetails@0: RemoteIpAddress: 0:0:0:0:0:0:0:1; SessionId: 6CD3457BFACE9D1634FD829EFA761001; Granted Authorities: ROLE_ANONYMOUS
05-23-2017 13:50:35.218,DEBUG,CAE1E082E9E3E28B499BC14176D51ACF,Voter: org.springframework.security.access.vote.RoleVoter@c7637e, returned: 0
05-23-2017 13:50:35.218,DEBUG,CAE1E082E9E3E28B499BC14176D51ACF,Voter: org.springframework.security.access.vote.AuthenticatedVoter@1f8faaf, returned: 1
05-23-2017 13:50:35.218,DEBUG,CAE1E082E9E3E28B499BC14176D51ACF,Authorization successful
05-23-2017 13:50:35.218,DEBUG,CAE1E082E9E3E28B499BC14176D51ACF,RunAsManager did not change Authentication object
05-23-2017 13:50:35.218,DEBUG,CAE1E082E9E3E28B499BC14176D51ACF,/resources/js/common/common.js?date=20170523030813 reached end of additional filter chain; proceeding with original chain
05-23-2017 13:50:35.218,DEBUG,CAE1E082E9E3E28B499BC14176D51ACF,Request [/ict/resources/js/common/common.js] is not a multipart request
05-23-2017 13:50:35.218,DEBUG,6CD3457BFACE9D1634FD829EFA761001,DispatcherServlet with name 'appServlet' processing GET request for [/ict/resources/js/common/common.js]
05-23-2017 13:50:35.218,DEBUG,6CD3457BFACE9D1634FD829EFA761001,Looking up handler method for path /resources/js/common/common.js
05-23-2017 13:50:35.222,DEBUG,6CD3457BFACE9D1634FD829EFA761001,Did not find handler method for [/resources/js/common/common.js]
05-23-2017 13:50:35.222,DEBUG,6CD3457BFACE9D1634FD829EFA761001,Matching patterns for request [/resources/js/common/common.js] are [/resources/**]
05-23-2017 13:50:35.222,DEBUG,6CD3457BFACE9D1634FD829EFA761001,URI Template variables for request [/resources/js/common/common.js] are {}
05-23-2017 13:50:35.222,DEBUG,6CD3457BFACE9D1634FD829EFA761001,Mapping [/resources/js/common/common.js] to HandlerExecutionChain with handler [ResourceHttpRequestHandler [locations=[ServletContext resource [/resources/]], resolvers=[org.springframework.web.servlet.resource.PathResourceResolver@15bbc22]]] and 1 interceptor
05-23-2017 13:50:35.222,DEBUG,6CD3457BFACE9D1634FD829EFA761001,Last-Modified value for [/ict/resources/js/common/common.js] is: -1
05-23-2017 13:50:35.222,DEBUG,6CD3457BFACE9D1634FD829EFA761001,Returning cached instance of singleton bean 'xml_path'
05-23-2017 13:50:35.223,DEBUG,6CD3457BFACE9D1634FD829EFA761001,Null ModelAndView returned to DispatcherServlet with name 'appServlet': assuming HandlerAdapter completed request handling
05-23-2017 13:50:35.223,DEBUG,6CD3457BFACE9D1634FD829EFA761001,Successfully completed request
05-23-2017 13:50:35.223,DEBUG,6CD3457BFACE9D1634FD829EFA761001,Chain processed normally
05-23-2017 13:50:35.223,DEBUG,6CD3457BFACE9D1634FD829EFA761001,SecurityContext is empty or contents are anonymous - context will not be stored in HttpSession.
05-23-2017 13:50:35.223,DEBUG,6CD3457BFACE9D1634FD829EFA761001,SecurityContextHolder now cleared, as request processing completed
05-23-2017 13:50:42.201,DEBUG,880EF31866779663AD539B2164E52D9B,/?language=en at position 1 of 11 in additional filter chain; firing Filter: 'SecurityContextPersistenceFilter'
05-23-2017 13:50:42.201,DEBUG,880EF31866779663AD539B2164E52D9B,HttpSession returned null object for SPRING_SECURITY_CONTEXT
05-23-2017 13:50:42.201,DEBUG,880EF31866779663AD539B2164E52D9B,No SecurityContext was available from the HttpSession: org.apache.catalina.session.StandardSessionFacade@1464d11. A new one will be created.
05-23-2017 13:50:42.201,DEBUG,880EF31866779663AD539B2164E52D9B,/?language=en at position 2 of 11 in additional filter chain; firing Filter: 'WebAsyncManagerIntegrationFilter'
05-23-2017 13:50:42.201,DEBUG,880EF31866779663AD539B2164E52D9B,/?language=en at position 3 of 11 in additional filter chain; firing Filter: 'LogoutFilter'
05-23-2017 13:50:42.201,DEBUG,880EF31866779663AD539B2164E52D9B,/?language=en at position 4 of 11 in additional filter chain; firing Filter: 'UsernamePasswordAuthenticationFilter'
05-23-2017 13:50:42.202,DEBUG,880EF31866779663AD539B2164E52D9B,/?language=en at position 5 of 11 in additional filter chain; firing Filter: 'BasicAuthenticationFilter'
05-23-2017 13:50:42.202,DEBUG,880EF31866779663AD539B2164E52D9B,/?language=en at position 6 of 11 in additional filter chain; firing Filter: 'RequestCacheAwareFilter'
05-23-2017 13:50:42.202,DEBUG,880EF31866779663AD539B2164E52D9B,/?language=en at position 7 of 11 in additional filter chain; firing Filter: 'SecurityContextHolderAwareRequestFilter'
05-23-2017 13:50:42.202,DEBUG,880EF31866779663AD539B2164E52D9B,/?language=en at position 8 of 11 in additional filter chain; firing Filter: 'AnonymousAuthenticationFilter'
05-23-2017 13:50:42.202,DEBUG,880EF31866779663AD539B2164E52D9B,Populated SecurityContextHolder with anonymous token: 'org.springframework.security.authentication.AnonymousAuthenticationToken@905571d8: Principal: anonymousUser; Credentials: [PROTECTED]; Authenticated: true; Details: org.springframework.security.web.authentication.WebAuthenticationDetails@0: RemoteIpAddress: 0:0:0:0:0:0:0:1; SessionId: 6CD3457BFACE9D1634FD829EFA761001; Granted Authorities: ROLE_ANONYMOUS'
05-23-2017 13:50:42.202,DEBUG,880EF31866779663AD539B2164E52D9B,/?language=en at position 9 of 11 in additional filter chain; firing Filter: 'SessionManagementFilter'
05-23-2017 13:50:42.202,DEBUG,880EF31866779663AD539B2164E52D9B,/?language=en at position 10 of 11 in additional filter chain; firing Filter: 'ExceptionTranslationFilter'
05-23-2017 13:50:42.202,DEBUG,880EF31866779663AD539B2164E52D9B,/?language=en at position 11 of 11 in additional filter chain; firing Filter: 'FilterSecurityInterceptor'
05-23-2017 13:50:42.202,DEBUG,880EF31866779663AD539B2164E52D9B,Checking match of request : '/'; against '/autherror*'
05-23-2017 13:50:42.202,DEBUG,880EF31866779663AD539B2164E52D9B,Checking match of request : '/'; against '/login/**'
05-23-2017 13:50:42.202,DEBUG,880EF31866779663AD539B2164E52D9B,Checking match of request : '/'; against '/error/**'
05-23-2017 13:50:42.202,DEBUG,880EF31866779663AD539B2164E52D9B,Checking match of request : '/'; against '/0001/**'
05-23-2017 13:50:42.202,DEBUG,880EF31866779663AD539B2164E52D9B,Checking match of request : '/'; against '/0002/**'
05-23-2017 13:50:42.202,DEBUG,880EF31866779663AD539B2164E52D9B,Checking match of request : '/'; against '/0003/**'
05-23-2017 13:50:42.202,DEBUG,880EF31866779663AD539B2164E52D9B,Checking match of request : '/'; against '/0005/**'
05-23-2017 13:50:42.202,DEBUG,880EF31866779663AD539B2164E52D9B,Checking match of request : '/'; against '/0007/**'
05-23-2017 13:50:42.202,DEBUG,880EF31866779663AD539B2164E52D9B,Checking match of request : '/'; against '/0009/**'
05-23-2017 13:50:42.202,DEBUG,880EF31866779663AD539B2164E52D9B,Checking match of request : '/'; against '/0013/**'
05-23-2017 13:50:42.202,DEBUG,880EF31866779663AD539B2164E52D9B,Checking match of request : '/'; against '/0023/**'
05-23-2017 13:50:42.202,DEBUG,880EF31866779663AD539B2164E52D9B,Checking match of request : '/'; against '/0017/**'
05-23-2017 13:50:42.203,DEBUG,880EF31866779663AD539B2164E52D9B,Checking match of request : '/'; against '/0031/**'
05-23-2017 13:50:42.203,DEBUG,880EF31866779663AD539B2164E52D9B,Checking match of request : '/'; against '/0035/**'
05-23-2017 13:50:42.203,DEBUG,880EF31866779663AD539B2164E52D9B,Checking match of request : '/'; against '/0037/**'
05-23-2017 13:50:42.203,DEBUG,880EF31866779663AD539B2164E52D9B,Checking match of request : '/'; against '/0045/**'
05-23-2017 13:50:42.203,DEBUG,880EF31866779663AD539B2164E52D9B,Checking match of request : '/'; against '/0047/**'
05-23-2017 13:50:42.203,DEBUG,880EF31866779663AD539B2164E52D9B,Checking match of request : '/'; against '/0049/**'
05-23-2017 13:50:42.203,DEBUG,880EF31866779663AD539B2164E52D9B,Checking match of request : '/'; against '/0061/**'
05-23-2017 13:50:42.203,DEBUG,880EF31866779663AD539B2164E52D9B,Checking match of request : '/'; against '/0087/**'
05-23-2017 13:50:42.203,DEBUG,880EF31866779663AD539B2164E52D9B,Checking match of request : '/'; against '/0075/**'
05-23-2017 13:50:42.203,DEBUG,880EF31866779663AD539B2164E52D9B,Checking match of request : '/'; against '/0089/**'
05-23-2017 13:50:42.203,DEBUG,880EF31866779663AD539B2164E52D9B,Checking match of request : '/'; against '/0090/**'
05-23-2017 13:50:42.203,DEBUG,880EF31866779663AD539B2164E52D9B,Checking match of request : '/'; against '/0091/**'
05-23-2017 13:50:42.203,DEBUG,880EF31866779663AD539B2164E52D9B,Checking match of request : '/'; against '/0092/**'
05-23-2017 13:50:42.203,DEBUG,880EF31866779663AD539B2164E52D9B,Checking match of request : '/'; against '/0095/**'
05-23-2017 13:50:42.203,DEBUG,880EF31866779663AD539B2164E52D9B,Secure object: FilterInvocation: URL: /?language=en; Attributes: [IS_AUTHENTICATED_ANONYMOUSLY]
05-23-2017 13:50:42.203,DEBUG,880EF31866779663AD539B2164E52D9B,Previously Authenticated: org.springframework.security.authentication.AnonymousAuthenticationToken@905571d8: Principal: anonymousUser; Credentials: [PROTECTED]; Authenticated: true; Details: org.springframework.security.web.authentication.WebAuthenticationDetails@0: RemoteIpAddress: 0:0:0:0:0:0:0:1; SessionId: 6CD3457BFACE9D1634FD829EFA761001; Granted Authorities: ROLE_ANONYMOUS
05-23-2017 13:50:42.203,DEBUG,880EF31866779663AD539B2164E52D9B,Voter: org.springframework.security.access.vote.RoleVoter@c7637e, returned: 0
05-23-2017 13:50:42.203,DEBUG,880EF31866779663AD539B2164E52D9B,Voter: org.springframework.security.access.vote.AuthenticatedVoter@1f8faaf, returned: 1
05-23-2017 13:50:42.203,DEBUG,880EF31866779663AD539B2164E52D9B,Authorization successful
05-23-2017 13:50:42.203,DEBUG,880EF31866779663AD539B2164E52D9B,RunAsManager did not change Authentication object
05-23-2017 13:50:42.203,DEBUG,880EF31866779663AD539B2164E52D9B,/?language=en reached end of additional filter chain; proceeding with original chain
05-23-2017 13:50:42.203,DEBUG,880EF31866779663AD539B2164E52D9B,Request [/ict/] is not a multipart request
05-23-2017 13:50:42.203,DEBUG,6CD3457BFACE9D1634FD829EFA761001,DispatcherServlet with name 'appServlet' processing GET request for [/ict/]
05-23-2017 13:50:42.204,DEBUG,6CD3457BFACE9D1634FD829EFA761001,Looking up handler method for path /
05-23-2017 13:50:42.204,DEBUG,6CD3457BFACE9D1634FD829EFA761001,Returning handler method [public java.lang.String vn.bananavietnam.ict.common.controller.AuthController.login()]
05-23-2017 13:50:42.204,DEBUG,6CD3457BFACE9D1634FD829EFA761001,Returning cached instance of singleton bean 'authController'
05-23-2017 13:50:42.204,DEBUG,6CD3457BFACE9D1634FD829EFA761001,Last-Modified value for [/ict/] is: -1
05-23-2017 13:50:42.204,DEBUG,6CD3457BFACE9D1634FD829EFA761001,Returning cached instance of singleton bean 'xml_path'
05-23-2017 13:50:42.205,DEBUG,6CD3457BFACE9D1634FD829EFA761001,Rendering view [org.springframework.web.servlet.view.JstlView: name 'common/PageWrapper'; URL [/WEB-INF/views/common/PageWrapper.jsp]] in DispatcherServlet with name 'appServlet'
05-23-2017 13:50:42.205,DEBUG,6CD3457BFACE9D1634FD829EFA761001,Forwarding to resource [/WEB-INF/views/common/PageWrapper.jsp] in InternalResourceView 'common/PageWrapper'
05-23-2017 13:50:42.205,DEBUG,6CD3457BFACE9D1634FD829EFA761001,SecurityContext is empty or contents are anonymous - context will not be stored in HttpSession.
05-23-2017 13:50:42.206,DEBUG,6CD3457BFACE9D1634FD829EFA761001,Successfully completed request
05-23-2017 13:50:42.206,DEBUG,6CD3457BFACE9D1634FD829EFA761001,Chain processed normally
05-23-2017 13:50:42.206,DEBUG,6CD3457BFACE9D1634FD829EFA761001,SecurityContextHolder now cleared, as request processing completed
05-23-2017 13:50:42.212,DEBUG,880EF31866779663AD539B2164E52D9B,/login/ at position 1 of 11 in additional filter chain; firing Filter: 'SecurityContextPersistenceFilter'
05-23-2017 13:50:42.212,DEBUG,880EF31866779663AD539B2164E52D9B,HttpSession returned null object for SPRING_SECURITY_CONTEXT
05-23-2017 13:50:42.212,DEBUG,880EF31866779663AD539B2164E52D9B,No SecurityContext was available from the HttpSession: org.apache.catalina.session.StandardSessionFacade@1464d11. A new one will be created.
05-23-2017 13:50:42.212,DEBUG,880EF31866779663AD539B2164E52D9B,/login/ at position 2 of 11 in additional filter chain; firing Filter: 'WebAsyncManagerIntegrationFilter'
05-23-2017 13:50:42.212,DEBUG,880EF31866779663AD539B2164E52D9B,/login/ at position 3 of 11 in additional filter chain; firing Filter: 'LogoutFilter'
05-23-2017 13:50:42.213,DEBUG,880EF31866779663AD539B2164E52D9B,/login/ at position 4 of 11 in additional filter chain; firing Filter: 'UsernamePasswordAuthenticationFilter'
05-23-2017 13:50:42.213,DEBUG,880EF31866779663AD539B2164E52D9B,/login/ at position 5 of 11 in additional filter chain; firing Filter: 'BasicAuthenticationFilter'
05-23-2017 13:50:42.213,DEBUG,880EF31866779663AD539B2164E52D9B,/login/ at position 6 of 11 in additional filter chain; firing Filter: 'RequestCacheAwareFilter'
05-23-2017 13:50:42.213,DEBUG,880EF31866779663AD539B2164E52D9B,/login/ at position 7 of 11 in additional filter chain; firing Filter: 'SecurityContextHolderAwareRequestFilter'
05-23-2017 13:50:42.213,DEBUG,880EF31866779663AD539B2164E52D9B,/login/ at position 8 of 11 in additional filter chain; firing Filter: 'AnonymousAuthenticationFilter'
05-23-2017 13:50:42.213,DEBUG,880EF31866779663AD539B2164E52D9B,Populated SecurityContextHolder with anonymous token: 'org.springframework.security.authentication.AnonymousAuthenticationToken@905571d8: Principal: anonymousUser; Credentials: [PROTECTED]; Authenticated: true; Details: org.springframework.security.web.authentication.WebAuthenticationDetails@0: RemoteIpAddress: 0:0:0:0:0:0:0:1; SessionId: 6CD3457BFACE9D1634FD829EFA761001; Granted Authorities: ROLE_ANONYMOUS'
05-23-2017 13:50:42.213,DEBUG,880EF31866779663AD539B2164E52D9B,/login/ at position 9 of 11 in additional filter chain; firing Filter: 'SessionManagementFilter'
05-23-2017 13:50:42.213,DEBUG,880EF31866779663AD539B2164E52D9B,/login/ at position 10 of 11 in additional filter chain; firing Filter: 'ExceptionTranslationFilter'
05-23-2017 13:50:42.213,DEBUG,880EF31866779663AD539B2164E52D9B,/login/ at position 11 of 11 in additional filter chain; firing Filter: 'FilterSecurityInterceptor'
05-23-2017 13:50:42.213,DEBUG,880EF31866779663AD539B2164E52D9B,Checking match of request : '/login/'; against '/autherror*'
05-23-2017 13:50:42.213,DEBUG,880EF31866779663AD539B2164E52D9B,Checking match of request : '/login/'; against '/login/**'
05-23-2017 13:50:42.213,DEBUG,880EF31866779663AD539B2164E52D9B,Secure object: FilterInvocation: URL: /login/; Attributes: [IS_AUTHENTICATED_ANONYMOUSLY]
05-23-2017 13:50:42.213,DEBUG,880EF31866779663AD539B2164E52D9B,Previously Authenticated: org.springframework.security.authentication.AnonymousAuthenticationToken@905571d8: Principal: anonymousUser; Credentials: [PROTECTED]; Authenticated: true; Details: org.springframework.security.web.authentication.WebAuthenticationDetails@0: RemoteIpAddress: 0:0:0:0:0:0:0:1; SessionId: 6CD3457BFACE9D1634FD829EFA761001; Granted Authorities: ROLE_ANONYMOUS
05-23-2017 13:50:42.213,DEBUG,880EF31866779663AD539B2164E52D9B,Voter: org.springframework.security.access.vote.RoleVoter@c7637e, returned: 0
05-23-2017 13:50:42.213,DEBUG,880EF31866779663AD539B2164E52D9B,Voter: org.springframework.security.access.vote.AuthenticatedVoter@1f8faaf, returned: 1
05-23-2017 13:50:42.214,DEBUG,880EF31866779663AD539B2164E52D9B,Authorization successful
05-23-2017 13:50:42.214,DEBUG,880EF31866779663AD539B2164E52D9B,RunAsManager did not change Authentication object
05-23-2017 13:50:42.214,DEBUG,880EF31866779663AD539B2164E52D9B,/login/ reached end of additional filter chain; proceeding with original chain
05-23-2017 13:50:42.214,DEBUG,880EF31866779663AD539B2164E52D9B,Request [/ict/login/] is not a multipart request
05-23-2017 13:50:42.214,DEBUG,6CD3457BFACE9D1634FD829EFA761001,DispatcherServlet with name 'appServlet' processing GET request for [/ict/login/]
05-23-2017 13:50:42.214,DEBUG,6CD3457BFACE9D1634FD829EFA761001,Looking up handler method for path /login/
05-23-2017 13:50:42.215,DEBUG,6CD3457BFACE9D1634FD829EFA761001,Returning handler method [public java.lang.String vn.bananavietnam.ict.common.controller.LoginController.top(java.util.Locale,org.springframework.ui.Model)]
05-23-2017 13:50:42.215,DEBUG,6CD3457BFACE9D1634FD829EFA761001,Returning cached instance of singleton bean 'loginController'
05-23-2017 13:50:42.215,DEBUG,6CD3457BFACE9D1634FD829EFA761001,Last-Modified value for [/ict/login/] is: -1
05-23-2017 13:50:42.215,DEBUG,6CD3457BFACE9D1634FD829EFA761001,Returning cached instance of singleton bean 'xml_path'
05-23-2017 13:50:42.215,DEBUG,6CD3457BFACE9D1634FD829EFA761001,Rendering view [org.springframework.web.servlet.view.JstlView: name 'common/login'; URL [/WEB-INF/views/common/login.jsp]] in DispatcherServlet with name 'appServlet'
05-23-2017 13:50:42.216,DEBUG,6CD3457BFACE9D1634FD829EFA761001,Forwarding to resource [/WEB-INF/views/common/login.jsp] in InternalResourceView 'common/login'
05-23-2017 13:50:42.219,DEBUG,6CD3457BFACE9D1634FD829EFA761001,SecurityContext is empty or contents are anonymous - context will not be stored in HttpSession.
05-23-2017 13:50:42.220,DEBUG,6CD3457BFACE9D1634FD829EFA761001,Successfully completed request
05-23-2017 13:50:42.220,DEBUG,6CD3457BFACE9D1634FD829EFA761001,Chain processed normally
05-23-2017 13:50:42.220,DEBUG,6CD3457BFACE9D1634FD829EFA761001,SecurityContextHolder now cleared, as request processing completed
05-23-2017 13:50:42.245,DEBUG,880EF31866779663AD539B2164E52D9B,/resources/js/common/common.js?date=20170523030813 at position 1 of 11 in additional filter chain; firing Filter: 'SecurityContextPersistenceFilter'
05-23-2017 13:50:42.245,DEBUG,880EF31866779663AD539B2164E52D9B,HttpSession returned null object for SPRING_SECURITY_CONTEXT
05-23-2017 13:50:42.245,DEBUG,880EF31866779663AD539B2164E52D9B,No SecurityContext was available from the HttpSession: org.apache.catalina.session.StandardSessionFacade@1464d11. A new one will be created.
05-23-2017 13:50:42.245,DEBUG,880EF31866779663AD539B2164E52D9B,/resources/js/common/common.js?date=20170523030813 at position 2 of 11 in additional filter chain; firing Filter: 'WebAsyncManagerIntegrationFilter'
05-23-2017 13:50:42.245,DEBUG,880EF31866779663AD539B2164E52D9B,/resources/js/common/common.js?date=20170523030813 at position 3 of 11 in additional filter chain; firing Filter: 'LogoutFilter'
05-23-2017 13:50:42.245,DEBUG,880EF31866779663AD539B2164E52D9B,/resources/js/common/common.js?date=20170523030813 at position 4 of 11 in additional filter chain; firing Filter: 'UsernamePasswordAuthenticationFilter'
05-23-2017 13:50:42.245,DEBUG,880EF31866779663AD539B2164E52D9B,/resources/js/common/common.js?date=20170523030813 at position 5 of 11 in additional filter chain; firing Filter: 'BasicAuthenticationFilter'
05-23-2017 13:50:42.245,DEBUG,880EF31866779663AD539B2164E52D9B,/resources/js/common/common.js?date=20170523030813 at position 6 of 11 in additional filter chain; firing Filter: 'RequestCacheAwareFilter'
05-23-2017 13:50:42.245,DEBUG,880EF31866779663AD539B2164E52D9B,/resources/js/common/common.js?date=20170523030813 at position 7 of 11 in additional filter chain; firing Filter: 'SecurityContextHolderAwareRequestFilter'
05-23-2017 13:50:42.245,DEBUG,880EF31866779663AD539B2164E52D9B,/resources/js/common/common.js?date=20170523030813 at position 8 of 11 in additional filter chain; firing Filter: 'AnonymousAuthenticationFilter'
05-23-2017 13:50:42.245,DEBUG,880EF31866779663AD539B2164E52D9B,Populated SecurityContextHolder with anonymous token: 'org.springframework.security.authentication.AnonymousAuthenticationToken@905571d8: Principal: anonymousUser; Credentials: [PROTECTED]; Authenticated: true; Details: org.springframework.security.web.authentication.WebAuthenticationDetails@0: RemoteIpAddress: 0:0:0:0:0:0:0:1; SessionId: 6CD3457BFACE9D1634FD829EFA761001; Granted Authorities: ROLE_ANONYMOUS'
05-23-2017 13:50:42.245,DEBUG,880EF31866779663AD539B2164E52D9B,/resources/js/common/common.js?date=20170523030813 at position 9 of 11 in additional filter chain; firing Filter: 'SessionManagementFilter'
05-23-2017 13:50:42.246,DEBUG,880EF31866779663AD539B2164E52D9B,/resources/js/common/common.js?date=20170523030813 at position 10 of 11 in additional filter chain; firing Filter: 'ExceptionTranslationFilter'
05-23-2017 13:50:42.246,DEBUG,880EF31866779663AD539B2164E52D9B,/resources/js/common/common.js?date=20170523030813 at position 11 of 11 in additional filter chain; firing Filter: 'FilterSecurityInterceptor'
05-23-2017 13:50:42.246,DEBUG,880EF31866779663AD539B2164E52D9B,Checking match of request : '/resources/js/common/common.js'; against '/autherror*'
05-23-2017 13:50:42.246,DEBUG,880EF31866779663AD539B2164E52D9B,Checking match of request : '/resources/js/common/common.js'; against '/login/**'
05-23-2017 13:50:42.246,DEBUG,880EF31866779663AD539B2164E52D9B,Checking match of request : '/resources/js/common/common.js'; against '/error/**'
05-23-2017 13:50:42.246,DEBUG,880EF31866779663AD539B2164E52D9B,Checking match of request : '/resources/js/common/common.js'; against '/0001/**'
05-23-2017 13:50:42.246,DEBUG,880EF31866779663AD539B2164E52D9B,Checking match of request : '/resources/js/common/common.js'; against '/0002/**'
05-23-2017 13:50:42.246,DEBUG,880EF31866779663AD539B2164E52D9B,Checking match of request : '/resources/js/common/common.js'; against '/0003/**'
05-23-2017 13:50:42.246,DEBUG,880EF31866779663AD539B2164E52D9B,Checking match of request : '/resources/js/common/common.js'; against '/0005/**'
05-23-2017 13:50:42.246,DEBUG,880EF31866779663AD539B2164E52D9B,Checking match of request : '/resources/js/common/common.js'; against '/0007/**'
05-23-2017 13:50:42.246,DEBUG,880EF31866779663AD539B2164E52D9B,Checking match of request : '/resources/js/common/common.js'; against '/0009/**'
05-23-2017 13:50:42.246,DEBUG,880EF31866779663AD539B2164E52D9B,Checking match of request : '/resources/js/common/common.js'; against '/0013/**'
05-23-2017 13:50:42.246,DEBUG,880EF31866779663AD539B2164E52D9B,Checking match of request : '/resources/js/common/common.js'; against '/0023/**'
05-23-2017 13:50:42.246,DEBUG,880EF31866779663AD539B2164E52D9B,Checking match of request : '/resources/js/common/common.js'; against '/0017/**'
05-23-2017 13:50:42.246,DEBUG,880EF31866779663AD539B2164E52D9B,Checking match of request : '/resources/js/common/common.js'; against '/0031/**'
05-23-2017 13:50:42.246,DEBUG,880EF31866779663AD539B2164E52D9B,Checking match of request : '/resources/js/common/common.js'; against '/0035/**'
05-23-2017 13:50:42.246,DEBUG,880EF31866779663AD539B2164E52D9B,Checking match of request : '/resources/js/common/common.js'; against '/0037/**'
05-23-2017 13:50:42.246,DEBUG,880EF31866779663AD539B2164E52D9B,Checking match of request : '/resources/js/common/common.js'; against '/0045/**'
05-23-2017 13:50:42.246,DEBUG,880EF31866779663AD539B2164E52D9B,Checking match of request : '/resources/js/common/common.js'; against '/0047/**'
05-23-2017 13:50:42.246,DEBUG,880EF31866779663AD539B2164E52D9B,Checking match of request : '/resources/js/common/common.js'; against '/0049/**'
05-23-2017 13:50:42.246,DEBUG,880EF31866779663AD539B2164E52D9B,Checking match of request : '/resources/js/common/common.js'; against '/0061/**'
05-23-2017 13:50:42.246,DEBUG,880EF31866779663AD539B2164E52D9B,Checking match of request : '/resources/js/common/common.js'; against '/0087/**'
05-23-2017 13:50:42.246,DEBUG,880EF31866779663AD539B2164E52D9B,Checking match of request : '/resources/js/common/common.js'; against '/0075/**'
05-23-2017 13:50:42.246,DEBUG,880EF31866779663AD539B2164E52D9B,Checking match of request : '/resources/js/common/common.js'; against '/0089/**'
05-23-2017 13:50:42.246,DEBUG,880EF31866779663AD539B2164E52D9B,Checking match of request : '/resources/js/common/common.js'; against '/0090/**'
05-23-2017 13:50:42.246,DEBUG,880EF31866779663AD539B2164E52D9B,Checking match of request : '/resources/js/common/common.js'; against '/0091/**'
05-23-2017 13:50:42.246,DEBUG,880EF31866779663AD539B2164E52D9B,Checking match of request : '/resources/js/common/common.js'; against '/0092/**'
05-23-2017 13:50:42.246,DEBUG,880EF31866779663AD539B2164E52D9B,Checking match of request : '/resources/js/common/common.js'; against '/0095/**'
05-23-2017 13:50:42.246,DEBUG,880EF31866779663AD539B2164E52D9B,Secure object: FilterInvocation: URL: /resources/js/common/common.js?date=20170523030813; Attributes: [IS_AUTHENTICATED_ANONYMOUSLY]
05-23-2017 13:50:42.246,DEBUG,880EF31866779663AD539B2164E52D9B,Previously Authenticated: org.springframework.security.authentication.AnonymousAuthenticationToken@905571d8: Principal: anonymousUser; Credentials: [PROTECTED]; Authenticated: true; Details: org.springframework.security.web.authentication.WebAuthenticationDetails@0: RemoteIpAddress: 0:0:0:0:0:0:0:1; SessionId: 6CD3457BFACE9D1634FD829EFA761001; Granted Authorities: ROLE_ANONYMOUS
05-23-2017 13:50:42.246,DEBUG,880EF31866779663AD539B2164E52D9B,Voter: org.springframework.security.access.vote.RoleVoter@c7637e, returned: 0
05-23-2017 13:50:42.246,DEBUG,880EF31866779663AD539B2164E52D9B,Voter: org.springframework.security.access.vote.AuthenticatedVoter@1f8faaf, returned: 1
05-23-2017 13:50:42.246,DEBUG,880EF31866779663AD539B2164E52D9B,Authorization successful
05-23-2017 13:50:42.246,DEBUG,880EF31866779663AD539B2164E52D9B,RunAsManager did not change Authentication object
05-23-2017 13:50:42.246,DEBUG,880EF31866779663AD539B2164E52D9B,/resources/js/common/common.js?date=20170523030813 reached end of additional filter chain; proceeding with original chain
05-23-2017 13:50:42.246,DEBUG,880EF31866779663AD539B2164E52D9B,Request [/ict/resources/js/common/common.js] is not a multipart request
05-23-2017 13:50:42.246,DEBUG,6CD3457BFACE9D1634FD829EFA761001,DispatcherServlet with name 'appServlet' processing GET request for [/ict/resources/js/common/common.js]
05-23-2017 13:50:42.246,DEBUG,6CD3457BFACE9D1634FD829EFA761001,Looking up handler method for path /resources/js/common/common.js
05-23-2017 13:50:42.248,DEBUG,6CD3457BFACE9D1634FD829EFA761001,Did not find handler method for [/resources/js/common/common.js]
05-23-2017 13:50:42.248,DEBUG,6CD3457BFACE9D1634FD829EFA761001,Matching patterns for request [/resources/js/common/common.js] are [/resources/**]
05-23-2017 13:50:42.248,DEBUG,6CD3457BFACE9D1634FD829EFA761001,URI Template variables for request [/resources/js/common/common.js] are {}
05-23-2017 13:50:42.248,DEBUG,6CD3457BFACE9D1634FD829EFA761001,Mapping [/resources/js/common/common.js] to HandlerExecutionChain with handler [ResourceHttpRequestHandler [locations=[ServletContext resource [/resources/]], resolvers=[org.springframework.web.servlet.resource.PathResourceResolver@15bbc22]]] and 1 interceptor
05-23-2017 13:50:42.248,DEBUG,6CD3457BFACE9D1634FD829EFA761001,Last-Modified value for [/ict/resources/js/common/common.js] is: -1
05-23-2017 13:50:42.249,DEBUG,6CD3457BFACE9D1634FD829EFA761001,Returning cached instance of singleton bean 'xml_path'
05-23-2017 13:50:42.249,DEBUG,6CD3457BFACE9D1634FD829EFA761001,Null ModelAndView returned to DispatcherServlet with name 'appServlet': assuming HandlerAdapter completed request handling
05-23-2017 13:50:42.249,DEBUG,6CD3457BFACE9D1634FD829EFA761001,Successfully completed request
05-23-2017 13:50:42.249,DEBUG,6CD3457BFACE9D1634FD829EFA761001,Chain processed normally
05-23-2017 13:50:42.249,DEBUG,6CD3457BFACE9D1634FD829EFA761001,SecurityContext is empty or contents are anonymous - context will not be stored in HttpSession.
05-23-2017 13:50:42.249,DEBUG,6CD3457BFACE9D1634FD829EFA761001,SecurityContextHolder now cleared, as request processing completed
05-23-2017 13:50:01.044,DEBUG,0053FC39A8E7AB47EBA3CFC394B79298,/0089/updateData at position 1 of 11 in additional filter chain; firing Filter: 'SecurityContextPersistenceFilter'
05-23-2017 13:50:01.044,DEBUG,0053FC39A8E7AB47EBA3CFC394B79298,Obtained a valid SecurityContext from SPRING_SECURITY_CONTEXT: 'org.springframework.security.core.context.SecurityContextImpl@c492b593: Authentication: org.springframework.security.authentication.UsernamePasswordAuthenticationToken@c492b593: Principal: vn.bananavietnam.ict.common.auth.MyUser@c4907816: Username: U0000000001; Password: [PROTECTED]; Enabled: true; AccountNonExpired: true; credentialsNonExpired: true; AccountNonLocked: true; Granted Authorities: 1; Credentials: [PROTECTED]; Authenticated: true; Details: org.springframework.security.web.authentication.WebAuthenticationDetails@fffd3270: RemoteIpAddress: 0:0:0:0:0:0:0:1; SessionId: 982682A73BCA7825720D0721ABF8B4D2; Granted Authorities: 1'
05-23-2017 13:50:01.044,DEBUG,0053FC39A8E7AB47EBA3CFC394B79298,/0089/updateData at position 2 of 11 in additional filter chain; firing Filter: 'WebAsyncManagerIntegrationFilter'
05-23-2017 13:50:01.044,DEBUG,0053FC39A8E7AB47EBA3CFC394B79298,/0089/updateData at position 3 of 11 in additional filter chain; firing Filter: 'LogoutFilter'
05-23-2017 13:50:01.044,DEBUG,0053FC39A8E7AB47EBA3CFC394B79298,/0089/updateData at position 4 of 11 in additional filter chain; firing Filter: 'UsernamePasswordAuthenticationFilter'
05-23-2017 13:50:01.044,DEBUG,0053FC39A8E7AB47EBA3CFC394B79298,/0089/updateData at position 5 of 11 in additional filter chain; firing Filter: 'BasicAuthenticationFilter'
05-23-2017 13:50:01.044,DEBUG,0053FC39A8E7AB47EBA3CFC394B79298,/0089/updateData at position 6 of 11 in additional filter chain; firing Filter: 'RequestCacheAwareFilter'
05-23-2017 13:50:01.044,DEBUG,0053FC39A8E7AB47EBA3CFC394B79298,/0089/updateData at position 7 of 11 in additional filter chain; firing Filter: 'SecurityContextHolderAwareRequestFilter'
05-23-2017 13:50:01.044,DEBUG,0053FC39A8E7AB47EBA3CFC394B79298,/0089/updateData at position 8 of 11 in additional filter chain; firing Filter: 'AnonymousAuthenticationFilter'
05-23-2017 13:50:01.044,DEBUG,0053FC39A8E7AB47EBA3CFC394B79298,SecurityContextHolder not populated with anonymous token, as it already contained: 'org.springframework.security.authentication.UsernamePasswordAuthenticationToken@c492b593: Principal: vn.bananavietnam.ict.common.auth.MyUser@c4907816: Username: U0000000001; Password: [PROTECTED]; Enabled: true; AccountNonExpired: true; credentialsNonExpired: true; AccountNonLocked: true; Granted Authorities: 1; Credentials: [PROTECTED]; Authenticated: true; Details: org.springframework.security.web.authentication.WebAuthenticationDetails@fffd3270: RemoteIpAddress: 0:0:0:0:0:0:0:1; SessionId: 982682A73BCA7825720D0721ABF8B4D2; Granted Authorities: 1'
05-23-2017 13:50:01.044,DEBUG,0053FC39A8E7AB47EBA3CFC394B79298,/0089/updateData at position 9 of 11 in additional filter chain; firing Filter: 'SessionManagementFilter'
05-23-2017 13:50:01.044,DEBUG,0053FC39A8E7AB47EBA3CFC394B79298,/0089/updateData at position 10 of 11 in additional filter chain; firing Filter: 'ExceptionTranslationFilter'
05-23-2017 13:50:01.044,DEBUG,0053FC39A8E7AB47EBA3CFC394B79298,/0089/updateData at position 11 of 11 in additional filter chain; firing Filter: 'FilterSecurityInterceptor'
05-23-2017 13:50:01.044,DEBUG,0053FC39A8E7AB47EBA3CFC394B79298,Checking match of request : '/0089/updatedata'; against '/autherror*'
05-23-2017 13:50:01.044,DEBUG,0053FC39A8E7AB47EBA3CFC394B79298,Checking match of request : '/0089/updatedata'; against '/login/**'
05-23-2017 13:50:01.044,DEBUG,0053FC39A8E7AB47EBA3CFC394B79298,Checking match of request : '/0089/updatedata'; against '/error/**'
05-23-2017 13:50:01.044,DEBUG,0053FC39A8E7AB47EBA3CFC394B79298,Checking match of request : '/0089/updatedata'; against '/0001/**'
05-23-2017 13:50:01.044,DEBUG,0053FC39A8E7AB47EBA3CFC394B79298,Checking match of request : '/0089/updatedata'; against '/0002/**'
05-23-2017 13:50:01.044,DEBUG,0053FC39A8E7AB47EBA3CFC394B79298,Checking match of request : '/0089/updatedata'; against '/0003/**'
05-23-2017 13:50:01.044,DEBUG,0053FC39A8E7AB47EBA3CFC394B79298,Checking match of request : '/0089/updatedata'; against '/0005/**'
05-23-2017 13:50:01.044,DEBUG,0053FC39A8E7AB47EBA3CFC394B79298,Checking match of request : '/0089/updatedata'; against '/0007/**'
05-23-2017 13:50:01.044,DEBUG,0053FC39A8E7AB47EBA3CFC394B79298,Checking match of request : '/0089/updatedata'; against '/0009/**'
05-23-2017 13:50:01.045,DEBUG,0053FC39A8E7AB47EBA3CFC394B79298,Checking match of request : '/0089/updatedata'; against '/0013/**'
05-23-2017 13:50:01.045,DEBUG,0053FC39A8E7AB47EBA3CFC394B79298,Checking match of request : '/0089/updatedata'; against '/0023/**'
05-23-2017 13:50:01.045,DEBUG,0053FC39A8E7AB47EBA3CFC394B79298,Checking match of request : '/0089/updatedata'; against '/0017/**'
05-23-2017 13:50:01.045,DEBUG,0053FC39A8E7AB47EBA3CFC394B79298,Checking match of request : '/0089/updatedata'; against '/0031/**'
05-23-2017 13:50:01.045,DEBUG,0053FC39A8E7AB47EBA3CFC394B79298,Checking match of request : '/0089/updatedata'; against '/0035/**'
05-23-2017 13:50:01.045,DEBUG,0053FC39A8E7AB47EBA3CFC394B79298,Checking match of request : '/0089/updatedata'; against '/0037/**'
05-23-2017 13:50:01.045,DEBUG,0053FC39A8E7AB47EBA3CFC394B79298,Checking match of request : '/0089/updatedata'; against '/0045/**'
05-23-2017 13:50:01.045,DEBUG,0053FC39A8E7AB47EBA3CFC394B79298,Checking match of request : '/0089/updatedata'; against '/0047/**'
05-23-2017 13:50:01.045,DEBUG,0053FC39A8E7AB47EBA3CFC394B79298,Checking match of request : '/0089/updatedata'; against '/0049/**'
05-23-2017 13:50:01.045,DEBUG,0053FC39A8E7AB47EBA3CFC394B79298,Checking match of request : '/0089/updatedata'; against '/0061/**'
05-23-2017 13:50:01.045,DEBUG,0053FC39A8E7AB47EBA3CFC394B79298,Checking match of request : '/0089/updatedata'; against '/0087/**'
05-23-2017 13:50:01.045,DEBUG,0053FC39A8E7AB47EBA3CFC394B79298,Checking match of request : '/0089/updatedata'; against '/0075/**'
05-23-2017 13:50:01.045,DEBUG,0053FC39A8E7AB47EBA3CFC394B79298,Checking match of request : '/0089/updatedata'; against '/0089/**'
05-23-2017 13:50:01.045,DEBUG,0053FC39A8E7AB47EBA3CFC394B79298,Secure object: FilterInvocation: URL: /0089/updateData; Attributes: [ROLE_ADMIN, ROLE_USER, IS_AUTHENTICATED_FULLY]
05-23-2017 13:50:01.045,DEBUG,0053FC39A8E7AB47EBA3CFC394B79298,Previously Authenticated: org.springframework.security.authentication.UsernamePasswordAuthenticationToken@c492b593: Principal: vn.bananavietnam.ict.common.auth.MyUser@c4907816: Username: U0000000001; Password: [PROTECTED]; Enabled: true; AccountNonExpired: true; credentialsNonExpired: true; AccountNonLocked: true; Granted Authorities: 1; Credentials: [PROTECTED]; Authenticated: true; Details: org.springframework.security.web.authentication.WebAuthenticationDetails@fffd3270: RemoteIpAddress: 0:0:0:0:0:0:0:1; SessionId: 982682A73BCA7825720D0721ABF8B4D2; Granted Authorities: 1
05-23-2017 13:50:01.045,DEBUG,0053FC39A8E7AB47EBA3CFC394B79298,Voter: org.springframework.security.access.vote.RoleVoter@1ac872d, returned: -1
05-23-2017 13:50:01.045,DEBUG,0053FC39A8E7AB47EBA3CFC394B79298,Voter: org.springframework.security.access.vote.AuthenticatedVoter@b1927d, returned: 1
05-23-2017 13:50:01.045,DEBUG,0053FC39A8E7AB47EBA3CFC394B79298,Authorization successful
05-23-2017 13:50:01.045,DEBUG,0053FC39A8E7AB47EBA3CFC394B79298,RunAsManager did not change Authentication object
05-23-2017 13:50:01.045,DEBUG,0053FC39A8E7AB47EBA3CFC394B79298,/0089/updateData reached end of additional filter chain; proceeding with original chain
05-23-2017 13:50:01.045,DEBUG,0053FC39A8E7AB47EBA3CFC394B79298,Request [/ict/0089/updateData] is not a multipart request
05-23-2017 13:50:01.045,DEBUG,0053FC39A8E7AB47EBA3CFC394B79298,DispatcherServlet with name 'appServlet' processing POST request for [/ict/0089/updateData]
05-23-2017 13:50:01.045,DEBUG,0053FC39A8E7AB47EBA3CFC394B79298,Looking up handler method for path /0089/updateData
05-23-2017 13:50:01.045,DEBUG,0053FC39A8E7AB47EBA3CFC394B79298,Returning handler method [public java.lang.String vn.bananavietnam.ict.banana.controller.Bnn0089SearchTaskController.updateData(vn.bananavietnam.ict.common.db.model.IvbMTask)]
05-23-2017 13:50:01.045,DEBUG,0053FC39A8E7AB47EBA3CFC394B79298,Returning cached instance of singleton bean 'bnn0089SearchTaskController'
05-23-2017 13:50:01.045,DEBUG,0053FC39A8E7AB47EBA3CFC394B79298,Returning cached instance of singleton bean 'xml_path'
05-23-2017 13:50:01.046,DEBUG,0053FC39A8E7AB47EBA3CFC394B79298,Skip CORS processing: request is from same origin
05-23-2017 13:50:01.046,DEBUG,0053FC39A8E7AB47EBA3CFC394B79298,Read [class vn.bananavietnam.ict.common.db.model.IvbMTask] as "application/json" with [org.springframework.http.converter.json.MappingJackson2HttpMessageConverter@156f2cc]
05-23-2017 13:50:01.046,INFO ,0053FC39A8E7AB47EBA3CFC394B79298,U0000000001,vn.bananavietnam.ict.banana.service.Bnn0089SearchTaskService,updateData,[vn.bananavietnam.ict.common.db.model.IvbMTask@1fd9701] METHOD START
05-23-2017 13:50:01.046,DEBUG,0053FC39A8E7AB47EBA3CFC394B79298,Returning cached instance of singleton bean 'transactionManager'
05-23-2017 13:50:01.046,DEBUG,0053FC39A8E7AB47EBA3CFC394B79298,Creating new transaction with name [null]: PROPAGATION_REQUIRED,ISOLATION_DEFAULT
05-23-2017 13:50:01.046,DEBUG,0053FC39A8E7AB47EBA3CFC394B79298,Creating new JDBC DriverManager Connection to [jdbc:mysql://172.16.0.175:3306/BANANA_DB_HUNG_SELENIUM?useUnicode=yes&characterEncoding=UTF-8&autoReconnect=true]
05-23-2017 13:50:05.054,ERROR,0053FC39A8E7AB47EBA3CFC394B79298,U0000000001,java.lang.Exception: Could not open JDBC Connection for transaction; nested exception is com.mysql.jdbc.exceptions.jdbc4.MySQLNonTransientConnectionException: Could not create connection to database server. Attempted reconnect 3 times. Giving up.
05-23-2017 13:50:05.054,INFO ,0053FC39A8E7AB47EBA3CFC394B79298,U0000000001,vn.bananavietnam.ict.banana.service.Bnn0089SearchTaskService,updateData,[vn.bananavietnam.ict.common.db.model.IvbMTask@1fd9701] METHOD END
05-23-2017 13:50:05.056,DEBUG,0053FC39A8E7AB47EBA3CFC394B79298,Written [4006] as "text/plain;charset=ISO-8859-1" using [org.springframework.http.converter.StringHttpMessageConverter@10ddb9c]
05-23-2017 13:50:05.056,DEBUG,0053FC39A8E7AB47EBA3CFC394B79298,Null ModelAndView returned to DispatcherServlet with name 'appServlet': assuming HandlerAdapter completed request handling
05-23-2017 13:50:05.056,DEBUG,0053FC39A8E7AB47EBA3CFC394B79298,Successfully completed request
05-23-2017 13:50:05.056,DEBUG,0053FC39A8E7AB47EBA3CFC394B79298,Chain processed normally
05-23-2017 13:50:05.056,DEBUG,0053FC39A8E7AB47EBA3CFC394B79298,SecurityContextHolder now cleared, as request processing completed
05-23-2017 13:50:34.496,DEBUG,0053FC39A8E7AB47EBA3CFC394B79298,/0089/searchData at position 1 of 11 in additional filter chain; firing Filter: 'SecurityContextPersistenceFilter'
05-23-2017 13:50:34.496,DEBUG,0053FC39A8E7AB47EBA3CFC394B79298,Obtained a valid SecurityContext from SPRING_SECURITY_CONTEXT: 'org.springframework.security.core.context.SecurityContextImpl@c492b593: Authentication: org.springframework.security.authentication.UsernamePasswordAuthenticationToken@c492b593: Principal: vn.bananavietnam.ict.common.auth.MyUser@c4907816: Username: U0000000001; Password: [PROTECTED]; Enabled: true; AccountNonExpired: true; credentialsNonExpired: true; AccountNonLocked: true; Granted Authorities: 1; Credentials: [PROTECTED]; Authenticated: true; Details: org.springframework.security.web.authentication.WebAuthenticationDetails@fffd3270: RemoteIpAddress: 0:0:0:0:0:0:0:1; SessionId: 982682A73BCA7825720D0721ABF8B4D2; Granted Authorities: 1'
05-23-2017 13:50:34.496,DEBUG,0053FC39A8E7AB47EBA3CFC394B79298,/0089/searchData at position 2 of 11 in additional filter chain; firing Filter: 'WebAsyncManagerIntegrationFilter'
05-23-2017 13:50:34.496,DEBUG,0053FC39A8E7AB47EBA3CFC394B79298,/0089/searchData at position 3 of 11 in additional filter chain; firing Filter: 'LogoutFilter'
05-23-2017 13:50:34.496,DEBUG,0053FC39A8E7AB47EBA3CFC394B79298,/0089/searchData at position 4 of 11 in additional filter chain; firing Filter: 'UsernamePasswordAuthenticationFilter'
05-23-2017 13:50:34.496,DEBUG,0053FC39A8E7AB47EBA3CFC394B79298,/0089/searchData at position 5 of 11 in additional filter chain; firing Filter: 'BasicAuthenticationFilter'
05-23-2017 13:50:34.496,DEBUG,0053FC39A8E7AB47EBA3CFC394B79298,/0089/searchData at position 6 of 11 in additional filter chain; firing Filter: 'RequestCacheAwareFilter'
05-23-2017 13:50:34.496,DEBUG,0053FC39A8E7AB47EBA3CFC394B79298,/0089/searchData at position 7 of 11 in additional filter chain; firing Filter: 'SecurityContextHolderAwareRequestFilter'
05-23-2017 13:50:34.497,DEBUG,0053FC39A8E7AB47EBA3CFC394B79298,/0089/searchData at position 8 of 11 in additional filter chain; firing Filter: 'AnonymousAuthenticationFilter'
05-23-2017 13:50:34.497,DEBUG,0053FC39A8E7AB47EBA3CFC394B79298,SecurityContextHolder not populated with anonymous token, as it already contained: 'org.springframework.security.authentication.UsernamePasswordAuthenticationToken@c492b593: Principal: vn.bananavietnam.ict.common.auth.MyUser@c4907816: Username: U0000000001; Password: [PROTECTED]; Enabled: true; AccountNonExpired: true; credentialsNonExpired: true; AccountNonLocked: true; Granted Authorities: 1; Credentials: [PROTECTED]; Authenticated: true; Details: org.springframework.security.web.authentication.WebAuthenticationDetails@fffd3270: RemoteIpAddress: 0:0:0:0:0:0:0:1; SessionId: 982682A73BCA7825720D0721ABF8B4D2; Granted Authorities: 1'
05-23-2017 13:50:34.497,DEBUG,0053FC39A8E7AB47EBA3CFC394B79298,/0089/searchData at position 9 of 11 in additional filter chain; firing Filter: 'SessionManagementFilter'
05-23-2017 13:50:34.497,DEBUG,0053FC39A8E7AB47EBA3CFC394B79298,/0089/searchData at position 10 of 11 in additional filter chain; firing Filter: 'ExceptionTranslationFilter'
05-23-2017 13:50:34.497,DEBUG,0053FC39A8E7AB47EBA3CFC394B79298,/0089/searchData at position 11 of 11 in additional filter chain; firing Filter: 'FilterSecurityInterceptor'
05-23-2017 13:50:34.497,DEBUG,0053FC39A8E7AB47EBA3CFC394B79298,Checking match of request : '/0089/searchdata'; against '/autherror*'
05-23-2017 13:50:34.497,DEBUG,0053FC39A8E7AB47EBA3CFC394B79298,Checking match of request : '/0089/searchdata'; against '/login/**'
05-23-2017 13:50:34.497,DEBUG,0053FC39A8E7AB47EBA3CFC394B79298,Checking match of request : '/0089/searchdata'; against '/error/**'
05-23-2017 13:50:34.497,DEBUG,0053FC39A8E7AB47EBA3CFC394B79298,Checking match of request : '/0089/searchdata'; against '/0001/**'
05-23-2017 13:50:34.497,DEBUG,0053FC39A8E7AB47EBA3CFC394B79298,Checking match of request : '/0089/searchdata'; against '/0002/**'
05-23-2017 13:50:34.497,DEBUG,0053FC39A8E7AB47EBA3CFC394B79298,Checking match of request : '/0089/searchdata'; against '/0003/**'
05-23-2017 13:50:34.497,DEBUG,0053FC39A8E7AB47EBA3CFC394B79298,Checking match of request : '/0089/searchdata'; against '/0005/**'
05-23-2017 13:50:34.497,DEBUG,0053FC39A8E7AB47EBA3CFC394B79298,Checking match of request : '/0089/searchdata'; against '/0007/**'
05-23-2017 13:50:34.497,DEBUG,0053FC39A8E7AB47EBA3CFC394B79298,Checking match of request : '/0089/searchdata'; against '/0009/**'
05-23-2017 13:50:34.497,DEBUG,0053FC39A8E7AB47EBA3CFC394B79298,Checking match of request : '/0089/searchdata'; against '/0013/**'
05-23-2017 13:50:34.497,DEBUG,0053FC39A8E7AB47EBA3CFC394B79298,Checking match of request : '/0089/searchdata'; against '/0023/**'
05-23-2017 13:50:34.497,DEBUG,0053FC39A8E7AB47EBA3CFC394B79298,Checking match of request : '/0089/searchdata'; against '/0017/**'
05-23-2017 13:50:34.497,DEBUG,0053FC39A8E7AB47EBA3CFC394B79298,Checking match of request : '/0089/searchdata'; against '/0031/**'
05-23-2017 13:50:34.497,DEBUG,0053FC39A8E7AB47EBA3CFC394B79298,Checking match of request : '/0089/searchdata'; against '/0035/**'
05-23-2017 13:50:34.497,DEBUG,0053FC39A8E7AB47EBA3CFC394B79298,Checking match of request : '/0089/searchdata'; against '/0037/**'
05-23-2017 13:50:34.497,DEBUG,0053FC39A8E7AB47EBA3CFC394B79298,Checking match of request : '/0089/searchdata'; against '/0045/**'
05-23-2017 13:50:34.497,DEBUG,0053FC39A8E7AB47EBA3CFC394B79298,Checking match of request : '/0089/searchdata'; against '/0047/**'
05-23-2017 13:50:34.497,DEBUG,0053FC39A8E7AB47EBA3CFC394B79298,Checking match of request : '/0089/searchdata'; against '/0049/**'
05-23-2017 13:50:34.497,DEBUG,0053FC39A8E7AB47EBA3CFC394B79298,Checking match of request : '/0089/searchdata'; against '/0061/**'
05-23-2017 13:50:34.497,DEBUG,0053FC39A8E7AB47EBA3CFC394B79298,Checking match of request : '/0089/searchdata'; against '/0087/**'
05-23-2017 13:50:34.497,DEBUG,0053FC39A8E7AB47EBA3CFC394B79298,Checking match of request : '/0089/searchdata'; against '/0075/**'
05-23-2017 13:50:34.497,DEBUG,0053FC39A8E7AB47EBA3CFC394B79298,Checking match of request : '/0089/searchdata'; against '/0089/**'
05-23-2017 13:50:34.497,DEBUG,0053FC39A8E7AB47EBA3CFC394B79298,Secure object: FilterInvocation: URL: /0089/searchData; Attributes: [ROLE_ADMIN, ROLE_USER, IS_AUTHENTICATED_FULLY]
05-23-2017 13:50:34.497,DEBUG,0053FC39A8E7AB47EBA3CFC394B79298,Previously Authenticated: org.springframework.security.authentication.UsernamePasswordAuthenticationToken@c492b593: Principal: vn.bananavietnam.ict.common.auth.MyUser@c4907816: Username: U0000000001; Password: [PROTECTED]; Enabled: true; AccountNonExpired: true; credentialsNonExpired: true; AccountNonLocked: true; Granted Authorities: 1; Credentials: [PROTECTED]; Authenticated: true; Details: org.springframework.security.web.authentication.WebAuthenticationDetails@fffd3270: RemoteIpAddress: 0:0:0:0:0:0:0:1; SessionId: 982682A73BCA7825720D0721ABF8B4D2; Granted Authorities: 1
05-23-2017 13:50:34.497,DEBUG,0053FC39A8E7AB47EBA3CFC394B79298,Voter: org.springframework.security.access.vote.RoleVoter@1ac872d, returned: -1
05-23-2017 13:50:34.497,DEBUG,0053FC39A8E7AB47EBA3CFC394B79298,Voter: org.springframework.security.access.vote.AuthenticatedVoter@b1927d, returned: 1
05-23-2017 13:50:34.497,DEBUG,0053FC39A8E7AB47EBA3CFC394B79298,Authorization successful
05-23-2017 13:50:34.498,DEBUG,0053FC39A8E7AB47EBA3CFC394B79298,RunAsManager did not change Authentication object
05-23-2017 13:50:34.498,DEBUG,0053FC39A8E7AB47EBA3CFC394B79298,/0089/searchData reached end of additional filter chain; proceeding with original chain
05-23-2017 13:50:34.498,DEBUG,0053FC39A8E7AB47EBA3CFC394B79298,Request [/ict/0089/searchData] is not a multipart request
05-23-2017 13:50:34.498,DEBUG,0053FC39A8E7AB47EBA3CFC394B79298,DispatcherServlet with name 'appServlet' processing POST request for [/ict/0089/searchData]
05-23-2017 13:50:34.498,DEBUG,0053FC39A8E7AB47EBA3CFC394B79298,Looking up handler method for path /0089/searchData
05-23-2017 13:50:34.498,DEBUG,0053FC39A8E7AB47EBA3CFC394B79298,Returning handler method [public java.util.List<vn.bananavietnam.ict.banana.component.Bnn0089SearchTaskResult> vn.bananavietnam.ict.banana.controller.Bnn0089SearchTaskController.searchData(vn.bananavietnam.ict.banana.component.Bnn0089SearchTaskConditions)]
05-23-2017 13:50:34.498,DEBUG,0053FC39A8E7AB47EBA3CFC394B79298,Returning cached instance of singleton bean 'bnn0089SearchTaskController'
05-23-2017 13:50:34.498,DEBUG,0053FC39A8E7AB47EBA3CFC394B79298,Returning cached instance of singleton bean 'xml_path'
05-23-2017 13:50:34.498,DEBUG,0053FC39A8E7AB47EBA3CFC394B79298,Skip CORS processing: request is from same origin
05-23-2017 13:50:34.499,DEBUG,0053FC39A8E7AB47EBA3CFC394B79298,Read [class vn.bananavietnam.ict.banana.component.Bnn0089SearchTaskConditions] as "application/json" with [org.springframework.http.converter.json.MappingJackson2HttpMessageConverter@156f2cc]
05-23-2017 13:50:34.499,INFO ,0053FC39A8E7AB47EBA3CFC394B79298,U0000000001,vn.bananavietnam.ict.banana.service.Bnn0089SearchTaskService,searchData,[vn.bananavietnam.ict.banana.component.Bnn0089SearchTaskConditions@96727e] METHOD START
05-23-2017 13:50:34.499,DEBUG,0053FC39A8E7AB47EBA3CFC394B79298,Returning cached instance of singleton bean 'transactionManager'
05-23-2017 13:50:34.499,INFO ,0053FC39A8E7AB47EBA3CFC394B79298,U0000000001,Task searching started
05-23-2017 13:50:34.499,DEBUG,0053FC39A8E7AB47EBA3CFC394B79298,Creating a new SqlSession
05-23-2017 13:50:34.499,DEBUG,0053FC39A8E7AB47EBA3CFC394B79298,Registering transaction synchronization for SqlSession [org.apache.ibatis.session.defaults.DefaultSqlSession@ea88dc]
05-23-2017 13:50:34.499,DEBUG,0053FC39A8E7AB47EBA3CFC394B79298,Fetching JDBC Connection from DataSource
05-23-2017 13:50:34.499,DEBUG,0053FC39A8E7AB47EBA3CFC394B79298,Creating new JDBC DriverManager Connection to [jdbc:mysql://172.16.0.175:3306/BANANA_DB_HUNG_SELENIUM?useUnicode=yes&characterEncoding=UTF-8&autoReconnect=true]
05-23-2017 13:50:34.517,DEBUG,0053FC39A8E7AB47EBA3CFC394B79298,Registering transaction synchronization for JDBC Connection
05-23-2017 13:50:34.518,DEBUG,0053FC39A8E7AB47EBA3CFC394B79298,JDBC Connection [com.mysql.jdbc.JDBC4Connection@19f0e68] will be managed by Spring
05-23-2017 13:50:34.518,DEBUG,0053FC39A8E7AB47EBA3CFC394B79298,==>  Preparing: SELECT T.TASK_ID taskId, T.TASK_NAME taskName, T.WORKING_DETAILS workingDetails, T.NOTE note, T.QUARANTINE_HANDLING_FLAG quarantineHandlingFlag, T.DELETE_FLAG deleteFlag, T.CHANGE_POINT_CODE changePointCode, T.LAST_UPDATE_DATE lastUpdateDate FROM IVB_M_TASK T WHERE 1 = 1 AND T.DELETE_FLAG = '0' ORDER BY T.TASK_NAME LIMIT ?,? 
05-23-2017 13:50:34.518,DEBUG,0053FC39A8E7AB47EBA3CFC394B79298,==> Parameters: 0(Integer), 20(Integer)
05-23-2017 13:50:34.522,DEBUG,0053FC39A8E7AB47EBA3CFC394B79298,<==      Total: 20
05-23-2017 13:50:34.522,DEBUG,0053FC39A8E7AB47EBA3CFC394B79298,Releasing transactional SqlSession [org.apache.ibatis.session.defaults.DefaultSqlSession@ea88dc]
05-23-2017 13:50:34.522,INFO ,0053FC39A8E7AB47EBA3CFC394B79298,U0000000001,SQL execution finished
05-23-2017 13:50:34.522,DEBUG,0053FC39A8E7AB47EBA3CFC394B79298,Fetched SqlSession [org.apache.ibatis.session.defaults.DefaultSqlSession@ea88dc] from current transaction
05-23-2017 13:50:34.522,DEBUG,0053FC39A8E7AB47EBA3CFC394B79298,==>  Preparing: SELECT COUNT(*) FROM IVB_M_TASK T WHERE 1 = 1 AND T.DELETE_FLAG = '0' ORDER BY T.TASK_ID 
05-23-2017 13:50:34.522,DEBUG,0053FC39A8E7AB47EBA3CFC394B79298,==> Parameters: 
05-23-2017 13:50:34.523,DEBUG,0053FC39A8E7AB47EBA3CFC394B79298,<==      Total: 1
05-23-2017 13:50:34.524,DEBUG,0053FC39A8E7AB47EBA3CFC394B79298,Releasing transactional SqlSession [org.apache.ibatis.session.defaults.DefaultSqlSession@ea88dc]
05-23-2017 13:50:34.524,INFO ,0053FC39A8E7AB47EBA3CFC394B79298,U0000000001,Task searching finished ==> 43 item(s)
05-23-2017 13:50:34.524,DEBUG,0053FC39A8E7AB47EBA3CFC394B79298,Transaction synchronization deregistering SqlSession [org.apache.ibatis.session.defaults.DefaultSqlSession@ea88dc]
05-23-2017 13:50:34.524,DEBUG,0053FC39A8E7AB47EBA3CFC394B79298,Transaction synchronization closing SqlSession [org.apache.ibatis.session.defaults.DefaultSqlSession@ea88dc]
05-23-2017 13:50:34.524,DEBUG,0053FC39A8E7AB47EBA3CFC394B79298,Returning JDBC Connection to DataSource
05-23-2017 13:50:34.524,INFO ,0053FC39A8E7AB47EBA3CFC394B79298,U0000000001,vn.bananavietnam.ict.banana.service.Bnn0089SearchTaskService,searchData,[vn.bananavietnam.ict.banana.component.Bnn0089SearchTaskConditions@96727e] METHOD END
05-23-2017 13:50:34.526,DEBUG,0053FC39A8E7AB47EBA3CFC394B79298,Written [[vn.bananavietnam.ict.banana.component.Bnn0089SearchTaskResult@27ec70, vn.bananavietnam.ict.banana.component.Bnn0089SearchTaskResult@1139e18, vn.bananavietnam.ict.banana.component.Bnn0089SearchTaskResult@1703f9a, vn.bananavietnam.ict.banana.component.Bnn0089SearchTaskResult@1ee4417, vn.bananavietnam.ict.banana.component.Bnn0089SearchTaskResult@17436, vn.bananavietnam.ict.banana.component.Bnn0089SearchTaskResult@189c430, vn.bananavietnam.ict.banana.component.Bnn0089SearchTaskResult@157a774, vn.bananavietnam.ict.banana.component.Bnn0089SearchTaskResult@2a9ff5, vn.bananavietnam.ict.banana.component.Bnn0089SearchTaskResult@1ebe702, vn.bananavietnam.ict.banana.component.Bnn0089SearchTaskResult@c1b4b, vn.bananavietnam.ict.banana.component.Bnn0089SearchTaskResult@8e69f9, vn.bananavietnam.ict.banana.component.Bnn0089SearchTaskResult@ef8f2a, vn.bananavietnam.ict.banana.component.Bnn0089SearchTaskResult@e2b942, vn.bananavietnam.ict.banana.component.Bnn0089SearchTaskResult@9a2516, vn.bananavietnam.ict.banana.component.Bnn0089SearchTaskResult@10859dd, vn.bananavietnam.ict.banana.component.Bnn0089SearchTaskResult@17606c9, vn.bananavietnam.ict.banana.component.Bnn0089SearchTaskResult@18ccc, vn.bananavietnam.ict.banana.component.Bnn0089SearchTaskResult@186ab4f, vn.bananavietnam.ict.banana.component.Bnn0089SearchTaskResult@b5da93, vn.bananavietnam.ict.banana.component.Bnn0089SearchTaskResult@11acc02]] as "application/json;charset=UTF-8" using [org.springframework.http.converter.json.MappingJackson2HttpMessageConverter@156f2cc]
05-23-2017 13:50:34.526,DEBUG,0053FC39A8E7AB47EBA3CFC394B79298,Null ModelAndView returned to DispatcherServlet with name 'appServlet': assuming HandlerAdapter completed request handling
05-23-2017 13:50:34.526,DEBUG,0053FC39A8E7AB47EBA3CFC394B79298,Successfully completed request
05-23-2017 13:50:34.526,DEBUG,0053FC39A8E7AB47EBA3CFC394B79298,Chain processed normally
05-23-2017 13:50:34.526,DEBUG,0053FC39A8E7AB47EBA3CFC394B79298,SecurityContextHolder now cleared, as request processing completed
05-23-2017 13:50:35.706,DEBUG,0053FC39A8E7AB47EBA3CFC394B79298,/0089/getSingleData at position 1 of 11 in additional filter chain; firing Filter: 'SecurityContextPersistenceFilter'
05-23-2017 13:50:35.707,DEBUG,0053FC39A8E7AB47EBA3CFC394B79298,Obtained a valid SecurityContext from SPRING_SECURITY_CONTEXT: 'org.springframework.security.core.context.SecurityContextImpl@c492b593: Authentication: org.springframework.security.authentication.UsernamePasswordAuthenticationToken@c492b593: Principal: vn.bananavietnam.ict.common.auth.MyUser@c4907816: Username: U0000000001; Password: [PROTECTED]; Enabled: true; AccountNonExpired: true; credentialsNonExpired: true; AccountNonLocked: true; Granted Authorities: 1; Credentials: [PROTECTED]; Authenticated: true; Details: org.springframework.security.web.authentication.WebAuthenticationDetails@fffd3270: RemoteIpAddress: 0:0:0:0:0:0:0:1; SessionId: 982682A73BCA7825720D0721ABF8B4D2; Granted Authorities: 1'
05-23-2017 13:50:35.707,DEBUG,0053FC39A8E7AB47EBA3CFC394B79298,/0089/getSingleData at position 2 of 11 in additional filter chain; firing Filter: 'WebAsyncManagerIntegrationFilter'
05-23-2017 13:50:35.707,DEBUG,0053FC39A8E7AB47EBA3CFC394B79298,/0089/getSingleData at position 3 of 11 in additional filter chain; firing Filter: 'LogoutFilter'
05-23-2017 13:50:35.707,DEBUG,0053FC39A8E7AB47EBA3CFC394B79298,/0089/getSingleData at position 4 of 11 in additional filter chain; firing Filter: 'UsernamePasswordAuthenticationFilter'
05-23-2017 13:50:35.707,DEBUG,0053FC39A8E7AB47EBA3CFC394B79298,/0089/getSingleData at position 5 of 11 in additional filter chain; firing Filter: 'BasicAuthenticationFilter'
05-23-2017 13:50:35.707,DEBUG,0053FC39A8E7AB47EBA3CFC394B79298,/0089/getSingleData at position 6 of 11 in additional filter chain; firing Filter: 'RequestCacheAwareFilter'
05-23-2017 13:50:35.707,DEBUG,0053FC39A8E7AB47EBA3CFC394B79298,/0089/getSingleData at position 7 of 11 in additional filter chain; firing Filter: 'SecurityContextHolderAwareRequestFilter'
05-23-2017 13:50:35.707,DEBUG,0053FC39A8E7AB47EBA3CFC394B79298,/0089/getSingleData at position 8 of 11 in additional filter chain; firing Filter: 'AnonymousAuthenticationFilter'
05-23-2017 13:50:35.707,DEBUG,0053FC39A8E7AB47EBA3CFC394B79298,SecurityContextHolder not populated with anonymous token, as it already contained: 'org.springframework.security.authentication.UsernamePasswordAuthenticationToken@c492b593: Principal: vn.bananavietnam.ict.common.auth.MyUser@c4907816: Username: U0000000001; Password: [PROTECTED]; Enabled: true; AccountNonExpired: true; credentialsNonExpired: true; AccountNonLocked: true; Granted Authorities: 1; Credentials: [PROTECTED]; Authenticated: true; Details: org.springframework.security.web.authentication.WebAuthenticationDetails@fffd3270: RemoteIpAddress: 0:0:0:0:0:0:0:1; SessionId: 982682A73BCA7825720D0721ABF8B4D2; Granted Authorities: 1'
05-23-2017 13:50:35.707,DEBUG,0053FC39A8E7AB47EBA3CFC394B79298,/0089/getSingleData at position 9 of 11 in additional filter chain; firing Filter: 'SessionManagementFilter'
05-23-2017 13:50:35.707,DEBUG,0053FC39A8E7AB47EBA3CFC394B79298,/0089/getSingleData at position 10 of 11 in additional filter chain; firing Filter: 'ExceptionTranslationFilter'
05-23-2017 13:50:35.707,DEBUG,0053FC39A8E7AB47EBA3CFC394B79298,/0089/getSingleData at position 11 of 11 in additional filter chain; firing Filter: 'FilterSecurityInterceptor'
05-23-2017 13:50:35.707,DEBUG,0053FC39A8E7AB47EBA3CFC394B79298,Checking match of request : '/0089/getsingledata'; against '/autherror*'
05-23-2017 13:50:35.707,DEBUG,0053FC39A8E7AB47EBA3CFC394B79298,Checking match of request : '/0089/getsingledata'; against '/login/**'
05-23-2017 13:50:35.707,DEBUG,0053FC39A8E7AB47EBA3CFC394B79298,Checking match of request : '/0089/getsingledata'; against '/error/**'
05-23-2017 13:50:35.707,DEBUG,0053FC39A8E7AB47EBA3CFC394B79298,Checking match of request : '/0089/getsingledata'; against '/0001/**'
05-23-2017 13:50:35.707,DEBUG,0053FC39A8E7AB47EBA3CFC394B79298,Checking match of request : '/0089/getsingledata'; against '/0002/**'
05-23-2017 13:50:35.707,DEBUG,0053FC39A8E7AB47EBA3CFC394B79298,Checking match of request : '/0089/getsingledata'; against '/0003/**'
05-23-2017 13:50:35.707,DEBUG,0053FC39A8E7AB47EBA3CFC394B79298,Checking match of request : '/0089/getsingledata'; against '/0005/**'
05-23-2017 13:50:35.707,DEBUG,0053FC39A8E7AB47EBA3CFC394B79298,Checking match of request : '/0089/getsingledata'; against '/0007/**'
05-23-2017 13:50:35.707,DEBUG,0053FC39A8E7AB47EBA3CFC394B79298,Checking match of request : '/0089/getsingledata'; against '/0009/**'
05-23-2017 13:50:35.707,DEBUG,0053FC39A8E7AB47EBA3CFC394B79298,Checking match of request : '/0089/getsingledata'; against '/0013/**'
05-23-2017 13:50:35.707,DEBUG,0053FC39A8E7AB47EBA3CFC394B79298,Checking match of request : '/0089/getsingledata'; against '/0023/**'
05-23-2017 13:50:35.707,DEBUG,0053FC39A8E7AB47EBA3CFC394B79298,Checking match of request : '/0089/getsingledata'; against '/0017/**'
05-23-2017 13:50:35.707,DEBUG,0053FC39A8E7AB47EBA3CFC394B79298,Checking match of request : '/0089/getsingledata'; against '/0031/**'
05-23-2017 13:50:35.707,DEBUG,0053FC39A8E7AB47EBA3CFC394B79298,Checking match of request : '/0089/getsingledata'; against '/0035/**'
05-23-2017 13:50:35.707,DEBUG,0053FC39A8E7AB47EBA3CFC394B79298,Checking match of request : '/0089/getsingledata'; against '/0037/**'
05-23-2017 13:50:35.707,DEBUG,0053FC39A8E7AB47EBA3CFC394B79298,Checking match of request : '/0089/getsingledata'; against '/0045/**'
05-23-2017 13:50:35.707,DEBUG,0053FC39A8E7AB47EBA3CFC394B79298,Checking match of request : '/0089/getsingledata'; against '/0047/**'
05-23-2017 13:50:35.707,DEBUG,0053FC39A8E7AB47EBA3CFC394B79298,Checking match of request : '/0089/getsingledata'; against '/0049/**'
05-23-2017 13:50:35.707,DEBUG,0053FC39A8E7AB47EBA3CFC394B79298,Checking match of request : '/0089/getsingledata'; against '/0061/**'
05-23-2017 13:50:35.707,DEBUG,0053FC39A8E7AB47EBA3CFC394B79298,Checking match of request : '/0089/getsingledata'; against '/0087/**'
05-23-2017 13:50:35.707,DEBUG,0053FC39A8E7AB47EBA3CFC394B79298,Checking match of request : '/0089/getsingledata'; against '/0075/**'
05-23-2017 13:50:35.707,DEBUG,0053FC39A8E7AB47EBA3CFC394B79298,Checking match of request : '/0089/getsingledata'; against '/0089/**'
05-23-2017 13:50:35.707,DEBUG,0053FC39A8E7AB47EBA3CFC394B79298,Secure object: FilterInvocation: URL: /0089/getSingleData; Attributes: [ROLE_ADMIN, ROLE_USER, IS_AUTHENTICATED_FULLY]
05-23-2017 13:50:35.708,DEBUG,0053FC39A8E7AB47EBA3CFC394B79298,Previously Authenticated: org.springframework.security.authentication.UsernamePasswordAuthenticationToken@c492b593: Principal: vn.bananavietnam.ict.common.auth.MyUser@c4907816: Username: U0000000001; Password: [PROTECTED]; Enabled: true; AccountNonExpired: true; credentialsNonExpired: true; AccountNonLocked: true; Granted Authorities: 1; Credentials: [PROTECTED]; Authenticated: true; Details: org.springframework.security.web.authentication.WebAuthenticationDetails@fffd3270: RemoteIpAddress: 0:0:0:0:0:0:0:1; SessionId: 982682A73BCA7825720D0721ABF8B4D2; Granted Authorities: 1
05-23-2017 13:50:35.708,DEBUG,0053FC39A8E7AB47EBA3CFC394B79298,Voter: org.springframework.security.access.vote.RoleVoter@1ac872d, returned: -1
05-23-2017 13:50:35.708,DEBUG,0053FC39A8E7AB47EBA3CFC394B79298,Voter: org.springframework.security.access.vote.AuthenticatedVoter@b1927d, returned: 1
05-23-2017 13:50:35.708,DEBUG,0053FC39A8E7AB47EBA3CFC394B79298,Authorization successful
05-23-2017 13:50:35.708,DEBUG,0053FC39A8E7AB47EBA3CFC394B79298,RunAsManager did not change Authentication object
05-23-2017 13:50:35.708,DEBUG,0053FC39A8E7AB47EBA3CFC394B79298,/0089/getSingleData reached end of additional filter chain; proceeding with original chain
05-23-2017 13:50:35.708,DEBUG,0053FC39A8E7AB47EBA3CFC394B79298,Request [/ict/0089/getSingleData] is not a multipart request
05-23-2017 13:50:35.708,DEBUG,0053FC39A8E7AB47EBA3CFC394B79298,DispatcherServlet with name 'appServlet' processing POST request for [/ict/0089/getSingleData]
05-23-2017 13:50:35.708,DEBUG,0053FC39A8E7AB47EBA3CFC394B79298,Looking up handler method for path /0089/getSingleData
05-23-2017 13:50:35.708,DEBUG,0053FC39A8E7AB47EBA3CFC394B79298,Returning handler method [public vn.bananavietnam.ict.common.db.model.IvbMTask vn.bananavietnam.ict.banana.controller.Bnn0089SearchTaskController.getSingleData(vn.bananavietnam.ict.banana.component.Bnn0089SearchTaskConditions)]
05-23-2017 13:50:35.708,DEBUG,0053FC39A8E7AB47EBA3CFC394B79298,Returning cached instance of singleton bean 'bnn0089SearchTaskController'
05-23-2017 13:50:35.708,DEBUG,0053FC39A8E7AB47EBA3CFC394B79298,Returning cached instance of singleton bean 'xml_path'
05-23-2017 13:50:35.708,DEBUG,0053FC39A8E7AB47EBA3CFC394B79298,Skip CORS processing: request is from same origin
05-23-2017 13:50:35.708,DEBUG,0053FC39A8E7AB47EBA3CFC394B79298,Read [class vn.bananavietnam.ict.banana.component.Bnn0089SearchTaskConditions] as "application/json" with [org.springframework.http.converter.json.MappingJackson2HttpMessageConverter@156f2cc]
05-23-2017 13:50:35.709,INFO ,0053FC39A8E7AB47EBA3CFC394B79298,U0000000001,vn.bananavietnam.ict.banana.service.Bnn0089SearchTaskService,getSingleData,[vn.bananavietnam.ict.banana.component.Bnn0089SearchTaskConditions@1cc7c03] METHOD START
05-23-2017 13:50:35.709,DEBUG,0053FC39A8E7AB47EBA3CFC394B79298,Returning cached instance of singleton bean 'transactionManager'
05-23-2017 13:50:35.709,DEBUG,0053FC39A8E7AB47EBA3CFC394B79298,Creating a new SqlSession
05-23-2017 13:50:35.709,DEBUG,0053FC39A8E7AB47EBA3CFC394B79298,Registering transaction synchronization for SqlSession [org.apache.ibatis.session.defaults.DefaultSqlSession@187cbe1]
05-23-2017 13:50:35.709,DEBUG,0053FC39A8E7AB47EBA3CFC394B79298,Fetching JDBC Connection from DataSource
05-23-2017 13:50:35.709,DEBUG,0053FC39A8E7AB47EBA3CFC394B79298,Creating new JDBC DriverManager Connection to [jdbc:mysql://172.16.0.175:3306/BANANA_DB_HUNG_SELENIUM?useUnicode=yes&characterEncoding=UTF-8&autoReconnect=true]
05-23-2017 13:50:35.723,DEBUG,0053FC39A8E7AB47EBA3CFC394B79298,Registering transaction synchronization for JDBC Connection
05-23-2017 13:50:35.723,DEBUG,0053FC39A8E7AB47EBA3CFC394B79298,JDBC Connection [com.mysql.jdbc.JDBC4Connection@1c8aa69] will be managed by Spring
05-23-2017 13:50:35.723,DEBUG,0053FC39A8E7AB47EBA3CFC394B79298,==>  Preparing: select TASK_ID, TASK_NAME, WORKING_DETAILS, NOTE, QUARANTINE_HANDLING_FLAG, CHANGE_POINT_CODE, CREATE_USER_ID, CREATE_DATE, UPDATE_USER_ID, LAST_UPDATE_DATE, DELETE_FLAG from IVB_M_TASK where TASK_ID = ? 
05-23-2017 13:50:35.723,DEBUG,0053FC39A8E7AB47EBA3CFC394B79298,==> Parameters: T043(String)
05-23-2017 13:50:35.725,DEBUG,0053FC39A8E7AB47EBA3CFC394B79298,<==      Total: 1
05-23-2017 13:50:35.725,DEBUG,0053FC39A8E7AB47EBA3CFC394B79298,Releasing transactional SqlSession [org.apache.ibatis.session.defaults.DefaultSqlSession@187cbe1]
05-23-2017 13:50:35.725,DEBUG,0053FC39A8E7AB47EBA3CFC394B79298,Transaction synchronization deregistering SqlSession [org.apache.ibatis.session.defaults.DefaultSqlSession@187cbe1]
05-23-2017 13:50:35.725,DEBUG,0053FC39A8E7AB47EBA3CFC394B79298,Transaction synchronization closing SqlSession [org.apache.ibatis.session.defaults.DefaultSqlSession@187cbe1]
05-23-2017 13:50:35.725,DEBUG,0053FC39A8E7AB47EBA3CFC394B79298,Returning JDBC Connection to DataSource
05-23-2017 13:50:35.725,INFO ,0053FC39A8E7AB47EBA3CFC394B79298,U0000000001,vn.bananavietnam.ict.banana.service.Bnn0089SearchTaskService,getSingleData,[vn.bananavietnam.ict.banana.component.Bnn0089SearchTaskConditions@1cc7c03] METHOD END
05-23-2017 13:50:35.727,DEBUG,0053FC39A8E7AB47EBA3CFC394B79298,Written [vn.bananavietnam.ict.common.db.model.IvbMTask@6b9525] as "application/json;charset=UTF-8" using [org.springframework.http.converter.json.MappingJackson2HttpMessageConverter@156f2cc]
05-23-2017 13:50:35.727,DEBUG,0053FC39A8E7AB47EBA3CFC394B79298,Null ModelAndView returned to DispatcherServlet with name 'appServlet': assuming HandlerAdapter completed request handling
05-23-2017 13:50:35.727,DEBUG,0053FC39A8E7AB47EBA3CFC394B79298,Successfully completed request
05-23-2017 13:50:35.727,DEBUG,0053FC39A8E7AB47EBA3CFC394B79298,Chain processed normally
05-23-2017 13:50:35.727,DEBUG,0053FC39A8E7AB47EBA3CFC394B79298,SecurityContextHolder now cleared, as request processing completed
