06-01-2017 20:38:59.156,INFO ,45EADFE6C207DA2D1A0BF0853F3CB47A,U0000000001,vn.bananavietnam.ict.banana.service.Bnn0087SearchAffiliationService,searchData,[vn.bananavietnam.ict.banana.component.Bnn0087SearchAffiliationConditions@197047b] METHOD START
06-01-2017 20:38:59.156,INFO ,45EADFE6C207DA2D1A0BF0853F3CB47A,U0000000001,Affiliation searching started
06-01-2017 20:39:03.167,ERROR,45EADFE6C207DA2D1A0BF0853F3CB47A,U0000000001,java.lang.Exception: nested exception is org.apache.ibatis.exceptions.PersistenceException: 
06-01-2017 20:39:03.167,INFO ,45EADFE6C207DA2D1A0BF0853F3CB47A,U0000000001,vn.bananavietnam.ict.banana.service.Bnn0087SearchAffiliationService,searchData,[vn.bananavietnam.ict.banana.component.Bnn0087SearchAffiliationConditions@197047b] METHOD END
06-01-2017 20:39:04.974,INFO ,45EADFE6C207DA2D1A0BF0853F3CB47A,U0000000001,vn.bananavietnam.ict.banana.service.Bnn0087SearchAffiliationService,searchData,[vn.bananavietnam.ict.banana.component.Bnn0087SearchAffiliationConditions@1e297f9] METHOD START
06-01-2017 20:39:04.974,INFO ,45EADFE6C207DA2D1A0BF0853F3CB47A,U0000000001,Affiliation searching started
06-01-2017 20:39:07.003,DEBUG,45EADFE6C207DA2D1A0BF0853F3CB47A,==>  Preparing: SELECT usr.userName userName, usr.userId userId , authorization.AUTHORIZATION_TYPE_NAME typeName, authorization.AUTHORIZATION_TYPE_ID typeId, mgr.farmIdList farmIdList, mgr.areaIdList areaIdList, mgr.lastUpdateDate lastUpdateDate FROM (SELECT users.USERS_NAME userName, users.USERS_ID userId FROM IVB_M_USERS users WHERE 1 = 1 AND users.DELETE_FLAG = '0') usr LEFT JOIN (SELECT manager.USERS_ID userId, manager.AUTHORIZATION_TYPE_ID typeId, (SELECT LAST_UPDATE_DATE FROM IVB_M_MANAGER ORDER BY LAST_UPDATE_DATE DESC LIMIT 1) lastUpdateDate, GROUP_CONCAT(manager.FARM_ID SEPARATOR ',') as farmIdList, GROUP_CONCAT(manager.AREA_ID SEPARATOR ',') as areaIdList FROM IVB_M_MANAGER manager WHERE 1 = 1 AND manager.DELETE_FLAG = '0' GROUP BY manager.USERS_ID, manager.AUTHORIZATION_TYPE_ID) mgr ON usr.userId = mgr.userId LEFT JOIN IVB_M_AUTHORIZATION authorization ON authorization.AUTHORIZATION_TYPE_ID = mgr.typeId ORDER BY usr.userName, authorization.AUTHORIZATION_TYPE_ID LIMIT ?,? 
06-01-2017 20:39:07.004,DEBUG,45EADFE6C207DA2D1A0BF0853F3CB47A,==> Parameters: 0(Integer), 20(Integer)
06-01-2017 20:39:07.011,DEBUG,45EADFE6C207DA2D1A0BF0853F3CB47A,<==      Total: 20
06-01-2017 20:39:07.012,INFO ,45EADFE6C207DA2D1A0BF0853F3CB47A,U0000000001,SQL execution finished
06-01-2017 20:39:07.012,DEBUG,45EADFE6C207DA2D1A0BF0853F3CB47A,==>  Preparing: SELECT COUNT(*) FROM (SELECT users.USERS_NAME userName, users.USERS_ID userId FROM IVB_M_USERS users WHERE 1 = 1 AND users.DELETE_FLAG = '0') usr LEFT JOIN (SELECT manager.USERS_ID userId, manager.AUTHORIZATION_TYPE_ID typeId FROM IVB_M_MANAGER manager WHERE 1 = 1 AND manager.DELETE_FLAG = '0' GROUP BY manager.USERS_ID, manager.AUTHORIZATION_TYPE_ID) mgr ON usr.userId = mgr.userId LEFT JOIN IVB_M_AUTHORIZATION authorization ON authorization.AUTHORIZATION_TYPE_ID = mgr.typeId ORDER BY usr.userId 
06-01-2017 20:39:07.013,DEBUG,45EADFE6C207DA2D1A0BF0853F3CB47A,==> Parameters: 
06-01-2017 20:39:07.015,DEBUG,45EADFE6C207DA2D1A0BF0853F3CB47A,<==      Total: 1
06-01-2017 20:39:07.017,INFO ,45EADFE6C207DA2D1A0BF0853F3CB47A,U0000000001,Affiliation searching finished ==> 60 item(s)
06-01-2017 20:39:07.025,INFO ,45EADFE6C207DA2D1A0BF0853F3CB47A,U0000000001,vn.bananavietnam.ict.banana.service.Bnn0087SearchAffiliationService,searchData,[vn.bananavietnam.ict.banana.component.Bnn0087SearchAffiliationConditions@1e297f9] METHOD END
06-01-2017 20:39:10.446,INFO ,6D6F365675EF2416D51790508B4CC081,U0000000001,vn.bananavietnam.ict.banana.service.Bnn0087SearchAffiliationService,initData,[{}] METHOD START
06-01-2017 20:39:10.464,DEBUG,6D6F365675EF2416D51790508B4CC081,==>  Preparing: select AUTHORIZATION_TYPE_ID, AUTHORIZATION_TYPE_NAME, ACCESS_AUTHORITY_ID, CREATE_USER_ID, CREATE_DATE, UPDATE_USER_ID, LAST_UPDATE_DATE, DELETE_FLAG from IVB_M_AUTHORIZATION 
06-01-2017 20:39:10.464,DEBUG,6D6F365675EF2416D51790508B4CC081,==> Parameters: 
06-01-2017 20:39:10.466,DEBUG,6D6F365675EF2416D51790508B4CC081,<==      Total: 4
06-01-2017 20:39:10.466,INFO ,6D6F365675EF2416D51790508B4CC081,U0000000001,vn.bananavietnam.ict.banana.service.Bnn0087SearchAffiliationService,initData,[{affiliationData=[{"authorizationTypeId":"1","authorizationTypeName":"Quản lý hệ thống","accessAuthorityId":"1","createUserId":"U0000000001","createDate":1489363200000,"updateUserId":"U0000000001","lastUpdateDate":1490054400000,"deleteFlag":false},{"authorizationTypeId":"2","authorizationTypeName":"Giám đốc kinh doanh","accessAuthorityId":"2","createUserId":"U0000000001","createDate":1489363200000,"updateUserId":"U0000000001","lastUpdateDate":1490054400000,"deleteFlag":false},{"authorizationTypeId":"3","authorizationTypeName":"Quản lý nông trại","accessAuthorityId":"3","createUserId":"U0000000001","createDate":1489363200000,"updateUserId":"U0000000001","lastUpdateDate":1490054400000,"deleteFlag":false},{"authorizationTypeId":"4","authorizationTypeName":"Quản lý lô","accessAuthorityId":"4","createUserId":"U0000000001","createDate":1489363200000,"updateUserId":"U0000000001","lastUpdateDate":1490054400000,"deleteFlag":false}]}] METHOD END
06-01-2017 20:39:10.546,INFO ,6D6F365675EF2416D51790508B4CC081,U0000000001,vn.bananavietnam.ict.banana.service.Bnn0087SearchAffiliationService,searchData,[vn.bananavietnam.ict.banana.component.Bnn0087SearchAffiliationConditions@1426047] METHOD START
06-01-2017 20:39:10.546,INFO ,6D6F365675EF2416D51790508B4CC081,U0000000001,Affiliation searching started
06-01-2017 20:39:10.565,DEBUG,6D6F365675EF2416D51790508B4CC081,==>  Preparing: SELECT usr.userName userName, usr.userId userId , authorization.AUTHORIZATION_TYPE_NAME typeName, authorization.AUTHORIZATION_TYPE_ID typeId, mgr.farmIdList farmIdList, mgr.areaIdList areaIdList, mgr.lastUpdateDate lastUpdateDate FROM (SELECT users.USERS_NAME userName, users.USERS_ID userId FROM IVB_M_USERS users WHERE 1 = 1 AND users.DELETE_FLAG = '0') usr LEFT JOIN (SELECT manager.USERS_ID userId, manager.AUTHORIZATION_TYPE_ID typeId, (SELECT LAST_UPDATE_DATE FROM IVB_M_MANAGER ORDER BY LAST_UPDATE_DATE DESC LIMIT 1) lastUpdateDate, GROUP_CONCAT(manager.FARM_ID SEPARATOR ',') as farmIdList, GROUP_CONCAT(manager.AREA_ID SEPARATOR ',') as areaIdList FROM IVB_M_MANAGER manager WHERE 1 = 1 AND manager.DELETE_FLAG = '0' GROUP BY manager.USERS_ID, manager.AUTHORIZATION_TYPE_ID) mgr ON usr.userId = mgr.userId LEFT JOIN IVB_M_AUTHORIZATION authorization ON authorization.AUTHORIZATION_TYPE_ID = mgr.typeId ORDER BY usr.userName, authorization.AUTHORIZATION_TYPE_ID LIMIT ?,? 
06-01-2017 20:39:10.566,DEBUG,6D6F365675EF2416D51790508B4CC081,==> Parameters: 0(Integer), 20(Integer)
06-01-2017 20:39:10.570,DEBUG,6D6F365675EF2416D51790508B4CC081,<==      Total: 20
06-01-2017 20:39:10.570,INFO ,6D6F365675EF2416D51790508B4CC081,U0000000001,SQL execution finished
06-01-2017 20:39:10.570,DEBUG,6D6F365675EF2416D51790508B4CC081,==>  Preparing: SELECT COUNT(*) FROM (SELECT users.USERS_NAME userName, users.USERS_ID userId FROM IVB_M_USERS users WHERE 1 = 1 AND users.DELETE_FLAG = '0') usr LEFT JOIN (SELECT manager.USERS_ID userId, manager.AUTHORIZATION_TYPE_ID typeId FROM IVB_M_MANAGER manager WHERE 1 = 1 AND manager.DELETE_FLAG = '0' GROUP BY manager.USERS_ID, manager.AUTHORIZATION_TYPE_ID) mgr ON usr.userId = mgr.userId LEFT JOIN IVB_M_AUTHORIZATION authorization ON authorization.AUTHORIZATION_TYPE_ID = mgr.typeId ORDER BY usr.userId 
06-01-2017 20:39:10.570,DEBUG,6D6F365675EF2416D51790508B4CC081,==> Parameters: 
06-01-2017 20:39:10.573,DEBUG,6D6F365675EF2416D51790508B4CC081,<==      Total: 1
06-01-2017 20:39:10.573,INFO ,6D6F365675EF2416D51790508B4CC081,U0000000001,Affiliation searching finished ==> 60 item(s)
06-01-2017 20:39:10.573,INFO ,6D6F365675EF2416D51790508B4CC081,U0000000001,vn.bananavietnam.ict.banana.service.Bnn0087SearchAffiliationService,searchData,[vn.bananavietnam.ict.banana.component.Bnn0087SearchAffiliationConditions@1426047] METHOD END
06-01-2017 20:39:10.809,INFO ,6D6F365675EF2416D51790508B4CC081,U0000000001,vn.bananavietnam.ict.banana.service.Bnn0087SearchAffiliationService,searchData,[vn.bananavietnam.ict.banana.component.Bnn0087SearchAffiliationConditions@7015a4] METHOD START
06-01-2017 20:39:10.809,INFO ,6D6F365675EF2416D51790508B4CC081,U0000000001,Affiliation searching started
06-01-2017 20:39:10.828,DEBUG,6D6F365675EF2416D51790508B4CC081,==>  Preparing: SELECT usr.userName userName, usr.userId userId , authorization.AUTHORIZATION_TYPE_NAME typeName, authorization.AUTHORIZATION_TYPE_ID typeId, mgr.farmIdList farmIdList, mgr.areaIdList areaIdList, mgr.lastUpdateDate lastUpdateDate FROM (SELECT users.USERS_NAME userName, users.USERS_ID userId FROM IVB_M_USERS users WHERE 1 = 1 AND users.DELETE_FLAG = '0') usr LEFT JOIN (SELECT manager.USERS_ID userId, manager.AUTHORIZATION_TYPE_ID typeId, (SELECT LAST_UPDATE_DATE FROM IVB_M_MANAGER ORDER BY LAST_UPDATE_DATE DESC LIMIT 1) lastUpdateDate, GROUP_CONCAT(manager.FARM_ID SEPARATOR ',') as farmIdList, GROUP_CONCAT(manager.AREA_ID SEPARATOR ',') as areaIdList FROM IVB_M_MANAGER manager WHERE 1 = 1 AND manager.DELETE_FLAG = '0' GROUP BY manager.USERS_ID, manager.AUTHORIZATION_TYPE_ID) mgr ON usr.userId = mgr.userId LEFT JOIN IVB_M_AUTHORIZATION authorization ON authorization.AUTHORIZATION_TYPE_ID = mgr.typeId ORDER BY usr.userName, authorization.AUTHORIZATION_TYPE_ID LIMIT ?,? 
06-01-2017 20:39:10.828,DEBUG,6D6F365675EF2416D51790508B4CC081,==> Parameters: 0(Integer), 20(Integer)
06-01-2017 20:39:10.832,DEBUG,6D6F365675EF2416D51790508B4CC081,<==      Total: 20
06-01-2017 20:39:10.832,INFO ,6D6F365675EF2416D51790508B4CC081,U0000000001,SQL execution finished
06-01-2017 20:39:10.833,DEBUG,6D6F365675EF2416D51790508B4CC081,==>  Preparing: SELECT COUNT(*) FROM (SELECT users.USERS_NAME userName, users.USERS_ID userId FROM IVB_M_USERS users WHERE 1 = 1 AND users.DELETE_FLAG = '0') usr LEFT JOIN (SELECT manager.USERS_ID userId, manager.AUTHORIZATION_TYPE_ID typeId FROM IVB_M_MANAGER manager WHERE 1 = 1 AND manager.DELETE_FLAG = '0' GROUP BY manager.USERS_ID, manager.AUTHORIZATION_TYPE_ID) mgr ON usr.userId = mgr.userId LEFT JOIN IVB_M_AUTHORIZATION authorization ON authorization.AUTHORIZATION_TYPE_ID = mgr.typeId ORDER BY usr.userId 
06-01-2017 20:39:10.833,DEBUG,6D6F365675EF2416D51790508B4CC081,==> Parameters: 
06-01-2017 20:39:10.834,DEBUG,6D6F365675EF2416D51790508B4CC081,<==      Total: 1
06-01-2017 20:39:10.835,INFO ,6D6F365675EF2416D51790508B4CC081,U0000000001,Affiliation searching finished ==> 60 item(s)
06-01-2017 20:39:10.835,INFO ,6D6F365675EF2416D51790508B4CC081,U0000000001,vn.bananavietnam.ict.banana.service.Bnn0087SearchAffiliationService,searchData,[vn.bananavietnam.ict.banana.component.Bnn0087SearchAffiliationConditions@7015a4] METHOD END
06-01-2017 20:39:11.044,INFO ,6D6F365675EF2416D51790508B4CC081,U0000000001,vn.bananavietnam.ict.banana.service.Bnn0087SearchAffiliationService,searchData,[vn.bananavietnam.ict.banana.component.Bnn0087SearchAffiliationConditions@5502e3] METHOD START
06-01-2017 20:39:11.044,INFO ,6D6F365675EF2416D51790508B4CC081,U0000000001,Affiliation searching started
06-01-2017 20:39:11.060,DEBUG,6D6F365675EF2416D51790508B4CC081,==>  Preparing: SELECT usr.userName userName, usr.userId userId , authorization.AUTHORIZATION_TYPE_NAME typeName, authorization.AUTHORIZATION_TYPE_ID typeId, mgr.farmIdList farmIdList, mgr.areaIdList areaIdList, mgr.lastUpdateDate lastUpdateDate FROM (SELECT users.USERS_NAME userName, users.USERS_ID userId FROM IVB_M_USERS users WHERE 1 = 1 AND users.DELETE_FLAG = '0') usr LEFT JOIN (SELECT manager.USERS_ID userId, manager.AUTHORIZATION_TYPE_ID typeId, (SELECT LAST_UPDATE_DATE FROM IVB_M_MANAGER ORDER BY LAST_UPDATE_DATE DESC LIMIT 1) lastUpdateDate, GROUP_CONCAT(manager.FARM_ID SEPARATOR ',') as farmIdList, GROUP_CONCAT(manager.AREA_ID SEPARATOR ',') as areaIdList FROM IVB_M_MANAGER manager WHERE 1 = 1 AND manager.DELETE_FLAG = '0' GROUP BY manager.USERS_ID, manager.AUTHORIZATION_TYPE_ID) mgr ON usr.userId = mgr.userId LEFT JOIN IVB_M_AUTHORIZATION authorization ON authorization.AUTHORIZATION_TYPE_ID = mgr.typeId ORDER BY usr.userName, authorization.AUTHORIZATION_TYPE_ID LIMIT ?,? 
06-01-2017 20:39:11.060,DEBUG,6D6F365675EF2416D51790508B4CC081,==> Parameters: 40(Integer), 20(Integer)
06-01-2017 20:39:11.064,DEBUG,6D6F365675EF2416D51790508B4CC081,<==      Total: 20
06-01-2017 20:39:11.065,INFO ,6D6F365675EF2416D51790508B4CC081,U0000000001,SQL execution finished
06-01-2017 20:39:11.065,DEBUG,6D6F365675EF2416D51790508B4CC081,==>  Preparing: SELECT COUNT(*) FROM (SELECT users.USERS_NAME userName, users.USERS_ID userId FROM IVB_M_USERS users WHERE 1 = 1 AND users.DELETE_FLAG = '0') usr LEFT JOIN (SELECT manager.USERS_ID userId, manager.AUTHORIZATION_TYPE_ID typeId FROM IVB_M_MANAGER manager WHERE 1 = 1 AND manager.DELETE_FLAG = '0' GROUP BY manager.USERS_ID, manager.AUTHORIZATION_TYPE_ID) mgr ON usr.userId = mgr.userId LEFT JOIN IVB_M_AUTHORIZATION authorization ON authorization.AUTHORIZATION_TYPE_ID = mgr.typeId ORDER BY usr.userId 
06-01-2017 20:39:11.065,DEBUG,6D6F365675EF2416D51790508B4CC081,==> Parameters: 
06-01-2017 20:39:11.066,DEBUG,6D6F365675EF2416D51790508B4CC081,<==      Total: 1
06-01-2017 20:39:11.067,INFO ,6D6F365675EF2416D51790508B4CC081,U0000000001,Affiliation searching finished ==> 60 item(s)
06-01-2017 20:39:11.067,INFO ,6D6F365675EF2416D51790508B4CC081,U0000000001,vn.bananavietnam.ict.banana.service.Bnn0087SearchAffiliationService,searchData,[vn.bananavietnam.ict.banana.component.Bnn0087SearchAffiliationConditions@5502e3] METHOD END
