06-01-2017 20:28:34.093,INFO ,A3D13790136C9D6661055A26EDF8F4F4,U0000000001,vn.bananavietnam.ict.banana.service.Bnn0087SearchAffiliationService,searchData,[vn.bananavietnam.ict.banana.component.Bnn0087SearchAffiliationConditions@1804815] METHOD START
06-01-2017 20:28:34.093,INFO ,A3D13790136C9D6661055A26EDF8F4F4,U0000000001,Affiliation searching started
06-01-2017 20:28:38.103,ERROR,A3D13790136C9D6661055A26EDF8F4F4,U0000000001,java.lang.Exception: nested exception is org.apache.ibatis.exceptions.PersistenceException: 
06-01-2017 20:28:38.104,INFO ,A3D13790136C9D6661055A26EDF8F4F4,U0000000001,vn.bananavietnam.ict.banana.service.Bnn0087SearchAffiliationService,searchData,[vn.bananavietnam.ict.banana.component.Bnn0087SearchAffiliationConditions@1804815] METHOD END
06-01-2017 20:28:38.995,INFO ,A3D13790136C9D6661055A26EDF8F4F4,U0000000001,vn.bananavietnam.ict.banana.service.Bnn0087SearchAffiliationService,searchData,[vn.bananavietnam.ict.banana.component.Bnn0087SearchAffiliationConditions@1630a7] METHOD START
06-01-2017 20:28:38.995,INFO ,A3D13790136C9D6661055A26EDF8F4F4,U0000000001,Affiliation searching started
06-01-2017 20:28:41.043,DEBUG,A3D13790136C9D6661055A26EDF8F4F4,==>  Preparing: SELECT usr.userName userName, usr.userId userId , authorization.AUTHORIZATION_TYPE_NAME typeName, authorization.AUTHORIZATION_TYPE_ID typeId, mgr.farmIdList farmIdList, mgr.areaIdList areaIdList, mgr.lastUpdateDate lastUpdateDate FROM (SELECT users.USERS_NAME userName, users.USERS_ID userId FROM IVB_M_USERS users WHERE 1 = 1 AND users.DELETE_FLAG = '0') usr LEFT JOIN (SELECT manager.USERS_ID userId, manager.AUTHORIZATION_TYPE_ID typeId, (SELECT LAST_UPDATE_DATE FROM IVB_M_MANAGER ORDER BY LAST_UPDATE_DATE DESC LIMIT 1) lastUpdateDate, GROUP_CONCAT(manager.FARM_ID SEPARATOR ',') as farmIdList, GROUP_CONCAT(manager.AREA_ID SEPARATOR ',') as areaIdList FROM IVB_M_MANAGER manager WHERE 1 = 1 AND manager.DELETE_FLAG = '0' GROUP BY manager.USERS_ID, manager.AUTHORIZATION_TYPE_ID) mgr ON usr.userId = mgr.userId LEFT JOIN IVB_M_AUTHORIZATION authorization ON authorization.AUTHORIZATION_TYPE_ID = mgr.typeId ORDER BY usr.userName, authorization.AUTHORIZATION_TYPE_ID LIMIT ?,? 
06-01-2017 20:28:41.044,DEBUG,A3D13790136C9D6661055A26EDF8F4F4,==> Parameters: 0(Integer), 20(Integer)
06-01-2017 20:28:41.075,DEBUG,A3D13790136C9D6661055A26EDF8F4F4,<==      Total: 20
06-01-2017 20:28:41.075,INFO ,A3D13790136C9D6661055A26EDF8F4F4,U0000000001,SQL execution finished
06-01-2017 20:28:41.076,DEBUG,A3D13790136C9D6661055A26EDF8F4F4,==>  Preparing: SELECT COUNT(*) FROM (SELECT users.USERS_NAME userName, users.USERS_ID userId FROM IVB_M_USERS users WHERE 1 = 1 AND users.DELETE_FLAG = '0') usr LEFT JOIN (SELECT manager.USERS_ID userId, manager.AUTHORIZATION_TYPE_ID typeId FROM IVB_M_MANAGER manager WHERE 1 = 1 AND manager.DELETE_FLAG = '0' GROUP BY manager.USERS_ID, manager.AUTHORIZATION_TYPE_ID) mgr ON usr.userId = mgr.userId LEFT JOIN IVB_M_AUTHORIZATION authorization ON authorization.AUTHORIZATION_TYPE_ID = mgr.typeId ORDER BY usr.userId 
06-01-2017 20:28:41.076,DEBUG,A3D13790136C9D6661055A26EDF8F4F4,==> Parameters: 
06-01-2017 20:28:41.079,DEBUG,A3D13790136C9D6661055A26EDF8F4F4,<==      Total: 1
06-01-2017 20:28:41.079,INFO ,A3D13790136C9D6661055A26EDF8F4F4,U0000000001,Affiliation searching finished ==> 60 item(s)
06-01-2017 20:28:41.081,INFO ,A3D13790136C9D6661055A26EDF8F4F4,U0000000001,vn.bananavietnam.ict.banana.service.Bnn0087SearchAffiliationService,searchData,[vn.bananavietnam.ict.banana.component.Bnn0087SearchAffiliationConditions@1630a7] METHOD END
06-01-2017 20:28:44.425,INFO ,C5C12369EA2A83D532480F264C2C17A3,U0000000001,vn.bananavietnam.ict.banana.service.Bnn0087SearchAffiliationService,initData,[{}] METHOD START
06-01-2017 20:28:44.442,DEBUG,C5C12369EA2A83D532480F264C2C17A3,==>  Preparing: select AUTHORIZATION_TYPE_ID, AUTHORIZATION_TYPE_NAME, ACCESS_AUTHORITY_ID, CREATE_USER_ID, CREATE_DATE, UPDATE_USER_ID, LAST_UPDATE_DATE, DELETE_FLAG from IVB_M_AUTHORIZATION 
06-01-2017 20:28:44.442,DEBUG,C5C12369EA2A83D532480F264C2C17A3,==> Parameters: 
06-01-2017 20:28:44.444,DEBUG,C5C12369EA2A83D532480F264C2C17A3,<==      Total: 4
06-01-2017 20:28:44.444,INFO ,C5C12369EA2A83D532480F264C2C17A3,U0000000001,vn.bananavietnam.ict.banana.service.Bnn0087SearchAffiliationService,initData,[{affiliationData=[{"authorizationTypeId":"1","authorizationTypeName":"Quản lý hệ thống","accessAuthorityId":"1","createUserId":"U0000000001","createDate":1489363200000,"updateUserId":"U0000000001","lastUpdateDate":1490054400000,"deleteFlag":false},{"authorizationTypeId":"2","authorizationTypeName":"Giám đốc kinh doanh","accessAuthorityId":"2","createUserId":"U0000000001","createDate":1489363200000,"updateUserId":"U0000000001","lastUpdateDate":1490054400000,"deleteFlag":false},{"authorizationTypeId":"3","authorizationTypeName":"Quản lý nông trại","accessAuthorityId":"3","createUserId":"U0000000001","createDate":1489363200000,"updateUserId":"U0000000001","lastUpdateDate":1490054400000,"deleteFlag":false},{"authorizationTypeId":"4","authorizationTypeName":"Quản lý lô","accessAuthorityId":"4","createUserId":"U0000000001","createDate":1489363200000,"updateUserId":"U0000000001","lastUpdateDate":1490054400000,"deleteFlag":false}]}] METHOD END
06-01-2017 20:28:44.527,INFO ,C5C12369EA2A83D532480F264C2C17A3,U0000000001,vn.bananavietnam.ict.banana.service.Bnn0087SearchAffiliationService,searchData,[vn.bananavietnam.ict.banana.component.Bnn0087SearchAffiliationConditions@8f4f96] METHOD START
06-01-2017 20:28:44.527,INFO ,C5C12369EA2A83D532480F264C2C17A3,U0000000001,Affiliation searching started
06-01-2017 20:28:44.545,DEBUG,C5C12369EA2A83D532480F264C2C17A3,==>  Preparing: SELECT usr.userName userName, usr.userId userId , authorization.AUTHORIZATION_TYPE_NAME typeName, authorization.AUTHORIZATION_TYPE_ID typeId, mgr.farmIdList farmIdList, mgr.areaIdList areaIdList, mgr.lastUpdateDate lastUpdateDate FROM (SELECT users.USERS_NAME userName, users.USERS_ID userId FROM IVB_M_USERS users WHERE 1 = 1 AND users.DELETE_FLAG = '0') usr LEFT JOIN (SELECT manager.USERS_ID userId, manager.AUTHORIZATION_TYPE_ID typeId, (SELECT LAST_UPDATE_DATE FROM IVB_M_MANAGER ORDER BY LAST_UPDATE_DATE DESC LIMIT 1) lastUpdateDate, GROUP_CONCAT(manager.FARM_ID SEPARATOR ',') as farmIdList, GROUP_CONCAT(manager.AREA_ID SEPARATOR ',') as areaIdList FROM IVB_M_MANAGER manager WHERE 1 = 1 AND manager.DELETE_FLAG = '0' GROUP BY manager.USERS_ID, manager.AUTHORIZATION_TYPE_ID) mgr ON usr.userId = mgr.userId LEFT JOIN IVB_M_AUTHORIZATION authorization ON authorization.AUTHORIZATION_TYPE_ID = mgr.typeId ORDER BY usr.userName, authorization.AUTHORIZATION_TYPE_ID LIMIT ?,? 
06-01-2017 20:28:44.545,DEBUG,C5C12369EA2A83D532480F264C2C17A3,==> Parameters: 0(Integer), 20(Integer)
06-01-2017 20:28:44.549,DEBUG,C5C12369EA2A83D532480F264C2C17A3,<==      Total: 20
06-01-2017 20:28:44.549,INFO ,C5C12369EA2A83D532480F264C2C17A3,U0000000001,SQL execution finished
06-01-2017 20:28:44.549,DEBUG,C5C12369EA2A83D532480F264C2C17A3,==>  Preparing: SELECT COUNT(*) FROM (SELECT users.USERS_NAME userName, users.USERS_ID userId FROM IVB_M_USERS users WHERE 1 = 1 AND users.DELETE_FLAG = '0') usr LEFT JOIN (SELECT manager.USERS_ID userId, manager.AUTHORIZATION_TYPE_ID typeId FROM IVB_M_MANAGER manager WHERE 1 = 1 AND manager.DELETE_FLAG = '0' GROUP BY manager.USERS_ID, manager.AUTHORIZATION_TYPE_ID) mgr ON usr.userId = mgr.userId LEFT JOIN IVB_M_AUTHORIZATION authorization ON authorization.AUTHORIZATION_TYPE_ID = mgr.typeId ORDER BY usr.userId 
06-01-2017 20:28:44.549,DEBUG,C5C12369EA2A83D532480F264C2C17A3,==> Parameters: 
06-01-2017 20:28:44.552,DEBUG,C5C12369EA2A83D532480F264C2C17A3,<==      Total: 1
06-01-2017 20:28:44.552,INFO ,C5C12369EA2A83D532480F264C2C17A3,U0000000001,Affiliation searching finished ==> 60 item(s)
06-01-2017 20:28:44.552,INFO ,C5C12369EA2A83D532480F264C2C17A3,U0000000001,vn.bananavietnam.ict.banana.service.Bnn0087SearchAffiliationService,searchData,[vn.bananavietnam.ict.banana.component.Bnn0087SearchAffiliationConditions@8f4f96] METHOD END
06-01-2017 20:28:44.791,INFO ,C5C12369EA2A83D532480F264C2C17A3,U0000000001,vn.bananavietnam.ict.banana.service.Bnn0087SearchAffiliationService,searchData,[vn.bananavietnam.ict.banana.component.Bnn0087SearchAffiliationConditions@6d1342] METHOD START
06-01-2017 20:28:44.791,INFO ,C5C12369EA2A83D532480F264C2C17A3,U0000000001,Affiliation searching started
06-01-2017 20:28:44.807,DEBUG,C5C12369EA2A83D532480F264C2C17A3,==>  Preparing: SELECT usr.userName userName, usr.userId userId , authorization.AUTHORIZATION_TYPE_NAME typeName, authorization.AUTHORIZATION_TYPE_ID typeId, mgr.farmIdList farmIdList, mgr.areaIdList areaIdList, mgr.lastUpdateDate lastUpdateDate FROM (SELECT users.USERS_NAME userName, users.USERS_ID userId FROM IVB_M_USERS users WHERE 1 = 1 AND users.DELETE_FLAG = '0') usr LEFT JOIN (SELECT manager.USERS_ID userId, manager.AUTHORIZATION_TYPE_ID typeId, (SELECT LAST_UPDATE_DATE FROM IVB_M_MANAGER ORDER BY LAST_UPDATE_DATE DESC LIMIT 1) lastUpdateDate, GROUP_CONCAT(manager.FARM_ID SEPARATOR ',') as farmIdList, GROUP_CONCAT(manager.AREA_ID SEPARATOR ',') as areaIdList FROM IVB_M_MANAGER manager WHERE 1 = 1 AND manager.DELETE_FLAG = '0' GROUP BY manager.USERS_ID, manager.AUTHORIZATION_TYPE_ID) mgr ON usr.userId = mgr.userId LEFT JOIN IVB_M_AUTHORIZATION authorization ON authorization.AUTHORIZATION_TYPE_ID = mgr.typeId ORDER BY usr.userName, authorization.AUTHORIZATION_TYPE_ID LIMIT ?,? 
06-01-2017 20:28:44.807,DEBUG,C5C12369EA2A83D532480F264C2C17A3,==> Parameters: 0(Integer), 20(Integer)
06-01-2017 20:28:44.811,DEBUG,C5C12369EA2A83D532480F264C2C17A3,<==      Total: 20
06-01-2017 20:28:44.811,INFO ,C5C12369EA2A83D532480F264C2C17A3,U0000000001,SQL execution finished
06-01-2017 20:28:44.811,DEBUG,C5C12369EA2A83D532480F264C2C17A3,==>  Preparing: SELECT COUNT(*) FROM (SELECT users.USERS_NAME userName, users.USERS_ID userId FROM IVB_M_USERS users WHERE 1 = 1 AND users.DELETE_FLAG = '0') usr LEFT JOIN (SELECT manager.USERS_ID userId, manager.AUTHORIZATION_TYPE_ID typeId FROM IVB_M_MANAGER manager WHERE 1 = 1 AND manager.DELETE_FLAG = '0' GROUP BY manager.USERS_ID, manager.AUTHORIZATION_TYPE_ID) mgr ON usr.userId = mgr.userId LEFT JOIN IVB_M_AUTHORIZATION authorization ON authorization.AUTHORIZATION_TYPE_ID = mgr.typeId ORDER BY usr.userId 
06-01-2017 20:28:44.812,DEBUG,C5C12369EA2A83D532480F264C2C17A3,==> Parameters: 
06-01-2017 20:28:44.813,DEBUG,C5C12369EA2A83D532480F264C2C17A3,<==      Total: 1
06-01-2017 20:28:44.813,INFO ,C5C12369EA2A83D532480F264C2C17A3,U0000000001,Affiliation searching finished ==> 60 item(s)
06-01-2017 20:28:44.813,INFO ,C5C12369EA2A83D532480F264C2C17A3,U0000000001,vn.bananavietnam.ict.banana.service.Bnn0087SearchAffiliationService,searchData,[vn.bananavietnam.ict.banana.component.Bnn0087SearchAffiliationConditions@6d1342] METHOD END
06-01-2017 20:28:45.018,INFO ,C5C12369EA2A83D532480F264C2C17A3,U0000000001,vn.bananavietnam.ict.banana.service.Bnn0087SearchAffiliationService,searchData,[vn.bananavietnam.ict.banana.component.Bnn0087SearchAffiliationConditions@4f6a49] METHOD START
06-01-2017 20:28:45.018,INFO ,C5C12369EA2A83D532480F264C2C17A3,U0000000001,Affiliation searching started
06-01-2017 20:28:45.035,DEBUG,C5C12369EA2A83D532480F264C2C17A3,==>  Preparing: SELECT usr.userName userName, usr.userId userId , authorization.AUTHORIZATION_TYPE_NAME typeName, authorization.AUTHORIZATION_TYPE_ID typeId, mgr.farmIdList farmIdList, mgr.areaIdList areaIdList, mgr.lastUpdateDate lastUpdateDate FROM (SELECT users.USERS_NAME userName, users.USERS_ID userId FROM IVB_M_USERS users WHERE 1 = 1 AND users.DELETE_FLAG = '0') usr LEFT JOIN (SELECT manager.USERS_ID userId, manager.AUTHORIZATION_TYPE_ID typeId, (SELECT LAST_UPDATE_DATE FROM IVB_M_MANAGER ORDER BY LAST_UPDATE_DATE DESC LIMIT 1) lastUpdateDate, GROUP_CONCAT(manager.FARM_ID SEPARATOR ',') as farmIdList, GROUP_CONCAT(manager.AREA_ID SEPARATOR ',') as areaIdList FROM IVB_M_MANAGER manager WHERE 1 = 1 AND manager.DELETE_FLAG = '0' GROUP BY manager.USERS_ID, manager.AUTHORIZATION_TYPE_ID) mgr ON usr.userId = mgr.userId LEFT JOIN IVB_M_AUTHORIZATION authorization ON authorization.AUTHORIZATION_TYPE_ID = mgr.typeId ORDER BY usr.userName, authorization.AUTHORIZATION_TYPE_ID LIMIT ?,? 
06-01-2017 20:28:45.036,DEBUG,C5C12369EA2A83D532480F264C2C17A3,==> Parameters: 40(Integer), 20(Integer)
06-01-2017 20:28:45.040,DEBUG,C5C12369EA2A83D532480F264C2C17A3,<==      Total: 20
06-01-2017 20:28:45.040,INFO ,C5C12369EA2A83D532480F264C2C17A3,U0000000001,SQL execution finished
06-01-2017 20:28:45.040,DEBUG,C5C12369EA2A83D532480F264C2C17A3,==>  Preparing: SELECT COUNT(*) FROM (SELECT users.USERS_NAME userName, users.USERS_ID userId FROM IVB_M_USERS users WHERE 1 = 1 AND users.DELETE_FLAG = '0') usr LEFT JOIN (SELECT manager.USERS_ID userId, manager.AUTHORIZATION_TYPE_ID typeId FROM IVB_M_MANAGER manager WHERE 1 = 1 AND manager.DELETE_FLAG = '0' GROUP BY manager.USERS_ID, manager.AUTHORIZATION_TYPE_ID) mgr ON usr.userId = mgr.userId LEFT JOIN IVB_M_AUTHORIZATION authorization ON authorization.AUTHORIZATION_TYPE_ID = mgr.typeId ORDER BY usr.userId 
06-01-2017 20:28:45.040,DEBUG,C5C12369EA2A83D532480F264C2C17A3,==> Parameters: 
06-01-2017 20:28:45.041,DEBUG,C5C12369EA2A83D532480F264C2C17A3,<==      Total: 1
06-01-2017 20:28:45.042,INFO ,C5C12369EA2A83D532480F264C2C17A3,U0000000001,Affiliation searching finished ==> 60 item(s)
06-01-2017 20:28:45.042,INFO ,C5C12369EA2A83D532480F264C2C17A3,U0000000001,vn.bananavietnam.ict.banana.service.Bnn0087SearchAffiliationService,searchData,[vn.bananavietnam.ict.banana.component.Bnn0087SearchAffiliationConditions@4f6a49] METHOD END
