06-01-2017 20:39:11.279,INFO ,6D6F365675EF2416D51790508B4CC081,U0000000001,vn.bananavietnam.ict.banana.service.Bnn0087SearchAffiliationService,searchData,[vn.bananavietnam.ict.banana.component.Bnn0087SearchAffiliationConditions@15d99a5] METHOD START
06-01-2017 20:39:11.279,INFO ,6D6F365675EF2416D51790508B4CC081,U0000000001,Affiliation searching started
06-01-2017 20:39:15.310,ERROR,6D6F365675EF2416D51790508B4CC081,U0000000001,java.lang.Exception: nested exception is org.apache.ibatis.exceptions.PersistenceException: 
06-01-2017 20:39:15.310,INFO ,6D6F365675EF2416D51790508B4CC081,U0000000001,vn.bananavietnam.ict.banana.service.Bnn0087SearchAffiliationService,searchData,[vn.bananavietnam.ict.banana.component.Bnn0087SearchAffiliationConditions@15d99a5] METHOD END
06-01-2017 20:39:18.845,INFO ,6D6F365675EF2416D51790508B4CC081,U0000000001,vn.bananavietnam.ict.banana.service.Bnn0087SearchAffiliationService,searchData,[vn.bananavietnam.ict.banana.component.Bnn0087SearchAffiliationConditions@1224591] METHOD START
06-01-2017 20:39:18.845,INFO ,6D6F365675EF2416D51790508B4CC081,U0000000001,Affiliation searching started
06-01-2017 20:39:18.863,DEBUG,6D6F365675EF2416D51790508B4CC081,==>  Preparing: SELECT usr.userName userName, usr.userId userId , authorization.AUTHORIZATION_TYPE_NAME typeName, authorization.AUTHORIZATION_TYPE_ID typeId, mgr.farmIdList farmIdList, mgr.areaIdList areaIdList, mgr.lastUpdateDate lastUpdateDate FROM (SELECT users.USERS_NAME userName, users.USERS_ID userId FROM IVB_M_USERS users WHERE 1 = 1 AND users.DELETE_FLAG = '0') usr LEFT JOIN (SELECT manager.USERS_ID userId, manager.AUTHORIZATION_TYPE_ID typeId, (SELECT LAST_UPDATE_DATE FROM IVB_M_MANAGER ORDER BY LAST_UPDATE_DATE DESC LIMIT 1) lastUpdateDate, GROUP_CONCAT(manager.FARM_ID SEPARATOR ',') as farmIdList, GROUP_CONCAT(manager.AREA_ID SEPARATOR ',') as areaIdList FROM IVB_M_MANAGER manager WHERE 1 = 1 AND manager.DELETE_FLAG = '0' GROUP BY manager.USERS_ID, manager.AUTHORIZATION_TYPE_ID) mgr ON usr.userId = mgr.userId LEFT JOIN IVB_M_AUTHORIZATION authorization ON authorization.AUTHORIZATION_TYPE_ID = mgr.typeId ORDER BY usr.userName, authorization.AUTHORIZATION_TYPE_ID LIMIT ?,? 
06-01-2017 20:39:18.863,DEBUG,6D6F365675EF2416D51790508B4CC081,==> Parameters: 0(Integer), 20(Integer)
06-01-2017 20:39:18.868,DEBUG,6D6F365675EF2416D51790508B4CC081,<==      Total: 20
06-01-2017 20:39:18.868,INFO ,6D6F365675EF2416D51790508B4CC081,U0000000001,SQL execution finished
06-01-2017 20:39:18.868,DEBUG,6D6F365675EF2416D51790508B4CC081,==>  Preparing: SELECT COUNT(*) FROM (SELECT users.USERS_NAME userName, users.USERS_ID userId FROM IVB_M_USERS users WHERE 1 = 1 AND users.DELETE_FLAG = '0') usr LEFT JOIN (SELECT manager.USERS_ID userId, manager.AUTHORIZATION_TYPE_ID typeId FROM IVB_M_MANAGER manager WHERE 1 = 1 AND manager.DELETE_FLAG = '0' GROUP BY manager.USERS_ID, manager.AUTHORIZATION_TYPE_ID) mgr ON usr.userId = mgr.userId LEFT JOIN IVB_M_AUTHORIZATION authorization ON authorization.AUTHORIZATION_TYPE_ID = mgr.typeId ORDER BY usr.userId 
06-01-2017 20:39:18.869,DEBUG,6D6F365675EF2416D51790508B4CC081,==> Parameters: 
06-01-2017 20:39:18.870,DEBUG,6D6F365675EF2416D51790508B4CC081,<==      Total: 1
06-01-2017 20:39:18.871,INFO ,6D6F365675EF2416D51790508B4CC081,U0000000001,Affiliation searching finished ==> 60 item(s)
06-01-2017 20:39:18.871,INFO ,6D6F365675EF2416D51790508B4CC081,U0000000001,vn.bananavietnam.ict.banana.service.Bnn0087SearchAffiliationService,searchData,[vn.bananavietnam.ict.banana.component.Bnn0087SearchAffiliationConditions@1224591] METHOD END
06-01-2017 20:39:20.369,INFO ,CF38E8B160139920E5C96A7B1CB8B21C,U0000000001,vn.bananavietnam.ict.banana.service.Bnn0087SearchAffiliationService,initData,[{}] METHOD START
06-01-2017 20:39:20.388,DEBUG,CF38E8B160139920E5C96A7B1CB8B21C,==>  Preparing: select AUTHORIZATION_TYPE_ID, AUTHORIZATION_TYPE_NAME, ACCESS_AUTHORITY_ID, CREATE_USER_ID, CREATE_DATE, UPDATE_USER_ID, LAST_UPDATE_DATE, DELETE_FLAG from IVB_M_AUTHORIZATION 
06-01-2017 20:39:20.388,DEBUG,CF38E8B160139920E5C96A7B1CB8B21C,==> Parameters: 
06-01-2017 20:39:20.390,DEBUG,CF38E8B160139920E5C96A7B1CB8B21C,<==      Total: 4
06-01-2017 20:39:20.390,INFO ,CF38E8B160139920E5C96A7B1CB8B21C,U0000000001,vn.bananavietnam.ict.banana.service.Bnn0087SearchAffiliationService,initData,[{affiliationData=[{"authorizationTypeId":"1","authorizationTypeName":"Quản lý hệ thống","accessAuthorityId":"1","createUserId":"U0000000001","createDate":1489363200000,"updateUserId":"U0000000001","lastUpdateDate":1490054400000,"deleteFlag":false},{"authorizationTypeId":"2","authorizationTypeName":"Giám đốc kinh doanh","accessAuthorityId":"2","createUserId":"U0000000001","createDate":1489363200000,"updateUserId":"U0000000001","lastUpdateDate":1490054400000,"deleteFlag":false},{"authorizationTypeId":"3","authorizationTypeName":"Quản lý nông trại","accessAuthorityId":"3","createUserId":"U0000000001","createDate":1489363200000,"updateUserId":"U0000000001","lastUpdateDate":1490054400000,"deleteFlag":false},{"authorizationTypeId":"4","authorizationTypeName":"Quản lý lô","accessAuthorityId":"4","createUserId":"U0000000001","createDate":1489363200000,"updateUserId":"U0000000001","lastUpdateDate":1490054400000,"deleteFlag":false}]}] METHOD END
06-01-2017 20:39:20.472,INFO ,CF38E8B160139920E5C96A7B1CB8B21C,U0000000001,vn.bananavietnam.ict.banana.service.Bnn0087SearchAffiliationService,searchData,[vn.bananavietnam.ict.banana.component.Bnn0087SearchAffiliationConditions@119b823] METHOD START
06-01-2017 20:39:20.472,INFO ,CF38E8B160139920E5C96A7B1CB8B21C,U0000000001,Affiliation searching started
06-01-2017 20:39:20.489,DEBUG,CF38E8B160139920E5C96A7B1CB8B21C,==>  Preparing: SELECT usr.userName userName, usr.userId userId , authorization.AUTHORIZATION_TYPE_NAME typeName, authorization.AUTHORIZATION_TYPE_ID typeId, mgr.farmIdList farmIdList, mgr.areaIdList areaIdList, mgr.lastUpdateDate lastUpdateDate FROM (SELECT users.USERS_NAME userName, users.USERS_ID userId FROM IVB_M_USERS users WHERE 1 = 1 AND users.DELETE_FLAG = '0') usr LEFT JOIN (SELECT manager.USERS_ID userId, manager.AUTHORIZATION_TYPE_ID typeId, (SELECT LAST_UPDATE_DATE FROM IVB_M_MANAGER ORDER BY LAST_UPDATE_DATE DESC LIMIT 1) lastUpdateDate, GROUP_CONCAT(manager.FARM_ID SEPARATOR ',') as farmIdList, GROUP_CONCAT(manager.AREA_ID SEPARATOR ',') as areaIdList FROM IVB_M_MANAGER manager WHERE 1 = 1 AND manager.DELETE_FLAG = '0' GROUP BY manager.USERS_ID, manager.AUTHORIZATION_TYPE_ID) mgr ON usr.userId = mgr.userId LEFT JOIN IVB_M_AUTHORIZATION authorization ON authorization.AUTHORIZATION_TYPE_ID = mgr.typeId ORDER BY usr.userName, authorization.AUTHORIZATION_TYPE_ID LIMIT ?,? 
06-01-2017 20:39:20.490,DEBUG,CF38E8B160139920E5C96A7B1CB8B21C,==> Parameters: 0(Integer), 20(Integer)
06-01-2017 20:39:20.494,DEBUG,CF38E8B160139920E5C96A7B1CB8B21C,<==      Total: 20
06-01-2017 20:39:20.495,INFO ,CF38E8B160139920E5C96A7B1CB8B21C,U0000000001,SQL execution finished
06-01-2017 20:39:20.495,DEBUG,CF38E8B160139920E5C96A7B1CB8B21C,==>  Preparing: SELECT COUNT(*) FROM (SELECT users.USERS_NAME userName, users.USERS_ID userId FROM IVB_M_USERS users WHERE 1 = 1 AND users.DELETE_FLAG = '0') usr LEFT JOIN (SELECT manager.USERS_ID userId, manager.AUTHORIZATION_TYPE_ID typeId FROM IVB_M_MANAGER manager WHERE 1 = 1 AND manager.DELETE_FLAG = '0' GROUP BY manager.USERS_ID, manager.AUTHORIZATION_TYPE_ID) mgr ON usr.userId = mgr.userId LEFT JOIN IVB_M_AUTHORIZATION authorization ON authorization.AUTHORIZATION_TYPE_ID = mgr.typeId ORDER BY usr.userId 
06-01-2017 20:39:20.495,DEBUG,CF38E8B160139920E5C96A7B1CB8B21C,==> Parameters: 
06-01-2017 20:39:20.496,DEBUG,CF38E8B160139920E5C96A7B1CB8B21C,<==      Total: 1
06-01-2017 20:39:20.496,INFO ,CF38E8B160139920E5C96A7B1CB8B21C,U0000000001,Affiliation searching finished ==> 60 item(s)
06-01-2017 20:39:20.497,INFO ,CF38E8B160139920E5C96A7B1CB8B21C,U0000000001,vn.bananavietnam.ict.banana.service.Bnn0087SearchAffiliationService,searchData,[vn.bananavietnam.ict.banana.component.Bnn0087SearchAffiliationConditions@119b823] METHOD END
06-01-2017 20:39:20.720,INFO ,CF38E8B160139920E5C96A7B1CB8B21C,U0000000001,vn.bananavietnam.ict.banana.service.Bnn0087SearchAffiliationService,searchData,[vn.bananavietnam.ict.banana.component.Bnn0087SearchAffiliationConditions@a8fed8] METHOD START
06-01-2017 20:39:20.720,INFO ,CF38E8B160139920E5C96A7B1CB8B21C,U0000000001,Affiliation searching started
06-01-2017 20:39:20.737,DEBUG,CF38E8B160139920E5C96A7B1CB8B21C,==>  Preparing: SELECT usr.userName userName, usr.userId userId , authorization.AUTHORIZATION_TYPE_NAME typeName, authorization.AUTHORIZATION_TYPE_ID typeId, mgr.farmIdList farmIdList, mgr.areaIdList areaIdList, mgr.lastUpdateDate lastUpdateDate FROM (SELECT users.USERS_NAME userName, users.USERS_ID userId FROM IVB_M_USERS users WHERE 1 = 1 AND users.DELETE_FLAG = '0') usr LEFT JOIN (SELECT manager.USERS_ID userId, manager.AUTHORIZATION_TYPE_ID typeId, (SELECT LAST_UPDATE_DATE FROM IVB_M_MANAGER ORDER BY LAST_UPDATE_DATE DESC LIMIT 1) lastUpdateDate, GROUP_CONCAT(manager.FARM_ID SEPARATOR ',') as farmIdList, GROUP_CONCAT(manager.AREA_ID SEPARATOR ',') as areaIdList FROM IVB_M_MANAGER manager WHERE 1 = 1 AND manager.DELETE_FLAG = '0' GROUP BY manager.USERS_ID, manager.AUTHORIZATION_TYPE_ID) mgr ON usr.userId = mgr.userId LEFT JOIN IVB_M_AUTHORIZATION authorization ON authorization.AUTHORIZATION_TYPE_ID = mgr.typeId ORDER BY usr.userName, authorization.AUTHORIZATION_TYPE_ID LIMIT ?,? 
06-01-2017 20:39:20.737,DEBUG,CF38E8B160139920E5C96A7B1CB8B21C,==> Parameters: 0(Integer), 20(Integer)
06-01-2017 20:39:20.740,DEBUG,CF38E8B160139920E5C96A7B1CB8B21C,<==      Total: 20
06-01-2017 20:39:20.740,INFO ,CF38E8B160139920E5C96A7B1CB8B21C,U0000000001,SQL execution finished
06-01-2017 20:39:20.740,DEBUG,CF38E8B160139920E5C96A7B1CB8B21C,==>  Preparing: SELECT COUNT(*) FROM (SELECT users.USERS_NAME userName, users.USERS_ID userId FROM IVB_M_USERS users WHERE 1 = 1 AND users.DELETE_FLAG = '0') usr LEFT JOIN (SELECT manager.USERS_ID userId, manager.AUTHORIZATION_TYPE_ID typeId FROM IVB_M_MANAGER manager WHERE 1 = 1 AND manager.DELETE_FLAG = '0' GROUP BY manager.USERS_ID, manager.AUTHORIZATION_TYPE_ID) mgr ON usr.userId = mgr.userId LEFT JOIN IVB_M_AUTHORIZATION authorization ON authorization.AUTHORIZATION_TYPE_ID = mgr.typeId ORDER BY usr.userId 
06-01-2017 20:39:20.741,DEBUG,CF38E8B160139920E5C96A7B1CB8B21C,==> Parameters: 
06-01-2017 20:39:20.743,DEBUG,CF38E8B160139920E5C96A7B1CB8B21C,<==      Total: 1
06-01-2017 20:39:20.743,INFO ,CF38E8B160139920E5C96A7B1CB8B21C,U0000000001,Affiliation searching finished ==> 60 item(s)
06-01-2017 20:39:20.743,INFO ,CF38E8B160139920E5C96A7B1CB8B21C,U0000000001,vn.bananavietnam.ict.banana.service.Bnn0087SearchAffiliationService,searchData,[vn.bananavietnam.ict.banana.component.Bnn0087SearchAffiliationConditions@a8fed8] METHOD END
