05-23-2017 06:58:06.205,DEBUG,C4BA5A215F2FBF220705BB47F1F7E445,/0089/searchData at position 1 of 11 in additional filter chain; firing Filter: 'SecurityContextPersistenceFilter'
05-23-2017 06:58:06.205,DEBUG,C4BA5A215F2FBF220705BB47F1F7E445,Obtained a valid SecurityContext from SPRING_SECURITY_CONTEXT: 'org.springframework.security.core.context.SecurityContextImpl@3b6ee12b: Authentication: org.springframework.security.authentication.UsernamePasswordAuthenticationToken@3b6ee12b: Principal: vn.bananavietnam.ict.common.auth.MyUser@c4907816: Username: U0000000001; Password: [PROTECTED]; Enabled: true; AccountNonExpired: true; credentialsNonExpired: true; AccountNonLocked: true; Granted Authorities: 1; Credentials: [PROTECTED]; Authenticated: true; Details: org.springframework.security.web.authentication.WebAuthenticationDetails@166c8: RemoteIpAddress: 0:0:0:0:0:0:0:1; SessionId: C4BA5A215F2FBF220705BB47F1F7E445; Granted Authorities: 1'
05-23-2017 06:58:06.205,DEBUG,C4BA5A215F2FBF220705BB47F1F7E445,/0089/searchData at position 2 of 11 in additional filter chain; firing Filter: 'WebAsyncManagerIntegrationFilter'
05-23-2017 06:58:06.205,DEBUG,C4BA5A215F2FBF220705BB47F1F7E445,/0089/searchData at position 3 of 11 in additional filter chain; firing Filter: 'LogoutFilter'
05-23-2017 06:58:06.205,DEBUG,C4BA5A215F2FBF220705BB47F1F7E445,/0089/searchData at position 4 of 11 in additional filter chain; firing Filter: 'UsernamePasswordAuthenticationFilter'
05-23-2017 06:58:06.205,DEBUG,C4BA5A215F2FBF220705BB47F1F7E445,/0089/searchData at position 5 of 11 in additional filter chain; firing Filter: 'BasicAuthenticationFilter'
05-23-2017 06:58:06.205,DEBUG,C4BA5A215F2FBF220705BB47F1F7E445,/0089/searchData at position 6 of 11 in additional filter chain; firing Filter: 'RequestCacheAwareFilter'
05-23-2017 06:58:06.205,DEBUG,C4BA5A215F2FBF220705BB47F1F7E445,/0089/searchData at position 7 of 11 in additional filter chain; firing Filter: 'SecurityContextHolderAwareRequestFilter'
05-23-2017 06:58:06.205,DEBUG,C4BA5A215F2FBF220705BB47F1F7E445,/0089/searchData at position 8 of 11 in additional filter chain; firing Filter: 'AnonymousAuthenticationFilter'
05-23-2017 06:58:06.205,DEBUG,C4BA5A215F2FBF220705BB47F1F7E445,SecurityContextHolder not populated with anonymous token, as it already contained: 'org.springframework.security.authentication.UsernamePasswordAuthenticationToken@3b6ee12b: Principal: vn.bananavietnam.ict.common.auth.MyUser@c4907816: Username: U0000000001; Password: [PROTECTED]; Enabled: true; AccountNonExpired: true; credentialsNonExpired: true; AccountNonLocked: true; Granted Authorities: 1; Credentials: [PROTECTED]; Authenticated: true; Details: org.springframework.security.web.authentication.WebAuthenticationDetails@166c8: RemoteIpAddress: 0:0:0:0:0:0:0:1; SessionId: C4BA5A215F2FBF220705BB47F1F7E445; Granted Authorities: 1'
05-23-2017 06:58:06.205,DEBUG,C4BA5A215F2FBF220705BB47F1F7E445,/0089/searchData at position 9 of 11 in additional filter chain; firing Filter: 'SessionManagementFilter'
05-23-2017 06:58:06.205,DEBUG,C4BA5A215F2FBF220705BB47F1F7E445,/0089/searchData at position 10 of 11 in additional filter chain; firing Filter: 'ExceptionTranslationFilter'
05-23-2017 06:58:06.205,DEBUG,C4BA5A215F2FBF220705BB47F1F7E445,/0089/searchData at position 11 of 11 in additional filter chain; firing Filter: 'FilterSecurityInterceptor'
05-23-2017 06:58:06.205,DEBUG,C4BA5A215F2FBF220705BB47F1F7E445,Checking match of request : '/0089/searchdata'; against '/autherror*'
05-23-2017 06:58:06.206,DEBUG,C4BA5A215F2FBF220705BB47F1F7E445,Checking match of request : '/0089/searchdata'; against '/login/**'
05-23-2017 06:58:06.206,DEBUG,C4BA5A215F2FBF220705BB47F1F7E445,Checking match of request : '/0089/searchdata'; against '/error/**'
05-23-2017 06:58:06.206,DEBUG,C4BA5A215F2FBF220705BB47F1F7E445,Checking match of request : '/0089/searchdata'; against '/0001/**'
05-23-2017 06:58:06.206,DEBUG,C4BA5A215F2FBF220705BB47F1F7E445,Checking match of request : '/0089/searchdata'; against '/0002/**'
05-23-2017 06:58:06.206,DEBUG,C4BA5A215F2FBF220705BB47F1F7E445,Checking match of request : '/0089/searchdata'; against '/0003/**'
05-23-2017 06:58:06.206,DEBUG,C4BA5A215F2FBF220705BB47F1F7E445,Checking match of request : '/0089/searchdata'; against '/0005/**'
05-23-2017 06:58:06.206,DEBUG,C4BA5A215F2FBF220705BB47F1F7E445,Checking match of request : '/0089/searchdata'; against '/0007/**'
05-23-2017 06:58:06.206,DEBUG,C4BA5A215F2FBF220705BB47F1F7E445,Checking match of request : '/0089/searchdata'; against '/0009/**'
05-23-2017 06:58:06.206,DEBUG,C4BA5A215F2FBF220705BB47F1F7E445,Checking match of request : '/0089/searchdata'; against '/0013/**'
05-23-2017 06:58:06.206,DEBUG,C4BA5A215F2FBF220705BB47F1F7E445,Checking match of request : '/0089/searchdata'; against '/0023/**'
05-23-2017 06:58:06.206,DEBUG,C4BA5A215F2FBF220705BB47F1F7E445,Checking match of request : '/0089/searchdata'; against '/0017/**'
05-23-2017 06:58:06.206,DEBUG,C4BA5A215F2FBF220705BB47F1F7E445,Checking match of request : '/0089/searchdata'; against '/0031/**'
05-23-2017 06:58:06.206,DEBUG,C4BA5A215F2FBF220705BB47F1F7E445,Checking match of request : '/0089/searchdata'; against '/0035/**'
05-23-2017 06:58:06.206,DEBUG,C4BA5A215F2FBF220705BB47F1F7E445,Checking match of request : '/0089/searchdata'; against '/0037/**'
05-23-2017 06:58:06.206,DEBUG,C4BA5A215F2FBF220705BB47F1F7E445,Checking match of request : '/0089/searchdata'; against '/0045/**'
05-23-2017 06:58:06.206,DEBUG,C4BA5A215F2FBF220705BB47F1F7E445,Checking match of request : '/0089/searchdata'; against '/0047/**'
05-23-2017 06:58:06.206,DEBUG,C4BA5A215F2FBF220705BB47F1F7E445,Checking match of request : '/0089/searchdata'; against '/0049/**'
05-23-2017 06:58:06.206,DEBUG,C4BA5A215F2FBF220705BB47F1F7E445,Checking match of request : '/0089/searchdata'; against '/0061/**'
05-23-2017 06:58:06.206,DEBUG,C4BA5A215F2FBF220705BB47F1F7E445,Checking match of request : '/0089/searchdata'; against '/0087/**'
05-23-2017 06:58:06.206,DEBUG,C4BA5A215F2FBF220705BB47F1F7E445,Checking match of request : '/0089/searchdata'; against '/0075/**'
05-23-2017 06:58:06.206,DEBUG,C4BA5A215F2FBF220705BB47F1F7E445,Checking match of request : '/0089/searchdata'; against '/0089/**'
05-23-2017 06:58:06.206,DEBUG,C4BA5A215F2FBF220705BB47F1F7E445,Secure object: FilterInvocation: URL: /0089/searchData; Attributes: [ROLE_ADMIN, ROLE_USER, IS_AUTHENTICATED_FULLY]
05-23-2017 06:58:06.206,DEBUG,C4BA5A215F2FBF220705BB47F1F7E445,Previously Authenticated: org.springframework.security.authentication.UsernamePasswordAuthenticationToken@3b6ee12b: Principal: vn.bananavietnam.ict.common.auth.MyUser@c4907816: Username: U0000000001; Password: [PROTECTED]; Enabled: true; AccountNonExpired: true; credentialsNonExpired: true; AccountNonLocked: true; Granted Authorities: 1; Credentials: [PROTECTED]; Authenticated: true; Details: org.springframework.security.web.authentication.WebAuthenticationDetails@166c8: RemoteIpAddress: 0:0:0:0:0:0:0:1; SessionId: C4BA5A215F2FBF220705BB47F1F7E445; Granted Authorities: 1
05-23-2017 06:58:06.206,DEBUG,C4BA5A215F2FBF220705BB47F1F7E445,Voter: org.springframework.security.access.vote.RoleVoter@1ac872d, returned: -1
05-23-2017 06:58:06.206,DEBUG,C4BA5A215F2FBF220705BB47F1F7E445,Voter: org.springframework.security.access.vote.AuthenticatedVoter@b1927d, returned: 1
05-23-2017 06:58:06.206,DEBUG,C4BA5A215F2FBF220705BB47F1F7E445,Authorization successful
05-23-2017 06:58:06.206,DEBUG,C4BA5A215F2FBF220705BB47F1F7E445,RunAsManager did not change Authentication object
05-23-2017 06:58:06.206,DEBUG,C4BA5A215F2FBF220705BB47F1F7E445,/0089/searchData reached end of additional filter chain; proceeding with original chain
05-23-2017 06:58:06.206,DEBUG,C4BA5A215F2FBF220705BB47F1F7E445,Request [/ict/0089/searchData] is not a multipart request
05-23-2017 06:58:06.206,DEBUG,85202CE4D615789BE3ECA7D7E25680C2,DispatcherServlet with name 'appServlet' processing POST request for [/ict/0089/searchData]
05-23-2017 06:58:06.206,DEBUG,85202CE4D615789BE3ECA7D7E25680C2,Looking up handler method for path /0089/searchData
05-23-2017 06:58:06.206,DEBUG,85202CE4D615789BE3ECA7D7E25680C2,Returning handler method [public java.util.List<vn.bananavietnam.ict.banana.component.Bnn0089SearchTaskResult> vn.bananavietnam.ict.banana.controller.Bnn0089SearchTaskController.searchData(vn.bananavietnam.ict.banana.component.Bnn0089SearchTaskConditions)]
05-23-2017 06:58:06.207,DEBUG,85202CE4D615789BE3ECA7D7E25680C2,Returning cached instance of singleton bean 'bnn0089SearchTaskController'
05-23-2017 06:58:06.207,DEBUG,85202CE4D615789BE3ECA7D7E25680C2,Returning cached instance of singleton bean 'xml_path'
05-23-2017 06:58:06.207,DEBUG,85202CE4D615789BE3ECA7D7E25680C2,Read [class vn.bananavietnam.ict.banana.component.Bnn0089SearchTaskConditions] as "application/json" with [org.springframework.http.converter.json.MappingJackson2HttpMessageConverter@156f2cc]
05-23-2017 06:58:06.207,INFO ,85202CE4D615789BE3ECA7D7E25680C2,U0000000001,vn.bananavietnam.ict.banana.service.Bnn0089SearchTaskService,searchData,[vn.bananavietnam.ict.banana.component.Bnn0089SearchTaskConditions@1332941] METHOD START
05-23-2017 06:58:06.207,DEBUG,85202CE4D615789BE3ECA7D7E25680C2,Returning cached instance of singleton bean 'transactionManager'
05-23-2017 06:58:06.207,INFO ,85202CE4D615789BE3ECA7D7E25680C2,U0000000001,Task searching started
05-23-2017 06:58:06.207,DEBUG,85202CE4D615789BE3ECA7D7E25680C2,Creating a new SqlSession
05-23-2017 06:58:06.207,DEBUG,85202CE4D615789BE3ECA7D7E25680C2,Registering transaction synchronization for SqlSession [org.apache.ibatis.session.defaults.DefaultSqlSession@8f212a]
05-23-2017 06:58:06.207,DEBUG,85202CE4D615789BE3ECA7D7E25680C2,Fetching JDBC Connection from DataSource
05-23-2017 06:58:06.207,DEBUG,85202CE4D615789BE3ECA7D7E25680C2,Creating new JDBC DriverManager Connection to [jdbc:mysql://172.16.0.175:3306/BANANA_DB_HUNG_SELENIUM?useUnicode=yes&characterEncoding=UTF-8&autoReconnect=true]
05-23-2017 06:58:10.233,DEBUG,85202CE4D615789BE3ECA7D7E25680C2,Releasing transactional SqlSession [org.apache.ibatis.session.defaults.DefaultSqlSession@8f212a]
05-23-2017 06:58:10.242,ERROR,85202CE4D615789BE3ECA7D7E25680C2,U0000000001,java.lang.Exception: nested exception is org.apache.ibatis.exceptions.PersistenceException: 
05-23-2017 06:58:10.242,DEBUG,85202CE4D615789BE3ECA7D7E25680C2,Transaction synchronization deregistering SqlSession [org.apache.ibatis.session.defaults.DefaultSqlSession@8f212a]
05-23-2017 06:58:10.242,DEBUG,85202CE4D615789BE3ECA7D7E25680C2,Transaction synchronization closing SqlSession [org.apache.ibatis.session.defaults.DefaultSqlSession@8f212a]
05-23-2017 06:58:10.242,DEBUG,85202CE4D615789BE3ECA7D7E25680C2,Should roll back transaction but cannot - no transaction available
05-23-2017 06:58:10.243,INFO ,85202CE4D615789BE3ECA7D7E25680C2,U0000000001,vn.bananavietnam.ict.banana.service.Bnn0089SearchTaskService,searchData,[vn.bananavietnam.ict.banana.component.Bnn0089SearchTaskConditions@1332941] METHOD END
05-23-2017 06:58:10.244,DEBUG,85202CE4D615789BE3ECA7D7E25680C2,Null ModelAndView returned to DispatcherServlet with name 'appServlet': assuming HandlerAdapter completed request handling
05-23-2017 06:58:10.244,DEBUG,85202CE4D615789BE3ECA7D7E25680C2,Successfully completed request
05-23-2017 06:58:10.244,DEBUG,85202CE4D615789BE3ECA7D7E25680C2,Chain processed normally
05-23-2017 06:58:10.245,DEBUG,85202CE4D615789BE3ECA7D7E25680C2,SecurityContextHolder now cleared, as request processing completed
05-23-2017 06:58:27.786,DEBUG,DC0049385B4DC8ED2AC0968A361ECFAF,/0089/searchData at position 1 of 11 in additional filter chain; firing Filter: 'SecurityContextPersistenceFilter'
05-23-2017 06:58:27.787,DEBUG,DC0049385B4DC8ED2AC0968A361ECFAF,Obtained a valid SecurityContext from SPRING_SECURITY_CONTEXT: 'org.springframework.security.core.context.SecurityContextImpl@3b6ee12b: Authentication: org.springframework.security.authentication.UsernamePasswordAuthenticationToken@3b6ee12b: Principal: vn.bananavietnam.ict.common.auth.MyUser@c4907816: Username: U0000000001; Password: [PROTECTED]; Enabled: true; AccountNonExpired: true; credentialsNonExpired: true; AccountNonLocked: true; Granted Authorities: 1; Credentials: [PROTECTED]; Authenticated: true; Details: org.springframework.security.web.authentication.WebAuthenticationDetails@166c8: RemoteIpAddress: 0:0:0:0:0:0:0:1; SessionId: C4BA5A215F2FBF220705BB47F1F7E445; Granted Authorities: 1'
05-23-2017 06:58:27.787,DEBUG,DC0049385B4DC8ED2AC0968A361ECFAF,/0089/searchData at position 2 of 11 in additional filter chain; firing Filter: 'WebAsyncManagerIntegrationFilter'
05-23-2017 06:58:27.787,DEBUG,DC0049385B4DC8ED2AC0968A361ECFAF,/0089/searchData at position 3 of 11 in additional filter chain; firing Filter: 'LogoutFilter'
05-23-2017 06:58:27.787,DEBUG,DC0049385B4DC8ED2AC0968A361ECFAF,/0089/searchData at position 4 of 11 in additional filter chain; firing Filter: 'UsernamePasswordAuthenticationFilter'
05-23-2017 06:58:27.787,DEBUG,DC0049385B4DC8ED2AC0968A361ECFAF,/0089/searchData at position 5 of 11 in additional filter chain; firing Filter: 'BasicAuthenticationFilter'
05-23-2017 06:58:27.787,DEBUG,DC0049385B4DC8ED2AC0968A361ECFAF,/0089/searchData at position 6 of 11 in additional filter chain; firing Filter: 'RequestCacheAwareFilter'
05-23-2017 06:58:27.787,DEBUG,DC0049385B4DC8ED2AC0968A361ECFAF,/0089/searchData at position 7 of 11 in additional filter chain; firing Filter: 'SecurityContextHolderAwareRequestFilter'
05-23-2017 06:58:27.787,DEBUG,DC0049385B4DC8ED2AC0968A361ECFAF,/0089/searchData at position 8 of 11 in additional filter chain; firing Filter: 'AnonymousAuthenticationFilter'
05-23-2017 06:58:27.787,DEBUG,DC0049385B4DC8ED2AC0968A361ECFAF,SecurityContextHolder not populated with anonymous token, as it already contained: 'org.springframework.security.authentication.UsernamePasswordAuthenticationToken@3b6ee12b: Principal: vn.bananavietnam.ict.common.auth.MyUser@c4907816: Username: U0000000001; Password: [PROTECTED]; Enabled: true; AccountNonExpired: true; credentialsNonExpired: true; AccountNonLocked: true; Granted Authorities: 1; Credentials: [PROTECTED]; Authenticated: true; Details: org.springframework.security.web.authentication.WebAuthenticationDetails@166c8: RemoteIpAddress: 0:0:0:0:0:0:0:1; SessionId: C4BA5A215F2FBF220705BB47F1F7E445; Granted Authorities: 1'
05-23-2017 06:58:27.788,DEBUG,DC0049385B4DC8ED2AC0968A361ECFAF,/0089/searchData at position 9 of 11 in additional filter chain; firing Filter: 'SessionManagementFilter'
05-23-2017 06:58:27.788,DEBUG,DC0049385B4DC8ED2AC0968A361ECFAF,/0089/searchData at position 10 of 11 in additional filter chain; firing Filter: 'ExceptionTranslationFilter'
05-23-2017 06:58:27.788,DEBUG,DC0049385B4DC8ED2AC0968A361ECFAF,/0089/searchData at position 11 of 11 in additional filter chain; firing Filter: 'FilterSecurityInterceptor'
05-23-2017 06:58:27.788,DEBUG,DC0049385B4DC8ED2AC0968A361ECFAF,Checking match of request : '/0089/searchdata'; against '/autherror*'
05-23-2017 06:58:27.788,DEBUG,DC0049385B4DC8ED2AC0968A361ECFAF,Checking match of request : '/0089/searchdata'; against '/login/**'
05-23-2017 06:58:27.788,DEBUG,DC0049385B4DC8ED2AC0968A361ECFAF,Checking match of request : '/0089/searchdata'; against '/error/**'
05-23-2017 06:58:27.788,DEBUG,DC0049385B4DC8ED2AC0968A361ECFAF,Checking match of request : '/0089/searchdata'; against '/0001/**'
05-23-2017 06:58:27.788,DEBUG,DC0049385B4DC8ED2AC0968A361ECFAF,Checking match of request : '/0089/searchdata'; against '/0002/**'
05-23-2017 06:58:27.788,DEBUG,DC0049385B4DC8ED2AC0968A361ECFAF,Checking match of request : '/0089/searchdata'; against '/0003/**'
05-23-2017 06:58:27.788,DEBUG,DC0049385B4DC8ED2AC0968A361ECFAF,Checking match of request : '/0089/searchdata'; against '/0005/**'
05-23-2017 06:58:27.788,DEBUG,DC0049385B4DC8ED2AC0968A361ECFAF,Checking match of request : '/0089/searchdata'; against '/0007/**'
05-23-2017 06:58:27.788,DEBUG,DC0049385B4DC8ED2AC0968A361ECFAF,Checking match of request : '/0089/searchdata'; against '/0009/**'
05-23-2017 06:58:27.788,DEBUG,DC0049385B4DC8ED2AC0968A361ECFAF,Checking match of request : '/0089/searchdata'; against '/0013/**'
05-23-2017 06:58:27.788,DEBUG,DC0049385B4DC8ED2AC0968A361ECFAF,Checking match of request : '/0089/searchdata'; against '/0023/**'
05-23-2017 06:58:27.788,DEBUG,DC0049385B4DC8ED2AC0968A361ECFAF,Checking match of request : '/0089/searchdata'; against '/0017/**'
05-23-2017 06:58:27.788,DEBUG,DC0049385B4DC8ED2AC0968A361ECFAF,Checking match of request : '/0089/searchdata'; against '/0031/**'
05-23-2017 06:58:27.788,DEBUG,DC0049385B4DC8ED2AC0968A361ECFAF,Checking match of request : '/0089/searchdata'; against '/0035/**'
05-23-2017 06:58:27.788,DEBUG,DC0049385B4DC8ED2AC0968A361ECFAF,Checking match of request : '/0089/searchdata'; against '/0037/**'
05-23-2017 06:58:27.788,DEBUG,DC0049385B4DC8ED2AC0968A361ECFAF,Checking match of request : '/0089/searchdata'; against '/0045/**'
05-23-2017 06:58:27.789,DEBUG,DC0049385B4DC8ED2AC0968A361ECFAF,Checking match of request : '/0089/searchdata'; against '/0047/**'
05-23-2017 06:58:27.789,DEBUG,DC0049385B4DC8ED2AC0968A361ECFAF,Checking match of request : '/0089/searchdata'; against '/0049/**'
05-23-2017 06:58:27.789,DEBUG,DC0049385B4DC8ED2AC0968A361ECFAF,Checking match of request : '/0089/searchdata'; against '/0061/**'
05-23-2017 06:58:27.789,DEBUG,DC0049385B4DC8ED2AC0968A361ECFAF,Checking match of request : '/0089/searchdata'; against '/0087/**'
05-23-2017 06:58:27.789,DEBUG,DC0049385B4DC8ED2AC0968A361ECFAF,Checking match of request : '/0089/searchdata'; against '/0075/**'
05-23-2017 06:58:27.789,DEBUG,DC0049385B4DC8ED2AC0968A361ECFAF,Checking match of request : '/0089/searchdata'; against '/0089/**'
05-23-2017 06:58:27.789,DEBUG,DC0049385B4DC8ED2AC0968A361ECFAF,Secure object: FilterInvocation: URL: /0089/searchData; Attributes: [ROLE_ADMIN, ROLE_USER, IS_AUTHENTICATED_FULLY]
05-23-2017 06:58:27.789,DEBUG,DC0049385B4DC8ED2AC0968A361ECFAF,Previously Authenticated: org.springframework.security.authentication.UsernamePasswordAuthenticationToken@3b6ee12b: Principal: vn.bananavietnam.ict.common.auth.MyUser@c4907816: Username: U0000000001; Password: [PROTECTED]; Enabled: true; AccountNonExpired: true; credentialsNonExpired: true; AccountNonLocked: true; Granted Authorities: 1; Credentials: [PROTECTED]; Authenticated: true; Details: org.springframework.security.web.authentication.WebAuthenticationDetails@166c8: RemoteIpAddress: 0:0:0:0:0:0:0:1; SessionId: C4BA5A215F2FBF220705BB47F1F7E445; Granted Authorities: 1
05-23-2017 06:58:27.789,DEBUG,DC0049385B4DC8ED2AC0968A361ECFAF,Voter: org.springframework.security.access.vote.RoleVoter@1ac872d, returned: -1
05-23-2017 06:58:27.789,DEBUG,DC0049385B4DC8ED2AC0968A361ECFAF,Voter: org.springframework.security.access.vote.AuthenticatedVoter@b1927d, returned: 1
05-23-2017 06:58:27.789,DEBUG,DC0049385B4DC8ED2AC0968A361ECFAF,Authorization successful
05-23-2017 06:58:27.789,DEBUG,DC0049385B4DC8ED2AC0968A361ECFAF,RunAsManager did not change Authentication object
05-23-2017 06:58:27.789,DEBUG,DC0049385B4DC8ED2AC0968A361ECFAF,/0089/searchData reached end of additional filter chain; proceeding with original chain
05-23-2017 06:58:27.789,DEBUG,DC0049385B4DC8ED2AC0968A361ECFAF,Request [/ict/0089/searchData] is not a multipart request
05-23-2017 06:58:27.790,DEBUG,85202CE4D615789BE3ECA7D7E25680C2,DispatcherServlet with name 'appServlet' processing POST request for [/ict/0089/searchData]
05-23-2017 06:58:27.790,DEBUG,85202CE4D615789BE3ECA7D7E25680C2,Looking up handler method for path /0089/searchData
05-23-2017 06:58:27.790,DEBUG,85202CE4D615789BE3ECA7D7E25680C2,Returning handler method [public java.util.List<vn.bananavietnam.ict.banana.component.Bnn0089SearchTaskResult> vn.bananavietnam.ict.banana.controller.Bnn0089SearchTaskController.searchData(vn.bananavietnam.ict.banana.component.Bnn0089SearchTaskConditions)]
05-23-2017 06:58:27.790,DEBUG,85202CE4D615789BE3ECA7D7E25680C2,Returning cached instance of singleton bean 'bnn0089SearchTaskController'
05-23-2017 06:58:27.790,DEBUG,85202CE4D615789BE3ECA7D7E25680C2,Returning cached instance of singleton bean 'xml_path'
05-23-2017 06:58:27.791,DEBUG,85202CE4D615789BE3ECA7D7E25680C2,Read [class vn.bananavietnam.ict.banana.component.Bnn0089SearchTaskConditions] as "application/json" with [org.springframework.http.converter.json.MappingJackson2HttpMessageConverter@156f2cc]
05-23-2017 06:58:27.791,INFO ,85202CE4D615789BE3ECA7D7E25680C2,U0000000001,vn.bananavietnam.ict.banana.service.Bnn0089SearchTaskService,searchData,[vn.bananavietnam.ict.banana.component.Bnn0089SearchTaskConditions@a7b9a1] METHOD START
05-23-2017 06:58:27.791,DEBUG,85202CE4D615789BE3ECA7D7E25680C2,Returning cached instance of singleton bean 'transactionManager'
05-23-2017 06:58:27.791,INFO ,85202CE4D615789BE3ECA7D7E25680C2,U0000000001,Task searching started
05-23-2017 06:58:27.791,DEBUG,85202CE4D615789BE3ECA7D7E25680C2,Creating a new SqlSession
05-23-2017 06:58:27.791,DEBUG,85202CE4D615789BE3ECA7D7E25680C2,Registering transaction synchronization for SqlSession [org.apache.ibatis.session.defaults.DefaultSqlSession@186a019]
05-23-2017 06:58:27.791,DEBUG,85202CE4D615789BE3ECA7D7E25680C2,Fetching JDBC Connection from DataSource
05-23-2017 06:58:27.791,DEBUG,85202CE4D615789BE3ECA7D7E25680C2,Creating new JDBC DriverManager Connection to [jdbc:mysql://172.16.0.175:3306/BANANA_DB_HUNG_SELENIUM?useUnicode=yes&characterEncoding=UTF-8&autoReconnect=true]
05-23-2017 06:58:27.808,DEBUG,85202CE4D615789BE3ECA7D7E25680C2,Registering transaction synchronization for JDBC Connection
05-23-2017 06:58:27.808,DEBUG,85202CE4D615789BE3ECA7D7E25680C2,JDBC Connection [com.mysql.jdbc.JDBC4Connection@a3d750] will be managed by Spring
05-23-2017 06:58:27.808,DEBUG,85202CE4D615789BE3ECA7D7E25680C2,==>  Preparing: SELECT T.TASK_ID taskId, T.TASK_NAME taskName, T.WORKING_DETAILS workingDetails, T.NOTE note, T.QUARANTINE_HANDLING_FLAG quarantineHandlingFlag, T.DELETE_FLAG deleteFlag, T.CHANGE_POINT_CODE changePointCode, T.LAST_UPDATE_DATE lastUpdateDate FROM IVB_M_TASK T WHERE 1 = 1 AND T.DELETE_FLAG = '0' ORDER BY T.TASK_NAME LIMIT ?,? 
05-23-2017 06:58:27.808,DEBUG,85202CE4D615789BE3ECA7D7E25680C2,==> Parameters: 0(Integer), 20(Integer)
05-23-2017 06:58:27.811,DEBUG,85202CE4D615789BE3ECA7D7E25680C2,<==      Total: 20
05-23-2017 06:58:27.811,DEBUG,85202CE4D615789BE3ECA7D7E25680C2,Releasing transactional SqlSession [org.apache.ibatis.session.defaults.DefaultSqlSession@186a019]
05-23-2017 06:58:27.811,INFO ,85202CE4D615789BE3ECA7D7E25680C2,U0000000001,SQL execution finished
05-23-2017 06:58:27.811,DEBUG,85202CE4D615789BE3ECA7D7E25680C2,Fetched SqlSession [org.apache.ibatis.session.defaults.DefaultSqlSession@186a019] from current transaction
05-23-2017 06:58:27.812,DEBUG,85202CE4D615789BE3ECA7D7E25680C2,==>  Preparing: SELECT COUNT(*) FROM IVB_M_TASK T WHERE 1 = 1 AND T.DELETE_FLAG = '0' ORDER BY T.TASK_ID 
05-23-2017 06:58:27.812,DEBUG,85202CE4D615789BE3ECA7D7E25680C2,==> Parameters: 
05-23-2017 06:58:27.813,DEBUG,85202CE4D615789BE3ECA7D7E25680C2,<==      Total: 1
05-23-2017 06:58:27.813,DEBUG,85202CE4D615789BE3ECA7D7E25680C2,Releasing transactional SqlSession [org.apache.ibatis.session.defaults.DefaultSqlSession@186a019]
05-23-2017 06:58:27.813,INFO ,85202CE4D615789BE3ECA7D7E25680C2,U0000000001,Task searching finished ==> 43 item(s)
05-23-2017 06:58:27.813,DEBUG,85202CE4D615789BE3ECA7D7E25680C2,Transaction synchronization deregistering SqlSession [org.apache.ibatis.session.defaults.DefaultSqlSession@186a019]
05-23-2017 06:58:27.813,DEBUG,85202CE4D615789BE3ECA7D7E25680C2,Transaction synchronization closing SqlSession [org.apache.ibatis.session.defaults.DefaultSqlSession@186a019]
05-23-2017 06:58:27.813,DEBUG,85202CE4D615789BE3ECA7D7E25680C2,Returning JDBC Connection to DataSource
05-23-2017 06:58:27.814,INFO ,85202CE4D615789BE3ECA7D7E25680C2,U0000000001,vn.bananavietnam.ict.banana.service.Bnn0089SearchTaskService,searchData,[vn.bananavietnam.ict.banana.component.Bnn0089SearchTaskConditions@a7b9a1] METHOD END
05-23-2017 06:58:27.816,DEBUG,85202CE4D615789BE3ECA7D7E25680C2,Written [[vn.bananavietnam.ict.banana.component.Bnn0089SearchTaskResult@e5b231, vn.bananavietnam.ict.banana.component.Bnn0089SearchTaskResult@748457, vn.bananavietnam.ict.banana.component.Bnn0089SearchTaskResult@1ee36fc, vn.bananavietnam.ict.banana.component.Bnn0089SearchTaskResult@5123f8, vn.bananavietnam.ict.banana.component.Bnn0089SearchTaskResult@17474f9, vn.bananavietnam.ict.banana.component.Bnn0089SearchTaskResult@1dc0dbc, vn.bananavietnam.ict.banana.component.Bnn0089SearchTaskResult@19d8e6d, vn.bananavietnam.ict.banana.component.Bnn0089SearchTaskResult@922c85, vn.bananavietnam.ict.banana.component.Bnn0089SearchTaskResult@7b4412, vn.bananavietnam.ict.banana.component.Bnn0089SearchTaskResult@14d18cc, vn.bananavietnam.ict.banana.component.Bnn0089SearchTaskResult@30002e, vn.bananavietnam.ict.banana.component.Bnn0089SearchTaskResult@169f0a9, vn.bananavietnam.ict.banana.component.Bnn0089SearchTaskResult@1ec6882, vn.bananavietnam.ict.banana.component.Bnn0089SearchTaskResult@8c970b, vn.bananavietnam.ict.banana.component.Bnn0089SearchTaskResult@2dc704, vn.bananavietnam.ict.banana.component.Bnn0089SearchTaskResult@319050, vn.bananavietnam.ict.banana.component.Bnn0089SearchTaskResult@9b5dec, vn.bananavietnam.ict.banana.component.Bnn0089SearchTaskResult@41bb3b, vn.bananavietnam.ict.banana.component.Bnn0089SearchTaskResult@204910, vn.bananavietnam.ict.banana.component.Bnn0089SearchTaskResult@f5e414]] as "application/json;charset=UTF-8" using [org.springframework.http.converter.json.MappingJackson2HttpMessageConverter@156f2cc]
05-23-2017 06:58:27.816,DEBUG,85202CE4D615789BE3ECA7D7E25680C2,Null ModelAndView returned to DispatcherServlet with name 'appServlet': assuming HandlerAdapter completed request handling
05-23-2017 06:58:27.816,DEBUG,85202CE4D615789BE3ECA7D7E25680C2,Successfully completed request
05-23-2017 06:58:27.816,DEBUG,85202CE4D615789BE3ECA7D7E25680C2,Chain processed normally
05-23-2017 06:58:27.816,DEBUG,85202CE4D615789BE3ECA7D7E25680C2,SecurityContextHolder now cleared, as request processing completed
05-23-2017 06:58:28.900,DEBUG,C4BA5A215F2FBF220705BB47F1F7E445,/0089/searchData at position 1 of 11 in additional filter chain; firing Filter: 'SecurityContextPersistenceFilter'
05-23-2017 06:58:28.901,DEBUG,C4BA5A215F2FBF220705BB47F1F7E445,Obtained a valid SecurityContext from SPRING_SECURITY_CONTEXT: 'org.springframework.security.core.context.SecurityContextImpl@3b6ee12b: Authentication: org.springframework.security.authentication.UsernamePasswordAuthenticationToken@3b6ee12b: Principal: vn.bananavietnam.ict.common.auth.MyUser@c4907816: Username: U0000000001; Password: [PROTECTED]; Enabled: true; AccountNonExpired: true; credentialsNonExpired: true; AccountNonLocked: true; Granted Authorities: 1; Credentials: [PROTECTED]; Authenticated: true; Details: org.springframework.security.web.authentication.WebAuthenticationDetails@166c8: RemoteIpAddress: 0:0:0:0:0:0:0:1; SessionId: C4BA5A215F2FBF220705BB47F1F7E445; Granted Authorities: 1'
05-23-2017 06:58:28.901,DEBUG,C4BA5A215F2FBF220705BB47F1F7E445,/0089/searchData at position 2 of 11 in additional filter chain; firing Filter: 'WebAsyncManagerIntegrationFilter'
05-23-2017 06:58:28.901,DEBUG,C4BA5A215F2FBF220705BB47F1F7E445,/0089/searchData at position 3 of 11 in additional filter chain; firing Filter: 'LogoutFilter'
05-23-2017 06:58:28.901,DEBUG,C4BA5A215F2FBF220705BB47F1F7E445,/0089/searchData at position 4 of 11 in additional filter chain; firing Filter: 'UsernamePasswordAuthenticationFilter'
05-23-2017 06:58:28.901,DEBUG,C4BA5A215F2FBF220705BB47F1F7E445,/0089/searchData at position 5 of 11 in additional filter chain; firing Filter: 'BasicAuthenticationFilter'
05-23-2017 06:58:28.901,DEBUG,C4BA5A215F2FBF220705BB47F1F7E445,/0089/searchData at position 6 of 11 in additional filter chain; firing Filter: 'RequestCacheAwareFilter'
05-23-2017 06:58:28.901,DEBUG,C4BA5A215F2FBF220705BB47F1F7E445,/0089/searchData at position 7 of 11 in additional filter chain; firing Filter: 'SecurityContextHolderAwareRequestFilter'
05-23-2017 06:58:28.901,DEBUG,C4BA5A215F2FBF220705BB47F1F7E445,/0089/searchData at position 8 of 11 in additional filter chain; firing Filter: 'AnonymousAuthenticationFilter'
05-23-2017 06:58:28.901,DEBUG,C4BA5A215F2FBF220705BB47F1F7E445,SecurityContextHolder not populated with anonymous token, as it already contained: 'org.springframework.security.authentication.UsernamePasswordAuthenticationToken@3b6ee12b: Principal: vn.bananavietnam.ict.common.auth.MyUser@c4907816: Username: U0000000001; Password: [PROTECTED]; Enabled: true; AccountNonExpired: true; credentialsNonExpired: true; AccountNonLocked: true; Granted Authorities: 1; Credentials: [PROTECTED]; Authenticated: true; Details: org.springframework.security.web.authentication.WebAuthenticationDetails@166c8: RemoteIpAddress: 0:0:0:0:0:0:0:1; SessionId: C4BA5A215F2FBF220705BB47F1F7E445; Granted Authorities: 1'
05-23-2017 06:58:28.901,DEBUG,C4BA5A215F2FBF220705BB47F1F7E445,/0089/searchData at position 9 of 11 in additional filter chain; firing Filter: 'SessionManagementFilter'
05-23-2017 06:58:28.901,DEBUG,C4BA5A215F2FBF220705BB47F1F7E445,/0089/searchData at position 10 of 11 in additional filter chain; firing Filter: 'ExceptionTranslationFilter'
05-23-2017 06:58:28.901,DEBUG,C4BA5A215F2FBF220705BB47F1F7E445,/0089/searchData at position 11 of 11 in additional filter chain; firing Filter: 'FilterSecurityInterceptor'
05-23-2017 06:58:28.901,DEBUG,C4BA5A215F2FBF220705BB47F1F7E445,Checking match of request : '/0089/searchdata'; against '/autherror*'
05-23-2017 06:58:28.901,DEBUG,C4BA5A215F2FBF220705BB47F1F7E445,Checking match of request : '/0089/searchdata'; against '/login/**'
05-23-2017 06:58:28.901,DEBUG,C4BA5A215F2FBF220705BB47F1F7E445,Checking match of request : '/0089/searchdata'; against '/error/**'
05-23-2017 06:58:28.901,DEBUG,C4BA5A215F2FBF220705BB47F1F7E445,Checking match of request : '/0089/searchdata'; against '/0001/**'
05-23-2017 06:58:28.901,DEBUG,C4BA5A215F2FBF220705BB47F1F7E445,Checking match of request : '/0089/searchdata'; against '/0002/**'
05-23-2017 06:58:28.901,DEBUG,C4BA5A215F2FBF220705BB47F1F7E445,Checking match of request : '/0089/searchdata'; against '/0003/**'
05-23-2017 06:58:28.901,DEBUG,C4BA5A215F2FBF220705BB47F1F7E445,Checking match of request : '/0089/searchdata'; against '/0005/**'
05-23-2017 06:58:28.901,DEBUG,C4BA5A215F2FBF220705BB47F1F7E445,Checking match of request : '/0089/searchdata'; against '/0007/**'
05-23-2017 06:58:28.901,DEBUG,C4BA5A215F2FBF220705BB47F1F7E445,Checking match of request : '/0089/searchdata'; against '/0009/**'
05-23-2017 06:58:28.901,DEBUG,C4BA5A215F2FBF220705BB47F1F7E445,Checking match of request : '/0089/searchdata'; against '/0013/**'
05-23-2017 06:58:28.901,DEBUG,C4BA5A215F2FBF220705BB47F1F7E445,Checking match of request : '/0089/searchdata'; against '/0023/**'
05-23-2017 06:58:28.901,DEBUG,C4BA5A215F2FBF220705BB47F1F7E445,Checking match of request : '/0089/searchdata'; against '/0017/**'
05-23-2017 06:58:28.901,DEBUG,C4BA5A215F2FBF220705BB47F1F7E445,Checking match of request : '/0089/searchdata'; against '/0031/**'
05-23-2017 06:58:28.901,DEBUG,C4BA5A215F2FBF220705BB47F1F7E445,Checking match of request : '/0089/searchdata'; against '/0035/**'
05-23-2017 06:58:28.901,DEBUG,C4BA5A215F2FBF220705BB47F1F7E445,Checking match of request : '/0089/searchdata'; against '/0037/**'
05-23-2017 06:58:28.901,DEBUG,C4BA5A215F2FBF220705BB47F1F7E445,Checking match of request : '/0089/searchdata'; against '/0045/**'
05-23-2017 06:58:28.901,DEBUG,C4BA5A215F2FBF220705BB47F1F7E445,Checking match of request : '/0089/searchdata'; against '/0047/**'
05-23-2017 06:58:28.901,DEBUG,C4BA5A215F2FBF220705BB47F1F7E445,Checking match of request : '/0089/searchdata'; against '/0049/**'
05-23-2017 06:58:28.901,DEBUG,C4BA5A215F2FBF220705BB47F1F7E445,Checking match of request : '/0089/searchdata'; against '/0061/**'
05-23-2017 06:58:28.901,DEBUG,C4BA5A215F2FBF220705BB47F1F7E445,Checking match of request : '/0089/searchdata'; against '/0087/**'
05-23-2017 06:58:28.901,DEBUG,C4BA5A215F2FBF220705BB47F1F7E445,Checking match of request : '/0089/searchdata'; against '/0075/**'
05-23-2017 06:58:28.901,DEBUG,C4BA5A215F2FBF220705BB47F1F7E445,Checking match of request : '/0089/searchdata'; against '/0089/**'
05-23-2017 06:58:28.901,DEBUG,C4BA5A215F2FBF220705BB47F1F7E445,Secure object: FilterInvocation: URL: /0089/searchData; Attributes: [ROLE_ADMIN, ROLE_USER, IS_AUTHENTICATED_FULLY]
05-23-2017 06:58:28.902,DEBUG,C4BA5A215F2FBF220705BB47F1F7E445,Previously Authenticated: org.springframework.security.authentication.UsernamePasswordAuthenticationToken@3b6ee12b: Principal: vn.bananavietnam.ict.common.auth.MyUser@c4907816: Username: U0000000001; Password: [PROTECTED]; Enabled: true; AccountNonExpired: true; credentialsNonExpired: true; AccountNonLocked: true; Granted Authorities: 1; Credentials: [PROTECTED]; Authenticated: true; Details: org.springframework.security.web.authentication.WebAuthenticationDetails@166c8: RemoteIpAddress: 0:0:0:0:0:0:0:1; SessionId: C4BA5A215F2FBF220705BB47F1F7E445; Granted Authorities: 1
05-23-2017 06:58:28.902,DEBUG,C4BA5A215F2FBF220705BB47F1F7E445,Voter: org.springframework.security.access.vote.RoleVoter@1ac872d, returned: -1
05-23-2017 06:58:28.902,DEBUG,C4BA5A215F2FBF220705BB47F1F7E445,Voter: org.springframework.security.access.vote.AuthenticatedVoter@b1927d, returned: 1
05-23-2017 06:58:28.902,DEBUG,C4BA5A215F2FBF220705BB47F1F7E445,Authorization successful
05-23-2017 06:58:28.902,DEBUG,C4BA5A215F2FBF220705BB47F1F7E445,RunAsManager did not change Authentication object
05-23-2017 06:58:28.902,DEBUG,C4BA5A215F2FBF220705BB47F1F7E445,/0089/searchData reached end of additional filter chain; proceeding with original chain
05-23-2017 06:58:28.902,DEBUG,C4BA5A215F2FBF220705BB47F1F7E445,Request [/ict/0089/searchData] is not a multipart request
05-23-2017 06:58:28.902,DEBUG,85202CE4D615789BE3ECA7D7E25680C2,DispatcherServlet with name 'appServlet' processing POST request for [/ict/0089/searchData]
05-23-2017 06:58:28.902,DEBUG,85202CE4D615789BE3ECA7D7E25680C2,Looking up handler method for path /0089/searchData
05-23-2017 06:58:28.902,DEBUG,85202CE4D615789BE3ECA7D7E25680C2,Returning handler method [public java.util.List<vn.bananavietnam.ict.banana.component.Bnn0089SearchTaskResult> vn.bananavietnam.ict.banana.controller.Bnn0089SearchTaskController.searchData(vn.bananavietnam.ict.banana.component.Bnn0089SearchTaskConditions)]
05-23-2017 06:58:28.902,DEBUG,85202CE4D615789BE3ECA7D7E25680C2,Returning cached instance of singleton bean 'bnn0089SearchTaskController'
05-23-2017 06:58:28.902,DEBUG,85202CE4D615789BE3ECA7D7E25680C2,Returning cached instance of singleton bean 'xml_path'
05-23-2017 06:58:28.902,DEBUG,85202CE4D615789BE3ECA7D7E25680C2,Read [class vn.bananavietnam.ict.banana.component.Bnn0089SearchTaskConditions] as "application/json" with [org.springframework.http.converter.json.MappingJackson2HttpMessageConverter@156f2cc]
05-23-2017 06:58:28.903,INFO ,85202CE4D615789BE3ECA7D7E25680C2,U0000000001,vn.bananavietnam.ict.banana.service.Bnn0089SearchTaskService,searchData,[vn.bananavietnam.ict.banana.component.Bnn0089SearchTaskConditions@124b025] METHOD START
05-23-2017 06:58:28.903,DEBUG,85202CE4D615789BE3ECA7D7E25680C2,Returning cached instance of singleton bean 'transactionManager'
05-23-2017 06:58:28.903,INFO ,85202CE4D615789BE3ECA7D7E25680C2,U0000000001,Task searching started
05-23-2017 06:58:28.903,DEBUG,85202CE4D615789BE3ECA7D7E25680C2,Creating a new SqlSession
05-23-2017 06:58:28.903,DEBUG,85202CE4D615789BE3ECA7D7E25680C2,Registering transaction synchronization for SqlSession [org.apache.ibatis.session.defaults.DefaultSqlSession@1e3f294]
05-23-2017 06:58:28.903,DEBUG,85202CE4D615789BE3ECA7D7E25680C2,Fetching JDBC Connection from DataSource
05-23-2017 06:58:28.903,DEBUG,85202CE4D615789BE3ECA7D7E25680C2,Creating new JDBC DriverManager Connection to [jdbc:mysql://172.16.0.175:3306/BANANA_DB_HUNG_SELENIUM?useUnicode=yes&characterEncoding=UTF-8&autoReconnect=true]
05-23-2017 06:58:28.920,DEBUG,85202CE4D615789BE3ECA7D7E25680C2,Registering transaction synchronization for JDBC Connection
05-23-2017 06:58:28.920,DEBUG,85202CE4D615789BE3ECA7D7E25680C2,JDBC Connection [com.mysql.jdbc.JDBC4Connection@5c69a5] will be managed by Spring
05-23-2017 06:58:28.920,DEBUG,85202CE4D615789BE3ECA7D7E25680C2,==>  Preparing: SELECT T.TASK_ID taskId, T.TASK_NAME taskName, T.WORKING_DETAILS workingDetails, T.NOTE note, T.QUARANTINE_HANDLING_FLAG quarantineHandlingFlag, T.DELETE_FLAG deleteFlag, T.CHANGE_POINT_CODE changePointCode, T.LAST_UPDATE_DATE lastUpdateDate FROM IVB_M_TASK T WHERE 1 = 1 AND T.DELETE_FLAG = '0' ORDER BY T.TASK_NAME LIMIT ?,? 
05-23-2017 06:58:28.920,DEBUG,85202CE4D615789BE3ECA7D7E25680C2,==> Parameters: 40(Integer), 20(Integer)
05-23-2017 06:58:28.925,DEBUG,85202CE4D615789BE3ECA7D7E25680C2,<==      Total: 3
05-23-2017 06:58:28.925,DEBUG,85202CE4D615789BE3ECA7D7E25680C2,Releasing transactional SqlSession [org.apache.ibatis.session.defaults.DefaultSqlSession@1e3f294]
05-23-2017 06:58:28.925,INFO ,85202CE4D615789BE3ECA7D7E25680C2,U0000000001,SQL execution finished
05-23-2017 06:58:28.926,DEBUG,85202CE4D615789BE3ECA7D7E25680C2,Fetched SqlSession [org.apache.ibatis.session.defaults.DefaultSqlSession@1e3f294] from current transaction
05-23-2017 06:58:28.926,DEBUG,85202CE4D615789BE3ECA7D7E25680C2,==>  Preparing: SELECT COUNT(*) FROM IVB_M_TASK T WHERE 1 = 1 AND T.DELETE_FLAG = '0' ORDER BY T.TASK_ID 
05-23-2017 06:58:28.926,DEBUG,85202CE4D615789BE3ECA7D7E25680C2,==> Parameters: 
05-23-2017 06:58:28.931,DEBUG,85202CE4D615789BE3ECA7D7E25680C2,<==      Total: 1
05-23-2017 06:58:28.931,DEBUG,85202CE4D615789BE3ECA7D7E25680C2,Releasing transactional SqlSession [org.apache.ibatis.session.defaults.DefaultSqlSession@1e3f294]
05-23-2017 06:58:28.931,INFO ,85202CE4D615789BE3ECA7D7E25680C2,U0000000001,Task searching finished ==> 43 item(s)
05-23-2017 06:58:28.931,DEBUG,85202CE4D615789BE3ECA7D7E25680C2,Transaction synchronization deregistering SqlSession [org.apache.ibatis.session.defaults.DefaultSqlSession@1e3f294]
05-23-2017 06:58:28.931,DEBUG,85202CE4D615789BE3ECA7D7E25680C2,Transaction synchronization closing SqlSession [org.apache.ibatis.session.defaults.DefaultSqlSession@1e3f294]
05-23-2017 06:58:28.931,DEBUG,85202CE4D615789BE3ECA7D7E25680C2,Returning JDBC Connection to DataSource
05-23-2017 06:58:28.931,INFO ,85202CE4D615789BE3ECA7D7E25680C2,U0000000001,vn.bananavietnam.ict.banana.service.Bnn0089SearchTaskService,searchData,[vn.bananavietnam.ict.banana.component.Bnn0089SearchTaskConditions@124b025] METHOD END
05-23-2017 06:58:28.932,DEBUG,85202CE4D615789BE3ECA7D7E25680C2,Written [[vn.bananavietnam.ict.banana.component.Bnn0089SearchTaskResult@da8551, vn.bananavietnam.ict.banana.component.Bnn0089SearchTaskResult@1c75399, vn.bananavietnam.ict.banana.component.Bnn0089SearchTaskResult@24eb2]] as "application/json;charset=UTF-8" using [org.springframework.http.converter.json.MappingJackson2HttpMessageConverter@156f2cc]
05-23-2017 06:58:28.932,DEBUG,85202CE4D615789BE3ECA7D7E25680C2,Null ModelAndView returned to DispatcherServlet with name 'appServlet': assuming HandlerAdapter completed request handling
05-23-2017 06:58:28.932,DEBUG,85202CE4D615789BE3ECA7D7E25680C2,Successfully completed request
05-23-2017 06:58:28.932,DEBUG,85202CE4D615789BE3ECA7D7E25680C2,Chain processed normally
05-23-2017 06:58:28.932,DEBUG,85202CE4D615789BE3ECA7D7E25680C2,SecurityContextHolder now cleared, as request processing completed
