05-23-2017 06:34:54.370,DEBUG,97A95B27F52523D5EDC8CC7C08E3F47B,/0089/getSingleData at position 1 of 11 in additional filter chain; firing Filter: 'SecurityContextPersistenceFilter'
05-23-2017 06:34:54.370,DEBUG,97A95B27F52523D5EDC8CC7C08E3F47B,Obtained a valid SecurityContext from SPRING_SECURITY_CONTEXT: 'org.springframework.security.core.context.SecurityContextImpl@c4911edb: Authentication: org.springframework.security.authentication.UsernamePasswordAuthenticationToken@c4911edb: Principal: vn.bananavietnam.ict.common.auth.MyUser@c4907816: Username: U0000000001; Password: [PROTECTED]; Enabled: true; AccountNonExpired: true; credentialsNonExpired: true; AccountNonLocked: true; Granted Authorities: 1; Credentials: [PROTECTED]; Authenticated: true; Details: org.springframework.security.web.authentication.WebAuthenticationDetails@fffe9938: RemoteIpAddress: 0:0:0:0:0:0:0:1; SessionId: 45B56089F8ABC951C5C7FCC44BE5DE95; Granted Authorities: 1'
05-23-2017 06:34:54.371,DEBUG,97A95B27F52523D5EDC8CC7C08E3F47B,/0089/getSingleData at position 2 of 11 in additional filter chain; firing Filter: 'WebAsyncManagerIntegrationFilter'
05-23-2017 06:34:54.371,DEBUG,97A95B27F52523D5EDC8CC7C08E3F47B,/0089/getSingleData at position 3 of 11 in additional filter chain; firing Filter: 'LogoutFilter'
05-23-2017 06:34:54.371,DEBUG,97A95B27F52523D5EDC8CC7C08E3F47B,/0089/getSingleData at position 4 of 11 in additional filter chain; firing Filter: 'UsernamePasswordAuthenticationFilter'
05-23-2017 06:34:54.371,DEBUG,97A95B27F52523D5EDC8CC7C08E3F47B,/0089/getSingleData at position 5 of 11 in additional filter chain; firing Filter: 'BasicAuthenticationFilter'
05-23-2017 06:34:54.371,DEBUG,97A95B27F52523D5EDC8CC7C08E3F47B,/0089/getSingleData at position 6 of 11 in additional filter chain; firing Filter: 'RequestCacheAwareFilter'
05-23-2017 06:34:54.371,DEBUG,97A95B27F52523D5EDC8CC7C08E3F47B,/0089/getSingleData at position 7 of 11 in additional filter chain; firing Filter: 'SecurityContextHolderAwareRequestFilter'
05-23-2017 06:34:54.371,DEBUG,97A95B27F52523D5EDC8CC7C08E3F47B,/0089/getSingleData at position 8 of 11 in additional filter chain; firing Filter: 'AnonymousAuthenticationFilter'
05-23-2017 06:34:54.371,DEBUG,97A95B27F52523D5EDC8CC7C08E3F47B,SecurityContextHolder not populated with anonymous token, as it already contained: 'org.springframework.security.authentication.UsernamePasswordAuthenticationToken@c4911edb: Principal: vn.bananavietnam.ict.common.auth.MyUser@c4907816: Username: U0000000001; Password: [PROTECTED]; Enabled: true; AccountNonExpired: true; credentialsNonExpired: true; AccountNonLocked: true; Granted Authorities: 1; Credentials: [PROTECTED]; Authenticated: true; Details: org.springframework.security.web.authentication.WebAuthenticationDetails@fffe9938: RemoteIpAddress: 0:0:0:0:0:0:0:1; SessionId: 45B56089F8ABC951C5C7FCC44BE5DE95; Granted Authorities: 1'
05-23-2017 06:34:54.371,DEBUG,97A95B27F52523D5EDC8CC7C08E3F47B,/0089/getSingleData at position 9 of 11 in additional filter chain; firing Filter: 'SessionManagementFilter'
05-23-2017 06:34:54.371,DEBUG,97A95B27F52523D5EDC8CC7C08E3F47B,/0089/getSingleData at position 10 of 11 in additional filter chain; firing Filter: 'ExceptionTranslationFilter'
05-23-2017 06:34:54.371,DEBUG,97A95B27F52523D5EDC8CC7C08E3F47B,/0089/getSingleData at position 11 of 11 in additional filter chain; firing Filter: 'FilterSecurityInterceptor'
05-23-2017 06:34:54.371,DEBUG,97A95B27F52523D5EDC8CC7C08E3F47B,Checking match of request : '/0089/getsingledata'; against '/autherror*'
05-23-2017 06:34:54.371,DEBUG,97A95B27F52523D5EDC8CC7C08E3F47B,Checking match of request : '/0089/getsingledata'; against '/login/**'
05-23-2017 06:34:54.371,DEBUG,97A95B27F52523D5EDC8CC7C08E3F47B,Checking match of request : '/0089/getsingledata'; against '/error/**'
05-23-2017 06:34:54.371,DEBUG,97A95B27F52523D5EDC8CC7C08E3F47B,Checking match of request : '/0089/getsingledata'; against '/0001/**'
05-23-2017 06:34:54.371,DEBUG,97A95B27F52523D5EDC8CC7C08E3F47B,Checking match of request : '/0089/getsingledata'; against '/0002/**'
05-23-2017 06:34:54.371,DEBUG,97A95B27F52523D5EDC8CC7C08E3F47B,Checking match of request : '/0089/getsingledata'; against '/0003/**'
05-23-2017 06:34:54.371,DEBUG,97A95B27F52523D5EDC8CC7C08E3F47B,Checking match of request : '/0089/getsingledata'; against '/0005/**'
05-23-2017 06:34:54.371,DEBUG,97A95B27F52523D5EDC8CC7C08E3F47B,Checking match of request : '/0089/getsingledata'; against '/0007/**'
05-23-2017 06:34:54.371,DEBUG,97A95B27F52523D5EDC8CC7C08E3F47B,Checking match of request : '/0089/getsingledata'; against '/0009/**'
05-23-2017 06:34:54.371,DEBUG,97A95B27F52523D5EDC8CC7C08E3F47B,Checking match of request : '/0089/getsingledata'; against '/0013/**'
05-23-2017 06:34:54.371,DEBUG,97A95B27F52523D5EDC8CC7C08E3F47B,Checking match of request : '/0089/getsingledata'; against '/0023/**'
05-23-2017 06:34:54.371,DEBUG,97A95B27F52523D5EDC8CC7C08E3F47B,Checking match of request : '/0089/getsingledata'; against '/0017/**'
05-23-2017 06:34:54.371,DEBUG,97A95B27F52523D5EDC8CC7C08E3F47B,Checking match of request : '/0089/getsingledata'; against '/0031/**'
05-23-2017 06:34:54.371,DEBUG,97A95B27F52523D5EDC8CC7C08E3F47B,Checking match of request : '/0089/getsingledata'; against '/0035/**'
05-23-2017 06:34:54.371,DEBUG,97A95B27F52523D5EDC8CC7C08E3F47B,Checking match of request : '/0089/getsingledata'; against '/0037/**'
05-23-2017 06:34:54.371,DEBUG,97A95B27F52523D5EDC8CC7C08E3F47B,Checking match of request : '/0089/getsingledata'; against '/0045/**'
05-23-2017 06:34:54.371,DEBUG,97A95B27F52523D5EDC8CC7C08E3F47B,Checking match of request : '/0089/getsingledata'; against '/0047/**'
05-23-2017 06:34:54.371,DEBUG,97A95B27F52523D5EDC8CC7C08E3F47B,Checking match of request : '/0089/getsingledata'; against '/0049/**'
05-23-2017 06:34:54.371,DEBUG,97A95B27F52523D5EDC8CC7C08E3F47B,Checking match of request : '/0089/getsingledata'; against '/0061/**'
05-23-2017 06:34:54.371,DEBUG,97A95B27F52523D5EDC8CC7C08E3F47B,Checking match of request : '/0089/getsingledata'; against '/0087/**'
05-23-2017 06:34:54.371,DEBUG,97A95B27F52523D5EDC8CC7C08E3F47B,Checking match of request : '/0089/getsingledata'; against '/0075/**'
05-23-2017 06:34:54.371,DEBUG,97A95B27F52523D5EDC8CC7C08E3F47B,Checking match of request : '/0089/getsingledata'; against '/0089/**'
05-23-2017 06:34:54.371,DEBUG,97A95B27F52523D5EDC8CC7C08E3F47B,Secure object: FilterInvocation: URL: /0089/getSingleData; Attributes: [ROLE_ADMIN, ROLE_USER, IS_AUTHENTICATED_FULLY]
05-23-2017 06:34:54.371,DEBUG,97A95B27F52523D5EDC8CC7C08E3F47B,Previously Authenticated: org.springframework.security.authentication.UsernamePasswordAuthenticationToken@c4911edb: Principal: vn.bananavietnam.ict.common.auth.MyUser@c4907816: Username: U0000000001; Password: [PROTECTED]; Enabled: true; AccountNonExpired: true; credentialsNonExpired: true; AccountNonLocked: true; Granted Authorities: 1; Credentials: [PROTECTED]; Authenticated: true; Details: org.springframework.security.web.authentication.WebAuthenticationDetails@fffe9938: RemoteIpAddress: 0:0:0:0:0:0:0:1; SessionId: 45B56089F8ABC951C5C7FCC44BE5DE95; Granted Authorities: 1
05-23-2017 06:34:54.371,DEBUG,97A95B27F52523D5EDC8CC7C08E3F47B,Voter: org.springframework.security.access.vote.RoleVoter@c7637e, returned: -1
05-23-2017 06:34:54.371,DEBUG,97A95B27F52523D5EDC8CC7C08E3F47B,Voter: org.springframework.security.access.vote.AuthenticatedVoter@1f8faaf, returned: 1
05-23-2017 06:34:54.371,DEBUG,97A95B27F52523D5EDC8CC7C08E3F47B,Authorization successful
05-23-2017 06:34:54.372,DEBUG,97A95B27F52523D5EDC8CC7C08E3F47B,RunAsManager did not change Authentication object
05-23-2017 06:34:54.372,DEBUG,97A95B27F52523D5EDC8CC7C08E3F47B,/0089/getSingleData reached end of additional filter chain; proceeding with original chain
05-23-2017 06:34:54.372,DEBUG,97A95B27F52523D5EDC8CC7C08E3F47B,Request [/ict/0089/getSingleData] is not a multipart request
05-23-2017 06:34:54.372,DEBUG,97A95B27F52523D5EDC8CC7C08E3F47B,DispatcherServlet with name 'appServlet' processing POST request for [/ict/0089/getSingleData]
05-23-2017 06:34:54.372,DEBUG,97A95B27F52523D5EDC8CC7C08E3F47B,Looking up handler method for path /0089/getSingleData
05-23-2017 06:34:54.372,DEBUG,97A95B27F52523D5EDC8CC7C08E3F47B,Returning handler method [public vn.bananavietnam.ict.common.db.model.IvbMTask vn.bananavietnam.ict.banana.controller.Bnn0089SearchTaskController.getSingleData(vn.bananavietnam.ict.banana.component.Bnn0089SearchTaskConditions)]
05-23-2017 06:34:54.372,DEBUG,97A95B27F52523D5EDC8CC7C08E3F47B,Returning cached instance of singleton bean 'bnn0089SearchTaskController'
05-23-2017 06:34:54.372,DEBUG,97A95B27F52523D5EDC8CC7C08E3F47B,Returning cached instance of singleton bean 'xml_path'
05-23-2017 06:34:54.372,DEBUG,97A95B27F52523D5EDC8CC7C08E3F47B,Read [class vn.bananavietnam.ict.banana.component.Bnn0089SearchTaskConditions] as "application/json" with [org.springframework.http.converter.json.MappingJackson2HttpMessageConverter@ce0eb1]
05-23-2017 06:34:54.373,INFO ,97A95B27F52523D5EDC8CC7C08E3F47B,U0000000001,vn.bananavietnam.ict.banana.service.Bnn0089SearchTaskService,getSingleData,[vn.bananavietnam.ict.banana.component.Bnn0089SearchTaskConditions@70ea21] METHOD START
05-23-2017 06:34:54.373,DEBUG,97A95B27F52523D5EDC8CC7C08E3F47B,Returning cached instance of singleton bean 'transactionManager'
05-23-2017 06:34:54.373,DEBUG,97A95B27F52523D5EDC8CC7C08E3F47B,Creating a new SqlSession
05-23-2017 06:34:54.373,DEBUG,97A95B27F52523D5EDC8CC7C08E3F47B,Registering transaction synchronization for SqlSession [org.apache.ibatis.session.defaults.DefaultSqlSession@1b31971]
05-23-2017 06:34:54.373,DEBUG,97A95B27F52523D5EDC8CC7C08E3F47B,Fetching JDBC Connection from DataSource
05-23-2017 06:34:54.373,DEBUG,97A95B27F52523D5EDC8CC7C08E3F47B,Creating new JDBC DriverManager Connection to [jdbc:mysql://172.16.0.175:3306/BANANA_DB_HUNG_SELENIUM?useUnicode=yes&characterEncoding=UTF-8&autoReconnect=true]
05-23-2017 06:34:54.462,DEBUG,97A95B27F52523D5EDC8CC7C08E3F47B,Registering transaction synchronization for JDBC Connection
05-23-2017 06:34:54.463,DEBUG,97A95B27F52523D5EDC8CC7C08E3F47B,JDBC Connection [com.mysql.jdbc.JDBC4Connection@1866ba5] will be managed by Spring
05-23-2017 06:34:54.463,DEBUG,97A95B27F52523D5EDC8CC7C08E3F47B,==>  Preparing: select TASK_ID, TASK_NAME, WORKING_DETAILS, NOTE, QUARANTINE_HANDLING_FLAG, CHANGE_POINT_CODE, CREATE_USER_ID, CREATE_DATE, UPDATE_USER_ID, LAST_UPDATE_DATE, DELETE_FLAG from IVB_M_TASK where TASK_ID = ? 
05-23-2017 06:34:54.463,DEBUG,97A95B27F52523D5EDC8CC7C08E3F47B,==> Parameters: T013(String)
05-23-2017 06:34:54.465,DEBUG,97A95B27F52523D5EDC8CC7C08E3F47B,<==      Total: 1
05-23-2017 06:34:54.465,DEBUG,97A95B27F52523D5EDC8CC7C08E3F47B,Releasing transactional SqlSession [org.apache.ibatis.session.defaults.DefaultSqlSession@1b31971]
05-23-2017 06:34:54.465,DEBUG,97A95B27F52523D5EDC8CC7C08E3F47B,Transaction synchronization deregistering SqlSession [org.apache.ibatis.session.defaults.DefaultSqlSession@1b31971]
05-23-2017 06:34:54.465,DEBUG,97A95B27F52523D5EDC8CC7C08E3F47B,Transaction synchronization closing SqlSession [org.apache.ibatis.session.defaults.DefaultSqlSession@1b31971]
05-23-2017 06:34:54.465,DEBUG,97A95B27F52523D5EDC8CC7C08E3F47B,Returning JDBC Connection to DataSource
05-23-2017 06:34:54.466,INFO ,97A95B27F52523D5EDC8CC7C08E3F47B,U0000000001,vn.bananavietnam.ict.banana.service.Bnn0089SearchTaskService,getSingleData,[vn.bananavietnam.ict.banana.component.Bnn0089SearchTaskConditions@70ea21] METHOD END
05-23-2017 06:34:54.469,DEBUG,97A95B27F52523D5EDC8CC7C08E3F47B,Written [vn.bananavietnam.ict.common.db.model.IvbMTask@a672d6] as "application/json;charset=UTF-8" using [org.springframework.http.converter.json.MappingJackson2HttpMessageConverter@ce0eb1]
05-23-2017 06:34:54.469,DEBUG,97A95B27F52523D5EDC8CC7C08E3F47B,Null ModelAndView returned to DispatcherServlet with name 'appServlet': assuming HandlerAdapter completed request handling
05-23-2017 06:34:54.469,DEBUG,97A95B27F52523D5EDC8CC7C08E3F47B,Successfully completed request
05-23-2017 06:34:54.469,DEBUG,97A95B27F52523D5EDC8CC7C08E3F47B,Chain processed normally
05-23-2017 06:34:54.469,DEBUG,97A95B27F52523D5EDC8CC7C08E3F47B,SecurityContextHolder now cleared, as request processing completed
05-23-2017 06:34:36.352,DEBUG,AB59C8FF30CCDC8237D58EF9AD4721DB,/0089/deleteData at position 1 of 11 in additional filter chain; firing Filter: 'SecurityContextPersistenceFilter'
05-23-2017 06:34:36.352,DEBUG,AB59C8FF30CCDC8237D58EF9AD4721DB,Obtained a valid SecurityContext from SPRING_SECURITY_CONTEXT: 'org.springframework.security.core.context.SecurityContextImpl@3b6f87e3: Authentication: org.springframework.security.authentication.UsernamePasswordAuthenticationToken@3b6f87e3: Principal: vn.bananavietnam.ict.common.auth.MyUser@c4907816: Username: U0000000001; Password: [PROTECTED]; Enabled: true; AccountNonExpired: true; credentialsNonExpired: true; AccountNonLocked: true; Granted Authorities: 1; Credentials: [PROTECTED]; Authenticated: true; Details: org.springframework.security.web.authentication.WebAuthenticationDetails@0: RemoteIpAddress: 0:0:0:0:0:0:0:1; SessionId: 99085C47F85D3DAD151966019180AD6D; Granted Authorities: 1'
05-23-2017 06:34:36.352,DEBUG,AB59C8FF30CCDC8237D58EF9AD4721DB,/0089/deleteData at position 2 of 11 in additional filter chain; firing Filter: 'WebAsyncManagerIntegrationFilter'
05-23-2017 06:34:36.352,DEBUG,AB59C8FF30CCDC8237D58EF9AD4721DB,/0089/deleteData at position 3 of 11 in additional filter chain; firing Filter: 'LogoutFilter'
05-23-2017 06:34:36.352,DEBUG,AB59C8FF30CCDC8237D58EF9AD4721DB,/0089/deleteData at position 4 of 11 in additional filter chain; firing Filter: 'UsernamePasswordAuthenticationFilter'
05-23-2017 06:34:36.352,DEBUG,AB59C8FF30CCDC8237D58EF9AD4721DB,/0089/deleteData at position 5 of 11 in additional filter chain; firing Filter: 'BasicAuthenticationFilter'
05-23-2017 06:34:36.352,DEBUG,AB59C8FF30CCDC8237D58EF9AD4721DB,/0089/deleteData at position 6 of 11 in additional filter chain; firing Filter: 'RequestCacheAwareFilter'
05-23-2017 06:34:36.352,DEBUG,AB59C8FF30CCDC8237D58EF9AD4721DB,/0089/deleteData at position 7 of 11 in additional filter chain; firing Filter: 'SecurityContextHolderAwareRequestFilter'
05-23-2017 06:34:36.352,DEBUG,AB59C8FF30CCDC8237D58EF9AD4721DB,/0089/deleteData at position 8 of 11 in additional filter chain; firing Filter: 'AnonymousAuthenticationFilter'
05-23-2017 06:34:36.352,DEBUG,AB59C8FF30CCDC8237D58EF9AD4721DB,SecurityContextHolder not populated with anonymous token, as it already contained: 'org.springframework.security.authentication.UsernamePasswordAuthenticationToken@3b6f87e3: Principal: vn.bananavietnam.ict.common.auth.MyUser@c4907816: Username: U0000000001; Password: [PROTECTED]; Enabled: true; AccountNonExpired: true; credentialsNonExpired: true; AccountNonLocked: true; Granted Authorities: 1; Credentials: [PROTECTED]; Authenticated: true; Details: org.springframework.security.web.authentication.WebAuthenticationDetails@0: RemoteIpAddress: 0:0:0:0:0:0:0:1; SessionId: 99085C47F85D3DAD151966019180AD6D; Granted Authorities: 1'
05-23-2017 06:34:36.352,DEBUG,AB59C8FF30CCDC8237D58EF9AD4721DB,/0089/deleteData at position 9 of 11 in additional filter chain; firing Filter: 'SessionManagementFilter'
05-23-2017 06:34:36.352,DEBUG,AB59C8FF30CCDC8237D58EF9AD4721DB,/0089/deleteData at position 10 of 11 in additional filter chain; firing Filter: 'ExceptionTranslationFilter'
05-23-2017 06:34:36.352,DEBUG,AB59C8FF30CCDC8237D58EF9AD4721DB,/0089/deleteData at position 11 of 11 in additional filter chain; firing Filter: 'FilterSecurityInterceptor'
05-23-2017 06:34:36.352,DEBUG,AB59C8FF30CCDC8237D58EF9AD4721DB,Checking match of request : '/0089/deletedata'; against '/autherror*'
05-23-2017 06:34:36.353,DEBUG,AB59C8FF30CCDC8237D58EF9AD4721DB,Checking match of request : '/0089/deletedata'; against '/login/**'
05-23-2017 06:34:36.353,DEBUG,AB59C8FF30CCDC8237D58EF9AD4721DB,Checking match of request : '/0089/deletedata'; against '/error/**'
05-23-2017 06:34:36.353,DEBUG,AB59C8FF30CCDC8237D58EF9AD4721DB,Checking match of request : '/0089/deletedata'; against '/0001/**'
05-23-2017 06:34:36.353,DEBUG,AB59C8FF30CCDC8237D58EF9AD4721DB,Checking match of request : '/0089/deletedata'; against '/0002/**'
05-23-2017 06:34:36.353,DEBUG,AB59C8FF30CCDC8237D58EF9AD4721DB,Checking match of request : '/0089/deletedata'; against '/0003/**'
05-23-2017 06:34:36.353,DEBUG,AB59C8FF30CCDC8237D58EF9AD4721DB,Checking match of request : '/0089/deletedata'; against '/0005/**'
05-23-2017 06:34:36.353,DEBUG,AB59C8FF30CCDC8237D58EF9AD4721DB,Checking match of request : '/0089/deletedata'; against '/0007/**'
05-23-2017 06:34:36.353,DEBUG,AB59C8FF30CCDC8237D58EF9AD4721DB,Checking match of request : '/0089/deletedata'; against '/0009/**'
05-23-2017 06:34:36.353,DEBUG,AB59C8FF30CCDC8237D58EF9AD4721DB,Checking match of request : '/0089/deletedata'; against '/0013/**'
05-23-2017 06:34:36.353,DEBUG,AB59C8FF30CCDC8237D58EF9AD4721DB,Checking match of request : '/0089/deletedata'; against '/0023/**'
05-23-2017 06:34:36.353,DEBUG,AB59C8FF30CCDC8237D58EF9AD4721DB,Checking match of request : '/0089/deletedata'; against '/0017/**'
05-23-2017 06:34:36.353,DEBUG,AB59C8FF30CCDC8237D58EF9AD4721DB,Checking match of request : '/0089/deletedata'; against '/0031/**'
05-23-2017 06:34:36.353,DEBUG,AB59C8FF30CCDC8237D58EF9AD4721DB,Checking match of request : '/0089/deletedata'; against '/0035/**'
05-23-2017 06:34:36.353,DEBUG,AB59C8FF30CCDC8237D58EF9AD4721DB,Checking match of request : '/0089/deletedata'; against '/0037/**'
05-23-2017 06:34:36.353,DEBUG,AB59C8FF30CCDC8237D58EF9AD4721DB,Checking match of request : '/0089/deletedata'; against '/0045/**'
05-23-2017 06:34:36.353,DEBUG,AB59C8FF30CCDC8237D58EF9AD4721DB,Checking match of request : '/0089/deletedata'; against '/0047/**'
05-23-2017 06:34:36.353,DEBUG,AB59C8FF30CCDC8237D58EF9AD4721DB,Checking match of request : '/0089/deletedata'; against '/0049/**'
05-23-2017 06:34:36.353,DEBUG,AB59C8FF30CCDC8237D58EF9AD4721DB,Checking match of request : '/0089/deletedata'; against '/0061/**'
05-23-2017 06:34:36.353,DEBUG,AB59C8FF30CCDC8237D58EF9AD4721DB,Checking match of request : '/0089/deletedata'; against '/0087/**'
05-23-2017 06:34:36.353,DEBUG,AB59C8FF30CCDC8237D58EF9AD4721DB,Checking match of request : '/0089/deletedata'; against '/0075/**'
05-23-2017 06:34:36.353,DEBUG,AB59C8FF30CCDC8237D58EF9AD4721DB,Checking match of request : '/0089/deletedata'; against '/0089/**'
05-23-2017 06:34:36.353,DEBUG,AB59C8FF30CCDC8237D58EF9AD4721DB,Secure object: FilterInvocation: URL: /0089/deleteData; Attributes: [ROLE_ADMIN, ROLE_USER, IS_AUTHENTICATED_FULLY]
05-23-2017 06:34:36.353,DEBUG,AB59C8FF30CCDC8237D58EF9AD4721DB,Previously Authenticated: org.springframework.security.authentication.UsernamePasswordAuthenticationToken@3b6f87e3: Principal: vn.bananavietnam.ict.common.auth.MyUser@c4907816: Username: U0000000001; Password: [PROTECTED]; Enabled: true; AccountNonExpired: true; credentialsNonExpired: true; AccountNonLocked: true; Granted Authorities: 1; Credentials: [PROTECTED]; Authenticated: true; Details: org.springframework.security.web.authentication.WebAuthenticationDetails@0: RemoteIpAddress: 0:0:0:0:0:0:0:1; SessionId: 99085C47F85D3DAD151966019180AD6D; Granted Authorities: 1
05-23-2017 06:34:36.353,DEBUG,AB59C8FF30CCDC8237D58EF9AD4721DB,Voter: org.springframework.security.access.vote.RoleVoter@1ac872d, returned: -1
05-23-2017 06:34:36.353,DEBUG,AB59C8FF30CCDC8237D58EF9AD4721DB,Voter: org.springframework.security.access.vote.AuthenticatedVoter@b1927d, returned: 1
05-23-2017 06:34:36.353,DEBUG,AB59C8FF30CCDC8237D58EF9AD4721DB,Authorization successful
05-23-2017 06:34:36.353,DEBUG,AB59C8FF30CCDC8237D58EF9AD4721DB,RunAsManager did not change Authentication object
05-23-2017 06:34:36.353,DEBUG,AB59C8FF30CCDC8237D58EF9AD4721DB,/0089/deleteData reached end of additional filter chain; proceeding with original chain
05-23-2017 06:34:36.353,DEBUG,AB59C8FF30CCDC8237D58EF9AD4721DB,Request [/ict/0089/deleteData] is not a multipart request
05-23-2017 06:34:36.353,DEBUG,D2648EC14513B399C1E73EE4F43BB706,DispatcherServlet with name 'appServlet' processing POST request for [/ict/0089/deleteData]
05-23-2017 06:34:36.353,DEBUG,D2648EC14513B399C1E73EE4F43BB706,Looking up handler method for path /0089/deleteData
05-23-2017 06:34:36.354,DEBUG,D2648EC14513B399C1E73EE4F43BB706,Returning handler method [public java.lang.String vn.bananavietnam.ict.banana.controller.Bnn0089SearchTaskController.deleteData(vn.bananavietnam.ict.common.db.model.IvbMTask)]
05-23-2017 06:34:36.354,DEBUG,D2648EC14513B399C1E73EE4F43BB706,Returning cached instance of singleton bean 'bnn0089SearchTaskController'
05-23-2017 06:34:36.354,DEBUG,D2648EC14513B399C1E73EE4F43BB706,Returning cached instance of singleton bean 'xml_path'
05-23-2017 06:34:36.354,DEBUG,D2648EC14513B399C1E73EE4F43BB706,Read [class vn.bananavietnam.ict.common.db.model.IvbMTask] as "application/json" with [org.springframework.http.converter.json.MappingJackson2HttpMessageConverter@156f2cc]
05-23-2017 06:34:36.355,INFO ,D2648EC14513B399C1E73EE4F43BB706,U0000000001,vn.bananavietnam.ict.banana.service.Bnn0089SearchTaskService,deleteData,[vn.bananavietnam.ict.common.db.model.IvbMTask@1ca56e3] METHOD START
05-23-2017 06:34:36.355,DEBUG,D2648EC14513B399C1E73EE4F43BB706,Returning cached instance of singleton bean 'transactionManager'
05-23-2017 06:34:36.355,DEBUG,D2648EC14513B399C1E73EE4F43BB706,Creating new transaction with name [null]: PROPAGATION_REQUIRED,ISOLATION_DEFAULT
05-23-2017 06:34:36.355,DEBUG,D2648EC14513B399C1E73EE4F43BB706,Creating new JDBC DriverManager Connection to [jdbc:mysql://172.16.0.175:3306/BANANA_DB_HUNG_SELENIUM?useUnicode=yes&characterEncoding=UTF-8&autoReconnect=true]
05-23-2017 06:34:40.368,ERROR,D2648EC14513B399C1E73EE4F43BB706,U0000000001,java.lang.Exception: Could not open JDBC Connection for transaction; nested exception is com.mysql.jdbc.exceptions.jdbc4.MySQLNonTransientConnectionException: Could not create connection to database server. Attempted reconnect 3 times. Giving up.
05-23-2017 06:34:40.368,INFO ,D2648EC14513B399C1E73EE4F43BB706,U0000000001,vn.bananavietnam.ict.banana.service.Bnn0089SearchTaskService,deleteData,[vn.bananavietnam.ict.common.db.model.IvbMTask@1ca56e3] METHOD END
05-23-2017 06:34:40.374,DEBUG,D2648EC14513B399C1E73EE4F43BB706,Written [6006] as "text/plain;charset=ISO-8859-1" using [org.springframework.http.converter.StringHttpMessageConverter@10ddb9c]
05-23-2017 06:34:40.374,DEBUG,D2648EC14513B399C1E73EE4F43BB706,Null ModelAndView returned to DispatcherServlet with name 'appServlet': assuming HandlerAdapter completed request handling
05-23-2017 06:34:40.374,DEBUG,D2648EC14513B399C1E73EE4F43BB706,Successfully completed request
05-23-2017 06:34:40.374,DEBUG,D2648EC14513B399C1E73EE4F43BB706,Chain processed normally
05-23-2017 06:34:40.374,DEBUG,D2648EC14513B399C1E73EE4F43BB706,SecurityContextHolder now cleared, as request processing completed
05-23-2017 06:35:02.572,DEBUG,8D80EB9C9E4F2569AD2C70916DD1DBAA,/0089/searchData at position 1 of 11 in additional filter chain; firing Filter: 'SecurityContextPersistenceFilter'
05-23-2017 06:35:02.572,DEBUG,8D80EB9C9E4F2569AD2C70916DD1DBAA,Obtained a valid SecurityContext from SPRING_SECURITY_CONTEXT: 'org.springframework.security.core.context.SecurityContextImpl@3b6f87e3: Authentication: org.springframework.security.authentication.UsernamePasswordAuthenticationToken@3b6f87e3: Principal: vn.bananavietnam.ict.common.auth.MyUser@c4907816: Username: U0000000001; Password: [PROTECTED]; Enabled: true; AccountNonExpired: true; credentialsNonExpired: true; AccountNonLocked: true; Granted Authorities: 1; Credentials: [PROTECTED]; Authenticated: true; Details: org.springframework.security.web.authentication.WebAuthenticationDetails@0: RemoteIpAddress: 0:0:0:0:0:0:0:1; SessionId: 99085C47F85D3DAD151966019180AD6D; Granted Authorities: 1'
05-23-2017 06:35:02.572,DEBUG,8D80EB9C9E4F2569AD2C70916DD1DBAA,/0089/searchData at position 2 of 11 in additional filter chain; firing Filter: 'WebAsyncManagerIntegrationFilter'
05-23-2017 06:35:02.573,DEBUG,8D80EB9C9E4F2569AD2C70916DD1DBAA,/0089/searchData at position 3 of 11 in additional filter chain; firing Filter: 'LogoutFilter'
05-23-2017 06:35:02.573,DEBUG,8D80EB9C9E4F2569AD2C70916DD1DBAA,/0089/searchData at position 4 of 11 in additional filter chain; firing Filter: 'UsernamePasswordAuthenticationFilter'
05-23-2017 06:35:02.573,DEBUG,8D80EB9C9E4F2569AD2C70916DD1DBAA,/0089/searchData at position 5 of 11 in additional filter chain; firing Filter: 'BasicAuthenticationFilter'
05-23-2017 06:35:02.573,DEBUG,8D80EB9C9E4F2569AD2C70916DD1DBAA,/0089/searchData at position 6 of 11 in additional filter chain; firing Filter: 'RequestCacheAwareFilter'
05-23-2017 06:35:02.573,DEBUG,8D80EB9C9E4F2569AD2C70916DD1DBAA,/0089/searchData at position 7 of 11 in additional filter chain; firing Filter: 'SecurityContextHolderAwareRequestFilter'
05-23-2017 06:35:02.573,DEBUG,8D80EB9C9E4F2569AD2C70916DD1DBAA,/0089/searchData at position 8 of 11 in additional filter chain; firing Filter: 'AnonymousAuthenticationFilter'
05-23-2017 06:35:02.573,DEBUG,8D80EB9C9E4F2569AD2C70916DD1DBAA,SecurityContextHolder not populated with anonymous token, as it already contained: 'org.springframework.security.authentication.UsernamePasswordAuthenticationToken@3b6f87e3: Principal: vn.bananavietnam.ict.common.auth.MyUser@c4907816: Username: U0000000001; Password: [PROTECTED]; Enabled: true; AccountNonExpired: true; credentialsNonExpired: true; AccountNonLocked: true; Granted Authorities: 1; Credentials: [PROTECTED]; Authenticated: true; Details: org.springframework.security.web.authentication.WebAuthenticationDetails@0: RemoteIpAddress: 0:0:0:0:0:0:0:1; SessionId: 99085C47F85D3DAD151966019180AD6D; Granted Authorities: 1'
05-23-2017 06:35:02.573,DEBUG,8D80EB9C9E4F2569AD2C70916DD1DBAA,/0089/searchData at position 9 of 11 in additional filter chain; firing Filter: 'SessionManagementFilter'
05-23-2017 06:35:02.573,DEBUG,8D80EB9C9E4F2569AD2C70916DD1DBAA,/0089/searchData at position 10 of 11 in additional filter chain; firing Filter: 'ExceptionTranslationFilter'
05-23-2017 06:35:02.573,DEBUG,8D80EB9C9E4F2569AD2C70916DD1DBAA,/0089/searchData at position 11 of 11 in additional filter chain; firing Filter: 'FilterSecurityInterceptor'
05-23-2017 06:35:02.573,DEBUG,8D80EB9C9E4F2569AD2C70916DD1DBAA,Checking match of request : '/0089/searchdata'; against '/autherror*'
05-23-2017 06:35:02.573,DEBUG,8D80EB9C9E4F2569AD2C70916DD1DBAA,Checking match of request : '/0089/searchdata'; against '/login/**'
05-23-2017 06:35:02.573,DEBUG,8D80EB9C9E4F2569AD2C70916DD1DBAA,Checking match of request : '/0089/searchdata'; against '/error/**'
05-23-2017 06:35:02.573,DEBUG,8D80EB9C9E4F2569AD2C70916DD1DBAA,Checking match of request : '/0089/searchdata'; against '/0001/**'
05-23-2017 06:35:02.573,DEBUG,8D80EB9C9E4F2569AD2C70916DD1DBAA,Checking match of request : '/0089/searchdata'; against '/0002/**'
05-23-2017 06:35:02.573,DEBUG,8D80EB9C9E4F2569AD2C70916DD1DBAA,Checking match of request : '/0089/searchdata'; against '/0003/**'
05-23-2017 06:35:02.573,DEBUG,8D80EB9C9E4F2569AD2C70916DD1DBAA,Checking match of request : '/0089/searchdata'; against '/0005/**'
05-23-2017 06:35:02.573,DEBUG,8D80EB9C9E4F2569AD2C70916DD1DBAA,Checking match of request : '/0089/searchdata'; against '/0007/**'
05-23-2017 06:35:02.573,DEBUG,8D80EB9C9E4F2569AD2C70916DD1DBAA,Checking match of request : '/0089/searchdata'; against '/0009/**'
05-23-2017 06:35:02.573,DEBUG,8D80EB9C9E4F2569AD2C70916DD1DBAA,Checking match of request : '/0089/searchdata'; against '/0013/**'
05-23-2017 06:35:02.573,DEBUG,8D80EB9C9E4F2569AD2C70916DD1DBAA,Checking match of request : '/0089/searchdata'; against '/0023/**'
05-23-2017 06:35:02.573,DEBUG,8D80EB9C9E4F2569AD2C70916DD1DBAA,Checking match of request : '/0089/searchdata'; against '/0017/**'
05-23-2017 06:35:02.573,DEBUG,8D80EB9C9E4F2569AD2C70916DD1DBAA,Checking match of request : '/0089/searchdata'; against '/0031/**'
05-23-2017 06:35:02.573,DEBUG,8D80EB9C9E4F2569AD2C70916DD1DBAA,Checking match of request : '/0089/searchdata'; against '/0035/**'
05-23-2017 06:35:02.573,DEBUG,8D80EB9C9E4F2569AD2C70916DD1DBAA,Checking match of request : '/0089/searchdata'; against '/0037/**'
05-23-2017 06:35:02.573,DEBUG,8D80EB9C9E4F2569AD2C70916DD1DBAA,Checking match of request : '/0089/searchdata'; against '/0045/**'
05-23-2017 06:35:02.573,DEBUG,8D80EB9C9E4F2569AD2C70916DD1DBAA,Checking match of request : '/0089/searchdata'; against '/0047/**'
05-23-2017 06:35:02.573,DEBUG,8D80EB9C9E4F2569AD2C70916DD1DBAA,Checking match of request : '/0089/searchdata'; against '/0049/**'
05-23-2017 06:35:02.573,DEBUG,8D80EB9C9E4F2569AD2C70916DD1DBAA,Checking match of request : '/0089/searchdata'; against '/0061/**'
05-23-2017 06:35:02.573,DEBUG,8D80EB9C9E4F2569AD2C70916DD1DBAA,Checking match of request : '/0089/searchdata'; against '/0087/**'
05-23-2017 06:35:02.573,DEBUG,8D80EB9C9E4F2569AD2C70916DD1DBAA,Checking match of request : '/0089/searchdata'; against '/0075/**'
05-23-2017 06:35:02.573,DEBUG,8D80EB9C9E4F2569AD2C70916DD1DBAA,Checking match of request : '/0089/searchdata'; against '/0089/**'
05-23-2017 06:35:02.573,DEBUG,8D80EB9C9E4F2569AD2C70916DD1DBAA,Secure object: FilterInvocation: URL: /0089/searchData; Attributes: [ROLE_ADMIN, ROLE_USER, IS_AUTHENTICATED_FULLY]
05-23-2017 06:35:02.573,DEBUG,8D80EB9C9E4F2569AD2C70916DD1DBAA,Previously Authenticated: org.springframework.security.authentication.UsernamePasswordAuthenticationToken@3b6f87e3: Principal: vn.bananavietnam.ict.common.auth.MyUser@c4907816: Username: U0000000001; Password: [PROTECTED]; Enabled: true; AccountNonExpired: true; credentialsNonExpired: true; AccountNonLocked: true; Granted Authorities: 1; Credentials: [PROTECTED]; Authenticated: true; Details: org.springframework.security.web.authentication.WebAuthenticationDetails@0: RemoteIpAddress: 0:0:0:0:0:0:0:1; SessionId: 99085C47F85D3DAD151966019180AD6D; Granted Authorities: 1
05-23-2017 06:35:02.573,DEBUG,8D80EB9C9E4F2569AD2C70916DD1DBAA,Voter: org.springframework.security.access.vote.RoleVoter@1ac872d, returned: -1
05-23-2017 06:35:02.573,DEBUG,8D80EB9C9E4F2569AD2C70916DD1DBAA,Voter: org.springframework.security.access.vote.AuthenticatedVoter@b1927d, returned: 1
05-23-2017 06:35:02.573,DEBUG,8D80EB9C9E4F2569AD2C70916DD1DBAA,Authorization successful
05-23-2017 06:35:02.573,DEBUG,8D80EB9C9E4F2569AD2C70916DD1DBAA,RunAsManager did not change Authentication object
05-23-2017 06:35:02.573,DEBUG,8D80EB9C9E4F2569AD2C70916DD1DBAA,/0089/searchData reached end of additional filter chain; proceeding with original chain
05-23-2017 06:35:02.574,DEBUG,8D80EB9C9E4F2569AD2C70916DD1DBAA,Request [/ict/0089/searchData] is not a multipart request
05-23-2017 06:35:02.574,DEBUG,D2648EC14513B399C1E73EE4F43BB706,DispatcherServlet with name 'appServlet' processing POST request for [/ict/0089/searchData]
05-23-2017 06:35:02.574,DEBUG,D2648EC14513B399C1E73EE4F43BB706,Looking up handler method for path /0089/searchData
05-23-2017 06:35:02.574,DEBUG,D2648EC14513B399C1E73EE4F43BB706,Returning handler method [public java.util.List<vn.bananavietnam.ict.banana.component.Bnn0089SearchTaskResult> vn.bananavietnam.ict.banana.controller.Bnn0089SearchTaskController.searchData(vn.bananavietnam.ict.banana.component.Bnn0089SearchTaskConditions)]
05-23-2017 06:35:02.574,DEBUG,D2648EC14513B399C1E73EE4F43BB706,Returning cached instance of singleton bean 'bnn0089SearchTaskController'
05-23-2017 06:35:02.574,DEBUG,D2648EC14513B399C1E73EE4F43BB706,Returning cached instance of singleton bean 'xml_path'
05-23-2017 06:35:02.574,DEBUG,D2648EC14513B399C1E73EE4F43BB706,Read [class vn.bananavietnam.ict.banana.component.Bnn0089SearchTaskConditions] as "application/json" with [org.springframework.http.converter.json.MappingJackson2HttpMessageConverter@156f2cc]
05-23-2017 06:35:02.574,INFO ,D2648EC14513B399C1E73EE4F43BB706,U0000000001,vn.bananavietnam.ict.banana.service.Bnn0089SearchTaskService,searchData,[vn.bananavietnam.ict.banana.component.Bnn0089SearchTaskConditions@170e8f1] METHOD START
05-23-2017 06:35:02.574,DEBUG,D2648EC14513B399C1E73EE4F43BB706,Returning cached instance of singleton bean 'transactionManager'
05-23-2017 06:35:02.574,INFO ,D2648EC14513B399C1E73EE4F43BB706,U0000000001,Task searching started
05-23-2017 06:35:02.575,DEBUG,D2648EC14513B399C1E73EE4F43BB706,Creating a new SqlSession
05-23-2017 06:35:02.575,DEBUG,D2648EC14513B399C1E73EE4F43BB706,Registering transaction synchronization for SqlSession [org.apache.ibatis.session.defaults.DefaultSqlSession@1b5818d]
05-23-2017 06:35:02.575,DEBUG,D2648EC14513B399C1E73EE4F43BB706,Fetching JDBC Connection from DataSource
05-23-2017 06:35:02.575,DEBUG,D2648EC14513B399C1E73EE4F43BB706,Creating new JDBC DriverManager Connection to [jdbc:mysql://172.16.0.175:3306/BANANA_DB_HUNG_SELENIUM?useUnicode=yes&characterEncoding=UTF-8&autoReconnect=true]
05-23-2017 06:35:02.590,DEBUG,D2648EC14513B399C1E73EE4F43BB706,Registering transaction synchronization for JDBC Connection
05-23-2017 06:35:02.591,DEBUG,D2648EC14513B399C1E73EE4F43BB706,JDBC Connection [com.mysql.jdbc.JDBC4Connection@1c5b5c7] will be managed by Spring
05-23-2017 06:35:02.591,DEBUG,D2648EC14513B399C1E73EE4F43BB706,==>  Preparing: SELECT T.TASK_ID taskId, T.TASK_NAME taskName, T.WORKING_DETAILS workingDetails, T.NOTE note, T.QUARANTINE_HANDLING_FLAG quarantineHandlingFlag, T.DELETE_FLAG deleteFlag, T.CHANGE_POINT_CODE changePointCode, T.LAST_UPDATE_DATE lastUpdateDate FROM IVB_M_TASK T WHERE 1 = 1 AND T.DELETE_FLAG = '0' ORDER BY T.TASK_NAME LIMIT ?,? 
05-23-2017 06:35:02.591,DEBUG,D2648EC14513B399C1E73EE4F43BB706,==> Parameters: 0(Integer), 20(Integer)
05-23-2017 06:35:02.594,DEBUG,D2648EC14513B399C1E73EE4F43BB706,<==      Total: 20
05-23-2017 06:35:02.594,DEBUG,D2648EC14513B399C1E73EE4F43BB706,Releasing transactional SqlSession [org.apache.ibatis.session.defaults.DefaultSqlSession@1b5818d]
05-23-2017 06:35:02.594,INFO ,D2648EC14513B399C1E73EE4F43BB706,U0000000001,SQL execution finished
05-23-2017 06:35:02.594,DEBUG,D2648EC14513B399C1E73EE4F43BB706,Fetched SqlSession [org.apache.ibatis.session.defaults.DefaultSqlSession@1b5818d] from current transaction
05-23-2017 06:35:02.594,DEBUG,D2648EC14513B399C1E73EE4F43BB706,==>  Preparing: SELECT COUNT(*) FROM IVB_M_TASK T WHERE 1 = 1 AND T.DELETE_FLAG = '0' ORDER BY T.TASK_ID 
05-23-2017 06:35:02.594,DEBUG,D2648EC14513B399C1E73EE4F43BB706,==> Parameters: 
05-23-2017 06:35:02.596,DEBUG,D2648EC14513B399C1E73EE4F43BB706,<==      Total: 1
05-23-2017 06:35:02.596,DEBUG,D2648EC14513B399C1E73EE4F43BB706,Releasing transactional SqlSession [org.apache.ibatis.session.defaults.DefaultSqlSession@1b5818d]
05-23-2017 06:35:02.597,INFO ,D2648EC14513B399C1E73EE4F43BB706,U0000000001,Task searching finished ==> 43 item(s)
05-23-2017 06:35:02.597,DEBUG,D2648EC14513B399C1E73EE4F43BB706,Transaction synchronization deregistering SqlSession [org.apache.ibatis.session.defaults.DefaultSqlSession@1b5818d]
05-23-2017 06:35:02.597,DEBUG,D2648EC14513B399C1E73EE4F43BB706,Transaction synchronization closing SqlSession [org.apache.ibatis.session.defaults.DefaultSqlSession@1b5818d]
05-23-2017 06:35:02.597,DEBUG,D2648EC14513B399C1E73EE4F43BB706,Returning JDBC Connection to DataSource
05-23-2017 06:35:02.597,INFO ,D2648EC14513B399C1E73EE4F43BB706,U0000000001,vn.bananavietnam.ict.banana.service.Bnn0089SearchTaskService,searchData,[vn.bananavietnam.ict.banana.component.Bnn0089SearchTaskConditions@170e8f1] METHOD END
05-23-2017 06:35:02.599,DEBUG,D2648EC14513B399C1E73EE4F43BB706,Written [[vn.bananavietnam.ict.banana.component.Bnn0089SearchTaskResult@110cf3e, vn.bananavietnam.ict.banana.component.Bnn0089SearchTaskResult@96a06c, vn.bananavietnam.ict.banana.component.Bnn0089SearchTaskResult@1003060, vn.bananavietnam.ict.banana.component.Bnn0089SearchTaskResult@1835fe5, vn.bananavietnam.ict.banana.component.Bnn0089SearchTaskResult@631594, vn.bananavietnam.ict.banana.component.Bnn0089SearchTaskResult@19f4d74, vn.bananavietnam.ict.banana.component.Bnn0089SearchTaskResult@18afe57, vn.bananavietnam.ict.banana.component.Bnn0089SearchTaskResult@fe774, vn.bananavietnam.ict.banana.component.Bnn0089SearchTaskResult@b290d4, vn.bananavietnam.ict.banana.component.Bnn0089SearchTaskResult@1bf8a9b, vn.bananavietnam.ict.banana.component.Bnn0089SearchTaskResult@105a87d, vn.bananavietnam.ict.banana.component.Bnn0089SearchTaskResult@22dfee, vn.bananavietnam.ict.banana.component.Bnn0089SearchTaskResult@9cddce, vn.bananavietnam.ict.banana.component.Bnn0089SearchTaskResult@16c7394, vn.bananavietnam.ict.banana.component.Bnn0089SearchTaskResult@1226144, vn.bananavietnam.ict.banana.component.Bnn0089SearchTaskResult@1df06e1, vn.bananavietnam.ict.banana.component.Bnn0089SearchTaskResult@1f7c879, vn.bananavietnam.ict.banana.component.Bnn0089SearchTaskResult@1c3f180, vn.bananavietnam.ict.banana.component.Bnn0089SearchTaskResult@1579abd, vn.bananavietnam.ict.banana.component.Bnn0089SearchTaskResult@c869f8]] as "application/json;charset=UTF-8" using [org.springframework.http.converter.json.MappingJackson2HttpMessageConverter@156f2cc]
05-23-2017 06:35:02.599,DEBUG,D2648EC14513B399C1E73EE4F43BB706,Null ModelAndView returned to DispatcherServlet with name 'appServlet': assuming HandlerAdapter completed request handling
05-23-2017 06:35:02.599,DEBUG,D2648EC14513B399C1E73EE4F43BB706,Successfully completed request
05-23-2017 06:35:02.599,DEBUG,D2648EC14513B399C1E73EE4F43BB706,Chain processed normally
05-23-2017 06:35:02.599,DEBUG,D2648EC14513B399C1E73EE4F43BB706,SecurityContextHolder now cleared, as request processing completed
