05-23-2017 07:09:46.396,DEBUG,20B2EF070FCA2C40080CCBD84B2D368A,/0089/searchData at position 1 of 11 in additional filter chain; firing Filter: 'SecurityContextPersistenceFilter'
05-23-2017 07:09:46.396,DEBUG,20B2EF070FCA2C40080CCBD84B2D368A,Obtained a valid SecurityContext from SPRING_SECURITY_CONTEXT: 'org.springframework.security.core.context.SecurityContextImpl@c492b593: Authentication: org.springframework.security.authentication.UsernamePasswordAuthenticationToken@c492b593: Principal: vn.bananavietnam.ict.common.auth.MyUser@c4907816: Username: U0000000001; Password: [PROTECTED]; Enabled: true; AccountNonExpired: true; credentialsNonExpired: true; AccountNonLocked: true; Granted Authorities: 1; Credentials: [PROTECTED]; Authenticated: true; Details: org.springframework.security.web.authentication.WebAuthenticationDetails@fffd3270: RemoteIpAddress: 0:0:0:0:0:0:0:1; SessionId: 20B2EF070FCA2C40080CCBD84B2D368A; Granted Authorities: 1'
05-23-2017 07:09:46.396,DEBUG,20B2EF070FCA2C40080CCBD84B2D368A,/0089/searchData at position 2 of 11 in additional filter chain; firing Filter: 'WebAsyncManagerIntegrationFilter'
05-23-2017 07:09:46.396,DEBUG,20B2EF070FCA2C40080CCBD84B2D368A,/0089/searchData at position 3 of 11 in additional filter chain; firing Filter: 'LogoutFilter'
05-23-2017 07:09:46.396,DEBUG,20B2EF070FCA2C40080CCBD84B2D368A,/0089/searchData at position 4 of 11 in additional filter chain; firing Filter: 'UsernamePasswordAuthenticationFilter'
05-23-2017 07:09:46.396,DEBUG,20B2EF070FCA2C40080CCBD84B2D368A,/0089/searchData at position 5 of 11 in additional filter chain; firing Filter: 'BasicAuthenticationFilter'
05-23-2017 07:09:46.396,DEBUG,20B2EF070FCA2C40080CCBD84B2D368A,/0089/searchData at position 6 of 11 in additional filter chain; firing Filter: 'RequestCacheAwareFilter'
05-23-2017 07:09:46.396,DEBUG,20B2EF070FCA2C40080CCBD84B2D368A,/0089/searchData at position 7 of 11 in additional filter chain; firing Filter: 'SecurityContextHolderAwareRequestFilter'
05-23-2017 07:09:46.396,DEBUG,20B2EF070FCA2C40080CCBD84B2D368A,/0089/searchData at position 8 of 11 in additional filter chain; firing Filter: 'AnonymousAuthenticationFilter'
05-23-2017 07:09:46.396,DEBUG,20B2EF070FCA2C40080CCBD84B2D368A,SecurityContextHolder not populated with anonymous token, as it already contained: 'org.springframework.security.authentication.UsernamePasswordAuthenticationToken@c492b593: Principal: vn.bananavietnam.ict.common.auth.MyUser@c4907816: Username: U0000000001; Password: [PROTECTED]; Enabled: true; AccountNonExpired: true; credentialsNonExpired: true; AccountNonLocked: true; Granted Authorities: 1; Credentials: [PROTECTED]; Authenticated: true; Details: org.springframework.security.web.authentication.WebAuthenticationDetails@fffd3270: RemoteIpAddress: 0:0:0:0:0:0:0:1; SessionId: 20B2EF070FCA2C40080CCBD84B2D368A; Granted Authorities: 1'
05-23-2017 07:09:46.396,DEBUG,20B2EF070FCA2C40080CCBD84B2D368A,/0089/searchData at position 9 of 11 in additional filter chain; firing Filter: 'SessionManagementFilter'
05-23-2017 07:09:46.396,DEBUG,20B2EF070FCA2C40080CCBD84B2D368A,/0089/searchData at position 10 of 11 in additional filter chain; firing Filter: 'ExceptionTranslationFilter'
05-23-2017 07:09:46.396,DEBUG,20B2EF070FCA2C40080CCBD84B2D368A,/0089/searchData at position 11 of 11 in additional filter chain; firing Filter: 'FilterSecurityInterceptor'
05-23-2017 07:09:46.397,DEBUG,20B2EF070FCA2C40080CCBD84B2D368A,Checking match of request : '/0089/searchdata'; against '/autherror*'
05-23-2017 07:09:46.397,DEBUG,20B2EF070FCA2C40080CCBD84B2D368A,Checking match of request : '/0089/searchdata'; against '/login/**'
05-23-2017 07:09:46.397,DEBUG,20B2EF070FCA2C40080CCBD84B2D368A,Checking match of request : '/0089/searchdata'; against '/error/**'
05-23-2017 07:09:46.397,DEBUG,20B2EF070FCA2C40080CCBD84B2D368A,Checking match of request : '/0089/searchdata'; against '/0001/**'
05-23-2017 07:09:46.397,DEBUG,20B2EF070FCA2C40080CCBD84B2D368A,Checking match of request : '/0089/searchdata'; against '/0002/**'
05-23-2017 07:09:46.397,DEBUG,20B2EF070FCA2C40080CCBD84B2D368A,Checking match of request : '/0089/searchdata'; against '/0003/**'
05-23-2017 07:09:46.397,DEBUG,20B2EF070FCA2C40080CCBD84B2D368A,Checking match of request : '/0089/searchdata'; against '/0005/**'
05-23-2017 07:09:46.397,DEBUG,20B2EF070FCA2C40080CCBD84B2D368A,Checking match of request : '/0089/searchdata'; against '/0007/**'
05-23-2017 07:09:46.397,DEBUG,20B2EF070FCA2C40080CCBD84B2D368A,Checking match of request : '/0089/searchdata'; against '/0009/**'
05-23-2017 07:09:46.397,DEBUG,20B2EF070FCA2C40080CCBD84B2D368A,Checking match of request : '/0089/searchdata'; against '/0013/**'
05-23-2017 07:09:46.397,DEBUG,20B2EF070FCA2C40080CCBD84B2D368A,Checking match of request : '/0089/searchdata'; against '/0023/**'
05-23-2017 07:09:46.397,DEBUG,20B2EF070FCA2C40080CCBD84B2D368A,Checking match of request : '/0089/searchdata'; against '/0017/**'
05-23-2017 07:09:46.397,DEBUG,20B2EF070FCA2C40080CCBD84B2D368A,Checking match of request : '/0089/searchdata'; against '/0031/**'
05-23-2017 07:09:46.397,DEBUG,20B2EF070FCA2C40080CCBD84B2D368A,Checking match of request : '/0089/searchdata'; against '/0035/**'
05-23-2017 07:09:46.397,DEBUG,20B2EF070FCA2C40080CCBD84B2D368A,Checking match of request : '/0089/searchdata'; against '/0037/**'
05-23-2017 07:09:46.397,DEBUG,20B2EF070FCA2C40080CCBD84B2D368A,Checking match of request : '/0089/searchdata'; against '/0045/**'
05-23-2017 07:09:46.397,DEBUG,20B2EF070FCA2C40080CCBD84B2D368A,Checking match of request : '/0089/searchdata'; against '/0047/**'
05-23-2017 07:09:46.397,DEBUG,20B2EF070FCA2C40080CCBD84B2D368A,Checking match of request : '/0089/searchdata'; against '/0049/**'
05-23-2017 07:09:46.397,DEBUG,20B2EF070FCA2C40080CCBD84B2D368A,Checking match of request : '/0089/searchdata'; against '/0061/**'
05-23-2017 07:09:46.397,DEBUG,20B2EF070FCA2C40080CCBD84B2D368A,Checking match of request : '/0089/searchdata'; against '/0087/**'
05-23-2017 07:09:46.397,DEBUG,20B2EF070FCA2C40080CCBD84B2D368A,Checking match of request : '/0089/searchdata'; against '/0075/**'
05-23-2017 07:09:46.397,DEBUG,20B2EF070FCA2C40080CCBD84B2D368A,Checking match of request : '/0089/searchdata'; against '/0089/**'
05-23-2017 07:09:46.397,DEBUG,20B2EF070FCA2C40080CCBD84B2D368A,Secure object: FilterInvocation: URL: /0089/searchData; Attributes: [ROLE_ADMIN, ROLE_USER, IS_AUTHENTICATED_FULLY]
05-23-2017 07:09:46.397,DEBUG,20B2EF070FCA2C40080CCBD84B2D368A,Previously Authenticated: org.springframework.security.authentication.UsernamePasswordAuthenticationToken@c492b593: Principal: vn.bananavietnam.ict.common.auth.MyUser@c4907816: Username: U0000000001; Password: [PROTECTED]; Enabled: true; AccountNonExpired: true; credentialsNonExpired: true; AccountNonLocked: true; Granted Authorities: 1; Credentials: [PROTECTED]; Authenticated: true; Details: org.springframework.security.web.authentication.WebAuthenticationDetails@fffd3270: RemoteIpAddress: 0:0:0:0:0:0:0:1; SessionId: 20B2EF070FCA2C40080CCBD84B2D368A; Granted Authorities: 1
05-23-2017 07:09:46.397,DEBUG,20B2EF070FCA2C40080CCBD84B2D368A,Voter: org.springframework.security.access.vote.RoleVoter@1ac872d, returned: -1
05-23-2017 07:09:46.397,DEBUG,20B2EF070FCA2C40080CCBD84B2D368A,Voter: org.springframework.security.access.vote.AuthenticatedVoter@b1927d, returned: 1
05-23-2017 07:09:46.397,DEBUG,20B2EF070FCA2C40080CCBD84B2D368A,Authorization successful
05-23-2017 07:09:46.397,DEBUG,20B2EF070FCA2C40080CCBD84B2D368A,RunAsManager did not change Authentication object
05-23-2017 07:09:46.397,DEBUG,20B2EF070FCA2C40080CCBD84B2D368A,/0089/searchData reached end of additional filter chain; proceeding with original chain
05-23-2017 07:09:46.397,DEBUG,20B2EF070FCA2C40080CCBD84B2D368A,Request [/ict/0089/searchData] is not a multipart request
05-23-2017 07:09:46.397,DEBUG,9DB4362E44C05DAF84623FAF2A2AEFBA,DispatcherServlet with name 'appServlet' processing POST request for [/ict/0089/searchData]
05-23-2017 07:09:46.397,DEBUG,9DB4362E44C05DAF84623FAF2A2AEFBA,Looking up handler method for path /0089/searchData
05-23-2017 07:09:46.398,DEBUG,9DB4362E44C05DAF84623FAF2A2AEFBA,Returning handler method [public java.util.List<vn.bananavietnam.ict.banana.component.Bnn0089SearchTaskResult> vn.bananavietnam.ict.banana.controller.Bnn0089SearchTaskController.searchData(vn.bananavietnam.ict.banana.component.Bnn0089SearchTaskConditions)]
05-23-2017 07:09:46.398,DEBUG,9DB4362E44C05DAF84623FAF2A2AEFBA,Returning cached instance of singleton bean 'bnn0089SearchTaskController'
05-23-2017 07:09:46.398,DEBUG,9DB4362E44C05DAF84623FAF2A2AEFBA,Returning cached instance of singleton bean 'xml_path'
05-23-2017 07:09:46.398,DEBUG,9DB4362E44C05DAF84623FAF2A2AEFBA,Read [class vn.bananavietnam.ict.banana.component.Bnn0089SearchTaskConditions] as "application/json" with [org.springframework.http.converter.json.MappingJackson2HttpMessageConverter@156f2cc]
05-23-2017 07:09:46.398,INFO ,9DB4362E44C05DAF84623FAF2A2AEFBA,U0000000001,vn.bananavietnam.ict.banana.service.Bnn0089SearchTaskService,searchData,[vn.bananavietnam.ict.banana.component.Bnn0089SearchTaskConditions@183ffc0] METHOD START
05-23-2017 07:09:46.398,DEBUG,9DB4362E44C05DAF84623FAF2A2AEFBA,Returning cached instance of singleton bean 'transactionManager'
05-23-2017 07:09:46.398,INFO ,9DB4362E44C05DAF84623FAF2A2AEFBA,U0000000001,Task searching started
05-23-2017 07:09:46.398,DEBUG,9DB4362E44C05DAF84623FAF2A2AEFBA,Creating a new SqlSession
05-23-2017 07:09:46.398,DEBUG,9DB4362E44C05DAF84623FAF2A2AEFBA,Registering transaction synchronization for SqlSession [org.apache.ibatis.session.defaults.DefaultSqlSession@1db0c6a]
05-23-2017 07:09:46.398,DEBUG,9DB4362E44C05DAF84623FAF2A2AEFBA,Fetching JDBC Connection from DataSource
05-23-2017 07:09:46.399,DEBUG,9DB4362E44C05DAF84623FAF2A2AEFBA,Creating new JDBC DriverManager Connection to [jdbc:mysql://172.16.0.175:3306/BANANA_DB_HUNG_SELENIUM?useUnicode=yes&characterEncoding=UTF-8&autoReconnect=true]
05-23-2017 07:09:50.422,DEBUG,9DB4362E44C05DAF84623FAF2A2AEFBA,Releasing transactional SqlSession [org.apache.ibatis.session.defaults.DefaultSqlSession@1db0c6a]
05-23-2017 07:09:50.430,ERROR,9DB4362E44C05DAF84623FAF2A2AEFBA,U0000000001,java.lang.Exception: nested exception is org.apache.ibatis.exceptions.PersistenceException: 
05-23-2017 07:09:50.430,DEBUG,9DB4362E44C05DAF84623FAF2A2AEFBA,Transaction synchronization deregistering SqlSession [org.apache.ibatis.session.defaults.DefaultSqlSession@1db0c6a]
05-23-2017 07:09:50.431,DEBUG,9DB4362E44C05DAF84623FAF2A2AEFBA,Transaction synchronization closing SqlSession [org.apache.ibatis.session.defaults.DefaultSqlSession@1db0c6a]
05-23-2017 07:09:50.431,DEBUG,9DB4362E44C05DAF84623FAF2A2AEFBA,Should roll back transaction but cannot - no transaction available
05-23-2017 07:09:50.431,INFO ,9DB4362E44C05DAF84623FAF2A2AEFBA,U0000000001,vn.bananavietnam.ict.banana.service.Bnn0089SearchTaskService,searchData,[vn.bananavietnam.ict.banana.component.Bnn0089SearchTaskConditions@183ffc0] METHOD END
05-23-2017 07:09:50.432,DEBUG,9DB4362E44C05DAF84623FAF2A2AEFBA,Null ModelAndView returned to DispatcherServlet with name 'appServlet': assuming HandlerAdapter completed request handling
05-23-2017 07:09:50.432,DEBUG,9DB4362E44C05DAF84623FAF2A2AEFBA,Successfully completed request
05-23-2017 07:09:50.432,DEBUG,9DB4362E44C05DAF84623FAF2A2AEFBA,Chain processed normally
05-23-2017 07:09:50.432,DEBUG,9DB4362E44C05DAF84623FAF2A2AEFBA,SecurityContextHolder now cleared, as request processing completed
05-23-2017 07:10:09.999,DEBUG,20B2EF070FCA2C40080CCBD84B2D368A,/0089/searchData at position 1 of 11 in additional filter chain; firing Filter: 'SecurityContextPersistenceFilter'
05-23-2017 07:10:09.999,DEBUG,20B2EF070FCA2C40080CCBD84B2D368A,Obtained a valid SecurityContext from SPRING_SECURITY_CONTEXT: 'org.springframework.security.core.context.SecurityContextImpl@c492b593: Authentication: org.springframework.security.authentication.UsernamePasswordAuthenticationToken@c492b593: Principal: vn.bananavietnam.ict.common.auth.MyUser@c4907816: Username: U0000000001; Password: [PROTECTED]; Enabled: true; AccountNonExpired: true; credentialsNonExpired: true; AccountNonLocked: true; Granted Authorities: 1; Credentials: [PROTECTED]; Authenticated: true; Details: org.springframework.security.web.authentication.WebAuthenticationDetails@fffd3270: RemoteIpAddress: 0:0:0:0:0:0:0:1; SessionId: 20B2EF070FCA2C40080CCBD84B2D368A; Granted Authorities: 1'
05-23-2017 07:10:09.999,DEBUG,20B2EF070FCA2C40080CCBD84B2D368A,/0089/searchData at position 2 of 11 in additional filter chain; firing Filter: 'WebAsyncManagerIntegrationFilter'
05-23-2017 07:10:09.999,DEBUG,20B2EF070FCA2C40080CCBD84B2D368A,/0089/searchData at position 3 of 11 in additional filter chain; firing Filter: 'LogoutFilter'
05-23-2017 07:10:09.999,DEBUG,20B2EF070FCA2C40080CCBD84B2D368A,/0089/searchData at position 4 of 11 in additional filter chain; firing Filter: 'UsernamePasswordAuthenticationFilter'
05-23-2017 07:10:09.999,DEBUG,20B2EF070FCA2C40080CCBD84B2D368A,/0089/searchData at position 5 of 11 in additional filter chain; firing Filter: 'BasicAuthenticationFilter'
05-23-2017 07:10:09.999,DEBUG,20B2EF070FCA2C40080CCBD84B2D368A,/0089/searchData at position 6 of 11 in additional filter chain; firing Filter: 'RequestCacheAwareFilter'
05-23-2017 07:10:09.999,DEBUG,20B2EF070FCA2C40080CCBD84B2D368A,/0089/searchData at position 7 of 11 in additional filter chain; firing Filter: 'SecurityContextHolderAwareRequestFilter'
05-23-2017 07:10:09.999,DEBUG,20B2EF070FCA2C40080CCBD84B2D368A,/0089/searchData at position 8 of 11 in additional filter chain; firing Filter: 'AnonymousAuthenticationFilter'
05-23-2017 07:10:10.000,DEBUG,20B2EF070FCA2C40080CCBD84B2D368A,SecurityContextHolder not populated with anonymous token, as it already contained: 'org.springframework.security.authentication.UsernamePasswordAuthenticationToken@c492b593: Principal: vn.bananavietnam.ict.common.auth.MyUser@c4907816: Username: U0000000001; Password: [PROTECTED]; Enabled: true; AccountNonExpired: true; credentialsNonExpired: true; AccountNonLocked: true; Granted Authorities: 1; Credentials: [PROTECTED]; Authenticated: true; Details: org.springframework.security.web.authentication.WebAuthenticationDetails@fffd3270: RemoteIpAddress: 0:0:0:0:0:0:0:1; SessionId: 20B2EF070FCA2C40080CCBD84B2D368A; Granted Authorities: 1'
05-23-2017 07:10:10.000,DEBUG,20B2EF070FCA2C40080CCBD84B2D368A,/0089/searchData at position 9 of 11 in additional filter chain; firing Filter: 'SessionManagementFilter'
05-23-2017 07:10:10.000,DEBUG,20B2EF070FCA2C40080CCBD84B2D368A,/0089/searchData at position 10 of 11 in additional filter chain; firing Filter: 'ExceptionTranslationFilter'
05-23-2017 07:10:10.000,DEBUG,20B2EF070FCA2C40080CCBD84B2D368A,/0089/searchData at position 11 of 11 in additional filter chain; firing Filter: 'FilterSecurityInterceptor'
05-23-2017 07:10:10.000,DEBUG,20B2EF070FCA2C40080CCBD84B2D368A,Checking match of request : '/0089/searchdata'; against '/autherror*'
05-23-2017 07:10:10.000,DEBUG,20B2EF070FCA2C40080CCBD84B2D368A,Checking match of request : '/0089/searchdata'; against '/login/**'
05-23-2017 07:10:10.000,DEBUG,20B2EF070FCA2C40080CCBD84B2D368A,Checking match of request : '/0089/searchdata'; against '/error/**'
05-23-2017 07:10:10.000,DEBUG,20B2EF070FCA2C40080CCBD84B2D368A,Checking match of request : '/0089/searchdata'; against '/0001/**'
05-23-2017 07:10:10.000,DEBUG,20B2EF070FCA2C40080CCBD84B2D368A,Checking match of request : '/0089/searchdata'; against '/0002/**'
05-23-2017 07:10:10.000,DEBUG,20B2EF070FCA2C40080CCBD84B2D368A,Checking match of request : '/0089/searchdata'; against '/0003/**'
05-23-2017 07:10:10.000,DEBUG,20B2EF070FCA2C40080CCBD84B2D368A,Checking match of request : '/0089/searchdata'; against '/0005/**'
05-23-2017 07:10:10.000,DEBUG,20B2EF070FCA2C40080CCBD84B2D368A,Checking match of request : '/0089/searchdata'; against '/0007/**'
05-23-2017 07:10:10.000,DEBUG,20B2EF070FCA2C40080CCBD84B2D368A,Checking match of request : '/0089/searchdata'; against '/0009/**'
05-23-2017 07:10:10.000,DEBUG,20B2EF070FCA2C40080CCBD84B2D368A,Checking match of request : '/0089/searchdata'; against '/0013/**'
05-23-2017 07:10:10.000,DEBUG,20B2EF070FCA2C40080CCBD84B2D368A,Checking match of request : '/0089/searchdata'; against '/0023/**'
05-23-2017 07:10:10.000,DEBUG,20B2EF070FCA2C40080CCBD84B2D368A,Checking match of request : '/0089/searchdata'; against '/0017/**'
05-23-2017 07:10:10.000,DEBUG,20B2EF070FCA2C40080CCBD84B2D368A,Checking match of request : '/0089/searchdata'; against '/0031/**'
05-23-2017 07:10:10.000,DEBUG,20B2EF070FCA2C40080CCBD84B2D368A,Checking match of request : '/0089/searchdata'; against '/0035/**'
05-23-2017 07:10:10.000,DEBUG,20B2EF070FCA2C40080CCBD84B2D368A,Checking match of request : '/0089/searchdata'; against '/0037/**'
05-23-2017 07:10:10.000,DEBUG,20B2EF070FCA2C40080CCBD84B2D368A,Checking match of request : '/0089/searchdata'; against '/0045/**'
05-23-2017 07:10:10.000,DEBUG,20B2EF070FCA2C40080CCBD84B2D368A,Checking match of request : '/0089/searchdata'; against '/0047/**'
05-23-2017 07:10:10.000,DEBUG,20B2EF070FCA2C40080CCBD84B2D368A,Checking match of request : '/0089/searchdata'; against '/0049/**'
05-23-2017 07:10:10.000,DEBUG,20B2EF070FCA2C40080CCBD84B2D368A,Checking match of request : '/0089/searchdata'; against '/0061/**'
05-23-2017 07:10:10.000,DEBUG,20B2EF070FCA2C40080CCBD84B2D368A,Checking match of request : '/0089/searchdata'; against '/0087/**'
05-23-2017 07:10:10.000,DEBUG,20B2EF070FCA2C40080CCBD84B2D368A,Checking match of request : '/0089/searchdata'; against '/0075/**'
05-23-2017 07:10:10.000,DEBUG,20B2EF070FCA2C40080CCBD84B2D368A,Checking match of request : '/0089/searchdata'; against '/0089/**'
05-23-2017 07:10:10.000,DEBUG,20B2EF070FCA2C40080CCBD84B2D368A,Secure object: FilterInvocation: URL: /0089/searchData; Attributes: [ROLE_ADMIN, ROLE_USER, IS_AUTHENTICATED_FULLY]
05-23-2017 07:10:10.000,DEBUG,20B2EF070FCA2C40080CCBD84B2D368A,Previously Authenticated: org.springframework.security.authentication.UsernamePasswordAuthenticationToken@c492b593: Principal: vn.bananavietnam.ict.common.auth.MyUser@c4907816: Username: U0000000001; Password: [PROTECTED]; Enabled: true; AccountNonExpired: true; credentialsNonExpired: true; AccountNonLocked: true; Granted Authorities: 1; Credentials: [PROTECTED]; Authenticated: true; Details: org.springframework.security.web.authentication.WebAuthenticationDetails@fffd3270: RemoteIpAddress: 0:0:0:0:0:0:0:1; SessionId: 20B2EF070FCA2C40080CCBD84B2D368A; Granted Authorities: 1
05-23-2017 07:10:10.000,DEBUG,20B2EF070FCA2C40080CCBD84B2D368A,Voter: org.springframework.security.access.vote.RoleVoter@1ac872d, returned: -1
05-23-2017 07:10:10.000,DEBUG,20B2EF070FCA2C40080CCBD84B2D368A,Voter: org.springframework.security.access.vote.AuthenticatedVoter@b1927d, returned: 1
05-23-2017 07:10:10.000,DEBUG,20B2EF070FCA2C40080CCBD84B2D368A,Authorization successful
05-23-2017 07:10:10.000,DEBUG,20B2EF070FCA2C40080CCBD84B2D368A,RunAsManager did not change Authentication object
05-23-2017 07:10:10.000,DEBUG,20B2EF070FCA2C40080CCBD84B2D368A,/0089/searchData reached end of additional filter chain; proceeding with original chain
05-23-2017 07:10:10.000,DEBUG,20B2EF070FCA2C40080CCBD84B2D368A,Request [/ict/0089/searchData] is not a multipart request
05-23-2017 07:10:10.000,DEBUG,9DB4362E44C05DAF84623FAF2A2AEFBA,DispatcherServlet with name 'appServlet' processing POST request for [/ict/0089/searchData]
05-23-2017 07:10:10.001,DEBUG,9DB4362E44C05DAF84623FAF2A2AEFBA,Looking up handler method for path /0089/searchData
05-23-2017 07:10:10.001,DEBUG,9DB4362E44C05DAF84623FAF2A2AEFBA,Returning handler method [public java.util.List<vn.bananavietnam.ict.banana.component.Bnn0089SearchTaskResult> vn.bananavietnam.ict.banana.controller.Bnn0089SearchTaskController.searchData(vn.bananavietnam.ict.banana.component.Bnn0089SearchTaskConditions)]
05-23-2017 07:10:10.001,DEBUG,9DB4362E44C05DAF84623FAF2A2AEFBA,Returning cached instance of singleton bean 'bnn0089SearchTaskController'
05-23-2017 07:10:10.001,DEBUG,9DB4362E44C05DAF84623FAF2A2AEFBA,Returning cached instance of singleton bean 'xml_path'
05-23-2017 07:10:10.001,DEBUG,9DB4362E44C05DAF84623FAF2A2AEFBA,Read [class vn.bananavietnam.ict.banana.component.Bnn0089SearchTaskConditions] as "application/json" with [org.springframework.http.converter.json.MappingJackson2HttpMessageConverter@156f2cc]
05-23-2017 07:10:10.001,INFO ,9DB4362E44C05DAF84623FAF2A2AEFBA,U0000000001,vn.bananavietnam.ict.banana.service.Bnn0089SearchTaskService,searchData,[vn.bananavietnam.ict.banana.component.Bnn0089SearchTaskConditions@b3af5b] METHOD START
05-23-2017 07:10:10.001,DEBUG,9DB4362E44C05DAF84623FAF2A2AEFBA,Returning cached instance of singleton bean 'transactionManager'
05-23-2017 07:10:10.002,INFO ,9DB4362E44C05DAF84623FAF2A2AEFBA,U0000000001,Task searching started
05-23-2017 07:10:10.002,DEBUG,9DB4362E44C05DAF84623FAF2A2AEFBA,Creating a new SqlSession
05-23-2017 07:10:10.002,DEBUG,9DB4362E44C05DAF84623FAF2A2AEFBA,Registering transaction synchronization for SqlSession [org.apache.ibatis.session.defaults.DefaultSqlSession@12050d5]
05-23-2017 07:10:10.002,DEBUG,9DB4362E44C05DAF84623FAF2A2AEFBA,Fetching JDBC Connection from DataSource
05-23-2017 07:10:10.002,DEBUG,9DB4362E44C05DAF84623FAF2A2AEFBA,Creating new JDBC DriverManager Connection to [jdbc:mysql://172.16.0.175:3306/BANANA_DB_HUNG_SELENIUM?useUnicode=yes&characterEncoding=UTF-8&autoReconnect=true]
05-23-2017 07:10:10.020,DEBUG,9DB4362E44C05DAF84623FAF2A2AEFBA,Registering transaction synchronization for JDBC Connection
05-23-2017 07:10:10.020,DEBUG,9DB4362E44C05DAF84623FAF2A2AEFBA,JDBC Connection [com.mysql.jdbc.JDBC4Connection@e143a3] will be managed by Spring
05-23-2017 07:10:10.020,DEBUG,9DB4362E44C05DAF84623FAF2A2AEFBA,==>  Preparing: SELECT T.TASK_ID taskId, T.TASK_NAME taskName, T.WORKING_DETAILS workingDetails, T.NOTE note, T.QUARANTINE_HANDLING_FLAG quarantineHandlingFlag, T.DELETE_FLAG deleteFlag, T.CHANGE_POINT_CODE changePointCode, T.LAST_UPDATE_DATE lastUpdateDate FROM IVB_M_TASK T WHERE 1 = 1 AND T.DELETE_FLAG = '0' ORDER BY T.TASK_NAME LIMIT ?,? 
05-23-2017 07:10:10.020,DEBUG,9DB4362E44C05DAF84623FAF2A2AEFBA,==> Parameters: 0(Integer), 20(Integer)
05-23-2017 07:10:10.023,DEBUG,9DB4362E44C05DAF84623FAF2A2AEFBA,<==      Total: 20
05-23-2017 07:10:10.023,DEBUG,9DB4362E44C05DAF84623FAF2A2AEFBA,Releasing transactional SqlSession [org.apache.ibatis.session.defaults.DefaultSqlSession@12050d5]
05-23-2017 07:10:10.023,INFO ,9DB4362E44C05DAF84623FAF2A2AEFBA,U0000000001,SQL execution finished
05-23-2017 07:10:10.023,DEBUG,9DB4362E44C05DAF84623FAF2A2AEFBA,Fetched SqlSession [org.apache.ibatis.session.defaults.DefaultSqlSession@12050d5] from current transaction
05-23-2017 07:10:10.023,DEBUG,9DB4362E44C05DAF84623FAF2A2AEFBA,==>  Preparing: SELECT COUNT(*) FROM IVB_M_TASK T WHERE 1 = 1 AND T.DELETE_FLAG = '0' ORDER BY T.TASK_ID 
05-23-2017 07:10:10.024,DEBUG,9DB4362E44C05DAF84623FAF2A2AEFBA,==> Parameters: 
05-23-2017 07:10:10.025,DEBUG,9DB4362E44C05DAF84623FAF2A2AEFBA,<==      Total: 1
05-23-2017 07:10:10.025,DEBUG,9DB4362E44C05DAF84623FAF2A2AEFBA,Releasing transactional SqlSession [org.apache.ibatis.session.defaults.DefaultSqlSession@12050d5]
05-23-2017 07:10:10.025,INFO ,9DB4362E44C05DAF84623FAF2A2AEFBA,U0000000001,Task searching finished ==> 43 item(s)
05-23-2017 07:10:10.025,DEBUG,9DB4362E44C05DAF84623FAF2A2AEFBA,Transaction synchronization deregistering SqlSession [org.apache.ibatis.session.defaults.DefaultSqlSession@12050d5]
05-23-2017 07:10:10.025,DEBUG,9DB4362E44C05DAF84623FAF2A2AEFBA,Transaction synchronization closing SqlSession [org.apache.ibatis.session.defaults.DefaultSqlSession@12050d5]
05-23-2017 07:10:10.025,DEBUG,9DB4362E44C05DAF84623FAF2A2AEFBA,Returning JDBC Connection to DataSource
05-23-2017 07:10:10.025,INFO ,9DB4362E44C05DAF84623FAF2A2AEFBA,U0000000001,vn.bananavietnam.ict.banana.service.Bnn0089SearchTaskService,searchData,[vn.bananavietnam.ict.banana.component.Bnn0089SearchTaskConditions@b3af5b] METHOD END
05-23-2017 07:10:10.028,DEBUG,9DB4362E44C05DAF84623FAF2A2AEFBA,Written [[vn.bananavietnam.ict.banana.component.Bnn0089SearchTaskResult@1d4f0c7, vn.bananavietnam.ict.banana.component.Bnn0089SearchTaskResult@a44675, vn.bananavietnam.ict.banana.component.Bnn0089SearchTaskResult@10032a1, vn.bananavietnam.ict.banana.component.Bnn0089SearchTaskResult@1e26adf, vn.bananavietnam.ict.banana.component.Bnn0089SearchTaskResult@1daf3ec, vn.bananavietnam.ict.banana.component.Bnn0089SearchTaskResult@13f840c, vn.bananavietnam.ict.banana.component.Bnn0089SearchTaskResult@1982bb0, vn.bananavietnam.ict.banana.component.Bnn0089SearchTaskResult@1260b8e, vn.bananavietnam.ict.banana.component.Bnn0089SearchTaskResult@1c7dad5, vn.bananavietnam.ict.banana.component.Bnn0089SearchTaskResult@253285, vn.bananavietnam.ict.banana.component.Bnn0089SearchTaskResult@12509a, vn.bananavietnam.ict.banana.component.Bnn0089SearchTaskResult@161432d, vn.bananavietnam.ict.banana.component.Bnn0089SearchTaskResult@d333e6, vn.bananavietnam.ict.banana.component.Bnn0089SearchTaskResult@12b9f63, vn.bananavietnam.ict.banana.component.Bnn0089SearchTaskResult@1bd875c, vn.bananavietnam.ict.banana.component.Bnn0089SearchTaskResult@54da6d, vn.bananavietnam.ict.banana.component.Bnn0089SearchTaskResult@1b98982, vn.bananavietnam.ict.banana.component.Bnn0089SearchTaskResult@44d651, vn.bananavietnam.ict.banana.component.Bnn0089SearchTaskResult@15e3be2, vn.bananavietnam.ict.banana.component.Bnn0089SearchTaskResult@19f1016]] as "application/json;charset=UTF-8" using [org.springframework.http.converter.json.MappingJackson2HttpMessageConverter@156f2cc]
05-23-2017 07:10:10.028,DEBUG,9DB4362E44C05DAF84623FAF2A2AEFBA,Null ModelAndView returned to DispatcherServlet with name 'appServlet': assuming HandlerAdapter completed request handling
05-23-2017 07:10:10.028,DEBUG,9DB4362E44C05DAF84623FAF2A2AEFBA,Successfully completed request
05-23-2017 07:10:10.028,DEBUG,9DB4362E44C05DAF84623FAF2A2AEFBA,Chain processed normally
05-23-2017 07:10:10.028,DEBUG,9DB4362E44C05DAF84623FAF2A2AEFBA,SecurityContextHolder now cleared, as request processing completed
05-23-2017 07:10:11.137,DEBUG,85202CE4D615789BE3ECA7D7E25680C2,/0089/searchData at position 1 of 11 in additional filter chain; firing Filter: 'SecurityContextPersistenceFilter'
05-23-2017 07:10:11.137,DEBUG,85202CE4D615789BE3ECA7D7E25680C2,Obtained a valid SecurityContext from SPRING_SECURITY_CONTEXT: 'org.springframework.security.core.context.SecurityContextImpl@c492b593: Authentication: org.springframework.security.authentication.UsernamePasswordAuthenticationToken@c492b593: Principal: vn.bananavietnam.ict.common.auth.MyUser@c4907816: Username: U0000000001; Password: [PROTECTED]; Enabled: true; AccountNonExpired: true; credentialsNonExpired: true; AccountNonLocked: true; Granted Authorities: 1; Credentials: [PROTECTED]; Authenticated: true; Details: org.springframework.security.web.authentication.WebAuthenticationDetails@fffd3270: RemoteIpAddress: 0:0:0:0:0:0:0:1; SessionId: 20B2EF070FCA2C40080CCBD84B2D368A; Granted Authorities: 1'
05-23-2017 07:10:11.137,DEBUG,85202CE4D615789BE3ECA7D7E25680C2,/0089/searchData at position 2 of 11 in additional filter chain; firing Filter: 'WebAsyncManagerIntegrationFilter'
05-23-2017 07:10:11.137,DEBUG,85202CE4D615789BE3ECA7D7E25680C2,/0089/searchData at position 3 of 11 in additional filter chain; firing Filter: 'LogoutFilter'
05-23-2017 07:10:11.137,DEBUG,85202CE4D615789BE3ECA7D7E25680C2,/0089/searchData at position 4 of 11 in additional filter chain; firing Filter: 'UsernamePasswordAuthenticationFilter'
05-23-2017 07:10:11.137,DEBUG,85202CE4D615789BE3ECA7D7E25680C2,/0089/searchData at position 5 of 11 in additional filter chain; firing Filter: 'BasicAuthenticationFilter'
05-23-2017 07:10:11.137,DEBUG,85202CE4D615789BE3ECA7D7E25680C2,/0089/searchData at position 6 of 11 in additional filter chain; firing Filter: 'RequestCacheAwareFilter'
05-23-2017 07:10:11.137,DEBUG,85202CE4D615789BE3ECA7D7E25680C2,/0089/searchData at position 7 of 11 in additional filter chain; firing Filter: 'SecurityContextHolderAwareRequestFilter'
05-23-2017 07:10:11.137,DEBUG,85202CE4D615789BE3ECA7D7E25680C2,/0089/searchData at position 8 of 11 in additional filter chain; firing Filter: 'AnonymousAuthenticationFilter'
05-23-2017 07:10:11.137,DEBUG,85202CE4D615789BE3ECA7D7E25680C2,SecurityContextHolder not populated with anonymous token, as it already contained: 'org.springframework.security.authentication.UsernamePasswordAuthenticationToken@c492b593: Principal: vn.bananavietnam.ict.common.auth.MyUser@c4907816: Username: U0000000001; Password: [PROTECTED]; Enabled: true; AccountNonExpired: true; credentialsNonExpired: true; AccountNonLocked: true; Granted Authorities: 1; Credentials: [PROTECTED]; Authenticated: true; Details: org.springframework.security.web.authentication.WebAuthenticationDetails@fffd3270: RemoteIpAddress: 0:0:0:0:0:0:0:1; SessionId: 20B2EF070FCA2C40080CCBD84B2D368A; Granted Authorities: 1'
05-23-2017 07:10:11.137,DEBUG,85202CE4D615789BE3ECA7D7E25680C2,/0089/searchData at position 9 of 11 in additional filter chain; firing Filter: 'SessionManagementFilter'
05-23-2017 07:10:11.137,DEBUG,85202CE4D615789BE3ECA7D7E25680C2,/0089/searchData at position 10 of 11 in additional filter chain; firing Filter: 'ExceptionTranslationFilter'
05-23-2017 07:10:11.137,DEBUG,85202CE4D615789BE3ECA7D7E25680C2,/0089/searchData at position 11 of 11 in additional filter chain; firing Filter: 'FilterSecurityInterceptor'
05-23-2017 07:10:11.137,DEBUG,85202CE4D615789BE3ECA7D7E25680C2,Checking match of request : '/0089/searchdata'; against '/autherror*'
05-23-2017 07:10:11.137,DEBUG,85202CE4D615789BE3ECA7D7E25680C2,Checking match of request : '/0089/searchdata'; against '/login/**'
05-23-2017 07:10:11.137,DEBUG,85202CE4D615789BE3ECA7D7E25680C2,Checking match of request : '/0089/searchdata'; against '/error/**'
05-23-2017 07:10:11.137,DEBUG,85202CE4D615789BE3ECA7D7E25680C2,Checking match of request : '/0089/searchdata'; against '/0001/**'
05-23-2017 07:10:11.137,DEBUG,85202CE4D615789BE3ECA7D7E25680C2,Checking match of request : '/0089/searchdata'; against '/0002/**'
05-23-2017 07:10:11.137,DEBUG,85202CE4D615789BE3ECA7D7E25680C2,Checking match of request : '/0089/searchdata'; against '/0003/**'
05-23-2017 07:10:11.137,DEBUG,85202CE4D615789BE3ECA7D7E25680C2,Checking match of request : '/0089/searchdata'; against '/0005/**'
05-23-2017 07:10:11.137,DEBUG,85202CE4D615789BE3ECA7D7E25680C2,Checking match of request : '/0089/searchdata'; against '/0007/**'
05-23-2017 07:10:11.137,DEBUG,85202CE4D615789BE3ECA7D7E25680C2,Checking match of request : '/0089/searchdata'; against '/0009/**'
05-23-2017 07:10:11.137,DEBUG,85202CE4D615789BE3ECA7D7E25680C2,Checking match of request : '/0089/searchdata'; against '/0013/**'
05-23-2017 07:10:11.137,DEBUG,85202CE4D615789BE3ECA7D7E25680C2,Checking match of request : '/0089/searchdata'; against '/0023/**'
05-23-2017 07:10:11.137,DEBUG,85202CE4D615789BE3ECA7D7E25680C2,Checking match of request : '/0089/searchdata'; against '/0017/**'
05-23-2017 07:10:11.138,DEBUG,85202CE4D615789BE3ECA7D7E25680C2,Checking match of request : '/0089/searchdata'; against '/0031/**'
05-23-2017 07:10:11.138,DEBUG,85202CE4D615789BE3ECA7D7E25680C2,Checking match of request : '/0089/searchdata'; against '/0035/**'
05-23-2017 07:10:11.138,DEBUG,85202CE4D615789BE3ECA7D7E25680C2,Checking match of request : '/0089/searchdata'; against '/0037/**'
05-23-2017 07:10:11.138,DEBUG,85202CE4D615789BE3ECA7D7E25680C2,Checking match of request : '/0089/searchdata'; against '/0045/**'
05-23-2017 07:10:11.138,DEBUG,85202CE4D615789BE3ECA7D7E25680C2,Checking match of request : '/0089/searchdata'; against '/0047/**'
05-23-2017 07:10:11.138,DEBUG,85202CE4D615789BE3ECA7D7E25680C2,Checking match of request : '/0089/searchdata'; against '/0049/**'
05-23-2017 07:10:11.138,DEBUG,85202CE4D615789BE3ECA7D7E25680C2,Checking match of request : '/0089/searchdata'; against '/0061/**'
05-23-2017 07:10:11.138,DEBUG,85202CE4D615789BE3ECA7D7E25680C2,Checking match of request : '/0089/searchdata'; against '/0087/**'
05-23-2017 07:10:11.138,DEBUG,85202CE4D615789BE3ECA7D7E25680C2,Checking match of request : '/0089/searchdata'; against '/0075/**'
05-23-2017 07:10:11.138,DEBUG,85202CE4D615789BE3ECA7D7E25680C2,Checking match of request : '/0089/searchdata'; against '/0089/**'
05-23-2017 07:10:11.138,DEBUG,85202CE4D615789BE3ECA7D7E25680C2,Secure object: FilterInvocation: URL: /0089/searchData; Attributes: [ROLE_ADMIN, ROLE_USER, IS_AUTHENTICATED_FULLY]
05-23-2017 07:10:11.138,DEBUG,85202CE4D615789BE3ECA7D7E25680C2,Previously Authenticated: org.springframework.security.authentication.UsernamePasswordAuthenticationToken@c492b593: Principal: vn.bananavietnam.ict.common.auth.MyUser@c4907816: Username: U0000000001; Password: [PROTECTED]; Enabled: true; AccountNonExpired: true; credentialsNonExpired: true; AccountNonLocked: true; Granted Authorities: 1; Credentials: [PROTECTED]; Authenticated: true; Details: org.springframework.security.web.authentication.WebAuthenticationDetails@fffd3270: RemoteIpAddress: 0:0:0:0:0:0:0:1; SessionId: 20B2EF070FCA2C40080CCBD84B2D368A; Granted Authorities: 1
05-23-2017 07:10:11.138,DEBUG,85202CE4D615789BE3ECA7D7E25680C2,Voter: org.springframework.security.access.vote.RoleVoter@1ac872d, returned: -1
05-23-2017 07:10:11.138,DEBUG,85202CE4D615789BE3ECA7D7E25680C2,Voter: org.springframework.security.access.vote.AuthenticatedVoter@b1927d, returned: 1
05-23-2017 07:10:11.138,DEBUG,85202CE4D615789BE3ECA7D7E25680C2,Authorization successful
05-23-2017 07:10:11.138,DEBUG,85202CE4D615789BE3ECA7D7E25680C2,RunAsManager did not change Authentication object
05-23-2017 07:10:11.138,DEBUG,85202CE4D615789BE3ECA7D7E25680C2,/0089/searchData reached end of additional filter chain; proceeding with original chain
05-23-2017 07:10:11.138,DEBUG,85202CE4D615789BE3ECA7D7E25680C2,Request [/ict/0089/searchData] is not a multipart request
05-23-2017 07:10:11.138,DEBUG,9DB4362E44C05DAF84623FAF2A2AEFBA,DispatcherServlet with name 'appServlet' processing POST request for [/ict/0089/searchData]
05-23-2017 07:10:11.138,DEBUG,9DB4362E44C05DAF84623FAF2A2AEFBA,Looking up handler method for path /0089/searchData
05-23-2017 07:10:11.138,DEBUG,9DB4362E44C05DAF84623FAF2A2AEFBA,Returning handler method [public java.util.List<vn.bananavietnam.ict.banana.component.Bnn0089SearchTaskResult> vn.bananavietnam.ict.banana.controller.Bnn0089SearchTaskController.searchData(vn.bananavietnam.ict.banana.component.Bnn0089SearchTaskConditions)]
05-23-2017 07:10:11.138,DEBUG,9DB4362E44C05DAF84623FAF2A2AEFBA,Returning cached instance of singleton bean 'bnn0089SearchTaskController'
05-23-2017 07:10:11.138,DEBUG,9DB4362E44C05DAF84623FAF2A2AEFBA,Returning cached instance of singleton bean 'xml_path'
05-23-2017 07:10:11.139,DEBUG,9DB4362E44C05DAF84623FAF2A2AEFBA,Read [class vn.bananavietnam.ict.banana.component.Bnn0089SearchTaskConditions] as "application/json" with [org.springframework.http.converter.json.MappingJackson2HttpMessageConverter@156f2cc]
05-23-2017 07:10:11.139,INFO ,9DB4362E44C05DAF84623FAF2A2AEFBA,U0000000001,vn.bananavietnam.ict.banana.service.Bnn0089SearchTaskService,searchData,[vn.bananavietnam.ict.banana.component.Bnn0089SearchTaskConditions@9149f9] METHOD START
05-23-2017 07:10:11.139,DEBUG,9DB4362E44C05DAF84623FAF2A2AEFBA,Returning cached instance of singleton bean 'transactionManager'
05-23-2017 07:10:11.139,INFO ,9DB4362E44C05DAF84623FAF2A2AEFBA,U0000000001,Task searching started
05-23-2017 07:10:11.139,DEBUG,9DB4362E44C05DAF84623FAF2A2AEFBA,Creating a new SqlSession
05-23-2017 07:10:11.139,DEBUG,9DB4362E44C05DAF84623FAF2A2AEFBA,Registering transaction synchronization for SqlSession [org.apache.ibatis.session.defaults.DefaultSqlSession@9f87eb]
05-23-2017 07:10:11.139,DEBUG,9DB4362E44C05DAF84623FAF2A2AEFBA,Fetching JDBC Connection from DataSource
05-23-2017 07:10:11.139,DEBUG,9DB4362E44C05DAF84623FAF2A2AEFBA,Creating new JDBC DriverManager Connection to [jdbc:mysql://172.16.0.175:3306/BANANA_DB_HUNG_SELENIUM?useUnicode=yes&characterEncoding=UTF-8&autoReconnect=true]
05-23-2017 07:10:11.156,DEBUG,9DB4362E44C05DAF84623FAF2A2AEFBA,Registering transaction synchronization for JDBC Connection
05-23-2017 07:10:11.156,DEBUG,9DB4362E44C05DAF84623FAF2A2AEFBA,JDBC Connection [com.mysql.jdbc.JDBC4Connection@61f91a] will be managed by Spring
05-23-2017 07:10:11.156,DEBUG,9DB4362E44C05DAF84623FAF2A2AEFBA,==>  Preparing: SELECT T.TASK_ID taskId, T.TASK_NAME taskName, T.WORKING_DETAILS workingDetails, T.NOTE note, T.QUARANTINE_HANDLING_FLAG quarantineHandlingFlag, T.DELETE_FLAG deleteFlag, T.CHANGE_POINT_CODE changePointCode, T.LAST_UPDATE_DATE lastUpdateDate FROM IVB_M_TASK T WHERE 1 = 1 AND T.DELETE_FLAG = '0' ORDER BY T.TASK_NAME LIMIT ?,? 
05-23-2017 07:10:11.157,DEBUG,9DB4362E44C05DAF84623FAF2A2AEFBA,==> Parameters: 40(Integer), 20(Integer)
05-23-2017 07:10:11.158,DEBUG,9DB4362E44C05DAF84623FAF2A2AEFBA,<==      Total: 3
05-23-2017 07:10:11.158,DEBUG,9DB4362E44C05DAF84623FAF2A2AEFBA,Releasing transactional SqlSession [org.apache.ibatis.session.defaults.DefaultSqlSession@9f87eb]
05-23-2017 07:10:11.158,INFO ,9DB4362E44C05DAF84623FAF2A2AEFBA,U0000000001,SQL execution finished
05-23-2017 07:10:11.158,DEBUG,9DB4362E44C05DAF84623FAF2A2AEFBA,Fetched SqlSession [org.apache.ibatis.session.defaults.DefaultSqlSession@9f87eb] from current transaction
05-23-2017 07:10:11.158,DEBUG,9DB4362E44C05DAF84623FAF2A2AEFBA,==>  Preparing: SELECT COUNT(*) FROM IVB_M_TASK T WHERE 1 = 1 AND T.DELETE_FLAG = '0' ORDER BY T.TASK_ID 
05-23-2017 07:10:11.158,DEBUG,9DB4362E44C05DAF84623FAF2A2AEFBA,==> Parameters: 
05-23-2017 07:10:11.159,DEBUG,9DB4362E44C05DAF84623FAF2A2AEFBA,<==      Total: 1
05-23-2017 07:10:11.159,DEBUG,9DB4362E44C05DAF84623FAF2A2AEFBA,Releasing transactional SqlSession [org.apache.ibatis.session.defaults.DefaultSqlSession@9f87eb]
05-23-2017 07:10:11.160,INFO ,9DB4362E44C05DAF84623FAF2A2AEFBA,U0000000001,Task searching finished ==> 43 item(s)
05-23-2017 07:10:11.160,DEBUG,9DB4362E44C05DAF84623FAF2A2AEFBA,Transaction synchronization deregistering SqlSession [org.apache.ibatis.session.defaults.DefaultSqlSession@9f87eb]
05-23-2017 07:10:11.160,DEBUG,9DB4362E44C05DAF84623FAF2A2AEFBA,Transaction synchronization closing SqlSession [org.apache.ibatis.session.defaults.DefaultSqlSession@9f87eb]
05-23-2017 07:10:11.160,DEBUG,9DB4362E44C05DAF84623FAF2A2AEFBA,Returning JDBC Connection to DataSource
05-23-2017 07:10:11.160,INFO ,9DB4362E44C05DAF84623FAF2A2AEFBA,U0000000001,vn.bananavietnam.ict.banana.service.Bnn0089SearchTaskService,searchData,[vn.bananavietnam.ict.banana.component.Bnn0089SearchTaskConditions@9149f9] METHOD END
05-23-2017 07:10:11.160,DEBUG,9DB4362E44C05DAF84623FAF2A2AEFBA,Written [[vn.bananavietnam.ict.banana.component.Bnn0089SearchTaskResult@c48a21, vn.bananavietnam.ict.banana.component.Bnn0089SearchTaskResult@13898f1, vn.bananavietnam.ict.banana.component.Bnn0089SearchTaskResult@121eb1e]] as "application/json;charset=UTF-8" using [org.springframework.http.converter.json.MappingJackson2HttpMessageConverter@156f2cc]
05-23-2017 07:10:11.161,DEBUG,9DB4362E44C05DAF84623FAF2A2AEFBA,Null ModelAndView returned to DispatcherServlet with name 'appServlet': assuming HandlerAdapter completed request handling
05-23-2017 07:10:11.161,DEBUG,9DB4362E44C05DAF84623FAF2A2AEFBA,Successfully completed request
05-23-2017 07:10:11.161,DEBUG,9DB4362E44C05DAF84623FAF2A2AEFBA,Chain processed normally
05-23-2017 07:10:11.161,DEBUG,9DB4362E44C05DAF84623FAF2A2AEFBA,SecurityContextHolder now cleared, as request processing completed
