05-23-2017 07:20:47.179,DEBUG,D3E4B3377362E6ECA330F2764000B194,/0089/searchData at position 1 of 11 in additional filter chain; firing Filter: 'SecurityContextPersistenceFilter'
05-23-2017 07:20:47.179,DEBUG,D3E4B3377362E6ECA330F2764000B194,Obtained a valid SecurityContext from SPRING_SECURITY_CONTEXT: 'org.springframework.security.core.context.SecurityContextImpl@3b6bb3bb: Authentication: org.springframework.security.authentication.UsernamePasswordAuthenticationToken@3b6bb3bb: Principal: vn.bananavietnam.ict.common.auth.MyUser@c4907816: Username: U0000000001; Password: [PROTECTED]; Enabled: true; AccountNonExpired: true; credentialsNonExpired: true; AccountNonLocked: true; Granted Authorities: 1; Credentials: [PROTECTED]; Authenticated: true; Details: org.springframework.security.web.authentication.WebAuthenticationDetails@43458: RemoteIpAddress: 0:0:0:0:0:0:0:1; SessionId: D3E4B3377362E6ECA330F2764000B194; Granted Authorities: 1'
05-23-2017 07:20:47.179,DEBUG,D3E4B3377362E6ECA330F2764000B194,/0089/searchData at position 2 of 11 in additional filter chain; firing Filter: 'WebAsyncManagerIntegrationFilter'
05-23-2017 07:20:47.179,DEBUG,D3E4B3377362E6ECA330F2764000B194,/0089/searchData at position 3 of 11 in additional filter chain; firing Filter: 'LogoutFilter'
05-23-2017 07:20:47.179,DEBUG,D3E4B3377362E6ECA330F2764000B194,/0089/searchData at position 4 of 11 in additional filter chain; firing Filter: 'UsernamePasswordAuthenticationFilter'
05-23-2017 07:20:47.179,DEBUG,D3E4B3377362E6ECA330F2764000B194,/0089/searchData at position 5 of 11 in additional filter chain; firing Filter: 'BasicAuthenticationFilter'
05-23-2017 07:20:47.179,DEBUG,D3E4B3377362E6ECA330F2764000B194,/0089/searchData at position 6 of 11 in additional filter chain; firing Filter: 'RequestCacheAwareFilter'
05-23-2017 07:20:47.179,DEBUG,D3E4B3377362E6ECA330F2764000B194,/0089/searchData at position 7 of 11 in additional filter chain; firing Filter: 'SecurityContextHolderAwareRequestFilter'
05-23-2017 07:20:47.179,DEBUG,D3E4B3377362E6ECA330F2764000B194,/0089/searchData at position 8 of 11 in additional filter chain; firing Filter: 'AnonymousAuthenticationFilter'
05-23-2017 07:20:47.180,DEBUG,D3E4B3377362E6ECA330F2764000B194,SecurityContextHolder not populated with anonymous token, as it already contained: 'org.springframework.security.authentication.UsernamePasswordAuthenticationToken@3b6bb3bb: Principal: vn.bananavietnam.ict.common.auth.MyUser@c4907816: Username: U0000000001; Password: [PROTECTED]; Enabled: true; AccountNonExpired: true; credentialsNonExpired: true; AccountNonLocked: true; Granted Authorities: 1; Credentials: [PROTECTED]; Authenticated: true; Details: org.springframework.security.web.authentication.WebAuthenticationDetails@43458: RemoteIpAddress: 0:0:0:0:0:0:0:1; SessionId: D3E4B3377362E6ECA330F2764000B194; Granted Authorities: 1'
05-23-2017 07:20:47.180,DEBUG,D3E4B3377362E6ECA330F2764000B194,/0089/searchData at position 9 of 11 in additional filter chain; firing Filter: 'SessionManagementFilter'
05-23-2017 07:20:47.180,DEBUG,D3E4B3377362E6ECA330F2764000B194,/0089/searchData at position 10 of 11 in additional filter chain; firing Filter: 'ExceptionTranslationFilter'
05-23-2017 07:20:47.180,DEBUG,D3E4B3377362E6ECA330F2764000B194,/0089/searchData at position 11 of 11 in additional filter chain; firing Filter: 'FilterSecurityInterceptor'
05-23-2017 07:20:47.180,DEBUG,D3E4B3377362E6ECA330F2764000B194,Checking match of request : '/0089/searchdata'; against '/autherror*'
05-23-2017 07:20:47.180,DEBUG,D3E4B3377362E6ECA330F2764000B194,Checking match of request : '/0089/searchdata'; against '/login/**'
05-23-2017 07:20:47.180,DEBUG,D3E4B3377362E6ECA330F2764000B194,Checking match of request : '/0089/searchdata'; against '/error/**'
05-23-2017 07:20:47.180,DEBUG,D3E4B3377362E6ECA330F2764000B194,Checking match of request : '/0089/searchdata'; against '/0001/**'
05-23-2017 07:20:47.180,DEBUG,D3E4B3377362E6ECA330F2764000B194,Checking match of request : '/0089/searchdata'; against '/0002/**'
05-23-2017 07:20:47.180,DEBUG,D3E4B3377362E6ECA330F2764000B194,Checking match of request : '/0089/searchdata'; against '/0003/**'
05-23-2017 07:20:47.180,DEBUG,D3E4B3377362E6ECA330F2764000B194,Checking match of request : '/0089/searchdata'; against '/0005/**'
05-23-2017 07:20:47.180,DEBUG,D3E4B3377362E6ECA330F2764000B194,Checking match of request : '/0089/searchdata'; against '/0007/**'
05-23-2017 07:20:47.180,DEBUG,D3E4B3377362E6ECA330F2764000B194,Checking match of request : '/0089/searchdata'; against '/0009/**'
05-23-2017 07:20:47.180,DEBUG,D3E4B3377362E6ECA330F2764000B194,Checking match of request : '/0089/searchdata'; against '/0013/**'
05-23-2017 07:20:47.180,DEBUG,D3E4B3377362E6ECA330F2764000B194,Checking match of request : '/0089/searchdata'; against '/0023/**'
05-23-2017 07:20:47.180,DEBUG,D3E4B3377362E6ECA330F2764000B194,Checking match of request : '/0089/searchdata'; against '/0017/**'
05-23-2017 07:20:47.180,DEBUG,D3E4B3377362E6ECA330F2764000B194,Checking match of request : '/0089/searchdata'; against '/0031/**'
05-23-2017 07:20:47.180,DEBUG,D3E4B3377362E6ECA330F2764000B194,Checking match of request : '/0089/searchdata'; against '/0035/**'
05-23-2017 07:20:47.180,DEBUG,D3E4B3377362E6ECA330F2764000B194,Checking match of request : '/0089/searchdata'; against '/0037/**'
05-23-2017 07:20:47.180,DEBUG,D3E4B3377362E6ECA330F2764000B194,Checking match of request : '/0089/searchdata'; against '/0045/**'
05-23-2017 07:20:47.180,DEBUG,D3E4B3377362E6ECA330F2764000B194,Checking match of request : '/0089/searchdata'; against '/0047/**'
05-23-2017 07:20:47.180,DEBUG,D3E4B3377362E6ECA330F2764000B194,Checking match of request : '/0089/searchdata'; against '/0049/**'
05-23-2017 07:20:47.180,DEBUG,D3E4B3377362E6ECA330F2764000B194,Checking match of request : '/0089/searchdata'; against '/0061/**'
05-23-2017 07:20:47.180,DEBUG,D3E4B3377362E6ECA330F2764000B194,Checking match of request : '/0089/searchdata'; against '/0087/**'
05-23-2017 07:20:47.180,DEBUG,D3E4B3377362E6ECA330F2764000B194,Checking match of request : '/0089/searchdata'; against '/0075/**'
05-23-2017 07:20:47.180,DEBUG,D3E4B3377362E6ECA330F2764000B194,Checking match of request : '/0089/searchdata'; against '/0089/**'
05-23-2017 07:20:47.180,DEBUG,D3E4B3377362E6ECA330F2764000B194,Secure object: FilterInvocation: URL: /0089/searchData; Attributes: [ROLE_ADMIN, ROLE_USER, IS_AUTHENTICATED_FULLY]
05-23-2017 07:20:47.180,DEBUG,D3E4B3377362E6ECA330F2764000B194,Previously Authenticated: org.springframework.security.authentication.UsernamePasswordAuthenticationToken@3b6bb3bb: Principal: vn.bananavietnam.ict.common.auth.MyUser@c4907816: Username: U0000000001; Password: [PROTECTED]; Enabled: true; AccountNonExpired: true; credentialsNonExpired: true; AccountNonLocked: true; Granted Authorities: 1; Credentials: [PROTECTED]; Authenticated: true; Details: org.springframework.security.web.authentication.WebAuthenticationDetails@43458: RemoteIpAddress: 0:0:0:0:0:0:0:1; SessionId: D3E4B3377362E6ECA330F2764000B194; Granted Authorities: 1
05-23-2017 07:20:47.180,DEBUG,D3E4B3377362E6ECA330F2764000B194,Voter: org.springframework.security.access.vote.RoleVoter@1ac872d, returned: -1
05-23-2017 07:20:47.180,DEBUG,D3E4B3377362E6ECA330F2764000B194,Voter: org.springframework.security.access.vote.AuthenticatedVoter@b1927d, returned: 1
05-23-2017 07:20:47.180,DEBUG,D3E4B3377362E6ECA330F2764000B194,Authorization successful
05-23-2017 07:20:47.180,DEBUG,D3E4B3377362E6ECA330F2764000B194,RunAsManager did not change Authentication object
05-23-2017 07:20:47.180,DEBUG,D3E4B3377362E6ECA330F2764000B194,/0089/searchData reached end of additional filter chain; proceeding with original chain
05-23-2017 07:20:47.180,DEBUG,D3E4B3377362E6ECA330F2764000B194,Request [/ict/0089/searchData] is not a multipart request
05-23-2017 07:20:47.180,DEBUG,2A33F4BC33F33CD005E3F600A2F603F6,DispatcherServlet with name 'appServlet' processing POST request for [/ict/0089/searchData]
05-23-2017 07:20:47.180,DEBUG,2A33F4BC33F33CD005E3F600A2F603F6,Looking up handler method for path /0089/searchData
05-23-2017 07:20:47.181,DEBUG,2A33F4BC33F33CD005E3F600A2F603F6,Returning handler method [public java.util.List<vn.bananavietnam.ict.banana.component.Bnn0089SearchTaskResult> vn.bananavietnam.ict.banana.controller.Bnn0089SearchTaskController.searchData(vn.bananavietnam.ict.banana.component.Bnn0089SearchTaskConditions)]
05-23-2017 07:20:47.181,DEBUG,2A33F4BC33F33CD005E3F600A2F603F6,Returning cached instance of singleton bean 'bnn0089SearchTaskController'
05-23-2017 07:20:47.181,DEBUG,2A33F4BC33F33CD005E3F600A2F603F6,Returning cached instance of singleton bean 'xml_path'
05-23-2017 07:20:47.181,DEBUG,2A33F4BC33F33CD005E3F600A2F603F6,Read [class vn.bananavietnam.ict.banana.component.Bnn0089SearchTaskConditions] as "application/json" with [org.springframework.http.converter.json.MappingJackson2HttpMessageConverter@156f2cc]
05-23-2017 07:20:47.181,INFO ,2A33F4BC33F33CD005E3F600A2F603F6,U0000000001,vn.bananavietnam.ict.banana.service.Bnn0089SearchTaskService,searchData,[vn.bananavietnam.ict.banana.component.Bnn0089SearchTaskConditions@249c54] METHOD START
05-23-2017 07:20:47.181,DEBUG,2A33F4BC33F33CD005E3F600A2F603F6,Returning cached instance of singleton bean 'transactionManager'
05-23-2017 07:20:47.181,INFO ,2A33F4BC33F33CD005E3F600A2F603F6,U0000000001,Task searching started
05-23-2017 07:20:47.181,DEBUG,2A33F4BC33F33CD005E3F600A2F603F6,Creating a new SqlSession
05-23-2017 07:20:47.181,DEBUG,2A33F4BC33F33CD005E3F600A2F603F6,Registering transaction synchronization for SqlSession [org.apache.ibatis.session.defaults.DefaultSqlSession@ea6911]
05-23-2017 07:20:47.182,DEBUG,2A33F4BC33F33CD005E3F600A2F603F6,Fetching JDBC Connection from DataSource
05-23-2017 07:20:47.182,DEBUG,2A33F4BC33F33CD005E3F600A2F603F6,Creating new JDBC DriverManager Connection to [jdbc:mysql://172.16.0.175:3306/BANANA_DB_HUNG_SELENIUM?useUnicode=yes&characterEncoding=UTF-8&autoReconnect=true]
05-23-2017 07:20:51.187,DEBUG,2A33F4BC33F33CD005E3F600A2F603F6,Releasing transactional SqlSession [org.apache.ibatis.session.defaults.DefaultSqlSession@ea6911]
05-23-2017 07:20:51.226,ERROR,2A33F4BC33F33CD005E3F600A2F603F6,U0000000001,java.lang.Exception: nested exception is org.apache.ibatis.exceptions.PersistenceException: 
05-23-2017 07:20:51.226,DEBUG,2A33F4BC33F33CD005E3F600A2F603F6,Transaction synchronization deregistering SqlSession [org.apache.ibatis.session.defaults.DefaultSqlSession@ea6911]
05-23-2017 07:20:51.226,DEBUG,2A33F4BC33F33CD005E3F600A2F603F6,Transaction synchronization closing SqlSession [org.apache.ibatis.session.defaults.DefaultSqlSession@ea6911]
05-23-2017 07:20:51.226,DEBUG,2A33F4BC33F33CD005E3F600A2F603F6,Should roll back transaction but cannot - no transaction available
05-23-2017 07:20:51.226,INFO ,2A33F4BC33F33CD005E3F600A2F603F6,U0000000001,vn.bananavietnam.ict.banana.service.Bnn0089SearchTaskService,searchData,[vn.bananavietnam.ict.banana.component.Bnn0089SearchTaskConditions@249c54] METHOD END
05-23-2017 07:20:51.226,DEBUG,2A33F4BC33F33CD005E3F600A2F603F6,Null ModelAndView returned to DispatcherServlet with name 'appServlet': assuming HandlerAdapter completed request handling
05-23-2017 07:20:51.227,DEBUG,2A33F4BC33F33CD005E3F600A2F603F6,Successfully completed request
05-23-2017 07:20:51.227,DEBUG,2A33F4BC33F33CD005E3F600A2F603F6,Chain processed normally
05-23-2017 07:20:51.227,DEBUG,2A33F4BC33F33CD005E3F600A2F603F6,SecurityContextHolder now cleared, as request processing completed
05-23-2017 07:21:09.146,DEBUG,F0BE059D209C1FBF26D13F4AEFE3F4F8,/0089/searchData at position 1 of 11 in additional filter chain; firing Filter: 'SecurityContextPersistenceFilter'
05-23-2017 07:21:09.146,DEBUG,F0BE059D209C1FBF26D13F4AEFE3F4F8,Obtained a valid SecurityContext from SPRING_SECURITY_CONTEXT: 'org.springframework.security.core.context.SecurityContextImpl@3b6bb3bb: Authentication: org.springframework.security.authentication.UsernamePasswordAuthenticationToken@3b6bb3bb: Principal: vn.bananavietnam.ict.common.auth.MyUser@c4907816: Username: U0000000001; Password: [PROTECTED]; Enabled: true; AccountNonExpired: true; credentialsNonExpired: true; AccountNonLocked: true; Granted Authorities: 1; Credentials: [PROTECTED]; Authenticated: true; Details: org.springframework.security.web.authentication.WebAuthenticationDetails@43458: RemoteIpAddress: 0:0:0:0:0:0:0:1; SessionId: D3E4B3377362E6ECA330F2764000B194; Granted Authorities: 1'
05-23-2017 07:21:09.146,DEBUG,F0BE059D209C1FBF26D13F4AEFE3F4F8,/0089/searchData at position 2 of 11 in additional filter chain; firing Filter: 'WebAsyncManagerIntegrationFilter'
05-23-2017 07:21:09.147,DEBUG,F0BE059D209C1FBF26D13F4AEFE3F4F8,/0089/searchData at position 3 of 11 in additional filter chain; firing Filter: 'LogoutFilter'
05-23-2017 07:21:09.147,DEBUG,F0BE059D209C1FBF26D13F4AEFE3F4F8,/0089/searchData at position 4 of 11 in additional filter chain; firing Filter: 'UsernamePasswordAuthenticationFilter'
05-23-2017 07:21:09.147,DEBUG,F0BE059D209C1FBF26D13F4AEFE3F4F8,/0089/searchData at position 5 of 11 in additional filter chain; firing Filter: 'BasicAuthenticationFilter'
05-23-2017 07:21:09.147,DEBUG,F0BE059D209C1FBF26D13F4AEFE3F4F8,/0089/searchData at position 6 of 11 in additional filter chain; firing Filter: 'RequestCacheAwareFilter'
05-23-2017 07:21:09.147,DEBUG,F0BE059D209C1FBF26D13F4AEFE3F4F8,/0089/searchData at position 7 of 11 in additional filter chain; firing Filter: 'SecurityContextHolderAwareRequestFilter'
05-23-2017 07:21:09.147,DEBUG,F0BE059D209C1FBF26D13F4AEFE3F4F8,/0089/searchData at position 8 of 11 in additional filter chain; firing Filter: 'AnonymousAuthenticationFilter'
05-23-2017 07:21:09.147,DEBUG,F0BE059D209C1FBF26D13F4AEFE3F4F8,SecurityContextHolder not populated with anonymous token, as it already contained: 'org.springframework.security.authentication.UsernamePasswordAuthenticationToken@3b6bb3bb: Principal: vn.bananavietnam.ict.common.auth.MyUser@c4907816: Username: U0000000001; Password: [PROTECTED]; Enabled: true; AccountNonExpired: true; credentialsNonExpired: true; AccountNonLocked: true; Granted Authorities: 1; Credentials: [PROTECTED]; Authenticated: true; Details: org.springframework.security.web.authentication.WebAuthenticationDetails@43458: RemoteIpAddress: 0:0:0:0:0:0:0:1; SessionId: D3E4B3377362E6ECA330F2764000B194; Granted Authorities: 1'
05-23-2017 07:21:09.147,DEBUG,F0BE059D209C1FBF26D13F4AEFE3F4F8,/0089/searchData at position 9 of 11 in additional filter chain; firing Filter: 'SessionManagementFilter'
05-23-2017 07:21:09.147,DEBUG,F0BE059D209C1FBF26D13F4AEFE3F4F8,/0089/searchData at position 10 of 11 in additional filter chain; firing Filter: 'ExceptionTranslationFilter'
05-23-2017 07:21:09.147,DEBUG,F0BE059D209C1FBF26D13F4AEFE3F4F8,/0089/searchData at position 11 of 11 in additional filter chain; firing Filter: 'FilterSecurityInterceptor'
05-23-2017 07:21:09.147,DEBUG,F0BE059D209C1FBF26D13F4AEFE3F4F8,Checking match of request : '/0089/searchdata'; against '/autherror*'
05-23-2017 07:21:09.147,DEBUG,F0BE059D209C1FBF26D13F4AEFE3F4F8,Checking match of request : '/0089/searchdata'; against '/login/**'
05-23-2017 07:21:09.147,DEBUG,F0BE059D209C1FBF26D13F4AEFE3F4F8,Checking match of request : '/0089/searchdata'; against '/error/**'
05-23-2017 07:21:09.147,DEBUG,F0BE059D209C1FBF26D13F4AEFE3F4F8,Checking match of request : '/0089/searchdata'; against '/0001/**'
05-23-2017 07:21:09.147,DEBUG,F0BE059D209C1FBF26D13F4AEFE3F4F8,Checking match of request : '/0089/searchdata'; against '/0002/**'
05-23-2017 07:21:09.147,DEBUG,F0BE059D209C1FBF26D13F4AEFE3F4F8,Checking match of request : '/0089/searchdata'; against '/0003/**'
05-23-2017 07:21:09.147,DEBUG,F0BE059D209C1FBF26D13F4AEFE3F4F8,Checking match of request : '/0089/searchdata'; against '/0005/**'
05-23-2017 07:21:09.147,DEBUG,F0BE059D209C1FBF26D13F4AEFE3F4F8,Checking match of request : '/0089/searchdata'; against '/0007/**'
05-23-2017 07:21:09.147,DEBUG,F0BE059D209C1FBF26D13F4AEFE3F4F8,Checking match of request : '/0089/searchdata'; against '/0009/**'
05-23-2017 07:21:09.147,DEBUG,F0BE059D209C1FBF26D13F4AEFE3F4F8,Checking match of request : '/0089/searchdata'; against '/0013/**'
05-23-2017 07:21:09.147,DEBUG,F0BE059D209C1FBF26D13F4AEFE3F4F8,Checking match of request : '/0089/searchdata'; against '/0023/**'
05-23-2017 07:21:09.147,DEBUG,F0BE059D209C1FBF26D13F4AEFE3F4F8,Checking match of request : '/0089/searchdata'; against '/0017/**'
05-23-2017 07:21:09.147,DEBUG,F0BE059D209C1FBF26D13F4AEFE3F4F8,Checking match of request : '/0089/searchdata'; against '/0031/**'
05-23-2017 07:21:09.147,DEBUG,F0BE059D209C1FBF26D13F4AEFE3F4F8,Checking match of request : '/0089/searchdata'; against '/0035/**'
05-23-2017 07:21:09.147,DEBUG,F0BE059D209C1FBF26D13F4AEFE3F4F8,Checking match of request : '/0089/searchdata'; against '/0037/**'
05-23-2017 07:21:09.147,DEBUG,F0BE059D209C1FBF26D13F4AEFE3F4F8,Checking match of request : '/0089/searchdata'; against '/0045/**'
05-23-2017 07:21:09.147,DEBUG,F0BE059D209C1FBF26D13F4AEFE3F4F8,Checking match of request : '/0089/searchdata'; against '/0047/**'
05-23-2017 07:21:09.147,DEBUG,F0BE059D209C1FBF26D13F4AEFE3F4F8,Checking match of request : '/0089/searchdata'; against '/0049/**'
05-23-2017 07:21:09.147,DEBUG,F0BE059D209C1FBF26D13F4AEFE3F4F8,Checking match of request : '/0089/searchdata'; against '/0061/**'
05-23-2017 07:21:09.147,DEBUG,F0BE059D209C1FBF26D13F4AEFE3F4F8,Checking match of request : '/0089/searchdata'; against '/0087/**'
05-23-2017 07:21:09.147,DEBUG,F0BE059D209C1FBF26D13F4AEFE3F4F8,Checking match of request : '/0089/searchdata'; against '/0075/**'
05-23-2017 07:21:09.148,DEBUG,F0BE059D209C1FBF26D13F4AEFE3F4F8,Checking match of request : '/0089/searchdata'; against '/0089/**'
05-23-2017 07:21:09.148,DEBUG,F0BE059D209C1FBF26D13F4AEFE3F4F8,Secure object: FilterInvocation: URL: /0089/searchData; Attributes: [ROLE_ADMIN, ROLE_USER, IS_AUTHENTICATED_FULLY]
05-23-2017 07:21:09.148,DEBUG,F0BE059D209C1FBF26D13F4AEFE3F4F8,Previously Authenticated: org.springframework.security.authentication.UsernamePasswordAuthenticationToken@3b6bb3bb: Principal: vn.bananavietnam.ict.common.auth.MyUser@c4907816: Username: U0000000001; Password: [PROTECTED]; Enabled: true; AccountNonExpired: true; credentialsNonExpired: true; AccountNonLocked: true; Granted Authorities: 1; Credentials: [PROTECTED]; Authenticated: true; Details: org.springframework.security.web.authentication.WebAuthenticationDetails@43458: RemoteIpAddress: 0:0:0:0:0:0:0:1; SessionId: D3E4B3377362E6ECA330F2764000B194; Granted Authorities: 1
05-23-2017 07:21:09.148,DEBUG,F0BE059D209C1FBF26D13F4AEFE3F4F8,Voter: org.springframework.security.access.vote.RoleVoter@1ac872d, returned: -1
05-23-2017 07:21:09.148,DEBUG,F0BE059D209C1FBF26D13F4AEFE3F4F8,Voter: org.springframework.security.access.vote.AuthenticatedVoter@b1927d, returned: 1
05-23-2017 07:21:09.148,DEBUG,F0BE059D209C1FBF26D13F4AEFE3F4F8,Authorization successful
05-23-2017 07:21:09.148,DEBUG,F0BE059D209C1FBF26D13F4AEFE3F4F8,RunAsManager did not change Authentication object
05-23-2017 07:21:09.148,DEBUG,F0BE059D209C1FBF26D13F4AEFE3F4F8,/0089/searchData reached end of additional filter chain; proceeding with original chain
05-23-2017 07:21:09.148,DEBUG,F0BE059D209C1FBF26D13F4AEFE3F4F8,Request [/ict/0089/searchData] is not a multipart request
05-23-2017 07:21:09.148,DEBUG,2A33F4BC33F33CD005E3F600A2F603F6,DispatcherServlet with name 'appServlet' processing POST request for [/ict/0089/searchData]
05-23-2017 07:21:09.148,DEBUG,2A33F4BC33F33CD005E3F600A2F603F6,Looking up handler method for path /0089/searchData
05-23-2017 07:21:09.148,DEBUG,2A33F4BC33F33CD005E3F600A2F603F6,Returning handler method [public java.util.List<vn.bananavietnam.ict.banana.component.Bnn0089SearchTaskResult> vn.bananavietnam.ict.banana.controller.Bnn0089SearchTaskController.searchData(vn.bananavietnam.ict.banana.component.Bnn0089SearchTaskConditions)]
05-23-2017 07:21:09.148,DEBUG,2A33F4BC33F33CD005E3F600A2F603F6,Returning cached instance of singleton bean 'bnn0089SearchTaskController'
05-23-2017 07:21:09.148,DEBUG,2A33F4BC33F33CD005E3F600A2F603F6,Returning cached instance of singleton bean 'xml_path'
05-23-2017 07:21:09.149,DEBUG,2A33F4BC33F33CD005E3F600A2F603F6,Read [class vn.bananavietnam.ict.banana.component.Bnn0089SearchTaskConditions] as "application/json" with [org.springframework.http.converter.json.MappingJackson2HttpMessageConverter@156f2cc]
05-23-2017 07:21:09.149,INFO ,2A33F4BC33F33CD005E3F600A2F603F6,U0000000001,vn.bananavietnam.ict.banana.service.Bnn0089SearchTaskService,searchData,[vn.bananavietnam.ict.banana.component.Bnn0089SearchTaskConditions@18e81e4] METHOD START
05-23-2017 07:21:09.149,DEBUG,2A33F4BC33F33CD005E3F600A2F603F6,Returning cached instance of singleton bean 'transactionManager'
05-23-2017 07:21:09.149,INFO ,2A33F4BC33F33CD005E3F600A2F603F6,U0000000001,Task searching started
05-23-2017 07:21:09.149,DEBUG,2A33F4BC33F33CD005E3F600A2F603F6,Creating a new SqlSession
05-23-2017 07:21:09.149,DEBUG,2A33F4BC33F33CD005E3F600A2F603F6,Registering transaction synchronization for SqlSession [org.apache.ibatis.session.defaults.DefaultSqlSession@8b044]
05-23-2017 07:21:09.150,DEBUG,2A33F4BC33F33CD005E3F600A2F603F6,Fetching JDBC Connection from DataSource
05-23-2017 07:21:09.150,DEBUG,2A33F4BC33F33CD005E3F600A2F603F6,Creating new JDBC DriverManager Connection to [jdbc:mysql://172.16.0.175:3306/BANANA_DB_HUNG_SELENIUM?useUnicode=yes&characterEncoding=UTF-8&autoReconnect=true]
05-23-2017 07:21:09.170,DEBUG,2A33F4BC33F33CD005E3F600A2F603F6,Registering transaction synchronization for JDBC Connection
05-23-2017 07:21:09.170,DEBUG,2A33F4BC33F33CD005E3F600A2F603F6,JDBC Connection [com.mysql.jdbc.JDBC4Connection@10cbce5] will be managed by Spring
05-23-2017 07:21:09.170,DEBUG,2A33F4BC33F33CD005E3F600A2F603F6,==>  Preparing: SELECT T.TASK_ID taskId, T.TASK_NAME taskName, T.WORKING_DETAILS workingDetails, T.NOTE note, T.QUARANTINE_HANDLING_FLAG quarantineHandlingFlag, T.DELETE_FLAG deleteFlag, T.CHANGE_POINT_CODE changePointCode, T.LAST_UPDATE_DATE lastUpdateDate FROM IVB_M_TASK T WHERE 1 = 1 AND T.DELETE_FLAG = '0' ORDER BY T.TASK_NAME LIMIT ?,? 
05-23-2017 07:21:09.171,DEBUG,2A33F4BC33F33CD005E3F600A2F603F6,==> Parameters: 0(Integer), 20(Integer)
05-23-2017 07:21:09.173,DEBUG,2A33F4BC33F33CD005E3F600A2F603F6,<==      Total: 20
05-23-2017 07:21:09.173,DEBUG,2A33F4BC33F33CD005E3F600A2F603F6,Releasing transactional SqlSession [org.apache.ibatis.session.defaults.DefaultSqlSession@8b044]
05-23-2017 07:21:09.173,INFO ,2A33F4BC33F33CD005E3F600A2F603F6,U0000000001,SQL execution finished
05-23-2017 07:21:09.173,DEBUG,2A33F4BC33F33CD005E3F600A2F603F6,Fetched SqlSession [org.apache.ibatis.session.defaults.DefaultSqlSession@8b044] from current transaction
05-23-2017 07:21:09.173,DEBUG,2A33F4BC33F33CD005E3F600A2F603F6,==>  Preparing: SELECT COUNT(*) FROM IVB_M_TASK T WHERE 1 = 1 AND T.DELETE_FLAG = '0' ORDER BY T.TASK_ID 
05-23-2017 07:21:09.173,DEBUG,2A33F4BC33F33CD005E3F600A2F603F6,==> Parameters: 
05-23-2017 07:21:09.174,DEBUG,2A33F4BC33F33CD005E3F600A2F603F6,<==      Total: 1
05-23-2017 07:21:09.175,DEBUG,2A33F4BC33F33CD005E3F600A2F603F6,Releasing transactional SqlSession [org.apache.ibatis.session.defaults.DefaultSqlSession@8b044]
05-23-2017 07:21:09.175,INFO ,2A33F4BC33F33CD005E3F600A2F603F6,U0000000001,Task searching finished ==> 43 item(s)
05-23-2017 07:21:09.175,DEBUG,2A33F4BC33F33CD005E3F600A2F603F6,Transaction synchronization deregistering SqlSession [org.apache.ibatis.session.defaults.DefaultSqlSession@8b044]
05-23-2017 07:21:09.175,DEBUG,2A33F4BC33F33CD005E3F600A2F603F6,Transaction synchronization closing SqlSession [org.apache.ibatis.session.defaults.DefaultSqlSession@8b044]
05-23-2017 07:21:09.175,DEBUG,2A33F4BC33F33CD005E3F600A2F603F6,Returning JDBC Connection to DataSource
05-23-2017 07:21:09.175,INFO ,2A33F4BC33F33CD005E3F600A2F603F6,U0000000001,vn.bananavietnam.ict.banana.service.Bnn0089SearchTaskService,searchData,[vn.bananavietnam.ict.banana.component.Bnn0089SearchTaskConditions@18e81e4] METHOD END
05-23-2017 07:21:09.177,DEBUG,2A33F4BC33F33CD005E3F600A2F603F6,Written [[vn.bananavietnam.ict.banana.component.Bnn0089SearchTaskResult@b9c2af, vn.bananavietnam.ict.banana.component.Bnn0089SearchTaskResult@2de5fc, vn.bananavietnam.ict.banana.component.Bnn0089SearchTaskResult@16ba995, vn.bananavietnam.ict.banana.component.Bnn0089SearchTaskResult@1479d54, vn.bananavietnam.ict.banana.component.Bnn0089SearchTaskResult@1f78e69, vn.bananavietnam.ict.banana.component.Bnn0089SearchTaskResult@348f2e, vn.bananavietnam.ict.banana.component.Bnn0089SearchTaskResult@b3b73c, vn.bananavietnam.ict.banana.component.Bnn0089SearchTaskResult@10b2dc3, vn.bananavietnam.ict.banana.component.Bnn0089SearchTaskResult@6674d, vn.bananavietnam.ict.banana.component.Bnn0089SearchTaskResult@1bcc9c, vn.bananavietnam.ict.banana.component.Bnn0089SearchTaskResult@1d882f4, vn.bananavietnam.ict.banana.component.Bnn0089SearchTaskResult@1a5d839, vn.bananavietnam.ict.banana.component.Bnn0089SearchTaskResult@62e24f, vn.bananavietnam.ict.banana.component.Bnn0089SearchTaskResult@5ba7b3, vn.bananavietnam.ict.banana.component.Bnn0089SearchTaskResult@10154ee, vn.bananavietnam.ict.banana.component.Bnn0089SearchTaskResult@22ce7, vn.bananavietnam.ict.banana.component.Bnn0089SearchTaskResult@1d7c6f2, vn.bananavietnam.ict.banana.component.Bnn0089SearchTaskResult@988b04, vn.bananavietnam.ict.banana.component.Bnn0089SearchTaskResult@155189d, vn.bananavietnam.ict.banana.component.Bnn0089SearchTaskResult@277544]] as "application/json;charset=UTF-8" using [org.springframework.http.converter.json.MappingJackson2HttpMessageConverter@156f2cc]
05-23-2017 07:21:09.177,DEBUG,2A33F4BC33F33CD005E3F600A2F603F6,Null ModelAndView returned to DispatcherServlet with name 'appServlet': assuming HandlerAdapter completed request handling
05-23-2017 07:21:09.177,DEBUG,2A33F4BC33F33CD005E3F600A2F603F6,Successfully completed request
05-23-2017 07:21:09.177,DEBUG,2A33F4BC33F33CD005E3F600A2F603F6,Chain processed normally
05-23-2017 07:21:09.177,DEBUG,2A33F4BC33F33CD005E3F600A2F603F6,SecurityContextHolder now cleared, as request processing completed
05-23-2017 07:21:10.276,DEBUG,9DB4362E44C05DAF84623FAF2A2AEFBA,/0089/searchData at position 1 of 11 in additional filter chain; firing Filter: 'SecurityContextPersistenceFilter'
05-23-2017 07:21:10.276,DEBUG,9DB4362E44C05DAF84623FAF2A2AEFBA,Obtained a valid SecurityContext from SPRING_SECURITY_CONTEXT: 'org.springframework.security.core.context.SecurityContextImpl@3b6bb3bb: Authentication: org.springframework.security.authentication.UsernamePasswordAuthenticationToken@3b6bb3bb: Principal: vn.bananavietnam.ict.common.auth.MyUser@c4907816: Username: U0000000001; Password: [PROTECTED]; Enabled: true; AccountNonExpired: true; credentialsNonExpired: true; AccountNonLocked: true; Granted Authorities: 1; Credentials: [PROTECTED]; Authenticated: true; Details: org.springframework.security.web.authentication.WebAuthenticationDetails@43458: RemoteIpAddress: 0:0:0:0:0:0:0:1; SessionId: D3E4B3377362E6ECA330F2764000B194; Granted Authorities: 1'
05-23-2017 07:21:10.276,DEBUG,9DB4362E44C05DAF84623FAF2A2AEFBA,/0089/searchData at position 2 of 11 in additional filter chain; firing Filter: 'WebAsyncManagerIntegrationFilter'
05-23-2017 07:21:10.276,DEBUG,9DB4362E44C05DAF84623FAF2A2AEFBA,/0089/searchData at position 3 of 11 in additional filter chain; firing Filter: 'LogoutFilter'
05-23-2017 07:21:10.276,DEBUG,9DB4362E44C05DAF84623FAF2A2AEFBA,/0089/searchData at position 4 of 11 in additional filter chain; firing Filter: 'UsernamePasswordAuthenticationFilter'
05-23-2017 07:21:10.276,DEBUG,9DB4362E44C05DAF84623FAF2A2AEFBA,/0089/searchData at position 5 of 11 in additional filter chain; firing Filter: 'BasicAuthenticationFilter'
05-23-2017 07:21:10.276,DEBUG,9DB4362E44C05DAF84623FAF2A2AEFBA,/0089/searchData at position 6 of 11 in additional filter chain; firing Filter: 'RequestCacheAwareFilter'
05-23-2017 07:21:10.276,DEBUG,9DB4362E44C05DAF84623FAF2A2AEFBA,/0089/searchData at position 7 of 11 in additional filter chain; firing Filter: 'SecurityContextHolderAwareRequestFilter'
05-23-2017 07:21:10.276,DEBUG,9DB4362E44C05DAF84623FAF2A2AEFBA,/0089/searchData at position 8 of 11 in additional filter chain; firing Filter: 'AnonymousAuthenticationFilter'
05-23-2017 07:21:10.276,DEBUG,9DB4362E44C05DAF84623FAF2A2AEFBA,SecurityContextHolder not populated with anonymous token, as it already contained: 'org.springframework.security.authentication.UsernamePasswordAuthenticationToken@3b6bb3bb: Principal: vn.bananavietnam.ict.common.auth.MyUser@c4907816: Username: U0000000001; Password: [PROTECTED]; Enabled: true; AccountNonExpired: true; credentialsNonExpired: true; AccountNonLocked: true; Granted Authorities: 1; Credentials: [PROTECTED]; Authenticated: true; Details: org.springframework.security.web.authentication.WebAuthenticationDetails@43458: RemoteIpAddress: 0:0:0:0:0:0:0:1; SessionId: D3E4B3377362E6ECA330F2764000B194; Granted Authorities: 1'
05-23-2017 07:21:10.276,DEBUG,9DB4362E44C05DAF84623FAF2A2AEFBA,/0089/searchData at position 9 of 11 in additional filter chain; firing Filter: 'SessionManagementFilter'
05-23-2017 07:21:10.276,DEBUG,9DB4362E44C05DAF84623FAF2A2AEFBA,/0089/searchData at position 10 of 11 in additional filter chain; firing Filter: 'ExceptionTranslationFilter'
05-23-2017 07:21:10.276,DEBUG,9DB4362E44C05DAF84623FAF2A2AEFBA,/0089/searchData at position 11 of 11 in additional filter chain; firing Filter: 'FilterSecurityInterceptor'
05-23-2017 07:21:10.276,DEBUG,9DB4362E44C05DAF84623FAF2A2AEFBA,Checking match of request : '/0089/searchdata'; against '/autherror*'
05-23-2017 07:21:10.276,DEBUG,9DB4362E44C05DAF84623FAF2A2AEFBA,Checking match of request : '/0089/searchdata'; against '/login/**'
05-23-2017 07:21:10.276,DEBUG,9DB4362E44C05DAF84623FAF2A2AEFBA,Checking match of request : '/0089/searchdata'; against '/error/**'
05-23-2017 07:21:10.276,DEBUG,9DB4362E44C05DAF84623FAF2A2AEFBA,Checking match of request : '/0089/searchdata'; against '/0001/**'
05-23-2017 07:21:10.276,DEBUG,9DB4362E44C05DAF84623FAF2A2AEFBA,Checking match of request : '/0089/searchdata'; against '/0002/**'
05-23-2017 07:21:10.276,DEBUG,9DB4362E44C05DAF84623FAF2A2AEFBA,Checking match of request : '/0089/searchdata'; against '/0003/**'
05-23-2017 07:21:10.276,DEBUG,9DB4362E44C05DAF84623FAF2A2AEFBA,Checking match of request : '/0089/searchdata'; against '/0005/**'
05-23-2017 07:21:10.276,DEBUG,9DB4362E44C05DAF84623FAF2A2AEFBA,Checking match of request : '/0089/searchdata'; against '/0007/**'
05-23-2017 07:21:10.276,DEBUG,9DB4362E44C05DAF84623FAF2A2AEFBA,Checking match of request : '/0089/searchdata'; against '/0009/**'
05-23-2017 07:21:10.276,DEBUG,9DB4362E44C05DAF84623FAF2A2AEFBA,Checking match of request : '/0089/searchdata'; against '/0013/**'
05-23-2017 07:21:10.276,DEBUG,9DB4362E44C05DAF84623FAF2A2AEFBA,Checking match of request : '/0089/searchdata'; against '/0023/**'
05-23-2017 07:21:10.276,DEBUG,9DB4362E44C05DAF84623FAF2A2AEFBA,Checking match of request : '/0089/searchdata'; against '/0017/**'
05-23-2017 07:21:10.276,DEBUG,9DB4362E44C05DAF84623FAF2A2AEFBA,Checking match of request : '/0089/searchdata'; against '/0031/**'
05-23-2017 07:21:10.276,DEBUG,9DB4362E44C05DAF84623FAF2A2AEFBA,Checking match of request : '/0089/searchdata'; against '/0035/**'
05-23-2017 07:21:10.276,DEBUG,9DB4362E44C05DAF84623FAF2A2AEFBA,Checking match of request : '/0089/searchdata'; against '/0037/**'
05-23-2017 07:21:10.276,DEBUG,9DB4362E44C05DAF84623FAF2A2AEFBA,Checking match of request : '/0089/searchdata'; against '/0045/**'
05-23-2017 07:21:10.276,DEBUG,9DB4362E44C05DAF84623FAF2A2AEFBA,Checking match of request : '/0089/searchdata'; against '/0047/**'
05-23-2017 07:21:10.276,DEBUG,9DB4362E44C05DAF84623FAF2A2AEFBA,Checking match of request : '/0089/searchdata'; against '/0049/**'
05-23-2017 07:21:10.276,DEBUG,9DB4362E44C05DAF84623FAF2A2AEFBA,Checking match of request : '/0089/searchdata'; against '/0061/**'
05-23-2017 07:21:10.276,DEBUG,9DB4362E44C05DAF84623FAF2A2AEFBA,Checking match of request : '/0089/searchdata'; against '/0087/**'
05-23-2017 07:21:10.276,DEBUG,9DB4362E44C05DAF84623FAF2A2AEFBA,Checking match of request : '/0089/searchdata'; against '/0075/**'
05-23-2017 07:21:10.276,DEBUG,9DB4362E44C05DAF84623FAF2A2AEFBA,Checking match of request : '/0089/searchdata'; against '/0089/**'
05-23-2017 07:21:10.276,DEBUG,9DB4362E44C05DAF84623FAF2A2AEFBA,Secure object: FilterInvocation: URL: /0089/searchData; Attributes: [ROLE_ADMIN, ROLE_USER, IS_AUTHENTICATED_FULLY]
05-23-2017 07:21:10.276,DEBUG,9DB4362E44C05DAF84623FAF2A2AEFBA,Previously Authenticated: org.springframework.security.authentication.UsernamePasswordAuthenticationToken@3b6bb3bb: Principal: vn.bananavietnam.ict.common.auth.MyUser@c4907816: Username: U0000000001; Password: [PROTECTED]; Enabled: true; AccountNonExpired: true; credentialsNonExpired: true; AccountNonLocked: true; Granted Authorities: 1; Credentials: [PROTECTED]; Authenticated: true; Details: org.springframework.security.web.authentication.WebAuthenticationDetails@43458: RemoteIpAddress: 0:0:0:0:0:0:0:1; SessionId: D3E4B3377362E6ECA330F2764000B194; Granted Authorities: 1
05-23-2017 07:21:10.276,DEBUG,9DB4362E44C05DAF84623FAF2A2AEFBA,Voter: org.springframework.security.access.vote.RoleVoter@1ac872d, returned: -1
05-23-2017 07:21:10.276,DEBUG,9DB4362E44C05DAF84623FAF2A2AEFBA,Voter: org.springframework.security.access.vote.AuthenticatedVoter@b1927d, returned: 1
05-23-2017 07:21:10.276,DEBUG,9DB4362E44C05DAF84623FAF2A2AEFBA,Authorization successful
05-23-2017 07:21:10.276,DEBUG,9DB4362E44C05DAF84623FAF2A2AEFBA,RunAsManager did not change Authentication object
05-23-2017 07:21:10.276,DEBUG,9DB4362E44C05DAF84623FAF2A2AEFBA,/0089/searchData reached end of additional filter chain; proceeding with original chain
05-23-2017 07:21:10.276,DEBUG,9DB4362E44C05DAF84623FAF2A2AEFBA,Request [/ict/0089/searchData] is not a multipart request
05-23-2017 07:21:10.277,DEBUG,2A33F4BC33F33CD005E3F600A2F603F6,DispatcherServlet with name 'appServlet' processing POST request for [/ict/0089/searchData]
05-23-2017 07:21:10.277,DEBUG,2A33F4BC33F33CD005E3F600A2F603F6,Looking up handler method for path /0089/searchData
05-23-2017 07:21:10.277,DEBUG,2A33F4BC33F33CD005E3F600A2F603F6,Returning handler method [public java.util.List<vn.bananavietnam.ict.banana.component.Bnn0089SearchTaskResult> vn.bananavietnam.ict.banana.controller.Bnn0089SearchTaskController.searchData(vn.bananavietnam.ict.banana.component.Bnn0089SearchTaskConditions)]
05-23-2017 07:21:10.277,DEBUG,2A33F4BC33F33CD005E3F600A2F603F6,Returning cached instance of singleton bean 'bnn0089SearchTaskController'
05-23-2017 07:21:10.277,DEBUG,2A33F4BC33F33CD005E3F600A2F603F6,Returning cached instance of singleton bean 'xml_path'
05-23-2017 07:21:10.277,DEBUG,2A33F4BC33F33CD005E3F600A2F603F6,Read [class vn.bananavietnam.ict.banana.component.Bnn0089SearchTaskConditions] as "application/json" with [org.springframework.http.converter.json.MappingJackson2HttpMessageConverter@156f2cc]
05-23-2017 07:21:10.277,INFO ,2A33F4BC33F33CD005E3F600A2F603F6,U0000000001,vn.bananavietnam.ict.banana.service.Bnn0089SearchTaskService,searchData,[vn.bananavietnam.ict.banana.component.Bnn0089SearchTaskConditions@1f4f830] METHOD START
05-23-2017 07:21:10.277,DEBUG,2A33F4BC33F33CD005E3F600A2F603F6,Returning cached instance of singleton bean 'transactionManager'
05-23-2017 07:21:10.277,INFO ,2A33F4BC33F33CD005E3F600A2F603F6,U0000000001,Task searching started
05-23-2017 07:21:10.277,DEBUG,2A33F4BC33F33CD005E3F600A2F603F6,Creating a new SqlSession
05-23-2017 07:21:10.277,DEBUG,2A33F4BC33F33CD005E3F600A2F603F6,Registering transaction synchronization for SqlSession [org.apache.ibatis.session.defaults.DefaultSqlSession@ca305]
05-23-2017 07:21:10.278,DEBUG,2A33F4BC33F33CD005E3F600A2F603F6,Fetching JDBC Connection from DataSource
05-23-2017 07:21:10.278,DEBUG,2A33F4BC33F33CD005E3F600A2F603F6,Creating new JDBC DriverManager Connection to [jdbc:mysql://172.16.0.175:3306/BANANA_DB_HUNG_SELENIUM?useUnicode=yes&characterEncoding=UTF-8&autoReconnect=true]
05-23-2017 07:21:10.296,DEBUG,2A33F4BC33F33CD005E3F600A2F603F6,Registering transaction synchronization for JDBC Connection
05-23-2017 07:21:10.296,DEBUG,2A33F4BC33F33CD005E3F600A2F603F6,JDBC Connection [com.mysql.jdbc.JDBC4Connection@153f839] will be managed by Spring
05-23-2017 07:21:10.297,DEBUG,2A33F4BC33F33CD005E3F600A2F603F6,==>  Preparing: SELECT T.TASK_ID taskId, T.TASK_NAME taskName, T.WORKING_DETAILS workingDetails, T.NOTE note, T.QUARANTINE_HANDLING_FLAG quarantineHandlingFlag, T.DELETE_FLAG deleteFlag, T.CHANGE_POINT_CODE changePointCode, T.LAST_UPDATE_DATE lastUpdateDate FROM IVB_M_TASK T WHERE 1 = 1 AND T.DELETE_FLAG = '0' ORDER BY T.TASK_NAME LIMIT ?,? 
05-23-2017 07:21:10.297,DEBUG,2A33F4BC33F33CD005E3F600A2F603F6,==> Parameters: 40(Integer), 20(Integer)
05-23-2017 07:21:10.300,DEBUG,2A33F4BC33F33CD005E3F600A2F603F6,<==      Total: 3
05-23-2017 07:21:10.300,DEBUG,2A33F4BC33F33CD005E3F600A2F603F6,Releasing transactional SqlSession [org.apache.ibatis.session.defaults.DefaultSqlSession@ca305]
05-23-2017 07:21:10.300,INFO ,2A33F4BC33F33CD005E3F600A2F603F6,U0000000001,SQL execution finished
05-23-2017 07:21:10.300,DEBUG,2A33F4BC33F33CD005E3F600A2F603F6,Fetched SqlSession [org.apache.ibatis.session.defaults.DefaultSqlSession@ca305] from current transaction
05-23-2017 07:21:10.300,DEBUG,2A33F4BC33F33CD005E3F600A2F603F6,==>  Preparing: SELECT COUNT(*) FROM IVB_M_TASK T WHERE 1 = 1 AND T.DELETE_FLAG = '0' ORDER BY T.TASK_ID 
05-23-2017 07:21:10.300,DEBUG,2A33F4BC33F33CD005E3F600A2F603F6,==> Parameters: 
05-23-2017 07:21:10.302,DEBUG,2A33F4BC33F33CD005E3F600A2F603F6,<==      Total: 1
05-23-2017 07:21:10.302,DEBUG,2A33F4BC33F33CD005E3F600A2F603F6,Releasing transactional SqlSession [org.apache.ibatis.session.defaults.DefaultSqlSession@ca305]
05-23-2017 07:21:10.302,INFO ,2A33F4BC33F33CD005E3F600A2F603F6,U0000000001,Task searching finished ==> 43 item(s)
05-23-2017 07:21:10.302,DEBUG,2A33F4BC33F33CD005E3F600A2F603F6,Transaction synchronization deregistering SqlSession [org.apache.ibatis.session.defaults.DefaultSqlSession@ca305]
05-23-2017 07:21:10.302,DEBUG,2A33F4BC33F33CD005E3F600A2F603F6,Transaction synchronization closing SqlSession [org.apache.ibatis.session.defaults.DefaultSqlSession@ca305]
05-23-2017 07:21:10.302,DEBUG,2A33F4BC33F33CD005E3F600A2F603F6,Returning JDBC Connection to DataSource
05-23-2017 07:21:10.302,INFO ,2A33F4BC33F33CD005E3F600A2F603F6,U0000000001,vn.bananavietnam.ict.banana.service.Bnn0089SearchTaskService,searchData,[vn.bananavietnam.ict.banana.component.Bnn0089SearchTaskConditions@1f4f830] METHOD END
05-23-2017 07:21:10.304,DEBUG,2A33F4BC33F33CD005E3F600A2F603F6,Written [[vn.bananavietnam.ict.banana.component.Bnn0089SearchTaskResult@1e5b76e, vn.bananavietnam.ict.banana.component.Bnn0089SearchTaskResult@18c3461, vn.bananavietnam.ict.banana.component.Bnn0089SearchTaskResult@a887e4]] as "application/json;charset=UTF-8" using [org.springframework.http.converter.json.MappingJackson2HttpMessageConverter@156f2cc]
05-23-2017 07:21:10.304,DEBUG,2A33F4BC33F33CD005E3F600A2F603F6,Null ModelAndView returned to DispatcherServlet with name 'appServlet': assuming HandlerAdapter completed request handling
05-23-2017 07:21:10.304,DEBUG,2A33F4BC33F33CD005E3F600A2F603F6,Successfully completed request
05-23-2017 07:21:10.304,DEBUG,2A33F4BC33F33CD005E3F600A2F603F6,Chain processed normally
05-23-2017 07:21:10.304,DEBUG,2A33F4BC33F33CD005E3F600A2F603F6,SecurityContextHolder now cleared, as request processing completed
