05-23-2017 07:32:22.231,DEBUG,1872ADF8688B36CA35949C7613A27CE7,/0089/searchData at position 1 of 11 in additional filter chain; firing Filter: 'SecurityContextPersistenceFilter'
05-23-2017 07:32:22.232,DEBUG,1872ADF8688B36CA35949C7613A27CE7,Obtained a valid SecurityContext from SPRING_SECURITY_CONTEXT: 'org.springframework.security.core.context.SecurityContextImpl@3b6d9dcf: Authentication: org.springframework.security.authentication.UsernamePasswordAuthenticationToken@3b6d9dcf: Principal: vn.bananavietnam.ict.common.auth.MyUser@c4907816: Username: U0000000001; Password: [PROTECTED]; Enabled: true; AccountNonExpired: true; credentialsNonExpired: true; AccountNonLocked: true; Granted Authorities: 1; Credentials: [PROTECTED]; Authenticated: true; Details: org.springframework.security.web.authentication.WebAuthenticationDetails@21a2c: RemoteIpAddress: 0:0:0:0:0:0:0:1; SessionId: 32B6B95D4BBB5D2AA3FE81AA7EE16473; Granted Authorities: 1'
05-23-2017 07:32:22.232,DEBUG,1872ADF8688B36CA35949C7613A27CE7,/0089/searchData at position 2 of 11 in additional filter chain; firing Filter: 'WebAsyncManagerIntegrationFilter'
05-23-2017 07:32:22.232,DEBUG,1872ADF8688B36CA35949C7613A27CE7,/0089/searchData at position 3 of 11 in additional filter chain; firing Filter: 'LogoutFilter'
05-23-2017 07:32:22.232,DEBUG,1872ADF8688B36CA35949C7613A27CE7,/0089/searchData at position 4 of 11 in additional filter chain; firing Filter: 'UsernamePasswordAuthenticationFilter'
05-23-2017 07:32:22.232,DEBUG,1872ADF8688B36CA35949C7613A27CE7,/0089/searchData at position 5 of 11 in additional filter chain; firing Filter: 'BasicAuthenticationFilter'
05-23-2017 07:32:22.232,DEBUG,1872ADF8688B36CA35949C7613A27CE7,/0089/searchData at position 6 of 11 in additional filter chain; firing Filter: 'RequestCacheAwareFilter'
05-23-2017 07:32:22.232,DEBUG,1872ADF8688B36CA35949C7613A27CE7,/0089/searchData at position 7 of 11 in additional filter chain; firing Filter: 'SecurityContextHolderAwareRequestFilter'
05-23-2017 07:32:22.232,DEBUG,1872ADF8688B36CA35949C7613A27CE7,/0089/searchData at position 8 of 11 in additional filter chain; firing Filter: 'AnonymousAuthenticationFilter'
05-23-2017 07:32:22.232,DEBUG,1872ADF8688B36CA35949C7613A27CE7,SecurityContextHolder not populated with anonymous token, as it already contained: 'org.springframework.security.authentication.UsernamePasswordAuthenticationToken@3b6d9dcf: Principal: vn.bananavietnam.ict.common.auth.MyUser@c4907816: Username: U0000000001; Password: [PROTECTED]; Enabled: true; AccountNonExpired: true; credentialsNonExpired: true; AccountNonLocked: true; Granted Authorities: 1; Credentials: [PROTECTED]; Authenticated: true; Details: org.springframework.security.web.authentication.WebAuthenticationDetails@21a2c: RemoteIpAddress: 0:0:0:0:0:0:0:1; SessionId: 32B6B95D4BBB5D2AA3FE81AA7EE16473; Granted Authorities: 1'
05-23-2017 07:32:22.232,DEBUG,1872ADF8688B36CA35949C7613A27CE7,/0089/searchData at position 9 of 11 in additional filter chain; firing Filter: 'SessionManagementFilter'
05-23-2017 07:32:22.232,DEBUG,1872ADF8688B36CA35949C7613A27CE7,/0089/searchData at position 10 of 11 in additional filter chain; firing Filter: 'ExceptionTranslationFilter'
05-23-2017 07:32:22.232,DEBUG,1872ADF8688B36CA35949C7613A27CE7,/0089/searchData at position 11 of 11 in additional filter chain; firing Filter: 'FilterSecurityInterceptor'
05-23-2017 07:32:22.232,DEBUG,1872ADF8688B36CA35949C7613A27CE7,Checking match of request : '/0089/searchdata'; against '/autherror*'
05-23-2017 07:32:22.232,DEBUG,1872ADF8688B36CA35949C7613A27CE7,Checking match of request : '/0089/searchdata'; against '/login/**'
05-23-2017 07:32:22.232,DEBUG,1872ADF8688B36CA35949C7613A27CE7,Checking match of request : '/0089/searchdata'; against '/error/**'
05-23-2017 07:32:22.232,DEBUG,1872ADF8688B36CA35949C7613A27CE7,Checking match of request : '/0089/searchdata'; against '/0001/**'
05-23-2017 07:32:22.232,DEBUG,1872ADF8688B36CA35949C7613A27CE7,Checking match of request : '/0089/searchdata'; against '/0002/**'
05-23-2017 07:32:22.232,DEBUG,1872ADF8688B36CA35949C7613A27CE7,Checking match of request : '/0089/searchdata'; against '/0003/**'
05-23-2017 07:32:22.232,DEBUG,1872ADF8688B36CA35949C7613A27CE7,Checking match of request : '/0089/searchdata'; against '/0005/**'
05-23-2017 07:32:22.232,DEBUG,1872ADF8688B36CA35949C7613A27CE7,Checking match of request : '/0089/searchdata'; against '/0007/**'
05-23-2017 07:32:22.232,DEBUG,1872ADF8688B36CA35949C7613A27CE7,Checking match of request : '/0089/searchdata'; against '/0009/**'
05-23-2017 07:32:22.232,DEBUG,1872ADF8688B36CA35949C7613A27CE7,Checking match of request : '/0089/searchdata'; against '/0013/**'
05-23-2017 07:32:22.232,DEBUG,1872ADF8688B36CA35949C7613A27CE7,Checking match of request : '/0089/searchdata'; against '/0023/**'
05-23-2017 07:32:22.232,DEBUG,1872ADF8688B36CA35949C7613A27CE7,Checking match of request : '/0089/searchdata'; against '/0017/**'
05-23-2017 07:32:22.232,DEBUG,1872ADF8688B36CA35949C7613A27CE7,Checking match of request : '/0089/searchdata'; against '/0031/**'
05-23-2017 07:32:22.232,DEBUG,1872ADF8688B36CA35949C7613A27CE7,Checking match of request : '/0089/searchdata'; against '/0035/**'
05-23-2017 07:32:22.232,DEBUG,1872ADF8688B36CA35949C7613A27CE7,Checking match of request : '/0089/searchdata'; against '/0037/**'
05-23-2017 07:32:22.232,DEBUG,1872ADF8688B36CA35949C7613A27CE7,Checking match of request : '/0089/searchdata'; against '/0045/**'
05-23-2017 07:32:22.232,DEBUG,1872ADF8688B36CA35949C7613A27CE7,Checking match of request : '/0089/searchdata'; against '/0047/**'
05-23-2017 07:32:22.232,DEBUG,1872ADF8688B36CA35949C7613A27CE7,Checking match of request : '/0089/searchdata'; against '/0049/**'
05-23-2017 07:32:22.232,DEBUG,1872ADF8688B36CA35949C7613A27CE7,Checking match of request : '/0089/searchdata'; against '/0061/**'
05-23-2017 07:32:22.232,DEBUG,1872ADF8688B36CA35949C7613A27CE7,Checking match of request : '/0089/searchdata'; against '/0087/**'
05-23-2017 07:32:22.232,DEBUG,1872ADF8688B36CA35949C7613A27CE7,Checking match of request : '/0089/searchdata'; against '/0075/**'
05-23-2017 07:32:22.232,DEBUG,1872ADF8688B36CA35949C7613A27CE7,Checking match of request : '/0089/searchdata'; against '/0089/**'
05-23-2017 07:32:22.232,DEBUG,1872ADF8688B36CA35949C7613A27CE7,Secure object: FilterInvocation: URL: /0089/searchData; Attributes: [ROLE_ADMIN, ROLE_USER, IS_AUTHENTICATED_FULLY]
05-23-2017 07:32:22.232,DEBUG,1872ADF8688B36CA35949C7613A27CE7,Previously Authenticated: org.springframework.security.authentication.UsernamePasswordAuthenticationToken@3b6d9dcf: Principal: vn.bananavietnam.ict.common.auth.MyUser@c4907816: Username: U0000000001; Password: [PROTECTED]; Enabled: true; AccountNonExpired: true; credentialsNonExpired: true; AccountNonLocked: true; Granted Authorities: 1; Credentials: [PROTECTED]; Authenticated: true; Details: org.springframework.security.web.authentication.WebAuthenticationDetails@21a2c: RemoteIpAddress: 0:0:0:0:0:0:0:1; SessionId: 32B6B95D4BBB5D2AA3FE81AA7EE16473; Granted Authorities: 1
05-23-2017 07:32:22.233,DEBUG,1872ADF8688B36CA35949C7613A27CE7,Voter: org.springframework.security.access.vote.RoleVoter@1ac872d, returned: -1
05-23-2017 07:32:22.233,DEBUG,1872ADF8688B36CA35949C7613A27CE7,Voter: org.springframework.security.access.vote.AuthenticatedVoter@b1927d, returned: 1
05-23-2017 07:32:22.233,DEBUG,1872ADF8688B36CA35949C7613A27CE7,Authorization successful
05-23-2017 07:32:22.233,DEBUG,1872ADF8688B36CA35949C7613A27CE7,RunAsManager did not change Authentication object
05-23-2017 07:32:22.233,DEBUG,1872ADF8688B36CA35949C7613A27CE7,/0089/searchData reached end of additional filter chain; proceeding with original chain
05-23-2017 07:32:22.233,DEBUG,1872ADF8688B36CA35949C7613A27CE7,Request [/ict/0089/searchData] is not a multipart request
05-23-2017 07:32:22.233,DEBUG,E7DD75E5460050DAE527845B98AA67FF,DispatcherServlet with name 'appServlet' processing POST request for [/ict/0089/searchData]
05-23-2017 07:32:22.233,DEBUG,E7DD75E5460050DAE527845B98AA67FF,Looking up handler method for path /0089/searchData
05-23-2017 07:32:22.233,DEBUG,E7DD75E5460050DAE527845B98AA67FF,Returning handler method [public java.util.List<vn.bananavietnam.ict.banana.component.Bnn0089SearchTaskResult> vn.bananavietnam.ict.banana.controller.Bnn0089SearchTaskController.searchData(vn.bananavietnam.ict.banana.component.Bnn0089SearchTaskConditions)]
05-23-2017 07:32:22.233,DEBUG,E7DD75E5460050DAE527845B98AA67FF,Returning cached instance of singleton bean 'bnn0089SearchTaskController'
05-23-2017 07:32:22.233,DEBUG,E7DD75E5460050DAE527845B98AA67FF,Returning cached instance of singleton bean 'xml_path'
05-23-2017 07:32:22.233,DEBUG,E7DD75E5460050DAE527845B98AA67FF,Read [class vn.bananavietnam.ict.banana.component.Bnn0089SearchTaskConditions] as "application/json" with [org.springframework.http.converter.json.MappingJackson2HttpMessageConverter@156f2cc]
05-23-2017 07:32:22.233,INFO ,E7DD75E5460050DAE527845B98AA67FF,U0000000001,vn.bananavietnam.ict.banana.service.Bnn0089SearchTaskService,searchData,[vn.bananavietnam.ict.banana.component.Bnn0089SearchTaskConditions@1031f1c] METHOD START
05-23-2017 07:32:22.234,DEBUG,E7DD75E5460050DAE527845B98AA67FF,Returning cached instance of singleton bean 'transactionManager'
05-23-2017 07:32:22.234,INFO ,E7DD75E5460050DAE527845B98AA67FF,U0000000001,Task searching started
05-23-2017 07:32:22.234,DEBUG,E7DD75E5460050DAE527845B98AA67FF,Creating a new SqlSession
05-23-2017 07:32:22.234,DEBUG,E7DD75E5460050DAE527845B98AA67FF,Registering transaction synchronization for SqlSession [org.apache.ibatis.session.defaults.DefaultSqlSession@379fc2]
05-23-2017 07:32:22.234,DEBUG,E7DD75E5460050DAE527845B98AA67FF,Fetching JDBC Connection from DataSource
05-23-2017 07:32:22.234,DEBUG,E7DD75E5460050DAE527845B98AA67FF,Creating new JDBC DriverManager Connection to [jdbc:mysql://172.16.0.175:3306/BANANA_DB_HUNG_SELENIUM?useUnicode=yes&characterEncoding=UTF-8&autoReconnect=true]
05-23-2017 07:32:26.241,DEBUG,E7DD75E5460050DAE527845B98AA67FF,Releasing transactional SqlSession [org.apache.ibatis.session.defaults.DefaultSqlSession@379fc2]
05-23-2017 07:32:26.252,ERROR,E7DD75E5460050DAE527845B98AA67FF,U0000000001,java.lang.Exception: nested exception is org.apache.ibatis.exceptions.PersistenceException: 
05-23-2017 07:32:26.252,DEBUG,E7DD75E5460050DAE527845B98AA67FF,Transaction synchronization deregistering SqlSession [org.apache.ibatis.session.defaults.DefaultSqlSession@379fc2]
05-23-2017 07:32:26.252,DEBUG,E7DD75E5460050DAE527845B98AA67FF,Transaction synchronization closing SqlSession [org.apache.ibatis.session.defaults.DefaultSqlSession@379fc2]
05-23-2017 07:32:26.253,DEBUG,E7DD75E5460050DAE527845B98AA67FF,Should roll back transaction but cannot - no transaction available
05-23-2017 07:32:26.253,INFO ,E7DD75E5460050DAE527845B98AA67FF,U0000000001,vn.bananavietnam.ict.banana.service.Bnn0089SearchTaskService,searchData,[vn.bananavietnam.ict.banana.component.Bnn0089SearchTaskConditions@1031f1c] METHOD END
05-23-2017 07:32:26.254,DEBUG,E7DD75E5460050DAE527845B98AA67FF,Null ModelAndView returned to DispatcherServlet with name 'appServlet': assuming HandlerAdapter completed request handling
05-23-2017 07:32:26.254,DEBUG,E7DD75E5460050DAE527845B98AA67FF,Successfully completed request
05-23-2017 07:32:26.254,DEBUG,E7DD75E5460050DAE527845B98AA67FF,Chain processed normally
05-23-2017 07:32:26.254,DEBUG,E7DD75E5460050DAE527845B98AA67FF,SecurityContextHolder now cleared, as request processing completed
05-23-2017 07:32:44.259,DEBUG,2A33F4BC33F33CD005E3F600A2F603F6,/0089/searchData at position 1 of 11 in additional filter chain; firing Filter: 'SecurityContextPersistenceFilter'
05-23-2017 07:32:44.259,DEBUG,2A33F4BC33F33CD005E3F600A2F603F6,Obtained a valid SecurityContext from SPRING_SECURITY_CONTEXT: 'org.springframework.security.core.context.SecurityContextImpl@3b6d9dcf: Authentication: org.springframework.security.authentication.UsernamePasswordAuthenticationToken@3b6d9dcf: Principal: vn.bananavietnam.ict.common.auth.MyUser@c4907816: Username: U0000000001; Password: [PROTECTED]; Enabled: true; AccountNonExpired: true; credentialsNonExpired: true; AccountNonLocked: true; Granted Authorities: 1; Credentials: [PROTECTED]; Authenticated: true; Details: org.springframework.security.web.authentication.WebAuthenticationDetails@21a2c: RemoteIpAddress: 0:0:0:0:0:0:0:1; SessionId: 32B6B95D4BBB5D2AA3FE81AA7EE16473; Granted Authorities: 1'
05-23-2017 07:32:44.259,DEBUG,2A33F4BC33F33CD005E3F600A2F603F6,/0089/searchData at position 2 of 11 in additional filter chain; firing Filter: 'WebAsyncManagerIntegrationFilter'
05-23-2017 07:32:44.259,DEBUG,2A33F4BC33F33CD005E3F600A2F603F6,/0089/searchData at position 3 of 11 in additional filter chain; firing Filter: 'LogoutFilter'
05-23-2017 07:32:44.259,DEBUG,2A33F4BC33F33CD005E3F600A2F603F6,/0089/searchData at position 4 of 11 in additional filter chain; firing Filter: 'UsernamePasswordAuthenticationFilter'
05-23-2017 07:32:44.259,DEBUG,2A33F4BC33F33CD005E3F600A2F603F6,/0089/searchData at position 5 of 11 in additional filter chain; firing Filter: 'BasicAuthenticationFilter'
05-23-2017 07:32:44.259,DEBUG,2A33F4BC33F33CD005E3F600A2F603F6,/0089/searchData at position 6 of 11 in additional filter chain; firing Filter: 'RequestCacheAwareFilter'
05-23-2017 07:32:44.259,DEBUG,2A33F4BC33F33CD005E3F600A2F603F6,/0089/searchData at position 7 of 11 in additional filter chain; firing Filter: 'SecurityContextHolderAwareRequestFilter'
05-23-2017 07:32:44.259,DEBUG,2A33F4BC33F33CD005E3F600A2F603F6,/0089/searchData at position 8 of 11 in additional filter chain; firing Filter: 'AnonymousAuthenticationFilter'
05-23-2017 07:32:44.259,DEBUG,2A33F4BC33F33CD005E3F600A2F603F6,SecurityContextHolder not populated with anonymous token, as it already contained: 'org.springframework.security.authentication.UsernamePasswordAuthenticationToken@3b6d9dcf: Principal: vn.bananavietnam.ict.common.auth.MyUser@c4907816: Username: U0000000001; Password: [PROTECTED]; Enabled: true; AccountNonExpired: true; credentialsNonExpired: true; AccountNonLocked: true; Granted Authorities: 1; Credentials: [PROTECTED]; Authenticated: true; Details: org.springframework.security.web.authentication.WebAuthenticationDetails@21a2c: RemoteIpAddress: 0:0:0:0:0:0:0:1; SessionId: 32B6B95D4BBB5D2AA3FE81AA7EE16473; Granted Authorities: 1'
05-23-2017 07:32:44.259,DEBUG,2A33F4BC33F33CD005E3F600A2F603F6,/0089/searchData at position 9 of 11 in additional filter chain; firing Filter: 'SessionManagementFilter'
05-23-2017 07:32:44.259,DEBUG,2A33F4BC33F33CD005E3F600A2F603F6,/0089/searchData at position 10 of 11 in additional filter chain; firing Filter: 'ExceptionTranslationFilter'
05-23-2017 07:32:44.259,DEBUG,2A33F4BC33F33CD005E3F600A2F603F6,/0089/searchData at position 11 of 11 in additional filter chain; firing Filter: 'FilterSecurityInterceptor'
05-23-2017 07:32:44.259,DEBUG,2A33F4BC33F33CD005E3F600A2F603F6,Checking match of request : '/0089/searchdata'; against '/autherror*'
05-23-2017 07:32:44.259,DEBUG,2A33F4BC33F33CD005E3F600A2F603F6,Checking match of request : '/0089/searchdata'; against '/login/**'
05-23-2017 07:32:44.259,DEBUG,2A33F4BC33F33CD005E3F600A2F603F6,Checking match of request : '/0089/searchdata'; against '/error/**'
05-23-2017 07:32:44.259,DEBUG,2A33F4BC33F33CD005E3F600A2F603F6,Checking match of request : '/0089/searchdata'; against '/0001/**'
05-23-2017 07:32:44.259,DEBUG,2A33F4BC33F33CD005E3F600A2F603F6,Checking match of request : '/0089/searchdata'; against '/0002/**'
05-23-2017 07:32:44.259,DEBUG,2A33F4BC33F33CD005E3F600A2F603F6,Checking match of request : '/0089/searchdata'; against '/0003/**'
05-23-2017 07:32:44.259,DEBUG,2A33F4BC33F33CD005E3F600A2F603F6,Checking match of request : '/0089/searchdata'; against '/0005/**'
05-23-2017 07:32:44.260,DEBUG,2A33F4BC33F33CD005E3F600A2F603F6,Checking match of request : '/0089/searchdata'; against '/0007/**'
05-23-2017 07:32:44.260,DEBUG,2A33F4BC33F33CD005E3F600A2F603F6,Checking match of request : '/0089/searchdata'; against '/0009/**'
05-23-2017 07:32:44.260,DEBUG,2A33F4BC33F33CD005E3F600A2F603F6,Checking match of request : '/0089/searchdata'; against '/0013/**'
05-23-2017 07:32:44.260,DEBUG,2A33F4BC33F33CD005E3F600A2F603F6,Checking match of request : '/0089/searchdata'; against '/0023/**'
05-23-2017 07:32:44.260,DEBUG,2A33F4BC33F33CD005E3F600A2F603F6,Checking match of request : '/0089/searchdata'; against '/0017/**'
05-23-2017 07:32:44.260,DEBUG,2A33F4BC33F33CD005E3F600A2F603F6,Checking match of request : '/0089/searchdata'; against '/0031/**'
05-23-2017 07:32:44.260,DEBUG,2A33F4BC33F33CD005E3F600A2F603F6,Checking match of request : '/0089/searchdata'; against '/0035/**'
05-23-2017 07:32:44.260,DEBUG,2A33F4BC33F33CD005E3F600A2F603F6,Checking match of request : '/0089/searchdata'; against '/0037/**'
05-23-2017 07:32:44.260,DEBUG,2A33F4BC33F33CD005E3F600A2F603F6,Checking match of request : '/0089/searchdata'; against '/0045/**'
05-23-2017 07:32:44.260,DEBUG,2A33F4BC33F33CD005E3F600A2F603F6,Checking match of request : '/0089/searchdata'; against '/0047/**'
05-23-2017 07:32:44.260,DEBUG,2A33F4BC33F33CD005E3F600A2F603F6,Checking match of request : '/0089/searchdata'; against '/0049/**'
05-23-2017 07:32:44.260,DEBUG,2A33F4BC33F33CD005E3F600A2F603F6,Checking match of request : '/0089/searchdata'; against '/0061/**'
05-23-2017 07:32:44.260,DEBUG,2A33F4BC33F33CD005E3F600A2F603F6,Checking match of request : '/0089/searchdata'; against '/0087/**'
05-23-2017 07:32:44.260,DEBUG,2A33F4BC33F33CD005E3F600A2F603F6,Checking match of request : '/0089/searchdata'; against '/0075/**'
05-23-2017 07:32:44.260,DEBUG,2A33F4BC33F33CD005E3F600A2F603F6,Checking match of request : '/0089/searchdata'; against '/0089/**'
05-23-2017 07:32:44.260,DEBUG,2A33F4BC33F33CD005E3F600A2F603F6,Secure object: FilterInvocation: URL: /0089/searchData; Attributes: [ROLE_ADMIN, ROLE_USER, IS_AUTHENTICATED_FULLY]
05-23-2017 07:32:44.260,DEBUG,2A33F4BC33F33CD005E3F600A2F603F6,Previously Authenticated: org.springframework.security.authentication.UsernamePasswordAuthenticationToken@3b6d9dcf: Principal: vn.bananavietnam.ict.common.auth.MyUser@c4907816: Username: U0000000001; Password: [PROTECTED]; Enabled: true; AccountNonExpired: true; credentialsNonExpired: true; AccountNonLocked: true; Granted Authorities: 1; Credentials: [PROTECTED]; Authenticated: true; Details: org.springframework.security.web.authentication.WebAuthenticationDetails@21a2c: RemoteIpAddress: 0:0:0:0:0:0:0:1; SessionId: 32B6B95D4BBB5D2AA3FE81AA7EE16473; Granted Authorities: 1
05-23-2017 07:32:44.260,DEBUG,2A33F4BC33F33CD005E3F600A2F603F6,Voter: org.springframework.security.access.vote.RoleVoter@1ac872d, returned: -1
05-23-2017 07:32:44.260,DEBUG,2A33F4BC33F33CD005E3F600A2F603F6,Voter: org.springframework.security.access.vote.AuthenticatedVoter@b1927d, returned: 1
05-23-2017 07:32:44.260,DEBUG,2A33F4BC33F33CD005E3F600A2F603F6,Authorization successful
05-23-2017 07:32:44.260,DEBUG,2A33F4BC33F33CD005E3F600A2F603F6,RunAsManager did not change Authentication object
05-23-2017 07:32:44.260,DEBUG,2A33F4BC33F33CD005E3F600A2F603F6,/0089/searchData reached end of additional filter chain; proceeding with original chain
05-23-2017 07:32:44.260,DEBUG,2A33F4BC33F33CD005E3F600A2F603F6,Request [/ict/0089/searchData] is not a multipart request
05-23-2017 07:32:44.260,DEBUG,E7DD75E5460050DAE527845B98AA67FF,DispatcherServlet with name 'appServlet' processing POST request for [/ict/0089/searchData]
05-23-2017 07:32:44.260,DEBUG,E7DD75E5460050DAE527845B98AA67FF,Looking up handler method for path /0089/searchData
05-23-2017 07:32:44.260,DEBUG,E7DD75E5460050DAE527845B98AA67FF,Returning handler method [public java.util.List<vn.bananavietnam.ict.banana.component.Bnn0089SearchTaskResult> vn.bananavietnam.ict.banana.controller.Bnn0089SearchTaskController.searchData(vn.bananavietnam.ict.banana.component.Bnn0089SearchTaskConditions)]
05-23-2017 07:32:44.260,DEBUG,E7DD75E5460050DAE527845B98AA67FF,Returning cached instance of singleton bean 'bnn0089SearchTaskController'
05-23-2017 07:32:44.260,DEBUG,E7DD75E5460050DAE527845B98AA67FF,Returning cached instance of singleton bean 'xml_path'
05-23-2017 07:32:44.261,DEBUG,E7DD75E5460050DAE527845B98AA67FF,Read [class vn.bananavietnam.ict.banana.component.Bnn0089SearchTaskConditions] as "application/json" with [org.springframework.http.converter.json.MappingJackson2HttpMessageConverter@156f2cc]
05-23-2017 07:32:44.261,INFO ,E7DD75E5460050DAE527845B98AA67FF,U0000000001,vn.bananavietnam.ict.banana.service.Bnn0089SearchTaskService,searchData,[vn.bananavietnam.ict.banana.component.Bnn0089SearchTaskConditions@1c5a8a7] METHOD START
05-23-2017 07:32:44.261,DEBUG,E7DD75E5460050DAE527845B98AA67FF,Returning cached instance of singleton bean 'transactionManager'
05-23-2017 07:32:44.261,INFO ,E7DD75E5460050DAE527845B98AA67FF,U0000000001,Task searching started
05-23-2017 07:32:44.261,DEBUG,E7DD75E5460050DAE527845B98AA67FF,Creating a new SqlSession
05-23-2017 07:32:44.261,DEBUG,E7DD75E5460050DAE527845B98AA67FF,Registering transaction synchronization for SqlSession [org.apache.ibatis.session.defaults.DefaultSqlSession@b3958e]
05-23-2017 07:32:44.261,DEBUG,E7DD75E5460050DAE527845B98AA67FF,Fetching JDBC Connection from DataSource
05-23-2017 07:32:44.261,DEBUG,E7DD75E5460050DAE527845B98AA67FF,Creating new JDBC DriverManager Connection to [jdbc:mysql://172.16.0.175:3306/BANANA_DB_HUNG_SELENIUM?useUnicode=yes&characterEncoding=UTF-8&autoReconnect=true]
05-23-2017 07:32:44.278,DEBUG,E7DD75E5460050DAE527845B98AA67FF,Registering transaction synchronization for JDBC Connection
05-23-2017 07:32:44.278,DEBUG,E7DD75E5460050DAE527845B98AA67FF,JDBC Connection [com.mysql.jdbc.JDBC4Connection@ef6843] will be managed by Spring
05-23-2017 07:32:44.278,DEBUG,E7DD75E5460050DAE527845B98AA67FF,==>  Preparing: SELECT T.TASK_ID taskId, T.TASK_NAME taskName, T.WORKING_DETAILS workingDetails, T.NOTE note, T.QUARANTINE_HANDLING_FLAG quarantineHandlingFlag, T.DELETE_FLAG deleteFlag, T.CHANGE_POINT_CODE changePointCode, T.LAST_UPDATE_DATE lastUpdateDate FROM IVB_M_TASK T WHERE 1 = 1 AND T.DELETE_FLAG = '0' ORDER BY T.TASK_NAME LIMIT ?,? 
05-23-2017 07:32:44.278,DEBUG,E7DD75E5460050DAE527845B98AA67FF,==> Parameters: 0(Integer), 20(Integer)
05-23-2017 07:32:44.282,DEBUG,E7DD75E5460050DAE527845B98AA67FF,<==      Total: 20
05-23-2017 07:32:44.282,DEBUG,E7DD75E5460050DAE527845B98AA67FF,Releasing transactional SqlSession [org.apache.ibatis.session.defaults.DefaultSqlSession@b3958e]
05-23-2017 07:32:44.282,INFO ,E7DD75E5460050DAE527845B98AA67FF,U0000000001,SQL execution finished
05-23-2017 07:32:44.282,DEBUG,E7DD75E5460050DAE527845B98AA67FF,Fetched SqlSession [org.apache.ibatis.session.defaults.DefaultSqlSession@b3958e] from current transaction
05-23-2017 07:32:44.282,DEBUG,E7DD75E5460050DAE527845B98AA67FF,==>  Preparing: SELECT COUNT(*) FROM IVB_M_TASK T WHERE 1 = 1 AND T.DELETE_FLAG = '0' ORDER BY T.TASK_ID 
05-23-2017 07:32:44.282,DEBUG,E7DD75E5460050DAE527845B98AA67FF,==> Parameters: 
05-23-2017 07:32:44.283,DEBUG,E7DD75E5460050DAE527845B98AA67FF,<==      Total: 1
05-23-2017 07:32:44.284,DEBUG,E7DD75E5460050DAE527845B98AA67FF,Releasing transactional SqlSession [org.apache.ibatis.session.defaults.DefaultSqlSession@b3958e]
05-23-2017 07:32:44.284,INFO ,E7DD75E5460050DAE527845B98AA67FF,U0000000001,Task searching finished ==> 43 item(s)
05-23-2017 07:32:44.284,DEBUG,E7DD75E5460050DAE527845B98AA67FF,Transaction synchronization deregistering SqlSession [org.apache.ibatis.session.defaults.DefaultSqlSession@b3958e]
05-23-2017 07:32:44.284,DEBUG,E7DD75E5460050DAE527845B98AA67FF,Transaction synchronization closing SqlSession [org.apache.ibatis.session.defaults.DefaultSqlSession@b3958e]
05-23-2017 07:32:44.284,DEBUG,E7DD75E5460050DAE527845B98AA67FF,Returning JDBC Connection to DataSource
05-23-2017 07:32:44.284,INFO ,E7DD75E5460050DAE527845B98AA67FF,U0000000001,vn.bananavietnam.ict.banana.service.Bnn0089SearchTaskService,searchData,[vn.bananavietnam.ict.banana.component.Bnn0089SearchTaskConditions@1c5a8a7] METHOD END
05-23-2017 07:32:44.288,DEBUG,E7DD75E5460050DAE527845B98AA67FF,Written [[vn.bananavietnam.ict.banana.component.Bnn0089SearchTaskResult@1354820, vn.bananavietnam.ict.banana.component.Bnn0089SearchTaskResult@16a3e7c, vn.bananavietnam.ict.banana.component.Bnn0089SearchTaskResult@3fd0d7, vn.bananavietnam.ict.banana.component.Bnn0089SearchTaskResult@fd04c9, vn.bananavietnam.ict.banana.component.Bnn0089SearchTaskResult@1003d3e, vn.bananavietnam.ict.banana.component.Bnn0089SearchTaskResult@14d6e3c, vn.bananavietnam.ict.banana.component.Bnn0089SearchTaskResult@186b1aa, vn.bananavietnam.ict.banana.component.Bnn0089SearchTaskResult@199265f, vn.bananavietnam.ict.banana.component.Bnn0089SearchTaskResult@1d41a5f, vn.bananavietnam.ict.banana.component.Bnn0089SearchTaskResult@1f2a497, vn.bananavietnam.ict.banana.component.Bnn0089SearchTaskResult@1cf41e2, vn.bananavietnam.ict.banana.component.Bnn0089SearchTaskResult@16a3d9a, vn.bananavietnam.ict.banana.component.Bnn0089SearchTaskResult@afd10a, vn.bananavietnam.ict.banana.component.Bnn0089SearchTaskResult@950bd4, vn.bananavietnam.ict.banana.component.Bnn0089SearchTaskResult@16097b5, vn.bananavietnam.ict.banana.component.Bnn0089SearchTaskResult@1f6f7ae, vn.bananavietnam.ict.banana.component.Bnn0089SearchTaskResult@12d585b, vn.bananavietnam.ict.banana.component.Bnn0089SearchTaskResult@1202ec1, vn.bananavietnam.ict.banana.component.Bnn0089SearchTaskResult@a2c26f, vn.bananavietnam.ict.banana.component.Bnn0089SearchTaskResult@150b92]] as "application/json;charset=UTF-8" using [org.springframework.http.converter.json.MappingJackson2HttpMessageConverter@156f2cc]
05-23-2017 07:32:44.288,DEBUG,E7DD75E5460050DAE527845B98AA67FF,Null ModelAndView returned to DispatcherServlet with name 'appServlet': assuming HandlerAdapter completed request handling
05-23-2017 07:32:44.288,DEBUG,E7DD75E5460050DAE527845B98AA67FF,Successfully completed request
05-23-2017 07:32:44.288,DEBUG,E7DD75E5460050DAE527845B98AA67FF,Chain processed normally
05-23-2017 07:32:44.288,DEBUG,E7DD75E5460050DAE527845B98AA67FF,SecurityContextHolder now cleared, as request processing completed
