05-23-2017 06:47:14.664,DEBUG,97A95B27F52523D5EDC8CC7C08E3F47B,/0089/getSingleData at position 1 of 11 in additional filter chain; firing Filter: 'SecurityContextPersistenceFilter'
05-23-2017 06:47:14.664,DEBUG,97A95B27F52523D5EDC8CC7C08E3F47B,Obtained a valid SecurityContext from SPRING_SECURITY_CONTEXT: 'org.springframework.security.core.context.SecurityContextImpl@c4911edb: Authentication: org.springframework.security.authentication.UsernamePasswordAuthenticationToken@c4911edb: Principal: vn.bananavietnam.ict.common.auth.MyUser@c4907816: Username: U0000000001; Password: [PROTECTED]; Enabled: true; AccountNonExpired: true; credentialsNonExpired: true; AccountNonLocked: true; Granted Authorities: 1; Credentials: [PROTECTED]; Authenticated: true; Details: org.springframework.security.web.authentication.WebAuthenticationDetails@fffe9938: RemoteIpAddress: 0:0:0:0:0:0:0:1; SessionId: 45B56089F8ABC951C5C7FCC44BE5DE95; Granted Authorities: 1'
05-23-2017 06:47:14.664,DEBUG,97A95B27F52523D5EDC8CC7C08E3F47B,/0089/getSingleData at position 2 of 11 in additional filter chain; firing Filter: 'WebAsyncManagerIntegrationFilter'
05-23-2017 06:47:14.664,DEBUG,97A95B27F52523D5EDC8CC7C08E3F47B,/0089/getSingleData at position 3 of 11 in additional filter chain; firing Filter: 'LogoutFilter'
05-23-2017 06:47:14.664,DEBUG,97A95B27F52523D5EDC8CC7C08E3F47B,/0089/getSingleData at position 4 of 11 in additional filter chain; firing Filter: 'UsernamePasswordAuthenticationFilter'
05-23-2017 06:47:14.664,DEBUG,97A95B27F52523D5EDC8CC7C08E3F47B,/0089/getSingleData at position 5 of 11 in additional filter chain; firing Filter: 'BasicAuthenticationFilter'
05-23-2017 06:47:14.664,DEBUG,97A95B27F52523D5EDC8CC7C08E3F47B,/0089/getSingleData at position 6 of 11 in additional filter chain; firing Filter: 'RequestCacheAwareFilter'
05-23-2017 06:47:14.664,DEBUG,97A95B27F52523D5EDC8CC7C08E3F47B,/0089/getSingleData at position 7 of 11 in additional filter chain; firing Filter: 'SecurityContextHolderAwareRequestFilter'
05-23-2017 06:47:14.664,DEBUG,97A95B27F52523D5EDC8CC7C08E3F47B,/0089/getSingleData at position 8 of 11 in additional filter chain; firing Filter: 'AnonymousAuthenticationFilter'
05-23-2017 06:47:14.664,DEBUG,97A95B27F52523D5EDC8CC7C08E3F47B,SecurityContextHolder not populated with anonymous token, as it already contained: 'org.springframework.security.authentication.UsernamePasswordAuthenticationToken@c4911edb: Principal: vn.bananavietnam.ict.common.auth.MyUser@c4907816: Username: U0000000001; Password: [PROTECTED]; Enabled: true; AccountNonExpired: true; credentialsNonExpired: true; AccountNonLocked: true; Granted Authorities: 1; Credentials: [PROTECTED]; Authenticated: true; Details: org.springframework.security.web.authentication.WebAuthenticationDetails@fffe9938: RemoteIpAddress: 0:0:0:0:0:0:0:1; SessionId: 45B56089F8ABC951C5C7FCC44BE5DE95; Granted Authorities: 1'
05-23-2017 06:47:14.664,DEBUG,97A95B27F52523D5EDC8CC7C08E3F47B,/0089/getSingleData at position 9 of 11 in additional filter chain; firing Filter: 'SessionManagementFilter'
05-23-2017 06:47:14.664,DEBUG,97A95B27F52523D5EDC8CC7C08E3F47B,/0089/getSingleData at position 10 of 11 in additional filter chain; firing Filter: 'ExceptionTranslationFilter'
05-23-2017 06:47:14.664,DEBUG,97A95B27F52523D5EDC8CC7C08E3F47B,/0089/getSingleData at position 11 of 11 in additional filter chain; firing Filter: 'FilterSecurityInterceptor'
05-23-2017 06:47:14.664,DEBUG,97A95B27F52523D5EDC8CC7C08E3F47B,Checking match of request : '/0089/getsingledata'; against '/autherror*'
05-23-2017 06:47:14.664,DEBUG,97A95B27F52523D5EDC8CC7C08E3F47B,Checking match of request : '/0089/getsingledata'; against '/login/**'
05-23-2017 06:47:14.664,DEBUG,97A95B27F52523D5EDC8CC7C08E3F47B,Checking match of request : '/0089/getsingledata'; against '/error/**'
05-23-2017 06:47:14.664,DEBUG,97A95B27F52523D5EDC8CC7C08E3F47B,Checking match of request : '/0089/getsingledata'; against '/0001/**'
05-23-2017 06:47:14.664,DEBUG,97A95B27F52523D5EDC8CC7C08E3F47B,Checking match of request : '/0089/getsingledata'; against '/0002/**'
05-23-2017 06:47:14.664,DEBUG,97A95B27F52523D5EDC8CC7C08E3F47B,Checking match of request : '/0089/getsingledata'; against '/0003/**'
05-23-2017 06:47:14.664,DEBUG,97A95B27F52523D5EDC8CC7C08E3F47B,Checking match of request : '/0089/getsingledata'; against '/0005/**'
05-23-2017 06:47:14.664,DEBUG,97A95B27F52523D5EDC8CC7C08E3F47B,Checking match of request : '/0089/getsingledata'; against '/0007/**'
05-23-2017 06:47:14.664,DEBUG,97A95B27F52523D5EDC8CC7C08E3F47B,Checking match of request : '/0089/getsingledata'; against '/0009/**'
05-23-2017 06:47:14.664,DEBUG,97A95B27F52523D5EDC8CC7C08E3F47B,Checking match of request : '/0089/getsingledata'; against '/0013/**'
05-23-2017 06:47:14.664,DEBUG,97A95B27F52523D5EDC8CC7C08E3F47B,Checking match of request : '/0089/getsingledata'; against '/0023/**'
05-23-2017 06:47:14.664,DEBUG,97A95B27F52523D5EDC8CC7C08E3F47B,Checking match of request : '/0089/getsingledata'; against '/0017/**'
05-23-2017 06:47:14.664,DEBUG,97A95B27F52523D5EDC8CC7C08E3F47B,Checking match of request : '/0089/getsingledata'; against '/0031/**'
05-23-2017 06:47:14.664,DEBUG,97A95B27F52523D5EDC8CC7C08E3F47B,Checking match of request : '/0089/getsingledata'; against '/0035/**'
05-23-2017 06:47:14.664,DEBUG,97A95B27F52523D5EDC8CC7C08E3F47B,Checking match of request : '/0089/getsingledata'; against '/0037/**'
05-23-2017 06:47:14.664,DEBUG,97A95B27F52523D5EDC8CC7C08E3F47B,Checking match of request : '/0089/getsingledata'; against '/0045/**'
05-23-2017 06:47:14.664,DEBUG,97A95B27F52523D5EDC8CC7C08E3F47B,Checking match of request : '/0089/getsingledata'; against '/0047/**'
05-23-2017 06:47:14.664,DEBUG,97A95B27F52523D5EDC8CC7C08E3F47B,Checking match of request : '/0089/getsingledata'; against '/0049/**'
05-23-2017 06:47:14.664,DEBUG,97A95B27F52523D5EDC8CC7C08E3F47B,Checking match of request : '/0089/getsingledata'; against '/0061/**'
05-23-2017 06:47:14.664,DEBUG,97A95B27F52523D5EDC8CC7C08E3F47B,Checking match of request : '/0089/getsingledata'; against '/0087/**'
05-23-2017 06:47:14.664,DEBUG,97A95B27F52523D5EDC8CC7C08E3F47B,Checking match of request : '/0089/getsingledata'; against '/0075/**'
05-23-2017 06:47:14.664,DEBUG,97A95B27F52523D5EDC8CC7C08E3F47B,Checking match of request : '/0089/getsingledata'; against '/0089/**'
05-23-2017 06:47:14.664,DEBUG,97A95B27F52523D5EDC8CC7C08E3F47B,Secure object: FilterInvocation: URL: /0089/getSingleData; Attributes: [ROLE_ADMIN, ROLE_USER, IS_AUTHENTICATED_FULLY]
05-23-2017 06:47:14.664,DEBUG,97A95B27F52523D5EDC8CC7C08E3F47B,Previously Authenticated: org.springframework.security.authentication.UsernamePasswordAuthenticationToken@c4911edb: Principal: vn.bananavietnam.ict.common.auth.MyUser@c4907816: Username: U0000000001; Password: [PROTECTED]; Enabled: true; AccountNonExpired: true; credentialsNonExpired: true; AccountNonLocked: true; Granted Authorities: 1; Credentials: [PROTECTED]; Authenticated: true; Details: org.springframework.security.web.authentication.WebAuthenticationDetails@fffe9938: RemoteIpAddress: 0:0:0:0:0:0:0:1; SessionId: 45B56089F8ABC951C5C7FCC44BE5DE95; Granted Authorities: 1
05-23-2017 06:47:14.665,DEBUG,97A95B27F52523D5EDC8CC7C08E3F47B,Voter: org.springframework.security.access.vote.RoleVoter@c7637e, returned: -1
05-23-2017 06:47:14.665,DEBUG,97A95B27F52523D5EDC8CC7C08E3F47B,Voter: org.springframework.security.access.vote.AuthenticatedVoter@1f8faaf, returned: 1
05-23-2017 06:47:14.665,DEBUG,97A95B27F52523D5EDC8CC7C08E3F47B,Authorization successful
05-23-2017 06:47:14.665,DEBUG,97A95B27F52523D5EDC8CC7C08E3F47B,RunAsManager did not change Authentication object
05-23-2017 06:47:14.665,DEBUG,97A95B27F52523D5EDC8CC7C08E3F47B,/0089/getSingleData reached end of additional filter chain; proceeding with original chain
05-23-2017 06:47:14.665,DEBUG,97A95B27F52523D5EDC8CC7C08E3F47B,Request [/ict/0089/getSingleData] is not a multipart request
05-23-2017 06:47:14.665,DEBUG,97A95B27F52523D5EDC8CC7C08E3F47B,DispatcherServlet with name 'appServlet' processing POST request for [/ict/0089/getSingleData]
05-23-2017 06:47:14.665,DEBUG,97A95B27F52523D5EDC8CC7C08E3F47B,Looking up handler method for path /0089/getSingleData
05-23-2017 06:47:14.665,DEBUG,97A95B27F52523D5EDC8CC7C08E3F47B,Returning handler method [public vn.bananavietnam.ict.common.db.model.IvbMTask vn.bananavietnam.ict.banana.controller.Bnn0089SearchTaskController.getSingleData(vn.bananavietnam.ict.banana.component.Bnn0089SearchTaskConditions)]
05-23-2017 06:47:14.665,DEBUG,97A95B27F52523D5EDC8CC7C08E3F47B,Returning cached instance of singleton bean 'bnn0089SearchTaskController'
05-23-2017 06:47:14.665,DEBUG,97A95B27F52523D5EDC8CC7C08E3F47B,Returning cached instance of singleton bean 'xml_path'
05-23-2017 06:47:14.665,DEBUG,97A95B27F52523D5EDC8CC7C08E3F47B,Read [class vn.bananavietnam.ict.banana.component.Bnn0089SearchTaskConditions] as "application/json" with [org.springframework.http.converter.json.MappingJackson2HttpMessageConverter@ce0eb1]
05-23-2017 06:47:14.666,INFO ,97A95B27F52523D5EDC8CC7C08E3F47B,U0000000001,vn.bananavietnam.ict.banana.service.Bnn0089SearchTaskService,getSingleData,[vn.bananavietnam.ict.banana.component.Bnn0089SearchTaskConditions@5b801d] METHOD START
05-23-2017 06:47:14.666,DEBUG,97A95B27F52523D5EDC8CC7C08E3F47B,Returning cached instance of singleton bean 'transactionManager'
05-23-2017 06:47:14.666,DEBUG,97A95B27F52523D5EDC8CC7C08E3F47B,Creating a new SqlSession
05-23-2017 06:47:14.666,DEBUG,97A95B27F52523D5EDC8CC7C08E3F47B,Registering transaction synchronization for SqlSession [org.apache.ibatis.session.defaults.DefaultSqlSession@3c683]
05-23-2017 06:47:14.666,DEBUG,97A95B27F52523D5EDC8CC7C08E3F47B,Fetching JDBC Connection from DataSource
05-23-2017 06:47:14.666,DEBUG,97A95B27F52523D5EDC8CC7C08E3F47B,Creating new JDBC DriverManager Connection to [jdbc:mysql://172.16.0.175:3306/BANANA_DB_HUNG_SELENIUM?useUnicode=yes&characterEncoding=UTF-8&autoReconnect=true]
05-23-2017 06:47:14.888,DEBUG,97A95B27F52523D5EDC8CC7C08E3F47B,Registering transaction synchronization for JDBC Connection
05-23-2017 06:47:14.889,DEBUG,97A95B27F52523D5EDC8CC7C08E3F47B,JDBC Connection [com.mysql.jdbc.JDBC4Connection@18d497c] will be managed by Spring
05-23-2017 06:47:14.889,DEBUG,97A95B27F52523D5EDC8CC7C08E3F47B,==>  Preparing: select TASK_ID, TASK_NAME, WORKING_DETAILS, NOTE, QUARANTINE_HANDLING_FLAG, CHANGE_POINT_CODE, CREATE_USER_ID, CREATE_DATE, UPDATE_USER_ID, LAST_UPDATE_DATE, DELETE_FLAG from IVB_M_TASK where TASK_ID = ? 
05-23-2017 06:47:14.890,DEBUG,97A95B27F52523D5EDC8CC7C08E3F47B,==> Parameters: T048(String)
05-23-2017 06:47:14.892,DEBUG,97A95B27F52523D5EDC8CC7C08E3F47B,<==      Total: 1
05-23-2017 06:47:14.892,DEBUG,97A95B27F52523D5EDC8CC7C08E3F47B,Releasing transactional SqlSession [org.apache.ibatis.session.defaults.DefaultSqlSession@3c683]
05-23-2017 06:47:14.893,DEBUG,97A95B27F52523D5EDC8CC7C08E3F47B,Transaction synchronization deregistering SqlSession [org.apache.ibatis.session.defaults.DefaultSqlSession@3c683]
05-23-2017 06:47:14.893,DEBUG,97A95B27F52523D5EDC8CC7C08E3F47B,Transaction synchronization closing SqlSession [org.apache.ibatis.session.defaults.DefaultSqlSession@3c683]
05-23-2017 06:47:14.893,DEBUG,97A95B27F52523D5EDC8CC7C08E3F47B,Returning JDBC Connection to DataSource
05-23-2017 06:47:14.893,INFO ,97A95B27F52523D5EDC8CC7C08E3F47B,U0000000001,vn.bananavietnam.ict.banana.service.Bnn0089SearchTaskService,getSingleData,[vn.bananavietnam.ict.banana.component.Bnn0089SearchTaskConditions@5b801d] METHOD END
05-23-2017 06:47:14.895,DEBUG,97A95B27F52523D5EDC8CC7C08E3F47B,Written [vn.bananavietnam.ict.common.db.model.IvbMTask@16e6977] as "application/json;charset=UTF-8" using [org.springframework.http.converter.json.MappingJackson2HttpMessageConverter@ce0eb1]
05-23-2017 06:47:14.896,DEBUG,97A95B27F52523D5EDC8CC7C08E3F47B,Null ModelAndView returned to DispatcherServlet with name 'appServlet': assuming HandlerAdapter completed request handling
05-23-2017 06:47:14.896,DEBUG,97A95B27F52523D5EDC8CC7C08E3F47B,Successfully completed request
05-23-2017 06:47:14.896,DEBUG,97A95B27F52523D5EDC8CC7C08E3F47B,Chain processed normally
05-23-2017 06:47:14.896,DEBUG,97A95B27F52523D5EDC8CC7C08E3F47B,SecurityContextHolder now cleared, as request processing completed
05-23-2017 06:46:38.724,DEBUG,9BA3A2753A6E4687424F9F043711DFB9,/0089/searchData at position 1 of 11 in additional filter chain; firing Filter: 'SecurityContextPersistenceFilter'
05-23-2017 06:46:38.724,DEBUG,9BA3A2753A6E4687424F9F043711DFB9,Obtained a valid SecurityContext from SPRING_SECURITY_CONTEXT: 'org.springframework.security.core.context.SecurityContextImpl@3b6d4a73: Authentication: org.springframework.security.authentication.UsernamePasswordAuthenticationToken@3b6d4a73: Principal: vn.bananavietnam.ict.common.auth.MyUser@c4907816: Username: U0000000001; Password: [PROTECTED]; Enabled: true; AccountNonExpired: true; credentialsNonExpired: true; AccountNonLocked: true; Granted Authorities: 1; Credentials: [PROTECTED]; Authenticated: true; Details: org.springframework.security.web.authentication.WebAuthenticationDetails@2cd90: RemoteIpAddress: 0:0:0:0:0:0:0:1; SessionId: 9BA3A2753A6E4687424F9F043711DFB9; Granted Authorities: 1'
05-23-2017 06:46:38.724,DEBUG,9BA3A2753A6E4687424F9F043711DFB9,/0089/searchData at position 2 of 11 in additional filter chain; firing Filter: 'WebAsyncManagerIntegrationFilter'
05-23-2017 06:46:38.724,DEBUG,9BA3A2753A6E4687424F9F043711DFB9,/0089/searchData at position 3 of 11 in additional filter chain; firing Filter: 'LogoutFilter'
05-23-2017 06:46:38.724,DEBUG,9BA3A2753A6E4687424F9F043711DFB9,/0089/searchData at position 4 of 11 in additional filter chain; firing Filter: 'UsernamePasswordAuthenticationFilter'
05-23-2017 06:46:38.724,DEBUG,9BA3A2753A6E4687424F9F043711DFB9,/0089/searchData at position 5 of 11 in additional filter chain; firing Filter: 'BasicAuthenticationFilter'
05-23-2017 06:46:38.724,DEBUG,9BA3A2753A6E4687424F9F043711DFB9,/0089/searchData at position 6 of 11 in additional filter chain; firing Filter: 'RequestCacheAwareFilter'
05-23-2017 06:46:38.724,DEBUG,9BA3A2753A6E4687424F9F043711DFB9,/0089/searchData at position 7 of 11 in additional filter chain; firing Filter: 'SecurityContextHolderAwareRequestFilter'
05-23-2017 06:46:38.724,DEBUG,9BA3A2753A6E4687424F9F043711DFB9,/0089/searchData at position 8 of 11 in additional filter chain; firing Filter: 'AnonymousAuthenticationFilter'
05-23-2017 06:46:38.724,DEBUG,9BA3A2753A6E4687424F9F043711DFB9,SecurityContextHolder not populated with anonymous token, as it already contained: 'org.springframework.security.authentication.UsernamePasswordAuthenticationToken@3b6d4a73: Principal: vn.bananavietnam.ict.common.auth.MyUser@c4907816: Username: U0000000001; Password: [PROTECTED]; Enabled: true; AccountNonExpired: true; credentialsNonExpired: true; AccountNonLocked: true; Granted Authorities: 1; Credentials: [PROTECTED]; Authenticated: true; Details: org.springframework.security.web.authentication.WebAuthenticationDetails@2cd90: RemoteIpAddress: 0:0:0:0:0:0:0:1; SessionId: 9BA3A2753A6E4687424F9F043711DFB9; Granted Authorities: 1'
05-23-2017 06:46:38.725,DEBUG,9BA3A2753A6E4687424F9F043711DFB9,/0089/searchData at position 9 of 11 in additional filter chain; firing Filter: 'SessionManagementFilter'
05-23-2017 06:46:38.725,DEBUG,9BA3A2753A6E4687424F9F043711DFB9,/0089/searchData at position 10 of 11 in additional filter chain; firing Filter: 'ExceptionTranslationFilter'
05-23-2017 06:46:38.725,DEBUG,9BA3A2753A6E4687424F9F043711DFB9,/0089/searchData at position 11 of 11 in additional filter chain; firing Filter: 'FilterSecurityInterceptor'
05-23-2017 06:46:38.725,DEBUG,9BA3A2753A6E4687424F9F043711DFB9,Checking match of request : '/0089/searchdata'; against '/autherror*'
05-23-2017 06:46:38.725,DEBUG,9BA3A2753A6E4687424F9F043711DFB9,Checking match of request : '/0089/searchdata'; against '/login/**'
05-23-2017 06:46:38.725,DEBUG,9BA3A2753A6E4687424F9F043711DFB9,Checking match of request : '/0089/searchdata'; against '/error/**'
05-23-2017 06:46:38.725,DEBUG,9BA3A2753A6E4687424F9F043711DFB9,Checking match of request : '/0089/searchdata'; against '/0001/**'
05-23-2017 06:46:38.725,DEBUG,9BA3A2753A6E4687424F9F043711DFB9,Checking match of request : '/0089/searchdata'; against '/0002/**'
05-23-2017 06:46:38.725,DEBUG,9BA3A2753A6E4687424F9F043711DFB9,Checking match of request : '/0089/searchdata'; against '/0003/**'
05-23-2017 06:46:38.725,DEBUG,9BA3A2753A6E4687424F9F043711DFB9,Checking match of request : '/0089/searchdata'; against '/0005/**'
05-23-2017 06:46:38.725,DEBUG,9BA3A2753A6E4687424F9F043711DFB9,Checking match of request : '/0089/searchdata'; against '/0007/**'
05-23-2017 06:46:38.725,DEBUG,9BA3A2753A6E4687424F9F043711DFB9,Checking match of request : '/0089/searchdata'; against '/0009/**'
05-23-2017 06:46:38.725,DEBUG,9BA3A2753A6E4687424F9F043711DFB9,Checking match of request : '/0089/searchdata'; against '/0013/**'
05-23-2017 06:46:38.725,DEBUG,9BA3A2753A6E4687424F9F043711DFB9,Checking match of request : '/0089/searchdata'; against '/0023/**'
05-23-2017 06:46:38.725,DEBUG,9BA3A2753A6E4687424F9F043711DFB9,Checking match of request : '/0089/searchdata'; against '/0017/**'
05-23-2017 06:46:38.725,DEBUG,9BA3A2753A6E4687424F9F043711DFB9,Checking match of request : '/0089/searchdata'; against '/0031/**'
05-23-2017 06:46:38.725,DEBUG,9BA3A2753A6E4687424F9F043711DFB9,Checking match of request : '/0089/searchdata'; against '/0035/**'
05-23-2017 06:46:38.725,DEBUG,9BA3A2753A6E4687424F9F043711DFB9,Checking match of request : '/0089/searchdata'; against '/0037/**'
05-23-2017 06:46:38.725,DEBUG,9BA3A2753A6E4687424F9F043711DFB9,Checking match of request : '/0089/searchdata'; against '/0045/**'
05-23-2017 06:46:38.725,DEBUG,9BA3A2753A6E4687424F9F043711DFB9,Checking match of request : '/0089/searchdata'; against '/0047/**'
05-23-2017 06:46:38.725,DEBUG,9BA3A2753A6E4687424F9F043711DFB9,Checking match of request : '/0089/searchdata'; against '/0049/**'
05-23-2017 06:46:38.725,DEBUG,9BA3A2753A6E4687424F9F043711DFB9,Checking match of request : '/0089/searchdata'; against '/0061/**'
05-23-2017 06:46:38.725,DEBUG,9BA3A2753A6E4687424F9F043711DFB9,Checking match of request : '/0089/searchdata'; against '/0087/**'
05-23-2017 06:46:38.725,DEBUG,9BA3A2753A6E4687424F9F043711DFB9,Checking match of request : '/0089/searchdata'; against '/0075/**'
05-23-2017 06:46:38.725,DEBUG,9BA3A2753A6E4687424F9F043711DFB9,Checking match of request : '/0089/searchdata'; against '/0089/**'
05-23-2017 06:46:38.725,DEBUG,9BA3A2753A6E4687424F9F043711DFB9,Secure object: FilterInvocation: URL: /0089/searchData; Attributes: [ROLE_ADMIN, ROLE_USER, IS_AUTHENTICATED_FULLY]
05-23-2017 06:46:38.725,DEBUG,9BA3A2753A6E4687424F9F043711DFB9,Previously Authenticated: org.springframework.security.authentication.UsernamePasswordAuthenticationToken@3b6d4a73: Principal: vn.bananavietnam.ict.common.auth.MyUser@c4907816: Username: U0000000001; Password: [PROTECTED]; Enabled: true; AccountNonExpired: true; credentialsNonExpired: true; AccountNonLocked: true; Granted Authorities: 1; Credentials: [PROTECTED]; Authenticated: true; Details: org.springframework.security.web.authentication.WebAuthenticationDetails@2cd90: RemoteIpAddress: 0:0:0:0:0:0:0:1; SessionId: 9BA3A2753A6E4687424F9F043711DFB9; Granted Authorities: 1
05-23-2017 06:46:38.725,DEBUG,9BA3A2753A6E4687424F9F043711DFB9,Voter: org.springframework.security.access.vote.RoleVoter@1ac872d, returned: -1
05-23-2017 06:46:38.725,DEBUG,9BA3A2753A6E4687424F9F043711DFB9,Voter: org.springframework.security.access.vote.AuthenticatedVoter@b1927d, returned: 1
05-23-2017 06:46:38.725,DEBUG,9BA3A2753A6E4687424F9F043711DFB9,Authorization successful
05-23-2017 06:46:38.725,DEBUG,9BA3A2753A6E4687424F9F043711DFB9,RunAsManager did not change Authentication object
05-23-2017 06:46:38.725,DEBUG,9BA3A2753A6E4687424F9F043711DFB9,/0089/searchData reached end of additional filter chain; proceeding with original chain
05-23-2017 06:46:38.725,DEBUG,9BA3A2753A6E4687424F9F043711DFB9,Request [/ict/0089/searchData] is not a multipart request
05-23-2017 06:46:38.725,DEBUG,DC0049385B4DC8ED2AC0968A361ECFAF,DispatcherServlet with name 'appServlet' processing POST request for [/ict/0089/searchData]
05-23-2017 06:46:38.725,DEBUG,DC0049385B4DC8ED2AC0968A361ECFAF,Looking up handler method for path /0089/searchData
05-23-2017 06:46:38.726,DEBUG,DC0049385B4DC8ED2AC0968A361ECFAF,Returning handler method [public java.util.List<vn.bananavietnam.ict.banana.component.Bnn0089SearchTaskResult> vn.bananavietnam.ict.banana.controller.Bnn0089SearchTaskController.searchData(vn.bananavietnam.ict.banana.component.Bnn0089SearchTaskConditions)]
05-23-2017 06:46:38.726,DEBUG,DC0049385B4DC8ED2AC0968A361ECFAF,Returning cached instance of singleton bean 'bnn0089SearchTaskController'
05-23-2017 06:46:38.726,DEBUG,DC0049385B4DC8ED2AC0968A361ECFAF,Returning cached instance of singleton bean 'xml_path'
05-23-2017 06:46:38.726,DEBUG,DC0049385B4DC8ED2AC0968A361ECFAF,Read [class vn.bananavietnam.ict.banana.component.Bnn0089SearchTaskConditions] as "application/json" with [org.springframework.http.converter.json.MappingJackson2HttpMessageConverter@156f2cc]
05-23-2017 06:46:38.726,INFO ,DC0049385B4DC8ED2AC0968A361ECFAF,U0000000001,vn.bananavietnam.ict.banana.service.Bnn0089SearchTaskService,searchData,[vn.bananavietnam.ict.banana.component.Bnn0089SearchTaskConditions@bdde99] METHOD START
05-23-2017 06:46:38.726,DEBUG,DC0049385B4DC8ED2AC0968A361ECFAF,Returning cached instance of singleton bean 'transactionManager'
05-23-2017 06:46:38.726,INFO ,DC0049385B4DC8ED2AC0968A361ECFAF,U0000000001,Task searching started
05-23-2017 06:46:38.726,DEBUG,DC0049385B4DC8ED2AC0968A361ECFAF,Creating a new SqlSession
05-23-2017 06:46:38.727,DEBUG,DC0049385B4DC8ED2AC0968A361ECFAF,Registering transaction synchronization for SqlSession [org.apache.ibatis.session.defaults.DefaultSqlSession@196f171]
05-23-2017 06:46:38.727,DEBUG,DC0049385B4DC8ED2AC0968A361ECFAF,Fetching JDBC Connection from DataSource
05-23-2017 06:46:38.727,DEBUG,DC0049385B4DC8ED2AC0968A361ECFAF,Creating new JDBC DriverManager Connection to [jdbc:mysql://172.16.0.175:3306/BANANA_DB_HUNG_SELENIUM?useUnicode=yes&characterEncoding=UTF-8&autoReconnect=true]
05-23-2017 06:46:42.753,DEBUG,DC0049385B4DC8ED2AC0968A361ECFAF,Releasing transactional SqlSession [org.apache.ibatis.session.defaults.DefaultSqlSession@196f171]
05-23-2017 06:46:42.762,ERROR,DC0049385B4DC8ED2AC0968A361ECFAF,U0000000001,java.lang.Exception: nested exception is org.apache.ibatis.exceptions.PersistenceException: 
05-23-2017 06:46:42.762,DEBUG,DC0049385B4DC8ED2AC0968A361ECFAF,Transaction synchronization deregistering SqlSession [org.apache.ibatis.session.defaults.DefaultSqlSession@196f171]
05-23-2017 06:46:42.762,DEBUG,DC0049385B4DC8ED2AC0968A361ECFAF,Transaction synchronization closing SqlSession [org.apache.ibatis.session.defaults.DefaultSqlSession@196f171]
05-23-2017 06:46:42.762,DEBUG,DC0049385B4DC8ED2AC0968A361ECFAF,Should roll back transaction but cannot - no transaction available
05-23-2017 06:46:42.762,INFO ,DC0049385B4DC8ED2AC0968A361ECFAF,U0000000001,vn.bananavietnam.ict.banana.service.Bnn0089SearchTaskService,searchData,[vn.bananavietnam.ict.banana.component.Bnn0089SearchTaskConditions@bdde99] METHOD END
05-23-2017 06:46:42.763,DEBUG,DC0049385B4DC8ED2AC0968A361ECFAF,Null ModelAndView returned to DispatcherServlet with name 'appServlet': assuming HandlerAdapter completed request handling
05-23-2017 06:46:42.764,DEBUG,DC0049385B4DC8ED2AC0968A361ECFAF,Successfully completed request
05-23-2017 06:46:42.764,DEBUG,DC0049385B4DC8ED2AC0968A361ECFAF,Chain processed normally
05-23-2017 06:46:42.764,DEBUG,DC0049385B4DC8ED2AC0968A361ECFAF,SecurityContextHolder now cleared, as request processing completed
05-23-2017 06:47:00.281,DEBUG,9BA3A2753A6E4687424F9F043711DFB9,/0089/searchData at position 1 of 11 in additional filter chain; firing Filter: 'SecurityContextPersistenceFilter'
05-23-2017 06:47:00.281,DEBUG,9BA3A2753A6E4687424F9F043711DFB9,Obtained a valid SecurityContext from SPRING_SECURITY_CONTEXT: 'org.springframework.security.core.context.SecurityContextImpl@3b6d4a73: Authentication: org.springframework.security.authentication.UsernamePasswordAuthenticationToken@3b6d4a73: Principal: vn.bananavietnam.ict.common.auth.MyUser@c4907816: Username: U0000000001; Password: [PROTECTED]; Enabled: true; AccountNonExpired: true; credentialsNonExpired: true; AccountNonLocked: true; Granted Authorities: 1; Credentials: [PROTECTED]; Authenticated: true; Details: org.springframework.security.web.authentication.WebAuthenticationDetails@2cd90: RemoteIpAddress: 0:0:0:0:0:0:0:1; SessionId: 9BA3A2753A6E4687424F9F043711DFB9; Granted Authorities: 1'
05-23-2017 06:47:00.281,DEBUG,9BA3A2753A6E4687424F9F043711DFB9,/0089/searchData at position 2 of 11 in additional filter chain; firing Filter: 'WebAsyncManagerIntegrationFilter'
05-23-2017 06:47:00.281,DEBUG,9BA3A2753A6E4687424F9F043711DFB9,/0089/searchData at position 3 of 11 in additional filter chain; firing Filter: 'LogoutFilter'
05-23-2017 06:47:00.281,DEBUG,9BA3A2753A6E4687424F9F043711DFB9,/0089/searchData at position 4 of 11 in additional filter chain; firing Filter: 'UsernamePasswordAuthenticationFilter'
05-23-2017 06:47:00.281,DEBUG,9BA3A2753A6E4687424F9F043711DFB9,/0089/searchData at position 5 of 11 in additional filter chain; firing Filter: 'BasicAuthenticationFilter'
05-23-2017 06:47:00.281,DEBUG,9BA3A2753A6E4687424F9F043711DFB9,/0089/searchData at position 6 of 11 in additional filter chain; firing Filter: 'RequestCacheAwareFilter'
05-23-2017 06:47:00.281,DEBUG,9BA3A2753A6E4687424F9F043711DFB9,/0089/searchData at position 7 of 11 in additional filter chain; firing Filter: 'SecurityContextHolderAwareRequestFilter'
05-23-2017 06:47:00.281,DEBUG,9BA3A2753A6E4687424F9F043711DFB9,/0089/searchData at position 8 of 11 in additional filter chain; firing Filter: 'AnonymousAuthenticationFilter'
05-23-2017 06:47:00.281,DEBUG,9BA3A2753A6E4687424F9F043711DFB9,SecurityContextHolder not populated with anonymous token, as it already contained: 'org.springframework.security.authentication.UsernamePasswordAuthenticationToken@3b6d4a73: Principal: vn.bananavietnam.ict.common.auth.MyUser@c4907816: Username: U0000000001; Password: [PROTECTED]; Enabled: true; AccountNonExpired: true; credentialsNonExpired: true; AccountNonLocked: true; Granted Authorities: 1; Credentials: [PROTECTED]; Authenticated: true; Details: org.springframework.security.web.authentication.WebAuthenticationDetails@2cd90: RemoteIpAddress: 0:0:0:0:0:0:0:1; SessionId: 9BA3A2753A6E4687424F9F043711DFB9; Granted Authorities: 1'
05-23-2017 06:47:00.281,DEBUG,9BA3A2753A6E4687424F9F043711DFB9,/0089/searchData at position 9 of 11 in additional filter chain; firing Filter: 'SessionManagementFilter'
05-23-2017 06:47:00.281,DEBUG,9BA3A2753A6E4687424F9F043711DFB9,/0089/searchData at position 10 of 11 in additional filter chain; firing Filter: 'ExceptionTranslationFilter'
05-23-2017 06:47:00.281,DEBUG,9BA3A2753A6E4687424F9F043711DFB9,/0089/searchData at position 11 of 11 in additional filter chain; firing Filter: 'FilterSecurityInterceptor'
05-23-2017 06:47:00.281,DEBUG,9BA3A2753A6E4687424F9F043711DFB9,Checking match of request : '/0089/searchdata'; against '/autherror*'
05-23-2017 06:47:00.281,DEBUG,9BA3A2753A6E4687424F9F043711DFB9,Checking match of request : '/0089/searchdata'; against '/login/**'
05-23-2017 06:47:00.281,DEBUG,9BA3A2753A6E4687424F9F043711DFB9,Checking match of request : '/0089/searchdata'; against '/error/**'
05-23-2017 06:47:00.281,DEBUG,9BA3A2753A6E4687424F9F043711DFB9,Checking match of request : '/0089/searchdata'; against '/0001/**'
05-23-2017 06:47:00.281,DEBUG,9BA3A2753A6E4687424F9F043711DFB9,Checking match of request : '/0089/searchdata'; against '/0002/**'
05-23-2017 06:47:00.281,DEBUG,9BA3A2753A6E4687424F9F043711DFB9,Checking match of request : '/0089/searchdata'; against '/0003/**'
05-23-2017 06:47:00.281,DEBUG,9BA3A2753A6E4687424F9F043711DFB9,Checking match of request : '/0089/searchdata'; against '/0005/**'
05-23-2017 06:47:00.281,DEBUG,9BA3A2753A6E4687424F9F043711DFB9,Checking match of request : '/0089/searchdata'; against '/0007/**'
05-23-2017 06:47:00.281,DEBUG,9BA3A2753A6E4687424F9F043711DFB9,Checking match of request : '/0089/searchdata'; against '/0009/**'
05-23-2017 06:47:00.281,DEBUG,9BA3A2753A6E4687424F9F043711DFB9,Checking match of request : '/0089/searchdata'; against '/0013/**'
05-23-2017 06:47:00.281,DEBUG,9BA3A2753A6E4687424F9F043711DFB9,Checking match of request : '/0089/searchdata'; against '/0023/**'
05-23-2017 06:47:00.281,DEBUG,9BA3A2753A6E4687424F9F043711DFB9,Checking match of request : '/0089/searchdata'; against '/0017/**'
05-23-2017 06:47:00.281,DEBUG,9BA3A2753A6E4687424F9F043711DFB9,Checking match of request : '/0089/searchdata'; against '/0031/**'
05-23-2017 06:47:00.281,DEBUG,9BA3A2753A6E4687424F9F043711DFB9,Checking match of request : '/0089/searchdata'; against '/0035/**'
05-23-2017 06:47:00.281,DEBUG,9BA3A2753A6E4687424F9F043711DFB9,Checking match of request : '/0089/searchdata'; against '/0037/**'
05-23-2017 06:47:00.281,DEBUG,9BA3A2753A6E4687424F9F043711DFB9,Checking match of request : '/0089/searchdata'; against '/0045/**'
05-23-2017 06:47:00.281,DEBUG,9BA3A2753A6E4687424F9F043711DFB9,Checking match of request : '/0089/searchdata'; against '/0047/**'
05-23-2017 06:47:00.281,DEBUG,9BA3A2753A6E4687424F9F043711DFB9,Checking match of request : '/0089/searchdata'; against '/0049/**'
05-23-2017 06:47:00.281,DEBUG,9BA3A2753A6E4687424F9F043711DFB9,Checking match of request : '/0089/searchdata'; against '/0061/**'
05-23-2017 06:47:00.281,DEBUG,9BA3A2753A6E4687424F9F043711DFB9,Checking match of request : '/0089/searchdata'; against '/0087/**'
05-23-2017 06:47:00.281,DEBUG,9BA3A2753A6E4687424F9F043711DFB9,Checking match of request : '/0089/searchdata'; against '/0075/**'
05-23-2017 06:47:00.281,DEBUG,9BA3A2753A6E4687424F9F043711DFB9,Checking match of request : '/0089/searchdata'; against '/0089/**'
05-23-2017 06:47:00.281,DEBUG,9BA3A2753A6E4687424F9F043711DFB9,Secure object: FilterInvocation: URL: /0089/searchData; Attributes: [ROLE_ADMIN, ROLE_USER, IS_AUTHENTICATED_FULLY]
05-23-2017 06:47:00.281,DEBUG,9BA3A2753A6E4687424F9F043711DFB9,Previously Authenticated: org.springframework.security.authentication.UsernamePasswordAuthenticationToken@3b6d4a73: Principal: vn.bananavietnam.ict.common.auth.MyUser@c4907816: Username: U0000000001; Password: [PROTECTED]; Enabled: true; AccountNonExpired: true; credentialsNonExpired: true; AccountNonLocked: true; Granted Authorities: 1; Credentials: [PROTECTED]; Authenticated: true; Details: org.springframework.security.web.authentication.WebAuthenticationDetails@2cd90: RemoteIpAddress: 0:0:0:0:0:0:0:1; SessionId: 9BA3A2753A6E4687424F9F043711DFB9; Granted Authorities: 1
05-23-2017 06:47:00.281,DEBUG,9BA3A2753A6E4687424F9F043711DFB9,Voter: org.springframework.security.access.vote.RoleVoter@1ac872d, returned: -1
05-23-2017 06:47:00.281,DEBUG,9BA3A2753A6E4687424F9F043711DFB9,Voter: org.springframework.security.access.vote.AuthenticatedVoter@b1927d, returned: 1
05-23-2017 06:47:00.281,DEBUG,9BA3A2753A6E4687424F9F043711DFB9,Authorization successful
05-23-2017 06:47:00.281,DEBUG,9BA3A2753A6E4687424F9F043711DFB9,RunAsManager did not change Authentication object
05-23-2017 06:47:00.281,DEBUG,9BA3A2753A6E4687424F9F043711DFB9,/0089/searchData reached end of additional filter chain; proceeding with original chain
05-23-2017 06:47:00.282,DEBUG,9BA3A2753A6E4687424F9F043711DFB9,Request [/ict/0089/searchData] is not a multipart request
05-23-2017 06:47:00.282,DEBUG,DC0049385B4DC8ED2AC0968A361ECFAF,DispatcherServlet with name 'appServlet' processing POST request for [/ict/0089/searchData]
05-23-2017 06:47:00.282,DEBUG,DC0049385B4DC8ED2AC0968A361ECFAF,Looking up handler method for path /0089/searchData
05-23-2017 06:47:00.282,DEBUG,DC0049385B4DC8ED2AC0968A361ECFAF,Returning handler method [public java.util.List<vn.bananavietnam.ict.banana.component.Bnn0089SearchTaskResult> vn.bananavietnam.ict.banana.controller.Bnn0089SearchTaskController.searchData(vn.bananavietnam.ict.banana.component.Bnn0089SearchTaskConditions)]
05-23-2017 06:47:00.282,DEBUG,DC0049385B4DC8ED2AC0968A361ECFAF,Returning cached instance of singleton bean 'bnn0089SearchTaskController'
05-23-2017 06:47:00.282,DEBUG,DC0049385B4DC8ED2AC0968A361ECFAF,Returning cached instance of singleton bean 'xml_path'
05-23-2017 06:47:00.282,DEBUG,DC0049385B4DC8ED2AC0968A361ECFAF,Read [class vn.bananavietnam.ict.banana.component.Bnn0089SearchTaskConditions] as "application/json" with [org.springframework.http.converter.json.MappingJackson2HttpMessageConverter@156f2cc]
05-23-2017 06:47:00.282,INFO ,DC0049385B4DC8ED2AC0968A361ECFAF,U0000000001,vn.bananavietnam.ict.banana.service.Bnn0089SearchTaskService,searchData,[vn.bananavietnam.ict.banana.component.Bnn0089SearchTaskConditions@196fbda] METHOD START
05-23-2017 06:47:00.283,DEBUG,DC0049385B4DC8ED2AC0968A361ECFAF,Returning cached instance of singleton bean 'transactionManager'
05-23-2017 06:47:00.283,INFO ,DC0049385B4DC8ED2AC0968A361ECFAF,U0000000001,Task searching started
05-23-2017 06:47:00.283,DEBUG,DC0049385B4DC8ED2AC0968A361ECFAF,Creating a new SqlSession
05-23-2017 06:47:00.283,DEBUG,DC0049385B4DC8ED2AC0968A361ECFAF,Registering transaction synchronization for SqlSession [org.apache.ibatis.session.defaults.DefaultSqlSession@464f63]
05-23-2017 06:47:00.283,DEBUG,DC0049385B4DC8ED2AC0968A361ECFAF,Fetching JDBC Connection from DataSource
05-23-2017 06:47:00.283,DEBUG,DC0049385B4DC8ED2AC0968A361ECFAF,Creating new JDBC DriverManager Connection to [jdbc:mysql://172.16.0.175:3306/BANANA_DB_HUNG_SELENIUM?useUnicode=yes&characterEncoding=UTF-8&autoReconnect=true]
05-23-2017 06:47:00.297,DEBUG,DC0049385B4DC8ED2AC0968A361ECFAF,Registering transaction synchronization for JDBC Connection
05-23-2017 06:47:00.297,DEBUG,DC0049385B4DC8ED2AC0968A361ECFAF,JDBC Connection [com.mysql.jdbc.JDBC4Connection@17e1a63] will be managed by Spring
05-23-2017 06:47:00.297,DEBUG,DC0049385B4DC8ED2AC0968A361ECFAF,==>  Preparing: SELECT T.TASK_ID taskId, T.TASK_NAME taskName, T.WORKING_DETAILS workingDetails, T.NOTE note, T.QUARANTINE_HANDLING_FLAG quarantineHandlingFlag, T.DELETE_FLAG deleteFlag, T.CHANGE_POINT_CODE changePointCode, T.LAST_UPDATE_DATE lastUpdateDate FROM IVB_M_TASK T WHERE 1 = 1 AND T.DELETE_FLAG = '0' ORDER BY T.TASK_NAME LIMIT ?,? 
05-23-2017 06:47:00.297,DEBUG,DC0049385B4DC8ED2AC0968A361ECFAF,==> Parameters: 0(Integer), 20(Integer)
05-23-2017 06:47:00.301,DEBUG,DC0049385B4DC8ED2AC0968A361ECFAF,<==      Total: 20
05-23-2017 06:47:00.301,DEBUG,DC0049385B4DC8ED2AC0968A361ECFAF,Releasing transactional SqlSession [org.apache.ibatis.session.defaults.DefaultSqlSession@464f63]
05-23-2017 06:47:00.301,INFO ,DC0049385B4DC8ED2AC0968A361ECFAF,U0000000001,SQL execution finished
05-23-2017 06:47:00.301,DEBUG,DC0049385B4DC8ED2AC0968A361ECFAF,Fetched SqlSession [org.apache.ibatis.session.defaults.DefaultSqlSession@464f63] from current transaction
05-23-2017 06:47:00.301,DEBUG,DC0049385B4DC8ED2AC0968A361ECFAF,==>  Preparing: SELECT COUNT(*) FROM IVB_M_TASK T WHERE 1 = 1 AND T.DELETE_FLAG = '0' ORDER BY T.TASK_ID 
05-23-2017 06:47:00.301,DEBUG,DC0049385B4DC8ED2AC0968A361ECFAF,==> Parameters: 
05-23-2017 06:47:00.302,DEBUG,DC0049385B4DC8ED2AC0968A361ECFAF,<==      Total: 1
05-23-2017 06:47:00.302,DEBUG,DC0049385B4DC8ED2AC0968A361ECFAF,Releasing transactional SqlSession [org.apache.ibatis.session.defaults.DefaultSqlSession@464f63]
05-23-2017 06:47:00.302,INFO ,DC0049385B4DC8ED2AC0968A361ECFAF,U0000000001,Task searching finished ==> 43 item(s)
05-23-2017 06:47:00.302,DEBUG,DC0049385B4DC8ED2AC0968A361ECFAF,Transaction synchronization deregistering SqlSession [org.apache.ibatis.session.defaults.DefaultSqlSession@464f63]
05-23-2017 06:47:00.302,DEBUG,DC0049385B4DC8ED2AC0968A361ECFAF,Transaction synchronization closing SqlSession [org.apache.ibatis.session.defaults.DefaultSqlSession@464f63]
05-23-2017 06:47:00.302,DEBUG,DC0049385B4DC8ED2AC0968A361ECFAF,Returning JDBC Connection to DataSource
05-23-2017 06:47:00.302,INFO ,DC0049385B4DC8ED2AC0968A361ECFAF,U0000000001,vn.bananavietnam.ict.banana.service.Bnn0089SearchTaskService,searchData,[vn.bananavietnam.ict.banana.component.Bnn0089SearchTaskConditions@196fbda] METHOD END
05-23-2017 06:47:00.304,DEBUG,DC0049385B4DC8ED2AC0968A361ECFAF,Written [[vn.bananavietnam.ict.banana.component.Bnn0089SearchTaskResult@13f4b21, vn.bananavietnam.ict.banana.component.Bnn0089SearchTaskResult@22af7f, vn.bananavietnam.ict.banana.component.Bnn0089SearchTaskResult@385776, vn.bananavietnam.ict.banana.component.Bnn0089SearchTaskResult@549ea2, vn.bananavietnam.ict.banana.component.Bnn0089SearchTaskResult@127ae0a, vn.bananavietnam.ict.banana.component.Bnn0089SearchTaskResult@5b746, vn.bananavietnam.ict.banana.component.Bnn0089SearchTaskResult@cecbd7, vn.bananavietnam.ict.banana.component.Bnn0089SearchTaskResult@65f5e2, vn.bananavietnam.ict.banana.component.Bnn0089SearchTaskResult@b44c5a, vn.bananavietnam.ict.banana.component.Bnn0089SearchTaskResult@1e6740d, vn.bananavietnam.ict.banana.component.Bnn0089SearchTaskResult@1888a95, vn.bananavietnam.ict.banana.component.Bnn0089SearchTaskResult@efa763, vn.bananavietnam.ict.banana.component.Bnn0089SearchTaskResult@9ffaf8, vn.bananavietnam.ict.banana.component.Bnn0089SearchTaskResult@3a37a, vn.bananavietnam.ict.banana.component.Bnn0089SearchTaskResult@18c450d, vn.bananavietnam.ict.banana.component.Bnn0089SearchTaskResult@9f3c60, vn.bananavietnam.ict.banana.component.Bnn0089SearchTaskResult@13444f1, vn.bananavietnam.ict.banana.component.Bnn0089SearchTaskResult@f739de, vn.bananavietnam.ict.banana.component.Bnn0089SearchTaskResult@1a4bda0, vn.bananavietnam.ict.banana.component.Bnn0089SearchTaskResult@73ee48]] as "application/json;charset=UTF-8" using [org.springframework.http.converter.json.MappingJackson2HttpMessageConverter@156f2cc]
05-23-2017 06:47:00.305,DEBUG,DC0049385B4DC8ED2AC0968A361ECFAF,Null ModelAndView returned to DispatcherServlet with name 'appServlet': assuming HandlerAdapter completed request handling
05-23-2017 06:47:00.305,DEBUG,DC0049385B4DC8ED2AC0968A361ECFAF,Successfully completed request
05-23-2017 06:47:00.305,DEBUG,DC0049385B4DC8ED2AC0968A361ECFAF,Chain processed normally
05-23-2017 06:47:00.305,DEBUG,DC0049385B4DC8ED2AC0968A361ECFAF,SecurityContextHolder now cleared, as request processing completed
