06-01-2017 15:39:36.139,INFO ,64E922E36C1018221A9DC64D16EC71D1,U0000000001,vn.bananavietnam.ict.banana.service.Bnn0087SearchAffiliationService,searchData,[vn.bananavietnam.ict.banana.component.Bnn0087SearchAffiliationConditions@4302ea] METHOD START
06-01-2017 15:39:36.139,INFO ,64E922E36C1018221A9DC64D16EC71D1,U0000000001,Affiliation searching started
06-01-2017 15:39:40.173,ERROR,64E922E36C1018221A9DC64D16EC71D1,U0000000001,java.lang.Exception: nested exception is org.apache.ibatis.exceptions.PersistenceException: 
06-01-2017 15:39:40.173,INFO ,64E922E36C1018221A9DC64D16EC71D1,U0000000001,vn.bananavietnam.ict.banana.service.Bnn0087SearchAffiliationService,searchData,[vn.bananavietnam.ict.banana.component.Bnn0087SearchAffiliationConditions@4302ea] METHOD END
06-01-2017 15:39:40.540,INFO ,64E922E36C1018221A9DC64D16EC71D1,U0000000001,vn.bananavietnam.ict.banana.service.Bnn0087SearchAffiliationService,searchData,[vn.bananavietnam.ict.banana.component.Bnn0087SearchAffiliationConditions@e94d65] METHOD START
06-01-2017 15:39:40.540,INFO ,64E922E36C1018221A9DC64D16EC71D1,U0000000001,Affiliation searching started
06-01-2017 15:39:40.558,DEBUG,64E922E36C1018221A9DC64D16EC71D1,==>  Preparing: SELECT usr.userName userName, usr.userId userId , authorization.AUTHORIZATION_TYPE_NAME typeName, authorization.AUTHORIZATION_TYPE_ID typeId, mgr.farmIdList farmIdList, mgr.areaIdList areaIdList, mgr.lastUpdateDate lastUpdateDate FROM (SELECT users.USERS_NAME userName, users.USERS_ID userId FROM IVB_M_USERS users WHERE 1 = 1 AND users.DELETE_FLAG = '0') usr LEFT JOIN (SELECT manager.USERS_ID userId, manager.AUTHORIZATION_TYPE_ID typeId, (SELECT LAST_UPDATE_DATE FROM IVB_M_MANAGER ORDER BY LAST_UPDATE_DATE DESC LIMIT 1) lastUpdateDate, GROUP_CONCAT(manager.FARM_ID SEPARATOR ',') as farmIdList, GROUP_CONCAT(manager.AREA_ID SEPARATOR ',') as areaIdList FROM IVB_M_MANAGER manager WHERE 1 = 1 AND manager.DELETE_FLAG = '0' GROUP BY manager.USERS_ID, manager.AUTHORIZATION_TYPE_ID) mgr ON usr.userId = mgr.userId LEFT JOIN IVB_M_AUTHORIZATION authorization ON authorization.AUTHORIZATION_TYPE_ID = mgr.typeId ORDER BY usr.userName, authorization.AUTHORIZATION_TYPE_ID LIMIT ?,? 
06-01-2017 15:39:40.559,DEBUG,64E922E36C1018221A9DC64D16EC71D1,==> Parameters: 0(Integer), 20(Integer)
06-01-2017 15:39:40.563,DEBUG,64E922E36C1018221A9DC64D16EC71D1,<==      Total: 20
06-01-2017 15:39:40.564,INFO ,64E922E36C1018221A9DC64D16EC71D1,U0000000001,SQL execution finished
06-01-2017 15:39:40.564,DEBUG,64E922E36C1018221A9DC64D16EC71D1,==>  Preparing: SELECT COUNT(*) FROM (SELECT users.USERS_NAME userName, users.USERS_ID userId FROM IVB_M_USERS users WHERE 1 = 1 AND users.DELETE_FLAG = '0') usr LEFT JOIN (SELECT manager.USERS_ID userId, manager.AUTHORIZATION_TYPE_ID typeId FROM IVB_M_MANAGER manager WHERE 1 = 1 AND manager.DELETE_FLAG = '0' GROUP BY manager.USERS_ID, manager.AUTHORIZATION_TYPE_ID) mgr ON usr.userId = mgr.userId LEFT JOIN IVB_M_AUTHORIZATION authorization ON authorization.AUTHORIZATION_TYPE_ID = mgr.typeId ORDER BY usr.userId 
06-01-2017 15:39:40.564,DEBUG,64E922E36C1018221A9DC64D16EC71D1,==> Parameters: 
06-01-2017 15:39:40.566,DEBUG,64E922E36C1018221A9DC64D16EC71D1,<==      Total: 1
06-01-2017 15:39:40.566,INFO ,64E922E36C1018221A9DC64D16EC71D1,U0000000001,Affiliation searching finished ==> 60 item(s)
06-01-2017 15:39:40.566,INFO ,64E922E36C1018221A9DC64D16EC71D1,U0000000001,vn.bananavietnam.ict.banana.service.Bnn0087SearchAffiliationService,searchData,[vn.bananavietnam.ict.banana.component.Bnn0087SearchAffiliationConditions@e94d65] METHOD END
06-01-2017 15:39:41.198,INFO ,AFC096A427A1DC2405FB27A48B8E195A,U0000000001,vn.bananavietnam.ict.banana.service.Bnn0087SearchAffiliationService,initData,[{}] METHOD START
06-01-2017 15:39:41.217,DEBUG,AFC096A427A1DC2405FB27A48B8E195A,==>  Preparing: select AUTHORIZATION_TYPE_ID, AUTHORIZATION_TYPE_NAME, ACCESS_AUTHORITY_ID, CREATE_USER_ID, CREATE_DATE, UPDATE_USER_ID, LAST_UPDATE_DATE, DELETE_FLAG from IVB_M_AUTHORIZATION 
06-01-2017 15:39:41.217,DEBUG,AFC096A427A1DC2405FB27A48B8E195A,==> Parameters: 
06-01-2017 15:39:41.219,DEBUG,AFC096A427A1DC2405FB27A48B8E195A,<==      Total: 4
06-01-2017 15:39:41.219,INFO ,AFC096A427A1DC2405FB27A48B8E195A,U0000000001,vn.bananavietnam.ict.banana.service.Bnn0087SearchAffiliationService,initData,[{affiliationData=[{"authorizationTypeId":"1","authorizationTypeName":"Quản lý hệ thống","accessAuthorityId":"1","createUserId":"U0000000001","createDate":1489363200000,"updateUserId":"U0000000001","lastUpdateDate":1490054400000,"deleteFlag":false},{"authorizationTypeId":"2","authorizationTypeName":"Giám đốc kinh doanh","accessAuthorityId":"2","createUserId":"U0000000001","createDate":1489363200000,"updateUserId":"U0000000001","lastUpdateDate":1490054400000,"deleteFlag":false},{"authorizationTypeId":"3","authorizationTypeName":"Quản lý nông trại","accessAuthorityId":"3","createUserId":"U0000000001","createDate":1489363200000,"updateUserId":"U0000000001","lastUpdateDate":1490054400000,"deleteFlag":false},{"authorizationTypeId":"4","authorizationTypeName":"Quản lý lô","accessAuthorityId":"4","createUserId":"U0000000001","createDate":1489363200000,"updateUserId":"U0000000001","lastUpdateDate":1490054400000,"deleteFlag":false}]}] METHOD END
06-01-2017 15:39:41.337,INFO ,AFC096A427A1DC2405FB27A48B8E195A,U0000000001,vn.bananavietnam.ict.banana.service.Bnn0087SearchAffiliationService,searchData,[vn.bananavietnam.ict.banana.component.Bnn0087SearchAffiliationConditions@15246a2] METHOD START
06-01-2017 15:39:41.337,INFO ,AFC096A427A1DC2405FB27A48B8E195A,U0000000001,Affiliation searching started
06-01-2017 15:39:41.353,DEBUG,AFC096A427A1DC2405FB27A48B8E195A,==>  Preparing: SELECT usr.userName userName, usr.userId userId , authorization.AUTHORIZATION_TYPE_NAME typeName, authorization.AUTHORIZATION_TYPE_ID typeId, mgr.farmIdList farmIdList, mgr.areaIdList areaIdList, mgr.lastUpdateDate lastUpdateDate FROM (SELECT users.USERS_NAME userName, users.USERS_ID userId FROM IVB_M_USERS users WHERE 1 = 1 AND users.DELETE_FLAG = '0') usr LEFT JOIN (SELECT manager.USERS_ID userId, manager.AUTHORIZATION_TYPE_ID typeId, (SELECT LAST_UPDATE_DATE FROM IVB_M_MANAGER ORDER BY LAST_UPDATE_DATE DESC LIMIT 1) lastUpdateDate, GROUP_CONCAT(manager.FARM_ID SEPARATOR ',') as farmIdList, GROUP_CONCAT(manager.AREA_ID SEPARATOR ',') as areaIdList FROM IVB_M_MANAGER manager WHERE 1 = 1 AND manager.DELETE_FLAG = '0' GROUP BY manager.USERS_ID, manager.AUTHORIZATION_TYPE_ID) mgr ON usr.userId = mgr.userId LEFT JOIN IVB_M_AUTHORIZATION authorization ON authorization.AUTHORIZATION_TYPE_ID = mgr.typeId ORDER BY usr.userName, authorization.AUTHORIZATION_TYPE_ID LIMIT ?,? 
06-01-2017 15:39:41.353,DEBUG,AFC096A427A1DC2405FB27A48B8E195A,==> Parameters: 0(Integer), 20(Integer)
06-01-2017 15:39:41.357,DEBUG,AFC096A427A1DC2405FB27A48B8E195A,<==      Total: 20
06-01-2017 15:39:41.357,INFO ,AFC096A427A1DC2405FB27A48B8E195A,U0000000001,SQL execution finished
06-01-2017 15:39:41.358,DEBUG,AFC096A427A1DC2405FB27A48B8E195A,==>  Preparing: SELECT COUNT(*) FROM (SELECT users.USERS_NAME userName, users.USERS_ID userId FROM IVB_M_USERS users WHERE 1 = 1 AND users.DELETE_FLAG = '0') usr LEFT JOIN (SELECT manager.USERS_ID userId, manager.AUTHORIZATION_TYPE_ID typeId FROM IVB_M_MANAGER manager WHERE 1 = 1 AND manager.DELETE_FLAG = '0' GROUP BY manager.USERS_ID, manager.AUTHORIZATION_TYPE_ID) mgr ON usr.userId = mgr.userId LEFT JOIN IVB_M_AUTHORIZATION authorization ON authorization.AUTHORIZATION_TYPE_ID = mgr.typeId ORDER BY usr.userId 
06-01-2017 15:39:41.358,DEBUG,AFC096A427A1DC2405FB27A48B8E195A,==> Parameters: 
06-01-2017 15:39:41.359,DEBUG,AFC096A427A1DC2405FB27A48B8E195A,<==      Total: 1
06-01-2017 15:39:41.359,INFO ,AFC096A427A1DC2405FB27A48B8E195A,U0000000001,Affiliation searching finished ==> 60 item(s)
06-01-2017 15:39:41.360,INFO ,AFC096A427A1DC2405FB27A48B8E195A,U0000000001,vn.bananavietnam.ict.banana.service.Bnn0087SearchAffiliationService,searchData,[vn.bananavietnam.ict.banana.component.Bnn0087SearchAffiliationConditions@15246a2] METHOD END
06-01-2017 15:39:41.476,INFO ,AFC096A427A1DC2405FB27A48B8E195A,U0000000001,vn.bananavietnam.ict.banana.service.Bnn0087SearchAffiliationService,searchData,[vn.bananavietnam.ict.banana.component.Bnn0087SearchAffiliationConditions@fa7bcf] METHOD START
06-01-2017 15:39:41.476,INFO ,AFC096A427A1DC2405FB27A48B8E195A,U0000000001,Affiliation searching started
06-01-2017 15:39:41.493,DEBUG,AFC096A427A1DC2405FB27A48B8E195A,==>  Preparing: SELECT usr.userName userName, usr.userId userId , authorization.AUTHORIZATION_TYPE_NAME typeName, authorization.AUTHORIZATION_TYPE_ID typeId, mgr.farmIdList farmIdList, mgr.areaIdList areaIdList, mgr.lastUpdateDate lastUpdateDate FROM (SELECT users.USERS_NAME userName, users.USERS_ID userId FROM IVB_M_USERS users WHERE 1 = 1 AND users.DELETE_FLAG = '0') usr LEFT JOIN (SELECT manager.USERS_ID userId, manager.AUTHORIZATION_TYPE_ID typeId, (SELECT LAST_UPDATE_DATE FROM IVB_M_MANAGER ORDER BY LAST_UPDATE_DATE DESC LIMIT 1) lastUpdateDate, GROUP_CONCAT(manager.FARM_ID SEPARATOR ',') as farmIdList, GROUP_CONCAT(manager.AREA_ID SEPARATOR ',') as areaIdList FROM IVB_M_MANAGER manager WHERE 1 = 1 AND manager.DELETE_FLAG = '0' GROUP BY manager.USERS_ID, manager.AUTHORIZATION_TYPE_ID) mgr ON usr.userId = mgr.userId LEFT JOIN IVB_M_AUTHORIZATION authorization ON authorization.AUTHORIZATION_TYPE_ID = mgr.typeId ORDER BY usr.userName, authorization.AUTHORIZATION_TYPE_ID LIMIT ?,? 
06-01-2017 15:39:41.493,DEBUG,AFC096A427A1DC2405FB27A48B8E195A,==> Parameters: 40(Integer), 20(Integer)
06-01-2017 15:39:41.497,DEBUG,AFC096A427A1DC2405FB27A48B8E195A,<==      Total: 20
06-01-2017 15:39:41.497,INFO ,AFC096A427A1DC2405FB27A48B8E195A,U0000000001,SQL execution finished
06-01-2017 15:39:41.498,DEBUG,AFC096A427A1DC2405FB27A48B8E195A,==>  Preparing: SELECT COUNT(*) FROM (SELECT users.USERS_NAME userName, users.USERS_ID userId FROM IVB_M_USERS users WHERE 1 = 1 AND users.DELETE_FLAG = '0') usr LEFT JOIN (SELECT manager.USERS_ID userId, manager.AUTHORIZATION_TYPE_ID typeId FROM IVB_M_MANAGER manager WHERE 1 = 1 AND manager.DELETE_FLAG = '0' GROUP BY manager.USERS_ID, manager.AUTHORIZATION_TYPE_ID) mgr ON usr.userId = mgr.userId LEFT JOIN IVB_M_AUTHORIZATION authorization ON authorization.AUTHORIZATION_TYPE_ID = mgr.typeId ORDER BY usr.userId 
06-01-2017 15:39:41.498,DEBUG,AFC096A427A1DC2405FB27A48B8E195A,==> Parameters: 
06-01-2017 15:39:41.499,DEBUG,AFC096A427A1DC2405FB27A48B8E195A,<==      Total: 1
06-01-2017 15:39:41.499,INFO ,AFC096A427A1DC2405FB27A48B8E195A,U0000000001,Affiliation searching finished ==> 60 item(s)
06-01-2017 15:39:41.500,INFO ,AFC096A427A1DC2405FB27A48B8E195A,U0000000001,vn.bananavietnam.ict.banana.service.Bnn0087SearchAffiliationService,searchData,[vn.bananavietnam.ict.banana.component.Bnn0087SearchAffiliationConditions@fa7bcf] METHOD END
