06-01-2017 15:49:50.848,INFO ,1FBC624611FEF34E58C14FC92CDF6CF9,U0000000001,vn.bananavietnam.ict.banana.service.Bnn0087SearchAffiliationService,searchData,[vn.bananavietnam.ict.banana.component.Bnn0087SearchAffiliationConditions@1df2f33] METHOD START
06-01-2017 15:49:50.848,INFO ,1FBC624611FEF34E58C14FC92CDF6CF9,U0000000001,Affiliation searching started
06-01-2017 15:49:54.861,ERROR,1FBC624611FEF34E58C14FC92CDF6CF9,U0000000001,java.lang.Exception: nested exception is org.apache.ibatis.exceptions.PersistenceException: 
06-01-2017 15:49:54.861,INFO ,1FBC624611FEF34E58C14FC92CDF6CF9,U0000000001,vn.bananavietnam.ict.banana.service.Bnn0087SearchAffiliationService,searchData,[vn.bananavietnam.ict.banana.component.Bnn0087SearchAffiliationConditions@1df2f33] METHOD END
06-01-2017 15:49:57.616,INFO ,1FBC624611FEF34E58C14FC92CDF6CF9,U0000000001,vn.bananavietnam.ict.banana.service.Bnn0087SearchAffiliationService,searchData,[vn.bananavietnam.ict.banana.component.Bnn0087SearchAffiliationConditions@10bad8c] METHOD START
06-01-2017 15:49:57.616,INFO ,1FBC624611FEF34E58C14FC92CDF6CF9,U0000000001,Affiliation searching started
06-01-2017 15:49:57.639,DEBUG,1FBC624611FEF34E58C14FC92CDF6CF9,==>  Preparing: SELECT usr.userName userName, usr.userId userId , authorization.AUTHORIZATION_TYPE_NAME typeName, authorization.AUTHORIZATION_TYPE_ID typeId, mgr.farmIdList farmIdList, mgr.areaIdList areaIdList, mgr.lastUpdateDate lastUpdateDate FROM (SELECT users.USERS_NAME userName, users.USERS_ID userId FROM IVB_M_USERS users WHERE 1 = 1 AND users.DELETE_FLAG = '0') usr LEFT JOIN (SELECT manager.USERS_ID userId, manager.AUTHORIZATION_TYPE_ID typeId, (SELECT LAST_UPDATE_DATE FROM IVB_M_MANAGER ORDER BY LAST_UPDATE_DATE DESC LIMIT 1) lastUpdateDate, GROUP_CONCAT(manager.FARM_ID SEPARATOR ',') as farmIdList, GROUP_CONCAT(manager.AREA_ID SEPARATOR ',') as areaIdList FROM IVB_M_MANAGER manager WHERE 1 = 1 AND manager.DELETE_FLAG = '0' GROUP BY manager.USERS_ID, manager.AUTHORIZATION_TYPE_ID) mgr ON usr.userId = mgr.userId LEFT JOIN IVB_M_AUTHORIZATION authorization ON authorization.AUTHORIZATION_TYPE_ID = mgr.typeId ORDER BY usr.userName, authorization.AUTHORIZATION_TYPE_ID LIMIT ?,? 
06-01-2017 15:49:57.639,DEBUG,1FBC624611FEF34E58C14FC92CDF6CF9,==> Parameters: 0(Integer), 20(Integer)
06-01-2017 15:49:57.643,DEBUG,1FBC624611FEF34E58C14FC92CDF6CF9,<==      Total: 20
06-01-2017 15:49:57.643,INFO ,1FBC624611FEF34E58C14FC92CDF6CF9,U0000000001,SQL execution finished
06-01-2017 15:49:57.643,DEBUG,1FBC624611FEF34E58C14FC92CDF6CF9,==>  Preparing: SELECT COUNT(*) FROM (SELECT users.USERS_NAME userName, users.USERS_ID userId FROM IVB_M_USERS users WHERE 1 = 1 AND users.DELETE_FLAG = '0') usr LEFT JOIN (SELECT manager.USERS_ID userId, manager.AUTHORIZATION_TYPE_ID typeId FROM IVB_M_MANAGER manager WHERE 1 = 1 AND manager.DELETE_FLAG = '0' GROUP BY manager.USERS_ID, manager.AUTHORIZATION_TYPE_ID) mgr ON usr.userId = mgr.userId LEFT JOIN IVB_M_AUTHORIZATION authorization ON authorization.AUTHORIZATION_TYPE_ID = mgr.typeId ORDER BY usr.userId 
06-01-2017 15:49:57.644,DEBUG,1FBC624611FEF34E58C14FC92CDF6CF9,==> Parameters: 
06-01-2017 15:49:57.648,DEBUG,1FBC624611FEF34E58C14FC92CDF6CF9,<==      Total: 1
06-01-2017 15:49:57.648,INFO ,1FBC624611FEF34E58C14FC92CDF6CF9,U0000000001,Affiliation searching finished ==> 60 item(s)
06-01-2017 15:49:57.656,INFO ,1FBC624611FEF34E58C14FC92CDF6CF9,U0000000001,vn.bananavietnam.ict.banana.service.Bnn0087SearchAffiliationService,searchData,[vn.bananavietnam.ict.banana.component.Bnn0087SearchAffiliationConditions@10bad8c] METHOD END
06-01-2017 15:49:58.531,INFO ,94E4CA092D78E99EB19DD677DCC34D78,U0000000001,vn.bananavietnam.ict.banana.service.Bnn0087SearchAffiliationService,initData,[{}] METHOD START
06-01-2017 15:49:58.554,DEBUG,94E4CA092D78E99EB19DD677DCC34D78,==>  Preparing: select AUTHORIZATION_TYPE_ID, AUTHORIZATION_TYPE_NAME, ACCESS_AUTHORITY_ID, CREATE_USER_ID, CREATE_DATE, UPDATE_USER_ID, LAST_UPDATE_DATE, DELETE_FLAG from IVB_M_AUTHORIZATION 
06-01-2017 15:49:58.554,DEBUG,94E4CA092D78E99EB19DD677DCC34D78,==> Parameters: 
06-01-2017 15:49:58.556,DEBUG,94E4CA092D78E99EB19DD677DCC34D78,<==      Total: 4
06-01-2017 15:49:58.556,INFO ,94E4CA092D78E99EB19DD677DCC34D78,U0000000001,vn.bananavietnam.ict.banana.service.Bnn0087SearchAffiliationService,initData,[{affiliationData=[{"authorizationTypeId":"1","authorizationTypeName":"Quản lý hệ thống","accessAuthorityId":"1","createUserId":"U0000000001","createDate":1489363200000,"updateUserId":"U0000000001","lastUpdateDate":1490054400000,"deleteFlag":false},{"authorizationTypeId":"2","authorizationTypeName":"Giám đốc kinh doanh","accessAuthorityId":"2","createUserId":"U0000000001","createDate":1489363200000,"updateUserId":"U0000000001","lastUpdateDate":1490054400000,"deleteFlag":false},{"authorizationTypeId":"3","authorizationTypeName":"Quản lý nông trại","accessAuthorityId":"3","createUserId":"U0000000001","createDate":1489363200000,"updateUserId":"U0000000001","lastUpdateDate":1490054400000,"deleteFlag":false},{"authorizationTypeId":"4","authorizationTypeName":"Quản lý lô","accessAuthorityId":"4","createUserId":"U0000000001","createDate":1489363200000,"updateUserId":"U0000000001","lastUpdateDate":1490054400000,"deleteFlag":false}]}] METHOD END
06-01-2017 15:49:58.695,INFO ,94E4CA092D78E99EB19DD677DCC34D78,U0000000001,vn.bananavietnam.ict.banana.service.Bnn0087SearchAffiliationService,searchData,[vn.bananavietnam.ict.banana.component.Bnn0087SearchAffiliationConditions@130bcf4] METHOD START
06-01-2017 15:49:58.695,INFO ,94E4CA092D78E99EB19DD677DCC34D78,U0000000001,Affiliation searching started
06-01-2017 15:49:58.716,DEBUG,94E4CA092D78E99EB19DD677DCC34D78,==>  Preparing: SELECT usr.userName userName, usr.userId userId , authorization.AUTHORIZATION_TYPE_NAME typeName, authorization.AUTHORIZATION_TYPE_ID typeId, mgr.farmIdList farmIdList, mgr.areaIdList areaIdList, mgr.lastUpdateDate lastUpdateDate FROM (SELECT users.USERS_NAME userName, users.USERS_ID userId FROM IVB_M_USERS users WHERE 1 = 1 AND users.DELETE_FLAG = '0') usr LEFT JOIN (SELECT manager.USERS_ID userId, manager.AUTHORIZATION_TYPE_ID typeId, (SELECT LAST_UPDATE_DATE FROM IVB_M_MANAGER ORDER BY LAST_UPDATE_DATE DESC LIMIT 1) lastUpdateDate, GROUP_CONCAT(manager.FARM_ID SEPARATOR ',') as farmIdList, GROUP_CONCAT(manager.AREA_ID SEPARATOR ',') as areaIdList FROM IVB_M_MANAGER manager WHERE 1 = 1 AND manager.DELETE_FLAG = '0' GROUP BY manager.USERS_ID, manager.AUTHORIZATION_TYPE_ID) mgr ON usr.userId = mgr.userId LEFT JOIN IVB_M_AUTHORIZATION authorization ON authorization.AUTHORIZATION_TYPE_ID = mgr.typeId ORDER BY usr.userName, authorization.AUTHORIZATION_TYPE_ID LIMIT ?,? 
06-01-2017 15:49:58.716,DEBUG,94E4CA092D78E99EB19DD677DCC34D78,==> Parameters: 0(Integer), 20(Integer)
06-01-2017 15:49:58.721,DEBUG,94E4CA092D78E99EB19DD677DCC34D78,<==      Total: 20
06-01-2017 15:49:58.721,INFO ,94E4CA092D78E99EB19DD677DCC34D78,U0000000001,SQL execution finished
06-01-2017 15:49:58.721,DEBUG,94E4CA092D78E99EB19DD677DCC34D78,==>  Preparing: SELECT COUNT(*) FROM (SELECT users.USERS_NAME userName, users.USERS_ID userId FROM IVB_M_USERS users WHERE 1 = 1 AND users.DELETE_FLAG = '0') usr LEFT JOIN (SELECT manager.USERS_ID userId, manager.AUTHORIZATION_TYPE_ID typeId FROM IVB_M_MANAGER manager WHERE 1 = 1 AND manager.DELETE_FLAG = '0' GROUP BY manager.USERS_ID, manager.AUTHORIZATION_TYPE_ID) mgr ON usr.userId = mgr.userId LEFT JOIN IVB_M_AUTHORIZATION authorization ON authorization.AUTHORIZATION_TYPE_ID = mgr.typeId ORDER BY usr.userId 
06-01-2017 15:49:58.721,DEBUG,94E4CA092D78E99EB19DD677DCC34D78,==> Parameters: 
06-01-2017 15:49:58.723,DEBUG,94E4CA092D78E99EB19DD677DCC34D78,<==      Total: 1
06-01-2017 15:49:58.723,INFO ,94E4CA092D78E99EB19DD677DCC34D78,U0000000001,Affiliation searching finished ==> 60 item(s)
06-01-2017 15:49:58.723,INFO ,94E4CA092D78E99EB19DD677DCC34D78,U0000000001,vn.bananavietnam.ict.banana.service.Bnn0087SearchAffiliationService,searchData,[vn.bananavietnam.ict.banana.component.Bnn0087SearchAffiliationConditions@130bcf4] METHOD END
06-01-2017 15:49:58.859,INFO ,94E4CA092D78E99EB19DD677DCC34D78,U0000000001,vn.bananavietnam.ict.banana.service.Bnn0087SearchAffiliationService,searchData,[vn.bananavietnam.ict.banana.component.Bnn0087SearchAffiliationConditions@184ccbf] METHOD START
06-01-2017 15:49:58.859,INFO ,94E4CA092D78E99EB19DD677DCC34D78,U0000000001,Affiliation searching started
06-01-2017 15:49:58.881,DEBUG,94E4CA092D78E99EB19DD677DCC34D78,==>  Preparing: SELECT usr.userName userName, usr.userId userId , authorization.AUTHORIZATION_TYPE_NAME typeName, authorization.AUTHORIZATION_TYPE_ID typeId, mgr.farmIdList farmIdList, mgr.areaIdList areaIdList, mgr.lastUpdateDate lastUpdateDate FROM (SELECT users.USERS_NAME userName, users.USERS_ID userId FROM IVB_M_USERS users WHERE 1 = 1 AND users.DELETE_FLAG = '0') usr LEFT JOIN (SELECT manager.USERS_ID userId, manager.AUTHORIZATION_TYPE_ID typeId, (SELECT LAST_UPDATE_DATE FROM IVB_M_MANAGER ORDER BY LAST_UPDATE_DATE DESC LIMIT 1) lastUpdateDate, GROUP_CONCAT(manager.FARM_ID SEPARATOR ',') as farmIdList, GROUP_CONCAT(manager.AREA_ID SEPARATOR ',') as areaIdList FROM IVB_M_MANAGER manager WHERE 1 = 1 AND manager.DELETE_FLAG = '0' GROUP BY manager.USERS_ID, manager.AUTHORIZATION_TYPE_ID) mgr ON usr.userId = mgr.userId LEFT JOIN IVB_M_AUTHORIZATION authorization ON authorization.AUTHORIZATION_TYPE_ID = mgr.typeId ORDER BY usr.userName, authorization.AUTHORIZATION_TYPE_ID LIMIT ?,? 
06-01-2017 15:49:58.881,DEBUG,94E4CA092D78E99EB19DD677DCC34D78,==> Parameters: 40(Integer), 20(Integer)
06-01-2017 15:49:58.886,DEBUG,94E4CA092D78E99EB19DD677DCC34D78,<==      Total: 20
06-01-2017 15:49:58.887,INFO ,94E4CA092D78E99EB19DD677DCC34D78,U0000000001,SQL execution finished
06-01-2017 15:49:58.887,DEBUG,94E4CA092D78E99EB19DD677DCC34D78,==>  Preparing: SELECT COUNT(*) FROM (SELECT users.USERS_NAME userName, users.USERS_ID userId FROM IVB_M_USERS users WHERE 1 = 1 AND users.DELETE_FLAG = '0') usr LEFT JOIN (SELECT manager.USERS_ID userId, manager.AUTHORIZATION_TYPE_ID typeId FROM IVB_M_MANAGER manager WHERE 1 = 1 AND manager.DELETE_FLAG = '0' GROUP BY manager.USERS_ID, manager.AUTHORIZATION_TYPE_ID) mgr ON usr.userId = mgr.userId LEFT JOIN IVB_M_AUTHORIZATION authorization ON authorization.AUTHORIZATION_TYPE_ID = mgr.typeId ORDER BY usr.userId 
06-01-2017 15:49:58.887,DEBUG,94E4CA092D78E99EB19DD677DCC34D78,==> Parameters: 
06-01-2017 15:49:58.888,DEBUG,94E4CA092D78E99EB19DD677DCC34D78,<==      Total: 1
06-01-2017 15:49:58.889,INFO ,94E4CA092D78E99EB19DD677DCC34D78,U0000000001,Affiliation searching finished ==> 60 item(s)
06-01-2017 15:49:58.889,INFO ,94E4CA092D78E99EB19DD677DCC34D78,U0000000001,vn.bananavietnam.ict.banana.service.Bnn0087SearchAffiliationService,searchData,[vn.bananavietnam.ict.banana.component.Bnn0087SearchAffiliationConditions@184ccbf] METHOD END
