06-01-2017 16:10:37.463,INFO ,06DDC35F62B53E03FD6C5F75972CC881,U0000000001,vn.bananavietnam.ict.banana.service.Bnn0087SearchAffiliationService,searchData,[vn.bananavietnam.ict.banana.component.Bnn0087SearchAffiliationConditions@449a76] METHOD START
06-01-2017 16:10:37.463,INFO ,06DDC35F62B53E03FD6C5F75972CC881,U0000000001,Affiliation searching started
06-01-2017 16:10:41.499,ERROR,06DDC35F62B53E03FD6C5F75972CC881,U0000000001,java.lang.Exception: nested exception is org.apache.ibatis.exceptions.PersistenceException: 
06-01-2017 16:10:41.499,INFO ,06DDC35F62B53E03FD6C5F75972CC881,U0000000001,vn.bananavietnam.ict.banana.service.Bnn0087SearchAffiliationService,searchData,[vn.bananavietnam.ict.banana.component.Bnn0087SearchAffiliationConditions@449a76] METHOD END
06-01-2017 16:10:41.768,INFO ,06DDC35F62B53E03FD6C5F75972CC881,U0000000001,vn.bananavietnam.ict.banana.service.Bnn0087SearchAffiliationService,searchData,[vn.bananavietnam.ict.banana.component.Bnn0087SearchAffiliationConditions@1374239] METHOD START
06-01-2017 16:10:41.768,INFO ,06DDC35F62B53E03FD6C5F75972CC881,U0000000001,Affiliation searching started
06-01-2017 16:10:41.788,DEBUG,06DDC35F62B53E03FD6C5F75972CC881,==>  Preparing: SELECT usr.userName userName, usr.userId userId , authorization.AUTHORIZATION_TYPE_NAME typeName, authorization.AUTHORIZATION_TYPE_ID typeId, mgr.farmIdList farmIdList, mgr.areaIdList areaIdList, mgr.lastUpdateDate lastUpdateDate FROM (SELECT users.USERS_NAME userName, users.USERS_ID userId FROM IVB_M_USERS users WHERE 1 = 1 AND users.DELETE_FLAG = '0') usr LEFT JOIN (SELECT manager.USERS_ID userId, manager.AUTHORIZATION_TYPE_ID typeId, (SELECT LAST_UPDATE_DATE FROM IVB_M_MANAGER ORDER BY LAST_UPDATE_DATE DESC LIMIT 1) lastUpdateDate, GROUP_CONCAT(manager.FARM_ID SEPARATOR ',') as farmIdList, GROUP_CONCAT(manager.AREA_ID SEPARATOR ',') as areaIdList FROM IVB_M_MANAGER manager WHERE 1 = 1 AND manager.DELETE_FLAG = '0' GROUP BY manager.USERS_ID, manager.AUTHORIZATION_TYPE_ID) mgr ON usr.userId = mgr.userId LEFT JOIN IVB_M_AUTHORIZATION authorization ON authorization.AUTHORIZATION_TYPE_ID = mgr.typeId ORDER BY usr.userName, authorization.AUTHORIZATION_TYPE_ID LIMIT ?,? 
06-01-2017 16:10:41.789,DEBUG,06DDC35F62B53E03FD6C5F75972CC881,==> Parameters: 0(Integer), 20(Integer)
06-01-2017 16:10:41.793,DEBUG,06DDC35F62B53E03FD6C5F75972CC881,<==      Total: 20
06-01-2017 16:10:41.793,INFO ,06DDC35F62B53E03FD6C5F75972CC881,U0000000001,SQL execution finished
06-01-2017 16:10:41.793,DEBUG,06DDC35F62B53E03FD6C5F75972CC881,==>  Preparing: SELECT COUNT(*) FROM (SELECT users.USERS_NAME userName, users.USERS_ID userId FROM IVB_M_USERS users WHERE 1 = 1 AND users.DELETE_FLAG = '0') usr LEFT JOIN (SELECT manager.USERS_ID userId, manager.AUTHORIZATION_TYPE_ID typeId FROM IVB_M_MANAGER manager WHERE 1 = 1 AND manager.DELETE_FLAG = '0' GROUP BY manager.USERS_ID, manager.AUTHORIZATION_TYPE_ID) mgr ON usr.userId = mgr.userId LEFT JOIN IVB_M_AUTHORIZATION authorization ON authorization.AUTHORIZATION_TYPE_ID = mgr.typeId ORDER BY usr.userId 
06-01-2017 16:10:41.793,DEBUG,06DDC35F62B53E03FD6C5F75972CC881,==> Parameters: 
06-01-2017 16:10:41.794,DEBUG,06DDC35F62B53E03FD6C5F75972CC881,<==      Total: 1
06-01-2017 16:10:41.795,INFO ,06DDC35F62B53E03FD6C5F75972CC881,U0000000001,Affiliation searching finished ==> 60 item(s)
06-01-2017 16:10:41.795,INFO ,06DDC35F62B53E03FD6C5F75972CC881,U0000000001,vn.bananavietnam.ict.banana.service.Bnn0087SearchAffiliationService,searchData,[vn.bananavietnam.ict.banana.component.Bnn0087SearchAffiliationConditions@1374239] METHOD END
06-01-2017 16:10:42.460,INFO ,BB5A3C0B829B773D94CEAD1A342784D7,U0000000001,vn.bananavietnam.ict.banana.service.Bnn0087SearchAffiliationService,initData,[{}] METHOD START
06-01-2017 16:10:42.480,DEBUG,BB5A3C0B829B773D94CEAD1A342784D7,==>  Preparing: select AUTHORIZATION_TYPE_ID, AUTHORIZATION_TYPE_NAME, ACCESS_AUTHORITY_ID, CREATE_USER_ID, CREATE_DATE, UPDATE_USER_ID, LAST_UPDATE_DATE, DELETE_FLAG from IVB_M_AUTHORIZATION 
06-01-2017 16:10:42.480,DEBUG,BB5A3C0B829B773D94CEAD1A342784D7,==> Parameters: 
06-01-2017 16:10:42.481,DEBUG,BB5A3C0B829B773D94CEAD1A342784D7,<==      Total: 4
06-01-2017 16:10:42.484,INFO ,BB5A3C0B829B773D94CEAD1A342784D7,U0000000001,vn.bananavietnam.ict.banana.service.Bnn0087SearchAffiliationService,initData,[{affiliationData=[{"authorizationTypeId":"1","authorizationTypeName":"Quản lý hệ thống","accessAuthorityId":"1","createUserId":"U0000000001","createDate":1489363200000,"updateUserId":"U0000000001","lastUpdateDate":1490054400000,"deleteFlag":false},{"authorizationTypeId":"2","authorizationTypeName":"Giám đốc kinh doanh","accessAuthorityId":"2","createUserId":"U0000000001","createDate":1489363200000,"updateUserId":"U0000000001","lastUpdateDate":1490054400000,"deleteFlag":false},{"authorizationTypeId":"3","authorizationTypeName":"Quản lý nông trại","accessAuthorityId":"3","createUserId":"U0000000001","createDate":1489363200000,"updateUserId":"U0000000001","lastUpdateDate":1490054400000,"deleteFlag":false},{"authorizationTypeId":"4","authorizationTypeName":"Quản lý lô","accessAuthorityId":"4","createUserId":"U0000000001","createDate":1489363200000,"updateUserId":"U0000000001","lastUpdateDate":1490054400000,"deleteFlag":false}]}] METHOD END
06-01-2017 16:10:42.621,INFO ,BB5A3C0B829B773D94CEAD1A342784D7,U0000000001,vn.bananavietnam.ict.banana.service.Bnn0087SearchAffiliationService,searchData,[vn.bananavietnam.ict.banana.component.Bnn0087SearchAffiliationConditions@bdd065] METHOD START
06-01-2017 16:10:42.622,INFO ,BB5A3C0B829B773D94CEAD1A342784D7,U0000000001,Affiliation searching started
06-01-2017 16:10:42.645,DEBUG,BB5A3C0B829B773D94CEAD1A342784D7,==>  Preparing: SELECT usr.userName userName, usr.userId userId , authorization.AUTHORIZATION_TYPE_NAME typeName, authorization.AUTHORIZATION_TYPE_ID typeId, mgr.farmIdList farmIdList, mgr.areaIdList areaIdList, mgr.lastUpdateDate lastUpdateDate FROM (SELECT users.USERS_NAME userName, users.USERS_ID userId FROM IVB_M_USERS users WHERE 1 = 1 AND users.DELETE_FLAG = '0') usr LEFT JOIN (SELECT manager.USERS_ID userId, manager.AUTHORIZATION_TYPE_ID typeId, (SELECT LAST_UPDATE_DATE FROM IVB_M_MANAGER ORDER BY LAST_UPDATE_DATE DESC LIMIT 1) lastUpdateDate, GROUP_CONCAT(manager.FARM_ID SEPARATOR ',') as farmIdList, GROUP_CONCAT(manager.AREA_ID SEPARATOR ',') as areaIdList FROM IVB_M_MANAGER manager WHERE 1 = 1 AND manager.DELETE_FLAG = '0' GROUP BY manager.USERS_ID, manager.AUTHORIZATION_TYPE_ID) mgr ON usr.userId = mgr.userId LEFT JOIN IVB_M_AUTHORIZATION authorization ON authorization.AUTHORIZATION_TYPE_ID = mgr.typeId ORDER BY usr.userName, authorization.AUTHORIZATION_TYPE_ID LIMIT ?,? 
06-01-2017 16:10:42.645,DEBUG,BB5A3C0B829B773D94CEAD1A342784D7,==> Parameters: 0(Integer), 20(Integer)
06-01-2017 16:10:42.649,DEBUG,BB5A3C0B829B773D94CEAD1A342784D7,<==      Total: 20
06-01-2017 16:10:42.649,INFO ,BB5A3C0B829B773D94CEAD1A342784D7,U0000000001,SQL execution finished
06-01-2017 16:10:42.650,DEBUG,BB5A3C0B829B773D94CEAD1A342784D7,==>  Preparing: SELECT COUNT(*) FROM (SELECT users.USERS_NAME userName, users.USERS_ID userId FROM IVB_M_USERS users WHERE 1 = 1 AND users.DELETE_FLAG = '0') usr LEFT JOIN (SELECT manager.USERS_ID userId, manager.AUTHORIZATION_TYPE_ID typeId FROM IVB_M_MANAGER manager WHERE 1 = 1 AND manager.DELETE_FLAG = '0' GROUP BY manager.USERS_ID, manager.AUTHORIZATION_TYPE_ID) mgr ON usr.userId = mgr.userId LEFT JOIN IVB_M_AUTHORIZATION authorization ON authorization.AUTHORIZATION_TYPE_ID = mgr.typeId ORDER BY usr.userId 
06-01-2017 16:10:42.650,DEBUG,BB5A3C0B829B773D94CEAD1A342784D7,==> Parameters: 
06-01-2017 16:10:42.658,DEBUG,BB5A3C0B829B773D94CEAD1A342784D7,<==      Total: 1
06-01-2017 16:10:42.659,INFO ,BB5A3C0B829B773D94CEAD1A342784D7,U0000000001,Affiliation searching finished ==> 60 item(s)
06-01-2017 16:10:42.661,INFO ,BB5A3C0B829B773D94CEAD1A342784D7,U0000000001,vn.bananavietnam.ict.banana.service.Bnn0087SearchAffiliationService,searchData,[vn.bananavietnam.ict.banana.component.Bnn0087SearchAffiliationConditions@bdd065] METHOD END
06-01-2017 16:10:48.345,INFO ,20D7B5A22AD3906C0684E11A480C57E9,U0000000001,vn.bananavietnam.ict.banana.service.Bnn0087SearchAffiliationService,initData,[{}] METHOD START
06-01-2017 16:10:48.360,DEBUG,20D7B5A22AD3906C0684E11A480C57E9,==>  Preparing: select AUTHORIZATION_TYPE_ID, AUTHORIZATION_TYPE_NAME, ACCESS_AUTHORITY_ID, CREATE_USER_ID, CREATE_DATE, UPDATE_USER_ID, LAST_UPDATE_DATE, DELETE_FLAG from IVB_M_AUTHORIZATION 
06-01-2017 16:10:48.360,DEBUG,20D7B5A22AD3906C0684E11A480C57E9,==> Parameters: 
06-01-2017 16:10:48.362,DEBUG,20D7B5A22AD3906C0684E11A480C57E9,<==      Total: 4
06-01-2017 16:10:48.362,INFO ,20D7B5A22AD3906C0684E11A480C57E9,U0000000001,vn.bananavietnam.ict.banana.service.Bnn0087SearchAffiliationService,initData,[{affiliationData=[{"authorizationTypeId":"1","authorizationTypeName":"Quản lý hệ thống","accessAuthorityId":"1","createUserId":"U0000000001","createDate":1489363200000,"updateUserId":"U0000000001","lastUpdateDate":1490054400000,"deleteFlag":false},{"authorizationTypeId":"2","authorizationTypeName":"Giám đốc kinh doanh","accessAuthorityId":"2","createUserId":"U0000000001","createDate":1489363200000,"updateUserId":"U0000000001","lastUpdateDate":1490054400000,"deleteFlag":false},{"authorizationTypeId":"3","authorizationTypeName":"Quản lý nông trại","accessAuthorityId":"3","createUserId":"U0000000001","createDate":1489363200000,"updateUserId":"U0000000001","lastUpdateDate":1490054400000,"deleteFlag":false},{"authorizationTypeId":"4","authorizationTypeName":"Quản lý lô","accessAuthorityId":"4","createUserId":"U0000000001","createDate":1489363200000,"updateUserId":"U0000000001","lastUpdateDate":1490054400000,"deleteFlag":false}]}] METHOD END
06-01-2017 16:10:48.481,INFO ,20D7B5A22AD3906C0684E11A480C57E9,U0000000001,vn.bananavietnam.ict.banana.service.Bnn0087SearchAffiliationService,searchData,[vn.bananavietnam.ict.banana.component.Bnn0087SearchAffiliationConditions@114cad5] METHOD START
06-01-2017 16:10:48.481,INFO ,20D7B5A22AD3906C0684E11A480C57E9,U0000000001,Affiliation searching started
06-01-2017 16:10:48.508,DEBUG,20D7B5A22AD3906C0684E11A480C57E9,==>  Preparing: SELECT usr.userName userName, usr.userId userId , authorization.AUTHORIZATION_TYPE_NAME typeName, authorization.AUTHORIZATION_TYPE_ID typeId, mgr.farmIdList farmIdList, mgr.areaIdList areaIdList, mgr.lastUpdateDate lastUpdateDate FROM (SELECT users.USERS_NAME userName, users.USERS_ID userId FROM IVB_M_USERS users WHERE 1 = 1 AND users.DELETE_FLAG = '0') usr LEFT JOIN (SELECT manager.USERS_ID userId, manager.AUTHORIZATION_TYPE_ID typeId, (SELECT LAST_UPDATE_DATE FROM IVB_M_MANAGER ORDER BY LAST_UPDATE_DATE DESC LIMIT 1) lastUpdateDate, GROUP_CONCAT(manager.FARM_ID SEPARATOR ',') as farmIdList, GROUP_CONCAT(manager.AREA_ID SEPARATOR ',') as areaIdList FROM IVB_M_MANAGER manager WHERE 1 = 1 AND manager.DELETE_FLAG = '0' GROUP BY manager.USERS_ID, manager.AUTHORIZATION_TYPE_ID) mgr ON usr.userId = mgr.userId LEFT JOIN IVB_M_AUTHORIZATION authorization ON authorization.AUTHORIZATION_TYPE_ID = mgr.typeId ORDER BY usr.userName, authorization.AUTHORIZATION_TYPE_ID LIMIT ?,? 
06-01-2017 16:10:48.508,DEBUG,20D7B5A22AD3906C0684E11A480C57E9,==> Parameters: 0(Integer), 20(Integer)
06-01-2017 16:10:48.512,DEBUG,20D7B5A22AD3906C0684E11A480C57E9,<==      Total: 20
06-01-2017 16:10:48.513,INFO ,20D7B5A22AD3906C0684E11A480C57E9,U0000000001,SQL execution finished
06-01-2017 16:10:48.513,DEBUG,20D7B5A22AD3906C0684E11A480C57E9,==>  Preparing: SELECT COUNT(*) FROM (SELECT users.USERS_NAME userName, users.USERS_ID userId FROM IVB_M_USERS users WHERE 1 = 1 AND users.DELETE_FLAG = '0') usr LEFT JOIN (SELECT manager.USERS_ID userId, manager.AUTHORIZATION_TYPE_ID typeId FROM IVB_M_MANAGER manager WHERE 1 = 1 AND manager.DELETE_FLAG = '0' GROUP BY manager.USERS_ID, manager.AUTHORIZATION_TYPE_ID) mgr ON usr.userId = mgr.userId LEFT JOIN IVB_M_AUTHORIZATION authorization ON authorization.AUTHORIZATION_TYPE_ID = mgr.typeId ORDER BY usr.userId 
06-01-2017 16:10:48.513,DEBUG,20D7B5A22AD3906C0684E11A480C57E9,==> Parameters: 
06-01-2017 16:10:48.514,DEBUG,20D7B5A22AD3906C0684E11A480C57E9,<==      Total: 1
06-01-2017 16:10:48.514,INFO ,20D7B5A22AD3906C0684E11A480C57E9,U0000000001,Affiliation searching finished ==> 60 item(s)
06-01-2017 16:10:48.515,INFO ,20D7B5A22AD3906C0684E11A480C57E9,U0000000001,vn.bananavietnam.ict.banana.service.Bnn0087SearchAffiliationService,searchData,[vn.bananavietnam.ict.banana.component.Bnn0087SearchAffiliationConditions@114cad5] METHOD END
