06-05-2017 15:46:56.098,INFO ,94570D33445ED95F171C509ABD136F2E,U0000000001,vn.bananavietnam.ict.banana.service.Bnn0087SearchAffiliationService,insertDataForAffiliation,[[{"usersId":"U0000000003","farmId":"9999","areaId":"9999","authorizationTypeId":"1","createUserId":null,"createDate":null,"updateUserId":null,"lastUpdateDate":null,"deleteFlag":false,"typeIdEdit":"null"}]] METHOD START
06-05-2017 15:46:56.098,INFO ,94570D33445ED95F171C509ABD136F2E,U0000000001,Block delete started
06-05-2017 15:46:56.118,INFO ,94570D33445ED95F171C509ABD136F2E,U0000000001,com.sun.proxy.$Proxy83,checkAreaManager,[{"userId":"U0000000003"}] METHOD START
06-05-2017 15:46:56.118,DEBUG,94570D33445ED95F171C509ABD136F2E,==>  Preparing: SELECT FARM_ID farmId, AREA_ID areaId FROM IVB_M_AREA WHERE AREA_MANAGER = ? AND DELETE_FLAG = '0' 
06-05-2017 15:46:56.119,DEBUG,94570D33445ED95F171C509ABD136F2E,==> Parameters: U0000000003(String)
06-05-2017 15:46:56.120,DEBUG,94570D33445ED95F171C509ABD136F2E,<==      Total: 0
06-05-2017 15:46:56.120,INFO ,94570D33445ED95F171C509ABD136F2E,U0000000001,com.sun.proxy.$Proxy83,checkAreaManager,[{"userId":"U0000000003"}] METHOD END
06-05-2017 15:46:56.121,INFO ,94570D33445ED95F171C509ABD136F2E,U0000000001,com.sun.proxy.$Proxy83,getLastUpdateDate,[{"authorityId":"null","userId":"U0000000003"}] METHOD START
06-05-2017 15:46:56.121,DEBUG,94570D33445ED95F171C509ABD136F2E,==>  Preparing: SELECT M.LAST_UPDATE_DATE lastUpdateDate FROM IVB_M_MANAGER M WHERE M.USERS_ID = ? ORDER BY M.LAST_UPDATE_DATE DESC LIMIT 1 
06-05-2017 15:46:56.121,DEBUG,94570D33445ED95F171C509ABD136F2E,==> Parameters: U0000000003(String)
06-05-2017 15:46:56.123,DEBUG,94570D33445ED95F171C509ABD136F2E,<==      Total: 0
06-05-2017 15:46:56.123,INFO ,94570D33445ED95F171C509ABD136F2E,U0000000001,com.sun.proxy.$Proxy83,getLastUpdateDate,[{"authorityId":"null","userId":"U0000000003"}] METHOD END
06-05-2017 15:46:56.124,INFO ,94570D33445ED95F171C509ABD136F2E,U0000000001,com.sun.proxy.$Proxy39,insert,[{"usersId":"U0000000003","farmId":"9999","areaId":"9999","authorizationTypeId":"1","createUserId":"U0000000001","createDate":null,"updateUserId":"U0000000001","lastUpdateDate":null,"deleteFlag":false,"typeIdEdit":"null"}] METHOD START
06-05-2017 15:46:56.124,DEBUG,94570D33445ED95F171C509ABD136F2E,==>  Preparing: insert into IVB_M_MANAGER (USERS_ID, FARM_ID, AREA_ID, AUTHORIZATION_TYPE_ID, CREATE_USER_ID, CREATE_DATE, UPDATE_USER_ID, LAST_UPDATE_DATE, DELETE_FLAG ) values (?, ?, ?, ?, ?, NOW(), ?, NOW(), ? ) 
06-05-2017 15:46:56.124,DEBUG,94570D33445ED95F171C509ABD136F2E,==> Parameters: U0000000003(String), 9999(String), 9999(String), 1(String), U0000000001(String), U0000000001(String), false(Boolean)
06-05-2017 15:46:56.127,DEBUG,94570D33445ED95F171C509ABD136F2E,<==    Updates: 1
06-05-2017 15:46:56.127,INFO ,94570D33445ED95F171C509ABD136F2E,U0000000001,com.sun.proxy.$Proxy39,insert,[{"usersId":"U0000000003","farmId":"9999","areaId":"9999","authorizationTypeId":"1","createUserId":"U0000000001","createDate":null,"updateUserId":"U0000000001","lastUpdateDate":null,"deleteFlag":false,"typeIdEdit":"null"}] METHOD END
06-05-2017 15:46:56.149,INFO ,94570D33445ED95F171C509ABD136F2E,U0000000001,vn.bananavietnam.ict.banana.service.Bnn0087SearchAffiliationService,insertDataForAffiliation,[[{"usersId":"U0000000003","farmId":"9999","areaId":"9999","authorizationTypeId":"1","createUserId":"U0000000001","createDate":null,"updateUserId":"U0000000001","lastUpdateDate":null,"deleteFlag":false,"typeIdEdit":"null"}]] METHOD END
06-05-2017 15:46:56.171,INFO ,94570D33445ED95F171C509ABD136F2E,U0000000001,vn.bananavietnam.ict.banana.service.Bnn0087SearchAffiliationService,searchData,[{"usersName":"","authorityId":"-2","searchOption":"","fromRow":"0","itemCount":"20"}] METHOD START
06-05-2017 15:46:56.171,INFO ,94570D33445ED95F171C509ABD136F2E,U0000000001,Affiliation searching started
06-05-2017 15:46:56.172,INFO ,94570D33445ED95F171C509ABD136F2E,U0000000001,com.sun.proxy.$Proxy83,searchData,[{"authorityId":"-2","fromRow":0,"usersName":"","itemCount":20}] METHOD START
06-05-2017 15:46:56.195,DEBUG,94570D33445ED95F171C509ABD136F2E,==>  Preparing: SELECT usr.userName userName, usr.userId userId , authorization.AUTHORIZATION_TYPE_NAME typeName, authorization.AUTHORIZATION_TYPE_ID typeId, mgr.farmIdList farmIdList, mgr.areaIdList areaIdList, mgr.lastUpdateDate lastUpdateDate FROM (SELECT users.USERS_NAME userName, users.USERS_ID userId FROM IVB_M_USERS users WHERE 1 = 1 AND users.DELETE_FLAG = '0') usr LEFT JOIN (SELECT manager.USERS_ID userId, manager.AUTHORIZATION_TYPE_ID typeId, (SELECT LAST_UPDATE_DATE FROM IVB_M_MANAGER ORDER BY LAST_UPDATE_DATE DESC LIMIT 1) lastUpdateDate, GROUP_CONCAT(manager.FARM_ID SEPARATOR ',') as farmIdList, GROUP_CONCAT(manager.AREA_ID SEPARATOR ',') as areaIdList FROM IVB_M_MANAGER manager WHERE 1 = 1 AND manager.DELETE_FLAG = '0' GROUP BY manager.USERS_ID, manager.AUTHORIZATION_TYPE_ID) mgr ON usr.userId = mgr.userId LEFT JOIN IVB_M_AUTHORIZATION authorization ON authorization.AUTHORIZATION_TYPE_ID = mgr.typeId ORDER BY usr.userName, authorization.AUTHORIZATION_TYPE_ID LIMIT ?,? 
06-05-2017 15:46:56.195,DEBUG,94570D33445ED95F171C509ABD136F2E,==> Parameters: 0(Integer), 20(Integer)
06-05-2017 15:46:56.200,DEBUG,94570D33445ED95F171C509ABD136F2E,<==      Total: 20
06-05-2017 15:46:56.201,INFO ,94570D33445ED95F171C509ABD136F2E,U0000000001,com.sun.proxy.$Proxy83,searchData,[{"authorityId":"-2","fromRow":0,"usersName":"","itemCount":20}] METHOD END
06-05-2017 15:46:56.201,INFO ,94570D33445ED95F171C509ABD136F2E,U0000000001,SQL execution finished
06-05-2017 15:46:56.201,INFO ,94570D33445ED95F171C509ABD136F2E,U0000000001,com.sun.proxy.$Proxy83,getSearchDataTotalCounts,[{"authorityId":"-2","fromRow":0,"usersName":"","itemCount":20}] METHOD START
06-05-2017 15:46:56.201,DEBUG,94570D33445ED95F171C509ABD136F2E,==>  Preparing: SELECT COUNT(*) FROM (SELECT users.USERS_NAME userName, users.USERS_ID userId FROM IVB_M_USERS users WHERE 1 = 1 AND users.DELETE_FLAG = '0') usr LEFT JOIN (SELECT manager.USERS_ID userId, manager.AUTHORIZATION_TYPE_ID typeId FROM IVB_M_MANAGER manager WHERE 1 = 1 AND manager.DELETE_FLAG = '0' GROUP BY manager.USERS_ID, manager.AUTHORIZATION_TYPE_ID) mgr ON usr.userId = mgr.userId LEFT JOIN IVB_M_AUTHORIZATION authorization ON authorization.AUTHORIZATION_TYPE_ID = mgr.typeId ORDER BY usr.userId 
06-05-2017 15:46:56.201,DEBUG,94570D33445ED95F171C509ABD136F2E,==> Parameters: 
06-05-2017 15:46:56.204,DEBUG,94570D33445ED95F171C509ABD136F2E,<==      Total: 1
06-05-2017 15:46:56.204,INFO ,94570D33445ED95F171C509ABD136F2E,U0000000001,com.sun.proxy.$Proxy83,getSearchDataTotalCounts,[{"authorityId":"-2","fromRow":0,"usersName":"","itemCount":20}] METHOD END
06-05-2017 15:46:56.204,INFO ,94570D33445ED95F171C509ABD136F2E,U0000000001,Affiliation searching finished ==> 60 item(s)
06-05-2017 15:46:56.205,INFO ,94570D33445ED95F171C509ABD136F2E,U0000000001,vn.bananavietnam.ict.banana.service.Bnn0087SearchAffiliationService,searchData,[{"usersName":"","authorityId":"-2","searchOption":"","fromRow":"0","itemCount":"20"}] METHOD END
