06-01-2017 18:44:12.066,INFO ,D35A89FFA493BB34FCB6D7817380E7FB,U0000000001,vn.bananavietnam.ict.banana.service.Bnn0087SearchAffiliationService,searchData,[vn.bananavietnam.ict.banana.component.Bnn0087SearchAffiliationConditions@12d968] METHOD START
06-01-2017 18:44:12.066,INFO ,D35A89FFA493BB34FCB6D7817380E7FB,U0000000001,Affiliation searching started
06-01-2017 18:44:16.116,ERROR,D35A89FFA493BB34FCB6D7817380E7FB,U0000000001,java.lang.Exception: nested exception is org.apache.ibatis.exceptions.PersistenceException: 
06-01-2017 18:44:16.117,INFO ,D35A89FFA493BB34FCB6D7817380E7FB,U0000000001,vn.bananavietnam.ict.banana.service.Bnn0087SearchAffiliationService,searchData,[vn.bananavietnam.ict.banana.component.Bnn0087SearchAffiliationConditions@12d968] METHOD END
06-01-2017 18:44:16.332,INFO ,D35A89FFA493BB34FCB6D7817380E7FB,U0000000001,vn.bananavietnam.ict.banana.service.Bnn0087SearchAffiliationService,searchData,[vn.bananavietnam.ict.banana.component.Bnn0087SearchAffiliationConditions@1a29981] METHOD START
06-01-2017 18:44:16.332,INFO ,D35A89FFA493BB34FCB6D7817380E7FB,U0000000001,Affiliation searching started
06-01-2017 18:44:16.354,DEBUG,D35A89FFA493BB34FCB6D7817380E7FB,==>  Preparing: SELECT usr.userName userName, usr.userId userId , authorization.AUTHORIZATION_TYPE_NAME typeName, authorization.AUTHORIZATION_TYPE_ID typeId, mgr.farmIdList farmIdList, mgr.areaIdList areaIdList, mgr.lastUpdateDate lastUpdateDate FROM (SELECT users.USERS_NAME userName, users.USERS_ID userId FROM IVB_M_USERS users WHERE 1 = 1 AND users.DELETE_FLAG = '0') usr LEFT JOIN (SELECT manager.USERS_ID userId, manager.AUTHORIZATION_TYPE_ID typeId, (SELECT LAST_UPDATE_DATE FROM IVB_M_MANAGER ORDER BY LAST_UPDATE_DATE DESC LIMIT 1) lastUpdateDate, GROUP_CONCAT(manager.FARM_ID SEPARATOR ',') as farmIdList, GROUP_CONCAT(manager.AREA_ID SEPARATOR ',') as areaIdList FROM IVB_M_MANAGER manager WHERE 1 = 1 AND manager.DELETE_FLAG = '0' GROUP BY manager.USERS_ID, manager.AUTHORIZATION_TYPE_ID) mgr ON usr.userId = mgr.userId LEFT JOIN IVB_M_AUTHORIZATION authorization ON authorization.AUTHORIZATION_TYPE_ID = mgr.typeId ORDER BY usr.userName, authorization.AUTHORIZATION_TYPE_ID LIMIT ?,? 
06-01-2017 18:44:16.355,DEBUG,D35A89FFA493BB34FCB6D7817380E7FB,==> Parameters: 0(Integer), 20(Integer)
06-01-2017 18:44:16.359,DEBUG,D35A89FFA493BB34FCB6D7817380E7FB,<==      Total: 20
06-01-2017 18:44:16.359,INFO ,D35A89FFA493BB34FCB6D7817380E7FB,U0000000001,SQL execution finished
06-01-2017 18:44:16.359,DEBUG,D35A89FFA493BB34FCB6D7817380E7FB,==>  Preparing: SELECT COUNT(*) FROM (SELECT users.USERS_NAME userName, users.USERS_ID userId FROM IVB_M_USERS users WHERE 1 = 1 AND users.DELETE_FLAG = '0') usr LEFT JOIN (SELECT manager.USERS_ID userId, manager.AUTHORIZATION_TYPE_ID typeId FROM IVB_M_MANAGER manager WHERE 1 = 1 AND manager.DELETE_FLAG = '0' GROUP BY manager.USERS_ID, manager.AUTHORIZATION_TYPE_ID) mgr ON usr.userId = mgr.userId LEFT JOIN IVB_M_AUTHORIZATION authorization ON authorization.AUTHORIZATION_TYPE_ID = mgr.typeId ORDER BY usr.userId 
06-01-2017 18:44:16.359,DEBUG,D35A89FFA493BB34FCB6D7817380E7FB,==> Parameters: 
06-01-2017 18:44:16.365,DEBUG,D35A89FFA493BB34FCB6D7817380E7FB,<==      Total: 1
06-01-2017 18:44:16.365,INFO ,D35A89FFA493BB34FCB6D7817380E7FB,U0000000001,Affiliation searching finished ==> 60 item(s)
06-01-2017 18:44:16.365,INFO ,D35A89FFA493BB34FCB6D7817380E7FB,U0000000001,vn.bananavietnam.ict.banana.service.Bnn0087SearchAffiliationService,searchData,[vn.bananavietnam.ict.banana.component.Bnn0087SearchAffiliationConditions@1a29981] METHOD END
06-01-2017 18:44:17.020,INFO ,1677576EF8B32912DD95507798D3B9BC,U0000000001,vn.bananavietnam.ict.banana.service.Bnn0087SearchAffiliationService,initData,[{}] METHOD START
06-01-2017 18:44:17.038,DEBUG,1677576EF8B32912DD95507798D3B9BC,==>  Preparing: select AUTHORIZATION_TYPE_ID, AUTHORIZATION_TYPE_NAME, ACCESS_AUTHORITY_ID, CREATE_USER_ID, CREATE_DATE, UPDATE_USER_ID, LAST_UPDATE_DATE, DELETE_FLAG from IVB_M_AUTHORIZATION 
06-01-2017 18:44:17.038,DEBUG,1677576EF8B32912DD95507798D3B9BC,==> Parameters: 
06-01-2017 18:44:17.039,DEBUG,1677576EF8B32912DD95507798D3B9BC,<==      Total: 4
06-01-2017 18:44:17.040,INFO ,1677576EF8B32912DD95507798D3B9BC,U0000000001,vn.bananavietnam.ict.banana.service.Bnn0087SearchAffiliationService,initData,[{affiliationData=[{"authorizationTypeId":"1","authorizationTypeName":"Quản lý hệ thống","accessAuthorityId":"1","createUserId":"U0000000001","createDate":1489363200000,"updateUserId":"U0000000001","lastUpdateDate":1490054400000,"deleteFlag":false},{"authorizationTypeId":"2","authorizationTypeName":"Giám đốc kinh doanh","accessAuthorityId":"2","createUserId":"U0000000001","createDate":1489363200000,"updateUserId":"U0000000001","lastUpdateDate":1490054400000,"deleteFlag":false},{"authorizationTypeId":"3","authorizationTypeName":"Quản lý nông trại","accessAuthorityId":"3","createUserId":"U0000000001","createDate":1489363200000,"updateUserId":"U0000000001","lastUpdateDate":1490054400000,"deleteFlag":false},{"authorizationTypeId":"4","authorizationTypeName":"Quản lý lô","accessAuthorityId":"4","createUserId":"U0000000001","createDate":1489363200000,"updateUserId":"U0000000001","lastUpdateDate":1490054400000,"deleteFlag":false}]}] METHOD END
06-01-2017 18:44:17.173,INFO ,1677576EF8B32912DD95507798D3B9BC,U0000000001,vn.bananavietnam.ict.banana.service.Bnn0087SearchAffiliationService,searchData,[vn.bananavietnam.ict.banana.component.Bnn0087SearchAffiliationConditions@13daffa] METHOD START
06-01-2017 18:44:17.174,INFO ,1677576EF8B32912DD95507798D3B9BC,U0000000001,Affiliation searching started
06-01-2017 18:44:17.203,DEBUG,1677576EF8B32912DD95507798D3B9BC,==>  Preparing: SELECT usr.userName userName, usr.userId userId , authorization.AUTHORIZATION_TYPE_NAME typeName, authorization.AUTHORIZATION_TYPE_ID typeId, mgr.farmIdList farmIdList, mgr.areaIdList areaIdList, mgr.lastUpdateDate lastUpdateDate FROM (SELECT users.USERS_NAME userName, users.USERS_ID userId FROM IVB_M_USERS users WHERE 1 = 1 AND users.DELETE_FLAG = '0') usr LEFT JOIN (SELECT manager.USERS_ID userId, manager.AUTHORIZATION_TYPE_ID typeId, (SELECT LAST_UPDATE_DATE FROM IVB_M_MANAGER ORDER BY LAST_UPDATE_DATE DESC LIMIT 1) lastUpdateDate, GROUP_CONCAT(manager.FARM_ID SEPARATOR ',') as farmIdList, GROUP_CONCAT(manager.AREA_ID SEPARATOR ',') as areaIdList FROM IVB_M_MANAGER manager WHERE 1 = 1 AND manager.DELETE_FLAG = '0' GROUP BY manager.USERS_ID, manager.AUTHORIZATION_TYPE_ID) mgr ON usr.userId = mgr.userId LEFT JOIN IVB_M_AUTHORIZATION authorization ON authorization.AUTHORIZATION_TYPE_ID = mgr.typeId ORDER BY usr.userName, authorization.AUTHORIZATION_TYPE_ID LIMIT ?,? 
06-01-2017 18:44:17.204,DEBUG,1677576EF8B32912DD95507798D3B9BC,==> Parameters: 0(Integer), 20(Integer)
06-01-2017 18:44:17.208,DEBUG,1677576EF8B32912DD95507798D3B9BC,<==      Total: 20
06-01-2017 18:44:17.208,INFO ,1677576EF8B32912DD95507798D3B9BC,U0000000001,SQL execution finished
06-01-2017 18:44:17.208,DEBUG,1677576EF8B32912DD95507798D3B9BC,==>  Preparing: SELECT COUNT(*) FROM (SELECT users.USERS_NAME userName, users.USERS_ID userId FROM IVB_M_USERS users WHERE 1 = 1 AND users.DELETE_FLAG = '0') usr LEFT JOIN (SELECT manager.USERS_ID userId, manager.AUTHORIZATION_TYPE_ID typeId FROM IVB_M_MANAGER manager WHERE 1 = 1 AND manager.DELETE_FLAG = '0' GROUP BY manager.USERS_ID, manager.AUTHORIZATION_TYPE_ID) mgr ON usr.userId = mgr.userId LEFT JOIN IVB_M_AUTHORIZATION authorization ON authorization.AUTHORIZATION_TYPE_ID = mgr.typeId ORDER BY usr.userId 
06-01-2017 18:44:17.208,DEBUG,1677576EF8B32912DD95507798D3B9BC,==> Parameters: 
06-01-2017 18:44:17.210,DEBUG,1677576EF8B32912DD95507798D3B9BC,<==      Total: 1
06-01-2017 18:44:17.210,INFO ,1677576EF8B32912DD95507798D3B9BC,U0000000001,Affiliation searching finished ==> 60 item(s)
06-01-2017 18:44:17.210,INFO ,1677576EF8B32912DD95507798D3B9BC,U0000000001,vn.bananavietnam.ict.banana.service.Bnn0087SearchAffiliationService,searchData,[vn.bananavietnam.ict.banana.component.Bnn0087SearchAffiliationConditions@13daffa] METHOD END
06-01-2017 18:44:17.323,INFO ,1677576EF8B32912DD95507798D3B9BC,U0000000001,vn.bananavietnam.ict.banana.service.Bnn0087SearchAffiliationService,searchData,[vn.bananavietnam.ict.banana.component.Bnn0087SearchAffiliationConditions@1418f0] METHOD START
06-01-2017 18:44:17.323,INFO ,1677576EF8B32912DD95507798D3B9BC,U0000000001,Affiliation searching started
06-01-2017 18:44:17.344,DEBUG,1677576EF8B32912DD95507798D3B9BC,==>  Preparing: SELECT usr.userName userName, usr.userId userId , authorization.AUTHORIZATION_TYPE_NAME typeName, authorization.AUTHORIZATION_TYPE_ID typeId, mgr.farmIdList farmIdList, mgr.areaIdList areaIdList, mgr.lastUpdateDate lastUpdateDate FROM (SELECT users.USERS_NAME userName, users.USERS_ID userId FROM IVB_M_USERS users WHERE 1 = 1 AND users.DELETE_FLAG = '0') usr LEFT JOIN (SELECT manager.USERS_ID userId, manager.AUTHORIZATION_TYPE_ID typeId, (SELECT LAST_UPDATE_DATE FROM IVB_M_MANAGER ORDER BY LAST_UPDATE_DATE DESC LIMIT 1) lastUpdateDate, GROUP_CONCAT(manager.FARM_ID SEPARATOR ',') as farmIdList, GROUP_CONCAT(manager.AREA_ID SEPARATOR ',') as areaIdList FROM IVB_M_MANAGER manager WHERE 1 = 1 AND manager.DELETE_FLAG = '0' GROUP BY manager.USERS_ID, manager.AUTHORIZATION_TYPE_ID) mgr ON usr.userId = mgr.userId LEFT JOIN IVB_M_AUTHORIZATION authorization ON authorization.AUTHORIZATION_TYPE_ID = mgr.typeId ORDER BY usr.userName, authorization.AUTHORIZATION_TYPE_ID LIMIT ?,? 
06-01-2017 18:44:17.345,DEBUG,1677576EF8B32912DD95507798D3B9BC,==> Parameters: 40(Integer), 20(Integer)
06-01-2017 18:44:17.348,DEBUG,1677576EF8B32912DD95507798D3B9BC,<==      Total: 20
06-01-2017 18:44:17.348,INFO ,1677576EF8B32912DD95507798D3B9BC,U0000000001,SQL execution finished
06-01-2017 18:44:17.349,DEBUG,1677576EF8B32912DD95507798D3B9BC,==>  Preparing: SELECT COUNT(*) FROM (SELECT users.USERS_NAME userName, users.USERS_ID userId FROM IVB_M_USERS users WHERE 1 = 1 AND users.DELETE_FLAG = '0') usr LEFT JOIN (SELECT manager.USERS_ID userId, manager.AUTHORIZATION_TYPE_ID typeId FROM IVB_M_MANAGER manager WHERE 1 = 1 AND manager.DELETE_FLAG = '0' GROUP BY manager.USERS_ID, manager.AUTHORIZATION_TYPE_ID) mgr ON usr.userId = mgr.userId LEFT JOIN IVB_M_AUTHORIZATION authorization ON authorization.AUTHORIZATION_TYPE_ID = mgr.typeId ORDER BY usr.userId 
06-01-2017 18:44:17.349,DEBUG,1677576EF8B32912DD95507798D3B9BC,==> Parameters: 
06-01-2017 18:44:17.351,DEBUG,1677576EF8B32912DD95507798D3B9BC,<==      Total: 1
06-01-2017 18:44:17.351,INFO ,1677576EF8B32912DD95507798D3B9BC,U0000000001,Affiliation searching finished ==> 60 item(s)
06-01-2017 18:44:17.351,INFO ,1677576EF8B32912DD95507798D3B9BC,U0000000001,vn.bananavietnam.ict.banana.service.Bnn0087SearchAffiliationService,searchData,[vn.bananavietnam.ict.banana.component.Bnn0087SearchAffiliationConditions@1418f0] METHOD END
