06-01-2017 19:04:44.829,INFO ,A490344B5F5B5924C4DBFE68E008FC14,U0000000001,vn.bananavietnam.ict.banana.service.Bnn0087SearchAffiliationService,searchData,[vn.bananavietnam.ict.banana.component.Bnn0087SearchAffiliationConditions@1b14977] METHOD START
06-01-2017 19:04:44.829,INFO ,A490344B5F5B5924C4DBFE68E008FC14,U0000000001,Affiliation searching started
06-01-2017 19:04:48.846,ERROR,A490344B5F5B5924C4DBFE68E008FC14,U0000000001,java.lang.Exception: nested exception is org.apache.ibatis.exceptions.PersistenceException: 
06-01-2017 19:04:48.847,INFO ,A490344B5F5B5924C4DBFE68E008FC14,U0000000001,vn.bananavietnam.ict.banana.service.Bnn0087SearchAffiliationService,searchData,[vn.bananavietnam.ict.banana.component.Bnn0087SearchAffiliationConditions@1b14977] METHOD END
06-01-2017 19:04:52.638,INFO ,A490344B5F5B5924C4DBFE68E008FC14,U0000000001,vn.bananavietnam.ict.banana.service.Bnn0087SearchAffiliationService,searchData,[vn.bananavietnam.ict.banana.component.Bnn0087SearchAffiliationConditions@109b77c] METHOD START
06-01-2017 19:04:52.638,INFO ,A490344B5F5B5924C4DBFE68E008FC14,U0000000001,Affiliation searching started
06-01-2017 19:04:54.656,DEBUG,A490344B5F5B5924C4DBFE68E008FC14,==>  Preparing: SELECT usr.userName userName, usr.userId userId , authorization.AUTHORIZATION_TYPE_NAME typeName, authorization.AUTHORIZATION_TYPE_ID typeId, mgr.farmIdList farmIdList, mgr.areaIdList areaIdList, mgr.lastUpdateDate lastUpdateDate FROM (SELECT users.USERS_NAME userName, users.USERS_ID userId FROM IVB_M_USERS users WHERE 1 = 1 AND users.DELETE_FLAG = '0') usr LEFT JOIN (SELECT manager.USERS_ID userId, manager.AUTHORIZATION_TYPE_ID typeId, (SELECT LAST_UPDATE_DATE FROM IVB_M_MANAGER ORDER BY LAST_UPDATE_DATE DESC LIMIT 1) lastUpdateDate, GROUP_CONCAT(manager.FARM_ID SEPARATOR ',') as farmIdList, GROUP_CONCAT(manager.AREA_ID SEPARATOR ',') as areaIdList FROM IVB_M_MANAGER manager WHERE 1 = 1 AND manager.DELETE_FLAG = '0' GROUP BY manager.USERS_ID, manager.AUTHORIZATION_TYPE_ID) mgr ON usr.userId = mgr.userId LEFT JOIN IVB_M_AUTHORIZATION authorization ON authorization.AUTHORIZATION_TYPE_ID = mgr.typeId ORDER BY usr.userName, authorization.AUTHORIZATION_TYPE_ID LIMIT ?,? 
06-01-2017 19:04:54.657,DEBUG,A490344B5F5B5924C4DBFE68E008FC14,==> Parameters: 0(Integer), 20(Integer)
06-01-2017 19:04:54.661,DEBUG,A490344B5F5B5924C4DBFE68E008FC14,<==      Total: 20
06-01-2017 19:04:54.661,INFO ,A490344B5F5B5924C4DBFE68E008FC14,U0000000001,SQL execution finished
06-01-2017 19:04:54.661,DEBUG,A490344B5F5B5924C4DBFE68E008FC14,==>  Preparing: SELECT COUNT(*) FROM (SELECT users.USERS_NAME userName, users.USERS_ID userId FROM IVB_M_USERS users WHERE 1 = 1 AND users.DELETE_FLAG = '0') usr LEFT JOIN (SELECT manager.USERS_ID userId, manager.AUTHORIZATION_TYPE_ID typeId FROM IVB_M_MANAGER manager WHERE 1 = 1 AND manager.DELETE_FLAG = '0' GROUP BY manager.USERS_ID, manager.AUTHORIZATION_TYPE_ID) mgr ON usr.userId = mgr.userId LEFT JOIN IVB_M_AUTHORIZATION authorization ON authorization.AUTHORIZATION_TYPE_ID = mgr.typeId ORDER BY usr.userId 
06-01-2017 19:04:54.661,DEBUG,A490344B5F5B5924C4DBFE68E008FC14,==> Parameters: 
06-01-2017 19:04:54.662,DEBUG,A490344B5F5B5924C4DBFE68E008FC14,<==      Total: 1
06-01-2017 19:04:54.663,INFO ,A490344B5F5B5924C4DBFE68E008FC14,U0000000001,Affiliation searching finished ==> 60 item(s)
06-01-2017 19:04:54.663,INFO ,A490344B5F5B5924C4DBFE68E008FC14,U0000000001,vn.bananavietnam.ict.banana.service.Bnn0087SearchAffiliationService,searchData,[vn.bananavietnam.ict.banana.component.Bnn0087SearchAffiliationConditions@109b77c] METHOD END
06-01-2017 19:04:55.338,INFO ,7FCCECA3D6D856A8C7F631DBDE09CB15,U0000000001,vn.bananavietnam.ict.banana.service.Bnn0087SearchAffiliationService,initData,[{}] METHOD START
06-01-2017 19:04:55.357,DEBUG,7FCCECA3D6D856A8C7F631DBDE09CB15,==>  Preparing: select AUTHORIZATION_TYPE_ID, AUTHORIZATION_TYPE_NAME, ACCESS_AUTHORITY_ID, CREATE_USER_ID, CREATE_DATE, UPDATE_USER_ID, LAST_UPDATE_DATE, DELETE_FLAG from IVB_M_AUTHORIZATION 
06-01-2017 19:04:55.357,DEBUG,7FCCECA3D6D856A8C7F631DBDE09CB15,==> Parameters: 
06-01-2017 19:04:55.359,DEBUG,7FCCECA3D6D856A8C7F631DBDE09CB15,<==      Total: 4
06-01-2017 19:04:55.359,INFO ,7FCCECA3D6D856A8C7F631DBDE09CB15,U0000000001,vn.bananavietnam.ict.banana.service.Bnn0087SearchAffiliationService,initData,[{affiliationData=[{"authorizationTypeId":"1","authorizationTypeName":"Quản lý hệ thống","accessAuthorityId":"1","createUserId":"U0000000001","createDate":1489363200000,"updateUserId":"U0000000001","lastUpdateDate":1490054400000,"deleteFlag":false},{"authorizationTypeId":"2","authorizationTypeName":"Giám đốc kinh doanh","accessAuthorityId":"2","createUserId":"U0000000001","createDate":1489363200000,"updateUserId":"U0000000001","lastUpdateDate":1490054400000,"deleteFlag":false},{"authorizationTypeId":"3","authorizationTypeName":"Quản lý nông trại","accessAuthorityId":"3","createUserId":"U0000000001","createDate":1489363200000,"updateUserId":"U0000000001","lastUpdateDate":1490054400000,"deleteFlag":false},{"authorizationTypeId":"4","authorizationTypeName":"Quản lý lô","accessAuthorityId":"4","createUserId":"U0000000001","createDate":1489363200000,"updateUserId":"U0000000001","lastUpdateDate":1490054400000,"deleteFlag":false}]}] METHOD END
06-01-2017 19:04:55.497,INFO ,7FCCECA3D6D856A8C7F631DBDE09CB15,U0000000001,vn.bananavietnam.ict.banana.service.Bnn0087SearchAffiliationService,searchData,[vn.bananavietnam.ict.banana.component.Bnn0087SearchAffiliationConditions@12a8d14] METHOD START
06-01-2017 19:04:55.497,INFO ,7FCCECA3D6D856A8C7F631DBDE09CB15,U0000000001,Affiliation searching started
06-01-2017 19:04:55.514,DEBUG,7FCCECA3D6D856A8C7F631DBDE09CB15,==>  Preparing: SELECT usr.userName userName, usr.userId userId , authorization.AUTHORIZATION_TYPE_NAME typeName, authorization.AUTHORIZATION_TYPE_ID typeId, mgr.farmIdList farmIdList, mgr.areaIdList areaIdList, mgr.lastUpdateDate lastUpdateDate FROM (SELECT users.USERS_NAME userName, users.USERS_ID userId FROM IVB_M_USERS users WHERE 1 = 1 AND users.DELETE_FLAG = '0') usr LEFT JOIN (SELECT manager.USERS_ID userId, manager.AUTHORIZATION_TYPE_ID typeId, (SELECT LAST_UPDATE_DATE FROM IVB_M_MANAGER ORDER BY LAST_UPDATE_DATE DESC LIMIT 1) lastUpdateDate, GROUP_CONCAT(manager.FARM_ID SEPARATOR ',') as farmIdList, GROUP_CONCAT(manager.AREA_ID SEPARATOR ',') as areaIdList FROM IVB_M_MANAGER manager WHERE 1 = 1 AND manager.DELETE_FLAG = '0' GROUP BY manager.USERS_ID, manager.AUTHORIZATION_TYPE_ID) mgr ON usr.userId = mgr.userId LEFT JOIN IVB_M_AUTHORIZATION authorization ON authorization.AUTHORIZATION_TYPE_ID = mgr.typeId ORDER BY usr.userName, authorization.AUTHORIZATION_TYPE_ID LIMIT ?,? 
06-01-2017 19:04:55.515,DEBUG,7FCCECA3D6D856A8C7F631DBDE09CB15,==> Parameters: 0(Integer), 20(Integer)
06-01-2017 19:04:55.519,DEBUG,7FCCECA3D6D856A8C7F631DBDE09CB15,<==      Total: 20
06-01-2017 19:04:55.519,INFO ,7FCCECA3D6D856A8C7F631DBDE09CB15,U0000000001,SQL execution finished
06-01-2017 19:04:55.519,DEBUG,7FCCECA3D6D856A8C7F631DBDE09CB15,==>  Preparing: SELECT COUNT(*) FROM (SELECT users.USERS_NAME userName, users.USERS_ID userId FROM IVB_M_USERS users WHERE 1 = 1 AND users.DELETE_FLAG = '0') usr LEFT JOIN (SELECT manager.USERS_ID userId, manager.AUTHORIZATION_TYPE_ID typeId FROM IVB_M_MANAGER manager WHERE 1 = 1 AND manager.DELETE_FLAG = '0' GROUP BY manager.USERS_ID, manager.AUTHORIZATION_TYPE_ID) mgr ON usr.userId = mgr.userId LEFT JOIN IVB_M_AUTHORIZATION authorization ON authorization.AUTHORIZATION_TYPE_ID = mgr.typeId ORDER BY usr.userId 
06-01-2017 19:04:55.519,DEBUG,7FCCECA3D6D856A8C7F631DBDE09CB15,==> Parameters: 
06-01-2017 19:04:55.520,DEBUG,7FCCECA3D6D856A8C7F631DBDE09CB15,<==      Total: 1
06-01-2017 19:04:55.521,INFO ,7FCCECA3D6D856A8C7F631DBDE09CB15,U0000000001,Affiliation searching finished ==> 60 item(s)
06-01-2017 19:04:55.521,INFO ,7FCCECA3D6D856A8C7F631DBDE09CB15,U0000000001,vn.bananavietnam.ict.banana.service.Bnn0087SearchAffiliationService,searchData,[vn.bananavietnam.ict.banana.component.Bnn0087SearchAffiliationConditions@12a8d14] METHOD END
06-01-2017 19:04:55.634,INFO ,7FCCECA3D6D856A8C7F631DBDE09CB15,U0000000001,vn.bananavietnam.ict.banana.service.Bnn0087SearchAffiliationService,searchData,[vn.bananavietnam.ict.banana.component.Bnn0087SearchAffiliationConditions@1b42252] METHOD START
06-01-2017 19:04:55.634,INFO ,7FCCECA3D6D856A8C7F631DBDE09CB15,U0000000001,Affiliation searching started
06-01-2017 19:04:55.653,DEBUG,7FCCECA3D6D856A8C7F631DBDE09CB15,==>  Preparing: SELECT usr.userName userName, usr.userId userId , authorization.AUTHORIZATION_TYPE_NAME typeName, authorization.AUTHORIZATION_TYPE_ID typeId, mgr.farmIdList farmIdList, mgr.areaIdList areaIdList, mgr.lastUpdateDate lastUpdateDate FROM (SELECT users.USERS_NAME userName, users.USERS_ID userId FROM IVB_M_USERS users WHERE 1 = 1 AND users.DELETE_FLAG = '0') usr LEFT JOIN (SELECT manager.USERS_ID userId, manager.AUTHORIZATION_TYPE_ID typeId, (SELECT LAST_UPDATE_DATE FROM IVB_M_MANAGER ORDER BY LAST_UPDATE_DATE DESC LIMIT 1) lastUpdateDate, GROUP_CONCAT(manager.FARM_ID SEPARATOR ',') as farmIdList, GROUP_CONCAT(manager.AREA_ID SEPARATOR ',') as areaIdList FROM IVB_M_MANAGER manager WHERE 1 = 1 AND manager.DELETE_FLAG = '0' GROUP BY manager.USERS_ID, manager.AUTHORIZATION_TYPE_ID) mgr ON usr.userId = mgr.userId LEFT JOIN IVB_M_AUTHORIZATION authorization ON authorization.AUTHORIZATION_TYPE_ID = mgr.typeId ORDER BY usr.userName, authorization.AUTHORIZATION_TYPE_ID LIMIT ?,? 
06-01-2017 19:04:55.654,DEBUG,7FCCECA3D6D856A8C7F631DBDE09CB15,==> Parameters: 40(Integer), 20(Integer)
06-01-2017 19:04:55.659,DEBUG,7FCCECA3D6D856A8C7F631DBDE09CB15,<==      Total: 20
06-01-2017 19:04:55.659,INFO ,7FCCECA3D6D856A8C7F631DBDE09CB15,U0000000001,SQL execution finished
06-01-2017 19:04:55.659,DEBUG,7FCCECA3D6D856A8C7F631DBDE09CB15,==>  Preparing: SELECT COUNT(*) FROM (SELECT users.USERS_NAME userName, users.USERS_ID userId FROM IVB_M_USERS users WHERE 1 = 1 AND users.DELETE_FLAG = '0') usr LEFT JOIN (SELECT manager.USERS_ID userId, manager.AUTHORIZATION_TYPE_ID typeId FROM IVB_M_MANAGER manager WHERE 1 = 1 AND manager.DELETE_FLAG = '0' GROUP BY manager.USERS_ID, manager.AUTHORIZATION_TYPE_ID) mgr ON usr.userId = mgr.userId LEFT JOIN IVB_M_AUTHORIZATION authorization ON authorization.AUTHORIZATION_TYPE_ID = mgr.typeId ORDER BY usr.userId 
06-01-2017 19:04:55.659,DEBUG,7FCCECA3D6D856A8C7F631DBDE09CB15,==> Parameters: 
06-01-2017 19:04:55.661,DEBUG,7FCCECA3D6D856A8C7F631DBDE09CB15,<==      Total: 1
06-01-2017 19:04:55.661,INFO ,7FCCECA3D6D856A8C7F631DBDE09CB15,U0000000001,Affiliation searching finished ==> 60 item(s)
06-01-2017 19:04:55.661,INFO ,7FCCECA3D6D856A8C7F631DBDE09CB15,U0000000001,vn.bananavietnam.ict.banana.service.Bnn0087SearchAffiliationService,searchData,[vn.bananavietnam.ict.banana.component.Bnn0087SearchAffiliationConditions@1b42252] METHOD END
