06-01-2017 19:15:13.537,INFO ,3074BCBB777557C2DAED7B74BCD275DD,U0000000001,vn.bananavietnam.ict.banana.service.Bnn0087SearchAffiliationService,searchData,[vn.bananavietnam.ict.banana.component.Bnn0087SearchAffiliationConditions@154b23c] METHOD START
06-01-2017 19:15:13.537,INFO ,3074BCBB777557C2DAED7B74BCD275DD,U0000000001,Affiliation searching started
06-01-2017 19:15:17.583,ERROR,3074BCBB777557C2DAED7B74BCD275DD,U0000000001,java.lang.Exception: nested exception is org.apache.ibatis.exceptions.PersistenceException: 
06-01-2017 19:15:17.584,INFO ,3074BCBB777557C2DAED7B74BCD275DD,U0000000001,vn.bananavietnam.ict.banana.service.Bnn0087SearchAffiliationService,searchData,[vn.bananavietnam.ict.banana.component.Bnn0087SearchAffiliationConditions@154b23c] METHOD END
06-01-2017 19:15:17.851,INFO ,3074BCBB777557C2DAED7B74BCD275DD,U0000000001,vn.bananavietnam.ict.banana.service.Bnn0087SearchAffiliationService,searchData,[vn.bananavietnam.ict.banana.component.Bnn0087SearchAffiliationConditions@8cdc32] METHOD START
06-01-2017 19:15:17.852,INFO ,3074BCBB777557C2DAED7B74BCD275DD,U0000000001,Affiliation searching started
06-01-2017 19:15:17.871,DEBUG,3074BCBB777557C2DAED7B74BCD275DD,==>  Preparing: SELECT usr.userName userName, usr.userId userId , authorization.AUTHORIZATION_TYPE_NAME typeName, authorization.AUTHORIZATION_TYPE_ID typeId, mgr.farmIdList farmIdList, mgr.areaIdList areaIdList, mgr.lastUpdateDate lastUpdateDate FROM (SELECT users.USERS_NAME userName, users.USERS_ID userId FROM IVB_M_USERS users WHERE 1 = 1 AND users.DELETE_FLAG = '0') usr LEFT JOIN (SELECT manager.USERS_ID userId, manager.AUTHORIZATION_TYPE_ID typeId, (SELECT LAST_UPDATE_DATE FROM IVB_M_MANAGER ORDER BY LAST_UPDATE_DATE DESC LIMIT 1) lastUpdateDate, GROUP_CONCAT(manager.FARM_ID SEPARATOR ',') as farmIdList, GROUP_CONCAT(manager.AREA_ID SEPARATOR ',') as areaIdList FROM IVB_M_MANAGER manager WHERE 1 = 1 AND manager.DELETE_FLAG = '0' GROUP BY manager.USERS_ID, manager.AUTHORIZATION_TYPE_ID) mgr ON usr.userId = mgr.userId LEFT JOIN IVB_M_AUTHORIZATION authorization ON authorization.AUTHORIZATION_TYPE_ID = mgr.typeId ORDER BY usr.userName, authorization.AUTHORIZATION_TYPE_ID LIMIT ?,? 
06-01-2017 19:15:17.871,DEBUG,3074BCBB777557C2DAED7B74BCD275DD,==> Parameters: 0(Integer), 20(Integer)
06-01-2017 19:15:17.876,DEBUG,3074BCBB777557C2DAED7B74BCD275DD,<==      Total: 20
06-01-2017 19:15:17.876,INFO ,3074BCBB777557C2DAED7B74BCD275DD,U0000000001,SQL execution finished
06-01-2017 19:15:17.876,DEBUG,3074BCBB777557C2DAED7B74BCD275DD,==>  Preparing: SELECT COUNT(*) FROM (SELECT users.USERS_NAME userName, users.USERS_ID userId FROM IVB_M_USERS users WHERE 1 = 1 AND users.DELETE_FLAG = '0') usr LEFT JOIN (SELECT manager.USERS_ID userId, manager.AUTHORIZATION_TYPE_ID typeId FROM IVB_M_MANAGER manager WHERE 1 = 1 AND manager.DELETE_FLAG = '0' GROUP BY manager.USERS_ID, manager.AUTHORIZATION_TYPE_ID) mgr ON usr.userId = mgr.userId LEFT JOIN IVB_M_AUTHORIZATION authorization ON authorization.AUTHORIZATION_TYPE_ID = mgr.typeId ORDER BY usr.userId 
06-01-2017 19:15:17.876,DEBUG,3074BCBB777557C2DAED7B74BCD275DD,==> Parameters: 
06-01-2017 19:15:17.877,DEBUG,3074BCBB777557C2DAED7B74BCD275DD,<==      Total: 1
06-01-2017 19:15:17.877,INFO ,3074BCBB777557C2DAED7B74BCD275DD,U0000000001,Affiliation searching finished ==> 60 item(s)
06-01-2017 19:15:17.877,INFO ,3074BCBB777557C2DAED7B74BCD275DD,U0000000001,vn.bananavietnam.ict.banana.service.Bnn0087SearchAffiliationService,searchData,[vn.bananavietnam.ict.banana.component.Bnn0087SearchAffiliationConditions@8cdc32] METHOD END
06-01-2017 19:15:18.549,INFO ,A374F2BD3849274E379E049DCE3B6AF9,U0000000001,vn.bananavietnam.ict.banana.service.Bnn0087SearchAffiliationService,initData,[{}] METHOD START
06-01-2017 19:15:18.568,DEBUG,A374F2BD3849274E379E049DCE3B6AF9,==>  Preparing: select AUTHORIZATION_TYPE_ID, AUTHORIZATION_TYPE_NAME, ACCESS_AUTHORITY_ID, CREATE_USER_ID, CREATE_DATE, UPDATE_USER_ID, LAST_UPDATE_DATE, DELETE_FLAG from IVB_M_AUTHORIZATION 
06-01-2017 19:15:18.568,DEBUG,A374F2BD3849274E379E049DCE3B6AF9,==> Parameters: 
06-01-2017 19:15:18.571,DEBUG,A374F2BD3849274E379E049DCE3B6AF9,<==      Total: 4
06-01-2017 19:15:18.572,INFO ,A374F2BD3849274E379E049DCE3B6AF9,U0000000001,vn.bananavietnam.ict.banana.service.Bnn0087SearchAffiliationService,initData,[{affiliationData=[{"authorizationTypeId":"1","authorizationTypeName":"Quản lý hệ thống","accessAuthorityId":"1","createUserId":"U0000000001","createDate":1489363200000,"updateUserId":"U0000000001","lastUpdateDate":1490054400000,"deleteFlag":false},{"authorizationTypeId":"2","authorizationTypeName":"Giám đốc kinh doanh","accessAuthorityId":"2","createUserId":"U0000000001","createDate":1489363200000,"updateUserId":"U0000000001","lastUpdateDate":1490054400000,"deleteFlag":false},{"authorizationTypeId":"3","authorizationTypeName":"Quản lý nông trại","accessAuthorityId":"3","createUserId":"U0000000001","createDate":1489363200000,"updateUserId":"U0000000001","lastUpdateDate":1490054400000,"deleteFlag":false},{"authorizationTypeId":"4","authorizationTypeName":"Quản lý lô","accessAuthorityId":"4","createUserId":"U0000000001","createDate":1489363200000,"updateUserId":"U0000000001","lastUpdateDate":1490054400000,"deleteFlag":false}]}] METHOD END
06-01-2017 19:15:18.711,INFO ,A374F2BD3849274E379E049DCE3B6AF9,U0000000001,vn.bananavietnam.ict.banana.service.Bnn0087SearchAffiliationService,searchData,[vn.bananavietnam.ict.banana.component.Bnn0087SearchAffiliationConditions@f0c2de] METHOD START
06-01-2017 19:15:18.711,INFO ,A374F2BD3849274E379E049DCE3B6AF9,U0000000001,Affiliation searching started
06-01-2017 19:15:18.733,DEBUG,A374F2BD3849274E379E049DCE3B6AF9,==>  Preparing: SELECT usr.userName userName, usr.userId userId , authorization.AUTHORIZATION_TYPE_NAME typeName, authorization.AUTHORIZATION_TYPE_ID typeId, mgr.farmIdList farmIdList, mgr.areaIdList areaIdList, mgr.lastUpdateDate lastUpdateDate FROM (SELECT users.USERS_NAME userName, users.USERS_ID userId FROM IVB_M_USERS users WHERE 1 = 1 AND users.DELETE_FLAG = '0') usr LEFT JOIN (SELECT manager.USERS_ID userId, manager.AUTHORIZATION_TYPE_ID typeId, (SELECT LAST_UPDATE_DATE FROM IVB_M_MANAGER ORDER BY LAST_UPDATE_DATE DESC LIMIT 1) lastUpdateDate, GROUP_CONCAT(manager.FARM_ID SEPARATOR ',') as farmIdList, GROUP_CONCAT(manager.AREA_ID SEPARATOR ',') as areaIdList FROM IVB_M_MANAGER manager WHERE 1 = 1 AND manager.DELETE_FLAG = '0' GROUP BY manager.USERS_ID, manager.AUTHORIZATION_TYPE_ID) mgr ON usr.userId = mgr.userId LEFT JOIN IVB_M_AUTHORIZATION authorization ON authorization.AUTHORIZATION_TYPE_ID = mgr.typeId ORDER BY usr.userName, authorization.AUTHORIZATION_TYPE_ID LIMIT ?,? 
06-01-2017 19:15:18.733,DEBUG,A374F2BD3849274E379E049DCE3B6AF9,==> Parameters: 0(Integer), 20(Integer)
06-01-2017 19:15:18.737,DEBUG,A374F2BD3849274E379E049DCE3B6AF9,<==      Total: 20
06-01-2017 19:15:18.737,INFO ,A374F2BD3849274E379E049DCE3B6AF9,U0000000001,SQL execution finished
06-01-2017 19:15:18.738,DEBUG,A374F2BD3849274E379E049DCE3B6AF9,==>  Preparing: SELECT COUNT(*) FROM (SELECT users.USERS_NAME userName, users.USERS_ID userId FROM IVB_M_USERS users WHERE 1 = 1 AND users.DELETE_FLAG = '0') usr LEFT JOIN (SELECT manager.USERS_ID userId, manager.AUTHORIZATION_TYPE_ID typeId FROM IVB_M_MANAGER manager WHERE 1 = 1 AND manager.DELETE_FLAG = '0' GROUP BY manager.USERS_ID, manager.AUTHORIZATION_TYPE_ID) mgr ON usr.userId = mgr.userId LEFT JOIN IVB_M_AUTHORIZATION authorization ON authorization.AUTHORIZATION_TYPE_ID = mgr.typeId ORDER BY usr.userId 
06-01-2017 19:15:18.738,DEBUG,A374F2BD3849274E379E049DCE3B6AF9,==> Parameters: 
06-01-2017 19:15:18.739,DEBUG,A374F2BD3849274E379E049DCE3B6AF9,<==      Total: 1
06-01-2017 19:15:18.739,INFO ,A374F2BD3849274E379E049DCE3B6AF9,U0000000001,Affiliation searching finished ==> 60 item(s)
06-01-2017 19:15:18.740,INFO ,A374F2BD3849274E379E049DCE3B6AF9,U0000000001,vn.bananavietnam.ict.banana.service.Bnn0087SearchAffiliationService,searchData,[vn.bananavietnam.ict.banana.component.Bnn0087SearchAffiliationConditions@f0c2de] METHOD END
