06-01-2017 18:33:57.268,INFO ,B80186252101081427ECA5EA55D9040E,U0000000001,vn.bananavietnam.ict.banana.service.Bnn0087SearchAffiliationService,searchData,[vn.bananavietnam.ict.banana.component.Bnn0087SearchAffiliationConditions@1e7b563] METHOD START
06-01-2017 18:33:57.268,INFO ,B80186252101081427ECA5EA55D9040E,U0000000001,Affiliation searching started
06-01-2017 18:34:01.307,ERROR,B80186252101081427ECA5EA55D9040E,U0000000001,java.lang.Exception: nested exception is org.apache.ibatis.exceptions.PersistenceException: 
06-01-2017 18:34:01.307,INFO ,B80186252101081427ECA5EA55D9040E,U0000000001,vn.bananavietnam.ict.banana.service.Bnn0087SearchAffiliationService,searchData,[vn.bananavietnam.ict.banana.component.Bnn0087SearchAffiliationConditions@1e7b563] METHOD END
06-01-2017 18:34:01.646,INFO ,B80186252101081427ECA5EA55D9040E,U0000000001,vn.bananavietnam.ict.banana.service.Bnn0087SearchAffiliationService,searchData,[vn.bananavietnam.ict.banana.component.Bnn0087SearchAffiliationConditions@1c4cb25] METHOD START
06-01-2017 18:34:01.646,INFO ,B80186252101081427ECA5EA55D9040E,U0000000001,Affiliation searching started
06-01-2017 18:34:01.666,DEBUG,B80186252101081427ECA5EA55D9040E,==>  Preparing: SELECT usr.userName userName, usr.userId userId , authorization.AUTHORIZATION_TYPE_NAME typeName, authorization.AUTHORIZATION_TYPE_ID typeId, mgr.farmIdList farmIdList, mgr.areaIdList areaIdList, mgr.lastUpdateDate lastUpdateDate FROM (SELECT users.USERS_NAME userName, users.USERS_ID userId FROM IVB_M_USERS users WHERE 1 = 1 AND users.DELETE_FLAG = '0') usr LEFT JOIN (SELECT manager.USERS_ID userId, manager.AUTHORIZATION_TYPE_ID typeId, (SELECT LAST_UPDATE_DATE FROM IVB_M_MANAGER ORDER BY LAST_UPDATE_DATE DESC LIMIT 1) lastUpdateDate, GROUP_CONCAT(manager.FARM_ID SEPARATOR ',') as farmIdList, GROUP_CONCAT(manager.AREA_ID SEPARATOR ',') as areaIdList FROM IVB_M_MANAGER manager WHERE 1 = 1 AND manager.DELETE_FLAG = '0' GROUP BY manager.USERS_ID, manager.AUTHORIZATION_TYPE_ID) mgr ON usr.userId = mgr.userId LEFT JOIN IVB_M_AUTHORIZATION authorization ON authorization.AUTHORIZATION_TYPE_ID = mgr.typeId ORDER BY usr.userName, authorization.AUTHORIZATION_TYPE_ID LIMIT ?,? 
06-01-2017 18:34:01.667,DEBUG,B80186252101081427ECA5EA55D9040E,==> Parameters: 0(Integer), 20(Integer)
06-01-2017 18:34:01.671,DEBUG,B80186252101081427ECA5EA55D9040E,<==      Total: 20
06-01-2017 18:34:01.671,INFO ,B80186252101081427ECA5EA55D9040E,U0000000001,SQL execution finished
06-01-2017 18:34:01.671,DEBUG,B80186252101081427ECA5EA55D9040E,==>  Preparing: SELECT COUNT(*) FROM (SELECT users.USERS_NAME userName, users.USERS_ID userId FROM IVB_M_USERS users WHERE 1 = 1 AND users.DELETE_FLAG = '0') usr LEFT JOIN (SELECT manager.USERS_ID userId, manager.AUTHORIZATION_TYPE_ID typeId FROM IVB_M_MANAGER manager WHERE 1 = 1 AND manager.DELETE_FLAG = '0' GROUP BY manager.USERS_ID, manager.AUTHORIZATION_TYPE_ID) mgr ON usr.userId = mgr.userId LEFT JOIN IVB_M_AUTHORIZATION authorization ON authorization.AUTHORIZATION_TYPE_ID = mgr.typeId ORDER BY usr.userId 
06-01-2017 18:34:01.671,DEBUG,B80186252101081427ECA5EA55D9040E,==> Parameters: 
06-01-2017 18:34:01.672,DEBUG,B80186252101081427ECA5EA55D9040E,<==      Total: 1
06-01-2017 18:34:01.673,INFO ,B80186252101081427ECA5EA55D9040E,U0000000001,Affiliation searching finished ==> 60 item(s)
06-01-2017 18:34:01.673,INFO ,B80186252101081427ECA5EA55D9040E,U0000000001,vn.bananavietnam.ict.banana.service.Bnn0087SearchAffiliationService,searchData,[vn.bananavietnam.ict.banana.component.Bnn0087SearchAffiliationConditions@1c4cb25] METHOD END
06-01-2017 18:34:02.350,INFO ,29130A325516C0C685BA8F42A10329A2,U0000000001,vn.bananavietnam.ict.banana.service.Bnn0087SearchAffiliationService,initData,[{}] METHOD START
06-01-2017 18:34:02.365,DEBUG,29130A325516C0C685BA8F42A10329A2,==>  Preparing: select AUTHORIZATION_TYPE_ID, AUTHORIZATION_TYPE_NAME, ACCESS_AUTHORITY_ID, CREATE_USER_ID, CREATE_DATE, UPDATE_USER_ID, LAST_UPDATE_DATE, DELETE_FLAG from IVB_M_AUTHORIZATION 
06-01-2017 18:34:02.365,DEBUG,29130A325516C0C685BA8F42A10329A2,==> Parameters: 
06-01-2017 18:34:02.367,DEBUG,29130A325516C0C685BA8F42A10329A2,<==      Total: 4
06-01-2017 18:34:02.367,INFO ,29130A325516C0C685BA8F42A10329A2,U0000000001,vn.bananavietnam.ict.banana.service.Bnn0087SearchAffiliationService,initData,[{affiliationData=[{"authorizationTypeId":"1","authorizationTypeName":"Quản lý hệ thống","accessAuthorityId":"1","createUserId":"U0000000001","createDate":1489363200000,"updateUserId":"U0000000001","lastUpdateDate":1490054400000,"deleteFlag":false},{"authorizationTypeId":"2","authorizationTypeName":"Giám đốc kinh doanh","accessAuthorityId":"2","createUserId":"U0000000001","createDate":1489363200000,"updateUserId":"U0000000001","lastUpdateDate":1490054400000,"deleteFlag":false},{"authorizationTypeId":"3","authorizationTypeName":"Quản lý nông trại","accessAuthorityId":"3","createUserId":"U0000000001","createDate":1489363200000,"updateUserId":"U0000000001","lastUpdateDate":1490054400000,"deleteFlag":false},{"authorizationTypeId":"4","authorizationTypeName":"Quản lý lô","accessAuthorityId":"4","createUserId":"U0000000001","createDate":1489363200000,"updateUserId":"U0000000001","lastUpdateDate":1490054400000,"deleteFlag":false}]}] METHOD END
06-01-2017 18:34:02.511,INFO ,29130A325516C0C685BA8F42A10329A2,U0000000001,vn.bananavietnam.ict.banana.service.Bnn0087SearchAffiliationService,searchData,[vn.bananavietnam.ict.banana.component.Bnn0087SearchAffiliationConditions@1800082] METHOD START
06-01-2017 18:34:02.511,INFO ,29130A325516C0C685BA8F42A10329A2,U0000000001,Affiliation searching started
06-01-2017 18:34:02.530,DEBUG,29130A325516C0C685BA8F42A10329A2,==>  Preparing: SELECT usr.userName userName, usr.userId userId , authorization.AUTHORIZATION_TYPE_NAME typeName, authorization.AUTHORIZATION_TYPE_ID typeId, mgr.farmIdList farmIdList, mgr.areaIdList areaIdList, mgr.lastUpdateDate lastUpdateDate FROM (SELECT users.USERS_NAME userName, users.USERS_ID userId FROM IVB_M_USERS users WHERE 1 = 1 AND users.DELETE_FLAG = '0') usr LEFT JOIN (SELECT manager.USERS_ID userId, manager.AUTHORIZATION_TYPE_ID typeId, (SELECT LAST_UPDATE_DATE FROM IVB_M_MANAGER ORDER BY LAST_UPDATE_DATE DESC LIMIT 1) lastUpdateDate, GROUP_CONCAT(manager.FARM_ID SEPARATOR ',') as farmIdList, GROUP_CONCAT(manager.AREA_ID SEPARATOR ',') as areaIdList FROM IVB_M_MANAGER manager WHERE 1 = 1 AND manager.DELETE_FLAG = '0' GROUP BY manager.USERS_ID, manager.AUTHORIZATION_TYPE_ID) mgr ON usr.userId = mgr.userId LEFT JOIN IVB_M_AUTHORIZATION authorization ON authorization.AUTHORIZATION_TYPE_ID = mgr.typeId ORDER BY usr.userName, authorization.AUTHORIZATION_TYPE_ID LIMIT ?,? 
06-01-2017 18:34:02.530,DEBUG,29130A325516C0C685BA8F42A10329A2,==> Parameters: 0(Integer), 20(Integer)
06-01-2017 18:34:02.534,DEBUG,29130A325516C0C685BA8F42A10329A2,<==      Total: 20
06-01-2017 18:34:02.534,INFO ,29130A325516C0C685BA8F42A10329A2,U0000000001,SQL execution finished
06-01-2017 18:34:02.534,DEBUG,29130A325516C0C685BA8F42A10329A2,==>  Preparing: SELECT COUNT(*) FROM (SELECT users.USERS_NAME userName, users.USERS_ID userId FROM IVB_M_USERS users WHERE 1 = 1 AND users.DELETE_FLAG = '0') usr LEFT JOIN (SELECT manager.USERS_ID userId, manager.AUTHORIZATION_TYPE_ID typeId FROM IVB_M_MANAGER manager WHERE 1 = 1 AND manager.DELETE_FLAG = '0' GROUP BY manager.USERS_ID, manager.AUTHORIZATION_TYPE_ID) mgr ON usr.userId = mgr.userId LEFT JOIN IVB_M_AUTHORIZATION authorization ON authorization.AUTHORIZATION_TYPE_ID = mgr.typeId ORDER BY usr.userId 
06-01-2017 18:34:02.534,DEBUG,29130A325516C0C685BA8F42A10329A2,==> Parameters: 
06-01-2017 18:34:02.536,DEBUG,29130A325516C0C685BA8F42A10329A2,<==      Total: 1
06-01-2017 18:34:02.536,INFO ,29130A325516C0C685BA8F42A10329A2,U0000000001,Affiliation searching finished ==> 60 item(s)
06-01-2017 18:34:02.536,INFO ,29130A325516C0C685BA8F42A10329A2,U0000000001,vn.bananavietnam.ict.banana.service.Bnn0087SearchAffiliationService,searchData,[vn.bananavietnam.ict.banana.component.Bnn0087SearchAffiliationConditions@1800082] METHOD END
