05-08-2017 14:57:14.992,DEBUG,FAC1299E4D170E521C1A759795EF322A,/0089/insertData at position 1 of 11 in additional filter chain; firing Filter: 'SecurityContextPersistenceFilter'
05-08-2017 14:57:14.993,DEBUG,FAC1299E4D170E521C1A759795EF322A,Obtained a valid SecurityContext from SPRING_SECURITY_CONTEXT: 'org.springframework.security.core.context.SecurityContextImpl@3b6d4a73: Authentication: org.springframework.security.authentication.UsernamePasswordAuthenticationToken@3b6d4a73: Principal: vn.bananavietnam.ict.common.auth.MyUser@c4907816: Username: U0000000001; Password: [PROTECTED]; Enabled: true; AccountNonExpired: true; credentialsNonExpired: true; AccountNonLocked: true; Granted Authorities: 1; Credentials: [PROTECTED]; Authenticated: true; Details: org.springframework.security.web.authentication.WebAuthenticationDetails@2cd90: RemoteIpAddress: 0:0:0:0:0:0:0:1; SessionId: 013D85EF647DDA57C3C5F053A52D090E; Granted Authorities: 1'
05-08-2017 14:57:14.993,DEBUG,FAC1299E4D170E521C1A759795EF322A,/0089/insertData at position 2 of 11 in additional filter chain; firing Filter: 'WebAsyncManagerIntegrationFilter'
05-08-2017 14:57:14.993,DEBUG,FAC1299E4D170E521C1A759795EF322A,/0089/insertData at position 3 of 11 in additional filter chain; firing Filter: 'LogoutFilter'
05-08-2017 14:57:14.993,DEBUG,FAC1299E4D170E521C1A759795EF322A,/0089/insertData at position 4 of 11 in additional filter chain; firing Filter: 'UsernamePasswordAuthenticationFilter'
05-08-2017 14:57:14.993,DEBUG,FAC1299E4D170E521C1A759795EF322A,/0089/insertData at position 5 of 11 in additional filter chain; firing Filter: 'BasicAuthenticationFilter'
05-08-2017 14:57:14.993,DEBUG,FAC1299E4D170E521C1A759795EF322A,/0089/insertData at position 6 of 11 in additional filter chain; firing Filter: 'RequestCacheAwareFilter'
05-08-2017 14:57:14.993,DEBUG,FAC1299E4D170E521C1A759795EF322A,/0089/insertData at position 7 of 11 in additional filter chain; firing Filter: 'SecurityContextHolderAwareRequestFilter'
05-08-2017 14:57:14.993,DEBUG,FAC1299E4D170E521C1A759795EF322A,/0089/insertData at position 8 of 11 in additional filter chain; firing Filter: 'AnonymousAuthenticationFilter'
05-08-2017 14:57:14.993,DEBUG,FAC1299E4D170E521C1A759795EF322A,SecurityContextHolder not populated with anonymous token, as it already contained: 'org.springframework.security.authentication.UsernamePasswordAuthenticationToken@3b6d4a73: Principal: vn.bananavietnam.ict.common.auth.MyUser@c4907816: Username: U0000000001; Password: [PROTECTED]; Enabled: true; AccountNonExpired: true; credentialsNonExpired: true; AccountNonLocked: true; Granted Authorities: 1; Credentials: [PROTECTED]; Authenticated: true; Details: org.springframework.security.web.authentication.WebAuthenticationDetails@2cd90: RemoteIpAddress: 0:0:0:0:0:0:0:1; SessionId: 013D85EF647DDA57C3C5F053A52D090E; Granted Authorities: 1'
05-08-2017 14:57:14.993,DEBUG,FAC1299E4D170E521C1A759795EF322A,/0089/insertData at position 9 of 11 in additional filter chain; firing Filter: 'SessionManagementFilter'
05-08-2017 14:57:14.993,DEBUG,FAC1299E4D170E521C1A759795EF322A,/0089/insertData at position 10 of 11 in additional filter chain; firing Filter: 'ExceptionTranslationFilter'
05-08-2017 14:57:14.994,DEBUG,FAC1299E4D170E521C1A759795EF322A,/0089/insertData at position 11 of 11 in additional filter chain; firing Filter: 'FilterSecurityInterceptor'
05-08-2017 14:57:14.994,DEBUG,FAC1299E4D170E521C1A759795EF322A,Checking match of request : '/0089/insertdata'; against '/autherror*'
05-08-2017 14:57:14.994,DEBUG,FAC1299E4D170E521C1A759795EF322A,Checking match of request : '/0089/insertdata'; against '/login/**'
05-08-2017 14:57:14.994,DEBUG,FAC1299E4D170E521C1A759795EF322A,Checking match of request : '/0089/insertdata'; against '/0001/**'
05-08-2017 14:57:14.994,DEBUG,FAC1299E4D170E521C1A759795EF322A,Checking match of request : '/0089/insertdata'; against '/0002/**'
05-08-2017 14:57:14.994,DEBUG,FAC1299E4D170E521C1A759795EF322A,Checking match of request : '/0089/insertdata'; against '/0003/**'
05-08-2017 14:57:14.994,DEBUG,FAC1299E4D170E521C1A759795EF322A,Checking match of request : '/0089/insertdata'; against '/searchuserpopup/**'
05-08-2017 14:57:14.994,DEBUG,FAC1299E4D170E521C1A759795EF322A,Checking match of request : '/0089/insertdata'; against '/0005/**'
05-08-2017 14:57:14.995,DEBUG,FAC1299E4D170E521C1A759795EF322A,Checking match of request : '/0089/insertdata'; against '/0009/**'
05-08-2017 14:57:14.995,DEBUG,FAC1299E4D170E521C1A759795EF322A,Checking match of request : '/0089/insertdata'; against '/searchline/**'
05-08-2017 14:57:14.995,DEBUG,FAC1299E4D170E521C1A759795EF322A,Checking match of request : '/0089/insertdata'; against '/0013/**'
05-08-2017 14:57:14.995,DEBUG,FAC1299E4D170E521C1A759795EF322A,Checking match of request : '/0089/insertdata'; against '/0017/**'
05-08-2017 14:57:14.995,DEBUG,FAC1299E4D170E521C1A759795EF322A,Checking match of request : '/0089/insertdata'; against '/0031/**'
05-08-2017 14:57:14.995,DEBUG,FAC1299E4D170E521C1A759795EF322A,Checking match of request : '/0089/insertdata'; against '/0035/**'
05-08-2017 14:57:14.995,DEBUG,FAC1299E4D170E521C1A759795EF322A,Checking match of request : '/0089/insertdata'; against '/0037/**'
05-08-2017 14:57:14.995,DEBUG,FAC1299E4D170E521C1A759795EF322A,Checking match of request : '/0089/insertdata'; against '/0045/**'
05-08-2017 14:57:14.995,DEBUG,FAC1299E4D170E521C1A759795EF322A,Checking match of request : '/0089/insertdata'; against '/0047/**'
05-08-2017 14:57:14.995,DEBUG,FAC1299E4D170E521C1A759795EF322A,Checking match of request : '/0089/insertdata'; against '/0049/**'
05-08-2017 14:57:14.995,DEBUG,FAC1299E4D170E521C1A759795EF322A,Checking match of request : '/0089/insertdata'; against '/0061/**'
05-08-2017 14:57:14.995,DEBUG,FAC1299E4D170E521C1A759795EF322A,Checking match of request : '/0089/insertdata'; against '/0087/**'
05-08-2017 14:57:14.995,DEBUG,FAC1299E4D170E521C1A759795EF322A,Checking match of request : '/0089/insertdata'; against '/0075/**'
05-08-2017 14:57:14.995,DEBUG,FAC1299E4D170E521C1A759795EF322A,Checking match of request : '/0089/insertdata'; against '/0089/**'
05-08-2017 14:57:14.995,DEBUG,FAC1299E4D170E521C1A759795EF322A,Secure object: FilterInvocation: URL: /0089/insertData; Attributes: [ROLE_ADMIN, ROLE_USER, IS_AUTHENTICATED_FULLY]
05-08-2017 14:57:14.995,DEBUG,FAC1299E4D170E521C1A759795EF322A,Previously Authenticated: org.springframework.security.authentication.UsernamePasswordAuthenticationToken@3b6d4a73: Principal: vn.bananavietnam.ict.common.auth.MyUser@c4907816: Username: U0000000001; Password: [PROTECTED]; Enabled: true; AccountNonExpired: true; credentialsNonExpired: true; AccountNonLocked: true; Granted Authorities: 1; Credentials: [PROTECTED]; Authenticated: true; Details: org.springframework.security.web.authentication.WebAuthenticationDetails@2cd90: RemoteIpAddress: 0:0:0:0:0:0:0:1; SessionId: 013D85EF647DDA57C3C5F053A52D090E; Granted Authorities: 1
05-08-2017 14:57:14.995,DEBUG,FAC1299E4D170E521C1A759795EF322A,Voter: org.springframework.security.access.vote.RoleVoter@1b68791, returned: -1
05-08-2017 14:57:14.995,DEBUG,FAC1299E4D170E521C1A759795EF322A,Voter: org.springframework.security.access.vote.AuthenticatedVoter@1fd620c, returned: 1
05-08-2017 14:57:14.995,DEBUG,FAC1299E4D170E521C1A759795EF322A,Authorization successful
05-08-2017 14:57:14.995,DEBUG,FAC1299E4D170E521C1A759795EF322A,RunAsManager did not change Authentication object
05-08-2017 14:57:14.995,DEBUG,FAC1299E4D170E521C1A759795EF322A,/0089/insertData reached end of additional filter chain; proceeding with original chain
05-08-2017 14:57:14.995,DEBUG,FAC1299E4D170E521C1A759795EF322A,Request [/ict/0089/insertData] is not a multipart request
05-08-2017 14:57:14.995,DEBUG,FAC1299E4D170E521C1A759795EF322A,DispatcherServlet with name 'appServlet' processing POST request for [/ict/0089/insertData]
05-08-2017 14:57:14.995,DEBUG,FAC1299E4D170E521C1A759795EF322A,Looking up handler method for path /0089/insertData
05-08-2017 14:57:14.995,DEBUG,FAC1299E4D170E521C1A759795EF322A,Returning handler method [public java.lang.String vn.bananavietnam.ict.banana.controller.Bnn0089SearchTaskController.insertData(vn.bananavietnam.ict.common.db.model.IvbMTask)]
05-08-2017 14:57:14.995,DEBUG,FAC1299E4D170E521C1A759795EF322A,Returning cached instance of singleton bean 'bnn0089SearchTaskController'
05-08-2017 14:57:14.996,DEBUG,FAC1299E4D170E521C1A759795EF322A,Returning cached instance of singleton bean 'xml_path'
05-08-2017 14:57:14.996,DEBUG,FAC1299E4D170E521C1A759795EF322A,Skip CORS processing: request is from same origin
05-08-2017 14:57:14.996,DEBUG,FAC1299E4D170E521C1A759795EF322A,Read [class vn.bananavietnam.ict.common.db.model.IvbMTask] as "application/json" with [org.springframework.http.converter.json.MappingJackson2HttpMessageConverter@1fe278e]
05-08-2017 14:57:14.997,INFO ,FAC1299E4D170E521C1A759795EF322A,U0000000001,vn.bananavietnam.ict.banana.service.Bnn0089SearchTaskService,insertData,[vn.bananavietnam.ict.common.db.model.IvbMTask@1cf06d] METHOD START
05-08-2017 14:57:14.997,DEBUG,FAC1299E4D170E521C1A759795EF322A,Returning cached instance of singleton bean 'transactionManager'
05-08-2017 14:57:14.997,DEBUG,FAC1299E4D170E521C1A759795EF322A,Creating new transaction with name [null]: PROPAGATION_REQUIRED,ISOLATION_DEFAULT
05-08-2017 14:57:14.997,DEBUG,FAC1299E4D170E521C1A759795EF322A,Creating new JDBC DriverManager Connection to [jdbc:mysql://172.16.0.175:3306/BANANA_DB_HUNG_SELENIUM?useUnicode=yes&characterEncoding=UTF-8&autoReconnect=true]
05-08-2017 14:57:15.013,DEBUG,FAC1299E4D170E521C1A759795EF322A,Acquired Connection [com.mysql.jdbc.JDBC4Connection@66c454] for JDBC transaction
05-08-2017 14:57:15.013,DEBUG,FAC1299E4D170E521C1A759795EF322A,Switching JDBC Connection [com.mysql.jdbc.JDBC4Connection@66c454] to manual commit
05-08-2017 14:57:15.015,DEBUG,FAC1299E4D170E521C1A759795EF322A,Creating a new SqlSession
05-08-2017 14:57:15.015,DEBUG,FAC1299E4D170E521C1A759795EF322A,Registering transaction synchronization for SqlSession [org.apache.ibatis.session.defaults.DefaultSqlSession@16ea5a3]
05-08-2017 14:57:15.015,DEBUG,FAC1299E4D170E521C1A759795EF322A,JDBC Connection [com.mysql.jdbc.JDBC4Connection@66c454] will be managed by Spring
05-08-2017 14:57:15.015,DEBUG,FAC1299E4D170E521C1A759795EF322A,==>  Preparing: SELECT TASK_ID taskId FROM IVB_M_TASK ORDER BY TASK_ID DESC LIMIT 1 
05-08-2017 14:57:15.015,DEBUG,FAC1299E4D170E521C1A759795EF322A,==> Parameters: 
05-08-2017 14:57:15.016,DEBUG,FAC1299E4D170E521C1A759795EF322A,<==      Total: 1
05-08-2017 14:57:15.016,DEBUG,FAC1299E4D170E521C1A759795EF322A,Releasing transactional SqlSession [org.apache.ibatis.session.defaults.DefaultSqlSession@16ea5a3]
05-08-2017 14:57:15.017,DEBUG,FAC1299E4D170E521C1A759795EF322A,Fetched SqlSession [org.apache.ibatis.session.defaults.DefaultSqlSession@16ea5a3] from current transaction
05-08-2017 14:57:15.017,DEBUG,FAC1299E4D170E521C1A759795EF322A,==>  Preparing: insert into IVB_M_TASK (TASK_ID, TASK_NAME, WORKING_DETAILS, NOTE, QUARANTINE_HANDLING_FLAG, CHANGE_POINT_CODE, CREATE_USER_ID, CREATE_DATE, UPDATE_USER_ID, LAST_UPDATE_DATE, DELETE_FLAG) values (?, ?, ?, ?, ?, ?, ?, NOW(), ?, NOW(), ?) 
05-08-2017 14:57:15.017,DEBUG,FAC1299E4D170E521C1A759795EF322A,==> Parameters: T060(String), ABC Task(String), ABC Task(String), (String), true(Boolean), 0(String), U0000000001(String), U0000000001(String), false(Boolean)
05-08-2017 14:57:15.020,DEBUG,FAC1299E4D170E521C1A759795EF322A,<==    Updates: 1
05-08-2017 14:57:15.020,DEBUG,FAC1299E4D170E521C1A759795EF322A,Releasing transactional SqlSession [org.apache.ibatis.session.defaults.DefaultSqlSession@16ea5a3]
05-08-2017 14:57:15.020,DEBUG,FAC1299E4D170E521C1A759795EF322A,Transaction synchronization committing SqlSession [org.apache.ibatis.session.defaults.DefaultSqlSession@16ea5a3]
05-08-2017 14:57:15.020,DEBUG,FAC1299E4D170E521C1A759795EF322A,Transaction synchronization deregistering SqlSession [org.apache.ibatis.session.defaults.DefaultSqlSession@16ea5a3]
05-08-2017 14:57:15.020,DEBUG,FAC1299E4D170E521C1A759795EF322A,Transaction synchronization closing SqlSession [org.apache.ibatis.session.defaults.DefaultSqlSession@16ea5a3]
05-08-2017 14:57:15.020,DEBUG,FAC1299E4D170E521C1A759795EF322A,Initiating transaction commit
05-08-2017 14:57:15.020,DEBUG,FAC1299E4D170E521C1A759795EF322A,Committing JDBC transaction on Connection [com.mysql.jdbc.JDBC4Connection@66c454]
05-08-2017 14:57:15.026,DEBUG,FAC1299E4D170E521C1A759795EF322A,Releasing JDBC Connection [com.mysql.jdbc.JDBC4Connection@66c454] after transaction
05-08-2017 14:57:15.026,DEBUG,FAC1299E4D170E521C1A759795EF322A,Returning JDBC Connection to DataSource
05-08-2017 14:57:15.026,INFO ,FAC1299E4D170E521C1A759795EF322A,U0000000001,vn.bananavietnam.ict.banana.service.Bnn0089SearchTaskService,insertData,[vn.bananavietnam.ict.common.db.model.IvbMTask@1cf06d] METHOD END
05-08-2017 14:57:15.028,DEBUG,FAC1299E4D170E521C1A759795EF322A,Written [5000] as "text/plain;charset=ISO-8859-1" using [org.springframework.http.converter.StringHttpMessageConverter@1136134]
05-08-2017 14:57:15.028,DEBUG,FAC1299E4D170E521C1A759795EF322A,Null ModelAndView returned to DispatcherServlet with name 'appServlet': assuming HandlerAdapter completed request handling
05-08-2017 14:57:15.028,DEBUG,FAC1299E4D170E521C1A759795EF322A,Successfully completed request
05-08-2017 14:57:15.029,DEBUG,FAC1299E4D170E521C1A759795EF322A,Chain processed normally
05-08-2017 14:57:15.029,DEBUG,FAC1299E4D170E521C1A759795EF322A,SecurityContextHolder now cleared, as request processing completed
05-08-2017 14:57:15.031,DEBUG,FAC1299E4D170E521C1A759795EF322A,/0089/searchData at position 1 of 11 in additional filter chain; firing Filter: 'SecurityContextPersistenceFilter'
05-08-2017 14:57:15.031,DEBUG,FAC1299E4D170E521C1A759795EF322A,Obtained a valid SecurityContext from SPRING_SECURITY_CONTEXT: 'org.springframework.security.core.context.SecurityContextImpl@3b6d4a73: Authentication: org.springframework.security.authentication.UsernamePasswordAuthenticationToken@3b6d4a73: Principal: vn.bananavietnam.ict.common.auth.MyUser@c4907816: Username: U0000000001; Password: [PROTECTED]; Enabled: true; AccountNonExpired: true; credentialsNonExpired: true; AccountNonLocked: true; Granted Authorities: 1; Credentials: [PROTECTED]; Authenticated: true; Details: org.springframework.security.web.authentication.WebAuthenticationDetails@2cd90: RemoteIpAddress: 0:0:0:0:0:0:0:1; SessionId: 013D85EF647DDA57C3C5F053A52D090E; Granted Authorities: 1'
05-08-2017 14:57:15.031,DEBUG,FAC1299E4D170E521C1A759795EF322A,/0089/searchData at position 2 of 11 in additional filter chain; firing Filter: 'WebAsyncManagerIntegrationFilter'
05-08-2017 14:57:15.032,DEBUG,FAC1299E4D170E521C1A759795EF322A,/0089/searchData at position 3 of 11 in additional filter chain; firing Filter: 'LogoutFilter'
05-08-2017 14:57:15.032,DEBUG,FAC1299E4D170E521C1A759795EF322A,/0089/searchData at position 4 of 11 in additional filter chain; firing Filter: 'UsernamePasswordAuthenticationFilter'
05-08-2017 14:57:15.032,DEBUG,FAC1299E4D170E521C1A759795EF322A,/0089/searchData at position 5 of 11 in additional filter chain; firing Filter: 'BasicAuthenticationFilter'
05-08-2017 14:57:15.032,DEBUG,FAC1299E4D170E521C1A759795EF322A,/0089/searchData at position 6 of 11 in additional filter chain; firing Filter: 'RequestCacheAwareFilter'
05-08-2017 14:57:15.032,DEBUG,FAC1299E4D170E521C1A759795EF322A,/0089/searchData at position 7 of 11 in additional filter chain; firing Filter: 'SecurityContextHolderAwareRequestFilter'
05-08-2017 14:57:15.032,DEBUG,FAC1299E4D170E521C1A759795EF322A,/0089/searchData at position 8 of 11 in additional filter chain; firing Filter: 'AnonymousAuthenticationFilter'
05-08-2017 14:57:15.032,DEBUG,FAC1299E4D170E521C1A759795EF322A,SecurityContextHolder not populated with anonymous token, as it already contained: 'org.springframework.security.authentication.UsernamePasswordAuthenticationToken@3b6d4a73: Principal: vn.bananavietnam.ict.common.auth.MyUser@c4907816: Username: U0000000001; Password: [PROTECTED]; Enabled: true; AccountNonExpired: true; credentialsNonExpired: true; AccountNonLocked: true; Granted Authorities: 1; Credentials: [PROTECTED]; Authenticated: true; Details: org.springframework.security.web.authentication.WebAuthenticationDetails@2cd90: RemoteIpAddress: 0:0:0:0:0:0:0:1; SessionId: 013D85EF647DDA57C3C5F053A52D090E; Granted Authorities: 1'
05-08-2017 14:57:15.032,DEBUG,FAC1299E4D170E521C1A759795EF322A,/0089/searchData at position 9 of 11 in additional filter chain; firing Filter: 'SessionManagementFilter'
05-08-2017 14:57:15.032,DEBUG,FAC1299E4D170E521C1A759795EF322A,/0089/searchData at position 10 of 11 in additional filter chain; firing Filter: 'ExceptionTranslationFilter'
05-08-2017 14:57:15.032,DEBUG,FAC1299E4D170E521C1A759795EF322A,/0089/searchData at position 11 of 11 in additional filter chain; firing Filter: 'FilterSecurityInterceptor'
05-08-2017 14:57:15.032,DEBUG,FAC1299E4D170E521C1A759795EF322A,Checking match of request : '/0089/searchdata'; against '/autherror*'
05-08-2017 14:57:15.032,DEBUG,FAC1299E4D170E521C1A759795EF322A,Checking match of request : '/0089/searchdata'; against '/login/**'
05-08-2017 14:57:15.032,DEBUG,FAC1299E4D170E521C1A759795EF322A,Checking match of request : '/0089/searchdata'; against '/0001/**'
05-08-2017 14:57:15.032,DEBUG,FAC1299E4D170E521C1A759795EF322A,Checking match of request : '/0089/searchdata'; against '/0002/**'
05-08-2017 14:57:15.032,DEBUG,FAC1299E4D170E521C1A759795EF322A,Checking match of request : '/0089/searchdata'; against '/0003/**'
05-08-2017 14:57:15.032,DEBUG,FAC1299E4D170E521C1A759795EF322A,Checking match of request : '/0089/searchdata'; against '/searchuserpopup/**'
05-08-2017 14:57:15.032,DEBUG,FAC1299E4D170E521C1A759795EF322A,Checking match of request : '/0089/searchdata'; against '/0005/**'
05-08-2017 14:57:15.032,DEBUG,FAC1299E4D170E521C1A759795EF322A,Checking match of request : '/0089/searchdata'; against '/0009/**'
05-08-2017 14:57:15.032,DEBUG,FAC1299E4D170E521C1A759795EF322A,Checking match of request : '/0089/searchdata'; against '/searchline/**'
05-08-2017 14:57:15.032,DEBUG,FAC1299E4D170E521C1A759795EF322A,Checking match of request : '/0089/searchdata'; against '/0013/**'
05-08-2017 14:57:15.032,DEBUG,FAC1299E4D170E521C1A759795EF322A,Checking match of request : '/0089/searchdata'; against '/0017/**'
05-08-2017 14:57:15.032,DEBUG,FAC1299E4D170E521C1A759795EF322A,Checking match of request : '/0089/searchdata'; against '/0031/**'
05-08-2017 14:57:15.032,DEBUG,FAC1299E4D170E521C1A759795EF322A,Checking match of request : '/0089/searchdata'; against '/0035/**'
05-08-2017 14:57:15.032,DEBUG,FAC1299E4D170E521C1A759795EF322A,Checking match of request : '/0089/searchdata'; against '/0037/**'
05-08-2017 14:57:15.032,DEBUG,FAC1299E4D170E521C1A759795EF322A,Checking match of request : '/0089/searchdata'; against '/0045/**'
05-08-2017 14:57:15.032,DEBUG,FAC1299E4D170E521C1A759795EF322A,Checking match of request : '/0089/searchdata'; against '/0047/**'
05-08-2017 14:57:15.032,DEBUG,FAC1299E4D170E521C1A759795EF322A,Checking match of request : '/0089/searchdata'; against '/0049/**'
05-08-2017 14:57:15.032,DEBUG,FAC1299E4D170E521C1A759795EF322A,Checking match of request : '/0089/searchdata'; against '/0061/**'
05-08-2017 14:57:15.032,DEBUG,FAC1299E4D170E521C1A759795EF322A,Checking match of request : '/0089/searchdata'; against '/0087/**'
05-08-2017 14:57:15.032,DEBUG,FAC1299E4D170E521C1A759795EF322A,Checking match of request : '/0089/searchdata'; against '/0075/**'
05-08-2017 14:57:15.032,DEBUG,FAC1299E4D170E521C1A759795EF322A,Checking match of request : '/0089/searchdata'; against '/0089/**'
05-08-2017 14:57:15.032,DEBUG,FAC1299E4D170E521C1A759795EF322A,Secure object: FilterInvocation: URL: /0089/searchData; Attributes: [ROLE_ADMIN, ROLE_USER, IS_AUTHENTICATED_FULLY]
05-08-2017 14:57:15.032,DEBUG,FAC1299E4D170E521C1A759795EF322A,Previously Authenticated: org.springframework.security.authentication.UsernamePasswordAuthenticationToken@3b6d4a73: Principal: vn.bananavietnam.ict.common.auth.MyUser@c4907816: Username: U0000000001; Password: [PROTECTED]; Enabled: true; AccountNonExpired: true; credentialsNonExpired: true; AccountNonLocked: true; Granted Authorities: 1; Credentials: [PROTECTED]; Authenticated: true; Details: org.springframework.security.web.authentication.WebAuthenticationDetails@2cd90: RemoteIpAddress: 0:0:0:0:0:0:0:1; SessionId: 013D85EF647DDA57C3C5F053A52D090E; Granted Authorities: 1
05-08-2017 14:57:15.032,DEBUG,FAC1299E4D170E521C1A759795EF322A,Voter: org.springframework.security.access.vote.RoleVoter@1b68791, returned: -1
05-08-2017 14:57:15.032,DEBUG,FAC1299E4D170E521C1A759795EF322A,Voter: org.springframework.security.access.vote.AuthenticatedVoter@1fd620c, returned: 1
05-08-2017 14:57:15.032,DEBUG,FAC1299E4D170E521C1A759795EF322A,Authorization successful
05-08-2017 14:57:15.032,DEBUG,FAC1299E4D170E521C1A759795EF322A,RunAsManager did not change Authentication object
05-08-2017 14:57:15.032,DEBUG,FAC1299E4D170E521C1A759795EF322A,/0089/searchData reached end of additional filter chain; proceeding with original chain
05-08-2017 14:57:15.033,DEBUG,FAC1299E4D170E521C1A759795EF322A,Request [/ict/0089/searchData] is not a multipart request
05-08-2017 14:57:15.033,DEBUG,FAC1299E4D170E521C1A759795EF322A,DispatcherServlet with name 'appServlet' processing POST request for [/ict/0089/searchData]
05-08-2017 14:57:15.033,DEBUG,FAC1299E4D170E521C1A759795EF322A,Looking up handler method for path /0089/searchData
05-08-2017 14:57:15.033,DEBUG,FAC1299E4D170E521C1A759795EF322A,Returning handler method [public java.util.List<vn.bananavietnam.ict.banana.component.Bnn0089SearchTaskResult> vn.bananavietnam.ict.banana.controller.Bnn0089SearchTaskController.searchData(vn.bananavietnam.ict.banana.component.Bnn0089SearchTaskConditions)]
05-08-2017 14:57:15.033,DEBUG,FAC1299E4D170E521C1A759795EF322A,Returning cached instance of singleton bean 'bnn0089SearchTaskController'
05-08-2017 14:57:15.033,DEBUG,FAC1299E4D170E521C1A759795EF322A,Returning cached instance of singleton bean 'xml_path'
05-08-2017 14:57:15.033,DEBUG,FAC1299E4D170E521C1A759795EF322A,Skip CORS processing: request is from same origin
05-08-2017 14:57:15.034,DEBUG,FAC1299E4D170E521C1A759795EF322A,Read [class vn.bananavietnam.ict.banana.component.Bnn0089SearchTaskConditions] as "application/json" with [org.springframework.http.converter.json.MappingJackson2HttpMessageConverter@1fe278e]
05-08-2017 14:57:15.034,INFO ,FAC1299E4D170E521C1A759795EF322A,U0000000001,vn.bananavietnam.ict.banana.service.Bnn0089SearchTaskService,searchData,[vn.bananavietnam.ict.banana.component.Bnn0089SearchTaskConditions@1dd22d0] METHOD START
05-08-2017 14:57:15.034,DEBUG,FAC1299E4D170E521C1A759795EF322A,Returning cached instance of singleton bean 'transactionManager'
05-08-2017 14:57:15.034,INFO ,FAC1299E4D170E521C1A759795EF322A,U0000000001,Task searching started
05-08-2017 14:57:15.034,DEBUG,FAC1299E4D170E521C1A759795EF322A,Creating a new SqlSession
05-08-2017 14:57:15.034,DEBUG,FAC1299E4D170E521C1A759795EF322A,Registering transaction synchronization for SqlSession [org.apache.ibatis.session.defaults.DefaultSqlSession@85ea23]
05-08-2017 14:57:15.034,DEBUG,FAC1299E4D170E521C1A759795EF322A,Fetching JDBC Connection from DataSource
05-08-2017 14:57:15.034,DEBUG,FAC1299E4D170E521C1A759795EF322A,Creating new JDBC DriverManager Connection to [jdbc:mysql://172.16.0.175:3306/BANANA_DB_HUNG_SELENIUM?useUnicode=yes&characterEncoding=UTF-8&autoReconnect=true]
05-08-2017 14:57:15.054,DEBUG,FAC1299E4D170E521C1A759795EF322A,Registering transaction synchronization for JDBC Connection
05-08-2017 14:57:15.054,DEBUG,FAC1299E4D170E521C1A759795EF322A,JDBC Connection [com.mysql.jdbc.JDBC4Connection@c10a2c] will be managed by Spring
05-08-2017 14:57:15.054,DEBUG,FAC1299E4D170E521C1A759795EF322A,==>  Preparing: SELECT T.TASK_ID taskId, T.TASK_NAME taskName, T.WORKING_DETAILS workingDetails, T.NOTE note, T.QUARANTINE_HANDLING_FLAG quarantineHandlingFlag, T.DELETE_FLAG deleteFlag, T.CHANGE_POINT_CODE changePointCode FROM IVB_M_TASK T WHERE 1 = 1 AND T.DELETE_FLAG = '0' ORDER BY T.TASK_NAME LIMIT ?,? 
05-08-2017 14:57:15.054,DEBUG,FAC1299E4D170E521C1A759795EF322A,==> Parameters: 0(Integer), 20(Integer)
05-08-2017 14:57:15.058,DEBUG,FAC1299E4D170E521C1A759795EF322A,<==      Total: 20
05-08-2017 14:57:15.058,DEBUG,FAC1299E4D170E521C1A759795EF322A,Releasing transactional SqlSession [org.apache.ibatis.session.defaults.DefaultSqlSession@85ea23]
05-08-2017 14:57:15.058,INFO ,FAC1299E4D170E521C1A759795EF322A,U0000000001,SQL execution finished
05-08-2017 14:57:15.058,DEBUG,FAC1299E4D170E521C1A759795EF322A,Fetched SqlSession [org.apache.ibatis.session.defaults.DefaultSqlSession@85ea23] from current transaction
05-08-2017 14:57:15.059,DEBUG,FAC1299E4D170E521C1A759795EF322A,==>  Preparing: SELECT COUNT(*) FROM IVB_M_TASK T WHERE 1 = 1 AND T.DELETE_FLAG = '0' ORDER BY T.TASK_ID 
05-08-2017 14:57:15.059,DEBUG,FAC1299E4D170E521C1A759795EF322A,==> Parameters: 
05-08-2017 14:57:15.060,DEBUG,FAC1299E4D170E521C1A759795EF322A,<==      Total: 1
05-08-2017 14:57:15.060,DEBUG,FAC1299E4D170E521C1A759795EF322A,Releasing transactional SqlSession [org.apache.ibatis.session.defaults.DefaultSqlSession@85ea23]
05-08-2017 14:57:15.060,INFO ,FAC1299E4D170E521C1A759795EF322A,U0000000001,Task searching finished ==> 44 item(s)
05-08-2017 14:57:15.060,DEBUG,FAC1299E4D170E521C1A759795EF322A,Transaction synchronization deregistering SqlSession [org.apache.ibatis.session.defaults.DefaultSqlSession@85ea23]
05-08-2017 14:57:15.060,DEBUG,FAC1299E4D170E521C1A759795EF322A,Transaction synchronization closing SqlSession [org.apache.ibatis.session.defaults.DefaultSqlSession@85ea23]
05-08-2017 14:57:15.060,DEBUG,FAC1299E4D170E521C1A759795EF322A,Returning JDBC Connection to DataSource
05-08-2017 14:57:15.060,INFO ,FAC1299E4D170E521C1A759795EF322A,U0000000001,vn.bananavietnam.ict.banana.service.Bnn0089SearchTaskService,searchData,[vn.bananavietnam.ict.banana.component.Bnn0089SearchTaskConditions@1dd22d0] METHOD END
05-08-2017 14:57:15.062,DEBUG,FAC1299E4D170E521C1A759795EF322A,Written [[vn.bananavietnam.ict.banana.component.Bnn0089SearchTaskResult@10eb268, vn.bananavietnam.ict.banana.component.Bnn0089SearchTaskResult@a5016e, vn.bananavietnam.ict.banana.component.Bnn0089SearchTaskResult@1d5007c, vn.bananavietnam.ict.banana.component.Bnn0089SearchTaskResult@11d6a07, vn.bananavietnam.ict.banana.component.Bnn0089SearchTaskResult@1621ffe, vn.bananavietnam.ict.banana.component.Bnn0089SearchTaskResult@1cac6cd, vn.bananavietnam.ict.banana.component.Bnn0089SearchTaskResult@17f6a8, vn.bananavietnam.ict.banana.component.Bnn0089SearchTaskResult@62ee7f, vn.bananavietnam.ict.banana.component.Bnn0089SearchTaskResult@1de9ce2, vn.bananavietnam.ict.banana.component.Bnn0089SearchTaskResult@43ca3a, vn.bananavietnam.ict.banana.component.Bnn0089SearchTaskResult@162d6ac, vn.bananavietnam.ict.banana.component.Bnn0089SearchTaskResult@60c929, vn.bananavietnam.ict.banana.component.Bnn0089SearchTaskResult@18866cb, vn.bananavietnam.ict.banana.component.Bnn0089SearchTaskResult@1c06e5a, vn.bananavietnam.ict.banana.component.Bnn0089SearchTaskResult@c604b8, vn.bananavietnam.ict.banana.component.Bnn0089SearchTaskResult@3dbdc8, vn.bananavietnam.ict.banana.component.Bnn0089SearchTaskResult@c536ba, vn.bananavietnam.ict.banana.component.Bnn0089SearchTaskResult@2b3906, vn.bananavietnam.ict.banana.component.Bnn0089SearchTaskResult@7616bf, vn.bananavietnam.ict.banana.component.Bnn0089SearchTaskResult@1142784]] as "application/json;charset=UTF-8" using [org.springframework.http.converter.json.MappingJackson2HttpMessageConverter@1fe278e]
05-08-2017 14:57:15.062,DEBUG,FAC1299E4D170E521C1A759795EF322A,Null ModelAndView returned to DispatcherServlet with name 'appServlet': assuming HandlerAdapter completed request handling
05-08-2017 14:57:15.062,DEBUG,FAC1299E4D170E521C1A759795EF322A,Successfully completed request
05-08-2017 14:57:15.062,DEBUG,FAC1299E4D170E521C1A759795EF322A,Chain processed normally
05-08-2017 14:57:15.062,DEBUG,FAC1299E4D170E521C1A759795EF322A,SecurityContextHolder now cleared, as request processing completed
05-08-2017 14:57:15.094,DEBUG,FAC1299E4D170E521C1A759795EF322A,/resources/img/icon_info.png at position 1 of 11 in additional filter chain; firing Filter: 'SecurityContextPersistenceFilter'
05-08-2017 14:57:15.094,DEBUG,FAC1299E4D170E521C1A759795EF322A,Obtained a valid SecurityContext from SPRING_SECURITY_CONTEXT: 'org.springframework.security.core.context.SecurityContextImpl@3b6d4a73: Authentication: org.springframework.security.authentication.UsernamePasswordAuthenticationToken@3b6d4a73: Principal: vn.bananavietnam.ict.common.auth.MyUser@c4907816: Username: U0000000001; Password: [PROTECTED]; Enabled: true; AccountNonExpired: true; credentialsNonExpired: true; AccountNonLocked: true; Granted Authorities: 1; Credentials: [PROTECTED]; Authenticated: true; Details: org.springframework.security.web.authentication.WebAuthenticationDetails@2cd90: RemoteIpAddress: 0:0:0:0:0:0:0:1; SessionId: 013D85EF647DDA57C3C5F053A52D090E; Granted Authorities: 1'
05-08-2017 14:57:15.094,DEBUG,FAC1299E4D170E521C1A759795EF322A,/resources/img/icon_info.png at position 2 of 11 in additional filter chain; firing Filter: 'WebAsyncManagerIntegrationFilter'
05-08-2017 14:57:15.094,DEBUG,FAC1299E4D170E521C1A759795EF322A,/resources/img/icon_info.png at position 3 of 11 in additional filter chain; firing Filter: 'LogoutFilter'
05-08-2017 14:57:15.094,DEBUG,FAC1299E4D170E521C1A759795EF322A,/resources/img/icon_info.png at position 4 of 11 in additional filter chain; firing Filter: 'UsernamePasswordAuthenticationFilter'
05-08-2017 14:57:15.094,DEBUG,FAC1299E4D170E521C1A759795EF322A,/resources/img/icon_info.png at position 5 of 11 in additional filter chain; firing Filter: 'BasicAuthenticationFilter'
05-08-2017 14:57:15.094,DEBUG,FAC1299E4D170E521C1A759795EF322A,/resources/img/icon_info.png at position 6 of 11 in additional filter chain; firing Filter: 'RequestCacheAwareFilter'
05-08-2017 14:57:15.094,DEBUG,FAC1299E4D170E521C1A759795EF322A,/resources/img/icon_info.png at position 7 of 11 in additional filter chain; firing Filter: 'SecurityContextHolderAwareRequestFilter'
05-08-2017 14:57:15.094,DEBUG,FAC1299E4D170E521C1A759795EF322A,/resources/img/icon_info.png at position 8 of 11 in additional filter chain; firing Filter: 'AnonymousAuthenticationFilter'
05-08-2017 14:57:15.094,DEBUG,FAC1299E4D170E521C1A759795EF322A,SecurityContextHolder not populated with anonymous token, as it already contained: 'org.springframework.security.authentication.UsernamePasswordAuthenticationToken@3b6d4a73: Principal: vn.bananavietnam.ict.common.auth.MyUser@c4907816: Username: U0000000001; Password: [PROTECTED]; Enabled: true; AccountNonExpired: true; credentialsNonExpired: true; AccountNonLocked: true; Granted Authorities: 1; Credentials: [PROTECTED]; Authenticated: true; Details: org.springframework.security.web.authentication.WebAuthenticationDetails@2cd90: RemoteIpAddress: 0:0:0:0:0:0:0:1; SessionId: 013D85EF647DDA57C3C5F053A52D090E; Granted Authorities: 1'
05-08-2017 14:57:15.094,DEBUG,FAC1299E4D170E521C1A759795EF322A,/resources/img/icon_info.png at position 9 of 11 in additional filter chain; firing Filter: 'SessionManagementFilter'
05-08-2017 14:57:15.094,DEBUG,FAC1299E4D170E521C1A759795EF322A,/resources/img/icon_info.png at position 10 of 11 in additional filter chain; firing Filter: 'ExceptionTranslationFilter'
05-08-2017 14:57:15.094,DEBUG,FAC1299E4D170E521C1A759795EF322A,/resources/img/icon_info.png at position 11 of 11 in additional filter chain; firing Filter: 'FilterSecurityInterceptor'
05-08-2017 14:57:15.094,DEBUG,FAC1299E4D170E521C1A759795EF322A,Checking match of request : '/resources/img/icon_info.png'; against '/autherror*'
05-08-2017 14:57:15.094,DEBUG,FAC1299E4D170E521C1A759795EF322A,Checking match of request : '/resources/img/icon_info.png'; against '/login/**'
05-08-2017 14:57:15.094,DEBUG,FAC1299E4D170E521C1A759795EF322A,Checking match of request : '/resources/img/icon_info.png'; against '/0001/**'
05-08-2017 14:57:15.094,DEBUG,FAC1299E4D170E521C1A759795EF322A,Checking match of request : '/resources/img/icon_info.png'; against '/0002/**'
05-08-2017 14:57:15.095,DEBUG,FAC1299E4D170E521C1A759795EF322A,Checking match of request : '/resources/img/icon_info.png'; against '/0003/**'
05-08-2017 14:57:15.095,DEBUG,FAC1299E4D170E521C1A759795EF322A,Checking match of request : '/resources/img/icon_info.png'; against '/searchuserpopup/**'
05-08-2017 14:57:15.095,DEBUG,FAC1299E4D170E521C1A759795EF322A,Checking match of request : '/resources/img/icon_info.png'; against '/0005/**'
05-08-2017 14:57:15.095,DEBUG,FAC1299E4D170E521C1A759795EF322A,Checking match of request : '/resources/img/icon_info.png'; against '/0009/**'
05-08-2017 14:57:15.095,DEBUG,FAC1299E4D170E521C1A759795EF322A,Checking match of request : '/resources/img/icon_info.png'; against '/searchline/**'
05-08-2017 14:57:15.095,DEBUG,FAC1299E4D170E521C1A759795EF322A,Checking match of request : '/resources/img/icon_info.png'; against '/0013/**'
05-08-2017 14:57:15.095,DEBUG,FAC1299E4D170E521C1A759795EF322A,Checking match of request : '/resources/img/icon_info.png'; against '/0017/**'
05-08-2017 14:57:15.095,DEBUG,FAC1299E4D170E521C1A759795EF322A,Checking match of request : '/resources/img/icon_info.png'; against '/0031/**'
05-08-2017 14:57:15.095,DEBUG,FAC1299E4D170E521C1A759795EF322A,Checking match of request : '/resources/img/icon_info.png'; against '/0035/**'
05-08-2017 14:57:15.095,DEBUG,FAC1299E4D170E521C1A759795EF322A,Checking match of request : '/resources/img/icon_info.png'; against '/0037/**'
05-08-2017 14:57:15.095,DEBUG,FAC1299E4D170E521C1A759795EF322A,Checking match of request : '/resources/img/icon_info.png'; against '/0045/**'
05-08-2017 14:57:15.095,DEBUG,FAC1299E4D170E521C1A759795EF322A,Checking match of request : '/resources/img/icon_info.png'; against '/0047/**'
05-08-2017 14:57:15.095,DEBUG,FAC1299E4D170E521C1A759795EF322A,Checking match of request : '/resources/img/icon_info.png'; against '/0049/**'
05-08-2017 14:57:15.095,DEBUG,FAC1299E4D170E521C1A759795EF322A,Checking match of request : '/resources/img/icon_info.png'; against '/0061/**'
05-08-2017 14:57:15.095,DEBUG,FAC1299E4D170E521C1A759795EF322A,Checking match of request : '/resources/img/icon_info.png'; against '/0087/**'
05-08-2017 14:57:15.095,DEBUG,FAC1299E4D170E521C1A759795EF322A,Checking match of request : '/resources/img/icon_info.png'; against '/0075/**'
05-08-2017 14:57:15.095,DEBUG,FAC1299E4D170E521C1A759795EF322A,Checking match of request : '/resources/img/icon_info.png'; against '/0089/**'
05-08-2017 14:57:15.095,DEBUG,FAC1299E4D170E521C1A759795EF322A,Checking match of request : '/resources/img/icon_info.png'; against '/0090/**'
05-08-2017 14:57:15.095,DEBUG,FAC1299E4D170E521C1A759795EF322A,Checking match of request : '/resources/img/icon_info.png'; against '/0091/**'
05-08-2017 14:57:15.095,DEBUG,FAC1299E4D170E521C1A759795EF322A,Checking match of request : '/resources/img/icon_info.png'; against '/0092/**'
05-08-2017 14:57:15.095,DEBUG,FAC1299E4D170E521C1A759795EF322A,Checking match of request : '/resources/img/icon_info.png'; against '/0095/**'
05-08-2017 14:57:15.095,DEBUG,FAC1299E4D170E521C1A759795EF322A,Secure object: FilterInvocation: URL: /resources/img/icon_info.png; Attributes: [IS_AUTHENTICATED_ANONYMOUSLY]
05-08-2017 14:57:15.095,DEBUG,FAC1299E4D170E521C1A759795EF322A,Previously Authenticated: org.springframework.security.authentication.UsernamePasswordAuthenticationToken@3b6d4a73: Principal: vn.bananavietnam.ict.common.auth.MyUser@c4907816: Username: U0000000001; Password: [PROTECTED]; Enabled: true; AccountNonExpired: true; credentialsNonExpired: true; AccountNonLocked: true; Granted Authorities: 1; Credentials: [PROTECTED]; Authenticated: true; Details: org.springframework.security.web.authentication.WebAuthenticationDetails@2cd90: RemoteIpAddress: 0:0:0:0:0:0:0:1; SessionId: 013D85EF647DDA57C3C5F053A52D090E; Granted Authorities: 1
05-08-2017 14:57:15.095,DEBUG,FAC1299E4D170E521C1A759795EF322A,Voter: org.springframework.security.access.vote.RoleVoter@1b68791, returned: 0
05-08-2017 14:57:15.095,DEBUG,FAC1299E4D170E521C1A759795EF322A,Voter: org.springframework.security.access.vote.AuthenticatedVoter@1fd620c, returned: 1
05-08-2017 14:57:15.095,DEBUG,FAC1299E4D170E521C1A759795EF322A,Authorization successful
05-08-2017 14:57:15.096,DEBUG,FAC1299E4D170E521C1A759795EF322A,RunAsManager did not change Authentication object
05-08-2017 14:57:15.096,DEBUG,FAC1299E4D170E521C1A759795EF322A,/resources/img/icon_info.png reached end of additional filter chain; proceeding with original chain
05-08-2017 14:57:15.096,DEBUG,FAC1299E4D170E521C1A759795EF322A,Request [/ict/resources/img/icon_info.png] is not a multipart request
05-08-2017 14:57:15.096,DEBUG,FAC1299E4D170E521C1A759795EF322A,DispatcherServlet with name 'appServlet' processing GET request for [/ict/resources/img/icon_info.png]
05-08-2017 14:57:15.096,DEBUG,FAC1299E4D170E521C1A759795EF322A,Looking up handler method for path /resources/img/icon_info.png
05-08-2017 14:57:15.097,DEBUG,FAC1299E4D170E521C1A759795EF322A,Did not find handler method for [/resources/img/icon_info.png]
05-08-2017 14:57:15.098,DEBUG,FAC1299E4D170E521C1A759795EF322A,Matching patterns for request [/resources/img/icon_info.png] are [/resources/**]
05-08-2017 14:57:15.098,DEBUG,FAC1299E4D170E521C1A759795EF322A,URI Template variables for request [/resources/img/icon_info.png] are {}
05-08-2017 14:57:15.098,DEBUG,FAC1299E4D170E521C1A759795EF322A,Mapping [/resources/img/icon_info.png] to HandlerExecutionChain with handler [ResourceHttpRequestHandler [locations=[ServletContext resource [/resources/]], resolvers=[org.springframework.web.servlet.resource.PathResourceResolver@1e41c58]]] and 1 interceptor
05-08-2017 14:57:15.098,DEBUG,FAC1299E4D170E521C1A759795EF322A,Last-Modified value for [/ict/resources/img/icon_info.png] is: -1
05-08-2017 14:57:15.098,DEBUG,FAC1299E4D170E521C1A759795EF322A,Returning cached instance of singleton bean 'xml_path'
05-08-2017 14:57:15.100,DEBUG,FAC1299E4D170E521C1A759795EF322A,Null ModelAndView returned to DispatcherServlet with name 'appServlet': assuming HandlerAdapter completed request handling
05-08-2017 14:57:15.101,DEBUG,FAC1299E4D170E521C1A759795EF322A,Successfully completed request
05-08-2017 14:57:15.101,DEBUG,FAC1299E4D170E521C1A759795EF322A,Chain processed normally
05-08-2017 14:57:15.101,DEBUG,FAC1299E4D170E521C1A759795EF322A,SecurityContextHolder now cleared, as request processing completed
