05-08-2017 14:57:40.974,DEBUG,FAC1299E4D170E521C1A759795EF322A,/0089/deleteData at position 1 of 11 in additional filter chain; firing Filter: 'SecurityContextPersistenceFilter'
05-08-2017 14:57:40.974,DEBUG,FAC1299E4D170E521C1A759795EF322A,Obtained a valid SecurityContext from SPRING_SECURITY_CONTEXT: 'org.springframework.security.core.context.SecurityContextImpl@3b6d4a73: Authentication: org.springframework.security.authentication.UsernamePasswordAuthenticationToken@3b6d4a73: Principal: vn.bananavietnam.ict.common.auth.MyUser@c4907816: Username: U0000000001; Password: [PROTECTED]; Enabled: true; AccountNonExpired: true; credentialsNonExpired: true; AccountNonLocked: true; Granted Authorities: 1; Credentials: [PROTECTED]; Authenticated: true; Details: org.springframework.security.web.authentication.WebAuthenticationDetails@2cd90: RemoteIpAddress: 0:0:0:0:0:0:0:1; SessionId: 013D85EF647DDA57C3C5F053A52D090E; Granted Authorities: 1'
05-08-2017 14:57:40.974,DEBUG,FAC1299E4D170E521C1A759795EF322A,/0089/deleteData at position 2 of 11 in additional filter chain; firing Filter: 'WebAsyncManagerIntegrationFilter'
05-08-2017 14:57:40.974,DEBUG,FAC1299E4D170E521C1A759795EF322A,/0089/deleteData at position 3 of 11 in additional filter chain; firing Filter: 'LogoutFilter'
05-08-2017 14:57:40.975,DEBUG,FAC1299E4D170E521C1A759795EF322A,/0089/deleteData at position 4 of 11 in additional filter chain; firing Filter: 'UsernamePasswordAuthenticationFilter'
05-08-2017 14:57:40.975,DEBUG,FAC1299E4D170E521C1A759795EF322A,/0089/deleteData at position 5 of 11 in additional filter chain; firing Filter: 'BasicAuthenticationFilter'
05-08-2017 14:57:40.975,DEBUG,FAC1299E4D170E521C1A759795EF322A,/0089/deleteData at position 6 of 11 in additional filter chain; firing Filter: 'RequestCacheAwareFilter'
05-08-2017 14:57:40.975,DEBUG,FAC1299E4D170E521C1A759795EF322A,/0089/deleteData at position 7 of 11 in additional filter chain; firing Filter: 'SecurityContextHolderAwareRequestFilter'
05-08-2017 14:57:40.975,DEBUG,FAC1299E4D170E521C1A759795EF322A,/0089/deleteData at position 8 of 11 in additional filter chain; firing Filter: 'AnonymousAuthenticationFilter'
05-08-2017 14:57:40.975,DEBUG,FAC1299E4D170E521C1A759795EF322A,SecurityContextHolder not populated with anonymous token, as it already contained: 'org.springframework.security.authentication.UsernamePasswordAuthenticationToken@3b6d4a73: Principal: vn.bananavietnam.ict.common.auth.MyUser@c4907816: Username: U0000000001; Password: [PROTECTED]; Enabled: true; AccountNonExpired: true; credentialsNonExpired: true; AccountNonLocked: true; Granted Authorities: 1; Credentials: [PROTECTED]; Authenticated: true; Details: org.springframework.security.web.authentication.WebAuthenticationDetails@2cd90: RemoteIpAddress: 0:0:0:0:0:0:0:1; SessionId: 013D85EF647DDA57C3C5F053A52D090E; Granted Authorities: 1'
05-08-2017 14:57:40.975,DEBUG,FAC1299E4D170E521C1A759795EF322A,/0089/deleteData at position 9 of 11 in additional filter chain; firing Filter: 'SessionManagementFilter'
05-08-2017 14:57:40.975,DEBUG,FAC1299E4D170E521C1A759795EF322A,/0089/deleteData at position 10 of 11 in additional filter chain; firing Filter: 'ExceptionTranslationFilter'
05-08-2017 14:57:40.975,DEBUG,FAC1299E4D170E521C1A759795EF322A,/0089/deleteData at position 11 of 11 in additional filter chain; firing Filter: 'FilterSecurityInterceptor'
05-08-2017 14:57:40.975,DEBUG,FAC1299E4D170E521C1A759795EF322A,Checking match of request : '/0089/deletedata'; against '/autherror*'
05-08-2017 14:57:40.975,DEBUG,FAC1299E4D170E521C1A759795EF322A,Checking match of request : '/0089/deletedata'; against '/login/**'
05-08-2017 14:57:40.975,DEBUG,FAC1299E4D170E521C1A759795EF322A,Checking match of request : '/0089/deletedata'; against '/0001/**'
05-08-2017 14:57:40.975,DEBUG,FAC1299E4D170E521C1A759795EF322A,Checking match of request : '/0089/deletedata'; against '/0002/**'
05-08-2017 14:57:40.975,DEBUG,FAC1299E4D170E521C1A759795EF322A,Checking match of request : '/0089/deletedata'; against '/0003/**'
05-08-2017 14:57:40.975,DEBUG,FAC1299E4D170E521C1A759795EF322A,Checking match of request : '/0089/deletedata'; against '/searchuserpopup/**'
05-08-2017 14:57:40.975,DEBUG,FAC1299E4D170E521C1A759795EF322A,Checking match of request : '/0089/deletedata'; against '/0005/**'
05-08-2017 14:57:40.975,DEBUG,FAC1299E4D170E521C1A759795EF322A,Checking match of request : '/0089/deletedata'; against '/0009/**'
05-08-2017 14:57:40.975,DEBUG,FAC1299E4D170E521C1A759795EF322A,Checking match of request : '/0089/deletedata'; against '/searchline/**'
05-08-2017 14:57:40.975,DEBUG,FAC1299E4D170E521C1A759795EF322A,Checking match of request : '/0089/deletedata'; against '/0013/**'
05-08-2017 14:57:40.975,DEBUG,FAC1299E4D170E521C1A759795EF322A,Checking match of request : '/0089/deletedata'; against '/0017/**'
05-08-2017 14:57:40.975,DEBUG,FAC1299E4D170E521C1A759795EF322A,Checking match of request : '/0089/deletedata'; against '/0031/**'
05-08-2017 14:57:40.975,DEBUG,FAC1299E4D170E521C1A759795EF322A,Checking match of request : '/0089/deletedata'; against '/0035/**'
05-08-2017 14:57:40.975,DEBUG,FAC1299E4D170E521C1A759795EF322A,Checking match of request : '/0089/deletedata'; against '/0037/**'
05-08-2017 14:57:40.975,DEBUG,FAC1299E4D170E521C1A759795EF322A,Checking match of request : '/0089/deletedata'; against '/0045/**'
05-08-2017 14:57:40.975,DEBUG,FAC1299E4D170E521C1A759795EF322A,Checking match of request : '/0089/deletedata'; against '/0047/**'
05-08-2017 14:57:40.975,DEBUG,FAC1299E4D170E521C1A759795EF322A,Checking match of request : '/0089/deletedata'; against '/0049/**'
05-08-2017 14:57:40.975,DEBUG,FAC1299E4D170E521C1A759795EF322A,Checking match of request : '/0089/deletedata'; against '/0061/**'
05-08-2017 14:57:40.975,DEBUG,FAC1299E4D170E521C1A759795EF322A,Checking match of request : '/0089/deletedata'; against '/0087/**'
05-08-2017 14:57:40.975,DEBUG,FAC1299E4D170E521C1A759795EF322A,Checking match of request : '/0089/deletedata'; against '/0075/**'
05-08-2017 14:57:40.975,DEBUG,FAC1299E4D170E521C1A759795EF322A,Checking match of request : '/0089/deletedata'; against '/0089/**'
05-08-2017 14:57:40.975,DEBUG,FAC1299E4D170E521C1A759795EF322A,Secure object: FilterInvocation: URL: /0089/deleteData; Attributes: [ROLE_ADMIN, ROLE_USER, IS_AUTHENTICATED_FULLY]
05-08-2017 14:57:40.975,DEBUG,FAC1299E4D170E521C1A759795EF322A,Previously Authenticated: org.springframework.security.authentication.UsernamePasswordAuthenticationToken@3b6d4a73: Principal: vn.bananavietnam.ict.common.auth.MyUser@c4907816: Username: U0000000001; Password: [PROTECTED]; Enabled: true; AccountNonExpired: true; credentialsNonExpired: true; AccountNonLocked: true; Granted Authorities: 1; Credentials: [PROTECTED]; Authenticated: true; Details: org.springframework.security.web.authentication.WebAuthenticationDetails@2cd90: RemoteIpAddress: 0:0:0:0:0:0:0:1; SessionId: 013D85EF647DDA57C3C5F053A52D090E; Granted Authorities: 1
05-08-2017 14:57:40.975,DEBUG,FAC1299E4D170E521C1A759795EF322A,Voter: org.springframework.security.access.vote.RoleVoter@1b68791, returned: -1
05-08-2017 14:57:40.975,DEBUG,FAC1299E4D170E521C1A759795EF322A,Voter: org.springframework.security.access.vote.AuthenticatedVoter@1fd620c, returned: 1
05-08-2017 14:57:40.975,DEBUG,FAC1299E4D170E521C1A759795EF322A,Authorization successful
05-08-2017 14:57:40.975,DEBUG,FAC1299E4D170E521C1A759795EF322A,RunAsManager did not change Authentication object
05-08-2017 14:57:40.975,DEBUG,FAC1299E4D170E521C1A759795EF322A,/0089/deleteData reached end of additional filter chain; proceeding with original chain
05-08-2017 14:57:40.975,DEBUG,FAC1299E4D170E521C1A759795EF322A,Request [/ict/0089/deleteData] is not a multipart request
05-08-2017 14:57:40.975,DEBUG,FAC1299E4D170E521C1A759795EF322A,DispatcherServlet with name 'appServlet' processing POST request for [/ict/0089/deleteData]
05-08-2017 14:57:40.975,DEBUG,FAC1299E4D170E521C1A759795EF322A,Looking up handler method for path /0089/deleteData
05-08-2017 14:57:40.975,DEBUG,FAC1299E4D170E521C1A759795EF322A,Returning handler method [public java.lang.String vn.bananavietnam.ict.banana.controller.Bnn0089SearchTaskController.deleteData(java.lang.String)]
05-08-2017 14:57:40.975,DEBUG,FAC1299E4D170E521C1A759795EF322A,Returning cached instance of singleton bean 'bnn0089SearchTaskController'
05-08-2017 14:57:40.976,DEBUG,FAC1299E4D170E521C1A759795EF322A,Returning cached instance of singleton bean 'xml_path'
05-08-2017 14:57:40.976,DEBUG,FAC1299E4D170E521C1A759795EF322A,Skip CORS processing: request is from same origin
05-08-2017 14:57:40.976,INFO ,FAC1299E4D170E521C1A759795EF322A,U0000000001,vn.bananavietnam.ict.banana.service.Bnn0089SearchTaskService,deleteData,[T060] METHOD START
05-08-2017 14:57:40.976,DEBUG,FAC1299E4D170E521C1A759795EF322A,Returning cached instance of singleton bean 'transactionManager'
05-08-2017 14:57:40.976,DEBUG,FAC1299E4D170E521C1A759795EF322A,Creating new transaction with name [null]: PROPAGATION_REQUIRED,ISOLATION_DEFAULT
05-08-2017 14:57:40.976,DEBUG,FAC1299E4D170E521C1A759795EF322A,Creating new JDBC DriverManager Connection to [jdbc:mysql://172.16.0.175:3306/BANANA_DB_HUNG_SELENIUM?useUnicode=yes&characterEncoding=UTF-8&autoReconnect=true]
05-08-2017 14:57:40.993,DEBUG,FAC1299E4D170E521C1A759795EF322A,Acquired Connection [com.mysql.jdbc.JDBC4Connection@594ac9] for JDBC transaction
05-08-2017 14:57:40.993,DEBUG,FAC1299E4D170E521C1A759795EF322A,Switching JDBC Connection [com.mysql.jdbc.JDBC4Connection@594ac9] to manual commit
05-08-2017 14:57:40.994,DEBUG,FAC1299E4D170E521C1A759795EF322A,Creating a new SqlSession
05-08-2017 14:57:40.994,DEBUG,FAC1299E4D170E521C1A759795EF322A,Registering transaction synchronization for SqlSession [org.apache.ibatis.session.defaults.DefaultSqlSession@7ab30a]
05-08-2017 14:57:40.995,DEBUG,FAC1299E4D170E521C1A759795EF322A,JDBC Connection [com.mysql.jdbc.JDBC4Connection@594ac9] will be managed by Spring
05-08-2017 14:57:40.995,DEBUG,FAC1299E4D170E521C1A759795EF322A,==>  Preparing: update IVB_M_TASK SET LAST_UPDATE_DATE = NOW(), DELETE_FLAG = ? where TASK_ID = ? 
05-08-2017 14:57:40.995,DEBUG,FAC1299E4D170E521C1A759795EF322A,==> Parameters: true(Boolean), T060(String)
05-08-2017 14:57:40.997,DEBUG,FAC1299E4D170E521C1A759795EF322A,<==    Updates: 1
05-08-2017 14:57:40.997,DEBUG,FAC1299E4D170E521C1A759795EF322A,Releasing transactional SqlSession [org.apache.ibatis.session.defaults.DefaultSqlSession@7ab30a]
05-08-2017 14:57:40.997,DEBUG,FAC1299E4D170E521C1A759795EF322A,Transaction synchronization committing SqlSession [org.apache.ibatis.session.defaults.DefaultSqlSession@7ab30a]
05-08-2017 14:57:40.997,DEBUG,FAC1299E4D170E521C1A759795EF322A,Transaction synchronization deregistering SqlSession [org.apache.ibatis.session.defaults.DefaultSqlSession@7ab30a]
05-08-2017 14:57:40.997,DEBUG,FAC1299E4D170E521C1A759795EF322A,Transaction synchronization closing SqlSession [org.apache.ibatis.session.defaults.DefaultSqlSession@7ab30a]
05-08-2017 14:57:40.997,DEBUG,FAC1299E4D170E521C1A759795EF322A,Initiating transaction commit
05-08-2017 14:57:40.997,DEBUG,FAC1299E4D170E521C1A759795EF322A,Committing JDBC transaction on Connection [com.mysql.jdbc.JDBC4Connection@594ac9]
05-08-2017 14:57:41.003,DEBUG,FAC1299E4D170E521C1A759795EF322A,Releasing JDBC Connection [com.mysql.jdbc.JDBC4Connection@594ac9] after transaction
05-08-2017 14:57:41.003,DEBUG,FAC1299E4D170E521C1A759795EF322A,Returning JDBC Connection to DataSource
05-08-2017 14:57:41.003,INFO ,FAC1299E4D170E521C1A759795EF322A,U0000000001,vn.bananavietnam.ict.banana.service.Bnn0089SearchTaskService,deleteData,[T060] METHOD END
05-08-2017 14:57:41.004,DEBUG,FAC1299E4D170E521C1A759795EF322A,Written [6000] as "text/plain;charset=ISO-8859-1" using [org.springframework.http.converter.StringHttpMessageConverter@1136134]
05-08-2017 14:57:41.004,DEBUG,FAC1299E4D170E521C1A759795EF322A,Null ModelAndView returned to DispatcherServlet with name 'appServlet': assuming HandlerAdapter completed request handling
05-08-2017 14:57:41.004,DEBUG,FAC1299E4D170E521C1A759795EF322A,Successfully completed request
05-08-2017 14:57:41.004,DEBUG,FAC1299E4D170E521C1A759795EF322A,Chain processed normally
05-08-2017 14:57:41.004,DEBUG,FAC1299E4D170E521C1A759795EF322A,SecurityContextHolder now cleared, as request processing completed
05-08-2017 14:57:41.006,DEBUG,FAC1299E4D170E521C1A759795EF322A,/0089/searchData at position 1 of 11 in additional filter chain; firing Filter: 'SecurityContextPersistenceFilter'
05-08-2017 14:57:41.006,DEBUG,FAC1299E4D170E521C1A759795EF322A,Obtained a valid SecurityContext from SPRING_SECURITY_CONTEXT: 'org.springframework.security.core.context.SecurityContextImpl@3b6d4a73: Authentication: org.springframework.security.authentication.UsernamePasswordAuthenticationToken@3b6d4a73: Principal: vn.bananavietnam.ict.common.auth.MyUser@c4907816: Username: U0000000001; Password: [PROTECTED]; Enabled: true; AccountNonExpired: true; credentialsNonExpired: true; AccountNonLocked: true; Granted Authorities: 1; Credentials: [PROTECTED]; Authenticated: true; Details: org.springframework.security.web.authentication.WebAuthenticationDetails@2cd90: RemoteIpAddress: 0:0:0:0:0:0:0:1; SessionId: 013D85EF647DDA57C3C5F053A52D090E; Granted Authorities: 1'
05-08-2017 14:57:41.006,DEBUG,FAC1299E4D170E521C1A759795EF322A,/0089/searchData at position 2 of 11 in additional filter chain; firing Filter: 'WebAsyncManagerIntegrationFilter'
05-08-2017 14:57:41.006,DEBUG,FAC1299E4D170E521C1A759795EF322A,/0089/searchData at position 3 of 11 in additional filter chain; firing Filter: 'LogoutFilter'
05-08-2017 14:57:41.006,DEBUG,FAC1299E4D170E521C1A759795EF322A,/0089/searchData at position 4 of 11 in additional filter chain; firing Filter: 'UsernamePasswordAuthenticationFilter'
05-08-2017 14:57:41.006,DEBUG,FAC1299E4D170E521C1A759795EF322A,/0089/searchData at position 5 of 11 in additional filter chain; firing Filter: 'BasicAuthenticationFilter'
05-08-2017 14:57:41.006,DEBUG,FAC1299E4D170E521C1A759795EF322A,/0089/searchData at position 6 of 11 in additional filter chain; firing Filter: 'RequestCacheAwareFilter'
05-08-2017 14:57:41.006,DEBUG,FAC1299E4D170E521C1A759795EF322A,/0089/searchData at position 7 of 11 in additional filter chain; firing Filter: 'SecurityContextHolderAwareRequestFilter'
05-08-2017 14:57:41.006,DEBUG,FAC1299E4D170E521C1A759795EF322A,/0089/searchData at position 8 of 11 in additional filter chain; firing Filter: 'AnonymousAuthenticationFilter'
05-08-2017 14:57:41.006,DEBUG,FAC1299E4D170E521C1A759795EF322A,SecurityContextHolder not populated with anonymous token, as it already contained: 'org.springframework.security.authentication.UsernamePasswordAuthenticationToken@3b6d4a73: Principal: vn.bananavietnam.ict.common.auth.MyUser@c4907816: Username: U0000000001; Password: [PROTECTED]; Enabled: true; AccountNonExpired: true; credentialsNonExpired: true; AccountNonLocked: true; Granted Authorities: 1; Credentials: [PROTECTED]; Authenticated: true; Details: org.springframework.security.web.authentication.WebAuthenticationDetails@2cd90: RemoteIpAddress: 0:0:0:0:0:0:0:1; SessionId: 013D85EF647DDA57C3C5F053A52D090E; Granted Authorities: 1'
05-08-2017 14:57:41.006,DEBUG,FAC1299E4D170E521C1A759795EF322A,/0089/searchData at position 9 of 11 in additional filter chain; firing Filter: 'SessionManagementFilter'
05-08-2017 14:57:41.006,DEBUG,FAC1299E4D170E521C1A759795EF322A,/0089/searchData at position 10 of 11 in additional filter chain; firing Filter: 'ExceptionTranslationFilter'
05-08-2017 14:57:41.006,DEBUG,FAC1299E4D170E521C1A759795EF322A,/0089/searchData at position 11 of 11 in additional filter chain; firing Filter: 'FilterSecurityInterceptor'
05-08-2017 14:57:41.006,DEBUG,FAC1299E4D170E521C1A759795EF322A,Checking match of request : '/0089/searchdata'; against '/autherror*'
05-08-2017 14:57:41.006,DEBUG,FAC1299E4D170E521C1A759795EF322A,Checking match of request : '/0089/searchdata'; against '/login/**'
05-08-2017 14:57:41.006,DEBUG,FAC1299E4D170E521C1A759795EF322A,Checking match of request : '/0089/searchdata'; against '/0001/**'
05-08-2017 14:57:41.006,DEBUG,FAC1299E4D170E521C1A759795EF322A,Checking match of request : '/0089/searchdata'; against '/0002/**'
05-08-2017 14:57:41.006,DEBUG,FAC1299E4D170E521C1A759795EF322A,Checking match of request : '/0089/searchdata'; against '/0003/**'
05-08-2017 14:57:41.006,DEBUG,FAC1299E4D170E521C1A759795EF322A,Checking match of request : '/0089/searchdata'; against '/searchuserpopup/**'
05-08-2017 14:57:41.007,DEBUG,FAC1299E4D170E521C1A759795EF322A,Checking match of request : '/0089/searchdata'; against '/0005/**'
05-08-2017 14:57:41.007,DEBUG,FAC1299E4D170E521C1A759795EF322A,Checking match of request : '/0089/searchdata'; against '/0009/**'
05-08-2017 14:57:41.007,DEBUG,FAC1299E4D170E521C1A759795EF322A,Checking match of request : '/0089/searchdata'; against '/searchline/**'
05-08-2017 14:57:41.007,DEBUG,FAC1299E4D170E521C1A759795EF322A,Checking match of request : '/0089/searchdata'; against '/0013/**'
05-08-2017 14:57:41.007,DEBUG,FAC1299E4D170E521C1A759795EF322A,Checking match of request : '/0089/searchdata'; against '/0017/**'
05-08-2017 14:57:41.007,DEBUG,FAC1299E4D170E521C1A759795EF322A,Checking match of request : '/0089/searchdata'; against '/0031/**'
05-08-2017 14:57:41.007,DEBUG,FAC1299E4D170E521C1A759795EF322A,Checking match of request : '/0089/searchdata'; against '/0035/**'
05-08-2017 14:57:41.007,DEBUG,FAC1299E4D170E521C1A759795EF322A,Checking match of request : '/0089/searchdata'; against '/0037/**'
05-08-2017 14:57:41.007,DEBUG,FAC1299E4D170E521C1A759795EF322A,Checking match of request : '/0089/searchdata'; against '/0045/**'
05-08-2017 14:57:41.007,DEBUG,FAC1299E4D170E521C1A759795EF322A,Checking match of request : '/0089/searchdata'; against '/0047/**'
05-08-2017 14:57:41.007,DEBUG,FAC1299E4D170E521C1A759795EF322A,Checking match of request : '/0089/searchdata'; against '/0049/**'
05-08-2017 14:57:41.007,DEBUG,FAC1299E4D170E521C1A759795EF322A,Checking match of request : '/0089/searchdata'; against '/0061/**'
05-08-2017 14:57:41.007,DEBUG,FAC1299E4D170E521C1A759795EF322A,Checking match of request : '/0089/searchdata'; against '/0087/**'
05-08-2017 14:57:41.007,DEBUG,FAC1299E4D170E521C1A759795EF322A,Checking match of request : '/0089/searchdata'; against '/0075/**'
05-08-2017 14:57:41.007,DEBUG,FAC1299E4D170E521C1A759795EF322A,Checking match of request : '/0089/searchdata'; against '/0089/**'
05-08-2017 14:57:41.007,DEBUG,FAC1299E4D170E521C1A759795EF322A,Secure object: FilterInvocation: URL: /0089/searchData; Attributes: [ROLE_ADMIN, ROLE_USER, IS_AUTHENTICATED_FULLY]
05-08-2017 14:57:41.007,DEBUG,FAC1299E4D170E521C1A759795EF322A,Previously Authenticated: org.springframework.security.authentication.UsernamePasswordAuthenticationToken@3b6d4a73: Principal: vn.bananavietnam.ict.common.auth.MyUser@c4907816: Username: U0000000001; Password: [PROTECTED]; Enabled: true; AccountNonExpired: true; credentialsNonExpired: true; AccountNonLocked: true; Granted Authorities: 1; Credentials: [PROTECTED]; Authenticated: true; Details: org.springframework.security.web.authentication.WebAuthenticationDetails@2cd90: RemoteIpAddress: 0:0:0:0:0:0:0:1; SessionId: 013D85EF647DDA57C3C5F053A52D090E; Granted Authorities: 1
05-08-2017 14:57:41.007,DEBUG,FAC1299E4D170E521C1A759795EF322A,Voter: org.springframework.security.access.vote.RoleVoter@1b68791, returned: -1
05-08-2017 14:57:41.007,DEBUG,FAC1299E4D170E521C1A759795EF322A,Voter: org.springframework.security.access.vote.AuthenticatedVoter@1fd620c, returned: 1
05-08-2017 14:57:41.007,DEBUG,FAC1299E4D170E521C1A759795EF322A,Authorization successful
05-08-2017 14:57:41.007,DEBUG,FAC1299E4D170E521C1A759795EF322A,RunAsManager did not change Authentication object
05-08-2017 14:57:41.007,DEBUG,FAC1299E4D170E521C1A759795EF322A,/0089/searchData reached end of additional filter chain; proceeding with original chain
05-08-2017 14:57:41.007,DEBUG,FAC1299E4D170E521C1A759795EF322A,Request [/ict/0089/searchData] is not a multipart request
05-08-2017 14:57:41.007,DEBUG,FAC1299E4D170E521C1A759795EF322A,DispatcherServlet with name 'appServlet' processing POST request for [/ict/0089/searchData]
05-08-2017 14:57:41.007,DEBUG,FAC1299E4D170E521C1A759795EF322A,Looking up handler method for path /0089/searchData
05-08-2017 14:57:41.007,DEBUG,FAC1299E4D170E521C1A759795EF322A,Returning handler method [public java.util.List<vn.bananavietnam.ict.banana.component.Bnn0089SearchTaskResult> vn.bananavietnam.ict.banana.controller.Bnn0089SearchTaskController.searchData(vn.bananavietnam.ict.banana.component.Bnn0089SearchTaskConditions)]
05-08-2017 14:57:41.007,DEBUG,FAC1299E4D170E521C1A759795EF322A,Returning cached instance of singleton bean 'bnn0089SearchTaskController'
05-08-2017 14:57:41.007,DEBUG,FAC1299E4D170E521C1A759795EF322A,Returning cached instance of singleton bean 'xml_path'
05-08-2017 14:57:41.007,DEBUG,FAC1299E4D170E521C1A759795EF322A,Skip CORS processing: request is from same origin
05-08-2017 14:57:41.008,DEBUG,FAC1299E4D170E521C1A759795EF322A,Read [class vn.bananavietnam.ict.banana.component.Bnn0089SearchTaskConditions] as "application/json" with [org.springframework.http.converter.json.MappingJackson2HttpMessageConverter@1fe278e]
05-08-2017 14:57:41.008,INFO ,FAC1299E4D170E521C1A759795EF322A,U0000000001,vn.bananavietnam.ict.banana.service.Bnn0089SearchTaskService,searchData,[vn.bananavietnam.ict.banana.component.Bnn0089SearchTaskConditions@18eaea] METHOD START
05-08-2017 14:57:41.008,DEBUG,FAC1299E4D170E521C1A759795EF322A,Returning cached instance of singleton bean 'transactionManager'
05-08-2017 14:57:41.008,INFO ,FAC1299E4D170E521C1A759795EF322A,U0000000001,Task searching started
05-08-2017 14:57:41.008,DEBUG,FAC1299E4D170E521C1A759795EF322A,Creating a new SqlSession
05-08-2017 14:57:41.008,DEBUG,FAC1299E4D170E521C1A759795EF322A,Registering transaction synchronization for SqlSession [org.apache.ibatis.session.defaults.DefaultSqlSession@38b462]
05-08-2017 14:57:41.008,DEBUG,FAC1299E4D170E521C1A759795EF322A,Fetching JDBC Connection from DataSource
05-08-2017 14:57:41.008,DEBUG,FAC1299E4D170E521C1A759795EF322A,Creating new JDBC DriverManager Connection to [jdbc:mysql://172.16.0.175:3306/BANANA_DB_HUNG_SELENIUM?useUnicode=yes&characterEncoding=UTF-8&autoReconnect=true]
05-08-2017 14:57:41.030,DEBUG,FAC1299E4D170E521C1A759795EF322A,Registering transaction synchronization for JDBC Connection
05-08-2017 14:57:41.030,DEBUG,FAC1299E4D170E521C1A759795EF322A,JDBC Connection [com.mysql.jdbc.JDBC4Connection@3aa43c] will be managed by Spring
05-08-2017 14:57:41.030,DEBUG,FAC1299E4D170E521C1A759795EF322A,==>  Preparing: SELECT T.TASK_ID taskId, T.TASK_NAME taskName, T.WORKING_DETAILS workingDetails, T.NOTE note, T.QUARANTINE_HANDLING_FLAG quarantineHandlingFlag, T.DELETE_FLAG deleteFlag, T.CHANGE_POINT_CODE changePointCode FROM IVB_M_TASK T WHERE 1 = 1 AND T.DELETE_FLAG = '0' ORDER BY T.TASK_NAME LIMIT ?,? 
05-08-2017 14:57:41.030,DEBUG,FAC1299E4D170E521C1A759795EF322A,==> Parameters: 0(Integer), 20(Integer)
05-08-2017 14:57:41.065,DEBUG,FAC1299E4D170E521C1A759795EF322A,<==      Total: 20
05-08-2017 14:57:41.065,DEBUG,FAC1299E4D170E521C1A759795EF322A,Releasing transactional SqlSession [org.apache.ibatis.session.defaults.DefaultSqlSession@38b462]
05-08-2017 14:57:41.065,INFO ,FAC1299E4D170E521C1A759795EF322A,U0000000001,SQL execution finished
05-08-2017 14:57:41.065,DEBUG,FAC1299E4D170E521C1A759795EF322A,Fetched SqlSession [org.apache.ibatis.session.defaults.DefaultSqlSession@38b462] from current transaction
05-08-2017 14:57:41.066,DEBUG,FAC1299E4D170E521C1A759795EF322A,==>  Preparing: SELECT COUNT(*) FROM IVB_M_TASK T WHERE 1 = 1 AND T.DELETE_FLAG = '0' ORDER BY T.TASK_ID 
05-08-2017 14:57:41.066,DEBUG,FAC1299E4D170E521C1A759795EF322A,==> Parameters: 
05-08-2017 14:57:41.067,DEBUG,FAC1299E4D170E521C1A759795EF322A,<==      Total: 1
05-08-2017 14:57:41.067,DEBUG,FAC1299E4D170E521C1A759795EF322A,Releasing transactional SqlSession [org.apache.ibatis.session.defaults.DefaultSqlSession@38b462]
05-08-2017 14:57:41.067,INFO ,FAC1299E4D170E521C1A759795EF322A,U0000000001,Task searching finished ==> 43 item(s)
05-08-2017 14:57:41.067,DEBUG,FAC1299E4D170E521C1A759795EF322A,Transaction synchronization deregistering SqlSession [org.apache.ibatis.session.defaults.DefaultSqlSession@38b462]
05-08-2017 14:57:41.067,DEBUG,FAC1299E4D170E521C1A759795EF322A,Transaction synchronization closing SqlSession [org.apache.ibatis.session.defaults.DefaultSqlSession@38b462]
05-08-2017 14:57:41.067,DEBUG,FAC1299E4D170E521C1A759795EF322A,Returning JDBC Connection to DataSource
05-08-2017 14:57:41.067,INFO ,FAC1299E4D170E521C1A759795EF322A,U0000000001,vn.bananavietnam.ict.banana.service.Bnn0089SearchTaskService,searchData,[vn.bananavietnam.ict.banana.component.Bnn0089SearchTaskConditions@18eaea] METHOD END
05-08-2017 14:57:41.068,DEBUG,FAC1299E4D170E521C1A759795EF322A,Written [[vn.bananavietnam.ict.banana.component.Bnn0089SearchTaskResult@1c9309, vn.bananavietnam.ict.banana.component.Bnn0089SearchTaskResult@1f98af8, vn.bananavietnam.ict.banana.component.Bnn0089SearchTaskResult@6478eb, vn.bananavietnam.ict.banana.component.Bnn0089SearchTaskResult@e20117, vn.bananavietnam.ict.banana.component.Bnn0089SearchTaskResult@2e5719, vn.bananavietnam.ict.banana.component.Bnn0089SearchTaskResult@18fb36e, vn.bananavietnam.ict.banana.component.Bnn0089SearchTaskResult@813194, vn.bananavietnam.ict.banana.component.Bnn0089SearchTaskResult@3576aa, vn.bananavietnam.ict.banana.component.Bnn0089SearchTaskResult@d7606a, vn.bananavietnam.ict.banana.component.Bnn0089SearchTaskResult@b7a61d, vn.bananavietnam.ict.banana.component.Bnn0089SearchTaskResult@117254e, vn.bananavietnam.ict.banana.component.Bnn0089SearchTaskResult@c68920, vn.bananavietnam.ict.banana.component.Bnn0089SearchTaskResult@1276da2, vn.bananavietnam.ict.banana.component.Bnn0089SearchTaskResult@e7a295, vn.bananavietnam.ict.banana.component.Bnn0089SearchTaskResult@34c412, vn.bananavietnam.ict.banana.component.Bnn0089SearchTaskResult@89d1fd, vn.bananavietnam.ict.banana.component.Bnn0089SearchTaskResult@cbf333, vn.bananavietnam.ict.banana.component.Bnn0089SearchTaskResult@1711eb5, vn.bananavietnam.ict.banana.component.Bnn0089SearchTaskResult@15943dd, vn.bananavietnam.ict.banana.component.Bnn0089SearchTaskResult@1b966b2]] as "application/json;charset=UTF-8" using [org.springframework.http.converter.json.MappingJackson2HttpMessageConverter@1fe278e]
05-08-2017 14:57:41.068,DEBUG,FAC1299E4D170E521C1A759795EF322A,Null ModelAndView returned to DispatcherServlet with name 'appServlet': assuming HandlerAdapter completed request handling
05-08-2017 14:57:41.068,DEBUG,FAC1299E4D170E521C1A759795EF322A,Successfully completed request
05-08-2017 14:57:41.069,DEBUG,FAC1299E4D170E521C1A759795EF322A,Chain processed normally
05-08-2017 14:57:41.069,DEBUG,FAC1299E4D170E521C1A759795EF322A,SecurityContextHolder now cleared, as request processing completed
