05-08-2017 14:58:14.513,DEBUG,FAC1299E4D170E521C1A759795EF322A,/resources/img/ic_next_h.png at position 1 of 11 in additional filter chain; firing Filter: 'SecurityContextPersistenceFilter'
05-08-2017 14:58:14.513,DEBUG,FAC1299E4D170E521C1A759795EF322A,Obtained a valid SecurityContext from SPRING_SECURITY_CONTEXT: 'org.springframework.security.core.context.SecurityContextImpl@3b6d4a73: Authentication: org.springframework.security.authentication.UsernamePasswordAuthenticationToken@3b6d4a73: Principal: vn.bananavietnam.ict.common.auth.MyUser@c4907816: Username: U0000000001; Password: [PROTECTED]; Enabled: true; AccountNonExpired: true; credentialsNonExpired: true; AccountNonLocked: true; Granted Authorities: 1; Credentials: [PROTECTED]; Authenticated: true; Details: org.springframework.security.web.authentication.WebAuthenticationDetails@2cd90: RemoteIpAddress: 0:0:0:0:0:0:0:1; SessionId: 013D85EF647DDA57C3C5F053A52D090E; Granted Authorities: 1'
05-08-2017 14:58:14.513,DEBUG,FAC1299E4D170E521C1A759795EF322A,/resources/img/ic_next_h.png at position 2 of 11 in additional filter chain; firing Filter: 'WebAsyncManagerIntegrationFilter'
05-08-2017 14:58:14.513,DEBUG,FAC1299E4D170E521C1A759795EF322A,/resources/img/ic_next_h.png at position 3 of 11 in additional filter chain; firing Filter: 'LogoutFilter'
05-08-2017 14:58:14.513,DEBUG,FAC1299E4D170E521C1A759795EF322A,/resources/img/ic_next_h.png at position 4 of 11 in additional filter chain; firing Filter: 'UsernamePasswordAuthenticationFilter'
05-08-2017 14:58:14.513,DEBUG,FAC1299E4D170E521C1A759795EF322A,/resources/img/ic_next_h.png at position 5 of 11 in additional filter chain; firing Filter: 'BasicAuthenticationFilter'
05-08-2017 14:58:14.513,DEBUG,FAC1299E4D170E521C1A759795EF322A,/resources/img/ic_next_h.png at position 6 of 11 in additional filter chain; firing Filter: 'RequestCacheAwareFilter'
05-08-2017 14:58:14.513,DEBUG,FAC1299E4D170E521C1A759795EF322A,/resources/img/ic_next_h.png at position 7 of 11 in additional filter chain; firing Filter: 'SecurityContextHolderAwareRequestFilter'
05-08-2017 14:58:14.513,DEBUG,FAC1299E4D170E521C1A759795EF322A,/resources/img/ic_next_h.png at position 8 of 11 in additional filter chain; firing Filter: 'AnonymousAuthenticationFilter'
05-08-2017 14:58:14.513,DEBUG,FAC1299E4D170E521C1A759795EF322A,SecurityContextHolder not populated with anonymous token, as it already contained: 'org.springframework.security.authentication.UsernamePasswordAuthenticationToken@3b6d4a73: Principal: vn.bananavietnam.ict.common.auth.MyUser@c4907816: Username: U0000000001; Password: [PROTECTED]; Enabled: true; AccountNonExpired: true; credentialsNonExpired: true; AccountNonLocked: true; Granted Authorities: 1; Credentials: [PROTECTED]; Authenticated: true; Details: org.springframework.security.web.authentication.WebAuthenticationDetails@2cd90: RemoteIpAddress: 0:0:0:0:0:0:0:1; SessionId: 013D85EF647DDA57C3C5F053A52D090E; Granted Authorities: 1'
05-08-2017 14:58:14.513,DEBUG,FAC1299E4D170E521C1A759795EF322A,/resources/img/ic_next_h.png at position 9 of 11 in additional filter chain; firing Filter: 'SessionManagementFilter'
05-08-2017 14:58:14.514,DEBUG,FAC1299E4D170E521C1A759795EF322A,/resources/img/ic_next_h.png at position 10 of 11 in additional filter chain; firing Filter: 'ExceptionTranslationFilter'
05-08-2017 14:58:14.514,DEBUG,FAC1299E4D170E521C1A759795EF322A,/resources/img/ic_next_h.png at position 11 of 11 in additional filter chain; firing Filter: 'FilterSecurityInterceptor'
05-08-2017 14:58:14.514,DEBUG,FAC1299E4D170E521C1A759795EF322A,Checking match of request : '/resources/img/ic_next_h.png'; against '/autherror*'
05-08-2017 14:58:14.514,DEBUG,FAC1299E4D170E521C1A759795EF322A,Checking match of request : '/resources/img/ic_next_h.png'; against '/login/**'
05-08-2017 14:58:14.514,DEBUG,FAC1299E4D170E521C1A759795EF322A,Checking match of request : '/resources/img/ic_next_h.png'; against '/0001/**'
05-08-2017 14:58:14.514,DEBUG,FAC1299E4D170E521C1A759795EF322A,Checking match of request : '/resources/img/ic_next_h.png'; against '/0002/**'
05-08-2017 14:58:14.514,DEBUG,FAC1299E4D170E521C1A759795EF322A,Checking match of request : '/resources/img/ic_next_h.png'; against '/0003/**'
05-08-2017 14:58:14.514,DEBUG,FAC1299E4D170E521C1A759795EF322A,Checking match of request : '/resources/img/ic_next_h.png'; against '/searchuserpopup/**'
05-08-2017 14:58:14.514,DEBUG,FAC1299E4D170E521C1A759795EF322A,Checking match of request : '/resources/img/ic_next_h.png'; against '/0005/**'
05-08-2017 14:58:14.514,DEBUG,FAC1299E4D170E521C1A759795EF322A,Checking match of request : '/resources/img/ic_next_h.png'; against '/0009/**'
05-08-2017 14:58:14.514,DEBUG,FAC1299E4D170E521C1A759795EF322A,Checking match of request : '/resources/img/ic_next_h.png'; against '/searchline/**'
05-08-2017 14:58:14.514,DEBUG,FAC1299E4D170E521C1A759795EF322A,Checking match of request : '/resources/img/ic_next_h.png'; against '/0013/**'
05-08-2017 14:58:14.514,DEBUG,FAC1299E4D170E521C1A759795EF322A,Checking match of request : '/resources/img/ic_next_h.png'; against '/0017/**'
05-08-2017 14:58:14.515,DEBUG,FAC1299E4D170E521C1A759795EF322A,Checking match of request : '/resources/img/ic_next_h.png'; against '/0031/**'
05-08-2017 14:58:14.515,DEBUG,FAC1299E4D170E521C1A759795EF322A,Checking match of request : '/resources/img/ic_next_h.png'; against '/0035/**'
05-08-2017 14:58:14.515,DEBUG,FAC1299E4D170E521C1A759795EF322A,Checking match of request : '/resources/img/ic_next_h.png'; against '/0037/**'
05-08-2017 14:58:14.515,DEBUG,FAC1299E4D170E521C1A759795EF322A,Checking match of request : '/resources/img/ic_next_h.png'; against '/0045/**'
05-08-2017 14:58:14.515,DEBUG,FAC1299E4D170E521C1A759795EF322A,Checking match of request : '/resources/img/ic_next_h.png'; against '/0047/**'
05-08-2017 14:58:14.515,DEBUG,FAC1299E4D170E521C1A759795EF322A,Checking match of request : '/resources/img/ic_next_h.png'; against '/0049/**'
05-08-2017 14:58:14.515,DEBUG,FAC1299E4D170E521C1A759795EF322A,Checking match of request : '/resources/img/ic_next_h.png'; against '/0061/**'
05-08-2017 14:58:14.515,DEBUG,FAC1299E4D170E521C1A759795EF322A,Checking match of request : '/resources/img/ic_next_h.png'; against '/0087/**'
05-08-2017 14:58:14.515,DEBUG,FAC1299E4D170E521C1A759795EF322A,Checking match of request : '/resources/img/ic_next_h.png'; against '/0075/**'
05-08-2017 14:58:14.515,DEBUG,FAC1299E4D170E521C1A759795EF322A,Checking match of request : '/resources/img/ic_next_h.png'; against '/0089/**'
05-08-2017 14:58:14.515,DEBUG,FAC1299E4D170E521C1A759795EF322A,Checking match of request : '/resources/img/ic_next_h.png'; against '/0090/**'
05-08-2017 14:58:14.515,DEBUG,FAC1299E4D170E521C1A759795EF322A,Checking match of request : '/resources/img/ic_next_h.png'; against '/0091/**'
05-08-2017 14:58:14.515,DEBUG,FAC1299E4D170E521C1A759795EF322A,Checking match of request : '/resources/img/ic_next_h.png'; against '/0092/**'
05-08-2017 14:58:14.515,DEBUG,FAC1299E4D170E521C1A759795EF322A,Checking match of request : '/resources/img/ic_next_h.png'; against '/0095/**'
05-08-2017 14:58:14.515,DEBUG,FAC1299E4D170E521C1A759795EF322A,Secure object: FilterInvocation: URL: /resources/img/ic_next_h.png; Attributes: [IS_AUTHENTICATED_ANONYMOUSLY]
05-08-2017 14:58:14.515,DEBUG,FAC1299E4D170E521C1A759795EF322A,Previously Authenticated: org.springframework.security.authentication.UsernamePasswordAuthenticationToken@3b6d4a73: Principal: vn.bananavietnam.ict.common.auth.MyUser@c4907816: Username: U0000000001; Password: [PROTECTED]; Enabled: true; AccountNonExpired: true; credentialsNonExpired: true; AccountNonLocked: true; Granted Authorities: 1; Credentials: [PROTECTED]; Authenticated: true; Details: org.springframework.security.web.authentication.WebAuthenticationDetails@2cd90: RemoteIpAddress: 0:0:0:0:0:0:0:1; SessionId: 013D85EF647DDA57C3C5F053A52D090E; Granted Authorities: 1
05-08-2017 14:58:14.515,DEBUG,FAC1299E4D170E521C1A759795EF322A,Voter: org.springframework.security.access.vote.RoleVoter@1b68791, returned: 0
05-08-2017 14:58:14.516,DEBUG,FAC1299E4D170E521C1A759795EF322A,Voter: org.springframework.security.access.vote.AuthenticatedVoter@1fd620c, returned: 1
05-08-2017 14:58:14.516,DEBUG,FAC1299E4D170E521C1A759795EF322A,Authorization successful
05-08-2017 14:58:14.516,DEBUG,FAC1299E4D170E521C1A759795EF322A,RunAsManager did not change Authentication object
05-08-2017 14:58:14.516,DEBUG,FAC1299E4D170E521C1A759795EF322A,/resources/img/ic_next_h.png reached end of additional filter chain; proceeding with original chain
05-08-2017 14:58:14.516,DEBUG,FAC1299E4D170E521C1A759795EF322A,Request [/ict/resources/img/ic_next_h.png] is not a multipart request
05-08-2017 14:58:14.516,DEBUG,FAC1299E4D170E521C1A759795EF322A,DispatcherServlet with name 'appServlet' processing GET request for [/ict/resources/img/ic_next_h.png]
05-08-2017 14:58:14.516,DEBUG,FAC1299E4D170E521C1A759795EF322A,Looking up handler method for path /resources/img/ic_next_h.png
05-08-2017 14:58:14.518,DEBUG,FAC1299E4D170E521C1A759795EF322A,Did not find handler method for [/resources/img/ic_next_h.png]
05-08-2017 14:58:14.518,DEBUG,FAC1299E4D170E521C1A759795EF322A,Matching patterns for request [/resources/img/ic_next_h.png] are [/resources/**]
05-08-2017 14:58:14.518,DEBUG,FAC1299E4D170E521C1A759795EF322A,URI Template variables for request [/resources/img/ic_next_h.png] are {}
05-08-2017 14:58:14.518,DEBUG,FAC1299E4D170E521C1A759795EF322A,Mapping [/resources/img/ic_next_h.png] to HandlerExecutionChain with handler [ResourceHttpRequestHandler [locations=[ServletContext resource [/resources/]], resolvers=[org.springframework.web.servlet.resource.PathResourceResolver@1e41c58]]] and 1 interceptor
05-08-2017 14:58:14.518,DEBUG,FAC1299E4D170E521C1A759795EF322A,Last-Modified value for [/ict/resources/img/ic_next_h.png] is: -1
05-08-2017 14:58:14.518,DEBUG,FAC1299E4D170E521C1A759795EF322A,Returning cached instance of singleton bean 'xml_path'
05-08-2017 14:58:14.519,DEBUG,FAC1299E4D170E521C1A759795EF322A,Null ModelAndView returned to DispatcherServlet with name 'appServlet': assuming HandlerAdapter completed request handling
05-08-2017 14:58:14.519,DEBUG,FAC1299E4D170E521C1A759795EF322A,Successfully completed request
05-08-2017 14:58:14.519,DEBUG,FAC1299E4D170E521C1A759795EF322A,Chain processed normally
05-08-2017 14:58:14.519,DEBUG,FAC1299E4D170E521C1A759795EF322A,SecurityContextHolder now cleared, as request processing completed
05-08-2017 14:58:14.526,DEBUG,FAC1299E4D170E521C1A759795EF322A,/0089/searchData at position 1 of 11 in additional filter chain; firing Filter: 'SecurityContextPersistenceFilter'
05-08-2017 14:58:14.527,DEBUG,FAC1299E4D170E521C1A759795EF322A,Obtained a valid SecurityContext from SPRING_SECURITY_CONTEXT: 'org.springframework.security.core.context.SecurityContextImpl@3b6d4a73: Authentication: org.springframework.security.authentication.UsernamePasswordAuthenticationToken@3b6d4a73: Principal: vn.bananavietnam.ict.common.auth.MyUser@c4907816: Username: U0000000001; Password: [PROTECTED]; Enabled: true; AccountNonExpired: true; credentialsNonExpired: true; AccountNonLocked: true; Granted Authorities: 1; Credentials: [PROTECTED]; Authenticated: true; Details: org.springframework.security.web.authentication.WebAuthenticationDetails@2cd90: RemoteIpAddress: 0:0:0:0:0:0:0:1; SessionId: 013D85EF647DDA57C3C5F053A52D090E; Granted Authorities: 1'
05-08-2017 14:58:14.527,DEBUG,FAC1299E4D170E521C1A759795EF322A,/0089/searchData at position 2 of 11 in additional filter chain; firing Filter: 'WebAsyncManagerIntegrationFilter'
05-08-2017 14:58:14.527,DEBUG,FAC1299E4D170E521C1A759795EF322A,/0089/searchData at position 3 of 11 in additional filter chain; firing Filter: 'LogoutFilter'
05-08-2017 14:58:14.527,DEBUG,FAC1299E4D170E521C1A759795EF322A,/0089/searchData at position 4 of 11 in additional filter chain; firing Filter: 'UsernamePasswordAuthenticationFilter'
05-08-2017 14:58:14.527,DEBUG,FAC1299E4D170E521C1A759795EF322A,/0089/searchData at position 5 of 11 in additional filter chain; firing Filter: 'BasicAuthenticationFilter'
05-08-2017 14:58:14.527,DEBUG,FAC1299E4D170E521C1A759795EF322A,/0089/searchData at position 6 of 11 in additional filter chain; firing Filter: 'RequestCacheAwareFilter'
05-08-2017 14:58:14.527,DEBUG,FAC1299E4D170E521C1A759795EF322A,/0089/searchData at position 7 of 11 in additional filter chain; firing Filter: 'SecurityContextHolderAwareRequestFilter'
05-08-2017 14:58:14.527,DEBUG,FAC1299E4D170E521C1A759795EF322A,/0089/searchData at position 8 of 11 in additional filter chain; firing Filter: 'AnonymousAuthenticationFilter'
05-08-2017 14:58:14.527,DEBUG,FAC1299E4D170E521C1A759795EF322A,SecurityContextHolder not populated with anonymous token, as it already contained: 'org.springframework.security.authentication.UsernamePasswordAuthenticationToken@3b6d4a73: Principal: vn.bananavietnam.ict.common.auth.MyUser@c4907816: Username: U0000000001; Password: [PROTECTED]; Enabled: true; AccountNonExpired: true; credentialsNonExpired: true; AccountNonLocked: true; Granted Authorities: 1; Credentials: [PROTECTED]; Authenticated: true; Details: org.springframework.security.web.authentication.WebAuthenticationDetails@2cd90: RemoteIpAddress: 0:0:0:0:0:0:0:1; SessionId: 013D85EF647DDA57C3C5F053A52D090E; Granted Authorities: 1'
05-08-2017 14:58:14.527,DEBUG,FAC1299E4D170E521C1A759795EF322A,/0089/searchData at position 9 of 11 in additional filter chain; firing Filter: 'SessionManagementFilter'
05-08-2017 14:58:14.527,DEBUG,FAC1299E4D170E521C1A759795EF322A,/0089/searchData at position 10 of 11 in additional filter chain; firing Filter: 'ExceptionTranslationFilter'
05-08-2017 14:58:14.527,DEBUG,FAC1299E4D170E521C1A759795EF322A,/0089/searchData at position 11 of 11 in additional filter chain; firing Filter: 'FilterSecurityInterceptor'
05-08-2017 14:58:14.527,DEBUG,FAC1299E4D170E521C1A759795EF322A,Checking match of request : '/0089/searchdata'; against '/autherror*'
05-08-2017 14:58:14.527,DEBUG,FAC1299E4D170E521C1A759795EF322A,Checking match of request : '/0089/searchdata'; against '/login/**'
05-08-2017 14:58:14.527,DEBUG,FAC1299E4D170E521C1A759795EF322A,Checking match of request : '/0089/searchdata'; against '/0001/**'
05-08-2017 14:58:14.527,DEBUG,FAC1299E4D170E521C1A759795EF322A,Checking match of request : '/0089/searchdata'; against '/0002/**'
05-08-2017 14:58:14.527,DEBUG,FAC1299E4D170E521C1A759795EF322A,Checking match of request : '/0089/searchdata'; against '/0003/**'
05-08-2017 14:58:14.527,DEBUG,FAC1299E4D170E521C1A759795EF322A,Checking match of request : '/0089/searchdata'; against '/searchuserpopup/**'
05-08-2017 14:58:14.527,DEBUG,FAC1299E4D170E521C1A759795EF322A,Checking match of request : '/0089/searchdata'; against '/0005/**'
05-08-2017 14:58:14.527,DEBUG,FAC1299E4D170E521C1A759795EF322A,Checking match of request : '/0089/searchdata'; against '/0009/**'
05-08-2017 14:58:14.527,DEBUG,FAC1299E4D170E521C1A759795EF322A,Checking match of request : '/0089/searchdata'; against '/searchline/**'
05-08-2017 14:58:14.527,DEBUG,FAC1299E4D170E521C1A759795EF322A,Checking match of request : '/0089/searchdata'; against '/0013/**'
05-08-2017 14:58:14.527,DEBUG,FAC1299E4D170E521C1A759795EF322A,Checking match of request : '/0089/searchdata'; against '/0017/**'
05-08-2017 14:58:14.527,DEBUG,FAC1299E4D170E521C1A759795EF322A,Checking match of request : '/0089/searchdata'; against '/0031/**'
05-08-2017 14:58:14.527,DEBUG,FAC1299E4D170E521C1A759795EF322A,Checking match of request : '/0089/searchdata'; against '/0035/**'
05-08-2017 14:58:14.527,DEBUG,FAC1299E4D170E521C1A759795EF322A,Checking match of request : '/0089/searchdata'; against '/0037/**'
05-08-2017 14:58:14.527,DEBUG,FAC1299E4D170E521C1A759795EF322A,Checking match of request : '/0089/searchdata'; against '/0045/**'
05-08-2017 14:58:14.527,DEBUG,FAC1299E4D170E521C1A759795EF322A,Checking match of request : '/0089/searchdata'; against '/0047/**'
05-08-2017 14:58:14.527,DEBUG,FAC1299E4D170E521C1A759795EF322A,Checking match of request : '/0089/searchdata'; against '/0049/**'
05-08-2017 14:58:14.527,DEBUG,FAC1299E4D170E521C1A759795EF322A,Checking match of request : '/0089/searchdata'; against '/0061/**'
05-08-2017 14:58:14.527,DEBUG,FAC1299E4D170E521C1A759795EF322A,Checking match of request : '/0089/searchdata'; against '/0087/**'
05-08-2017 14:58:14.527,DEBUG,FAC1299E4D170E521C1A759795EF322A,Checking match of request : '/0089/searchdata'; against '/0075/**'
05-08-2017 14:58:14.527,DEBUG,FAC1299E4D170E521C1A759795EF322A,Checking match of request : '/0089/searchdata'; against '/0089/**'
05-08-2017 14:58:14.527,DEBUG,FAC1299E4D170E521C1A759795EF322A,Secure object: FilterInvocation: URL: /0089/searchData; Attributes: [ROLE_ADMIN, ROLE_USER, IS_AUTHENTICATED_FULLY]
05-08-2017 14:58:14.527,DEBUG,FAC1299E4D170E521C1A759795EF322A,Previously Authenticated: org.springframework.security.authentication.UsernamePasswordAuthenticationToken@3b6d4a73: Principal: vn.bananavietnam.ict.common.auth.MyUser@c4907816: Username: U0000000001; Password: [PROTECTED]; Enabled: true; AccountNonExpired: true; credentialsNonExpired: true; AccountNonLocked: true; Granted Authorities: 1; Credentials: [PROTECTED]; Authenticated: true; Details: org.springframework.security.web.authentication.WebAuthenticationDetails@2cd90: RemoteIpAddress: 0:0:0:0:0:0:0:1; SessionId: 013D85EF647DDA57C3C5F053A52D090E; Granted Authorities: 1
05-08-2017 14:58:14.527,DEBUG,FAC1299E4D170E521C1A759795EF322A,Voter: org.springframework.security.access.vote.RoleVoter@1b68791, returned: -1
05-08-2017 14:58:14.527,DEBUG,FAC1299E4D170E521C1A759795EF322A,Voter: org.springframework.security.access.vote.AuthenticatedVoter@1fd620c, returned: 1
05-08-2017 14:58:14.527,DEBUG,FAC1299E4D170E521C1A759795EF322A,Authorization successful
05-08-2017 14:58:14.527,DEBUG,FAC1299E4D170E521C1A759795EF322A,RunAsManager did not change Authentication object
05-08-2017 14:58:14.527,DEBUG,FAC1299E4D170E521C1A759795EF322A,/0089/searchData reached end of additional filter chain; proceeding with original chain
05-08-2017 14:58:14.527,DEBUG,FAC1299E4D170E521C1A759795EF322A,Request [/ict/0089/searchData] is not a multipart request
05-08-2017 14:58:14.527,DEBUG,FAC1299E4D170E521C1A759795EF322A,DispatcherServlet with name 'appServlet' processing POST request for [/ict/0089/searchData]
05-08-2017 14:58:14.527,DEBUG,FAC1299E4D170E521C1A759795EF322A,Looking up handler method for path /0089/searchData
05-08-2017 14:58:14.528,DEBUG,FAC1299E4D170E521C1A759795EF322A,Returning handler method [public java.util.List<vn.bananavietnam.ict.banana.component.Bnn0089SearchTaskResult> vn.bananavietnam.ict.banana.controller.Bnn0089SearchTaskController.searchData(vn.bananavietnam.ict.banana.component.Bnn0089SearchTaskConditions)]
05-08-2017 14:58:14.528,DEBUG,FAC1299E4D170E521C1A759795EF322A,Returning cached instance of singleton bean 'bnn0089SearchTaskController'
05-08-2017 14:58:14.528,DEBUG,FAC1299E4D170E521C1A759795EF322A,Returning cached instance of singleton bean 'xml_path'
05-08-2017 14:58:14.528,DEBUG,FAC1299E4D170E521C1A759795EF322A,Skip CORS processing: request is from same origin
05-08-2017 14:58:14.528,DEBUG,FAC1299E4D170E521C1A759795EF322A,Read [class vn.bananavietnam.ict.banana.component.Bnn0089SearchTaskConditions] as "application/json" with [org.springframework.http.converter.json.MappingJackson2HttpMessageConverter@1fe278e]
05-08-2017 14:58:14.528,INFO ,FAC1299E4D170E521C1A759795EF322A,U0000000001,vn.bananavietnam.ict.banana.service.Bnn0089SearchTaskService,searchData,[vn.bananavietnam.ict.banana.component.Bnn0089SearchTaskConditions@1e1d5c1] METHOD START
05-08-2017 14:58:14.528,DEBUG,FAC1299E4D170E521C1A759795EF322A,Returning cached instance of singleton bean 'transactionManager'
05-08-2017 14:58:14.528,INFO ,FAC1299E4D170E521C1A759795EF322A,U0000000001,Task searching started
05-08-2017 14:58:14.528,DEBUG,FAC1299E4D170E521C1A759795EF322A,Creating a new SqlSession
05-08-2017 14:58:14.528,DEBUG,FAC1299E4D170E521C1A759795EF322A,Registering transaction synchronization for SqlSession [org.apache.ibatis.session.defaults.DefaultSqlSession@163a439]
05-08-2017 14:58:14.529,DEBUG,FAC1299E4D170E521C1A759795EF322A,Fetching JDBC Connection from DataSource
05-08-2017 14:58:14.529,DEBUG,FAC1299E4D170E521C1A759795EF322A,Creating new JDBC DriverManager Connection to [jdbc:mysql://172.16.0.175:3306/BANANA_DB_HUNG_SELENIUM?useUnicode=yes&characterEncoding=UTF-8&autoReconnect=true]
05-08-2017 14:58:14.550,DEBUG,FAC1299E4D170E521C1A759795EF322A,Registering transaction synchronization for JDBC Connection
05-08-2017 14:58:14.550,DEBUG,FAC1299E4D170E521C1A759795EF322A,JDBC Connection [com.mysql.jdbc.JDBC4Connection@77c27c] will be managed by Spring
05-08-2017 14:58:14.551,DEBUG,FAC1299E4D170E521C1A759795EF322A,==>  Preparing: SELECT T.TASK_ID taskId, T.TASK_NAME taskName, T.WORKING_DETAILS workingDetails, T.NOTE note, T.QUARANTINE_HANDLING_FLAG quarantineHandlingFlag, T.DELETE_FLAG deleteFlag, T.CHANGE_POINT_CODE changePointCode FROM IVB_M_TASK T WHERE 1 = 1 AND T.DELETE_FLAG = '0' ORDER BY T.TASK_NAME LIMIT ?,? 
05-08-2017 14:58:14.551,DEBUG,FAC1299E4D170E521C1A759795EF322A,==> Parameters: 20(Integer), 20(Integer)
05-08-2017 14:58:14.554,DEBUG,FAC1299E4D170E521C1A759795EF322A,<==      Total: 20
05-08-2017 14:58:14.554,DEBUG,FAC1299E4D170E521C1A759795EF322A,Releasing transactional SqlSession [org.apache.ibatis.session.defaults.DefaultSqlSession@163a439]
05-08-2017 14:58:14.554,INFO ,FAC1299E4D170E521C1A759795EF322A,U0000000001,SQL execution finished
05-08-2017 14:58:14.554,DEBUG,FAC1299E4D170E521C1A759795EF322A,Fetched SqlSession [org.apache.ibatis.session.defaults.DefaultSqlSession@163a439] from current transaction
05-08-2017 14:58:14.554,DEBUG,FAC1299E4D170E521C1A759795EF322A,==>  Preparing: SELECT COUNT(*) FROM IVB_M_TASK T WHERE 1 = 1 AND T.DELETE_FLAG = '0' ORDER BY T.TASK_ID 
05-08-2017 14:58:14.554,DEBUG,FAC1299E4D170E521C1A759795EF322A,==> Parameters: 
05-08-2017 14:58:14.555,DEBUG,FAC1299E4D170E521C1A759795EF322A,<==      Total: 1
05-08-2017 14:58:14.556,DEBUG,FAC1299E4D170E521C1A759795EF322A,Releasing transactional SqlSession [org.apache.ibatis.session.defaults.DefaultSqlSession@163a439]
05-08-2017 14:58:14.556,INFO ,FAC1299E4D170E521C1A759795EF322A,U0000000001,Task searching finished ==> 43 item(s)
05-08-2017 14:58:14.556,DEBUG,FAC1299E4D170E521C1A759795EF322A,Transaction synchronization deregistering SqlSession [org.apache.ibatis.session.defaults.DefaultSqlSession@163a439]
05-08-2017 14:58:14.556,DEBUG,FAC1299E4D170E521C1A759795EF322A,Transaction synchronization closing SqlSession [org.apache.ibatis.session.defaults.DefaultSqlSession@163a439]
05-08-2017 14:58:14.556,DEBUG,FAC1299E4D170E521C1A759795EF322A,Returning JDBC Connection to DataSource
05-08-2017 14:58:14.556,INFO ,FAC1299E4D170E521C1A759795EF322A,U0000000001,vn.bananavietnam.ict.banana.service.Bnn0089SearchTaskService,searchData,[vn.bananavietnam.ict.banana.component.Bnn0089SearchTaskConditions@1e1d5c1] METHOD END
05-08-2017 14:58:14.557,DEBUG,FAC1299E4D170E521C1A759795EF322A,Written [[vn.bananavietnam.ict.banana.component.Bnn0089SearchTaskResult@1c95609, vn.bananavietnam.ict.banana.component.Bnn0089SearchTaskResult@142bc1c, vn.bananavietnam.ict.banana.component.Bnn0089SearchTaskResult@c98c16, vn.bananavietnam.ict.banana.component.Bnn0089SearchTaskResult@1e8985e, vn.bananavietnam.ict.banana.component.Bnn0089SearchTaskResult@d2ee34, vn.bananavietnam.ict.banana.component.Bnn0089SearchTaskResult@14096e, vn.bananavietnam.ict.banana.component.Bnn0089SearchTaskResult@8d89c6, vn.bananavietnam.ict.banana.component.Bnn0089SearchTaskResult@168d861, vn.bananavietnam.ict.banana.component.Bnn0089SearchTaskResult@943f76, vn.bananavietnam.ict.banana.component.Bnn0089SearchTaskResult@c718f3, vn.bananavietnam.ict.banana.component.Bnn0089SearchTaskResult@f46294, vn.bananavietnam.ict.banana.component.Bnn0089SearchTaskResult@14a073b, vn.bananavietnam.ict.banana.component.Bnn0089SearchTaskResult@88fb6b, vn.bananavietnam.ict.banana.component.Bnn0089SearchTaskResult@b07209, vn.bananavietnam.ict.banana.component.Bnn0089SearchTaskResult@1035e49, vn.bananavietnam.ict.banana.component.Bnn0089SearchTaskResult@c5f6cd, vn.bananavietnam.ict.banana.component.Bnn0089SearchTaskResult@19914dd, vn.bananavietnam.ict.banana.component.Bnn0089SearchTaskResult@4a1ddd, vn.bananavietnam.ict.banana.component.Bnn0089SearchTaskResult@182f7cb, vn.bananavietnam.ict.banana.component.Bnn0089SearchTaskResult@4810e8]] as "application/json;charset=UTF-8" using [org.springframework.http.converter.json.MappingJackson2HttpMessageConverter@1fe278e]
05-08-2017 14:58:14.557,DEBUG,FAC1299E4D170E521C1A759795EF322A,Null ModelAndView returned to DispatcherServlet with name 'appServlet': assuming HandlerAdapter completed request handling
05-08-2017 14:58:14.557,DEBUG,FAC1299E4D170E521C1A759795EF322A,Successfully completed request
05-08-2017 14:58:14.557,DEBUG,FAC1299E4D170E521C1A759795EF322A,Chain processed normally
05-08-2017 14:58:14.557,DEBUG,FAC1299E4D170E521C1A759795EF322A,SecurityContextHolder now cleared, as request processing completed
