05-08-2017 14:58:25.504,DEBUG,FAC1299E4D170E521C1A759795EF322A,/0001/ at position 1 of 11 in additional filter chain; firing Filter: 'SecurityContextPersistenceFilter'
05-08-2017 14:58:25.504,DEBUG,FAC1299E4D170E521C1A759795EF322A,Obtained a valid SecurityContext from SPRING_SECURITY_CONTEXT: 'org.springframework.security.core.context.SecurityContextImpl@3b6d4a73: Authentication: org.springframework.security.authentication.UsernamePasswordAuthenticationToken@3b6d4a73: Principal: vn.bananavietnam.ict.common.auth.MyUser@c4907816: Username: U0000000001; Password: [PROTECTED]; Enabled: true; AccountNonExpired: true; credentialsNonExpired: true; AccountNonLocked: true; Granted Authorities: 1; Credentials: [PROTECTED]; Authenticated: true; Details: org.springframework.security.web.authentication.WebAuthenticationDetails@2cd90: RemoteIpAddress: 0:0:0:0:0:0:0:1; SessionId: 013D85EF647DDA57C3C5F053A52D090E; Granted Authorities: 1'
05-08-2017 14:58:25.504,DEBUG,FAC1299E4D170E521C1A759795EF322A,/0001/ at position 2 of 11 in additional filter chain; firing Filter: 'WebAsyncManagerIntegrationFilter'
05-08-2017 14:58:25.505,DEBUG,FAC1299E4D170E521C1A759795EF322A,/0001/ at position 3 of 11 in additional filter chain; firing Filter: 'LogoutFilter'
05-08-2017 14:58:25.505,DEBUG,FAC1299E4D170E521C1A759795EF322A,/0001/ at position 4 of 11 in additional filter chain; firing Filter: 'UsernamePasswordAuthenticationFilter'
05-08-2017 14:58:25.505,DEBUG,FAC1299E4D170E521C1A759795EF322A,/0001/ at position 5 of 11 in additional filter chain; firing Filter: 'BasicAuthenticationFilter'
05-08-2017 14:58:25.505,DEBUG,FAC1299E4D170E521C1A759795EF322A,/0001/ at position 6 of 11 in additional filter chain; firing Filter: 'RequestCacheAwareFilter'
05-08-2017 14:58:25.505,DEBUG,FAC1299E4D170E521C1A759795EF322A,/0001/ at position 7 of 11 in additional filter chain; firing Filter: 'SecurityContextHolderAwareRequestFilter'
05-08-2017 14:58:25.505,DEBUG,FAC1299E4D170E521C1A759795EF322A,/0001/ at position 8 of 11 in additional filter chain; firing Filter: 'AnonymousAuthenticationFilter'
05-08-2017 14:58:25.505,DEBUG,FAC1299E4D170E521C1A759795EF322A,SecurityContextHolder not populated with anonymous token, as it already contained: 'org.springframework.security.authentication.UsernamePasswordAuthenticationToken@3b6d4a73: Principal: vn.bananavietnam.ict.common.auth.MyUser@c4907816: Username: U0000000001; Password: [PROTECTED]; Enabled: true; AccountNonExpired: true; credentialsNonExpired: true; AccountNonLocked: true; Granted Authorities: 1; Credentials: [PROTECTED]; Authenticated: true; Details: org.springframework.security.web.authentication.WebAuthenticationDetails@2cd90: RemoteIpAddress: 0:0:0:0:0:0:0:1; SessionId: 013D85EF647DDA57C3C5F053A52D090E; Granted Authorities: 1'
05-08-2017 14:58:25.505,DEBUG,FAC1299E4D170E521C1A759795EF322A,/0001/ at position 9 of 11 in additional filter chain; firing Filter: 'SessionManagementFilter'
05-08-2017 14:58:25.505,DEBUG,FAC1299E4D170E521C1A759795EF322A,/0001/ at position 10 of 11 in additional filter chain; firing Filter: 'ExceptionTranslationFilter'
05-08-2017 14:58:25.505,DEBUG,FAC1299E4D170E521C1A759795EF322A,/0001/ at position 11 of 11 in additional filter chain; firing Filter: 'FilterSecurityInterceptor'
05-08-2017 14:58:25.505,DEBUG,FAC1299E4D170E521C1A759795EF322A,Checking match of request : '/0001/'; against '/autherror*'
05-08-2017 14:58:25.505,DEBUG,FAC1299E4D170E521C1A759795EF322A,Checking match of request : '/0001/'; against '/login/**'
05-08-2017 14:58:25.505,DEBUG,FAC1299E4D170E521C1A759795EF322A,Checking match of request : '/0001/'; against '/0001/**'
05-08-2017 14:58:25.505,DEBUG,FAC1299E4D170E521C1A759795EF322A,Secure object: FilterInvocation: URL: /0001/; Attributes: [ROLE_ADMIN, ROLE_USER, IS_AUTHENTICATED_FULLY]
05-08-2017 14:58:25.505,DEBUG,FAC1299E4D170E521C1A759795EF322A,Previously Authenticated: org.springframework.security.authentication.UsernamePasswordAuthenticationToken@3b6d4a73: Principal: vn.bananavietnam.ict.common.auth.MyUser@c4907816: Username: U0000000001; Password: [PROTECTED]; Enabled: true; AccountNonExpired: true; credentialsNonExpired: true; AccountNonLocked: true; Granted Authorities: 1; Credentials: [PROTECTED]; Authenticated: true; Details: org.springframework.security.web.authentication.WebAuthenticationDetails@2cd90: RemoteIpAddress: 0:0:0:0:0:0:0:1; SessionId: 013D85EF647DDA57C3C5F053A52D090E; Granted Authorities: 1
05-08-2017 14:58:25.506,DEBUG,FAC1299E4D170E521C1A759795EF322A,Voter: org.springframework.security.access.vote.RoleVoter@1b68791, returned: -1
05-08-2017 14:58:25.506,DEBUG,FAC1299E4D170E521C1A759795EF322A,Voter: org.springframework.security.access.vote.AuthenticatedVoter@1fd620c, returned: 1
05-08-2017 14:58:25.506,DEBUG,FAC1299E4D170E521C1A759795EF322A,Authorization successful
05-08-2017 14:58:25.506,DEBUG,FAC1299E4D170E521C1A759795EF322A,RunAsManager did not change Authentication object
05-08-2017 14:58:25.506,DEBUG,FAC1299E4D170E521C1A759795EF322A,/0001/ reached end of additional filter chain; proceeding with original chain
05-08-2017 14:58:25.506,DEBUG,FAC1299E4D170E521C1A759795EF322A,Request [/ict/0001/] is not a multipart request
05-08-2017 14:58:25.506,DEBUG,FAC1299E4D170E521C1A759795EF322A,DispatcherServlet with name 'appServlet' processing GET request for [/ict/0001/]
05-08-2017 14:58:25.506,DEBUG,FAC1299E4D170E521C1A759795EF322A,Looking up handler method for path /0001/
05-08-2017 14:58:25.506,DEBUG,FAC1299E4D170E521C1A759795EF322A,Returning handler method [public java.lang.String vn.bananavietnam.ict.banana.controller.Bnn0001BananaMenuController.top(java.util.Locale,org.springframework.ui.Model)]
05-08-2017 14:58:25.506,DEBUG,FAC1299E4D170E521C1A759795EF322A,Returning cached instance of singleton bean 'bnn0001BananaMenuController'
05-08-2017 14:58:25.506,DEBUG,FAC1299E4D170E521C1A759795EF322A,Last-Modified value for [/ict/0001/] is: -1
05-08-2017 14:58:25.506,DEBUG,FAC1299E4D170E521C1A759795EF322A,Returning cached instance of singleton bean 'xml_path'
05-08-2017 14:58:25.506,DEBUG,FAC1299E4D170E521C1A759795EF322A,Rendering view [org.springframework.web.servlet.view.JstlView: name 'banana/Bnn0001BananaMenu'; URL [/WEB-INF/views/banana/Bnn0001BananaMenu.jsp]] in DispatcherServlet with name 'appServlet'
05-08-2017 14:58:25.506,DEBUG,FAC1299E4D170E521C1A759795EF322A,Forwarding to resource [/WEB-INF/views/banana/Bnn0001BananaMenu.jsp] in InternalResourceView 'banana/Bnn0001BananaMenu'
05-08-2017 14:58:25.509,DEBUG,FAC1299E4D170E521C1A759795EF322A,Render request received for definition 'defaultTemplate'
05-08-2017 14:58:25.543,DEBUG,FAC1299E4D170E521C1A759795EF322A,Successfully completed request
05-08-2017 14:58:25.543,DEBUG,FAC1299E4D170E521C1A759795EF322A,Chain processed normally
05-08-2017 14:58:25.543,DEBUG,FAC1299E4D170E521C1A759795EF322A,SecurityContextHolder now cleared, as request processing completed
