05-08-2017 14:57:25.027,DEBUG,FAC1299E4D170E521C1A759795EF322A,/0089/getSingleData at position 1 of 11 in additional filter chain; firing Filter: 'SecurityContextPersistenceFilter'
05-08-2017 14:57:25.027,DEBUG,FAC1299E4D170E521C1A759795EF322A,Obtained a valid SecurityContext from SPRING_SECURITY_CONTEXT: 'org.springframework.security.core.context.SecurityContextImpl@3b6d4a73: Authentication: org.springframework.security.authentication.UsernamePasswordAuthenticationToken@3b6d4a73: Principal: vn.bananavietnam.ict.common.auth.MyUser@c4907816: Username: U0000000001; Password: [PROTECTED]; Enabled: true; AccountNonExpired: true; credentialsNonExpired: true; AccountNonLocked: true; Granted Authorities: 1; Credentials: [PROTECTED]; Authenticated: true; Details: org.springframework.security.web.authentication.WebAuthenticationDetails@2cd90: RemoteIpAddress: 0:0:0:0:0:0:0:1; SessionId: 013D85EF647DDA57C3C5F053A52D090E; Granted Authorities: 1'
05-08-2017 14:57:25.028,DEBUG,FAC1299E4D170E521C1A759795EF322A,/0089/getSingleData at position 2 of 11 in additional filter chain; firing Filter: 'WebAsyncManagerIntegrationFilter'
05-08-2017 14:57:25.028,DEBUG,FAC1299E4D170E521C1A759795EF322A,/0089/getSingleData at position 3 of 11 in additional filter chain; firing Filter: 'LogoutFilter'
05-08-2017 14:57:25.028,DEBUG,FAC1299E4D170E521C1A759795EF322A,/0089/getSingleData at position 4 of 11 in additional filter chain; firing Filter: 'UsernamePasswordAuthenticationFilter'
05-08-2017 14:57:25.028,DEBUG,FAC1299E4D170E521C1A759795EF322A,/0089/getSingleData at position 5 of 11 in additional filter chain; firing Filter: 'BasicAuthenticationFilter'
05-08-2017 14:57:25.028,DEBUG,FAC1299E4D170E521C1A759795EF322A,/0089/getSingleData at position 6 of 11 in additional filter chain; firing Filter: 'RequestCacheAwareFilter'
05-08-2017 14:57:25.028,DEBUG,FAC1299E4D170E521C1A759795EF322A,/0089/getSingleData at position 7 of 11 in additional filter chain; firing Filter: 'SecurityContextHolderAwareRequestFilter'
05-08-2017 14:57:25.028,DEBUG,FAC1299E4D170E521C1A759795EF322A,/0089/getSingleData at position 8 of 11 in additional filter chain; firing Filter: 'AnonymousAuthenticationFilter'
05-08-2017 14:57:25.028,DEBUG,FAC1299E4D170E521C1A759795EF322A,SecurityContextHolder not populated with anonymous token, as it already contained: 'org.springframework.security.authentication.UsernamePasswordAuthenticationToken@3b6d4a73: Principal: vn.bananavietnam.ict.common.auth.MyUser@c4907816: Username: U0000000001; Password: [PROTECTED]; Enabled: true; AccountNonExpired: true; credentialsNonExpired: true; AccountNonLocked: true; Granted Authorities: 1; Credentials: [PROTECTED]; Authenticated: true; Details: org.springframework.security.web.authentication.WebAuthenticationDetails@2cd90: RemoteIpAddress: 0:0:0:0:0:0:0:1; SessionId: 013D85EF647DDA57C3C5F053A52D090E; Granted Authorities: 1'
05-08-2017 14:57:25.028,DEBUG,FAC1299E4D170E521C1A759795EF322A,/0089/getSingleData at position 9 of 11 in additional filter chain; firing Filter: 'SessionManagementFilter'
05-08-2017 14:57:25.028,DEBUG,FAC1299E4D170E521C1A759795EF322A,/0089/getSingleData at position 10 of 11 in additional filter chain; firing Filter: 'ExceptionTranslationFilter'
05-08-2017 14:57:25.028,DEBUG,FAC1299E4D170E521C1A759795EF322A,/0089/getSingleData at position 11 of 11 in additional filter chain; firing Filter: 'FilterSecurityInterceptor'
05-08-2017 14:57:25.028,DEBUG,FAC1299E4D170E521C1A759795EF322A,Checking match of request : '/0089/getsingledata'; against '/autherror*'
05-08-2017 14:57:25.028,DEBUG,FAC1299E4D170E521C1A759795EF322A,Checking match of request : '/0089/getsingledata'; against '/login/**'
05-08-2017 14:57:25.028,DEBUG,FAC1299E4D170E521C1A759795EF322A,Checking match of request : '/0089/getsingledata'; against '/0001/**'
05-08-2017 14:57:25.028,DEBUG,FAC1299E4D170E521C1A759795EF322A,Checking match of request : '/0089/getsingledata'; against '/0002/**'
05-08-2017 14:57:25.028,DEBUG,FAC1299E4D170E521C1A759795EF322A,Checking match of request : '/0089/getsingledata'; against '/0003/**'
05-08-2017 14:57:25.028,DEBUG,FAC1299E4D170E521C1A759795EF322A,Checking match of request : '/0089/getsingledata'; against '/searchuserpopup/**'
05-08-2017 14:57:25.030,DEBUG,FAC1299E4D170E521C1A759795EF322A,Checking match of request : '/0089/getsingledata'; against '/0005/**'
05-08-2017 14:57:25.030,DEBUG,FAC1299E4D170E521C1A759795EF322A,Checking match of request : '/0089/getsingledata'; against '/0009/**'
05-08-2017 14:57:25.030,DEBUG,FAC1299E4D170E521C1A759795EF322A,Checking match of request : '/0089/getsingledata'; against '/searchline/**'
05-08-2017 14:57:25.030,DEBUG,FAC1299E4D170E521C1A759795EF322A,Checking match of request : '/0089/getsingledata'; against '/0013/**'
05-08-2017 14:57:25.030,DEBUG,FAC1299E4D170E521C1A759795EF322A,Checking match of request : '/0089/getsingledata'; against '/0017/**'
05-08-2017 14:57:25.030,DEBUG,FAC1299E4D170E521C1A759795EF322A,Checking match of request : '/0089/getsingledata'; against '/0031/**'
05-08-2017 14:57:25.030,DEBUG,FAC1299E4D170E521C1A759795EF322A,Checking match of request : '/0089/getsingledata'; against '/0035/**'
05-08-2017 14:57:25.030,DEBUG,FAC1299E4D170E521C1A759795EF322A,Checking match of request : '/0089/getsingledata'; against '/0037/**'
05-08-2017 14:57:25.030,DEBUG,FAC1299E4D170E521C1A759795EF322A,Checking match of request : '/0089/getsingledata'; against '/0045/**'
05-08-2017 14:57:25.030,DEBUG,FAC1299E4D170E521C1A759795EF322A,Checking match of request : '/0089/getsingledata'; against '/0047/**'
05-08-2017 14:57:25.030,DEBUG,FAC1299E4D170E521C1A759795EF322A,Checking match of request : '/0089/getsingledata'; against '/0049/**'
05-08-2017 14:57:25.030,DEBUG,FAC1299E4D170E521C1A759795EF322A,Checking match of request : '/0089/getsingledata'; against '/0061/**'
05-08-2017 14:57:25.030,DEBUG,FAC1299E4D170E521C1A759795EF322A,Checking match of request : '/0089/getsingledata'; against '/0087/**'
05-08-2017 14:57:25.030,DEBUG,FAC1299E4D170E521C1A759795EF322A,Checking match of request : '/0089/getsingledata'; against '/0075/**'
05-08-2017 14:57:25.030,DEBUG,FAC1299E4D170E521C1A759795EF322A,Checking match of request : '/0089/getsingledata'; against '/0089/**'
05-08-2017 14:57:25.030,DEBUG,FAC1299E4D170E521C1A759795EF322A,Secure object: FilterInvocation: URL: /0089/getSingleData; Attributes: [ROLE_ADMIN, ROLE_USER, IS_AUTHENTICATED_FULLY]
05-08-2017 14:57:25.030,DEBUG,FAC1299E4D170E521C1A759795EF322A,Previously Authenticated: org.springframework.security.authentication.UsernamePasswordAuthenticationToken@3b6d4a73: Principal: vn.bananavietnam.ict.common.auth.MyUser@c4907816: Username: U0000000001; Password: [PROTECTED]; Enabled: true; AccountNonExpired: true; credentialsNonExpired: true; AccountNonLocked: true; Granted Authorities: 1; Credentials: [PROTECTED]; Authenticated: true; Details: org.springframework.security.web.authentication.WebAuthenticationDetails@2cd90: RemoteIpAddress: 0:0:0:0:0:0:0:1; SessionId: 013D85EF647DDA57C3C5F053A52D090E; Granted Authorities: 1
05-08-2017 14:57:25.030,DEBUG,FAC1299E4D170E521C1A759795EF322A,Voter: org.springframework.security.access.vote.RoleVoter@1b68791, returned: -1
05-08-2017 14:57:25.030,DEBUG,FAC1299E4D170E521C1A759795EF322A,Voter: org.springframework.security.access.vote.AuthenticatedVoter@1fd620c, returned: 1
05-08-2017 14:57:25.030,DEBUG,FAC1299E4D170E521C1A759795EF322A,Authorization successful
05-08-2017 14:57:25.030,DEBUG,FAC1299E4D170E521C1A759795EF322A,RunAsManager did not change Authentication object
05-08-2017 14:57:25.030,DEBUG,FAC1299E4D170E521C1A759795EF322A,/0089/getSingleData reached end of additional filter chain; proceeding with original chain
05-08-2017 14:57:25.030,DEBUG,FAC1299E4D170E521C1A759795EF322A,Request [/ict/0089/getSingleData] is not a multipart request
05-08-2017 14:57:25.030,DEBUG,FAC1299E4D170E521C1A759795EF322A,DispatcherServlet with name 'appServlet' processing POST request for [/ict/0089/getSingleData]
05-08-2017 14:57:25.030,DEBUG,FAC1299E4D170E521C1A759795EF322A,Looking up handler method for path /0089/getSingleData
05-08-2017 14:57:25.030,DEBUG,FAC1299E4D170E521C1A759795EF322A,Returning handler method [public java.util.List<vn.bananavietnam.ict.banana.component.Bnn0089SearchTaskResult> vn.bananavietnam.ict.banana.controller.Bnn0089SearchTaskController.getSingleData(vn.bananavietnam.ict.banana.component.Bnn0089SearchTaskConditions)]
05-08-2017 14:57:25.030,DEBUG,FAC1299E4D170E521C1A759795EF322A,Returning cached instance of singleton bean 'bnn0089SearchTaskController'
05-08-2017 14:57:25.030,DEBUG,FAC1299E4D170E521C1A759795EF322A,Returning cached instance of singleton bean 'xml_path'
05-08-2017 14:57:25.031,DEBUG,FAC1299E4D170E521C1A759795EF322A,Skip CORS processing: request is from same origin
05-08-2017 14:57:25.031,DEBUG,FAC1299E4D170E521C1A759795EF322A,Read [class vn.bananavietnam.ict.banana.component.Bnn0089SearchTaskConditions] as "application/json" with [org.springframework.http.converter.json.MappingJackson2HttpMessageConverter@1fe278e]
05-08-2017 14:57:25.031,INFO ,FAC1299E4D170E521C1A759795EF322A,U0000000001,vn.bananavietnam.ict.banana.service.Bnn0089SearchTaskService,getSingleData,[vn.bananavietnam.ict.banana.component.Bnn0089SearchTaskConditions@3bf882] METHOD START
05-08-2017 14:57:25.031,INFO ,FAC1299E4D170E521C1A759795EF322A,U0000000001,Farm searching started
05-08-2017 14:57:25.031,DEBUG,FAC1299E4D170E521C1A759795EF322A,Returning cached instance of singleton bean 'transactionManager'
05-08-2017 14:57:25.031,DEBUG,FAC1299E4D170E521C1A759795EF322A,Creating a new SqlSession
05-08-2017 14:57:25.031,DEBUG,FAC1299E4D170E521C1A759795EF322A,Registering transaction synchronization for SqlSession [org.apache.ibatis.session.defaults.DefaultSqlSession@1f0a41b]
05-08-2017 14:57:25.031,DEBUG,FAC1299E4D170E521C1A759795EF322A,Fetching JDBC Connection from DataSource
05-08-2017 14:57:25.031,DEBUG,FAC1299E4D170E521C1A759795EF322A,Creating new JDBC DriverManager Connection to [jdbc:mysql://172.16.0.175:3306/BANANA_DB_HUNG_SELENIUM?useUnicode=yes&characterEncoding=UTF-8&autoReconnect=true]
05-08-2017 14:57:25.052,DEBUG,FAC1299E4D170E521C1A759795EF322A,Registering transaction synchronization for JDBC Connection
05-08-2017 14:57:25.052,DEBUG,FAC1299E4D170E521C1A759795EF322A,JDBC Connection [com.mysql.jdbc.JDBC4Connection@14ea5fa] will be managed by Spring
05-08-2017 14:57:25.052,DEBUG,FAC1299E4D170E521C1A759795EF322A,==>  Preparing: SELECT T.TASK_ID taskId, T.TASK_NAME taskName, T.WORKING_DETAILS workingDetails, T.NOTE note, T.QUARANTINE_HANDLING_FLAG quarantineHandlingFlag, T.DELETE_FLAG deleteFlag, T.CHANGE_POINT_CODE changePointCode FROM IVB_M_TASK T WHERE 1 = 1 AND T.TASK_ID = ? AND T.DELETE_FLAG = '0' 
05-08-2017 14:57:25.052,DEBUG,FAC1299E4D170E521C1A759795EF322A,==> Parameters: T060(String)
05-08-2017 14:57:25.053,DEBUG,FAC1299E4D170E521C1A759795EF322A,<==      Total: 1
05-08-2017 14:57:25.054,DEBUG,FAC1299E4D170E521C1A759795EF322A,Releasing transactional SqlSession [org.apache.ibatis.session.defaults.DefaultSqlSession@1f0a41b]
05-08-2017 14:57:25.054,DEBUG,FAC1299E4D170E521C1A759795EF322A,Transaction synchronization deregistering SqlSession [org.apache.ibatis.session.defaults.DefaultSqlSession@1f0a41b]
05-08-2017 14:57:25.054,DEBUG,FAC1299E4D170E521C1A759795EF322A,Transaction synchronization closing SqlSession [org.apache.ibatis.session.defaults.DefaultSqlSession@1f0a41b]
05-08-2017 14:57:25.054,DEBUG,FAC1299E4D170E521C1A759795EF322A,Returning JDBC Connection to DataSource
05-08-2017 14:57:25.054,INFO ,FAC1299E4D170E521C1A759795EF322A,U0000000001,vn.bananavietnam.ict.banana.service.Bnn0089SearchTaskService,getSingleData,[vn.bananavietnam.ict.banana.component.Bnn0089SearchTaskConditions@3bf882] METHOD END
05-08-2017 14:57:25.057,DEBUG,FAC1299E4D170E521C1A759795EF322A,Written [[vn.bananavietnam.ict.banana.component.Bnn0089SearchTaskResult@1564db5]] as "application/json;charset=UTF-8" using [org.springframework.http.converter.json.MappingJackson2HttpMessageConverter@1fe278e]
05-08-2017 14:57:25.057,DEBUG,FAC1299E4D170E521C1A759795EF322A,Null ModelAndView returned to DispatcherServlet with name 'appServlet': assuming HandlerAdapter completed request handling
05-08-2017 14:57:25.057,DEBUG,FAC1299E4D170E521C1A759795EF322A,Successfully completed request
05-08-2017 14:57:25.057,DEBUG,FAC1299E4D170E521C1A759795EF322A,Chain processed normally
05-08-2017 14:57:25.057,DEBUG,FAC1299E4D170E521C1A759795EF322A,SecurityContextHolder now cleared, as request processing completed
