05-08-2017 14:45:04.653,DEBUG,70D3794E9B09B640DAAB06EDFCF2356F,/0089/searchData at position 1 of 11 in additional filter chain; firing Filter: 'SecurityContextPersistenceFilter'
05-08-2017 14:45:04.654,DEBUG,70D3794E9B09B640DAAB06EDFCF2356F,Obtained a valid SecurityContext from SPRING_SECURITY_CONTEXT: 'org.springframework.security.core.context.SecurityContextImpl@3b6f87e3: Authentication: org.springframework.security.authentication.UsernamePasswordAuthenticationToken@3b6f87e3: Principal: vn.bananavietnam.ict.common.auth.MyUser@c4907816: Username: U0000000001; Password: [PROTECTED]; Enabled: true; AccountNonExpired: true; credentialsNonExpired: true; AccountNonLocked: true; Granted Authorities: 1; Credentials: [PROTECTED]; Authenticated: true; Details: org.springframework.security.web.authentication.WebAuthenticationDetails@0: RemoteIpAddress: 0:0:0:0:0:0:0:1; SessionId: 880033B5749AC3063433540F06EF6B1C; Granted Authorities: 1'
05-08-2017 14:45:04.654,DEBUG,70D3794E9B09B640DAAB06EDFCF2356F,/0089/searchData at position 2 of 11 in additional filter chain; firing Filter: 'WebAsyncManagerIntegrationFilter'
05-08-2017 14:45:04.654,DEBUG,70D3794E9B09B640DAAB06EDFCF2356F,/0089/searchData at position 3 of 11 in additional filter chain; firing Filter: 'LogoutFilter'
05-08-2017 14:45:04.654,DEBUG,70D3794E9B09B640DAAB06EDFCF2356F,/0089/searchData at position 4 of 11 in additional filter chain; firing Filter: 'UsernamePasswordAuthenticationFilter'
05-08-2017 14:45:04.654,DEBUG,70D3794E9B09B640DAAB06EDFCF2356F,/0089/searchData at position 5 of 11 in additional filter chain; firing Filter: 'BasicAuthenticationFilter'
05-08-2017 14:45:04.654,DEBUG,70D3794E9B09B640DAAB06EDFCF2356F,/0089/searchData at position 6 of 11 in additional filter chain; firing Filter: 'RequestCacheAwareFilter'
05-08-2017 14:45:04.654,DEBUG,70D3794E9B09B640DAAB06EDFCF2356F,/0089/searchData at position 7 of 11 in additional filter chain; firing Filter: 'SecurityContextHolderAwareRequestFilter'
05-08-2017 14:45:04.654,DEBUG,70D3794E9B09B640DAAB06EDFCF2356F,/0089/searchData at position 8 of 11 in additional filter chain; firing Filter: 'AnonymousAuthenticationFilter'
05-08-2017 14:45:04.654,DEBUG,70D3794E9B09B640DAAB06EDFCF2356F,SecurityContextHolder not populated with anonymous token, as it already contained: 'org.springframework.security.authentication.UsernamePasswordAuthenticationToken@3b6f87e3: Principal: vn.bananavietnam.ict.common.auth.MyUser@c4907816: Username: U0000000001; Password: [PROTECTED]; Enabled: true; AccountNonExpired: true; credentialsNonExpired: true; AccountNonLocked: true; Granted Authorities: 1; Credentials: [PROTECTED]; Authenticated: true; Details: org.springframework.security.web.authentication.WebAuthenticationDetails@0: RemoteIpAddress: 0:0:0:0:0:0:0:1; SessionId: 880033B5749AC3063433540F06EF6B1C; Granted Authorities: 1'
05-08-2017 14:45:04.654,DEBUG,70D3794E9B09B640DAAB06EDFCF2356F,/0089/searchData at position 9 of 11 in additional filter chain; firing Filter: 'SessionManagementFilter'
05-08-2017 14:45:04.654,DEBUG,70D3794E9B09B640DAAB06EDFCF2356F,/0089/searchData at position 10 of 11 in additional filter chain; firing Filter: 'ExceptionTranslationFilter'
05-08-2017 14:45:04.654,DEBUG,70D3794E9B09B640DAAB06EDFCF2356F,/0089/searchData at position 11 of 11 in additional filter chain; firing Filter: 'FilterSecurityInterceptor'
05-08-2017 14:45:04.654,DEBUG,70D3794E9B09B640DAAB06EDFCF2356F,Checking match of request : '/0089/searchdata'; against '/autherror*'
05-08-2017 14:45:04.654,DEBUG,70D3794E9B09B640DAAB06EDFCF2356F,Checking match of request : '/0089/searchdata'; against '/login/**'
05-08-2017 14:45:04.654,DEBUG,70D3794E9B09B640DAAB06EDFCF2356F,Checking match of request : '/0089/searchdata'; against '/0001/**'
05-08-2017 14:45:04.654,DEBUG,70D3794E9B09B640DAAB06EDFCF2356F,Checking match of request : '/0089/searchdata'; against '/0002/**'
05-08-2017 14:45:04.654,DEBUG,70D3794E9B09B640DAAB06EDFCF2356F,Checking match of request : '/0089/searchdata'; against '/0003/**'
05-08-2017 14:45:04.654,DEBUG,70D3794E9B09B640DAAB06EDFCF2356F,Checking match of request : '/0089/searchdata'; against '/searchuserpopup/**'
05-08-2017 14:45:04.655,DEBUG,70D3794E9B09B640DAAB06EDFCF2356F,Checking match of request : '/0089/searchdata'; against '/0005/**'
05-08-2017 14:45:04.655,DEBUG,70D3794E9B09B640DAAB06EDFCF2356F,Checking match of request : '/0089/searchdata'; against '/0009/**'
05-08-2017 14:45:04.655,DEBUG,70D3794E9B09B640DAAB06EDFCF2356F,Checking match of request : '/0089/searchdata'; against '/searchline/**'
05-08-2017 14:45:04.655,DEBUG,70D3794E9B09B640DAAB06EDFCF2356F,Checking match of request : '/0089/searchdata'; against '/0013/**'
05-08-2017 14:45:04.655,DEBUG,70D3794E9B09B640DAAB06EDFCF2356F,Checking match of request : '/0089/searchdata'; against '/0017/**'
05-08-2017 14:45:04.655,DEBUG,70D3794E9B09B640DAAB06EDFCF2356F,Checking match of request : '/0089/searchdata'; against '/0031/**'
05-08-2017 14:45:04.655,DEBUG,70D3794E9B09B640DAAB06EDFCF2356F,Checking match of request : '/0089/searchdata'; against '/0035/**'
05-08-2017 14:45:04.655,DEBUG,70D3794E9B09B640DAAB06EDFCF2356F,Checking match of request : '/0089/searchdata'; against '/0037/**'
05-08-2017 14:45:04.655,DEBUG,70D3794E9B09B640DAAB06EDFCF2356F,Checking match of request : '/0089/searchdata'; against '/0045/**'
05-08-2017 14:45:04.655,DEBUG,70D3794E9B09B640DAAB06EDFCF2356F,Checking match of request : '/0089/searchdata'; against '/0047/**'
05-08-2017 14:45:04.655,DEBUG,70D3794E9B09B640DAAB06EDFCF2356F,Checking match of request : '/0089/searchdata'; against '/0049/**'
05-08-2017 14:45:04.655,DEBUG,70D3794E9B09B640DAAB06EDFCF2356F,Checking match of request : '/0089/searchdata'; against '/0061/**'
05-08-2017 14:45:04.655,DEBUG,70D3794E9B09B640DAAB06EDFCF2356F,Checking match of request : '/0089/searchdata'; against '/0087/**'
05-08-2017 14:45:04.655,DEBUG,70D3794E9B09B640DAAB06EDFCF2356F,Checking match of request : '/0089/searchdata'; against '/0075/**'
05-08-2017 14:45:04.655,DEBUG,70D3794E9B09B640DAAB06EDFCF2356F,Checking match of request : '/0089/searchdata'; against '/0089/**'
05-08-2017 14:45:04.655,DEBUG,70D3794E9B09B640DAAB06EDFCF2356F,Secure object: FilterInvocation: URL: /0089/searchData; Attributes: [ROLE_ADMIN, ROLE_USER, IS_AUTHENTICATED_FULLY]
05-08-2017 14:45:04.655,DEBUG,70D3794E9B09B640DAAB06EDFCF2356F,Previously Authenticated: org.springframework.security.authentication.UsernamePasswordAuthenticationToken@3b6f87e3: Principal: vn.bananavietnam.ict.common.auth.MyUser@c4907816: Username: U0000000001; Password: [PROTECTED]; Enabled: true; AccountNonExpired: true; credentialsNonExpired: true; AccountNonLocked: true; Granted Authorities: 1; Credentials: [PROTECTED]; Authenticated: true; Details: org.springframework.security.web.authentication.WebAuthenticationDetails@0: RemoteIpAddress: 0:0:0:0:0:0:0:1; SessionId: 880033B5749AC3063433540F06EF6B1C; Granted Authorities: 1
05-08-2017 14:45:04.655,DEBUG,70D3794E9B09B640DAAB06EDFCF2356F,Voter: org.springframework.security.access.vote.RoleVoter@1b68791, returned: -1
05-08-2017 14:45:04.655,DEBUG,70D3794E9B09B640DAAB06EDFCF2356F,Voter: org.springframework.security.access.vote.AuthenticatedVoter@1fd620c, returned: 1
05-08-2017 14:45:04.655,DEBUG,70D3794E9B09B640DAAB06EDFCF2356F,Authorization successful
05-08-2017 14:45:04.655,DEBUG,70D3794E9B09B640DAAB06EDFCF2356F,RunAsManager did not change Authentication object
05-08-2017 14:45:04.655,DEBUG,70D3794E9B09B640DAAB06EDFCF2356F,/0089/searchData reached end of additional filter chain; proceeding with original chain
05-08-2017 14:45:04.655,DEBUG,70D3794E9B09B640DAAB06EDFCF2356F,Request [/ict/0089/searchData] is not a multipart request
05-08-2017 14:45:04.655,DEBUG,70D3794E9B09B640DAAB06EDFCF2356F,DispatcherServlet with name 'appServlet' processing POST request for [/ict/0089/searchData]
05-08-2017 14:45:04.655,DEBUG,70D3794E9B09B640DAAB06EDFCF2356F,Looking up handler method for path /0089/searchData
05-08-2017 14:45:04.656,DEBUG,70D3794E9B09B640DAAB06EDFCF2356F,Returning handler method [public java.util.List<vn.bananavietnam.ict.banana.component.Bnn0089SearchTaskResult> vn.bananavietnam.ict.banana.controller.Bnn0089SearchTaskController.searchData(vn.bananavietnam.ict.banana.component.Bnn0089SearchTaskConditions)]
05-08-2017 14:45:04.656,DEBUG,70D3794E9B09B640DAAB06EDFCF2356F,Returning cached instance of singleton bean 'bnn0089SearchTaskController'
05-08-2017 14:45:04.656,DEBUG,70D3794E9B09B640DAAB06EDFCF2356F,Returning cached instance of singleton bean 'xml_path'
05-08-2017 14:45:04.657,DEBUG,70D3794E9B09B640DAAB06EDFCF2356F,Read [class vn.bananavietnam.ict.banana.component.Bnn0089SearchTaskConditions] as "application/json" with [org.springframework.http.converter.json.MappingJackson2HttpMessageConverter@1fe278e]
05-08-2017 14:45:04.657,INFO ,70D3794E9B09B640DAAB06EDFCF2356F,U0000000001,vn.bananavietnam.ict.banana.service.Bnn0089SearchTaskService,searchData,[vn.bananavietnam.ict.banana.component.Bnn0089SearchTaskConditions@281fe4] METHOD START
05-08-2017 14:45:04.657,DEBUG,70D3794E9B09B640DAAB06EDFCF2356F,Returning cached instance of singleton bean 'transactionManager'
05-08-2017 14:45:04.657,INFO ,70D3794E9B09B640DAAB06EDFCF2356F,U0000000001,Task searching started
05-08-2017 14:45:04.657,DEBUG,70D3794E9B09B640DAAB06EDFCF2356F,Creating a new SqlSession
05-08-2017 14:45:04.657,DEBUG,70D3794E9B09B640DAAB06EDFCF2356F,Registering transaction synchronization for SqlSession [org.apache.ibatis.session.defaults.DefaultSqlSession@a503d3]
05-08-2017 14:45:04.657,DEBUG,70D3794E9B09B640DAAB06EDFCF2356F,Fetching JDBC Connection from DataSource
05-08-2017 14:45:04.657,DEBUG,70D3794E9B09B640DAAB06EDFCF2356F,Creating new JDBC DriverManager Connection to [jdbc:mysql://172.16.0.175:3306/BANANA_DB_HUNG_SELENIUM?useUnicode=yes&characterEncoding=UTF-8&autoReconnect=true]
05-08-2017 14:45:04.677,DEBUG,70D3794E9B09B640DAAB06EDFCF2356F,Registering transaction synchronization for JDBC Connection
05-08-2017 14:45:04.677,DEBUG,70D3794E9B09B640DAAB06EDFCF2356F,JDBC Connection [com.mysql.jdbc.JDBC4Connection@120f7bb] will be managed by Spring
05-08-2017 14:45:04.677,DEBUG,70D3794E9B09B640DAAB06EDFCF2356F,==>  Preparing: SELECT T.TASK_ID taskId, T.TASK_NAME taskName, T.WORKING_DETAILS workingDetails, T.NOTE note, T.QUARANTINE_HANDLING_FLAG quarantineHandlingFlag, T.DELETE_FLAG deleteFlag, T.CHANGE_POINT_CODE changePointCode FROM IVB_M_TASK T WHERE 1 = 1 AND T.DELETE_FLAG = '0' ORDER BY T.TASK_NAME LIMIT ?,? 
05-08-2017 14:45:04.678,DEBUG,70D3794E9B09B640DAAB06EDFCF2356F,==> Parameters: 20(Integer), 20(Integer)
05-08-2017 14:45:04.681,DEBUG,70D3794E9B09B640DAAB06EDFCF2356F,<==      Total: 20
05-08-2017 14:45:04.681,DEBUG,70D3794E9B09B640DAAB06EDFCF2356F,Releasing transactional SqlSession [org.apache.ibatis.session.defaults.DefaultSqlSession@a503d3]
05-08-2017 14:45:04.681,INFO ,70D3794E9B09B640DAAB06EDFCF2356F,U0000000001,SQL execution finished
05-08-2017 14:45:04.681,DEBUG,70D3794E9B09B640DAAB06EDFCF2356F,Fetched SqlSession [org.apache.ibatis.session.defaults.DefaultSqlSession@a503d3] from current transaction
05-08-2017 14:45:04.681,DEBUG,70D3794E9B09B640DAAB06EDFCF2356F,==>  Preparing: SELECT COUNT(*) FROM IVB_M_TASK T WHERE 1 = 1 AND T.DELETE_FLAG = '0' ORDER BY T.TASK_ID 
05-08-2017 14:45:04.681,DEBUG,70D3794E9B09B640DAAB06EDFCF2356F,==> Parameters: 
05-08-2017 14:45:04.683,DEBUG,70D3794E9B09B640DAAB06EDFCF2356F,<==      Total: 1
05-08-2017 14:45:04.683,DEBUG,70D3794E9B09B640DAAB06EDFCF2356F,Releasing transactional SqlSession [org.apache.ibatis.session.defaults.DefaultSqlSession@a503d3]
05-08-2017 14:45:04.683,INFO ,70D3794E9B09B640DAAB06EDFCF2356F,U0000000001,Task searching finished ==> 43 item(s)
05-08-2017 14:45:04.683,DEBUG,70D3794E9B09B640DAAB06EDFCF2356F,Transaction synchronization deregistering SqlSession [org.apache.ibatis.session.defaults.DefaultSqlSession@a503d3]
05-08-2017 14:45:04.683,DEBUG,70D3794E9B09B640DAAB06EDFCF2356F,Transaction synchronization closing SqlSession [org.apache.ibatis.session.defaults.DefaultSqlSession@a503d3]
05-08-2017 14:45:04.683,DEBUG,70D3794E9B09B640DAAB06EDFCF2356F,Returning JDBC Connection to DataSource
05-08-2017 14:45:04.684,INFO ,70D3794E9B09B640DAAB06EDFCF2356F,U0000000001,vn.bananavietnam.ict.banana.service.Bnn0089SearchTaskService,searchData,[vn.bananavietnam.ict.banana.component.Bnn0089SearchTaskConditions@281fe4] METHOD END
05-08-2017 14:45:04.688,DEBUG,70D3794E9B09B640DAAB06EDFCF2356F,Written [[vn.bananavietnam.ict.banana.component.Bnn0089SearchTaskResult@1ce3286, vn.bananavietnam.ict.banana.component.Bnn0089SearchTaskResult@d01e76, vn.bananavietnam.ict.banana.component.Bnn0089SearchTaskResult@155970a, vn.bananavietnam.ict.banana.component.Bnn0089SearchTaskResult@106a793, vn.bananavietnam.ict.banana.component.Bnn0089SearchTaskResult@1d2faf7, vn.bananavietnam.ict.banana.component.Bnn0089SearchTaskResult@1656315, vn.bananavietnam.ict.banana.component.Bnn0089SearchTaskResult@c34f74, vn.bananavietnam.ict.banana.component.Bnn0089SearchTaskResult@e34500, vn.bananavietnam.ict.banana.component.Bnn0089SearchTaskResult@d00e29, vn.bananavietnam.ict.banana.component.Bnn0089SearchTaskResult@b3b2ad, vn.bananavietnam.ict.banana.component.Bnn0089SearchTaskResult@6feca0, vn.bananavietnam.ict.banana.component.Bnn0089SearchTaskResult@da67e8, vn.bananavietnam.ict.banana.component.Bnn0089SearchTaskResult@a98a5c, vn.bananavietnam.ict.banana.component.Bnn0089SearchTaskResult@15e66be, vn.bananavietnam.ict.banana.component.Bnn0089SearchTaskResult@38a59, vn.bananavietnam.ict.banana.component.Bnn0089SearchTaskResult@16348d6, vn.bananavietnam.ict.banana.component.Bnn0089SearchTaskResult@150c90c, vn.bananavietnam.ict.banana.component.Bnn0089SearchTaskResult@19d3dce, vn.bananavietnam.ict.banana.component.Bnn0089SearchTaskResult@1d233e6, vn.bananavietnam.ict.banana.component.Bnn0089SearchTaskResult@6af032]] as "application/json;charset=UTF-8" using [org.springframework.http.converter.json.MappingJackson2HttpMessageConverter@1fe278e]
05-08-2017 14:45:04.688,DEBUG,70D3794E9B09B640DAAB06EDFCF2356F,Null ModelAndView returned to DispatcherServlet with name 'appServlet': assuming HandlerAdapter completed request handling
05-08-2017 14:45:04.688,DEBUG,70D3794E9B09B640DAAB06EDFCF2356F,Successfully completed request
05-08-2017 14:45:04.688,DEBUG,70D3794E9B09B640DAAB06EDFCF2356F,Chain processed normally
05-08-2017 14:45:04.688,DEBUG,70D3794E9B09B640DAAB06EDFCF2356F,SecurityContextHolder now cleared, as request processing completed
05-08-2017 14:45:08.112,DEBUG,70D3794E9B09B640DAAB06EDFCF2356F,/0089/searchData at position 1 of 11 in additional filter chain; firing Filter: 'SecurityContextPersistenceFilter'
05-08-2017 14:45:08.112,DEBUG,70D3794E9B09B640DAAB06EDFCF2356F,Obtained a valid SecurityContext from SPRING_SECURITY_CONTEXT: 'org.springframework.security.core.context.SecurityContextImpl@3b6f87e3: Authentication: org.springframework.security.authentication.UsernamePasswordAuthenticationToken@3b6f87e3: Principal: vn.bananavietnam.ict.common.auth.MyUser@c4907816: Username: U0000000001; Password: [PROTECTED]; Enabled: true; AccountNonExpired: true; credentialsNonExpired: true; AccountNonLocked: true; Granted Authorities: 1; Credentials: [PROTECTED]; Authenticated: true; Details: org.springframework.security.web.authentication.WebAuthenticationDetails@0: RemoteIpAddress: 0:0:0:0:0:0:0:1; SessionId: 880033B5749AC3063433540F06EF6B1C; Granted Authorities: 1'
05-08-2017 14:45:08.112,DEBUG,70D3794E9B09B640DAAB06EDFCF2356F,/0089/searchData at position 2 of 11 in additional filter chain; firing Filter: 'WebAsyncManagerIntegrationFilter'
05-08-2017 14:45:08.112,DEBUG,70D3794E9B09B640DAAB06EDFCF2356F,/0089/searchData at position 3 of 11 in additional filter chain; firing Filter: 'LogoutFilter'
05-08-2017 14:45:08.112,DEBUG,70D3794E9B09B640DAAB06EDFCF2356F,/0089/searchData at position 4 of 11 in additional filter chain; firing Filter: 'UsernamePasswordAuthenticationFilter'
05-08-2017 14:45:08.112,DEBUG,70D3794E9B09B640DAAB06EDFCF2356F,/0089/searchData at position 5 of 11 in additional filter chain; firing Filter: 'BasicAuthenticationFilter'
05-08-2017 14:45:08.112,DEBUG,70D3794E9B09B640DAAB06EDFCF2356F,/0089/searchData at position 6 of 11 in additional filter chain; firing Filter: 'RequestCacheAwareFilter'
05-08-2017 14:45:08.112,DEBUG,70D3794E9B09B640DAAB06EDFCF2356F,/0089/searchData at position 7 of 11 in additional filter chain; firing Filter: 'SecurityContextHolderAwareRequestFilter'
05-08-2017 14:45:08.112,DEBUG,70D3794E9B09B640DAAB06EDFCF2356F,/0089/searchData at position 8 of 11 in additional filter chain; firing Filter: 'AnonymousAuthenticationFilter'
05-08-2017 14:45:08.112,DEBUG,70D3794E9B09B640DAAB06EDFCF2356F,SecurityContextHolder not populated with anonymous token, as it already contained: 'org.springframework.security.authentication.UsernamePasswordAuthenticationToken@3b6f87e3: Principal: vn.bananavietnam.ict.common.auth.MyUser@c4907816: Username: U0000000001; Password: [PROTECTED]; Enabled: true; AccountNonExpired: true; credentialsNonExpired: true; AccountNonLocked: true; Granted Authorities: 1; Credentials: [PROTECTED]; Authenticated: true; Details: org.springframework.security.web.authentication.WebAuthenticationDetails@0: RemoteIpAddress: 0:0:0:0:0:0:0:1; SessionId: 880033B5749AC3063433540F06EF6B1C; Granted Authorities: 1'
05-08-2017 14:45:08.112,DEBUG,70D3794E9B09B640DAAB06EDFCF2356F,/0089/searchData at position 9 of 11 in additional filter chain; firing Filter: 'SessionManagementFilter'
05-08-2017 14:45:08.112,DEBUG,70D3794E9B09B640DAAB06EDFCF2356F,/0089/searchData at position 10 of 11 in additional filter chain; firing Filter: 'ExceptionTranslationFilter'
05-08-2017 14:45:08.112,DEBUG,70D3794E9B09B640DAAB06EDFCF2356F,/0089/searchData at position 11 of 11 in additional filter chain; firing Filter: 'FilterSecurityInterceptor'
05-08-2017 14:45:08.112,DEBUG,70D3794E9B09B640DAAB06EDFCF2356F,Checking match of request : '/0089/searchdata'; against '/autherror*'
05-08-2017 14:45:08.112,DEBUG,70D3794E9B09B640DAAB06EDFCF2356F,Checking match of request : '/0089/searchdata'; against '/login/**'
05-08-2017 14:45:08.112,DEBUG,70D3794E9B09B640DAAB06EDFCF2356F,Checking match of request : '/0089/searchdata'; against '/0001/**'
05-08-2017 14:45:08.112,DEBUG,70D3794E9B09B640DAAB06EDFCF2356F,Checking match of request : '/0089/searchdata'; against '/0002/**'
05-08-2017 14:45:08.112,DEBUG,70D3794E9B09B640DAAB06EDFCF2356F,Checking match of request : '/0089/searchdata'; against '/0003/**'
05-08-2017 14:45:08.112,DEBUG,70D3794E9B09B640DAAB06EDFCF2356F,Checking match of request : '/0089/searchdata'; against '/searchuserpopup/**'
05-08-2017 14:45:08.112,DEBUG,70D3794E9B09B640DAAB06EDFCF2356F,Checking match of request : '/0089/searchdata'; against '/0005/**'
05-08-2017 14:45:08.112,DEBUG,70D3794E9B09B640DAAB06EDFCF2356F,Checking match of request : '/0089/searchdata'; against '/0009/**'
05-08-2017 14:45:08.112,DEBUG,70D3794E9B09B640DAAB06EDFCF2356F,Checking match of request : '/0089/searchdata'; against '/searchline/**'
05-08-2017 14:45:08.112,DEBUG,70D3794E9B09B640DAAB06EDFCF2356F,Checking match of request : '/0089/searchdata'; against '/0013/**'
05-08-2017 14:45:08.112,DEBUG,70D3794E9B09B640DAAB06EDFCF2356F,Checking match of request : '/0089/searchdata'; against '/0017/**'
05-08-2017 14:45:08.112,DEBUG,70D3794E9B09B640DAAB06EDFCF2356F,Checking match of request : '/0089/searchdata'; against '/0031/**'
05-08-2017 14:45:08.112,DEBUG,70D3794E9B09B640DAAB06EDFCF2356F,Checking match of request : '/0089/searchdata'; against '/0035/**'
05-08-2017 14:45:08.113,DEBUG,70D3794E9B09B640DAAB06EDFCF2356F,Checking match of request : '/0089/searchdata'; against '/0037/**'
05-08-2017 14:45:08.113,DEBUG,70D3794E9B09B640DAAB06EDFCF2356F,Checking match of request : '/0089/searchdata'; against '/0045/**'
05-08-2017 14:45:08.113,DEBUG,70D3794E9B09B640DAAB06EDFCF2356F,Checking match of request : '/0089/searchdata'; against '/0047/**'
05-08-2017 14:45:08.113,DEBUG,70D3794E9B09B640DAAB06EDFCF2356F,Checking match of request : '/0089/searchdata'; against '/0049/**'
05-08-2017 14:45:08.113,DEBUG,70D3794E9B09B640DAAB06EDFCF2356F,Checking match of request : '/0089/searchdata'; against '/0061/**'
05-08-2017 14:45:08.113,DEBUG,70D3794E9B09B640DAAB06EDFCF2356F,Checking match of request : '/0089/searchdata'; against '/0087/**'
05-08-2017 14:45:08.113,DEBUG,70D3794E9B09B640DAAB06EDFCF2356F,Checking match of request : '/0089/searchdata'; against '/0075/**'
05-08-2017 14:45:08.113,DEBUG,70D3794E9B09B640DAAB06EDFCF2356F,Checking match of request : '/0089/searchdata'; against '/0089/**'
05-08-2017 14:45:08.113,DEBUG,70D3794E9B09B640DAAB06EDFCF2356F,Secure object: FilterInvocation: URL: /0089/searchData; Attributes: [ROLE_ADMIN, ROLE_USER, IS_AUTHENTICATED_FULLY]
05-08-2017 14:45:08.113,DEBUG,70D3794E9B09B640DAAB06EDFCF2356F,Previously Authenticated: org.springframework.security.authentication.UsernamePasswordAuthenticationToken@3b6f87e3: Principal: vn.bananavietnam.ict.common.auth.MyUser@c4907816: Username: U0000000001; Password: [PROTECTED]; Enabled: true; AccountNonExpired: true; credentialsNonExpired: true; AccountNonLocked: true; Granted Authorities: 1; Credentials: [PROTECTED]; Authenticated: true; Details: org.springframework.security.web.authentication.WebAuthenticationDetails@0: RemoteIpAddress: 0:0:0:0:0:0:0:1; SessionId: 880033B5749AC3063433540F06EF6B1C; Granted Authorities: 1
05-08-2017 14:45:08.113,DEBUG,70D3794E9B09B640DAAB06EDFCF2356F,Voter: org.springframework.security.access.vote.RoleVoter@1b68791, returned: -1
05-08-2017 14:45:08.113,DEBUG,70D3794E9B09B640DAAB06EDFCF2356F,Voter: org.springframework.security.access.vote.AuthenticatedVoter@1fd620c, returned: 1
05-08-2017 14:45:08.113,DEBUG,70D3794E9B09B640DAAB06EDFCF2356F,Authorization successful
05-08-2017 14:45:08.113,DEBUG,70D3794E9B09B640DAAB06EDFCF2356F,RunAsManager did not change Authentication object
05-08-2017 14:45:08.113,DEBUG,70D3794E9B09B640DAAB06EDFCF2356F,/0089/searchData reached end of additional filter chain; proceeding with original chain
05-08-2017 14:45:08.113,DEBUG,70D3794E9B09B640DAAB06EDFCF2356F,Request [/ict/0089/searchData] is not a multipart request
05-08-2017 14:45:08.113,DEBUG,70D3794E9B09B640DAAB06EDFCF2356F,DispatcherServlet with name 'appServlet' processing POST request for [/ict/0089/searchData]
05-08-2017 14:45:08.113,DEBUG,70D3794E9B09B640DAAB06EDFCF2356F,Looking up handler method for path /0089/searchData
05-08-2017 14:45:08.113,DEBUG,70D3794E9B09B640DAAB06EDFCF2356F,Returning handler method [public java.util.List<vn.bananavietnam.ict.banana.component.Bnn0089SearchTaskResult> vn.bananavietnam.ict.banana.controller.Bnn0089SearchTaskController.searchData(vn.bananavietnam.ict.banana.component.Bnn0089SearchTaskConditions)]
05-08-2017 14:45:08.113,DEBUG,70D3794E9B09B640DAAB06EDFCF2356F,Returning cached instance of singleton bean 'bnn0089SearchTaskController'
05-08-2017 14:45:08.113,DEBUG,70D3794E9B09B640DAAB06EDFCF2356F,Returning cached instance of singleton bean 'xml_path'
05-08-2017 14:45:08.114,DEBUG,70D3794E9B09B640DAAB06EDFCF2356F,Read [class vn.bananavietnam.ict.banana.component.Bnn0089SearchTaskConditions] as "application/json" with [org.springframework.http.converter.json.MappingJackson2HttpMessageConverter@1fe278e]
05-08-2017 14:45:08.114,INFO ,70D3794E9B09B640DAAB06EDFCF2356F,U0000000001,vn.bananavietnam.ict.banana.service.Bnn0089SearchTaskService,searchData,[vn.bananavietnam.ict.banana.component.Bnn0089SearchTaskConditions@1e1c5b2] METHOD START
05-08-2017 14:45:08.114,DEBUG,70D3794E9B09B640DAAB06EDFCF2356F,Returning cached instance of singleton bean 'transactionManager'
05-08-2017 14:45:08.114,INFO ,70D3794E9B09B640DAAB06EDFCF2356F,U0000000001,Task searching started
05-08-2017 14:45:08.114,DEBUG,70D3794E9B09B640DAAB06EDFCF2356F,Creating a new SqlSession
05-08-2017 14:45:08.114,DEBUG,70D3794E9B09B640DAAB06EDFCF2356F,Registering transaction synchronization for SqlSession [org.apache.ibatis.session.defaults.DefaultSqlSession@1059d65]
05-08-2017 14:45:08.114,DEBUG,70D3794E9B09B640DAAB06EDFCF2356F,Fetching JDBC Connection from DataSource
05-08-2017 14:45:08.114,DEBUG,70D3794E9B09B640DAAB06EDFCF2356F,Creating new JDBC DriverManager Connection to [jdbc:mysql://172.16.0.175:3306/BANANA_DB_HUNG_SELENIUM?useUnicode=yes&characterEncoding=UTF-8&autoReconnect=true]
05-08-2017 14:45:08.135,DEBUG,70D3794E9B09B640DAAB06EDFCF2356F,Registering transaction synchronization for JDBC Connection
05-08-2017 14:45:08.135,DEBUG,70D3794E9B09B640DAAB06EDFCF2356F,JDBC Connection [com.mysql.jdbc.JDBC4Connection@c7fcec] will be managed by Spring
05-08-2017 14:45:08.135,DEBUG,70D3794E9B09B640DAAB06EDFCF2356F,==>  Preparing: SELECT T.TASK_ID taskId, T.TASK_NAME taskName, T.WORKING_DETAILS workingDetails, T.NOTE note, T.QUARANTINE_HANDLING_FLAG quarantineHandlingFlag, T.DELETE_FLAG deleteFlag, T.CHANGE_POINT_CODE changePointCode FROM IVB_M_TASK T WHERE 1 = 1 AND T.DELETE_FLAG = '0' ORDER BY T.TASK_NAME LIMIT ?,? 
05-08-2017 14:45:08.135,DEBUG,70D3794E9B09B640DAAB06EDFCF2356F,==> Parameters: 0(Integer), 20(Integer)
05-08-2017 14:45:08.138,DEBUG,70D3794E9B09B640DAAB06EDFCF2356F,<==      Total: 20
05-08-2017 14:45:08.138,DEBUG,70D3794E9B09B640DAAB06EDFCF2356F,Releasing transactional SqlSession [org.apache.ibatis.session.defaults.DefaultSqlSession@1059d65]
05-08-2017 14:45:08.138,INFO ,70D3794E9B09B640DAAB06EDFCF2356F,U0000000001,SQL execution finished
05-08-2017 14:45:08.139,DEBUG,70D3794E9B09B640DAAB06EDFCF2356F,Fetched SqlSession [org.apache.ibatis.session.defaults.DefaultSqlSession@1059d65] from current transaction
05-08-2017 14:45:08.139,DEBUG,70D3794E9B09B640DAAB06EDFCF2356F,==>  Preparing: SELECT COUNT(*) FROM IVB_M_TASK T WHERE 1 = 1 AND T.DELETE_FLAG = '0' ORDER BY T.TASK_ID 
05-08-2017 14:45:08.139,DEBUG,70D3794E9B09B640DAAB06EDFCF2356F,==> Parameters: 
05-08-2017 14:45:08.140,DEBUG,70D3794E9B09B640DAAB06EDFCF2356F,<==      Total: 1
05-08-2017 14:45:08.140,DEBUG,70D3794E9B09B640DAAB06EDFCF2356F,Releasing transactional SqlSession [org.apache.ibatis.session.defaults.DefaultSqlSession@1059d65]
05-08-2017 14:45:08.140,INFO ,70D3794E9B09B640DAAB06EDFCF2356F,U0000000001,Task searching finished ==> 43 item(s)
05-08-2017 14:45:08.140,DEBUG,70D3794E9B09B640DAAB06EDFCF2356F,Transaction synchronization deregistering SqlSession [org.apache.ibatis.session.defaults.DefaultSqlSession@1059d65]
05-08-2017 14:45:08.140,DEBUG,70D3794E9B09B640DAAB06EDFCF2356F,Transaction synchronization closing SqlSession [org.apache.ibatis.session.defaults.DefaultSqlSession@1059d65]
05-08-2017 14:45:08.140,DEBUG,70D3794E9B09B640DAAB06EDFCF2356F,Returning JDBC Connection to DataSource
05-08-2017 14:45:08.140,INFO ,70D3794E9B09B640DAAB06EDFCF2356F,U0000000001,vn.bananavietnam.ict.banana.service.Bnn0089SearchTaskService,searchData,[vn.bananavietnam.ict.banana.component.Bnn0089SearchTaskConditions@1e1c5b2] METHOD END
05-08-2017 14:45:08.141,DEBUG,70D3794E9B09B640DAAB06EDFCF2356F,Written [[vn.bananavietnam.ict.banana.component.Bnn0089SearchTaskResult@5b4744, vn.bananavietnam.ict.banana.component.Bnn0089SearchTaskResult@e563f5, vn.bananavietnam.ict.banana.component.Bnn0089SearchTaskResult@2b4b15, vn.bananavietnam.ict.banana.component.Bnn0089SearchTaskResult@8f7fa0, vn.bananavietnam.ict.banana.component.Bnn0089SearchTaskResult@9e7592, vn.bananavietnam.ict.banana.component.Bnn0089SearchTaskResult@1e746bf, vn.bananavietnam.ict.banana.component.Bnn0089SearchTaskResult@1f6c435, vn.bananavietnam.ict.banana.component.Bnn0089SearchTaskResult@9fd7d4, vn.bananavietnam.ict.banana.component.Bnn0089SearchTaskResult@14e1df0, vn.bananavietnam.ict.banana.component.Bnn0089SearchTaskResult@3570d8, vn.bananavietnam.ict.banana.component.Bnn0089SearchTaskResult@1a5df87, vn.bananavietnam.ict.banana.component.Bnn0089SearchTaskResult@19095d0, vn.bananavietnam.ict.banana.component.Bnn0089SearchTaskResult@48b7cf, vn.bananavietnam.ict.banana.component.Bnn0089SearchTaskResult@1f0a5ee, vn.bananavietnam.ict.banana.component.Bnn0089SearchTaskResult@600bb0, vn.bananavietnam.ict.banana.component.Bnn0089SearchTaskResult@1292979, vn.bananavietnam.ict.banana.component.Bnn0089SearchTaskResult@10179c, vn.bananavietnam.ict.banana.component.Bnn0089SearchTaskResult@cb03a5, vn.bananavietnam.ict.banana.component.Bnn0089SearchTaskResult@beab07, vn.bananavietnam.ict.banana.component.Bnn0089SearchTaskResult@aa3f08]] as "application/json;charset=UTF-8" using [org.springframework.http.converter.json.MappingJackson2HttpMessageConverter@1fe278e]
05-08-2017 14:45:08.141,DEBUG,70D3794E9B09B640DAAB06EDFCF2356F,Null ModelAndView returned to DispatcherServlet with name 'appServlet': assuming HandlerAdapter completed request handling
05-08-2017 14:45:08.142,DEBUG,70D3794E9B09B640DAAB06EDFCF2356F,Successfully completed request
05-08-2017 14:45:08.142,DEBUG,70D3794E9B09B640DAAB06EDFCF2356F,Chain processed normally
05-08-2017 14:45:08.142,DEBUG,70D3794E9B09B640DAAB06EDFCF2356F,SecurityContextHolder now cleared, as request processing completed
