05-23-2017 12:29:11.959,DEBUG,71365E034C04C189B5E6EE9D2DD196C3,/0017/searchData at position 1 of 11 in additional filter chain; firing Filter: 'SecurityContextPersistenceFilter'
05-23-2017 12:29:11.959,DEBUG,71365E034C04C189B5E6EE9D2DD196C3,Obtained a valid SecurityContext from SPRING_SECURITY_CONTEXT: 'org.springframework.security.core.context.SecurityContextImpl@3b6dd21b: Authentication: org.springframework.security.authentication.UsernamePasswordAuthenticationToken@3b6dd21b: Principal: vn.bananavietnam.ict.common.auth.MyUser@c4907816: Username: U0000000001; Password: [PROTECTED]; Enabled: true; AccountNonExpired: true; credentialsNonExpired: true; AccountNonLocked: true; Granted Authorities: 1; Credentials: [PROTECTED]; Authenticated: true; Details: org.springframework.security.web.authentication.WebAuthenticationDetails@255f8: RemoteIpAddress: 127.0.0.1; SessionId: A46E64BD38F0576175CA56FFC034C70E; Granted Authorities: 1'
05-23-2017 12:29:11.959,DEBUG,71365E034C04C189B5E6EE9D2DD196C3,/0017/searchData at position 2 of 11 in additional filter chain; firing Filter: 'WebAsyncManagerIntegrationFilter'
05-23-2017 12:29:11.959,DEBUG,71365E034C04C189B5E6EE9D2DD196C3,/0017/searchData at position 3 of 11 in additional filter chain; firing Filter: 'LogoutFilter'
05-23-2017 12:29:11.959,DEBUG,71365E034C04C189B5E6EE9D2DD196C3,/0017/searchData at position 4 of 11 in additional filter chain; firing Filter: 'UsernamePasswordAuthenticationFilter'
05-23-2017 12:29:11.959,DEBUG,71365E034C04C189B5E6EE9D2DD196C3,/0017/searchData at position 5 of 11 in additional filter chain; firing Filter: 'BasicAuthenticationFilter'
05-23-2017 12:29:11.959,DEBUG,71365E034C04C189B5E6EE9D2DD196C3,/0017/searchData at position 6 of 11 in additional filter chain; firing Filter: 'RequestCacheAwareFilter'
05-23-2017 12:29:11.960,DEBUG,71365E034C04C189B5E6EE9D2DD196C3,/0017/searchData at position 7 of 11 in additional filter chain; firing Filter: 'SecurityContextHolderAwareRequestFilter'
05-23-2017 12:29:11.960,DEBUG,71365E034C04C189B5E6EE9D2DD196C3,/0017/searchData at position 8 of 11 in additional filter chain; firing Filter: 'AnonymousAuthenticationFilter'
05-23-2017 12:29:11.960,DEBUG,71365E034C04C189B5E6EE9D2DD196C3,SecurityContextHolder not populated with anonymous token, as it already contained: 'org.springframework.security.authentication.UsernamePasswordAuthenticationToken@3b6dd21b: Principal: vn.bananavietnam.ict.common.auth.MyUser@c4907816: Username: U0000000001; Password: [PROTECTED]; Enabled: true; AccountNonExpired: true; credentialsNonExpired: true; AccountNonLocked: true; Granted Authorities: 1; Credentials: [PROTECTED]; Authenticated: true; Details: org.springframework.security.web.authentication.WebAuthenticationDetails@255f8: RemoteIpAddress: 127.0.0.1; SessionId: A46E64BD38F0576175CA56FFC034C70E; Granted Authorities: 1'
05-23-2017 12:29:11.960,DEBUG,71365E034C04C189B5E6EE9D2DD196C3,/0017/searchData at position 9 of 11 in additional filter chain; firing Filter: 'SessionManagementFilter'
05-23-2017 12:29:11.960,DEBUG,71365E034C04C189B5E6EE9D2DD196C3,/0017/searchData at position 10 of 11 in additional filter chain; firing Filter: 'ExceptionTranslationFilter'
05-23-2017 12:29:11.960,DEBUG,71365E034C04C189B5E6EE9D2DD196C3,/0017/searchData at position 11 of 11 in additional filter chain; firing Filter: 'FilterSecurityInterceptor'
05-23-2017 12:29:11.960,DEBUG,71365E034C04C189B5E6EE9D2DD196C3,Checking match of request : '/0017/searchdata'; against '/autherror*'
05-23-2017 12:29:11.960,DEBUG,71365E034C04C189B5E6EE9D2DD196C3,Checking match of request : '/0017/searchdata'; against '/login/**'
05-23-2017 12:29:11.960,DEBUG,71365E034C04C189B5E6EE9D2DD196C3,Checking match of request : '/0017/searchdata'; against '/error/**'
05-23-2017 12:29:11.960,DEBUG,71365E034C04C189B5E6EE9D2DD196C3,Checking match of request : '/0017/searchdata'; against '/0001/**'
05-23-2017 12:29:11.960,DEBUG,71365E034C04C189B5E6EE9D2DD196C3,Checking match of request : '/0017/searchdata'; against '/0002/**'
05-23-2017 12:29:11.960,DEBUG,71365E034C04C189B5E6EE9D2DD196C3,Checking match of request : '/0017/searchdata'; against '/0003/**'
05-23-2017 12:29:11.960,DEBUG,71365E034C04C189B5E6EE9D2DD196C3,Checking match of request : '/0017/searchdata'; against '/0005/**'
05-23-2017 12:29:11.960,DEBUG,71365E034C04C189B5E6EE9D2DD196C3,Checking match of request : '/0017/searchdata'; against '/0007/**'
05-23-2017 12:29:11.960,DEBUG,71365E034C04C189B5E6EE9D2DD196C3,Checking match of request : '/0017/searchdata'; against '/0009/**'
05-23-2017 12:29:11.960,DEBUG,71365E034C04C189B5E6EE9D2DD196C3,Checking match of request : '/0017/searchdata'; against '/0013/**'
05-23-2017 12:29:11.960,DEBUG,71365E034C04C189B5E6EE9D2DD196C3,Checking match of request : '/0017/searchdata'; against '/0023/**'
05-23-2017 12:29:11.960,DEBUG,71365E034C04C189B5E6EE9D2DD196C3,Checking match of request : '/0017/searchdata'; against '/0017/**'
05-23-2017 12:29:11.960,DEBUG,71365E034C04C189B5E6EE9D2DD196C3,Secure object: FilterInvocation: URL: /0017/searchData; Attributes: [ROLE_ADMIN, ROLE_USER, IS_AUTHENTICATED_FULLY]
05-23-2017 12:29:11.960,DEBUG,71365E034C04C189B5E6EE9D2DD196C3,Previously Authenticated: org.springframework.security.authentication.UsernamePasswordAuthenticationToken@3b6dd21b: Principal: vn.bananavietnam.ict.common.auth.MyUser@c4907816: Username: U0000000001; Password: [PROTECTED]; Enabled: true; AccountNonExpired: true; credentialsNonExpired: true; AccountNonLocked: true; Granted Authorities: 1; Credentials: [PROTECTED]; Authenticated: true; Details: org.springframework.security.web.authentication.WebAuthenticationDetails@255f8: RemoteIpAddress: 127.0.0.1; SessionId: A46E64BD38F0576175CA56FFC034C70E; Granted Authorities: 1
05-23-2017 12:29:11.960,DEBUG,71365E034C04C189B5E6EE9D2DD196C3,Voter: org.springframework.security.access.vote.RoleVoter@c7637e, returned: -1
05-23-2017 12:29:11.960,DEBUG,71365E034C04C189B5E6EE9D2DD196C3,Voter: org.springframework.security.access.vote.AuthenticatedVoter@1f8faaf, returned: 1
05-23-2017 12:29:11.960,DEBUG,71365E034C04C189B5E6EE9D2DD196C3,Authorization successful
05-23-2017 12:29:11.960,DEBUG,71365E034C04C189B5E6EE9D2DD196C3,RunAsManager did not change Authentication object
05-23-2017 12:29:11.960,DEBUG,71365E034C04C189B5E6EE9D2DD196C3,/0017/searchData reached end of additional filter chain; proceeding with original chain
05-23-2017 12:29:11.960,DEBUG,71365E034C04C189B5E6EE9D2DD196C3,Request [/ict/0017/searchData] is not a multipart request
05-23-2017 12:29:11.960,DEBUG,71365E034C04C189B5E6EE9D2DD196C3,DispatcherServlet with name 'appServlet' processing POST request for [/ict/0017/searchData]
05-23-2017 12:29:11.961,DEBUG,71365E034C04C189B5E6EE9D2DD196C3,Looking up handler method for path /0017/searchData
05-23-2017 12:29:11.961,DEBUG,71365E034C04C189B5E6EE9D2DD196C3,Returning handler method [public java.util.List<vn.bananavietnam.ict.banana.component.Bnn0017SearchBananaKindResult> vn.bananavietnam.ict.banana.controller.Bnn0017SearchBananaKindController.searchData(vn.bananavietnam.ict.banana.component.Bnn0017SearchBananaKindConditions)]
05-23-2017 12:29:11.961,DEBUG,71365E034C04C189B5E6EE9D2DD196C3,Returning cached instance of singleton bean 'bnn0017SearchBananaKindController'
05-23-2017 12:29:11.961,DEBUG,71365E034C04C189B5E6EE9D2DD196C3,Returning cached instance of singleton bean 'xml_path'
05-23-2017 12:29:11.961,DEBUG,71365E034C04C189B5E6EE9D2DD196C3,Read [class vn.bananavietnam.ict.banana.component.Bnn0017SearchBananaKindConditions] as "application/json" with [org.springframework.http.converter.json.MappingJackson2HttpMessageConverter@ce0eb1]
05-23-2017 12:29:11.962,INFO ,71365E034C04C189B5E6EE9D2DD196C3,U0000000001,vn.bananavietnam.ict.banana.service.Bnn0017SearchBananaKindService,searchData,[vn.bananavietnam.ict.banana.component.Bnn0017SearchBananaKindConditions@193894c] METHOD START
05-23-2017 12:29:11.962,DEBUG,71365E034C04C189B5E6EE9D2DD196C3,Returning cached instance of singleton bean 'transactionManager'
05-23-2017 12:29:11.962,INFO ,71365E034C04C189B5E6EE9D2DD196C3,U0000000001,Kind searching started
05-23-2017 12:29:11.962,DEBUG,71365E034C04C189B5E6EE9D2DD196C3,Creating a new SqlSession
05-23-2017 12:29:11.962,DEBUG,71365E034C04C189B5E6EE9D2DD196C3,Registering transaction synchronization for SqlSession [org.apache.ibatis.session.defaults.DefaultSqlSession@1d27365]
05-23-2017 12:29:11.962,DEBUG,71365E034C04C189B5E6EE9D2DD196C3,Fetching JDBC Connection from DataSource
05-23-2017 12:29:11.962,DEBUG,71365E034C04C189B5E6EE9D2DD196C3,Creating new JDBC DriverManager Connection to [jdbc:mysql://172.16.0.175:3306/BANANA_DB_HUNG_SELENIUM?useUnicode=yes&characterEncoding=UTF-8&autoReconnect=true]
05-23-2017 12:29:11.980,DEBUG,71365E034C04C189B5E6EE9D2DD196C3,Registering transaction synchronization for JDBC Connection
05-23-2017 12:29:11.980,DEBUG,71365E034C04C189B5E6EE9D2DD196C3,JDBC Connection [com.mysql.jdbc.JDBC4Connection@1e9eae3] will be managed by Spring
05-23-2017 12:29:11.980,DEBUG,71365E034C04C189B5E6EE9D2DD196C3,==>  Preparing: SELECT KIND_ID kindId, KIND_NAME kindName, PROSPECTIVE_HARVEST_AMOUNT prospectiveHarvestAmount, ESTIMATED_DAYS_FLOWERING estimatedDaysFlowering, ESTIMATED_DAYS_BAGGING estimatedDaysBagging, ESTIMATED_DAYS_HARVEST estimatedDaysHarvest, DELETE_FLAG deleteFlag, LAST_UPDATE_DATE lastUpdateDate FROM IVB_M_KIND WHERE 1 = 1 AND DELETE_FLAG = '0' ORDER BY KIND_NAME LIMIT ?,? 
05-23-2017 12:29:11.980,DEBUG,71365E034C04C189B5E6EE9D2DD196C3,==> Parameters: 0(Integer), 20(Integer)
05-23-2017 12:29:11.983,DEBUG,71365E034C04C189B5E6EE9D2DD196C3,<==      Total: 20
05-23-2017 12:29:11.983,DEBUG,71365E034C04C189B5E6EE9D2DD196C3,Releasing transactional SqlSession [org.apache.ibatis.session.defaults.DefaultSqlSession@1d27365]
05-23-2017 12:29:11.983,INFO ,71365E034C04C189B5E6EE9D2DD196C3,U0000000001,SQL execution finished
05-23-2017 12:29:11.983,DEBUG,71365E034C04C189B5E6EE9D2DD196C3,Fetched SqlSession [org.apache.ibatis.session.defaults.DefaultSqlSession@1d27365] from current transaction
05-23-2017 12:29:11.983,DEBUG,71365E034C04C189B5E6EE9D2DD196C3,==>  Preparing: SELECT COUNT(*) FROM IVB_M_KIND WHERE 1 = 1 AND DELETE_FLAG = '0' ORDER BY KIND_ID 
05-23-2017 12:29:11.983,DEBUG,71365E034C04C189B5E6EE9D2DD196C3,==> Parameters: 
05-23-2017 12:29:11.985,DEBUG,71365E034C04C189B5E6EE9D2DD196C3,<==      Total: 1
05-23-2017 12:29:11.985,DEBUG,71365E034C04C189B5E6EE9D2DD196C3,Releasing transactional SqlSession [org.apache.ibatis.session.defaults.DefaultSqlSession@1d27365]
05-23-2017 12:29:11.985,INFO ,71365E034C04C189B5E6EE9D2DD196C3,U0000000001,Kind searching finished ==> 22 item(s)
05-23-2017 12:29:11.985,DEBUG,71365E034C04C189B5E6EE9D2DD196C3,Transaction synchronization deregistering SqlSession [org.apache.ibatis.session.defaults.DefaultSqlSession@1d27365]
05-23-2017 12:29:11.985,DEBUG,71365E034C04C189B5E6EE9D2DD196C3,Transaction synchronization closing SqlSession [org.apache.ibatis.session.defaults.DefaultSqlSession@1d27365]
05-23-2017 12:29:11.985,DEBUG,71365E034C04C189B5E6EE9D2DD196C3,Returning JDBC Connection to DataSource
05-23-2017 12:29:11.985,INFO ,71365E034C04C189B5E6EE9D2DD196C3,U0000000001,vn.bananavietnam.ict.banana.service.Bnn0017SearchBananaKindService,searchData,[vn.bananavietnam.ict.banana.component.Bnn0017SearchBananaKindConditions@193894c] METHOD END
05-23-2017 12:29:11.987,DEBUG,71365E034C04C189B5E6EE9D2DD196C3,Written [[vn.bananavietnam.ict.banana.component.Bnn0017SearchBananaKindResult@1553c28, vn.bananavietnam.ict.banana.component.Bnn0017SearchBananaKindResult@151375c, vn.bananavietnam.ict.banana.component.Bnn0017SearchBananaKindResult@1c38bad, vn.bananavietnam.ict.banana.component.Bnn0017SearchBananaKindResult@1c97b3f, vn.bananavietnam.ict.banana.component.Bnn0017SearchBananaKindResult@1a5b3d2, vn.bananavietnam.ict.banana.component.Bnn0017SearchBananaKindResult@1f494ed, vn.bananavietnam.ict.banana.component.Bnn0017SearchBananaKindResult@65e55d, vn.bananavietnam.ict.banana.component.Bnn0017SearchBananaKindResult@3b7bed, vn.bananavietnam.ict.banana.component.Bnn0017SearchBananaKindResult@f067db, vn.bananavietnam.ict.banana.component.Bnn0017SearchBananaKindResult@160d214, vn.bananavietnam.ict.banana.component.Bnn0017SearchBananaKindResult@6892e8, vn.bananavietnam.ict.banana.component.Bnn0017SearchBananaKindResult@1716f5b, vn.bananavietnam.ict.banana.component.Bnn0017SearchBananaKindResult@ea0bd1, vn.bananavietnam.ict.banana.component.Bnn0017SearchBananaKindResult@10996ea, vn.bananavietnam.ict.banana.component.Bnn0017SearchBananaKindResult@1e0a6f1, vn.bananavietnam.ict.banana.component.Bnn0017SearchBananaKindResult@1cf05e1, vn.bananavietnam.ict.banana.component.Bnn0017SearchBananaKindResult@1d129ca, vn.bananavietnam.ict.banana.component.Bnn0017SearchBananaKindResult@ca5fdc, vn.bananavietnam.ict.banana.component.Bnn0017SearchBananaKindResult@e7bc9a, vn.bananavietnam.ict.banana.component.Bnn0017SearchBananaKindResult@1a454aa]] as "application/json;charset=UTF-8" using [org.springframework.http.converter.json.MappingJackson2HttpMessageConverter@ce0eb1]
05-23-2017 12:29:11.987,DEBUG,71365E034C04C189B5E6EE9D2DD196C3,Null ModelAndView returned to DispatcherServlet with name 'appServlet': assuming HandlerAdapter completed request handling
05-23-2017 12:29:11.987,DEBUG,71365E034C04C189B5E6EE9D2DD196C3,Successfully completed request
05-23-2017 12:29:11.987,DEBUG,71365E034C04C189B5E6EE9D2DD196C3,Chain processed normally
05-23-2017 12:29:11.987,DEBUG,71365E034C04C189B5E6EE9D2DD196C3,SecurityContextHolder now cleared, as request processing completed
05-23-2017 12:29:24.642,DEBUG,71365E034C04C189B5E6EE9D2DD196C3,/0017/searchData at position 1 of 11 in additional filter chain; firing Filter: 'SecurityContextPersistenceFilter'
05-23-2017 12:29:24.642,DEBUG,71365E034C04C189B5E6EE9D2DD196C3,Obtained a valid SecurityContext from SPRING_SECURITY_CONTEXT: 'org.springframework.security.core.context.SecurityContextImpl@3b6dd21b: Authentication: org.springframework.security.authentication.UsernamePasswordAuthenticationToken@3b6dd21b: Principal: vn.bananavietnam.ict.common.auth.MyUser@c4907816: Username: U0000000001; Password: [PROTECTED]; Enabled: true; AccountNonExpired: true; credentialsNonExpired: true; AccountNonLocked: true; Granted Authorities: 1; Credentials: [PROTECTED]; Authenticated: true; Details: org.springframework.security.web.authentication.WebAuthenticationDetails@255f8: RemoteIpAddress: 127.0.0.1; SessionId: A46E64BD38F0576175CA56FFC034C70E; Granted Authorities: 1'
05-23-2017 12:29:24.642,DEBUG,71365E034C04C189B5E6EE9D2DD196C3,/0017/searchData at position 2 of 11 in additional filter chain; firing Filter: 'WebAsyncManagerIntegrationFilter'
05-23-2017 12:29:24.642,DEBUG,71365E034C04C189B5E6EE9D2DD196C3,/0017/searchData at position 3 of 11 in additional filter chain; firing Filter: 'LogoutFilter'
05-23-2017 12:29:24.642,DEBUG,71365E034C04C189B5E6EE9D2DD196C3,/0017/searchData at position 4 of 11 in additional filter chain; firing Filter: 'UsernamePasswordAuthenticationFilter'
05-23-2017 12:29:24.642,DEBUG,71365E034C04C189B5E6EE9D2DD196C3,/0017/searchData at position 5 of 11 in additional filter chain; firing Filter: 'BasicAuthenticationFilter'
05-23-2017 12:29:24.642,DEBUG,71365E034C04C189B5E6EE9D2DD196C3,/0017/searchData at position 6 of 11 in additional filter chain; firing Filter: 'RequestCacheAwareFilter'
05-23-2017 12:29:24.642,DEBUG,71365E034C04C189B5E6EE9D2DD196C3,/0017/searchData at position 7 of 11 in additional filter chain; firing Filter: 'SecurityContextHolderAwareRequestFilter'
05-23-2017 12:29:24.642,DEBUG,71365E034C04C189B5E6EE9D2DD196C3,/0017/searchData at position 8 of 11 in additional filter chain; firing Filter: 'AnonymousAuthenticationFilter'
05-23-2017 12:29:24.642,DEBUG,71365E034C04C189B5E6EE9D2DD196C3,SecurityContextHolder not populated with anonymous token, as it already contained: 'org.springframework.security.authentication.UsernamePasswordAuthenticationToken@3b6dd21b: Principal: vn.bananavietnam.ict.common.auth.MyUser@c4907816: Username: U0000000001; Password: [PROTECTED]; Enabled: true; AccountNonExpired: true; credentialsNonExpired: true; AccountNonLocked: true; Granted Authorities: 1; Credentials: [PROTECTED]; Authenticated: true; Details: org.springframework.security.web.authentication.WebAuthenticationDetails@255f8: RemoteIpAddress: 127.0.0.1; SessionId: A46E64BD38F0576175CA56FFC034C70E; Granted Authorities: 1'
05-23-2017 12:29:24.643,DEBUG,71365E034C04C189B5E6EE9D2DD196C3,/0017/searchData at position 9 of 11 in additional filter chain; firing Filter: 'SessionManagementFilter'
05-23-2017 12:29:24.643,DEBUG,71365E034C04C189B5E6EE9D2DD196C3,/0017/searchData at position 10 of 11 in additional filter chain; firing Filter: 'ExceptionTranslationFilter'
05-23-2017 12:29:24.643,DEBUG,71365E034C04C189B5E6EE9D2DD196C3,/0017/searchData at position 11 of 11 in additional filter chain; firing Filter: 'FilterSecurityInterceptor'
05-23-2017 12:29:24.643,DEBUG,71365E034C04C189B5E6EE9D2DD196C3,Checking match of request : '/0017/searchdata'; against '/autherror*'
05-23-2017 12:29:24.643,DEBUG,71365E034C04C189B5E6EE9D2DD196C3,Checking match of request : '/0017/searchdata'; against '/login/**'
05-23-2017 12:29:24.643,DEBUG,71365E034C04C189B5E6EE9D2DD196C3,Checking match of request : '/0017/searchdata'; against '/error/**'
05-23-2017 12:29:24.643,DEBUG,71365E034C04C189B5E6EE9D2DD196C3,Checking match of request : '/0017/searchdata'; against '/0001/**'
05-23-2017 12:29:24.643,DEBUG,71365E034C04C189B5E6EE9D2DD196C3,Checking match of request : '/0017/searchdata'; against '/0002/**'
05-23-2017 12:29:24.643,DEBUG,71365E034C04C189B5E6EE9D2DD196C3,Checking match of request : '/0017/searchdata'; against '/0003/**'
05-23-2017 12:29:24.643,DEBUG,71365E034C04C189B5E6EE9D2DD196C3,Checking match of request : '/0017/searchdata'; against '/0005/**'
05-23-2017 12:29:24.643,DEBUG,71365E034C04C189B5E6EE9D2DD196C3,Checking match of request : '/0017/searchdata'; against '/0007/**'
05-23-2017 12:29:24.643,DEBUG,71365E034C04C189B5E6EE9D2DD196C3,Checking match of request : '/0017/searchdata'; against '/0009/**'
05-23-2017 12:29:24.643,DEBUG,71365E034C04C189B5E6EE9D2DD196C3,Checking match of request : '/0017/searchdata'; against '/0013/**'
05-23-2017 12:29:24.643,DEBUG,71365E034C04C189B5E6EE9D2DD196C3,Checking match of request : '/0017/searchdata'; against '/0023/**'
05-23-2017 12:29:24.643,DEBUG,71365E034C04C189B5E6EE9D2DD196C3,Checking match of request : '/0017/searchdata'; against '/0017/**'
05-23-2017 12:29:24.643,DEBUG,71365E034C04C189B5E6EE9D2DD196C3,Secure object: FilterInvocation: URL: /0017/searchData; Attributes: [ROLE_ADMIN, ROLE_USER, IS_AUTHENTICATED_FULLY]
05-23-2017 12:29:24.643,DEBUG,71365E034C04C189B5E6EE9D2DD196C3,Previously Authenticated: org.springframework.security.authentication.UsernamePasswordAuthenticationToken@3b6dd21b: Principal: vn.bananavietnam.ict.common.auth.MyUser@c4907816: Username: U0000000001; Password: [PROTECTED]; Enabled: true; AccountNonExpired: true; credentialsNonExpired: true; AccountNonLocked: true; Granted Authorities: 1; Credentials: [PROTECTED]; Authenticated: true; Details: org.springframework.security.web.authentication.WebAuthenticationDetails@255f8: RemoteIpAddress: 127.0.0.1; SessionId: A46E64BD38F0576175CA56FFC034C70E; Granted Authorities: 1
05-23-2017 12:29:24.643,DEBUG,71365E034C04C189B5E6EE9D2DD196C3,Voter: org.springframework.security.access.vote.RoleVoter@c7637e, returned: -1
05-23-2017 12:29:24.643,DEBUG,71365E034C04C189B5E6EE9D2DD196C3,Voter: org.springframework.security.access.vote.AuthenticatedVoter@1f8faaf, returned: 1
05-23-2017 12:29:24.643,DEBUG,71365E034C04C189B5E6EE9D2DD196C3,Authorization successful
05-23-2017 12:29:24.643,DEBUG,71365E034C04C189B5E6EE9D2DD196C3,RunAsManager did not change Authentication object
05-23-2017 12:29:24.643,DEBUG,71365E034C04C189B5E6EE9D2DD196C3,/0017/searchData reached end of additional filter chain; proceeding with original chain
05-23-2017 12:29:24.643,DEBUG,71365E034C04C189B5E6EE9D2DD196C3,Request [/ict/0017/searchData] is not a multipart request
05-23-2017 12:29:24.643,DEBUG,71365E034C04C189B5E6EE9D2DD196C3,DispatcherServlet with name 'appServlet' processing POST request for [/ict/0017/searchData]
05-23-2017 12:29:24.643,DEBUG,71365E034C04C189B5E6EE9D2DD196C3,Looking up handler method for path /0017/searchData
05-23-2017 12:29:24.644,DEBUG,71365E034C04C189B5E6EE9D2DD196C3,Returning handler method [public java.util.List<vn.bananavietnam.ict.banana.component.Bnn0017SearchBananaKindResult> vn.bananavietnam.ict.banana.controller.Bnn0017SearchBananaKindController.searchData(vn.bananavietnam.ict.banana.component.Bnn0017SearchBananaKindConditions)]
05-23-2017 12:29:24.644,DEBUG,71365E034C04C189B5E6EE9D2DD196C3,Returning cached instance of singleton bean 'bnn0017SearchBananaKindController'
05-23-2017 12:29:24.644,DEBUG,71365E034C04C189B5E6EE9D2DD196C3,Returning cached instance of singleton bean 'xml_path'
05-23-2017 12:29:24.644,DEBUG,71365E034C04C189B5E6EE9D2DD196C3,Read [class vn.bananavietnam.ict.banana.component.Bnn0017SearchBananaKindConditions] as "application/json" with [org.springframework.http.converter.json.MappingJackson2HttpMessageConverter@ce0eb1]
05-23-2017 12:29:24.645,INFO ,71365E034C04C189B5E6EE9D2DD196C3,U0000000001,vn.bananavietnam.ict.banana.service.Bnn0017SearchBananaKindService,searchData,[vn.bananavietnam.ict.banana.component.Bnn0017SearchBananaKindConditions@144c556] METHOD START
05-23-2017 12:29:24.645,DEBUG,71365E034C04C189B5E6EE9D2DD196C3,Returning cached instance of singleton bean 'transactionManager'
05-23-2017 12:29:24.645,INFO ,71365E034C04C189B5E6EE9D2DD196C3,U0000000001,Kind searching started
05-23-2017 12:29:24.645,DEBUG,71365E034C04C189B5E6EE9D2DD196C3,Creating a new SqlSession
05-23-2017 12:29:24.645,DEBUG,71365E034C04C189B5E6EE9D2DD196C3,Registering transaction synchronization for SqlSession [org.apache.ibatis.session.defaults.DefaultSqlSession@14f3ef6]
05-23-2017 12:29:24.645,DEBUG,71365E034C04C189B5E6EE9D2DD196C3,Fetching JDBC Connection from DataSource
05-23-2017 12:29:24.645,DEBUG,71365E034C04C189B5E6EE9D2DD196C3,Creating new JDBC DriverManager Connection to [jdbc:mysql://172.16.0.175:3306/BANANA_DB_HUNG_SELENIUM?useUnicode=yes&characterEncoding=UTF-8&autoReconnect=true]
05-23-2017 12:29:28.670,DEBUG,71365E034C04C189B5E6EE9D2DD196C3,Releasing transactional SqlSession [org.apache.ibatis.session.defaults.DefaultSqlSession@14f3ef6]
05-23-2017 12:29:28.673,DEBUG,71365E034C04C189B5E6EE9D2DD196C3,Transaction synchronization deregistering SqlSession [org.apache.ibatis.session.defaults.DefaultSqlSession@14f3ef6]
05-23-2017 12:29:28.673,DEBUG,71365E034C04C189B5E6EE9D2DD196C3,Transaction synchronization closing SqlSession [org.apache.ibatis.session.defaults.DefaultSqlSession@14f3ef6]
05-23-2017 12:29:28.673,DEBUG,71365E034C04C189B5E6EE9D2DD196C3,Should roll back transaction but cannot - no transaction available
05-23-2017 12:29:28.673,ERROR,71365E034C04C189B5E6EE9D2DD196C3,U0000000001,java.lang.Exception: nested exception is org.apache.ibatis.exceptions.PersistenceException: 
05-23-2017 12:29:28.673,INFO ,71365E034C04C189B5E6EE9D2DD196C3,U0000000001,vn.bananavietnam.ict.banana.service.Bnn0017SearchBananaKindService,searchData,[vn.bananavietnam.ict.banana.component.Bnn0017SearchBananaKindConditions@144c556] METHOD END
05-23-2017 12:29:28.673,DEBUG,71365E034C04C189B5E6EE9D2DD196C3,Null ModelAndView returned to DispatcherServlet with name 'appServlet': assuming HandlerAdapter completed request handling
05-23-2017 12:29:28.673,DEBUG,71365E034C04C189B5E6EE9D2DD196C3,Successfully completed request
05-23-2017 12:29:28.673,DEBUG,71365E034C04C189B5E6EE9D2DD196C3,Chain processed normally
05-23-2017 12:29:28.673,DEBUG,71365E034C04C189B5E6EE9D2DD196C3,SecurityContextHolder now cleared, as request processing completed
05-23-2017 12:28:55.726,DEBUG,63196FBB8699E17EDF27CCB9EA3F762C,/0089/searchData at position 1 of 11 in additional filter chain; firing Filter: 'SecurityContextPersistenceFilter'
05-23-2017 12:28:55.727,DEBUG,63196FBB8699E17EDF27CCB9EA3F762C,Obtained a valid SecurityContext from SPRING_SECURITY_CONTEXT: 'org.springframework.security.core.context.SecurityContextImpl@c493f8ef: Authentication: org.springframework.security.authentication.UsernamePasswordAuthenticationToken@c493f8ef: Principal: vn.bananavietnam.ict.common.auth.MyUser@c4907816: Username: U0000000001; Password: [PROTECTED]; Enabled: true; AccountNonExpired: true; credentialsNonExpired: true; AccountNonLocked: true; Granted Authorities: 1; Credentials: [PROTECTED]; Authenticated: true; Details: org.springframework.security.web.authentication.WebAuthenticationDetails@fffc7f0c: RemoteIpAddress: 0:0:0:0:0:0:0:1; SessionId: 8A6BAC72C521D70EA77A4CA25D2AABFD; Granted Authorities: 1'
05-23-2017 12:28:55.727,DEBUG,63196FBB8699E17EDF27CCB9EA3F762C,/0089/searchData at position 2 of 11 in additional filter chain; firing Filter: 'WebAsyncManagerIntegrationFilter'
05-23-2017 12:28:55.727,DEBUG,63196FBB8699E17EDF27CCB9EA3F762C,/0089/searchData at position 3 of 11 in additional filter chain; firing Filter: 'LogoutFilter'
05-23-2017 12:28:55.727,DEBUG,63196FBB8699E17EDF27CCB9EA3F762C,/0089/searchData at position 4 of 11 in additional filter chain; firing Filter: 'UsernamePasswordAuthenticationFilter'
05-23-2017 12:28:55.727,DEBUG,63196FBB8699E17EDF27CCB9EA3F762C,/0089/searchData at position 5 of 11 in additional filter chain; firing Filter: 'BasicAuthenticationFilter'
05-23-2017 12:28:55.727,DEBUG,63196FBB8699E17EDF27CCB9EA3F762C,/0089/searchData at position 6 of 11 in additional filter chain; firing Filter: 'RequestCacheAwareFilter'
05-23-2017 12:28:55.727,DEBUG,63196FBB8699E17EDF27CCB9EA3F762C,/0089/searchData at position 7 of 11 in additional filter chain; firing Filter: 'SecurityContextHolderAwareRequestFilter'
05-23-2017 12:28:55.727,DEBUG,63196FBB8699E17EDF27CCB9EA3F762C,/0089/searchData at position 8 of 11 in additional filter chain; firing Filter: 'AnonymousAuthenticationFilter'
05-23-2017 12:28:55.727,DEBUG,63196FBB8699E17EDF27CCB9EA3F762C,SecurityContextHolder not populated with anonymous token, as it already contained: 'org.springframework.security.authentication.UsernamePasswordAuthenticationToken@c493f8ef: Principal: vn.bananavietnam.ict.common.auth.MyUser@c4907816: Username: U0000000001; Password: [PROTECTED]; Enabled: true; AccountNonExpired: true; credentialsNonExpired: true; AccountNonLocked: true; Granted Authorities: 1; Credentials: [PROTECTED]; Authenticated: true; Details: org.springframework.security.web.authentication.WebAuthenticationDetails@fffc7f0c: RemoteIpAddress: 0:0:0:0:0:0:0:1; SessionId: 8A6BAC72C521D70EA77A4CA25D2AABFD; Granted Authorities: 1'
05-23-2017 12:28:55.727,DEBUG,63196FBB8699E17EDF27CCB9EA3F762C,/0089/searchData at position 9 of 11 in additional filter chain; firing Filter: 'SessionManagementFilter'
05-23-2017 12:28:55.727,DEBUG,63196FBB8699E17EDF27CCB9EA3F762C,/0089/searchData at position 10 of 11 in additional filter chain; firing Filter: 'ExceptionTranslationFilter'
05-23-2017 12:28:55.727,DEBUG,63196FBB8699E17EDF27CCB9EA3F762C,/0089/searchData at position 11 of 11 in additional filter chain; firing Filter: 'FilterSecurityInterceptor'
05-23-2017 12:28:55.727,DEBUG,63196FBB8699E17EDF27CCB9EA3F762C,Checking match of request : '/0089/searchdata'; against '/autherror*'
05-23-2017 12:28:55.727,DEBUG,63196FBB8699E17EDF27CCB9EA3F762C,Checking match of request : '/0089/searchdata'; against '/login/**'
05-23-2017 12:28:55.727,DEBUG,63196FBB8699E17EDF27CCB9EA3F762C,Checking match of request : '/0089/searchdata'; against '/error/**'
05-23-2017 12:28:55.727,DEBUG,63196FBB8699E17EDF27CCB9EA3F762C,Checking match of request : '/0089/searchdata'; against '/0001/**'
05-23-2017 12:28:55.727,DEBUG,63196FBB8699E17EDF27CCB9EA3F762C,Checking match of request : '/0089/searchdata'; against '/0002/**'
05-23-2017 12:28:55.727,DEBUG,63196FBB8699E17EDF27CCB9EA3F762C,Checking match of request : '/0089/searchdata'; against '/0003/**'
05-23-2017 12:28:55.727,DEBUG,63196FBB8699E17EDF27CCB9EA3F762C,Checking match of request : '/0089/searchdata'; against '/0005/**'
05-23-2017 12:28:55.727,DEBUG,63196FBB8699E17EDF27CCB9EA3F762C,Checking match of request : '/0089/searchdata'; against '/0007/**'
05-23-2017 12:28:55.727,DEBUG,63196FBB8699E17EDF27CCB9EA3F762C,Checking match of request : '/0089/searchdata'; against '/0009/**'
05-23-2017 12:28:55.727,DEBUG,63196FBB8699E17EDF27CCB9EA3F762C,Checking match of request : '/0089/searchdata'; against '/0013/**'
05-23-2017 12:28:55.727,DEBUG,63196FBB8699E17EDF27CCB9EA3F762C,Checking match of request : '/0089/searchdata'; against '/0023/**'
05-23-2017 12:28:55.727,DEBUG,63196FBB8699E17EDF27CCB9EA3F762C,Checking match of request : '/0089/searchdata'; against '/0017/**'
05-23-2017 12:28:55.727,DEBUG,63196FBB8699E17EDF27CCB9EA3F762C,Checking match of request : '/0089/searchdata'; against '/0031/**'
05-23-2017 12:28:55.728,DEBUG,63196FBB8699E17EDF27CCB9EA3F762C,Checking match of request : '/0089/searchdata'; against '/0035/**'
05-23-2017 12:28:55.728,DEBUG,63196FBB8699E17EDF27CCB9EA3F762C,Checking match of request : '/0089/searchdata'; against '/0037/**'
05-23-2017 12:28:55.728,DEBUG,63196FBB8699E17EDF27CCB9EA3F762C,Checking match of request : '/0089/searchdata'; against '/0045/**'
05-23-2017 12:28:55.728,DEBUG,63196FBB8699E17EDF27CCB9EA3F762C,Checking match of request : '/0089/searchdata'; against '/0047/**'
05-23-2017 12:28:55.728,DEBUG,63196FBB8699E17EDF27CCB9EA3F762C,Checking match of request : '/0089/searchdata'; against '/0049/**'
05-23-2017 12:28:55.728,DEBUG,63196FBB8699E17EDF27CCB9EA3F762C,Checking match of request : '/0089/searchdata'; against '/0061/**'
05-23-2017 12:28:55.728,DEBUG,63196FBB8699E17EDF27CCB9EA3F762C,Checking match of request : '/0089/searchdata'; against '/0087/**'
05-23-2017 12:28:55.728,DEBUG,63196FBB8699E17EDF27CCB9EA3F762C,Checking match of request : '/0089/searchdata'; against '/0075/**'
05-23-2017 12:28:55.728,DEBUG,63196FBB8699E17EDF27CCB9EA3F762C,Checking match of request : '/0089/searchdata'; against '/0089/**'
05-23-2017 12:28:55.728,DEBUG,63196FBB8699E17EDF27CCB9EA3F762C,Secure object: FilterInvocation: URL: /0089/searchData; Attributes: [ROLE_ADMIN, ROLE_USER, IS_AUTHENTICATED_FULLY]
05-23-2017 12:28:55.728,DEBUG,63196FBB8699E17EDF27CCB9EA3F762C,Previously Authenticated: org.springframework.security.authentication.UsernamePasswordAuthenticationToken@c493f8ef: Principal: vn.bananavietnam.ict.common.auth.MyUser@c4907816: Username: U0000000001; Password: [PROTECTED]; Enabled: true; AccountNonExpired: true; credentialsNonExpired: true; AccountNonLocked: true; Granted Authorities: 1; Credentials: [PROTECTED]; Authenticated: true; Details: org.springframework.security.web.authentication.WebAuthenticationDetails@fffc7f0c: RemoteIpAddress: 0:0:0:0:0:0:0:1; SessionId: 8A6BAC72C521D70EA77A4CA25D2AABFD; Granted Authorities: 1
05-23-2017 12:28:55.728,DEBUG,63196FBB8699E17EDF27CCB9EA3F762C,Voter: org.springframework.security.access.vote.RoleVoter@1ac872d, returned: -1
05-23-2017 12:28:55.728,DEBUG,63196FBB8699E17EDF27CCB9EA3F762C,Voter: org.springframework.security.access.vote.AuthenticatedVoter@b1927d, returned: 1
05-23-2017 12:28:55.728,DEBUG,63196FBB8699E17EDF27CCB9EA3F762C,Authorization successful
05-23-2017 12:28:55.728,DEBUG,63196FBB8699E17EDF27CCB9EA3F762C,RunAsManager did not change Authentication object
05-23-2017 12:28:55.728,DEBUG,63196FBB8699E17EDF27CCB9EA3F762C,/0089/searchData reached end of additional filter chain; proceeding with original chain
05-23-2017 12:28:55.728,DEBUG,63196FBB8699E17EDF27CCB9EA3F762C,Request [/ict/0089/searchData] is not a multipart request
05-23-2017 12:28:55.728,DEBUG,63196FBB8699E17EDF27CCB9EA3F762C,DispatcherServlet with name 'appServlet' processing POST request for [/ict/0089/searchData]
05-23-2017 12:28:55.728,DEBUG,63196FBB8699E17EDF27CCB9EA3F762C,Looking up handler method for path /0089/searchData
05-23-2017 12:28:55.728,DEBUG,63196FBB8699E17EDF27CCB9EA3F762C,Returning handler method [public java.util.List<vn.bananavietnam.ict.banana.component.Bnn0089SearchTaskResult> vn.bananavietnam.ict.banana.controller.Bnn0089SearchTaskController.searchData(vn.bananavietnam.ict.banana.component.Bnn0089SearchTaskConditions)]
05-23-2017 12:28:55.728,DEBUG,63196FBB8699E17EDF27CCB9EA3F762C,Returning cached instance of singleton bean 'bnn0089SearchTaskController'
05-23-2017 12:28:55.728,DEBUG,63196FBB8699E17EDF27CCB9EA3F762C,Returning cached instance of singleton bean 'xml_path'
05-23-2017 12:28:55.729,DEBUG,63196FBB8699E17EDF27CCB9EA3F762C,Skip CORS processing: request is from same origin
05-23-2017 12:28:55.729,DEBUG,63196FBB8699E17EDF27CCB9EA3F762C,Read [class vn.bananavietnam.ict.banana.component.Bnn0089SearchTaskConditions] as "application/json" with [org.springframework.http.converter.json.MappingJackson2HttpMessageConverter@156f2cc]
05-23-2017 12:28:55.729,INFO ,63196FBB8699E17EDF27CCB9EA3F762C,U0000000001,vn.bananavietnam.ict.banana.service.Bnn0089SearchTaskService,searchData,[vn.bananavietnam.ict.banana.component.Bnn0089SearchTaskConditions@18f97e9] METHOD START
05-23-2017 12:28:55.729,DEBUG,63196FBB8699E17EDF27CCB9EA3F762C,Returning cached instance of singleton bean 'transactionManager'
05-23-2017 12:28:55.729,INFO ,63196FBB8699E17EDF27CCB9EA3F762C,U0000000001,Task searching started
05-23-2017 12:28:55.730,DEBUG,63196FBB8699E17EDF27CCB9EA3F762C,Creating a new SqlSession
05-23-2017 12:28:55.730,DEBUG,63196FBB8699E17EDF27CCB9EA3F762C,Registering transaction synchronization for SqlSession [org.apache.ibatis.session.defaults.DefaultSqlSession@3bc47d]
05-23-2017 12:28:55.730,DEBUG,63196FBB8699E17EDF27CCB9EA3F762C,Fetching JDBC Connection from DataSource
05-23-2017 12:28:55.730,DEBUG,63196FBB8699E17EDF27CCB9EA3F762C,Creating new JDBC DriverManager Connection to [jdbc:mysql://172.16.0.175:3306/BANANA_DB_HUNG_SELENIUM?useUnicode=yes&characterEncoding=UTF-8&autoReconnect=true]
05-23-2017 12:28:59.758,DEBUG,63196FBB8699E17EDF27CCB9EA3F762C,Releasing transactional SqlSession [org.apache.ibatis.session.defaults.DefaultSqlSession@3bc47d]
05-23-2017 12:28:59.765,ERROR,63196FBB8699E17EDF27CCB9EA3F762C,U0000000001,java.lang.Exception: nested exception is org.apache.ibatis.exceptions.PersistenceException: 
05-23-2017 12:28:59.766,DEBUG,63196FBB8699E17EDF27CCB9EA3F762C,Transaction synchronization deregistering SqlSession [org.apache.ibatis.session.defaults.DefaultSqlSession@3bc47d]
05-23-2017 12:28:59.766,DEBUG,63196FBB8699E17EDF27CCB9EA3F762C,Transaction synchronization closing SqlSession [org.apache.ibatis.session.defaults.DefaultSqlSession@3bc47d]
05-23-2017 12:28:59.766,DEBUG,63196FBB8699E17EDF27CCB9EA3F762C,Should roll back transaction but cannot - no transaction available
05-23-2017 12:28:59.766,INFO ,63196FBB8699E17EDF27CCB9EA3F762C,U0000000001,vn.bananavietnam.ict.banana.service.Bnn0089SearchTaskService,searchData,[vn.bananavietnam.ict.banana.component.Bnn0089SearchTaskConditions@18f97e9] METHOD END
05-23-2017 12:28:59.767,DEBUG,63196FBB8699E17EDF27CCB9EA3F762C,Null ModelAndView returned to DispatcherServlet with name 'appServlet': assuming HandlerAdapter completed request handling
05-23-2017 12:28:59.767,DEBUG,63196FBB8699E17EDF27CCB9EA3F762C,Successfully completed request
05-23-2017 12:28:59.767,DEBUG,63196FBB8699E17EDF27CCB9EA3F762C,Chain processed normally
05-23-2017 12:28:59.767,DEBUG,63196FBB8699E17EDF27CCB9EA3F762C,SecurityContextHolder now cleared, as request processing completed
05-23-2017 12:29:17.510,DEBUG,8A6BAC72C521D70EA77A4CA25D2AABFD,/0089/searchData at position 1 of 11 in additional filter chain; firing Filter: 'SecurityContextPersistenceFilter'
05-23-2017 12:29:17.510,DEBUG,8A6BAC72C521D70EA77A4CA25D2AABFD,Obtained a valid SecurityContext from SPRING_SECURITY_CONTEXT: 'org.springframework.security.core.context.SecurityContextImpl@c493f8ef: Authentication: org.springframework.security.authentication.UsernamePasswordAuthenticationToken@c493f8ef: Principal: vn.bananavietnam.ict.common.auth.MyUser@c4907816: Username: U0000000001; Password: [PROTECTED]; Enabled: true; AccountNonExpired: true; credentialsNonExpired: true; AccountNonLocked: true; Granted Authorities: 1; Credentials: [PROTECTED]; Authenticated: true; Details: org.springframework.security.web.authentication.WebAuthenticationDetails@fffc7f0c: RemoteIpAddress: 0:0:0:0:0:0:0:1; SessionId: 8A6BAC72C521D70EA77A4CA25D2AABFD; Granted Authorities: 1'
05-23-2017 12:29:17.510,DEBUG,8A6BAC72C521D70EA77A4CA25D2AABFD,/0089/searchData at position 2 of 11 in additional filter chain; firing Filter: 'WebAsyncManagerIntegrationFilter'
05-23-2017 12:29:17.510,DEBUG,8A6BAC72C521D70EA77A4CA25D2AABFD,/0089/searchData at position 3 of 11 in additional filter chain; firing Filter: 'LogoutFilter'
05-23-2017 12:29:17.510,DEBUG,8A6BAC72C521D70EA77A4CA25D2AABFD,/0089/searchData at position 4 of 11 in additional filter chain; firing Filter: 'UsernamePasswordAuthenticationFilter'
05-23-2017 12:29:17.510,DEBUG,8A6BAC72C521D70EA77A4CA25D2AABFD,/0089/searchData at position 5 of 11 in additional filter chain; firing Filter: 'BasicAuthenticationFilter'
05-23-2017 12:29:17.510,DEBUG,8A6BAC72C521D70EA77A4CA25D2AABFD,/0089/searchData at position 6 of 11 in additional filter chain; firing Filter: 'RequestCacheAwareFilter'
05-23-2017 12:29:17.510,DEBUG,8A6BAC72C521D70EA77A4CA25D2AABFD,/0089/searchData at position 7 of 11 in additional filter chain; firing Filter: 'SecurityContextHolderAwareRequestFilter'
05-23-2017 12:29:17.510,DEBUG,8A6BAC72C521D70EA77A4CA25D2AABFD,/0089/searchData at position 8 of 11 in additional filter chain; firing Filter: 'AnonymousAuthenticationFilter'
05-23-2017 12:29:17.510,DEBUG,8A6BAC72C521D70EA77A4CA25D2AABFD,SecurityContextHolder not populated with anonymous token, as it already contained: 'org.springframework.security.authentication.UsernamePasswordAuthenticationToken@c493f8ef: Principal: vn.bananavietnam.ict.common.auth.MyUser@c4907816: Username: U0000000001; Password: [PROTECTED]; Enabled: true; AccountNonExpired: true; credentialsNonExpired: true; AccountNonLocked: true; Granted Authorities: 1; Credentials: [PROTECTED]; Authenticated: true; Details: org.springframework.security.web.authentication.WebAuthenticationDetails@fffc7f0c: RemoteIpAddress: 0:0:0:0:0:0:0:1; SessionId: 8A6BAC72C521D70EA77A4CA25D2AABFD; Granted Authorities: 1'
05-23-2017 12:29:17.510,DEBUG,8A6BAC72C521D70EA77A4CA25D2AABFD,/0089/searchData at position 9 of 11 in additional filter chain; firing Filter: 'SessionManagementFilter'
05-23-2017 12:29:17.510,DEBUG,8A6BAC72C521D70EA77A4CA25D2AABFD,/0089/searchData at position 10 of 11 in additional filter chain; firing Filter: 'ExceptionTranslationFilter'
05-23-2017 12:29:17.510,DEBUG,8A6BAC72C521D70EA77A4CA25D2AABFD,/0089/searchData at position 11 of 11 in additional filter chain; firing Filter: 'FilterSecurityInterceptor'
05-23-2017 12:29:17.510,DEBUG,8A6BAC72C521D70EA77A4CA25D2AABFD,Checking match of request : '/0089/searchdata'; against '/autherror*'
05-23-2017 12:29:17.510,DEBUG,8A6BAC72C521D70EA77A4CA25D2AABFD,Checking match of request : '/0089/searchdata'; against '/login/**'
05-23-2017 12:29:17.510,DEBUG,8A6BAC72C521D70EA77A4CA25D2AABFD,Checking match of request : '/0089/searchdata'; against '/error/**'
05-23-2017 12:29:17.510,DEBUG,8A6BAC72C521D70EA77A4CA25D2AABFD,Checking match of request : '/0089/searchdata'; against '/0001/**'
05-23-2017 12:29:17.510,DEBUG,8A6BAC72C521D70EA77A4CA25D2AABFD,Checking match of request : '/0089/searchdata'; against '/0002/**'
05-23-2017 12:29:17.510,DEBUG,8A6BAC72C521D70EA77A4CA25D2AABFD,Checking match of request : '/0089/searchdata'; against '/0003/**'
05-23-2017 12:29:17.510,DEBUG,8A6BAC72C521D70EA77A4CA25D2AABFD,Checking match of request : '/0089/searchdata'; against '/0005/**'
05-23-2017 12:29:17.510,DEBUG,8A6BAC72C521D70EA77A4CA25D2AABFD,Checking match of request : '/0089/searchdata'; against '/0007/**'
05-23-2017 12:29:17.510,DEBUG,8A6BAC72C521D70EA77A4CA25D2AABFD,Checking match of request : '/0089/searchdata'; against '/0009/**'
05-23-2017 12:29:17.510,DEBUG,8A6BAC72C521D70EA77A4CA25D2AABFD,Checking match of request : '/0089/searchdata'; against '/0013/**'
05-23-2017 12:29:17.510,DEBUG,8A6BAC72C521D70EA77A4CA25D2AABFD,Checking match of request : '/0089/searchdata'; against '/0023/**'
05-23-2017 12:29:17.510,DEBUG,8A6BAC72C521D70EA77A4CA25D2AABFD,Checking match of request : '/0089/searchdata'; against '/0017/**'
05-23-2017 12:29:17.510,DEBUG,8A6BAC72C521D70EA77A4CA25D2AABFD,Checking match of request : '/0089/searchdata'; against '/0031/**'
05-23-2017 12:29:17.510,DEBUG,8A6BAC72C521D70EA77A4CA25D2AABFD,Checking match of request : '/0089/searchdata'; against '/0035/**'
05-23-2017 12:29:17.510,DEBUG,8A6BAC72C521D70EA77A4CA25D2AABFD,Checking match of request : '/0089/searchdata'; against '/0037/**'
05-23-2017 12:29:17.510,DEBUG,8A6BAC72C521D70EA77A4CA25D2AABFD,Checking match of request : '/0089/searchdata'; against '/0045/**'
05-23-2017 12:29:17.510,DEBUG,8A6BAC72C521D70EA77A4CA25D2AABFD,Checking match of request : '/0089/searchdata'; against '/0047/**'
05-23-2017 12:29:17.510,DEBUG,8A6BAC72C521D70EA77A4CA25D2AABFD,Checking match of request : '/0089/searchdata'; against '/0049/**'
05-23-2017 12:29:17.511,DEBUG,8A6BAC72C521D70EA77A4CA25D2AABFD,Checking match of request : '/0089/searchdata'; against '/0061/**'
05-23-2017 12:29:17.511,DEBUG,8A6BAC72C521D70EA77A4CA25D2AABFD,Checking match of request : '/0089/searchdata'; against '/0087/**'
05-23-2017 12:29:17.511,DEBUG,8A6BAC72C521D70EA77A4CA25D2AABFD,Checking match of request : '/0089/searchdata'; against '/0075/**'
05-23-2017 12:29:17.511,DEBUG,8A6BAC72C521D70EA77A4CA25D2AABFD,Checking match of request : '/0089/searchdata'; against '/0089/**'
05-23-2017 12:29:17.511,DEBUG,8A6BAC72C521D70EA77A4CA25D2AABFD,Secure object: FilterInvocation: URL: /0089/searchData; Attributes: [ROLE_ADMIN, ROLE_USER, IS_AUTHENTICATED_FULLY]
05-23-2017 12:29:17.511,DEBUG,8A6BAC72C521D70EA77A4CA25D2AABFD,Previously Authenticated: org.springframework.security.authentication.UsernamePasswordAuthenticationToken@c493f8ef: Principal: vn.bananavietnam.ict.common.auth.MyUser@c4907816: Username: U0000000001; Password: [PROTECTED]; Enabled: true; AccountNonExpired: true; credentialsNonExpired: true; AccountNonLocked: true; Granted Authorities: 1; Credentials: [PROTECTED]; Authenticated: true; Details: org.springframework.security.web.authentication.WebAuthenticationDetails@fffc7f0c: RemoteIpAddress: 0:0:0:0:0:0:0:1; SessionId: 8A6BAC72C521D70EA77A4CA25D2AABFD; Granted Authorities: 1
05-23-2017 12:29:17.511,DEBUG,8A6BAC72C521D70EA77A4CA25D2AABFD,Voter: org.springframework.security.access.vote.RoleVoter@1ac872d, returned: -1
05-23-2017 12:29:17.511,DEBUG,8A6BAC72C521D70EA77A4CA25D2AABFD,Voter: org.springframework.security.access.vote.AuthenticatedVoter@b1927d, returned: 1
05-23-2017 12:29:17.511,DEBUG,8A6BAC72C521D70EA77A4CA25D2AABFD,Authorization successful
05-23-2017 12:29:17.511,DEBUG,8A6BAC72C521D70EA77A4CA25D2AABFD,RunAsManager did not change Authentication object
05-23-2017 12:29:17.511,DEBUG,8A6BAC72C521D70EA77A4CA25D2AABFD,/0089/searchData reached end of additional filter chain; proceeding with original chain
05-23-2017 12:29:17.511,DEBUG,8A6BAC72C521D70EA77A4CA25D2AABFD,Request [/ict/0089/searchData] is not a multipart request
05-23-2017 12:29:17.511,DEBUG,63196FBB8699E17EDF27CCB9EA3F762C,DispatcherServlet with name 'appServlet' processing POST request for [/ict/0089/searchData]
05-23-2017 12:29:17.511,DEBUG,63196FBB8699E17EDF27CCB9EA3F762C,Looking up handler method for path /0089/searchData
05-23-2017 12:29:17.511,DEBUG,63196FBB8699E17EDF27CCB9EA3F762C,Returning handler method [public java.util.List<vn.bananavietnam.ict.banana.component.Bnn0089SearchTaskResult> vn.bananavietnam.ict.banana.controller.Bnn0089SearchTaskController.searchData(vn.bananavietnam.ict.banana.component.Bnn0089SearchTaskConditions)]
05-23-2017 12:29:17.511,DEBUG,63196FBB8699E17EDF27CCB9EA3F762C,Returning cached instance of singleton bean 'bnn0089SearchTaskController'
05-23-2017 12:29:17.511,DEBUG,63196FBB8699E17EDF27CCB9EA3F762C,Returning cached instance of singleton bean 'xml_path'
05-23-2017 12:29:17.512,DEBUG,63196FBB8699E17EDF27CCB9EA3F762C,Skip CORS processing: request is from same origin
05-23-2017 12:29:17.512,DEBUG,63196FBB8699E17EDF27CCB9EA3F762C,Read [class vn.bananavietnam.ict.banana.component.Bnn0089SearchTaskConditions] as "application/json" with [org.springframework.http.converter.json.MappingJackson2HttpMessageConverter@156f2cc]
05-23-2017 12:29:17.512,INFO ,63196FBB8699E17EDF27CCB9EA3F762C,U0000000001,vn.bananavietnam.ict.banana.service.Bnn0089SearchTaskService,searchData,[vn.bananavietnam.ict.banana.component.Bnn0089SearchTaskConditions@b9e563] METHOD START
05-23-2017 12:29:17.512,DEBUG,63196FBB8699E17EDF27CCB9EA3F762C,Returning cached instance of singleton bean 'transactionManager'
05-23-2017 12:29:17.512,INFO ,63196FBB8699E17EDF27CCB9EA3F762C,U0000000001,Task searching started
05-23-2017 12:29:17.512,DEBUG,63196FBB8699E17EDF27CCB9EA3F762C,Creating a new SqlSession
05-23-2017 12:29:17.512,DEBUG,63196FBB8699E17EDF27CCB9EA3F762C,Registering transaction synchronization for SqlSession [org.apache.ibatis.session.defaults.DefaultSqlSession@d2498b]
05-23-2017 12:29:17.513,DEBUG,63196FBB8699E17EDF27CCB9EA3F762C,Fetching JDBC Connection from DataSource
05-23-2017 12:29:17.513,DEBUG,63196FBB8699E17EDF27CCB9EA3F762C,Creating new JDBC DriverManager Connection to [jdbc:mysql://172.16.0.175:3306/BANANA_DB_HUNG_SELENIUM?useUnicode=yes&characterEncoding=UTF-8&autoReconnect=true]
05-23-2017 12:29:17.528,DEBUG,63196FBB8699E17EDF27CCB9EA3F762C,Registering transaction synchronization for JDBC Connection
05-23-2017 12:29:17.528,DEBUG,63196FBB8699E17EDF27CCB9EA3F762C,JDBC Connection [com.mysql.jdbc.JDBC4Connection@181b950] will be managed by Spring
05-23-2017 12:29:17.528,DEBUG,63196FBB8699E17EDF27CCB9EA3F762C,==>  Preparing: SELECT T.TASK_ID taskId, T.TASK_NAME taskName, T.WORKING_DETAILS workingDetails, T.NOTE note, T.QUARANTINE_HANDLING_FLAG quarantineHandlingFlag, T.DELETE_FLAG deleteFlag, T.CHANGE_POINT_CODE changePointCode, T.LAST_UPDATE_DATE lastUpdateDate FROM IVB_M_TASK T WHERE 1 = 1 AND T.DELETE_FLAG = '0' ORDER BY T.TASK_NAME LIMIT ?,? 
05-23-2017 12:29:17.528,DEBUG,63196FBB8699E17EDF27CCB9EA3F762C,==> Parameters: 0(Integer), 20(Integer)
05-23-2017 12:29:17.532,DEBUG,63196FBB8699E17EDF27CCB9EA3F762C,<==      Total: 20
05-23-2017 12:29:17.532,DEBUG,63196FBB8699E17EDF27CCB9EA3F762C,Releasing transactional SqlSession [org.apache.ibatis.session.defaults.DefaultSqlSession@d2498b]
05-23-2017 12:29:17.532,INFO ,63196FBB8699E17EDF27CCB9EA3F762C,U0000000001,SQL execution finished
05-23-2017 12:29:17.532,DEBUG,63196FBB8699E17EDF27CCB9EA3F762C,Fetched SqlSession [org.apache.ibatis.session.defaults.DefaultSqlSession@d2498b] from current transaction
05-23-2017 12:29:17.532,DEBUG,63196FBB8699E17EDF27CCB9EA3F762C,==>  Preparing: SELECT COUNT(*) FROM IVB_M_TASK T WHERE 1 = 1 AND T.DELETE_FLAG = '0' ORDER BY T.TASK_ID 
05-23-2017 12:29:17.532,DEBUG,63196FBB8699E17EDF27CCB9EA3F762C,==> Parameters: 
05-23-2017 12:29:17.533,DEBUG,63196FBB8699E17EDF27CCB9EA3F762C,<==      Total: 1
05-23-2017 12:29:17.534,DEBUG,63196FBB8699E17EDF27CCB9EA3F762C,Releasing transactional SqlSession [org.apache.ibatis.session.defaults.DefaultSqlSession@d2498b]
05-23-2017 12:29:17.534,INFO ,63196FBB8699E17EDF27CCB9EA3F762C,U0000000001,Task searching finished ==> 43 item(s)
05-23-2017 12:29:17.534,DEBUG,63196FBB8699E17EDF27CCB9EA3F762C,Transaction synchronization deregistering SqlSession [org.apache.ibatis.session.defaults.DefaultSqlSession@d2498b]
05-23-2017 12:29:17.534,DEBUG,63196FBB8699E17EDF27CCB9EA3F762C,Transaction synchronization closing SqlSession [org.apache.ibatis.session.defaults.DefaultSqlSession@d2498b]
05-23-2017 12:29:17.534,DEBUG,63196FBB8699E17EDF27CCB9EA3F762C,Returning JDBC Connection to DataSource
05-23-2017 12:29:17.534,INFO ,63196FBB8699E17EDF27CCB9EA3F762C,U0000000001,vn.bananavietnam.ict.banana.service.Bnn0089SearchTaskService,searchData,[vn.bananavietnam.ict.banana.component.Bnn0089SearchTaskConditions@b9e563] METHOD END
05-23-2017 12:29:17.536,DEBUG,63196FBB8699E17EDF27CCB9EA3F762C,Written [[vn.bananavietnam.ict.banana.component.Bnn0089SearchTaskResult@210a26, vn.bananavietnam.ict.banana.component.Bnn0089SearchTaskResult@57340b, vn.bananavietnam.ict.banana.component.Bnn0089SearchTaskResult@102f701, vn.bananavietnam.ict.banana.component.Bnn0089SearchTaskResult@1acf80e, vn.bananavietnam.ict.banana.component.Bnn0089SearchTaskResult@1a0b227, vn.bananavietnam.ict.banana.component.Bnn0089SearchTaskResult@226f4, vn.bananavietnam.ict.banana.component.Bnn0089SearchTaskResult@4e660a, vn.bananavietnam.ict.banana.component.Bnn0089SearchTaskResult@449945, vn.bananavietnam.ict.banana.component.Bnn0089SearchTaskResult@d35e0, vn.bananavietnam.ict.banana.component.Bnn0089SearchTaskResult@1019e93, vn.bananavietnam.ict.banana.component.Bnn0089SearchTaskResult@d2c98f, vn.bananavietnam.ict.banana.component.Bnn0089SearchTaskResult@c0fce1, vn.bananavietnam.ict.banana.component.Bnn0089SearchTaskResult@1cb722c, vn.bananavietnam.ict.banana.component.Bnn0089SearchTaskResult@cb8d80, vn.bananavietnam.ict.banana.component.Bnn0089SearchTaskResult@97b027, vn.bananavietnam.ict.banana.component.Bnn0089SearchTaskResult@17f69e0, vn.bananavietnam.ict.banana.component.Bnn0089SearchTaskResult@11f32f1, vn.bananavietnam.ict.banana.component.Bnn0089SearchTaskResult@1700c9f, vn.bananavietnam.ict.banana.component.Bnn0089SearchTaskResult@8d9f5e, vn.bananavietnam.ict.banana.component.Bnn0089SearchTaskResult@dfd6c6]] as "application/json;charset=UTF-8" using [org.springframework.http.converter.json.MappingJackson2HttpMessageConverter@156f2cc]
05-23-2017 12:29:17.536,DEBUG,63196FBB8699E17EDF27CCB9EA3F762C,Null ModelAndView returned to DispatcherServlet with name 'appServlet': assuming HandlerAdapter completed request handling
05-23-2017 12:29:17.536,DEBUG,63196FBB8699E17EDF27CCB9EA3F762C,Successfully completed request
05-23-2017 12:29:17.536,DEBUG,63196FBB8699E17EDF27CCB9EA3F762C,Chain processed normally
05-23-2017 12:29:17.536,DEBUG,63196FBB8699E17EDF27CCB9EA3F762C,SecurityContextHolder now cleared, as request processing completed
