05-23-2017 11:41:03.191,DEBUG,C72646C1DC2B71049BF7694ED3FBC87E,/0089/searchData at position 1 of 11 in additional filter chain; firing Filter: 'SecurityContextPersistenceFilter'
05-23-2017 11:41:03.191,DEBUG,C72646C1DC2B71049BF7694ED3FBC87E,No HttpSession currently exists
05-23-2017 11:41:03.191,DEBUG,C72646C1DC2B71049BF7694ED3FBC87E,No SecurityContext was available from the HttpSession: null. A new one will be created.
05-23-2017 11:41:03.191,DEBUG,C72646C1DC2B71049BF7694ED3FBC87E,/0089/searchData at position 2 of 11 in additional filter chain; firing Filter: 'WebAsyncManagerIntegrationFilter'
05-23-2017 11:41:03.191,DEBUG,C72646C1DC2B71049BF7694ED3FBC87E,/0089/searchData at position 3 of 11 in additional filter chain; firing Filter: 'LogoutFilter'
05-23-2017 11:41:03.191,DEBUG,C72646C1DC2B71049BF7694ED3FBC87E,/0089/searchData at position 4 of 11 in additional filter chain; firing Filter: 'UsernamePasswordAuthenticationFilter'
05-23-2017 11:41:03.191,DEBUG,C72646C1DC2B71049BF7694ED3FBC87E,/0089/searchData at position 5 of 11 in additional filter chain; firing Filter: 'BasicAuthenticationFilter'
05-23-2017 11:41:03.191,DEBUG,C72646C1DC2B71049BF7694ED3FBC87E,/0089/searchData at position 6 of 11 in additional filter chain; firing Filter: 'RequestCacheAwareFilter'
05-23-2017 11:41:03.191,DEBUG,C72646C1DC2B71049BF7694ED3FBC87E,/0089/searchData at position 7 of 11 in additional filter chain; firing Filter: 'SecurityContextHolderAwareRequestFilter'
05-23-2017 11:41:03.191,DEBUG,C72646C1DC2B71049BF7694ED3FBC87E,/0089/searchData at position 8 of 11 in additional filter chain; firing Filter: 'AnonymousAuthenticationFilter'
05-23-2017 11:41:03.191,DEBUG,C72646C1DC2B71049BF7694ED3FBC87E,Populated SecurityContextHolder with anonymous token: 'org.springframework.security.authentication.AnonymousAuthenticationToken@9055c2bc: Principal: anonymousUser; Credentials: [PROTECTED]; Authenticated: true; Details: org.springframework.security.web.authentication.WebAuthenticationDetails@b364: RemoteIpAddress: 0:0:0:0:0:0:0:1; SessionId: null; Granted Authorities: ROLE_ANONYMOUS'
05-23-2017 11:41:03.191,DEBUG,C72646C1DC2B71049BF7694ED3FBC87E,/0089/searchData at position 9 of 11 in additional filter chain; firing Filter: 'SessionManagementFilter'
05-23-2017 11:41:03.191,DEBUG,C72646C1DC2B71049BF7694ED3FBC87E,Requested session ID C72646C1DC2B71049BF7694ED3FBC87E is invalid.
05-23-2017 11:41:03.191,DEBUG,C72646C1DC2B71049BF7694ED3FBC87E,/0089/searchData at position 10 of 11 in additional filter chain; firing Filter: 'ExceptionTranslationFilter'
05-23-2017 11:41:03.191,DEBUG,C72646C1DC2B71049BF7694ED3FBC87E,/0089/searchData at position 11 of 11 in additional filter chain; firing Filter: 'FilterSecurityInterceptor'
05-23-2017 11:41:03.191,DEBUG,C72646C1DC2B71049BF7694ED3FBC87E,Checking match of request : '/0089/searchdata'; against '/autherror*'
05-23-2017 11:41:03.191,DEBUG,C72646C1DC2B71049BF7694ED3FBC87E,Checking match of request : '/0089/searchdata'; against '/login/**'
05-23-2017 11:41:03.191,DEBUG,C72646C1DC2B71049BF7694ED3FBC87E,Checking match of request : '/0089/searchdata'; against '/error/**'
05-23-2017 11:41:03.191,DEBUG,C72646C1DC2B71049BF7694ED3FBC87E,Checking match of request : '/0089/searchdata'; against '/0001/**'
05-23-2017 11:41:03.191,DEBUG,C72646C1DC2B71049BF7694ED3FBC87E,Checking match of request : '/0089/searchdata'; against '/0002/**'
05-23-2017 11:41:03.191,DEBUG,C72646C1DC2B71049BF7694ED3FBC87E,Checking match of request : '/0089/searchdata'; against '/0003/**'
05-23-2017 11:41:03.191,DEBUG,C72646C1DC2B71049BF7694ED3FBC87E,Checking match of request : '/0089/searchdata'; against '/0005/**'
05-23-2017 11:41:03.191,DEBUG,C72646C1DC2B71049BF7694ED3FBC87E,Checking match of request : '/0089/searchdata'; against '/0007/**'
05-23-2017 11:41:03.191,DEBUG,C72646C1DC2B71049BF7694ED3FBC87E,Checking match of request : '/0089/searchdata'; against '/0009/**'
05-23-2017 11:41:03.191,DEBUG,C72646C1DC2B71049BF7694ED3FBC87E,Checking match of request : '/0089/searchdata'; against '/0013/**'
05-23-2017 11:41:03.191,DEBUG,C72646C1DC2B71049BF7694ED3FBC87E,Checking match of request : '/0089/searchdata'; against '/0023/**'
05-23-2017 11:41:03.191,DEBUG,C72646C1DC2B71049BF7694ED3FBC87E,Checking match of request : '/0089/searchdata'; against '/0017/**'
05-23-2017 11:41:03.191,DEBUG,C72646C1DC2B71049BF7694ED3FBC87E,Checking match of request : '/0089/searchdata'; against '/0031/**'
05-23-2017 11:41:03.191,DEBUG,C72646C1DC2B71049BF7694ED3FBC87E,Checking match of request : '/0089/searchdata'; against '/0035/**'
05-23-2017 11:41:03.191,DEBUG,C72646C1DC2B71049BF7694ED3FBC87E,Checking match of request : '/0089/searchdata'; against '/0037/**'
05-23-2017 11:41:03.191,DEBUG,C72646C1DC2B71049BF7694ED3FBC87E,Checking match of request : '/0089/searchdata'; against '/0045/**'
05-23-2017 11:41:03.191,DEBUG,C72646C1DC2B71049BF7694ED3FBC87E,Checking match of request : '/0089/searchdata'; against '/0047/**'
05-23-2017 11:41:03.191,DEBUG,C72646C1DC2B71049BF7694ED3FBC87E,Checking match of request : '/0089/searchdata'; against '/0049/**'
05-23-2017 11:41:03.191,DEBUG,C72646C1DC2B71049BF7694ED3FBC87E,Checking match of request : '/0089/searchdata'; against '/0061/**'
05-23-2017 11:41:03.191,DEBUG,C72646C1DC2B71049BF7694ED3FBC87E,Checking match of request : '/0089/searchdata'; against '/0087/**'
05-23-2017 11:41:03.191,DEBUG,C72646C1DC2B71049BF7694ED3FBC87E,Checking match of request : '/0089/searchdata'; against '/0075/**'
05-23-2017 11:41:03.191,DEBUG,C72646C1DC2B71049BF7694ED3FBC87E,Checking match of request : '/0089/searchdata'; against '/0089/**'
05-23-2017 11:41:03.191,DEBUG,C72646C1DC2B71049BF7694ED3FBC87E,Secure object: FilterInvocation: URL: /0089/searchData; Attributes: [ROLE_ADMIN, ROLE_USER, IS_AUTHENTICATED_FULLY]
05-23-2017 11:41:03.191,DEBUG,C72646C1DC2B71049BF7694ED3FBC87E,Previously Authenticated: org.springframework.security.authentication.AnonymousAuthenticationToken@9055c2bc: Principal: anonymousUser; Credentials: [PROTECTED]; Authenticated: true; Details: org.springframework.security.web.authentication.WebAuthenticationDetails@b364: RemoteIpAddress: 0:0:0:0:0:0:0:1; SessionId: null; Granted Authorities: ROLE_ANONYMOUS
05-23-2017 11:41:03.191,DEBUG,C72646C1DC2B71049BF7694ED3FBC87E,Voter: org.springframework.security.access.vote.RoleVoter@1ac872d, returned: -1
05-23-2017 11:41:03.191,DEBUG,C72646C1DC2B71049BF7694ED3FBC87E,Voter: org.springframework.security.access.vote.AuthenticatedVoter@b1927d, returned: -1
05-23-2017 11:41:03.192,DEBUG,C72646C1DC2B71049BF7694ED3FBC87E,Access is denied (user is anonymous); redirecting to authentication entry point
05-23-2017 11:41:03.192,DEBUG,C72646C1DC2B71049BF7694ED3FBC87E,DefaultSavedRequest added to Session: DefaultSavedRequest[http://localhost:8080/ict/0089/searchData]
05-23-2017 11:41:03.192,DEBUG,C72646C1DC2B71049BF7694ED3FBC87E,Calling Authentication entry point.
05-23-2017 11:41:03.193,DEBUG,C72646C1DC2B71049BF7694ED3FBC87E,Redirecting to 'http://localhost:8080/ict/'
05-23-2017 11:41:03.193,DEBUG,C72646C1DC2B71049BF7694ED3FBC87E,SecurityContext is empty or contents are anonymous - context will not be stored in HttpSession.
05-23-2017 11:41:03.193,DEBUG,C72646C1DC2B71049BF7694ED3FBC87E,SecurityContextHolder now cleared, as request processing completed
05-23-2017 11:41:03.194,DEBUG,C72646C1DC2B71049BF7694ED3FBC87E,/ at position 1 of 11 in additional filter chain; firing Filter: 'SecurityContextPersistenceFilter'
05-23-2017 11:41:03.194,DEBUG,C72646C1DC2B71049BF7694ED3FBC87E,HttpSession returned null object for SPRING_SECURITY_CONTEXT
05-23-2017 11:41:03.194,DEBUG,C72646C1DC2B71049BF7694ED3FBC87E,No SecurityContext was available from the HttpSession: org.apache.catalina.session.StandardSessionFacade@df28f9. A new one will be created.
05-23-2017 11:41:03.194,DEBUG,C72646C1DC2B71049BF7694ED3FBC87E,/ at position 2 of 11 in additional filter chain; firing Filter: 'WebAsyncManagerIntegrationFilter'
05-23-2017 11:41:03.194,DEBUG,C72646C1DC2B71049BF7694ED3FBC87E,/ at position 3 of 11 in additional filter chain; firing Filter: 'LogoutFilter'
05-23-2017 11:41:03.194,DEBUG,C72646C1DC2B71049BF7694ED3FBC87E,/ at position 4 of 11 in additional filter chain; firing Filter: 'UsernamePasswordAuthenticationFilter'
05-23-2017 11:41:03.194,DEBUG,C72646C1DC2B71049BF7694ED3FBC87E,/ at position 5 of 11 in additional filter chain; firing Filter: 'BasicAuthenticationFilter'
05-23-2017 11:41:03.194,DEBUG,C72646C1DC2B71049BF7694ED3FBC87E,/ at position 6 of 11 in additional filter chain; firing Filter: 'RequestCacheAwareFilter'
05-23-2017 11:41:03.194,DEBUG,C72646C1DC2B71049BF7694ED3FBC87E,pathInfo: both null (property equals)
05-23-2017 11:41:03.194,DEBUG,C72646C1DC2B71049BF7694ED3FBC87E,queryString: both null (property equals)
05-23-2017 11:41:03.194,DEBUG,C72646C1DC2B71049BF7694ED3FBC87E,requestURI: arg1=/ict/0089/searchData; arg2=/ict/ (property not equals)
05-23-2017 11:41:03.194,DEBUG,C72646C1DC2B71049BF7694ED3FBC87E,saved request doesn't match
05-23-2017 11:41:03.194,DEBUG,C72646C1DC2B71049BF7694ED3FBC87E,/ at position 7 of 11 in additional filter chain; firing Filter: 'SecurityContextHolderAwareRequestFilter'
05-23-2017 11:41:03.194,DEBUG,C72646C1DC2B71049BF7694ED3FBC87E,/ at position 8 of 11 in additional filter chain; firing Filter: 'AnonymousAuthenticationFilter'
05-23-2017 11:41:03.194,DEBUG,C72646C1DC2B71049BF7694ED3FBC87E,Populated SecurityContextHolder with anonymous token: 'org.springframework.security.authentication.AnonymousAuthenticationToken@6fa8940c: Principal: anonymousUser; Credentials: [PROTECTED]; Authenticated: true; Details: org.springframework.security.web.authentication.WebAuthenticationDetails@fffde5d4: RemoteIpAddress: 0:0:0:0:0:0:0:1; SessionId: 6F4BEF548B54868804894E924530F6DD; Granted Authorities: ROLE_ANONYMOUS'
05-23-2017 11:41:03.194,DEBUG,C72646C1DC2B71049BF7694ED3FBC87E,/ at position 9 of 11 in additional filter chain; firing Filter: 'SessionManagementFilter'
05-23-2017 11:41:03.194,DEBUG,C72646C1DC2B71049BF7694ED3FBC87E,/ at position 10 of 11 in additional filter chain; firing Filter: 'ExceptionTranslationFilter'
05-23-2017 11:41:03.194,DEBUG,C72646C1DC2B71049BF7694ED3FBC87E,/ at position 11 of 11 in additional filter chain; firing Filter: 'FilterSecurityInterceptor'
05-23-2017 11:41:03.194,DEBUG,C72646C1DC2B71049BF7694ED3FBC87E,Checking match of request : '/'; against '/autherror*'
05-23-2017 11:41:03.194,DEBUG,C72646C1DC2B71049BF7694ED3FBC87E,Checking match of request : '/'; against '/login/**'
05-23-2017 11:41:03.194,DEBUG,C72646C1DC2B71049BF7694ED3FBC87E,Checking match of request : '/'; against '/error/**'
05-23-2017 11:41:03.194,DEBUG,C72646C1DC2B71049BF7694ED3FBC87E,Checking match of request : '/'; against '/0001/**'
05-23-2017 11:41:03.194,DEBUG,C72646C1DC2B71049BF7694ED3FBC87E,Checking match of request : '/'; against '/0002/**'
05-23-2017 11:41:03.194,DEBUG,C72646C1DC2B71049BF7694ED3FBC87E,Checking match of request : '/'; against '/0003/**'
05-23-2017 11:41:03.194,DEBUG,C72646C1DC2B71049BF7694ED3FBC87E,Checking match of request : '/'; against '/0005/**'
05-23-2017 11:41:03.194,DEBUG,C72646C1DC2B71049BF7694ED3FBC87E,Checking match of request : '/'; against '/0007/**'
05-23-2017 11:41:03.194,DEBUG,C72646C1DC2B71049BF7694ED3FBC87E,Checking match of request : '/'; against '/0009/**'
05-23-2017 11:41:03.194,DEBUG,C72646C1DC2B71049BF7694ED3FBC87E,Checking match of request : '/'; against '/0013/**'
05-23-2017 11:41:03.194,DEBUG,C72646C1DC2B71049BF7694ED3FBC87E,Checking match of request : '/'; against '/0023/**'
05-23-2017 11:41:03.194,DEBUG,C72646C1DC2B71049BF7694ED3FBC87E,Checking match of request : '/'; against '/0017/**'
05-23-2017 11:41:03.194,DEBUG,C72646C1DC2B71049BF7694ED3FBC87E,Checking match of request : '/'; against '/0031/**'
05-23-2017 11:41:03.194,DEBUG,C72646C1DC2B71049BF7694ED3FBC87E,Checking match of request : '/'; against '/0035/**'
05-23-2017 11:41:03.194,DEBUG,C72646C1DC2B71049BF7694ED3FBC87E,Checking match of request : '/'; against '/0037/**'
05-23-2017 11:41:03.194,DEBUG,C72646C1DC2B71049BF7694ED3FBC87E,Checking match of request : '/'; against '/0045/**'
05-23-2017 11:41:03.195,DEBUG,C72646C1DC2B71049BF7694ED3FBC87E,Checking match of request : '/'; against '/0047/**'
05-23-2017 11:41:03.195,DEBUG,C72646C1DC2B71049BF7694ED3FBC87E,Checking match of request : '/'; against '/0049/**'
05-23-2017 11:41:03.195,DEBUG,C72646C1DC2B71049BF7694ED3FBC87E,Checking match of request : '/'; against '/0061/**'
05-23-2017 11:41:03.195,DEBUG,C72646C1DC2B71049BF7694ED3FBC87E,Checking match of request : '/'; against '/0087/**'
05-23-2017 11:41:03.195,DEBUG,C72646C1DC2B71049BF7694ED3FBC87E,Checking match of request : '/'; against '/0075/**'
05-23-2017 11:41:03.195,DEBUG,C72646C1DC2B71049BF7694ED3FBC87E,Checking match of request : '/'; against '/0089/**'
05-23-2017 11:41:03.195,DEBUG,C72646C1DC2B71049BF7694ED3FBC87E,Checking match of request : '/'; against '/0090/**'
05-23-2017 11:41:03.195,DEBUG,C72646C1DC2B71049BF7694ED3FBC87E,Checking match of request : '/'; against '/0091/**'
05-23-2017 11:41:03.195,DEBUG,C72646C1DC2B71049BF7694ED3FBC87E,Checking match of request : '/'; against '/0092/**'
05-23-2017 11:41:03.195,DEBUG,C72646C1DC2B71049BF7694ED3FBC87E,Checking match of request : '/'; against '/0095/**'
05-23-2017 11:41:03.195,DEBUG,C72646C1DC2B71049BF7694ED3FBC87E,Secure object: FilterInvocation: URL: /; Attributes: [IS_AUTHENTICATED_ANONYMOUSLY]
05-23-2017 11:41:03.195,DEBUG,C72646C1DC2B71049BF7694ED3FBC87E,Previously Authenticated: org.springframework.security.authentication.AnonymousAuthenticationToken@6fa8940c: Principal: anonymousUser; Credentials: [PROTECTED]; Authenticated: true; Details: org.springframework.security.web.authentication.WebAuthenticationDetails@fffde5d4: RemoteIpAddress: 0:0:0:0:0:0:0:1; SessionId: 6F4BEF548B54868804894E924530F6DD; Granted Authorities: ROLE_ANONYMOUS
05-23-2017 11:41:03.195,DEBUG,C72646C1DC2B71049BF7694ED3FBC87E,Voter: org.springframework.security.access.vote.RoleVoter@1ac872d, returned: 0
05-23-2017 11:41:03.195,DEBUG,C72646C1DC2B71049BF7694ED3FBC87E,Voter: org.springframework.security.access.vote.AuthenticatedVoter@b1927d, returned: 1
05-23-2017 11:41:03.195,DEBUG,C72646C1DC2B71049BF7694ED3FBC87E,Authorization successful
05-23-2017 11:41:03.195,DEBUG,C72646C1DC2B71049BF7694ED3FBC87E,RunAsManager did not change Authentication object
05-23-2017 11:41:03.195,DEBUG,C72646C1DC2B71049BF7694ED3FBC87E,/ reached end of additional filter chain; proceeding with original chain
05-23-2017 11:41:03.195,DEBUG,C72646C1DC2B71049BF7694ED3FBC87E,Request [/ict/] is not a multipart request
05-23-2017 11:41:03.195,DEBUG,6F4BEF548B54868804894E924530F6DD,DispatcherServlet with name 'appServlet' processing GET request for [/ict/]
05-23-2017 11:41:03.195,DEBUG,6F4BEF548B54868804894E924530F6DD,Looking up handler method for path /
05-23-2017 11:41:03.195,DEBUG,6F4BEF548B54868804894E924530F6DD,Returning handler method [public java.lang.String vn.bananavietnam.ict.common.controller.AuthController.login()]
05-23-2017 11:41:03.195,DEBUG,6F4BEF548B54868804894E924530F6DD,Returning cached instance of singleton bean 'authController'
05-23-2017 11:41:03.195,DEBUG,6F4BEF548B54868804894E924530F6DD,Last-Modified value for [/ict/] is: -1
05-23-2017 11:41:03.195,DEBUG,6F4BEF548B54868804894E924530F6DD,Returning cached instance of singleton bean 'xml_path'
05-23-2017 11:41:03.195,DEBUG,6F4BEF548B54868804894E924530F6DD,Rendering view [org.springframework.web.servlet.view.JstlView: name 'common/PageWrapper'; URL [/WEB-INF/views/common/PageWrapper.jsp]] in DispatcherServlet with name 'appServlet'
05-23-2017 11:41:03.195,DEBUG,6F4BEF548B54868804894E924530F6DD,Forwarding to resource [/WEB-INF/views/common/PageWrapper.jsp] in InternalResourceView 'common/PageWrapper'
05-23-2017 11:41:03.196,DEBUG,6F4BEF548B54868804894E924530F6DD,SecurityContext is empty or contents are anonymous - context will not be stored in HttpSession.
05-23-2017 11:41:03.196,DEBUG,6F4BEF548B54868804894E924530F6DD,Successfully completed request
05-23-2017 11:41:03.196,DEBUG,6F4BEF548B54868804894E924530F6DD,Chain processed normally
05-23-2017 11:41:03.196,DEBUG,6F4BEF548B54868804894E924530F6DD,SecurityContextHolder now cleared, as request processing completed
05-23-2017 11:41:03.396,DEBUG,C72646C1DC2B71049BF7694ED3FBC87E,/login at position 1 of 11 in additional filter chain; firing Filter: 'SecurityContextPersistenceFilter'
05-23-2017 11:41:03.396,DEBUG,C72646C1DC2B71049BF7694ED3FBC87E,HttpSession returned null object for SPRING_SECURITY_CONTEXT
05-23-2017 11:41:03.396,DEBUG,C72646C1DC2B71049BF7694ED3FBC87E,No SecurityContext was available from the HttpSession: org.apache.catalina.session.StandardSessionFacade@df28f9. A new one will be created.
05-23-2017 11:41:03.397,DEBUG,C72646C1DC2B71049BF7694ED3FBC87E,/login at position 2 of 11 in additional filter chain; firing Filter: 'WebAsyncManagerIntegrationFilter'
05-23-2017 11:41:03.397,DEBUG,C72646C1DC2B71049BF7694ED3FBC87E,/login at position 3 of 11 in additional filter chain; firing Filter: 'LogoutFilter'
05-23-2017 11:41:03.397,DEBUG,C72646C1DC2B71049BF7694ED3FBC87E,Logging out user 'null' and transferring to logout destination
05-23-2017 11:41:03.397,DEBUG,C72646C1DC2B71049BF7694ED3FBC87E,Invalidating session: 6F4BEF548B54868804894E924530F6DD
05-23-2017 11:41:03.397,DEBUG,C72646C1DC2B71049BF7694ED3FBC87E,Using default Url: /
05-23-2017 11:41:03.397,DEBUG,C72646C1DC2B71049BF7694ED3FBC87E,Redirecting to '/ict/'
05-23-2017 11:41:03.397,DEBUG,C72646C1DC2B71049BF7694ED3FBC87E,SecurityContext is empty or contents are anonymous - context will not be stored in HttpSession.
05-23-2017 11:41:03.397,DEBUG,C72646C1DC2B71049BF7694ED3FBC87E,SecurityContextHolder now cleared, as request processing completed
05-23-2017 11:41:03.401,DEBUG,C72646C1DC2B71049BF7694ED3FBC87E,/ at position 1 of 11 in additional filter chain; firing Filter: 'SecurityContextPersistenceFilter'
05-23-2017 11:41:03.401,DEBUG,C72646C1DC2B71049BF7694ED3FBC87E,No HttpSession currently exists
05-23-2017 11:41:03.401,DEBUG,C72646C1DC2B71049BF7694ED3FBC87E,No SecurityContext was available from the HttpSession: null. A new one will be created.
05-23-2017 11:41:03.401,DEBUG,C72646C1DC2B71049BF7694ED3FBC87E,/ at position 2 of 11 in additional filter chain; firing Filter: 'WebAsyncManagerIntegrationFilter'
05-23-2017 11:41:03.401,DEBUG,C72646C1DC2B71049BF7694ED3FBC87E,/ at position 3 of 11 in additional filter chain; firing Filter: 'LogoutFilter'
05-23-2017 11:41:03.401,DEBUG,C72646C1DC2B71049BF7694ED3FBC87E,/ at position 4 of 11 in additional filter chain; firing Filter: 'UsernamePasswordAuthenticationFilter'
05-23-2017 11:41:03.401,DEBUG,C72646C1DC2B71049BF7694ED3FBC87E,/ at position 5 of 11 in additional filter chain; firing Filter: 'BasicAuthenticationFilter'
05-23-2017 11:41:03.402,DEBUG,C72646C1DC2B71049BF7694ED3FBC87E,/ at position 6 of 11 in additional filter chain; firing Filter: 'RequestCacheAwareFilter'
05-23-2017 11:41:03.402,DEBUG,C72646C1DC2B71049BF7694ED3FBC87E,/ at position 7 of 11 in additional filter chain; firing Filter: 'SecurityContextHolderAwareRequestFilter'
05-23-2017 11:41:03.402,DEBUG,C72646C1DC2B71049BF7694ED3FBC87E,/ at position 8 of 11 in additional filter chain; firing Filter: 'AnonymousAuthenticationFilter'
05-23-2017 11:41:03.402,DEBUG,C72646C1DC2B71049BF7694ED3FBC87E,Populated SecurityContextHolder with anonymous token: 'org.springframework.security.authentication.AnonymousAuthenticationToken@9055c2bc: Principal: anonymousUser; Credentials: [PROTECTED]; Authenticated: true; Details: org.springframework.security.web.authentication.WebAuthenticationDetails@b364: RemoteIpAddress: 0:0:0:0:0:0:0:1; SessionId: null; Granted Authorities: ROLE_ANONYMOUS'
05-23-2017 11:41:03.402,DEBUG,C72646C1DC2B71049BF7694ED3FBC87E,/ at position 9 of 11 in additional filter chain; firing Filter: 'SessionManagementFilter'
05-23-2017 11:41:03.402,DEBUG,C72646C1DC2B71049BF7694ED3FBC87E,Requested session ID 6F4BEF548B54868804894E924530F6DD is invalid.
05-23-2017 11:41:03.402,DEBUG,C72646C1DC2B71049BF7694ED3FBC87E,/ at position 10 of 11 in additional filter chain; firing Filter: 'ExceptionTranslationFilter'
05-23-2017 11:41:03.402,DEBUG,C72646C1DC2B71049BF7694ED3FBC87E,/ at position 11 of 11 in additional filter chain; firing Filter: 'FilterSecurityInterceptor'
05-23-2017 11:41:03.402,DEBUG,C72646C1DC2B71049BF7694ED3FBC87E,Checking match of request : '/'; against '/autherror*'
05-23-2017 11:41:03.402,DEBUG,C72646C1DC2B71049BF7694ED3FBC87E,Checking match of request : '/'; against '/login/**'
05-23-2017 11:41:03.402,DEBUG,C72646C1DC2B71049BF7694ED3FBC87E,Checking match of request : '/'; against '/error/**'
05-23-2017 11:41:03.402,DEBUG,C72646C1DC2B71049BF7694ED3FBC87E,Checking match of request : '/'; against '/0001/**'
05-23-2017 11:41:03.402,DEBUG,C72646C1DC2B71049BF7694ED3FBC87E,Checking match of request : '/'; against '/0002/**'
05-23-2017 11:41:03.402,DEBUG,C72646C1DC2B71049BF7694ED3FBC87E,Checking match of request : '/'; against '/0003/**'
05-23-2017 11:41:03.402,DEBUG,C72646C1DC2B71049BF7694ED3FBC87E,Checking match of request : '/'; against '/0005/**'
05-23-2017 11:41:03.402,DEBUG,C72646C1DC2B71049BF7694ED3FBC87E,Checking match of request : '/'; against '/0007/**'
05-23-2017 11:41:03.402,DEBUG,C72646C1DC2B71049BF7694ED3FBC87E,Checking match of request : '/'; against '/0009/**'
05-23-2017 11:41:03.402,DEBUG,C72646C1DC2B71049BF7694ED3FBC87E,Checking match of request : '/'; against '/0013/**'
05-23-2017 11:41:03.402,DEBUG,C72646C1DC2B71049BF7694ED3FBC87E,Checking match of request : '/'; against '/0023/**'
05-23-2017 11:41:03.402,DEBUG,C72646C1DC2B71049BF7694ED3FBC87E,Checking match of request : '/'; against '/0017/**'
05-23-2017 11:41:03.403,DEBUG,C72646C1DC2B71049BF7694ED3FBC87E,Checking match of request : '/'; against '/0031/**'
05-23-2017 11:41:03.403,DEBUG,C72646C1DC2B71049BF7694ED3FBC87E,Checking match of request : '/'; against '/0035/**'
05-23-2017 11:41:03.403,DEBUG,C72646C1DC2B71049BF7694ED3FBC87E,Checking match of request : '/'; against '/0037/**'
05-23-2017 11:41:03.403,DEBUG,C72646C1DC2B71049BF7694ED3FBC87E,Checking match of request : '/'; against '/0045/**'
05-23-2017 11:41:03.403,DEBUG,C72646C1DC2B71049BF7694ED3FBC87E,Checking match of request : '/'; against '/0047/**'
05-23-2017 11:41:03.403,DEBUG,C72646C1DC2B71049BF7694ED3FBC87E,Checking match of request : '/'; against '/0049/**'
05-23-2017 11:41:03.403,DEBUG,C72646C1DC2B71049BF7694ED3FBC87E,Checking match of request : '/'; against '/0061/**'
05-23-2017 11:41:03.403,DEBUG,C72646C1DC2B71049BF7694ED3FBC87E,Checking match of request : '/'; against '/0087/**'
05-23-2017 11:41:03.403,DEBUG,C72646C1DC2B71049BF7694ED3FBC87E,Checking match of request : '/'; against '/0075/**'
05-23-2017 11:41:03.403,DEBUG,C72646C1DC2B71049BF7694ED3FBC87E,Checking match of request : '/'; against '/0089/**'
05-23-2017 11:41:03.403,DEBUG,C72646C1DC2B71049BF7694ED3FBC87E,Checking match of request : '/'; against '/0090/**'
05-23-2017 11:41:03.403,DEBUG,C72646C1DC2B71049BF7694ED3FBC87E,Checking match of request : '/'; against '/0091/**'
05-23-2017 11:41:03.403,DEBUG,C72646C1DC2B71049BF7694ED3FBC87E,Checking match of request : '/'; against '/0092/**'
05-23-2017 11:41:03.403,DEBUG,C72646C1DC2B71049BF7694ED3FBC87E,Checking match of request : '/'; against '/0095/**'
05-23-2017 11:41:03.403,DEBUG,C72646C1DC2B71049BF7694ED3FBC87E,Secure object: FilterInvocation: URL: /; Attributes: [IS_AUTHENTICATED_ANONYMOUSLY]
05-23-2017 11:41:03.403,DEBUG,C72646C1DC2B71049BF7694ED3FBC87E,Previously Authenticated: org.springframework.security.authentication.AnonymousAuthenticationToken@9055c2bc: Principal: anonymousUser; Credentials: [PROTECTED]; Authenticated: true; Details: org.springframework.security.web.authentication.WebAuthenticationDetails@b364: RemoteIpAddress: 0:0:0:0:0:0:0:1; SessionId: null; Granted Authorities: ROLE_ANONYMOUS
05-23-2017 11:41:03.403,DEBUG,C72646C1DC2B71049BF7694ED3FBC87E,Voter: org.springframework.security.access.vote.RoleVoter@1ac872d, returned: 0
05-23-2017 11:41:03.403,DEBUG,C72646C1DC2B71049BF7694ED3FBC87E,Voter: org.springframework.security.access.vote.AuthenticatedVoter@b1927d, returned: 1
05-23-2017 11:41:03.403,DEBUG,C72646C1DC2B71049BF7694ED3FBC87E,Authorization successful
05-23-2017 11:41:03.403,DEBUG,C72646C1DC2B71049BF7694ED3FBC87E,RunAsManager did not change Authentication object
05-23-2017 11:41:03.403,DEBUG,C72646C1DC2B71049BF7694ED3FBC87E,/ reached end of additional filter chain; proceeding with original chain
05-23-2017 11:41:03.403,DEBUG,C72646C1DC2B71049BF7694ED3FBC87E,Request [/ict/] is not a multipart request
05-23-2017 11:41:03.404,DEBUG,499DD0575AEDEE9C32CA054A4B4CDCC4,DispatcherServlet with name 'appServlet' processing GET request for [/ict/]
05-23-2017 11:41:03.404,DEBUG,499DD0575AEDEE9C32CA054A4B4CDCC4,Looking up handler method for path /
05-23-2017 11:41:03.404,DEBUG,499DD0575AEDEE9C32CA054A4B4CDCC4,Returning handler method [public java.lang.String vn.bananavietnam.ict.common.controller.AuthController.login()]
05-23-2017 11:41:03.404,DEBUG,499DD0575AEDEE9C32CA054A4B4CDCC4,Returning cached instance of singleton bean 'authController'
05-23-2017 11:41:03.404,DEBUG,499DD0575AEDEE9C32CA054A4B4CDCC4,Last-Modified value for [/ict/] is: -1
05-23-2017 11:41:03.404,DEBUG,499DD0575AEDEE9C32CA054A4B4CDCC4,Returning cached instance of singleton bean 'xml_path'
05-23-2017 11:41:03.405,DEBUG,499DD0575AEDEE9C32CA054A4B4CDCC4,Rendering view [org.springframework.web.servlet.view.JstlView: name 'common/PageWrapper'; URL [/WEB-INF/views/common/PageWrapper.jsp]] in DispatcherServlet with name 'appServlet'
05-23-2017 11:41:03.405,DEBUG,499DD0575AEDEE9C32CA054A4B4CDCC4,Forwarding to resource [/WEB-INF/views/common/PageWrapper.jsp] in InternalResourceView 'common/PageWrapper'
05-23-2017 11:41:03.406,DEBUG,499DD0575AEDEE9C32CA054A4B4CDCC4,SecurityContext is empty or contents are anonymous - context will not be stored in HttpSession.
05-23-2017 11:41:03.406,DEBUG,499DD0575AEDEE9C32CA054A4B4CDCC4,Successfully completed request
05-23-2017 11:41:03.406,DEBUG,499DD0575AEDEE9C32CA054A4B4CDCC4,Chain processed normally
05-23-2017 11:41:03.406,DEBUG,499DD0575AEDEE9C32CA054A4B4CDCC4,SecurityContextHolder now cleared, as request processing completed
05-23-2017 11:41:03.423,DEBUG,C72646C1DC2B71049BF7694ED3FBC87E,/login/ at position 1 of 11 in additional filter chain; firing Filter: 'SecurityContextPersistenceFilter'
05-23-2017 11:41:03.423,DEBUG,C72646C1DC2B71049BF7694ED3FBC87E,HttpSession returned null object for SPRING_SECURITY_CONTEXT
05-23-2017 11:41:03.423,DEBUG,C72646C1DC2B71049BF7694ED3FBC87E,No SecurityContext was available from the HttpSession: org.apache.catalina.session.StandardSessionFacade@66678a. A new one will be created.
05-23-2017 11:41:03.424,DEBUG,C72646C1DC2B71049BF7694ED3FBC87E,/login/ at position 2 of 11 in additional filter chain; firing Filter: 'WebAsyncManagerIntegrationFilter'
05-23-2017 11:41:03.424,DEBUG,C72646C1DC2B71049BF7694ED3FBC87E,/login/ at position 3 of 11 in additional filter chain; firing Filter: 'LogoutFilter'
05-23-2017 11:41:03.424,DEBUG,C72646C1DC2B71049BF7694ED3FBC87E,/login/ at position 4 of 11 in additional filter chain; firing Filter: 'UsernamePasswordAuthenticationFilter'
05-23-2017 11:41:03.424,DEBUG,C72646C1DC2B71049BF7694ED3FBC87E,/login/ at position 5 of 11 in additional filter chain; firing Filter: 'BasicAuthenticationFilter'
05-23-2017 11:41:03.424,DEBUG,C72646C1DC2B71049BF7694ED3FBC87E,/login/ at position 6 of 11 in additional filter chain; firing Filter: 'RequestCacheAwareFilter'
05-23-2017 11:41:03.425,DEBUG,C72646C1DC2B71049BF7694ED3FBC87E,/login/ at position 7 of 11 in additional filter chain; firing Filter: 'SecurityContextHolderAwareRequestFilter'
05-23-2017 11:41:03.425,DEBUG,C72646C1DC2B71049BF7694ED3FBC87E,/login/ at position 8 of 11 in additional filter chain; firing Filter: 'AnonymousAuthenticationFilter'
05-23-2017 11:41:03.425,DEBUG,C72646C1DC2B71049BF7694ED3FBC87E,Populated SecurityContextHolder with anonymous token: 'org.springframework.security.authentication.AnonymousAuthenticationToken@905571d8: Principal: anonymousUser; Credentials: [PROTECTED]; Authenticated: true; Details: org.springframework.security.web.authentication.WebAuthenticationDetails@0: RemoteIpAddress: 0:0:0:0:0:0:0:1; SessionId: 499DD0575AEDEE9C32CA054A4B4CDCC4; Granted Authorities: ROLE_ANONYMOUS'
05-23-2017 11:41:03.425,DEBUG,C72646C1DC2B71049BF7694ED3FBC87E,/login/ at position 9 of 11 in additional filter chain; firing Filter: 'SessionManagementFilter'
05-23-2017 11:41:03.425,DEBUG,C72646C1DC2B71049BF7694ED3FBC87E,/login/ at position 10 of 11 in additional filter chain; firing Filter: 'ExceptionTranslationFilter'
05-23-2017 11:41:03.425,DEBUG,C72646C1DC2B71049BF7694ED3FBC87E,/login/ at position 11 of 11 in additional filter chain; firing Filter: 'FilterSecurityInterceptor'
05-23-2017 11:41:03.425,DEBUG,C72646C1DC2B71049BF7694ED3FBC87E,Checking match of request : '/login/'; against '/autherror*'
05-23-2017 11:41:03.425,DEBUG,C72646C1DC2B71049BF7694ED3FBC87E,Checking match of request : '/login/'; against '/login/**'
05-23-2017 11:41:03.425,DEBUG,C72646C1DC2B71049BF7694ED3FBC87E,Secure object: FilterInvocation: URL: /login/; Attributes: [IS_AUTHENTICATED_ANONYMOUSLY]
05-23-2017 11:41:03.425,DEBUG,C72646C1DC2B71049BF7694ED3FBC87E,Previously Authenticated: org.springframework.security.authentication.AnonymousAuthenticationToken@905571d8: Principal: anonymousUser; Credentials: [PROTECTED]; Authenticated: true; Details: org.springframework.security.web.authentication.WebAuthenticationDetails@0: RemoteIpAddress: 0:0:0:0:0:0:0:1; SessionId: 499DD0575AEDEE9C32CA054A4B4CDCC4; Granted Authorities: ROLE_ANONYMOUS
05-23-2017 11:41:03.425,DEBUG,C72646C1DC2B71049BF7694ED3FBC87E,Voter: org.springframework.security.access.vote.RoleVoter@1ac872d, returned: 0
05-23-2017 11:41:03.425,DEBUG,C72646C1DC2B71049BF7694ED3FBC87E,Voter: org.springframework.security.access.vote.AuthenticatedVoter@b1927d, returned: 1
05-23-2017 11:41:03.425,DEBUG,C72646C1DC2B71049BF7694ED3FBC87E,Authorization successful
05-23-2017 11:41:03.425,DEBUG,C72646C1DC2B71049BF7694ED3FBC87E,RunAsManager did not change Authentication object
05-23-2017 11:41:03.425,DEBUG,C72646C1DC2B71049BF7694ED3FBC87E,/login/ reached end of additional filter chain; proceeding with original chain
05-23-2017 11:41:03.425,DEBUG,C72646C1DC2B71049BF7694ED3FBC87E,Request [/ict/login/] is not a multipart request
05-23-2017 11:41:03.426,DEBUG,499DD0575AEDEE9C32CA054A4B4CDCC4,DispatcherServlet with name 'appServlet' processing GET request for [/ict/login/]
05-23-2017 11:41:03.426,DEBUG,499DD0575AEDEE9C32CA054A4B4CDCC4,Looking up handler method for path /login/
05-23-2017 11:41:03.426,DEBUG,499DD0575AEDEE9C32CA054A4B4CDCC4,Returning handler method [public java.lang.String vn.bananavietnam.ict.common.controller.LoginController.top(java.util.Locale,org.springframework.ui.Model)]
05-23-2017 11:41:03.426,DEBUG,499DD0575AEDEE9C32CA054A4B4CDCC4,Returning cached instance of singleton bean 'loginController'
05-23-2017 11:41:03.426,DEBUG,499DD0575AEDEE9C32CA054A4B4CDCC4,Last-Modified value for [/ict/login/] is: -1
05-23-2017 11:41:03.426,DEBUG,499DD0575AEDEE9C32CA054A4B4CDCC4,Returning cached instance of singleton bean 'xml_path'
05-23-2017 11:41:03.426,DEBUG,499DD0575AEDEE9C32CA054A4B4CDCC4,Rendering view [org.springframework.web.servlet.view.JstlView: name 'common/login'; URL [/WEB-INF/views/common/login.jsp]] in DispatcherServlet with name 'appServlet'
05-23-2017 11:41:03.427,DEBUG,499DD0575AEDEE9C32CA054A4B4CDCC4,Forwarding to resource [/WEB-INF/views/common/login.jsp] in InternalResourceView 'common/login'
05-23-2017 11:41:03.430,DEBUG,499DD0575AEDEE9C32CA054A4B4CDCC4,SecurityContext is empty or contents are anonymous - context will not be stored in HttpSession.
05-23-2017 11:41:03.431,DEBUG,499DD0575AEDEE9C32CA054A4B4CDCC4,Successfully completed request
05-23-2017 11:41:03.431,DEBUG,499DD0575AEDEE9C32CA054A4B4CDCC4,Chain processed normally
05-23-2017 11:41:03.431,DEBUG,499DD0575AEDEE9C32CA054A4B4CDCC4,SecurityContextHolder now cleared, as request processing completed
05-23-2017 11:41:04.813,DEBUG,C72646C1DC2B71049BF7694ED3FBC87E,/?language=jp at position 1 of 11 in additional filter chain; firing Filter: 'SecurityContextPersistenceFilter'
05-23-2017 11:41:04.813,DEBUG,C72646C1DC2B71049BF7694ED3FBC87E,HttpSession returned null object for SPRING_SECURITY_CONTEXT
05-23-2017 11:41:04.814,DEBUG,C72646C1DC2B71049BF7694ED3FBC87E,No SecurityContext was available from the HttpSession: org.apache.catalina.session.StandardSessionFacade@66678a. A new one will be created.
05-23-2017 11:41:04.814,DEBUG,C72646C1DC2B71049BF7694ED3FBC87E,/?language=jp at position 2 of 11 in additional filter chain; firing Filter: 'WebAsyncManagerIntegrationFilter'
05-23-2017 11:41:04.814,DEBUG,C72646C1DC2B71049BF7694ED3FBC87E,/?language=jp at position 3 of 11 in additional filter chain; firing Filter: 'LogoutFilter'
05-23-2017 11:41:04.814,DEBUG,C72646C1DC2B71049BF7694ED3FBC87E,/?language=jp at position 4 of 11 in additional filter chain; firing Filter: 'UsernamePasswordAuthenticationFilter'
05-23-2017 11:41:04.814,DEBUG,C72646C1DC2B71049BF7694ED3FBC87E,/?language=jp at position 5 of 11 in additional filter chain; firing Filter: 'BasicAuthenticationFilter'
05-23-2017 11:41:04.814,DEBUG,C72646C1DC2B71049BF7694ED3FBC87E,/?language=jp at position 6 of 11 in additional filter chain; firing Filter: 'RequestCacheAwareFilter'
05-23-2017 11:41:04.814,DEBUG,C72646C1DC2B71049BF7694ED3FBC87E,/?language=jp at position 7 of 11 in additional filter chain; firing Filter: 'SecurityContextHolderAwareRequestFilter'
05-23-2017 11:41:04.814,DEBUG,C72646C1DC2B71049BF7694ED3FBC87E,/?language=jp at position 8 of 11 in additional filter chain; firing Filter: 'AnonymousAuthenticationFilter'
05-23-2017 11:41:04.814,DEBUG,C72646C1DC2B71049BF7694ED3FBC87E,Populated SecurityContextHolder with anonymous token: 'org.springframework.security.authentication.AnonymousAuthenticationToken@905571d8: Principal: anonymousUser; Credentials: [PROTECTED]; Authenticated: true; Details: org.springframework.security.web.authentication.WebAuthenticationDetails@0: RemoteIpAddress: 0:0:0:0:0:0:0:1; SessionId: 499DD0575AEDEE9C32CA054A4B4CDCC4; Granted Authorities: ROLE_ANONYMOUS'
05-23-2017 11:41:04.815,DEBUG,C72646C1DC2B71049BF7694ED3FBC87E,/?language=jp at position 9 of 11 in additional filter chain; firing Filter: 'SessionManagementFilter'
05-23-2017 11:41:04.815,DEBUG,C72646C1DC2B71049BF7694ED3FBC87E,/?language=jp at position 10 of 11 in additional filter chain; firing Filter: 'ExceptionTranslationFilter'
05-23-2017 11:41:04.815,DEBUG,C72646C1DC2B71049BF7694ED3FBC87E,/?language=jp at position 11 of 11 in additional filter chain; firing Filter: 'FilterSecurityInterceptor'
05-23-2017 11:41:04.815,DEBUG,C72646C1DC2B71049BF7694ED3FBC87E,Checking match of request : '/'; against '/autherror*'
05-23-2017 11:41:04.815,DEBUG,C72646C1DC2B71049BF7694ED3FBC87E,Checking match of request : '/'; against '/login/**'
05-23-2017 11:41:04.815,DEBUG,C72646C1DC2B71049BF7694ED3FBC87E,Checking match of request : '/'; against '/error/**'
05-23-2017 11:41:04.815,DEBUG,C72646C1DC2B71049BF7694ED3FBC87E,Checking match of request : '/'; against '/0001/**'
05-23-2017 11:41:04.815,DEBUG,C72646C1DC2B71049BF7694ED3FBC87E,Checking match of request : '/'; against '/0002/**'
05-23-2017 11:41:04.815,DEBUG,C72646C1DC2B71049BF7694ED3FBC87E,Checking match of request : '/'; against '/0003/**'
05-23-2017 11:41:04.815,DEBUG,C72646C1DC2B71049BF7694ED3FBC87E,Checking match of request : '/'; against '/0005/**'
05-23-2017 11:41:04.815,DEBUG,C72646C1DC2B71049BF7694ED3FBC87E,Checking match of request : '/'; against '/0007/**'
05-23-2017 11:41:04.815,DEBUG,C72646C1DC2B71049BF7694ED3FBC87E,Checking match of request : '/'; against '/0009/**'
05-23-2017 11:41:04.815,DEBUG,C72646C1DC2B71049BF7694ED3FBC87E,Checking match of request : '/'; against '/0013/**'
05-23-2017 11:41:04.815,DEBUG,C72646C1DC2B71049BF7694ED3FBC87E,Checking match of request : '/'; against '/0023/**'
05-23-2017 11:41:04.816,DEBUG,C72646C1DC2B71049BF7694ED3FBC87E,Checking match of request : '/'; against '/0017/**'
05-23-2017 11:41:04.816,DEBUG,C72646C1DC2B71049BF7694ED3FBC87E,Checking match of request : '/'; against '/0031/**'
05-23-2017 11:41:04.816,DEBUG,C72646C1DC2B71049BF7694ED3FBC87E,Checking match of request : '/'; against '/0035/**'
05-23-2017 11:41:04.816,DEBUG,C72646C1DC2B71049BF7694ED3FBC87E,Checking match of request : '/'; against '/0037/**'
05-23-2017 11:41:04.816,DEBUG,C72646C1DC2B71049BF7694ED3FBC87E,Checking match of request : '/'; against '/0045/**'
05-23-2017 11:41:04.816,DEBUG,C72646C1DC2B71049BF7694ED3FBC87E,Checking match of request : '/'; against '/0047/**'
05-23-2017 11:41:04.816,DEBUG,C72646C1DC2B71049BF7694ED3FBC87E,Checking match of request : '/'; against '/0049/**'
05-23-2017 11:41:04.816,DEBUG,C72646C1DC2B71049BF7694ED3FBC87E,Checking match of request : '/'; against '/0061/**'
05-23-2017 11:41:04.816,DEBUG,C72646C1DC2B71049BF7694ED3FBC87E,Checking match of request : '/'; against '/0087/**'
05-23-2017 11:41:04.816,DEBUG,C72646C1DC2B71049BF7694ED3FBC87E,Checking match of request : '/'; against '/0075/**'
05-23-2017 11:41:04.816,DEBUG,C72646C1DC2B71049BF7694ED3FBC87E,Checking match of request : '/'; against '/0089/**'
05-23-2017 11:41:04.816,DEBUG,C72646C1DC2B71049BF7694ED3FBC87E,Checking match of request : '/'; against '/0090/**'
05-23-2017 11:41:04.816,DEBUG,C72646C1DC2B71049BF7694ED3FBC87E,Checking match of request : '/'; against '/0091/**'
05-23-2017 11:41:04.816,DEBUG,C72646C1DC2B71049BF7694ED3FBC87E,Checking match of request : '/'; against '/0092/**'
05-23-2017 11:41:04.816,DEBUG,C72646C1DC2B71049BF7694ED3FBC87E,Checking match of request : '/'; against '/0095/**'
05-23-2017 11:41:04.816,DEBUG,C72646C1DC2B71049BF7694ED3FBC87E,Secure object: FilterInvocation: URL: /?language=jp; Attributes: [IS_AUTHENTICATED_ANONYMOUSLY]
05-23-2017 11:41:04.816,DEBUG,C72646C1DC2B71049BF7694ED3FBC87E,Previously Authenticated: org.springframework.security.authentication.AnonymousAuthenticationToken@905571d8: Principal: anonymousUser; Credentials: [PROTECTED]; Authenticated: true; Details: org.springframework.security.web.authentication.WebAuthenticationDetails@0: RemoteIpAddress: 0:0:0:0:0:0:0:1; SessionId: 499DD0575AEDEE9C32CA054A4B4CDCC4; Granted Authorities: ROLE_ANONYMOUS
05-23-2017 11:41:04.816,DEBUG,C72646C1DC2B71049BF7694ED3FBC87E,Voter: org.springframework.security.access.vote.RoleVoter@1ac872d, returned: 0
05-23-2017 11:41:04.817,DEBUG,C72646C1DC2B71049BF7694ED3FBC87E,Voter: org.springframework.security.access.vote.AuthenticatedVoter@b1927d, returned: 1
05-23-2017 11:41:04.817,DEBUG,C72646C1DC2B71049BF7694ED3FBC87E,Authorization successful
05-23-2017 11:41:04.817,DEBUG,C72646C1DC2B71049BF7694ED3FBC87E,RunAsManager did not change Authentication object
05-23-2017 11:41:04.817,DEBUG,C72646C1DC2B71049BF7694ED3FBC87E,/?language=jp reached end of additional filter chain; proceeding with original chain
05-23-2017 11:41:04.817,DEBUG,C72646C1DC2B71049BF7694ED3FBC87E,Request [/ict/] is not a multipart request
05-23-2017 11:41:04.817,DEBUG,499DD0575AEDEE9C32CA054A4B4CDCC4,DispatcherServlet with name 'appServlet' processing GET request for [/ict/]
05-23-2017 11:41:04.817,DEBUG,499DD0575AEDEE9C32CA054A4B4CDCC4,Looking up handler method for path /
05-23-2017 11:41:04.817,DEBUG,499DD0575AEDEE9C32CA054A4B4CDCC4,Returning handler method [public java.lang.String vn.bananavietnam.ict.common.controller.AuthController.login()]
05-23-2017 11:41:04.818,DEBUG,499DD0575AEDEE9C32CA054A4B4CDCC4,Returning cached instance of singleton bean 'authController'
05-23-2017 11:41:04.818,DEBUG,499DD0575AEDEE9C32CA054A4B4CDCC4,Last-Modified value for [/ict/] is: -1
05-23-2017 11:41:04.818,DEBUG,499DD0575AEDEE9C32CA054A4B4CDCC4,Returning cached instance of singleton bean 'xml_path'
05-23-2017 11:41:04.819,DEBUG,499DD0575AEDEE9C32CA054A4B4CDCC4,Rendering view [org.springframework.web.servlet.view.JstlView: name 'common/PageWrapper'; URL [/WEB-INF/views/common/PageWrapper.jsp]] in DispatcherServlet with name 'appServlet'
05-23-2017 11:41:04.819,DEBUG,499DD0575AEDEE9C32CA054A4B4CDCC4,Forwarding to resource [/WEB-INF/views/common/PageWrapper.jsp] in InternalResourceView 'common/PageWrapper'
05-23-2017 11:41:04.820,DEBUG,499DD0575AEDEE9C32CA054A4B4CDCC4,SecurityContext is empty or contents are anonymous - context will not be stored in HttpSession.
05-23-2017 11:41:04.820,DEBUG,499DD0575AEDEE9C32CA054A4B4CDCC4,Successfully completed request
05-23-2017 11:41:04.821,DEBUG,499DD0575AEDEE9C32CA054A4B4CDCC4,Chain processed normally
05-23-2017 11:41:04.821,DEBUG,499DD0575AEDEE9C32CA054A4B4CDCC4,SecurityContextHolder now cleared, as request processing completed
05-23-2017 11:41:04.838,DEBUG,C72646C1DC2B71049BF7694ED3FBC87E,/login/ at position 1 of 11 in additional filter chain; firing Filter: 'SecurityContextPersistenceFilter'
05-23-2017 11:41:04.838,DEBUG,C72646C1DC2B71049BF7694ED3FBC87E,HttpSession returned null object for SPRING_SECURITY_CONTEXT
05-23-2017 11:41:04.838,DEBUG,C72646C1DC2B71049BF7694ED3FBC87E,No SecurityContext was available from the HttpSession: org.apache.catalina.session.StandardSessionFacade@66678a. A new one will be created.
05-23-2017 11:41:04.838,DEBUG,C72646C1DC2B71049BF7694ED3FBC87E,/login/ at position 2 of 11 in additional filter chain; firing Filter: 'WebAsyncManagerIntegrationFilter'
05-23-2017 11:41:04.838,DEBUG,C72646C1DC2B71049BF7694ED3FBC87E,/login/ at position 3 of 11 in additional filter chain; firing Filter: 'LogoutFilter'
05-23-2017 11:41:04.838,DEBUG,C72646C1DC2B71049BF7694ED3FBC87E,/login/ at position 4 of 11 in additional filter chain; firing Filter: 'UsernamePasswordAuthenticationFilter'
05-23-2017 11:41:04.838,DEBUG,C72646C1DC2B71049BF7694ED3FBC87E,/login/ at position 5 of 11 in additional filter chain; firing Filter: 'BasicAuthenticationFilter'
05-23-2017 11:41:04.838,DEBUG,C72646C1DC2B71049BF7694ED3FBC87E,/login/ at position 6 of 11 in additional filter chain; firing Filter: 'RequestCacheAwareFilter'
05-23-2017 11:41:04.839,DEBUG,C72646C1DC2B71049BF7694ED3FBC87E,/login/ at position 7 of 11 in additional filter chain; firing Filter: 'SecurityContextHolderAwareRequestFilter'
05-23-2017 11:41:04.839,DEBUG,C72646C1DC2B71049BF7694ED3FBC87E,/login/ at position 8 of 11 in additional filter chain; firing Filter: 'AnonymousAuthenticationFilter'
05-23-2017 11:41:04.839,DEBUG,C72646C1DC2B71049BF7694ED3FBC87E,Populated SecurityContextHolder with anonymous token: 'org.springframework.security.authentication.AnonymousAuthenticationToken@905571d8: Principal: anonymousUser; Credentials: [PROTECTED]; Authenticated: true; Details: org.springframework.security.web.authentication.WebAuthenticationDetails@0: RemoteIpAddress: 0:0:0:0:0:0:0:1; SessionId: 499DD0575AEDEE9C32CA054A4B4CDCC4; Granted Authorities: ROLE_ANONYMOUS'
05-23-2017 11:41:04.839,DEBUG,C72646C1DC2B71049BF7694ED3FBC87E,/login/ at position 9 of 11 in additional filter chain; firing Filter: 'SessionManagementFilter'
05-23-2017 11:41:04.839,DEBUG,C72646C1DC2B71049BF7694ED3FBC87E,/login/ at position 10 of 11 in additional filter chain; firing Filter: 'ExceptionTranslationFilter'
05-23-2017 11:41:04.839,DEBUG,C72646C1DC2B71049BF7694ED3FBC87E,/login/ at position 11 of 11 in additional filter chain; firing Filter: 'FilterSecurityInterceptor'
05-23-2017 11:41:04.839,DEBUG,C72646C1DC2B71049BF7694ED3FBC87E,Checking match of request : '/login/'; against '/autherror*'
05-23-2017 11:41:04.840,DEBUG,C72646C1DC2B71049BF7694ED3FBC87E,Checking match of request : '/login/'; against '/login/**'
05-23-2017 11:41:04.840,DEBUG,C72646C1DC2B71049BF7694ED3FBC87E,Secure object: FilterInvocation: URL: /login/; Attributes: [IS_AUTHENTICATED_ANONYMOUSLY]
05-23-2017 11:41:04.840,DEBUG,C72646C1DC2B71049BF7694ED3FBC87E,Previously Authenticated: org.springframework.security.authentication.AnonymousAuthenticationToken@905571d8: Principal: anonymousUser; Credentials: [PROTECTED]; Authenticated: true; Details: org.springframework.security.web.authentication.WebAuthenticationDetails@0: RemoteIpAddress: 0:0:0:0:0:0:0:1; SessionId: 499DD0575AEDEE9C32CA054A4B4CDCC4; Granted Authorities: ROLE_ANONYMOUS
05-23-2017 11:41:04.840,DEBUG,C72646C1DC2B71049BF7694ED3FBC87E,Voter: org.springframework.security.access.vote.RoleVoter@1ac872d, returned: 0
05-23-2017 11:41:04.840,DEBUG,C72646C1DC2B71049BF7694ED3FBC87E,Voter: org.springframework.security.access.vote.AuthenticatedVoter@b1927d, returned: 1
05-23-2017 11:41:04.840,DEBUG,C72646C1DC2B71049BF7694ED3FBC87E,Authorization successful
05-23-2017 11:41:04.840,DEBUG,C72646C1DC2B71049BF7694ED3FBC87E,RunAsManager did not change Authentication object
05-23-2017 11:41:04.840,DEBUG,C72646C1DC2B71049BF7694ED3FBC87E,/login/ reached end of additional filter chain; proceeding with original chain
05-23-2017 11:41:04.840,DEBUG,C72646C1DC2B71049BF7694ED3FBC87E,Request [/ict/login/] is not a multipart request
05-23-2017 11:41:04.840,DEBUG,499DD0575AEDEE9C32CA054A4B4CDCC4,DispatcherServlet with name 'appServlet' processing GET request for [/ict/login/]
05-23-2017 11:41:04.840,DEBUG,499DD0575AEDEE9C32CA054A4B4CDCC4,Looking up handler method for path /login/
05-23-2017 11:41:04.840,DEBUG,499DD0575AEDEE9C32CA054A4B4CDCC4,Returning handler method [public java.lang.String vn.bananavietnam.ict.common.controller.LoginController.top(java.util.Locale,org.springframework.ui.Model)]
05-23-2017 11:41:04.840,DEBUG,499DD0575AEDEE9C32CA054A4B4CDCC4,Returning cached instance of singleton bean 'loginController'
05-23-2017 11:41:04.841,DEBUG,499DD0575AEDEE9C32CA054A4B4CDCC4,Last-Modified value for [/ict/login/] is: -1
05-23-2017 11:41:04.841,DEBUG,499DD0575AEDEE9C32CA054A4B4CDCC4,Returning cached instance of singleton bean 'xml_path'
05-23-2017 11:41:04.841,DEBUG,499DD0575AEDEE9C32CA054A4B4CDCC4,Rendering view [org.springframework.web.servlet.view.JstlView: name 'common/login'; URL [/WEB-INF/views/common/login.jsp]] in DispatcherServlet with name 'appServlet'
05-23-2017 11:41:04.841,DEBUG,499DD0575AEDEE9C32CA054A4B4CDCC4,Forwarding to resource [/WEB-INF/views/common/login.jsp] in InternalResourceView 'common/login'
05-23-2017 11:41:04.844,DEBUG,499DD0575AEDEE9C32CA054A4B4CDCC4,SecurityContext is empty or contents are anonymous - context will not be stored in HttpSession.
05-23-2017 11:41:04.845,DEBUG,499DD0575AEDEE9C32CA054A4B4CDCC4,Successfully completed request
05-23-2017 11:41:04.845,DEBUG,499DD0575AEDEE9C32CA054A4B4CDCC4,Chain processed normally
05-23-2017 11:41:04.845,DEBUG,499DD0575AEDEE9C32CA054A4B4CDCC4,SecurityContextHolder now cleared, as request processing completed
05-23-2017 11:41:09.232,DEBUG,C72646C1DC2B71049BF7694ED3FBC87E,/j_spring_security_check at position 1 of 11 in additional filter chain; firing Filter: 'SecurityContextPersistenceFilter'
05-23-2017 11:41:09.232,DEBUG,C72646C1DC2B71049BF7694ED3FBC87E,HttpSession returned null object for SPRING_SECURITY_CONTEXT
05-23-2017 11:41:09.233,DEBUG,C72646C1DC2B71049BF7694ED3FBC87E,No SecurityContext was available from the HttpSession: org.apache.catalina.session.StandardSessionFacade@66678a. A new one will be created.
05-23-2017 11:41:09.233,DEBUG,C72646C1DC2B71049BF7694ED3FBC87E,/j_spring_security_check at position 2 of 11 in additional filter chain; firing Filter: 'WebAsyncManagerIntegrationFilter'
05-23-2017 11:41:09.233,DEBUG,C72646C1DC2B71049BF7694ED3FBC87E,/j_spring_security_check at position 3 of 11 in additional filter chain; firing Filter: 'LogoutFilter'
05-23-2017 11:41:09.233,DEBUG,C72646C1DC2B71049BF7694ED3FBC87E,/j_spring_security_check at position 4 of 11 in additional filter chain; firing Filter: 'UsernamePasswordAuthenticationFilter'
05-23-2017 11:41:09.233,DEBUG,C72646C1DC2B71049BF7694ED3FBC87E,Request is to process authentication
05-23-2017 11:41:09.233,DEBUG,C72646C1DC2B71049BF7694ED3FBC87E,Authentication attempt using org.springframework.security.authentication.dao.DaoAuthenticationProvider
05-23-2017 11:41:09.233,DEBUG,C72646C1DC2B71049BF7694ED3FBC87E,Executing prepared SQL query
05-23-2017 11:41:09.233,DEBUG,C72646C1DC2B71049BF7694ED3FBC87E,Executing prepared SQL statement [select users_authorization.usersId as id,                users_authorization.usersName as username,                      users_authorization.usersPassword as password,                      users_authorization.usersFullName as userfullname,                      1 as enabled,                      CASE                       WHEN users_authorization.authorizationTypeId IS NULL THEN '0'                          ELSE users_authorization.authorizationTypeId                      END as roleid,                      CASE                 WHEN access.SCREEN_DISPLAY_ENABLE_FLAG IS NULL THEN '0'                 ELSE access.SCREEN_DISPLAY_ENABLE_FLAG                END as roledisplay,                      CASE                 WHEN access.ADDABLE_FLAG IS NULL THEN '0'                 ELSE access.ADDABLE_FLAG                END as roleadd,                      CASE                 WHEN access.UPDATABLE_FLAG IS NULL THEN '0'                 ELSE access.UPDATABLE_FLAG                END as roleupdate,                      CASE                 WHEN access.DELETABLE_FLAG IS NULL THEN '0'                 ELSE access.DELETABLE_FLAG                END as roledelete,                      CASE                 WHEN access.REFERENCE_FLAG IS NULL THEN '0'                 ELSE access.REFERENCE_FLAG                END as rolereference,                       access.SCREEN_ID as screenid              from (select users_manager.usersId,                 users_manager.usersName,                 users_manager.usersPassword,                 users_manager.usersFullName,                 users_manager.authorizationTypeId,                 authorization.AUTHORIZATION_TYPE_NAME authorizationTypeName,                 authorization.ACCESS_AUTHORITY_ID accessAuthorityId               from (select users.USERS_ID usersId,                  users.USERS_ID usersName,                  users.PASSWORD usersPassword,                  users.USERS_NAME usersFullName,                  manager.AUTHORIZATION_TYPE_ID authorizationTypeId                from IVB_M_USERS users                left join IVB_M_MANAGER manager                 on users.USERS_ID = manager.USERS_ID                 and manager.DELETE_FLAG = '0'                where users.USERS_ID = ?                 and users.DELETE_FLAG = '0'                ) users_manager               left join IVB_M_AUTHORIZATION authorization                on users_manager.authorizationTypeId = authorization.AUTHORIZATION_TYPE_ID                   and authorization.DELETE_FLAG = '0'                  ) users_authorization              left join IVB_M_ACCESS_AUTHORIZATION access               on users_authorization.accessAuthorityId = access.ACCESS_AUTHORITY_ID                  and access.DELETE_FLAG = '0']
05-23-2017 11:41:09.233,DEBUG,C72646C1DC2B71049BF7694ED3FBC87E,Fetching JDBC Connection from DataSource
05-23-2017 11:41:09.233,DEBUG,C72646C1DC2B71049BF7694ED3FBC87E,Creating new JDBC DriverManager Connection to [jdbc:mysql://172.16.0.175:3306/BANANA_DB_HUNG_SELENIUM?useUnicode=yes&characterEncoding=UTF-8&autoReconnect=true]
05-23-2017 11:41:09.254,DEBUG,C72646C1DC2B71049BF7694ED3FBC87E,Returning JDBC Connection to DataSource
05-23-2017 11:41:09.255,DEBUG,C72646C1DC2B71049BF7694ED3FBC87E,Executing prepared SQL query
05-23-2017 11:41:09.255,DEBUG,C72646C1DC2B71049BF7694ED3FBC87E,Executing prepared SQL statement [select distinct users.USERS_ID,                  CASE                   WHEN manager.AUTHORIZATION_TYPE_ID IS NULL THEN '0'                   ELSE manager.AUTHORIZATION_TYPE_ID                  END as AUTHORIZATION_TYPE_ID               from IVB_M_USERS users               left join IVB_M_MANAGER manager                on users.USERS_ID = manager.USERS_ID                and manager.DELETE_FLAG = '0'               where users.USERS_ID = ?                and users.DELETE_FLAG = '0']
05-23-2017 11:41:09.255,DEBUG,C72646C1DC2B71049BF7694ED3FBC87E,Fetching JDBC Connection from DataSource
05-23-2017 11:41:09.255,DEBUG,C72646C1DC2B71049BF7694ED3FBC87E,Creating new JDBC DriverManager Connection to [jdbc:mysql://172.16.0.175:3306/BANANA_DB_HUNG_SELENIUM?useUnicode=yes&characterEncoding=UTF-8&autoReconnect=true]
05-23-2017 11:41:09.273,DEBUG,C72646C1DC2B71049BF7694ED3FBC87E,Returning JDBC Connection to DataSource
05-23-2017 11:41:09.274,DEBUG,C72646C1DC2B71049BF7694ED3FBC87E,Delegating to org.springframework.security.web.authentication.session.ChangeSessionIdAuthenticationStrategy@99fddf
05-23-2017 11:41:09.274,DEBUG,C72646C1DC2B71049BF7694ED3FBC87E,Authentication success. Updating SecurityContextHolder to contain: org.springframework.security.authentication.UsernamePasswordAuthenticationToken@3b6f87e3: Principal: vn.bananavietnam.ict.common.auth.MyUser@c4907816: Username: U0000000001; Password: [PROTECTED]; Enabled: true; AccountNonExpired: true; credentialsNonExpired: true; AccountNonLocked: true; Granted Authorities: 1; Credentials: [PROTECTED]; Authenticated: true; Details: org.springframework.security.web.authentication.WebAuthenticationDetails@0: RemoteIpAddress: 0:0:0:0:0:0:0:1; SessionId: 499DD0575AEDEE9C32CA054A4B4CDCC4; Granted Authorities: 1
05-23-2017 11:41:09.274,DEBUG,C72646C1DC2B71049BF7694ED3FBC87E,SecurityContext stored to HttpSession: 'org.springframework.security.core.context.SecurityContextImpl@3b6f87e3: Authentication: org.springframework.security.authentication.UsernamePasswordAuthenticationToken@3b6f87e3: Principal: vn.bananavietnam.ict.common.auth.MyUser@c4907816: Username: U0000000001; Password: [PROTECTED]; Enabled: true; AccountNonExpired: true; credentialsNonExpired: true; AccountNonLocked: true; Granted Authorities: 1; Credentials: [PROTECTED]; Authenticated: true; Details: org.springframework.security.web.authentication.WebAuthenticationDetails@0: RemoteIpAddress: 0:0:0:0:0:0:0:1; SessionId: 499DD0575AEDEE9C32CA054A4B4CDCC4; Granted Authorities: 1'
05-23-2017 11:41:09.274,DEBUG,C72646C1DC2B71049BF7694ED3FBC87E,SecurityContextHolder now cleared, as request processing completed
05-23-2017 11:41:09.280,DEBUG,C72646C1DC2B71049BF7694ED3FBC87E,/0001/ at position 1 of 11 in additional filter chain; firing Filter: 'SecurityContextPersistenceFilter'
05-23-2017 11:41:09.280,DEBUG,C72646C1DC2B71049BF7694ED3FBC87E,Obtained a valid SecurityContext from SPRING_SECURITY_CONTEXT: 'org.springframework.security.core.context.SecurityContextImpl@3b6f87e3: Authentication: org.springframework.security.authentication.UsernamePasswordAuthenticationToken@3b6f87e3: Principal: vn.bananavietnam.ict.common.auth.MyUser@c4907816: Username: U0000000001; Password: [PROTECTED]; Enabled: true; AccountNonExpired: true; credentialsNonExpired: true; AccountNonLocked: true; Granted Authorities: 1; Credentials: [PROTECTED]; Authenticated: true; Details: org.springframework.security.web.authentication.WebAuthenticationDetails@0: RemoteIpAddress: 0:0:0:0:0:0:0:1; SessionId: 499DD0575AEDEE9C32CA054A4B4CDCC4; Granted Authorities: 1'
05-23-2017 11:41:09.280,DEBUG,C72646C1DC2B71049BF7694ED3FBC87E,/0001/ at position 2 of 11 in additional filter chain; firing Filter: 'WebAsyncManagerIntegrationFilter'
05-23-2017 11:41:09.280,DEBUG,C72646C1DC2B71049BF7694ED3FBC87E,/0001/ at position 3 of 11 in additional filter chain; firing Filter: 'LogoutFilter'
05-23-2017 11:41:09.280,DEBUG,C72646C1DC2B71049BF7694ED3FBC87E,/0001/ at position 4 of 11 in additional filter chain; firing Filter: 'UsernamePasswordAuthenticationFilter'
05-23-2017 11:41:09.280,DEBUG,C72646C1DC2B71049BF7694ED3FBC87E,/0001/ at position 5 of 11 in additional filter chain; firing Filter: 'BasicAuthenticationFilter'
05-23-2017 11:41:09.280,DEBUG,C72646C1DC2B71049BF7694ED3FBC87E,/0001/ at position 6 of 11 in additional filter chain; firing Filter: 'RequestCacheAwareFilter'
05-23-2017 11:41:09.280,DEBUG,C72646C1DC2B71049BF7694ED3FBC87E,/0001/ at position 7 of 11 in additional filter chain; firing Filter: 'SecurityContextHolderAwareRequestFilter'
05-23-2017 11:41:09.280,DEBUG,C72646C1DC2B71049BF7694ED3FBC87E,/0001/ at position 8 of 11 in additional filter chain; firing Filter: 'AnonymousAuthenticationFilter'
05-23-2017 11:41:09.280,DEBUG,C72646C1DC2B71049BF7694ED3FBC87E,SecurityContextHolder not populated with anonymous token, as it already contained: 'org.springframework.security.authentication.UsernamePasswordAuthenticationToken@3b6f87e3: Principal: vn.bananavietnam.ict.common.auth.MyUser@c4907816: Username: U0000000001; Password: [PROTECTED]; Enabled: true; AccountNonExpired: true; credentialsNonExpired: true; AccountNonLocked: true; Granted Authorities: 1; Credentials: [PROTECTED]; Authenticated: true; Details: org.springframework.security.web.authentication.WebAuthenticationDetails@0: RemoteIpAddress: 0:0:0:0:0:0:0:1; SessionId: 499DD0575AEDEE9C32CA054A4B4CDCC4; Granted Authorities: 1'
05-23-2017 11:41:09.280,DEBUG,C72646C1DC2B71049BF7694ED3FBC87E,/0001/ at position 9 of 11 in additional filter chain; firing Filter: 'SessionManagementFilter'
05-23-2017 11:41:09.280,DEBUG,C72646C1DC2B71049BF7694ED3FBC87E,/0001/ at position 10 of 11 in additional filter chain; firing Filter: 'ExceptionTranslationFilter'
05-23-2017 11:41:09.280,DEBUG,C72646C1DC2B71049BF7694ED3FBC87E,/0001/ at position 11 of 11 in additional filter chain; firing Filter: 'FilterSecurityInterceptor'
05-23-2017 11:41:09.280,DEBUG,C72646C1DC2B71049BF7694ED3FBC87E,Checking match of request : '/0001/'; against '/autherror*'
05-23-2017 11:41:09.280,DEBUG,C72646C1DC2B71049BF7694ED3FBC87E,Checking match of request : '/0001/'; against '/login/**'
05-23-2017 11:41:09.280,DEBUG,C72646C1DC2B71049BF7694ED3FBC87E,Checking match of request : '/0001/'; against '/error/**'
05-23-2017 11:41:09.280,DEBUG,C72646C1DC2B71049BF7694ED3FBC87E,Checking match of request : '/0001/'; against '/0001/**'
05-23-2017 11:41:09.280,DEBUG,C72646C1DC2B71049BF7694ED3FBC87E,Secure object: FilterInvocation: URL: /0001/; Attributes: [ROLE_ADMIN, ROLE_USER, IS_AUTHENTICATED_FULLY]
05-23-2017 11:41:09.280,DEBUG,C72646C1DC2B71049BF7694ED3FBC87E,Previously Authenticated: org.springframework.security.authentication.UsernamePasswordAuthenticationToken@3b6f87e3: Principal: vn.bananavietnam.ict.common.auth.MyUser@c4907816: Username: U0000000001; Password: [PROTECTED]; Enabled: true; AccountNonExpired: true; credentialsNonExpired: true; AccountNonLocked: true; Granted Authorities: 1; Credentials: [PROTECTED]; Authenticated: true; Details: org.springframework.security.web.authentication.WebAuthenticationDetails@0: RemoteIpAddress: 0:0:0:0:0:0:0:1; SessionId: 499DD0575AEDEE9C32CA054A4B4CDCC4; Granted Authorities: 1
05-23-2017 11:41:09.280,DEBUG,C72646C1DC2B71049BF7694ED3FBC87E,Voter: org.springframework.security.access.vote.RoleVoter@1ac872d, returned: -1
05-23-2017 11:41:09.280,DEBUG,C72646C1DC2B71049BF7694ED3FBC87E,Voter: org.springframework.security.access.vote.AuthenticatedVoter@b1927d, returned: 1
05-23-2017 11:41:09.280,DEBUG,C72646C1DC2B71049BF7694ED3FBC87E,Authorization successful
05-23-2017 11:41:09.280,DEBUG,C72646C1DC2B71049BF7694ED3FBC87E,RunAsManager did not change Authentication object
05-23-2017 11:41:09.281,DEBUG,C72646C1DC2B71049BF7694ED3FBC87E,/0001/ reached end of additional filter chain; proceeding with original chain
05-23-2017 11:41:09.281,DEBUG,C72646C1DC2B71049BF7694ED3FBC87E,Request [/ict/0001/] is not a multipart request
05-23-2017 11:41:09.281,DEBUG,21BDCEE20C50FAE61489E458C01F2657,DispatcherServlet with name 'appServlet' processing GET request for [/ict/0001/]
05-23-2017 11:41:09.281,DEBUG,21BDCEE20C50FAE61489E458C01F2657,Looking up handler method for path /0001/
05-23-2017 11:41:09.281,DEBUG,21BDCEE20C50FAE61489E458C01F2657,Returning handler method [public java.lang.String vn.bananavietnam.ict.banana.controller.Bnn0001BananaMenuController.top(javax.servlet.http.HttpServletRequest,java.util.Locale,org.springframework.ui.Model)]
05-23-2017 11:41:09.281,DEBUG,21BDCEE20C50FAE61489E458C01F2657,Returning cached instance of singleton bean 'bnn0001BananaMenuController'
05-23-2017 11:41:09.281,DEBUG,21BDCEE20C50FAE61489E458C01F2657,Last-Modified value for [/ict/0001/] is: -1
05-23-2017 11:41:09.281,DEBUG,21BDCEE20C50FAE61489E458C01F2657,Returning cached instance of singleton bean 'xml_path'
05-23-2017 11:41:09.285,DEBUG,21BDCEE20C50FAE61489E458C01F2657,Rendering view [org.springframework.web.servlet.view.JstlView: name 'banana/Bnn0001BananaMenu'; URL [/WEB-INF/views/banana/Bnn0001BananaMenu.jsp]] in DispatcherServlet with name 'appServlet'
05-23-2017 11:41:09.285,DEBUG,21BDCEE20C50FAE61489E458C01F2657,Added model object 'resetDate' of type [java.lang.String] to request in view with name 'banana/Bnn0001BananaMenu'
05-23-2017 11:41:09.285,DEBUG,21BDCEE20C50FAE61489E458C01F2657,Added model object 'layoutDate' of type [java.lang.String] to request in view with name 'banana/Bnn0001BananaMenu'
05-23-2017 11:41:09.285,DEBUG,21BDCEE20C50FAE61489E458C01F2657,Added model object 'jqueryUiCssDate' of type [java.lang.String] to request in view with name 'banana/Bnn0001BananaMenu'
05-23-2017 11:41:09.285,DEBUG,21BDCEE20C50FAE61489E458C01F2657,Added model object 'messageHandlerDate' of type [java.lang.String] to request in view with name 'banana/Bnn0001BananaMenu'
05-23-2017 11:41:09.285,DEBUG,21BDCEE20C50FAE61489E458C01F2657,Added model object 'jqueryDate' of type [java.lang.String] to request in view with name 'banana/Bnn0001BananaMenu'
05-23-2017 11:41:09.285,DEBUG,21BDCEE20C50FAE61489E458C01F2657,Added model object 'jqueryUiDate' of type [java.lang.String] to request in view with name 'banana/Bnn0001BananaMenu'
05-23-2017 11:41:09.285,DEBUG,21BDCEE20C50FAE61489E458C01F2657,Added model object 'datepickerDate' of type [java.lang.String] to request in view with name 'banana/Bnn0001BananaMenu'
05-23-2017 11:41:09.285,DEBUG,21BDCEE20C50FAE61489E458C01F2657,Added model object 'inputmaskDate' of type [java.lang.String] to request in view with name 'banana/Bnn0001BananaMenu'
05-23-2017 11:41:09.285,DEBUG,21BDCEE20C50FAE61489E458C01F2657,Added model object 'jqueryInputmaskDate' of type [java.lang.String] to request in view with name 'banana/Bnn0001BananaMenu'
05-23-2017 11:41:09.285,DEBUG,21BDCEE20C50FAE61489E458C01F2657,Added model object 'inputMaskExtDate' of type [java.lang.String] to request in view with name 'banana/Bnn0001BananaMenu'
05-23-2017 11:41:09.286,DEBUG,21BDCEE20C50FAE61489E458C01F2657,Added model object 'calendarDate' of type [java.lang.String] to request in view with name 'banana/Bnn0001BananaMenu'
05-23-2017 11:41:09.286,DEBUG,21BDCEE20C50FAE61489E458C01F2657,Added model object 'messageDate' of type [java.lang.String] to request in view with name 'banana/Bnn0001BananaMenu'
05-23-2017 11:41:09.286,DEBUG,21BDCEE20C50FAE61489E458C01F2657,Added model object 'storageDate' of type [java.lang.String] to request in view with name 'banana/Bnn0001BananaMenu'
05-23-2017 11:41:09.286,DEBUG,21BDCEE20C50FAE61489E458C01F2657,Added model object 'commonDate' of type [java.lang.String] to request in view with name 'banana/Bnn0001BananaMenu'
05-23-2017 11:41:09.286,DEBUG,21BDCEE20C50FAE61489E458C01F2657,Added model object 'bananaMenuCssDate' of type [java.lang.String] to request in view with name 'banana/Bnn0001BananaMenu'
05-23-2017 11:41:09.286,DEBUG,21BDCEE20C50FAE61489E458C01F2657,Added model object 'bananaMenuJsDate' of type [java.lang.String] to request in view with name 'banana/Bnn0001BananaMenu'
05-23-2017 11:41:09.286,DEBUG,21BDCEE20C50FAE61489E458C01F2657,Forwarding to resource [/WEB-INF/views/banana/Bnn0001BananaMenu.jsp] in InternalResourceView 'banana/Bnn0001BananaMenu'
05-23-2017 11:41:09.286,DEBUG,21BDCEE20C50FAE61489E458C01F2657,Render request received for definition 'defaultTemplate'
05-23-2017 11:41:09.288,DEBUG,21BDCEE20C50FAE61489E458C01F2657,Successfully completed request
05-23-2017 11:41:09.289,DEBUG,21BDCEE20C50FAE61489E458C01F2657,Chain processed normally
05-23-2017 11:41:09.289,DEBUG,21BDCEE20C50FAE61489E458C01F2657,SecurityContextHolder now cleared, as request processing completed
05-23-2017 11:41:10.466,DEBUG,C72646C1DC2B71049BF7694ED3FBC87E,/0089/ at position 1 of 11 in additional filter chain; firing Filter: 'SecurityContextPersistenceFilter'
05-23-2017 11:41:10.466,DEBUG,C72646C1DC2B71049BF7694ED3FBC87E,Obtained a valid SecurityContext from SPRING_SECURITY_CONTEXT: 'org.springframework.security.core.context.SecurityContextImpl@3b6f87e3: Authentication: org.springframework.security.authentication.UsernamePasswordAuthenticationToken@3b6f87e3: Principal: vn.bananavietnam.ict.common.auth.MyUser@c4907816: Username: U0000000001; Password: [PROTECTED]; Enabled: true; AccountNonExpired: true; credentialsNonExpired: true; AccountNonLocked: true; Granted Authorities: 1; Credentials: [PROTECTED]; Authenticated: true; Details: org.springframework.security.web.authentication.WebAuthenticationDetails@0: RemoteIpAddress: 0:0:0:0:0:0:0:1; SessionId: 499DD0575AEDEE9C32CA054A4B4CDCC4; Granted Authorities: 1'
05-23-2017 11:41:10.466,DEBUG,C72646C1DC2B71049BF7694ED3FBC87E,/0089/ at position 2 of 11 in additional filter chain; firing Filter: 'WebAsyncManagerIntegrationFilter'
05-23-2017 11:41:10.466,DEBUG,C72646C1DC2B71049BF7694ED3FBC87E,/0089/ at position 3 of 11 in additional filter chain; firing Filter: 'LogoutFilter'
05-23-2017 11:41:10.466,DEBUG,C72646C1DC2B71049BF7694ED3FBC87E,/0089/ at position 4 of 11 in additional filter chain; firing Filter: 'UsernamePasswordAuthenticationFilter'
05-23-2017 11:41:10.466,DEBUG,C72646C1DC2B71049BF7694ED3FBC87E,/0089/ at position 5 of 11 in additional filter chain; firing Filter: 'BasicAuthenticationFilter'
05-23-2017 11:41:10.466,DEBUG,C72646C1DC2B71049BF7694ED3FBC87E,/0089/ at position 6 of 11 in additional filter chain; firing Filter: 'RequestCacheAwareFilter'
05-23-2017 11:41:10.466,DEBUG,C72646C1DC2B71049BF7694ED3FBC87E,/0089/ at position 7 of 11 in additional filter chain; firing Filter: 'SecurityContextHolderAwareRequestFilter'
05-23-2017 11:41:10.466,DEBUG,C72646C1DC2B71049BF7694ED3FBC87E,/0089/ at position 8 of 11 in additional filter chain; firing Filter: 'AnonymousAuthenticationFilter'
05-23-2017 11:41:10.466,DEBUG,C72646C1DC2B71049BF7694ED3FBC87E,SecurityContextHolder not populated with anonymous token, as it already contained: 'org.springframework.security.authentication.UsernamePasswordAuthenticationToken@3b6f87e3: Principal: vn.bananavietnam.ict.common.auth.MyUser@c4907816: Username: U0000000001; Password: [PROTECTED]; Enabled: true; AccountNonExpired: true; credentialsNonExpired: true; AccountNonLocked: true; Granted Authorities: 1; Credentials: [PROTECTED]; Authenticated: true; Details: org.springframework.security.web.authentication.WebAuthenticationDetails@0: RemoteIpAddress: 0:0:0:0:0:0:0:1; SessionId: 499DD0575AEDEE9C32CA054A4B4CDCC4; Granted Authorities: 1'
05-23-2017 11:41:10.466,DEBUG,C72646C1DC2B71049BF7694ED3FBC87E,/0089/ at position 9 of 11 in additional filter chain; firing Filter: 'SessionManagementFilter'
05-23-2017 11:41:10.466,DEBUG,C72646C1DC2B71049BF7694ED3FBC87E,/0089/ at position 10 of 11 in additional filter chain; firing Filter: 'ExceptionTranslationFilter'
05-23-2017 11:41:10.466,DEBUG,C72646C1DC2B71049BF7694ED3FBC87E,/0089/ at position 11 of 11 in additional filter chain; firing Filter: 'FilterSecurityInterceptor'
05-23-2017 11:41:10.466,DEBUG,C72646C1DC2B71049BF7694ED3FBC87E,Checking match of request : '/0089/'; against '/autherror*'
05-23-2017 11:41:10.466,DEBUG,C72646C1DC2B71049BF7694ED3FBC87E,Checking match of request : '/0089/'; against '/login/**'
05-23-2017 11:41:10.466,DEBUG,C72646C1DC2B71049BF7694ED3FBC87E,Checking match of request : '/0089/'; against '/error/**'
05-23-2017 11:41:10.466,DEBUG,C72646C1DC2B71049BF7694ED3FBC87E,Checking match of request : '/0089/'; against '/0001/**'
05-23-2017 11:41:10.466,DEBUG,C72646C1DC2B71049BF7694ED3FBC87E,Checking match of request : '/0089/'; against '/0002/**'
05-23-2017 11:41:10.466,DEBUG,C72646C1DC2B71049BF7694ED3FBC87E,Checking match of request : '/0089/'; against '/0003/**'
05-23-2017 11:41:10.466,DEBUG,C72646C1DC2B71049BF7694ED3FBC87E,Checking match of request : '/0089/'; against '/0005/**'
05-23-2017 11:41:10.466,DEBUG,C72646C1DC2B71049BF7694ED3FBC87E,Checking match of request : '/0089/'; against '/0007/**'
05-23-2017 11:41:10.466,DEBUG,C72646C1DC2B71049BF7694ED3FBC87E,Checking match of request : '/0089/'; against '/0009/**'
05-23-2017 11:41:10.466,DEBUG,C72646C1DC2B71049BF7694ED3FBC87E,Checking match of request : '/0089/'; against '/0013/**'
05-23-2017 11:41:10.466,DEBUG,C72646C1DC2B71049BF7694ED3FBC87E,Checking match of request : '/0089/'; against '/0023/**'
05-23-2017 11:41:10.466,DEBUG,C72646C1DC2B71049BF7694ED3FBC87E,Checking match of request : '/0089/'; against '/0017/**'
05-23-2017 11:41:10.466,DEBUG,C72646C1DC2B71049BF7694ED3FBC87E,Checking match of request : '/0089/'; against '/0031/**'
05-23-2017 11:41:10.466,DEBUG,C72646C1DC2B71049BF7694ED3FBC87E,Checking match of request : '/0089/'; against '/0035/**'
05-23-2017 11:41:10.466,DEBUG,C72646C1DC2B71049BF7694ED3FBC87E,Checking match of request : '/0089/'; against '/0037/**'
05-23-2017 11:41:10.466,DEBUG,C72646C1DC2B71049BF7694ED3FBC87E,Checking match of request : '/0089/'; against '/0045/**'
05-23-2017 11:41:10.467,DEBUG,C72646C1DC2B71049BF7694ED3FBC87E,Checking match of request : '/0089/'; against '/0047/**'
05-23-2017 11:41:10.467,DEBUG,C72646C1DC2B71049BF7694ED3FBC87E,Checking match of request : '/0089/'; against '/0049/**'
05-23-2017 11:41:10.467,DEBUG,C72646C1DC2B71049BF7694ED3FBC87E,Checking match of request : '/0089/'; against '/0061/**'
05-23-2017 11:41:10.467,DEBUG,C72646C1DC2B71049BF7694ED3FBC87E,Checking match of request : '/0089/'; against '/0087/**'
05-23-2017 11:41:10.467,DEBUG,C72646C1DC2B71049BF7694ED3FBC87E,Checking match of request : '/0089/'; against '/0075/**'
05-23-2017 11:41:10.467,DEBUG,C72646C1DC2B71049BF7694ED3FBC87E,Checking match of request : '/0089/'; against '/0089/**'
05-23-2017 11:41:10.467,DEBUG,C72646C1DC2B71049BF7694ED3FBC87E,Secure object: FilterInvocation: URL: /0089/; Attributes: [ROLE_ADMIN, ROLE_USER, IS_AUTHENTICATED_FULLY]
05-23-2017 11:41:10.467,DEBUG,C72646C1DC2B71049BF7694ED3FBC87E,Previously Authenticated: org.springframework.security.authentication.UsernamePasswordAuthenticationToken@3b6f87e3: Principal: vn.bananavietnam.ict.common.auth.MyUser@c4907816: Username: U0000000001; Password: [PROTECTED]; Enabled: true; AccountNonExpired: true; credentialsNonExpired: true; AccountNonLocked: true; Granted Authorities: 1; Credentials: [PROTECTED]; Authenticated: true; Details: org.springframework.security.web.authentication.WebAuthenticationDetails@0: RemoteIpAddress: 0:0:0:0:0:0:0:1; SessionId: 499DD0575AEDEE9C32CA054A4B4CDCC4; Granted Authorities: 1
05-23-2017 11:41:10.467,DEBUG,C72646C1DC2B71049BF7694ED3FBC87E,Voter: org.springframework.security.access.vote.RoleVoter@1ac872d, returned: -1
05-23-2017 11:41:10.467,DEBUG,C72646C1DC2B71049BF7694ED3FBC87E,Voter: org.springframework.security.access.vote.AuthenticatedVoter@b1927d, returned: 1
05-23-2017 11:41:10.467,DEBUG,C72646C1DC2B71049BF7694ED3FBC87E,Authorization successful
05-23-2017 11:41:10.467,DEBUG,C72646C1DC2B71049BF7694ED3FBC87E,RunAsManager did not change Authentication object
05-23-2017 11:41:10.467,DEBUG,C72646C1DC2B71049BF7694ED3FBC87E,/0089/ reached end of additional filter chain; proceeding with original chain
05-23-2017 11:41:10.467,DEBUG,C72646C1DC2B71049BF7694ED3FBC87E,Request [/ict/0089/] is not a multipart request
05-23-2017 11:41:10.467,DEBUG,21BDCEE20C50FAE61489E458C01F2657,DispatcherServlet with name 'appServlet' processing GET request for [/ict/0089/]
05-23-2017 11:41:10.467,DEBUG,21BDCEE20C50FAE61489E458C01F2657,Looking up handler method for path /0089/
05-23-2017 11:41:10.467,DEBUG,21BDCEE20C50FAE61489E458C01F2657,Returning handler method [public java.lang.String vn.bananavietnam.ict.banana.controller.Bnn0089SearchTaskController.top(javax.servlet.http.HttpServletRequest,java.util.Locale,org.springframework.ui.Model)]
05-23-2017 11:41:10.467,DEBUG,21BDCEE20C50FAE61489E458C01F2657,Returning cached instance of singleton bean 'bnn0089SearchTaskController'
05-23-2017 11:41:10.467,DEBUG,21BDCEE20C50FAE61489E458C01F2657,Last-Modified value for [/ict/0089/] is: -1
05-23-2017 11:41:10.467,DEBUG,21BDCEE20C50FAE61489E458C01F2657,Returning cached instance of singleton bean 'xml_path'
05-23-2017 11:41:10.470,DEBUG,21BDCEE20C50FAE61489E458C01F2657,Rendering view [org.springframework.web.servlet.view.JstlView: name 'banana/Bnn0089SearchTask'; URL [/WEB-INF/views/banana/Bnn0089SearchTask.jsp]] in DispatcherServlet with name 'appServlet'
05-23-2017 11:41:10.470,DEBUG,21BDCEE20C50FAE61489E458C01F2657,Added model object 'resetDate' of type [java.lang.String] to request in view with name 'banana/Bnn0089SearchTask'
05-23-2017 11:41:10.470,DEBUG,21BDCEE20C50FAE61489E458C01F2657,Added model object 'layoutDate' of type [java.lang.String] to request in view with name 'banana/Bnn0089SearchTask'
05-23-2017 11:41:10.470,DEBUG,21BDCEE20C50FAE61489E458C01F2657,Added model object 'jqueryUiCssDate' of type [java.lang.String] to request in view with name 'banana/Bnn0089SearchTask'
05-23-2017 11:41:10.470,DEBUG,21BDCEE20C50FAE61489E458C01F2657,Added model object 'messageHandlerDate' of type [java.lang.String] to request in view with name 'banana/Bnn0089SearchTask'
05-23-2017 11:41:10.470,DEBUG,21BDCEE20C50FAE61489E458C01F2657,Added model object 'jqueryDate' of type [java.lang.String] to request in view with name 'banana/Bnn0089SearchTask'
05-23-2017 11:41:10.470,DEBUG,21BDCEE20C50FAE61489E458C01F2657,Added model object 'jqueryUiDate' of type [java.lang.String] to request in view with name 'banana/Bnn0089SearchTask'
05-23-2017 11:41:10.470,DEBUG,21BDCEE20C50FAE61489E458C01F2657,Added model object 'datepickerDate' of type [java.lang.String] to request in view with name 'banana/Bnn0089SearchTask'
05-23-2017 11:41:10.470,DEBUG,21BDCEE20C50FAE61489E458C01F2657,Added model object 'inputmaskDate' of type [java.lang.String] to request in view with name 'banana/Bnn0089SearchTask'
05-23-2017 11:41:10.470,DEBUG,21BDCEE20C50FAE61489E458C01F2657,Added model object 'jqueryInputmaskDate' of type [java.lang.String] to request in view with name 'banana/Bnn0089SearchTask'
05-23-2017 11:41:10.470,DEBUG,21BDCEE20C50FAE61489E458C01F2657,Added model object 'inputMaskExtDate' of type [java.lang.String] to request in view with name 'banana/Bnn0089SearchTask'
05-23-2017 11:41:10.470,DEBUG,21BDCEE20C50FAE61489E458C01F2657,Added model object 'calendarDate' of type [java.lang.String] to request in view with name 'banana/Bnn0089SearchTask'
05-23-2017 11:41:10.470,DEBUG,21BDCEE20C50FAE61489E458C01F2657,Added model object 'messageDate' of type [java.lang.String] to request in view with name 'banana/Bnn0089SearchTask'
05-23-2017 11:41:10.470,DEBUG,21BDCEE20C50FAE61489E458C01F2657,Added model object 'storageDate' of type [java.lang.String] to request in view with name 'banana/Bnn0089SearchTask'
05-23-2017 11:41:10.470,DEBUG,21BDCEE20C50FAE61489E458C01F2657,Added model object 'commonDate' of type [java.lang.String] to request in view with name 'banana/Bnn0089SearchTask'
05-23-2017 11:41:10.470,DEBUG,21BDCEE20C50FAE61489E458C01F2657,Added model object 'searchTaskCssDate' of type [java.lang.String] to request in view with name 'banana/Bnn0089SearchTask'
05-23-2017 11:41:10.470,DEBUG,21BDCEE20C50FAE61489E458C01F2657,Added model object 'searchTaskJsDate' of type [java.lang.String] to request in view with name 'banana/Bnn0089SearchTask'
05-23-2017 11:41:10.488,DEBUG,21BDCEE20C50FAE61489E458C01F2657,Forwarding to resource [/WEB-INF/views/banana/Bnn0089SearchTask.jsp] in InternalResourceView 'banana/Bnn0089SearchTask'
05-23-2017 11:41:10.488,DEBUG,21BDCEE20C50FAE61489E458C01F2657,Render request received for definition 'defaultTemplate'
05-23-2017 11:41:10.490,DEBUG,21BDCEE20C50FAE61489E458C01F2657,Successfully completed request
05-23-2017 11:41:10.490,DEBUG,21BDCEE20C50FAE61489E458C01F2657,Chain processed normally
05-23-2017 11:41:10.490,DEBUG,21BDCEE20C50FAE61489E458C01F2657,SecurityContextHolder now cleared, as request processing completed
05-23-2017 11:41:10.528,DEBUG,C72646C1DC2B71049BF7694ED3FBC87E,/0089/searchData at position 1 of 11 in additional filter chain; firing Filter: 'SecurityContextPersistenceFilter'
05-23-2017 11:41:10.528,DEBUG,C72646C1DC2B71049BF7694ED3FBC87E,Obtained a valid SecurityContext from SPRING_SECURITY_CONTEXT: 'org.springframework.security.core.context.SecurityContextImpl@3b6f87e3: Authentication: org.springframework.security.authentication.UsernamePasswordAuthenticationToken@3b6f87e3: Principal: vn.bananavietnam.ict.common.auth.MyUser@c4907816: Username: U0000000001; Password: [PROTECTED]; Enabled: true; AccountNonExpired: true; credentialsNonExpired: true; AccountNonLocked: true; Granted Authorities: 1; Credentials: [PROTECTED]; Authenticated: true; Details: org.springframework.security.web.authentication.WebAuthenticationDetails@0: RemoteIpAddress: 0:0:0:0:0:0:0:1; SessionId: 499DD0575AEDEE9C32CA054A4B4CDCC4; Granted Authorities: 1'
05-23-2017 11:41:10.529,DEBUG,C72646C1DC2B71049BF7694ED3FBC87E,/0089/searchData at position 2 of 11 in additional filter chain; firing Filter: 'WebAsyncManagerIntegrationFilter'
05-23-2017 11:41:10.529,DEBUG,C72646C1DC2B71049BF7694ED3FBC87E,/0089/searchData at position 3 of 11 in additional filter chain; firing Filter: 'LogoutFilter'
05-23-2017 11:41:10.529,DEBUG,C72646C1DC2B71049BF7694ED3FBC87E,/0089/searchData at position 4 of 11 in additional filter chain; firing Filter: 'UsernamePasswordAuthenticationFilter'
05-23-2017 11:41:10.529,DEBUG,C72646C1DC2B71049BF7694ED3FBC87E,/0089/searchData at position 5 of 11 in additional filter chain; firing Filter: 'BasicAuthenticationFilter'
05-23-2017 11:41:10.529,DEBUG,C72646C1DC2B71049BF7694ED3FBC87E,/0089/searchData at position 6 of 11 in additional filter chain; firing Filter: 'RequestCacheAwareFilter'
05-23-2017 11:41:10.529,DEBUG,C72646C1DC2B71049BF7694ED3FBC87E,/0089/searchData at position 7 of 11 in additional filter chain; firing Filter: 'SecurityContextHolderAwareRequestFilter'
05-23-2017 11:41:10.529,DEBUG,C72646C1DC2B71049BF7694ED3FBC87E,/0089/searchData at position 8 of 11 in additional filter chain; firing Filter: 'AnonymousAuthenticationFilter'
05-23-2017 11:41:10.529,DEBUG,C72646C1DC2B71049BF7694ED3FBC87E,SecurityContextHolder not populated with anonymous token, as it already contained: 'org.springframework.security.authentication.UsernamePasswordAuthenticationToken@3b6f87e3: Principal: vn.bananavietnam.ict.common.auth.MyUser@c4907816: Username: U0000000001; Password: [PROTECTED]; Enabled: true; AccountNonExpired: true; credentialsNonExpired: true; AccountNonLocked: true; Granted Authorities: 1; Credentials: [PROTECTED]; Authenticated: true; Details: org.springframework.security.web.authentication.WebAuthenticationDetails@0: RemoteIpAddress: 0:0:0:0:0:0:0:1; SessionId: 499DD0575AEDEE9C32CA054A4B4CDCC4; Granted Authorities: 1'
05-23-2017 11:41:10.529,DEBUG,C72646C1DC2B71049BF7694ED3FBC87E,/0089/searchData at position 9 of 11 in additional filter chain; firing Filter: 'SessionManagementFilter'
05-23-2017 11:41:10.529,DEBUG,C72646C1DC2B71049BF7694ED3FBC87E,/0089/searchData at position 10 of 11 in additional filter chain; firing Filter: 'ExceptionTranslationFilter'
05-23-2017 11:41:10.529,DEBUG,C72646C1DC2B71049BF7694ED3FBC87E,/0089/searchData at position 11 of 11 in additional filter chain; firing Filter: 'FilterSecurityInterceptor'
05-23-2017 11:41:10.529,DEBUG,C72646C1DC2B71049BF7694ED3FBC87E,Checking match of request : '/0089/searchdata'; against '/autherror*'
05-23-2017 11:41:10.529,DEBUG,C72646C1DC2B71049BF7694ED3FBC87E,Checking match of request : '/0089/searchdata'; against '/login/**'
05-23-2017 11:41:10.529,DEBUG,C72646C1DC2B71049BF7694ED3FBC87E,Checking match of request : '/0089/searchdata'; against '/error/**'
05-23-2017 11:41:10.529,DEBUG,C72646C1DC2B71049BF7694ED3FBC87E,Checking match of request : '/0089/searchdata'; against '/0001/**'
05-23-2017 11:41:10.529,DEBUG,C72646C1DC2B71049BF7694ED3FBC87E,Checking match of request : '/0089/searchdata'; against '/0002/**'
05-23-2017 11:41:10.529,DEBUG,C72646C1DC2B71049BF7694ED3FBC87E,Checking match of request : '/0089/searchdata'; against '/0003/**'
05-23-2017 11:41:10.529,DEBUG,C72646C1DC2B71049BF7694ED3FBC87E,Checking match of request : '/0089/searchdata'; against '/0005/**'
05-23-2017 11:41:10.529,DEBUG,C72646C1DC2B71049BF7694ED3FBC87E,Checking match of request : '/0089/searchdata'; against '/0007/**'
05-23-2017 11:41:10.529,DEBUG,C72646C1DC2B71049BF7694ED3FBC87E,Checking match of request : '/0089/searchdata'; against '/0009/**'
05-23-2017 11:41:10.529,DEBUG,C72646C1DC2B71049BF7694ED3FBC87E,Checking match of request : '/0089/searchdata'; against '/0013/**'
05-23-2017 11:41:10.529,DEBUG,C72646C1DC2B71049BF7694ED3FBC87E,Checking match of request : '/0089/searchdata'; against '/0023/**'
05-23-2017 11:41:10.529,DEBUG,C72646C1DC2B71049BF7694ED3FBC87E,Checking match of request : '/0089/searchdata'; against '/0017/**'
05-23-2017 11:41:10.529,DEBUG,C72646C1DC2B71049BF7694ED3FBC87E,Checking match of request : '/0089/searchdata'; against '/0031/**'
05-23-2017 11:41:10.529,DEBUG,C72646C1DC2B71049BF7694ED3FBC87E,Checking match of request : '/0089/searchdata'; against '/0035/**'
05-23-2017 11:41:10.529,DEBUG,C72646C1DC2B71049BF7694ED3FBC87E,Checking match of request : '/0089/searchdata'; against '/0037/**'
05-23-2017 11:41:10.529,DEBUG,C72646C1DC2B71049BF7694ED3FBC87E,Checking match of request : '/0089/searchdata'; against '/0045/**'
05-23-2017 11:41:10.529,DEBUG,C72646C1DC2B71049BF7694ED3FBC87E,Checking match of request : '/0089/searchdata'; against '/0047/**'
05-23-2017 11:41:10.529,DEBUG,C72646C1DC2B71049BF7694ED3FBC87E,Checking match of request : '/0089/searchdata'; against '/0049/**'
05-23-2017 11:41:10.529,DEBUG,C72646C1DC2B71049BF7694ED3FBC87E,Checking match of request : '/0089/searchdata'; against '/0061/**'
05-23-2017 11:41:10.529,DEBUG,C72646C1DC2B71049BF7694ED3FBC87E,Checking match of request : '/0089/searchdata'; against '/0087/**'
05-23-2017 11:41:10.529,DEBUG,C72646C1DC2B71049BF7694ED3FBC87E,Checking match of request : '/0089/searchdata'; against '/0075/**'
05-23-2017 11:41:10.529,DEBUG,C72646C1DC2B71049BF7694ED3FBC87E,Checking match of request : '/0089/searchdata'; against '/0089/**'
05-23-2017 11:41:10.529,DEBUG,C72646C1DC2B71049BF7694ED3FBC87E,Secure object: FilterInvocation: URL: /0089/searchData; Attributes: [ROLE_ADMIN, ROLE_USER, IS_AUTHENTICATED_FULLY]
05-23-2017 11:41:10.529,DEBUG,C72646C1DC2B71049BF7694ED3FBC87E,Previously Authenticated: org.springframework.security.authentication.UsernamePasswordAuthenticationToken@3b6f87e3: Principal: vn.bananavietnam.ict.common.auth.MyUser@c4907816: Username: U0000000001; Password: [PROTECTED]; Enabled: true; AccountNonExpired: true; credentialsNonExpired: true; AccountNonLocked: true; Granted Authorities: 1; Credentials: [PROTECTED]; Authenticated: true; Details: org.springframework.security.web.authentication.WebAuthenticationDetails@0: RemoteIpAddress: 0:0:0:0:0:0:0:1; SessionId: 499DD0575AEDEE9C32CA054A4B4CDCC4; Granted Authorities: 1
05-23-2017 11:41:10.529,DEBUG,C72646C1DC2B71049BF7694ED3FBC87E,Voter: org.springframework.security.access.vote.RoleVoter@1ac872d, returned: -1
05-23-2017 11:41:10.529,DEBUG,C72646C1DC2B71049BF7694ED3FBC87E,Voter: org.springframework.security.access.vote.AuthenticatedVoter@b1927d, returned: 1
05-23-2017 11:41:10.529,DEBUG,C72646C1DC2B71049BF7694ED3FBC87E,Authorization successful
05-23-2017 11:41:10.529,DEBUG,C72646C1DC2B71049BF7694ED3FBC87E,RunAsManager did not change Authentication object
05-23-2017 11:41:10.529,DEBUG,C72646C1DC2B71049BF7694ED3FBC87E,/0089/searchData reached end of additional filter chain; proceeding with original chain
05-23-2017 11:41:10.529,DEBUG,C72646C1DC2B71049BF7694ED3FBC87E,Request [/ict/0089/searchData] is not a multipart request
05-23-2017 11:41:10.529,DEBUG,21BDCEE20C50FAE61489E458C01F2657,DispatcherServlet with name 'appServlet' processing POST request for [/ict/0089/searchData]
05-23-2017 11:41:10.529,DEBUG,21BDCEE20C50FAE61489E458C01F2657,Looking up handler method for path /0089/searchData
05-23-2017 11:41:10.529,DEBUG,21BDCEE20C50FAE61489E458C01F2657,Returning handler method [public java.util.List<vn.bananavietnam.ict.banana.component.Bnn0089SearchTaskResult> vn.bananavietnam.ict.banana.controller.Bnn0089SearchTaskController.searchData(vn.bananavietnam.ict.banana.component.Bnn0089SearchTaskConditions)]
05-23-2017 11:41:10.529,DEBUG,21BDCEE20C50FAE61489E458C01F2657,Returning cached instance of singleton bean 'bnn0089SearchTaskController'
05-23-2017 11:41:10.530,DEBUG,21BDCEE20C50FAE61489E458C01F2657,Returning cached instance of singleton bean 'xml_path'
05-23-2017 11:41:10.530,DEBUG,21BDCEE20C50FAE61489E458C01F2657,Skip CORS processing: request is from same origin
05-23-2017 11:41:10.530,DEBUG,21BDCEE20C50FAE61489E458C01F2657,Read [class vn.bananavietnam.ict.banana.component.Bnn0089SearchTaskConditions] as "application/json" with [org.springframework.http.converter.json.MappingJackson2HttpMessageConverter@156f2cc]
05-23-2017 11:41:10.530,INFO ,21BDCEE20C50FAE61489E458C01F2657,U0000000001,vn.bananavietnam.ict.banana.service.Bnn0089SearchTaskService,searchData,[vn.bananavietnam.ict.banana.component.Bnn0089SearchTaskConditions@120dcd4] METHOD START
05-23-2017 11:41:10.530,DEBUG,21BDCEE20C50FAE61489E458C01F2657,Returning cached instance of singleton bean 'transactionManager'
05-23-2017 11:41:10.530,INFO ,21BDCEE20C50FAE61489E458C01F2657,U0000000001,Task searching started
05-23-2017 11:41:10.530,DEBUG,21BDCEE20C50FAE61489E458C01F2657,Creating a new SqlSession
05-23-2017 11:41:10.530,DEBUG,21BDCEE20C50FAE61489E458C01F2657,Registering transaction synchronization for SqlSession [org.apache.ibatis.session.defaults.DefaultSqlSession@33c556]
05-23-2017 11:41:10.530,DEBUG,21BDCEE20C50FAE61489E458C01F2657,Fetching JDBC Connection from DataSource
05-23-2017 11:41:10.530,DEBUG,21BDCEE20C50FAE61489E458C01F2657,Creating new JDBC DriverManager Connection to [jdbc:mysql://172.16.0.175:3306/BANANA_DB_HUNG_SELENIUM?useUnicode=yes&characterEncoding=UTF-8&autoReconnect=true]
05-23-2017 11:41:10.547,DEBUG,21BDCEE20C50FAE61489E458C01F2657,Registering transaction synchronization for JDBC Connection
05-23-2017 11:41:10.547,DEBUG,21BDCEE20C50FAE61489E458C01F2657,JDBC Connection [com.mysql.jdbc.JDBC4Connection@a411a2] will be managed by Spring
05-23-2017 11:41:10.547,DEBUG,21BDCEE20C50FAE61489E458C01F2657,==>  Preparing: SELECT T.TASK_ID taskId, T.TASK_NAME taskName, T.WORKING_DETAILS workingDetails, T.NOTE note, T.QUARANTINE_HANDLING_FLAG quarantineHandlingFlag, T.DELETE_FLAG deleteFlag, T.CHANGE_POINT_CODE changePointCode, T.LAST_UPDATE_DATE lastUpdateDate FROM IVB_M_TASK T WHERE 1 = 1 AND T.DELETE_FLAG = '0' ORDER BY T.TASK_NAME LIMIT ?,? 
05-23-2017 11:41:10.547,DEBUG,21BDCEE20C50FAE61489E458C01F2657,==> Parameters: 0(Integer), 20(Integer)
05-23-2017 11:41:10.550,DEBUG,21BDCEE20C50FAE61489E458C01F2657,<==      Total: 20
05-23-2017 11:41:10.550,DEBUG,21BDCEE20C50FAE61489E458C01F2657,Releasing transactional SqlSession [org.apache.ibatis.session.defaults.DefaultSqlSession@33c556]
05-23-2017 11:41:10.550,INFO ,21BDCEE20C50FAE61489E458C01F2657,U0000000001,SQL execution finished
05-23-2017 11:41:10.550,DEBUG,21BDCEE20C50FAE61489E458C01F2657,Fetched SqlSession [org.apache.ibatis.session.defaults.DefaultSqlSession@33c556] from current transaction
05-23-2017 11:41:10.551,DEBUG,21BDCEE20C50FAE61489E458C01F2657,==>  Preparing: SELECT COUNT(*) FROM IVB_M_TASK T WHERE 1 = 1 AND T.DELETE_FLAG = '0' ORDER BY T.TASK_ID 
05-23-2017 11:41:10.551,DEBUG,21BDCEE20C50FAE61489E458C01F2657,==> Parameters: 
05-23-2017 11:41:10.552,DEBUG,21BDCEE20C50FAE61489E458C01F2657,<==      Total: 1
05-23-2017 11:41:10.552,DEBUG,21BDCEE20C50FAE61489E458C01F2657,Releasing transactional SqlSession [org.apache.ibatis.session.defaults.DefaultSqlSession@33c556]
05-23-2017 11:41:10.552,INFO ,21BDCEE20C50FAE61489E458C01F2657,U0000000001,Task searching finished ==> 43 item(s)
05-23-2017 11:41:10.552,DEBUG,21BDCEE20C50FAE61489E458C01F2657,Transaction synchronization deregistering SqlSession [org.apache.ibatis.session.defaults.DefaultSqlSession@33c556]
05-23-2017 11:41:10.552,DEBUG,21BDCEE20C50FAE61489E458C01F2657,Transaction synchronization closing SqlSession [org.apache.ibatis.session.defaults.DefaultSqlSession@33c556]
05-23-2017 11:41:10.552,DEBUG,21BDCEE20C50FAE61489E458C01F2657,Returning JDBC Connection to DataSource
05-23-2017 11:41:10.552,INFO ,21BDCEE20C50FAE61489E458C01F2657,U0000000001,vn.bananavietnam.ict.banana.service.Bnn0089SearchTaskService,searchData,[vn.bananavietnam.ict.banana.component.Bnn0089SearchTaskConditions@120dcd4] METHOD END
05-23-2017 11:41:10.553,DEBUG,21BDCEE20C50FAE61489E458C01F2657,Written [[vn.bananavietnam.ict.banana.component.Bnn0089SearchTaskResult@1027628, vn.bananavietnam.ict.banana.component.Bnn0089SearchTaskResult@43e0b, vn.bananavietnam.ict.banana.component.Bnn0089SearchTaskResult@459e65, vn.bananavietnam.ict.banana.component.Bnn0089SearchTaskResult@132f859, vn.bananavietnam.ict.banana.component.Bnn0089SearchTaskResult@18d6421, vn.bananavietnam.ict.banana.component.Bnn0089SearchTaskResult@b4eebd, vn.bananavietnam.ict.banana.component.Bnn0089SearchTaskResult@58ef38, vn.bananavietnam.ict.banana.component.Bnn0089SearchTaskResult@f4255a, vn.bananavietnam.ict.banana.component.Bnn0089SearchTaskResult@f4e489, vn.bananavietnam.ict.banana.component.Bnn0089SearchTaskResult@198372c, vn.bananavietnam.ict.banana.component.Bnn0089SearchTaskResult@2e3888, vn.bananavietnam.ict.banana.component.Bnn0089SearchTaskResult@15d0062, vn.bananavietnam.ict.banana.component.Bnn0089SearchTaskResult@8a7aac, vn.bananavietnam.ict.banana.component.Bnn0089SearchTaskResult@670ac6, vn.bananavietnam.ict.banana.component.Bnn0089SearchTaskResult@16687ba, vn.bananavietnam.ict.banana.component.Bnn0089SearchTaskResult@e7cb24, vn.bananavietnam.ict.banana.component.Bnn0089SearchTaskResult@1db978e, vn.bananavietnam.ict.banana.component.Bnn0089SearchTaskResult@12e8909, vn.bananavietnam.ict.banana.component.Bnn0089SearchTaskResult@568801, vn.bananavietnam.ict.banana.component.Bnn0089SearchTaskResult@1ed444]] as "application/json;charset=UTF-8" using [org.springframework.http.converter.json.MappingJackson2HttpMessageConverter@156f2cc]
05-23-2017 11:41:10.553,DEBUG,21BDCEE20C50FAE61489E458C01F2657,Null ModelAndView returned to DispatcherServlet with name 'appServlet': assuming HandlerAdapter completed request handling
05-23-2017 11:41:10.553,DEBUG,21BDCEE20C50FAE61489E458C01F2657,Successfully completed request
05-23-2017 11:41:10.553,DEBUG,21BDCEE20C50FAE61489E458C01F2657,Chain processed normally
05-23-2017 11:41:10.553,DEBUG,21BDCEE20C50FAE61489E458C01F2657,SecurityContextHolder now cleared, as request processing completed
