05-23-2017 12:52:00.723,DEBUG,A559DD9068F08B5DE415D73A33F251C0,/0017/updateData at position 1 of 11 in additional filter chain; firing Filter: 'SecurityContextPersistenceFilter'
05-23-2017 12:52:00.723,DEBUG,A559DD9068F08B5DE415D73A33F251C0,No HttpSession currently exists
05-23-2017 12:52:00.723,DEBUG,A559DD9068F08B5DE415D73A33F251C0,No SecurityContext was available from the HttpSession: null. A new one will be created.
05-23-2017 12:52:00.723,DEBUG,A559DD9068F08B5DE415D73A33F251C0,/0017/updateData at position 2 of 11 in additional filter chain; firing Filter: 'WebAsyncManagerIntegrationFilter'
05-23-2017 12:52:00.723,DEBUG,A559DD9068F08B5DE415D73A33F251C0,/0017/updateData at position 3 of 11 in additional filter chain; firing Filter: 'LogoutFilter'
05-23-2017 12:52:00.723,DEBUG,A559DD9068F08B5DE415D73A33F251C0,/0017/updateData at position 4 of 11 in additional filter chain; firing Filter: 'UsernamePasswordAuthenticationFilter'
05-23-2017 12:52:00.723,DEBUG,A559DD9068F08B5DE415D73A33F251C0,/0017/updateData at position 5 of 11 in additional filter chain; firing Filter: 'BasicAuthenticationFilter'
05-23-2017 12:52:00.723,DEBUG,A559DD9068F08B5DE415D73A33F251C0,/0017/updateData at position 6 of 11 in additional filter chain; firing Filter: 'RequestCacheAwareFilter'
05-23-2017 12:52:00.723,DEBUG,A559DD9068F08B5DE415D73A33F251C0,/0017/updateData at position 7 of 11 in additional filter chain; firing Filter: 'SecurityContextHolderAwareRequestFilter'
05-23-2017 12:52:00.723,DEBUG,A559DD9068F08B5DE415D73A33F251C0,/0017/updateData at position 8 of 11 in additional filter chain; firing Filter: 'AnonymousAuthenticationFilter'
05-23-2017 12:52:00.723,DEBUG,A559DD9068F08B5DE415D73A33F251C0,Populated SecurityContextHolder with anonymous token: 'org.springframework.security.authentication.AnonymousAuthenticationToken@9055c2bc: Principal: anonymousUser; Credentials: [PROTECTED]; Authenticated: true; Details: org.springframework.security.web.authentication.WebAuthenticationDetails@b364: RemoteIpAddress: 0:0:0:0:0:0:0:1; SessionId: null; Granted Authorities: ROLE_ANONYMOUS'
05-23-2017 12:52:00.723,DEBUG,A559DD9068F08B5DE415D73A33F251C0,/0017/updateData at position 9 of 11 in additional filter chain; firing Filter: 'SessionManagementFilter'
05-23-2017 12:52:00.723,DEBUG,A559DD9068F08B5DE415D73A33F251C0,Requested session ID A559DD9068F08B5DE415D73A33F251C0 is invalid.
05-23-2017 12:52:00.723,DEBUG,A559DD9068F08B5DE415D73A33F251C0,/0017/updateData at position 10 of 11 in additional filter chain; firing Filter: 'ExceptionTranslationFilter'
05-23-2017 12:52:00.723,DEBUG,A559DD9068F08B5DE415D73A33F251C0,/0017/updateData at position 11 of 11 in additional filter chain; firing Filter: 'FilterSecurityInterceptor'
05-23-2017 12:52:00.723,DEBUG,A559DD9068F08B5DE415D73A33F251C0,Checking match of request : '/0017/updatedata'; against '/autherror*'
05-23-2017 12:52:00.723,DEBUG,A559DD9068F08B5DE415D73A33F251C0,Checking match of request : '/0017/updatedata'; against '/login/**'
05-23-2017 12:52:00.724,DEBUG,A559DD9068F08B5DE415D73A33F251C0,Checking match of request : '/0017/updatedata'; against '/error/**'
05-23-2017 12:52:00.724,DEBUG,A559DD9068F08B5DE415D73A33F251C0,Checking match of request : '/0017/updatedata'; against '/0001/**'
05-23-2017 12:52:00.724,DEBUG,A559DD9068F08B5DE415D73A33F251C0,Checking match of request : '/0017/updatedata'; against '/0002/**'
05-23-2017 12:52:00.724,DEBUG,A559DD9068F08B5DE415D73A33F251C0,Checking match of request : '/0017/updatedata'; against '/0003/**'
05-23-2017 12:52:00.724,DEBUG,A559DD9068F08B5DE415D73A33F251C0,Checking match of request : '/0017/updatedata'; against '/0005/**'
05-23-2017 12:52:00.724,DEBUG,A559DD9068F08B5DE415D73A33F251C0,Checking match of request : '/0017/updatedata'; against '/0007/**'
05-23-2017 12:52:00.724,DEBUG,A559DD9068F08B5DE415D73A33F251C0,Checking match of request : '/0017/updatedata'; against '/0009/**'
05-23-2017 12:52:00.724,DEBUG,A559DD9068F08B5DE415D73A33F251C0,Checking match of request : '/0017/updatedata'; against '/0013/**'
05-23-2017 12:52:00.724,DEBUG,A559DD9068F08B5DE415D73A33F251C0,Checking match of request : '/0017/updatedata'; against '/0023/**'
05-23-2017 12:52:00.724,DEBUG,A559DD9068F08B5DE415D73A33F251C0,Checking match of request : '/0017/updatedata'; against '/0017/**'
05-23-2017 12:52:00.724,DEBUG,A559DD9068F08B5DE415D73A33F251C0,Secure object: FilterInvocation: URL: /0017/updateData; Attributes: [ROLE_ADMIN, ROLE_USER, IS_AUTHENTICATED_FULLY]
05-23-2017 12:52:00.724,DEBUG,A559DD9068F08B5DE415D73A33F251C0,Previously Authenticated: org.springframework.security.authentication.AnonymousAuthenticationToken@9055c2bc: Principal: anonymousUser; Credentials: [PROTECTED]; Authenticated: true; Details: org.springframework.security.web.authentication.WebAuthenticationDetails@b364: RemoteIpAddress: 0:0:0:0:0:0:0:1; SessionId: null; Granted Authorities: ROLE_ANONYMOUS
05-23-2017 12:52:00.724,DEBUG,A559DD9068F08B5DE415D73A33F251C0,Voter: org.springframework.security.access.vote.RoleVoter@c7637e, returned: -1
05-23-2017 12:52:00.724,DEBUG,A559DD9068F08B5DE415D73A33F251C0,Voter: org.springframework.security.access.vote.AuthenticatedVoter@1f8faaf, returned: -1
05-23-2017 12:52:00.724,DEBUG,A559DD9068F08B5DE415D73A33F251C0,Access is denied (user is anonymous); redirecting to authentication entry point
05-23-2017 12:52:00.725,DEBUG,A559DD9068F08B5DE415D73A33F251C0,DefaultSavedRequest added to Session: DefaultSavedRequest[http://localhost:8080/ict/0017/updateData]
05-23-2017 12:52:00.725,DEBUG,A559DD9068F08B5DE415D73A33F251C0,Calling Authentication entry point.
05-23-2017 12:52:00.725,DEBUG,A559DD9068F08B5DE415D73A33F251C0,Redirecting to 'http://localhost:8080/ict/'
05-23-2017 12:52:00.725,DEBUG,A559DD9068F08B5DE415D73A33F251C0,SecurityContext is empty or contents are anonymous - context will not be stored in HttpSession.
05-23-2017 12:52:00.725,DEBUG,A559DD9068F08B5DE415D73A33F251C0,SecurityContextHolder now cleared, as request processing completed
05-23-2017 12:52:00.730,DEBUG,A559DD9068F08B5DE415D73A33F251C0,/login at position 1 of 11 in additional filter chain; firing Filter: 'SecurityContextPersistenceFilter'
05-23-2017 12:52:00.730,DEBUG,A559DD9068F08B5DE415D73A33F251C0,HttpSession returned null object for SPRING_SECURITY_CONTEXT
05-23-2017 12:52:00.730,DEBUG,A559DD9068F08B5DE415D73A33F251C0,No SecurityContext was available from the HttpSession: org.apache.catalina.session.StandardSessionFacade@1bf8d21. A new one will be created.
05-23-2017 12:52:00.730,DEBUG,A559DD9068F08B5DE415D73A33F251C0,/login at position 2 of 11 in additional filter chain; firing Filter: 'WebAsyncManagerIntegrationFilter'
05-23-2017 12:52:00.730,DEBUG,A559DD9068F08B5DE415D73A33F251C0,/login at position 3 of 11 in additional filter chain; firing Filter: 'LogoutFilter'
05-23-2017 12:52:00.730,DEBUG,A559DD9068F08B5DE415D73A33F251C0,Logging out user 'null' and transferring to logout destination
05-23-2017 12:52:00.730,DEBUG,A559DD9068F08B5DE415D73A33F251C0,Invalidating session: A174ABDBCFFC6860D8A839E5033DB39E
05-23-2017 12:52:00.730,DEBUG,A559DD9068F08B5DE415D73A33F251C0,Using default Url: /
05-23-2017 12:52:00.730,DEBUG,A559DD9068F08B5DE415D73A33F251C0,Redirecting to '/ict/'
05-23-2017 12:52:00.730,DEBUG,A559DD9068F08B5DE415D73A33F251C0,SecurityContext is empty or contents are anonymous - context will not be stored in HttpSession.
05-23-2017 12:52:00.730,DEBUG,A559DD9068F08B5DE415D73A33F251C0,SecurityContextHolder now cleared, as request processing completed
05-23-2017 12:52:00.731,DEBUG,A559DD9068F08B5DE415D73A33F251C0,/ at position 1 of 11 in additional filter chain; firing Filter: 'SecurityContextPersistenceFilter'
05-23-2017 12:52:00.732,DEBUG,A559DD9068F08B5DE415D73A33F251C0,No HttpSession currently exists
05-23-2017 12:52:00.732,DEBUG,A559DD9068F08B5DE415D73A33F251C0,No SecurityContext was available from the HttpSession: null. A new one will be created.
05-23-2017 12:52:00.732,DEBUG,A559DD9068F08B5DE415D73A33F251C0,/ at position 2 of 11 in additional filter chain; firing Filter: 'WebAsyncManagerIntegrationFilter'
05-23-2017 12:52:00.732,DEBUG,A559DD9068F08B5DE415D73A33F251C0,/ at position 3 of 11 in additional filter chain; firing Filter: 'LogoutFilter'
05-23-2017 12:52:00.732,DEBUG,A559DD9068F08B5DE415D73A33F251C0,/ at position 4 of 11 in additional filter chain; firing Filter: 'UsernamePasswordAuthenticationFilter'
05-23-2017 12:52:00.732,DEBUG,A559DD9068F08B5DE415D73A33F251C0,/ at position 5 of 11 in additional filter chain; firing Filter: 'BasicAuthenticationFilter'
05-23-2017 12:52:00.732,DEBUG,A559DD9068F08B5DE415D73A33F251C0,/ at position 6 of 11 in additional filter chain; firing Filter: 'RequestCacheAwareFilter'
05-23-2017 12:52:00.732,DEBUG,A559DD9068F08B5DE415D73A33F251C0,/ at position 7 of 11 in additional filter chain; firing Filter: 'SecurityContextHolderAwareRequestFilter'
05-23-2017 12:52:00.732,DEBUG,A559DD9068F08B5DE415D73A33F251C0,/ at position 8 of 11 in additional filter chain; firing Filter: 'AnonymousAuthenticationFilter'
05-23-2017 12:52:00.732,DEBUG,A559DD9068F08B5DE415D73A33F251C0,Populated SecurityContextHolder with anonymous token: 'org.springframework.security.authentication.AnonymousAuthenticationToken@9055c2bc: Principal: anonymousUser; Credentials: [PROTECTED]; Authenticated: true; Details: org.springframework.security.web.authentication.WebAuthenticationDetails@b364: RemoteIpAddress: 0:0:0:0:0:0:0:1; SessionId: null; Granted Authorities: ROLE_ANONYMOUS'
05-23-2017 12:52:00.732,DEBUG,A559DD9068F08B5DE415D73A33F251C0,/ at position 9 of 11 in additional filter chain; firing Filter: 'SessionManagementFilter'
05-23-2017 12:52:00.733,DEBUG,A559DD9068F08B5DE415D73A33F251C0,Requested session ID A174ABDBCFFC6860D8A839E5033DB39E is invalid.
05-23-2017 12:52:00.733,DEBUG,A559DD9068F08B5DE415D73A33F251C0,/ at position 10 of 11 in additional filter chain; firing Filter: 'ExceptionTranslationFilter'
05-23-2017 12:52:00.733,DEBUG,A559DD9068F08B5DE415D73A33F251C0,/ at position 11 of 11 in additional filter chain; firing Filter: 'FilterSecurityInterceptor'
05-23-2017 12:52:00.733,DEBUG,A559DD9068F08B5DE415D73A33F251C0,Checking match of request : '/'; against '/autherror*'
05-23-2017 12:52:00.733,DEBUG,A559DD9068F08B5DE415D73A33F251C0,Checking match of request : '/'; against '/login/**'
05-23-2017 12:52:00.733,DEBUG,A559DD9068F08B5DE415D73A33F251C0,Checking match of request : '/'; against '/error/**'
05-23-2017 12:52:00.733,DEBUG,A559DD9068F08B5DE415D73A33F251C0,Checking match of request : '/'; against '/0001/**'
05-23-2017 12:52:00.733,DEBUG,A559DD9068F08B5DE415D73A33F251C0,Checking match of request : '/'; against '/0002/**'
05-23-2017 12:52:00.733,DEBUG,A559DD9068F08B5DE415D73A33F251C0,Checking match of request : '/'; against '/0003/**'
05-23-2017 12:52:00.733,DEBUG,A559DD9068F08B5DE415D73A33F251C0,Checking match of request : '/'; against '/0005/**'
05-23-2017 12:52:00.733,DEBUG,A559DD9068F08B5DE415D73A33F251C0,Checking match of request : '/'; against '/0007/**'
05-23-2017 12:52:00.733,DEBUG,A559DD9068F08B5DE415D73A33F251C0,Checking match of request : '/'; against '/0009/**'
05-23-2017 12:52:00.733,DEBUG,A559DD9068F08B5DE415D73A33F251C0,Checking match of request : '/'; against '/0013/**'
05-23-2017 12:52:00.733,DEBUG,A559DD9068F08B5DE415D73A33F251C0,Checking match of request : '/'; against '/0023/**'
05-23-2017 12:52:00.733,DEBUG,A559DD9068F08B5DE415D73A33F251C0,Checking match of request : '/'; against '/0017/**'
05-23-2017 12:52:00.733,DEBUG,A559DD9068F08B5DE415D73A33F251C0,Checking match of request : '/'; against '/0031/**'
05-23-2017 12:52:00.733,DEBUG,A559DD9068F08B5DE415D73A33F251C0,Checking match of request : '/'; against '/0035/**'
05-23-2017 12:52:00.733,DEBUG,A559DD9068F08B5DE415D73A33F251C0,Checking match of request : '/'; against '/0037/**'
05-23-2017 12:52:00.733,DEBUG,A559DD9068F08B5DE415D73A33F251C0,Checking match of request : '/'; against '/0045/**'
05-23-2017 12:52:00.733,DEBUG,A559DD9068F08B5DE415D73A33F251C0,Checking match of request : '/'; against '/0047/**'
05-23-2017 12:52:00.733,DEBUG,A559DD9068F08B5DE415D73A33F251C0,Checking match of request : '/'; against '/0049/**'
05-23-2017 12:52:00.733,DEBUG,A559DD9068F08B5DE415D73A33F251C0,Checking match of request : '/'; against '/0061/**'
05-23-2017 12:52:00.733,DEBUG,A559DD9068F08B5DE415D73A33F251C0,Checking match of request : '/'; against '/0087/**'
05-23-2017 12:52:00.733,DEBUG,A559DD9068F08B5DE415D73A33F251C0,Checking match of request : '/'; against '/0075/**'
05-23-2017 12:52:00.733,DEBUG,A559DD9068F08B5DE415D73A33F251C0,Checking match of request : '/'; against '/0089/**'
05-23-2017 12:52:00.733,DEBUG,A559DD9068F08B5DE415D73A33F251C0,Checking match of request : '/'; against '/0090/**'
05-23-2017 12:52:00.733,DEBUG,A559DD9068F08B5DE415D73A33F251C0,Checking match of request : '/'; against '/0091/**'
05-23-2017 12:52:00.733,DEBUG,A559DD9068F08B5DE415D73A33F251C0,Checking match of request : '/'; against '/0092/**'
05-23-2017 12:52:00.733,DEBUG,A559DD9068F08B5DE415D73A33F251C0,Checking match of request : '/'; against '/0095/**'
05-23-2017 12:52:00.733,DEBUG,A559DD9068F08B5DE415D73A33F251C0,Secure object: FilterInvocation: URL: /; Attributes: [IS_AUTHENTICATED_ANONYMOUSLY]
05-23-2017 12:52:00.733,DEBUG,A559DD9068F08B5DE415D73A33F251C0,Previously Authenticated: org.springframework.security.authentication.AnonymousAuthenticationToken@9055c2bc: Principal: anonymousUser; Credentials: [PROTECTED]; Authenticated: true; Details: org.springframework.security.web.authentication.WebAuthenticationDetails@b364: RemoteIpAddress: 0:0:0:0:0:0:0:1; SessionId: null; Granted Authorities: ROLE_ANONYMOUS
05-23-2017 12:52:00.734,DEBUG,A559DD9068F08B5DE415D73A33F251C0,Voter: org.springframework.security.access.vote.RoleVoter@c7637e, returned: 0
05-23-2017 12:52:00.734,DEBUG,A559DD9068F08B5DE415D73A33F251C0,Voter: org.springframework.security.access.vote.AuthenticatedVoter@1f8faaf, returned: 1
05-23-2017 12:52:00.734,DEBUG,A559DD9068F08B5DE415D73A33F251C0,Authorization successful
05-23-2017 12:52:00.734,DEBUG,A559DD9068F08B5DE415D73A33F251C0,RunAsManager did not change Authentication object
05-23-2017 12:52:00.734,DEBUG,A559DD9068F08B5DE415D73A33F251C0,/ reached end of additional filter chain; proceeding with original chain
05-23-2017 12:52:00.734,DEBUG,A559DD9068F08B5DE415D73A33F251C0,Request [/ict/] is not a multipart request
05-23-2017 12:52:00.734,DEBUG,517CBA9801CD8CB6EA73AC4795DB8152,DispatcherServlet with name 'appServlet' processing GET request for [/ict/]
05-23-2017 12:52:00.734,DEBUG,517CBA9801CD8CB6EA73AC4795DB8152,Looking up handler method for path /
05-23-2017 12:52:00.734,DEBUG,517CBA9801CD8CB6EA73AC4795DB8152,Returning handler method [public java.lang.String vn.bananavietnam.ict.common.controller.AuthController.login()]
05-23-2017 12:52:00.734,DEBUG,517CBA9801CD8CB6EA73AC4795DB8152,Returning cached instance of singleton bean 'authController'
05-23-2017 12:52:00.734,DEBUG,517CBA9801CD8CB6EA73AC4795DB8152,Last-Modified value for [/ict/] is: -1
05-23-2017 12:52:00.734,DEBUG,517CBA9801CD8CB6EA73AC4795DB8152,Returning cached instance of singleton bean 'xml_path'
05-23-2017 12:52:00.735,DEBUG,517CBA9801CD8CB6EA73AC4795DB8152,Rendering view [org.springframework.web.servlet.view.JstlView: name 'common/PageWrapper'; URL [/WEB-INF/views/common/PageWrapper.jsp]] in DispatcherServlet with name 'appServlet'
05-23-2017 12:52:00.735,DEBUG,517CBA9801CD8CB6EA73AC4795DB8152,Forwarding to resource [/WEB-INF/views/common/PageWrapper.jsp] in InternalResourceView 'common/PageWrapper'
05-23-2017 12:52:00.735,DEBUG,517CBA9801CD8CB6EA73AC4795DB8152,SecurityContext is empty or contents are anonymous - context will not be stored in HttpSession.
05-23-2017 12:52:00.735,DEBUG,517CBA9801CD8CB6EA73AC4795DB8152,Successfully completed request
05-23-2017 12:52:00.735,DEBUG,517CBA9801CD8CB6EA73AC4795DB8152,Chain processed normally
05-23-2017 12:52:00.735,DEBUG,517CBA9801CD8CB6EA73AC4795DB8152,SecurityContextHolder now cleared, as request processing completed
05-23-2017 12:52:00.740,DEBUG,A559DD9068F08B5DE415D73A33F251C0,/login/ at position 1 of 11 in additional filter chain; firing Filter: 'SecurityContextPersistenceFilter'
05-23-2017 12:52:00.740,DEBUG,A559DD9068F08B5DE415D73A33F251C0,HttpSession returned null object for SPRING_SECURITY_CONTEXT
05-23-2017 12:52:00.740,DEBUG,A559DD9068F08B5DE415D73A33F251C0,No SecurityContext was available from the HttpSession: org.apache.catalina.session.StandardSessionFacade@1005011. A new one will be created.
05-23-2017 12:52:00.740,DEBUG,A559DD9068F08B5DE415D73A33F251C0,/login/ at position 2 of 11 in additional filter chain; firing Filter: 'WebAsyncManagerIntegrationFilter'
05-23-2017 12:52:00.740,DEBUG,A559DD9068F08B5DE415D73A33F251C0,/login/ at position 3 of 11 in additional filter chain; firing Filter: 'LogoutFilter'
05-23-2017 12:52:00.740,DEBUG,A559DD9068F08B5DE415D73A33F251C0,/login/ at position 4 of 11 in additional filter chain; firing Filter: 'UsernamePasswordAuthenticationFilter'
05-23-2017 12:52:00.740,DEBUG,A559DD9068F08B5DE415D73A33F251C0,/login/ at position 5 of 11 in additional filter chain; firing Filter: 'BasicAuthenticationFilter'
05-23-2017 12:52:00.740,DEBUG,A559DD9068F08B5DE415D73A33F251C0,/login/ at position 6 of 11 in additional filter chain; firing Filter: 'RequestCacheAwareFilter'
05-23-2017 12:52:00.740,DEBUG,A559DD9068F08B5DE415D73A33F251C0,/login/ at position 7 of 11 in additional filter chain; firing Filter: 'SecurityContextHolderAwareRequestFilter'
05-23-2017 12:52:00.740,DEBUG,A559DD9068F08B5DE415D73A33F251C0,/login/ at position 8 of 11 in additional filter chain; firing Filter: 'AnonymousAuthenticationFilter'
05-23-2017 12:52:00.740,DEBUG,A559DD9068F08B5DE415D73A33F251C0,Populated SecurityContextHolder with anonymous token: 'org.springframework.security.authentication.AnonymousAuthenticationToken@6faa3d44: Principal: anonymousUser; Credentials: [PROTECTED]; Authenticated: true; Details: org.springframework.security.web.authentication.WebAuthenticationDetails@ffff4c9c: RemoteIpAddress: 0:0:0:0:0:0:0:1; SessionId: 517CBA9801CD8CB6EA73AC4795DB8152; Granted Authorities: ROLE_ANONYMOUS'
05-23-2017 12:52:00.740,DEBUG,A559DD9068F08B5DE415D73A33F251C0,/login/ at position 9 of 11 in additional filter chain; firing Filter: 'SessionManagementFilter'
05-23-2017 12:52:00.740,DEBUG,A559DD9068F08B5DE415D73A33F251C0,/login/ at position 10 of 11 in additional filter chain; firing Filter: 'ExceptionTranslationFilter'
05-23-2017 12:52:00.740,DEBUG,A559DD9068F08B5DE415D73A33F251C0,/login/ at position 11 of 11 in additional filter chain; firing Filter: 'FilterSecurityInterceptor'
05-23-2017 12:52:00.740,DEBUG,A559DD9068F08B5DE415D73A33F251C0,Checking match of request : '/login/'; against '/autherror*'
05-23-2017 12:52:00.740,DEBUG,A559DD9068F08B5DE415D73A33F251C0,Checking match of request : '/login/'; against '/login/**'
05-23-2017 12:52:00.740,DEBUG,A559DD9068F08B5DE415D73A33F251C0,Secure object: FilterInvocation: URL: /login/; Attributes: [IS_AUTHENTICATED_ANONYMOUSLY]
05-23-2017 12:52:00.740,DEBUG,A559DD9068F08B5DE415D73A33F251C0,Previously Authenticated: org.springframework.security.authentication.AnonymousAuthenticationToken@6faa3d44: Principal: anonymousUser; Credentials: [PROTECTED]; Authenticated: true; Details: org.springframework.security.web.authentication.WebAuthenticationDetails@ffff4c9c: RemoteIpAddress: 0:0:0:0:0:0:0:1; SessionId: 517CBA9801CD8CB6EA73AC4795DB8152; Granted Authorities: ROLE_ANONYMOUS
05-23-2017 12:52:00.740,DEBUG,A559DD9068F08B5DE415D73A33F251C0,Voter: org.springframework.security.access.vote.RoleVoter@c7637e, returned: 0
05-23-2017 12:52:00.740,DEBUG,A559DD9068F08B5DE415D73A33F251C0,Voter: org.springframework.security.access.vote.AuthenticatedVoter@1f8faaf, returned: 1
05-23-2017 12:52:00.740,DEBUG,A559DD9068F08B5DE415D73A33F251C0,Authorization successful
05-23-2017 12:52:00.741,DEBUG,A559DD9068F08B5DE415D73A33F251C0,RunAsManager did not change Authentication object
05-23-2017 12:52:00.741,DEBUG,A559DD9068F08B5DE415D73A33F251C0,/login/ reached end of additional filter chain; proceeding with original chain
05-23-2017 12:52:00.741,DEBUG,A559DD9068F08B5DE415D73A33F251C0,Request [/ict/login/] is not a multipart request
05-23-2017 12:52:00.741,DEBUG,517CBA9801CD8CB6EA73AC4795DB8152,DispatcherServlet with name 'appServlet' processing GET request for [/ict/login/]
05-23-2017 12:52:00.741,DEBUG,517CBA9801CD8CB6EA73AC4795DB8152,Looking up handler method for path /login/
05-23-2017 12:52:00.741,DEBUG,517CBA9801CD8CB6EA73AC4795DB8152,Returning handler method [public java.lang.String vn.bananavietnam.ict.common.controller.LoginController.top(java.util.Locale,org.springframework.ui.Model)]
05-23-2017 12:52:00.741,DEBUG,517CBA9801CD8CB6EA73AC4795DB8152,Returning cached instance of singleton bean 'loginController'
05-23-2017 12:52:00.741,DEBUG,517CBA9801CD8CB6EA73AC4795DB8152,Last-Modified value for [/ict/login/] is: -1
05-23-2017 12:52:00.741,DEBUG,517CBA9801CD8CB6EA73AC4795DB8152,Returning cached instance of singleton bean 'xml_path'
05-23-2017 12:52:00.741,DEBUG,517CBA9801CD8CB6EA73AC4795DB8152,Rendering view [org.springframework.web.servlet.view.JstlView: name 'common/login'; URL [/WEB-INF/views/common/login.jsp]] in DispatcherServlet with name 'appServlet'
05-23-2017 12:52:00.741,DEBUG,517CBA9801CD8CB6EA73AC4795DB8152,Forwarding to resource [/WEB-INF/views/common/login.jsp] in InternalResourceView 'common/login'
05-23-2017 12:52:00.743,DEBUG,517CBA9801CD8CB6EA73AC4795DB8152,SecurityContext is empty or contents are anonymous - context will not be stored in HttpSession.
05-23-2017 12:52:00.744,DEBUG,517CBA9801CD8CB6EA73AC4795DB8152,Successfully completed request
05-23-2017 12:52:00.744,DEBUG,517CBA9801CD8CB6EA73AC4795DB8152,Chain processed normally
05-23-2017 12:52:00.744,DEBUG,517CBA9801CD8CB6EA73AC4795DB8152,SecurityContextHolder now cleared, as request processing completed
05-23-2017 12:52:00.768,DEBUG,B4EAB259C8DE9C786FE93A881C15ECDA,/resources/js/common/common.js?date=20170523030813 at position 1 of 11 in additional filter chain; firing Filter: 'SecurityContextPersistenceFilter'
05-23-2017 12:52:00.768,DEBUG,B4EAB259C8DE9C786FE93A881C15ECDA,HttpSession returned null object for SPRING_SECURITY_CONTEXT
05-23-2017 12:52:00.768,DEBUG,B4EAB259C8DE9C786FE93A881C15ECDA,No SecurityContext was available from the HttpSession: org.apache.catalina.session.StandardSessionFacade@1005011. A new one will be created.
05-23-2017 12:52:00.768,DEBUG,B4EAB259C8DE9C786FE93A881C15ECDA,/resources/js/common/common.js?date=20170523030813 at position 2 of 11 in additional filter chain; firing Filter: 'WebAsyncManagerIntegrationFilter'
05-23-2017 12:52:00.768,DEBUG,B4EAB259C8DE9C786FE93A881C15ECDA,/resources/js/common/common.js?date=20170523030813 at position 3 of 11 in additional filter chain; firing Filter: 'LogoutFilter'
05-23-2017 12:52:00.768,DEBUG,B4EAB259C8DE9C786FE93A881C15ECDA,/resources/js/common/common.js?date=20170523030813 at position 4 of 11 in additional filter chain; firing Filter: 'UsernamePasswordAuthenticationFilter'
05-23-2017 12:52:00.768,DEBUG,B4EAB259C8DE9C786FE93A881C15ECDA,/resources/js/common/common.js?date=20170523030813 at position 5 of 11 in additional filter chain; firing Filter: 'BasicAuthenticationFilter'
05-23-2017 12:52:00.768,DEBUG,B4EAB259C8DE9C786FE93A881C15ECDA,/resources/js/common/common.js?date=20170523030813 at position 6 of 11 in additional filter chain; firing Filter: 'RequestCacheAwareFilter'
05-23-2017 12:52:00.768,DEBUG,B4EAB259C8DE9C786FE93A881C15ECDA,/resources/js/common/common.js?date=20170523030813 at position 7 of 11 in additional filter chain; firing Filter: 'SecurityContextHolderAwareRequestFilter'
05-23-2017 12:52:00.768,DEBUG,B4EAB259C8DE9C786FE93A881C15ECDA,/resources/js/common/common.js?date=20170523030813 at position 8 of 11 in additional filter chain; firing Filter: 'AnonymousAuthenticationFilter'
05-23-2017 12:52:00.768,DEBUG,B4EAB259C8DE9C786FE93A881C15ECDA,Populated SecurityContextHolder with anonymous token: 'org.springframework.security.authentication.AnonymousAuthenticationToken@6faa3d44: Principal: anonymousUser; Credentials: [PROTECTED]; Authenticated: true; Details: org.springframework.security.web.authentication.WebAuthenticationDetails@ffff4c9c: RemoteIpAddress: 0:0:0:0:0:0:0:1; SessionId: 517CBA9801CD8CB6EA73AC4795DB8152; Granted Authorities: ROLE_ANONYMOUS'
05-23-2017 12:52:00.768,DEBUG,B4EAB259C8DE9C786FE93A881C15ECDA,/resources/js/common/common.js?date=20170523030813 at position 9 of 11 in additional filter chain; firing Filter: 'SessionManagementFilter'
05-23-2017 12:52:00.769,DEBUG,B4EAB259C8DE9C786FE93A881C15ECDA,/resources/js/common/common.js?date=20170523030813 at position 10 of 11 in additional filter chain; firing Filter: 'ExceptionTranslationFilter'
05-23-2017 12:52:00.769,DEBUG,B4EAB259C8DE9C786FE93A881C15ECDA,/resources/js/common/common.js?date=20170523030813 at position 11 of 11 in additional filter chain; firing Filter: 'FilterSecurityInterceptor'
05-23-2017 12:52:00.769,DEBUG,B4EAB259C8DE9C786FE93A881C15ECDA,Checking match of request : '/resources/js/common/common.js'; against '/autherror*'
05-23-2017 12:52:00.769,DEBUG,B4EAB259C8DE9C786FE93A881C15ECDA,Checking match of request : '/resources/js/common/common.js'; against '/login/**'
05-23-2017 12:52:00.769,DEBUG,B4EAB259C8DE9C786FE93A881C15ECDA,Checking match of request : '/resources/js/common/common.js'; against '/error/**'
05-23-2017 12:52:00.769,DEBUG,B4EAB259C8DE9C786FE93A881C15ECDA,Checking match of request : '/resources/js/common/common.js'; against '/0001/**'
05-23-2017 12:52:00.769,DEBUG,B4EAB259C8DE9C786FE93A881C15ECDA,Checking match of request : '/resources/js/common/common.js'; against '/0002/**'
05-23-2017 12:52:00.769,DEBUG,B4EAB259C8DE9C786FE93A881C15ECDA,Checking match of request : '/resources/js/common/common.js'; against '/0003/**'
05-23-2017 12:52:00.769,DEBUG,B4EAB259C8DE9C786FE93A881C15ECDA,Checking match of request : '/resources/js/common/common.js'; against '/0005/**'
05-23-2017 12:52:00.769,DEBUG,B4EAB259C8DE9C786FE93A881C15ECDA,Checking match of request : '/resources/js/common/common.js'; against '/0007/**'
05-23-2017 12:52:00.769,DEBUG,B4EAB259C8DE9C786FE93A881C15ECDA,Checking match of request : '/resources/js/common/common.js'; against '/0009/**'
05-23-2017 12:52:00.769,DEBUG,B4EAB259C8DE9C786FE93A881C15ECDA,Checking match of request : '/resources/js/common/common.js'; against '/0013/**'
05-23-2017 12:52:00.769,DEBUG,B4EAB259C8DE9C786FE93A881C15ECDA,Checking match of request : '/resources/js/common/common.js'; against '/0023/**'
05-23-2017 12:52:00.769,DEBUG,B4EAB259C8DE9C786FE93A881C15ECDA,Checking match of request : '/resources/js/common/common.js'; against '/0017/**'
05-23-2017 12:52:00.769,DEBUG,B4EAB259C8DE9C786FE93A881C15ECDA,Checking match of request : '/resources/js/common/common.js'; against '/0031/**'
05-23-2017 12:52:00.769,DEBUG,B4EAB259C8DE9C786FE93A881C15ECDA,Checking match of request : '/resources/js/common/common.js'; against '/0035/**'
05-23-2017 12:52:00.769,DEBUG,B4EAB259C8DE9C786FE93A881C15ECDA,Checking match of request : '/resources/js/common/common.js'; against '/0037/**'
05-23-2017 12:52:00.769,DEBUG,B4EAB259C8DE9C786FE93A881C15ECDA,Checking match of request : '/resources/js/common/common.js'; against '/0045/**'
05-23-2017 12:52:00.769,DEBUG,B4EAB259C8DE9C786FE93A881C15ECDA,Checking match of request : '/resources/js/common/common.js'; against '/0047/**'
05-23-2017 12:52:00.769,DEBUG,B4EAB259C8DE9C786FE93A881C15ECDA,Checking match of request : '/resources/js/common/common.js'; against '/0049/**'
05-23-2017 12:52:00.769,DEBUG,B4EAB259C8DE9C786FE93A881C15ECDA,Checking match of request : '/resources/js/common/common.js'; against '/0061/**'
05-23-2017 12:52:00.769,DEBUG,B4EAB259C8DE9C786FE93A881C15ECDA,Checking match of request : '/resources/js/common/common.js'; against '/0087/**'
05-23-2017 12:52:00.769,DEBUG,B4EAB259C8DE9C786FE93A881C15ECDA,Checking match of request : '/resources/js/common/common.js'; against '/0075/**'
05-23-2017 12:52:00.769,DEBUG,B4EAB259C8DE9C786FE93A881C15ECDA,Checking match of request : '/resources/js/common/common.js'; against '/0089/**'
05-23-2017 12:52:00.769,DEBUG,B4EAB259C8DE9C786FE93A881C15ECDA,Checking match of request : '/resources/js/common/common.js'; against '/0090/**'
05-23-2017 12:52:00.769,DEBUG,B4EAB259C8DE9C786FE93A881C15ECDA,Checking match of request : '/resources/js/common/common.js'; against '/0091/**'
05-23-2017 12:52:00.769,DEBUG,B4EAB259C8DE9C786FE93A881C15ECDA,Checking match of request : '/resources/js/common/common.js'; against '/0092/**'
05-23-2017 12:52:00.769,DEBUG,B4EAB259C8DE9C786FE93A881C15ECDA,Checking match of request : '/resources/js/common/common.js'; against '/0095/**'
05-23-2017 12:52:00.769,DEBUG,B4EAB259C8DE9C786FE93A881C15ECDA,Secure object: FilterInvocation: URL: /resources/js/common/common.js?date=20170523030813; Attributes: [IS_AUTHENTICATED_ANONYMOUSLY]
05-23-2017 12:52:00.769,DEBUG,B4EAB259C8DE9C786FE93A881C15ECDA,Previously Authenticated: org.springframework.security.authentication.AnonymousAuthenticationToken@6faa3d44: Principal: anonymousUser; Credentials: [PROTECTED]; Authenticated: true; Details: org.springframework.security.web.authentication.WebAuthenticationDetails@ffff4c9c: RemoteIpAddress: 0:0:0:0:0:0:0:1; SessionId: 517CBA9801CD8CB6EA73AC4795DB8152; Granted Authorities: ROLE_ANONYMOUS
05-23-2017 12:52:00.769,DEBUG,B4EAB259C8DE9C786FE93A881C15ECDA,Voter: org.springframework.security.access.vote.RoleVoter@c7637e, returned: 0
05-23-2017 12:52:00.769,DEBUG,B4EAB259C8DE9C786FE93A881C15ECDA,Voter: org.springframework.security.access.vote.AuthenticatedVoter@1f8faaf, returned: 1
05-23-2017 12:52:00.769,DEBUG,B4EAB259C8DE9C786FE93A881C15ECDA,Authorization successful
05-23-2017 12:52:00.769,DEBUG,B4EAB259C8DE9C786FE93A881C15ECDA,RunAsManager did not change Authentication object
05-23-2017 12:52:00.769,DEBUG,B4EAB259C8DE9C786FE93A881C15ECDA,/resources/js/common/common.js?date=20170523030813 reached end of additional filter chain; proceeding with original chain
05-23-2017 12:52:00.770,DEBUG,B4EAB259C8DE9C786FE93A881C15ECDA,Request [/ict/resources/js/common/common.js] is not a multipart request
05-23-2017 12:52:00.770,DEBUG,517CBA9801CD8CB6EA73AC4795DB8152,DispatcherServlet with name 'appServlet' processing GET request for [/ict/resources/js/common/common.js]
05-23-2017 12:52:00.770,DEBUG,517CBA9801CD8CB6EA73AC4795DB8152,Looking up handler method for path /resources/js/common/common.js
05-23-2017 12:52:00.771,DEBUG,517CBA9801CD8CB6EA73AC4795DB8152,Did not find handler method for [/resources/js/common/common.js]
05-23-2017 12:52:00.771,DEBUG,517CBA9801CD8CB6EA73AC4795DB8152,Matching patterns for request [/resources/js/common/common.js] are [/resources/**]
05-23-2017 12:52:00.771,DEBUG,517CBA9801CD8CB6EA73AC4795DB8152,URI Template variables for request [/resources/js/common/common.js] are {}
05-23-2017 12:52:00.771,DEBUG,517CBA9801CD8CB6EA73AC4795DB8152,Mapping [/resources/js/common/common.js] to HandlerExecutionChain with handler [ResourceHttpRequestHandler [locations=[ServletContext resource [/resources/]], resolvers=[org.springframework.web.servlet.resource.PathResourceResolver@15bbc22]]] and 1 interceptor
05-23-2017 12:52:00.771,DEBUG,517CBA9801CD8CB6EA73AC4795DB8152,Last-Modified value for [/ict/resources/js/common/common.js] is: -1
05-23-2017 12:52:00.771,DEBUG,517CBA9801CD8CB6EA73AC4795DB8152,Returning cached instance of singleton bean 'xml_path'
05-23-2017 12:52:00.772,DEBUG,517CBA9801CD8CB6EA73AC4795DB8152,Null ModelAndView returned to DispatcherServlet with name 'appServlet': assuming HandlerAdapter completed request handling
05-23-2017 12:52:00.772,DEBUG,517CBA9801CD8CB6EA73AC4795DB8152,Successfully completed request
05-23-2017 12:52:00.772,DEBUG,517CBA9801CD8CB6EA73AC4795DB8152,Chain processed normally
05-23-2017 12:52:00.772,DEBUG,517CBA9801CD8CB6EA73AC4795DB8152,SecurityContext is empty or contents are anonymous - context will not be stored in HttpSession.
05-23-2017 12:52:00.772,DEBUG,517CBA9801CD8CB6EA73AC4795DB8152,SecurityContextHolder now cleared, as request processing completed
05-23-2017 12:51:28.610,DEBUG,B8BFDF15B8E56CCB61BAAA134C928E7B,/0089/searchData at position 1 of 11 in additional filter chain; firing Filter: 'SecurityContextPersistenceFilter'
05-23-2017 12:51:28.611,DEBUG,B8BFDF15B8E56CCB61BAAA134C928E7B,Obtained a valid SecurityContext from SPRING_SECURITY_CONTEXT: 'org.springframework.security.core.context.SecurityContextImpl@c4944c4b: Authentication: org.springframework.security.authentication.UsernamePasswordAuthenticationToken@c4944c4b: Principal: vn.bananavietnam.ict.common.auth.MyUser@c4907816: Username: U0000000001; Password: [PROTECTED]; Enabled: true; AccountNonExpired: true; credentialsNonExpired: true; AccountNonLocked: true; Granted Authorities: 1; Credentials: [PROTECTED]; Authenticated: true; Details: org.springframework.security.web.authentication.WebAuthenticationDetails@fffbcba8: RemoteIpAddress: 0:0:0:0:0:0:0:1; SessionId: 9EFBD15AA42C4D2A05B3699D1A11CB26; Granted Authorities: 1'
05-23-2017 12:51:28.611,DEBUG,B8BFDF15B8E56CCB61BAAA134C928E7B,/0089/searchData at position 2 of 11 in additional filter chain; firing Filter: 'WebAsyncManagerIntegrationFilter'
05-23-2017 12:51:28.611,DEBUG,B8BFDF15B8E56CCB61BAAA134C928E7B,/0089/searchData at position 3 of 11 in additional filter chain; firing Filter: 'LogoutFilter'
05-23-2017 12:51:28.611,DEBUG,B8BFDF15B8E56CCB61BAAA134C928E7B,/0089/searchData at position 4 of 11 in additional filter chain; firing Filter: 'UsernamePasswordAuthenticationFilter'
05-23-2017 12:51:28.611,DEBUG,B8BFDF15B8E56CCB61BAAA134C928E7B,/0089/searchData at position 5 of 11 in additional filter chain; firing Filter: 'BasicAuthenticationFilter'
05-23-2017 12:51:28.611,DEBUG,B8BFDF15B8E56CCB61BAAA134C928E7B,/0089/searchData at position 6 of 11 in additional filter chain; firing Filter: 'RequestCacheAwareFilter'
05-23-2017 12:51:28.611,DEBUG,B8BFDF15B8E56CCB61BAAA134C928E7B,/0089/searchData at position 7 of 11 in additional filter chain; firing Filter: 'SecurityContextHolderAwareRequestFilter'
05-23-2017 12:51:28.611,DEBUG,B8BFDF15B8E56CCB61BAAA134C928E7B,/0089/searchData at position 8 of 11 in additional filter chain; firing Filter: 'AnonymousAuthenticationFilter'
05-23-2017 12:51:28.611,DEBUG,B8BFDF15B8E56CCB61BAAA134C928E7B,SecurityContextHolder not populated with anonymous token, as it already contained: 'org.springframework.security.authentication.UsernamePasswordAuthenticationToken@c4944c4b: Principal: vn.bananavietnam.ict.common.auth.MyUser@c4907816: Username: U0000000001; Password: [PROTECTED]; Enabled: true; AccountNonExpired: true; credentialsNonExpired: true; AccountNonLocked: true; Granted Authorities: 1; Credentials: [PROTECTED]; Authenticated: true; Details: org.springframework.security.web.authentication.WebAuthenticationDetails@fffbcba8: RemoteIpAddress: 0:0:0:0:0:0:0:1; SessionId: 9EFBD15AA42C4D2A05B3699D1A11CB26; Granted Authorities: 1'
05-23-2017 12:51:28.611,DEBUG,B8BFDF15B8E56CCB61BAAA134C928E7B,/0089/searchData at position 9 of 11 in additional filter chain; firing Filter: 'SessionManagementFilter'
05-23-2017 12:51:28.611,DEBUG,B8BFDF15B8E56CCB61BAAA134C928E7B,/0089/searchData at position 10 of 11 in additional filter chain; firing Filter: 'ExceptionTranslationFilter'
05-23-2017 12:51:28.611,DEBUG,B8BFDF15B8E56CCB61BAAA134C928E7B,/0089/searchData at position 11 of 11 in additional filter chain; firing Filter: 'FilterSecurityInterceptor'
05-23-2017 12:51:28.611,DEBUG,B8BFDF15B8E56CCB61BAAA134C928E7B,Checking match of request : '/0089/searchdata'; against '/autherror*'
05-23-2017 12:51:28.611,DEBUG,B8BFDF15B8E56CCB61BAAA134C928E7B,Checking match of request : '/0089/searchdata'; against '/login/**'
05-23-2017 12:51:28.611,DEBUG,B8BFDF15B8E56CCB61BAAA134C928E7B,Checking match of request : '/0089/searchdata'; against '/error/**'
05-23-2017 12:51:28.611,DEBUG,B8BFDF15B8E56CCB61BAAA134C928E7B,Checking match of request : '/0089/searchdata'; against '/0001/**'
05-23-2017 12:51:28.611,DEBUG,B8BFDF15B8E56CCB61BAAA134C928E7B,Checking match of request : '/0089/searchdata'; against '/0002/**'
05-23-2017 12:51:28.611,DEBUG,B8BFDF15B8E56CCB61BAAA134C928E7B,Checking match of request : '/0089/searchdata'; against '/0003/**'
05-23-2017 12:51:28.611,DEBUG,B8BFDF15B8E56CCB61BAAA134C928E7B,Checking match of request : '/0089/searchdata'; against '/0005/**'
05-23-2017 12:51:28.611,DEBUG,B8BFDF15B8E56CCB61BAAA134C928E7B,Checking match of request : '/0089/searchdata'; against '/0007/**'
05-23-2017 12:51:28.611,DEBUG,B8BFDF15B8E56CCB61BAAA134C928E7B,Checking match of request : '/0089/searchdata'; against '/0009/**'
05-23-2017 12:51:28.611,DEBUG,B8BFDF15B8E56CCB61BAAA134C928E7B,Checking match of request : '/0089/searchdata'; against '/0013/**'
05-23-2017 12:51:28.611,DEBUG,B8BFDF15B8E56CCB61BAAA134C928E7B,Checking match of request : '/0089/searchdata'; against '/0023/**'
05-23-2017 12:51:28.611,DEBUG,B8BFDF15B8E56CCB61BAAA134C928E7B,Checking match of request : '/0089/searchdata'; against '/0017/**'
05-23-2017 12:51:28.611,DEBUG,B8BFDF15B8E56CCB61BAAA134C928E7B,Checking match of request : '/0089/searchdata'; against '/0031/**'
05-23-2017 12:51:28.611,DEBUG,B8BFDF15B8E56CCB61BAAA134C928E7B,Checking match of request : '/0089/searchdata'; against '/0035/**'
05-23-2017 12:51:28.611,DEBUG,B8BFDF15B8E56CCB61BAAA134C928E7B,Checking match of request : '/0089/searchdata'; against '/0037/**'
05-23-2017 12:51:28.611,DEBUG,B8BFDF15B8E56CCB61BAAA134C928E7B,Checking match of request : '/0089/searchdata'; against '/0045/**'
05-23-2017 12:51:28.611,DEBUG,B8BFDF15B8E56CCB61BAAA134C928E7B,Checking match of request : '/0089/searchdata'; against '/0047/**'
05-23-2017 12:51:28.611,DEBUG,B8BFDF15B8E56CCB61BAAA134C928E7B,Checking match of request : '/0089/searchdata'; against '/0049/**'
05-23-2017 12:51:28.611,DEBUG,B8BFDF15B8E56CCB61BAAA134C928E7B,Checking match of request : '/0089/searchdata'; against '/0061/**'
05-23-2017 12:51:28.611,DEBUG,B8BFDF15B8E56CCB61BAAA134C928E7B,Checking match of request : '/0089/searchdata'; against '/0087/**'
05-23-2017 12:51:28.611,DEBUG,B8BFDF15B8E56CCB61BAAA134C928E7B,Checking match of request : '/0089/searchdata'; against '/0075/**'
05-23-2017 12:51:28.611,DEBUG,B8BFDF15B8E56CCB61BAAA134C928E7B,Checking match of request : '/0089/searchdata'; against '/0089/**'
05-23-2017 12:51:28.611,DEBUG,B8BFDF15B8E56CCB61BAAA134C928E7B,Secure object: FilterInvocation: URL: /0089/searchData; Attributes: [ROLE_ADMIN, ROLE_USER, IS_AUTHENTICATED_FULLY]
05-23-2017 12:51:28.611,DEBUG,B8BFDF15B8E56CCB61BAAA134C928E7B,Previously Authenticated: org.springframework.security.authentication.UsernamePasswordAuthenticationToken@c4944c4b: Principal: vn.bananavietnam.ict.common.auth.MyUser@c4907816: Username: U0000000001; Password: [PROTECTED]; Enabled: true; AccountNonExpired: true; credentialsNonExpired: true; AccountNonLocked: true; Granted Authorities: 1; Credentials: [PROTECTED]; Authenticated: true; Details: org.springframework.security.web.authentication.WebAuthenticationDetails@fffbcba8: RemoteIpAddress: 0:0:0:0:0:0:0:1; SessionId: 9EFBD15AA42C4D2A05B3699D1A11CB26; Granted Authorities: 1
05-23-2017 12:51:28.611,DEBUG,B8BFDF15B8E56CCB61BAAA134C928E7B,Voter: org.springframework.security.access.vote.RoleVoter@1ac872d, returned: -1
05-23-2017 12:51:28.611,DEBUG,B8BFDF15B8E56CCB61BAAA134C928E7B,Voter: org.springframework.security.access.vote.AuthenticatedVoter@b1927d, returned: 1
05-23-2017 12:51:28.611,DEBUG,B8BFDF15B8E56CCB61BAAA134C928E7B,Authorization successful
05-23-2017 12:51:28.611,DEBUG,B8BFDF15B8E56CCB61BAAA134C928E7B,RunAsManager did not change Authentication object
05-23-2017 12:51:28.611,DEBUG,B8BFDF15B8E56CCB61BAAA134C928E7B,/0089/searchData reached end of additional filter chain; proceeding with original chain
05-23-2017 12:51:28.611,DEBUG,B8BFDF15B8E56CCB61BAAA134C928E7B,Request [/ict/0089/searchData] is not a multipart request
05-23-2017 12:51:28.612,DEBUG,B8BFDF15B8E56CCB61BAAA134C928E7B,DispatcherServlet with name 'appServlet' processing POST request for [/ict/0089/searchData]
05-23-2017 12:51:28.612,DEBUG,B8BFDF15B8E56CCB61BAAA134C928E7B,Looking up handler method for path /0089/searchData
05-23-2017 12:51:28.612,DEBUG,B8BFDF15B8E56CCB61BAAA134C928E7B,Returning handler method [public java.util.List<vn.bananavietnam.ict.banana.component.Bnn0089SearchTaskResult> vn.bananavietnam.ict.banana.controller.Bnn0089SearchTaskController.searchData(vn.bananavietnam.ict.banana.component.Bnn0089SearchTaskConditions)]
05-23-2017 12:51:28.612,DEBUG,B8BFDF15B8E56CCB61BAAA134C928E7B,Returning cached instance of singleton bean 'bnn0089SearchTaskController'
05-23-2017 12:51:28.612,DEBUG,B8BFDF15B8E56CCB61BAAA134C928E7B,Returning cached instance of singleton bean 'xml_path'
05-23-2017 12:51:28.612,DEBUG,B8BFDF15B8E56CCB61BAAA134C928E7B,Skip CORS processing: request is from same origin
05-23-2017 12:51:28.612,DEBUG,B8BFDF15B8E56CCB61BAAA134C928E7B,Read [class vn.bananavietnam.ict.banana.component.Bnn0089SearchTaskConditions] as "application/json" with [org.springframework.http.converter.json.MappingJackson2HttpMessageConverter@156f2cc]
05-23-2017 12:51:28.613,INFO ,B8BFDF15B8E56CCB61BAAA134C928E7B,U0000000001,vn.bananavietnam.ict.banana.service.Bnn0089SearchTaskService,searchData,[vn.bananavietnam.ict.banana.component.Bnn0089SearchTaskConditions@eb0451] METHOD START
05-23-2017 12:51:28.613,DEBUG,B8BFDF15B8E56CCB61BAAA134C928E7B,Returning cached instance of singleton bean 'transactionManager'
05-23-2017 12:51:28.613,INFO ,B8BFDF15B8E56CCB61BAAA134C928E7B,U0000000001,Task searching started
05-23-2017 12:51:28.613,DEBUG,B8BFDF15B8E56CCB61BAAA134C928E7B,Creating a new SqlSession
05-23-2017 12:51:28.613,DEBUG,B8BFDF15B8E56CCB61BAAA134C928E7B,Registering transaction synchronization for SqlSession [org.apache.ibatis.session.defaults.DefaultSqlSession@1eaddb4]
05-23-2017 12:51:28.613,DEBUG,B8BFDF15B8E56CCB61BAAA134C928E7B,Fetching JDBC Connection from DataSource
05-23-2017 12:51:28.613,DEBUG,B8BFDF15B8E56CCB61BAAA134C928E7B,Creating new JDBC DriverManager Connection to [jdbc:mysql://172.16.0.175:3306/BANANA_DB_HUNG_SELENIUM?useUnicode=yes&characterEncoding=UTF-8&autoReconnect=true]
05-23-2017 12:51:32.618,DEBUG,B8BFDF15B8E56CCB61BAAA134C928E7B,Releasing transactional SqlSession [org.apache.ibatis.session.defaults.DefaultSqlSession@1eaddb4]
05-23-2017 12:51:32.621,ERROR,B8BFDF15B8E56CCB61BAAA134C928E7B,U0000000001,java.lang.Exception: nested exception is org.apache.ibatis.exceptions.PersistenceException: 
05-23-2017 12:51:32.621,DEBUG,B8BFDF15B8E56CCB61BAAA134C928E7B,Transaction synchronization deregistering SqlSession [org.apache.ibatis.session.defaults.DefaultSqlSession@1eaddb4]
05-23-2017 12:51:32.621,DEBUG,B8BFDF15B8E56CCB61BAAA134C928E7B,Transaction synchronization closing SqlSession [org.apache.ibatis.session.defaults.DefaultSqlSession@1eaddb4]
05-23-2017 12:51:32.621,DEBUG,B8BFDF15B8E56CCB61BAAA134C928E7B,Should roll back transaction but cannot - no transaction available
05-23-2017 12:51:32.621,INFO ,B8BFDF15B8E56CCB61BAAA134C928E7B,U0000000001,vn.bananavietnam.ict.banana.service.Bnn0089SearchTaskService,searchData,[vn.bananavietnam.ict.banana.component.Bnn0089SearchTaskConditions@eb0451] METHOD END
05-23-2017 12:51:32.621,DEBUG,B8BFDF15B8E56CCB61BAAA134C928E7B,Null ModelAndView returned to DispatcherServlet with name 'appServlet': assuming HandlerAdapter completed request handling
05-23-2017 12:51:32.622,DEBUG,B8BFDF15B8E56CCB61BAAA134C928E7B,Successfully completed request
05-23-2017 12:51:32.622,DEBUG,B8BFDF15B8E56CCB61BAAA134C928E7B,Chain processed normally
05-23-2017 12:51:32.622,DEBUG,B8BFDF15B8E56CCB61BAAA134C928E7B,SecurityContextHolder now cleared, as request processing completed
05-23-2017 12:51:52.589,DEBUG,B8BFDF15B8E56CCB61BAAA134C928E7B,/0089/searchData at position 1 of 11 in additional filter chain; firing Filter: 'SecurityContextPersistenceFilter'
05-23-2017 12:51:52.589,DEBUG,B8BFDF15B8E56CCB61BAAA134C928E7B,Obtained a valid SecurityContext from SPRING_SECURITY_CONTEXT: 'org.springframework.security.core.context.SecurityContextImpl@c4944c4b: Authentication: org.springframework.security.authentication.UsernamePasswordAuthenticationToken@c4944c4b: Principal: vn.bananavietnam.ict.common.auth.MyUser@c4907816: Username: U0000000001; Password: [PROTECTED]; Enabled: true; AccountNonExpired: true; credentialsNonExpired: true; AccountNonLocked: true; Granted Authorities: 1; Credentials: [PROTECTED]; Authenticated: true; Details: org.springframework.security.web.authentication.WebAuthenticationDetails@fffbcba8: RemoteIpAddress: 0:0:0:0:0:0:0:1; SessionId: 9EFBD15AA42C4D2A05B3699D1A11CB26; Granted Authorities: 1'
05-23-2017 12:51:52.589,DEBUG,B8BFDF15B8E56CCB61BAAA134C928E7B,/0089/searchData at position 2 of 11 in additional filter chain; firing Filter: 'WebAsyncManagerIntegrationFilter'
05-23-2017 12:51:52.590,DEBUG,B8BFDF15B8E56CCB61BAAA134C928E7B,/0089/searchData at position 3 of 11 in additional filter chain; firing Filter: 'LogoutFilter'
05-23-2017 12:51:52.590,DEBUG,B8BFDF15B8E56CCB61BAAA134C928E7B,/0089/searchData at position 4 of 11 in additional filter chain; firing Filter: 'UsernamePasswordAuthenticationFilter'
05-23-2017 12:51:52.590,DEBUG,B8BFDF15B8E56CCB61BAAA134C928E7B,/0089/searchData at position 5 of 11 in additional filter chain; firing Filter: 'BasicAuthenticationFilter'
05-23-2017 12:51:52.590,DEBUG,B8BFDF15B8E56CCB61BAAA134C928E7B,/0089/searchData at position 6 of 11 in additional filter chain; firing Filter: 'RequestCacheAwareFilter'
05-23-2017 12:51:52.590,DEBUG,B8BFDF15B8E56CCB61BAAA134C928E7B,/0089/searchData at position 7 of 11 in additional filter chain; firing Filter: 'SecurityContextHolderAwareRequestFilter'
05-23-2017 12:51:52.590,DEBUG,B8BFDF15B8E56CCB61BAAA134C928E7B,/0089/searchData at position 8 of 11 in additional filter chain; firing Filter: 'AnonymousAuthenticationFilter'
05-23-2017 12:51:52.590,DEBUG,B8BFDF15B8E56CCB61BAAA134C928E7B,SecurityContextHolder not populated with anonymous token, as it already contained: 'org.springframework.security.authentication.UsernamePasswordAuthenticationToken@c4944c4b: Principal: vn.bananavietnam.ict.common.auth.MyUser@c4907816: Username: U0000000001; Password: [PROTECTED]; Enabled: true; AccountNonExpired: true; credentialsNonExpired: true; AccountNonLocked: true; Granted Authorities: 1; Credentials: [PROTECTED]; Authenticated: true; Details: org.springframework.security.web.authentication.WebAuthenticationDetails@fffbcba8: RemoteIpAddress: 0:0:0:0:0:0:0:1; SessionId: 9EFBD15AA42C4D2A05B3699D1A11CB26; Granted Authorities: 1'
05-23-2017 12:51:52.590,DEBUG,B8BFDF15B8E56CCB61BAAA134C928E7B,/0089/searchData at position 9 of 11 in additional filter chain; firing Filter: 'SessionManagementFilter'
05-23-2017 12:51:52.590,DEBUG,B8BFDF15B8E56CCB61BAAA134C928E7B,/0089/searchData at position 10 of 11 in additional filter chain; firing Filter: 'ExceptionTranslationFilter'
05-23-2017 12:51:52.590,DEBUG,B8BFDF15B8E56CCB61BAAA134C928E7B,/0089/searchData at position 11 of 11 in additional filter chain; firing Filter: 'FilterSecurityInterceptor'
05-23-2017 12:51:52.590,DEBUG,B8BFDF15B8E56CCB61BAAA134C928E7B,Checking match of request : '/0089/searchdata'; against '/autherror*'
05-23-2017 12:51:52.591,DEBUG,B8BFDF15B8E56CCB61BAAA134C928E7B,Checking match of request : '/0089/searchdata'; against '/login/**'
05-23-2017 12:51:52.591,DEBUG,B8BFDF15B8E56CCB61BAAA134C928E7B,Checking match of request : '/0089/searchdata'; against '/error/**'
05-23-2017 12:51:52.591,DEBUG,B8BFDF15B8E56CCB61BAAA134C928E7B,Checking match of request : '/0089/searchdata'; against '/0001/**'
05-23-2017 12:51:52.591,DEBUG,B8BFDF15B8E56CCB61BAAA134C928E7B,Checking match of request : '/0089/searchdata'; against '/0002/**'
05-23-2017 12:51:52.591,DEBUG,B8BFDF15B8E56CCB61BAAA134C928E7B,Checking match of request : '/0089/searchdata'; against '/0003/**'
05-23-2017 12:51:52.591,DEBUG,B8BFDF15B8E56CCB61BAAA134C928E7B,Checking match of request : '/0089/searchdata'; against '/0005/**'
05-23-2017 12:51:52.591,DEBUG,B8BFDF15B8E56CCB61BAAA134C928E7B,Checking match of request : '/0089/searchdata'; against '/0007/**'
05-23-2017 12:51:52.591,DEBUG,B8BFDF15B8E56CCB61BAAA134C928E7B,Checking match of request : '/0089/searchdata'; against '/0009/**'
05-23-2017 12:51:52.591,DEBUG,B8BFDF15B8E56CCB61BAAA134C928E7B,Checking match of request : '/0089/searchdata'; against '/0013/**'
05-23-2017 12:51:52.591,DEBUG,B8BFDF15B8E56CCB61BAAA134C928E7B,Checking match of request : '/0089/searchdata'; against '/0023/**'
05-23-2017 12:51:52.591,DEBUG,B8BFDF15B8E56CCB61BAAA134C928E7B,Checking match of request : '/0089/searchdata'; against '/0017/**'
05-23-2017 12:51:52.591,DEBUG,B8BFDF15B8E56CCB61BAAA134C928E7B,Checking match of request : '/0089/searchdata'; against '/0031/**'
05-23-2017 12:51:52.591,DEBUG,B8BFDF15B8E56CCB61BAAA134C928E7B,Checking match of request : '/0089/searchdata'; against '/0035/**'
05-23-2017 12:51:52.591,DEBUG,B8BFDF15B8E56CCB61BAAA134C928E7B,Checking match of request : '/0089/searchdata'; against '/0037/**'
05-23-2017 12:51:52.591,DEBUG,B8BFDF15B8E56CCB61BAAA134C928E7B,Checking match of request : '/0089/searchdata'; against '/0045/**'
05-23-2017 12:51:52.591,DEBUG,B8BFDF15B8E56CCB61BAAA134C928E7B,Checking match of request : '/0089/searchdata'; against '/0047/**'
05-23-2017 12:51:52.591,DEBUG,B8BFDF15B8E56CCB61BAAA134C928E7B,Checking match of request : '/0089/searchdata'; against '/0049/**'
05-23-2017 12:51:52.592,DEBUG,B8BFDF15B8E56CCB61BAAA134C928E7B,Checking match of request : '/0089/searchdata'; against '/0061/**'
05-23-2017 12:51:52.592,DEBUG,B8BFDF15B8E56CCB61BAAA134C928E7B,Checking match of request : '/0089/searchdata'; against '/0087/**'
05-23-2017 12:51:52.592,DEBUG,B8BFDF15B8E56CCB61BAAA134C928E7B,Checking match of request : '/0089/searchdata'; against '/0075/**'
05-23-2017 12:51:52.592,DEBUG,B8BFDF15B8E56CCB61BAAA134C928E7B,Checking match of request : '/0089/searchdata'; against '/0089/**'
05-23-2017 12:51:52.592,DEBUG,B8BFDF15B8E56CCB61BAAA134C928E7B,Secure object: FilterInvocation: URL: /0089/searchData; Attributes: [ROLE_ADMIN, ROLE_USER, IS_AUTHENTICATED_FULLY]
05-23-2017 12:51:52.592,DEBUG,B8BFDF15B8E56CCB61BAAA134C928E7B,Previously Authenticated: org.springframework.security.authentication.UsernamePasswordAuthenticationToken@c4944c4b: Principal: vn.bananavietnam.ict.common.auth.MyUser@c4907816: Username: U0000000001; Password: [PROTECTED]; Enabled: true; AccountNonExpired: true; credentialsNonExpired: true; AccountNonLocked: true; Granted Authorities: 1; Credentials: [PROTECTED]; Authenticated: true; Details: org.springframework.security.web.authentication.WebAuthenticationDetails@fffbcba8: RemoteIpAddress: 0:0:0:0:0:0:0:1; SessionId: 9EFBD15AA42C4D2A05B3699D1A11CB26; Granted Authorities: 1
05-23-2017 12:51:52.592,DEBUG,B8BFDF15B8E56CCB61BAAA134C928E7B,Voter: org.springframework.security.access.vote.RoleVoter@1ac872d, returned: -1
05-23-2017 12:51:52.592,DEBUG,B8BFDF15B8E56CCB61BAAA134C928E7B,Voter: org.springframework.security.access.vote.AuthenticatedVoter@b1927d, returned: 1
05-23-2017 12:51:52.592,DEBUG,B8BFDF15B8E56CCB61BAAA134C928E7B,Authorization successful
05-23-2017 12:51:52.592,DEBUG,B8BFDF15B8E56CCB61BAAA134C928E7B,RunAsManager did not change Authentication object
05-23-2017 12:51:52.592,DEBUG,B8BFDF15B8E56CCB61BAAA134C928E7B,/0089/searchData reached end of additional filter chain; proceeding with original chain
05-23-2017 12:51:52.592,DEBUG,B8BFDF15B8E56CCB61BAAA134C928E7B,Request [/ict/0089/searchData] is not a multipart request
05-23-2017 12:51:52.593,DEBUG,B8BFDF15B8E56CCB61BAAA134C928E7B,DispatcherServlet with name 'appServlet' processing POST request for [/ict/0089/searchData]
05-23-2017 12:51:52.593,DEBUG,B8BFDF15B8E56CCB61BAAA134C928E7B,Looking up handler method for path /0089/searchData
05-23-2017 12:51:52.593,DEBUG,B8BFDF15B8E56CCB61BAAA134C928E7B,Returning handler method [public java.util.List<vn.bananavietnam.ict.banana.component.Bnn0089SearchTaskResult> vn.bananavietnam.ict.banana.controller.Bnn0089SearchTaskController.searchData(vn.bananavietnam.ict.banana.component.Bnn0089SearchTaskConditions)]
05-23-2017 12:51:52.594,DEBUG,B8BFDF15B8E56CCB61BAAA134C928E7B,Returning cached instance of singleton bean 'bnn0089SearchTaskController'
05-23-2017 12:51:52.594,DEBUG,B8BFDF15B8E56CCB61BAAA134C928E7B,Returning cached instance of singleton bean 'xml_path'
05-23-2017 12:51:52.595,DEBUG,B8BFDF15B8E56CCB61BAAA134C928E7B,Skip CORS processing: request is from same origin
05-23-2017 12:51:52.595,DEBUG,B8BFDF15B8E56CCB61BAAA134C928E7B,Read [class vn.bananavietnam.ict.banana.component.Bnn0089SearchTaskConditions] as "application/json" with [org.springframework.http.converter.json.MappingJackson2HttpMessageConverter@156f2cc]
05-23-2017 12:51:52.596,INFO ,B8BFDF15B8E56CCB61BAAA134C928E7B,U0000000001,vn.bananavietnam.ict.banana.service.Bnn0089SearchTaskService,searchData,[vn.bananavietnam.ict.banana.component.Bnn0089SearchTaskConditions@fbcd4e] METHOD START
05-23-2017 12:51:52.596,DEBUG,B8BFDF15B8E56CCB61BAAA134C928E7B,Returning cached instance of singleton bean 'transactionManager'
05-23-2017 12:51:52.596,INFO ,B8BFDF15B8E56CCB61BAAA134C928E7B,U0000000001,Task searching started
05-23-2017 12:51:52.596,DEBUG,B8BFDF15B8E56CCB61BAAA134C928E7B,Creating a new SqlSession
05-23-2017 12:51:52.596,DEBUG,B8BFDF15B8E56CCB61BAAA134C928E7B,Registering transaction synchronization for SqlSession [org.apache.ibatis.session.defaults.DefaultSqlSession@96f253]
05-23-2017 12:51:52.597,DEBUG,B8BFDF15B8E56CCB61BAAA134C928E7B,Fetching JDBC Connection from DataSource
05-23-2017 12:51:52.597,DEBUG,B8BFDF15B8E56CCB61BAAA134C928E7B,Creating new JDBC DriverManager Connection to [jdbc:mysql://172.16.0.175:3306/BANANA_DB_HUNG_SELENIUM?useUnicode=yes&characterEncoding=UTF-8&autoReconnect=true]
05-23-2017 12:51:52.623,DEBUG,B8BFDF15B8E56CCB61BAAA134C928E7B,Registering transaction synchronization for JDBC Connection
05-23-2017 12:51:52.623,DEBUG,B8BFDF15B8E56CCB61BAAA134C928E7B,JDBC Connection [com.mysql.jdbc.JDBC4Connection@4d8602] will be managed by Spring
05-23-2017 12:51:52.623,DEBUG,B8BFDF15B8E56CCB61BAAA134C928E7B,==>  Preparing: SELECT T.TASK_ID taskId, T.TASK_NAME taskName, T.WORKING_DETAILS workingDetails, T.NOTE note, T.QUARANTINE_HANDLING_FLAG quarantineHandlingFlag, T.DELETE_FLAG deleteFlag, T.CHANGE_POINT_CODE changePointCode, T.LAST_UPDATE_DATE lastUpdateDate FROM IVB_M_TASK T WHERE 1 = 1 AND T.DELETE_FLAG = '0' ORDER BY T.TASK_NAME LIMIT ?,? 
05-23-2017 12:51:52.623,DEBUG,B8BFDF15B8E56CCB61BAAA134C928E7B,==> Parameters: 0(Integer), 20(Integer)
05-23-2017 12:51:52.630,DEBUG,B8BFDF15B8E56CCB61BAAA134C928E7B,<==      Total: 20
05-23-2017 12:51:52.630,DEBUG,B8BFDF15B8E56CCB61BAAA134C928E7B,Releasing transactional SqlSession [org.apache.ibatis.session.defaults.DefaultSqlSession@96f253]
05-23-2017 12:51:52.630,INFO ,B8BFDF15B8E56CCB61BAAA134C928E7B,U0000000001,SQL execution finished
05-23-2017 12:51:52.630,DEBUG,B8BFDF15B8E56CCB61BAAA134C928E7B,Fetched SqlSession [org.apache.ibatis.session.defaults.DefaultSqlSession@96f253] from current transaction
05-23-2017 12:51:52.631,DEBUG,B8BFDF15B8E56CCB61BAAA134C928E7B,==>  Preparing: SELECT COUNT(*) FROM IVB_M_TASK T WHERE 1 = 1 AND T.DELETE_FLAG = '0' ORDER BY T.TASK_ID 
05-23-2017 12:51:52.631,DEBUG,B8BFDF15B8E56CCB61BAAA134C928E7B,==> Parameters: 
05-23-2017 12:51:52.633,DEBUG,B8BFDF15B8E56CCB61BAAA134C928E7B,<==      Total: 1
05-23-2017 12:51:52.633,DEBUG,B8BFDF15B8E56CCB61BAAA134C928E7B,Releasing transactional SqlSession [org.apache.ibatis.session.defaults.DefaultSqlSession@96f253]
05-23-2017 12:51:52.634,INFO ,B8BFDF15B8E56CCB61BAAA134C928E7B,U0000000001,Task searching finished ==> 43 item(s)
05-23-2017 12:51:52.635,DEBUG,B8BFDF15B8E56CCB61BAAA134C928E7B,Transaction synchronization deregistering SqlSession [org.apache.ibatis.session.defaults.DefaultSqlSession@96f253]
05-23-2017 12:51:52.635,DEBUG,B8BFDF15B8E56CCB61BAAA134C928E7B,Transaction synchronization closing SqlSession [org.apache.ibatis.session.defaults.DefaultSqlSession@96f253]
05-23-2017 12:51:52.635,DEBUG,B8BFDF15B8E56CCB61BAAA134C928E7B,Returning JDBC Connection to DataSource
05-23-2017 12:51:52.635,INFO ,B8BFDF15B8E56CCB61BAAA134C928E7B,U0000000001,vn.bananavietnam.ict.banana.service.Bnn0089SearchTaskService,searchData,[vn.bananavietnam.ict.banana.component.Bnn0089SearchTaskConditions@fbcd4e] METHOD END
05-23-2017 12:51:52.643,DEBUG,B8BFDF15B8E56CCB61BAAA134C928E7B,Written [[vn.bananavietnam.ict.banana.component.Bnn0089SearchTaskResult@a31d29, vn.bananavietnam.ict.banana.component.Bnn0089SearchTaskResult@169143d, vn.bananavietnam.ict.banana.component.Bnn0089SearchTaskResult@4250a0, vn.bananavietnam.ict.banana.component.Bnn0089SearchTaskResult@ed7eff, vn.bananavietnam.ict.banana.component.Bnn0089SearchTaskResult@1721e, vn.bananavietnam.ict.banana.component.Bnn0089SearchTaskResult@11e419f, vn.bananavietnam.ict.banana.component.Bnn0089SearchTaskResult@10bcbcc, vn.bananavietnam.ict.banana.component.Bnn0089SearchTaskResult@e65054, vn.bananavietnam.ict.banana.component.Bnn0089SearchTaskResult@1465ad4, vn.bananavietnam.ict.banana.component.Bnn0089SearchTaskResult@4beeda, vn.bananavietnam.ict.banana.component.Bnn0089SearchTaskResult@17f0c74, vn.bananavietnam.ict.banana.component.Bnn0089SearchTaskResult@1e1883f, vn.bananavietnam.ict.banana.component.Bnn0089SearchTaskResult@baedad, vn.bananavietnam.ict.banana.component.Bnn0089SearchTaskResult@13ef89e, vn.bananavietnam.ict.banana.component.Bnn0089SearchTaskResult@5d49a1, vn.bananavietnam.ict.banana.component.Bnn0089SearchTaskResult@18c97e5, vn.bananavietnam.ict.banana.component.Bnn0089SearchTaskResult@3ac5fc, vn.bananavietnam.ict.banana.component.Bnn0089SearchTaskResult@383b6d, vn.bananavietnam.ict.banana.component.Bnn0089SearchTaskResult@b2798a, vn.bananavietnam.ict.banana.component.Bnn0089SearchTaskResult@1e4f586]] as "application/json;charset=UTF-8" using [org.springframework.http.converter.json.MappingJackson2HttpMessageConverter@156f2cc]
05-23-2017 12:51:52.643,DEBUG,B8BFDF15B8E56CCB61BAAA134C928E7B,Null ModelAndView returned to DispatcherServlet with name 'appServlet': assuming HandlerAdapter completed request handling
05-23-2017 12:51:52.643,DEBUG,B8BFDF15B8E56CCB61BAAA134C928E7B,Successfully completed request
05-23-2017 12:51:52.643,DEBUG,B8BFDF15B8E56CCB61BAAA134C928E7B,Chain processed normally
05-23-2017 12:51:52.644,DEBUG,B8BFDF15B8E56CCB61BAAA134C928E7B,SecurityContextHolder now cleared, as request processing completed
05-23-2017 12:51:53.846,DEBUG,B8BFDF15B8E56CCB61BAAA134C928E7B,/0089/searchData at position 1 of 11 in additional filter chain; firing Filter: 'SecurityContextPersistenceFilter'
05-23-2017 12:51:53.846,DEBUG,B8BFDF15B8E56CCB61BAAA134C928E7B,Obtained a valid SecurityContext from SPRING_SECURITY_CONTEXT: 'org.springframework.security.core.context.SecurityContextImpl@c4944c4b: Authentication: org.springframework.security.authentication.UsernamePasswordAuthenticationToken@c4944c4b: Principal: vn.bananavietnam.ict.common.auth.MyUser@c4907816: Username: U0000000001; Password: [PROTECTED]; Enabled: true; AccountNonExpired: true; credentialsNonExpired: true; AccountNonLocked: true; Granted Authorities: 1; Credentials: [PROTECTED]; Authenticated: true; Details: org.springframework.security.web.authentication.WebAuthenticationDetails@fffbcba8: RemoteIpAddress: 0:0:0:0:0:0:0:1; SessionId: 9EFBD15AA42C4D2A05B3699D1A11CB26; Granted Authorities: 1'
05-23-2017 12:51:53.846,DEBUG,B8BFDF15B8E56CCB61BAAA134C928E7B,/0089/searchData at position 2 of 11 in additional filter chain; firing Filter: 'WebAsyncManagerIntegrationFilter'
05-23-2017 12:51:53.846,DEBUG,B8BFDF15B8E56CCB61BAAA134C928E7B,/0089/searchData at position 3 of 11 in additional filter chain; firing Filter: 'LogoutFilter'
05-23-2017 12:51:53.846,DEBUG,B8BFDF15B8E56CCB61BAAA134C928E7B,/0089/searchData at position 4 of 11 in additional filter chain; firing Filter: 'UsernamePasswordAuthenticationFilter'
05-23-2017 12:51:53.846,DEBUG,B8BFDF15B8E56CCB61BAAA134C928E7B,/0089/searchData at position 5 of 11 in additional filter chain; firing Filter: 'BasicAuthenticationFilter'
05-23-2017 12:51:53.846,DEBUG,B8BFDF15B8E56CCB61BAAA134C928E7B,/0089/searchData at position 6 of 11 in additional filter chain; firing Filter: 'RequestCacheAwareFilter'
05-23-2017 12:51:53.846,DEBUG,B8BFDF15B8E56CCB61BAAA134C928E7B,/0089/searchData at position 7 of 11 in additional filter chain; firing Filter: 'SecurityContextHolderAwareRequestFilter'
05-23-2017 12:51:53.846,DEBUG,B8BFDF15B8E56CCB61BAAA134C928E7B,/0089/searchData at position 8 of 11 in additional filter chain; firing Filter: 'AnonymousAuthenticationFilter'
05-23-2017 12:51:53.846,DEBUG,B8BFDF15B8E56CCB61BAAA134C928E7B,SecurityContextHolder not populated with anonymous token, as it already contained: 'org.springframework.security.authentication.UsernamePasswordAuthenticationToken@c4944c4b: Principal: vn.bananavietnam.ict.common.auth.MyUser@c4907816: Username: U0000000001; Password: [PROTECTED]; Enabled: true; AccountNonExpired: true; credentialsNonExpired: true; AccountNonLocked: true; Granted Authorities: 1; Credentials: [PROTECTED]; Authenticated: true; Details: org.springframework.security.web.authentication.WebAuthenticationDetails@fffbcba8: RemoteIpAddress: 0:0:0:0:0:0:0:1; SessionId: 9EFBD15AA42C4D2A05B3699D1A11CB26; Granted Authorities: 1'
05-23-2017 12:51:53.846,DEBUG,B8BFDF15B8E56CCB61BAAA134C928E7B,/0089/searchData at position 9 of 11 in additional filter chain; firing Filter: 'SessionManagementFilter'
05-23-2017 12:51:53.846,DEBUG,B8BFDF15B8E56CCB61BAAA134C928E7B,/0089/searchData at position 10 of 11 in additional filter chain; firing Filter: 'ExceptionTranslationFilter'
05-23-2017 12:51:53.846,DEBUG,B8BFDF15B8E56CCB61BAAA134C928E7B,/0089/searchData at position 11 of 11 in additional filter chain; firing Filter: 'FilterSecurityInterceptor'
05-23-2017 12:51:53.846,DEBUG,B8BFDF15B8E56CCB61BAAA134C928E7B,Checking match of request : '/0089/searchdata'; against '/autherror*'
05-23-2017 12:51:53.846,DEBUG,B8BFDF15B8E56CCB61BAAA134C928E7B,Checking match of request : '/0089/searchdata'; against '/login/**'
05-23-2017 12:51:53.846,DEBUG,B8BFDF15B8E56CCB61BAAA134C928E7B,Checking match of request : '/0089/searchdata'; against '/error/**'
05-23-2017 12:51:53.846,DEBUG,B8BFDF15B8E56CCB61BAAA134C928E7B,Checking match of request : '/0089/searchdata'; against '/0001/**'
05-23-2017 12:51:53.846,DEBUG,B8BFDF15B8E56CCB61BAAA134C928E7B,Checking match of request : '/0089/searchdata'; against '/0002/**'
05-23-2017 12:51:53.846,DEBUG,B8BFDF15B8E56CCB61BAAA134C928E7B,Checking match of request : '/0089/searchdata'; against '/0003/**'
05-23-2017 12:51:53.846,DEBUG,B8BFDF15B8E56CCB61BAAA134C928E7B,Checking match of request : '/0089/searchdata'; against '/0005/**'
05-23-2017 12:51:53.846,DEBUG,B8BFDF15B8E56CCB61BAAA134C928E7B,Checking match of request : '/0089/searchdata'; against '/0007/**'
05-23-2017 12:51:53.846,DEBUG,B8BFDF15B8E56CCB61BAAA134C928E7B,Checking match of request : '/0089/searchdata'; against '/0009/**'
05-23-2017 12:51:53.846,DEBUG,B8BFDF15B8E56CCB61BAAA134C928E7B,Checking match of request : '/0089/searchdata'; against '/0013/**'
05-23-2017 12:51:53.846,DEBUG,B8BFDF15B8E56CCB61BAAA134C928E7B,Checking match of request : '/0089/searchdata'; against '/0023/**'
05-23-2017 12:51:53.846,DEBUG,B8BFDF15B8E56CCB61BAAA134C928E7B,Checking match of request : '/0089/searchdata'; against '/0017/**'
05-23-2017 12:51:53.846,DEBUG,B8BFDF15B8E56CCB61BAAA134C928E7B,Checking match of request : '/0089/searchdata'; against '/0031/**'
05-23-2017 12:51:53.847,DEBUG,B8BFDF15B8E56CCB61BAAA134C928E7B,Checking match of request : '/0089/searchdata'; against '/0035/**'
05-23-2017 12:51:53.847,DEBUG,B8BFDF15B8E56CCB61BAAA134C928E7B,Checking match of request : '/0089/searchdata'; against '/0037/**'
05-23-2017 12:51:53.847,DEBUG,B8BFDF15B8E56CCB61BAAA134C928E7B,Checking match of request : '/0089/searchdata'; against '/0045/**'
05-23-2017 12:51:53.847,DEBUG,B8BFDF15B8E56CCB61BAAA134C928E7B,Checking match of request : '/0089/searchdata'; against '/0047/**'
05-23-2017 12:51:53.847,DEBUG,B8BFDF15B8E56CCB61BAAA134C928E7B,Checking match of request : '/0089/searchdata'; against '/0049/**'
05-23-2017 12:51:53.847,DEBUG,B8BFDF15B8E56CCB61BAAA134C928E7B,Checking match of request : '/0089/searchdata'; against '/0061/**'
05-23-2017 12:51:53.847,DEBUG,B8BFDF15B8E56CCB61BAAA134C928E7B,Checking match of request : '/0089/searchdata'; against '/0087/**'
05-23-2017 12:51:53.847,DEBUG,B8BFDF15B8E56CCB61BAAA134C928E7B,Checking match of request : '/0089/searchdata'; against '/0075/**'
05-23-2017 12:51:53.847,DEBUG,B8BFDF15B8E56CCB61BAAA134C928E7B,Checking match of request : '/0089/searchdata'; against '/0089/**'
05-23-2017 12:51:53.847,DEBUG,B8BFDF15B8E56CCB61BAAA134C928E7B,Secure object: FilterInvocation: URL: /0089/searchData; Attributes: [ROLE_ADMIN, ROLE_USER, IS_AUTHENTICATED_FULLY]
05-23-2017 12:51:53.847,DEBUG,B8BFDF15B8E56CCB61BAAA134C928E7B,Previously Authenticated: org.springframework.security.authentication.UsernamePasswordAuthenticationToken@c4944c4b: Principal: vn.bananavietnam.ict.common.auth.MyUser@c4907816: Username: U0000000001; Password: [PROTECTED]; Enabled: true; AccountNonExpired: true; credentialsNonExpired: true; AccountNonLocked: true; Granted Authorities: 1; Credentials: [PROTECTED]; Authenticated: true; Details: org.springframework.security.web.authentication.WebAuthenticationDetails@fffbcba8: RemoteIpAddress: 0:0:0:0:0:0:0:1; SessionId: 9EFBD15AA42C4D2A05B3699D1A11CB26; Granted Authorities: 1
05-23-2017 12:51:53.847,DEBUG,B8BFDF15B8E56CCB61BAAA134C928E7B,Voter: org.springframework.security.access.vote.RoleVoter@1ac872d, returned: -1
05-23-2017 12:51:53.847,DEBUG,B8BFDF15B8E56CCB61BAAA134C928E7B,Voter: org.springframework.security.access.vote.AuthenticatedVoter@b1927d, returned: 1
05-23-2017 12:51:53.847,DEBUG,B8BFDF15B8E56CCB61BAAA134C928E7B,Authorization successful
05-23-2017 12:51:53.847,DEBUG,B8BFDF15B8E56CCB61BAAA134C928E7B,RunAsManager did not change Authentication object
05-23-2017 12:51:53.847,DEBUG,B8BFDF15B8E56CCB61BAAA134C928E7B,/0089/searchData reached end of additional filter chain; proceeding with original chain
05-23-2017 12:51:53.847,DEBUG,B8BFDF15B8E56CCB61BAAA134C928E7B,Request [/ict/0089/searchData] is not a multipart request
05-23-2017 12:51:53.847,DEBUG,B8BFDF15B8E56CCB61BAAA134C928E7B,DispatcherServlet with name 'appServlet' processing POST request for [/ict/0089/searchData]
05-23-2017 12:51:53.847,DEBUG,B8BFDF15B8E56CCB61BAAA134C928E7B,Looking up handler method for path /0089/searchData
05-23-2017 12:51:53.847,DEBUG,B8BFDF15B8E56CCB61BAAA134C928E7B,Returning handler method [public java.util.List<vn.bananavietnam.ict.banana.component.Bnn0089SearchTaskResult> vn.bananavietnam.ict.banana.controller.Bnn0089SearchTaskController.searchData(vn.bananavietnam.ict.banana.component.Bnn0089SearchTaskConditions)]
05-23-2017 12:51:53.847,DEBUG,B8BFDF15B8E56CCB61BAAA134C928E7B,Returning cached instance of singleton bean 'bnn0089SearchTaskController'
05-23-2017 12:51:53.847,DEBUG,B8BFDF15B8E56CCB61BAAA134C928E7B,Returning cached instance of singleton bean 'xml_path'
05-23-2017 12:51:53.847,DEBUG,B8BFDF15B8E56CCB61BAAA134C928E7B,Skip CORS processing: request is from same origin
05-23-2017 12:51:53.848,DEBUG,B8BFDF15B8E56CCB61BAAA134C928E7B,Read [class vn.bananavietnam.ict.banana.component.Bnn0089SearchTaskConditions] as "application/json" with [org.springframework.http.converter.json.MappingJackson2HttpMessageConverter@156f2cc]
05-23-2017 12:51:53.848,INFO ,B8BFDF15B8E56CCB61BAAA134C928E7B,U0000000001,vn.bananavietnam.ict.banana.service.Bnn0089SearchTaskService,searchData,[vn.bananavietnam.ict.banana.component.Bnn0089SearchTaskConditions@168929a] METHOD START
05-23-2017 12:51:53.848,DEBUG,B8BFDF15B8E56CCB61BAAA134C928E7B,Returning cached instance of singleton bean 'transactionManager'
05-23-2017 12:51:53.848,INFO ,B8BFDF15B8E56CCB61BAAA134C928E7B,U0000000001,Task searching started
05-23-2017 12:51:53.848,DEBUG,B8BFDF15B8E56CCB61BAAA134C928E7B,Creating a new SqlSession
05-23-2017 12:51:53.848,DEBUG,B8BFDF15B8E56CCB61BAAA134C928E7B,Registering transaction synchronization for SqlSession [org.apache.ibatis.session.defaults.DefaultSqlSession@1a22ed3]
05-23-2017 12:51:53.848,DEBUG,B8BFDF15B8E56CCB61BAAA134C928E7B,Fetching JDBC Connection from DataSource
05-23-2017 12:51:53.848,DEBUG,B8BFDF15B8E56CCB61BAAA134C928E7B,Creating new JDBC DriverManager Connection to [jdbc:mysql://172.16.0.175:3306/BANANA_DB_HUNG_SELENIUM?useUnicode=yes&characterEncoding=UTF-8&autoReconnect=true]
05-23-2017 12:51:53.865,DEBUG,B8BFDF15B8E56CCB61BAAA134C928E7B,Registering transaction synchronization for JDBC Connection
05-23-2017 12:51:53.865,DEBUG,B8BFDF15B8E56CCB61BAAA134C928E7B,JDBC Connection [com.mysql.jdbc.JDBC4Connection@1930c71] will be managed by Spring
05-23-2017 12:51:53.865,DEBUG,B8BFDF15B8E56CCB61BAAA134C928E7B,==>  Preparing: SELECT T.TASK_ID taskId, T.TASK_NAME taskName, T.WORKING_DETAILS workingDetails, T.NOTE note, T.QUARANTINE_HANDLING_FLAG quarantineHandlingFlag, T.DELETE_FLAG deleteFlag, T.CHANGE_POINT_CODE changePointCode, T.LAST_UPDATE_DATE lastUpdateDate FROM IVB_M_TASK T WHERE 1 = 1 AND T.DELETE_FLAG = '0' ORDER BY T.TASK_NAME LIMIT ?,? 
05-23-2017 12:51:53.866,DEBUG,B8BFDF15B8E56CCB61BAAA134C928E7B,==> Parameters: 40(Integer), 20(Integer)
05-23-2017 12:51:53.867,DEBUG,B8BFDF15B8E56CCB61BAAA134C928E7B,<==      Total: 3
05-23-2017 12:51:53.867,DEBUG,B8BFDF15B8E56CCB61BAAA134C928E7B,Releasing transactional SqlSession [org.apache.ibatis.session.defaults.DefaultSqlSession@1a22ed3]
05-23-2017 12:51:53.867,INFO ,B8BFDF15B8E56CCB61BAAA134C928E7B,U0000000001,SQL execution finished
05-23-2017 12:51:53.867,DEBUG,B8BFDF15B8E56CCB61BAAA134C928E7B,Fetched SqlSession [org.apache.ibatis.session.defaults.DefaultSqlSession@1a22ed3] from current transaction
05-23-2017 12:51:53.867,DEBUG,B8BFDF15B8E56CCB61BAAA134C928E7B,==>  Preparing: SELECT COUNT(*) FROM IVB_M_TASK T WHERE 1 = 1 AND T.DELETE_FLAG = '0' ORDER BY T.TASK_ID 
05-23-2017 12:51:53.867,DEBUG,B8BFDF15B8E56CCB61BAAA134C928E7B,==> Parameters: 
05-23-2017 12:51:53.868,DEBUG,B8BFDF15B8E56CCB61BAAA134C928E7B,<==      Total: 1
05-23-2017 12:51:53.868,DEBUG,B8BFDF15B8E56CCB61BAAA134C928E7B,Releasing transactional SqlSession [org.apache.ibatis.session.defaults.DefaultSqlSession@1a22ed3]
05-23-2017 12:51:53.869,INFO ,B8BFDF15B8E56CCB61BAAA134C928E7B,U0000000001,Task searching finished ==> 43 item(s)
05-23-2017 12:51:53.869,DEBUG,B8BFDF15B8E56CCB61BAAA134C928E7B,Transaction synchronization deregistering SqlSession [org.apache.ibatis.session.defaults.DefaultSqlSession@1a22ed3]
05-23-2017 12:51:53.869,DEBUG,B8BFDF15B8E56CCB61BAAA134C928E7B,Transaction synchronization closing SqlSession [org.apache.ibatis.session.defaults.DefaultSqlSession@1a22ed3]
05-23-2017 12:51:53.869,DEBUG,B8BFDF15B8E56CCB61BAAA134C928E7B,Returning JDBC Connection to DataSource
05-23-2017 12:51:53.869,INFO ,B8BFDF15B8E56CCB61BAAA134C928E7B,U0000000001,vn.bananavietnam.ict.banana.service.Bnn0089SearchTaskService,searchData,[vn.bananavietnam.ict.banana.component.Bnn0089SearchTaskConditions@168929a] METHOD END
05-23-2017 12:51:53.871,DEBUG,B8BFDF15B8E56CCB61BAAA134C928E7B,Written [[vn.bananavietnam.ict.banana.component.Bnn0089SearchTaskResult@9cc5c4, vn.bananavietnam.ict.banana.component.Bnn0089SearchTaskResult@a34a3b, vn.bananavietnam.ict.banana.component.Bnn0089SearchTaskResult@caa52]] as "application/json;charset=UTF-8" using [org.springframework.http.converter.json.MappingJackson2HttpMessageConverter@156f2cc]
05-23-2017 12:51:53.871,DEBUG,B8BFDF15B8E56CCB61BAAA134C928E7B,Null ModelAndView returned to DispatcherServlet with name 'appServlet': assuming HandlerAdapter completed request handling
05-23-2017 12:51:53.871,DEBUG,B8BFDF15B8E56CCB61BAAA134C928E7B,Successfully completed request
05-23-2017 12:51:53.871,DEBUG,B8BFDF15B8E56CCB61BAAA134C928E7B,Chain processed normally
05-23-2017 12:51:53.871,DEBUG,B8BFDF15B8E56CCB61BAAA134C928E7B,SecurityContextHolder now cleared, as request processing completed
