05-08-2017 14:46:03.484,DEBUG,03FD3B7D51582AA40E01932F9FB64DB9,/0089/searchData at position 1 of 11 in additional filter chain; firing Filter: 'SecurityContextPersistenceFilter'
05-08-2017 14:46:03.484,DEBUG,03FD3B7D51582AA40E01932F9FB64DB9,Obtained a valid SecurityContext from SPRING_SECURITY_CONTEXT: 'org.springframework.security.core.context.SecurityContextImpl@c4926237: Authentication: org.springframework.security.authentication.UsernamePasswordAuthenticationToken@c4926237: Principal: vn.bananavietnam.ict.common.auth.MyUser@c4907816: Username: U0000000001; Password: [PROTECTED]; Enabled: true; AccountNonExpired: true; credentialsNonExpired: true; AccountNonLocked: true; Granted Authorities: 1; Credentials: [PROTECTED]; Authenticated: true; Details: org.springframework.security.web.authentication.WebAuthenticationDetails@fffde5d4: RemoteIpAddress: 0:0:0:0:0:0:0:1; SessionId: DF1DF8E5D605B954F26391619216E12F; Granted Authorities: 1'
05-08-2017 14:46:03.485,DEBUG,03FD3B7D51582AA40E01932F9FB64DB9,/0089/searchData at position 2 of 11 in additional filter chain; firing Filter: 'WebAsyncManagerIntegrationFilter'
05-08-2017 14:46:03.485,DEBUG,03FD3B7D51582AA40E01932F9FB64DB9,/0089/searchData at position 3 of 11 in additional filter chain; firing Filter: 'LogoutFilter'
05-08-2017 14:46:03.485,DEBUG,03FD3B7D51582AA40E01932F9FB64DB9,/0089/searchData at position 4 of 11 in additional filter chain; firing Filter: 'UsernamePasswordAuthenticationFilter'
05-08-2017 14:46:03.485,DEBUG,03FD3B7D51582AA40E01932F9FB64DB9,/0089/searchData at position 5 of 11 in additional filter chain; firing Filter: 'BasicAuthenticationFilter'
05-08-2017 14:46:03.485,DEBUG,03FD3B7D51582AA40E01932F9FB64DB9,/0089/searchData at position 6 of 11 in additional filter chain; firing Filter: 'RequestCacheAwareFilter'
05-08-2017 14:46:03.485,DEBUG,03FD3B7D51582AA40E01932F9FB64DB9,/0089/searchData at position 7 of 11 in additional filter chain; firing Filter: 'SecurityContextHolderAwareRequestFilter'
05-08-2017 14:46:03.485,DEBUG,03FD3B7D51582AA40E01932F9FB64DB9,/0089/searchData at position 8 of 11 in additional filter chain; firing Filter: 'AnonymousAuthenticationFilter'
05-08-2017 14:46:03.485,DEBUG,03FD3B7D51582AA40E01932F9FB64DB9,SecurityContextHolder not populated with anonymous token, as it already contained: 'org.springframework.security.authentication.UsernamePasswordAuthenticationToken@c4926237: Principal: vn.bananavietnam.ict.common.auth.MyUser@c4907816: Username: U0000000001; Password: [PROTECTED]; Enabled: true; AccountNonExpired: true; credentialsNonExpired: true; AccountNonLocked: true; Granted Authorities: 1; Credentials: [PROTECTED]; Authenticated: true; Details: org.springframework.security.web.authentication.WebAuthenticationDetails@fffde5d4: RemoteIpAddress: 0:0:0:0:0:0:0:1; SessionId: DF1DF8E5D605B954F26391619216E12F; Granted Authorities: 1'
05-08-2017 14:46:03.485,DEBUG,03FD3B7D51582AA40E01932F9FB64DB9,/0089/searchData at position 9 of 11 in additional filter chain; firing Filter: 'SessionManagementFilter'
05-08-2017 14:46:03.485,DEBUG,03FD3B7D51582AA40E01932F9FB64DB9,/0089/searchData at position 10 of 11 in additional filter chain; firing Filter: 'ExceptionTranslationFilter'
05-08-2017 14:46:03.485,DEBUG,03FD3B7D51582AA40E01932F9FB64DB9,/0089/searchData at position 11 of 11 in additional filter chain; firing Filter: 'FilterSecurityInterceptor'
05-08-2017 14:46:03.485,DEBUG,03FD3B7D51582AA40E01932F9FB64DB9,Checking match of request : '/0089/searchdata'; against '/autherror*'
05-08-2017 14:46:03.485,DEBUG,03FD3B7D51582AA40E01932F9FB64DB9,Checking match of request : '/0089/searchdata'; against '/login/**'
05-08-2017 14:46:03.485,DEBUG,03FD3B7D51582AA40E01932F9FB64DB9,Checking match of request : '/0089/searchdata'; against '/0001/**'
05-08-2017 14:46:03.485,DEBUG,03FD3B7D51582AA40E01932F9FB64DB9,Checking match of request : '/0089/searchdata'; against '/0002/**'
05-08-2017 14:46:03.485,DEBUG,03FD3B7D51582AA40E01932F9FB64DB9,Checking match of request : '/0089/searchdata'; against '/0003/**'
05-08-2017 14:46:03.485,DEBUG,03FD3B7D51582AA40E01932F9FB64DB9,Checking match of request : '/0089/searchdata'; against '/searchuserpopup/**'
05-08-2017 14:46:03.485,DEBUG,03FD3B7D51582AA40E01932F9FB64DB9,Checking match of request : '/0089/searchdata'; against '/0005/**'
05-08-2017 14:46:03.486,DEBUG,03FD3B7D51582AA40E01932F9FB64DB9,Checking match of request : '/0089/searchdata'; against '/0009/**'
05-08-2017 14:46:03.486,DEBUG,03FD3B7D51582AA40E01932F9FB64DB9,Checking match of request : '/0089/searchdata'; against '/searchline/**'
05-08-2017 14:46:03.486,DEBUG,03FD3B7D51582AA40E01932F9FB64DB9,Checking match of request : '/0089/searchdata'; against '/0013/**'
05-08-2017 14:46:03.486,DEBUG,03FD3B7D51582AA40E01932F9FB64DB9,Checking match of request : '/0089/searchdata'; against '/0017/**'
05-08-2017 14:46:03.486,DEBUG,03FD3B7D51582AA40E01932F9FB64DB9,Checking match of request : '/0089/searchdata'; against '/0031/**'
05-08-2017 14:46:03.486,DEBUG,03FD3B7D51582AA40E01932F9FB64DB9,Checking match of request : '/0089/searchdata'; against '/0035/**'
05-08-2017 14:46:03.486,DEBUG,03FD3B7D51582AA40E01932F9FB64DB9,Checking match of request : '/0089/searchdata'; against '/0037/**'
05-08-2017 14:46:03.486,DEBUG,03FD3B7D51582AA40E01932F9FB64DB9,Checking match of request : '/0089/searchdata'; against '/0045/**'
05-08-2017 14:46:03.486,DEBUG,03FD3B7D51582AA40E01932F9FB64DB9,Checking match of request : '/0089/searchdata'; against '/0047/**'
05-08-2017 14:46:03.486,DEBUG,03FD3B7D51582AA40E01932F9FB64DB9,Checking match of request : '/0089/searchdata'; against '/0049/**'
05-08-2017 14:46:03.486,DEBUG,03FD3B7D51582AA40E01932F9FB64DB9,Checking match of request : '/0089/searchdata'; against '/0061/**'
05-08-2017 14:46:03.486,DEBUG,03FD3B7D51582AA40E01932F9FB64DB9,Checking match of request : '/0089/searchdata'; against '/0087/**'
05-08-2017 14:46:03.486,DEBUG,03FD3B7D51582AA40E01932F9FB64DB9,Checking match of request : '/0089/searchdata'; against '/0075/**'
05-08-2017 14:46:03.486,DEBUG,03FD3B7D51582AA40E01932F9FB64DB9,Checking match of request : '/0089/searchdata'; against '/0089/**'
05-08-2017 14:46:03.486,DEBUG,03FD3B7D51582AA40E01932F9FB64DB9,Secure object: FilterInvocation: URL: /0089/searchData; Attributes: [ROLE_ADMIN, ROLE_USER, IS_AUTHENTICATED_FULLY]
05-08-2017 14:46:03.486,DEBUG,03FD3B7D51582AA40E01932F9FB64DB9,Previously Authenticated: org.springframework.security.authentication.UsernamePasswordAuthenticationToken@c4926237: Principal: vn.bananavietnam.ict.common.auth.MyUser@c4907816: Username: U0000000001; Password: [PROTECTED]; Enabled: true; AccountNonExpired: true; credentialsNonExpired: true; AccountNonLocked: true; Granted Authorities: 1; Credentials: [PROTECTED]; Authenticated: true; Details: org.springframework.security.web.authentication.WebAuthenticationDetails@fffde5d4: RemoteIpAddress: 0:0:0:0:0:0:0:1; SessionId: DF1DF8E5D605B954F26391619216E12F; Granted Authorities: 1
05-08-2017 14:46:03.486,DEBUG,03FD3B7D51582AA40E01932F9FB64DB9,Voter: org.springframework.security.access.vote.RoleVoter@1b68791, returned: -1
05-08-2017 14:46:03.486,DEBUG,03FD3B7D51582AA40E01932F9FB64DB9,Voter: org.springframework.security.access.vote.AuthenticatedVoter@1fd620c, returned: 1
05-08-2017 14:46:03.486,DEBUG,03FD3B7D51582AA40E01932F9FB64DB9,Authorization successful
05-08-2017 14:46:03.486,DEBUG,03FD3B7D51582AA40E01932F9FB64DB9,RunAsManager did not change Authentication object
05-08-2017 14:46:03.486,DEBUG,03FD3B7D51582AA40E01932F9FB64DB9,/0089/searchData reached end of additional filter chain; proceeding with original chain
05-08-2017 14:46:03.486,DEBUG,03FD3B7D51582AA40E01932F9FB64DB9,Request [/ict/0089/searchData] is not a multipart request
05-08-2017 14:46:03.487,DEBUG,03FD3B7D51582AA40E01932F9FB64DB9,DispatcherServlet with name 'appServlet' processing POST request for [/ict/0089/searchData]
05-08-2017 14:46:03.487,DEBUG,03FD3B7D51582AA40E01932F9FB64DB9,Looking up handler method for path /0089/searchData
05-08-2017 14:46:03.487,DEBUG,03FD3B7D51582AA40E01932F9FB64DB9,Returning handler method [public java.util.List<vn.bananavietnam.ict.banana.component.Bnn0089SearchTaskResult> vn.bananavietnam.ict.banana.controller.Bnn0089SearchTaskController.searchData(vn.bananavietnam.ict.banana.component.Bnn0089SearchTaskConditions)]
05-08-2017 14:46:03.487,DEBUG,03FD3B7D51582AA40E01932F9FB64DB9,Returning cached instance of singleton bean 'bnn0089SearchTaskController'
05-08-2017 14:46:03.487,DEBUG,03FD3B7D51582AA40E01932F9FB64DB9,Returning cached instance of singleton bean 'xml_path'
05-08-2017 14:46:03.488,DEBUG,03FD3B7D51582AA40E01932F9FB64DB9,Read [class vn.bananavietnam.ict.banana.component.Bnn0089SearchTaskConditions] as "application/json" with [org.springframework.http.converter.json.MappingJackson2HttpMessageConverter@1fe278e]
05-08-2017 14:46:03.488,INFO ,03FD3B7D51582AA40E01932F9FB64DB9,U0000000001,vn.bananavietnam.ict.banana.service.Bnn0089SearchTaskService,searchData,[vn.bananavietnam.ict.banana.component.Bnn0089SearchTaskConditions@19df045] METHOD START
05-08-2017 14:46:03.488,DEBUG,03FD3B7D51582AA40E01932F9FB64DB9,Returning cached instance of singleton bean 'transactionManager'
05-08-2017 14:46:03.488,INFO ,03FD3B7D51582AA40E01932F9FB64DB9,U0000000001,Task searching started
05-08-2017 14:46:03.488,DEBUG,03FD3B7D51582AA40E01932F9FB64DB9,Creating a new SqlSession
05-08-2017 14:46:03.488,DEBUG,03FD3B7D51582AA40E01932F9FB64DB9,Registering transaction synchronization for SqlSession [org.apache.ibatis.session.defaults.DefaultSqlSession@a81b4c]
05-08-2017 14:46:03.488,DEBUG,03FD3B7D51582AA40E01932F9FB64DB9,Fetching JDBC Connection from DataSource
05-08-2017 14:46:03.488,DEBUG,03FD3B7D51582AA40E01932F9FB64DB9,Creating new JDBC DriverManager Connection to [jdbc:mysql://172.16.0.175:3306/BANANA_DB_HUNG_SELENIUM?useUnicode=yes&characterEncoding=UTF-8&autoReconnect=true]
05-08-2017 14:46:03.506,DEBUG,03FD3B7D51582AA40E01932F9FB64DB9,Registering transaction synchronization for JDBC Connection
05-08-2017 14:46:03.506,DEBUG,03FD3B7D51582AA40E01932F9FB64DB9,JDBC Connection [com.mysql.jdbc.JDBC4Connection@18c3cf8] will be managed by Spring
05-08-2017 14:46:03.506,DEBUG,03FD3B7D51582AA40E01932F9FB64DB9,==>  Preparing: SELECT T.TASK_ID taskId, T.TASK_NAME taskName, T.WORKING_DETAILS workingDetails, T.NOTE note, T.QUARANTINE_HANDLING_FLAG quarantineHandlingFlag, T.DELETE_FLAG deleteFlag, T.CHANGE_POINT_CODE changePointCode FROM IVB_M_TASK T WHERE 1 = 1 AND T.TASK_NAME LIKE ? AND T.DELETE_FLAG = '0' ORDER BY T.TASK_NAME LIMIT ?,? 
05-08-2017 14:46:03.507,DEBUG,03FD3B7D51582AA40E01932F9FB64DB9,==> Parameters: %No_Data%(String), 0(Integer), 20(Integer)
05-08-2017 14:46:03.508,DEBUG,03FD3B7D51582AA40E01932F9FB64DB9,<==      Total: 0
05-08-2017 14:46:03.509,DEBUG,03FD3B7D51582AA40E01932F9FB64DB9,Releasing transactional SqlSession [org.apache.ibatis.session.defaults.DefaultSqlSession@a81b4c]
05-08-2017 14:46:03.509,INFO ,03FD3B7D51582AA40E01932F9FB64DB9,U0000000001,SQL execution finished
05-08-2017 14:46:03.509,INFO ,03FD3B7D51582AA40E01932F9FB64DB9,U0000000001,Task searching finished ==> 0 item
05-08-2017 14:46:03.509,DEBUG,03FD3B7D51582AA40E01932F9FB64DB9,Transaction synchronization deregistering SqlSession [org.apache.ibatis.session.defaults.DefaultSqlSession@a81b4c]
05-08-2017 14:46:03.509,DEBUG,03FD3B7D51582AA40E01932F9FB64DB9,Transaction synchronization closing SqlSession [org.apache.ibatis.session.defaults.DefaultSqlSession@a81b4c]
05-08-2017 14:46:03.509,DEBUG,03FD3B7D51582AA40E01932F9FB64DB9,Returning JDBC Connection to DataSource
05-08-2017 14:46:03.509,INFO ,03FD3B7D51582AA40E01932F9FB64DB9,U0000000001,vn.bananavietnam.ict.banana.service.Bnn0089SearchTaskService,searchData,[vn.bananavietnam.ict.banana.component.Bnn0089SearchTaskConditions@19df045] METHOD END
05-08-2017 14:46:03.510,DEBUG,03FD3B7D51582AA40E01932F9FB64DB9,Written [[]] as "application/json;charset=UTF-8" using [org.springframework.http.converter.json.MappingJackson2HttpMessageConverter@1fe278e]
05-08-2017 14:46:03.510,DEBUG,03FD3B7D51582AA40E01932F9FB64DB9,Null ModelAndView returned to DispatcherServlet with name 'appServlet': assuming HandlerAdapter completed request handling
05-08-2017 14:46:03.510,DEBUG,03FD3B7D51582AA40E01932F9FB64DB9,Successfully completed request
05-08-2017 14:46:03.511,DEBUG,03FD3B7D51582AA40E01932F9FB64DB9,Chain processed normally
05-08-2017 14:46:03.511,DEBUG,03FD3B7D51582AA40E01932F9FB64DB9,SecurityContextHolder now cleared, as request processing completed
05-08-2017 14:46:03.560,DEBUG,03FD3B7D51582AA40E01932F9FB64DB9,/resources/img/icon_warning.png at position 1 of 11 in additional filter chain; firing Filter: 'SecurityContextPersistenceFilter'
05-08-2017 14:46:03.560,DEBUG,03FD3B7D51582AA40E01932F9FB64DB9,Obtained a valid SecurityContext from SPRING_SECURITY_CONTEXT: 'org.springframework.security.core.context.SecurityContextImpl@c4926237: Authentication: org.springframework.security.authentication.UsernamePasswordAuthenticationToken@c4926237: Principal: vn.bananavietnam.ict.common.auth.MyUser@c4907816: Username: U0000000001; Password: [PROTECTED]; Enabled: true; AccountNonExpired: true; credentialsNonExpired: true; AccountNonLocked: true; Granted Authorities: 1; Credentials: [PROTECTED]; Authenticated: true; Details: org.springframework.security.web.authentication.WebAuthenticationDetails@fffde5d4: RemoteIpAddress: 0:0:0:0:0:0:0:1; SessionId: DF1DF8E5D605B954F26391619216E12F; Granted Authorities: 1'
05-08-2017 14:46:03.560,DEBUG,03FD3B7D51582AA40E01932F9FB64DB9,/resources/img/icon_warning.png at position 2 of 11 in additional filter chain; firing Filter: 'WebAsyncManagerIntegrationFilter'
05-08-2017 14:46:03.561,DEBUG,03FD3B7D51582AA40E01932F9FB64DB9,/resources/img/icon_warning.png at position 3 of 11 in additional filter chain; firing Filter: 'LogoutFilter'
05-08-2017 14:46:03.561,DEBUG,03FD3B7D51582AA40E01932F9FB64DB9,/resources/img/icon_warning.png at position 4 of 11 in additional filter chain; firing Filter: 'UsernamePasswordAuthenticationFilter'
05-08-2017 14:46:03.561,DEBUG,03FD3B7D51582AA40E01932F9FB64DB9,/resources/img/icon_warning.png at position 5 of 11 in additional filter chain; firing Filter: 'BasicAuthenticationFilter'
05-08-2017 14:46:03.561,DEBUG,03FD3B7D51582AA40E01932F9FB64DB9,/resources/img/icon_warning.png at position 6 of 11 in additional filter chain; firing Filter: 'RequestCacheAwareFilter'
05-08-2017 14:46:03.561,DEBUG,03FD3B7D51582AA40E01932F9FB64DB9,/resources/img/icon_warning.png at position 7 of 11 in additional filter chain; firing Filter: 'SecurityContextHolderAwareRequestFilter'
05-08-2017 14:46:03.561,DEBUG,03FD3B7D51582AA40E01932F9FB64DB9,/resources/img/icon_warning.png at position 8 of 11 in additional filter chain; firing Filter: 'AnonymousAuthenticationFilter'
05-08-2017 14:46:03.561,DEBUG,03FD3B7D51582AA40E01932F9FB64DB9,SecurityContextHolder not populated with anonymous token, as it already contained: 'org.springframework.security.authentication.UsernamePasswordAuthenticationToken@c4926237: Principal: vn.bananavietnam.ict.common.auth.MyUser@c4907816: Username: U0000000001; Password: [PROTECTED]; Enabled: true; AccountNonExpired: true; credentialsNonExpired: true; AccountNonLocked: true; Granted Authorities: 1; Credentials: [PROTECTED]; Authenticated: true; Details: org.springframework.security.web.authentication.WebAuthenticationDetails@fffde5d4: RemoteIpAddress: 0:0:0:0:0:0:0:1; SessionId: DF1DF8E5D605B954F26391619216E12F; Granted Authorities: 1'
05-08-2017 14:46:03.561,DEBUG,03FD3B7D51582AA40E01932F9FB64DB9,/resources/img/icon_warning.png at position 9 of 11 in additional filter chain; firing Filter: 'SessionManagementFilter'
05-08-2017 14:46:03.561,DEBUG,03FD3B7D51582AA40E01932F9FB64DB9,/resources/img/icon_warning.png at position 10 of 11 in additional filter chain; firing Filter: 'ExceptionTranslationFilter'
05-08-2017 14:46:03.561,DEBUG,03FD3B7D51582AA40E01932F9FB64DB9,/resources/img/icon_warning.png at position 11 of 11 in additional filter chain; firing Filter: 'FilterSecurityInterceptor'
05-08-2017 14:46:03.561,DEBUG,03FD3B7D51582AA40E01932F9FB64DB9,Checking match of request : '/resources/img/icon_warning.png'; against '/autherror*'
05-08-2017 14:46:03.561,DEBUG,03FD3B7D51582AA40E01932F9FB64DB9,Checking match of request : '/resources/img/icon_warning.png'; against '/login/**'
05-08-2017 14:46:03.561,DEBUG,03FD3B7D51582AA40E01932F9FB64DB9,Checking match of request : '/resources/img/icon_warning.png'; against '/0001/**'
05-08-2017 14:46:03.561,DEBUG,03FD3B7D51582AA40E01932F9FB64DB9,Checking match of request : '/resources/img/icon_warning.png'; against '/0002/**'
05-08-2017 14:46:03.561,DEBUG,03FD3B7D51582AA40E01932F9FB64DB9,Checking match of request : '/resources/img/icon_warning.png'; against '/0003/**'
05-08-2017 14:46:03.562,DEBUG,03FD3B7D51582AA40E01932F9FB64DB9,Checking match of request : '/resources/img/icon_warning.png'; against '/searchuserpopup/**'
05-08-2017 14:46:03.562,DEBUG,03FD3B7D51582AA40E01932F9FB64DB9,Checking match of request : '/resources/img/icon_warning.png'; against '/0005/**'
05-08-2017 14:46:03.562,DEBUG,03FD3B7D51582AA40E01932F9FB64DB9,Checking match of request : '/resources/img/icon_warning.png'; against '/0009/**'
05-08-2017 14:46:03.562,DEBUG,03FD3B7D51582AA40E01932F9FB64DB9,Checking match of request : '/resources/img/icon_warning.png'; against '/searchline/**'
05-08-2017 14:46:03.562,DEBUG,03FD3B7D51582AA40E01932F9FB64DB9,Checking match of request : '/resources/img/icon_warning.png'; against '/0013/**'
05-08-2017 14:46:03.562,DEBUG,03FD3B7D51582AA40E01932F9FB64DB9,Checking match of request : '/resources/img/icon_warning.png'; against '/0017/**'
05-08-2017 14:46:03.562,DEBUG,03FD3B7D51582AA40E01932F9FB64DB9,Checking match of request : '/resources/img/icon_warning.png'; against '/0031/**'
05-08-2017 14:46:03.562,DEBUG,03FD3B7D51582AA40E01932F9FB64DB9,Checking match of request : '/resources/img/icon_warning.png'; against '/0035/**'
05-08-2017 14:46:03.562,DEBUG,03FD3B7D51582AA40E01932F9FB64DB9,Checking match of request : '/resources/img/icon_warning.png'; against '/0037/**'
05-08-2017 14:46:03.562,DEBUG,03FD3B7D51582AA40E01932F9FB64DB9,Checking match of request : '/resources/img/icon_warning.png'; against '/0045/**'
05-08-2017 14:46:03.562,DEBUG,03FD3B7D51582AA40E01932F9FB64DB9,Checking match of request : '/resources/img/icon_warning.png'; against '/0047/**'
05-08-2017 14:46:03.562,DEBUG,03FD3B7D51582AA40E01932F9FB64DB9,Checking match of request : '/resources/img/icon_warning.png'; against '/0049/**'
05-08-2017 14:46:03.562,DEBUG,03FD3B7D51582AA40E01932F9FB64DB9,Checking match of request : '/resources/img/icon_warning.png'; against '/0061/**'
05-08-2017 14:46:03.562,DEBUG,03FD3B7D51582AA40E01932F9FB64DB9,Checking match of request : '/resources/img/icon_warning.png'; against '/0087/**'
05-08-2017 14:46:03.562,DEBUG,03FD3B7D51582AA40E01932F9FB64DB9,Checking match of request : '/resources/img/icon_warning.png'; against '/0075/**'
05-08-2017 14:46:03.562,DEBUG,03FD3B7D51582AA40E01932F9FB64DB9,Checking match of request : '/resources/img/icon_warning.png'; against '/0089/**'
05-08-2017 14:46:03.562,DEBUG,03FD3B7D51582AA40E01932F9FB64DB9,Checking match of request : '/resources/img/icon_warning.png'; against '/0090/**'
05-08-2017 14:46:03.562,DEBUG,03FD3B7D51582AA40E01932F9FB64DB9,Checking match of request : '/resources/img/icon_warning.png'; against '/0091/**'
05-08-2017 14:46:03.562,DEBUG,03FD3B7D51582AA40E01932F9FB64DB9,Checking match of request : '/resources/img/icon_warning.png'; against '/0092/**'
05-08-2017 14:46:03.562,DEBUG,03FD3B7D51582AA40E01932F9FB64DB9,Checking match of request : '/resources/img/icon_warning.png'; against '/0095/**'
05-08-2017 14:46:03.562,DEBUG,03FD3B7D51582AA40E01932F9FB64DB9,Secure object: FilterInvocation: URL: /resources/img/icon_warning.png; Attributes: [IS_AUTHENTICATED_ANONYMOUSLY]
05-08-2017 14:46:03.563,DEBUG,03FD3B7D51582AA40E01932F9FB64DB9,Previously Authenticated: org.springframework.security.authentication.UsernamePasswordAuthenticationToken@c4926237: Principal: vn.bananavietnam.ict.common.auth.MyUser@c4907816: Username: U0000000001; Password: [PROTECTED]; Enabled: true; AccountNonExpired: true; credentialsNonExpired: true; AccountNonLocked: true; Granted Authorities: 1; Credentials: [PROTECTED]; Authenticated: true; Details: org.springframework.security.web.authentication.WebAuthenticationDetails@fffde5d4: RemoteIpAddress: 0:0:0:0:0:0:0:1; SessionId: DF1DF8E5D605B954F26391619216E12F; Granted Authorities: 1
05-08-2017 14:46:03.563,DEBUG,03FD3B7D51582AA40E01932F9FB64DB9,Voter: org.springframework.security.access.vote.RoleVoter@1b68791, returned: 0
05-08-2017 14:46:03.563,DEBUG,03FD3B7D51582AA40E01932F9FB64DB9,Voter: org.springframework.security.access.vote.AuthenticatedVoter@1fd620c, returned: 1
05-08-2017 14:46:03.563,DEBUG,03FD3B7D51582AA40E01932F9FB64DB9,Authorization successful
05-08-2017 14:46:03.563,DEBUG,03FD3B7D51582AA40E01932F9FB64DB9,RunAsManager did not change Authentication object
05-08-2017 14:46:03.563,DEBUG,03FD3B7D51582AA40E01932F9FB64DB9,/resources/img/icon_warning.png reached end of additional filter chain; proceeding with original chain
05-08-2017 14:46:03.563,DEBUG,03FD3B7D51582AA40E01932F9FB64DB9,Request [/ict/resources/img/icon_warning.png] is not a multipart request
05-08-2017 14:46:03.563,DEBUG,03FD3B7D51582AA40E01932F9FB64DB9,DispatcherServlet with name 'appServlet' processing GET request for [/ict/resources/img/icon_warning.png]
05-08-2017 14:46:03.563,DEBUG,03FD3B7D51582AA40E01932F9FB64DB9,Looking up handler method for path /resources/img/icon_warning.png
05-08-2017 14:46:03.564,DEBUG,03FD3B7D51582AA40E01932F9FB64DB9,Did not find handler method for [/resources/img/icon_warning.png]
05-08-2017 14:46:03.564,DEBUG,03FD3B7D51582AA40E01932F9FB64DB9,Matching patterns for request [/resources/img/icon_warning.png] are [/resources/**]
05-08-2017 14:46:03.564,DEBUG,03FD3B7D51582AA40E01932F9FB64DB9,URI Template variables for request [/resources/img/icon_warning.png] are {}
05-08-2017 14:46:03.564,DEBUG,03FD3B7D51582AA40E01932F9FB64DB9,Mapping [/resources/img/icon_warning.png] to HandlerExecutionChain with handler [ResourceHttpRequestHandler [locations=[ServletContext resource [/resources/]], resolvers=[org.springframework.web.servlet.resource.PathResourceResolver@1e41c58]]] and 1 interceptor
05-08-2017 14:46:03.564,DEBUG,03FD3B7D51582AA40E01932F9FB64DB9,Last-Modified value for [/ict/resources/img/icon_warning.png] is: -1
05-08-2017 14:46:03.564,DEBUG,03FD3B7D51582AA40E01932F9FB64DB9,Returning cached instance of singleton bean 'xml_path'
05-08-2017 14:46:03.567,DEBUG,03FD3B7D51582AA40E01932F9FB64DB9,Null ModelAndView returned to DispatcherServlet with name 'appServlet': assuming HandlerAdapter completed request handling
05-08-2017 14:46:03.567,DEBUG,03FD3B7D51582AA40E01932F9FB64DB9,Successfully completed request
05-08-2017 14:46:03.567,DEBUG,03FD3B7D51582AA40E01932F9FB64DB9,Chain processed normally
05-08-2017 14:46:03.568,DEBUG,03FD3B7D51582AA40E01932F9FB64DB9,SecurityContextHolder now cleared, as request processing completed
05-08-2017 14:46:06.990,DEBUG,03FD3B7D51582AA40E01932F9FB64DB9,/0089/searchData at position 1 of 11 in additional filter chain; firing Filter: 'SecurityContextPersistenceFilter'
05-08-2017 14:46:06.990,DEBUG,03FD3B7D51582AA40E01932F9FB64DB9,Obtained a valid SecurityContext from SPRING_SECURITY_CONTEXT: 'org.springframework.security.core.context.SecurityContextImpl@c4926237: Authentication: org.springframework.security.authentication.UsernamePasswordAuthenticationToken@c4926237: Principal: vn.bananavietnam.ict.common.auth.MyUser@c4907816: Username: U0000000001; Password: [PROTECTED]; Enabled: true; AccountNonExpired: true; credentialsNonExpired: true; AccountNonLocked: true; Granted Authorities: 1; Credentials: [PROTECTED]; Authenticated: true; Details: org.springframework.security.web.authentication.WebAuthenticationDetails@fffde5d4: RemoteIpAddress: 0:0:0:0:0:0:0:1; SessionId: DF1DF8E5D605B954F26391619216E12F; Granted Authorities: 1'
05-08-2017 14:46:06.990,DEBUG,03FD3B7D51582AA40E01932F9FB64DB9,/0089/searchData at position 2 of 11 in additional filter chain; firing Filter: 'WebAsyncManagerIntegrationFilter'
05-08-2017 14:46:06.990,DEBUG,03FD3B7D51582AA40E01932F9FB64DB9,/0089/searchData at position 3 of 11 in additional filter chain; firing Filter: 'LogoutFilter'
05-08-2017 14:46:06.990,DEBUG,03FD3B7D51582AA40E01932F9FB64DB9,/0089/searchData at position 4 of 11 in additional filter chain; firing Filter: 'UsernamePasswordAuthenticationFilter'
05-08-2017 14:46:06.990,DEBUG,03FD3B7D51582AA40E01932F9FB64DB9,/0089/searchData at position 5 of 11 in additional filter chain; firing Filter: 'BasicAuthenticationFilter'
05-08-2017 14:46:06.990,DEBUG,03FD3B7D51582AA40E01932F9FB64DB9,/0089/searchData at position 6 of 11 in additional filter chain; firing Filter: 'RequestCacheAwareFilter'
05-08-2017 14:46:06.990,DEBUG,03FD3B7D51582AA40E01932F9FB64DB9,/0089/searchData at position 7 of 11 in additional filter chain; firing Filter: 'SecurityContextHolderAwareRequestFilter'
05-08-2017 14:46:06.990,DEBUG,03FD3B7D51582AA40E01932F9FB64DB9,/0089/searchData at position 8 of 11 in additional filter chain; firing Filter: 'AnonymousAuthenticationFilter'
05-08-2017 14:46:06.991,DEBUG,03FD3B7D51582AA40E01932F9FB64DB9,SecurityContextHolder not populated with anonymous token, as it already contained: 'org.springframework.security.authentication.UsernamePasswordAuthenticationToken@c4926237: Principal: vn.bananavietnam.ict.common.auth.MyUser@c4907816: Username: U0000000001; Password: [PROTECTED]; Enabled: true; AccountNonExpired: true; credentialsNonExpired: true; AccountNonLocked: true; Granted Authorities: 1; Credentials: [PROTECTED]; Authenticated: true; Details: org.springframework.security.web.authentication.WebAuthenticationDetails@fffde5d4: RemoteIpAddress: 0:0:0:0:0:0:0:1; SessionId: DF1DF8E5D605B954F26391619216E12F; Granted Authorities: 1'
05-08-2017 14:46:06.991,DEBUG,03FD3B7D51582AA40E01932F9FB64DB9,/0089/searchData at position 9 of 11 in additional filter chain; firing Filter: 'SessionManagementFilter'
05-08-2017 14:46:06.991,DEBUG,03FD3B7D51582AA40E01932F9FB64DB9,/0089/searchData at position 10 of 11 in additional filter chain; firing Filter: 'ExceptionTranslationFilter'
05-08-2017 14:46:06.991,DEBUG,03FD3B7D51582AA40E01932F9FB64DB9,/0089/searchData at position 11 of 11 in additional filter chain; firing Filter: 'FilterSecurityInterceptor'
05-08-2017 14:46:06.991,DEBUG,03FD3B7D51582AA40E01932F9FB64DB9,Checking match of request : '/0089/searchdata'; against '/autherror*'
05-08-2017 14:46:06.991,DEBUG,03FD3B7D51582AA40E01932F9FB64DB9,Checking match of request : '/0089/searchdata'; against '/login/**'
05-08-2017 14:46:06.991,DEBUG,03FD3B7D51582AA40E01932F9FB64DB9,Checking match of request : '/0089/searchdata'; against '/0001/**'
05-08-2017 14:46:06.991,DEBUG,03FD3B7D51582AA40E01932F9FB64DB9,Checking match of request : '/0089/searchdata'; against '/0002/**'
05-08-2017 14:46:06.991,DEBUG,03FD3B7D51582AA40E01932F9FB64DB9,Checking match of request : '/0089/searchdata'; against '/0003/**'
05-08-2017 14:46:06.991,DEBUG,03FD3B7D51582AA40E01932F9FB64DB9,Checking match of request : '/0089/searchdata'; against '/searchuserpopup/**'
05-08-2017 14:46:06.991,DEBUG,03FD3B7D51582AA40E01932F9FB64DB9,Checking match of request : '/0089/searchdata'; against '/0005/**'
05-08-2017 14:46:06.991,DEBUG,03FD3B7D51582AA40E01932F9FB64DB9,Checking match of request : '/0089/searchdata'; against '/0009/**'
05-08-2017 14:46:06.991,DEBUG,03FD3B7D51582AA40E01932F9FB64DB9,Checking match of request : '/0089/searchdata'; against '/searchline/**'
05-08-2017 14:46:06.991,DEBUG,03FD3B7D51582AA40E01932F9FB64DB9,Checking match of request : '/0089/searchdata'; against '/0013/**'
05-08-2017 14:46:06.991,DEBUG,03FD3B7D51582AA40E01932F9FB64DB9,Checking match of request : '/0089/searchdata'; against '/0017/**'
05-08-2017 14:46:06.991,DEBUG,03FD3B7D51582AA40E01932F9FB64DB9,Checking match of request : '/0089/searchdata'; against '/0031/**'
05-08-2017 14:46:06.991,DEBUG,03FD3B7D51582AA40E01932F9FB64DB9,Checking match of request : '/0089/searchdata'; against '/0035/**'
05-08-2017 14:46:06.991,DEBUG,03FD3B7D51582AA40E01932F9FB64DB9,Checking match of request : '/0089/searchdata'; against '/0037/**'
05-08-2017 14:46:06.991,DEBUG,03FD3B7D51582AA40E01932F9FB64DB9,Checking match of request : '/0089/searchdata'; against '/0045/**'
05-08-2017 14:46:06.991,DEBUG,03FD3B7D51582AA40E01932F9FB64DB9,Checking match of request : '/0089/searchdata'; against '/0047/**'
05-08-2017 14:46:06.991,DEBUG,03FD3B7D51582AA40E01932F9FB64DB9,Checking match of request : '/0089/searchdata'; against '/0049/**'
05-08-2017 14:46:06.991,DEBUG,03FD3B7D51582AA40E01932F9FB64DB9,Checking match of request : '/0089/searchdata'; against '/0061/**'
05-08-2017 14:46:06.991,DEBUG,03FD3B7D51582AA40E01932F9FB64DB9,Checking match of request : '/0089/searchdata'; against '/0087/**'
05-08-2017 14:46:06.991,DEBUG,03FD3B7D51582AA40E01932F9FB64DB9,Checking match of request : '/0089/searchdata'; against '/0075/**'
05-08-2017 14:46:06.991,DEBUG,03FD3B7D51582AA40E01932F9FB64DB9,Checking match of request : '/0089/searchdata'; against '/0089/**'
05-08-2017 14:46:06.991,DEBUG,03FD3B7D51582AA40E01932F9FB64DB9,Secure object: FilterInvocation: URL: /0089/searchData; Attributes: [ROLE_ADMIN, ROLE_USER, IS_AUTHENTICATED_FULLY]
05-08-2017 14:46:06.991,DEBUG,03FD3B7D51582AA40E01932F9FB64DB9,Previously Authenticated: org.springframework.security.authentication.UsernamePasswordAuthenticationToken@c4926237: Principal: vn.bananavietnam.ict.common.auth.MyUser@c4907816: Username: U0000000001; Password: [PROTECTED]; Enabled: true; AccountNonExpired: true; credentialsNonExpired: true; AccountNonLocked: true; Granted Authorities: 1; Credentials: [PROTECTED]; Authenticated: true; Details: org.springframework.security.web.authentication.WebAuthenticationDetails@fffde5d4: RemoteIpAddress: 0:0:0:0:0:0:0:1; SessionId: DF1DF8E5D605B954F26391619216E12F; Granted Authorities: 1
05-08-2017 14:46:06.991,DEBUG,03FD3B7D51582AA40E01932F9FB64DB9,Voter: org.springframework.security.access.vote.RoleVoter@1b68791, returned: -1
05-08-2017 14:46:06.992,DEBUG,03FD3B7D51582AA40E01932F9FB64DB9,Voter: org.springframework.security.access.vote.AuthenticatedVoter@1fd620c, returned: 1
05-08-2017 14:46:06.992,DEBUG,03FD3B7D51582AA40E01932F9FB64DB9,Authorization successful
05-08-2017 14:46:06.992,DEBUG,03FD3B7D51582AA40E01932F9FB64DB9,RunAsManager did not change Authentication object
05-08-2017 14:46:06.992,DEBUG,03FD3B7D51582AA40E01932F9FB64DB9,/0089/searchData reached end of additional filter chain; proceeding with original chain
05-08-2017 14:46:06.992,DEBUG,03FD3B7D51582AA40E01932F9FB64DB9,Request [/ict/0089/searchData] is not a multipart request
05-08-2017 14:46:06.992,DEBUG,03FD3B7D51582AA40E01932F9FB64DB9,DispatcherServlet with name 'appServlet' processing POST request for [/ict/0089/searchData]
05-08-2017 14:46:06.992,DEBUG,03FD3B7D51582AA40E01932F9FB64DB9,Looking up handler method for path /0089/searchData
05-08-2017 14:46:06.992,DEBUG,03FD3B7D51582AA40E01932F9FB64DB9,Returning handler method [public java.util.List<vn.bananavietnam.ict.banana.component.Bnn0089SearchTaskResult> vn.bananavietnam.ict.banana.controller.Bnn0089SearchTaskController.searchData(vn.bananavietnam.ict.banana.component.Bnn0089SearchTaskConditions)]
05-08-2017 14:46:06.992,DEBUG,03FD3B7D51582AA40E01932F9FB64DB9,Returning cached instance of singleton bean 'bnn0089SearchTaskController'
05-08-2017 14:46:06.992,DEBUG,03FD3B7D51582AA40E01932F9FB64DB9,Returning cached instance of singleton bean 'xml_path'
05-08-2017 14:46:06.993,DEBUG,03FD3B7D51582AA40E01932F9FB64DB9,Read [class vn.bananavietnam.ict.banana.component.Bnn0089SearchTaskConditions] as "application/json" with [org.springframework.http.converter.json.MappingJackson2HttpMessageConverter@1fe278e]
05-08-2017 14:46:06.993,INFO ,03FD3B7D51582AA40E01932F9FB64DB9,U0000000001,vn.bananavietnam.ict.banana.service.Bnn0089SearchTaskService,searchData,[vn.bananavietnam.ict.banana.component.Bnn0089SearchTaskConditions@d72a4b] METHOD START
05-08-2017 14:46:06.994,DEBUG,03FD3B7D51582AA40E01932F9FB64DB9,Returning cached instance of singleton bean 'transactionManager'
05-08-2017 14:46:06.994,INFO ,03FD3B7D51582AA40E01932F9FB64DB9,U0000000001,Task searching started
05-08-2017 14:46:06.994,DEBUG,03FD3B7D51582AA40E01932F9FB64DB9,Creating a new SqlSession
05-08-2017 14:46:06.994,DEBUG,03FD3B7D51582AA40E01932F9FB64DB9,Registering transaction synchronization for SqlSession [org.apache.ibatis.session.defaults.DefaultSqlSession@1940f63]
05-08-2017 14:46:06.994,DEBUG,03FD3B7D51582AA40E01932F9FB64DB9,Fetching JDBC Connection from DataSource
05-08-2017 14:46:06.994,DEBUG,03FD3B7D51582AA40E01932F9FB64DB9,Creating new JDBC DriverManager Connection to [jdbc:mysql://172.16.0.175:3306/BANANA_DB_HUNG_SELENIUM?useUnicode=yes&characterEncoding=UTF-8&autoReconnect=true]
05-08-2017 14:46:07.012,DEBUG,03FD3B7D51582AA40E01932F9FB64DB9,Registering transaction synchronization for JDBC Connection
05-08-2017 14:46:07.012,DEBUG,03FD3B7D51582AA40E01932F9FB64DB9,JDBC Connection [com.mysql.jdbc.JDBC4Connection@779247] will be managed by Spring
05-08-2017 14:46:07.012,DEBUG,03FD3B7D51582AA40E01932F9FB64DB9,==>  Preparing: SELECT T.TASK_ID taskId, T.TASK_NAME taskName, T.WORKING_DETAILS workingDetails, T.NOTE note, T.QUARANTINE_HANDLING_FLAG quarantineHandlingFlag, T.DELETE_FLAG deleteFlag, T.CHANGE_POINT_CODE changePointCode FROM IVB_M_TASK T WHERE 1 = 1 AND T.DELETE_FLAG = '0' ORDER BY T.TASK_NAME LIMIT ?,? 
05-08-2017 14:46:07.012,DEBUG,03FD3B7D51582AA40E01932F9FB64DB9,==> Parameters: 0(Integer), 20(Integer)
05-08-2017 14:46:07.015,DEBUG,03FD3B7D51582AA40E01932F9FB64DB9,<==      Total: 20
05-08-2017 14:46:07.015,DEBUG,03FD3B7D51582AA40E01932F9FB64DB9,Releasing transactional SqlSession [org.apache.ibatis.session.defaults.DefaultSqlSession@1940f63]
05-08-2017 14:46:07.015,INFO ,03FD3B7D51582AA40E01932F9FB64DB9,U0000000001,SQL execution finished
05-08-2017 14:46:07.015,DEBUG,03FD3B7D51582AA40E01932F9FB64DB9,Fetched SqlSession [org.apache.ibatis.session.defaults.DefaultSqlSession@1940f63] from current transaction
05-08-2017 14:46:07.015,DEBUG,03FD3B7D51582AA40E01932F9FB64DB9,==>  Preparing: SELECT COUNT(*) FROM IVB_M_TASK T WHERE 1 = 1 AND T.DELETE_FLAG = '0' ORDER BY T.TASK_ID 
05-08-2017 14:46:07.015,DEBUG,03FD3B7D51582AA40E01932F9FB64DB9,==> Parameters: 
05-08-2017 14:46:07.016,DEBUG,03FD3B7D51582AA40E01932F9FB64DB9,<==      Total: 1
05-08-2017 14:46:07.016,DEBUG,03FD3B7D51582AA40E01932F9FB64DB9,Releasing transactional SqlSession [org.apache.ibatis.session.defaults.DefaultSqlSession@1940f63]
05-08-2017 14:46:07.017,INFO ,03FD3B7D51582AA40E01932F9FB64DB9,U0000000001,Task searching finished ==> 43 item(s)
05-08-2017 14:46:07.017,DEBUG,03FD3B7D51582AA40E01932F9FB64DB9,Transaction synchronization deregistering SqlSession [org.apache.ibatis.session.defaults.DefaultSqlSession@1940f63]
05-08-2017 14:46:07.017,DEBUG,03FD3B7D51582AA40E01932F9FB64DB9,Transaction synchronization closing SqlSession [org.apache.ibatis.session.defaults.DefaultSqlSession@1940f63]
05-08-2017 14:46:07.017,DEBUG,03FD3B7D51582AA40E01932F9FB64DB9,Returning JDBC Connection to DataSource
05-08-2017 14:46:07.017,INFO ,03FD3B7D51582AA40E01932F9FB64DB9,U0000000001,vn.bananavietnam.ict.banana.service.Bnn0089SearchTaskService,searchData,[vn.bananavietnam.ict.banana.component.Bnn0089SearchTaskConditions@d72a4b] METHOD END
05-08-2017 14:46:07.019,DEBUG,03FD3B7D51582AA40E01932F9FB64DB9,Written [[vn.bananavietnam.ict.banana.component.Bnn0089SearchTaskResult@154ca3d, vn.bananavietnam.ict.banana.component.Bnn0089SearchTaskResult@1ff1ee5, vn.bananavietnam.ict.banana.component.Bnn0089SearchTaskResult@43468c, vn.bananavietnam.ict.banana.component.Bnn0089SearchTaskResult@1ba7a0c, vn.bananavietnam.ict.banana.component.Bnn0089SearchTaskResult@d445e4, vn.bananavietnam.ict.banana.component.Bnn0089SearchTaskResult@1476ead, vn.bananavietnam.ict.banana.component.Bnn0089SearchTaskResult@15839ef, vn.bananavietnam.ict.banana.component.Bnn0089SearchTaskResult@1264212, vn.bananavietnam.ict.banana.component.Bnn0089SearchTaskResult@1d3d5f7, vn.bananavietnam.ict.banana.component.Bnn0089SearchTaskResult@1ede9e6, vn.bananavietnam.ict.banana.component.Bnn0089SearchTaskResult@1e43675, vn.bananavietnam.ict.banana.component.Bnn0089SearchTaskResult@abc849, vn.bananavietnam.ict.banana.component.Bnn0089SearchTaskResult@10ccc06, vn.bananavietnam.ict.banana.component.Bnn0089SearchTaskResult@188b998, vn.bananavietnam.ict.banana.component.Bnn0089SearchTaskResult@1297a02, vn.bananavietnam.ict.banana.component.Bnn0089SearchTaskResult@130076e, vn.bananavietnam.ict.banana.component.Bnn0089SearchTaskResult@4f9d32, vn.bananavietnam.ict.banana.component.Bnn0089SearchTaskResult@1da81a, vn.bananavietnam.ict.banana.component.Bnn0089SearchTaskResult@a3171, vn.bananavietnam.ict.banana.component.Bnn0089SearchTaskResult@1d45aa9]] as "application/json;charset=UTF-8" using [org.springframework.http.converter.json.MappingJackson2HttpMessageConverter@1fe278e]
05-08-2017 14:46:07.019,DEBUG,03FD3B7D51582AA40E01932F9FB64DB9,Null ModelAndView returned to DispatcherServlet with name 'appServlet': assuming HandlerAdapter completed request handling
05-08-2017 14:46:07.019,DEBUG,03FD3B7D51582AA40E01932F9FB64DB9,Successfully completed request
05-08-2017 14:46:07.019,DEBUG,03FD3B7D51582AA40E01932F9FB64DB9,Chain processed normally
05-08-2017 14:46:07.019,DEBUG,03FD3B7D51582AA40E01932F9FB64DB9,SecurityContextHolder now cleared, as request processing completed
