05-08-2017 14:46:44.879,DEBUG,03FD3B7D51582AA40E01932F9FB64DB9,/0089/deleteData at position 1 of 11 in additional filter chain; firing Filter: 'SecurityContextPersistenceFilter'
05-08-2017 14:46:44.879,DEBUG,03FD3B7D51582AA40E01932F9FB64DB9,Obtained a valid SecurityContext from SPRING_SECURITY_CONTEXT: 'org.springframework.security.core.context.SecurityContextImpl@c4926237: Authentication: org.springframework.security.authentication.UsernamePasswordAuthenticationToken@c4926237: Principal: vn.bananavietnam.ict.common.auth.MyUser@c4907816: Username: U0000000001; Password: [PROTECTED]; Enabled: true; AccountNonExpired: true; credentialsNonExpired: true; AccountNonLocked: true; Granted Authorities: 1; Credentials: [PROTECTED]; Authenticated: true; Details: org.springframework.security.web.authentication.WebAuthenticationDetails@fffde5d4: RemoteIpAddress: 0:0:0:0:0:0:0:1; SessionId: DF1DF8E5D605B954F26391619216E12F; Granted Authorities: 1'
05-08-2017 14:46:44.879,DEBUG,03FD3B7D51582AA40E01932F9FB64DB9,/0089/deleteData at position 2 of 11 in additional filter chain; firing Filter: 'WebAsyncManagerIntegrationFilter'
05-08-2017 14:46:44.879,DEBUG,03FD3B7D51582AA40E01932F9FB64DB9,/0089/deleteData at position 3 of 11 in additional filter chain; firing Filter: 'LogoutFilter'
05-08-2017 14:46:44.879,DEBUG,03FD3B7D51582AA40E01932F9FB64DB9,/0089/deleteData at position 4 of 11 in additional filter chain; firing Filter: 'UsernamePasswordAuthenticationFilter'
05-08-2017 14:46:44.879,DEBUG,03FD3B7D51582AA40E01932F9FB64DB9,/0089/deleteData at position 5 of 11 in additional filter chain; firing Filter: 'BasicAuthenticationFilter'
05-08-2017 14:46:44.879,DEBUG,03FD3B7D51582AA40E01932F9FB64DB9,/0089/deleteData at position 6 of 11 in additional filter chain; firing Filter: 'RequestCacheAwareFilter'
05-08-2017 14:46:44.879,DEBUG,03FD3B7D51582AA40E01932F9FB64DB9,/0089/deleteData at position 7 of 11 in additional filter chain; firing Filter: 'SecurityContextHolderAwareRequestFilter'
05-08-2017 14:46:44.879,DEBUG,03FD3B7D51582AA40E01932F9FB64DB9,/0089/deleteData at position 8 of 11 in additional filter chain; firing Filter: 'AnonymousAuthenticationFilter'
05-08-2017 14:46:44.880,DEBUG,03FD3B7D51582AA40E01932F9FB64DB9,SecurityContextHolder not populated with anonymous token, as it already contained: 'org.springframework.security.authentication.UsernamePasswordAuthenticationToken@c4926237: Principal: vn.bananavietnam.ict.common.auth.MyUser@c4907816: Username: U0000000001; Password: [PROTECTED]; Enabled: true; AccountNonExpired: true; credentialsNonExpired: true; AccountNonLocked: true; Granted Authorities: 1; Credentials: [PROTECTED]; Authenticated: true; Details: org.springframework.security.web.authentication.WebAuthenticationDetails@fffde5d4: RemoteIpAddress: 0:0:0:0:0:0:0:1; SessionId: DF1DF8E5D605B954F26391619216E12F; Granted Authorities: 1'
05-08-2017 14:46:44.880,DEBUG,03FD3B7D51582AA40E01932F9FB64DB9,/0089/deleteData at position 9 of 11 in additional filter chain; firing Filter: 'SessionManagementFilter'
05-08-2017 14:46:44.880,DEBUG,03FD3B7D51582AA40E01932F9FB64DB9,/0089/deleteData at position 10 of 11 in additional filter chain; firing Filter: 'ExceptionTranslationFilter'
05-08-2017 14:46:44.880,DEBUG,03FD3B7D51582AA40E01932F9FB64DB9,/0089/deleteData at position 11 of 11 in additional filter chain; firing Filter: 'FilterSecurityInterceptor'
05-08-2017 14:46:44.880,DEBUG,03FD3B7D51582AA40E01932F9FB64DB9,Checking match of request : '/0089/deletedata'; against '/autherror*'
05-08-2017 14:46:44.880,DEBUG,03FD3B7D51582AA40E01932F9FB64DB9,Checking match of request : '/0089/deletedata'; against '/login/**'
05-08-2017 14:46:44.880,DEBUG,03FD3B7D51582AA40E01932F9FB64DB9,Checking match of request : '/0089/deletedata'; against '/0001/**'
05-08-2017 14:46:44.880,DEBUG,03FD3B7D51582AA40E01932F9FB64DB9,Checking match of request : '/0089/deletedata'; against '/0002/**'
05-08-2017 14:46:44.880,DEBUG,03FD3B7D51582AA40E01932F9FB64DB9,Checking match of request : '/0089/deletedata'; against '/0003/**'
05-08-2017 14:46:44.880,DEBUG,03FD3B7D51582AA40E01932F9FB64DB9,Checking match of request : '/0089/deletedata'; against '/searchuserpopup/**'
05-08-2017 14:46:44.880,DEBUG,03FD3B7D51582AA40E01932F9FB64DB9,Checking match of request : '/0089/deletedata'; against '/0005/**'
05-08-2017 14:46:44.880,DEBUG,03FD3B7D51582AA40E01932F9FB64DB9,Checking match of request : '/0089/deletedata'; against '/0009/**'
05-08-2017 14:46:44.880,DEBUG,03FD3B7D51582AA40E01932F9FB64DB9,Checking match of request : '/0089/deletedata'; against '/searchline/**'
05-08-2017 14:46:44.880,DEBUG,03FD3B7D51582AA40E01932F9FB64DB9,Checking match of request : '/0089/deletedata'; against '/0013/**'
05-08-2017 14:46:44.880,DEBUG,03FD3B7D51582AA40E01932F9FB64DB9,Checking match of request : '/0089/deletedata'; against '/0017/**'
05-08-2017 14:46:44.880,DEBUG,03FD3B7D51582AA40E01932F9FB64DB9,Checking match of request : '/0089/deletedata'; against '/0031/**'
05-08-2017 14:46:44.880,DEBUG,03FD3B7D51582AA40E01932F9FB64DB9,Checking match of request : '/0089/deletedata'; against '/0035/**'
05-08-2017 14:46:44.880,DEBUG,03FD3B7D51582AA40E01932F9FB64DB9,Checking match of request : '/0089/deletedata'; against '/0037/**'
05-08-2017 14:46:44.880,DEBUG,03FD3B7D51582AA40E01932F9FB64DB9,Checking match of request : '/0089/deletedata'; against '/0045/**'
05-08-2017 14:46:44.880,DEBUG,03FD3B7D51582AA40E01932F9FB64DB9,Checking match of request : '/0089/deletedata'; against '/0047/**'
05-08-2017 14:46:44.880,DEBUG,03FD3B7D51582AA40E01932F9FB64DB9,Checking match of request : '/0089/deletedata'; against '/0049/**'
05-08-2017 14:46:44.880,DEBUG,03FD3B7D51582AA40E01932F9FB64DB9,Checking match of request : '/0089/deletedata'; against '/0061/**'
05-08-2017 14:46:44.880,DEBUG,03FD3B7D51582AA40E01932F9FB64DB9,Checking match of request : '/0089/deletedata'; against '/0087/**'
05-08-2017 14:46:44.880,DEBUG,03FD3B7D51582AA40E01932F9FB64DB9,Checking match of request : '/0089/deletedata'; against '/0075/**'
05-08-2017 14:46:44.880,DEBUG,03FD3B7D51582AA40E01932F9FB64DB9,Checking match of request : '/0089/deletedata'; against '/0089/**'
05-08-2017 14:46:44.880,DEBUG,03FD3B7D51582AA40E01932F9FB64DB9,Secure object: FilterInvocation: URL: /0089/deleteData; Attributes: [ROLE_ADMIN, ROLE_USER, IS_AUTHENTICATED_FULLY]
05-08-2017 14:46:44.880,DEBUG,03FD3B7D51582AA40E01932F9FB64DB9,Previously Authenticated: org.springframework.security.authentication.UsernamePasswordAuthenticationToken@c4926237: Principal: vn.bananavietnam.ict.common.auth.MyUser@c4907816: Username: U0000000001; Password: [PROTECTED]; Enabled: true; AccountNonExpired: true; credentialsNonExpired: true; AccountNonLocked: true; Granted Authorities: 1; Credentials: [PROTECTED]; Authenticated: true; Details: org.springframework.security.web.authentication.WebAuthenticationDetails@fffde5d4: RemoteIpAddress: 0:0:0:0:0:0:0:1; SessionId: DF1DF8E5D605B954F26391619216E12F; Granted Authorities: 1
05-08-2017 14:46:44.880,DEBUG,03FD3B7D51582AA40E01932F9FB64DB9,Voter: org.springframework.security.access.vote.RoleVoter@1b68791, returned: -1
05-08-2017 14:46:44.880,DEBUG,03FD3B7D51582AA40E01932F9FB64DB9,Voter: org.springframework.security.access.vote.AuthenticatedVoter@1fd620c, returned: 1
05-08-2017 14:46:44.880,DEBUG,03FD3B7D51582AA40E01932F9FB64DB9,Authorization successful
05-08-2017 14:46:44.880,DEBUG,03FD3B7D51582AA40E01932F9FB64DB9,RunAsManager did not change Authentication object
05-08-2017 14:46:44.880,DEBUG,03FD3B7D51582AA40E01932F9FB64DB9,/0089/deleteData reached end of additional filter chain; proceeding with original chain
05-08-2017 14:46:44.880,DEBUG,03FD3B7D51582AA40E01932F9FB64DB9,Request [/ict/0089/deleteData] is not a multipart request
05-08-2017 14:46:44.881,DEBUG,03FD3B7D51582AA40E01932F9FB64DB9,DispatcherServlet with name 'appServlet' processing POST request for [/ict/0089/deleteData]
05-08-2017 14:46:44.881,DEBUG,03FD3B7D51582AA40E01932F9FB64DB9,Looking up handler method for path /0089/deleteData
05-08-2017 14:46:44.881,DEBUG,03FD3B7D51582AA40E01932F9FB64DB9,Returning handler method [public java.lang.String vn.bananavietnam.ict.banana.controller.Bnn0089SearchTaskController.deleteData(java.lang.String)]
05-08-2017 14:46:44.881,DEBUG,03FD3B7D51582AA40E01932F9FB64DB9,Returning cached instance of singleton bean 'bnn0089SearchTaskController'
05-08-2017 14:46:44.881,DEBUG,03FD3B7D51582AA40E01932F9FB64DB9,Returning cached instance of singleton bean 'xml_path'
05-08-2017 14:46:44.881,INFO ,03FD3B7D51582AA40E01932F9FB64DB9,U0000000001,vn.bananavietnam.ict.banana.service.Bnn0089SearchTaskService,deleteData,[T057] METHOD START
05-08-2017 14:46:44.881,DEBUG,03FD3B7D51582AA40E01932F9FB64DB9,Returning cached instance of singleton bean 'transactionManager'
05-08-2017 14:46:44.881,DEBUG,03FD3B7D51582AA40E01932F9FB64DB9,Creating new transaction with name [null]: PROPAGATION_REQUIRED,ISOLATION_DEFAULT
05-08-2017 14:46:44.881,DEBUG,03FD3B7D51582AA40E01932F9FB64DB9,Creating new JDBC DriverManager Connection to [jdbc:mysql://172.16.0.175:3306/BANANA_DB_HUNG_SELENIUM?useUnicode=yes&characterEncoding=UTF-8&autoReconnect=true]
05-08-2017 14:46:44.900,DEBUG,03FD3B7D51582AA40E01932F9FB64DB9,Acquired Connection [com.mysql.jdbc.JDBC4Connection@f8a802] for JDBC transaction
05-08-2017 14:46:44.900,DEBUG,03FD3B7D51582AA40E01932F9FB64DB9,Switching JDBC Connection [com.mysql.jdbc.JDBC4Connection@f8a802] to manual commit
05-08-2017 14:46:44.901,DEBUG,03FD3B7D51582AA40E01932F9FB64DB9,Creating a new SqlSession
05-08-2017 14:46:44.901,DEBUG,03FD3B7D51582AA40E01932F9FB64DB9,Registering transaction synchronization for SqlSession [org.apache.ibatis.session.defaults.DefaultSqlSession@552f61]
05-08-2017 14:46:44.901,DEBUG,03FD3B7D51582AA40E01932F9FB64DB9,JDBC Connection [com.mysql.jdbc.JDBC4Connection@f8a802] will be managed by Spring
05-08-2017 14:46:44.901,DEBUG,03FD3B7D51582AA40E01932F9FB64DB9,==>  Preparing: update IVB_M_TASK SET LAST_UPDATE_DATE = NOW(), DELETE_FLAG = ? where TASK_ID = ? 
05-08-2017 14:46:44.902,DEBUG,03FD3B7D51582AA40E01932F9FB64DB9,==> Parameters: true(Boolean), T057(String)
05-08-2017 14:46:44.905,DEBUG,03FD3B7D51582AA40E01932F9FB64DB9,<==    Updates: 1
05-08-2017 14:46:44.905,DEBUG,03FD3B7D51582AA40E01932F9FB64DB9,Releasing transactional SqlSession [org.apache.ibatis.session.defaults.DefaultSqlSession@552f61]
05-08-2017 14:46:44.905,DEBUG,03FD3B7D51582AA40E01932F9FB64DB9,Transaction synchronization committing SqlSession [org.apache.ibatis.session.defaults.DefaultSqlSession@552f61]
05-08-2017 14:46:44.905,DEBUG,03FD3B7D51582AA40E01932F9FB64DB9,Transaction synchronization deregistering SqlSession [org.apache.ibatis.session.defaults.DefaultSqlSession@552f61]
05-08-2017 14:46:44.905,DEBUG,03FD3B7D51582AA40E01932F9FB64DB9,Transaction synchronization closing SqlSession [org.apache.ibatis.session.defaults.DefaultSqlSession@552f61]
05-08-2017 14:46:44.905,DEBUG,03FD3B7D51582AA40E01932F9FB64DB9,Initiating transaction commit
05-08-2017 14:46:44.905,DEBUG,03FD3B7D51582AA40E01932F9FB64DB9,Committing JDBC transaction on Connection [com.mysql.jdbc.JDBC4Connection@f8a802]
05-08-2017 14:46:44.911,DEBUG,03FD3B7D51582AA40E01932F9FB64DB9,Releasing JDBC Connection [com.mysql.jdbc.JDBC4Connection@f8a802] after transaction
05-08-2017 14:46:44.911,DEBUG,03FD3B7D51582AA40E01932F9FB64DB9,Returning JDBC Connection to DataSource
05-08-2017 14:46:44.911,INFO ,03FD3B7D51582AA40E01932F9FB64DB9,U0000000001,vn.bananavietnam.ict.banana.service.Bnn0089SearchTaskService,deleteData,[T057] METHOD END
05-08-2017 14:46:44.913,DEBUG,03FD3B7D51582AA40E01932F9FB64DB9,Written [6000] as "text/plain;charset=ISO-8859-1" using [org.springframework.http.converter.StringHttpMessageConverter@1136134]
05-08-2017 14:46:44.913,DEBUG,03FD3B7D51582AA40E01932F9FB64DB9,Null ModelAndView returned to DispatcherServlet with name 'appServlet': assuming HandlerAdapter completed request handling
05-08-2017 14:46:44.913,DEBUG,03FD3B7D51582AA40E01932F9FB64DB9,Successfully completed request
05-08-2017 14:46:44.913,DEBUG,03FD3B7D51582AA40E01932F9FB64DB9,Chain processed normally
05-08-2017 14:46:44.913,DEBUG,03FD3B7D51582AA40E01932F9FB64DB9,SecurityContextHolder now cleared, as request processing completed
05-08-2017 14:46:44.915,DEBUG,03FD3B7D51582AA40E01932F9FB64DB9,/0089/searchData at position 1 of 11 in additional filter chain; firing Filter: 'SecurityContextPersistenceFilter'
05-08-2017 14:46:44.915,DEBUG,03FD3B7D51582AA40E01932F9FB64DB9,Obtained a valid SecurityContext from SPRING_SECURITY_CONTEXT: 'org.springframework.security.core.context.SecurityContextImpl@c4926237: Authentication: org.springframework.security.authentication.UsernamePasswordAuthenticationToken@c4926237: Principal: vn.bananavietnam.ict.common.auth.MyUser@c4907816: Username: U0000000001; Password: [PROTECTED]; Enabled: true; AccountNonExpired: true; credentialsNonExpired: true; AccountNonLocked: true; Granted Authorities: 1; Credentials: [PROTECTED]; Authenticated: true; Details: org.springframework.security.web.authentication.WebAuthenticationDetails@fffde5d4: RemoteIpAddress: 0:0:0:0:0:0:0:1; SessionId: DF1DF8E5D605B954F26391619216E12F; Granted Authorities: 1'
05-08-2017 14:46:44.916,DEBUG,03FD3B7D51582AA40E01932F9FB64DB9,/0089/searchData at position 2 of 11 in additional filter chain; firing Filter: 'WebAsyncManagerIntegrationFilter'
05-08-2017 14:46:44.916,DEBUG,03FD3B7D51582AA40E01932F9FB64DB9,/0089/searchData at position 3 of 11 in additional filter chain; firing Filter: 'LogoutFilter'
05-08-2017 14:46:44.916,DEBUG,03FD3B7D51582AA40E01932F9FB64DB9,/0089/searchData at position 4 of 11 in additional filter chain; firing Filter: 'UsernamePasswordAuthenticationFilter'
05-08-2017 14:46:44.916,DEBUG,03FD3B7D51582AA40E01932F9FB64DB9,/0089/searchData at position 5 of 11 in additional filter chain; firing Filter: 'BasicAuthenticationFilter'
05-08-2017 14:46:44.916,DEBUG,03FD3B7D51582AA40E01932F9FB64DB9,/0089/searchData at position 6 of 11 in additional filter chain; firing Filter: 'RequestCacheAwareFilter'
05-08-2017 14:46:44.916,DEBUG,03FD3B7D51582AA40E01932F9FB64DB9,/0089/searchData at position 7 of 11 in additional filter chain; firing Filter: 'SecurityContextHolderAwareRequestFilter'
05-08-2017 14:46:44.916,DEBUG,03FD3B7D51582AA40E01932F9FB64DB9,/0089/searchData at position 8 of 11 in additional filter chain; firing Filter: 'AnonymousAuthenticationFilter'
05-08-2017 14:46:44.916,DEBUG,03FD3B7D51582AA40E01932F9FB64DB9,SecurityContextHolder not populated with anonymous token, as it already contained: 'org.springframework.security.authentication.UsernamePasswordAuthenticationToken@c4926237: Principal: vn.bananavietnam.ict.common.auth.MyUser@c4907816: Username: U0000000001; Password: [PROTECTED]; Enabled: true; AccountNonExpired: true; credentialsNonExpired: true; AccountNonLocked: true; Granted Authorities: 1; Credentials: [PROTECTED]; Authenticated: true; Details: org.springframework.security.web.authentication.WebAuthenticationDetails@fffde5d4: RemoteIpAddress: 0:0:0:0:0:0:0:1; SessionId: DF1DF8E5D605B954F26391619216E12F; Granted Authorities: 1'
05-08-2017 14:46:44.916,DEBUG,03FD3B7D51582AA40E01932F9FB64DB9,/0089/searchData at position 9 of 11 in additional filter chain; firing Filter: 'SessionManagementFilter'
05-08-2017 14:46:44.916,DEBUG,03FD3B7D51582AA40E01932F9FB64DB9,/0089/searchData at position 10 of 11 in additional filter chain; firing Filter: 'ExceptionTranslationFilter'
05-08-2017 14:46:44.916,DEBUG,03FD3B7D51582AA40E01932F9FB64DB9,/0089/searchData at position 11 of 11 in additional filter chain; firing Filter: 'FilterSecurityInterceptor'
05-08-2017 14:46:44.916,DEBUG,03FD3B7D51582AA40E01932F9FB64DB9,Checking match of request : '/0089/searchdata'; against '/autherror*'
05-08-2017 14:46:44.916,DEBUG,03FD3B7D51582AA40E01932F9FB64DB9,Checking match of request : '/0089/searchdata'; against '/login/**'
05-08-2017 14:46:44.916,DEBUG,03FD3B7D51582AA40E01932F9FB64DB9,Checking match of request : '/0089/searchdata'; against '/0001/**'
05-08-2017 14:46:44.916,DEBUG,03FD3B7D51582AA40E01932F9FB64DB9,Checking match of request : '/0089/searchdata'; against '/0002/**'
05-08-2017 14:46:44.916,DEBUG,03FD3B7D51582AA40E01932F9FB64DB9,Checking match of request : '/0089/searchdata'; against '/0003/**'
05-08-2017 14:46:44.916,DEBUG,03FD3B7D51582AA40E01932F9FB64DB9,Checking match of request : '/0089/searchdata'; against '/searchuserpopup/**'
05-08-2017 14:46:44.916,DEBUG,03FD3B7D51582AA40E01932F9FB64DB9,Checking match of request : '/0089/searchdata'; against '/0005/**'
05-08-2017 14:46:44.916,DEBUG,03FD3B7D51582AA40E01932F9FB64DB9,Checking match of request : '/0089/searchdata'; against '/0009/**'
05-08-2017 14:46:44.916,DEBUG,03FD3B7D51582AA40E01932F9FB64DB9,Checking match of request : '/0089/searchdata'; against '/searchline/**'
05-08-2017 14:46:44.916,DEBUG,03FD3B7D51582AA40E01932F9FB64DB9,Checking match of request : '/0089/searchdata'; against '/0013/**'
05-08-2017 14:46:44.916,DEBUG,03FD3B7D51582AA40E01932F9FB64DB9,Checking match of request : '/0089/searchdata'; against '/0017/**'
05-08-2017 14:46:44.916,DEBUG,03FD3B7D51582AA40E01932F9FB64DB9,Checking match of request : '/0089/searchdata'; against '/0031/**'
05-08-2017 14:46:44.916,DEBUG,03FD3B7D51582AA40E01932F9FB64DB9,Checking match of request : '/0089/searchdata'; against '/0035/**'
05-08-2017 14:46:44.916,DEBUG,03FD3B7D51582AA40E01932F9FB64DB9,Checking match of request : '/0089/searchdata'; against '/0037/**'
05-08-2017 14:46:44.916,DEBUG,03FD3B7D51582AA40E01932F9FB64DB9,Checking match of request : '/0089/searchdata'; against '/0045/**'
05-08-2017 14:46:44.916,DEBUG,03FD3B7D51582AA40E01932F9FB64DB9,Checking match of request : '/0089/searchdata'; against '/0047/**'
05-08-2017 14:46:44.916,DEBUG,03FD3B7D51582AA40E01932F9FB64DB9,Checking match of request : '/0089/searchdata'; against '/0049/**'
05-08-2017 14:46:44.916,DEBUG,03FD3B7D51582AA40E01932F9FB64DB9,Checking match of request : '/0089/searchdata'; against '/0061/**'
05-08-2017 14:46:44.916,DEBUG,03FD3B7D51582AA40E01932F9FB64DB9,Checking match of request : '/0089/searchdata'; against '/0087/**'
05-08-2017 14:46:44.916,DEBUG,03FD3B7D51582AA40E01932F9FB64DB9,Checking match of request : '/0089/searchdata'; against '/0075/**'
05-08-2017 14:46:44.916,DEBUG,03FD3B7D51582AA40E01932F9FB64DB9,Checking match of request : '/0089/searchdata'; against '/0089/**'
05-08-2017 14:46:44.916,DEBUG,03FD3B7D51582AA40E01932F9FB64DB9,Secure object: FilterInvocation: URL: /0089/searchData; Attributes: [ROLE_ADMIN, ROLE_USER, IS_AUTHENTICATED_FULLY]
05-08-2017 14:46:44.916,DEBUG,03FD3B7D51582AA40E01932F9FB64DB9,Previously Authenticated: org.springframework.security.authentication.UsernamePasswordAuthenticationToken@c4926237: Principal: vn.bananavietnam.ict.common.auth.MyUser@c4907816: Username: U0000000001; Password: [PROTECTED]; Enabled: true; AccountNonExpired: true; credentialsNonExpired: true; AccountNonLocked: true; Granted Authorities: 1; Credentials: [PROTECTED]; Authenticated: true; Details: org.springframework.security.web.authentication.WebAuthenticationDetails@fffde5d4: RemoteIpAddress: 0:0:0:0:0:0:0:1; SessionId: DF1DF8E5D605B954F26391619216E12F; Granted Authorities: 1
05-08-2017 14:46:44.916,DEBUG,03FD3B7D51582AA40E01932F9FB64DB9,Voter: org.springframework.security.access.vote.RoleVoter@1b68791, returned: -1
05-08-2017 14:46:44.916,DEBUG,03FD3B7D51582AA40E01932F9FB64DB9,Voter: org.springframework.security.access.vote.AuthenticatedVoter@1fd620c, returned: 1
05-08-2017 14:46:44.916,DEBUG,03FD3B7D51582AA40E01932F9FB64DB9,Authorization successful
05-08-2017 14:46:44.916,DEBUG,03FD3B7D51582AA40E01932F9FB64DB9,RunAsManager did not change Authentication object
05-08-2017 14:46:44.916,DEBUG,03FD3B7D51582AA40E01932F9FB64DB9,/0089/searchData reached end of additional filter chain; proceeding with original chain
05-08-2017 14:46:44.916,DEBUG,03FD3B7D51582AA40E01932F9FB64DB9,Request [/ict/0089/searchData] is not a multipart request
05-08-2017 14:46:44.916,DEBUG,03FD3B7D51582AA40E01932F9FB64DB9,DispatcherServlet with name 'appServlet' processing POST request for [/ict/0089/searchData]
05-08-2017 14:46:44.916,DEBUG,03FD3B7D51582AA40E01932F9FB64DB9,Looking up handler method for path /0089/searchData
05-08-2017 14:46:44.917,DEBUG,03FD3B7D51582AA40E01932F9FB64DB9,Returning handler method [public java.util.List<vn.bananavietnam.ict.banana.component.Bnn0089SearchTaskResult> vn.bananavietnam.ict.banana.controller.Bnn0089SearchTaskController.searchData(vn.bananavietnam.ict.banana.component.Bnn0089SearchTaskConditions)]
05-08-2017 14:46:44.917,DEBUG,03FD3B7D51582AA40E01932F9FB64DB9,Returning cached instance of singleton bean 'bnn0089SearchTaskController'
05-08-2017 14:46:44.917,DEBUG,03FD3B7D51582AA40E01932F9FB64DB9,Returning cached instance of singleton bean 'xml_path'
05-08-2017 14:46:44.917,DEBUG,03FD3B7D51582AA40E01932F9FB64DB9,Read [class vn.bananavietnam.ict.banana.component.Bnn0089SearchTaskConditions] as "application/json" with [org.springframework.http.converter.json.MappingJackson2HttpMessageConverter@1fe278e]
05-08-2017 14:46:44.917,INFO ,03FD3B7D51582AA40E01932F9FB64DB9,U0000000001,vn.bananavietnam.ict.banana.service.Bnn0089SearchTaskService,searchData,[vn.bananavietnam.ict.banana.component.Bnn0089SearchTaskConditions@3d394b] METHOD START
05-08-2017 14:46:44.917,DEBUG,03FD3B7D51582AA40E01932F9FB64DB9,Returning cached instance of singleton bean 'transactionManager'
05-08-2017 14:46:44.917,INFO ,03FD3B7D51582AA40E01932F9FB64DB9,U0000000001,Task searching started
05-08-2017 14:46:44.917,DEBUG,03FD3B7D51582AA40E01932F9FB64DB9,Creating a new SqlSession
05-08-2017 14:46:44.917,DEBUG,03FD3B7D51582AA40E01932F9FB64DB9,Registering transaction synchronization for SqlSession [org.apache.ibatis.session.defaults.DefaultSqlSession@58bac8]
05-08-2017 14:46:44.917,DEBUG,03FD3B7D51582AA40E01932F9FB64DB9,Fetching JDBC Connection from DataSource
05-08-2017 14:46:44.917,DEBUG,03FD3B7D51582AA40E01932F9FB64DB9,Creating new JDBC DriverManager Connection to [jdbc:mysql://172.16.0.175:3306/BANANA_DB_HUNG_SELENIUM?useUnicode=yes&characterEncoding=UTF-8&autoReconnect=true]
05-08-2017 14:46:44.936,DEBUG,03FD3B7D51582AA40E01932F9FB64DB9,Registering transaction synchronization for JDBC Connection
05-08-2017 14:46:44.936,DEBUG,03FD3B7D51582AA40E01932F9FB64DB9,JDBC Connection [com.mysql.jdbc.JDBC4Connection@7b80ec] will be managed by Spring
05-08-2017 14:46:44.937,DEBUG,03FD3B7D51582AA40E01932F9FB64DB9,==>  Preparing: SELECT T.TASK_ID taskId, T.TASK_NAME taskName, T.WORKING_DETAILS workingDetails, T.NOTE note, T.QUARANTINE_HANDLING_FLAG quarantineHandlingFlag, T.DELETE_FLAG deleteFlag, T.CHANGE_POINT_CODE changePointCode FROM IVB_M_TASK T WHERE 1 = 1 AND T.DELETE_FLAG = '0' ORDER BY T.TASK_NAME LIMIT ?,? 
05-08-2017 14:46:44.937,DEBUG,03FD3B7D51582AA40E01932F9FB64DB9,==> Parameters: 0(Integer), 20(Integer)
05-08-2017 14:46:44.940,DEBUG,03FD3B7D51582AA40E01932F9FB64DB9,<==      Total: 20
05-08-2017 14:46:44.940,DEBUG,03FD3B7D51582AA40E01932F9FB64DB9,Releasing transactional SqlSession [org.apache.ibatis.session.defaults.DefaultSqlSession@58bac8]
05-08-2017 14:46:44.940,INFO ,03FD3B7D51582AA40E01932F9FB64DB9,U0000000001,SQL execution finished
05-08-2017 14:46:44.940,DEBUG,03FD3B7D51582AA40E01932F9FB64DB9,Fetched SqlSession [org.apache.ibatis.session.defaults.DefaultSqlSession@58bac8] from current transaction
05-08-2017 14:46:44.940,DEBUG,03FD3B7D51582AA40E01932F9FB64DB9,==>  Preparing: SELECT COUNT(*) FROM IVB_M_TASK T WHERE 1 = 1 AND T.DELETE_FLAG = '0' ORDER BY T.TASK_ID 
05-08-2017 14:46:44.940,DEBUG,03FD3B7D51582AA40E01932F9FB64DB9,==> Parameters: 
05-08-2017 14:46:44.942,DEBUG,03FD3B7D51582AA40E01932F9FB64DB9,<==      Total: 1
05-08-2017 14:46:44.942,DEBUG,03FD3B7D51582AA40E01932F9FB64DB9,Releasing transactional SqlSession [org.apache.ibatis.session.defaults.DefaultSqlSession@58bac8]
05-08-2017 14:46:44.942,INFO ,03FD3B7D51582AA40E01932F9FB64DB9,U0000000001,Task searching finished ==> 43 item(s)
05-08-2017 14:46:44.942,DEBUG,03FD3B7D51582AA40E01932F9FB64DB9,Transaction synchronization deregistering SqlSession [org.apache.ibatis.session.defaults.DefaultSqlSession@58bac8]
05-08-2017 14:46:44.942,DEBUG,03FD3B7D51582AA40E01932F9FB64DB9,Transaction synchronization closing SqlSession [org.apache.ibatis.session.defaults.DefaultSqlSession@58bac8]
05-08-2017 14:46:44.942,DEBUG,03FD3B7D51582AA40E01932F9FB64DB9,Returning JDBC Connection to DataSource
05-08-2017 14:46:44.942,INFO ,03FD3B7D51582AA40E01932F9FB64DB9,U0000000001,vn.bananavietnam.ict.banana.service.Bnn0089SearchTaskService,searchData,[vn.bananavietnam.ict.banana.component.Bnn0089SearchTaskConditions@3d394b] METHOD END
05-08-2017 14:46:44.943,DEBUG,03FD3B7D51582AA40E01932F9FB64DB9,Written [[vn.bananavietnam.ict.banana.component.Bnn0089SearchTaskResult@1c7de66, vn.bananavietnam.ict.banana.component.Bnn0089SearchTaskResult@178ee28, vn.bananavietnam.ict.banana.component.Bnn0089SearchTaskResult@12a7ece, vn.bananavietnam.ict.banana.component.Bnn0089SearchTaskResult@1ad2292, vn.bananavietnam.ict.banana.component.Bnn0089SearchTaskResult@4ae12f, vn.bananavietnam.ict.banana.component.Bnn0089SearchTaskResult@4945e0, vn.bananavietnam.ict.banana.component.Bnn0089SearchTaskResult@eb9529, vn.bananavietnam.ict.banana.component.Bnn0089SearchTaskResult@f293d4, vn.bananavietnam.ict.banana.component.Bnn0089SearchTaskResult@1fc50bc, vn.bananavietnam.ict.banana.component.Bnn0089SearchTaskResult@1c06366, vn.bananavietnam.ict.banana.component.Bnn0089SearchTaskResult@1b0e7aa, vn.bananavietnam.ict.banana.component.Bnn0089SearchTaskResult@186a53b, vn.bananavietnam.ict.banana.component.Bnn0089SearchTaskResult@9e7a07, vn.bananavietnam.ict.banana.component.Bnn0089SearchTaskResult@9fe821, vn.bananavietnam.ict.banana.component.Bnn0089SearchTaskResult@7ed36f, vn.bananavietnam.ict.banana.component.Bnn0089SearchTaskResult@550de6, vn.bananavietnam.ict.banana.component.Bnn0089SearchTaskResult@1381de9, vn.bananavietnam.ict.banana.component.Bnn0089SearchTaskResult@133b0f, vn.bananavietnam.ict.banana.component.Bnn0089SearchTaskResult@667349, vn.bananavietnam.ict.banana.component.Bnn0089SearchTaskResult@16601e]] as "application/json;charset=UTF-8" using [org.springframework.http.converter.json.MappingJackson2HttpMessageConverter@1fe278e]
05-08-2017 14:46:44.943,DEBUG,03FD3B7D51582AA40E01932F9FB64DB9,Null ModelAndView returned to DispatcherServlet with name 'appServlet': assuming HandlerAdapter completed request handling
05-08-2017 14:46:44.943,DEBUG,03FD3B7D51582AA40E01932F9FB64DB9,Successfully completed request
05-08-2017 14:46:44.943,DEBUG,03FD3B7D51582AA40E01932F9FB64DB9,Chain processed normally
05-08-2017 14:46:44.943,DEBUG,03FD3B7D51582AA40E01932F9FB64DB9,SecurityContextHolder now cleared, as request processing completed
