05-08-2017 14:46:29.301,DEBUG,03FD3B7D51582AA40E01932F9FB64DB9,/0089/getSingleData at position 1 of 11 in additional filter chain; firing Filter: 'SecurityContextPersistenceFilter'
05-08-2017 14:46:29.301,DEBUG,03FD3B7D51582AA40E01932F9FB64DB9,Obtained a valid SecurityContext from SPRING_SECURITY_CONTEXT: 'org.springframework.security.core.context.SecurityContextImpl@c4926237: Authentication: org.springframework.security.authentication.UsernamePasswordAuthenticationToken@c4926237: Principal: vn.bananavietnam.ict.common.auth.MyUser@c4907816: Username: U0000000001; Password: [PROTECTED]; Enabled: true; AccountNonExpired: true; credentialsNonExpired: true; AccountNonLocked: true; Granted Authorities: 1; Credentials: [PROTECTED]; Authenticated: true; Details: org.springframework.security.web.authentication.WebAuthenticationDetails@fffde5d4: RemoteIpAddress: 0:0:0:0:0:0:0:1; SessionId: DF1DF8E5D605B954F26391619216E12F; Granted Authorities: 1'
05-08-2017 14:46:29.301,DEBUG,03FD3B7D51582AA40E01932F9FB64DB9,/0089/getSingleData at position 2 of 11 in additional filter chain; firing Filter: 'WebAsyncManagerIntegrationFilter'
05-08-2017 14:46:29.302,DEBUG,03FD3B7D51582AA40E01932F9FB64DB9,/0089/getSingleData at position 3 of 11 in additional filter chain; firing Filter: 'LogoutFilter'
05-08-2017 14:46:29.302,DEBUG,03FD3B7D51582AA40E01932F9FB64DB9,/0089/getSingleData at position 4 of 11 in additional filter chain; firing Filter: 'UsernamePasswordAuthenticationFilter'
05-08-2017 14:46:29.302,DEBUG,03FD3B7D51582AA40E01932F9FB64DB9,/0089/getSingleData at position 5 of 11 in additional filter chain; firing Filter: 'BasicAuthenticationFilter'
05-08-2017 14:46:29.302,DEBUG,03FD3B7D51582AA40E01932F9FB64DB9,/0089/getSingleData at position 6 of 11 in additional filter chain; firing Filter: 'RequestCacheAwareFilter'
05-08-2017 14:46:29.302,DEBUG,03FD3B7D51582AA40E01932F9FB64DB9,/0089/getSingleData at position 7 of 11 in additional filter chain; firing Filter: 'SecurityContextHolderAwareRequestFilter'
05-08-2017 14:46:29.302,DEBUG,03FD3B7D51582AA40E01932F9FB64DB9,/0089/getSingleData at position 8 of 11 in additional filter chain; firing Filter: 'AnonymousAuthenticationFilter'
05-08-2017 14:46:29.302,DEBUG,03FD3B7D51582AA40E01932F9FB64DB9,SecurityContextHolder not populated with anonymous token, as it already contained: 'org.springframework.security.authentication.UsernamePasswordAuthenticationToken@c4926237: Principal: vn.bananavietnam.ict.common.auth.MyUser@c4907816: Username: U0000000001; Password: [PROTECTED]; Enabled: true; AccountNonExpired: true; credentialsNonExpired: true; AccountNonLocked: true; Granted Authorities: 1; Credentials: [PROTECTED]; Authenticated: true; Details: org.springframework.security.web.authentication.WebAuthenticationDetails@fffde5d4: RemoteIpAddress: 0:0:0:0:0:0:0:1; SessionId: DF1DF8E5D605B954F26391619216E12F; Granted Authorities: 1'
05-08-2017 14:46:29.302,DEBUG,03FD3B7D51582AA40E01932F9FB64DB9,/0089/getSingleData at position 9 of 11 in additional filter chain; firing Filter: 'SessionManagementFilter'
05-08-2017 14:46:29.302,DEBUG,03FD3B7D51582AA40E01932F9FB64DB9,/0089/getSingleData at position 10 of 11 in additional filter chain; firing Filter: 'ExceptionTranslationFilter'
05-08-2017 14:46:29.302,DEBUG,03FD3B7D51582AA40E01932F9FB64DB9,/0089/getSingleData at position 11 of 11 in additional filter chain; firing Filter: 'FilterSecurityInterceptor'
05-08-2017 14:46:29.302,DEBUG,03FD3B7D51582AA40E01932F9FB64DB9,Checking match of request : '/0089/getsingledata'; against '/autherror*'
05-08-2017 14:46:29.302,DEBUG,03FD3B7D51582AA40E01932F9FB64DB9,Checking match of request : '/0089/getsingledata'; against '/login/**'
05-08-2017 14:46:29.302,DEBUG,03FD3B7D51582AA40E01932F9FB64DB9,Checking match of request : '/0089/getsingledata'; against '/0001/**'
05-08-2017 14:46:29.302,DEBUG,03FD3B7D51582AA40E01932F9FB64DB9,Checking match of request : '/0089/getsingledata'; against '/0002/**'
05-08-2017 14:46:29.302,DEBUG,03FD3B7D51582AA40E01932F9FB64DB9,Checking match of request : '/0089/getsingledata'; against '/0003/**'
05-08-2017 14:46:29.302,DEBUG,03FD3B7D51582AA40E01932F9FB64DB9,Checking match of request : '/0089/getsingledata'; against '/searchuserpopup/**'
05-08-2017 14:46:29.302,DEBUG,03FD3B7D51582AA40E01932F9FB64DB9,Checking match of request : '/0089/getsingledata'; against '/0005/**'
05-08-2017 14:46:29.302,DEBUG,03FD3B7D51582AA40E01932F9FB64DB9,Checking match of request : '/0089/getsingledata'; against '/0009/**'
05-08-2017 14:46:29.302,DEBUG,03FD3B7D51582AA40E01932F9FB64DB9,Checking match of request : '/0089/getsingledata'; against '/searchline/**'
05-08-2017 14:46:29.302,DEBUG,03FD3B7D51582AA40E01932F9FB64DB9,Checking match of request : '/0089/getsingledata'; against '/0013/**'
05-08-2017 14:46:29.302,DEBUG,03FD3B7D51582AA40E01932F9FB64DB9,Checking match of request : '/0089/getsingledata'; against '/0017/**'
05-08-2017 14:46:29.302,DEBUG,03FD3B7D51582AA40E01932F9FB64DB9,Checking match of request : '/0089/getsingledata'; against '/0031/**'
05-08-2017 14:46:29.302,DEBUG,03FD3B7D51582AA40E01932F9FB64DB9,Checking match of request : '/0089/getsingledata'; against '/0035/**'
05-08-2017 14:46:29.302,DEBUG,03FD3B7D51582AA40E01932F9FB64DB9,Checking match of request : '/0089/getsingledata'; against '/0037/**'
05-08-2017 14:46:29.302,DEBUG,03FD3B7D51582AA40E01932F9FB64DB9,Checking match of request : '/0089/getsingledata'; against '/0045/**'
05-08-2017 14:46:29.302,DEBUG,03FD3B7D51582AA40E01932F9FB64DB9,Checking match of request : '/0089/getsingledata'; against '/0047/**'
05-08-2017 14:46:29.302,DEBUG,03FD3B7D51582AA40E01932F9FB64DB9,Checking match of request : '/0089/getsingledata'; against '/0049/**'
05-08-2017 14:46:29.302,DEBUG,03FD3B7D51582AA40E01932F9FB64DB9,Checking match of request : '/0089/getsingledata'; against '/0061/**'
05-08-2017 14:46:29.302,DEBUG,03FD3B7D51582AA40E01932F9FB64DB9,Checking match of request : '/0089/getsingledata'; against '/0087/**'
05-08-2017 14:46:29.302,DEBUG,03FD3B7D51582AA40E01932F9FB64DB9,Checking match of request : '/0089/getsingledata'; against '/0075/**'
05-08-2017 14:46:29.302,DEBUG,03FD3B7D51582AA40E01932F9FB64DB9,Checking match of request : '/0089/getsingledata'; against '/0089/**'
05-08-2017 14:46:29.302,DEBUG,03FD3B7D51582AA40E01932F9FB64DB9,Secure object: FilterInvocation: URL: /0089/getSingleData; Attributes: [ROLE_ADMIN, ROLE_USER, IS_AUTHENTICATED_FULLY]
05-08-2017 14:46:29.302,DEBUG,03FD3B7D51582AA40E01932F9FB64DB9,Previously Authenticated: org.springframework.security.authentication.UsernamePasswordAuthenticationToken@c4926237: Principal: vn.bananavietnam.ict.common.auth.MyUser@c4907816: Username: U0000000001; Password: [PROTECTED]; Enabled: true; AccountNonExpired: true; credentialsNonExpired: true; AccountNonLocked: true; Granted Authorities: 1; Credentials: [PROTECTED]; Authenticated: true; Details: org.springframework.security.web.authentication.WebAuthenticationDetails@fffde5d4: RemoteIpAddress: 0:0:0:0:0:0:0:1; SessionId: DF1DF8E5D605B954F26391619216E12F; Granted Authorities: 1
05-08-2017 14:46:29.302,DEBUG,03FD3B7D51582AA40E01932F9FB64DB9,Voter: org.springframework.security.access.vote.RoleVoter@1b68791, returned: -1
05-08-2017 14:46:29.302,DEBUG,03FD3B7D51582AA40E01932F9FB64DB9,Voter: org.springframework.security.access.vote.AuthenticatedVoter@1fd620c, returned: 1
05-08-2017 14:46:29.302,DEBUG,03FD3B7D51582AA40E01932F9FB64DB9,Authorization successful
05-08-2017 14:46:29.302,DEBUG,03FD3B7D51582AA40E01932F9FB64DB9,RunAsManager did not change Authentication object
05-08-2017 14:46:29.302,DEBUG,03FD3B7D51582AA40E01932F9FB64DB9,/0089/getSingleData reached end of additional filter chain; proceeding with original chain
05-08-2017 14:46:29.302,DEBUG,03FD3B7D51582AA40E01932F9FB64DB9,Request [/ict/0089/getSingleData] is not a multipart request
05-08-2017 14:46:29.302,DEBUG,03FD3B7D51582AA40E01932F9FB64DB9,DispatcherServlet with name 'appServlet' processing POST request for [/ict/0089/getSingleData]
05-08-2017 14:46:29.302,DEBUG,03FD3B7D51582AA40E01932F9FB64DB9,Looking up handler method for path /0089/getSingleData
05-08-2017 14:46:29.302,DEBUG,03FD3B7D51582AA40E01932F9FB64DB9,Returning handler method [public java.util.List<vn.bananavietnam.ict.banana.component.Bnn0089SearchTaskResult> vn.bananavietnam.ict.banana.controller.Bnn0089SearchTaskController.getSingleData(vn.bananavietnam.ict.banana.component.Bnn0089SearchTaskConditions)]
05-08-2017 14:46:29.302,DEBUG,03FD3B7D51582AA40E01932F9FB64DB9,Returning cached instance of singleton bean 'bnn0089SearchTaskController'
05-08-2017 14:46:29.302,DEBUG,03FD3B7D51582AA40E01932F9FB64DB9,Returning cached instance of singleton bean 'xml_path'
05-08-2017 14:46:29.303,DEBUG,03FD3B7D51582AA40E01932F9FB64DB9,Read [class vn.bananavietnam.ict.banana.component.Bnn0089SearchTaskConditions] as "application/json" with [org.springframework.http.converter.json.MappingJackson2HttpMessageConverter@1fe278e]
05-08-2017 14:46:29.303,INFO ,03FD3B7D51582AA40E01932F9FB64DB9,U0000000001,vn.bananavietnam.ict.banana.service.Bnn0089SearchTaskService,getSingleData,[vn.bananavietnam.ict.banana.component.Bnn0089SearchTaskConditions@1aaaeea] METHOD START
05-08-2017 14:46:29.303,INFO ,03FD3B7D51582AA40E01932F9FB64DB9,U0000000001,Farm searching started
05-08-2017 14:46:29.303,DEBUG,03FD3B7D51582AA40E01932F9FB64DB9,Returning cached instance of singleton bean 'transactionManager'
05-08-2017 14:46:29.303,DEBUG,03FD3B7D51582AA40E01932F9FB64DB9,Creating a new SqlSession
05-08-2017 14:46:29.303,DEBUG,03FD3B7D51582AA40E01932F9FB64DB9,Registering transaction synchronization for SqlSession [org.apache.ibatis.session.defaults.DefaultSqlSession@16cd59a]
05-08-2017 14:46:29.303,DEBUG,03FD3B7D51582AA40E01932F9FB64DB9,Fetching JDBC Connection from DataSource
05-08-2017 14:46:29.303,DEBUG,03FD3B7D51582AA40E01932F9FB64DB9,Creating new JDBC DriverManager Connection to [jdbc:mysql://172.16.0.175:3306/BANANA_DB_HUNG_SELENIUM?useUnicode=yes&characterEncoding=UTF-8&autoReconnect=true]
05-08-2017 14:46:29.321,DEBUG,03FD3B7D51582AA40E01932F9FB64DB9,Registering transaction synchronization for JDBC Connection
05-08-2017 14:46:29.321,DEBUG,03FD3B7D51582AA40E01932F9FB64DB9,JDBC Connection [com.mysql.jdbc.JDBC4Connection@1a80078] will be managed by Spring
05-08-2017 14:46:29.321,DEBUG,03FD3B7D51582AA40E01932F9FB64DB9,==>  Preparing: SELECT T.TASK_ID taskId, T.TASK_NAME taskName, T.WORKING_DETAILS workingDetails, T.NOTE note, T.QUARANTINE_HANDLING_FLAG quarantineHandlingFlag, T.DELETE_FLAG deleteFlag, T.CHANGE_POINT_CODE changePointCode FROM IVB_M_TASK T WHERE 1 = 1 AND T.TASK_ID = ? AND T.DELETE_FLAG = '0' 
05-08-2017 14:46:29.321,DEBUG,03FD3B7D51582AA40E01932F9FB64DB9,==> Parameters: T057(String)
05-08-2017 14:46:29.322,DEBUG,03FD3B7D51582AA40E01932F9FB64DB9,<==      Total: 1
05-08-2017 14:46:29.322,DEBUG,03FD3B7D51582AA40E01932F9FB64DB9,Releasing transactional SqlSession [org.apache.ibatis.session.defaults.DefaultSqlSession@16cd59a]
05-08-2017 14:46:29.323,DEBUG,03FD3B7D51582AA40E01932F9FB64DB9,Transaction synchronization deregistering SqlSession [org.apache.ibatis.session.defaults.DefaultSqlSession@16cd59a]
05-08-2017 14:46:29.323,DEBUG,03FD3B7D51582AA40E01932F9FB64DB9,Transaction synchronization closing SqlSession [org.apache.ibatis.session.defaults.DefaultSqlSession@16cd59a]
05-08-2017 14:46:29.323,DEBUG,03FD3B7D51582AA40E01932F9FB64DB9,Returning JDBC Connection to DataSource
05-08-2017 14:46:29.323,INFO ,03FD3B7D51582AA40E01932F9FB64DB9,U0000000001,vn.bananavietnam.ict.banana.service.Bnn0089SearchTaskService,getSingleData,[vn.bananavietnam.ict.banana.component.Bnn0089SearchTaskConditions@1aaaeea] METHOD END
05-08-2017 14:46:29.327,DEBUG,03FD3B7D51582AA40E01932F9FB64DB9,Written [[vn.bananavietnam.ict.banana.component.Bnn0089SearchTaskResult@b9dd13]] as "application/json;charset=UTF-8" using [org.springframework.http.converter.json.MappingJackson2HttpMessageConverter@1fe278e]
05-08-2017 14:46:29.327,DEBUG,03FD3B7D51582AA40E01932F9FB64DB9,Null ModelAndView returned to DispatcherServlet with name 'appServlet': assuming HandlerAdapter completed request handling
05-08-2017 14:46:29.327,DEBUG,03FD3B7D51582AA40E01932F9FB64DB9,Successfully completed request
05-08-2017 14:46:29.327,DEBUG,03FD3B7D51582AA40E01932F9FB64DB9,Chain processed normally
05-08-2017 14:46:29.327,DEBUG,03FD3B7D51582AA40E01932F9FB64DB9,SecurityContextHolder now cleared, as request processing completed
