06-05-2017 15:48:43.640,DEBUG,Request [/ict/0087/searchData] is not a multipart request
06-05-2017 15:48:43.640,DEBUG,DispatcherServlet with name 'appServlet' processing POST request for [/ict/0087/searchData]
06-05-2017 15:48:43.640,DEBUG,Looking up handler method for path /0087/searchData
06-05-2017 15:48:43.640,DEBUG,Returning handler method [public java.util.List<vn.bananavietnam.ict.banana.component.Bnn0087SearchAffiliationResult> vn.bananavietnam.ict.banana.controller.Bnn0087SearchAffiliationController.searchData(vn.bananavietnam.ict.banana.component.Bnn0087SearchAffiliationConditions)]
06-05-2017 15:48:43.640,DEBUG,Returning cached instance of singleton bean 'bnn0087SearchAffiliationController'
06-05-2017 15:48:43.640,DEBUG,Returning cached instance of singleton bean 'xml_path'
06-05-2017 15:48:43.641,DEBUG,Skip CORS processing: request is from same origin
06-05-2017 15:48:43.641,DEBUG,Read [class vn.bananavietnam.ict.banana.component.Bnn0087SearchAffiliationConditions] as "application/json" with [org.springframework.http.converter.json.MappingJackson2HttpMessageConverter@4a254b]
06-05-2017 15:48:43.641,DEBUG,Returning cached instance of singleton bean 'transactionManager'
06-05-2017 15:48:43.667,DEBUG,Written [[]] as "application/json;charset=UTF-8" using [org.springframework.http.converter.json.MappingJackson2HttpMessageConverter@4a254b]
06-05-2017 15:48:43.667,DEBUG,Null ModelAndView returned to DispatcherServlet with name 'appServlet': assuming HandlerAdapter completed request handling
06-05-2017 15:48:43.667,DEBUG,Successfully completed request
06-05-2017 15:48:43.903,DEBUG,Request [/ict/resources/img/icon_warning.png] is not a multipart request
06-05-2017 15:48:43.904,DEBUG,DispatcherServlet with name 'appServlet' processing GET request for [/ict/resources/img/icon_warning.png]
06-05-2017 15:48:43.904,DEBUG,Looking up handler method for path /resources/img/icon_warning.png
06-05-2017 15:48:43.906,DEBUG,Did not find handler method for [/resources/img/icon_warning.png]
06-05-2017 15:48:43.906,DEBUG,Matching patterns for request [/resources/img/icon_warning.png] are [/resources/**]
06-05-2017 15:48:43.906,DEBUG,URI Template variables for request [/resources/img/icon_warning.png] are {}
06-05-2017 15:48:43.906,DEBUG,Mapping [/resources/img/icon_warning.png] to HandlerExecutionChain with handler [ResourceHttpRequestHandler [locations=[ServletContext resource [/resources/]], resolvers=[org.springframework.web.servlet.resource.PathResourceResolver@19f69bd]]] and 1 interceptor
06-05-2017 15:48:43.906,DEBUG,Last-Modified value for [/ict/resources/img/icon_warning.png] is: -1
06-05-2017 15:48:43.906,DEBUG,Returning cached instance of singleton bean 'xml_path'
06-05-2017 15:48:43.908,DEBUG,Null ModelAndView returned to DispatcherServlet with name 'appServlet': assuming HandlerAdapter completed request handling
06-05-2017 15:48:43.909,DEBUG,Successfully completed request
06-05-2017 15:48:44.402,DEBUG,Request [/ict/0087/searchData] is not a multipart request
06-05-2017 15:48:44.402,DEBUG,DispatcherServlet with name 'appServlet' processing POST request for [/ict/0087/searchData]
06-05-2017 15:48:44.402,DEBUG,Looking up handler method for path /0087/searchData
06-05-2017 15:48:44.403,DEBUG,Returning handler method [public java.util.List<vn.bananavietnam.ict.banana.component.Bnn0087SearchAffiliationResult> vn.bananavietnam.ict.banana.controller.Bnn0087SearchAffiliationController.searchData(vn.bananavietnam.ict.banana.component.Bnn0087SearchAffiliationConditions)]
06-05-2017 15:48:44.403,DEBUG,Returning cached instance of singleton bean 'bnn0087SearchAffiliationController'
06-05-2017 15:48:44.403,DEBUG,Returning cached instance of singleton bean 'xml_path'
06-05-2017 15:48:44.403,DEBUG,Skip CORS processing: request is from same origin
06-05-2017 15:48:44.403,DEBUG,Read [class vn.bananavietnam.ict.banana.component.Bnn0087SearchAffiliationConditions] as "application/json" with [org.springframework.http.converter.json.MappingJackson2HttpMessageConverter@4a254b]
06-05-2017 15:48:44.404,DEBUG,Returning cached instance of singleton bean 'transactionManager'
06-05-2017 15:48:44.431,DEBUG,Written [[vn.bananavietnam.ict.banana.component.Bnn0087SearchAffiliationResult@14c77d, vn.bananavietnam.ict.banana.component.Bnn0087SearchAffiliationResult@10b2be9, vn.bananavietnam.ict.banana.component.Bnn0087SearchAffiliationResult@7da81b, vn.bananavietnam.ict.banana.component.Bnn0087SearchAffiliationResult@cc0949, vn.bananavietnam.ict.banana.component.Bnn0087SearchAffiliationResult@551b82, vn.bananavietnam.ict.banana.component.Bnn0087SearchAffiliationResult@a92842, vn.bananavietnam.ict.banana.component.Bnn0087SearchAffiliationResult@13b747c, vn.bananavietnam.ict.banana.component.Bnn0087SearchAffiliationResult@149b7d3, vn.bananavietnam.ict.banana.component.Bnn0087SearchAffiliationResult@14a2f73, vn.bananavietnam.ict.banana.component.Bnn0087SearchAffiliationResult@62f760, vn.bananavietnam.ict.banana.component.Bnn0087SearchAffiliationResult@4e884, vn.bananavietnam.ict.banana.component.Bnn0087SearchAffiliationResult@6f3cb8, vn.bananavietnam.ict.banana.component.Bnn0087SearchAffiliationResult@54a531, vn.bananavietnam.ict.banana.component.Bnn0087SearchAffiliationResult@10295ac, vn.bananavietnam.ict.banana.component.Bnn0087SearchAffiliationResult@31200, vn.bananavietnam.ict.banana.component.Bnn0087SearchAffiliationResult@10a6384, vn.bananavietnam.ict.banana.component.Bnn0087SearchAffiliationResult@222439, vn.bananavietnam.ict.banana.component.Bnn0087SearchAffiliationResult@1e66364, vn.bananavietnam.ict.banana.component.Bnn0087SearchAffiliationResult@153f20a, vn.bananavietnam.ict.banana.component.Bnn0087SearchAffiliationResult@1abb367]] as "application/json;charset=UTF-8" using [org.springframework.http.converter.json.MappingJackson2HttpMessageConverter@4a254b]
06-05-2017 15:48:44.431,DEBUG,Null ModelAndView returned to DispatcherServlet with name 'appServlet': assuming HandlerAdapter completed request handling
06-05-2017 15:48:44.431,DEBUG,Successfully completed request
