06-01-2017 03:55:41.465,INFO ,9F5F55BC189DA19B774AA6D6439A4878,U0000000001,vn.bananavietnam.ict.banana.service.Bnn0087SearchAffiliationService,searchData,[vn.bananavietnam.ict.banana.component.Bnn0087SearchAffiliationConditions@159c63d] METHOD START
06-01-2017 03:55:41.465,INFO ,9F5F55BC189DA19B774AA6D6439A4878,U0000000001,Affiliation searching started
06-01-2017 03:55:45.479,ERROR,9F5F55BC189DA19B774AA6D6439A4878,U0000000001,java.lang.Exception: nested exception is org.apache.ibatis.exceptions.PersistenceException: 
06-01-2017 03:55:45.479,INFO ,9F5F55BC189DA19B774AA6D6439A4878,U0000000001,vn.bananavietnam.ict.banana.service.Bnn0087SearchAffiliationService,searchData,[vn.bananavietnam.ict.banana.component.Bnn0087SearchAffiliationConditions@159c63d] METHOD END
06-01-2017 03:55:51.218,INFO ,9F5F55BC189DA19B774AA6D6439A4878,U0000000001,vn.bananavietnam.ict.banana.service.Bnn0087SearchAffiliationService,searchData,[vn.bananavietnam.ict.banana.component.Bnn0087SearchAffiliationConditions@6a523] METHOD START
06-01-2017 03:55:51.218,INFO ,9F5F55BC189DA19B774AA6D6439A4878,U0000000001,Affiliation searching started
06-01-2017 03:55:51.239,DEBUG,9F5F55BC189DA19B774AA6D6439A4878,==>  Preparing: SELECT usr.userName userName, usr.userId userId , authorization.AUTHORIZATION_TYPE_NAME typeName, authorization.AUTHORIZATION_TYPE_ID typeId, mgr.farmIdList farmIdList, mgr.areaIdList areaIdList, mgr.lastUpdateDate lastUpdateDate FROM (SELECT users.USERS_NAME userName, users.USERS_ID userId FROM IVB_M_USERS users WHERE 1 = 1 AND users.DELETE_FLAG = '0') usr LEFT JOIN (SELECT manager.USERS_ID userId, manager.AUTHORIZATION_TYPE_ID typeId, (SELECT LAST_UPDATE_DATE FROM IVB_M_MANAGER ORDER BY LAST_UPDATE_DATE DESC LIMIT 1) lastUpdateDate, GROUP_CONCAT(manager.FARM_ID SEPARATOR ',') as farmIdList, GROUP_CONCAT(manager.AREA_ID SEPARATOR ',') as areaIdList FROM IVB_M_MANAGER manager WHERE 1 = 1 AND manager.DELETE_FLAG = '0' GROUP BY manager.USERS_ID, manager.AUTHORIZATION_TYPE_ID) mgr ON usr.userId = mgr.userId LEFT JOIN IVB_M_AUTHORIZATION authorization ON authorization.AUTHORIZATION_TYPE_ID = mgr.typeId ORDER BY usr.userName, authorization.AUTHORIZATION_TYPE_ID LIMIT ?,? 
06-01-2017 03:55:51.239,DEBUG,9F5F55BC189DA19B774AA6D6439A4878,==> Parameters: 0(Integer), 20(Integer)
06-01-2017 03:55:51.244,DEBUG,9F5F55BC189DA19B774AA6D6439A4878,<==      Total: 20
06-01-2017 03:55:51.244,INFO ,9F5F55BC189DA19B774AA6D6439A4878,U0000000001,SQL execution finished
06-01-2017 03:55:51.244,DEBUG,9F5F55BC189DA19B774AA6D6439A4878,==>  Preparing: SELECT COUNT(*) FROM (SELECT users.USERS_NAME userName, users.USERS_ID userId FROM IVB_M_USERS users WHERE 1 = 1 AND users.DELETE_FLAG = '0') usr LEFT JOIN (SELECT manager.USERS_ID userId, manager.AUTHORIZATION_TYPE_ID typeId FROM IVB_M_MANAGER manager WHERE 1 = 1 AND manager.DELETE_FLAG = '0' GROUP BY manager.USERS_ID, manager.AUTHORIZATION_TYPE_ID) mgr ON usr.userId = mgr.userId LEFT JOIN IVB_M_AUTHORIZATION authorization ON authorization.AUTHORIZATION_TYPE_ID = mgr.typeId ORDER BY usr.userId 
06-01-2017 03:55:51.244,DEBUG,9F5F55BC189DA19B774AA6D6439A4878,==> Parameters: 
06-01-2017 03:55:51.247,DEBUG,9F5F55BC189DA19B774AA6D6439A4878,<==      Total: 1
06-01-2017 03:55:51.247,INFO ,9F5F55BC189DA19B774AA6D6439A4878,U0000000001,Affiliation searching finished ==> 60 item(s)
06-01-2017 03:55:51.247,INFO ,9F5F55BC189DA19B774AA6D6439A4878,U0000000001,vn.bananavietnam.ict.banana.service.Bnn0087SearchAffiliationService,searchData,[vn.bananavietnam.ict.banana.component.Bnn0087SearchAffiliationConditions@6a523] METHOD END
06-01-2017 03:55:54.683,INFO ,23C7B1B9B02DC68B8AE629C33197878E,U0000000001,vn.bananavietnam.ict.banana.service.Bnn0087SearchAffiliationService,initData,[{}] METHOD START
06-01-2017 03:55:54.706,DEBUG,23C7B1B9B02DC68B8AE629C33197878E,==>  Preparing: select AUTHORIZATION_TYPE_ID, AUTHORIZATION_TYPE_NAME, ACCESS_AUTHORITY_ID, CREATE_USER_ID, CREATE_DATE, UPDATE_USER_ID, LAST_UPDATE_DATE, DELETE_FLAG from IVB_M_AUTHORIZATION 
06-01-2017 03:55:54.706,DEBUG,23C7B1B9B02DC68B8AE629C33197878E,==> Parameters: 
06-01-2017 03:55:54.708,DEBUG,23C7B1B9B02DC68B8AE629C33197878E,<==      Total: 4
06-01-2017 03:55:54.709,INFO ,23C7B1B9B02DC68B8AE629C33197878E,U0000000001,vn.bananavietnam.ict.banana.service.Bnn0087SearchAffiliationService,initData,[{affiliationData=[{"authorizationTypeId":"1","authorizationTypeName":"Quản lý hệ thống","accessAuthorityId":"1","createUserId":"U0000000001","createDate":1489363200000,"updateUserId":"U0000000001","lastUpdateDate":1490054400000,"deleteFlag":false},{"authorizationTypeId":"2","authorizationTypeName":"Giám đốc kinh doanh","accessAuthorityId":"2","createUserId":"U0000000001","createDate":1489363200000,"updateUserId":"U0000000001","lastUpdateDate":1490054400000,"deleteFlag":false},{"authorizationTypeId":"3","authorizationTypeName":"Quản lý nông trại","accessAuthorityId":"3","createUserId":"U0000000001","createDate":1489363200000,"updateUserId":"U0000000001","lastUpdateDate":1490054400000,"deleteFlag":false},{"authorizationTypeId":"4","authorizationTypeName":"Quản lý lô","accessAuthorityId":"4","createUserId":"U0000000001","createDate":1489363200000,"updateUserId":"U0000000001","lastUpdateDate":1490054400000,"deleteFlag":false}]}] METHOD END
06-01-2017 03:55:54.755,INFO ,23C7B1B9B02DC68B8AE629C33197878E,U0000000001,vn.bananavietnam.ict.banana.service.Bnn0087SearchAffiliationService,searchData,[vn.bananavietnam.ict.banana.component.Bnn0087SearchAffiliationConditions@b7707e] METHOD START
06-01-2017 03:55:54.755,INFO ,23C7B1B9B02DC68B8AE629C33197878E,U0000000001,Affiliation searching started
06-01-2017 03:55:54.773,DEBUG,23C7B1B9B02DC68B8AE629C33197878E,==>  Preparing: SELECT usr.userName userName, usr.userId userId , authorization.AUTHORIZATION_TYPE_NAME typeName, authorization.AUTHORIZATION_TYPE_ID typeId, mgr.farmIdList farmIdList, mgr.areaIdList areaIdList, mgr.lastUpdateDate lastUpdateDate FROM (SELECT users.USERS_NAME userName, users.USERS_ID userId FROM IVB_M_USERS users WHERE 1 = 1 AND users.DELETE_FLAG = '0') usr LEFT JOIN (SELECT manager.USERS_ID userId, manager.AUTHORIZATION_TYPE_ID typeId, (SELECT LAST_UPDATE_DATE FROM IVB_M_MANAGER ORDER BY LAST_UPDATE_DATE DESC LIMIT 1) lastUpdateDate, GROUP_CONCAT(manager.FARM_ID SEPARATOR ',') as farmIdList, GROUP_CONCAT(manager.AREA_ID SEPARATOR ',') as areaIdList FROM IVB_M_MANAGER manager WHERE 1 = 1 AND manager.DELETE_FLAG = '0' GROUP BY manager.USERS_ID, manager.AUTHORIZATION_TYPE_ID) mgr ON usr.userId = mgr.userId LEFT JOIN IVB_M_AUTHORIZATION authorization ON authorization.AUTHORIZATION_TYPE_ID = mgr.typeId ORDER BY usr.userName, authorization.AUTHORIZATION_TYPE_ID LIMIT ?,? 
06-01-2017 03:55:54.773,DEBUG,23C7B1B9B02DC68B8AE629C33197878E,==> Parameters: 0(Integer), 20(Integer)
06-01-2017 03:55:54.777,DEBUG,23C7B1B9B02DC68B8AE629C33197878E,<==      Total: 20
06-01-2017 03:55:54.777,INFO ,23C7B1B9B02DC68B8AE629C33197878E,U0000000001,SQL execution finished
06-01-2017 03:55:54.777,DEBUG,23C7B1B9B02DC68B8AE629C33197878E,==>  Preparing: SELECT COUNT(*) FROM (SELECT users.USERS_NAME userName, users.USERS_ID userId FROM IVB_M_USERS users WHERE 1 = 1 AND users.DELETE_FLAG = '0') usr LEFT JOIN (SELECT manager.USERS_ID userId, manager.AUTHORIZATION_TYPE_ID typeId FROM IVB_M_MANAGER manager WHERE 1 = 1 AND manager.DELETE_FLAG = '0' GROUP BY manager.USERS_ID, manager.AUTHORIZATION_TYPE_ID) mgr ON usr.userId = mgr.userId LEFT JOIN IVB_M_AUTHORIZATION authorization ON authorization.AUTHORIZATION_TYPE_ID = mgr.typeId ORDER BY usr.userId 
06-01-2017 03:55:54.777,DEBUG,23C7B1B9B02DC68B8AE629C33197878E,==> Parameters: 
06-01-2017 03:55:54.779,DEBUG,23C7B1B9B02DC68B8AE629C33197878E,<==      Total: 1
06-01-2017 03:55:54.779,INFO ,23C7B1B9B02DC68B8AE629C33197878E,U0000000001,Affiliation searching finished ==> 60 item(s)
06-01-2017 03:55:54.779,INFO ,23C7B1B9B02DC68B8AE629C33197878E,U0000000001,vn.bananavietnam.ict.banana.service.Bnn0087SearchAffiliationService,searchData,[vn.bananavietnam.ict.banana.component.Bnn0087SearchAffiliationConditions@b7707e] METHOD END
06-01-2017 03:55:54.929,INFO ,23C7B1B9B02DC68B8AE629C33197878E,U0000000001,vn.bananavietnam.ict.banana.service.Bnn0087SearchAffiliationService,searchData,[vn.bananavietnam.ict.banana.component.Bnn0087SearchAffiliationConditions@b31897] METHOD START
06-01-2017 03:55:54.929,INFO ,23C7B1B9B02DC68B8AE629C33197878E,U0000000001,Affiliation searching started
06-01-2017 03:55:54.949,DEBUG,23C7B1B9B02DC68B8AE629C33197878E,==>  Preparing: SELECT usr.userName userName, usr.userId userId , authorization.AUTHORIZATION_TYPE_NAME typeName, authorization.AUTHORIZATION_TYPE_ID typeId, mgr.farmIdList farmIdList, mgr.areaIdList areaIdList, mgr.lastUpdateDate lastUpdateDate FROM (SELECT users.USERS_NAME userName, users.USERS_ID userId FROM IVB_M_USERS users WHERE 1 = 1 AND users.DELETE_FLAG = '0') usr LEFT JOIN (SELECT manager.USERS_ID userId, manager.AUTHORIZATION_TYPE_ID typeId, (SELECT LAST_UPDATE_DATE FROM IVB_M_MANAGER ORDER BY LAST_UPDATE_DATE DESC LIMIT 1) lastUpdateDate, GROUP_CONCAT(manager.FARM_ID SEPARATOR ',') as farmIdList, GROUP_CONCAT(manager.AREA_ID SEPARATOR ',') as areaIdList FROM IVB_M_MANAGER manager WHERE 1 = 1 AND manager.DELETE_FLAG = '0' GROUP BY manager.USERS_ID, manager.AUTHORIZATION_TYPE_ID) mgr ON usr.userId = mgr.userId LEFT JOIN IVB_M_AUTHORIZATION authorization ON authorization.AUTHORIZATION_TYPE_ID = mgr.typeId ORDER BY usr.userName, authorization.AUTHORIZATION_TYPE_ID LIMIT ?,? 
06-01-2017 03:55:54.949,DEBUG,23C7B1B9B02DC68B8AE629C33197878E,==> Parameters: 0(Integer), 20(Integer)
06-01-2017 03:55:54.953,DEBUG,23C7B1B9B02DC68B8AE629C33197878E,<==      Total: 20
06-01-2017 03:55:54.954,INFO ,23C7B1B9B02DC68B8AE629C33197878E,U0000000001,SQL execution finished
06-01-2017 03:55:54.954,DEBUG,23C7B1B9B02DC68B8AE629C33197878E,==>  Preparing: SELECT COUNT(*) FROM (SELECT users.USERS_NAME userName, users.USERS_ID userId FROM IVB_M_USERS users WHERE 1 = 1 AND users.DELETE_FLAG = '0') usr LEFT JOIN (SELECT manager.USERS_ID userId, manager.AUTHORIZATION_TYPE_ID typeId FROM IVB_M_MANAGER manager WHERE 1 = 1 AND manager.DELETE_FLAG = '0' GROUP BY manager.USERS_ID, manager.AUTHORIZATION_TYPE_ID) mgr ON usr.userId = mgr.userId LEFT JOIN IVB_M_AUTHORIZATION authorization ON authorization.AUTHORIZATION_TYPE_ID = mgr.typeId ORDER BY usr.userId 
06-01-2017 03:55:54.954,DEBUG,23C7B1B9B02DC68B8AE629C33197878E,==> Parameters: 
06-01-2017 03:55:54.955,DEBUG,23C7B1B9B02DC68B8AE629C33197878E,<==      Total: 1
06-01-2017 03:55:54.955,INFO ,23C7B1B9B02DC68B8AE629C33197878E,U0000000001,Affiliation searching finished ==> 60 item(s)
06-01-2017 03:55:54.955,INFO ,23C7B1B9B02DC68B8AE629C33197878E,U0000000001,vn.bananavietnam.ict.banana.service.Bnn0087SearchAffiliationService,searchData,[vn.bananavietnam.ict.banana.component.Bnn0087SearchAffiliationConditions@b31897] METHOD END
