06-01-2017 04:06:05.931,INFO ,250A340BAB25F9F15FD3304804426869,U0000000001,vn.bananavietnam.ict.banana.service.Bnn0087SearchAffiliationService,searchData,[vn.bananavietnam.ict.banana.component.Bnn0087SearchAffiliationConditions@7dd89a] METHOD START
06-01-2017 04:06:05.931,INFO ,250A340BAB25F9F15FD3304804426869,U0000000001,Affiliation searching started
06-01-2017 04:06:09.947,ERROR,250A340BAB25F9F15FD3304804426869,U0000000001,java.lang.Exception: nested exception is org.apache.ibatis.exceptions.PersistenceException: 
06-01-2017 04:06:09.947,INFO ,250A340BAB25F9F15FD3304804426869,U0000000001,vn.bananavietnam.ict.banana.service.Bnn0087SearchAffiliationService,searchData,[vn.bananavietnam.ict.banana.component.Bnn0087SearchAffiliationConditions@7dd89a] METHOD END
06-01-2017 04:06:10.742,INFO ,250A340BAB25F9F15FD3304804426869,U0000000001,vn.bananavietnam.ict.banana.service.Bnn0087SearchAffiliationService,searchData,[vn.bananavietnam.ict.banana.component.Bnn0087SearchAffiliationConditions@1e44627] METHOD START
06-01-2017 04:06:10.743,INFO ,250A340BAB25F9F15FD3304804426869,U0000000001,Affiliation searching started
06-01-2017 04:06:12.764,DEBUG,250A340BAB25F9F15FD3304804426869,==>  Preparing: SELECT usr.userName userName, usr.userId userId , authorization.AUTHORIZATION_TYPE_NAME typeName, authorization.AUTHORIZATION_TYPE_ID typeId, mgr.farmIdList farmIdList, mgr.areaIdList areaIdList, mgr.lastUpdateDate lastUpdateDate FROM (SELECT users.USERS_NAME userName, users.USERS_ID userId FROM IVB_M_USERS users WHERE 1 = 1 AND users.DELETE_FLAG = '0') usr LEFT JOIN (SELECT manager.USERS_ID userId, manager.AUTHORIZATION_TYPE_ID typeId, (SELECT LAST_UPDATE_DATE FROM IVB_M_MANAGER ORDER BY LAST_UPDATE_DATE DESC LIMIT 1) lastUpdateDate, GROUP_CONCAT(manager.FARM_ID SEPARATOR ',') as farmIdList, GROUP_CONCAT(manager.AREA_ID SEPARATOR ',') as areaIdList FROM IVB_M_MANAGER manager WHERE 1 = 1 AND manager.DELETE_FLAG = '0' GROUP BY manager.USERS_ID, manager.AUTHORIZATION_TYPE_ID) mgr ON usr.userId = mgr.userId LEFT JOIN IVB_M_AUTHORIZATION authorization ON authorization.AUTHORIZATION_TYPE_ID = mgr.typeId ORDER BY usr.userName, authorization.AUTHORIZATION_TYPE_ID LIMIT ?,? 
06-01-2017 04:06:12.765,DEBUG,250A340BAB25F9F15FD3304804426869,==> Parameters: 0(Integer), 20(Integer)
06-01-2017 04:06:12.769,DEBUG,250A340BAB25F9F15FD3304804426869,<==      Total: 20
06-01-2017 04:06:12.769,INFO ,250A340BAB25F9F15FD3304804426869,U0000000001,SQL execution finished
06-01-2017 04:06:12.769,DEBUG,250A340BAB25F9F15FD3304804426869,==>  Preparing: SELECT COUNT(*) FROM (SELECT users.USERS_NAME userName, users.USERS_ID userId FROM IVB_M_USERS users WHERE 1 = 1 AND users.DELETE_FLAG = '0') usr LEFT JOIN (SELECT manager.USERS_ID userId, manager.AUTHORIZATION_TYPE_ID typeId FROM IVB_M_MANAGER manager WHERE 1 = 1 AND manager.DELETE_FLAG = '0' GROUP BY manager.USERS_ID, manager.AUTHORIZATION_TYPE_ID) mgr ON usr.userId = mgr.userId LEFT JOIN IVB_M_AUTHORIZATION authorization ON authorization.AUTHORIZATION_TYPE_ID = mgr.typeId ORDER BY usr.userId 
06-01-2017 04:06:12.769,DEBUG,250A340BAB25F9F15FD3304804426869,==> Parameters: 
06-01-2017 04:06:12.772,DEBUG,250A340BAB25F9F15FD3304804426869,<==      Total: 1
06-01-2017 04:06:12.772,INFO ,250A340BAB25F9F15FD3304804426869,U0000000001,Affiliation searching finished ==> 60 item(s)
06-01-2017 04:06:12.772,INFO ,250A340BAB25F9F15FD3304804426869,U0000000001,vn.bananavietnam.ict.banana.service.Bnn0087SearchAffiliationService,searchData,[vn.bananavietnam.ict.banana.component.Bnn0087SearchAffiliationConditions@1e44627] METHOD END
06-01-2017 04:06:18.850,INFO ,013508C91D49665EEAD4F90C5FB7272B,U0000000001,vn.bananavietnam.ict.banana.service.Bnn0087SearchAffiliationService,initData,[{}] METHOD START
06-01-2017 04:06:18.870,DEBUG,013508C91D49665EEAD4F90C5FB7272B,==>  Preparing: select AUTHORIZATION_TYPE_ID, AUTHORIZATION_TYPE_NAME, ACCESS_AUTHORITY_ID, CREATE_USER_ID, CREATE_DATE, UPDATE_USER_ID, LAST_UPDATE_DATE, DELETE_FLAG from IVB_M_AUTHORIZATION 
06-01-2017 04:06:18.870,DEBUG,013508C91D49665EEAD4F90C5FB7272B,==> Parameters: 
06-01-2017 04:06:18.871,DEBUG,013508C91D49665EEAD4F90C5FB7272B,<==      Total: 4
06-01-2017 04:06:18.871,INFO ,013508C91D49665EEAD4F90C5FB7272B,U0000000001,vn.bananavietnam.ict.banana.service.Bnn0087SearchAffiliationService,initData,[{affiliationData=[{"authorizationTypeId":"1","authorizationTypeName":"Quản lý hệ thống","accessAuthorityId":"1","createUserId":"U0000000001","createDate":1489363200000,"updateUserId":"U0000000001","lastUpdateDate":1490054400000,"deleteFlag":false},{"authorizationTypeId":"2","authorizationTypeName":"Giám đốc kinh doanh","accessAuthorityId":"2","createUserId":"U0000000001","createDate":1489363200000,"updateUserId":"U0000000001","lastUpdateDate":1490054400000,"deleteFlag":false},{"authorizationTypeId":"3","authorizationTypeName":"Quản lý nông trại","accessAuthorityId":"3","createUserId":"U0000000001","createDate":1489363200000,"updateUserId":"U0000000001","lastUpdateDate":1490054400000,"deleteFlag":false},{"authorizationTypeId":"4","authorizationTypeName":"Quản lý lô","accessAuthorityId":"4","createUserId":"U0000000001","createDate":1489363200000,"updateUserId":"U0000000001","lastUpdateDate":1490054400000,"deleteFlag":false}]}] METHOD END
06-01-2017 04:06:18.922,INFO ,013508C91D49665EEAD4F90C5FB7272B,U0000000001,vn.bananavietnam.ict.banana.service.Bnn0087SearchAffiliationService,searchData,[vn.bananavietnam.ict.banana.component.Bnn0087SearchAffiliationConditions@1d7ba5b] METHOD START
06-01-2017 04:06:18.922,INFO ,013508C91D49665EEAD4F90C5FB7272B,U0000000001,Affiliation searching started
06-01-2017 04:06:18.941,DEBUG,013508C91D49665EEAD4F90C5FB7272B,==>  Preparing: SELECT usr.userName userName, usr.userId userId , authorization.AUTHORIZATION_TYPE_NAME typeName, authorization.AUTHORIZATION_TYPE_ID typeId, mgr.farmIdList farmIdList, mgr.areaIdList areaIdList, mgr.lastUpdateDate lastUpdateDate FROM (SELECT users.USERS_NAME userName, users.USERS_ID userId FROM IVB_M_USERS users WHERE 1 = 1 AND users.DELETE_FLAG = '0') usr LEFT JOIN (SELECT manager.USERS_ID userId, manager.AUTHORIZATION_TYPE_ID typeId, (SELECT LAST_UPDATE_DATE FROM IVB_M_MANAGER ORDER BY LAST_UPDATE_DATE DESC LIMIT 1) lastUpdateDate, GROUP_CONCAT(manager.FARM_ID SEPARATOR ',') as farmIdList, GROUP_CONCAT(manager.AREA_ID SEPARATOR ',') as areaIdList FROM IVB_M_MANAGER manager WHERE 1 = 1 AND manager.DELETE_FLAG = '0' GROUP BY manager.USERS_ID, manager.AUTHORIZATION_TYPE_ID) mgr ON usr.userId = mgr.userId LEFT JOIN IVB_M_AUTHORIZATION authorization ON authorization.AUTHORIZATION_TYPE_ID = mgr.typeId ORDER BY usr.userName, authorization.AUTHORIZATION_TYPE_ID LIMIT ?,? 
06-01-2017 04:06:18.941,DEBUG,013508C91D49665EEAD4F90C5FB7272B,==> Parameters: 0(Integer), 20(Integer)
06-01-2017 04:06:18.946,DEBUG,013508C91D49665EEAD4F90C5FB7272B,<==      Total: 20
06-01-2017 04:06:18.946,INFO ,013508C91D49665EEAD4F90C5FB7272B,U0000000001,SQL execution finished
06-01-2017 04:06:18.946,DEBUG,013508C91D49665EEAD4F90C5FB7272B,==>  Preparing: SELECT COUNT(*) FROM (SELECT users.USERS_NAME userName, users.USERS_ID userId FROM IVB_M_USERS users WHERE 1 = 1 AND users.DELETE_FLAG = '0') usr LEFT JOIN (SELECT manager.USERS_ID userId, manager.AUTHORIZATION_TYPE_ID typeId FROM IVB_M_MANAGER manager WHERE 1 = 1 AND manager.DELETE_FLAG = '0' GROUP BY manager.USERS_ID, manager.AUTHORIZATION_TYPE_ID) mgr ON usr.userId = mgr.userId LEFT JOIN IVB_M_AUTHORIZATION authorization ON authorization.AUTHORIZATION_TYPE_ID = mgr.typeId ORDER BY usr.userId 
06-01-2017 04:06:18.946,DEBUG,013508C91D49665EEAD4F90C5FB7272B,==> Parameters: 
06-01-2017 04:06:18.948,DEBUG,013508C91D49665EEAD4F90C5FB7272B,<==      Total: 1
06-01-2017 04:06:18.948,INFO ,013508C91D49665EEAD4F90C5FB7272B,U0000000001,Affiliation searching finished ==> 60 item(s)
06-01-2017 04:06:18.948,INFO ,013508C91D49665EEAD4F90C5FB7272B,U0000000001,vn.bananavietnam.ict.banana.service.Bnn0087SearchAffiliationService,searchData,[vn.bananavietnam.ict.banana.component.Bnn0087SearchAffiliationConditions@1d7ba5b] METHOD END
06-01-2017 04:06:19.112,INFO ,013508C91D49665EEAD4F90C5FB7272B,U0000000001,vn.bananavietnam.ict.banana.service.Bnn0087SearchAffiliationService,searchData,[vn.bananavietnam.ict.banana.component.Bnn0087SearchAffiliationConditions@6cca26] METHOD START
06-01-2017 04:06:19.112,INFO ,013508C91D49665EEAD4F90C5FB7272B,U0000000001,Affiliation searching started
06-01-2017 04:06:19.137,DEBUG,013508C91D49665EEAD4F90C5FB7272B,==>  Preparing: SELECT usr.userName userName, usr.userId userId , authorization.AUTHORIZATION_TYPE_NAME typeName, authorization.AUTHORIZATION_TYPE_ID typeId, mgr.farmIdList farmIdList, mgr.areaIdList areaIdList, mgr.lastUpdateDate lastUpdateDate FROM (SELECT users.USERS_NAME userName, users.USERS_ID userId FROM IVB_M_USERS users WHERE 1 = 1 AND users.DELETE_FLAG = '0') usr LEFT JOIN (SELECT manager.USERS_ID userId, manager.AUTHORIZATION_TYPE_ID typeId, (SELECT LAST_UPDATE_DATE FROM IVB_M_MANAGER ORDER BY LAST_UPDATE_DATE DESC LIMIT 1) lastUpdateDate, GROUP_CONCAT(manager.FARM_ID SEPARATOR ',') as farmIdList, GROUP_CONCAT(manager.AREA_ID SEPARATOR ',') as areaIdList FROM IVB_M_MANAGER manager WHERE 1 = 1 AND manager.DELETE_FLAG = '0' GROUP BY manager.USERS_ID, manager.AUTHORIZATION_TYPE_ID) mgr ON usr.userId = mgr.userId LEFT JOIN IVB_M_AUTHORIZATION authorization ON authorization.AUTHORIZATION_TYPE_ID = mgr.typeId ORDER BY usr.userName, authorization.AUTHORIZATION_TYPE_ID LIMIT ?,? 
06-01-2017 04:06:19.138,DEBUG,013508C91D49665EEAD4F90C5FB7272B,==> Parameters: 0(Integer), 20(Integer)
06-01-2017 04:06:19.142,DEBUG,013508C91D49665EEAD4F90C5FB7272B,<==      Total: 20
06-01-2017 04:06:19.142,INFO ,013508C91D49665EEAD4F90C5FB7272B,U0000000001,SQL execution finished
06-01-2017 04:06:19.142,DEBUG,013508C91D49665EEAD4F90C5FB7272B,==>  Preparing: SELECT COUNT(*) FROM (SELECT users.USERS_NAME userName, users.USERS_ID userId FROM IVB_M_USERS users WHERE 1 = 1 AND users.DELETE_FLAG = '0') usr LEFT JOIN (SELECT manager.USERS_ID userId, manager.AUTHORIZATION_TYPE_ID typeId FROM IVB_M_MANAGER manager WHERE 1 = 1 AND manager.DELETE_FLAG = '0' GROUP BY manager.USERS_ID, manager.AUTHORIZATION_TYPE_ID) mgr ON usr.userId = mgr.userId LEFT JOIN IVB_M_AUTHORIZATION authorization ON authorization.AUTHORIZATION_TYPE_ID = mgr.typeId ORDER BY usr.userId 
06-01-2017 04:06:19.142,DEBUG,013508C91D49665EEAD4F90C5FB7272B,==> Parameters: 
06-01-2017 04:06:19.147,DEBUG,013508C91D49665EEAD4F90C5FB7272B,<==      Total: 1
06-01-2017 04:06:19.148,INFO ,013508C91D49665EEAD4F90C5FB7272B,U0000000001,Affiliation searching finished ==> 60 item(s)
06-01-2017 04:06:19.150,INFO ,013508C91D49665EEAD4F90C5FB7272B,U0000000001,vn.bananavietnam.ict.banana.service.Bnn0087SearchAffiliationService,searchData,[vn.bananavietnam.ict.banana.component.Bnn0087SearchAffiliationConditions@6cca26] METHOD END
