06-01-2017 04:27:17.812,INFO ,B5549AB8CA691E39D0EBFF4F348239C1,U0000000001,vn.bananavietnam.ict.banana.service.Bnn0087SearchAffiliationService,searchData,[vn.bananavietnam.ict.banana.component.Bnn0087SearchAffiliationConditions@fcc04e] METHOD START
06-01-2017 04:27:17.812,INFO ,B5549AB8CA691E39D0EBFF4F348239C1,U0000000001,Affiliation searching started
06-01-2017 04:27:21.849,ERROR,B5549AB8CA691E39D0EBFF4F348239C1,U0000000001,java.lang.Exception: nested exception is org.apache.ibatis.exceptions.PersistenceException: 
06-01-2017 04:27:21.850,INFO ,B5549AB8CA691E39D0EBFF4F348239C1,U0000000001,vn.bananavietnam.ict.banana.service.Bnn0087SearchAffiliationService,searchData,[vn.bananavietnam.ict.banana.component.Bnn0087SearchAffiliationConditions@fcc04e] METHOD END
06-01-2017 04:27:25.327,INFO ,B5549AB8CA691E39D0EBFF4F348239C1,U0000000001,vn.bananavietnam.ict.banana.service.Bnn0087SearchAffiliationService,searchData,[vn.bananavietnam.ict.banana.component.Bnn0087SearchAffiliationConditions@119d504] METHOD START
06-01-2017 04:27:25.327,INFO ,B5549AB8CA691E39D0EBFF4F348239C1,U0000000001,Affiliation searching started
06-01-2017 04:27:25.346,DEBUG,B5549AB8CA691E39D0EBFF4F348239C1,==>  Preparing: SELECT usr.userName userName, usr.userId userId , authorization.AUTHORIZATION_TYPE_NAME typeName, authorization.AUTHORIZATION_TYPE_ID typeId, mgr.farmIdList farmIdList, mgr.areaIdList areaIdList, mgr.lastUpdateDate lastUpdateDate FROM (SELECT users.USERS_NAME userName, users.USERS_ID userId FROM IVB_M_USERS users WHERE 1 = 1 AND users.DELETE_FLAG = '0') usr LEFT JOIN (SELECT manager.USERS_ID userId, manager.AUTHORIZATION_TYPE_ID typeId, (SELECT LAST_UPDATE_DATE FROM IVB_M_MANAGER ORDER BY LAST_UPDATE_DATE DESC LIMIT 1) lastUpdateDate, GROUP_CONCAT(manager.FARM_ID SEPARATOR ',') as farmIdList, GROUP_CONCAT(manager.AREA_ID SEPARATOR ',') as areaIdList FROM IVB_M_MANAGER manager WHERE 1 = 1 AND manager.DELETE_FLAG = '0' GROUP BY manager.USERS_ID, manager.AUTHORIZATION_TYPE_ID) mgr ON usr.userId = mgr.userId LEFT JOIN IVB_M_AUTHORIZATION authorization ON authorization.AUTHORIZATION_TYPE_ID = mgr.typeId ORDER BY usr.userName, authorization.AUTHORIZATION_TYPE_ID LIMIT ?,? 
06-01-2017 04:27:25.346,DEBUG,B5549AB8CA691E39D0EBFF4F348239C1,==> Parameters: 0(Integer), 20(Integer)
06-01-2017 04:27:25.351,DEBUG,B5549AB8CA691E39D0EBFF4F348239C1,<==      Total: 20
06-01-2017 04:27:25.351,INFO ,B5549AB8CA691E39D0EBFF4F348239C1,U0000000001,SQL execution finished
06-01-2017 04:27:25.352,DEBUG,B5549AB8CA691E39D0EBFF4F348239C1,==>  Preparing: SELECT COUNT(*) FROM (SELECT users.USERS_NAME userName, users.USERS_ID userId FROM IVB_M_USERS users WHERE 1 = 1 AND users.DELETE_FLAG = '0') usr LEFT JOIN (SELECT manager.USERS_ID userId, manager.AUTHORIZATION_TYPE_ID typeId FROM IVB_M_MANAGER manager WHERE 1 = 1 AND manager.DELETE_FLAG = '0' GROUP BY manager.USERS_ID, manager.AUTHORIZATION_TYPE_ID) mgr ON usr.userId = mgr.userId LEFT JOIN IVB_M_AUTHORIZATION authorization ON authorization.AUTHORIZATION_TYPE_ID = mgr.typeId ORDER BY usr.userId 
06-01-2017 04:27:25.352,DEBUG,B5549AB8CA691E39D0EBFF4F348239C1,==> Parameters: 
06-01-2017 04:27:25.354,DEBUG,B5549AB8CA691E39D0EBFF4F348239C1,<==      Total: 1
06-01-2017 04:27:25.354,INFO ,B5549AB8CA691E39D0EBFF4F348239C1,U0000000001,Affiliation searching finished ==> 60 item(s)
06-01-2017 04:27:25.354,INFO ,B5549AB8CA691E39D0EBFF4F348239C1,U0000000001,vn.bananavietnam.ict.banana.service.Bnn0087SearchAffiliationService,searchData,[vn.bananavietnam.ict.banana.component.Bnn0087SearchAffiliationConditions@119d504] METHOD END
06-01-2017 04:27:26.043,INFO ,DCF339CD02A881B2AFB2844A422BFBF7,U0000000001,vn.bananavietnam.ict.banana.service.Bnn0087SearchAffiliationService,initData,[{}] METHOD START
06-01-2017 04:27:26.066,DEBUG,DCF339CD02A881B2AFB2844A422BFBF7,==>  Preparing: select AUTHORIZATION_TYPE_ID, AUTHORIZATION_TYPE_NAME, ACCESS_AUTHORITY_ID, CREATE_USER_ID, CREATE_DATE, UPDATE_USER_ID, LAST_UPDATE_DATE, DELETE_FLAG from IVB_M_AUTHORIZATION 
06-01-2017 04:27:26.066,DEBUG,DCF339CD02A881B2AFB2844A422BFBF7,==> Parameters: 
06-01-2017 04:27:26.068,DEBUG,DCF339CD02A881B2AFB2844A422BFBF7,<==      Total: 4
06-01-2017 04:27:26.068,INFO ,DCF339CD02A881B2AFB2844A422BFBF7,U0000000001,vn.bananavietnam.ict.banana.service.Bnn0087SearchAffiliationService,initData,[{affiliationData=[{"authorizationTypeId":"1","authorizationTypeName":"Quản lý hệ thống","accessAuthorityId":"1","createUserId":"U0000000001","createDate":1489363200000,"updateUserId":"U0000000001","lastUpdateDate":1490054400000,"deleteFlag":false},{"authorizationTypeId":"2","authorizationTypeName":"Giám đốc kinh doanh","accessAuthorityId":"2","createUserId":"U0000000001","createDate":1489363200000,"updateUserId":"U0000000001","lastUpdateDate":1490054400000,"deleteFlag":false},{"authorizationTypeId":"3","authorizationTypeName":"Quản lý nông trại","accessAuthorityId":"3","createUserId":"U0000000001","createDate":1489363200000,"updateUserId":"U0000000001","lastUpdateDate":1490054400000,"deleteFlag":false},{"authorizationTypeId":"4","authorizationTypeName":"Quản lý lô","accessAuthorityId":"4","createUserId":"U0000000001","createDate":1489363200000,"updateUserId":"U0000000001","lastUpdateDate":1490054400000,"deleteFlag":false}]}] METHOD END
06-01-2017 04:27:26.115,INFO ,DCF339CD02A881B2AFB2844A422BFBF7,U0000000001,vn.bananavietnam.ict.banana.service.Bnn0087SearchAffiliationService,searchData,[vn.bananavietnam.ict.banana.component.Bnn0087SearchAffiliationConditions@147bf41] METHOD START
06-01-2017 04:27:26.115,INFO ,DCF339CD02A881B2AFB2844A422BFBF7,U0000000001,Affiliation searching started
06-01-2017 04:27:26.139,DEBUG,DCF339CD02A881B2AFB2844A422BFBF7,==>  Preparing: SELECT usr.userName userName, usr.userId userId , authorization.AUTHORIZATION_TYPE_NAME typeName, authorization.AUTHORIZATION_TYPE_ID typeId, mgr.farmIdList farmIdList, mgr.areaIdList areaIdList, mgr.lastUpdateDate lastUpdateDate FROM (SELECT users.USERS_NAME userName, users.USERS_ID userId FROM IVB_M_USERS users WHERE 1 = 1 AND users.DELETE_FLAG = '0') usr LEFT JOIN (SELECT manager.USERS_ID userId, manager.AUTHORIZATION_TYPE_ID typeId, (SELECT LAST_UPDATE_DATE FROM IVB_M_MANAGER ORDER BY LAST_UPDATE_DATE DESC LIMIT 1) lastUpdateDate, GROUP_CONCAT(manager.FARM_ID SEPARATOR ',') as farmIdList, GROUP_CONCAT(manager.AREA_ID SEPARATOR ',') as areaIdList FROM IVB_M_MANAGER manager WHERE 1 = 1 AND manager.DELETE_FLAG = '0' GROUP BY manager.USERS_ID, manager.AUTHORIZATION_TYPE_ID) mgr ON usr.userId = mgr.userId LEFT JOIN IVB_M_AUTHORIZATION authorization ON authorization.AUTHORIZATION_TYPE_ID = mgr.typeId ORDER BY usr.userName, authorization.AUTHORIZATION_TYPE_ID LIMIT ?,? 
06-01-2017 04:27:26.139,DEBUG,DCF339CD02A881B2AFB2844A422BFBF7,==> Parameters: 0(Integer), 20(Integer)
06-01-2017 04:27:26.143,DEBUG,DCF339CD02A881B2AFB2844A422BFBF7,<==      Total: 20
06-01-2017 04:27:26.143,INFO ,DCF339CD02A881B2AFB2844A422BFBF7,U0000000001,SQL execution finished
06-01-2017 04:27:26.143,DEBUG,DCF339CD02A881B2AFB2844A422BFBF7,==>  Preparing: SELECT COUNT(*) FROM (SELECT users.USERS_NAME userName, users.USERS_ID userId FROM IVB_M_USERS users WHERE 1 = 1 AND users.DELETE_FLAG = '0') usr LEFT JOIN (SELECT manager.USERS_ID userId, manager.AUTHORIZATION_TYPE_ID typeId FROM IVB_M_MANAGER manager WHERE 1 = 1 AND manager.DELETE_FLAG = '0' GROUP BY manager.USERS_ID, manager.AUTHORIZATION_TYPE_ID) mgr ON usr.userId = mgr.userId LEFT JOIN IVB_M_AUTHORIZATION authorization ON authorization.AUTHORIZATION_TYPE_ID = mgr.typeId ORDER BY usr.userId 
06-01-2017 04:27:26.144,DEBUG,DCF339CD02A881B2AFB2844A422BFBF7,==> Parameters: 
06-01-2017 04:27:26.145,DEBUG,DCF339CD02A881B2AFB2844A422BFBF7,<==      Total: 1
06-01-2017 04:27:26.145,INFO ,DCF339CD02A881B2AFB2844A422BFBF7,U0000000001,Affiliation searching finished ==> 60 item(s)
06-01-2017 04:27:26.145,INFO ,DCF339CD02A881B2AFB2844A422BFBF7,U0000000001,vn.bananavietnam.ict.banana.service.Bnn0087SearchAffiliationService,searchData,[vn.bananavietnam.ict.banana.component.Bnn0087SearchAffiliationConditions@147bf41] METHOD END
06-01-2017 04:27:26.295,INFO ,DCF339CD02A881B2AFB2844A422BFBF7,U0000000001,vn.bananavietnam.ict.banana.service.Bnn0087SearchAffiliationService,searchData,[vn.bananavietnam.ict.banana.component.Bnn0087SearchAffiliationConditions@5440d4] METHOD START
06-01-2017 04:27:26.295,INFO ,DCF339CD02A881B2AFB2844A422BFBF7,U0000000001,Affiliation searching started
06-01-2017 04:27:26.317,DEBUG,DCF339CD02A881B2AFB2844A422BFBF7,==>  Preparing: SELECT usr.userName userName, usr.userId userId , authorization.AUTHORIZATION_TYPE_NAME typeName, authorization.AUTHORIZATION_TYPE_ID typeId, mgr.farmIdList farmIdList, mgr.areaIdList areaIdList, mgr.lastUpdateDate lastUpdateDate FROM (SELECT users.USERS_NAME userName, users.USERS_ID userId FROM IVB_M_USERS users WHERE 1 = 1 AND users.DELETE_FLAG = '0') usr LEFT JOIN (SELECT manager.USERS_ID userId, manager.AUTHORIZATION_TYPE_ID typeId, (SELECT LAST_UPDATE_DATE FROM IVB_M_MANAGER ORDER BY LAST_UPDATE_DATE DESC LIMIT 1) lastUpdateDate, GROUP_CONCAT(manager.FARM_ID SEPARATOR ',') as farmIdList, GROUP_CONCAT(manager.AREA_ID SEPARATOR ',') as areaIdList FROM IVB_M_MANAGER manager WHERE 1 = 1 AND manager.DELETE_FLAG = '0' GROUP BY manager.USERS_ID, manager.AUTHORIZATION_TYPE_ID) mgr ON usr.userId = mgr.userId LEFT JOIN IVB_M_AUTHORIZATION authorization ON authorization.AUTHORIZATION_TYPE_ID = mgr.typeId ORDER BY usr.userName, authorization.AUTHORIZATION_TYPE_ID LIMIT ?,? 
06-01-2017 04:27:26.317,DEBUG,DCF339CD02A881B2AFB2844A422BFBF7,==> Parameters: 0(Integer), 20(Integer)
06-01-2017 04:27:26.321,DEBUG,DCF339CD02A881B2AFB2844A422BFBF7,<==      Total: 20
06-01-2017 04:27:26.321,INFO ,DCF339CD02A881B2AFB2844A422BFBF7,U0000000001,SQL execution finished
06-01-2017 04:27:26.322,DEBUG,DCF339CD02A881B2AFB2844A422BFBF7,==>  Preparing: SELECT COUNT(*) FROM (SELECT users.USERS_NAME userName, users.USERS_ID userId FROM IVB_M_USERS users WHERE 1 = 1 AND users.DELETE_FLAG = '0') usr LEFT JOIN (SELECT manager.USERS_ID userId, manager.AUTHORIZATION_TYPE_ID typeId FROM IVB_M_MANAGER manager WHERE 1 = 1 AND manager.DELETE_FLAG = '0' GROUP BY manager.USERS_ID, manager.AUTHORIZATION_TYPE_ID) mgr ON usr.userId = mgr.userId LEFT JOIN IVB_M_AUTHORIZATION authorization ON authorization.AUTHORIZATION_TYPE_ID = mgr.typeId ORDER BY usr.userId 
06-01-2017 04:27:26.322,DEBUG,DCF339CD02A881B2AFB2844A422BFBF7,==> Parameters: 
06-01-2017 04:27:26.323,DEBUG,DCF339CD02A881B2AFB2844A422BFBF7,<==      Total: 1
06-01-2017 04:27:26.323,INFO ,DCF339CD02A881B2AFB2844A422BFBF7,U0000000001,Affiliation searching finished ==> 60 item(s)
06-01-2017 04:27:26.323,INFO ,DCF339CD02A881B2AFB2844A422BFBF7,U0000000001,vn.bananavietnam.ict.banana.service.Bnn0087SearchAffiliationService,searchData,[vn.bananavietnam.ict.banana.component.Bnn0087SearchAffiliationConditions@5440d4] METHOD END
