05-23-2017 04:14:03.182,DEBUG,346DF76DAA1B3003485FB7B3CE1D287E,/0089/searchData at position 1 of 11 in additional filter chain; firing Filter: 'SecurityContextPersistenceFilter'
05-23-2017 04:14:03.182,DEBUG,346DF76DAA1B3003485FB7B3CE1D287E,No HttpSession currently exists
05-23-2017 04:14:03.183,DEBUG,346DF76DAA1B3003485FB7B3CE1D287E,No SecurityContext was available from the HttpSession: null. A new one will be created.
05-23-2017 04:14:03.183,DEBUG,346DF76DAA1B3003485FB7B3CE1D287E,/0089/searchData at position 2 of 11 in additional filter chain; firing Filter: 'WebAsyncManagerIntegrationFilter'
05-23-2017 04:14:03.183,DEBUG,346DF76DAA1B3003485FB7B3CE1D287E,/0089/searchData at position 3 of 11 in additional filter chain; firing Filter: 'LogoutFilter'
05-23-2017 04:14:03.183,DEBUG,346DF76DAA1B3003485FB7B3CE1D287E,/0089/searchData at position 4 of 11 in additional filter chain; firing Filter: 'UsernamePasswordAuthenticationFilter'
05-23-2017 04:14:03.183,DEBUG,346DF76DAA1B3003485FB7B3CE1D287E,/0089/searchData at position 5 of 11 in additional filter chain; firing Filter: 'BasicAuthenticationFilter'
05-23-2017 04:14:03.183,DEBUG,346DF76DAA1B3003485FB7B3CE1D287E,/0089/searchData at position 6 of 11 in additional filter chain; firing Filter: 'RequestCacheAwareFilter'
05-23-2017 04:14:03.183,DEBUG,346DF76DAA1B3003485FB7B3CE1D287E,/0089/searchData at position 7 of 11 in additional filter chain; firing Filter: 'SecurityContextHolderAwareRequestFilter'
05-23-2017 04:14:03.183,DEBUG,346DF76DAA1B3003485FB7B3CE1D287E,/0089/searchData at position 8 of 11 in additional filter chain; firing Filter: 'AnonymousAuthenticationFilter'
05-23-2017 04:14:03.183,DEBUG,346DF76DAA1B3003485FB7B3CE1D287E,Populated SecurityContextHolder with anonymous token: 'org.springframework.security.authentication.AnonymousAuthenticationToken@9055c2bc: Principal: anonymousUser; Credentials: [PROTECTED]; Authenticated: true; Details: org.springframework.security.web.authentication.WebAuthenticationDetails@b364: RemoteIpAddress: 0:0:0:0:0:0:0:1; SessionId: null; Granted Authorities: ROLE_ANONYMOUS'
05-23-2017 04:14:03.183,DEBUG,346DF76DAA1B3003485FB7B3CE1D287E,/0089/searchData at position 9 of 11 in additional filter chain; firing Filter: 'SessionManagementFilter'
05-23-2017 04:14:03.183,DEBUG,346DF76DAA1B3003485FB7B3CE1D287E,Requested session ID 346DF76DAA1B3003485FB7B3CE1D287E is invalid.
05-23-2017 04:14:03.183,DEBUG,346DF76DAA1B3003485FB7B3CE1D287E,/0089/searchData at position 10 of 11 in additional filter chain; firing Filter: 'ExceptionTranslationFilter'
05-23-2017 04:14:03.183,DEBUG,346DF76DAA1B3003485FB7B3CE1D287E,/0089/searchData at position 11 of 11 in additional filter chain; firing Filter: 'FilterSecurityInterceptor'
05-23-2017 04:14:03.183,DEBUG,346DF76DAA1B3003485FB7B3CE1D287E,Checking match of request : '/0089/searchdata'; against '/autherror*'
05-23-2017 04:14:03.183,DEBUG,346DF76DAA1B3003485FB7B3CE1D287E,Checking match of request : '/0089/searchdata'; against '/login/**'
05-23-2017 04:14:03.183,DEBUG,346DF76DAA1B3003485FB7B3CE1D287E,Checking match of request : '/0089/searchdata'; against '/error/**'
05-23-2017 04:14:03.183,DEBUG,346DF76DAA1B3003485FB7B3CE1D287E,Checking match of request : '/0089/searchdata'; against '/0001/**'
05-23-2017 04:14:03.183,DEBUG,346DF76DAA1B3003485FB7B3CE1D287E,Checking match of request : '/0089/searchdata'; against '/0002/**'
05-23-2017 04:14:03.183,DEBUG,346DF76DAA1B3003485FB7B3CE1D287E,Checking match of request : '/0089/searchdata'; against '/0003/**'
05-23-2017 04:14:03.183,DEBUG,346DF76DAA1B3003485FB7B3CE1D287E,Checking match of request : '/0089/searchdata'; against '/0005/**'
05-23-2017 04:14:03.183,DEBUG,346DF76DAA1B3003485FB7B3CE1D287E,Checking match of request : '/0089/searchdata'; against '/0007/**'
05-23-2017 04:14:03.183,DEBUG,346DF76DAA1B3003485FB7B3CE1D287E,Checking match of request : '/0089/searchdata'; against '/0009/**'
05-23-2017 04:14:03.183,DEBUG,346DF76DAA1B3003485FB7B3CE1D287E,Checking match of request : '/0089/searchdata'; against '/0013/**'
05-23-2017 04:14:03.183,DEBUG,346DF76DAA1B3003485FB7B3CE1D287E,Checking match of request : '/0089/searchdata'; against '/0023/**'
05-23-2017 04:14:03.183,DEBUG,346DF76DAA1B3003485FB7B3CE1D287E,Checking match of request : '/0089/searchdata'; against '/0017/**'
05-23-2017 04:14:03.183,DEBUG,346DF76DAA1B3003485FB7B3CE1D287E,Checking match of request : '/0089/searchdata'; against '/0031/**'
05-23-2017 04:14:03.184,DEBUG,346DF76DAA1B3003485FB7B3CE1D287E,Checking match of request : '/0089/searchdata'; against '/0035/**'
05-23-2017 04:14:03.184,DEBUG,346DF76DAA1B3003485FB7B3CE1D287E,Checking match of request : '/0089/searchdata'; against '/0037/**'
05-23-2017 04:14:03.184,DEBUG,346DF76DAA1B3003485FB7B3CE1D287E,Checking match of request : '/0089/searchdata'; against '/0045/**'
05-23-2017 04:14:03.184,DEBUG,346DF76DAA1B3003485FB7B3CE1D287E,Checking match of request : '/0089/searchdata'; against '/0047/**'
05-23-2017 04:14:03.184,DEBUG,346DF76DAA1B3003485FB7B3CE1D287E,Checking match of request : '/0089/searchdata'; against '/0049/**'
05-23-2017 04:14:03.184,DEBUG,346DF76DAA1B3003485FB7B3CE1D287E,Checking match of request : '/0089/searchdata'; against '/0061/**'
05-23-2017 04:14:03.184,DEBUG,346DF76DAA1B3003485FB7B3CE1D287E,Checking match of request : '/0089/searchdata'; against '/0087/**'
05-23-2017 04:14:03.184,DEBUG,346DF76DAA1B3003485FB7B3CE1D287E,Checking match of request : '/0089/searchdata'; against '/0075/**'
05-23-2017 04:14:03.184,DEBUG,346DF76DAA1B3003485FB7B3CE1D287E,Checking match of request : '/0089/searchdata'; against '/0089/**'
05-23-2017 04:14:03.184,DEBUG,346DF76DAA1B3003485FB7B3CE1D287E,Secure object: FilterInvocation: URL: /0089/searchData; Attributes: [ROLE_ADMIN, ROLE_USER, IS_AUTHENTICATED_FULLY]
05-23-2017 04:14:03.184,DEBUG,346DF76DAA1B3003485FB7B3CE1D287E,Previously Authenticated: org.springframework.security.authentication.AnonymousAuthenticationToken@9055c2bc: Principal: anonymousUser; Credentials: [PROTECTED]; Authenticated: true; Details: org.springframework.security.web.authentication.WebAuthenticationDetails@b364: RemoteIpAddress: 0:0:0:0:0:0:0:1; SessionId: null; Granted Authorities: ROLE_ANONYMOUS
05-23-2017 04:14:03.184,DEBUG,346DF76DAA1B3003485FB7B3CE1D287E,Voter: org.springframework.security.access.vote.RoleVoter@1ac872d, returned: -1
05-23-2017 04:14:03.184,DEBUG,346DF76DAA1B3003485FB7B3CE1D287E,Voter: org.springframework.security.access.vote.AuthenticatedVoter@b1927d, returned: -1
05-23-2017 04:14:03.184,DEBUG,346DF76DAA1B3003485FB7B3CE1D287E,Access is denied (user is anonymous); redirecting to authentication entry point
05-23-2017 04:14:03.185,DEBUG,346DF76DAA1B3003485FB7B3CE1D287E,DefaultSavedRequest added to Session: DefaultSavedRequest[http://localhost:8080/ict/0089/searchData]
05-23-2017 04:14:03.185,DEBUG,346DF76DAA1B3003485FB7B3CE1D287E,Calling Authentication entry point.
05-23-2017 04:14:03.185,DEBUG,346DF76DAA1B3003485FB7B3CE1D287E,Redirecting to 'http://localhost:8080/ict/'
05-23-2017 04:14:03.185,DEBUG,346DF76DAA1B3003485FB7B3CE1D287E,SecurityContext is empty or contents are anonymous - context will not be stored in HttpSession.
05-23-2017 04:14:03.185,DEBUG,346DF76DAA1B3003485FB7B3CE1D287E,SecurityContextHolder now cleared, as request processing completed
05-23-2017 04:14:03.187,DEBUG,346DF76DAA1B3003485FB7B3CE1D287E,/ at position 1 of 11 in additional filter chain; firing Filter: 'SecurityContextPersistenceFilter'
05-23-2017 04:14:03.187,DEBUG,346DF76DAA1B3003485FB7B3CE1D287E,HttpSession returned null object for SPRING_SECURITY_CONTEXT
05-23-2017 04:14:03.187,DEBUG,346DF76DAA1B3003485FB7B3CE1D287E,No SecurityContext was available from the HttpSession: org.apache.catalina.session.StandardSessionFacade@1febc1b. A new one will be created.
05-23-2017 04:14:03.187,DEBUG,346DF76DAA1B3003485FB7B3CE1D287E,/ at position 2 of 11 in additional filter chain; firing Filter: 'WebAsyncManagerIntegrationFilter'
05-23-2017 04:14:03.187,DEBUG,346DF76DAA1B3003485FB7B3CE1D287E,/ at position 3 of 11 in additional filter chain; firing Filter: 'LogoutFilter'
05-23-2017 04:14:03.187,DEBUG,346DF76DAA1B3003485FB7B3CE1D287E,/ at position 4 of 11 in additional filter chain; firing Filter: 'UsernamePasswordAuthenticationFilter'
05-23-2017 04:14:03.187,DEBUG,346DF76DAA1B3003485FB7B3CE1D287E,/ at position 5 of 11 in additional filter chain; firing Filter: 'BasicAuthenticationFilter'
05-23-2017 04:14:03.187,DEBUG,346DF76DAA1B3003485FB7B3CE1D287E,/ at position 6 of 11 in additional filter chain; firing Filter: 'RequestCacheAwareFilter'
05-23-2017 04:14:03.187,DEBUG,346DF76DAA1B3003485FB7B3CE1D287E,pathInfo: both null (property equals)
05-23-2017 04:14:03.187,DEBUG,346DF76DAA1B3003485FB7B3CE1D287E,queryString: both null (property equals)
05-23-2017 04:14:03.187,DEBUG,346DF76DAA1B3003485FB7B3CE1D287E,requestURI: arg1=/ict/0089/searchData; arg2=/ict/ (property not equals)
05-23-2017 04:14:03.187,DEBUG,346DF76DAA1B3003485FB7B3CE1D287E,saved request doesn't match
05-23-2017 04:14:03.187,DEBUG,346DF76DAA1B3003485FB7B3CE1D287E,/ at position 7 of 11 in additional filter chain; firing Filter: 'SecurityContextHolderAwareRequestFilter'
05-23-2017 04:14:03.187,DEBUG,346DF76DAA1B3003485FB7B3CE1D287E,/ at position 8 of 11 in additional filter chain; firing Filter: 'AnonymousAuthenticationFilter'
05-23-2017 04:14:03.187,DEBUG,346DF76DAA1B3003485FB7B3CE1D287E,Populated SecurityContextHolder with anonymous token: 'org.springframework.security.authentication.AnonymousAuthenticationToken@90576bf4: Principal: anonymousUser; Credentials: [PROTECTED]; Authenticated: true; Details: org.springframework.security.web.authentication.WebAuthenticationDetails@21a2c: RemoteIpAddress: 0:0:0:0:0:0:0:1; SessionId: 4F70E9C34B458231B72441BB88478B42; Granted Authorities: ROLE_ANONYMOUS'
05-23-2017 04:14:03.187,DEBUG,346DF76DAA1B3003485FB7B3CE1D287E,/ at position 9 of 11 in additional filter chain; firing Filter: 'SessionManagementFilter'
05-23-2017 04:14:03.187,DEBUG,346DF76DAA1B3003485FB7B3CE1D287E,/ at position 10 of 11 in additional filter chain; firing Filter: 'ExceptionTranslationFilter'
05-23-2017 04:14:03.187,DEBUG,346DF76DAA1B3003485FB7B3CE1D287E,/ at position 11 of 11 in additional filter chain; firing Filter: 'FilterSecurityInterceptor'
05-23-2017 04:14:03.187,DEBUG,346DF76DAA1B3003485FB7B3CE1D287E,Checking match of request : '/'; against '/autherror*'
05-23-2017 04:14:03.187,DEBUG,346DF76DAA1B3003485FB7B3CE1D287E,Checking match of request : '/'; against '/login/**'
05-23-2017 04:14:03.187,DEBUG,346DF76DAA1B3003485FB7B3CE1D287E,Checking match of request : '/'; against '/error/**'
05-23-2017 04:14:03.187,DEBUG,346DF76DAA1B3003485FB7B3CE1D287E,Checking match of request : '/'; against '/0001/**'
05-23-2017 04:14:03.187,DEBUG,346DF76DAA1B3003485FB7B3CE1D287E,Checking match of request : '/'; against '/0002/**'
05-23-2017 04:14:03.187,DEBUG,346DF76DAA1B3003485FB7B3CE1D287E,Checking match of request : '/'; against '/0003/**'
05-23-2017 04:14:03.187,DEBUG,346DF76DAA1B3003485FB7B3CE1D287E,Checking match of request : '/'; against '/0005/**'
05-23-2017 04:14:03.187,DEBUG,346DF76DAA1B3003485FB7B3CE1D287E,Checking match of request : '/'; against '/0007/**'
05-23-2017 04:14:03.188,DEBUG,346DF76DAA1B3003485FB7B3CE1D287E,Checking match of request : '/'; against '/0009/**'
05-23-2017 04:14:03.188,DEBUG,346DF76DAA1B3003485FB7B3CE1D287E,Checking match of request : '/'; against '/0013/**'
05-23-2017 04:14:03.188,DEBUG,346DF76DAA1B3003485FB7B3CE1D287E,Checking match of request : '/'; against '/0023/**'
05-23-2017 04:14:03.188,DEBUG,346DF76DAA1B3003485FB7B3CE1D287E,Checking match of request : '/'; against '/0017/**'
05-23-2017 04:14:03.188,DEBUG,346DF76DAA1B3003485FB7B3CE1D287E,Checking match of request : '/'; against '/0031/**'
05-23-2017 04:14:03.188,DEBUG,346DF76DAA1B3003485FB7B3CE1D287E,Checking match of request : '/'; against '/0035/**'
05-23-2017 04:14:03.188,DEBUG,346DF76DAA1B3003485FB7B3CE1D287E,Checking match of request : '/'; against '/0037/**'
05-23-2017 04:14:03.188,DEBUG,346DF76DAA1B3003485FB7B3CE1D287E,Checking match of request : '/'; against '/0045/**'
05-23-2017 04:14:03.188,DEBUG,346DF76DAA1B3003485FB7B3CE1D287E,Checking match of request : '/'; against '/0047/**'
05-23-2017 04:14:03.188,DEBUG,346DF76DAA1B3003485FB7B3CE1D287E,Checking match of request : '/'; against '/0049/**'
05-23-2017 04:14:03.188,DEBUG,346DF76DAA1B3003485FB7B3CE1D287E,Checking match of request : '/'; against '/0061/**'
05-23-2017 04:14:03.188,DEBUG,346DF76DAA1B3003485FB7B3CE1D287E,Checking match of request : '/'; against '/0087/**'
05-23-2017 04:14:03.188,DEBUG,346DF76DAA1B3003485FB7B3CE1D287E,Checking match of request : '/'; against '/0075/**'
05-23-2017 04:14:03.188,DEBUG,346DF76DAA1B3003485FB7B3CE1D287E,Checking match of request : '/'; against '/0089/**'
05-23-2017 04:14:03.188,DEBUG,346DF76DAA1B3003485FB7B3CE1D287E,Checking match of request : '/'; against '/0090/**'
05-23-2017 04:14:03.188,DEBUG,346DF76DAA1B3003485FB7B3CE1D287E,Checking match of request : '/'; against '/0091/**'
05-23-2017 04:14:03.188,DEBUG,346DF76DAA1B3003485FB7B3CE1D287E,Checking match of request : '/'; against '/0092/**'
05-23-2017 04:14:03.188,DEBUG,346DF76DAA1B3003485FB7B3CE1D287E,Checking match of request : '/'; against '/0095/**'
05-23-2017 04:14:03.188,DEBUG,346DF76DAA1B3003485FB7B3CE1D287E,Secure object: FilterInvocation: URL: /; Attributes: [IS_AUTHENTICATED_ANONYMOUSLY]
05-23-2017 04:14:03.188,DEBUG,346DF76DAA1B3003485FB7B3CE1D287E,Previously Authenticated: org.springframework.security.authentication.AnonymousAuthenticationToken@90576bf4: Principal: anonymousUser; Credentials: [PROTECTED]; Authenticated: true; Details: org.springframework.security.web.authentication.WebAuthenticationDetails@21a2c: RemoteIpAddress: 0:0:0:0:0:0:0:1; SessionId: 4F70E9C34B458231B72441BB88478B42; Granted Authorities: ROLE_ANONYMOUS
05-23-2017 04:14:03.188,DEBUG,346DF76DAA1B3003485FB7B3CE1D287E,Voter: org.springframework.security.access.vote.RoleVoter@1ac872d, returned: 0
05-23-2017 04:14:03.188,DEBUG,346DF76DAA1B3003485FB7B3CE1D287E,Voter: org.springframework.security.access.vote.AuthenticatedVoter@b1927d, returned: 1
05-23-2017 04:14:03.188,DEBUG,346DF76DAA1B3003485FB7B3CE1D287E,Authorization successful
05-23-2017 04:14:03.188,DEBUG,346DF76DAA1B3003485FB7B3CE1D287E,RunAsManager did not change Authentication object
05-23-2017 04:14:03.188,DEBUG,346DF76DAA1B3003485FB7B3CE1D287E,/ reached end of additional filter chain; proceeding with original chain
05-23-2017 04:14:03.188,DEBUG,346DF76DAA1B3003485FB7B3CE1D287E,Request [/ict/] is not a multipart request
05-23-2017 04:14:03.188,DEBUG,4F70E9C34B458231B72441BB88478B42,DispatcherServlet with name 'appServlet' processing GET request for [/ict/]
05-23-2017 04:14:03.188,DEBUG,4F70E9C34B458231B72441BB88478B42,Looking up handler method for path /
05-23-2017 04:14:03.188,DEBUG,4F70E9C34B458231B72441BB88478B42,Returning handler method [public java.lang.String vn.bananavietnam.ict.common.controller.AuthController.login()]
05-23-2017 04:14:03.188,DEBUG,4F70E9C34B458231B72441BB88478B42,Returning cached instance of singleton bean 'authController'
05-23-2017 04:14:03.188,DEBUG,4F70E9C34B458231B72441BB88478B42,Last-Modified value for [/ict/] is: -1
05-23-2017 04:14:03.188,DEBUG,4F70E9C34B458231B72441BB88478B42,Returning cached instance of singleton bean 'xml_path'
05-23-2017 04:14:03.189,DEBUG,4F70E9C34B458231B72441BB88478B42,Rendering view [org.springframework.web.servlet.view.JstlView: name 'common/PageWrapper'; URL [/WEB-INF/views/common/PageWrapper.jsp]] in DispatcherServlet with name 'appServlet'
05-23-2017 04:14:03.189,DEBUG,4F70E9C34B458231B72441BB88478B42,Forwarding to resource [/WEB-INF/views/common/PageWrapper.jsp] in InternalResourceView 'common/PageWrapper'
05-23-2017 04:14:03.189,DEBUG,4F70E9C34B458231B72441BB88478B42,SecurityContext is empty or contents are anonymous - context will not be stored in HttpSession.
05-23-2017 04:14:03.189,DEBUG,4F70E9C34B458231B72441BB88478B42,Successfully completed request
05-23-2017 04:14:03.189,DEBUG,4F70E9C34B458231B72441BB88478B42,Chain processed normally
05-23-2017 04:14:03.189,DEBUG,4F70E9C34B458231B72441BB88478B42,SecurityContextHolder now cleared, as request processing completed
05-23-2017 04:14:03.198,DEBUG,346DF76DAA1B3003485FB7B3CE1D287E,/login at position 1 of 11 in additional filter chain; firing Filter: 'SecurityContextPersistenceFilter'
05-23-2017 04:14:03.198,DEBUG,346DF76DAA1B3003485FB7B3CE1D287E,HttpSession returned null object for SPRING_SECURITY_CONTEXT
05-23-2017 04:14:03.198,DEBUG,346DF76DAA1B3003485FB7B3CE1D287E,No SecurityContext was available from the HttpSession: org.apache.catalina.session.StandardSessionFacade@1febc1b. A new one will be created.
05-23-2017 04:14:03.198,DEBUG,346DF76DAA1B3003485FB7B3CE1D287E,/login at position 2 of 11 in additional filter chain; firing Filter: 'WebAsyncManagerIntegrationFilter'
05-23-2017 04:14:03.198,DEBUG,346DF76DAA1B3003485FB7B3CE1D287E,/login at position 3 of 11 in additional filter chain; firing Filter: 'LogoutFilter'
05-23-2017 04:14:03.198,DEBUG,346DF76DAA1B3003485FB7B3CE1D287E,Logging out user 'null' and transferring to logout destination
05-23-2017 04:14:03.198,DEBUG,346DF76DAA1B3003485FB7B3CE1D287E,Invalidating session: 4F70E9C34B458231B72441BB88478B42
05-23-2017 04:14:03.198,DEBUG,346DF76DAA1B3003485FB7B3CE1D287E,Using default Url: /
05-23-2017 04:14:03.198,DEBUG,346DF76DAA1B3003485FB7B3CE1D287E,Redirecting to '/ict/'
05-23-2017 04:14:03.198,DEBUG,346DF76DAA1B3003485FB7B3CE1D287E,SecurityContext is empty or contents are anonymous - context will not be stored in HttpSession.
05-23-2017 04:14:03.198,DEBUG,346DF76DAA1B3003485FB7B3CE1D287E,SecurityContextHolder now cleared, as request processing completed
05-23-2017 04:14:03.200,DEBUG,346DF76DAA1B3003485FB7B3CE1D287E,/ at position 1 of 11 in additional filter chain; firing Filter: 'SecurityContextPersistenceFilter'
05-23-2017 04:14:03.200,DEBUG,346DF76DAA1B3003485FB7B3CE1D287E,No HttpSession currently exists
05-23-2017 04:14:03.200,DEBUG,346DF76DAA1B3003485FB7B3CE1D287E,No SecurityContext was available from the HttpSession: null. A new one will be created.
05-23-2017 04:14:03.200,DEBUG,346DF76DAA1B3003485FB7B3CE1D287E,/ at position 2 of 11 in additional filter chain; firing Filter: 'WebAsyncManagerIntegrationFilter'
05-23-2017 04:14:03.200,DEBUG,346DF76DAA1B3003485FB7B3CE1D287E,/ at position 3 of 11 in additional filter chain; firing Filter: 'LogoutFilter'
05-23-2017 04:14:03.200,DEBUG,346DF76DAA1B3003485FB7B3CE1D287E,/ at position 4 of 11 in additional filter chain; firing Filter: 'UsernamePasswordAuthenticationFilter'
05-23-2017 04:14:03.201,DEBUG,346DF76DAA1B3003485FB7B3CE1D287E,/ at position 5 of 11 in additional filter chain; firing Filter: 'BasicAuthenticationFilter'
05-23-2017 04:14:03.201,DEBUG,346DF76DAA1B3003485FB7B3CE1D287E,/ at position 6 of 11 in additional filter chain; firing Filter: 'RequestCacheAwareFilter'
05-23-2017 04:14:03.201,DEBUG,346DF76DAA1B3003485FB7B3CE1D287E,/ at position 7 of 11 in additional filter chain; firing Filter: 'SecurityContextHolderAwareRequestFilter'
05-23-2017 04:14:03.201,DEBUG,346DF76DAA1B3003485FB7B3CE1D287E,/ at position 8 of 11 in additional filter chain; firing Filter: 'AnonymousAuthenticationFilter'
05-23-2017 04:14:03.201,DEBUG,346DF76DAA1B3003485FB7B3CE1D287E,Populated SecurityContextHolder with anonymous token: 'org.springframework.security.authentication.AnonymousAuthenticationToken@9055c2bc: Principal: anonymousUser; Credentials: [PROTECTED]; Authenticated: true; Details: org.springframework.security.web.authentication.WebAuthenticationDetails@b364: RemoteIpAddress: 0:0:0:0:0:0:0:1; SessionId: null; Granted Authorities: ROLE_ANONYMOUS'
05-23-2017 04:14:03.201,DEBUG,346DF76DAA1B3003485FB7B3CE1D287E,/ at position 9 of 11 in additional filter chain; firing Filter: 'SessionManagementFilter'
05-23-2017 04:14:03.201,DEBUG,346DF76DAA1B3003485FB7B3CE1D287E,Requested session ID 4F70E9C34B458231B72441BB88478B42 is invalid.
05-23-2017 04:14:03.201,DEBUG,346DF76DAA1B3003485FB7B3CE1D287E,/ at position 10 of 11 in additional filter chain; firing Filter: 'ExceptionTranslationFilter'
05-23-2017 04:14:03.201,DEBUG,346DF76DAA1B3003485FB7B3CE1D287E,/ at position 11 of 11 in additional filter chain; firing Filter: 'FilterSecurityInterceptor'
05-23-2017 04:14:03.201,DEBUG,346DF76DAA1B3003485FB7B3CE1D287E,Checking match of request : '/'; against '/autherror*'
05-23-2017 04:14:03.201,DEBUG,346DF76DAA1B3003485FB7B3CE1D287E,Checking match of request : '/'; against '/login/**'
05-23-2017 04:14:03.201,DEBUG,346DF76DAA1B3003485FB7B3CE1D287E,Checking match of request : '/'; against '/error/**'
05-23-2017 04:14:03.201,DEBUG,346DF76DAA1B3003485FB7B3CE1D287E,Checking match of request : '/'; against '/0001/**'
05-23-2017 04:14:03.201,DEBUG,346DF76DAA1B3003485FB7B3CE1D287E,Checking match of request : '/'; against '/0002/**'
05-23-2017 04:14:03.201,DEBUG,346DF76DAA1B3003485FB7B3CE1D287E,Checking match of request : '/'; against '/0003/**'
05-23-2017 04:14:03.201,DEBUG,346DF76DAA1B3003485FB7B3CE1D287E,Checking match of request : '/'; against '/0005/**'
05-23-2017 04:14:03.201,DEBUG,346DF76DAA1B3003485FB7B3CE1D287E,Checking match of request : '/'; against '/0007/**'
05-23-2017 04:14:03.201,DEBUG,346DF76DAA1B3003485FB7B3CE1D287E,Checking match of request : '/'; against '/0009/**'
05-23-2017 04:14:03.201,DEBUG,346DF76DAA1B3003485FB7B3CE1D287E,Checking match of request : '/'; against '/0013/**'
05-23-2017 04:14:03.201,DEBUG,346DF76DAA1B3003485FB7B3CE1D287E,Checking match of request : '/'; against '/0023/**'
05-23-2017 04:14:03.201,DEBUG,346DF76DAA1B3003485FB7B3CE1D287E,Checking match of request : '/'; against '/0017/**'
05-23-2017 04:14:03.201,DEBUG,346DF76DAA1B3003485FB7B3CE1D287E,Checking match of request : '/'; against '/0031/**'
05-23-2017 04:14:03.201,DEBUG,346DF76DAA1B3003485FB7B3CE1D287E,Checking match of request : '/'; against '/0035/**'
05-23-2017 04:14:03.201,DEBUG,346DF76DAA1B3003485FB7B3CE1D287E,Checking match of request : '/'; against '/0037/**'
05-23-2017 04:14:03.201,DEBUG,346DF76DAA1B3003485FB7B3CE1D287E,Checking match of request : '/'; against '/0045/**'
05-23-2017 04:14:03.201,DEBUG,346DF76DAA1B3003485FB7B3CE1D287E,Checking match of request : '/'; against '/0047/**'
05-23-2017 04:14:03.201,DEBUG,346DF76DAA1B3003485FB7B3CE1D287E,Checking match of request : '/'; against '/0049/**'
05-23-2017 04:14:03.201,DEBUG,346DF76DAA1B3003485FB7B3CE1D287E,Checking match of request : '/'; against '/0061/**'
05-23-2017 04:14:03.201,DEBUG,346DF76DAA1B3003485FB7B3CE1D287E,Checking match of request : '/'; against '/0087/**'
05-23-2017 04:14:03.201,DEBUG,346DF76DAA1B3003485FB7B3CE1D287E,Checking match of request : '/'; against '/0075/**'
05-23-2017 04:14:03.201,DEBUG,346DF76DAA1B3003485FB7B3CE1D287E,Checking match of request : '/'; against '/0089/**'
05-23-2017 04:14:03.201,DEBUG,346DF76DAA1B3003485FB7B3CE1D287E,Checking match of request : '/'; against '/0090/**'
05-23-2017 04:14:03.201,DEBUG,346DF76DAA1B3003485FB7B3CE1D287E,Checking match of request : '/'; against '/0091/**'
05-23-2017 04:14:03.201,DEBUG,346DF76DAA1B3003485FB7B3CE1D287E,Checking match of request : '/'; against '/0092/**'
05-23-2017 04:14:03.201,DEBUG,346DF76DAA1B3003485FB7B3CE1D287E,Checking match of request : '/'; against '/0095/**'
05-23-2017 04:14:03.201,DEBUG,346DF76DAA1B3003485FB7B3CE1D287E,Secure object: FilterInvocation: URL: /; Attributes: [IS_AUTHENTICATED_ANONYMOUSLY]
05-23-2017 04:14:03.201,DEBUG,346DF76DAA1B3003485FB7B3CE1D287E,Previously Authenticated: org.springframework.security.authentication.AnonymousAuthenticationToken@9055c2bc: Principal: anonymousUser; Credentials: [PROTECTED]; Authenticated: true; Details: org.springframework.security.web.authentication.WebAuthenticationDetails@b364: RemoteIpAddress: 0:0:0:0:0:0:0:1; SessionId: null; Granted Authorities: ROLE_ANONYMOUS
05-23-2017 04:14:03.201,DEBUG,346DF76DAA1B3003485FB7B3CE1D287E,Voter: org.springframework.security.access.vote.RoleVoter@1ac872d, returned: 0
05-23-2017 04:14:03.201,DEBUG,346DF76DAA1B3003485FB7B3CE1D287E,Voter: org.springframework.security.access.vote.AuthenticatedVoter@b1927d, returned: 1
05-23-2017 04:14:03.201,DEBUG,346DF76DAA1B3003485FB7B3CE1D287E,Authorization successful
05-23-2017 04:14:03.201,DEBUG,346DF76DAA1B3003485FB7B3CE1D287E,RunAsManager did not change Authentication object
05-23-2017 04:14:03.202,DEBUG,346DF76DAA1B3003485FB7B3CE1D287E,/ reached end of additional filter chain; proceeding with original chain
05-23-2017 04:14:03.202,DEBUG,346DF76DAA1B3003485FB7B3CE1D287E,Request [/ict/] is not a multipart request
05-23-2017 04:14:03.202,DEBUG,CC0BD1B5F777C44F33B06EF6DB434FC4,DispatcherServlet with name 'appServlet' processing GET request for [/ict/]
05-23-2017 04:14:03.202,DEBUG,CC0BD1B5F777C44F33B06EF6DB434FC4,Looking up handler method for path /
05-23-2017 04:14:03.202,DEBUG,CC0BD1B5F777C44F33B06EF6DB434FC4,Returning handler method [public java.lang.String vn.bananavietnam.ict.common.controller.AuthController.login()]
05-23-2017 04:14:03.202,DEBUG,CC0BD1B5F777C44F33B06EF6DB434FC4,Returning cached instance of singleton bean 'authController'
05-23-2017 04:14:03.202,DEBUG,CC0BD1B5F777C44F33B06EF6DB434FC4,Last-Modified value for [/ict/] is: -1
05-23-2017 04:14:03.202,DEBUG,CC0BD1B5F777C44F33B06EF6DB434FC4,Returning cached instance of singleton bean 'xml_path'
05-23-2017 04:14:03.202,DEBUG,CC0BD1B5F777C44F33B06EF6DB434FC4,Rendering view [org.springframework.web.servlet.view.JstlView: name 'common/PageWrapper'; URL [/WEB-INF/views/common/PageWrapper.jsp]] in DispatcherServlet with name 'appServlet'
05-23-2017 04:14:03.202,DEBUG,CC0BD1B5F777C44F33B06EF6DB434FC4,Forwarding to resource [/WEB-INF/views/common/PageWrapper.jsp] in InternalResourceView 'common/PageWrapper'
05-23-2017 04:14:03.203,DEBUG,CC0BD1B5F777C44F33B06EF6DB434FC4,SecurityContext is empty or contents are anonymous - context will not be stored in HttpSession.
05-23-2017 04:14:03.203,DEBUG,CC0BD1B5F777C44F33B06EF6DB434FC4,Successfully completed request
05-23-2017 04:14:03.203,DEBUG,CC0BD1B5F777C44F33B06EF6DB434FC4,Chain processed normally
05-23-2017 04:14:03.203,DEBUG,CC0BD1B5F777C44F33B06EF6DB434FC4,SecurityContextHolder now cleared, as request processing completed
05-23-2017 04:14:03.234,DEBUG,346DF76DAA1B3003485FB7B3CE1D287E,/login/ at position 1 of 11 in additional filter chain; firing Filter: 'SecurityContextPersistenceFilter'
05-23-2017 04:14:03.234,DEBUG,346DF76DAA1B3003485FB7B3CE1D287E,HttpSession returned null object for SPRING_SECURITY_CONTEXT
05-23-2017 04:14:03.234,DEBUG,346DF76DAA1B3003485FB7B3CE1D287E,No SecurityContext was available from the HttpSession: org.apache.catalina.session.StandardSessionFacade@1fe193d. A new one will be created.
05-23-2017 04:14:03.234,DEBUG,346DF76DAA1B3003485FB7B3CE1D287E,/login/ at position 2 of 11 in additional filter chain; firing Filter: 'WebAsyncManagerIntegrationFilter'
05-23-2017 04:14:03.234,DEBUG,346DF76DAA1B3003485FB7B3CE1D287E,/login/ at position 3 of 11 in additional filter chain; firing Filter: 'LogoutFilter'
05-23-2017 04:14:03.235,DEBUG,346DF76DAA1B3003485FB7B3CE1D287E,/login/ at position 4 of 11 in additional filter chain; firing Filter: 'UsernamePasswordAuthenticationFilter'
05-23-2017 04:14:03.235,DEBUG,346DF76DAA1B3003485FB7B3CE1D287E,/login/ at position 5 of 11 in additional filter chain; firing Filter: 'BasicAuthenticationFilter'
05-23-2017 04:14:03.235,DEBUG,346DF76DAA1B3003485FB7B3CE1D287E,/login/ at position 6 of 11 in additional filter chain; firing Filter: 'RequestCacheAwareFilter'
05-23-2017 04:14:03.235,DEBUG,346DF76DAA1B3003485FB7B3CE1D287E,/login/ at position 7 of 11 in additional filter chain; firing Filter: 'SecurityContextHolderAwareRequestFilter'
05-23-2017 04:14:03.235,DEBUG,346DF76DAA1B3003485FB7B3CE1D287E,/login/ at position 8 of 11 in additional filter chain; firing Filter: 'AnonymousAuthenticationFilter'
05-23-2017 04:14:03.235,DEBUG,346DF76DAA1B3003485FB7B3CE1D287E,Populated SecurityContextHolder with anonymous token: 'org.springframework.security.authentication.AnonymousAuthenticationToken@6fabe8e0: Principal: anonymousUser; Credentials: [PROTECTED]; Authenticated: true; Details: org.springframework.security.web.authentication.WebAuthenticationDetails@fffe9938: RemoteIpAddress: 0:0:0:0:0:0:0:1; SessionId: CC0BD1B5F777C44F33B06EF6DB434FC4; Granted Authorities: ROLE_ANONYMOUS'
05-23-2017 04:14:03.235,DEBUG,346DF76DAA1B3003485FB7B3CE1D287E,/login/ at position 9 of 11 in additional filter chain; firing Filter: 'SessionManagementFilter'
05-23-2017 04:14:03.235,DEBUG,346DF76DAA1B3003485FB7B3CE1D287E,/login/ at position 10 of 11 in additional filter chain; firing Filter: 'ExceptionTranslationFilter'
05-23-2017 04:14:03.235,DEBUG,346DF76DAA1B3003485FB7B3CE1D287E,/login/ at position 11 of 11 in additional filter chain; firing Filter: 'FilterSecurityInterceptor'
05-23-2017 04:14:03.235,DEBUG,346DF76DAA1B3003485FB7B3CE1D287E,Checking match of request : '/login/'; against '/autherror*'
05-23-2017 04:14:03.235,DEBUG,346DF76DAA1B3003485FB7B3CE1D287E,Checking match of request : '/login/'; against '/login/**'
05-23-2017 04:14:03.235,DEBUG,346DF76DAA1B3003485FB7B3CE1D287E,Secure object: FilterInvocation: URL: /login/; Attributes: [IS_AUTHENTICATED_ANONYMOUSLY]
05-23-2017 04:14:03.236,DEBUG,346DF76DAA1B3003485FB7B3CE1D287E,Previously Authenticated: org.springframework.security.authentication.AnonymousAuthenticationToken@6fabe8e0: Principal: anonymousUser; Credentials: [PROTECTED]; Authenticated: true; Details: org.springframework.security.web.authentication.WebAuthenticationDetails@fffe9938: RemoteIpAddress: 0:0:0:0:0:0:0:1; SessionId: CC0BD1B5F777C44F33B06EF6DB434FC4; Granted Authorities: ROLE_ANONYMOUS
05-23-2017 04:14:03.236,DEBUG,346DF76DAA1B3003485FB7B3CE1D287E,Voter: org.springframework.security.access.vote.RoleVoter@1ac872d, returned: 0
05-23-2017 04:14:03.236,DEBUG,346DF76DAA1B3003485FB7B3CE1D287E,Voter: org.springframework.security.access.vote.AuthenticatedVoter@b1927d, returned: 1
05-23-2017 04:14:03.236,DEBUG,346DF76DAA1B3003485FB7B3CE1D287E,Authorization successful
05-23-2017 04:14:03.236,DEBUG,346DF76DAA1B3003485FB7B3CE1D287E,RunAsManager did not change Authentication object
05-23-2017 04:14:03.236,DEBUG,346DF76DAA1B3003485FB7B3CE1D287E,/login/ reached end of additional filter chain; proceeding with original chain
05-23-2017 04:14:03.236,DEBUG,346DF76DAA1B3003485FB7B3CE1D287E,Request [/ict/login/] is not a multipart request
05-23-2017 04:14:03.236,DEBUG,CC0BD1B5F777C44F33B06EF6DB434FC4,DispatcherServlet with name 'appServlet' processing GET request for [/ict/login/]
05-23-2017 04:14:03.236,DEBUG,CC0BD1B5F777C44F33B06EF6DB434FC4,Looking up handler method for path /login/
05-23-2017 04:14:03.236,DEBUG,CC0BD1B5F777C44F33B06EF6DB434FC4,Returning handler method [public java.lang.String vn.bananavietnam.ict.common.controller.LoginController.top(java.util.Locale,org.springframework.ui.Model)]
05-23-2017 04:14:03.236,DEBUG,CC0BD1B5F777C44F33B06EF6DB434FC4,Returning cached instance of singleton bean 'loginController'
05-23-2017 04:14:03.237,DEBUG,CC0BD1B5F777C44F33B06EF6DB434FC4,Last-Modified value for [/ict/login/] is: -1
05-23-2017 04:14:03.237,DEBUG,CC0BD1B5F777C44F33B06EF6DB434FC4,Returning cached instance of singleton bean 'xml_path'
05-23-2017 04:14:03.237,DEBUG,CC0BD1B5F777C44F33B06EF6DB434FC4,Rendering view [org.springframework.web.servlet.view.JstlView: name 'common/login'; URL [/WEB-INF/views/common/login.jsp]] in DispatcherServlet with name 'appServlet'
05-23-2017 04:14:03.238,DEBUG,CC0BD1B5F777C44F33B06EF6DB434FC4,Forwarding to resource [/WEB-INF/views/common/login.jsp] in InternalResourceView 'common/login'
05-23-2017 04:14:03.241,DEBUG,CC0BD1B5F777C44F33B06EF6DB434FC4,SecurityContext is empty or contents are anonymous - context will not be stored in HttpSession.
05-23-2017 04:14:03.241,DEBUG,CC0BD1B5F777C44F33B06EF6DB434FC4,Successfully completed request
05-23-2017 04:14:03.241,DEBUG,CC0BD1B5F777C44F33B06EF6DB434FC4,Chain processed normally
05-23-2017 04:14:03.241,DEBUG,CC0BD1B5F777C44F33B06EF6DB434FC4,SecurityContextHolder now cleared, as request processing completed
05-23-2017 04:14:04.980,DEBUG,346DF76DAA1B3003485FB7B3CE1D287E,/?language=vi at position 1 of 11 in additional filter chain; firing Filter: 'SecurityContextPersistenceFilter'
05-23-2017 04:14:04.980,DEBUG,346DF76DAA1B3003485FB7B3CE1D287E,HttpSession returned null object for SPRING_SECURITY_CONTEXT
05-23-2017 04:14:04.981,DEBUG,346DF76DAA1B3003485FB7B3CE1D287E,No SecurityContext was available from the HttpSession: org.apache.catalina.session.StandardSessionFacade@1fe193d. A new one will be created.
05-23-2017 04:14:04.981,DEBUG,346DF76DAA1B3003485FB7B3CE1D287E,/?language=vi at position 2 of 11 in additional filter chain; firing Filter: 'WebAsyncManagerIntegrationFilter'
05-23-2017 04:14:04.981,DEBUG,346DF76DAA1B3003485FB7B3CE1D287E,/?language=vi at position 3 of 11 in additional filter chain; firing Filter: 'LogoutFilter'
05-23-2017 04:14:04.981,DEBUG,346DF76DAA1B3003485FB7B3CE1D287E,/?language=vi at position 4 of 11 in additional filter chain; firing Filter: 'UsernamePasswordAuthenticationFilter'
05-23-2017 04:14:04.981,DEBUG,346DF76DAA1B3003485FB7B3CE1D287E,/?language=vi at position 5 of 11 in additional filter chain; firing Filter: 'BasicAuthenticationFilter'
05-23-2017 04:14:04.981,DEBUG,346DF76DAA1B3003485FB7B3CE1D287E,/?language=vi at position 6 of 11 in additional filter chain; firing Filter: 'RequestCacheAwareFilter'
05-23-2017 04:14:04.981,DEBUG,346DF76DAA1B3003485FB7B3CE1D287E,/?language=vi at position 7 of 11 in additional filter chain; firing Filter: 'SecurityContextHolderAwareRequestFilter'
05-23-2017 04:14:04.981,DEBUG,346DF76DAA1B3003485FB7B3CE1D287E,/?language=vi at position 8 of 11 in additional filter chain; firing Filter: 'AnonymousAuthenticationFilter'
05-23-2017 04:14:04.981,DEBUG,346DF76DAA1B3003485FB7B3CE1D287E,Populated SecurityContextHolder with anonymous token: 'org.springframework.security.authentication.AnonymousAuthenticationToken@6fabe8e0: Principal: anonymousUser; Credentials: [PROTECTED]; Authenticated: true; Details: org.springframework.security.web.authentication.WebAuthenticationDetails@fffe9938: RemoteIpAddress: 0:0:0:0:0:0:0:1; SessionId: CC0BD1B5F777C44F33B06EF6DB434FC4; Granted Authorities: ROLE_ANONYMOUS'
05-23-2017 04:14:04.981,DEBUG,346DF76DAA1B3003485FB7B3CE1D287E,/?language=vi at position 9 of 11 in additional filter chain; firing Filter: 'SessionManagementFilter'
05-23-2017 04:14:04.981,DEBUG,346DF76DAA1B3003485FB7B3CE1D287E,/?language=vi at position 10 of 11 in additional filter chain; firing Filter: 'ExceptionTranslationFilter'
05-23-2017 04:14:04.981,DEBUG,346DF76DAA1B3003485FB7B3CE1D287E,/?language=vi at position 11 of 11 in additional filter chain; firing Filter: 'FilterSecurityInterceptor'
05-23-2017 04:14:04.981,DEBUG,346DF76DAA1B3003485FB7B3CE1D287E,Checking match of request : '/'; against '/autherror*'
05-23-2017 04:14:04.981,DEBUG,346DF76DAA1B3003485FB7B3CE1D287E,Checking match of request : '/'; against '/login/**'
05-23-2017 04:14:04.981,DEBUG,346DF76DAA1B3003485FB7B3CE1D287E,Checking match of request : '/'; against '/error/**'
05-23-2017 04:14:04.981,DEBUG,346DF76DAA1B3003485FB7B3CE1D287E,Checking match of request : '/'; against '/0001/**'
05-23-2017 04:14:04.981,DEBUG,346DF76DAA1B3003485FB7B3CE1D287E,Checking match of request : '/'; against '/0002/**'
05-23-2017 04:14:04.981,DEBUG,346DF76DAA1B3003485FB7B3CE1D287E,Checking match of request : '/'; against '/0003/**'
05-23-2017 04:14:04.981,DEBUG,346DF76DAA1B3003485FB7B3CE1D287E,Checking match of request : '/'; against '/0005/**'
05-23-2017 04:14:04.981,DEBUG,346DF76DAA1B3003485FB7B3CE1D287E,Checking match of request : '/'; against '/0007/**'
05-23-2017 04:14:04.981,DEBUG,346DF76DAA1B3003485FB7B3CE1D287E,Checking match of request : '/'; against '/0009/**'
05-23-2017 04:14:04.981,DEBUG,346DF76DAA1B3003485FB7B3CE1D287E,Checking match of request : '/'; against '/0013/**'
05-23-2017 04:14:04.981,DEBUG,346DF76DAA1B3003485FB7B3CE1D287E,Checking match of request : '/'; against '/0023/**'
05-23-2017 04:14:04.981,DEBUG,346DF76DAA1B3003485FB7B3CE1D287E,Checking match of request : '/'; against '/0017/**'
05-23-2017 04:14:04.981,DEBUG,346DF76DAA1B3003485FB7B3CE1D287E,Checking match of request : '/'; against '/0031/**'
05-23-2017 04:14:04.981,DEBUG,346DF76DAA1B3003485FB7B3CE1D287E,Checking match of request : '/'; against '/0035/**'
05-23-2017 04:14:04.981,DEBUG,346DF76DAA1B3003485FB7B3CE1D287E,Checking match of request : '/'; against '/0037/**'
05-23-2017 04:14:04.981,DEBUG,346DF76DAA1B3003485FB7B3CE1D287E,Checking match of request : '/'; against '/0045/**'
05-23-2017 04:14:04.981,DEBUG,346DF76DAA1B3003485FB7B3CE1D287E,Checking match of request : '/'; against '/0047/**'
05-23-2017 04:14:04.981,DEBUG,346DF76DAA1B3003485FB7B3CE1D287E,Checking match of request : '/'; against '/0049/**'
05-23-2017 04:14:04.981,DEBUG,346DF76DAA1B3003485FB7B3CE1D287E,Checking match of request : '/'; against '/0061/**'
05-23-2017 04:14:04.981,DEBUG,346DF76DAA1B3003485FB7B3CE1D287E,Checking match of request : '/'; against '/0087/**'
05-23-2017 04:14:04.981,DEBUG,346DF76DAA1B3003485FB7B3CE1D287E,Checking match of request : '/'; against '/0075/**'
05-23-2017 04:14:04.981,DEBUG,346DF76DAA1B3003485FB7B3CE1D287E,Checking match of request : '/'; against '/0089/**'
05-23-2017 04:14:04.981,DEBUG,346DF76DAA1B3003485FB7B3CE1D287E,Checking match of request : '/'; against '/0090/**'
05-23-2017 04:14:04.981,DEBUG,346DF76DAA1B3003485FB7B3CE1D287E,Checking match of request : '/'; against '/0091/**'
05-23-2017 04:14:04.981,DEBUG,346DF76DAA1B3003485FB7B3CE1D287E,Checking match of request : '/'; against '/0092/**'
05-23-2017 04:14:04.981,DEBUG,346DF76DAA1B3003485FB7B3CE1D287E,Checking match of request : '/'; against '/0095/**'
05-23-2017 04:14:04.981,DEBUG,346DF76DAA1B3003485FB7B3CE1D287E,Secure object: FilterInvocation: URL: /?language=vi; Attributes: [IS_AUTHENTICATED_ANONYMOUSLY]
05-23-2017 04:14:04.981,DEBUG,346DF76DAA1B3003485FB7B3CE1D287E,Previously Authenticated: org.springframework.security.authentication.AnonymousAuthenticationToken@6fabe8e0: Principal: anonymousUser; Credentials: [PROTECTED]; Authenticated: true; Details: org.springframework.security.web.authentication.WebAuthenticationDetails@fffe9938: RemoteIpAddress: 0:0:0:0:0:0:0:1; SessionId: CC0BD1B5F777C44F33B06EF6DB434FC4; Granted Authorities: ROLE_ANONYMOUS
05-23-2017 04:14:04.981,DEBUG,346DF76DAA1B3003485FB7B3CE1D287E,Voter: org.springframework.security.access.vote.RoleVoter@1ac872d, returned: 0
05-23-2017 04:14:04.981,DEBUG,346DF76DAA1B3003485FB7B3CE1D287E,Voter: org.springframework.security.access.vote.AuthenticatedVoter@b1927d, returned: 1
05-23-2017 04:14:04.981,DEBUG,346DF76DAA1B3003485FB7B3CE1D287E,Authorization successful
05-23-2017 04:14:04.981,DEBUG,346DF76DAA1B3003485FB7B3CE1D287E,RunAsManager did not change Authentication object
05-23-2017 04:14:04.981,DEBUG,346DF76DAA1B3003485FB7B3CE1D287E,/?language=vi reached end of additional filter chain; proceeding with original chain
05-23-2017 04:14:04.981,DEBUG,346DF76DAA1B3003485FB7B3CE1D287E,Request [/ict/] is not a multipart request
05-23-2017 04:14:04.981,DEBUG,CC0BD1B5F777C44F33B06EF6DB434FC4,DispatcherServlet with name 'appServlet' processing GET request for [/ict/]
05-23-2017 04:14:04.982,DEBUG,CC0BD1B5F777C44F33B06EF6DB434FC4,Looking up handler method for path /
05-23-2017 04:14:04.982,DEBUG,CC0BD1B5F777C44F33B06EF6DB434FC4,Returning handler method [public java.lang.String vn.bananavietnam.ict.common.controller.AuthController.login()]
05-23-2017 04:14:04.982,DEBUG,CC0BD1B5F777C44F33B06EF6DB434FC4,Returning cached instance of singleton bean 'authController'
05-23-2017 04:14:04.982,DEBUG,CC0BD1B5F777C44F33B06EF6DB434FC4,Last-Modified value for [/ict/] is: -1
05-23-2017 04:14:04.982,DEBUG,CC0BD1B5F777C44F33B06EF6DB434FC4,Returning cached instance of singleton bean 'xml_path'
05-23-2017 04:14:04.982,DEBUG,CC0BD1B5F777C44F33B06EF6DB434FC4,Rendering view [org.springframework.web.servlet.view.JstlView: name 'common/PageWrapper'; URL [/WEB-INF/views/common/PageWrapper.jsp]] in DispatcherServlet with name 'appServlet'
05-23-2017 04:14:04.982,DEBUG,CC0BD1B5F777C44F33B06EF6DB434FC4,Forwarding to resource [/WEB-INF/views/common/PageWrapper.jsp] in InternalResourceView 'common/PageWrapper'
05-23-2017 04:14:04.982,DEBUG,CC0BD1B5F777C44F33B06EF6DB434FC4,SecurityContext is empty or contents are anonymous - context will not be stored in HttpSession.
05-23-2017 04:14:04.983,DEBUG,CC0BD1B5F777C44F33B06EF6DB434FC4,Successfully completed request
05-23-2017 04:14:04.983,DEBUG,CC0BD1B5F777C44F33B06EF6DB434FC4,Chain processed normally
05-23-2017 04:14:04.983,DEBUG,CC0BD1B5F777C44F33B06EF6DB434FC4,SecurityContextHolder now cleared, as request processing completed
05-23-2017 04:14:05.003,DEBUG,346DF76DAA1B3003485FB7B3CE1D287E,/login/ at position 1 of 11 in additional filter chain; firing Filter: 'SecurityContextPersistenceFilter'
05-23-2017 04:14:05.003,DEBUG,346DF76DAA1B3003485FB7B3CE1D287E,HttpSession returned null object for SPRING_SECURITY_CONTEXT
05-23-2017 04:14:05.003,DEBUG,346DF76DAA1B3003485FB7B3CE1D287E,No SecurityContext was available from the HttpSession: org.apache.catalina.session.StandardSessionFacade@1fe193d. A new one will be created.
05-23-2017 04:14:05.003,DEBUG,346DF76DAA1B3003485FB7B3CE1D287E,/login/ at position 2 of 11 in additional filter chain; firing Filter: 'WebAsyncManagerIntegrationFilter'
05-23-2017 04:14:05.003,DEBUG,346DF76DAA1B3003485FB7B3CE1D287E,/login/ at position 3 of 11 in additional filter chain; firing Filter: 'LogoutFilter'
05-23-2017 04:14:05.003,DEBUG,346DF76DAA1B3003485FB7B3CE1D287E,/login/ at position 4 of 11 in additional filter chain; firing Filter: 'UsernamePasswordAuthenticationFilter'
05-23-2017 04:14:05.004,DEBUG,346DF76DAA1B3003485FB7B3CE1D287E,/login/ at position 5 of 11 in additional filter chain; firing Filter: 'BasicAuthenticationFilter'
05-23-2017 04:14:05.004,DEBUG,346DF76DAA1B3003485FB7B3CE1D287E,/login/ at position 6 of 11 in additional filter chain; firing Filter: 'RequestCacheAwareFilter'
05-23-2017 04:14:05.004,DEBUG,346DF76DAA1B3003485FB7B3CE1D287E,/login/ at position 7 of 11 in additional filter chain; firing Filter: 'SecurityContextHolderAwareRequestFilter'
05-23-2017 04:14:05.004,DEBUG,346DF76DAA1B3003485FB7B3CE1D287E,/login/ at position 8 of 11 in additional filter chain; firing Filter: 'AnonymousAuthenticationFilter'
05-23-2017 04:14:05.004,DEBUG,346DF76DAA1B3003485FB7B3CE1D287E,Populated SecurityContextHolder with anonymous token: 'org.springframework.security.authentication.AnonymousAuthenticationToken@6fabe8e0: Principal: anonymousUser; Credentials: [PROTECTED]; Authenticated: true; Details: org.springframework.security.web.authentication.WebAuthenticationDetails@fffe9938: RemoteIpAddress: 0:0:0:0:0:0:0:1; SessionId: CC0BD1B5F777C44F33B06EF6DB434FC4; Granted Authorities: ROLE_ANONYMOUS'
05-23-2017 04:14:05.004,DEBUG,346DF76DAA1B3003485FB7B3CE1D287E,/login/ at position 9 of 11 in additional filter chain; firing Filter: 'SessionManagementFilter'
05-23-2017 04:14:05.004,DEBUG,346DF76DAA1B3003485FB7B3CE1D287E,/login/ at position 10 of 11 in additional filter chain; firing Filter: 'ExceptionTranslationFilter'
05-23-2017 04:14:05.004,DEBUG,346DF76DAA1B3003485FB7B3CE1D287E,/login/ at position 11 of 11 in additional filter chain; firing Filter: 'FilterSecurityInterceptor'
05-23-2017 04:14:05.004,DEBUG,346DF76DAA1B3003485FB7B3CE1D287E,Checking match of request : '/login/'; against '/autherror*'
05-23-2017 04:14:05.004,DEBUG,346DF76DAA1B3003485FB7B3CE1D287E,Checking match of request : '/login/'; against '/login/**'
05-23-2017 04:14:05.004,DEBUG,346DF76DAA1B3003485FB7B3CE1D287E,Secure object: FilterInvocation: URL: /login/; Attributes: [IS_AUTHENTICATED_ANONYMOUSLY]
05-23-2017 04:14:05.004,DEBUG,346DF76DAA1B3003485FB7B3CE1D287E,Previously Authenticated: org.springframework.security.authentication.AnonymousAuthenticationToken@6fabe8e0: Principal: anonymousUser; Credentials: [PROTECTED]; Authenticated: true; Details: org.springframework.security.web.authentication.WebAuthenticationDetails@fffe9938: RemoteIpAddress: 0:0:0:0:0:0:0:1; SessionId: CC0BD1B5F777C44F33B06EF6DB434FC4; Granted Authorities: ROLE_ANONYMOUS
05-23-2017 04:14:05.004,DEBUG,346DF76DAA1B3003485FB7B3CE1D287E,Voter: org.springframework.security.access.vote.RoleVoter@1ac872d, returned: 0
05-23-2017 04:14:05.004,DEBUG,346DF76DAA1B3003485FB7B3CE1D287E,Voter: org.springframework.security.access.vote.AuthenticatedVoter@b1927d, returned: 1
05-23-2017 04:14:05.004,DEBUG,346DF76DAA1B3003485FB7B3CE1D287E,Authorization successful
05-23-2017 04:14:05.004,DEBUG,346DF76DAA1B3003485FB7B3CE1D287E,RunAsManager did not change Authentication object
05-23-2017 04:14:05.004,DEBUG,346DF76DAA1B3003485FB7B3CE1D287E,/login/ reached end of additional filter chain; proceeding with original chain
05-23-2017 04:14:05.004,DEBUG,346DF76DAA1B3003485FB7B3CE1D287E,Request [/ict/login/] is not a multipart request
05-23-2017 04:14:05.004,DEBUG,CC0BD1B5F777C44F33B06EF6DB434FC4,DispatcherServlet with name 'appServlet' processing GET request for [/ict/login/]
05-23-2017 04:14:05.004,DEBUG,CC0BD1B5F777C44F33B06EF6DB434FC4,Looking up handler method for path /login/
05-23-2017 04:14:05.004,DEBUG,CC0BD1B5F777C44F33B06EF6DB434FC4,Returning handler method [public java.lang.String vn.bananavietnam.ict.common.controller.LoginController.top(java.util.Locale,org.springframework.ui.Model)]
05-23-2017 04:14:05.004,DEBUG,CC0BD1B5F777C44F33B06EF6DB434FC4,Returning cached instance of singleton bean 'loginController'
05-23-2017 04:14:05.004,DEBUG,CC0BD1B5F777C44F33B06EF6DB434FC4,Last-Modified value for [/ict/login/] is: -1
05-23-2017 04:14:05.004,DEBUG,CC0BD1B5F777C44F33B06EF6DB434FC4,Returning cached instance of singleton bean 'xml_path'
05-23-2017 04:14:05.005,DEBUG,CC0BD1B5F777C44F33B06EF6DB434FC4,Rendering view [org.springframework.web.servlet.view.JstlView: name 'common/login'; URL [/WEB-INF/views/common/login.jsp]] in DispatcherServlet with name 'appServlet'
05-23-2017 04:14:05.005,DEBUG,CC0BD1B5F777C44F33B06EF6DB434FC4,Forwarding to resource [/WEB-INF/views/common/login.jsp] in InternalResourceView 'common/login'
05-23-2017 04:14:05.008,DEBUG,CC0BD1B5F777C44F33B06EF6DB434FC4,SecurityContext is empty or contents are anonymous - context will not be stored in HttpSession.
05-23-2017 04:14:05.008,DEBUG,CC0BD1B5F777C44F33B06EF6DB434FC4,Successfully completed request
05-23-2017 04:14:05.008,DEBUG,CC0BD1B5F777C44F33B06EF6DB434FC4,Chain processed normally
05-23-2017 04:14:05.008,DEBUG,CC0BD1B5F777C44F33B06EF6DB434FC4,SecurityContextHolder now cleared, as request processing completed
05-23-2017 04:14:09.468,DEBUG,346DF76DAA1B3003485FB7B3CE1D287E,/j_spring_security_check at position 1 of 11 in additional filter chain; firing Filter: 'SecurityContextPersistenceFilter'
05-23-2017 04:14:09.468,DEBUG,346DF76DAA1B3003485FB7B3CE1D287E,HttpSession returned null object for SPRING_SECURITY_CONTEXT
05-23-2017 04:14:09.468,DEBUG,346DF76DAA1B3003485FB7B3CE1D287E,No SecurityContext was available from the HttpSession: org.apache.catalina.session.StandardSessionFacade@1fe193d. A new one will be created.
05-23-2017 04:14:09.468,DEBUG,346DF76DAA1B3003485FB7B3CE1D287E,/j_spring_security_check at position 2 of 11 in additional filter chain; firing Filter: 'WebAsyncManagerIntegrationFilter'
05-23-2017 04:14:09.468,DEBUG,346DF76DAA1B3003485FB7B3CE1D287E,/j_spring_security_check at position 3 of 11 in additional filter chain; firing Filter: 'LogoutFilter'
05-23-2017 04:14:09.468,DEBUG,346DF76DAA1B3003485FB7B3CE1D287E,/j_spring_security_check at position 4 of 11 in additional filter chain; firing Filter: 'UsernamePasswordAuthenticationFilter'
05-23-2017 04:14:09.468,DEBUG,346DF76DAA1B3003485FB7B3CE1D287E,Request is to process authentication
05-23-2017 04:14:09.468,DEBUG,346DF76DAA1B3003485FB7B3CE1D287E,Authentication attempt using org.springframework.security.authentication.dao.DaoAuthenticationProvider
05-23-2017 04:14:09.468,DEBUG,346DF76DAA1B3003485FB7B3CE1D287E,Executing prepared SQL query
05-23-2017 04:14:09.468,DEBUG,346DF76DAA1B3003485FB7B3CE1D287E,Executing prepared SQL statement [select users_authorization.usersId as id,                users_authorization.usersName as username,                      users_authorization.usersPassword as password,                      users_authorization.usersFullName as userfullname,                      1 as enabled,                      CASE                       WHEN users_authorization.authorizationTypeId IS NULL THEN '0'                          ELSE users_authorization.authorizationTypeId                      END as roleid,                      CASE                 WHEN access.SCREEN_DISPLAY_ENABLE_FLAG IS NULL THEN '0'                 ELSE access.SCREEN_DISPLAY_ENABLE_FLAG                END as roledisplay,                      CASE                 WHEN access.ADDABLE_FLAG IS NULL THEN '0'                 ELSE access.ADDABLE_FLAG                END as roleadd,                      CASE                 WHEN access.UPDATABLE_FLAG IS NULL THEN '0'                 ELSE access.UPDATABLE_FLAG                END as roleupdate,                      CASE                 WHEN access.DELETABLE_FLAG IS NULL THEN '0'                 ELSE access.DELETABLE_FLAG                END as roledelete,                      CASE                 WHEN access.REFERENCE_FLAG IS NULL THEN '0'                 ELSE access.REFERENCE_FLAG                END as rolereference,                       access.SCREEN_ID as screenid              from (select users_manager.usersId,                 users_manager.usersName,                 users_manager.usersPassword,                 users_manager.usersFullName,                 users_manager.authorizationTypeId,                 authorization.AUTHORIZATION_TYPE_NAME authorizationTypeName,                 authorization.ACCESS_AUTHORITY_ID accessAuthorityId               from (select users.USERS_ID usersId,                  users.USERS_ID usersName,                  users.PASSWORD usersPassword,                  users.USERS_NAME usersFullName,                  manager.AUTHORIZATION_TYPE_ID authorizationTypeId                from IVB_M_USERS users                left join IVB_M_MANAGER manager                 on users.USERS_ID = manager.USERS_ID                 and manager.DELETE_FLAG = '0'                where users.USERS_ID = ?                 and users.DELETE_FLAG = '0'                ) users_manager               left join IVB_M_AUTHORIZATION authorization                on users_manager.authorizationTypeId = authorization.AUTHORIZATION_TYPE_ID                   and authorization.DELETE_FLAG = '0'                  ) users_authorization              left join IVB_M_ACCESS_AUTHORIZATION access               on users_authorization.accessAuthorityId = access.ACCESS_AUTHORITY_ID                  and access.DELETE_FLAG = '0']
05-23-2017 04:14:09.468,DEBUG,346DF76DAA1B3003485FB7B3CE1D287E,Fetching JDBC Connection from DataSource
05-23-2017 04:14:09.468,DEBUG,346DF76DAA1B3003485FB7B3CE1D287E,Creating new JDBC DriverManager Connection to [jdbc:mysql://172.16.0.175:3306/BANANA_DB_HUNG_SELENIUM?useUnicode=yes&characterEncoding=UTF-8&autoReconnect=true]
05-23-2017 04:14:09.494,DEBUG,346DF76DAA1B3003485FB7B3CE1D287E,Returning JDBC Connection to DataSource
05-23-2017 04:14:09.494,DEBUG,346DF76DAA1B3003485FB7B3CE1D287E,Executing prepared SQL query
05-23-2017 04:14:09.494,DEBUG,346DF76DAA1B3003485FB7B3CE1D287E,Executing prepared SQL statement [select distinct users.USERS_ID,                  CASE                   WHEN manager.AUTHORIZATION_TYPE_ID IS NULL THEN '0'                   ELSE manager.AUTHORIZATION_TYPE_ID                  END as AUTHORIZATION_TYPE_ID               from IVB_M_USERS users               left join IVB_M_MANAGER manager                on users.USERS_ID = manager.USERS_ID                and manager.DELETE_FLAG = '0'               where users.USERS_ID = ?                and users.DELETE_FLAG = '0']
05-23-2017 04:14:09.494,DEBUG,346DF76DAA1B3003485FB7B3CE1D287E,Fetching JDBC Connection from DataSource
05-23-2017 04:14:09.494,DEBUG,346DF76DAA1B3003485FB7B3CE1D287E,Creating new JDBC DriverManager Connection to [jdbc:mysql://172.16.0.175:3306/BANANA_DB_HUNG_SELENIUM?useUnicode=yes&characterEncoding=UTF-8&autoReconnect=true]
05-23-2017 04:14:09.512,DEBUG,346DF76DAA1B3003485FB7B3CE1D287E,Returning JDBC Connection to DataSource
05-23-2017 04:14:09.512,DEBUG,346DF76DAA1B3003485FB7B3CE1D287E,Delegating to org.springframework.security.web.authentication.session.ChangeSessionIdAuthenticationStrategy@99fddf
05-23-2017 04:14:09.512,DEBUG,346DF76DAA1B3003485FB7B3CE1D287E,Authentication success. Updating SecurityContextHolder to contain: org.springframework.security.authentication.UsernamePasswordAuthenticationToken@c4911edb: Principal: vn.bananavietnam.ict.common.auth.MyUser@c4907816: Username: U0000000001; Password: [PROTECTED]; Enabled: true; AccountNonExpired: true; credentialsNonExpired: true; AccountNonLocked: true; Granted Authorities: 1; Credentials: [PROTECTED]; Authenticated: true; Details: org.springframework.security.web.authentication.WebAuthenticationDetails@fffe9938: RemoteIpAddress: 0:0:0:0:0:0:0:1; SessionId: CC0BD1B5F777C44F33B06EF6DB434FC4; Granted Authorities: 1
05-23-2017 04:14:09.512,DEBUG,346DF76DAA1B3003485FB7B3CE1D287E,SecurityContext stored to HttpSession: 'org.springframework.security.core.context.SecurityContextImpl@c4911edb: Authentication: org.springframework.security.authentication.UsernamePasswordAuthenticationToken@c4911edb: Principal: vn.bananavietnam.ict.common.auth.MyUser@c4907816: Username: U0000000001; Password: [PROTECTED]; Enabled: true; AccountNonExpired: true; credentialsNonExpired: true; AccountNonLocked: true; Granted Authorities: 1; Credentials: [PROTECTED]; Authenticated: true; Details: org.springframework.security.web.authentication.WebAuthenticationDetails@fffe9938: RemoteIpAddress: 0:0:0:0:0:0:0:1; SessionId: CC0BD1B5F777C44F33B06EF6DB434FC4; Granted Authorities: 1'
05-23-2017 04:14:09.512,DEBUG,346DF76DAA1B3003485FB7B3CE1D287E,SecurityContextHolder now cleared, as request processing completed
05-23-2017 04:14:09.525,DEBUG,346DF76DAA1B3003485FB7B3CE1D287E,/0001/ at position 1 of 11 in additional filter chain; firing Filter: 'SecurityContextPersistenceFilter'
05-23-2017 04:14:09.525,DEBUG,346DF76DAA1B3003485FB7B3CE1D287E,Obtained a valid SecurityContext from SPRING_SECURITY_CONTEXT: 'org.springframework.security.core.context.SecurityContextImpl@c4911edb: Authentication: org.springframework.security.authentication.UsernamePasswordAuthenticationToken@c4911edb: Principal: vn.bananavietnam.ict.common.auth.MyUser@c4907816: Username: U0000000001; Password: [PROTECTED]; Enabled: true; AccountNonExpired: true; credentialsNonExpired: true; AccountNonLocked: true; Granted Authorities: 1; Credentials: [PROTECTED]; Authenticated: true; Details: org.springframework.security.web.authentication.WebAuthenticationDetails@fffe9938: RemoteIpAddress: 0:0:0:0:0:0:0:1; SessionId: CC0BD1B5F777C44F33B06EF6DB434FC4; Granted Authorities: 1'
05-23-2017 04:14:09.525,DEBUG,346DF76DAA1B3003485FB7B3CE1D287E,/0001/ at position 2 of 11 in additional filter chain; firing Filter: 'WebAsyncManagerIntegrationFilter'
05-23-2017 04:14:09.525,DEBUG,346DF76DAA1B3003485FB7B3CE1D287E,/0001/ at position 3 of 11 in additional filter chain; firing Filter: 'LogoutFilter'
05-23-2017 04:14:09.525,DEBUG,346DF76DAA1B3003485FB7B3CE1D287E,/0001/ at position 4 of 11 in additional filter chain; firing Filter: 'UsernamePasswordAuthenticationFilter'
05-23-2017 04:14:09.525,DEBUG,346DF76DAA1B3003485FB7B3CE1D287E,/0001/ at position 5 of 11 in additional filter chain; firing Filter: 'BasicAuthenticationFilter'
05-23-2017 04:14:09.525,DEBUG,346DF76DAA1B3003485FB7B3CE1D287E,/0001/ at position 6 of 11 in additional filter chain; firing Filter: 'RequestCacheAwareFilter'
05-23-2017 04:14:09.526,DEBUG,346DF76DAA1B3003485FB7B3CE1D287E,/0001/ at position 7 of 11 in additional filter chain; firing Filter: 'SecurityContextHolderAwareRequestFilter'
05-23-2017 04:14:09.526,DEBUG,346DF76DAA1B3003485FB7B3CE1D287E,/0001/ at position 8 of 11 in additional filter chain; firing Filter: 'AnonymousAuthenticationFilter'
05-23-2017 04:14:09.526,DEBUG,346DF76DAA1B3003485FB7B3CE1D287E,SecurityContextHolder not populated with anonymous token, as it already contained: 'org.springframework.security.authentication.UsernamePasswordAuthenticationToken@c4911edb: Principal: vn.bananavietnam.ict.common.auth.MyUser@c4907816: Username: U0000000001; Password: [PROTECTED]; Enabled: true; AccountNonExpired: true; credentialsNonExpired: true; AccountNonLocked: true; Granted Authorities: 1; Credentials: [PROTECTED]; Authenticated: true; Details: org.springframework.security.web.authentication.WebAuthenticationDetails@fffe9938: RemoteIpAddress: 0:0:0:0:0:0:0:1; SessionId: CC0BD1B5F777C44F33B06EF6DB434FC4; Granted Authorities: 1'
05-23-2017 04:14:09.526,DEBUG,346DF76DAA1B3003485FB7B3CE1D287E,/0001/ at position 9 of 11 in additional filter chain; firing Filter: 'SessionManagementFilter'
05-23-2017 04:14:09.526,DEBUG,346DF76DAA1B3003485FB7B3CE1D287E,/0001/ at position 10 of 11 in additional filter chain; firing Filter: 'ExceptionTranslationFilter'
05-23-2017 04:14:09.526,DEBUG,346DF76DAA1B3003485FB7B3CE1D287E,/0001/ at position 11 of 11 in additional filter chain; firing Filter: 'FilterSecurityInterceptor'
05-23-2017 04:14:09.526,DEBUG,346DF76DAA1B3003485FB7B3CE1D287E,Checking match of request : '/0001/'; against '/autherror*'
05-23-2017 04:14:09.526,DEBUG,346DF76DAA1B3003485FB7B3CE1D287E,Checking match of request : '/0001/'; against '/login/**'
05-23-2017 04:14:09.526,DEBUG,346DF76DAA1B3003485FB7B3CE1D287E,Checking match of request : '/0001/'; against '/error/**'
05-23-2017 04:14:09.526,DEBUG,346DF76DAA1B3003485FB7B3CE1D287E,Checking match of request : '/0001/'; against '/0001/**'
05-23-2017 04:14:09.526,DEBUG,346DF76DAA1B3003485FB7B3CE1D287E,Secure object: FilterInvocation: URL: /0001/; Attributes: [ROLE_ADMIN, ROLE_USER, IS_AUTHENTICATED_FULLY]
05-23-2017 04:14:09.526,DEBUG,346DF76DAA1B3003485FB7B3CE1D287E,Previously Authenticated: org.springframework.security.authentication.UsernamePasswordAuthenticationToken@c4911edb: Principal: vn.bananavietnam.ict.common.auth.MyUser@c4907816: Username: U0000000001; Password: [PROTECTED]; Enabled: true; AccountNonExpired: true; credentialsNonExpired: true; AccountNonLocked: true; Granted Authorities: 1; Credentials: [PROTECTED]; Authenticated: true; Details: org.springframework.security.web.authentication.WebAuthenticationDetails@fffe9938: RemoteIpAddress: 0:0:0:0:0:0:0:1; SessionId: CC0BD1B5F777C44F33B06EF6DB434FC4; Granted Authorities: 1
05-23-2017 04:14:09.526,DEBUG,346DF76DAA1B3003485FB7B3CE1D287E,Voter: org.springframework.security.access.vote.RoleVoter@1ac872d, returned: -1
05-23-2017 04:14:09.526,DEBUG,346DF76DAA1B3003485FB7B3CE1D287E,Voter: org.springframework.security.access.vote.AuthenticatedVoter@b1927d, returned: 1
05-23-2017 04:14:09.526,DEBUG,346DF76DAA1B3003485FB7B3CE1D287E,Authorization successful
05-23-2017 04:14:09.526,DEBUG,346DF76DAA1B3003485FB7B3CE1D287E,RunAsManager did not change Authentication object
05-23-2017 04:14:09.526,DEBUG,346DF76DAA1B3003485FB7B3CE1D287E,/0001/ reached end of additional filter chain; proceeding with original chain
05-23-2017 04:14:09.526,DEBUG,346DF76DAA1B3003485FB7B3CE1D287E,Request [/ict/0001/] is not a multipart request
05-23-2017 04:14:09.526,DEBUG,AFFA9B34B6FDB0ED5395B70AC636F4A7,DispatcherServlet with name 'appServlet' processing GET request for [/ict/0001/]
05-23-2017 04:14:09.526,DEBUG,AFFA9B34B6FDB0ED5395B70AC636F4A7,Looking up handler method for path /0001/
05-23-2017 04:14:09.526,DEBUG,AFFA9B34B6FDB0ED5395B70AC636F4A7,Returning handler method [public java.lang.String vn.bananavietnam.ict.banana.controller.Bnn0001BananaMenuController.top(javax.servlet.http.HttpServletRequest,java.util.Locale,org.springframework.ui.Model)]
05-23-2017 04:14:09.526,DEBUG,AFFA9B34B6FDB0ED5395B70AC636F4A7,Returning cached instance of singleton bean 'bnn0001BananaMenuController'
05-23-2017 04:14:09.526,DEBUG,AFFA9B34B6FDB0ED5395B70AC636F4A7,Last-Modified value for [/ict/0001/] is: -1
05-23-2017 04:14:09.526,DEBUG,AFFA9B34B6FDB0ED5395B70AC636F4A7,Returning cached instance of singleton bean 'xml_path'
05-23-2017 04:14:09.529,DEBUG,AFFA9B34B6FDB0ED5395B70AC636F4A7,Rendering view [org.springframework.web.servlet.view.JstlView: name 'banana/Bnn0001BananaMenu'; URL [/WEB-INF/views/banana/Bnn0001BananaMenu.jsp]] in DispatcherServlet with name 'appServlet'
05-23-2017 04:14:09.530,DEBUG,AFFA9B34B6FDB0ED5395B70AC636F4A7,Added model object 'resetDate' of type [java.lang.String] to request in view with name 'banana/Bnn0001BananaMenu'
05-23-2017 04:14:09.530,DEBUG,AFFA9B34B6FDB0ED5395B70AC636F4A7,Added model object 'layoutDate' of type [java.lang.String] to request in view with name 'banana/Bnn0001BananaMenu'
05-23-2017 04:14:09.530,DEBUG,AFFA9B34B6FDB0ED5395B70AC636F4A7,Added model object 'jqueryUiCssDate' of type [java.lang.String] to request in view with name 'banana/Bnn0001BananaMenu'
05-23-2017 04:14:09.530,DEBUG,AFFA9B34B6FDB0ED5395B70AC636F4A7,Added model object 'messageHandlerDate' of type [java.lang.String] to request in view with name 'banana/Bnn0001BananaMenu'
05-23-2017 04:14:09.530,DEBUG,AFFA9B34B6FDB0ED5395B70AC636F4A7,Added model object 'jqueryDate' of type [java.lang.String] to request in view with name 'banana/Bnn0001BananaMenu'
05-23-2017 04:14:09.530,DEBUG,AFFA9B34B6FDB0ED5395B70AC636F4A7,Added model object 'jqueryUiDate' of type [java.lang.String] to request in view with name 'banana/Bnn0001BananaMenu'
05-23-2017 04:14:09.530,DEBUG,AFFA9B34B6FDB0ED5395B70AC636F4A7,Added model object 'datepickerDate' of type [java.lang.String] to request in view with name 'banana/Bnn0001BananaMenu'
05-23-2017 04:14:09.530,DEBUG,AFFA9B34B6FDB0ED5395B70AC636F4A7,Added model object 'inputmaskDate' of type [java.lang.String] to request in view with name 'banana/Bnn0001BananaMenu'
05-23-2017 04:14:09.530,DEBUG,AFFA9B34B6FDB0ED5395B70AC636F4A7,Added model object 'jqueryInputmaskDate' of type [java.lang.String] to request in view with name 'banana/Bnn0001BananaMenu'
05-23-2017 04:14:09.530,DEBUG,AFFA9B34B6FDB0ED5395B70AC636F4A7,Added model object 'inputMaskExtDate' of type [java.lang.String] to request in view with name 'banana/Bnn0001BananaMenu'
05-23-2017 04:14:09.530,DEBUG,AFFA9B34B6FDB0ED5395B70AC636F4A7,Added model object 'calendarDate' of type [java.lang.String] to request in view with name 'banana/Bnn0001BananaMenu'
05-23-2017 04:14:09.530,DEBUG,AFFA9B34B6FDB0ED5395B70AC636F4A7,Added model object 'messageDate' of type [java.lang.String] to request in view with name 'banana/Bnn0001BananaMenu'
05-23-2017 04:14:09.530,DEBUG,AFFA9B34B6FDB0ED5395B70AC636F4A7,Added model object 'storageDate' of type [java.lang.String] to request in view with name 'banana/Bnn0001BananaMenu'
05-23-2017 04:14:09.530,DEBUG,AFFA9B34B6FDB0ED5395B70AC636F4A7,Added model object 'commonDate' of type [java.lang.String] to request in view with name 'banana/Bnn0001BananaMenu'
05-23-2017 04:14:09.530,DEBUG,AFFA9B34B6FDB0ED5395B70AC636F4A7,Added model object 'bananaMenuCssDate' of type [java.lang.String] to request in view with name 'banana/Bnn0001BananaMenu'
05-23-2017 04:14:09.530,DEBUG,AFFA9B34B6FDB0ED5395B70AC636F4A7,Added model object 'bananaMenuJsDate' of type [java.lang.String] to request in view with name 'banana/Bnn0001BananaMenu'
05-23-2017 04:14:09.530,DEBUG,AFFA9B34B6FDB0ED5395B70AC636F4A7,Forwarding to resource [/WEB-INF/views/banana/Bnn0001BananaMenu.jsp] in InternalResourceView 'banana/Bnn0001BananaMenu'
05-23-2017 04:14:09.532,DEBUG,AFFA9B34B6FDB0ED5395B70AC636F4A7,Render request received for definition 'defaultTemplate'
05-23-2017 04:14:09.536,DEBUG,AFFA9B34B6FDB0ED5395B70AC636F4A7,Successfully completed request
05-23-2017 04:14:09.537,DEBUG,AFFA9B34B6FDB0ED5395B70AC636F4A7,Chain processed normally
05-23-2017 04:14:09.537,DEBUG,AFFA9B34B6FDB0ED5395B70AC636F4A7,SecurityContextHolder now cleared, as request processing completed
05-23-2017 04:14:10.610,DEBUG,346DF76DAA1B3003485FB7B3CE1D287E,/0089/ at position 1 of 11 in additional filter chain; firing Filter: 'SecurityContextPersistenceFilter'
05-23-2017 04:14:10.610,DEBUG,346DF76DAA1B3003485FB7B3CE1D287E,Obtained a valid SecurityContext from SPRING_SECURITY_CONTEXT: 'org.springframework.security.core.context.SecurityContextImpl@c4911edb: Authentication: org.springframework.security.authentication.UsernamePasswordAuthenticationToken@c4911edb: Principal: vn.bananavietnam.ict.common.auth.MyUser@c4907816: Username: U0000000001; Password: [PROTECTED]; Enabled: true; AccountNonExpired: true; credentialsNonExpired: true; AccountNonLocked: true; Granted Authorities: 1; Credentials: [PROTECTED]; Authenticated: true; Details: org.springframework.security.web.authentication.WebAuthenticationDetails@fffe9938: RemoteIpAddress: 0:0:0:0:0:0:0:1; SessionId: CC0BD1B5F777C44F33B06EF6DB434FC4; Granted Authorities: 1'
05-23-2017 04:14:10.610,DEBUG,346DF76DAA1B3003485FB7B3CE1D287E,/0089/ at position 2 of 11 in additional filter chain; firing Filter: 'WebAsyncManagerIntegrationFilter'
05-23-2017 04:14:10.610,DEBUG,346DF76DAA1B3003485FB7B3CE1D287E,/0089/ at position 3 of 11 in additional filter chain; firing Filter: 'LogoutFilter'
05-23-2017 04:14:10.610,DEBUG,346DF76DAA1B3003485FB7B3CE1D287E,/0089/ at position 4 of 11 in additional filter chain; firing Filter: 'UsernamePasswordAuthenticationFilter'
05-23-2017 04:14:10.610,DEBUG,346DF76DAA1B3003485FB7B3CE1D287E,/0089/ at position 5 of 11 in additional filter chain; firing Filter: 'BasicAuthenticationFilter'
05-23-2017 04:14:10.610,DEBUG,346DF76DAA1B3003485FB7B3CE1D287E,/0089/ at position 6 of 11 in additional filter chain; firing Filter: 'RequestCacheAwareFilter'
05-23-2017 04:14:10.610,DEBUG,346DF76DAA1B3003485FB7B3CE1D287E,/0089/ at position 7 of 11 in additional filter chain; firing Filter: 'SecurityContextHolderAwareRequestFilter'
05-23-2017 04:14:10.610,DEBUG,346DF76DAA1B3003485FB7B3CE1D287E,/0089/ at position 8 of 11 in additional filter chain; firing Filter: 'AnonymousAuthenticationFilter'
05-23-2017 04:14:10.610,DEBUG,346DF76DAA1B3003485FB7B3CE1D287E,SecurityContextHolder not populated with anonymous token, as it already contained: 'org.springframework.security.authentication.UsernamePasswordAuthenticationToken@c4911edb: Principal: vn.bananavietnam.ict.common.auth.MyUser@c4907816: Username: U0000000001; Password: [PROTECTED]; Enabled: true; AccountNonExpired: true; credentialsNonExpired: true; AccountNonLocked: true; Granted Authorities: 1; Credentials: [PROTECTED]; Authenticated: true; Details: org.springframework.security.web.authentication.WebAuthenticationDetails@fffe9938: RemoteIpAddress: 0:0:0:0:0:0:0:1; SessionId: CC0BD1B5F777C44F33B06EF6DB434FC4; Granted Authorities: 1'
05-23-2017 04:14:10.610,DEBUG,346DF76DAA1B3003485FB7B3CE1D287E,/0089/ at position 9 of 11 in additional filter chain; firing Filter: 'SessionManagementFilter'
05-23-2017 04:14:10.610,DEBUG,346DF76DAA1B3003485FB7B3CE1D287E,/0089/ at position 10 of 11 in additional filter chain; firing Filter: 'ExceptionTranslationFilter'
05-23-2017 04:14:10.610,DEBUG,346DF76DAA1B3003485FB7B3CE1D287E,/0089/ at position 11 of 11 in additional filter chain; firing Filter: 'FilterSecurityInterceptor'
05-23-2017 04:14:10.611,DEBUG,346DF76DAA1B3003485FB7B3CE1D287E,Checking match of request : '/0089/'; against '/autherror*'
05-23-2017 04:14:10.611,DEBUG,346DF76DAA1B3003485FB7B3CE1D287E,Checking match of request : '/0089/'; against '/login/**'
05-23-2017 04:14:10.611,DEBUG,346DF76DAA1B3003485FB7B3CE1D287E,Checking match of request : '/0089/'; against '/error/**'
05-23-2017 04:14:10.611,DEBUG,346DF76DAA1B3003485FB7B3CE1D287E,Checking match of request : '/0089/'; against '/0001/**'
05-23-2017 04:14:10.611,DEBUG,346DF76DAA1B3003485FB7B3CE1D287E,Checking match of request : '/0089/'; against '/0002/**'
05-23-2017 04:14:10.611,DEBUG,346DF76DAA1B3003485FB7B3CE1D287E,Checking match of request : '/0089/'; against '/0003/**'
05-23-2017 04:14:10.611,DEBUG,346DF76DAA1B3003485FB7B3CE1D287E,Checking match of request : '/0089/'; against '/0005/**'
05-23-2017 04:14:10.611,DEBUG,346DF76DAA1B3003485FB7B3CE1D287E,Checking match of request : '/0089/'; against '/0007/**'
05-23-2017 04:14:10.611,DEBUG,346DF76DAA1B3003485FB7B3CE1D287E,Checking match of request : '/0089/'; against '/0009/**'
05-23-2017 04:14:10.611,DEBUG,346DF76DAA1B3003485FB7B3CE1D287E,Checking match of request : '/0089/'; against '/0013/**'
05-23-2017 04:14:10.611,DEBUG,346DF76DAA1B3003485FB7B3CE1D287E,Checking match of request : '/0089/'; against '/0023/**'
05-23-2017 04:14:10.611,DEBUG,346DF76DAA1B3003485FB7B3CE1D287E,Checking match of request : '/0089/'; against '/0017/**'
05-23-2017 04:14:10.611,DEBUG,346DF76DAA1B3003485FB7B3CE1D287E,Checking match of request : '/0089/'; against '/0031/**'
05-23-2017 04:14:10.611,DEBUG,346DF76DAA1B3003485FB7B3CE1D287E,Checking match of request : '/0089/'; against '/0035/**'
05-23-2017 04:14:10.611,DEBUG,346DF76DAA1B3003485FB7B3CE1D287E,Checking match of request : '/0089/'; against '/0037/**'
05-23-2017 04:14:10.611,DEBUG,346DF76DAA1B3003485FB7B3CE1D287E,Checking match of request : '/0089/'; against '/0045/**'
05-23-2017 04:14:10.611,DEBUG,346DF76DAA1B3003485FB7B3CE1D287E,Checking match of request : '/0089/'; against '/0047/**'
05-23-2017 04:14:10.611,DEBUG,346DF76DAA1B3003485FB7B3CE1D287E,Checking match of request : '/0089/'; against '/0049/**'
05-23-2017 04:14:10.611,DEBUG,346DF76DAA1B3003485FB7B3CE1D287E,Checking match of request : '/0089/'; against '/0061/**'
05-23-2017 04:14:10.611,DEBUG,346DF76DAA1B3003485FB7B3CE1D287E,Checking match of request : '/0089/'; against '/0087/**'
05-23-2017 04:14:10.611,DEBUG,346DF76DAA1B3003485FB7B3CE1D287E,Checking match of request : '/0089/'; against '/0075/**'
05-23-2017 04:14:10.611,DEBUG,346DF76DAA1B3003485FB7B3CE1D287E,Checking match of request : '/0089/'; against '/0089/**'
05-23-2017 04:14:10.611,DEBUG,346DF76DAA1B3003485FB7B3CE1D287E,Secure object: FilterInvocation: URL: /0089/; Attributes: [ROLE_ADMIN, ROLE_USER, IS_AUTHENTICATED_FULLY]
05-23-2017 04:14:10.611,DEBUG,346DF76DAA1B3003485FB7B3CE1D287E,Previously Authenticated: org.springframework.security.authentication.UsernamePasswordAuthenticationToken@c4911edb: Principal: vn.bananavietnam.ict.common.auth.MyUser@c4907816: Username: U0000000001; Password: [PROTECTED]; Enabled: true; AccountNonExpired: true; credentialsNonExpired: true; AccountNonLocked: true; Granted Authorities: 1; Credentials: [PROTECTED]; Authenticated: true; Details: org.springframework.security.web.authentication.WebAuthenticationDetails@fffe9938: RemoteIpAddress: 0:0:0:0:0:0:0:1; SessionId: CC0BD1B5F777C44F33B06EF6DB434FC4; Granted Authorities: 1
05-23-2017 04:14:10.611,DEBUG,346DF76DAA1B3003485FB7B3CE1D287E,Voter: org.springframework.security.access.vote.RoleVoter@1ac872d, returned: -1
05-23-2017 04:14:10.611,DEBUG,346DF76DAA1B3003485FB7B3CE1D287E,Voter: org.springframework.security.access.vote.AuthenticatedVoter@b1927d, returned: 1
05-23-2017 04:14:10.611,DEBUG,346DF76DAA1B3003485FB7B3CE1D287E,Authorization successful
05-23-2017 04:14:10.611,DEBUG,346DF76DAA1B3003485FB7B3CE1D287E,RunAsManager did not change Authentication object
05-23-2017 04:14:10.611,DEBUG,346DF76DAA1B3003485FB7B3CE1D287E,/0089/ reached end of additional filter chain; proceeding with original chain
05-23-2017 04:14:10.611,DEBUG,346DF76DAA1B3003485FB7B3CE1D287E,Request [/ict/0089/] is not a multipart request
05-23-2017 04:14:10.611,DEBUG,AFFA9B34B6FDB0ED5395B70AC636F4A7,DispatcherServlet with name 'appServlet' processing GET request for [/ict/0089/]
05-23-2017 04:14:10.611,DEBUG,AFFA9B34B6FDB0ED5395B70AC636F4A7,Looking up handler method for path /0089/
05-23-2017 04:14:10.611,DEBUG,AFFA9B34B6FDB0ED5395B70AC636F4A7,Returning handler method [public java.lang.String vn.bananavietnam.ict.banana.controller.Bnn0089SearchTaskController.top(javax.servlet.http.HttpServletRequest,java.util.Locale,org.springframework.ui.Model)]
05-23-2017 04:14:10.612,DEBUG,AFFA9B34B6FDB0ED5395B70AC636F4A7,Returning cached instance of singleton bean 'bnn0089SearchTaskController'
05-23-2017 04:14:10.612,DEBUG,AFFA9B34B6FDB0ED5395B70AC636F4A7,Last-Modified value for [/ict/0089/] is: -1
05-23-2017 04:14:10.612,DEBUG,AFFA9B34B6FDB0ED5395B70AC636F4A7,Returning cached instance of singleton bean 'xml_path'
05-23-2017 04:14:10.614,DEBUG,AFFA9B34B6FDB0ED5395B70AC636F4A7,Rendering view [org.springframework.web.servlet.view.JstlView: name 'banana/Bnn0089SearchTask'; URL [/WEB-INF/views/banana/Bnn0089SearchTask.jsp]] in DispatcherServlet with name 'appServlet'
05-23-2017 04:14:10.614,DEBUG,AFFA9B34B6FDB0ED5395B70AC636F4A7,Added model object 'resetDate' of type [java.lang.String] to request in view with name 'banana/Bnn0089SearchTask'
05-23-2017 04:14:10.614,DEBUG,AFFA9B34B6FDB0ED5395B70AC636F4A7,Added model object 'layoutDate' of type [java.lang.String] to request in view with name 'banana/Bnn0089SearchTask'
05-23-2017 04:14:10.614,DEBUG,AFFA9B34B6FDB0ED5395B70AC636F4A7,Added model object 'jqueryUiCssDate' of type [java.lang.String] to request in view with name 'banana/Bnn0089SearchTask'
05-23-2017 04:14:10.614,DEBUG,AFFA9B34B6FDB0ED5395B70AC636F4A7,Added model object 'messageHandlerDate' of type [java.lang.String] to request in view with name 'banana/Bnn0089SearchTask'
05-23-2017 04:14:10.614,DEBUG,AFFA9B34B6FDB0ED5395B70AC636F4A7,Added model object 'jqueryDate' of type [java.lang.String] to request in view with name 'banana/Bnn0089SearchTask'
05-23-2017 04:14:10.614,DEBUG,AFFA9B34B6FDB0ED5395B70AC636F4A7,Added model object 'jqueryUiDate' of type [java.lang.String] to request in view with name 'banana/Bnn0089SearchTask'
05-23-2017 04:14:10.614,DEBUG,AFFA9B34B6FDB0ED5395B70AC636F4A7,Added model object 'datepickerDate' of type [java.lang.String] to request in view with name 'banana/Bnn0089SearchTask'
05-23-2017 04:14:10.614,DEBUG,AFFA9B34B6FDB0ED5395B70AC636F4A7,Added model object 'inputmaskDate' of type [java.lang.String] to request in view with name 'banana/Bnn0089SearchTask'
05-23-2017 04:14:10.614,DEBUG,AFFA9B34B6FDB0ED5395B70AC636F4A7,Added model object 'jqueryInputmaskDate' of type [java.lang.String] to request in view with name 'banana/Bnn0089SearchTask'
05-23-2017 04:14:10.614,DEBUG,AFFA9B34B6FDB0ED5395B70AC636F4A7,Added model object 'inputMaskExtDate' of type [java.lang.String] to request in view with name 'banana/Bnn0089SearchTask'
05-23-2017 04:14:10.614,DEBUG,AFFA9B34B6FDB0ED5395B70AC636F4A7,Added model object 'calendarDate' of type [java.lang.String] to request in view with name 'banana/Bnn0089SearchTask'
05-23-2017 04:14:10.614,DEBUG,AFFA9B34B6FDB0ED5395B70AC636F4A7,Added model object 'messageDate' of type [java.lang.String] to request in view with name 'banana/Bnn0089SearchTask'
05-23-2017 04:14:10.614,DEBUG,AFFA9B34B6FDB0ED5395B70AC636F4A7,Added model object 'storageDate' of type [java.lang.String] to request in view with name 'banana/Bnn0089SearchTask'
05-23-2017 04:14:10.614,DEBUG,AFFA9B34B6FDB0ED5395B70AC636F4A7,Added model object 'commonDate' of type [java.lang.String] to request in view with name 'banana/Bnn0089SearchTask'
05-23-2017 04:14:10.614,DEBUG,AFFA9B34B6FDB0ED5395B70AC636F4A7,Added model object 'searchTaskCssDate' of type [java.lang.String] to request in view with name 'banana/Bnn0089SearchTask'
05-23-2017 04:14:10.614,DEBUG,AFFA9B34B6FDB0ED5395B70AC636F4A7,Added model object 'searchTaskJsDate' of type [java.lang.String] to request in view with name 'banana/Bnn0089SearchTask'
05-23-2017 04:14:10.614,DEBUG,AFFA9B34B6FDB0ED5395B70AC636F4A7,Forwarding to resource [/WEB-INF/views/banana/Bnn0089SearchTask.jsp] in InternalResourceView 'banana/Bnn0089SearchTask'
05-23-2017 04:14:10.615,DEBUG,AFFA9B34B6FDB0ED5395B70AC636F4A7,Render request received for definition 'defaultTemplate'
05-23-2017 04:14:10.617,DEBUG,AFFA9B34B6FDB0ED5395B70AC636F4A7,Successfully completed request
05-23-2017 04:14:10.617,DEBUG,AFFA9B34B6FDB0ED5395B70AC636F4A7,Chain processed normally
05-23-2017 04:14:10.617,DEBUG,AFFA9B34B6FDB0ED5395B70AC636F4A7,SecurityContextHolder now cleared, as request processing completed
05-23-2017 04:14:10.729,DEBUG,346DF76DAA1B3003485FB7B3CE1D287E,/0089/searchData at position 1 of 11 in additional filter chain; firing Filter: 'SecurityContextPersistenceFilter'
05-23-2017 04:14:10.729,DEBUG,346DF76DAA1B3003485FB7B3CE1D287E,Obtained a valid SecurityContext from SPRING_SECURITY_CONTEXT: 'org.springframework.security.core.context.SecurityContextImpl@c4911edb: Authentication: org.springframework.security.authentication.UsernamePasswordAuthenticationToken@c4911edb: Principal: vn.bananavietnam.ict.common.auth.MyUser@c4907816: Username: U0000000001; Password: [PROTECTED]; Enabled: true; AccountNonExpired: true; credentialsNonExpired: true; AccountNonLocked: true; Granted Authorities: 1; Credentials: [PROTECTED]; Authenticated: true; Details: org.springframework.security.web.authentication.WebAuthenticationDetails@fffe9938: RemoteIpAddress: 0:0:0:0:0:0:0:1; SessionId: CC0BD1B5F777C44F33B06EF6DB434FC4; Granted Authorities: 1'
05-23-2017 04:14:10.729,DEBUG,346DF76DAA1B3003485FB7B3CE1D287E,/0089/searchData at position 2 of 11 in additional filter chain; firing Filter: 'WebAsyncManagerIntegrationFilter'
05-23-2017 04:14:10.729,DEBUG,346DF76DAA1B3003485FB7B3CE1D287E,/0089/searchData at position 3 of 11 in additional filter chain; firing Filter: 'LogoutFilter'
05-23-2017 04:14:10.729,DEBUG,346DF76DAA1B3003485FB7B3CE1D287E,/0089/searchData at position 4 of 11 in additional filter chain; firing Filter: 'UsernamePasswordAuthenticationFilter'
05-23-2017 04:14:10.729,DEBUG,346DF76DAA1B3003485FB7B3CE1D287E,/0089/searchData at position 5 of 11 in additional filter chain; firing Filter: 'BasicAuthenticationFilter'
05-23-2017 04:14:10.729,DEBUG,346DF76DAA1B3003485FB7B3CE1D287E,/0089/searchData at position 6 of 11 in additional filter chain; firing Filter: 'RequestCacheAwareFilter'
05-23-2017 04:14:10.729,DEBUG,346DF76DAA1B3003485FB7B3CE1D287E,/0089/searchData at position 7 of 11 in additional filter chain; firing Filter: 'SecurityContextHolderAwareRequestFilter'
05-23-2017 04:14:10.729,DEBUG,346DF76DAA1B3003485FB7B3CE1D287E,/0089/searchData at position 8 of 11 in additional filter chain; firing Filter: 'AnonymousAuthenticationFilter'
05-23-2017 04:14:10.729,DEBUG,346DF76DAA1B3003485FB7B3CE1D287E,SecurityContextHolder not populated with anonymous token, as it already contained: 'org.springframework.security.authentication.UsernamePasswordAuthenticationToken@c4911edb: Principal: vn.bananavietnam.ict.common.auth.MyUser@c4907816: Username: U0000000001; Password: [PROTECTED]; Enabled: true; AccountNonExpired: true; credentialsNonExpired: true; AccountNonLocked: true; Granted Authorities: 1; Credentials: [PROTECTED]; Authenticated: true; Details: org.springframework.security.web.authentication.WebAuthenticationDetails@fffe9938: RemoteIpAddress: 0:0:0:0:0:0:0:1; SessionId: CC0BD1B5F777C44F33B06EF6DB434FC4; Granted Authorities: 1'
05-23-2017 04:14:10.729,DEBUG,346DF76DAA1B3003485FB7B3CE1D287E,/0089/searchData at position 9 of 11 in additional filter chain; firing Filter: 'SessionManagementFilter'
05-23-2017 04:14:10.729,DEBUG,346DF76DAA1B3003485FB7B3CE1D287E,/0089/searchData at position 10 of 11 in additional filter chain; firing Filter: 'ExceptionTranslationFilter'
05-23-2017 04:14:10.729,DEBUG,346DF76DAA1B3003485FB7B3CE1D287E,/0089/searchData at position 11 of 11 in additional filter chain; firing Filter: 'FilterSecurityInterceptor'
05-23-2017 04:14:10.729,DEBUG,346DF76DAA1B3003485FB7B3CE1D287E,Checking match of request : '/0089/searchdata'; against '/autherror*'
05-23-2017 04:14:10.729,DEBUG,346DF76DAA1B3003485FB7B3CE1D287E,Checking match of request : '/0089/searchdata'; against '/login/**'
05-23-2017 04:14:10.729,DEBUG,346DF76DAA1B3003485FB7B3CE1D287E,Checking match of request : '/0089/searchdata'; against '/error/**'
05-23-2017 04:14:10.729,DEBUG,346DF76DAA1B3003485FB7B3CE1D287E,Checking match of request : '/0089/searchdata'; against '/0001/**'
05-23-2017 04:14:10.729,DEBUG,346DF76DAA1B3003485FB7B3CE1D287E,Checking match of request : '/0089/searchdata'; against '/0002/**'
05-23-2017 04:14:10.729,DEBUG,346DF76DAA1B3003485FB7B3CE1D287E,Checking match of request : '/0089/searchdata'; against '/0003/**'
05-23-2017 04:14:10.729,DEBUG,346DF76DAA1B3003485FB7B3CE1D287E,Checking match of request : '/0089/searchdata'; against '/0005/**'
05-23-2017 04:14:10.729,DEBUG,346DF76DAA1B3003485FB7B3CE1D287E,Checking match of request : '/0089/searchdata'; against '/0007/**'
05-23-2017 04:14:10.729,DEBUG,346DF76DAA1B3003485FB7B3CE1D287E,Checking match of request : '/0089/searchdata'; against '/0009/**'
05-23-2017 04:14:10.729,DEBUG,346DF76DAA1B3003485FB7B3CE1D287E,Checking match of request : '/0089/searchdata'; against '/0013/**'
05-23-2017 04:14:10.729,DEBUG,346DF76DAA1B3003485FB7B3CE1D287E,Checking match of request : '/0089/searchdata'; against '/0023/**'
05-23-2017 04:14:10.729,DEBUG,346DF76DAA1B3003485FB7B3CE1D287E,Checking match of request : '/0089/searchdata'; against '/0017/**'
05-23-2017 04:14:10.729,DEBUG,346DF76DAA1B3003485FB7B3CE1D287E,Checking match of request : '/0089/searchdata'; against '/0031/**'
05-23-2017 04:14:10.729,DEBUG,346DF76DAA1B3003485FB7B3CE1D287E,Checking match of request : '/0089/searchdata'; against '/0035/**'
05-23-2017 04:14:10.729,DEBUG,346DF76DAA1B3003485FB7B3CE1D287E,Checking match of request : '/0089/searchdata'; against '/0037/**'
05-23-2017 04:14:10.729,DEBUG,346DF76DAA1B3003485FB7B3CE1D287E,Checking match of request : '/0089/searchdata'; against '/0045/**'
05-23-2017 04:14:10.729,DEBUG,346DF76DAA1B3003485FB7B3CE1D287E,Checking match of request : '/0089/searchdata'; against '/0047/**'
05-23-2017 04:14:10.729,DEBUG,346DF76DAA1B3003485FB7B3CE1D287E,Checking match of request : '/0089/searchdata'; against '/0049/**'
05-23-2017 04:14:10.730,DEBUG,346DF76DAA1B3003485FB7B3CE1D287E,Checking match of request : '/0089/searchdata'; against '/0061/**'
05-23-2017 04:14:10.730,DEBUG,346DF76DAA1B3003485FB7B3CE1D287E,Checking match of request : '/0089/searchdata'; against '/0087/**'
05-23-2017 04:14:10.730,DEBUG,346DF76DAA1B3003485FB7B3CE1D287E,Checking match of request : '/0089/searchdata'; against '/0075/**'
05-23-2017 04:14:10.730,DEBUG,346DF76DAA1B3003485FB7B3CE1D287E,Checking match of request : '/0089/searchdata'; against '/0089/**'
05-23-2017 04:14:10.730,DEBUG,346DF76DAA1B3003485FB7B3CE1D287E,Secure object: FilterInvocation: URL: /0089/searchData; Attributes: [ROLE_ADMIN, ROLE_USER, IS_AUTHENTICATED_FULLY]
05-23-2017 04:14:10.730,DEBUG,346DF76DAA1B3003485FB7B3CE1D287E,Previously Authenticated: org.springframework.security.authentication.UsernamePasswordAuthenticationToken@c4911edb: Principal: vn.bananavietnam.ict.common.auth.MyUser@c4907816: Username: U0000000001; Password: [PROTECTED]; Enabled: true; AccountNonExpired: true; credentialsNonExpired: true; AccountNonLocked: true; Granted Authorities: 1; Credentials: [PROTECTED]; Authenticated: true; Details: org.springframework.security.web.authentication.WebAuthenticationDetails@fffe9938: RemoteIpAddress: 0:0:0:0:0:0:0:1; SessionId: CC0BD1B5F777C44F33B06EF6DB434FC4; Granted Authorities: 1
05-23-2017 04:14:10.730,DEBUG,346DF76DAA1B3003485FB7B3CE1D287E,Voter: org.springframework.security.access.vote.RoleVoter@1ac872d, returned: -1
05-23-2017 04:14:10.730,DEBUG,346DF76DAA1B3003485FB7B3CE1D287E,Voter: org.springframework.security.access.vote.AuthenticatedVoter@b1927d, returned: 1
05-23-2017 04:14:10.730,DEBUG,346DF76DAA1B3003485FB7B3CE1D287E,Authorization successful
05-23-2017 04:14:10.730,DEBUG,346DF76DAA1B3003485FB7B3CE1D287E,RunAsManager did not change Authentication object
05-23-2017 04:14:10.730,DEBUG,346DF76DAA1B3003485FB7B3CE1D287E,/0089/searchData reached end of additional filter chain; proceeding with original chain
05-23-2017 04:14:10.730,DEBUG,346DF76DAA1B3003485FB7B3CE1D287E,Request [/ict/0089/searchData] is not a multipart request
05-23-2017 04:14:10.730,DEBUG,AFFA9B34B6FDB0ED5395B70AC636F4A7,DispatcherServlet with name 'appServlet' processing POST request for [/ict/0089/searchData]
05-23-2017 04:14:10.730,DEBUG,AFFA9B34B6FDB0ED5395B70AC636F4A7,Looking up handler method for path /0089/searchData
05-23-2017 04:14:10.730,DEBUG,AFFA9B34B6FDB0ED5395B70AC636F4A7,Returning handler method [public java.util.List<vn.bananavietnam.ict.banana.component.Bnn0089SearchTaskResult> vn.bananavietnam.ict.banana.controller.Bnn0089SearchTaskController.searchData(vn.bananavietnam.ict.banana.component.Bnn0089SearchTaskConditions)]
05-23-2017 04:14:10.730,DEBUG,AFFA9B34B6FDB0ED5395B70AC636F4A7,Returning cached instance of singleton bean 'bnn0089SearchTaskController'
05-23-2017 04:14:10.730,DEBUG,AFFA9B34B6FDB0ED5395B70AC636F4A7,Returning cached instance of singleton bean 'xml_path'
05-23-2017 04:14:10.730,DEBUG,AFFA9B34B6FDB0ED5395B70AC636F4A7,Read [class vn.bananavietnam.ict.banana.component.Bnn0089SearchTaskConditions] as "application/json" with [org.springframework.http.converter.json.MappingJackson2HttpMessageConverter@156f2cc]
05-23-2017 04:14:10.731,INFO ,AFFA9B34B6FDB0ED5395B70AC636F4A7,U0000000001,vn.bananavietnam.ict.banana.service.Bnn0089SearchTaskService,searchData,[vn.bananavietnam.ict.banana.component.Bnn0089SearchTaskConditions@1810e17] METHOD START
05-23-2017 04:14:10.731,DEBUG,AFFA9B34B6FDB0ED5395B70AC636F4A7,Returning cached instance of singleton bean 'transactionManager'
05-23-2017 04:14:10.731,INFO ,AFFA9B34B6FDB0ED5395B70AC636F4A7,U0000000001,Task searching started
05-23-2017 04:14:10.731,DEBUG,AFFA9B34B6FDB0ED5395B70AC636F4A7,Creating a new SqlSession
05-23-2017 04:14:10.731,DEBUG,AFFA9B34B6FDB0ED5395B70AC636F4A7,Registering transaction synchronization for SqlSession [org.apache.ibatis.session.defaults.DefaultSqlSession@1f33ea4]
05-23-2017 04:14:10.731,DEBUG,AFFA9B34B6FDB0ED5395B70AC636F4A7,Fetching JDBC Connection from DataSource
05-23-2017 04:14:10.731,DEBUG,AFFA9B34B6FDB0ED5395B70AC636F4A7,Creating new JDBC DriverManager Connection to [jdbc:mysql://172.16.0.175:3306/BANANA_DB_HUNG_SELENIUM?useUnicode=yes&characterEncoding=UTF-8&autoReconnect=true]
05-23-2017 04:14:10.748,DEBUG,AFFA9B34B6FDB0ED5395B70AC636F4A7,Registering transaction synchronization for JDBC Connection
05-23-2017 04:14:10.748,DEBUG,AFFA9B34B6FDB0ED5395B70AC636F4A7,JDBC Connection [com.mysql.jdbc.JDBC4Connection@113558f] will be managed by Spring
05-23-2017 04:14:10.748,DEBUG,AFFA9B34B6FDB0ED5395B70AC636F4A7,==>  Preparing: SELECT T.TASK_ID taskId, T.TASK_NAME taskName, T.WORKING_DETAILS workingDetails, T.NOTE note, T.QUARANTINE_HANDLING_FLAG quarantineHandlingFlag, T.DELETE_FLAG deleteFlag, T.CHANGE_POINT_CODE changePointCode, T.LAST_UPDATE_DATE lastUpdateDate FROM IVB_M_TASK T WHERE 1 = 1 AND T.DELETE_FLAG = '0' ORDER BY T.TASK_NAME LIMIT ?,? 
05-23-2017 04:14:10.748,DEBUG,AFFA9B34B6FDB0ED5395B70AC636F4A7,==> Parameters: 0(Integer), 20(Integer)
05-23-2017 04:14:10.751,DEBUG,AFFA9B34B6FDB0ED5395B70AC636F4A7,<==      Total: 20
05-23-2017 04:14:10.752,DEBUG,AFFA9B34B6FDB0ED5395B70AC636F4A7,Releasing transactional SqlSession [org.apache.ibatis.session.defaults.DefaultSqlSession@1f33ea4]
05-23-2017 04:14:10.752,INFO ,AFFA9B34B6FDB0ED5395B70AC636F4A7,U0000000001,SQL execution finished
05-23-2017 04:14:10.752,DEBUG,AFFA9B34B6FDB0ED5395B70AC636F4A7,Fetched SqlSession [org.apache.ibatis.session.defaults.DefaultSqlSession@1f33ea4] from current transaction
05-23-2017 04:14:10.752,DEBUG,AFFA9B34B6FDB0ED5395B70AC636F4A7,==>  Preparing: SELECT COUNT(*) FROM IVB_M_TASK T WHERE 1 = 1 AND T.DELETE_FLAG = '0' ORDER BY T.TASK_ID 
05-23-2017 04:14:10.752,DEBUG,AFFA9B34B6FDB0ED5395B70AC636F4A7,==> Parameters: 
05-23-2017 04:14:10.753,DEBUG,AFFA9B34B6FDB0ED5395B70AC636F4A7,<==      Total: 1
05-23-2017 04:14:10.753,DEBUG,AFFA9B34B6FDB0ED5395B70AC636F4A7,Releasing transactional SqlSession [org.apache.ibatis.session.defaults.DefaultSqlSession@1f33ea4]
05-23-2017 04:14:10.754,INFO ,AFFA9B34B6FDB0ED5395B70AC636F4A7,U0000000001,Task searching finished ==> 43 item(s)
05-23-2017 04:14:10.754,DEBUG,AFFA9B34B6FDB0ED5395B70AC636F4A7,Transaction synchronization deregistering SqlSession [org.apache.ibatis.session.defaults.DefaultSqlSession@1f33ea4]
05-23-2017 04:14:10.754,DEBUG,AFFA9B34B6FDB0ED5395B70AC636F4A7,Transaction synchronization closing SqlSession [org.apache.ibatis.session.defaults.DefaultSqlSession@1f33ea4]
05-23-2017 04:14:10.754,DEBUG,AFFA9B34B6FDB0ED5395B70AC636F4A7,Returning JDBC Connection to DataSource
05-23-2017 04:14:10.754,INFO ,AFFA9B34B6FDB0ED5395B70AC636F4A7,U0000000001,vn.bananavietnam.ict.banana.service.Bnn0089SearchTaskService,searchData,[vn.bananavietnam.ict.banana.component.Bnn0089SearchTaskConditions@1810e17] METHOD END
05-23-2017 04:14:10.756,DEBUG,AFFA9B34B6FDB0ED5395B70AC636F4A7,Written [[vn.bananavietnam.ict.banana.component.Bnn0089SearchTaskResult@1ab43b1, vn.bananavietnam.ict.banana.component.Bnn0089SearchTaskResult@152d4c9, vn.bananavietnam.ict.banana.component.Bnn0089SearchTaskResult@843102, vn.bananavietnam.ict.banana.component.Bnn0089SearchTaskResult@dbb44b, vn.bananavietnam.ict.banana.component.Bnn0089SearchTaskResult@13ec6ea, vn.bananavietnam.ict.banana.component.Bnn0089SearchTaskResult@abab18, vn.bananavietnam.ict.banana.component.Bnn0089SearchTaskResult@1548fae, vn.bananavietnam.ict.banana.component.Bnn0089SearchTaskResult@8e0de3, vn.bananavietnam.ict.banana.component.Bnn0089SearchTaskResult@15c910e, vn.bananavietnam.ict.banana.component.Bnn0089SearchTaskResult@be1196, vn.bananavietnam.ict.banana.component.Bnn0089SearchTaskResult@18cdd10, vn.bananavietnam.ict.banana.component.Bnn0089SearchTaskResult@1013057, vn.bananavietnam.ict.banana.component.Bnn0089SearchTaskResult@f61198, vn.bananavietnam.ict.banana.component.Bnn0089SearchTaskResult@e292f1, vn.bananavietnam.ict.banana.component.Bnn0089SearchTaskResult@12dbf20, vn.bananavietnam.ict.banana.component.Bnn0089SearchTaskResult@106b51a, vn.bananavietnam.ict.banana.component.Bnn0089SearchTaskResult@14e0ab3, vn.bananavietnam.ict.banana.component.Bnn0089SearchTaskResult@18b77f1, vn.bananavietnam.ict.banana.component.Bnn0089SearchTaskResult@13d18df, vn.bananavietnam.ict.banana.component.Bnn0089SearchTaskResult@101db47]] as "application/json;charset=UTF-8" using [org.springframework.http.converter.json.MappingJackson2HttpMessageConverter@156f2cc]
05-23-2017 04:14:10.756,DEBUG,AFFA9B34B6FDB0ED5395B70AC636F4A7,Null ModelAndView returned to DispatcherServlet with name 'appServlet': assuming HandlerAdapter completed request handling
05-23-2017 04:14:10.756,DEBUG,AFFA9B34B6FDB0ED5395B70AC636F4A7,Successfully completed request
05-23-2017 04:14:10.756,DEBUG,AFFA9B34B6FDB0ED5395B70AC636F4A7,Chain processed normally
05-23-2017 04:14:10.756,DEBUG,AFFA9B34B6FDB0ED5395B70AC636F4A7,SecurityContextHolder now cleared, as request processing completed
