05-23-2017 04:14:21.531,DEBUG,346DF76DAA1B3003485FB7B3CE1D287E,/0089/searchData at position 1 of 11 in additional filter chain; firing Filter: 'SecurityContextPersistenceFilter'
05-23-2017 04:14:21.532,DEBUG,346DF76DAA1B3003485FB7B3CE1D287E,Obtained a valid SecurityContext from SPRING_SECURITY_CONTEXT: 'org.springframework.security.core.context.SecurityContextImpl@c4911edb: Authentication: org.springframework.security.authentication.UsernamePasswordAuthenticationToken@c4911edb: Principal: vn.bananavietnam.ict.common.auth.MyUser@c4907816: Username: U0000000001; Password: [PROTECTED]; Enabled: true; AccountNonExpired: true; credentialsNonExpired: true; AccountNonLocked: true; Granted Authorities: 1; Credentials: [PROTECTED]; Authenticated: true; Details: org.springframework.security.web.authentication.WebAuthenticationDetails@fffe9938: RemoteIpAddress: 0:0:0:0:0:0:0:1; SessionId: CC0BD1B5F777C44F33B06EF6DB434FC4; Granted Authorities: 1'
05-23-2017 04:14:21.532,DEBUG,346DF76DAA1B3003485FB7B3CE1D287E,/0089/searchData at position 2 of 11 in additional filter chain; firing Filter: 'WebAsyncManagerIntegrationFilter'
05-23-2017 04:14:21.532,DEBUG,346DF76DAA1B3003485FB7B3CE1D287E,/0089/searchData at position 3 of 11 in additional filter chain; firing Filter: 'LogoutFilter'
05-23-2017 04:14:21.532,DEBUG,346DF76DAA1B3003485FB7B3CE1D287E,/0089/searchData at position 4 of 11 in additional filter chain; firing Filter: 'UsernamePasswordAuthenticationFilter'
05-23-2017 04:14:21.532,DEBUG,346DF76DAA1B3003485FB7B3CE1D287E,/0089/searchData at position 5 of 11 in additional filter chain; firing Filter: 'BasicAuthenticationFilter'
05-23-2017 04:14:21.532,DEBUG,346DF76DAA1B3003485FB7B3CE1D287E,/0089/searchData at position 6 of 11 in additional filter chain; firing Filter: 'RequestCacheAwareFilter'
05-23-2017 04:14:21.532,DEBUG,346DF76DAA1B3003485FB7B3CE1D287E,/0089/searchData at position 7 of 11 in additional filter chain; firing Filter: 'SecurityContextHolderAwareRequestFilter'
05-23-2017 04:14:21.532,DEBUG,346DF76DAA1B3003485FB7B3CE1D287E,/0089/searchData at position 8 of 11 in additional filter chain; firing Filter: 'AnonymousAuthenticationFilter'
05-23-2017 04:14:21.532,DEBUG,346DF76DAA1B3003485FB7B3CE1D287E,SecurityContextHolder not populated with anonymous token, as it already contained: 'org.springframework.security.authentication.UsernamePasswordAuthenticationToken@c4911edb: Principal: vn.bananavietnam.ict.common.auth.MyUser@c4907816: Username: U0000000001; Password: [PROTECTED]; Enabled: true; AccountNonExpired: true; credentialsNonExpired: true; AccountNonLocked: true; Granted Authorities: 1; Credentials: [PROTECTED]; Authenticated: true; Details: org.springframework.security.web.authentication.WebAuthenticationDetails@fffe9938: RemoteIpAddress: 0:0:0:0:0:0:0:1; SessionId: CC0BD1B5F777C44F33B06EF6DB434FC4; Granted Authorities: 1'
05-23-2017 04:14:21.532,DEBUG,346DF76DAA1B3003485FB7B3CE1D287E,/0089/searchData at position 9 of 11 in additional filter chain; firing Filter: 'SessionManagementFilter'
05-23-2017 04:14:21.532,DEBUG,346DF76DAA1B3003485FB7B3CE1D287E,/0089/searchData at position 10 of 11 in additional filter chain; firing Filter: 'ExceptionTranslationFilter'
05-23-2017 04:14:21.532,DEBUG,346DF76DAA1B3003485FB7B3CE1D287E,/0089/searchData at position 11 of 11 in additional filter chain; firing Filter: 'FilterSecurityInterceptor'
05-23-2017 04:14:21.532,DEBUG,346DF76DAA1B3003485FB7B3CE1D287E,Checking match of request : '/0089/searchdata'; against '/autherror*'
05-23-2017 04:14:21.532,DEBUG,346DF76DAA1B3003485FB7B3CE1D287E,Checking match of request : '/0089/searchdata'; against '/login/**'
05-23-2017 04:14:21.532,DEBUG,346DF76DAA1B3003485FB7B3CE1D287E,Checking match of request : '/0089/searchdata'; against '/error/**'
05-23-2017 04:14:21.532,DEBUG,346DF76DAA1B3003485FB7B3CE1D287E,Checking match of request : '/0089/searchdata'; against '/0001/**'
05-23-2017 04:14:21.532,DEBUG,346DF76DAA1B3003485FB7B3CE1D287E,Checking match of request : '/0089/searchdata'; against '/0002/**'
05-23-2017 04:14:21.532,DEBUG,346DF76DAA1B3003485FB7B3CE1D287E,Checking match of request : '/0089/searchdata'; against '/0003/**'
05-23-2017 04:14:21.532,DEBUG,346DF76DAA1B3003485FB7B3CE1D287E,Checking match of request : '/0089/searchdata'; against '/0005/**'
05-23-2017 04:14:21.532,DEBUG,346DF76DAA1B3003485FB7B3CE1D287E,Checking match of request : '/0089/searchdata'; against '/0007/**'
05-23-2017 04:14:21.532,DEBUG,346DF76DAA1B3003485FB7B3CE1D287E,Checking match of request : '/0089/searchdata'; against '/0009/**'
05-23-2017 04:14:21.532,DEBUG,346DF76DAA1B3003485FB7B3CE1D287E,Checking match of request : '/0089/searchdata'; against '/0013/**'
05-23-2017 04:14:21.532,DEBUG,346DF76DAA1B3003485FB7B3CE1D287E,Checking match of request : '/0089/searchdata'; against '/0023/**'
05-23-2017 04:14:21.532,DEBUG,346DF76DAA1B3003485FB7B3CE1D287E,Checking match of request : '/0089/searchdata'; against '/0017/**'
05-23-2017 04:14:21.532,DEBUG,346DF76DAA1B3003485FB7B3CE1D287E,Checking match of request : '/0089/searchdata'; against '/0031/**'
05-23-2017 04:14:21.532,DEBUG,346DF76DAA1B3003485FB7B3CE1D287E,Checking match of request : '/0089/searchdata'; against '/0035/**'
05-23-2017 04:14:21.532,DEBUG,346DF76DAA1B3003485FB7B3CE1D287E,Checking match of request : '/0089/searchdata'; against '/0037/**'
05-23-2017 04:14:21.532,DEBUG,346DF76DAA1B3003485FB7B3CE1D287E,Checking match of request : '/0089/searchdata'; against '/0045/**'
05-23-2017 04:14:21.532,DEBUG,346DF76DAA1B3003485FB7B3CE1D287E,Checking match of request : '/0089/searchdata'; against '/0047/**'
05-23-2017 04:14:21.532,DEBUG,346DF76DAA1B3003485FB7B3CE1D287E,Checking match of request : '/0089/searchdata'; against '/0049/**'
05-23-2017 04:14:21.532,DEBUG,346DF76DAA1B3003485FB7B3CE1D287E,Checking match of request : '/0089/searchdata'; against '/0061/**'
05-23-2017 04:14:21.532,DEBUG,346DF76DAA1B3003485FB7B3CE1D287E,Checking match of request : '/0089/searchdata'; against '/0087/**'
05-23-2017 04:14:21.532,DEBUG,346DF76DAA1B3003485FB7B3CE1D287E,Checking match of request : '/0089/searchdata'; against '/0075/**'
05-23-2017 04:14:21.532,DEBUG,346DF76DAA1B3003485FB7B3CE1D287E,Checking match of request : '/0089/searchdata'; against '/0089/**'
05-23-2017 04:14:21.533,DEBUG,346DF76DAA1B3003485FB7B3CE1D287E,Secure object: FilterInvocation: URL: /0089/searchData; Attributes: [ROLE_ADMIN, ROLE_USER, IS_AUTHENTICATED_FULLY]
05-23-2017 04:14:21.533,DEBUG,346DF76DAA1B3003485FB7B3CE1D287E,Previously Authenticated: org.springframework.security.authentication.UsernamePasswordAuthenticationToken@c4911edb: Principal: vn.bananavietnam.ict.common.auth.MyUser@c4907816: Username: U0000000001; Password: [PROTECTED]; Enabled: true; AccountNonExpired: true; credentialsNonExpired: true; AccountNonLocked: true; Granted Authorities: 1; Credentials: [PROTECTED]; Authenticated: true; Details: org.springframework.security.web.authentication.WebAuthenticationDetails@fffe9938: RemoteIpAddress: 0:0:0:0:0:0:0:1; SessionId: CC0BD1B5F777C44F33B06EF6DB434FC4; Granted Authorities: 1
05-23-2017 04:14:21.533,DEBUG,346DF76DAA1B3003485FB7B3CE1D287E,Voter: org.springframework.security.access.vote.RoleVoter@1ac872d, returned: -1
05-23-2017 04:14:21.533,DEBUG,346DF76DAA1B3003485FB7B3CE1D287E,Voter: org.springframework.security.access.vote.AuthenticatedVoter@b1927d, returned: 1
05-23-2017 04:14:21.533,DEBUG,346DF76DAA1B3003485FB7B3CE1D287E,Authorization successful
05-23-2017 04:14:21.533,DEBUG,346DF76DAA1B3003485FB7B3CE1D287E,RunAsManager did not change Authentication object
05-23-2017 04:14:21.533,DEBUG,346DF76DAA1B3003485FB7B3CE1D287E,/0089/searchData reached end of additional filter chain; proceeding with original chain
05-23-2017 04:14:21.533,DEBUG,346DF76DAA1B3003485FB7B3CE1D287E,Request [/ict/0089/searchData] is not a multipart request
05-23-2017 04:14:21.533,DEBUG,AFFA9B34B6FDB0ED5395B70AC636F4A7,DispatcherServlet with name 'appServlet' processing POST request for [/ict/0089/searchData]
05-23-2017 04:14:21.533,DEBUG,AFFA9B34B6FDB0ED5395B70AC636F4A7,Looking up handler method for path /0089/searchData
05-23-2017 04:14:21.533,DEBUG,AFFA9B34B6FDB0ED5395B70AC636F4A7,Returning handler method [public java.util.List<vn.bananavietnam.ict.banana.component.Bnn0089SearchTaskResult> vn.bananavietnam.ict.banana.controller.Bnn0089SearchTaskController.searchData(vn.bananavietnam.ict.banana.component.Bnn0089SearchTaskConditions)]
05-23-2017 04:14:21.533,DEBUG,AFFA9B34B6FDB0ED5395B70AC636F4A7,Returning cached instance of singleton bean 'bnn0089SearchTaskController'
05-23-2017 04:14:21.533,DEBUG,AFFA9B34B6FDB0ED5395B70AC636F4A7,Returning cached instance of singleton bean 'xml_path'
05-23-2017 04:14:21.534,DEBUG,AFFA9B34B6FDB0ED5395B70AC636F4A7,Read [class vn.bananavietnam.ict.banana.component.Bnn0089SearchTaskConditions] as "application/json" with [org.springframework.http.converter.json.MappingJackson2HttpMessageConverter@156f2cc]
05-23-2017 04:14:21.534,INFO ,AFFA9B34B6FDB0ED5395B70AC636F4A7,U0000000001,vn.bananavietnam.ict.banana.service.Bnn0089SearchTaskService,searchData,[vn.bananavietnam.ict.banana.component.Bnn0089SearchTaskConditions@fd53d4] METHOD START
05-23-2017 04:14:21.534,DEBUG,AFFA9B34B6FDB0ED5395B70AC636F4A7,Returning cached instance of singleton bean 'transactionManager'
05-23-2017 04:14:21.534,INFO ,AFFA9B34B6FDB0ED5395B70AC636F4A7,U0000000001,Task searching started
05-23-2017 04:14:21.534,DEBUG,AFFA9B34B6FDB0ED5395B70AC636F4A7,Creating a new SqlSession
05-23-2017 04:14:21.535,DEBUG,AFFA9B34B6FDB0ED5395B70AC636F4A7,Registering transaction synchronization for SqlSession [org.apache.ibatis.session.defaults.DefaultSqlSession@aa67f0]
05-23-2017 04:14:21.535,DEBUG,AFFA9B34B6FDB0ED5395B70AC636F4A7,Fetching JDBC Connection from DataSource
05-23-2017 04:14:21.535,DEBUG,AFFA9B34B6FDB0ED5395B70AC636F4A7,Creating new JDBC DriverManager Connection to [jdbc:mysql://172.16.0.175:3306/BANANA_DB_HUNG_SELENIUM?useUnicode=yes&characterEncoding=UTF-8&autoReconnect=true]
05-23-2017 04:14:25.541,DEBUG,AFFA9B34B6FDB0ED5395B70AC636F4A7,Releasing transactional SqlSession [org.apache.ibatis.session.defaults.DefaultSqlSession@aa67f0]
05-23-2017 04:14:25.551,ERROR,AFFA9B34B6FDB0ED5395B70AC636F4A7,U0000000001,java.lang.Exception: nested exception is org.apache.ibatis.exceptions.PersistenceException: 
05-23-2017 04:14:25.551,DEBUG,AFFA9B34B6FDB0ED5395B70AC636F4A7,Transaction synchronization deregistering SqlSession [org.apache.ibatis.session.defaults.DefaultSqlSession@aa67f0]
05-23-2017 04:14:25.551,DEBUG,AFFA9B34B6FDB0ED5395B70AC636F4A7,Transaction synchronization closing SqlSession [org.apache.ibatis.session.defaults.DefaultSqlSession@aa67f0]
05-23-2017 04:14:25.551,DEBUG,AFFA9B34B6FDB0ED5395B70AC636F4A7,Should roll back transaction but cannot - no transaction available
05-23-2017 04:14:25.551,INFO ,AFFA9B34B6FDB0ED5395B70AC636F4A7,U0000000001,vn.bananavietnam.ict.banana.service.Bnn0089SearchTaskService,searchData,[vn.bananavietnam.ict.banana.component.Bnn0089SearchTaskConditions@fd53d4] METHOD END
05-23-2017 04:14:25.553,DEBUG,AFFA9B34B6FDB0ED5395B70AC636F4A7,Null ModelAndView returned to DispatcherServlet with name 'appServlet': assuming HandlerAdapter completed request handling
05-23-2017 04:14:25.553,DEBUG,AFFA9B34B6FDB0ED5395B70AC636F4A7,Successfully completed request
05-23-2017 04:14:25.553,DEBUG,AFFA9B34B6FDB0ED5395B70AC636F4A7,Chain processed normally
05-23-2017 04:14:25.553,DEBUG,AFFA9B34B6FDB0ED5395B70AC636F4A7,SecurityContextHolder now cleared, as request processing completed
05-23-2017 04:14:25.675,DEBUG,AFFA9B34B6FDB0ED5395B70AC636F4A7,/resources/img/icon_warning.png at position 1 of 11 in additional filter chain; firing Filter: 'SecurityContextPersistenceFilter'
05-23-2017 04:14:25.675,DEBUG,AFFA9B34B6FDB0ED5395B70AC636F4A7,Obtained a valid SecurityContext from SPRING_SECURITY_CONTEXT: 'org.springframework.security.core.context.SecurityContextImpl@c4911edb: Authentication: org.springframework.security.authentication.UsernamePasswordAuthenticationToken@c4911edb: Principal: vn.bananavietnam.ict.common.auth.MyUser@c4907816: Username: U0000000001; Password: [PROTECTED]; Enabled: true; AccountNonExpired: true; credentialsNonExpired: true; AccountNonLocked: true; Granted Authorities: 1; Credentials: [PROTECTED]; Authenticated: true; Details: org.springframework.security.web.authentication.WebAuthenticationDetails@fffe9938: RemoteIpAddress: 0:0:0:0:0:0:0:1; SessionId: CC0BD1B5F777C44F33B06EF6DB434FC4; Granted Authorities: 1'
05-23-2017 04:14:25.676,DEBUG,AFFA9B34B6FDB0ED5395B70AC636F4A7,/resources/img/icon_warning.png at position 2 of 11 in additional filter chain; firing Filter: 'WebAsyncManagerIntegrationFilter'
05-23-2017 04:14:25.676,DEBUG,AFFA9B34B6FDB0ED5395B70AC636F4A7,/resources/img/icon_warning.png at position 3 of 11 in additional filter chain; firing Filter: 'LogoutFilter'
05-23-2017 04:14:25.676,DEBUG,AFFA9B34B6FDB0ED5395B70AC636F4A7,/resources/img/icon_warning.png at position 4 of 11 in additional filter chain; firing Filter: 'UsernamePasswordAuthenticationFilter'
05-23-2017 04:14:25.676,DEBUG,AFFA9B34B6FDB0ED5395B70AC636F4A7,/resources/img/icon_warning.png at position 5 of 11 in additional filter chain; firing Filter: 'BasicAuthenticationFilter'
05-23-2017 04:14:25.676,DEBUG,AFFA9B34B6FDB0ED5395B70AC636F4A7,/resources/img/icon_warning.png at position 6 of 11 in additional filter chain; firing Filter: 'RequestCacheAwareFilter'
05-23-2017 04:14:25.676,DEBUG,AFFA9B34B6FDB0ED5395B70AC636F4A7,/resources/img/icon_warning.png at position 7 of 11 in additional filter chain; firing Filter: 'SecurityContextHolderAwareRequestFilter'
05-23-2017 04:14:25.676,DEBUG,AFFA9B34B6FDB0ED5395B70AC636F4A7,/resources/img/icon_warning.png at position 8 of 11 in additional filter chain; firing Filter: 'AnonymousAuthenticationFilter'
05-23-2017 04:14:25.676,DEBUG,AFFA9B34B6FDB0ED5395B70AC636F4A7,SecurityContextHolder not populated with anonymous token, as it already contained: 'org.springframework.security.authentication.UsernamePasswordAuthenticationToken@c4911edb: Principal: vn.bananavietnam.ict.common.auth.MyUser@c4907816: Username: U0000000001; Password: [PROTECTED]; Enabled: true; AccountNonExpired: true; credentialsNonExpired: true; AccountNonLocked: true; Granted Authorities: 1; Credentials: [PROTECTED]; Authenticated: true; Details: org.springframework.security.web.authentication.WebAuthenticationDetails@fffe9938: RemoteIpAddress: 0:0:0:0:0:0:0:1; SessionId: CC0BD1B5F777C44F33B06EF6DB434FC4; Granted Authorities: 1'
05-23-2017 04:14:25.676,DEBUG,AFFA9B34B6FDB0ED5395B70AC636F4A7,/resources/img/icon_warning.png at position 9 of 11 in additional filter chain; firing Filter: 'SessionManagementFilter'
05-23-2017 04:14:25.676,DEBUG,AFFA9B34B6FDB0ED5395B70AC636F4A7,/resources/img/icon_warning.png at position 10 of 11 in additional filter chain; firing Filter: 'ExceptionTranslationFilter'
05-23-2017 04:14:25.676,DEBUG,AFFA9B34B6FDB0ED5395B70AC636F4A7,/resources/img/icon_warning.png at position 11 of 11 in additional filter chain; firing Filter: 'FilterSecurityInterceptor'
05-23-2017 04:14:25.676,DEBUG,AFFA9B34B6FDB0ED5395B70AC636F4A7,Checking match of request : '/resources/img/icon_warning.png'; against '/autherror*'
05-23-2017 04:14:25.676,DEBUG,AFFA9B34B6FDB0ED5395B70AC636F4A7,Checking match of request : '/resources/img/icon_warning.png'; against '/login/**'
05-23-2017 04:14:25.676,DEBUG,AFFA9B34B6FDB0ED5395B70AC636F4A7,Checking match of request : '/resources/img/icon_warning.png'; against '/error/**'
05-23-2017 04:14:25.676,DEBUG,AFFA9B34B6FDB0ED5395B70AC636F4A7,Checking match of request : '/resources/img/icon_warning.png'; against '/0001/**'
05-23-2017 04:14:25.676,DEBUG,AFFA9B34B6FDB0ED5395B70AC636F4A7,Checking match of request : '/resources/img/icon_warning.png'; against '/0002/**'
05-23-2017 04:14:25.676,DEBUG,AFFA9B34B6FDB0ED5395B70AC636F4A7,Checking match of request : '/resources/img/icon_warning.png'; against '/0003/**'
05-23-2017 04:14:25.676,DEBUG,AFFA9B34B6FDB0ED5395B70AC636F4A7,Checking match of request : '/resources/img/icon_warning.png'; against '/0005/**'
05-23-2017 04:14:25.676,DEBUG,AFFA9B34B6FDB0ED5395B70AC636F4A7,Checking match of request : '/resources/img/icon_warning.png'; against '/0007/**'
05-23-2017 04:14:25.676,DEBUG,AFFA9B34B6FDB0ED5395B70AC636F4A7,Checking match of request : '/resources/img/icon_warning.png'; against '/0009/**'
05-23-2017 04:14:25.676,DEBUG,AFFA9B34B6FDB0ED5395B70AC636F4A7,Checking match of request : '/resources/img/icon_warning.png'; against '/0013/**'
05-23-2017 04:14:25.676,DEBUG,AFFA9B34B6FDB0ED5395B70AC636F4A7,Checking match of request : '/resources/img/icon_warning.png'; against '/0023/**'
05-23-2017 04:14:25.676,DEBUG,AFFA9B34B6FDB0ED5395B70AC636F4A7,Checking match of request : '/resources/img/icon_warning.png'; against '/0017/**'
05-23-2017 04:14:25.676,DEBUG,AFFA9B34B6FDB0ED5395B70AC636F4A7,Checking match of request : '/resources/img/icon_warning.png'; against '/0031/**'
05-23-2017 04:14:25.676,DEBUG,AFFA9B34B6FDB0ED5395B70AC636F4A7,Checking match of request : '/resources/img/icon_warning.png'; against '/0035/**'
05-23-2017 04:14:25.676,DEBUG,AFFA9B34B6FDB0ED5395B70AC636F4A7,Checking match of request : '/resources/img/icon_warning.png'; against '/0037/**'
05-23-2017 04:14:25.676,DEBUG,AFFA9B34B6FDB0ED5395B70AC636F4A7,Checking match of request : '/resources/img/icon_warning.png'; against '/0045/**'
05-23-2017 04:14:25.676,DEBUG,AFFA9B34B6FDB0ED5395B70AC636F4A7,Checking match of request : '/resources/img/icon_warning.png'; against '/0047/**'
05-23-2017 04:14:25.676,DEBUG,AFFA9B34B6FDB0ED5395B70AC636F4A7,Checking match of request : '/resources/img/icon_warning.png'; against '/0049/**'
05-23-2017 04:14:25.676,DEBUG,AFFA9B34B6FDB0ED5395B70AC636F4A7,Checking match of request : '/resources/img/icon_warning.png'; against '/0061/**'
05-23-2017 04:14:25.676,DEBUG,AFFA9B34B6FDB0ED5395B70AC636F4A7,Checking match of request : '/resources/img/icon_warning.png'; against '/0087/**'
05-23-2017 04:14:25.676,DEBUG,AFFA9B34B6FDB0ED5395B70AC636F4A7,Checking match of request : '/resources/img/icon_warning.png'; against '/0075/**'
05-23-2017 04:14:25.676,DEBUG,AFFA9B34B6FDB0ED5395B70AC636F4A7,Checking match of request : '/resources/img/icon_warning.png'; against '/0089/**'
05-23-2017 04:14:25.676,DEBUG,AFFA9B34B6FDB0ED5395B70AC636F4A7,Checking match of request : '/resources/img/icon_warning.png'; against '/0090/**'
05-23-2017 04:14:25.676,DEBUG,AFFA9B34B6FDB0ED5395B70AC636F4A7,Checking match of request : '/resources/img/icon_warning.png'; against '/0091/**'
05-23-2017 04:14:25.676,DEBUG,AFFA9B34B6FDB0ED5395B70AC636F4A7,Checking match of request : '/resources/img/icon_warning.png'; against '/0092/**'
05-23-2017 04:14:25.676,DEBUG,AFFA9B34B6FDB0ED5395B70AC636F4A7,Checking match of request : '/resources/img/icon_warning.png'; against '/0095/**'
05-23-2017 04:14:25.676,DEBUG,AFFA9B34B6FDB0ED5395B70AC636F4A7,Secure object: FilterInvocation: URL: /resources/img/icon_warning.png; Attributes: [IS_AUTHENTICATED_ANONYMOUSLY]
05-23-2017 04:14:25.676,DEBUG,AFFA9B34B6FDB0ED5395B70AC636F4A7,Previously Authenticated: org.springframework.security.authentication.UsernamePasswordAuthenticationToken@c4911edb: Principal: vn.bananavietnam.ict.common.auth.MyUser@c4907816: Username: U0000000001; Password: [PROTECTED]; Enabled: true; AccountNonExpired: true; credentialsNonExpired: true; AccountNonLocked: true; Granted Authorities: 1; Credentials: [PROTECTED]; Authenticated: true; Details: org.springframework.security.web.authentication.WebAuthenticationDetails@fffe9938: RemoteIpAddress: 0:0:0:0:0:0:0:1; SessionId: CC0BD1B5F777C44F33B06EF6DB434FC4; Granted Authorities: 1
05-23-2017 04:14:25.676,DEBUG,AFFA9B34B6FDB0ED5395B70AC636F4A7,Voter: org.springframework.security.access.vote.RoleVoter@1ac872d, returned: 0
05-23-2017 04:14:25.676,DEBUG,AFFA9B34B6FDB0ED5395B70AC636F4A7,Voter: org.springframework.security.access.vote.AuthenticatedVoter@b1927d, returned: 1
05-23-2017 04:14:25.676,DEBUG,AFFA9B34B6FDB0ED5395B70AC636F4A7,Authorization successful
05-23-2017 04:14:25.676,DEBUG,AFFA9B34B6FDB0ED5395B70AC636F4A7,RunAsManager did not change Authentication object
05-23-2017 04:14:25.676,DEBUG,AFFA9B34B6FDB0ED5395B70AC636F4A7,/resources/img/icon_warning.png reached end of additional filter chain; proceeding with original chain
05-23-2017 04:14:25.676,DEBUG,AFFA9B34B6FDB0ED5395B70AC636F4A7,Request [/ict/resources/img/icon_warning.png] is not a multipart request
05-23-2017 04:14:25.676,DEBUG,AFFA9B34B6FDB0ED5395B70AC636F4A7,DispatcherServlet with name 'appServlet' processing GET request for [/ict/resources/img/icon_warning.png]
05-23-2017 04:14:25.676,DEBUG,AFFA9B34B6FDB0ED5395B70AC636F4A7,Looking up handler method for path /resources/img/icon_warning.png
05-23-2017 04:14:25.678,DEBUG,AFFA9B34B6FDB0ED5395B70AC636F4A7,Did not find handler method for [/resources/img/icon_warning.png]
05-23-2017 04:14:25.678,DEBUG,AFFA9B34B6FDB0ED5395B70AC636F4A7,Matching patterns for request [/resources/img/icon_warning.png] are [/resources/**]
05-23-2017 04:14:25.678,DEBUG,AFFA9B34B6FDB0ED5395B70AC636F4A7,URI Template variables for request [/resources/img/icon_warning.png] are {}
05-23-2017 04:14:25.678,DEBUG,AFFA9B34B6FDB0ED5395B70AC636F4A7,Mapping [/resources/img/icon_warning.png] to HandlerExecutionChain with handler [ResourceHttpRequestHandler [locations=[ServletContext resource [/resources/]], resolvers=[org.springframework.web.servlet.resource.PathResourceResolver@127e233]]] and 1 interceptor
05-23-2017 04:14:25.678,DEBUG,AFFA9B34B6FDB0ED5395B70AC636F4A7,Last-Modified value for [/ict/resources/img/icon_warning.png] is: -1
05-23-2017 04:14:25.678,DEBUG,AFFA9B34B6FDB0ED5395B70AC636F4A7,Returning cached instance of singleton bean 'xml_path'
05-23-2017 04:14:25.679,DEBUG,AFFA9B34B6FDB0ED5395B70AC636F4A7,Null ModelAndView returned to DispatcherServlet with name 'appServlet': assuming HandlerAdapter completed request handling
05-23-2017 04:14:25.679,DEBUG,AFFA9B34B6FDB0ED5395B70AC636F4A7,Successfully completed request
05-23-2017 04:14:25.679,DEBUG,AFFA9B34B6FDB0ED5395B70AC636F4A7,Chain processed normally
05-23-2017 04:14:25.679,DEBUG,AFFA9B34B6FDB0ED5395B70AC636F4A7,SecurityContextHolder now cleared, as request processing completed
05-23-2017 04:14:42.584,DEBUG,AFFA9B34B6FDB0ED5395B70AC636F4A7,/0089/searchData at position 1 of 11 in additional filter chain; firing Filter: 'SecurityContextPersistenceFilter'
05-23-2017 04:14:42.584,DEBUG,AFFA9B34B6FDB0ED5395B70AC636F4A7,Obtained a valid SecurityContext from SPRING_SECURITY_CONTEXT: 'org.springframework.security.core.context.SecurityContextImpl@c4911edb: Authentication: org.springframework.security.authentication.UsernamePasswordAuthenticationToken@c4911edb: Principal: vn.bananavietnam.ict.common.auth.MyUser@c4907816: Username: U0000000001; Password: [PROTECTED]; Enabled: true; AccountNonExpired: true; credentialsNonExpired: true; AccountNonLocked: true; Granted Authorities: 1; Credentials: [PROTECTED]; Authenticated: true; Details: org.springframework.security.web.authentication.WebAuthenticationDetails@fffe9938: RemoteIpAddress: 0:0:0:0:0:0:0:1; SessionId: CC0BD1B5F777C44F33B06EF6DB434FC4; Granted Authorities: 1'
05-23-2017 04:14:42.584,DEBUG,AFFA9B34B6FDB0ED5395B70AC636F4A7,/0089/searchData at position 2 of 11 in additional filter chain; firing Filter: 'WebAsyncManagerIntegrationFilter'
05-23-2017 04:14:42.584,DEBUG,AFFA9B34B6FDB0ED5395B70AC636F4A7,/0089/searchData at position 3 of 11 in additional filter chain; firing Filter: 'LogoutFilter'
05-23-2017 04:14:42.584,DEBUG,AFFA9B34B6FDB0ED5395B70AC636F4A7,/0089/searchData at position 4 of 11 in additional filter chain; firing Filter: 'UsernamePasswordAuthenticationFilter'
05-23-2017 04:14:42.584,DEBUG,AFFA9B34B6FDB0ED5395B70AC636F4A7,/0089/searchData at position 5 of 11 in additional filter chain; firing Filter: 'BasicAuthenticationFilter'
05-23-2017 04:14:42.584,DEBUG,AFFA9B34B6FDB0ED5395B70AC636F4A7,/0089/searchData at position 6 of 11 in additional filter chain; firing Filter: 'RequestCacheAwareFilter'
05-23-2017 04:14:42.584,DEBUG,AFFA9B34B6FDB0ED5395B70AC636F4A7,/0089/searchData at position 7 of 11 in additional filter chain; firing Filter: 'SecurityContextHolderAwareRequestFilter'
05-23-2017 04:14:42.584,DEBUG,AFFA9B34B6FDB0ED5395B70AC636F4A7,/0089/searchData at position 8 of 11 in additional filter chain; firing Filter: 'AnonymousAuthenticationFilter'
05-23-2017 04:14:42.584,DEBUG,AFFA9B34B6FDB0ED5395B70AC636F4A7,SecurityContextHolder not populated with anonymous token, as it already contained: 'org.springframework.security.authentication.UsernamePasswordAuthenticationToken@c4911edb: Principal: vn.bananavietnam.ict.common.auth.MyUser@c4907816: Username: U0000000001; Password: [PROTECTED]; Enabled: true; AccountNonExpired: true; credentialsNonExpired: true; AccountNonLocked: true; Granted Authorities: 1; Credentials: [PROTECTED]; Authenticated: true; Details: org.springframework.security.web.authentication.WebAuthenticationDetails@fffe9938: RemoteIpAddress: 0:0:0:0:0:0:0:1; SessionId: CC0BD1B5F777C44F33B06EF6DB434FC4; Granted Authorities: 1'
05-23-2017 04:14:42.584,DEBUG,AFFA9B34B6FDB0ED5395B70AC636F4A7,/0089/searchData at position 9 of 11 in additional filter chain; firing Filter: 'SessionManagementFilter'
05-23-2017 04:14:42.584,DEBUG,AFFA9B34B6FDB0ED5395B70AC636F4A7,/0089/searchData at position 10 of 11 in additional filter chain; firing Filter: 'ExceptionTranslationFilter'
05-23-2017 04:14:42.585,DEBUG,AFFA9B34B6FDB0ED5395B70AC636F4A7,/0089/searchData at position 11 of 11 in additional filter chain; firing Filter: 'FilterSecurityInterceptor'
05-23-2017 04:14:42.585,DEBUG,AFFA9B34B6FDB0ED5395B70AC636F4A7,Checking match of request : '/0089/searchdata'; against '/autherror*'
05-23-2017 04:14:42.585,DEBUG,AFFA9B34B6FDB0ED5395B70AC636F4A7,Checking match of request : '/0089/searchdata'; against '/login/**'
05-23-2017 04:14:42.585,DEBUG,AFFA9B34B6FDB0ED5395B70AC636F4A7,Checking match of request : '/0089/searchdata'; against '/error/**'
05-23-2017 04:14:42.585,DEBUG,AFFA9B34B6FDB0ED5395B70AC636F4A7,Checking match of request : '/0089/searchdata'; against '/0001/**'
05-23-2017 04:14:42.585,DEBUG,AFFA9B34B6FDB0ED5395B70AC636F4A7,Checking match of request : '/0089/searchdata'; against '/0002/**'
05-23-2017 04:14:42.585,DEBUG,AFFA9B34B6FDB0ED5395B70AC636F4A7,Checking match of request : '/0089/searchdata'; against '/0003/**'
05-23-2017 04:14:42.585,DEBUG,AFFA9B34B6FDB0ED5395B70AC636F4A7,Checking match of request : '/0089/searchdata'; against '/0005/**'
05-23-2017 04:14:42.585,DEBUG,AFFA9B34B6FDB0ED5395B70AC636F4A7,Checking match of request : '/0089/searchdata'; against '/0007/**'
05-23-2017 04:14:42.585,DEBUG,AFFA9B34B6FDB0ED5395B70AC636F4A7,Checking match of request : '/0089/searchdata'; against '/0009/**'
05-23-2017 04:14:42.585,DEBUG,AFFA9B34B6FDB0ED5395B70AC636F4A7,Checking match of request : '/0089/searchdata'; against '/0013/**'
05-23-2017 04:14:42.585,DEBUG,AFFA9B34B6FDB0ED5395B70AC636F4A7,Checking match of request : '/0089/searchdata'; against '/0023/**'
05-23-2017 04:14:42.585,DEBUG,AFFA9B34B6FDB0ED5395B70AC636F4A7,Checking match of request : '/0089/searchdata'; against '/0017/**'
05-23-2017 04:14:42.585,DEBUG,AFFA9B34B6FDB0ED5395B70AC636F4A7,Checking match of request : '/0089/searchdata'; against '/0031/**'
05-23-2017 04:14:42.585,DEBUG,AFFA9B34B6FDB0ED5395B70AC636F4A7,Checking match of request : '/0089/searchdata'; against '/0035/**'
05-23-2017 04:14:42.585,DEBUG,AFFA9B34B6FDB0ED5395B70AC636F4A7,Checking match of request : '/0089/searchdata'; against '/0037/**'
05-23-2017 04:14:42.585,DEBUG,AFFA9B34B6FDB0ED5395B70AC636F4A7,Checking match of request : '/0089/searchdata'; against '/0045/**'
05-23-2017 04:14:42.585,DEBUG,AFFA9B34B6FDB0ED5395B70AC636F4A7,Checking match of request : '/0089/searchdata'; against '/0047/**'
05-23-2017 04:14:42.585,DEBUG,AFFA9B34B6FDB0ED5395B70AC636F4A7,Checking match of request : '/0089/searchdata'; against '/0049/**'
05-23-2017 04:14:42.585,DEBUG,AFFA9B34B6FDB0ED5395B70AC636F4A7,Checking match of request : '/0089/searchdata'; against '/0061/**'
05-23-2017 04:14:42.585,DEBUG,AFFA9B34B6FDB0ED5395B70AC636F4A7,Checking match of request : '/0089/searchdata'; against '/0087/**'
05-23-2017 04:14:42.585,DEBUG,AFFA9B34B6FDB0ED5395B70AC636F4A7,Checking match of request : '/0089/searchdata'; against '/0075/**'
05-23-2017 04:14:42.585,DEBUG,AFFA9B34B6FDB0ED5395B70AC636F4A7,Checking match of request : '/0089/searchdata'; against '/0089/**'
05-23-2017 04:14:42.585,DEBUG,AFFA9B34B6FDB0ED5395B70AC636F4A7,Secure object: FilterInvocation: URL: /0089/searchData; Attributes: [ROLE_ADMIN, ROLE_USER, IS_AUTHENTICATED_FULLY]
05-23-2017 04:14:42.585,DEBUG,AFFA9B34B6FDB0ED5395B70AC636F4A7,Previously Authenticated: org.springframework.security.authentication.UsernamePasswordAuthenticationToken@c4911edb: Principal: vn.bananavietnam.ict.common.auth.MyUser@c4907816: Username: U0000000001; Password: [PROTECTED]; Enabled: true; AccountNonExpired: true; credentialsNonExpired: true; AccountNonLocked: true; Granted Authorities: 1; Credentials: [PROTECTED]; Authenticated: true; Details: org.springframework.security.web.authentication.WebAuthenticationDetails@fffe9938: RemoteIpAddress: 0:0:0:0:0:0:0:1; SessionId: CC0BD1B5F777C44F33B06EF6DB434FC4; Granted Authorities: 1
05-23-2017 04:14:42.585,DEBUG,AFFA9B34B6FDB0ED5395B70AC636F4A7,Voter: org.springframework.security.access.vote.RoleVoter@1ac872d, returned: -1
05-23-2017 04:14:42.585,DEBUG,AFFA9B34B6FDB0ED5395B70AC636F4A7,Voter: org.springframework.security.access.vote.AuthenticatedVoter@b1927d, returned: 1
05-23-2017 04:14:42.585,DEBUG,AFFA9B34B6FDB0ED5395B70AC636F4A7,Authorization successful
05-23-2017 04:14:42.585,DEBUG,AFFA9B34B6FDB0ED5395B70AC636F4A7,RunAsManager did not change Authentication object
05-23-2017 04:14:42.585,DEBUG,AFFA9B34B6FDB0ED5395B70AC636F4A7,/0089/searchData reached end of additional filter chain; proceeding with original chain
05-23-2017 04:14:42.585,DEBUG,AFFA9B34B6FDB0ED5395B70AC636F4A7,Request [/ict/0089/searchData] is not a multipart request
05-23-2017 04:14:42.585,DEBUG,AFFA9B34B6FDB0ED5395B70AC636F4A7,DispatcherServlet with name 'appServlet' processing POST request for [/ict/0089/searchData]
05-23-2017 04:14:42.585,DEBUG,AFFA9B34B6FDB0ED5395B70AC636F4A7,Looking up handler method for path /0089/searchData
05-23-2017 04:14:42.586,DEBUG,AFFA9B34B6FDB0ED5395B70AC636F4A7,Returning handler method [public java.util.List<vn.bananavietnam.ict.banana.component.Bnn0089SearchTaskResult> vn.bananavietnam.ict.banana.controller.Bnn0089SearchTaskController.searchData(vn.bananavietnam.ict.banana.component.Bnn0089SearchTaskConditions)]
05-23-2017 04:14:42.586,DEBUG,AFFA9B34B6FDB0ED5395B70AC636F4A7,Returning cached instance of singleton bean 'bnn0089SearchTaskController'
05-23-2017 04:14:42.586,DEBUG,AFFA9B34B6FDB0ED5395B70AC636F4A7,Returning cached instance of singleton bean 'xml_path'
05-23-2017 04:14:42.586,DEBUG,AFFA9B34B6FDB0ED5395B70AC636F4A7,Read [class vn.bananavietnam.ict.banana.component.Bnn0089SearchTaskConditions] as "application/json" with [org.springframework.http.converter.json.MappingJackson2HttpMessageConverter@156f2cc]
05-23-2017 04:14:42.587,INFO ,AFFA9B34B6FDB0ED5395B70AC636F4A7,U0000000001,vn.bananavietnam.ict.banana.service.Bnn0089SearchTaskService,searchData,[vn.bananavietnam.ict.banana.component.Bnn0089SearchTaskConditions@1ca975f] METHOD START
05-23-2017 04:14:42.587,DEBUG,AFFA9B34B6FDB0ED5395B70AC636F4A7,Returning cached instance of singleton bean 'transactionManager'
05-23-2017 04:14:42.587,INFO ,AFFA9B34B6FDB0ED5395B70AC636F4A7,U0000000001,Task searching started
05-23-2017 04:14:42.587,DEBUG,AFFA9B34B6FDB0ED5395B70AC636F4A7,Creating a new SqlSession
05-23-2017 04:14:42.587,DEBUG,AFFA9B34B6FDB0ED5395B70AC636F4A7,Registering transaction synchronization for SqlSession [org.apache.ibatis.session.defaults.DefaultSqlSession@851df6]
05-23-2017 04:14:42.587,DEBUG,AFFA9B34B6FDB0ED5395B70AC636F4A7,Fetching JDBC Connection from DataSource
05-23-2017 04:14:42.587,DEBUG,AFFA9B34B6FDB0ED5395B70AC636F4A7,Creating new JDBC DriverManager Connection to [jdbc:mysql://172.16.0.175:3306/BANANA_DB_HUNG_SELENIUM?useUnicode=yes&characterEncoding=UTF-8&autoReconnect=true]
05-23-2017 04:14:42.604,DEBUG,AFFA9B34B6FDB0ED5395B70AC636F4A7,Registering transaction synchronization for JDBC Connection
05-23-2017 04:14:42.604,DEBUG,AFFA9B34B6FDB0ED5395B70AC636F4A7,JDBC Connection [com.mysql.jdbc.JDBC4Connection@362686] will be managed by Spring
05-23-2017 04:14:42.604,DEBUG,AFFA9B34B6FDB0ED5395B70AC636F4A7,==>  Preparing: SELECT T.TASK_ID taskId, T.TASK_NAME taskName, T.WORKING_DETAILS workingDetails, T.NOTE note, T.QUARANTINE_HANDLING_FLAG quarantineHandlingFlag, T.DELETE_FLAG deleteFlag, T.CHANGE_POINT_CODE changePointCode, T.LAST_UPDATE_DATE lastUpdateDate FROM IVB_M_TASK T WHERE 1 = 1 AND T.DELETE_FLAG = '0' ORDER BY T.TASK_NAME LIMIT ?,? 
05-23-2017 04:14:42.604,DEBUG,AFFA9B34B6FDB0ED5395B70AC636F4A7,==> Parameters: 0(Integer), 20(Integer)
05-23-2017 04:14:42.608,DEBUG,AFFA9B34B6FDB0ED5395B70AC636F4A7,<==      Total: 20
05-23-2017 04:14:42.608,DEBUG,AFFA9B34B6FDB0ED5395B70AC636F4A7,Releasing transactional SqlSession [org.apache.ibatis.session.defaults.DefaultSqlSession@851df6]
05-23-2017 04:14:42.608,INFO ,AFFA9B34B6FDB0ED5395B70AC636F4A7,U0000000001,SQL execution finished
05-23-2017 04:14:42.609,DEBUG,AFFA9B34B6FDB0ED5395B70AC636F4A7,Fetched SqlSession [org.apache.ibatis.session.defaults.DefaultSqlSession@851df6] from current transaction
05-23-2017 04:14:42.609,DEBUG,AFFA9B34B6FDB0ED5395B70AC636F4A7,==>  Preparing: SELECT COUNT(*) FROM IVB_M_TASK T WHERE 1 = 1 AND T.DELETE_FLAG = '0' ORDER BY T.TASK_ID 
05-23-2017 04:14:42.609,DEBUG,AFFA9B34B6FDB0ED5395B70AC636F4A7,==> Parameters: 
05-23-2017 04:14:42.612,DEBUG,AFFA9B34B6FDB0ED5395B70AC636F4A7,<==      Total: 1
05-23-2017 04:14:42.612,DEBUG,AFFA9B34B6FDB0ED5395B70AC636F4A7,Releasing transactional SqlSession [org.apache.ibatis.session.defaults.DefaultSqlSession@851df6]
05-23-2017 04:14:42.612,INFO ,AFFA9B34B6FDB0ED5395B70AC636F4A7,U0000000001,Task searching finished ==> 43 item(s)
05-23-2017 04:14:42.612,DEBUG,AFFA9B34B6FDB0ED5395B70AC636F4A7,Transaction synchronization deregistering SqlSession [org.apache.ibatis.session.defaults.DefaultSqlSession@851df6]
05-23-2017 04:14:42.612,DEBUG,AFFA9B34B6FDB0ED5395B70AC636F4A7,Transaction synchronization closing SqlSession [org.apache.ibatis.session.defaults.DefaultSqlSession@851df6]
05-23-2017 04:14:42.612,DEBUG,AFFA9B34B6FDB0ED5395B70AC636F4A7,Returning JDBC Connection to DataSource
05-23-2017 04:14:42.612,INFO ,AFFA9B34B6FDB0ED5395B70AC636F4A7,U0000000001,vn.bananavietnam.ict.banana.service.Bnn0089SearchTaskService,searchData,[vn.bananavietnam.ict.banana.component.Bnn0089SearchTaskConditions@1ca975f] METHOD END
05-23-2017 04:14:42.615,DEBUG,AFFA9B34B6FDB0ED5395B70AC636F4A7,Written [[vn.bananavietnam.ict.banana.component.Bnn0089SearchTaskResult@12aa6c, vn.bananavietnam.ict.banana.component.Bnn0089SearchTaskResult@11c55c6, vn.bananavietnam.ict.banana.component.Bnn0089SearchTaskResult@10e0818, vn.bananavietnam.ict.banana.component.Bnn0089SearchTaskResult@8687fa, vn.bananavietnam.ict.banana.component.Bnn0089SearchTaskResult@1dc154c, vn.bananavietnam.ict.banana.component.Bnn0089SearchTaskResult@ffd894, vn.bananavietnam.ict.banana.component.Bnn0089SearchTaskResult@13c561b, vn.bananavietnam.ict.banana.component.Bnn0089SearchTaskResult@179a151, vn.bananavietnam.ict.banana.component.Bnn0089SearchTaskResult@3ca407, vn.bananavietnam.ict.banana.component.Bnn0089SearchTaskResult@bbe7ec, vn.bananavietnam.ict.banana.component.Bnn0089SearchTaskResult@11af2ee, vn.bananavietnam.ict.banana.component.Bnn0089SearchTaskResult@197bab5, vn.bananavietnam.ict.banana.component.Bnn0089SearchTaskResult@6e37dc, vn.bananavietnam.ict.banana.component.Bnn0089SearchTaskResult@18925fa, vn.bananavietnam.ict.banana.component.Bnn0089SearchTaskResult@14237a7, vn.bananavietnam.ict.banana.component.Bnn0089SearchTaskResult@1d272e8, vn.bananavietnam.ict.banana.component.Bnn0089SearchTaskResult@f97a59, vn.bananavietnam.ict.banana.component.Bnn0089SearchTaskResult@ff3989, vn.bananavietnam.ict.banana.component.Bnn0089SearchTaskResult@becdfe, vn.bananavietnam.ict.banana.component.Bnn0089SearchTaskResult@15a933]] as "application/json;charset=UTF-8" using [org.springframework.http.converter.json.MappingJackson2HttpMessageConverter@156f2cc]
05-23-2017 04:14:42.616,DEBUG,AFFA9B34B6FDB0ED5395B70AC636F4A7,Null ModelAndView returned to DispatcherServlet with name 'appServlet': assuming HandlerAdapter completed request handling
05-23-2017 04:14:42.616,DEBUG,AFFA9B34B6FDB0ED5395B70AC636F4A7,Successfully completed request
05-23-2017 04:14:42.616,DEBUG,AFFA9B34B6FDB0ED5395B70AC636F4A7,Chain processed normally
05-23-2017 04:14:42.616,DEBUG,AFFA9B34B6FDB0ED5395B70AC636F4A7,SecurityContextHolder now cleared, as request processing completed
