05-23-2017 04:37:54.031,DEBUG,AFFA9B34B6FDB0ED5395B70AC636F4A7,/0089/updateData at position 1 of 11 in additional filter chain; firing Filter: 'SecurityContextPersistenceFilter'
05-23-2017 04:37:54.031,DEBUG,AFFA9B34B6FDB0ED5395B70AC636F4A7,Obtained a valid SecurityContext from SPRING_SECURITY_CONTEXT: 'org.springframework.security.core.context.SecurityContextImpl@3b6bb3bb: Authentication: org.springframework.security.authentication.UsernamePasswordAuthenticationToken@3b6bb3bb: Principal: vn.bananavietnam.ict.common.auth.MyUser@c4907816: Username: U0000000001; Password: [PROTECTED]; Enabled: true; AccountNonExpired: true; credentialsNonExpired: true; AccountNonLocked: true; Granted Authorities: 1; Credentials: [PROTECTED]; Authenticated: true; Details: org.springframework.security.web.authentication.WebAuthenticationDetails@43458: RemoteIpAddress: 0:0:0:0:0:0:0:1; SessionId: A9A445FED817E2A6414D8106C38D3DFA; Granted Authorities: 1'
05-23-2017 04:37:54.031,DEBUG,AFFA9B34B6FDB0ED5395B70AC636F4A7,/0089/updateData at position 2 of 11 in additional filter chain; firing Filter: 'WebAsyncManagerIntegrationFilter'
05-23-2017 04:37:54.031,DEBUG,AFFA9B34B6FDB0ED5395B70AC636F4A7,/0089/updateData at position 3 of 11 in additional filter chain; firing Filter: 'LogoutFilter'
05-23-2017 04:37:54.031,DEBUG,AFFA9B34B6FDB0ED5395B70AC636F4A7,/0089/updateData at position 4 of 11 in additional filter chain; firing Filter: 'UsernamePasswordAuthenticationFilter'
05-23-2017 04:37:54.031,DEBUG,AFFA9B34B6FDB0ED5395B70AC636F4A7,/0089/updateData at position 5 of 11 in additional filter chain; firing Filter: 'BasicAuthenticationFilter'
05-23-2017 04:37:54.031,DEBUG,AFFA9B34B6FDB0ED5395B70AC636F4A7,/0089/updateData at position 6 of 11 in additional filter chain; firing Filter: 'RequestCacheAwareFilter'
05-23-2017 04:37:54.031,DEBUG,AFFA9B34B6FDB0ED5395B70AC636F4A7,/0089/updateData at position 7 of 11 in additional filter chain; firing Filter: 'SecurityContextHolderAwareRequestFilter'
05-23-2017 04:37:54.031,DEBUG,AFFA9B34B6FDB0ED5395B70AC636F4A7,/0089/updateData at position 8 of 11 in additional filter chain; firing Filter: 'AnonymousAuthenticationFilter'
05-23-2017 04:37:54.031,DEBUG,AFFA9B34B6FDB0ED5395B70AC636F4A7,SecurityContextHolder not populated with anonymous token, as it already contained: 'org.springframework.security.authentication.UsernamePasswordAuthenticationToken@3b6bb3bb: Principal: vn.bananavietnam.ict.common.auth.MyUser@c4907816: Username: U0000000001; Password: [PROTECTED]; Enabled: true; AccountNonExpired: true; credentialsNonExpired: true; AccountNonLocked: true; Granted Authorities: 1; Credentials: [PROTECTED]; Authenticated: true; Details: org.springframework.security.web.authentication.WebAuthenticationDetails@43458: RemoteIpAddress: 0:0:0:0:0:0:0:1; SessionId: A9A445FED817E2A6414D8106C38D3DFA; Granted Authorities: 1'
05-23-2017 04:37:54.031,DEBUG,AFFA9B34B6FDB0ED5395B70AC636F4A7,/0089/updateData at position 9 of 11 in additional filter chain; firing Filter: 'SessionManagementFilter'
05-23-2017 04:37:54.031,DEBUG,AFFA9B34B6FDB0ED5395B70AC636F4A7,/0089/updateData at position 10 of 11 in additional filter chain; firing Filter: 'ExceptionTranslationFilter'
05-23-2017 04:37:54.031,DEBUG,AFFA9B34B6FDB0ED5395B70AC636F4A7,/0089/updateData at position 11 of 11 in additional filter chain; firing Filter: 'FilterSecurityInterceptor'
05-23-2017 04:37:54.031,DEBUG,AFFA9B34B6FDB0ED5395B70AC636F4A7,Checking match of request : '/0089/updatedata'; against '/autherror*'
05-23-2017 04:37:54.031,DEBUG,AFFA9B34B6FDB0ED5395B70AC636F4A7,Checking match of request : '/0089/updatedata'; against '/login/**'
05-23-2017 04:37:54.031,DEBUG,AFFA9B34B6FDB0ED5395B70AC636F4A7,Checking match of request : '/0089/updatedata'; against '/error/**'
05-23-2017 04:37:54.031,DEBUG,AFFA9B34B6FDB0ED5395B70AC636F4A7,Checking match of request : '/0089/updatedata'; against '/0001/**'
05-23-2017 04:37:54.031,DEBUG,AFFA9B34B6FDB0ED5395B70AC636F4A7,Checking match of request : '/0089/updatedata'; against '/0002/**'
05-23-2017 04:37:54.031,DEBUG,AFFA9B34B6FDB0ED5395B70AC636F4A7,Checking match of request : '/0089/updatedata'; against '/0003/**'
05-23-2017 04:37:54.031,DEBUG,AFFA9B34B6FDB0ED5395B70AC636F4A7,Checking match of request : '/0089/updatedata'; against '/0005/**'
05-23-2017 04:37:54.031,DEBUG,AFFA9B34B6FDB0ED5395B70AC636F4A7,Checking match of request : '/0089/updatedata'; against '/0007/**'
05-23-2017 04:37:54.031,DEBUG,AFFA9B34B6FDB0ED5395B70AC636F4A7,Checking match of request : '/0089/updatedata'; against '/0009/**'
05-23-2017 04:37:54.031,DEBUG,AFFA9B34B6FDB0ED5395B70AC636F4A7,Checking match of request : '/0089/updatedata'; against '/0013/**'
05-23-2017 04:37:54.031,DEBUG,AFFA9B34B6FDB0ED5395B70AC636F4A7,Checking match of request : '/0089/updatedata'; against '/0023/**'
05-23-2017 04:37:54.031,DEBUG,AFFA9B34B6FDB0ED5395B70AC636F4A7,Checking match of request : '/0089/updatedata'; against '/0017/**'
05-23-2017 04:37:54.031,DEBUG,AFFA9B34B6FDB0ED5395B70AC636F4A7,Checking match of request : '/0089/updatedata'; against '/0031/**'
05-23-2017 04:37:54.031,DEBUG,AFFA9B34B6FDB0ED5395B70AC636F4A7,Checking match of request : '/0089/updatedata'; against '/0035/**'
05-23-2017 04:37:54.031,DEBUG,AFFA9B34B6FDB0ED5395B70AC636F4A7,Checking match of request : '/0089/updatedata'; against '/0037/**'
05-23-2017 04:37:54.031,DEBUG,AFFA9B34B6FDB0ED5395B70AC636F4A7,Checking match of request : '/0089/updatedata'; against '/0045/**'
05-23-2017 04:37:54.031,DEBUG,AFFA9B34B6FDB0ED5395B70AC636F4A7,Checking match of request : '/0089/updatedata'; against '/0047/**'
05-23-2017 04:37:54.031,DEBUG,AFFA9B34B6FDB0ED5395B70AC636F4A7,Checking match of request : '/0089/updatedata'; against '/0049/**'
05-23-2017 04:37:54.031,DEBUG,AFFA9B34B6FDB0ED5395B70AC636F4A7,Checking match of request : '/0089/updatedata'; against '/0061/**'
05-23-2017 04:37:54.031,DEBUG,AFFA9B34B6FDB0ED5395B70AC636F4A7,Checking match of request : '/0089/updatedata'; against '/0087/**'
05-23-2017 04:37:54.031,DEBUG,AFFA9B34B6FDB0ED5395B70AC636F4A7,Checking match of request : '/0089/updatedata'; against '/0075/**'
05-23-2017 04:37:54.031,DEBUG,AFFA9B34B6FDB0ED5395B70AC636F4A7,Checking match of request : '/0089/updatedata'; against '/0089/**'
05-23-2017 04:37:54.031,DEBUG,AFFA9B34B6FDB0ED5395B70AC636F4A7,Secure object: FilterInvocation: URL: /0089/updateData; Attributes: [ROLE_ADMIN, ROLE_USER, IS_AUTHENTICATED_FULLY]
05-23-2017 04:37:54.031,DEBUG,AFFA9B34B6FDB0ED5395B70AC636F4A7,Previously Authenticated: org.springframework.security.authentication.UsernamePasswordAuthenticationToken@3b6bb3bb: Principal: vn.bananavietnam.ict.common.auth.MyUser@c4907816: Username: U0000000001; Password: [PROTECTED]; Enabled: true; AccountNonExpired: true; credentialsNonExpired: true; AccountNonLocked: true; Granted Authorities: 1; Credentials: [PROTECTED]; Authenticated: true; Details: org.springframework.security.web.authentication.WebAuthenticationDetails@43458: RemoteIpAddress: 0:0:0:0:0:0:0:1; SessionId: A9A445FED817E2A6414D8106C38D3DFA; Granted Authorities: 1
05-23-2017 04:37:54.031,DEBUG,AFFA9B34B6FDB0ED5395B70AC636F4A7,Voter: org.springframework.security.access.vote.RoleVoter@1ac872d, returned: -1
05-23-2017 04:37:54.031,DEBUG,AFFA9B34B6FDB0ED5395B70AC636F4A7,Voter: org.springframework.security.access.vote.AuthenticatedVoter@b1927d, returned: 1
05-23-2017 04:37:54.031,DEBUG,AFFA9B34B6FDB0ED5395B70AC636F4A7,Authorization successful
05-23-2017 04:37:54.031,DEBUG,AFFA9B34B6FDB0ED5395B70AC636F4A7,RunAsManager did not change Authentication object
05-23-2017 04:37:54.032,DEBUG,AFFA9B34B6FDB0ED5395B70AC636F4A7,/0089/updateData reached end of additional filter chain; proceeding with original chain
05-23-2017 04:37:54.032,DEBUG,AFFA9B34B6FDB0ED5395B70AC636F4A7,Request [/ict/0089/updateData] is not a multipart request
05-23-2017 04:37:54.032,DEBUG,CCB02991EB6A472BE042E0D9709A21F8,DispatcherServlet with name 'appServlet' processing POST request for [/ict/0089/updateData]
05-23-2017 04:37:54.032,DEBUG,CCB02991EB6A472BE042E0D9709A21F8,Looking up handler method for path /0089/updateData
05-23-2017 04:37:54.032,DEBUG,CCB02991EB6A472BE042E0D9709A21F8,Returning handler method [public java.lang.String vn.bananavietnam.ict.banana.controller.Bnn0089SearchTaskController.updateData(vn.bananavietnam.ict.common.db.model.IvbMTask)]
05-23-2017 04:37:54.032,DEBUG,CCB02991EB6A472BE042E0D9709A21F8,Returning cached instance of singleton bean 'bnn0089SearchTaskController'
05-23-2017 04:37:54.032,DEBUG,CCB02991EB6A472BE042E0D9709A21F8,Returning cached instance of singleton bean 'xml_path'
05-23-2017 04:37:54.032,DEBUG,CCB02991EB6A472BE042E0D9709A21F8,Read [class vn.bananavietnam.ict.common.db.model.IvbMTask] as "application/json" with [org.springframework.http.converter.json.MappingJackson2HttpMessageConverter@156f2cc]
05-23-2017 04:37:54.032,INFO ,CCB02991EB6A472BE042E0D9709A21F8,U0000000001,vn.bananavietnam.ict.banana.service.Bnn0089SearchTaskService,updateData,[vn.bananavietnam.ict.common.db.model.IvbMTask@1030d04] METHOD START
05-23-2017 04:37:54.032,DEBUG,CCB02991EB6A472BE042E0D9709A21F8,Returning cached instance of singleton bean 'transactionManager'
05-23-2017 04:37:54.033,DEBUG,CCB02991EB6A472BE042E0D9709A21F8,Creating new transaction with name [null]: PROPAGATION_REQUIRED,ISOLATION_DEFAULT
05-23-2017 04:37:54.033,DEBUG,CCB02991EB6A472BE042E0D9709A21F8,Creating new JDBC DriverManager Connection to [jdbc:mysql://172.16.0.175:3306/BANANA_DB_HUNG_SELENIUM?useUnicode=yes&characterEncoding=UTF-8&autoReconnect=true]
05-23-2017 04:37:58.041,ERROR,CCB02991EB6A472BE042E0D9709A21F8,U0000000001,java.lang.Exception: Could not open JDBC Connection for transaction; nested exception is com.mysql.jdbc.exceptions.jdbc4.MySQLNonTransientConnectionException: Could not create connection to database server. Attempted reconnect 3 times. Giving up.
05-23-2017 04:37:58.041,INFO ,CCB02991EB6A472BE042E0D9709A21F8,U0000000001,vn.bananavietnam.ict.banana.service.Bnn0089SearchTaskService,updateData,[vn.bananavietnam.ict.common.db.model.IvbMTask@1030d04] METHOD END
05-23-2017 04:37:58.043,DEBUG,CCB02991EB6A472BE042E0D9709A21F8,Written [4006] as "text/plain;charset=ISO-8859-1" using [org.springframework.http.converter.StringHttpMessageConverter@10ddb9c]
05-23-2017 04:37:58.043,DEBUG,CCB02991EB6A472BE042E0D9709A21F8,Null ModelAndView returned to DispatcherServlet with name 'appServlet': assuming HandlerAdapter completed request handling
05-23-2017 04:37:58.043,DEBUG,CCB02991EB6A472BE042E0D9709A21F8,Successfully completed request
05-23-2017 04:37:58.043,DEBUG,CCB02991EB6A472BE042E0D9709A21F8,Chain processed normally
05-23-2017 04:37:58.044,DEBUG,CCB02991EB6A472BE042E0D9709A21F8,SecurityContextHolder now cleared, as request processing completed
05-23-2017 04:38:27.257,DEBUG,A9A445FED817E2A6414D8106C38D3DFA,/0089/searchData at position 1 of 11 in additional filter chain; firing Filter: 'SecurityContextPersistenceFilter'
05-23-2017 04:38:27.257,DEBUG,A9A445FED817E2A6414D8106C38D3DFA,Obtained a valid SecurityContext from SPRING_SECURITY_CONTEXT: 'org.springframework.security.core.context.SecurityContextImpl@3b6bb3bb: Authentication: org.springframework.security.authentication.UsernamePasswordAuthenticationToken@3b6bb3bb: Principal: vn.bananavietnam.ict.common.auth.MyUser@c4907816: Username: U0000000001; Password: [PROTECTED]; Enabled: true; AccountNonExpired: true; credentialsNonExpired: true; AccountNonLocked: true; Granted Authorities: 1; Credentials: [PROTECTED]; Authenticated: true; Details: org.springframework.security.web.authentication.WebAuthenticationDetails@43458: RemoteIpAddress: 0:0:0:0:0:0:0:1; SessionId: A9A445FED817E2A6414D8106C38D3DFA; Granted Authorities: 1'
05-23-2017 04:38:27.257,DEBUG,A9A445FED817E2A6414D8106C38D3DFA,/0089/searchData at position 2 of 11 in additional filter chain; firing Filter: 'WebAsyncManagerIntegrationFilter'
05-23-2017 04:38:27.257,DEBUG,A9A445FED817E2A6414D8106C38D3DFA,/0089/searchData at position 3 of 11 in additional filter chain; firing Filter: 'LogoutFilter'
05-23-2017 04:38:27.257,DEBUG,A9A445FED817E2A6414D8106C38D3DFA,/0089/searchData at position 4 of 11 in additional filter chain; firing Filter: 'UsernamePasswordAuthenticationFilter'
05-23-2017 04:38:27.257,DEBUG,A9A445FED817E2A6414D8106C38D3DFA,/0089/searchData at position 5 of 11 in additional filter chain; firing Filter: 'BasicAuthenticationFilter'
05-23-2017 04:38:27.257,DEBUG,A9A445FED817E2A6414D8106C38D3DFA,/0089/searchData at position 6 of 11 in additional filter chain; firing Filter: 'RequestCacheAwareFilter'
05-23-2017 04:38:27.257,DEBUG,A9A445FED817E2A6414D8106C38D3DFA,/0089/searchData at position 7 of 11 in additional filter chain; firing Filter: 'SecurityContextHolderAwareRequestFilter'
05-23-2017 04:38:27.257,DEBUG,A9A445FED817E2A6414D8106C38D3DFA,/0089/searchData at position 8 of 11 in additional filter chain; firing Filter: 'AnonymousAuthenticationFilter'
05-23-2017 04:38:27.257,DEBUG,A9A445FED817E2A6414D8106C38D3DFA,SecurityContextHolder not populated with anonymous token, as it already contained: 'org.springframework.security.authentication.UsernamePasswordAuthenticationToken@3b6bb3bb: Principal: vn.bananavietnam.ict.common.auth.MyUser@c4907816: Username: U0000000001; Password: [PROTECTED]; Enabled: true; AccountNonExpired: true; credentialsNonExpired: true; AccountNonLocked: true; Granted Authorities: 1; Credentials: [PROTECTED]; Authenticated: true; Details: org.springframework.security.web.authentication.WebAuthenticationDetails@43458: RemoteIpAddress: 0:0:0:0:0:0:0:1; SessionId: A9A445FED817E2A6414D8106C38D3DFA; Granted Authorities: 1'
05-23-2017 04:38:27.257,DEBUG,A9A445FED817E2A6414D8106C38D3DFA,/0089/searchData at position 9 of 11 in additional filter chain; firing Filter: 'SessionManagementFilter'
05-23-2017 04:38:27.257,DEBUG,A9A445FED817E2A6414D8106C38D3DFA,/0089/searchData at position 10 of 11 in additional filter chain; firing Filter: 'ExceptionTranslationFilter'
05-23-2017 04:38:27.257,DEBUG,A9A445FED817E2A6414D8106C38D3DFA,/0089/searchData at position 11 of 11 in additional filter chain; firing Filter: 'FilterSecurityInterceptor'
05-23-2017 04:38:27.257,DEBUG,A9A445FED817E2A6414D8106C38D3DFA,Checking match of request : '/0089/searchdata'; against '/autherror*'
05-23-2017 04:38:27.258,DEBUG,A9A445FED817E2A6414D8106C38D3DFA,Checking match of request : '/0089/searchdata'; against '/login/**'
05-23-2017 04:38:27.258,DEBUG,A9A445FED817E2A6414D8106C38D3DFA,Checking match of request : '/0089/searchdata'; against '/error/**'
05-23-2017 04:38:27.258,DEBUG,A9A445FED817E2A6414D8106C38D3DFA,Checking match of request : '/0089/searchdata'; against '/0001/**'
05-23-2017 04:38:27.258,DEBUG,A9A445FED817E2A6414D8106C38D3DFA,Checking match of request : '/0089/searchdata'; against '/0002/**'
05-23-2017 04:38:27.258,DEBUG,A9A445FED817E2A6414D8106C38D3DFA,Checking match of request : '/0089/searchdata'; against '/0003/**'
05-23-2017 04:38:27.258,DEBUG,A9A445FED817E2A6414D8106C38D3DFA,Checking match of request : '/0089/searchdata'; against '/0005/**'
05-23-2017 04:38:27.258,DEBUG,A9A445FED817E2A6414D8106C38D3DFA,Checking match of request : '/0089/searchdata'; against '/0007/**'
05-23-2017 04:38:27.258,DEBUG,A9A445FED817E2A6414D8106C38D3DFA,Checking match of request : '/0089/searchdata'; against '/0009/**'
05-23-2017 04:38:27.258,DEBUG,A9A445FED817E2A6414D8106C38D3DFA,Checking match of request : '/0089/searchdata'; against '/0013/**'
05-23-2017 04:38:27.258,DEBUG,A9A445FED817E2A6414D8106C38D3DFA,Checking match of request : '/0089/searchdata'; against '/0023/**'
05-23-2017 04:38:27.258,DEBUG,A9A445FED817E2A6414D8106C38D3DFA,Checking match of request : '/0089/searchdata'; against '/0017/**'
05-23-2017 04:38:27.258,DEBUG,A9A445FED817E2A6414D8106C38D3DFA,Checking match of request : '/0089/searchdata'; against '/0031/**'
05-23-2017 04:38:27.258,DEBUG,A9A445FED817E2A6414D8106C38D3DFA,Checking match of request : '/0089/searchdata'; against '/0035/**'
05-23-2017 04:38:27.258,DEBUG,A9A445FED817E2A6414D8106C38D3DFA,Checking match of request : '/0089/searchdata'; against '/0037/**'
05-23-2017 04:38:27.258,DEBUG,A9A445FED817E2A6414D8106C38D3DFA,Checking match of request : '/0089/searchdata'; against '/0045/**'
05-23-2017 04:38:27.258,DEBUG,A9A445FED817E2A6414D8106C38D3DFA,Checking match of request : '/0089/searchdata'; against '/0047/**'
05-23-2017 04:38:27.258,DEBUG,A9A445FED817E2A6414D8106C38D3DFA,Checking match of request : '/0089/searchdata'; against '/0049/**'
05-23-2017 04:38:27.258,DEBUG,A9A445FED817E2A6414D8106C38D3DFA,Checking match of request : '/0089/searchdata'; against '/0061/**'
05-23-2017 04:38:27.258,DEBUG,A9A445FED817E2A6414D8106C38D3DFA,Checking match of request : '/0089/searchdata'; against '/0087/**'
05-23-2017 04:38:27.258,DEBUG,A9A445FED817E2A6414D8106C38D3DFA,Checking match of request : '/0089/searchdata'; against '/0075/**'
05-23-2017 04:38:27.258,DEBUG,A9A445FED817E2A6414D8106C38D3DFA,Checking match of request : '/0089/searchdata'; against '/0089/**'
05-23-2017 04:38:27.258,DEBUG,A9A445FED817E2A6414D8106C38D3DFA,Secure object: FilterInvocation: URL: /0089/searchData; Attributes: [ROLE_ADMIN, ROLE_USER, IS_AUTHENTICATED_FULLY]
05-23-2017 04:38:27.258,DEBUG,A9A445FED817E2A6414D8106C38D3DFA,Previously Authenticated: org.springframework.security.authentication.UsernamePasswordAuthenticationToken@3b6bb3bb: Principal: vn.bananavietnam.ict.common.auth.MyUser@c4907816: Username: U0000000001; Password: [PROTECTED]; Enabled: true; AccountNonExpired: true; credentialsNonExpired: true; AccountNonLocked: true; Granted Authorities: 1; Credentials: [PROTECTED]; Authenticated: true; Details: org.springframework.security.web.authentication.WebAuthenticationDetails@43458: RemoteIpAddress: 0:0:0:0:0:0:0:1; SessionId: A9A445FED817E2A6414D8106C38D3DFA; Granted Authorities: 1
05-23-2017 04:38:27.258,DEBUG,A9A445FED817E2A6414D8106C38D3DFA,Voter: org.springframework.security.access.vote.RoleVoter@1ac872d, returned: -1
05-23-2017 04:38:27.258,DEBUG,A9A445FED817E2A6414D8106C38D3DFA,Voter: org.springframework.security.access.vote.AuthenticatedVoter@b1927d, returned: 1
05-23-2017 04:38:27.258,DEBUG,A9A445FED817E2A6414D8106C38D3DFA,Authorization successful
05-23-2017 04:38:27.258,DEBUG,A9A445FED817E2A6414D8106C38D3DFA,RunAsManager did not change Authentication object
05-23-2017 04:38:27.258,DEBUG,A9A445FED817E2A6414D8106C38D3DFA,/0089/searchData reached end of additional filter chain; proceeding with original chain
05-23-2017 04:38:27.258,DEBUG,A9A445FED817E2A6414D8106C38D3DFA,Request [/ict/0089/searchData] is not a multipart request
05-23-2017 04:38:27.259,DEBUG,CCB02991EB6A472BE042E0D9709A21F8,DispatcherServlet with name 'appServlet' processing POST request for [/ict/0089/searchData]
05-23-2017 04:38:27.259,DEBUG,CCB02991EB6A472BE042E0D9709A21F8,Looking up handler method for path /0089/searchData
05-23-2017 04:38:27.259,DEBUG,CCB02991EB6A472BE042E0D9709A21F8,Returning handler method [public java.util.List<vn.bananavietnam.ict.banana.component.Bnn0089SearchTaskResult> vn.bananavietnam.ict.banana.controller.Bnn0089SearchTaskController.searchData(vn.bananavietnam.ict.banana.component.Bnn0089SearchTaskConditions)]
05-23-2017 04:38:27.259,DEBUG,CCB02991EB6A472BE042E0D9709A21F8,Returning cached instance of singleton bean 'bnn0089SearchTaskController'
05-23-2017 04:38:27.259,DEBUG,CCB02991EB6A472BE042E0D9709A21F8,Returning cached instance of singleton bean 'xml_path'
05-23-2017 04:38:27.260,DEBUG,CCB02991EB6A472BE042E0D9709A21F8,Read [class vn.bananavietnam.ict.banana.component.Bnn0089SearchTaskConditions] as "application/json" with [org.springframework.http.converter.json.MappingJackson2HttpMessageConverter@156f2cc]
05-23-2017 04:38:27.260,INFO ,CCB02991EB6A472BE042E0D9709A21F8,U0000000001,vn.bananavietnam.ict.banana.service.Bnn0089SearchTaskService,searchData,[vn.bananavietnam.ict.banana.component.Bnn0089SearchTaskConditions@1733e1a] METHOD START
05-23-2017 04:38:27.260,DEBUG,CCB02991EB6A472BE042E0D9709A21F8,Returning cached instance of singleton bean 'transactionManager'
05-23-2017 04:38:27.260,INFO ,CCB02991EB6A472BE042E0D9709A21F8,U0000000001,Task searching started
05-23-2017 04:38:27.260,DEBUG,CCB02991EB6A472BE042E0D9709A21F8,Creating a new SqlSession
05-23-2017 04:38:27.260,DEBUG,CCB02991EB6A472BE042E0D9709A21F8,Registering transaction synchronization for SqlSession [org.apache.ibatis.session.defaults.DefaultSqlSession@9f7b8c]
05-23-2017 04:38:27.261,DEBUG,CCB02991EB6A472BE042E0D9709A21F8,Fetching JDBC Connection from DataSource
05-23-2017 04:38:27.261,DEBUG,CCB02991EB6A472BE042E0D9709A21F8,Creating new JDBC DriverManager Connection to [jdbc:mysql://172.16.0.175:3306/BANANA_DB_HUNG_SELENIUM?useUnicode=yes&characterEncoding=UTF-8&autoReconnect=true]
05-23-2017 04:38:27.279,DEBUG,CCB02991EB6A472BE042E0D9709A21F8,Registering transaction synchronization for JDBC Connection
05-23-2017 04:38:27.279,DEBUG,CCB02991EB6A472BE042E0D9709A21F8,JDBC Connection [com.mysql.jdbc.JDBC4Connection@19cabf8] will be managed by Spring
05-23-2017 04:38:27.279,DEBUG,CCB02991EB6A472BE042E0D9709A21F8,==>  Preparing: SELECT T.TASK_ID taskId, T.TASK_NAME taskName, T.WORKING_DETAILS workingDetails, T.NOTE note, T.QUARANTINE_HANDLING_FLAG quarantineHandlingFlag, T.DELETE_FLAG deleteFlag, T.CHANGE_POINT_CODE changePointCode, T.LAST_UPDATE_DATE lastUpdateDate FROM IVB_M_TASK T WHERE 1 = 1 AND T.DELETE_FLAG = '0' ORDER BY T.TASK_NAME LIMIT ?,? 
05-23-2017 04:38:27.279,DEBUG,CCB02991EB6A472BE042E0D9709A21F8,==> Parameters: 0(Integer), 20(Integer)
05-23-2017 04:38:27.282,DEBUG,CCB02991EB6A472BE042E0D9709A21F8,<==      Total: 20
05-23-2017 04:38:27.282,DEBUG,CCB02991EB6A472BE042E0D9709A21F8,Releasing transactional SqlSession [org.apache.ibatis.session.defaults.DefaultSqlSession@9f7b8c]
05-23-2017 04:38:27.283,INFO ,CCB02991EB6A472BE042E0D9709A21F8,U0000000001,SQL execution finished
05-23-2017 04:38:27.283,DEBUG,CCB02991EB6A472BE042E0D9709A21F8,Fetched SqlSession [org.apache.ibatis.session.defaults.DefaultSqlSession@9f7b8c] from current transaction
05-23-2017 04:38:27.283,DEBUG,CCB02991EB6A472BE042E0D9709A21F8,==>  Preparing: SELECT COUNT(*) FROM IVB_M_TASK T WHERE 1 = 1 AND T.DELETE_FLAG = '0' ORDER BY T.TASK_ID 
05-23-2017 04:38:27.283,DEBUG,CCB02991EB6A472BE042E0D9709A21F8,==> Parameters: 
05-23-2017 04:38:27.284,DEBUG,CCB02991EB6A472BE042E0D9709A21F8,<==      Total: 1
05-23-2017 04:38:27.284,DEBUG,CCB02991EB6A472BE042E0D9709A21F8,Releasing transactional SqlSession [org.apache.ibatis.session.defaults.DefaultSqlSession@9f7b8c]
05-23-2017 04:38:27.284,INFO ,CCB02991EB6A472BE042E0D9709A21F8,U0000000001,Task searching finished ==> 43 item(s)
05-23-2017 04:38:27.284,DEBUG,CCB02991EB6A472BE042E0D9709A21F8,Transaction synchronization deregistering SqlSession [org.apache.ibatis.session.defaults.DefaultSqlSession@9f7b8c]
05-23-2017 04:38:27.284,DEBUG,CCB02991EB6A472BE042E0D9709A21F8,Transaction synchronization closing SqlSession [org.apache.ibatis.session.defaults.DefaultSqlSession@9f7b8c]
05-23-2017 04:38:27.284,DEBUG,CCB02991EB6A472BE042E0D9709A21F8,Returning JDBC Connection to DataSource
05-23-2017 04:38:27.284,INFO ,CCB02991EB6A472BE042E0D9709A21F8,U0000000001,vn.bananavietnam.ict.banana.service.Bnn0089SearchTaskService,searchData,[vn.bananavietnam.ict.banana.component.Bnn0089SearchTaskConditions@1733e1a] METHOD END
05-23-2017 04:38:27.287,DEBUG,CCB02991EB6A472BE042E0D9709A21F8,Written [[vn.bananavietnam.ict.banana.component.Bnn0089SearchTaskResult@7e3878, vn.bananavietnam.ict.banana.component.Bnn0089SearchTaskResult@2c6584, vn.bananavietnam.ict.banana.component.Bnn0089SearchTaskResult@13da513, vn.bananavietnam.ict.banana.component.Bnn0089SearchTaskResult@1f02e24, vn.bananavietnam.ict.banana.component.Bnn0089SearchTaskResult@1a6cda, vn.bananavietnam.ict.banana.component.Bnn0089SearchTaskResult@1012498, vn.bananavietnam.ict.banana.component.Bnn0089SearchTaskResult@1500256, vn.bananavietnam.ict.banana.component.Bnn0089SearchTaskResult@16b8b16, vn.bananavietnam.ict.banana.component.Bnn0089SearchTaskResult@a85a5d, vn.bananavietnam.ict.banana.component.Bnn0089SearchTaskResult@f39df4, vn.bananavietnam.ict.banana.component.Bnn0089SearchTaskResult@102640e, vn.bananavietnam.ict.banana.component.Bnn0089SearchTaskResult@e47343, vn.bananavietnam.ict.banana.component.Bnn0089SearchTaskResult@eabe70, vn.bananavietnam.ict.banana.component.Bnn0089SearchTaskResult@2294e4, vn.bananavietnam.ict.banana.component.Bnn0089SearchTaskResult@e8b33a, vn.bananavietnam.ict.banana.component.Bnn0089SearchTaskResult@19baacf, vn.bananavietnam.ict.banana.component.Bnn0089SearchTaskResult@8d80f2, vn.bananavietnam.ict.banana.component.Bnn0089SearchTaskResult@92bd33, vn.bananavietnam.ict.banana.component.Bnn0089SearchTaskResult@1c0b0b8, vn.bananavietnam.ict.banana.component.Bnn0089SearchTaskResult@1bbb41d]] as "application/json;charset=UTF-8" using [org.springframework.http.converter.json.MappingJackson2HttpMessageConverter@156f2cc]
05-23-2017 04:38:27.287,DEBUG,CCB02991EB6A472BE042E0D9709A21F8,Null ModelAndView returned to DispatcherServlet with name 'appServlet': assuming HandlerAdapter completed request handling
05-23-2017 04:38:27.287,DEBUG,CCB02991EB6A472BE042E0D9709A21F8,Successfully completed request
05-23-2017 04:38:27.287,DEBUG,CCB02991EB6A472BE042E0D9709A21F8,Chain processed normally
05-23-2017 04:38:27.287,DEBUG,CCB02991EB6A472BE042E0D9709A21F8,SecurityContextHolder now cleared, as request processing completed
05-23-2017 04:38:28.358,DEBUG,A9A445FED817E2A6414D8106C38D3DFA,/0089/getSingleData at position 1 of 11 in additional filter chain; firing Filter: 'SecurityContextPersistenceFilter'
05-23-2017 04:38:28.359,DEBUG,A9A445FED817E2A6414D8106C38D3DFA,Obtained a valid SecurityContext from SPRING_SECURITY_CONTEXT: 'org.springframework.security.core.context.SecurityContextImpl@3b6bb3bb: Authentication: org.springframework.security.authentication.UsernamePasswordAuthenticationToken@3b6bb3bb: Principal: vn.bananavietnam.ict.common.auth.MyUser@c4907816: Username: U0000000001; Password: [PROTECTED]; Enabled: true; AccountNonExpired: true; credentialsNonExpired: true; AccountNonLocked: true; Granted Authorities: 1; Credentials: [PROTECTED]; Authenticated: true; Details: org.springframework.security.web.authentication.WebAuthenticationDetails@43458: RemoteIpAddress: 0:0:0:0:0:0:0:1; SessionId: A9A445FED817E2A6414D8106C38D3DFA; Granted Authorities: 1'
05-23-2017 04:38:28.359,DEBUG,A9A445FED817E2A6414D8106C38D3DFA,/0089/getSingleData at position 2 of 11 in additional filter chain; firing Filter: 'WebAsyncManagerIntegrationFilter'
05-23-2017 04:38:28.359,DEBUG,A9A445FED817E2A6414D8106C38D3DFA,/0089/getSingleData at position 3 of 11 in additional filter chain; firing Filter: 'LogoutFilter'
05-23-2017 04:38:28.359,DEBUG,A9A445FED817E2A6414D8106C38D3DFA,/0089/getSingleData at position 4 of 11 in additional filter chain; firing Filter: 'UsernamePasswordAuthenticationFilter'
05-23-2017 04:38:28.359,DEBUG,A9A445FED817E2A6414D8106C38D3DFA,/0089/getSingleData at position 5 of 11 in additional filter chain; firing Filter: 'BasicAuthenticationFilter'
05-23-2017 04:38:28.359,DEBUG,A9A445FED817E2A6414D8106C38D3DFA,/0089/getSingleData at position 6 of 11 in additional filter chain; firing Filter: 'RequestCacheAwareFilter'
05-23-2017 04:38:28.359,DEBUG,A9A445FED817E2A6414D8106C38D3DFA,/0089/getSingleData at position 7 of 11 in additional filter chain; firing Filter: 'SecurityContextHolderAwareRequestFilter'
05-23-2017 04:38:28.359,DEBUG,A9A445FED817E2A6414D8106C38D3DFA,/0089/getSingleData at position 8 of 11 in additional filter chain; firing Filter: 'AnonymousAuthenticationFilter'
05-23-2017 04:38:28.359,DEBUG,A9A445FED817E2A6414D8106C38D3DFA,SecurityContextHolder not populated with anonymous token, as it already contained: 'org.springframework.security.authentication.UsernamePasswordAuthenticationToken@3b6bb3bb: Principal: vn.bananavietnam.ict.common.auth.MyUser@c4907816: Username: U0000000001; Password: [PROTECTED]; Enabled: true; AccountNonExpired: true; credentialsNonExpired: true; AccountNonLocked: true; Granted Authorities: 1; Credentials: [PROTECTED]; Authenticated: true; Details: org.springframework.security.web.authentication.WebAuthenticationDetails@43458: RemoteIpAddress: 0:0:0:0:0:0:0:1; SessionId: A9A445FED817E2A6414D8106C38D3DFA; Granted Authorities: 1'
05-23-2017 04:38:28.359,DEBUG,A9A445FED817E2A6414D8106C38D3DFA,/0089/getSingleData at position 9 of 11 in additional filter chain; firing Filter: 'SessionManagementFilter'
05-23-2017 04:38:28.359,DEBUG,A9A445FED817E2A6414D8106C38D3DFA,/0089/getSingleData at position 10 of 11 in additional filter chain; firing Filter: 'ExceptionTranslationFilter'
05-23-2017 04:38:28.359,DEBUG,A9A445FED817E2A6414D8106C38D3DFA,/0089/getSingleData at position 11 of 11 in additional filter chain; firing Filter: 'FilterSecurityInterceptor'
05-23-2017 04:38:28.359,DEBUG,A9A445FED817E2A6414D8106C38D3DFA,Checking match of request : '/0089/getsingledata'; against '/autherror*'
05-23-2017 04:38:28.359,DEBUG,A9A445FED817E2A6414D8106C38D3DFA,Checking match of request : '/0089/getsingledata'; against '/login/**'
05-23-2017 04:38:28.359,DEBUG,A9A445FED817E2A6414D8106C38D3DFA,Checking match of request : '/0089/getsingledata'; against '/error/**'
05-23-2017 04:38:28.359,DEBUG,A9A445FED817E2A6414D8106C38D3DFA,Checking match of request : '/0089/getsingledata'; against '/0001/**'
05-23-2017 04:38:28.359,DEBUG,A9A445FED817E2A6414D8106C38D3DFA,Checking match of request : '/0089/getsingledata'; against '/0002/**'
05-23-2017 04:38:28.359,DEBUG,A9A445FED817E2A6414D8106C38D3DFA,Checking match of request : '/0089/getsingledata'; against '/0003/**'
05-23-2017 04:38:28.359,DEBUG,A9A445FED817E2A6414D8106C38D3DFA,Checking match of request : '/0089/getsingledata'; against '/0005/**'
05-23-2017 04:38:28.359,DEBUG,A9A445FED817E2A6414D8106C38D3DFA,Checking match of request : '/0089/getsingledata'; against '/0007/**'
05-23-2017 04:38:28.359,DEBUG,A9A445FED817E2A6414D8106C38D3DFA,Checking match of request : '/0089/getsingledata'; against '/0009/**'
05-23-2017 04:38:28.359,DEBUG,A9A445FED817E2A6414D8106C38D3DFA,Checking match of request : '/0089/getsingledata'; against '/0013/**'
05-23-2017 04:38:28.359,DEBUG,A9A445FED817E2A6414D8106C38D3DFA,Checking match of request : '/0089/getsingledata'; against '/0023/**'
05-23-2017 04:38:28.359,DEBUG,A9A445FED817E2A6414D8106C38D3DFA,Checking match of request : '/0089/getsingledata'; against '/0017/**'
05-23-2017 04:38:28.359,DEBUG,A9A445FED817E2A6414D8106C38D3DFA,Checking match of request : '/0089/getsingledata'; against '/0031/**'
05-23-2017 04:38:28.359,DEBUG,A9A445FED817E2A6414D8106C38D3DFA,Checking match of request : '/0089/getsingledata'; against '/0035/**'
05-23-2017 04:38:28.359,DEBUG,A9A445FED817E2A6414D8106C38D3DFA,Checking match of request : '/0089/getsingledata'; against '/0037/**'
05-23-2017 04:38:28.359,DEBUG,A9A445FED817E2A6414D8106C38D3DFA,Checking match of request : '/0089/getsingledata'; against '/0045/**'
05-23-2017 04:38:28.359,DEBUG,A9A445FED817E2A6414D8106C38D3DFA,Checking match of request : '/0089/getsingledata'; against '/0047/**'
05-23-2017 04:38:28.359,DEBUG,A9A445FED817E2A6414D8106C38D3DFA,Checking match of request : '/0089/getsingledata'; against '/0049/**'
05-23-2017 04:38:28.359,DEBUG,A9A445FED817E2A6414D8106C38D3DFA,Checking match of request : '/0089/getsingledata'; against '/0061/**'
05-23-2017 04:38:28.359,DEBUG,A9A445FED817E2A6414D8106C38D3DFA,Checking match of request : '/0089/getsingledata'; against '/0087/**'
05-23-2017 04:38:28.359,DEBUG,A9A445FED817E2A6414D8106C38D3DFA,Checking match of request : '/0089/getsingledata'; against '/0075/**'
05-23-2017 04:38:28.360,DEBUG,A9A445FED817E2A6414D8106C38D3DFA,Checking match of request : '/0089/getsingledata'; against '/0089/**'
05-23-2017 04:38:28.360,DEBUG,A9A445FED817E2A6414D8106C38D3DFA,Secure object: FilterInvocation: URL: /0089/getSingleData; Attributes: [ROLE_ADMIN, ROLE_USER, IS_AUTHENTICATED_FULLY]
05-23-2017 04:38:28.360,DEBUG,A9A445FED817E2A6414D8106C38D3DFA,Previously Authenticated: org.springframework.security.authentication.UsernamePasswordAuthenticationToken@3b6bb3bb: Principal: vn.bananavietnam.ict.common.auth.MyUser@c4907816: Username: U0000000001; Password: [PROTECTED]; Enabled: true; AccountNonExpired: true; credentialsNonExpired: true; AccountNonLocked: true; Granted Authorities: 1; Credentials: [PROTECTED]; Authenticated: true; Details: org.springframework.security.web.authentication.WebAuthenticationDetails@43458: RemoteIpAddress: 0:0:0:0:0:0:0:1; SessionId: A9A445FED817E2A6414D8106C38D3DFA; Granted Authorities: 1
05-23-2017 04:38:28.360,DEBUG,A9A445FED817E2A6414D8106C38D3DFA,Voter: org.springframework.security.access.vote.RoleVoter@1ac872d, returned: -1
05-23-2017 04:38:28.360,DEBUG,A9A445FED817E2A6414D8106C38D3DFA,Voter: org.springframework.security.access.vote.AuthenticatedVoter@b1927d, returned: 1
05-23-2017 04:38:28.360,DEBUG,A9A445FED817E2A6414D8106C38D3DFA,Authorization successful
05-23-2017 04:38:28.360,DEBUG,A9A445FED817E2A6414D8106C38D3DFA,RunAsManager did not change Authentication object
05-23-2017 04:38:28.360,DEBUG,A9A445FED817E2A6414D8106C38D3DFA,/0089/getSingleData reached end of additional filter chain; proceeding with original chain
05-23-2017 04:38:28.360,DEBUG,A9A445FED817E2A6414D8106C38D3DFA,Request [/ict/0089/getSingleData] is not a multipart request
05-23-2017 04:38:28.360,DEBUG,CCB02991EB6A472BE042E0D9709A21F8,DispatcherServlet with name 'appServlet' processing POST request for [/ict/0089/getSingleData]
05-23-2017 04:38:28.360,DEBUG,CCB02991EB6A472BE042E0D9709A21F8,Looking up handler method for path /0089/getSingleData
05-23-2017 04:38:28.360,DEBUG,CCB02991EB6A472BE042E0D9709A21F8,Returning handler method [public vn.bananavietnam.ict.common.db.model.IvbMTask vn.bananavietnam.ict.banana.controller.Bnn0089SearchTaskController.getSingleData(vn.bananavietnam.ict.banana.component.Bnn0089SearchTaskConditions)]
05-23-2017 04:38:28.360,DEBUG,CCB02991EB6A472BE042E0D9709A21F8,Returning cached instance of singleton bean 'bnn0089SearchTaskController'
05-23-2017 04:38:28.360,DEBUG,CCB02991EB6A472BE042E0D9709A21F8,Returning cached instance of singleton bean 'xml_path'
05-23-2017 04:38:28.361,DEBUG,CCB02991EB6A472BE042E0D9709A21F8,Read [class vn.bananavietnam.ict.banana.component.Bnn0089SearchTaskConditions] as "application/json" with [org.springframework.http.converter.json.MappingJackson2HttpMessageConverter@156f2cc]
05-23-2017 04:38:28.361,INFO ,CCB02991EB6A472BE042E0D9709A21F8,U0000000001,vn.bananavietnam.ict.banana.service.Bnn0089SearchTaskService,getSingleData,[vn.bananavietnam.ict.banana.component.Bnn0089SearchTaskConditions@184da9d] METHOD START
05-23-2017 04:38:28.361,DEBUG,CCB02991EB6A472BE042E0D9709A21F8,Returning cached instance of singleton bean 'transactionManager'
05-23-2017 04:38:28.361,DEBUG,CCB02991EB6A472BE042E0D9709A21F8,Creating a new SqlSession
05-23-2017 04:38:28.361,DEBUG,CCB02991EB6A472BE042E0D9709A21F8,Registering transaction synchronization for SqlSession [org.apache.ibatis.session.defaults.DefaultSqlSession@1572de5]
05-23-2017 04:38:28.361,DEBUG,CCB02991EB6A472BE042E0D9709A21F8,Fetching JDBC Connection from DataSource
05-23-2017 04:38:28.361,DEBUG,CCB02991EB6A472BE042E0D9709A21F8,Creating new JDBC DriverManager Connection to [jdbc:mysql://172.16.0.175:3306/BANANA_DB_HUNG_SELENIUM?useUnicode=yes&characterEncoding=UTF-8&autoReconnect=true]
05-23-2017 04:38:28.378,DEBUG,CCB02991EB6A472BE042E0D9709A21F8,Registering transaction synchronization for JDBC Connection
05-23-2017 04:38:28.378,DEBUG,CCB02991EB6A472BE042E0D9709A21F8,JDBC Connection [com.mysql.jdbc.JDBC4Connection@162fdf4] will be managed by Spring
05-23-2017 04:38:28.378,DEBUG,CCB02991EB6A472BE042E0D9709A21F8,==>  Preparing: select TASK_ID, TASK_NAME, WORKING_DETAILS, NOTE, QUARANTINE_HANDLING_FLAG, CHANGE_POINT_CODE, CREATE_USER_ID, CREATE_DATE, UPDATE_USER_ID, LAST_UPDATE_DATE, DELETE_FLAG from IVB_M_TASK where TASK_ID = ? 
05-23-2017 04:38:28.379,DEBUG,CCB02991EB6A472BE042E0D9709A21F8,==> Parameters: T043(String)
05-23-2017 04:38:28.380,DEBUG,CCB02991EB6A472BE042E0D9709A21F8,<==      Total: 1
05-23-2017 04:38:28.380,DEBUG,CCB02991EB6A472BE042E0D9709A21F8,Releasing transactional SqlSession [org.apache.ibatis.session.defaults.DefaultSqlSession@1572de5]
05-23-2017 04:38:28.380,DEBUG,CCB02991EB6A472BE042E0D9709A21F8,Transaction synchronization deregistering SqlSession [org.apache.ibatis.session.defaults.DefaultSqlSession@1572de5]
05-23-2017 04:38:28.380,DEBUG,CCB02991EB6A472BE042E0D9709A21F8,Transaction synchronization closing SqlSession [org.apache.ibatis.session.defaults.DefaultSqlSession@1572de5]
05-23-2017 04:38:28.380,DEBUG,CCB02991EB6A472BE042E0D9709A21F8,Returning JDBC Connection to DataSource
05-23-2017 04:38:28.380,INFO ,CCB02991EB6A472BE042E0D9709A21F8,U0000000001,vn.bananavietnam.ict.banana.service.Bnn0089SearchTaskService,getSingleData,[vn.bananavietnam.ict.banana.component.Bnn0089SearchTaskConditions@184da9d] METHOD END
05-23-2017 04:38:28.382,DEBUG,CCB02991EB6A472BE042E0D9709A21F8,Written [vn.bananavietnam.ict.common.db.model.IvbMTask@17f617b] as "application/json;charset=UTF-8" using [org.springframework.http.converter.json.MappingJackson2HttpMessageConverter@156f2cc]
05-23-2017 04:38:28.382,DEBUG,CCB02991EB6A472BE042E0D9709A21F8,Null ModelAndView returned to DispatcherServlet with name 'appServlet': assuming HandlerAdapter completed request handling
05-23-2017 04:38:28.382,DEBUG,CCB02991EB6A472BE042E0D9709A21F8,Successfully completed request
05-23-2017 04:38:28.382,DEBUG,CCB02991EB6A472BE042E0D9709A21F8,Chain processed normally
05-23-2017 04:38:28.382,DEBUG,CCB02991EB6A472BE042E0D9709A21F8,SecurityContextHolder now cleared, as request processing completed
