05-23-2017 05:01:23.265,DEBUG,16554EE51D532D7D40DA9C1469B6A912,/0089/searchData at position 1 of 11 in additional filter chain; firing Filter: 'SecurityContextPersistenceFilter'
05-23-2017 05:01:23.265,DEBUG,16554EE51D532D7D40DA9C1469B6A912,Obtained a valid SecurityContext from SPRING_SECURITY_CONTEXT: 'org.springframework.security.core.context.SecurityContextImpl@3b6f87e3: Authentication: org.springframework.security.authentication.UsernamePasswordAuthenticationToken@3b6f87e3: Principal: vn.bananavietnam.ict.common.auth.MyUser@c4907816: Username: U0000000001; Password: [PROTECTED]; Enabled: true; AccountNonExpired: true; credentialsNonExpired: true; AccountNonLocked: true; Granted Authorities: 1; Credentials: [PROTECTED]; Authenticated: true; Details: org.springframework.security.web.authentication.WebAuthenticationDetails@0: RemoteIpAddress: 0:0:0:0:0:0:0:1; SessionId: 6E96DB3097456A0880016E93CA5ECEAA; Granted Authorities: 1'
05-23-2017 05:01:23.266,DEBUG,16554EE51D532D7D40DA9C1469B6A912,/0089/searchData at position 2 of 11 in additional filter chain; firing Filter: 'WebAsyncManagerIntegrationFilter'
05-23-2017 05:01:23.266,DEBUG,16554EE51D532D7D40DA9C1469B6A912,/0089/searchData at position 3 of 11 in additional filter chain; firing Filter: 'LogoutFilter'
05-23-2017 05:01:23.266,DEBUG,16554EE51D532D7D40DA9C1469B6A912,/0089/searchData at position 4 of 11 in additional filter chain; firing Filter: 'UsernamePasswordAuthenticationFilter'
05-23-2017 05:01:23.266,DEBUG,16554EE51D532D7D40DA9C1469B6A912,/0089/searchData at position 5 of 11 in additional filter chain; firing Filter: 'BasicAuthenticationFilter'
05-23-2017 05:01:23.266,DEBUG,16554EE51D532D7D40DA9C1469B6A912,/0089/searchData at position 6 of 11 in additional filter chain; firing Filter: 'RequestCacheAwareFilter'
05-23-2017 05:01:23.266,DEBUG,16554EE51D532D7D40DA9C1469B6A912,/0089/searchData at position 7 of 11 in additional filter chain; firing Filter: 'SecurityContextHolderAwareRequestFilter'
05-23-2017 05:01:23.266,DEBUG,16554EE51D532D7D40DA9C1469B6A912,/0089/searchData at position 8 of 11 in additional filter chain; firing Filter: 'AnonymousAuthenticationFilter'
05-23-2017 05:01:23.266,DEBUG,16554EE51D532D7D40DA9C1469B6A912,SecurityContextHolder not populated with anonymous token, as it already contained: 'org.springframework.security.authentication.UsernamePasswordAuthenticationToken@3b6f87e3: Principal: vn.bananavietnam.ict.common.auth.MyUser@c4907816: Username: U0000000001; Password: [PROTECTED]; Enabled: true; AccountNonExpired: true; credentialsNonExpired: true; AccountNonLocked: true; Granted Authorities: 1; Credentials: [PROTECTED]; Authenticated: true; Details: org.springframework.security.web.authentication.WebAuthenticationDetails@0: RemoteIpAddress: 0:0:0:0:0:0:0:1; SessionId: 6E96DB3097456A0880016E93CA5ECEAA; Granted Authorities: 1'
05-23-2017 05:01:23.266,DEBUG,16554EE51D532D7D40DA9C1469B6A912,/0089/searchData at position 9 of 11 in additional filter chain; firing Filter: 'SessionManagementFilter'
05-23-2017 05:01:23.266,DEBUG,16554EE51D532D7D40DA9C1469B6A912,/0089/searchData at position 10 of 11 in additional filter chain; firing Filter: 'ExceptionTranslationFilter'
05-23-2017 05:01:23.266,DEBUG,16554EE51D532D7D40DA9C1469B6A912,/0089/searchData at position 11 of 11 in additional filter chain; firing Filter: 'FilterSecurityInterceptor'
05-23-2017 05:01:23.266,DEBUG,16554EE51D532D7D40DA9C1469B6A912,Checking match of request : '/0089/searchdata'; against '/autherror*'
05-23-2017 05:01:23.266,DEBUG,16554EE51D532D7D40DA9C1469B6A912,Checking match of request : '/0089/searchdata'; against '/login/**'
05-23-2017 05:01:23.266,DEBUG,16554EE51D532D7D40DA9C1469B6A912,Checking match of request : '/0089/searchdata'; against '/error/**'
05-23-2017 05:01:23.266,DEBUG,16554EE51D532D7D40DA9C1469B6A912,Checking match of request : '/0089/searchdata'; against '/0001/**'
05-23-2017 05:01:23.266,DEBUG,16554EE51D532D7D40DA9C1469B6A912,Checking match of request : '/0089/searchdata'; against '/0002/**'
05-23-2017 05:01:23.266,DEBUG,16554EE51D532D7D40DA9C1469B6A912,Checking match of request : '/0089/searchdata'; against '/0003/**'
05-23-2017 05:01:23.266,DEBUG,16554EE51D532D7D40DA9C1469B6A912,Checking match of request : '/0089/searchdata'; against '/0005/**'
05-23-2017 05:01:23.266,DEBUG,16554EE51D532D7D40DA9C1469B6A912,Checking match of request : '/0089/searchdata'; against '/0007/**'
05-23-2017 05:01:23.266,DEBUG,16554EE51D532D7D40DA9C1469B6A912,Checking match of request : '/0089/searchdata'; against '/0009/**'
05-23-2017 05:01:23.266,DEBUG,16554EE51D532D7D40DA9C1469B6A912,Checking match of request : '/0089/searchdata'; against '/0013/**'
05-23-2017 05:01:23.266,DEBUG,16554EE51D532D7D40DA9C1469B6A912,Checking match of request : '/0089/searchdata'; against '/0023/**'
05-23-2017 05:01:23.266,DEBUG,16554EE51D532D7D40DA9C1469B6A912,Checking match of request : '/0089/searchdata'; against '/0017/**'
05-23-2017 05:01:23.266,DEBUG,16554EE51D532D7D40DA9C1469B6A912,Checking match of request : '/0089/searchdata'; against '/0031/**'
05-23-2017 05:01:23.266,DEBUG,16554EE51D532D7D40DA9C1469B6A912,Checking match of request : '/0089/searchdata'; against '/0035/**'
05-23-2017 05:01:23.266,DEBUG,16554EE51D532D7D40DA9C1469B6A912,Checking match of request : '/0089/searchdata'; against '/0037/**'
05-23-2017 05:01:23.266,DEBUG,16554EE51D532D7D40DA9C1469B6A912,Checking match of request : '/0089/searchdata'; against '/0045/**'
05-23-2017 05:01:23.266,DEBUG,16554EE51D532D7D40DA9C1469B6A912,Checking match of request : '/0089/searchdata'; against '/0047/**'
05-23-2017 05:01:23.266,DEBUG,16554EE51D532D7D40DA9C1469B6A912,Checking match of request : '/0089/searchdata'; against '/0049/**'
05-23-2017 05:01:23.266,DEBUG,16554EE51D532D7D40DA9C1469B6A912,Checking match of request : '/0089/searchdata'; against '/0061/**'
05-23-2017 05:01:23.266,DEBUG,16554EE51D532D7D40DA9C1469B6A912,Checking match of request : '/0089/searchdata'; against '/0087/**'
05-23-2017 05:01:23.266,DEBUG,16554EE51D532D7D40DA9C1469B6A912,Checking match of request : '/0089/searchdata'; against '/0075/**'
05-23-2017 05:01:23.266,DEBUG,16554EE51D532D7D40DA9C1469B6A912,Checking match of request : '/0089/searchdata'; against '/0089/**'
05-23-2017 05:01:23.266,DEBUG,16554EE51D532D7D40DA9C1469B6A912,Secure object: FilterInvocation: URL: /0089/searchData; Attributes: [ROLE_ADMIN, ROLE_USER, IS_AUTHENTICATED_FULLY]
05-23-2017 05:01:23.266,DEBUG,16554EE51D532D7D40DA9C1469B6A912,Previously Authenticated: org.springframework.security.authentication.UsernamePasswordAuthenticationToken@3b6f87e3: Principal: vn.bananavietnam.ict.common.auth.MyUser@c4907816: Username: U0000000001; Password: [PROTECTED]; Enabled: true; AccountNonExpired: true; credentialsNonExpired: true; AccountNonLocked: true; Granted Authorities: 1; Credentials: [PROTECTED]; Authenticated: true; Details: org.springframework.security.web.authentication.WebAuthenticationDetails@0: RemoteIpAddress: 0:0:0:0:0:0:0:1; SessionId: 6E96DB3097456A0880016E93CA5ECEAA; Granted Authorities: 1
05-23-2017 05:01:23.266,DEBUG,16554EE51D532D7D40DA9C1469B6A912,Voter: org.springframework.security.access.vote.RoleVoter@1ac872d, returned: -1
05-23-2017 05:01:23.266,DEBUG,16554EE51D532D7D40DA9C1469B6A912,Voter: org.springframework.security.access.vote.AuthenticatedVoter@b1927d, returned: 1
05-23-2017 05:01:23.266,DEBUG,16554EE51D532D7D40DA9C1469B6A912,Authorization successful
05-23-2017 05:01:23.266,DEBUG,16554EE51D532D7D40DA9C1469B6A912,RunAsManager did not change Authentication object
05-23-2017 05:01:23.266,DEBUG,16554EE51D532D7D40DA9C1469B6A912,/0089/searchData reached end of additional filter chain; proceeding with original chain
05-23-2017 05:01:23.266,DEBUG,16554EE51D532D7D40DA9C1469B6A912,Request [/ict/0089/searchData] is not a multipart request
05-23-2017 05:01:23.266,DEBUG,D8721D6147DC1F887BABBA815646CBC4,DispatcherServlet with name 'appServlet' processing POST request for [/ict/0089/searchData]
05-23-2017 05:01:23.266,DEBUG,D8721D6147DC1F887BABBA815646CBC4,Looking up handler method for path /0089/searchData
05-23-2017 05:01:23.267,DEBUG,D8721D6147DC1F887BABBA815646CBC4,Returning handler method [public java.util.List<vn.bananavietnam.ict.banana.component.Bnn0089SearchTaskResult> vn.bananavietnam.ict.banana.controller.Bnn0089SearchTaskController.searchData(vn.bananavietnam.ict.banana.component.Bnn0089SearchTaskConditions)]
05-23-2017 05:01:23.267,DEBUG,D8721D6147DC1F887BABBA815646CBC4,Returning cached instance of singleton bean 'bnn0089SearchTaskController'
05-23-2017 05:01:23.267,DEBUG,D8721D6147DC1F887BABBA815646CBC4,Returning cached instance of singleton bean 'xml_path'
05-23-2017 05:01:23.267,DEBUG,D8721D6147DC1F887BABBA815646CBC4,Read [class vn.bananavietnam.ict.banana.component.Bnn0089SearchTaskConditions] as "application/json" with [org.springframework.http.converter.json.MappingJackson2HttpMessageConverter@156f2cc]
05-23-2017 05:01:23.267,INFO ,D8721D6147DC1F887BABBA815646CBC4,U0000000001,vn.bananavietnam.ict.banana.service.Bnn0089SearchTaskService,searchData,[vn.bananavietnam.ict.banana.component.Bnn0089SearchTaskConditions@1832e64] METHOD START
05-23-2017 05:01:23.268,DEBUG,D8721D6147DC1F887BABBA815646CBC4,Returning cached instance of singleton bean 'transactionManager'
05-23-2017 05:01:23.268,INFO ,D8721D6147DC1F887BABBA815646CBC4,U0000000001,Task searching started
05-23-2017 05:01:23.268,DEBUG,D8721D6147DC1F887BABBA815646CBC4,Creating a new SqlSession
05-23-2017 05:01:23.268,DEBUG,D8721D6147DC1F887BABBA815646CBC4,Registering transaction synchronization for SqlSession [org.apache.ibatis.session.defaults.DefaultSqlSession@e46189]
05-23-2017 05:01:23.268,DEBUG,D8721D6147DC1F887BABBA815646CBC4,Fetching JDBC Connection from DataSource
05-23-2017 05:01:23.268,DEBUG,D8721D6147DC1F887BABBA815646CBC4,Creating new JDBC DriverManager Connection to [jdbc:mysql://172.16.0.175:3306/BANANA_DB_HUNG_SELENIUM?useUnicode=yes&characterEncoding=UTF-8&autoReconnect=true]
05-23-2017 05:01:27.272,DEBUG,D8721D6147DC1F887BABBA815646CBC4,Releasing transactional SqlSession [org.apache.ibatis.session.defaults.DefaultSqlSession@e46189]
05-23-2017 05:01:27.282,ERROR,D8721D6147DC1F887BABBA815646CBC4,U0000000001,java.lang.Exception: nested exception is org.apache.ibatis.exceptions.PersistenceException: 
05-23-2017 05:01:27.282,DEBUG,D8721D6147DC1F887BABBA815646CBC4,Transaction synchronization deregistering SqlSession [org.apache.ibatis.session.defaults.DefaultSqlSession@e46189]
05-23-2017 05:01:27.282,DEBUG,D8721D6147DC1F887BABBA815646CBC4,Transaction synchronization closing SqlSession [org.apache.ibatis.session.defaults.DefaultSqlSession@e46189]
05-23-2017 05:01:27.282,DEBUG,D8721D6147DC1F887BABBA815646CBC4,Should roll back transaction but cannot - no transaction available
05-23-2017 05:01:27.282,INFO ,D8721D6147DC1F887BABBA815646CBC4,U0000000001,vn.bananavietnam.ict.banana.service.Bnn0089SearchTaskService,searchData,[vn.bananavietnam.ict.banana.component.Bnn0089SearchTaskConditions@1832e64] METHOD END
05-23-2017 05:01:27.283,DEBUG,D8721D6147DC1F887BABBA815646CBC4,Null ModelAndView returned to DispatcherServlet with name 'appServlet': assuming HandlerAdapter completed request handling
05-23-2017 05:01:27.283,DEBUG,D8721D6147DC1F887BABBA815646CBC4,Successfully completed request
05-23-2017 05:01:27.284,DEBUG,D8721D6147DC1F887BABBA815646CBC4,Chain processed normally
05-23-2017 05:01:27.284,DEBUG,D8721D6147DC1F887BABBA815646CBC4,SecurityContextHolder now cleared, as request processing completed
05-23-2017 05:01:40.927,DEBUG,16554EE51D532D7D40DA9C1469B6A912,/0089/searchData at position 1 of 11 in additional filter chain; firing Filter: 'SecurityContextPersistenceFilter'
05-23-2017 05:01:40.927,DEBUG,16554EE51D532D7D40DA9C1469B6A912,Obtained a valid SecurityContext from SPRING_SECURITY_CONTEXT: 'org.springframework.security.core.context.SecurityContextImpl@3b6f87e3: Authentication: org.springframework.security.authentication.UsernamePasswordAuthenticationToken@3b6f87e3: Principal: vn.bananavietnam.ict.common.auth.MyUser@c4907816: Username: U0000000001; Password: [PROTECTED]; Enabled: true; AccountNonExpired: true; credentialsNonExpired: true; AccountNonLocked: true; Granted Authorities: 1; Credentials: [PROTECTED]; Authenticated: true; Details: org.springframework.security.web.authentication.WebAuthenticationDetails@0: RemoteIpAddress: 0:0:0:0:0:0:0:1; SessionId: 6E96DB3097456A0880016E93CA5ECEAA; Granted Authorities: 1'
05-23-2017 05:01:40.927,DEBUG,16554EE51D532D7D40DA9C1469B6A912,/0089/searchData at position 2 of 11 in additional filter chain; firing Filter: 'WebAsyncManagerIntegrationFilter'
05-23-2017 05:01:40.927,DEBUG,16554EE51D532D7D40DA9C1469B6A912,/0089/searchData at position 3 of 11 in additional filter chain; firing Filter: 'LogoutFilter'
05-23-2017 05:01:40.927,DEBUG,16554EE51D532D7D40DA9C1469B6A912,/0089/searchData at position 4 of 11 in additional filter chain; firing Filter: 'UsernamePasswordAuthenticationFilter'
05-23-2017 05:01:40.927,DEBUG,16554EE51D532D7D40DA9C1469B6A912,/0089/searchData at position 5 of 11 in additional filter chain; firing Filter: 'BasicAuthenticationFilter'
05-23-2017 05:01:40.927,DEBUG,16554EE51D532D7D40DA9C1469B6A912,/0089/searchData at position 6 of 11 in additional filter chain; firing Filter: 'RequestCacheAwareFilter'
05-23-2017 05:01:40.927,DEBUG,16554EE51D532D7D40DA9C1469B6A912,/0089/searchData at position 7 of 11 in additional filter chain; firing Filter: 'SecurityContextHolderAwareRequestFilter'
05-23-2017 05:01:40.927,DEBUG,16554EE51D532D7D40DA9C1469B6A912,/0089/searchData at position 8 of 11 in additional filter chain; firing Filter: 'AnonymousAuthenticationFilter'
05-23-2017 05:01:40.927,DEBUG,16554EE51D532D7D40DA9C1469B6A912,SecurityContextHolder not populated with anonymous token, as it already contained: 'org.springframework.security.authentication.UsernamePasswordAuthenticationToken@3b6f87e3: Principal: vn.bananavietnam.ict.common.auth.MyUser@c4907816: Username: U0000000001; Password: [PROTECTED]; Enabled: true; AccountNonExpired: true; credentialsNonExpired: true; AccountNonLocked: true; Granted Authorities: 1; Credentials: [PROTECTED]; Authenticated: true; Details: org.springframework.security.web.authentication.WebAuthenticationDetails@0: RemoteIpAddress: 0:0:0:0:0:0:0:1; SessionId: 6E96DB3097456A0880016E93CA5ECEAA; Granted Authorities: 1'
05-23-2017 05:01:40.927,DEBUG,16554EE51D532D7D40DA9C1469B6A912,/0089/searchData at position 9 of 11 in additional filter chain; firing Filter: 'SessionManagementFilter'
05-23-2017 05:01:40.927,DEBUG,16554EE51D532D7D40DA9C1469B6A912,/0089/searchData at position 10 of 11 in additional filter chain; firing Filter: 'ExceptionTranslationFilter'
05-23-2017 05:01:40.927,DEBUG,16554EE51D532D7D40DA9C1469B6A912,/0089/searchData at position 11 of 11 in additional filter chain; firing Filter: 'FilterSecurityInterceptor'
05-23-2017 05:01:40.927,DEBUG,16554EE51D532D7D40DA9C1469B6A912,Checking match of request : '/0089/searchdata'; against '/autherror*'
05-23-2017 05:01:40.927,DEBUG,16554EE51D532D7D40DA9C1469B6A912,Checking match of request : '/0089/searchdata'; against '/login/**'
05-23-2017 05:01:40.927,DEBUG,16554EE51D532D7D40DA9C1469B6A912,Checking match of request : '/0089/searchdata'; against '/error/**'
05-23-2017 05:01:40.927,DEBUG,16554EE51D532D7D40DA9C1469B6A912,Checking match of request : '/0089/searchdata'; against '/0001/**'
05-23-2017 05:01:40.927,DEBUG,16554EE51D532D7D40DA9C1469B6A912,Checking match of request : '/0089/searchdata'; against '/0002/**'
05-23-2017 05:01:40.927,DEBUG,16554EE51D532D7D40DA9C1469B6A912,Checking match of request : '/0089/searchdata'; against '/0003/**'
05-23-2017 05:01:40.927,DEBUG,16554EE51D532D7D40DA9C1469B6A912,Checking match of request : '/0089/searchdata'; against '/0005/**'
05-23-2017 05:01:40.927,DEBUG,16554EE51D532D7D40DA9C1469B6A912,Checking match of request : '/0089/searchdata'; against '/0007/**'
05-23-2017 05:01:40.927,DEBUG,16554EE51D532D7D40DA9C1469B6A912,Checking match of request : '/0089/searchdata'; against '/0009/**'
05-23-2017 05:01:40.927,DEBUG,16554EE51D532D7D40DA9C1469B6A912,Checking match of request : '/0089/searchdata'; against '/0013/**'
05-23-2017 05:01:40.927,DEBUG,16554EE51D532D7D40DA9C1469B6A912,Checking match of request : '/0089/searchdata'; against '/0023/**'
05-23-2017 05:01:40.927,DEBUG,16554EE51D532D7D40DA9C1469B6A912,Checking match of request : '/0089/searchdata'; against '/0017/**'
05-23-2017 05:01:40.927,DEBUG,16554EE51D532D7D40DA9C1469B6A912,Checking match of request : '/0089/searchdata'; against '/0031/**'
05-23-2017 05:01:40.927,DEBUG,16554EE51D532D7D40DA9C1469B6A912,Checking match of request : '/0089/searchdata'; against '/0035/**'
05-23-2017 05:01:40.927,DEBUG,16554EE51D532D7D40DA9C1469B6A912,Checking match of request : '/0089/searchdata'; against '/0037/**'
05-23-2017 05:01:40.927,DEBUG,16554EE51D532D7D40DA9C1469B6A912,Checking match of request : '/0089/searchdata'; against '/0045/**'
05-23-2017 05:01:40.927,DEBUG,16554EE51D532D7D40DA9C1469B6A912,Checking match of request : '/0089/searchdata'; against '/0047/**'
05-23-2017 05:01:40.927,DEBUG,16554EE51D532D7D40DA9C1469B6A912,Checking match of request : '/0089/searchdata'; against '/0049/**'
05-23-2017 05:01:40.927,DEBUG,16554EE51D532D7D40DA9C1469B6A912,Checking match of request : '/0089/searchdata'; against '/0061/**'
05-23-2017 05:01:40.927,DEBUG,16554EE51D532D7D40DA9C1469B6A912,Checking match of request : '/0089/searchdata'; against '/0087/**'
05-23-2017 05:01:40.927,DEBUG,16554EE51D532D7D40DA9C1469B6A912,Checking match of request : '/0089/searchdata'; against '/0075/**'
05-23-2017 05:01:40.927,DEBUG,16554EE51D532D7D40DA9C1469B6A912,Checking match of request : '/0089/searchdata'; against '/0089/**'
05-23-2017 05:01:40.927,DEBUG,16554EE51D532D7D40DA9C1469B6A912,Secure object: FilterInvocation: URL: /0089/searchData; Attributes: [ROLE_ADMIN, ROLE_USER, IS_AUTHENTICATED_FULLY]
05-23-2017 05:01:40.927,DEBUG,16554EE51D532D7D40DA9C1469B6A912,Previously Authenticated: org.springframework.security.authentication.UsernamePasswordAuthenticationToken@3b6f87e3: Principal: vn.bananavietnam.ict.common.auth.MyUser@c4907816: Username: U0000000001; Password: [PROTECTED]; Enabled: true; AccountNonExpired: true; credentialsNonExpired: true; AccountNonLocked: true; Granted Authorities: 1; Credentials: [PROTECTED]; Authenticated: true; Details: org.springframework.security.web.authentication.WebAuthenticationDetails@0: RemoteIpAddress: 0:0:0:0:0:0:0:1; SessionId: 6E96DB3097456A0880016E93CA5ECEAA; Granted Authorities: 1
05-23-2017 05:01:40.927,DEBUG,16554EE51D532D7D40DA9C1469B6A912,Voter: org.springframework.security.access.vote.RoleVoter@1ac872d, returned: -1
05-23-2017 05:01:40.927,DEBUG,16554EE51D532D7D40DA9C1469B6A912,Voter: org.springframework.security.access.vote.AuthenticatedVoter@b1927d, returned: 1
05-23-2017 05:01:40.927,DEBUG,16554EE51D532D7D40DA9C1469B6A912,Authorization successful
05-23-2017 05:01:40.927,DEBUG,16554EE51D532D7D40DA9C1469B6A912,RunAsManager did not change Authentication object
05-23-2017 05:01:40.927,DEBUG,16554EE51D532D7D40DA9C1469B6A912,/0089/searchData reached end of additional filter chain; proceeding with original chain
05-23-2017 05:01:40.927,DEBUG,16554EE51D532D7D40DA9C1469B6A912,Request [/ict/0089/searchData] is not a multipart request
05-23-2017 05:01:40.927,DEBUG,D8721D6147DC1F887BABBA815646CBC4,DispatcherServlet with name 'appServlet' processing POST request for [/ict/0089/searchData]
05-23-2017 05:01:40.928,DEBUG,D8721D6147DC1F887BABBA815646CBC4,Looking up handler method for path /0089/searchData
05-23-2017 05:01:40.928,DEBUG,D8721D6147DC1F887BABBA815646CBC4,Returning handler method [public java.util.List<vn.bananavietnam.ict.banana.component.Bnn0089SearchTaskResult> vn.bananavietnam.ict.banana.controller.Bnn0089SearchTaskController.searchData(vn.bananavietnam.ict.banana.component.Bnn0089SearchTaskConditions)]
05-23-2017 05:01:40.928,DEBUG,D8721D6147DC1F887BABBA815646CBC4,Returning cached instance of singleton bean 'bnn0089SearchTaskController'
05-23-2017 05:01:40.928,DEBUG,D8721D6147DC1F887BABBA815646CBC4,Returning cached instance of singleton bean 'xml_path'
05-23-2017 05:01:40.928,DEBUG,D8721D6147DC1F887BABBA815646CBC4,Read [class vn.bananavietnam.ict.banana.component.Bnn0089SearchTaskConditions] as "application/json" with [org.springframework.http.converter.json.MappingJackson2HttpMessageConverter@156f2cc]
05-23-2017 05:01:40.928,INFO ,D8721D6147DC1F887BABBA815646CBC4,U0000000001,vn.bananavietnam.ict.banana.service.Bnn0089SearchTaskService,searchData,[vn.bananavietnam.ict.banana.component.Bnn0089SearchTaskConditions@128b48d] METHOD START
05-23-2017 05:01:40.928,DEBUG,D8721D6147DC1F887BABBA815646CBC4,Returning cached instance of singleton bean 'transactionManager'
05-23-2017 05:01:40.928,INFO ,D8721D6147DC1F887BABBA815646CBC4,U0000000001,Task searching started
05-23-2017 05:01:40.928,DEBUG,D8721D6147DC1F887BABBA815646CBC4,Creating a new SqlSession
05-23-2017 05:01:40.928,DEBUG,D8721D6147DC1F887BABBA815646CBC4,Registering transaction synchronization for SqlSession [org.apache.ibatis.session.defaults.DefaultSqlSession@12a8ceb]
05-23-2017 05:01:40.929,DEBUG,D8721D6147DC1F887BABBA815646CBC4,Fetching JDBC Connection from DataSource
05-23-2017 05:01:40.929,DEBUG,D8721D6147DC1F887BABBA815646CBC4,Creating new JDBC DriverManager Connection to [jdbc:mysql://172.16.0.175:3306/BANANA_DB_HUNG_SELENIUM?useUnicode=yes&characterEncoding=UTF-8&autoReconnect=true]
05-23-2017 05:01:40.954,DEBUG,D8721D6147DC1F887BABBA815646CBC4,Registering transaction synchronization for JDBC Connection
05-23-2017 05:01:40.955,DEBUG,D8721D6147DC1F887BABBA815646CBC4,JDBC Connection [com.mysql.jdbc.JDBC4Connection@73157c] will be managed by Spring
05-23-2017 05:01:40.955,DEBUG,D8721D6147DC1F887BABBA815646CBC4,==>  Preparing: SELECT T.TASK_ID taskId, T.TASK_NAME taskName, T.WORKING_DETAILS workingDetails, T.NOTE note, T.QUARANTINE_HANDLING_FLAG quarantineHandlingFlag, T.DELETE_FLAG deleteFlag, T.CHANGE_POINT_CODE changePointCode, T.LAST_UPDATE_DATE lastUpdateDate FROM IVB_M_TASK T WHERE 1 = 1 AND T.DELETE_FLAG = '0' ORDER BY T.TASK_NAME LIMIT ?,? 
05-23-2017 05:01:40.955,DEBUG,D8721D6147DC1F887BABBA815646CBC4,==> Parameters: 0(Integer), 20(Integer)
05-23-2017 05:01:40.959,DEBUG,D8721D6147DC1F887BABBA815646CBC4,<==      Total: 20
05-23-2017 05:01:40.959,DEBUG,D8721D6147DC1F887BABBA815646CBC4,Releasing transactional SqlSession [org.apache.ibatis.session.defaults.DefaultSqlSession@12a8ceb]
05-23-2017 05:01:40.959,INFO ,D8721D6147DC1F887BABBA815646CBC4,U0000000001,SQL execution finished
05-23-2017 05:01:40.959,DEBUG,D8721D6147DC1F887BABBA815646CBC4,Fetched SqlSession [org.apache.ibatis.session.defaults.DefaultSqlSession@12a8ceb] from current transaction
05-23-2017 05:01:40.959,DEBUG,D8721D6147DC1F887BABBA815646CBC4,==>  Preparing: SELECT COUNT(*) FROM IVB_M_TASK T WHERE 1 = 1 AND T.DELETE_FLAG = '0' ORDER BY T.TASK_ID 
05-23-2017 05:01:40.959,DEBUG,D8721D6147DC1F887BABBA815646CBC4,==> Parameters: 
05-23-2017 05:01:40.961,DEBUG,D8721D6147DC1F887BABBA815646CBC4,<==      Total: 1
05-23-2017 05:01:40.961,DEBUG,D8721D6147DC1F887BABBA815646CBC4,Releasing transactional SqlSession [org.apache.ibatis.session.defaults.DefaultSqlSession@12a8ceb]
05-23-2017 05:01:40.961,INFO ,D8721D6147DC1F887BABBA815646CBC4,U0000000001,Task searching finished ==> 43 item(s)
05-23-2017 05:01:40.961,DEBUG,D8721D6147DC1F887BABBA815646CBC4,Transaction synchronization deregistering SqlSession [org.apache.ibatis.session.defaults.DefaultSqlSession@12a8ceb]
05-23-2017 05:01:40.961,DEBUG,D8721D6147DC1F887BABBA815646CBC4,Transaction synchronization closing SqlSession [org.apache.ibatis.session.defaults.DefaultSqlSession@12a8ceb]
05-23-2017 05:01:40.961,DEBUG,D8721D6147DC1F887BABBA815646CBC4,Returning JDBC Connection to DataSource
05-23-2017 05:01:40.962,INFO ,D8721D6147DC1F887BABBA815646CBC4,U0000000001,vn.bananavietnam.ict.banana.service.Bnn0089SearchTaskService,searchData,[vn.bananavietnam.ict.banana.component.Bnn0089SearchTaskConditions@128b48d] METHOD END
05-23-2017 05:01:40.964,DEBUG,D8721D6147DC1F887BABBA815646CBC4,Written [[vn.bananavietnam.ict.banana.component.Bnn0089SearchTaskResult@1235182, vn.bananavietnam.ict.banana.component.Bnn0089SearchTaskResult@15af388, vn.bananavietnam.ict.banana.component.Bnn0089SearchTaskResult@408974, vn.bananavietnam.ict.banana.component.Bnn0089SearchTaskResult@9c90ac, vn.bananavietnam.ict.banana.component.Bnn0089SearchTaskResult@12a607c, vn.bananavietnam.ict.banana.component.Bnn0089SearchTaskResult@18c0862, vn.bananavietnam.ict.banana.component.Bnn0089SearchTaskResult@1cd3b0e, vn.bananavietnam.ict.banana.component.Bnn0089SearchTaskResult@1c0ca2b, vn.bananavietnam.ict.banana.component.Bnn0089SearchTaskResult@153792f, vn.bananavietnam.ict.banana.component.Bnn0089SearchTaskResult@75a3ff, vn.bananavietnam.ict.banana.component.Bnn0089SearchTaskResult@caed34, vn.bananavietnam.ict.banana.component.Bnn0089SearchTaskResult@18aeb54, vn.bananavietnam.ict.banana.component.Bnn0089SearchTaskResult@1e66f8b, vn.bananavietnam.ict.banana.component.Bnn0089SearchTaskResult@a55f13, vn.bananavietnam.ict.banana.component.Bnn0089SearchTaskResult@17fb57e, vn.bananavietnam.ict.banana.component.Bnn0089SearchTaskResult@107254e, vn.bananavietnam.ict.banana.component.Bnn0089SearchTaskResult@1a796d2, vn.bananavietnam.ict.banana.component.Bnn0089SearchTaskResult@1f01572, vn.bananavietnam.ict.banana.component.Bnn0089SearchTaskResult@1809c77, vn.bananavietnam.ict.banana.component.Bnn0089SearchTaskResult@165e8dc]] as "application/json;charset=UTF-8" using [org.springframework.http.converter.json.MappingJackson2HttpMessageConverter@156f2cc]
05-23-2017 05:01:40.964,DEBUG,D8721D6147DC1F887BABBA815646CBC4,Null ModelAndView returned to DispatcherServlet with name 'appServlet': assuming HandlerAdapter completed request handling
05-23-2017 05:01:40.964,DEBUG,D8721D6147DC1F887BABBA815646CBC4,Successfully completed request
05-23-2017 05:01:40.964,DEBUG,D8721D6147DC1F887BABBA815646CBC4,Chain processed normally
05-23-2017 05:01:40.964,DEBUG,D8721D6147DC1F887BABBA815646CBC4,SecurityContextHolder now cleared, as request processing completed
