05-23-2017 05:36:02.241,DEBUG,9922C67BA3E5543E4E21E812FE195C22,/0089/searchData at position 1 of 11 in additional filter chain; firing Filter: 'SecurityContextPersistenceFilter'
05-23-2017 05:36:02.241,DEBUG,9922C67BA3E5543E4E21E812FE195C22,Obtained a valid SecurityContext from SPRING_SECURITY_CONTEXT: 'org.springframework.security.core.context.SecurityContextImpl@3b6f3487: Authentication: org.springframework.security.authentication.UsernamePasswordAuthenticationToken@3b6f3487: Principal: vn.bananavietnam.ict.common.auth.MyUser@c4907816: Username: U0000000001; Password: [PROTECTED]; Enabled: true; AccountNonExpired: true; credentialsNonExpired: true; AccountNonLocked: true; Granted Authorities: 1; Credentials: [PROTECTED]; Authenticated: true; Details: org.springframework.security.web.authentication.WebAuthenticationDetails@b364: RemoteIpAddress: 0:0:0:0:0:0:0:1; SessionId: 9922C67BA3E5543E4E21E812FE195C22; Granted Authorities: 1'
05-23-2017 05:36:02.241,DEBUG,9922C67BA3E5543E4E21E812FE195C22,/0089/searchData at position 2 of 11 in additional filter chain; firing Filter: 'WebAsyncManagerIntegrationFilter'
05-23-2017 05:36:02.241,DEBUG,9922C67BA3E5543E4E21E812FE195C22,/0089/searchData at position 3 of 11 in additional filter chain; firing Filter: 'LogoutFilter'
05-23-2017 05:36:02.241,DEBUG,9922C67BA3E5543E4E21E812FE195C22,/0089/searchData at position 4 of 11 in additional filter chain; firing Filter: 'UsernamePasswordAuthenticationFilter'
05-23-2017 05:36:02.241,DEBUG,9922C67BA3E5543E4E21E812FE195C22,/0089/searchData at position 5 of 11 in additional filter chain; firing Filter: 'BasicAuthenticationFilter'
05-23-2017 05:36:02.241,DEBUG,9922C67BA3E5543E4E21E812FE195C22,/0089/searchData at position 6 of 11 in additional filter chain; firing Filter: 'RequestCacheAwareFilter'
05-23-2017 05:36:02.241,DEBUG,9922C67BA3E5543E4E21E812FE195C22,/0089/searchData at position 7 of 11 in additional filter chain; firing Filter: 'SecurityContextHolderAwareRequestFilter'
05-23-2017 05:36:02.241,DEBUG,9922C67BA3E5543E4E21E812FE195C22,/0089/searchData at position 8 of 11 in additional filter chain; firing Filter: 'AnonymousAuthenticationFilter'
05-23-2017 05:36:02.241,DEBUG,9922C67BA3E5543E4E21E812FE195C22,SecurityContextHolder not populated with anonymous token, as it already contained: 'org.springframework.security.authentication.UsernamePasswordAuthenticationToken@3b6f3487: Principal: vn.bananavietnam.ict.common.auth.MyUser@c4907816: Username: U0000000001; Password: [PROTECTED]; Enabled: true; AccountNonExpired: true; credentialsNonExpired: true; AccountNonLocked: true; Granted Authorities: 1; Credentials: [PROTECTED]; Authenticated: true; Details: org.springframework.security.web.authentication.WebAuthenticationDetails@b364: RemoteIpAddress: 0:0:0:0:0:0:0:1; SessionId: 9922C67BA3E5543E4E21E812FE195C22; Granted Authorities: 1'
05-23-2017 05:36:02.241,DEBUG,9922C67BA3E5543E4E21E812FE195C22,/0089/searchData at position 9 of 11 in additional filter chain; firing Filter: 'SessionManagementFilter'
05-23-2017 05:36:02.242,DEBUG,9922C67BA3E5543E4E21E812FE195C22,/0089/searchData at position 10 of 11 in additional filter chain; firing Filter: 'ExceptionTranslationFilter'
05-23-2017 05:36:02.242,DEBUG,9922C67BA3E5543E4E21E812FE195C22,/0089/searchData at position 11 of 11 in additional filter chain; firing Filter: 'FilterSecurityInterceptor'
05-23-2017 05:36:02.242,DEBUG,9922C67BA3E5543E4E21E812FE195C22,Checking match of request : '/0089/searchdata'; against '/autherror*'
05-23-2017 05:36:02.242,DEBUG,9922C67BA3E5543E4E21E812FE195C22,Checking match of request : '/0089/searchdata'; against '/login/**'
05-23-2017 05:36:02.242,DEBUG,9922C67BA3E5543E4E21E812FE195C22,Checking match of request : '/0089/searchdata'; against '/error/**'
05-23-2017 05:36:02.242,DEBUG,9922C67BA3E5543E4E21E812FE195C22,Checking match of request : '/0089/searchdata'; against '/0001/**'
05-23-2017 05:36:02.242,DEBUG,9922C67BA3E5543E4E21E812FE195C22,Checking match of request : '/0089/searchdata'; against '/0002/**'
05-23-2017 05:36:02.242,DEBUG,9922C67BA3E5543E4E21E812FE195C22,Checking match of request : '/0089/searchdata'; against '/0003/**'
05-23-2017 05:36:02.242,DEBUG,9922C67BA3E5543E4E21E812FE195C22,Checking match of request : '/0089/searchdata'; against '/0005/**'
05-23-2017 05:36:02.242,DEBUG,9922C67BA3E5543E4E21E812FE195C22,Checking match of request : '/0089/searchdata'; against '/0007/**'
05-23-2017 05:36:02.242,DEBUG,9922C67BA3E5543E4E21E812FE195C22,Checking match of request : '/0089/searchdata'; against '/0009/**'
05-23-2017 05:36:02.242,DEBUG,9922C67BA3E5543E4E21E812FE195C22,Checking match of request : '/0089/searchdata'; against '/0013/**'
05-23-2017 05:36:02.242,DEBUG,9922C67BA3E5543E4E21E812FE195C22,Checking match of request : '/0089/searchdata'; against '/0023/**'
05-23-2017 05:36:02.242,DEBUG,9922C67BA3E5543E4E21E812FE195C22,Checking match of request : '/0089/searchdata'; against '/0017/**'
05-23-2017 05:36:02.242,DEBUG,9922C67BA3E5543E4E21E812FE195C22,Checking match of request : '/0089/searchdata'; against '/0031/**'
05-23-2017 05:36:02.242,DEBUG,9922C67BA3E5543E4E21E812FE195C22,Checking match of request : '/0089/searchdata'; against '/0035/**'
05-23-2017 05:36:02.242,DEBUG,9922C67BA3E5543E4E21E812FE195C22,Checking match of request : '/0089/searchdata'; against '/0037/**'
05-23-2017 05:36:02.242,DEBUG,9922C67BA3E5543E4E21E812FE195C22,Checking match of request : '/0089/searchdata'; against '/0045/**'
05-23-2017 05:36:02.242,DEBUG,9922C67BA3E5543E4E21E812FE195C22,Checking match of request : '/0089/searchdata'; against '/0047/**'
05-23-2017 05:36:02.242,DEBUG,9922C67BA3E5543E4E21E812FE195C22,Checking match of request : '/0089/searchdata'; against '/0049/**'
05-23-2017 05:36:02.242,DEBUG,9922C67BA3E5543E4E21E812FE195C22,Checking match of request : '/0089/searchdata'; against '/0061/**'
05-23-2017 05:36:02.242,DEBUG,9922C67BA3E5543E4E21E812FE195C22,Checking match of request : '/0089/searchdata'; against '/0087/**'
05-23-2017 05:36:02.242,DEBUG,9922C67BA3E5543E4E21E812FE195C22,Checking match of request : '/0089/searchdata'; against '/0075/**'
05-23-2017 05:36:02.242,DEBUG,9922C67BA3E5543E4E21E812FE195C22,Checking match of request : '/0089/searchdata'; against '/0089/**'
05-23-2017 05:36:02.242,DEBUG,9922C67BA3E5543E4E21E812FE195C22,Secure object: FilterInvocation: URL: /0089/searchData; Attributes: [ROLE_ADMIN, ROLE_USER, IS_AUTHENTICATED_FULLY]
05-23-2017 05:36:02.242,DEBUG,9922C67BA3E5543E4E21E812FE195C22,Previously Authenticated: org.springframework.security.authentication.UsernamePasswordAuthenticationToken@3b6f3487: Principal: vn.bananavietnam.ict.common.auth.MyUser@c4907816: Username: U0000000001; Password: [PROTECTED]; Enabled: true; AccountNonExpired: true; credentialsNonExpired: true; AccountNonLocked: true; Granted Authorities: 1; Credentials: [PROTECTED]; Authenticated: true; Details: org.springframework.security.web.authentication.WebAuthenticationDetails@b364: RemoteIpAddress: 0:0:0:0:0:0:0:1; SessionId: 9922C67BA3E5543E4E21E812FE195C22; Granted Authorities: 1
05-23-2017 05:36:02.242,DEBUG,9922C67BA3E5543E4E21E812FE195C22,Voter: org.springframework.security.access.vote.RoleVoter@1ac872d, returned: -1
05-23-2017 05:36:02.242,DEBUG,9922C67BA3E5543E4E21E812FE195C22,Voter: org.springframework.security.access.vote.AuthenticatedVoter@b1927d, returned: 1
05-23-2017 05:36:02.242,DEBUG,9922C67BA3E5543E4E21E812FE195C22,Authorization successful
05-23-2017 05:36:02.242,DEBUG,9922C67BA3E5543E4E21E812FE195C22,RunAsManager did not change Authentication object
05-23-2017 05:36:02.242,DEBUG,9922C67BA3E5543E4E21E812FE195C22,/0089/searchData reached end of additional filter chain; proceeding with original chain
05-23-2017 05:36:02.242,DEBUG,9922C67BA3E5543E4E21E812FE195C22,Request [/ict/0089/searchData] is not a multipart request
05-23-2017 05:36:02.242,DEBUG,A75028AF92E707C25420634F102B5DF7,DispatcherServlet with name 'appServlet' processing POST request for [/ict/0089/searchData]
05-23-2017 05:36:02.242,DEBUG,A75028AF92E707C25420634F102B5DF7,Looking up handler method for path /0089/searchData
05-23-2017 05:36:02.242,DEBUG,A75028AF92E707C25420634F102B5DF7,Returning handler method [public java.util.List<vn.bananavietnam.ict.banana.component.Bnn0089SearchTaskResult> vn.bananavietnam.ict.banana.controller.Bnn0089SearchTaskController.searchData(vn.bananavietnam.ict.banana.component.Bnn0089SearchTaskConditions)]
05-23-2017 05:36:02.242,DEBUG,A75028AF92E707C25420634F102B5DF7,Returning cached instance of singleton bean 'bnn0089SearchTaskController'
05-23-2017 05:36:02.242,DEBUG,A75028AF92E707C25420634F102B5DF7,Returning cached instance of singleton bean 'xml_path'
05-23-2017 05:36:02.243,DEBUG,A75028AF92E707C25420634F102B5DF7,Read [class vn.bananavietnam.ict.banana.component.Bnn0089SearchTaskConditions] as "application/json" with [org.springframework.http.converter.json.MappingJackson2HttpMessageConverter@156f2cc]
05-23-2017 05:36:02.243,INFO ,A75028AF92E707C25420634F102B5DF7,U0000000001,vn.bananavietnam.ict.banana.service.Bnn0089SearchTaskService,searchData,[vn.bananavietnam.ict.banana.component.Bnn0089SearchTaskConditions@120036c] METHOD START
05-23-2017 05:36:02.243,DEBUG,A75028AF92E707C25420634F102B5DF7,Returning cached instance of singleton bean 'transactionManager'
05-23-2017 05:36:02.243,INFO ,A75028AF92E707C25420634F102B5DF7,U0000000001,Task searching started
05-23-2017 05:36:02.243,DEBUG,A75028AF92E707C25420634F102B5DF7,Creating a new SqlSession
05-23-2017 05:36:02.243,DEBUG,A75028AF92E707C25420634F102B5DF7,Registering transaction synchronization for SqlSession [org.apache.ibatis.session.defaults.DefaultSqlSession@20f1cf]
05-23-2017 05:36:02.243,DEBUG,A75028AF92E707C25420634F102B5DF7,Fetching JDBC Connection from DataSource
05-23-2017 05:36:02.243,DEBUG,A75028AF92E707C25420634F102B5DF7,Creating new JDBC DriverManager Connection to [jdbc:mysql://172.16.0.175:3306/BANANA_DB_HUNG_SELENIUM?useUnicode=yes&characterEncoding=UTF-8&autoReconnect=true]
05-23-2017 05:36:06.248,DEBUG,A75028AF92E707C25420634F102B5DF7,Releasing transactional SqlSession [org.apache.ibatis.session.defaults.DefaultSqlSession@20f1cf]
05-23-2017 05:36:06.256,ERROR,A75028AF92E707C25420634F102B5DF7,U0000000001,java.lang.Exception: nested exception is org.apache.ibatis.exceptions.PersistenceException: 
05-23-2017 05:36:06.256,DEBUG,A75028AF92E707C25420634F102B5DF7,Transaction synchronization deregistering SqlSession [org.apache.ibatis.session.defaults.DefaultSqlSession@20f1cf]
05-23-2017 05:36:06.257,DEBUG,A75028AF92E707C25420634F102B5DF7,Transaction synchronization closing SqlSession [org.apache.ibatis.session.defaults.DefaultSqlSession@20f1cf]
05-23-2017 05:36:06.257,DEBUG,A75028AF92E707C25420634F102B5DF7,Should roll back transaction but cannot - no transaction available
05-23-2017 05:36:06.257,INFO ,A75028AF92E707C25420634F102B5DF7,U0000000001,vn.bananavietnam.ict.banana.service.Bnn0089SearchTaskService,searchData,[vn.bananavietnam.ict.banana.component.Bnn0089SearchTaskConditions@120036c] METHOD END
05-23-2017 05:36:06.258,DEBUG,A75028AF92E707C25420634F102B5DF7,Null ModelAndView returned to DispatcherServlet with name 'appServlet': assuming HandlerAdapter completed request handling
05-23-2017 05:36:06.258,DEBUG,A75028AF92E707C25420634F102B5DF7,Successfully completed request
05-23-2017 05:36:06.258,DEBUG,A75028AF92E707C25420634F102B5DF7,Chain processed normally
05-23-2017 05:36:06.258,DEBUG,A75028AF92E707C25420634F102B5DF7,SecurityContextHolder now cleared, as request processing completed
05-23-2017 05:36:24.018,DEBUG,9922C67BA3E5543E4E21E812FE195C22,/0089/searchData at position 1 of 11 in additional filter chain; firing Filter: 'SecurityContextPersistenceFilter'
05-23-2017 05:36:24.018,DEBUG,9922C67BA3E5543E4E21E812FE195C22,Obtained a valid SecurityContext from SPRING_SECURITY_CONTEXT: 'org.springframework.security.core.context.SecurityContextImpl@3b6f3487: Authentication: org.springframework.security.authentication.UsernamePasswordAuthenticationToken@3b6f3487: Principal: vn.bananavietnam.ict.common.auth.MyUser@c4907816: Username: U0000000001; Password: [PROTECTED]; Enabled: true; AccountNonExpired: true; credentialsNonExpired: true; AccountNonLocked: true; Granted Authorities: 1; Credentials: [PROTECTED]; Authenticated: true; Details: org.springframework.security.web.authentication.WebAuthenticationDetails@b364: RemoteIpAddress: 0:0:0:0:0:0:0:1; SessionId: 9922C67BA3E5543E4E21E812FE195C22; Granted Authorities: 1'
05-23-2017 05:36:24.018,DEBUG,9922C67BA3E5543E4E21E812FE195C22,/0089/searchData at position 2 of 11 in additional filter chain; firing Filter: 'WebAsyncManagerIntegrationFilter'
05-23-2017 05:36:24.018,DEBUG,9922C67BA3E5543E4E21E812FE195C22,/0089/searchData at position 3 of 11 in additional filter chain; firing Filter: 'LogoutFilter'
05-23-2017 05:36:24.018,DEBUG,9922C67BA3E5543E4E21E812FE195C22,/0089/searchData at position 4 of 11 in additional filter chain; firing Filter: 'UsernamePasswordAuthenticationFilter'
05-23-2017 05:36:24.018,DEBUG,9922C67BA3E5543E4E21E812FE195C22,/0089/searchData at position 5 of 11 in additional filter chain; firing Filter: 'BasicAuthenticationFilter'
05-23-2017 05:36:24.018,DEBUG,9922C67BA3E5543E4E21E812FE195C22,/0089/searchData at position 6 of 11 in additional filter chain; firing Filter: 'RequestCacheAwareFilter'
05-23-2017 05:36:24.018,DEBUG,9922C67BA3E5543E4E21E812FE195C22,/0089/searchData at position 7 of 11 in additional filter chain; firing Filter: 'SecurityContextHolderAwareRequestFilter'
05-23-2017 05:36:24.018,DEBUG,9922C67BA3E5543E4E21E812FE195C22,/0089/searchData at position 8 of 11 in additional filter chain; firing Filter: 'AnonymousAuthenticationFilter'
05-23-2017 05:36:24.018,DEBUG,9922C67BA3E5543E4E21E812FE195C22,SecurityContextHolder not populated with anonymous token, as it already contained: 'org.springframework.security.authentication.UsernamePasswordAuthenticationToken@3b6f3487: Principal: vn.bananavietnam.ict.common.auth.MyUser@c4907816: Username: U0000000001; Password: [PROTECTED]; Enabled: true; AccountNonExpired: true; credentialsNonExpired: true; AccountNonLocked: true; Granted Authorities: 1; Credentials: [PROTECTED]; Authenticated: true; Details: org.springframework.security.web.authentication.WebAuthenticationDetails@b364: RemoteIpAddress: 0:0:0:0:0:0:0:1; SessionId: 9922C67BA3E5543E4E21E812FE195C22; Granted Authorities: 1'
05-23-2017 05:36:24.018,DEBUG,9922C67BA3E5543E4E21E812FE195C22,/0089/searchData at position 9 of 11 in additional filter chain; firing Filter: 'SessionManagementFilter'
05-23-2017 05:36:24.018,DEBUG,9922C67BA3E5543E4E21E812FE195C22,/0089/searchData at position 10 of 11 in additional filter chain; firing Filter: 'ExceptionTranslationFilter'
05-23-2017 05:36:24.018,DEBUG,9922C67BA3E5543E4E21E812FE195C22,/0089/searchData at position 11 of 11 in additional filter chain; firing Filter: 'FilterSecurityInterceptor'
05-23-2017 05:36:24.018,DEBUG,9922C67BA3E5543E4E21E812FE195C22,Checking match of request : '/0089/searchdata'; against '/autherror*'
05-23-2017 05:36:24.018,DEBUG,9922C67BA3E5543E4E21E812FE195C22,Checking match of request : '/0089/searchdata'; against '/login/**'
05-23-2017 05:36:24.018,DEBUG,9922C67BA3E5543E4E21E812FE195C22,Checking match of request : '/0089/searchdata'; against '/error/**'
05-23-2017 05:36:24.018,DEBUG,9922C67BA3E5543E4E21E812FE195C22,Checking match of request : '/0089/searchdata'; against '/0001/**'
05-23-2017 05:36:24.018,DEBUG,9922C67BA3E5543E4E21E812FE195C22,Checking match of request : '/0089/searchdata'; against '/0002/**'
05-23-2017 05:36:24.018,DEBUG,9922C67BA3E5543E4E21E812FE195C22,Checking match of request : '/0089/searchdata'; against '/0003/**'
05-23-2017 05:36:24.018,DEBUG,9922C67BA3E5543E4E21E812FE195C22,Checking match of request : '/0089/searchdata'; against '/0005/**'
05-23-2017 05:36:24.018,DEBUG,9922C67BA3E5543E4E21E812FE195C22,Checking match of request : '/0089/searchdata'; against '/0007/**'
05-23-2017 05:36:24.018,DEBUG,9922C67BA3E5543E4E21E812FE195C22,Checking match of request : '/0089/searchdata'; against '/0009/**'
05-23-2017 05:36:24.018,DEBUG,9922C67BA3E5543E4E21E812FE195C22,Checking match of request : '/0089/searchdata'; against '/0013/**'
05-23-2017 05:36:24.018,DEBUG,9922C67BA3E5543E4E21E812FE195C22,Checking match of request : '/0089/searchdata'; against '/0023/**'
05-23-2017 05:36:24.018,DEBUG,9922C67BA3E5543E4E21E812FE195C22,Checking match of request : '/0089/searchdata'; against '/0017/**'
05-23-2017 05:36:24.018,DEBUG,9922C67BA3E5543E4E21E812FE195C22,Checking match of request : '/0089/searchdata'; against '/0031/**'
05-23-2017 05:36:24.018,DEBUG,9922C67BA3E5543E4E21E812FE195C22,Checking match of request : '/0089/searchdata'; against '/0035/**'
05-23-2017 05:36:24.018,DEBUG,9922C67BA3E5543E4E21E812FE195C22,Checking match of request : '/0089/searchdata'; against '/0037/**'
05-23-2017 05:36:24.018,DEBUG,9922C67BA3E5543E4E21E812FE195C22,Checking match of request : '/0089/searchdata'; against '/0045/**'
05-23-2017 05:36:24.018,DEBUG,9922C67BA3E5543E4E21E812FE195C22,Checking match of request : '/0089/searchdata'; against '/0047/**'
05-23-2017 05:36:24.019,DEBUG,9922C67BA3E5543E4E21E812FE195C22,Checking match of request : '/0089/searchdata'; against '/0049/**'
05-23-2017 05:36:24.019,DEBUG,9922C67BA3E5543E4E21E812FE195C22,Checking match of request : '/0089/searchdata'; against '/0061/**'
05-23-2017 05:36:24.019,DEBUG,9922C67BA3E5543E4E21E812FE195C22,Checking match of request : '/0089/searchdata'; against '/0087/**'
05-23-2017 05:36:24.019,DEBUG,9922C67BA3E5543E4E21E812FE195C22,Checking match of request : '/0089/searchdata'; against '/0075/**'
05-23-2017 05:36:24.019,DEBUG,9922C67BA3E5543E4E21E812FE195C22,Checking match of request : '/0089/searchdata'; against '/0089/**'
05-23-2017 05:36:24.019,DEBUG,9922C67BA3E5543E4E21E812FE195C22,Secure object: FilterInvocation: URL: /0089/searchData; Attributes: [ROLE_ADMIN, ROLE_USER, IS_AUTHENTICATED_FULLY]
05-23-2017 05:36:24.019,DEBUG,9922C67BA3E5543E4E21E812FE195C22,Previously Authenticated: org.springframework.security.authentication.UsernamePasswordAuthenticationToken@3b6f3487: Principal: vn.bananavietnam.ict.common.auth.MyUser@c4907816: Username: U0000000001; Password: [PROTECTED]; Enabled: true; AccountNonExpired: true; credentialsNonExpired: true; AccountNonLocked: true; Granted Authorities: 1; Credentials: [PROTECTED]; Authenticated: true; Details: org.springframework.security.web.authentication.WebAuthenticationDetails@b364: RemoteIpAddress: 0:0:0:0:0:0:0:1; SessionId: 9922C67BA3E5543E4E21E812FE195C22; Granted Authorities: 1
05-23-2017 05:36:24.019,DEBUG,9922C67BA3E5543E4E21E812FE195C22,Voter: org.springframework.security.access.vote.RoleVoter@1ac872d, returned: -1
05-23-2017 05:36:24.019,DEBUG,9922C67BA3E5543E4E21E812FE195C22,Voter: org.springframework.security.access.vote.AuthenticatedVoter@b1927d, returned: 1
05-23-2017 05:36:24.019,DEBUG,9922C67BA3E5543E4E21E812FE195C22,Authorization successful
05-23-2017 05:36:24.019,DEBUG,9922C67BA3E5543E4E21E812FE195C22,RunAsManager did not change Authentication object
05-23-2017 05:36:24.019,DEBUG,9922C67BA3E5543E4E21E812FE195C22,/0089/searchData reached end of additional filter chain; proceeding with original chain
05-23-2017 05:36:24.019,DEBUG,9922C67BA3E5543E4E21E812FE195C22,Request [/ict/0089/searchData] is not a multipart request
05-23-2017 05:36:24.019,DEBUG,A75028AF92E707C25420634F102B5DF7,DispatcherServlet with name 'appServlet' processing POST request for [/ict/0089/searchData]
05-23-2017 05:36:24.019,DEBUG,A75028AF92E707C25420634F102B5DF7,Looking up handler method for path /0089/searchData
05-23-2017 05:36:24.019,DEBUG,A75028AF92E707C25420634F102B5DF7,Returning handler method [public java.util.List<vn.bananavietnam.ict.banana.component.Bnn0089SearchTaskResult> vn.bananavietnam.ict.banana.controller.Bnn0089SearchTaskController.searchData(vn.bananavietnam.ict.banana.component.Bnn0089SearchTaskConditions)]
05-23-2017 05:36:24.019,DEBUG,A75028AF92E707C25420634F102B5DF7,Returning cached instance of singleton bean 'bnn0089SearchTaskController'
05-23-2017 05:36:24.019,DEBUG,A75028AF92E707C25420634F102B5DF7,Returning cached instance of singleton bean 'xml_path'
05-23-2017 05:36:24.020,DEBUG,A75028AF92E707C25420634F102B5DF7,Read [class vn.bananavietnam.ict.banana.component.Bnn0089SearchTaskConditions] as "application/json" with [org.springframework.http.converter.json.MappingJackson2HttpMessageConverter@156f2cc]
05-23-2017 05:36:24.020,INFO ,A75028AF92E707C25420634F102B5DF7,U0000000001,vn.bananavietnam.ict.banana.service.Bnn0089SearchTaskService,searchData,[vn.bananavietnam.ict.banana.component.Bnn0089SearchTaskConditions@de9aa4] METHOD START
05-23-2017 05:36:24.020,DEBUG,A75028AF92E707C25420634F102B5DF7,Returning cached instance of singleton bean 'transactionManager'
05-23-2017 05:36:24.020,INFO ,A75028AF92E707C25420634F102B5DF7,U0000000001,Task searching started
05-23-2017 05:36:24.020,DEBUG,A75028AF92E707C25420634F102B5DF7,Creating a new SqlSession
05-23-2017 05:36:24.020,DEBUG,A75028AF92E707C25420634F102B5DF7,Registering transaction synchronization for SqlSession [org.apache.ibatis.session.defaults.DefaultSqlSession@b1392f]
05-23-2017 05:36:24.020,DEBUG,A75028AF92E707C25420634F102B5DF7,Fetching JDBC Connection from DataSource
05-23-2017 05:36:24.020,DEBUG,A75028AF92E707C25420634F102B5DF7,Creating new JDBC DriverManager Connection to [jdbc:mysql://172.16.0.175:3306/BANANA_DB_HUNG_SELENIUM?useUnicode=yes&characterEncoding=UTF-8&autoReconnect=true]
05-23-2017 05:36:24.038,DEBUG,A75028AF92E707C25420634F102B5DF7,Registering transaction synchronization for JDBC Connection
05-23-2017 05:36:24.038,DEBUG,A75028AF92E707C25420634F102B5DF7,JDBC Connection [com.mysql.jdbc.JDBC4Connection@f951fe] will be managed by Spring
05-23-2017 05:36:24.038,DEBUG,A75028AF92E707C25420634F102B5DF7,==>  Preparing: SELECT T.TASK_ID taskId, T.TASK_NAME taskName, T.WORKING_DETAILS workingDetails, T.NOTE note, T.QUARANTINE_HANDLING_FLAG quarantineHandlingFlag, T.DELETE_FLAG deleteFlag, T.CHANGE_POINT_CODE changePointCode, T.LAST_UPDATE_DATE lastUpdateDate FROM IVB_M_TASK T WHERE 1 = 1 AND T.DELETE_FLAG = '0' ORDER BY T.TASK_NAME LIMIT ?,? 
05-23-2017 05:36:24.039,DEBUG,A75028AF92E707C25420634F102B5DF7,==> Parameters: 0(Integer), 20(Integer)
05-23-2017 05:36:24.043,DEBUG,A75028AF92E707C25420634F102B5DF7,<==      Total: 20
05-23-2017 05:36:24.043,DEBUG,A75028AF92E707C25420634F102B5DF7,Releasing transactional SqlSession [org.apache.ibatis.session.defaults.DefaultSqlSession@b1392f]
05-23-2017 05:36:24.043,INFO ,A75028AF92E707C25420634F102B5DF7,U0000000001,SQL execution finished
05-23-2017 05:36:24.043,DEBUG,A75028AF92E707C25420634F102B5DF7,Fetched SqlSession [org.apache.ibatis.session.defaults.DefaultSqlSession@b1392f] from current transaction
05-23-2017 05:36:24.043,DEBUG,A75028AF92E707C25420634F102B5DF7,==>  Preparing: SELECT COUNT(*) FROM IVB_M_TASK T WHERE 1 = 1 AND T.DELETE_FLAG = '0' ORDER BY T.TASK_ID 
05-23-2017 05:36:24.043,DEBUG,A75028AF92E707C25420634F102B5DF7,==> Parameters: 
05-23-2017 05:36:24.045,DEBUG,A75028AF92E707C25420634F102B5DF7,<==      Total: 1
05-23-2017 05:36:24.045,DEBUG,A75028AF92E707C25420634F102B5DF7,Releasing transactional SqlSession [org.apache.ibatis.session.defaults.DefaultSqlSession@b1392f]
05-23-2017 05:36:24.045,INFO ,A75028AF92E707C25420634F102B5DF7,U0000000001,Task searching finished ==> 43 item(s)
05-23-2017 05:36:24.045,DEBUG,A75028AF92E707C25420634F102B5DF7,Transaction synchronization deregistering SqlSession [org.apache.ibatis.session.defaults.DefaultSqlSession@b1392f]
05-23-2017 05:36:24.045,DEBUG,A75028AF92E707C25420634F102B5DF7,Transaction synchronization closing SqlSession [org.apache.ibatis.session.defaults.DefaultSqlSession@b1392f]
05-23-2017 05:36:24.045,DEBUG,A75028AF92E707C25420634F102B5DF7,Returning JDBC Connection to DataSource
05-23-2017 05:36:24.045,INFO ,A75028AF92E707C25420634F102B5DF7,U0000000001,vn.bananavietnam.ict.banana.service.Bnn0089SearchTaskService,searchData,[vn.bananavietnam.ict.banana.component.Bnn0089SearchTaskConditions@de9aa4] METHOD END
05-23-2017 05:36:24.048,DEBUG,A75028AF92E707C25420634F102B5DF7,Written [[vn.bananavietnam.ict.banana.component.Bnn0089SearchTaskResult@175c474, vn.bananavietnam.ict.banana.component.Bnn0089SearchTaskResult@1f9ff30, vn.bananavietnam.ict.banana.component.Bnn0089SearchTaskResult@89097c, vn.bananavietnam.ict.banana.component.Bnn0089SearchTaskResult@10b717d, vn.bananavietnam.ict.banana.component.Bnn0089SearchTaskResult@22484c, vn.bananavietnam.ict.banana.component.Bnn0089SearchTaskResult@6033c7, vn.bananavietnam.ict.banana.component.Bnn0089SearchTaskResult@4214de, vn.bananavietnam.ict.banana.component.Bnn0089SearchTaskResult@c01db2, vn.bananavietnam.ict.banana.component.Bnn0089SearchTaskResult@94450e, vn.bananavietnam.ict.banana.component.Bnn0089SearchTaskResult@10fa690, vn.bananavietnam.ict.banana.component.Bnn0089SearchTaskResult@17fbc4b, vn.bananavietnam.ict.banana.component.Bnn0089SearchTaskResult@1d4141b, vn.bananavietnam.ict.banana.component.Bnn0089SearchTaskResult@178859a, vn.bananavietnam.ict.banana.component.Bnn0089SearchTaskResult@1e98283, vn.bananavietnam.ict.banana.component.Bnn0089SearchTaskResult@1caf4d1, vn.bananavietnam.ict.banana.component.Bnn0089SearchTaskResult@db543f, vn.bananavietnam.ict.banana.component.Bnn0089SearchTaskResult@19e416b, vn.bananavietnam.ict.banana.component.Bnn0089SearchTaskResult@5030c1, vn.bananavietnam.ict.banana.component.Bnn0089SearchTaskResult@aa30a6, vn.bananavietnam.ict.banana.component.Bnn0089SearchTaskResult@aee420]] as "application/json;charset=UTF-8" using [org.springframework.http.converter.json.MappingJackson2HttpMessageConverter@156f2cc]
05-23-2017 05:36:24.048,DEBUG,A75028AF92E707C25420634F102B5DF7,Null ModelAndView returned to DispatcherServlet with name 'appServlet': assuming HandlerAdapter completed request handling
05-23-2017 05:36:24.048,DEBUG,A75028AF92E707C25420634F102B5DF7,Successfully completed request
05-23-2017 05:36:24.048,DEBUG,A75028AF92E707C25420634F102B5DF7,Chain processed normally
05-23-2017 05:36:24.048,DEBUG,A75028AF92E707C25420634F102B5DF7,SecurityContextHolder now cleared, as request processing completed
05-23-2017 05:36:25.134,DEBUG,AC6A9978A9A6E06395B0344BC1C02E4C,/0089/searchData at position 1 of 11 in additional filter chain; firing Filter: 'SecurityContextPersistenceFilter'
05-23-2017 05:36:25.135,DEBUG,AC6A9978A9A6E06395B0344BC1C02E4C,Obtained a valid SecurityContext from SPRING_SECURITY_CONTEXT: 'org.springframework.security.core.context.SecurityContextImpl@3b6f3487: Authentication: org.springframework.security.authentication.UsernamePasswordAuthenticationToken@3b6f3487: Principal: vn.bananavietnam.ict.common.auth.MyUser@c4907816: Username: U0000000001; Password: [PROTECTED]; Enabled: true; AccountNonExpired: true; credentialsNonExpired: true; AccountNonLocked: true; Granted Authorities: 1; Credentials: [PROTECTED]; Authenticated: true; Details: org.springframework.security.web.authentication.WebAuthenticationDetails@b364: RemoteIpAddress: 0:0:0:0:0:0:0:1; SessionId: 9922C67BA3E5543E4E21E812FE195C22; Granted Authorities: 1'
05-23-2017 05:36:25.135,DEBUG,AC6A9978A9A6E06395B0344BC1C02E4C,/0089/searchData at position 2 of 11 in additional filter chain; firing Filter: 'WebAsyncManagerIntegrationFilter'
05-23-2017 05:36:25.135,DEBUG,AC6A9978A9A6E06395B0344BC1C02E4C,/0089/searchData at position 3 of 11 in additional filter chain; firing Filter: 'LogoutFilter'
05-23-2017 05:36:25.135,DEBUG,AC6A9978A9A6E06395B0344BC1C02E4C,/0089/searchData at position 4 of 11 in additional filter chain; firing Filter: 'UsernamePasswordAuthenticationFilter'
05-23-2017 05:36:25.135,DEBUG,AC6A9978A9A6E06395B0344BC1C02E4C,/0089/searchData at position 5 of 11 in additional filter chain; firing Filter: 'BasicAuthenticationFilter'
05-23-2017 05:36:25.135,DEBUG,AC6A9978A9A6E06395B0344BC1C02E4C,/0089/searchData at position 6 of 11 in additional filter chain; firing Filter: 'RequestCacheAwareFilter'
05-23-2017 05:36:25.135,DEBUG,AC6A9978A9A6E06395B0344BC1C02E4C,/0089/searchData at position 7 of 11 in additional filter chain; firing Filter: 'SecurityContextHolderAwareRequestFilter'
05-23-2017 05:36:25.135,DEBUG,AC6A9978A9A6E06395B0344BC1C02E4C,/0089/searchData at position 8 of 11 in additional filter chain; firing Filter: 'AnonymousAuthenticationFilter'
05-23-2017 05:36:25.135,DEBUG,AC6A9978A9A6E06395B0344BC1C02E4C,SecurityContextHolder not populated with anonymous token, as it already contained: 'org.springframework.security.authentication.UsernamePasswordAuthenticationToken@3b6f3487: Principal: vn.bananavietnam.ict.common.auth.MyUser@c4907816: Username: U0000000001; Password: [PROTECTED]; Enabled: true; AccountNonExpired: true; credentialsNonExpired: true; AccountNonLocked: true; Granted Authorities: 1; Credentials: [PROTECTED]; Authenticated: true; Details: org.springframework.security.web.authentication.WebAuthenticationDetails@b364: RemoteIpAddress: 0:0:0:0:0:0:0:1; SessionId: 9922C67BA3E5543E4E21E812FE195C22; Granted Authorities: 1'
05-23-2017 05:36:25.135,DEBUG,AC6A9978A9A6E06395B0344BC1C02E4C,/0089/searchData at position 9 of 11 in additional filter chain; firing Filter: 'SessionManagementFilter'
05-23-2017 05:36:25.135,DEBUG,AC6A9978A9A6E06395B0344BC1C02E4C,/0089/searchData at position 10 of 11 in additional filter chain; firing Filter: 'ExceptionTranslationFilter'
05-23-2017 05:36:25.135,DEBUG,AC6A9978A9A6E06395B0344BC1C02E4C,/0089/searchData at position 11 of 11 in additional filter chain; firing Filter: 'FilterSecurityInterceptor'
05-23-2017 05:36:25.135,DEBUG,AC6A9978A9A6E06395B0344BC1C02E4C,Checking match of request : '/0089/searchdata'; against '/autherror*'
05-23-2017 05:36:25.135,DEBUG,AC6A9978A9A6E06395B0344BC1C02E4C,Checking match of request : '/0089/searchdata'; against '/login/**'
05-23-2017 05:36:25.135,DEBUG,AC6A9978A9A6E06395B0344BC1C02E4C,Checking match of request : '/0089/searchdata'; against '/error/**'
05-23-2017 05:36:25.135,DEBUG,AC6A9978A9A6E06395B0344BC1C02E4C,Checking match of request : '/0089/searchdata'; against '/0001/**'
05-23-2017 05:36:25.135,DEBUG,AC6A9978A9A6E06395B0344BC1C02E4C,Checking match of request : '/0089/searchdata'; against '/0002/**'
05-23-2017 05:36:25.135,DEBUG,AC6A9978A9A6E06395B0344BC1C02E4C,Checking match of request : '/0089/searchdata'; against '/0003/**'
05-23-2017 05:36:25.135,DEBUG,AC6A9978A9A6E06395B0344BC1C02E4C,Checking match of request : '/0089/searchdata'; against '/0005/**'
05-23-2017 05:36:25.135,DEBUG,AC6A9978A9A6E06395B0344BC1C02E4C,Checking match of request : '/0089/searchdata'; against '/0007/**'
05-23-2017 05:36:25.135,DEBUG,AC6A9978A9A6E06395B0344BC1C02E4C,Checking match of request : '/0089/searchdata'; against '/0009/**'
05-23-2017 05:36:25.135,DEBUG,AC6A9978A9A6E06395B0344BC1C02E4C,Checking match of request : '/0089/searchdata'; against '/0013/**'
05-23-2017 05:36:25.135,DEBUG,AC6A9978A9A6E06395B0344BC1C02E4C,Checking match of request : '/0089/searchdata'; against '/0023/**'
05-23-2017 05:36:25.135,DEBUG,AC6A9978A9A6E06395B0344BC1C02E4C,Checking match of request : '/0089/searchdata'; against '/0017/**'
05-23-2017 05:36:25.135,DEBUG,AC6A9978A9A6E06395B0344BC1C02E4C,Checking match of request : '/0089/searchdata'; against '/0031/**'
05-23-2017 05:36:25.135,DEBUG,AC6A9978A9A6E06395B0344BC1C02E4C,Checking match of request : '/0089/searchdata'; against '/0035/**'
05-23-2017 05:36:25.135,DEBUG,AC6A9978A9A6E06395B0344BC1C02E4C,Checking match of request : '/0089/searchdata'; against '/0037/**'
05-23-2017 05:36:25.135,DEBUG,AC6A9978A9A6E06395B0344BC1C02E4C,Checking match of request : '/0089/searchdata'; against '/0045/**'
05-23-2017 05:36:25.135,DEBUG,AC6A9978A9A6E06395B0344BC1C02E4C,Checking match of request : '/0089/searchdata'; against '/0047/**'
05-23-2017 05:36:25.135,DEBUG,AC6A9978A9A6E06395B0344BC1C02E4C,Checking match of request : '/0089/searchdata'; against '/0049/**'
05-23-2017 05:36:25.135,DEBUG,AC6A9978A9A6E06395B0344BC1C02E4C,Checking match of request : '/0089/searchdata'; against '/0061/**'
05-23-2017 05:36:25.135,DEBUG,AC6A9978A9A6E06395B0344BC1C02E4C,Checking match of request : '/0089/searchdata'; against '/0087/**'
05-23-2017 05:36:25.135,DEBUG,AC6A9978A9A6E06395B0344BC1C02E4C,Checking match of request : '/0089/searchdata'; against '/0075/**'
05-23-2017 05:36:25.135,DEBUG,AC6A9978A9A6E06395B0344BC1C02E4C,Checking match of request : '/0089/searchdata'; against '/0089/**'
05-23-2017 05:36:25.135,DEBUG,AC6A9978A9A6E06395B0344BC1C02E4C,Secure object: FilterInvocation: URL: /0089/searchData; Attributes: [ROLE_ADMIN, ROLE_USER, IS_AUTHENTICATED_FULLY]
05-23-2017 05:36:25.135,DEBUG,AC6A9978A9A6E06395B0344BC1C02E4C,Previously Authenticated: org.springframework.security.authentication.UsernamePasswordAuthenticationToken@3b6f3487: Principal: vn.bananavietnam.ict.common.auth.MyUser@c4907816: Username: U0000000001; Password: [PROTECTED]; Enabled: true; AccountNonExpired: true; credentialsNonExpired: true; AccountNonLocked: true; Granted Authorities: 1; Credentials: [PROTECTED]; Authenticated: true; Details: org.springframework.security.web.authentication.WebAuthenticationDetails@b364: RemoteIpAddress: 0:0:0:0:0:0:0:1; SessionId: 9922C67BA3E5543E4E21E812FE195C22; Granted Authorities: 1
05-23-2017 05:36:25.135,DEBUG,AC6A9978A9A6E06395B0344BC1C02E4C,Voter: org.springframework.security.access.vote.RoleVoter@1ac872d, returned: -1
05-23-2017 05:36:25.135,DEBUG,AC6A9978A9A6E06395B0344BC1C02E4C,Voter: org.springframework.security.access.vote.AuthenticatedVoter@b1927d, returned: 1
05-23-2017 05:36:25.135,DEBUG,AC6A9978A9A6E06395B0344BC1C02E4C,Authorization successful
05-23-2017 05:36:25.135,DEBUG,AC6A9978A9A6E06395B0344BC1C02E4C,RunAsManager did not change Authentication object
05-23-2017 05:36:25.135,DEBUG,AC6A9978A9A6E06395B0344BC1C02E4C,/0089/searchData reached end of additional filter chain; proceeding with original chain
05-23-2017 05:36:25.135,DEBUG,AC6A9978A9A6E06395B0344BC1C02E4C,Request [/ict/0089/searchData] is not a multipart request
05-23-2017 05:36:25.135,DEBUG,A75028AF92E707C25420634F102B5DF7,DispatcherServlet with name 'appServlet' processing POST request for [/ict/0089/searchData]
05-23-2017 05:36:25.135,DEBUG,A75028AF92E707C25420634F102B5DF7,Looking up handler method for path /0089/searchData
05-23-2017 05:36:25.136,DEBUG,A75028AF92E707C25420634F102B5DF7,Returning handler method [public java.util.List<vn.bananavietnam.ict.banana.component.Bnn0089SearchTaskResult> vn.bananavietnam.ict.banana.controller.Bnn0089SearchTaskController.searchData(vn.bananavietnam.ict.banana.component.Bnn0089SearchTaskConditions)]
05-23-2017 05:36:25.136,DEBUG,A75028AF92E707C25420634F102B5DF7,Returning cached instance of singleton bean 'bnn0089SearchTaskController'
05-23-2017 05:36:25.136,DEBUG,A75028AF92E707C25420634F102B5DF7,Returning cached instance of singleton bean 'xml_path'
05-23-2017 05:36:25.136,DEBUG,A75028AF92E707C25420634F102B5DF7,Read [class vn.bananavietnam.ict.banana.component.Bnn0089SearchTaskConditions] as "application/json" with [org.springframework.http.converter.json.MappingJackson2HttpMessageConverter@156f2cc]
05-23-2017 05:36:25.136,INFO ,A75028AF92E707C25420634F102B5DF7,U0000000001,vn.bananavietnam.ict.banana.service.Bnn0089SearchTaskService,searchData,[vn.bananavietnam.ict.banana.component.Bnn0089SearchTaskConditions@10cd4f3] METHOD START
05-23-2017 05:36:25.136,DEBUG,A75028AF92E707C25420634F102B5DF7,Returning cached instance of singleton bean 'transactionManager'
05-23-2017 05:36:25.136,INFO ,A75028AF92E707C25420634F102B5DF7,U0000000001,Task searching started
05-23-2017 05:36:25.136,DEBUG,A75028AF92E707C25420634F102B5DF7,Creating a new SqlSession
05-23-2017 05:36:25.136,DEBUG,A75028AF92E707C25420634F102B5DF7,Registering transaction synchronization for SqlSession [org.apache.ibatis.session.defaults.DefaultSqlSession@168c017]
05-23-2017 05:36:25.136,DEBUG,A75028AF92E707C25420634F102B5DF7,Fetching JDBC Connection from DataSource
05-23-2017 05:36:25.136,DEBUG,A75028AF92E707C25420634F102B5DF7,Creating new JDBC DriverManager Connection to [jdbc:mysql://172.16.0.175:3306/BANANA_DB_HUNG_SELENIUM?useUnicode=yes&characterEncoding=UTF-8&autoReconnect=true]
05-23-2017 05:36:25.151,DEBUG,A75028AF92E707C25420634F102B5DF7,Registering transaction synchronization for JDBC Connection
05-23-2017 05:36:25.151,DEBUG,A75028AF92E707C25420634F102B5DF7,JDBC Connection [com.mysql.jdbc.JDBC4Connection@ffee77] will be managed by Spring
05-23-2017 05:36:25.151,DEBUG,A75028AF92E707C25420634F102B5DF7,==>  Preparing: SELECT T.TASK_ID taskId, T.TASK_NAME taskName, T.WORKING_DETAILS workingDetails, T.NOTE note, T.QUARANTINE_HANDLING_FLAG quarantineHandlingFlag, T.DELETE_FLAG deleteFlag, T.CHANGE_POINT_CODE changePointCode, T.LAST_UPDATE_DATE lastUpdateDate FROM IVB_M_TASK T WHERE 1 = 1 AND T.DELETE_FLAG = '0' ORDER BY T.TASK_NAME LIMIT ?,? 
05-23-2017 05:36:25.151,DEBUG,A75028AF92E707C25420634F102B5DF7,==> Parameters: 40(Integer), 20(Integer)
05-23-2017 05:36:25.154,DEBUG,A75028AF92E707C25420634F102B5DF7,<==      Total: 3
05-23-2017 05:36:25.154,DEBUG,A75028AF92E707C25420634F102B5DF7,Releasing transactional SqlSession [org.apache.ibatis.session.defaults.DefaultSqlSession@168c017]
05-23-2017 05:36:25.154,INFO ,A75028AF92E707C25420634F102B5DF7,U0000000001,SQL execution finished
05-23-2017 05:36:25.154,DEBUG,A75028AF92E707C25420634F102B5DF7,Fetched SqlSession [org.apache.ibatis.session.defaults.DefaultSqlSession@168c017] from current transaction
05-23-2017 05:36:25.154,DEBUG,A75028AF92E707C25420634F102B5DF7,==>  Preparing: SELECT COUNT(*) FROM IVB_M_TASK T WHERE 1 = 1 AND T.DELETE_FLAG = '0' ORDER BY T.TASK_ID 
05-23-2017 05:36:25.154,DEBUG,A75028AF92E707C25420634F102B5DF7,==> Parameters: 
05-23-2017 05:36:25.155,DEBUG,A75028AF92E707C25420634F102B5DF7,<==      Total: 1
05-23-2017 05:36:25.155,DEBUG,A75028AF92E707C25420634F102B5DF7,Releasing transactional SqlSession [org.apache.ibatis.session.defaults.DefaultSqlSession@168c017]
05-23-2017 05:36:25.155,INFO ,A75028AF92E707C25420634F102B5DF7,U0000000001,Task searching finished ==> 43 item(s)
05-23-2017 05:36:25.155,DEBUG,A75028AF92E707C25420634F102B5DF7,Transaction synchronization deregistering SqlSession [org.apache.ibatis.session.defaults.DefaultSqlSession@168c017]
05-23-2017 05:36:25.155,DEBUG,A75028AF92E707C25420634F102B5DF7,Transaction synchronization closing SqlSession [org.apache.ibatis.session.defaults.DefaultSqlSession@168c017]
05-23-2017 05:36:25.155,DEBUG,A75028AF92E707C25420634F102B5DF7,Returning JDBC Connection to DataSource
05-23-2017 05:36:25.155,INFO ,A75028AF92E707C25420634F102B5DF7,U0000000001,vn.bananavietnam.ict.banana.service.Bnn0089SearchTaskService,searchData,[vn.bananavietnam.ict.banana.component.Bnn0089SearchTaskConditions@10cd4f3] METHOD END
05-23-2017 05:36:25.157,DEBUG,A75028AF92E707C25420634F102B5DF7,Written [[vn.bananavietnam.ict.banana.component.Bnn0089SearchTaskResult@b1fb64, vn.bananavietnam.ict.banana.component.Bnn0089SearchTaskResult@26033a, vn.bananavietnam.ict.banana.component.Bnn0089SearchTaskResult@bb183a]] as "application/json;charset=UTF-8" using [org.springframework.http.converter.json.MappingJackson2HttpMessageConverter@156f2cc]
05-23-2017 05:36:25.157,DEBUG,A75028AF92E707C25420634F102B5DF7,Null ModelAndView returned to DispatcherServlet with name 'appServlet': assuming HandlerAdapter completed request handling
05-23-2017 05:36:25.157,DEBUG,A75028AF92E707C25420634F102B5DF7,Successfully completed request
05-23-2017 05:36:25.157,DEBUG,A75028AF92E707C25420634F102B5DF7,Chain processed normally
05-23-2017 05:36:25.157,DEBUG,A75028AF92E707C25420634F102B5DF7,SecurityContextHolder now cleared, as request processing completed
