05-08-2017 14:39:29.006,DEBUG,9A3F3F2E5DB92C02421429E1D01DEDC8,/0089/searchData at position 1 of 11 in additional filter chain; firing Filter: 'SecurityContextPersistenceFilter'
05-08-2017 14:39:29.006,DEBUG,9A3F3F2E5DB92C02421429E1D01DEDC8,Obtained a valid SecurityContext from SPRING_SECURITY_CONTEXT: 'org.springframework.security.core.context.SecurityContextImpl@c490ed61: Authentication: org.springframework.security.authentication.UsernamePasswordAuthenticationToken@c490ed61: Principal: vn.bananavietnam.ict.common.auth.MyUser@c4907816: Username: U0000000001; Password: [PROTECTED]; Enabled: true; AccountNonExpired: true; credentialsNonExpired: true; AccountNonLocked: true; Granted Authorities: 1; Credentials: [PROTECTED]; Authenticated: true; Details: org.springframework.security.web.authentication.WebAuthenticationDetails@ffff6a82: RemoteIpAddress: 127.0.0.1; SessionId: FBBFC7FEAC49CD3E4120E1C43D46ABBE; Granted Authorities: 1'
05-08-2017 14:39:29.006,DEBUG,9A3F3F2E5DB92C02421429E1D01DEDC8,/0089/searchData at position 2 of 11 in additional filter chain; firing Filter: 'WebAsyncManagerIntegrationFilter'
05-08-2017 14:39:29.006,DEBUG,9A3F3F2E5DB92C02421429E1D01DEDC8,/0089/searchData at position 3 of 11 in additional filter chain; firing Filter: 'LogoutFilter'
05-08-2017 14:39:29.007,DEBUG,9A3F3F2E5DB92C02421429E1D01DEDC8,/0089/searchData at position 4 of 11 in additional filter chain; firing Filter: 'UsernamePasswordAuthenticationFilter'
05-08-2017 14:39:29.007,DEBUG,9A3F3F2E5DB92C02421429E1D01DEDC8,/0089/searchData at position 5 of 11 in additional filter chain; firing Filter: 'BasicAuthenticationFilter'
05-08-2017 14:39:29.007,DEBUG,9A3F3F2E5DB92C02421429E1D01DEDC8,/0089/searchData at position 6 of 11 in additional filter chain; firing Filter: 'RequestCacheAwareFilter'
05-08-2017 14:39:29.007,DEBUG,9A3F3F2E5DB92C02421429E1D01DEDC8,/0089/searchData at position 7 of 11 in additional filter chain; firing Filter: 'SecurityContextHolderAwareRequestFilter'
05-08-2017 14:39:29.007,DEBUG,9A3F3F2E5DB92C02421429E1D01DEDC8,/0089/searchData at position 8 of 11 in additional filter chain; firing Filter: 'AnonymousAuthenticationFilter'
05-08-2017 14:39:29.007,DEBUG,9A3F3F2E5DB92C02421429E1D01DEDC8,SecurityContextHolder not populated with anonymous token, as it already contained: 'org.springframework.security.authentication.UsernamePasswordAuthenticationToken@c490ed61: Principal: vn.bananavietnam.ict.common.auth.MyUser@c4907816: Username: U0000000001; Password: [PROTECTED]; Enabled: true; AccountNonExpired: true; credentialsNonExpired: true; AccountNonLocked: true; Granted Authorities: 1; Credentials: [PROTECTED]; Authenticated: true; Details: org.springframework.security.web.authentication.WebAuthenticationDetails@ffff6a82: RemoteIpAddress: 127.0.0.1; SessionId: FBBFC7FEAC49CD3E4120E1C43D46ABBE; Granted Authorities: 1'
05-08-2017 14:39:29.007,DEBUG,9A3F3F2E5DB92C02421429E1D01DEDC8,/0089/searchData at position 9 of 11 in additional filter chain; firing Filter: 'SessionManagementFilter'
05-08-2017 14:39:29.007,DEBUG,9A3F3F2E5DB92C02421429E1D01DEDC8,/0089/searchData at position 10 of 11 in additional filter chain; firing Filter: 'ExceptionTranslationFilter'
05-08-2017 14:39:29.007,DEBUG,9A3F3F2E5DB92C02421429E1D01DEDC8,/0089/searchData at position 11 of 11 in additional filter chain; firing Filter: 'FilterSecurityInterceptor'
05-08-2017 14:39:29.007,DEBUG,9A3F3F2E5DB92C02421429E1D01DEDC8,Checking match of request : '/0089/searchdata'; against '/autherror*'
05-08-2017 14:39:29.007,DEBUG,9A3F3F2E5DB92C02421429E1D01DEDC8,Checking match of request : '/0089/searchdata'; against '/login/**'
05-08-2017 14:39:29.007,DEBUG,9A3F3F2E5DB92C02421429E1D01DEDC8,Checking match of request : '/0089/searchdata'; against '/0001/**'
05-08-2017 14:39:29.007,DEBUG,9A3F3F2E5DB92C02421429E1D01DEDC8,Checking match of request : '/0089/searchdata'; against '/0002/**'
05-08-2017 14:39:29.007,DEBUG,9A3F3F2E5DB92C02421429E1D01DEDC8,Checking match of request : '/0089/searchdata'; against '/0003/**'
05-08-2017 14:39:29.007,DEBUG,9A3F3F2E5DB92C02421429E1D01DEDC8,Checking match of request : '/0089/searchdata'; against '/searchuserpopup/**'
05-08-2017 14:39:29.007,DEBUG,9A3F3F2E5DB92C02421429E1D01DEDC8,Checking match of request : '/0089/searchdata'; against '/0005/**'
05-08-2017 14:39:29.007,DEBUG,9A3F3F2E5DB92C02421429E1D01DEDC8,Checking match of request : '/0089/searchdata'; against '/0009/**'
05-08-2017 14:39:29.007,DEBUG,9A3F3F2E5DB92C02421429E1D01DEDC8,Checking match of request : '/0089/searchdata'; against '/searchline/**'
05-08-2017 14:39:29.008,DEBUG,9A3F3F2E5DB92C02421429E1D01DEDC8,Checking match of request : '/0089/searchdata'; against '/0013/**'
05-08-2017 14:39:29.008,DEBUG,9A3F3F2E5DB92C02421429E1D01DEDC8,Checking match of request : '/0089/searchdata'; against '/0017/**'
05-08-2017 14:39:29.008,DEBUG,9A3F3F2E5DB92C02421429E1D01DEDC8,Checking match of request : '/0089/searchdata'; against '/0031/**'
05-08-2017 14:39:29.008,DEBUG,9A3F3F2E5DB92C02421429E1D01DEDC8,Checking match of request : '/0089/searchdata'; against '/0035/**'
05-08-2017 14:39:29.008,DEBUG,9A3F3F2E5DB92C02421429E1D01DEDC8,Checking match of request : '/0089/searchdata'; against '/0037/**'
05-08-2017 14:39:29.008,DEBUG,9A3F3F2E5DB92C02421429E1D01DEDC8,Checking match of request : '/0089/searchdata'; against '/0045/**'
05-08-2017 14:39:29.008,DEBUG,9A3F3F2E5DB92C02421429E1D01DEDC8,Checking match of request : '/0089/searchdata'; against '/0047/**'
05-08-2017 14:39:29.008,DEBUG,9A3F3F2E5DB92C02421429E1D01DEDC8,Checking match of request : '/0089/searchdata'; against '/0049/**'
05-08-2017 14:39:29.008,DEBUG,9A3F3F2E5DB92C02421429E1D01DEDC8,Checking match of request : '/0089/searchdata'; against '/0061/**'
05-08-2017 14:39:29.008,DEBUG,9A3F3F2E5DB92C02421429E1D01DEDC8,Checking match of request : '/0089/searchdata'; against '/0087/**'
05-08-2017 14:39:29.008,DEBUG,9A3F3F2E5DB92C02421429E1D01DEDC8,Checking match of request : '/0089/searchdata'; against '/0075/**'
05-08-2017 14:39:29.008,DEBUG,9A3F3F2E5DB92C02421429E1D01DEDC8,Checking match of request : '/0089/searchdata'; against '/0089/**'
05-08-2017 14:39:29.008,DEBUG,9A3F3F2E5DB92C02421429E1D01DEDC8,Secure object: FilterInvocation: URL: /0089/searchData; Attributes: [ROLE_ADMIN, ROLE_USER, IS_AUTHENTICATED_FULLY]
05-08-2017 14:39:29.008,DEBUG,9A3F3F2E5DB92C02421429E1D01DEDC8,Previously Authenticated: org.springframework.security.authentication.UsernamePasswordAuthenticationToken@c490ed61: Principal: vn.bananavietnam.ict.common.auth.MyUser@c4907816: Username: U0000000001; Password: [PROTECTED]; Enabled: true; AccountNonExpired: true; credentialsNonExpired: true; AccountNonLocked: true; Granted Authorities: 1; Credentials: [PROTECTED]; Authenticated: true; Details: org.springframework.security.web.authentication.WebAuthenticationDetails@ffff6a82: RemoteIpAddress: 127.0.0.1; SessionId: FBBFC7FEAC49CD3E4120E1C43D46ABBE; Granted Authorities: 1
05-08-2017 14:39:29.008,DEBUG,9A3F3F2E5DB92C02421429E1D01DEDC8,Voter: org.springframework.security.access.vote.RoleVoter@1b68791, returned: -1
05-08-2017 14:39:29.008,DEBUG,9A3F3F2E5DB92C02421429E1D01DEDC8,Voter: org.springframework.security.access.vote.AuthenticatedVoter@1fd620c, returned: 1
05-08-2017 14:39:29.008,DEBUG,9A3F3F2E5DB92C02421429E1D01DEDC8,Authorization successful
05-08-2017 14:39:29.008,DEBUG,9A3F3F2E5DB92C02421429E1D01DEDC8,RunAsManager did not change Authentication object
05-08-2017 14:39:29.008,DEBUG,9A3F3F2E5DB92C02421429E1D01DEDC8,/0089/searchData reached end of additional filter chain; proceeding with original chain
05-08-2017 14:39:29.009,DEBUG,9A3F3F2E5DB92C02421429E1D01DEDC8,Request [/ict/0089/searchData] is not a multipart request
05-08-2017 14:39:29.009,DEBUG,9A3F3F2E5DB92C02421429E1D01DEDC8,DispatcherServlet with name 'appServlet' processing POST request for [/ict/0089/searchData]
05-08-2017 14:39:29.009,DEBUG,9A3F3F2E5DB92C02421429E1D01DEDC8,Looking up handler method for path /0089/searchData
05-08-2017 14:39:29.009,DEBUG,9A3F3F2E5DB92C02421429E1D01DEDC8,Returning handler method [public java.util.List<vn.bananavietnam.ict.banana.component.Bnn0089SearchTaskResult> vn.bananavietnam.ict.banana.controller.Bnn0089SearchTaskController.searchData(vn.bananavietnam.ict.banana.component.Bnn0089SearchTaskConditions)]
05-08-2017 14:39:29.009,DEBUG,9A3F3F2E5DB92C02421429E1D01DEDC8,Returning cached instance of singleton bean 'bnn0089SearchTaskController'
05-08-2017 14:39:29.009,DEBUG,9A3F3F2E5DB92C02421429E1D01DEDC8,Returning cached instance of singleton bean 'xml_path'
05-08-2017 14:39:29.010,DEBUG,9A3F3F2E5DB92C02421429E1D01DEDC8,Read [class vn.bananavietnam.ict.banana.component.Bnn0089SearchTaskConditions] as "application/json" with [org.springframework.http.converter.json.MappingJackson2HttpMessageConverter@1fe278e]
05-08-2017 14:39:29.010,INFO ,9A3F3F2E5DB92C02421429E1D01DEDC8,U0000000001,vn.bananavietnam.ict.banana.service.Bnn0089SearchTaskService,searchData,[vn.bananavietnam.ict.banana.component.Bnn0089SearchTaskConditions@ee69fc] METHOD START
05-08-2017 14:39:29.011,DEBUG,9A3F3F2E5DB92C02421429E1D01DEDC8,Returning cached instance of singleton bean 'transactionManager'
05-08-2017 14:39:29.011,INFO ,9A3F3F2E5DB92C02421429E1D01DEDC8,U0000000001,Task searching started
05-08-2017 14:39:29.011,DEBUG,9A3F3F2E5DB92C02421429E1D01DEDC8,Creating a new SqlSession
05-08-2017 14:39:29.011,DEBUG,9A3F3F2E5DB92C02421429E1D01DEDC8,Registering transaction synchronization for SqlSession [org.apache.ibatis.session.defaults.DefaultSqlSession@159e2c6]
05-08-2017 14:39:29.011,DEBUG,9A3F3F2E5DB92C02421429E1D01DEDC8,Fetching JDBC Connection from DataSource
05-08-2017 14:39:29.011,DEBUG,9A3F3F2E5DB92C02421429E1D01DEDC8,Creating new JDBC DriverManager Connection to [jdbc:mysql://172.16.0.175:3306/BANANA_DB_HUNG_SELENIUM?useUnicode=yes&characterEncoding=UTF-8&autoReconnect=true]
05-08-2017 14:39:29.040,DEBUG,9A3F3F2E5DB92C02421429E1D01DEDC8,Registering transaction synchronization for JDBC Connection
05-08-2017 14:39:29.040,DEBUG,9A3F3F2E5DB92C02421429E1D01DEDC8,JDBC Connection [com.mysql.jdbc.JDBC4Connection@1ac06e1] will be managed by Spring
05-08-2017 14:39:29.041,DEBUG,9A3F3F2E5DB92C02421429E1D01DEDC8,==>  Preparing: SELECT T.TASK_ID taskId, T.TASK_NAME taskName, T.WORKING_DETAILS workingDetails, T.NOTE note, T.QUARANTINE_HANDLING_FLAG quarantineHandlingFlag, T.DELETE_FLAG deleteFlag, T.CHANGE_POINT_CODE changePointCode FROM IVB_M_TASK T WHERE 1 = 1 AND T.DELETE_FLAG = '0' ORDER BY T.TASK_NAME LIMIT ?,? 
05-08-2017 14:39:29.041,DEBUG,9A3F3F2E5DB92C02421429E1D01DEDC8,==> Parameters: 0(Integer), 20(Integer)
05-08-2017 14:39:29.044,DEBUG,9A3F3F2E5DB92C02421429E1D01DEDC8,<==      Total: 20
05-08-2017 14:39:29.044,DEBUG,9A3F3F2E5DB92C02421429E1D01DEDC8,Releasing transactional SqlSession [org.apache.ibatis.session.defaults.DefaultSqlSession@159e2c6]
05-08-2017 14:39:29.044,INFO ,9A3F3F2E5DB92C02421429E1D01DEDC8,U0000000001,SQL execution finished
05-08-2017 14:39:29.045,DEBUG,9A3F3F2E5DB92C02421429E1D01DEDC8,Fetched SqlSession [org.apache.ibatis.session.defaults.DefaultSqlSession@159e2c6] from current transaction
05-08-2017 14:39:29.045,DEBUG,9A3F3F2E5DB92C02421429E1D01DEDC8,==>  Preparing: SELECT COUNT(*) FROM IVB_M_TASK T WHERE 1 = 1 AND T.DELETE_FLAG = '0' ORDER BY T.TASK_ID 
05-08-2017 14:39:29.045,DEBUG,9A3F3F2E5DB92C02421429E1D01DEDC8,==> Parameters: 
05-08-2017 14:39:29.046,DEBUG,9A3F3F2E5DB92C02421429E1D01DEDC8,<==      Total: 1
05-08-2017 14:39:29.046,DEBUG,9A3F3F2E5DB92C02421429E1D01DEDC8,Releasing transactional SqlSession [org.apache.ibatis.session.defaults.DefaultSqlSession@159e2c6]
05-08-2017 14:39:29.046,INFO ,9A3F3F2E5DB92C02421429E1D01DEDC8,U0000000001,Task searching finished ==> 43 item(s)
05-08-2017 14:39:29.046,DEBUG,9A3F3F2E5DB92C02421429E1D01DEDC8,Transaction synchronization deregistering SqlSession [org.apache.ibatis.session.defaults.DefaultSqlSession@159e2c6]
05-08-2017 14:39:29.046,DEBUG,9A3F3F2E5DB92C02421429E1D01DEDC8,Transaction synchronization closing SqlSession [org.apache.ibatis.session.defaults.DefaultSqlSession@159e2c6]
05-08-2017 14:39:29.046,DEBUG,9A3F3F2E5DB92C02421429E1D01DEDC8,Returning JDBC Connection to DataSource
05-08-2017 14:39:29.047,INFO ,9A3F3F2E5DB92C02421429E1D01DEDC8,U0000000001,vn.bananavietnam.ict.banana.service.Bnn0089SearchTaskService,searchData,[vn.bananavietnam.ict.banana.component.Bnn0089SearchTaskConditions@ee69fc] METHOD END
05-08-2017 14:39:29.048,DEBUG,9A3F3F2E5DB92C02421429E1D01DEDC8,Written [[vn.bananavietnam.ict.banana.component.Bnn0089SearchTaskResult@12b8bbb, vn.bananavietnam.ict.banana.component.Bnn0089SearchTaskResult@1ff4df5, vn.bananavietnam.ict.banana.component.Bnn0089SearchTaskResult@1aa0361, vn.bananavietnam.ict.banana.component.Bnn0089SearchTaskResult@e1e531, vn.bananavietnam.ict.banana.component.Bnn0089SearchTaskResult@158c0c5, vn.bananavietnam.ict.banana.component.Bnn0089SearchTaskResult@6fac3e, vn.bananavietnam.ict.banana.component.Bnn0089SearchTaskResult@19b1b59, vn.bananavietnam.ict.banana.component.Bnn0089SearchTaskResult@5cbbb6, vn.bananavietnam.ict.banana.component.Bnn0089SearchTaskResult@10b09d0, vn.bananavietnam.ict.banana.component.Bnn0089SearchTaskResult@105ed3, vn.bananavietnam.ict.banana.component.Bnn0089SearchTaskResult@1a4cb9b, vn.bananavietnam.ict.banana.component.Bnn0089SearchTaskResult@e25852, vn.bananavietnam.ict.banana.component.Bnn0089SearchTaskResult@1d49597, vn.bananavietnam.ict.banana.component.Bnn0089SearchTaskResult@18eba78, vn.bananavietnam.ict.banana.component.Bnn0089SearchTaskResult@9b4981, vn.bananavietnam.ict.banana.component.Bnn0089SearchTaskResult@a5a4c8, vn.bananavietnam.ict.banana.component.Bnn0089SearchTaskResult@106f766, vn.bananavietnam.ict.banana.component.Bnn0089SearchTaskResult@1edcd04, vn.bananavietnam.ict.banana.component.Bnn0089SearchTaskResult@1ce5079, vn.bananavietnam.ict.banana.component.Bnn0089SearchTaskResult@50226c]] as "application/json;charset=UTF-8" using [org.springframework.http.converter.json.MappingJackson2HttpMessageConverter@1fe278e]
05-08-2017 14:39:29.048,DEBUG,9A3F3F2E5DB92C02421429E1D01DEDC8,Null ModelAndView returned to DispatcherServlet with name 'appServlet': assuming HandlerAdapter completed request handling
05-08-2017 14:39:29.048,DEBUG,9A3F3F2E5DB92C02421429E1D01DEDC8,Successfully completed request
05-08-2017 14:39:29.048,DEBUG,9A3F3F2E5DB92C02421429E1D01DEDC8,Chain processed normally
05-08-2017 14:39:29.048,DEBUG,9A3F3F2E5DB92C02421429E1D01DEDC8,SecurityContextHolder now cleared, as request processing completed
