05-08-2017 14:38:18.407,DEBUG,4809F82453C997CCE79E98326C8579E0,/0089/insertData at position 1 of 11 in additional filter chain; firing Filter: 'SecurityContextPersistenceFilter'
05-08-2017 14:38:18.407,DEBUG,4809F82453C997CCE79E98326C8579E0,Obtained a valid SecurityContext from SPRING_SECURITY_CONTEXT: 'org.springframework.security.core.context.SecurityContextImpl@c490ed61: Authentication: org.springframework.security.authentication.UsernamePasswordAuthenticationToken@c490ed61: Principal: vn.bananavietnam.ict.common.auth.MyUser@c4907816: Username: U0000000001; Password: [PROTECTED]; Enabled: true; AccountNonExpired: true; credentialsNonExpired: true; AccountNonLocked: true; Granted Authorities: 1; Credentials: [PROTECTED]; Authenticated: true; Details: org.springframework.security.web.authentication.WebAuthenticationDetails@ffff6a82: RemoteIpAddress: 127.0.0.1; SessionId: FBBFC7FEAC49CD3E4120E1C43D46ABBE; Granted Authorities: 1'
05-08-2017 14:38:18.407,DEBUG,4809F82453C997CCE79E98326C8579E0,/0089/insertData at position 2 of 11 in additional filter chain; firing Filter: 'WebAsyncManagerIntegrationFilter'
05-08-2017 14:38:18.407,DEBUG,4809F82453C997CCE79E98326C8579E0,/0089/insertData at position 3 of 11 in additional filter chain; firing Filter: 'LogoutFilter'
05-08-2017 14:38:18.407,DEBUG,4809F82453C997CCE79E98326C8579E0,/0089/insertData at position 4 of 11 in additional filter chain; firing Filter: 'UsernamePasswordAuthenticationFilter'
05-08-2017 14:38:18.407,DEBUG,4809F82453C997CCE79E98326C8579E0,/0089/insertData at position 5 of 11 in additional filter chain; firing Filter: 'BasicAuthenticationFilter'
05-08-2017 14:38:18.407,DEBUG,4809F82453C997CCE79E98326C8579E0,/0089/insertData at position 6 of 11 in additional filter chain; firing Filter: 'RequestCacheAwareFilter'
05-08-2017 14:38:18.407,DEBUG,4809F82453C997CCE79E98326C8579E0,/0089/insertData at position 7 of 11 in additional filter chain; firing Filter: 'SecurityContextHolderAwareRequestFilter'
05-08-2017 14:38:18.407,DEBUG,4809F82453C997CCE79E98326C8579E0,/0089/insertData at position 8 of 11 in additional filter chain; firing Filter: 'AnonymousAuthenticationFilter'
05-08-2017 14:38:18.407,DEBUG,4809F82453C997CCE79E98326C8579E0,SecurityContextHolder not populated with anonymous token, as it already contained: 'org.springframework.security.authentication.UsernamePasswordAuthenticationToken@c490ed61: Principal: vn.bananavietnam.ict.common.auth.MyUser@c4907816: Username: U0000000001; Password: [PROTECTED]; Enabled: true; AccountNonExpired: true; credentialsNonExpired: true; AccountNonLocked: true; Granted Authorities: 1; Credentials: [PROTECTED]; Authenticated: true; Details: org.springframework.security.web.authentication.WebAuthenticationDetails@ffff6a82: RemoteIpAddress: 127.0.0.1; SessionId: FBBFC7FEAC49CD3E4120E1C43D46ABBE; Granted Authorities: 1'
05-08-2017 14:38:18.407,DEBUG,4809F82453C997CCE79E98326C8579E0,/0089/insertData at position 9 of 11 in additional filter chain; firing Filter: 'SessionManagementFilter'
05-08-2017 14:38:18.408,DEBUG,4809F82453C997CCE79E98326C8579E0,/0089/insertData at position 10 of 11 in additional filter chain; firing Filter: 'ExceptionTranslationFilter'
05-08-2017 14:38:18.408,DEBUG,4809F82453C997CCE79E98326C8579E0,/0089/insertData at position 11 of 11 in additional filter chain; firing Filter: 'FilterSecurityInterceptor'
05-08-2017 14:38:18.408,DEBUG,4809F82453C997CCE79E98326C8579E0,Checking match of request : '/0089/insertdata'; against '/autherror*'
05-08-2017 14:38:18.408,DEBUG,4809F82453C997CCE79E98326C8579E0,Checking match of request : '/0089/insertdata'; against '/login/**'
05-08-2017 14:38:18.408,DEBUG,4809F82453C997CCE79E98326C8579E0,Checking match of request : '/0089/insertdata'; against '/0001/**'
05-08-2017 14:38:18.408,DEBUG,4809F82453C997CCE79E98326C8579E0,Checking match of request : '/0089/insertdata'; against '/0002/**'
05-08-2017 14:38:18.408,DEBUG,4809F82453C997CCE79E98326C8579E0,Checking match of request : '/0089/insertdata'; against '/0003/**'
05-08-2017 14:38:18.408,DEBUG,4809F82453C997CCE79E98326C8579E0,Checking match of request : '/0089/insertdata'; against '/searchuserpopup/**'
05-08-2017 14:38:18.408,DEBUG,4809F82453C997CCE79E98326C8579E0,Checking match of request : '/0089/insertdata'; against '/0005/**'
05-08-2017 14:38:18.408,DEBUG,4809F82453C997CCE79E98326C8579E0,Checking match of request : '/0089/insertdata'; against '/0009/**'
05-08-2017 14:38:18.408,DEBUG,4809F82453C997CCE79E98326C8579E0,Checking match of request : '/0089/insertdata'; against '/searchline/**'
05-08-2017 14:38:18.408,DEBUG,4809F82453C997CCE79E98326C8579E0,Checking match of request : '/0089/insertdata'; against '/0013/**'
05-08-2017 14:38:18.408,DEBUG,4809F82453C997CCE79E98326C8579E0,Checking match of request : '/0089/insertdata'; against '/0017/**'
05-08-2017 14:38:18.408,DEBUG,4809F82453C997CCE79E98326C8579E0,Checking match of request : '/0089/insertdata'; against '/0031/**'
05-08-2017 14:38:18.408,DEBUG,4809F82453C997CCE79E98326C8579E0,Checking match of request : '/0089/insertdata'; against '/0035/**'
05-08-2017 14:38:18.408,DEBUG,4809F82453C997CCE79E98326C8579E0,Checking match of request : '/0089/insertdata'; against '/0037/**'
05-08-2017 14:38:18.408,DEBUG,4809F82453C997CCE79E98326C8579E0,Checking match of request : '/0089/insertdata'; against '/0045/**'
05-08-2017 14:38:18.408,DEBUG,4809F82453C997CCE79E98326C8579E0,Checking match of request : '/0089/insertdata'; against '/0047/**'
05-08-2017 14:38:18.408,DEBUG,4809F82453C997CCE79E98326C8579E0,Checking match of request : '/0089/insertdata'; against '/0049/**'
05-08-2017 14:38:18.408,DEBUG,4809F82453C997CCE79E98326C8579E0,Checking match of request : '/0089/insertdata'; against '/0061/**'
05-08-2017 14:38:18.408,DEBUG,4809F82453C997CCE79E98326C8579E0,Checking match of request : '/0089/insertdata'; against '/0087/**'
05-08-2017 14:38:18.408,DEBUG,4809F82453C997CCE79E98326C8579E0,Checking match of request : '/0089/insertdata'; against '/0075/**'
05-08-2017 14:38:18.408,DEBUG,4809F82453C997CCE79E98326C8579E0,Checking match of request : '/0089/insertdata'; against '/0089/**'
05-08-2017 14:38:18.408,DEBUG,4809F82453C997CCE79E98326C8579E0,Secure object: FilterInvocation: URL: /0089/insertData; Attributes: [ROLE_ADMIN, ROLE_USER, IS_AUTHENTICATED_FULLY]
05-08-2017 14:38:18.408,DEBUG,4809F82453C997CCE79E98326C8579E0,Previously Authenticated: org.springframework.security.authentication.UsernamePasswordAuthenticationToken@c490ed61: Principal: vn.bananavietnam.ict.common.auth.MyUser@c4907816: Username: U0000000001; Password: [PROTECTED]; Enabled: true; AccountNonExpired: true; credentialsNonExpired: true; AccountNonLocked: true; Granted Authorities: 1; Credentials: [PROTECTED]; Authenticated: true; Details: org.springframework.security.web.authentication.WebAuthenticationDetails@ffff6a82: RemoteIpAddress: 127.0.0.1; SessionId: FBBFC7FEAC49CD3E4120E1C43D46ABBE; Granted Authorities: 1
05-08-2017 14:38:18.408,DEBUG,4809F82453C997CCE79E98326C8579E0,Voter: org.springframework.security.access.vote.RoleVoter@1b68791, returned: -1
05-08-2017 14:38:18.408,DEBUG,4809F82453C997CCE79E98326C8579E0,Voter: org.springframework.security.access.vote.AuthenticatedVoter@1fd620c, returned: 1
05-08-2017 14:38:18.408,DEBUG,4809F82453C997CCE79E98326C8579E0,Authorization successful
05-08-2017 14:38:18.408,DEBUG,4809F82453C997CCE79E98326C8579E0,RunAsManager did not change Authentication object
05-08-2017 14:38:18.408,DEBUG,4809F82453C997CCE79E98326C8579E0,/0089/insertData reached end of additional filter chain; proceeding with original chain
05-08-2017 14:38:18.408,DEBUG,4809F82453C997CCE79E98326C8579E0,Request [/ict/0089/insertData] is not a multipart request
05-08-2017 14:38:18.409,DEBUG,9A3F3F2E5DB92C02421429E1D01DEDC8,DispatcherServlet with name 'appServlet' processing POST request for [/ict/0089/insertData]
05-08-2017 14:38:18.409,DEBUG,9A3F3F2E5DB92C02421429E1D01DEDC8,Looking up handler method for path /0089/insertData
05-08-2017 14:38:18.409,DEBUG,9A3F3F2E5DB92C02421429E1D01DEDC8,Returning handler method [public java.lang.String vn.bananavietnam.ict.banana.controller.Bnn0089SearchTaskController.insertData(vn.bananavietnam.ict.common.db.model.IvbMTask)]
05-08-2017 14:38:18.409,DEBUG,9A3F3F2E5DB92C02421429E1D01DEDC8,Returning cached instance of singleton bean 'bnn0089SearchTaskController'
05-08-2017 14:38:18.409,DEBUG,9A3F3F2E5DB92C02421429E1D01DEDC8,Returning cached instance of singleton bean 'xml_path'
05-08-2017 14:38:18.410,DEBUG,9A3F3F2E5DB92C02421429E1D01DEDC8,Read [class vn.bananavietnam.ict.common.db.model.IvbMTask] as "application/json" with [org.springframework.http.converter.json.MappingJackson2HttpMessageConverter@1fe278e]
05-08-2017 14:38:18.410,INFO ,9A3F3F2E5DB92C02421429E1D01DEDC8,U0000000001,vn.bananavietnam.ict.banana.service.Bnn0089SearchTaskService,insertData,[vn.bananavietnam.ict.common.db.model.IvbMTask@157a0fb] METHOD START
05-08-2017 14:38:18.410,DEBUG,9A3F3F2E5DB92C02421429E1D01DEDC8,Returning cached instance of singleton bean 'transactionManager'
05-08-2017 14:38:18.410,DEBUG,9A3F3F2E5DB92C02421429E1D01DEDC8,Creating new transaction with name [null]: PROPAGATION_REQUIRED,ISOLATION_DEFAULT
05-08-2017 14:38:18.410,DEBUG,9A3F3F2E5DB92C02421429E1D01DEDC8,Creating new JDBC DriverManager Connection to [jdbc:mysql://172.16.0.175:3306/BANANA_DB_HUNG_SELENIUM?useUnicode=yes&characterEncoding=UTF-8&autoReconnect=true]
05-08-2017 14:38:18.426,DEBUG,9A3F3F2E5DB92C02421429E1D01DEDC8,Acquired Connection [com.mysql.jdbc.JDBC4Connection@1d6511c] for JDBC transaction
05-08-2017 14:38:18.426,DEBUG,9A3F3F2E5DB92C02421429E1D01DEDC8,Switching JDBC Connection [com.mysql.jdbc.JDBC4Connection@1d6511c] to manual commit
05-08-2017 14:38:18.427,DEBUG,9A3F3F2E5DB92C02421429E1D01DEDC8,Creating a new SqlSession
05-08-2017 14:38:18.428,DEBUG,9A3F3F2E5DB92C02421429E1D01DEDC8,Registering transaction synchronization for SqlSession [org.apache.ibatis.session.defaults.DefaultSqlSession@3ba65b]
05-08-2017 14:38:18.428,DEBUG,9A3F3F2E5DB92C02421429E1D01DEDC8,JDBC Connection [com.mysql.jdbc.JDBC4Connection@1d6511c] will be managed by Spring
05-08-2017 14:38:18.428,DEBUG,9A3F3F2E5DB92C02421429E1D01DEDC8,==>  Preparing: SELECT TASK_ID taskId FROM IVB_M_TASK ORDER BY TASK_ID DESC LIMIT 1 
05-08-2017 14:38:18.428,DEBUG,9A3F3F2E5DB92C02421429E1D01DEDC8,==> Parameters: 
05-08-2017 14:38:18.429,DEBUG,9A3F3F2E5DB92C02421429E1D01DEDC8,<==      Total: 1
05-08-2017 14:38:18.429,DEBUG,9A3F3F2E5DB92C02421429E1D01DEDC8,Releasing transactional SqlSession [org.apache.ibatis.session.defaults.DefaultSqlSession@3ba65b]
05-08-2017 14:38:18.429,DEBUG,9A3F3F2E5DB92C02421429E1D01DEDC8,Fetched SqlSession [org.apache.ibatis.session.defaults.DefaultSqlSession@3ba65b] from current transaction
05-08-2017 14:38:18.429,DEBUG,9A3F3F2E5DB92C02421429E1D01DEDC8,==>  Preparing: insert into IVB_M_TASK (TASK_ID, TASK_NAME, WORKING_DETAILS, NOTE, QUARANTINE_HANDLING_FLAG, CHANGE_POINT_CODE, CREATE_USER_ID, CREATE_DATE, UPDATE_USER_ID, LAST_UPDATE_DATE, DELETE_FLAG) values (?, ?, ?, ?, ?, ?, ?, NOW(), ?, NOW(), ?) 
05-08-2017 14:38:18.430,DEBUG,9A3F3F2E5DB92C02421429E1D01DEDC8,==> Parameters: T053(String), ABC Task(String), ABC Task(String), (String), true(Boolean), 0(String), U0000000001(String), U0000000001(String), false(Boolean)
05-08-2017 14:38:18.433,DEBUG,9A3F3F2E5DB92C02421429E1D01DEDC8,<==    Updates: 1
05-08-2017 14:38:18.433,DEBUG,9A3F3F2E5DB92C02421429E1D01DEDC8,Releasing transactional SqlSession [org.apache.ibatis.session.defaults.DefaultSqlSession@3ba65b]
05-08-2017 14:38:18.433,DEBUG,9A3F3F2E5DB92C02421429E1D01DEDC8,Transaction synchronization committing SqlSession [org.apache.ibatis.session.defaults.DefaultSqlSession@3ba65b]
05-08-2017 14:38:18.433,DEBUG,9A3F3F2E5DB92C02421429E1D01DEDC8,Transaction synchronization deregistering SqlSession [org.apache.ibatis.session.defaults.DefaultSqlSession@3ba65b]
05-08-2017 14:38:18.433,DEBUG,9A3F3F2E5DB92C02421429E1D01DEDC8,Transaction synchronization closing SqlSession [org.apache.ibatis.session.defaults.DefaultSqlSession@3ba65b]
05-08-2017 14:38:18.433,DEBUG,9A3F3F2E5DB92C02421429E1D01DEDC8,Initiating transaction commit
05-08-2017 14:38:18.433,DEBUG,9A3F3F2E5DB92C02421429E1D01DEDC8,Committing JDBC transaction on Connection [com.mysql.jdbc.JDBC4Connection@1d6511c]
05-08-2017 14:38:18.456,DEBUG,9A3F3F2E5DB92C02421429E1D01DEDC8,Releasing JDBC Connection [com.mysql.jdbc.JDBC4Connection@1d6511c] after transaction
05-08-2017 14:38:18.457,DEBUG,9A3F3F2E5DB92C02421429E1D01DEDC8,Returning JDBC Connection to DataSource
05-08-2017 14:38:18.457,INFO ,9A3F3F2E5DB92C02421429E1D01DEDC8,U0000000001,vn.bananavietnam.ict.banana.service.Bnn0089SearchTaskService,insertData,[vn.bananavietnam.ict.common.db.model.IvbMTask@157a0fb] METHOD END
05-08-2017 14:38:18.458,DEBUG,9A3F3F2E5DB92C02421429E1D01DEDC8,Written [5000] as "text/plain;charset=ISO-8859-1" using [org.springframework.http.converter.StringHttpMessageConverter@1136134]
05-08-2017 14:38:18.458,DEBUG,9A3F3F2E5DB92C02421429E1D01DEDC8,Null ModelAndView returned to DispatcherServlet with name 'appServlet': assuming HandlerAdapter completed request handling
05-08-2017 14:38:18.458,DEBUG,9A3F3F2E5DB92C02421429E1D01DEDC8,Successfully completed request
05-08-2017 14:38:18.458,DEBUG,9A3F3F2E5DB92C02421429E1D01DEDC8,Chain processed normally
05-08-2017 14:38:18.458,DEBUG,9A3F3F2E5DB92C02421429E1D01DEDC8,SecurityContextHolder now cleared, as request processing completed
05-08-2017 14:38:18.461,DEBUG,FBBFC7FEAC49CD3E4120E1C43D46ABBE,/0089/searchData at position 1 of 11 in additional filter chain; firing Filter: 'SecurityContextPersistenceFilter'
05-08-2017 14:38:18.461,DEBUG,FBBFC7FEAC49CD3E4120E1C43D46ABBE,Obtained a valid SecurityContext from SPRING_SECURITY_CONTEXT: 'org.springframework.security.core.context.SecurityContextImpl@c490ed61: Authentication: org.springframework.security.authentication.UsernamePasswordAuthenticationToken@c490ed61: Principal: vn.bananavietnam.ict.common.auth.MyUser@c4907816: Username: U0000000001; Password: [PROTECTED]; Enabled: true; AccountNonExpired: true; credentialsNonExpired: true; AccountNonLocked: true; Granted Authorities: 1; Credentials: [PROTECTED]; Authenticated: true; Details: org.springframework.security.web.authentication.WebAuthenticationDetails@ffff6a82: RemoteIpAddress: 127.0.0.1; SessionId: FBBFC7FEAC49CD3E4120E1C43D46ABBE; Granted Authorities: 1'
05-08-2017 14:38:18.462,DEBUG,FBBFC7FEAC49CD3E4120E1C43D46ABBE,/0089/searchData at position 2 of 11 in additional filter chain; firing Filter: 'WebAsyncManagerIntegrationFilter'
05-08-2017 14:38:18.462,DEBUG,FBBFC7FEAC49CD3E4120E1C43D46ABBE,/0089/searchData at position 3 of 11 in additional filter chain; firing Filter: 'LogoutFilter'
05-08-2017 14:38:18.462,DEBUG,FBBFC7FEAC49CD3E4120E1C43D46ABBE,/0089/searchData at position 4 of 11 in additional filter chain; firing Filter: 'UsernamePasswordAuthenticationFilter'
05-08-2017 14:38:18.462,DEBUG,FBBFC7FEAC49CD3E4120E1C43D46ABBE,/0089/searchData at position 5 of 11 in additional filter chain; firing Filter: 'BasicAuthenticationFilter'
05-08-2017 14:38:18.462,DEBUG,FBBFC7FEAC49CD3E4120E1C43D46ABBE,/0089/searchData at position 6 of 11 in additional filter chain; firing Filter: 'RequestCacheAwareFilter'
05-08-2017 14:38:18.462,DEBUG,FBBFC7FEAC49CD3E4120E1C43D46ABBE,/0089/searchData at position 7 of 11 in additional filter chain; firing Filter: 'SecurityContextHolderAwareRequestFilter'
05-08-2017 14:38:18.462,DEBUG,FBBFC7FEAC49CD3E4120E1C43D46ABBE,/0089/searchData at position 8 of 11 in additional filter chain; firing Filter: 'AnonymousAuthenticationFilter'
05-08-2017 14:38:18.462,DEBUG,FBBFC7FEAC49CD3E4120E1C43D46ABBE,SecurityContextHolder not populated with anonymous token, as it already contained: 'org.springframework.security.authentication.UsernamePasswordAuthenticationToken@c490ed61: Principal: vn.bananavietnam.ict.common.auth.MyUser@c4907816: Username: U0000000001; Password: [PROTECTED]; Enabled: true; AccountNonExpired: true; credentialsNonExpired: true; AccountNonLocked: true; Granted Authorities: 1; Credentials: [PROTECTED]; Authenticated: true; Details: org.springframework.security.web.authentication.WebAuthenticationDetails@ffff6a82: RemoteIpAddress: 127.0.0.1; SessionId: FBBFC7FEAC49CD3E4120E1C43D46ABBE; Granted Authorities: 1'
05-08-2017 14:38:18.462,DEBUG,FBBFC7FEAC49CD3E4120E1C43D46ABBE,/0089/searchData at position 9 of 11 in additional filter chain; firing Filter: 'SessionManagementFilter'
05-08-2017 14:38:18.462,DEBUG,FBBFC7FEAC49CD3E4120E1C43D46ABBE,/0089/searchData at position 10 of 11 in additional filter chain; firing Filter: 'ExceptionTranslationFilter'
05-08-2017 14:38:18.462,DEBUG,FBBFC7FEAC49CD3E4120E1C43D46ABBE,/0089/searchData at position 11 of 11 in additional filter chain; firing Filter: 'FilterSecurityInterceptor'
05-08-2017 14:38:18.462,DEBUG,FBBFC7FEAC49CD3E4120E1C43D46ABBE,Checking match of request : '/0089/searchdata'; against '/autherror*'
05-08-2017 14:38:18.462,DEBUG,FBBFC7FEAC49CD3E4120E1C43D46ABBE,Checking match of request : '/0089/searchdata'; against '/login/**'
05-08-2017 14:38:18.462,DEBUG,FBBFC7FEAC49CD3E4120E1C43D46ABBE,Checking match of request : '/0089/searchdata'; against '/0001/**'
05-08-2017 14:38:18.462,DEBUG,FBBFC7FEAC49CD3E4120E1C43D46ABBE,Checking match of request : '/0089/searchdata'; against '/0002/**'
05-08-2017 14:38:18.462,DEBUG,FBBFC7FEAC49CD3E4120E1C43D46ABBE,Checking match of request : '/0089/searchdata'; against '/0003/**'
05-08-2017 14:38:18.462,DEBUG,FBBFC7FEAC49CD3E4120E1C43D46ABBE,Checking match of request : '/0089/searchdata'; against '/searchuserpopup/**'
05-08-2017 14:38:18.462,DEBUG,FBBFC7FEAC49CD3E4120E1C43D46ABBE,Checking match of request : '/0089/searchdata'; against '/0005/**'
05-08-2017 14:38:18.462,DEBUG,FBBFC7FEAC49CD3E4120E1C43D46ABBE,Checking match of request : '/0089/searchdata'; against '/0009/**'
05-08-2017 14:38:18.462,DEBUG,FBBFC7FEAC49CD3E4120E1C43D46ABBE,Checking match of request : '/0089/searchdata'; against '/searchline/**'
05-08-2017 14:38:18.462,DEBUG,FBBFC7FEAC49CD3E4120E1C43D46ABBE,Checking match of request : '/0089/searchdata'; against '/0013/**'
05-08-2017 14:38:18.462,DEBUG,FBBFC7FEAC49CD3E4120E1C43D46ABBE,Checking match of request : '/0089/searchdata'; against '/0017/**'
05-08-2017 14:38:18.462,DEBUG,FBBFC7FEAC49CD3E4120E1C43D46ABBE,Checking match of request : '/0089/searchdata'; against '/0031/**'
05-08-2017 14:38:18.462,DEBUG,FBBFC7FEAC49CD3E4120E1C43D46ABBE,Checking match of request : '/0089/searchdata'; against '/0035/**'
05-08-2017 14:38:18.462,DEBUG,FBBFC7FEAC49CD3E4120E1C43D46ABBE,Checking match of request : '/0089/searchdata'; against '/0037/**'
05-08-2017 14:38:18.462,DEBUG,FBBFC7FEAC49CD3E4120E1C43D46ABBE,Checking match of request : '/0089/searchdata'; against '/0045/**'
05-08-2017 14:38:18.462,DEBUG,FBBFC7FEAC49CD3E4120E1C43D46ABBE,Checking match of request : '/0089/searchdata'; against '/0047/**'
05-08-2017 14:38:18.462,DEBUG,FBBFC7FEAC49CD3E4120E1C43D46ABBE,Checking match of request : '/0089/searchdata'; against '/0049/**'
05-08-2017 14:38:18.463,DEBUG,FBBFC7FEAC49CD3E4120E1C43D46ABBE,Checking match of request : '/0089/searchdata'; against '/0061/**'
05-08-2017 14:38:18.463,DEBUG,FBBFC7FEAC49CD3E4120E1C43D46ABBE,Checking match of request : '/0089/searchdata'; against '/0087/**'
05-08-2017 14:38:18.463,DEBUG,FBBFC7FEAC49CD3E4120E1C43D46ABBE,Checking match of request : '/0089/searchdata'; against '/0075/**'
05-08-2017 14:38:18.463,DEBUG,FBBFC7FEAC49CD3E4120E1C43D46ABBE,Checking match of request : '/0089/searchdata'; against '/0089/**'
05-08-2017 14:38:18.463,DEBUG,FBBFC7FEAC49CD3E4120E1C43D46ABBE,Secure object: FilterInvocation: URL: /0089/searchData; Attributes: [ROLE_ADMIN, ROLE_USER, IS_AUTHENTICATED_FULLY]
05-08-2017 14:38:18.463,DEBUG,FBBFC7FEAC49CD3E4120E1C43D46ABBE,Previously Authenticated: org.springframework.security.authentication.UsernamePasswordAuthenticationToken@c490ed61: Principal: vn.bananavietnam.ict.common.auth.MyUser@c4907816: Username: U0000000001; Password: [PROTECTED]; Enabled: true; AccountNonExpired: true; credentialsNonExpired: true; AccountNonLocked: true; Granted Authorities: 1; Credentials: [PROTECTED]; Authenticated: true; Details: org.springframework.security.web.authentication.WebAuthenticationDetails@ffff6a82: RemoteIpAddress: 127.0.0.1; SessionId: FBBFC7FEAC49CD3E4120E1C43D46ABBE; Granted Authorities: 1
05-08-2017 14:38:18.463,DEBUG,FBBFC7FEAC49CD3E4120E1C43D46ABBE,Voter: org.springframework.security.access.vote.RoleVoter@1b68791, returned: -1
05-08-2017 14:38:18.463,DEBUG,FBBFC7FEAC49CD3E4120E1C43D46ABBE,Voter: org.springframework.security.access.vote.AuthenticatedVoter@1fd620c, returned: 1
05-08-2017 14:38:18.463,DEBUG,FBBFC7FEAC49CD3E4120E1C43D46ABBE,Authorization successful
05-08-2017 14:38:18.463,DEBUG,FBBFC7FEAC49CD3E4120E1C43D46ABBE,RunAsManager did not change Authentication object
05-08-2017 14:38:18.463,DEBUG,FBBFC7FEAC49CD3E4120E1C43D46ABBE,/0089/searchData reached end of additional filter chain; proceeding with original chain
05-08-2017 14:38:18.463,DEBUG,FBBFC7FEAC49CD3E4120E1C43D46ABBE,Request [/ict/0089/searchData] is not a multipart request
05-08-2017 14:38:18.463,DEBUG,9A3F3F2E5DB92C02421429E1D01DEDC8,DispatcherServlet with name 'appServlet' processing POST request for [/ict/0089/searchData]
05-08-2017 14:38:18.463,DEBUG,9A3F3F2E5DB92C02421429E1D01DEDC8,Looking up handler method for path /0089/searchData
05-08-2017 14:38:18.463,DEBUG,9A3F3F2E5DB92C02421429E1D01DEDC8,Returning handler method [public java.util.List<vn.bananavietnam.ict.banana.component.Bnn0089SearchTaskResult> vn.bananavietnam.ict.banana.controller.Bnn0089SearchTaskController.searchData(vn.bananavietnam.ict.banana.component.Bnn0089SearchTaskConditions)]
05-08-2017 14:38:18.463,DEBUG,9A3F3F2E5DB92C02421429E1D01DEDC8,Returning cached instance of singleton bean 'bnn0089SearchTaskController'
05-08-2017 14:38:18.463,DEBUG,9A3F3F2E5DB92C02421429E1D01DEDC8,Returning cached instance of singleton bean 'xml_path'
05-08-2017 14:38:18.464,DEBUG,9A3F3F2E5DB92C02421429E1D01DEDC8,Read [class vn.bananavietnam.ict.banana.component.Bnn0089SearchTaskConditions] as "application/json" with [org.springframework.http.converter.json.MappingJackson2HttpMessageConverter@1fe278e]
05-08-2017 14:38:18.464,INFO ,9A3F3F2E5DB92C02421429E1D01DEDC8,U0000000001,vn.bananavietnam.ict.banana.service.Bnn0089SearchTaskService,searchData,[vn.bananavietnam.ict.banana.component.Bnn0089SearchTaskConditions@a23d7d] METHOD START
05-08-2017 14:38:18.464,DEBUG,9A3F3F2E5DB92C02421429E1D01DEDC8,Returning cached instance of singleton bean 'transactionManager'
05-08-2017 14:38:18.464,INFO ,9A3F3F2E5DB92C02421429E1D01DEDC8,U0000000001,Task searching started
05-08-2017 14:38:18.464,DEBUG,9A3F3F2E5DB92C02421429E1D01DEDC8,Creating a new SqlSession
05-08-2017 14:38:18.464,DEBUG,9A3F3F2E5DB92C02421429E1D01DEDC8,Registering transaction synchronization for SqlSession [org.apache.ibatis.session.defaults.DefaultSqlSession@d7a854]
05-08-2017 14:38:18.465,DEBUG,9A3F3F2E5DB92C02421429E1D01DEDC8,Fetching JDBC Connection from DataSource
05-08-2017 14:38:18.465,DEBUG,9A3F3F2E5DB92C02421429E1D01DEDC8,Creating new JDBC DriverManager Connection to [jdbc:mysql://172.16.0.175:3306/BANANA_DB_HUNG_SELENIUM?useUnicode=yes&characterEncoding=UTF-8&autoReconnect=true]
05-08-2017 14:38:18.480,DEBUG,9A3F3F2E5DB92C02421429E1D01DEDC8,Registering transaction synchronization for JDBC Connection
05-08-2017 14:38:18.488,DEBUG,9A3F3F2E5DB92C02421429E1D01DEDC8,JDBC Connection [com.mysql.jdbc.JDBC4Connection@1f973de] will be managed by Spring
05-08-2017 14:38:18.488,DEBUG,9A3F3F2E5DB92C02421429E1D01DEDC8,==>  Preparing: SELECT T.TASK_ID taskId, T.TASK_NAME taskName, T.WORKING_DETAILS workingDetails, T.NOTE note, T.QUARANTINE_HANDLING_FLAG quarantineHandlingFlag, T.DELETE_FLAG deleteFlag, T.CHANGE_POINT_CODE changePointCode FROM IVB_M_TASK T WHERE 1 = 1 AND T.DELETE_FLAG = '0' ORDER BY T.TASK_NAME LIMIT ?,? 
05-08-2017 14:38:18.488,DEBUG,9A3F3F2E5DB92C02421429E1D01DEDC8,==> Parameters: 0(Integer), 20(Integer)
05-08-2017 14:38:18.492,DEBUG,9A3F3F2E5DB92C02421429E1D01DEDC8,<==      Total: 20
05-08-2017 14:38:18.492,DEBUG,9A3F3F2E5DB92C02421429E1D01DEDC8,Releasing transactional SqlSession [org.apache.ibatis.session.defaults.DefaultSqlSession@d7a854]
05-08-2017 14:38:18.492,INFO ,9A3F3F2E5DB92C02421429E1D01DEDC8,U0000000001,SQL execution finished
05-08-2017 14:38:18.492,DEBUG,9A3F3F2E5DB92C02421429E1D01DEDC8,Fetched SqlSession [org.apache.ibatis.session.defaults.DefaultSqlSession@d7a854] from current transaction
05-08-2017 14:38:18.492,DEBUG,9A3F3F2E5DB92C02421429E1D01DEDC8,==>  Preparing: SELECT COUNT(*) FROM IVB_M_TASK T WHERE 1 = 1 AND T.DELETE_FLAG = '0' ORDER BY T.TASK_ID 
05-08-2017 14:38:18.492,DEBUG,9A3F3F2E5DB92C02421429E1D01DEDC8,==> Parameters: 
05-08-2017 14:38:18.493,DEBUG,9A3F3F2E5DB92C02421429E1D01DEDC8,<==      Total: 1
05-08-2017 14:38:18.494,DEBUG,9A3F3F2E5DB92C02421429E1D01DEDC8,Releasing transactional SqlSession [org.apache.ibatis.session.defaults.DefaultSqlSession@d7a854]
05-08-2017 14:38:18.494,INFO ,9A3F3F2E5DB92C02421429E1D01DEDC8,U0000000001,Task searching finished ==> 44 item(s)
05-08-2017 14:38:18.494,DEBUG,9A3F3F2E5DB92C02421429E1D01DEDC8,Transaction synchronization deregistering SqlSession [org.apache.ibatis.session.defaults.DefaultSqlSession@d7a854]
05-08-2017 14:38:18.494,DEBUG,9A3F3F2E5DB92C02421429E1D01DEDC8,Transaction synchronization closing SqlSession [org.apache.ibatis.session.defaults.DefaultSqlSession@d7a854]
05-08-2017 14:38:18.494,DEBUG,9A3F3F2E5DB92C02421429E1D01DEDC8,Returning JDBC Connection to DataSource
05-08-2017 14:38:18.494,INFO ,9A3F3F2E5DB92C02421429E1D01DEDC8,U0000000001,vn.bananavietnam.ict.banana.service.Bnn0089SearchTaskService,searchData,[vn.bananavietnam.ict.banana.component.Bnn0089SearchTaskConditions@a23d7d] METHOD END
05-08-2017 14:38:18.496,DEBUG,9A3F3F2E5DB92C02421429E1D01DEDC8,Written [[vn.bananavietnam.ict.banana.component.Bnn0089SearchTaskResult@1be53c5, vn.bananavietnam.ict.banana.component.Bnn0089SearchTaskResult@1d7d546, vn.bananavietnam.ict.banana.component.Bnn0089SearchTaskResult@1e8a406, vn.bananavietnam.ict.banana.component.Bnn0089SearchTaskResult@f7b365, vn.bananavietnam.ict.banana.component.Bnn0089SearchTaskResult@15ce8c5, vn.bananavietnam.ict.banana.component.Bnn0089SearchTaskResult@32610d, vn.bananavietnam.ict.banana.component.Bnn0089SearchTaskResult@642e99, vn.bananavietnam.ict.banana.component.Bnn0089SearchTaskResult@1b5d9ab, vn.bananavietnam.ict.banana.component.Bnn0089SearchTaskResult@1c314d8, vn.bananavietnam.ict.banana.component.Bnn0089SearchTaskResult@f23d24, vn.bananavietnam.ict.banana.component.Bnn0089SearchTaskResult@1c5d0c5, vn.bananavietnam.ict.banana.component.Bnn0089SearchTaskResult@a83697, vn.bananavietnam.ict.banana.component.Bnn0089SearchTaskResult@1029a4e, vn.bananavietnam.ict.banana.component.Bnn0089SearchTaskResult@549857, vn.bananavietnam.ict.banana.component.Bnn0089SearchTaskResult@1c22ee0, vn.bananavietnam.ict.banana.component.Bnn0089SearchTaskResult@71abc1, vn.bananavietnam.ict.banana.component.Bnn0089SearchTaskResult@19493ab, vn.bananavietnam.ict.banana.component.Bnn0089SearchTaskResult@1ca21ae, vn.bananavietnam.ict.banana.component.Bnn0089SearchTaskResult@1d7a719, vn.bananavietnam.ict.banana.component.Bnn0089SearchTaskResult@632301]] as "application/json;charset=UTF-8" using [org.springframework.http.converter.json.MappingJackson2HttpMessageConverter@1fe278e]
05-08-2017 14:38:18.497,DEBUG,9A3F3F2E5DB92C02421429E1D01DEDC8,Null ModelAndView returned to DispatcherServlet with name 'appServlet': assuming HandlerAdapter completed request handling
05-08-2017 14:38:18.497,DEBUG,9A3F3F2E5DB92C02421429E1D01DEDC8,Successfully completed request
05-08-2017 14:38:18.497,DEBUG,9A3F3F2E5DB92C02421429E1D01DEDC8,Chain processed normally
05-08-2017 14:38:18.497,DEBUG,9A3F3F2E5DB92C02421429E1D01DEDC8,SecurityContextHolder now cleared, as request processing completed
