06-05-2017 15:47:18.337,INFO ,A5134F03D4098A61485155533331250B,U0000000001,vn.bananavietnam.ict.banana.service.Bnn0087SearchAffiliationService,deleteData,[{"authorizationTypeId":"1","userId":"U0000000003","lastUpdateDate":1496712806000}] METHOD START
06-05-2017 15:47:18.361,INFO ,A5134F03D4098A61485155533331250B,U0000000001,com.sun.proxy.$Proxy83,checkAreaManager,[{"authorityId":"1","lastUpdateDate":1496712806000,"userId":"U0000000003"}] METHOD START
06-05-2017 15:47:18.361,DEBUG,A5134F03D4098A61485155533331250B,==>  Preparing: SELECT FARM_ID farmId, AREA_ID areaId FROM IVB_M_AREA WHERE AREA_MANAGER = ? AND DELETE_FLAG = '0' 
06-05-2017 15:47:18.361,DEBUG,A5134F03D4098A61485155533331250B,==> Parameters: U0000000003(String)
06-05-2017 15:47:18.362,DEBUG,A5134F03D4098A61485155533331250B,<==      Total: 0
06-05-2017 15:47:18.363,INFO ,A5134F03D4098A61485155533331250B,U0000000001,com.sun.proxy.$Proxy83,checkAreaManager,[{"authorityId":"1","lastUpdateDate":1496712806000,"userId":"U0000000003"}] METHOD END
06-05-2017 15:47:18.364,INFO ,A5134F03D4098A61485155533331250B,U0000000001,com.sun.proxy.$Proxy83,deleteData,[{"authorityId":"1","lastUpdateDate":1496712806000,"userId":"U0000000003"}] METHOD START
06-05-2017 15:47:18.364,DEBUG,A5134F03D4098A61485155533331250B,==>  Preparing: DELETE from IVB_M_MANAGER WHERE USERS_ID = ? AND AUTHORIZATION_TYPE_ID = ? AND LAST_UPDATE_DATE <= ? 
06-05-2017 15:47:18.364,DEBUG,A5134F03D4098A61485155533331250B,==> Parameters: U0000000003(String), 1(String), 2017-06-06 08:33:26.0(Timestamp)
06-05-2017 15:47:18.366,DEBUG,A5134F03D4098A61485155533331250B,<==    Updates: 1
06-05-2017 15:47:18.367,INFO ,A5134F03D4098A61485155533331250B,U0000000001,com.sun.proxy.$Proxy83,deleteData,[{"authorityId":"1","lastUpdateDate":1496712806000,"userId":"U0000000003"}] METHOD END
06-05-2017 15:47:18.373,INFO ,A5134F03D4098A61485155533331250B,U0000000001,vn.bananavietnam.ict.banana.service.Bnn0087SearchAffiliationService,deleteData,[{"authorizationTypeId":"1","userId":"U0000000003","lastUpdateDate":1496712806000}] METHOD END
06-05-2017 15:47:18.380,INFO ,A5134F03D4098A61485155533331250B,U0000000001,vn.bananavietnam.ict.banana.service.Bnn0087SearchAffiliationService,searchData,[{"usersName":"","authorityId":"-2","searchOption":"","fromRow":"0","itemCount":"20"}] METHOD START
06-05-2017 15:47:18.380,INFO ,A5134F03D4098A61485155533331250B,U0000000001,Affiliation searching started
06-05-2017 15:47:18.381,INFO ,A5134F03D4098A61485155533331250B,U0000000001,com.sun.proxy.$Proxy83,searchData,[{"authorityId":"-2","fromRow":0,"usersName":"","itemCount":20}] METHOD START
06-05-2017 15:47:18.401,DEBUG,A5134F03D4098A61485155533331250B,==>  Preparing: SELECT usr.userName userName, usr.userId userId , authorization.AUTHORIZATION_TYPE_NAME typeName, authorization.AUTHORIZATION_TYPE_ID typeId, mgr.farmIdList farmIdList, mgr.areaIdList areaIdList, mgr.lastUpdateDate lastUpdateDate FROM (SELECT users.USERS_NAME userName, users.USERS_ID userId FROM IVB_M_USERS users WHERE 1 = 1 AND users.DELETE_FLAG = '0') usr LEFT JOIN (SELECT manager.USERS_ID userId, manager.AUTHORIZATION_TYPE_ID typeId, (SELECT LAST_UPDATE_DATE FROM IVB_M_MANAGER ORDER BY LAST_UPDATE_DATE DESC LIMIT 1) lastUpdateDate, GROUP_CONCAT(manager.FARM_ID SEPARATOR ',') as farmIdList, GROUP_CONCAT(manager.AREA_ID SEPARATOR ',') as areaIdList FROM IVB_M_MANAGER manager WHERE 1 = 1 AND manager.DELETE_FLAG = '0' GROUP BY manager.USERS_ID, manager.AUTHORIZATION_TYPE_ID) mgr ON usr.userId = mgr.userId LEFT JOIN IVB_M_AUTHORIZATION authorization ON authorization.AUTHORIZATION_TYPE_ID = mgr.typeId ORDER BY usr.userName, authorization.AUTHORIZATION_TYPE_ID LIMIT ?,? 
06-05-2017 15:47:18.402,DEBUG,A5134F03D4098A61485155533331250B,==> Parameters: 0(Integer), 20(Integer)
06-05-2017 15:47:18.408,DEBUG,A5134F03D4098A61485155533331250B,<==      Total: 20
06-05-2017 15:47:18.411,INFO ,A5134F03D4098A61485155533331250B,U0000000001,com.sun.proxy.$Proxy83,searchData,[{"authorityId":"-2","fromRow":0,"usersName":"","itemCount":20}] METHOD END
06-05-2017 15:47:18.411,INFO ,A5134F03D4098A61485155533331250B,U0000000001,SQL execution finished
06-05-2017 15:47:18.411,INFO ,A5134F03D4098A61485155533331250B,U0000000001,com.sun.proxy.$Proxy83,getSearchDataTotalCounts,[{"authorityId":"-2","fromRow":0,"usersName":"","itemCount":20}] METHOD START
06-05-2017 15:47:18.411,DEBUG,A5134F03D4098A61485155533331250B,==>  Preparing: SELECT COUNT(*) FROM (SELECT users.USERS_NAME userName, users.USERS_ID userId FROM IVB_M_USERS users WHERE 1 = 1 AND users.DELETE_FLAG = '0') usr LEFT JOIN (SELECT manager.USERS_ID userId, manager.AUTHORIZATION_TYPE_ID typeId FROM IVB_M_MANAGER manager WHERE 1 = 1 AND manager.DELETE_FLAG = '0' GROUP BY manager.USERS_ID, manager.AUTHORIZATION_TYPE_ID) mgr ON usr.userId = mgr.userId LEFT JOIN IVB_M_AUTHORIZATION authorization ON authorization.AUTHORIZATION_TYPE_ID = mgr.typeId ORDER BY usr.userId 
06-05-2017 15:47:18.411,DEBUG,A5134F03D4098A61485155533331250B,==> Parameters: 
06-05-2017 15:47:18.413,DEBUG,A5134F03D4098A61485155533331250B,<==      Total: 1
06-05-2017 15:47:18.413,INFO ,A5134F03D4098A61485155533331250B,U0000000001,com.sun.proxy.$Proxy83,getSearchDataTotalCounts,[{"authorityId":"-2","fromRow":0,"usersName":"","itemCount":20}] METHOD END
06-05-2017 15:47:18.413,INFO ,A5134F03D4098A61485155533331250B,U0000000001,Affiliation searching finished ==> 60 item(s)
06-05-2017 15:47:18.414,INFO ,A5134F03D4098A61485155533331250B,U0000000001,vn.bananavietnam.ict.banana.service.Bnn0087SearchAffiliationService,searchData,[{"usersName":"","authorityId":"-2","searchOption":"","fromRow":"0","itemCount":"20"}] METHOD END
