05-08-2017 14:41:09.798,DEBUG,EDFD1C2421EA9801EE55205B486FDDDA,/0089/searchData at position 1 of 11 in additional filter chain; firing Filter: 'SecurityContextPersistenceFilter'
05-08-2017 14:41:09.798,DEBUG,EDFD1C2421EA9801EE55205B486FDDDA,Obtained a valid SecurityContext from SPRING_SECURITY_CONTEXT: 'org.springframework.security.core.context.SecurityContextImpl@c491b865: Authentication: org.springframework.security.authentication.UsernamePasswordAuthenticationToken@c491b865: Principal: vn.bananavietnam.ict.common.auth.MyUser@c4907816: Username: U0000000001; Password: [PROTECTED]; Enabled: true; AccountNonExpired: true; credentialsNonExpired: true; AccountNonLocked: true; Granted Authorities: 1; Credentials: [PROTECTED]; Authenticated: true; Details: org.springframework.security.web.authentication.WebAuthenticationDetails@fffe3f86: RemoteIpAddress: 127.0.0.1; SessionId: 5DBD0898A627F5FA713DBA637BE87D0E; Granted Authorities: 1'
05-08-2017 14:41:09.798,DEBUG,EDFD1C2421EA9801EE55205B486FDDDA,/0089/searchData at position 2 of 11 in additional filter chain; firing Filter: 'WebAsyncManagerIntegrationFilter'
05-08-2017 14:41:09.798,DEBUG,EDFD1C2421EA9801EE55205B486FDDDA,/0089/searchData at position 3 of 11 in additional filter chain; firing Filter: 'LogoutFilter'
05-08-2017 14:41:09.798,DEBUG,EDFD1C2421EA9801EE55205B486FDDDA,/0089/searchData at position 4 of 11 in additional filter chain; firing Filter: 'UsernamePasswordAuthenticationFilter'
05-08-2017 14:41:09.798,DEBUG,EDFD1C2421EA9801EE55205B486FDDDA,/0089/searchData at position 5 of 11 in additional filter chain; firing Filter: 'BasicAuthenticationFilter'
05-08-2017 14:41:09.798,DEBUG,EDFD1C2421EA9801EE55205B486FDDDA,/0089/searchData at position 6 of 11 in additional filter chain; firing Filter: 'RequestCacheAwareFilter'
05-08-2017 14:41:09.798,DEBUG,EDFD1C2421EA9801EE55205B486FDDDA,/0089/searchData at position 7 of 11 in additional filter chain; firing Filter: 'SecurityContextHolderAwareRequestFilter'
05-08-2017 14:41:09.798,DEBUG,EDFD1C2421EA9801EE55205B486FDDDA,/0089/searchData at position 8 of 11 in additional filter chain; firing Filter: 'AnonymousAuthenticationFilter'
05-08-2017 14:41:09.798,DEBUG,EDFD1C2421EA9801EE55205B486FDDDA,SecurityContextHolder not populated with anonymous token, as it already contained: 'org.springframework.security.authentication.UsernamePasswordAuthenticationToken@c491b865: Principal: vn.bananavietnam.ict.common.auth.MyUser@c4907816: Username: U0000000001; Password: [PROTECTED]; Enabled: true; AccountNonExpired: true; credentialsNonExpired: true; AccountNonLocked: true; Granted Authorities: 1; Credentials: [PROTECTED]; Authenticated: true; Details: org.springframework.security.web.authentication.WebAuthenticationDetails@fffe3f86: RemoteIpAddress: 127.0.0.1; SessionId: 5DBD0898A627F5FA713DBA637BE87D0E; Granted Authorities: 1'
05-08-2017 14:41:09.798,DEBUG,EDFD1C2421EA9801EE55205B486FDDDA,/0089/searchData at position 9 of 11 in additional filter chain; firing Filter: 'SessionManagementFilter'
05-08-2017 14:41:09.798,DEBUG,EDFD1C2421EA9801EE55205B486FDDDA,/0089/searchData at position 10 of 11 in additional filter chain; firing Filter: 'ExceptionTranslationFilter'
05-08-2017 14:41:09.798,DEBUG,EDFD1C2421EA9801EE55205B486FDDDA,/0089/searchData at position 11 of 11 in additional filter chain; firing Filter: 'FilterSecurityInterceptor'
05-08-2017 14:41:09.798,DEBUG,EDFD1C2421EA9801EE55205B486FDDDA,Checking match of request : '/0089/searchdata'; against '/autherror*'
05-08-2017 14:41:09.799,DEBUG,EDFD1C2421EA9801EE55205B486FDDDA,Checking match of request : '/0089/searchdata'; against '/login/**'
05-08-2017 14:41:09.799,DEBUG,EDFD1C2421EA9801EE55205B486FDDDA,Checking match of request : '/0089/searchdata'; against '/0001/**'
05-08-2017 14:41:09.799,DEBUG,EDFD1C2421EA9801EE55205B486FDDDA,Checking match of request : '/0089/searchdata'; against '/0002/**'
05-08-2017 14:41:09.799,DEBUG,EDFD1C2421EA9801EE55205B486FDDDA,Checking match of request : '/0089/searchdata'; against '/0003/**'
05-08-2017 14:41:09.799,DEBUG,EDFD1C2421EA9801EE55205B486FDDDA,Checking match of request : '/0089/searchdata'; against '/searchuserpopup/**'
05-08-2017 14:41:09.799,DEBUG,EDFD1C2421EA9801EE55205B486FDDDA,Checking match of request : '/0089/searchdata'; against '/0005/**'
05-08-2017 14:41:09.800,DEBUG,EDFD1C2421EA9801EE55205B486FDDDA,Checking match of request : '/0089/searchdata'; against '/0009/**'
05-08-2017 14:41:09.800,DEBUG,EDFD1C2421EA9801EE55205B486FDDDA,Checking match of request : '/0089/searchdata'; against '/searchline/**'
05-08-2017 14:41:09.800,DEBUG,EDFD1C2421EA9801EE55205B486FDDDA,Checking match of request : '/0089/searchdata'; against '/0013/**'
05-08-2017 14:41:09.800,DEBUG,EDFD1C2421EA9801EE55205B486FDDDA,Checking match of request : '/0089/searchdata'; against '/0017/**'
05-08-2017 14:41:09.800,DEBUG,EDFD1C2421EA9801EE55205B486FDDDA,Checking match of request : '/0089/searchdata'; against '/0031/**'
05-08-2017 14:41:09.800,DEBUG,EDFD1C2421EA9801EE55205B486FDDDA,Checking match of request : '/0089/searchdata'; against '/0035/**'
05-08-2017 14:41:09.800,DEBUG,EDFD1C2421EA9801EE55205B486FDDDA,Checking match of request : '/0089/searchdata'; against '/0037/**'
05-08-2017 14:41:09.800,DEBUG,EDFD1C2421EA9801EE55205B486FDDDA,Checking match of request : '/0089/searchdata'; against '/0045/**'
05-08-2017 14:41:09.800,DEBUG,EDFD1C2421EA9801EE55205B486FDDDA,Checking match of request : '/0089/searchdata'; against '/0047/**'
05-08-2017 14:41:09.800,DEBUG,EDFD1C2421EA9801EE55205B486FDDDA,Checking match of request : '/0089/searchdata'; against '/0049/**'
05-08-2017 14:41:09.800,DEBUG,EDFD1C2421EA9801EE55205B486FDDDA,Checking match of request : '/0089/searchdata'; against '/0061/**'
05-08-2017 14:41:09.800,DEBUG,EDFD1C2421EA9801EE55205B486FDDDA,Checking match of request : '/0089/searchdata'; against '/0087/**'
05-08-2017 14:41:09.800,DEBUG,EDFD1C2421EA9801EE55205B486FDDDA,Checking match of request : '/0089/searchdata'; against '/0075/**'
05-08-2017 14:41:09.800,DEBUG,EDFD1C2421EA9801EE55205B486FDDDA,Checking match of request : '/0089/searchdata'; against '/0089/**'
05-08-2017 14:41:09.800,DEBUG,EDFD1C2421EA9801EE55205B486FDDDA,Secure object: FilterInvocation: URL: /0089/searchData; Attributes: [ROLE_ADMIN, ROLE_USER, IS_AUTHENTICATED_FULLY]
05-08-2017 14:41:09.800,DEBUG,EDFD1C2421EA9801EE55205B486FDDDA,Previously Authenticated: org.springframework.security.authentication.UsernamePasswordAuthenticationToken@c491b865: Principal: vn.bananavietnam.ict.common.auth.MyUser@c4907816: Username: U0000000001; Password: [PROTECTED]; Enabled: true; AccountNonExpired: true; credentialsNonExpired: true; AccountNonLocked: true; Granted Authorities: 1; Credentials: [PROTECTED]; Authenticated: true; Details: org.springframework.security.web.authentication.WebAuthenticationDetails@fffe3f86: RemoteIpAddress: 127.0.0.1; SessionId: 5DBD0898A627F5FA713DBA637BE87D0E; Granted Authorities: 1
05-08-2017 14:41:09.800,DEBUG,EDFD1C2421EA9801EE55205B486FDDDA,Voter: org.springframework.security.access.vote.RoleVoter@1b68791, returned: -1
05-08-2017 14:41:09.800,DEBUG,EDFD1C2421EA9801EE55205B486FDDDA,Voter: org.springframework.security.access.vote.AuthenticatedVoter@1fd620c, returned: 1
05-08-2017 14:41:09.800,DEBUG,EDFD1C2421EA9801EE55205B486FDDDA,Authorization successful
05-08-2017 14:41:09.800,DEBUG,EDFD1C2421EA9801EE55205B486FDDDA,RunAsManager did not change Authentication object
05-08-2017 14:41:09.800,DEBUG,EDFD1C2421EA9801EE55205B486FDDDA,/0089/searchData reached end of additional filter chain; proceeding with original chain
05-08-2017 14:41:09.800,DEBUG,EDFD1C2421EA9801EE55205B486FDDDA,Request [/ict/0089/searchData] is not a multipart request
05-08-2017 14:41:09.800,DEBUG,EDFD1C2421EA9801EE55205B486FDDDA,DispatcherServlet with name 'appServlet' processing POST request for [/ict/0089/searchData]
05-08-2017 14:41:09.800,DEBUG,EDFD1C2421EA9801EE55205B486FDDDA,Looking up handler method for path /0089/searchData
05-08-2017 14:41:09.800,DEBUG,EDFD1C2421EA9801EE55205B486FDDDA,Returning handler method [public java.util.List<vn.bananavietnam.ict.banana.component.Bnn0089SearchTaskResult> vn.bananavietnam.ict.banana.controller.Bnn0089SearchTaskController.searchData(vn.bananavietnam.ict.banana.component.Bnn0089SearchTaskConditions)]
05-08-2017 14:41:09.800,DEBUG,EDFD1C2421EA9801EE55205B486FDDDA,Returning cached instance of singleton bean 'bnn0089SearchTaskController'
05-08-2017 14:41:09.800,DEBUG,EDFD1C2421EA9801EE55205B486FDDDA,Returning cached instance of singleton bean 'xml_path'
05-08-2017 14:41:09.801,DEBUG,EDFD1C2421EA9801EE55205B486FDDDA,Read [class vn.bananavietnam.ict.banana.component.Bnn0089SearchTaskConditions] as "application/json" with [org.springframework.http.converter.json.MappingJackson2HttpMessageConverter@1fe278e]
05-08-2017 14:41:09.801,INFO ,EDFD1C2421EA9801EE55205B486FDDDA,U0000000001,vn.bananavietnam.ict.banana.service.Bnn0089SearchTaskService,searchData,[vn.bananavietnam.ict.banana.component.Bnn0089SearchTaskConditions@663216] METHOD START
05-08-2017 14:41:09.801,DEBUG,EDFD1C2421EA9801EE55205B486FDDDA,Returning cached instance of singleton bean 'transactionManager'
05-08-2017 14:41:09.801,INFO ,EDFD1C2421EA9801EE55205B486FDDDA,U0000000001,Task searching started
05-08-2017 14:41:09.801,DEBUG,EDFD1C2421EA9801EE55205B486FDDDA,Creating a new SqlSession
05-08-2017 14:41:09.801,DEBUG,EDFD1C2421EA9801EE55205B486FDDDA,Registering transaction synchronization for SqlSession [org.apache.ibatis.session.defaults.DefaultSqlSession@f3aa2a]
05-08-2017 14:41:09.801,DEBUG,EDFD1C2421EA9801EE55205B486FDDDA,Fetching JDBC Connection from DataSource
05-08-2017 14:41:09.801,DEBUG,EDFD1C2421EA9801EE55205B486FDDDA,Creating new JDBC DriverManager Connection to [jdbc:mysql://172.16.0.175:3306/BANANA_DB_HUNG_SELENIUM?useUnicode=yes&characterEncoding=UTF-8&autoReconnect=true]
05-08-2017 14:41:09.815,DEBUG,EDFD1C2421EA9801EE55205B486FDDDA,Registering transaction synchronization for JDBC Connection
05-08-2017 14:41:09.815,DEBUG,EDFD1C2421EA9801EE55205B486FDDDA,JDBC Connection [com.mysql.jdbc.JDBC4Connection@1f0084c] will be managed by Spring
05-08-2017 14:41:09.815,DEBUG,EDFD1C2421EA9801EE55205B486FDDDA,==>  Preparing: SELECT T.TASK_ID taskId, T.TASK_NAME taskName, T.WORKING_DETAILS workingDetails, T.NOTE note, T.QUARANTINE_HANDLING_FLAG quarantineHandlingFlag, T.DELETE_FLAG deleteFlag, T.CHANGE_POINT_CODE changePointCode FROM IVB_M_TASK T WHERE 1 = 1 AND T.DELETE_FLAG = '0' ORDER BY T.TASK_NAME LIMIT ?,? 
05-08-2017 14:41:09.815,DEBUG,EDFD1C2421EA9801EE55205B486FDDDA,==> Parameters: 20(Integer), 20(Integer)
05-08-2017 14:41:09.819,DEBUG,EDFD1C2421EA9801EE55205B486FDDDA,<==      Total: 20
05-08-2017 14:41:09.819,DEBUG,EDFD1C2421EA9801EE55205B486FDDDA,Releasing transactional SqlSession [org.apache.ibatis.session.defaults.DefaultSqlSession@f3aa2a]
05-08-2017 14:41:09.819,INFO ,EDFD1C2421EA9801EE55205B486FDDDA,U0000000001,SQL execution finished
05-08-2017 14:41:09.819,DEBUG,EDFD1C2421EA9801EE55205B486FDDDA,Fetched SqlSession [org.apache.ibatis.session.defaults.DefaultSqlSession@f3aa2a] from current transaction
05-08-2017 14:41:09.819,DEBUG,EDFD1C2421EA9801EE55205B486FDDDA,==>  Preparing: SELECT COUNT(*) FROM IVB_M_TASK T WHERE 1 = 1 AND T.DELETE_FLAG = '0' ORDER BY T.TASK_ID 
05-08-2017 14:41:09.819,DEBUG,EDFD1C2421EA9801EE55205B486FDDDA,==> Parameters: 
05-08-2017 14:41:09.820,DEBUG,EDFD1C2421EA9801EE55205B486FDDDA,<==      Total: 1
05-08-2017 14:41:09.820,DEBUG,EDFD1C2421EA9801EE55205B486FDDDA,Releasing transactional SqlSession [org.apache.ibatis.session.defaults.DefaultSqlSession@f3aa2a]
05-08-2017 14:41:09.820,INFO ,EDFD1C2421EA9801EE55205B486FDDDA,U0000000001,Task searching finished ==> 43 item(s)
05-08-2017 14:41:09.820,DEBUG,EDFD1C2421EA9801EE55205B486FDDDA,Transaction synchronization deregistering SqlSession [org.apache.ibatis.session.defaults.DefaultSqlSession@f3aa2a]
05-08-2017 14:41:09.820,DEBUG,EDFD1C2421EA9801EE55205B486FDDDA,Transaction synchronization closing SqlSession [org.apache.ibatis.session.defaults.DefaultSqlSession@f3aa2a]
05-08-2017 14:41:09.820,DEBUG,EDFD1C2421EA9801EE55205B486FDDDA,Returning JDBC Connection to DataSource
05-08-2017 14:41:09.821,INFO ,EDFD1C2421EA9801EE55205B486FDDDA,U0000000001,vn.bananavietnam.ict.banana.service.Bnn0089SearchTaskService,searchData,[vn.bananavietnam.ict.banana.component.Bnn0089SearchTaskConditions@663216] METHOD END
05-08-2017 14:41:09.821,DEBUG,EDFD1C2421EA9801EE55205B486FDDDA,Written [[vn.bananavietnam.ict.banana.component.Bnn0089SearchTaskResult@1c1f2ab, vn.bananavietnam.ict.banana.component.Bnn0089SearchTaskResult@9cd5d4, vn.bananavietnam.ict.banana.component.Bnn0089SearchTaskResult@1e91608, vn.bananavietnam.ict.banana.component.Bnn0089SearchTaskResult@1493737, vn.bananavietnam.ict.banana.component.Bnn0089SearchTaskResult@15bc2df, vn.bananavietnam.ict.banana.component.Bnn0089SearchTaskResult@1998655, vn.bananavietnam.ict.banana.component.Bnn0089SearchTaskResult@a39438, vn.bananavietnam.ict.banana.component.Bnn0089SearchTaskResult@45fad4, vn.bananavietnam.ict.banana.component.Bnn0089SearchTaskResult@1cf9eb9, vn.bananavietnam.ict.banana.component.Bnn0089SearchTaskResult@4110bb, vn.bananavietnam.ict.banana.component.Bnn0089SearchTaskResult@d5491f, vn.bananavietnam.ict.banana.component.Bnn0089SearchTaskResult@1f59d8b, vn.bananavietnam.ict.banana.component.Bnn0089SearchTaskResult@e8fa1a, vn.bananavietnam.ict.banana.component.Bnn0089SearchTaskResult@5af9f4, vn.bananavietnam.ict.banana.component.Bnn0089SearchTaskResult@85d411, vn.bananavietnam.ict.banana.component.Bnn0089SearchTaskResult@16b014f, vn.bananavietnam.ict.banana.component.Bnn0089SearchTaskResult@680492, vn.bananavietnam.ict.banana.component.Bnn0089SearchTaskResult@120d8b2, vn.bananavietnam.ict.banana.component.Bnn0089SearchTaskResult@163aadb, vn.bananavietnam.ict.banana.component.Bnn0089SearchTaskResult@e5b501]] as "application/json;charset=UTF-8" using [org.springframework.http.converter.json.MappingJackson2HttpMessageConverter@1fe278e]
05-08-2017 14:41:09.822,DEBUG,EDFD1C2421EA9801EE55205B486FDDDA,Null ModelAndView returned to DispatcherServlet with name 'appServlet': assuming HandlerAdapter completed request handling
05-08-2017 14:41:09.822,DEBUG,EDFD1C2421EA9801EE55205B486FDDDA,Successfully completed request
05-08-2017 14:41:09.822,DEBUG,EDFD1C2421EA9801EE55205B486FDDDA,Chain processed normally
05-08-2017 14:41:09.822,DEBUG,EDFD1C2421EA9801EE55205B486FDDDA,SecurityContextHolder now cleared, as request processing completed
05-08-2017 14:41:13.701,DEBUG,EDFD1C2421EA9801EE55205B486FDDDA,/0089/searchData at position 1 of 11 in additional filter chain; firing Filter: 'SecurityContextPersistenceFilter'
05-08-2017 14:41:13.701,DEBUG,EDFD1C2421EA9801EE55205B486FDDDA,Obtained a valid SecurityContext from SPRING_SECURITY_CONTEXT: 'org.springframework.security.core.context.SecurityContextImpl@c491b865: Authentication: org.springframework.security.authentication.UsernamePasswordAuthenticationToken@c491b865: Principal: vn.bananavietnam.ict.common.auth.MyUser@c4907816: Username: U0000000001; Password: [PROTECTED]; Enabled: true; AccountNonExpired: true; credentialsNonExpired: true; AccountNonLocked: true; Granted Authorities: 1; Credentials: [PROTECTED]; Authenticated: true; Details: org.springframework.security.web.authentication.WebAuthenticationDetails@fffe3f86: RemoteIpAddress: 127.0.0.1; SessionId: 5DBD0898A627F5FA713DBA637BE87D0E; Granted Authorities: 1'
05-08-2017 14:41:13.701,DEBUG,EDFD1C2421EA9801EE55205B486FDDDA,/0089/searchData at position 2 of 11 in additional filter chain; firing Filter: 'WebAsyncManagerIntegrationFilter'
05-08-2017 14:41:13.701,DEBUG,EDFD1C2421EA9801EE55205B486FDDDA,/0089/searchData at position 3 of 11 in additional filter chain; firing Filter: 'LogoutFilter'
05-08-2017 14:41:13.701,DEBUG,EDFD1C2421EA9801EE55205B486FDDDA,/0089/searchData at position 4 of 11 in additional filter chain; firing Filter: 'UsernamePasswordAuthenticationFilter'
05-08-2017 14:41:13.701,DEBUG,EDFD1C2421EA9801EE55205B486FDDDA,/0089/searchData at position 5 of 11 in additional filter chain; firing Filter: 'BasicAuthenticationFilter'
05-08-2017 14:41:13.701,DEBUG,EDFD1C2421EA9801EE55205B486FDDDA,/0089/searchData at position 6 of 11 in additional filter chain; firing Filter: 'RequestCacheAwareFilter'
05-08-2017 14:41:13.701,DEBUG,EDFD1C2421EA9801EE55205B486FDDDA,/0089/searchData at position 7 of 11 in additional filter chain; firing Filter: 'SecurityContextHolderAwareRequestFilter'
05-08-2017 14:41:13.701,DEBUG,EDFD1C2421EA9801EE55205B486FDDDA,/0089/searchData at position 8 of 11 in additional filter chain; firing Filter: 'AnonymousAuthenticationFilter'
05-08-2017 14:41:13.701,DEBUG,EDFD1C2421EA9801EE55205B486FDDDA,SecurityContextHolder not populated with anonymous token, as it already contained: 'org.springframework.security.authentication.UsernamePasswordAuthenticationToken@c491b865: Principal: vn.bananavietnam.ict.common.auth.MyUser@c4907816: Username: U0000000001; Password: [PROTECTED]; Enabled: true; AccountNonExpired: true; credentialsNonExpired: true; AccountNonLocked: true; Granted Authorities: 1; Credentials: [PROTECTED]; Authenticated: true; Details: org.springframework.security.web.authentication.WebAuthenticationDetails@fffe3f86: RemoteIpAddress: 127.0.0.1; SessionId: 5DBD0898A627F5FA713DBA637BE87D0E; Granted Authorities: 1'
05-08-2017 14:41:13.701,DEBUG,EDFD1C2421EA9801EE55205B486FDDDA,/0089/searchData at position 9 of 11 in additional filter chain; firing Filter: 'SessionManagementFilter'
05-08-2017 14:41:13.701,DEBUG,EDFD1C2421EA9801EE55205B486FDDDA,/0089/searchData at position 10 of 11 in additional filter chain; firing Filter: 'ExceptionTranslationFilter'
05-08-2017 14:41:13.701,DEBUG,EDFD1C2421EA9801EE55205B486FDDDA,/0089/searchData at position 11 of 11 in additional filter chain; firing Filter: 'FilterSecurityInterceptor'
05-08-2017 14:41:13.701,DEBUG,EDFD1C2421EA9801EE55205B486FDDDA,Checking match of request : '/0089/searchdata'; against '/autherror*'
05-08-2017 14:41:13.702,DEBUG,EDFD1C2421EA9801EE55205B486FDDDA,Checking match of request : '/0089/searchdata'; against '/login/**'
05-08-2017 14:41:13.702,DEBUG,EDFD1C2421EA9801EE55205B486FDDDA,Checking match of request : '/0089/searchdata'; against '/0001/**'
05-08-2017 14:41:13.702,DEBUG,EDFD1C2421EA9801EE55205B486FDDDA,Checking match of request : '/0089/searchdata'; against '/0002/**'
05-08-2017 14:41:13.702,DEBUG,EDFD1C2421EA9801EE55205B486FDDDA,Checking match of request : '/0089/searchdata'; against '/0003/**'
05-08-2017 14:41:13.702,DEBUG,EDFD1C2421EA9801EE55205B486FDDDA,Checking match of request : '/0089/searchdata'; against '/searchuserpopup/**'
05-08-2017 14:41:13.702,DEBUG,EDFD1C2421EA9801EE55205B486FDDDA,Checking match of request : '/0089/searchdata'; against '/0005/**'
05-08-2017 14:41:13.702,DEBUG,EDFD1C2421EA9801EE55205B486FDDDA,Checking match of request : '/0089/searchdata'; against '/0009/**'
05-08-2017 14:41:13.702,DEBUG,EDFD1C2421EA9801EE55205B486FDDDA,Checking match of request : '/0089/searchdata'; against '/searchline/**'
05-08-2017 14:41:13.702,DEBUG,EDFD1C2421EA9801EE55205B486FDDDA,Checking match of request : '/0089/searchdata'; against '/0013/**'
05-08-2017 14:41:13.702,DEBUG,EDFD1C2421EA9801EE55205B486FDDDA,Checking match of request : '/0089/searchdata'; against '/0017/**'
05-08-2017 14:41:13.702,DEBUG,EDFD1C2421EA9801EE55205B486FDDDA,Checking match of request : '/0089/searchdata'; against '/0031/**'
05-08-2017 14:41:13.702,DEBUG,EDFD1C2421EA9801EE55205B486FDDDA,Checking match of request : '/0089/searchdata'; against '/0035/**'
05-08-2017 14:41:13.702,DEBUG,EDFD1C2421EA9801EE55205B486FDDDA,Checking match of request : '/0089/searchdata'; against '/0037/**'
05-08-2017 14:41:13.702,DEBUG,EDFD1C2421EA9801EE55205B486FDDDA,Checking match of request : '/0089/searchdata'; against '/0045/**'
05-08-2017 14:41:13.702,DEBUG,EDFD1C2421EA9801EE55205B486FDDDA,Checking match of request : '/0089/searchdata'; against '/0047/**'
05-08-2017 14:41:13.702,DEBUG,EDFD1C2421EA9801EE55205B486FDDDA,Checking match of request : '/0089/searchdata'; against '/0049/**'
05-08-2017 14:41:13.702,DEBUG,EDFD1C2421EA9801EE55205B486FDDDA,Checking match of request : '/0089/searchdata'; against '/0061/**'
05-08-2017 14:41:13.702,DEBUG,EDFD1C2421EA9801EE55205B486FDDDA,Checking match of request : '/0089/searchdata'; against '/0087/**'
05-08-2017 14:41:13.702,DEBUG,EDFD1C2421EA9801EE55205B486FDDDA,Checking match of request : '/0089/searchdata'; against '/0075/**'
05-08-2017 14:41:13.702,DEBUG,EDFD1C2421EA9801EE55205B486FDDDA,Checking match of request : '/0089/searchdata'; against '/0089/**'
05-08-2017 14:41:13.702,DEBUG,EDFD1C2421EA9801EE55205B486FDDDA,Secure object: FilterInvocation: URL: /0089/searchData; Attributes: [ROLE_ADMIN, ROLE_USER, IS_AUTHENTICATED_FULLY]
05-08-2017 14:41:13.702,DEBUG,EDFD1C2421EA9801EE55205B486FDDDA,Previously Authenticated: org.springframework.security.authentication.UsernamePasswordAuthenticationToken@c491b865: Principal: vn.bananavietnam.ict.common.auth.MyUser@c4907816: Username: U0000000001; Password: [PROTECTED]; Enabled: true; AccountNonExpired: true; credentialsNonExpired: true; AccountNonLocked: true; Granted Authorities: 1; Credentials: [PROTECTED]; Authenticated: true; Details: org.springframework.security.web.authentication.WebAuthenticationDetails@fffe3f86: RemoteIpAddress: 127.0.0.1; SessionId: 5DBD0898A627F5FA713DBA637BE87D0E; Granted Authorities: 1
05-08-2017 14:41:13.702,DEBUG,EDFD1C2421EA9801EE55205B486FDDDA,Voter: org.springframework.security.access.vote.RoleVoter@1b68791, returned: -1
05-08-2017 14:41:13.702,DEBUG,EDFD1C2421EA9801EE55205B486FDDDA,Voter: org.springframework.security.access.vote.AuthenticatedVoter@1fd620c, returned: 1
05-08-2017 14:41:13.702,DEBUG,EDFD1C2421EA9801EE55205B486FDDDA,Authorization successful
05-08-2017 14:41:13.702,DEBUG,EDFD1C2421EA9801EE55205B486FDDDA,RunAsManager did not change Authentication object
05-08-2017 14:41:13.702,DEBUG,EDFD1C2421EA9801EE55205B486FDDDA,/0089/searchData reached end of additional filter chain; proceeding with original chain
05-08-2017 14:41:13.702,DEBUG,EDFD1C2421EA9801EE55205B486FDDDA,Request [/ict/0089/searchData] is not a multipart request
05-08-2017 14:41:13.702,DEBUG,EDFD1C2421EA9801EE55205B486FDDDA,DispatcherServlet with name 'appServlet' processing POST request for [/ict/0089/searchData]
05-08-2017 14:41:13.702,DEBUG,EDFD1C2421EA9801EE55205B486FDDDA,Looking up handler method for path /0089/searchData
05-08-2017 14:41:13.703,DEBUG,EDFD1C2421EA9801EE55205B486FDDDA,Returning handler method [public java.util.List<vn.bananavietnam.ict.banana.component.Bnn0089SearchTaskResult> vn.bananavietnam.ict.banana.controller.Bnn0089SearchTaskController.searchData(vn.bananavietnam.ict.banana.component.Bnn0089SearchTaskConditions)]
05-08-2017 14:41:13.703,DEBUG,EDFD1C2421EA9801EE55205B486FDDDA,Returning cached instance of singleton bean 'bnn0089SearchTaskController'
05-08-2017 14:41:13.703,DEBUG,EDFD1C2421EA9801EE55205B486FDDDA,Returning cached instance of singleton bean 'xml_path'
05-08-2017 14:41:13.703,DEBUG,EDFD1C2421EA9801EE55205B486FDDDA,Read [class vn.bananavietnam.ict.banana.component.Bnn0089SearchTaskConditions] as "application/json" with [org.springframework.http.converter.json.MappingJackson2HttpMessageConverter@1fe278e]
05-08-2017 14:41:13.703,INFO ,EDFD1C2421EA9801EE55205B486FDDDA,U0000000001,vn.bananavietnam.ict.banana.service.Bnn0089SearchTaskService,searchData,[vn.bananavietnam.ict.banana.component.Bnn0089SearchTaskConditions@1f53684] METHOD START
05-08-2017 14:41:13.703,DEBUG,EDFD1C2421EA9801EE55205B486FDDDA,Returning cached instance of singleton bean 'transactionManager'
05-08-2017 14:41:13.703,INFO ,EDFD1C2421EA9801EE55205B486FDDDA,U0000000001,Task searching started
05-08-2017 14:41:13.704,DEBUG,EDFD1C2421EA9801EE55205B486FDDDA,Creating a new SqlSession
05-08-2017 14:41:13.704,DEBUG,EDFD1C2421EA9801EE55205B486FDDDA,Registering transaction synchronization for SqlSession [org.apache.ibatis.session.defaults.DefaultSqlSession@5007fd]
05-08-2017 14:41:13.704,DEBUG,EDFD1C2421EA9801EE55205B486FDDDA,Fetching JDBC Connection from DataSource
05-08-2017 14:41:13.704,DEBUG,EDFD1C2421EA9801EE55205B486FDDDA,Creating new JDBC DriverManager Connection to [jdbc:mysql://172.16.0.175:3306/BANANA_DB_HUNG_SELENIUM?useUnicode=yes&characterEncoding=UTF-8&autoReconnect=true]
05-08-2017 14:41:13.720,DEBUG,EDFD1C2421EA9801EE55205B486FDDDA,Registering transaction synchronization for JDBC Connection
05-08-2017 14:41:13.720,DEBUG,EDFD1C2421EA9801EE55205B486FDDDA,JDBC Connection [com.mysql.jdbc.JDBC4Connection@6a3a15] will be managed by Spring
05-08-2017 14:41:13.720,DEBUG,EDFD1C2421EA9801EE55205B486FDDDA,==>  Preparing: SELECT T.TASK_ID taskId, T.TASK_NAME taskName, T.WORKING_DETAILS workingDetails, T.NOTE note, T.QUARANTINE_HANDLING_FLAG quarantineHandlingFlag, T.DELETE_FLAG deleteFlag, T.CHANGE_POINT_CODE changePointCode FROM IVB_M_TASK T WHERE 1 = 1 AND T.DELETE_FLAG = '0' ORDER BY T.TASK_NAME LIMIT ?,? 
05-08-2017 14:41:13.720,DEBUG,EDFD1C2421EA9801EE55205B486FDDDA,==> Parameters: 0(Integer), 20(Integer)
05-08-2017 14:41:13.723,DEBUG,EDFD1C2421EA9801EE55205B486FDDDA,<==      Total: 20
05-08-2017 14:41:13.723,DEBUG,EDFD1C2421EA9801EE55205B486FDDDA,Releasing transactional SqlSession [org.apache.ibatis.session.defaults.DefaultSqlSession@5007fd]
05-08-2017 14:41:13.723,INFO ,EDFD1C2421EA9801EE55205B486FDDDA,U0000000001,SQL execution finished
05-08-2017 14:41:13.723,DEBUG,EDFD1C2421EA9801EE55205B486FDDDA,Fetched SqlSession [org.apache.ibatis.session.defaults.DefaultSqlSession@5007fd] from current transaction
05-08-2017 14:41:13.723,DEBUG,EDFD1C2421EA9801EE55205B486FDDDA,==>  Preparing: SELECT COUNT(*) FROM IVB_M_TASK T WHERE 1 = 1 AND T.DELETE_FLAG = '0' ORDER BY T.TASK_ID 
05-08-2017 14:41:13.723,DEBUG,EDFD1C2421EA9801EE55205B486FDDDA,==> Parameters: 
05-08-2017 14:41:13.725,DEBUG,EDFD1C2421EA9801EE55205B486FDDDA,<==      Total: 1
05-08-2017 14:41:13.725,DEBUG,EDFD1C2421EA9801EE55205B486FDDDA,Releasing transactional SqlSession [org.apache.ibatis.session.defaults.DefaultSqlSession@5007fd]
05-08-2017 14:41:13.725,INFO ,EDFD1C2421EA9801EE55205B486FDDDA,U0000000001,Task searching finished ==> 43 item(s)
05-08-2017 14:41:13.725,DEBUG,EDFD1C2421EA9801EE55205B486FDDDA,Transaction synchronization deregistering SqlSession [org.apache.ibatis.session.defaults.DefaultSqlSession@5007fd]
05-08-2017 14:41:13.725,DEBUG,EDFD1C2421EA9801EE55205B486FDDDA,Transaction synchronization closing SqlSession [org.apache.ibatis.session.defaults.DefaultSqlSession@5007fd]
05-08-2017 14:41:13.725,DEBUG,EDFD1C2421EA9801EE55205B486FDDDA,Returning JDBC Connection to DataSource
05-08-2017 14:41:13.725,INFO ,EDFD1C2421EA9801EE55205B486FDDDA,U0000000001,vn.bananavietnam.ict.banana.service.Bnn0089SearchTaskService,searchData,[vn.bananavietnam.ict.banana.component.Bnn0089SearchTaskConditions@1f53684] METHOD END
05-08-2017 14:41:13.726,DEBUG,EDFD1C2421EA9801EE55205B486FDDDA,Written [[vn.bananavietnam.ict.banana.component.Bnn0089SearchTaskResult@1ec148c, vn.bananavietnam.ict.banana.component.Bnn0089SearchTaskResult@1bb6207, vn.bananavietnam.ict.banana.component.Bnn0089SearchTaskResult@141eeef, vn.bananavietnam.ict.banana.component.Bnn0089SearchTaskResult@1dd277a, vn.bananavietnam.ict.banana.component.Bnn0089SearchTaskResult@7a1679, vn.bananavietnam.ict.banana.component.Bnn0089SearchTaskResult@91f72b, vn.bananavietnam.ict.banana.component.Bnn0089SearchTaskResult@6b4f40, vn.bananavietnam.ict.banana.component.Bnn0089SearchTaskResult@b5f40, vn.bananavietnam.ict.banana.component.Bnn0089SearchTaskResult@9259a6, vn.bananavietnam.ict.banana.component.Bnn0089SearchTaskResult@1f5c570, vn.bananavietnam.ict.banana.component.Bnn0089SearchTaskResult@1b289c1, vn.bananavietnam.ict.banana.component.Bnn0089SearchTaskResult@1933fa8, vn.bananavietnam.ict.banana.component.Bnn0089SearchTaskResult@1840b15, vn.bananavietnam.ict.banana.component.Bnn0089SearchTaskResult@619b50, vn.bananavietnam.ict.banana.component.Bnn0089SearchTaskResult@1caea1c, vn.bananavietnam.ict.banana.component.Bnn0089SearchTaskResult@12efd32, vn.bananavietnam.ict.banana.component.Bnn0089SearchTaskResult@899521, vn.bananavietnam.ict.banana.component.Bnn0089SearchTaskResult@5e2dbb, vn.bananavietnam.ict.banana.component.Bnn0089SearchTaskResult@a4a8e6, vn.bananavietnam.ict.banana.component.Bnn0089SearchTaskResult@a91bed]] as "application/json;charset=UTF-8" using [org.springframework.http.converter.json.MappingJackson2HttpMessageConverter@1fe278e]
05-08-2017 14:41:13.726,DEBUG,EDFD1C2421EA9801EE55205B486FDDDA,Null ModelAndView returned to DispatcherServlet with name 'appServlet': assuming HandlerAdapter completed request handling
05-08-2017 14:41:13.726,DEBUG,EDFD1C2421EA9801EE55205B486FDDDA,Successfully completed request
05-08-2017 14:41:13.726,DEBUG,EDFD1C2421EA9801EE55205B486FDDDA,Chain processed normally
05-08-2017 14:41:13.726,DEBUG,EDFD1C2421EA9801EE55205B486FDDDA,SecurityContextHolder now cleared, as request processing completed
