05-08-2017 14:40:43.197,DEBUG,9A3F3F2E5DB92C02421429E1D01DEDC8,/0089/updateData at position 1 of 11 in additional filter chain; firing Filter: 'SecurityContextPersistenceFilter'
05-08-2017 14:40:43.197,DEBUG,9A3F3F2E5DB92C02421429E1D01DEDC8,Obtained a valid SecurityContext from SPRING_SECURITY_CONTEXT: 'org.springframework.security.core.context.SecurityContextImpl@c491b865: Authentication: org.springframework.security.authentication.UsernamePasswordAuthenticationToken@c491b865: Principal: vn.bananavietnam.ict.common.auth.MyUser@c4907816: Username: U0000000001; Password: [PROTECTED]; Enabled: true; AccountNonExpired: true; credentialsNonExpired: true; AccountNonLocked: true; Granted Authorities: 1; Credentials: [PROTECTED]; Authenticated: true; Details: org.springframework.security.web.authentication.WebAuthenticationDetails@fffe3f86: RemoteIpAddress: 127.0.0.1; SessionId: 5DBD0898A627F5FA713DBA637BE87D0E; Granted Authorities: 1'
05-08-2017 14:40:43.197,DEBUG,9A3F3F2E5DB92C02421429E1D01DEDC8,/0089/updateData at position 2 of 11 in additional filter chain; firing Filter: 'WebAsyncManagerIntegrationFilter'
05-08-2017 14:40:43.197,DEBUG,9A3F3F2E5DB92C02421429E1D01DEDC8,/0089/updateData at position 3 of 11 in additional filter chain; firing Filter: 'LogoutFilter'
05-08-2017 14:40:43.197,DEBUG,9A3F3F2E5DB92C02421429E1D01DEDC8,/0089/updateData at position 4 of 11 in additional filter chain; firing Filter: 'UsernamePasswordAuthenticationFilter'
05-08-2017 14:40:43.198,DEBUG,9A3F3F2E5DB92C02421429E1D01DEDC8,/0089/updateData at position 5 of 11 in additional filter chain; firing Filter: 'BasicAuthenticationFilter'
05-08-2017 14:40:43.198,DEBUG,9A3F3F2E5DB92C02421429E1D01DEDC8,/0089/updateData at position 6 of 11 in additional filter chain; firing Filter: 'RequestCacheAwareFilter'
05-08-2017 14:40:43.198,DEBUG,9A3F3F2E5DB92C02421429E1D01DEDC8,/0089/updateData at position 7 of 11 in additional filter chain; firing Filter: 'SecurityContextHolderAwareRequestFilter'
05-08-2017 14:40:43.198,DEBUG,9A3F3F2E5DB92C02421429E1D01DEDC8,/0089/updateData at position 8 of 11 in additional filter chain; firing Filter: 'AnonymousAuthenticationFilter'
05-08-2017 14:40:43.198,DEBUG,9A3F3F2E5DB92C02421429E1D01DEDC8,SecurityContextHolder not populated with anonymous token, as it already contained: 'org.springframework.security.authentication.UsernamePasswordAuthenticationToken@c491b865: Principal: vn.bananavietnam.ict.common.auth.MyUser@c4907816: Username: U0000000001; Password: [PROTECTED]; Enabled: true; AccountNonExpired: true; credentialsNonExpired: true; AccountNonLocked: true; Granted Authorities: 1; Credentials: [PROTECTED]; Authenticated: true; Details: org.springframework.security.web.authentication.WebAuthenticationDetails@fffe3f86: RemoteIpAddress: 127.0.0.1; SessionId: 5DBD0898A627F5FA713DBA637BE87D0E; Granted Authorities: 1'
05-08-2017 14:40:43.198,DEBUG,9A3F3F2E5DB92C02421429E1D01DEDC8,/0089/updateData at position 9 of 11 in additional filter chain; firing Filter: 'SessionManagementFilter'
05-08-2017 14:40:43.198,DEBUG,9A3F3F2E5DB92C02421429E1D01DEDC8,/0089/updateData at position 10 of 11 in additional filter chain; firing Filter: 'ExceptionTranslationFilter'
05-08-2017 14:40:43.198,DEBUG,9A3F3F2E5DB92C02421429E1D01DEDC8,/0089/updateData at position 11 of 11 in additional filter chain; firing Filter: 'FilterSecurityInterceptor'
05-08-2017 14:40:43.198,DEBUG,9A3F3F2E5DB92C02421429E1D01DEDC8,Checking match of request : '/0089/updatedata'; against '/autherror*'
05-08-2017 14:40:43.198,DEBUG,9A3F3F2E5DB92C02421429E1D01DEDC8,Checking match of request : '/0089/updatedata'; against '/login/**'
05-08-2017 14:40:43.198,DEBUG,9A3F3F2E5DB92C02421429E1D01DEDC8,Checking match of request : '/0089/updatedata'; against '/0001/**'
05-08-2017 14:40:43.198,DEBUG,9A3F3F2E5DB92C02421429E1D01DEDC8,Checking match of request : '/0089/updatedata'; against '/0002/**'
05-08-2017 14:40:43.198,DEBUG,9A3F3F2E5DB92C02421429E1D01DEDC8,Checking match of request : '/0089/updatedata'; against '/0003/**'
05-08-2017 14:40:43.198,DEBUG,9A3F3F2E5DB92C02421429E1D01DEDC8,Checking match of request : '/0089/updatedata'; against '/searchuserpopup/**'
05-08-2017 14:40:43.198,DEBUG,9A3F3F2E5DB92C02421429E1D01DEDC8,Checking match of request : '/0089/updatedata'; against '/0005/**'
05-08-2017 14:40:43.198,DEBUG,9A3F3F2E5DB92C02421429E1D01DEDC8,Checking match of request : '/0089/updatedata'; against '/0009/**'
05-08-2017 14:40:43.198,DEBUG,9A3F3F2E5DB92C02421429E1D01DEDC8,Checking match of request : '/0089/updatedata'; against '/searchline/**'
05-08-2017 14:40:43.198,DEBUG,9A3F3F2E5DB92C02421429E1D01DEDC8,Checking match of request : '/0089/updatedata'; against '/0013/**'
05-08-2017 14:40:43.198,DEBUG,9A3F3F2E5DB92C02421429E1D01DEDC8,Checking match of request : '/0089/updatedata'; against '/0017/**'
05-08-2017 14:40:43.198,DEBUG,9A3F3F2E5DB92C02421429E1D01DEDC8,Checking match of request : '/0089/updatedata'; against '/0031/**'
05-08-2017 14:40:43.198,DEBUG,9A3F3F2E5DB92C02421429E1D01DEDC8,Checking match of request : '/0089/updatedata'; against '/0035/**'
05-08-2017 14:40:43.198,DEBUG,9A3F3F2E5DB92C02421429E1D01DEDC8,Checking match of request : '/0089/updatedata'; against '/0037/**'
05-08-2017 14:40:43.198,DEBUG,9A3F3F2E5DB92C02421429E1D01DEDC8,Checking match of request : '/0089/updatedata'; against '/0045/**'
05-08-2017 14:40:43.198,DEBUG,9A3F3F2E5DB92C02421429E1D01DEDC8,Checking match of request : '/0089/updatedata'; against '/0047/**'
05-08-2017 14:40:43.198,DEBUG,9A3F3F2E5DB92C02421429E1D01DEDC8,Checking match of request : '/0089/updatedata'; against '/0049/**'
05-08-2017 14:40:43.198,DEBUG,9A3F3F2E5DB92C02421429E1D01DEDC8,Checking match of request : '/0089/updatedata'; against '/0061/**'
05-08-2017 14:40:43.198,DEBUG,9A3F3F2E5DB92C02421429E1D01DEDC8,Checking match of request : '/0089/updatedata'; against '/0087/**'
05-08-2017 14:40:43.198,DEBUG,9A3F3F2E5DB92C02421429E1D01DEDC8,Checking match of request : '/0089/updatedata'; against '/0075/**'
05-08-2017 14:40:43.198,DEBUG,9A3F3F2E5DB92C02421429E1D01DEDC8,Checking match of request : '/0089/updatedata'; against '/0089/**'
05-08-2017 14:40:43.198,DEBUG,9A3F3F2E5DB92C02421429E1D01DEDC8,Secure object: FilterInvocation: URL: /0089/updateData; Attributes: [ROLE_ADMIN, ROLE_USER, IS_AUTHENTICATED_FULLY]
05-08-2017 14:40:43.198,DEBUG,9A3F3F2E5DB92C02421429E1D01DEDC8,Previously Authenticated: org.springframework.security.authentication.UsernamePasswordAuthenticationToken@c491b865: Principal: vn.bananavietnam.ict.common.auth.MyUser@c4907816: Username: U0000000001; Password: [PROTECTED]; Enabled: true; AccountNonExpired: true; credentialsNonExpired: true; AccountNonLocked: true; Granted Authorities: 1; Credentials: [PROTECTED]; Authenticated: true; Details: org.springframework.security.web.authentication.WebAuthenticationDetails@fffe3f86: RemoteIpAddress: 127.0.0.1; SessionId: 5DBD0898A627F5FA713DBA637BE87D0E; Granted Authorities: 1
05-08-2017 14:40:43.198,DEBUG,9A3F3F2E5DB92C02421429E1D01DEDC8,Voter: org.springframework.security.access.vote.RoleVoter@1b68791, returned: -1
05-08-2017 14:40:43.198,DEBUG,9A3F3F2E5DB92C02421429E1D01DEDC8,Voter: org.springframework.security.access.vote.AuthenticatedVoter@1fd620c, returned: 1
05-08-2017 14:40:43.198,DEBUG,9A3F3F2E5DB92C02421429E1D01DEDC8,Authorization successful
05-08-2017 14:40:43.198,DEBUG,9A3F3F2E5DB92C02421429E1D01DEDC8,RunAsManager did not change Authentication object
05-08-2017 14:40:43.198,DEBUG,9A3F3F2E5DB92C02421429E1D01DEDC8,/0089/updateData reached end of additional filter chain; proceeding with original chain
05-08-2017 14:40:43.198,DEBUG,9A3F3F2E5DB92C02421429E1D01DEDC8,Request [/ict/0089/updateData] is not a multipart request
05-08-2017 14:40:43.199,DEBUG,EDFD1C2421EA9801EE55205B486FDDDA,DispatcherServlet with name 'appServlet' processing POST request for [/ict/0089/updateData]
05-08-2017 14:40:43.199,DEBUG,EDFD1C2421EA9801EE55205B486FDDDA,Looking up handler method for path /0089/updateData
05-08-2017 14:40:43.199,DEBUG,EDFD1C2421EA9801EE55205B486FDDDA,Returning handler method [public java.lang.String vn.bananavietnam.ict.banana.controller.Bnn0089SearchTaskController.updateData(vn.bananavietnam.ict.common.db.model.IvbMTask)]
05-08-2017 14:40:43.199,DEBUG,EDFD1C2421EA9801EE55205B486FDDDA,Returning cached instance of singleton bean 'bnn0089SearchTaskController'
05-08-2017 14:40:43.199,DEBUG,EDFD1C2421EA9801EE55205B486FDDDA,Returning cached instance of singleton bean 'xml_path'
05-08-2017 14:40:43.199,DEBUG,EDFD1C2421EA9801EE55205B486FDDDA,Read [class vn.bananavietnam.ict.common.db.model.IvbMTask] as "application/json" with [org.springframework.http.converter.json.MappingJackson2HttpMessageConverter@1fe278e]
05-08-2017 14:40:43.200,INFO ,EDFD1C2421EA9801EE55205B486FDDDA,U0000000001,vn.bananavietnam.ict.banana.service.Bnn0089SearchTaskService,updateData,[vn.bananavietnam.ict.common.db.model.IvbMTask@a2b188] METHOD START
05-08-2017 14:40:43.200,DEBUG,EDFD1C2421EA9801EE55205B486FDDDA,Returning cached instance of singleton bean 'transactionManager'
05-08-2017 14:40:43.200,DEBUG,EDFD1C2421EA9801EE55205B486FDDDA,Creating new transaction with name [null]: PROPAGATION_REQUIRED,ISOLATION_DEFAULT
05-08-2017 14:40:43.200,DEBUG,EDFD1C2421EA9801EE55205B486FDDDA,Creating new JDBC DriverManager Connection to [jdbc:mysql://172.16.0.175:3306/BANANA_DB_HUNG_SELENIUM?useUnicode=yes&characterEncoding=UTF-8&autoReconnect=true]
05-08-2017 14:40:43.217,DEBUG,EDFD1C2421EA9801EE55205B486FDDDA,Acquired Connection [com.mysql.jdbc.JDBC4Connection@1d976fd] for JDBC transaction
05-08-2017 14:40:43.217,DEBUG,EDFD1C2421EA9801EE55205B486FDDDA,Switching JDBC Connection [com.mysql.jdbc.JDBC4Connection@1d976fd] to manual commit
05-08-2017 14:40:43.219,DEBUG,EDFD1C2421EA9801EE55205B486FDDDA,Creating a new SqlSession
05-08-2017 14:40:43.219,DEBUG,EDFD1C2421EA9801EE55205B486FDDDA,Registering transaction synchronization for SqlSession [org.apache.ibatis.session.defaults.DefaultSqlSession@5e8214]
05-08-2017 14:40:43.220,DEBUG,EDFD1C2421EA9801EE55205B486FDDDA,JDBC Connection [com.mysql.jdbc.JDBC4Connection@1d976fd] will be managed by Spring
05-08-2017 14:40:43.220,DEBUG,EDFD1C2421EA9801EE55205B486FDDDA,==>  Preparing: update IVB_M_TASK SET TASK_NAME = ?, WORKING_DETAILS = ?, NOTE = ?, QUARANTINE_HANDLING_FLAG = ?, CHANGE_POINT_CODE = ?, UPDATE_USER_ID = ?, LAST_UPDATE_DATE = NOW(), DELETE_FLAG = ? where TASK_ID = ? 
05-08-2017 14:40:43.221,DEBUG,EDFD1C2421EA9801EE55205B486FDDDA,==> Parameters: ABC Task update(String), ABC Task update(String), ABC Task update(String), true(Boolean), 0(String), U0000000001(String), false(Boolean), T054(String)
05-08-2017 14:40:43.223,DEBUG,EDFD1C2421EA9801EE55205B486FDDDA,<==    Updates: 1
05-08-2017 14:40:43.223,DEBUG,EDFD1C2421EA9801EE55205B486FDDDA,Releasing transactional SqlSession [org.apache.ibatis.session.defaults.DefaultSqlSession@5e8214]
05-08-2017 14:40:43.223,DEBUG,EDFD1C2421EA9801EE55205B486FDDDA,Transaction synchronization committing SqlSession [org.apache.ibatis.session.defaults.DefaultSqlSession@5e8214]
05-08-2017 14:40:43.223,DEBUG,EDFD1C2421EA9801EE55205B486FDDDA,Transaction synchronization deregistering SqlSession [org.apache.ibatis.session.defaults.DefaultSqlSession@5e8214]
05-08-2017 14:40:43.223,DEBUG,EDFD1C2421EA9801EE55205B486FDDDA,Transaction synchronization closing SqlSession [org.apache.ibatis.session.defaults.DefaultSqlSession@5e8214]
05-08-2017 14:40:43.223,DEBUG,EDFD1C2421EA9801EE55205B486FDDDA,Initiating transaction commit
05-08-2017 14:40:43.223,DEBUG,EDFD1C2421EA9801EE55205B486FDDDA,Committing JDBC transaction on Connection [com.mysql.jdbc.JDBC4Connection@1d976fd]
05-08-2017 14:40:43.230,DEBUG,EDFD1C2421EA9801EE55205B486FDDDA,Releasing JDBC Connection [com.mysql.jdbc.JDBC4Connection@1d976fd] after transaction
05-08-2017 14:40:43.230,DEBUG,EDFD1C2421EA9801EE55205B486FDDDA,Returning JDBC Connection to DataSource
05-08-2017 14:40:43.230,INFO ,EDFD1C2421EA9801EE55205B486FDDDA,U0000000001,vn.bananavietnam.ict.banana.service.Bnn0089SearchTaskService,updateData,[vn.bananavietnam.ict.common.db.model.IvbMTask@a2b188] METHOD END
05-08-2017 14:40:43.231,DEBUG,EDFD1C2421EA9801EE55205B486FDDDA,Written [4000] as "text/plain;charset=ISO-8859-1" using [org.springframework.http.converter.StringHttpMessageConverter@1136134]
05-08-2017 14:40:43.231,DEBUG,EDFD1C2421EA9801EE55205B486FDDDA,Null ModelAndView returned to DispatcherServlet with name 'appServlet': assuming HandlerAdapter completed request handling
05-08-2017 14:40:43.231,DEBUG,EDFD1C2421EA9801EE55205B486FDDDA,Successfully completed request
05-08-2017 14:40:43.231,DEBUG,EDFD1C2421EA9801EE55205B486FDDDA,Chain processed normally
05-08-2017 14:40:43.231,DEBUG,EDFD1C2421EA9801EE55205B486FDDDA,SecurityContextHolder now cleared, as request processing completed
05-08-2017 14:40:43.233,DEBUG,EDFD1C2421EA9801EE55205B486FDDDA,/0089/searchData at position 1 of 11 in additional filter chain; firing Filter: 'SecurityContextPersistenceFilter'
05-08-2017 14:40:43.234,DEBUG,EDFD1C2421EA9801EE55205B486FDDDA,Obtained a valid SecurityContext from SPRING_SECURITY_CONTEXT: 'org.springframework.security.core.context.SecurityContextImpl@c491b865: Authentication: org.springframework.security.authentication.UsernamePasswordAuthenticationToken@c491b865: Principal: vn.bananavietnam.ict.common.auth.MyUser@c4907816: Username: U0000000001; Password: [PROTECTED]; Enabled: true; AccountNonExpired: true; credentialsNonExpired: true; AccountNonLocked: true; Granted Authorities: 1; Credentials: [PROTECTED]; Authenticated: true; Details: org.springframework.security.web.authentication.WebAuthenticationDetails@fffe3f86: RemoteIpAddress: 127.0.0.1; SessionId: 5DBD0898A627F5FA713DBA637BE87D0E; Granted Authorities: 1'
05-08-2017 14:40:43.234,DEBUG,EDFD1C2421EA9801EE55205B486FDDDA,/0089/searchData at position 2 of 11 in additional filter chain; firing Filter: 'WebAsyncManagerIntegrationFilter'
05-08-2017 14:40:43.234,DEBUG,EDFD1C2421EA9801EE55205B486FDDDA,/0089/searchData at position 3 of 11 in additional filter chain; firing Filter: 'LogoutFilter'
05-08-2017 14:40:43.234,DEBUG,EDFD1C2421EA9801EE55205B486FDDDA,/0089/searchData at position 4 of 11 in additional filter chain; firing Filter: 'UsernamePasswordAuthenticationFilter'
05-08-2017 14:40:43.234,DEBUG,EDFD1C2421EA9801EE55205B486FDDDA,/0089/searchData at position 5 of 11 in additional filter chain; firing Filter: 'BasicAuthenticationFilter'
05-08-2017 14:40:43.234,DEBUG,EDFD1C2421EA9801EE55205B486FDDDA,/0089/searchData at position 6 of 11 in additional filter chain; firing Filter: 'RequestCacheAwareFilter'
05-08-2017 14:40:43.234,DEBUG,EDFD1C2421EA9801EE55205B486FDDDA,/0089/searchData at position 7 of 11 in additional filter chain; firing Filter: 'SecurityContextHolderAwareRequestFilter'
05-08-2017 14:40:43.234,DEBUG,EDFD1C2421EA9801EE55205B486FDDDA,/0089/searchData at position 8 of 11 in additional filter chain; firing Filter: 'AnonymousAuthenticationFilter'
05-08-2017 14:40:43.234,DEBUG,EDFD1C2421EA9801EE55205B486FDDDA,SecurityContextHolder not populated with anonymous token, as it already contained: 'org.springframework.security.authentication.UsernamePasswordAuthenticationToken@c491b865: Principal: vn.bananavietnam.ict.common.auth.MyUser@c4907816: Username: U0000000001; Password: [PROTECTED]; Enabled: true; AccountNonExpired: true; credentialsNonExpired: true; AccountNonLocked: true; Granted Authorities: 1; Credentials: [PROTECTED]; Authenticated: true; Details: org.springframework.security.web.authentication.WebAuthenticationDetails@fffe3f86: RemoteIpAddress: 127.0.0.1; SessionId: 5DBD0898A627F5FA713DBA637BE87D0E; Granted Authorities: 1'
05-08-2017 14:40:43.234,DEBUG,EDFD1C2421EA9801EE55205B486FDDDA,/0089/searchData at position 9 of 11 in additional filter chain; firing Filter: 'SessionManagementFilter'
05-08-2017 14:40:43.234,DEBUG,EDFD1C2421EA9801EE55205B486FDDDA,/0089/searchData at position 10 of 11 in additional filter chain; firing Filter: 'ExceptionTranslationFilter'
05-08-2017 14:40:43.234,DEBUG,EDFD1C2421EA9801EE55205B486FDDDA,/0089/searchData at position 11 of 11 in additional filter chain; firing Filter: 'FilterSecurityInterceptor'
05-08-2017 14:40:43.234,DEBUG,EDFD1C2421EA9801EE55205B486FDDDA,Checking match of request : '/0089/searchdata'; against '/autherror*'
05-08-2017 14:40:43.234,DEBUG,EDFD1C2421EA9801EE55205B486FDDDA,Checking match of request : '/0089/searchdata'; against '/login/**'
05-08-2017 14:40:43.234,DEBUG,EDFD1C2421EA9801EE55205B486FDDDA,Checking match of request : '/0089/searchdata'; against '/0001/**'
05-08-2017 14:40:43.234,DEBUG,EDFD1C2421EA9801EE55205B486FDDDA,Checking match of request : '/0089/searchdata'; against '/0002/**'
05-08-2017 14:40:43.234,DEBUG,EDFD1C2421EA9801EE55205B486FDDDA,Checking match of request : '/0089/searchdata'; against '/0003/**'
05-08-2017 14:40:43.234,DEBUG,EDFD1C2421EA9801EE55205B486FDDDA,Checking match of request : '/0089/searchdata'; against '/searchuserpopup/**'
05-08-2017 14:40:43.234,DEBUG,EDFD1C2421EA9801EE55205B486FDDDA,Checking match of request : '/0089/searchdata'; against '/0005/**'
05-08-2017 14:40:43.234,DEBUG,EDFD1C2421EA9801EE55205B486FDDDA,Checking match of request : '/0089/searchdata'; against '/0009/**'
05-08-2017 14:40:43.234,DEBUG,EDFD1C2421EA9801EE55205B486FDDDA,Checking match of request : '/0089/searchdata'; against '/searchline/**'
05-08-2017 14:40:43.234,DEBUG,EDFD1C2421EA9801EE55205B486FDDDA,Checking match of request : '/0089/searchdata'; against '/0013/**'
05-08-2017 14:40:43.234,DEBUG,EDFD1C2421EA9801EE55205B486FDDDA,Checking match of request : '/0089/searchdata'; against '/0017/**'
05-08-2017 14:40:43.234,DEBUG,EDFD1C2421EA9801EE55205B486FDDDA,Checking match of request : '/0089/searchdata'; against '/0031/**'
05-08-2017 14:40:43.234,DEBUG,EDFD1C2421EA9801EE55205B486FDDDA,Checking match of request : '/0089/searchdata'; against '/0035/**'
05-08-2017 14:40:43.234,DEBUG,EDFD1C2421EA9801EE55205B486FDDDA,Checking match of request : '/0089/searchdata'; against '/0037/**'
05-08-2017 14:40:43.234,DEBUG,EDFD1C2421EA9801EE55205B486FDDDA,Checking match of request : '/0089/searchdata'; against '/0045/**'
05-08-2017 14:40:43.235,DEBUG,EDFD1C2421EA9801EE55205B486FDDDA,Checking match of request : '/0089/searchdata'; against '/0047/**'
05-08-2017 14:40:43.235,DEBUG,EDFD1C2421EA9801EE55205B486FDDDA,Checking match of request : '/0089/searchdata'; against '/0049/**'
05-08-2017 14:40:43.235,DEBUG,EDFD1C2421EA9801EE55205B486FDDDA,Checking match of request : '/0089/searchdata'; against '/0061/**'
05-08-2017 14:40:43.235,DEBUG,EDFD1C2421EA9801EE55205B486FDDDA,Checking match of request : '/0089/searchdata'; against '/0087/**'
05-08-2017 14:40:43.235,DEBUG,EDFD1C2421EA9801EE55205B486FDDDA,Checking match of request : '/0089/searchdata'; against '/0075/**'
05-08-2017 14:40:43.235,DEBUG,EDFD1C2421EA9801EE55205B486FDDDA,Checking match of request : '/0089/searchdata'; against '/0089/**'
05-08-2017 14:40:43.235,DEBUG,EDFD1C2421EA9801EE55205B486FDDDA,Secure object: FilterInvocation: URL: /0089/searchData; Attributes: [ROLE_ADMIN, ROLE_USER, IS_AUTHENTICATED_FULLY]
05-08-2017 14:40:43.235,DEBUG,EDFD1C2421EA9801EE55205B486FDDDA,Previously Authenticated: org.springframework.security.authentication.UsernamePasswordAuthenticationToken@c491b865: Principal: vn.bananavietnam.ict.common.auth.MyUser@c4907816: Username: U0000000001; Password: [PROTECTED]; Enabled: true; AccountNonExpired: true; credentialsNonExpired: true; AccountNonLocked: true; Granted Authorities: 1; Credentials: [PROTECTED]; Authenticated: true; Details: org.springframework.security.web.authentication.WebAuthenticationDetails@fffe3f86: RemoteIpAddress: 127.0.0.1; SessionId: 5DBD0898A627F5FA713DBA637BE87D0E; Granted Authorities: 1
05-08-2017 14:40:43.235,DEBUG,EDFD1C2421EA9801EE55205B486FDDDA,Voter: org.springframework.security.access.vote.RoleVoter@1b68791, returned: -1
05-08-2017 14:40:43.235,DEBUG,EDFD1C2421EA9801EE55205B486FDDDA,Voter: org.springframework.security.access.vote.AuthenticatedVoter@1fd620c, returned: 1
05-08-2017 14:40:43.235,DEBUG,EDFD1C2421EA9801EE55205B486FDDDA,Authorization successful
05-08-2017 14:40:43.235,DEBUG,EDFD1C2421EA9801EE55205B486FDDDA,RunAsManager did not change Authentication object
05-08-2017 14:40:43.235,DEBUG,EDFD1C2421EA9801EE55205B486FDDDA,/0089/searchData reached end of additional filter chain; proceeding with original chain
05-08-2017 14:40:43.235,DEBUG,EDFD1C2421EA9801EE55205B486FDDDA,Request [/ict/0089/searchData] is not a multipart request
05-08-2017 14:40:43.235,DEBUG,EDFD1C2421EA9801EE55205B486FDDDA,DispatcherServlet with name 'appServlet' processing POST request for [/ict/0089/searchData]
05-08-2017 14:40:43.235,DEBUG,EDFD1C2421EA9801EE55205B486FDDDA,Looking up handler method for path /0089/searchData
05-08-2017 14:40:43.235,DEBUG,EDFD1C2421EA9801EE55205B486FDDDA,Returning handler method [public java.util.List<vn.bananavietnam.ict.banana.component.Bnn0089SearchTaskResult> vn.bananavietnam.ict.banana.controller.Bnn0089SearchTaskController.searchData(vn.bananavietnam.ict.banana.component.Bnn0089SearchTaskConditions)]
05-08-2017 14:40:43.235,DEBUG,EDFD1C2421EA9801EE55205B486FDDDA,Returning cached instance of singleton bean 'bnn0089SearchTaskController'
05-08-2017 14:40:43.235,DEBUG,EDFD1C2421EA9801EE55205B486FDDDA,Returning cached instance of singleton bean 'xml_path'
05-08-2017 14:40:43.236,DEBUG,EDFD1C2421EA9801EE55205B486FDDDA,Read [class vn.bananavietnam.ict.banana.component.Bnn0089SearchTaskConditions] as "application/json" with [org.springframework.http.converter.json.MappingJackson2HttpMessageConverter@1fe278e]
05-08-2017 14:40:43.236,INFO ,EDFD1C2421EA9801EE55205B486FDDDA,U0000000001,vn.bananavietnam.ict.banana.service.Bnn0089SearchTaskService,searchData,[vn.bananavietnam.ict.banana.component.Bnn0089SearchTaskConditions@c06573] METHOD START
05-08-2017 14:40:43.236,DEBUG,EDFD1C2421EA9801EE55205B486FDDDA,Returning cached instance of singleton bean 'transactionManager'
05-08-2017 14:40:43.236,INFO ,EDFD1C2421EA9801EE55205B486FDDDA,U0000000001,Task searching started
05-08-2017 14:40:43.236,DEBUG,EDFD1C2421EA9801EE55205B486FDDDA,Creating a new SqlSession
05-08-2017 14:40:43.236,DEBUG,EDFD1C2421EA9801EE55205B486FDDDA,Registering transaction synchronization for SqlSession [org.apache.ibatis.session.defaults.DefaultSqlSession@96f6c1]
05-08-2017 14:40:43.237,DEBUG,EDFD1C2421EA9801EE55205B486FDDDA,Fetching JDBC Connection from DataSource
05-08-2017 14:40:43.237,DEBUG,EDFD1C2421EA9801EE55205B486FDDDA,Creating new JDBC DriverManager Connection to [jdbc:mysql://172.16.0.175:3306/BANANA_DB_HUNG_SELENIUM?useUnicode=yes&characterEncoding=UTF-8&autoReconnect=true]
05-08-2017 14:40:43.252,DEBUG,EDFD1C2421EA9801EE55205B486FDDDA,Registering transaction synchronization for JDBC Connection
05-08-2017 14:40:43.252,DEBUG,EDFD1C2421EA9801EE55205B486FDDDA,JDBC Connection [com.mysql.jdbc.JDBC4Connection@1ab24d2] will be managed by Spring
05-08-2017 14:40:43.252,DEBUG,EDFD1C2421EA9801EE55205B486FDDDA,==>  Preparing: SELECT T.TASK_ID taskId, T.TASK_NAME taskName, T.WORKING_DETAILS workingDetails, T.NOTE note, T.QUARANTINE_HANDLING_FLAG quarantineHandlingFlag, T.DELETE_FLAG deleteFlag, T.CHANGE_POINT_CODE changePointCode FROM IVB_M_TASK T WHERE 1 = 1 AND T.DELETE_FLAG = '0' ORDER BY T.TASK_NAME LIMIT ?,? 
05-08-2017 14:40:43.252,DEBUG,EDFD1C2421EA9801EE55205B486FDDDA,==> Parameters: 0(Integer), 20(Integer)
05-08-2017 14:40:43.256,DEBUG,EDFD1C2421EA9801EE55205B486FDDDA,<==      Total: 20
05-08-2017 14:40:43.256,DEBUG,EDFD1C2421EA9801EE55205B486FDDDA,Releasing transactional SqlSession [org.apache.ibatis.session.defaults.DefaultSqlSession@96f6c1]
05-08-2017 14:40:43.256,INFO ,EDFD1C2421EA9801EE55205B486FDDDA,U0000000001,SQL execution finished
05-08-2017 14:40:43.256,DEBUG,EDFD1C2421EA9801EE55205B486FDDDA,Fetched SqlSession [org.apache.ibatis.session.defaults.DefaultSqlSession@96f6c1] from current transaction
05-08-2017 14:40:43.256,DEBUG,EDFD1C2421EA9801EE55205B486FDDDA,==>  Preparing: SELECT COUNT(*) FROM IVB_M_TASK T WHERE 1 = 1 AND T.DELETE_FLAG = '0' ORDER BY T.TASK_ID 
05-08-2017 14:40:43.256,DEBUG,EDFD1C2421EA9801EE55205B486FDDDA,==> Parameters: 
05-08-2017 14:40:43.257,DEBUG,EDFD1C2421EA9801EE55205B486FDDDA,<==      Total: 1
05-08-2017 14:40:43.257,DEBUG,EDFD1C2421EA9801EE55205B486FDDDA,Releasing transactional SqlSession [org.apache.ibatis.session.defaults.DefaultSqlSession@96f6c1]
05-08-2017 14:40:43.258,INFO ,EDFD1C2421EA9801EE55205B486FDDDA,U0000000001,Task searching finished ==> 44 item(s)
05-08-2017 14:40:43.258,DEBUG,EDFD1C2421EA9801EE55205B486FDDDA,Transaction synchronization deregistering SqlSession [org.apache.ibatis.session.defaults.DefaultSqlSession@96f6c1]
05-08-2017 14:40:43.258,DEBUG,EDFD1C2421EA9801EE55205B486FDDDA,Transaction synchronization closing SqlSession [org.apache.ibatis.session.defaults.DefaultSqlSession@96f6c1]
05-08-2017 14:40:43.258,DEBUG,EDFD1C2421EA9801EE55205B486FDDDA,Returning JDBC Connection to DataSource
05-08-2017 14:40:43.258,INFO ,EDFD1C2421EA9801EE55205B486FDDDA,U0000000001,vn.bananavietnam.ict.banana.service.Bnn0089SearchTaskService,searchData,[vn.bananavietnam.ict.banana.component.Bnn0089SearchTaskConditions@c06573] METHOD END
05-08-2017 14:40:43.259,DEBUG,EDFD1C2421EA9801EE55205B486FDDDA,Written [[vn.bananavietnam.ict.banana.component.Bnn0089SearchTaskResult@16da146, vn.bananavietnam.ict.banana.component.Bnn0089SearchTaskResult@11cc008, vn.bananavietnam.ict.banana.component.Bnn0089SearchTaskResult@f6446, vn.bananavietnam.ict.banana.component.Bnn0089SearchTaskResult@3e8766, vn.bananavietnam.ict.banana.component.Bnn0089SearchTaskResult@a76436, vn.bananavietnam.ict.banana.component.Bnn0089SearchTaskResult@11af2ea, vn.bananavietnam.ict.banana.component.Bnn0089SearchTaskResult@aa959b, vn.bananavietnam.ict.banana.component.Bnn0089SearchTaskResult@f72a9f, vn.bananavietnam.ict.banana.component.Bnn0089SearchTaskResult@1187ea3, vn.bananavietnam.ict.banana.component.Bnn0089SearchTaskResult@1b15a08, vn.bananavietnam.ict.banana.component.Bnn0089SearchTaskResult@18d1ea8, vn.bananavietnam.ict.banana.component.Bnn0089SearchTaskResult@a167d4, vn.bananavietnam.ict.banana.component.Bnn0089SearchTaskResult@d0f5c5, vn.bananavietnam.ict.banana.component.Bnn0089SearchTaskResult@140848d, vn.bananavietnam.ict.banana.component.Bnn0089SearchTaskResult@11b613, vn.bananavietnam.ict.banana.component.Bnn0089SearchTaskResult@14bff42, vn.bananavietnam.ict.banana.component.Bnn0089SearchTaskResult@e055b3, vn.bananavietnam.ict.banana.component.Bnn0089SearchTaskResult@123ce8e, vn.bananavietnam.ict.banana.component.Bnn0089SearchTaskResult@854617, vn.bananavietnam.ict.banana.component.Bnn0089SearchTaskResult@241fea]] as "application/json;charset=UTF-8" using [org.springframework.http.converter.json.MappingJackson2HttpMessageConverter@1fe278e]
05-08-2017 14:40:43.259,DEBUG,EDFD1C2421EA9801EE55205B486FDDDA,Null ModelAndView returned to DispatcherServlet with name 'appServlet': assuming HandlerAdapter completed request handling
05-08-2017 14:40:43.259,DEBUG,EDFD1C2421EA9801EE55205B486FDDDA,Successfully completed request
05-08-2017 14:40:43.259,DEBUG,EDFD1C2421EA9801EE55205B486FDDDA,Chain processed normally
05-08-2017 14:40:43.259,DEBUG,EDFD1C2421EA9801EE55205B486FDDDA,SecurityContextHolder now cleared, as request processing completed
