05-23-2017 11:04:36.766,DEBUG,703DA66B6E9225F509703152BB4E23E7,/0089/searchData at position 1 of 11 in additional filter chain; firing Filter: 'SecurityContextPersistenceFilter'
05-23-2017 11:04:36.766,DEBUG,703DA66B6E9225F509703152BB4E23E7,Obtained a valid SecurityContext from SPRING_SECURITY_CONTEXT: 'org.springframework.security.core.context.SecurityContextImpl@3b6ee12b: Authentication: org.springframework.security.authentication.UsernamePasswordAuthenticationToken@3b6ee12b: Principal: vn.bananavietnam.ict.common.auth.MyUser@c4907816: Username: U0000000001; Password: [PROTECTED]; Enabled: true; AccountNonExpired: true; credentialsNonExpired: true; AccountNonLocked: true; Granted Authorities: 1; Credentials: [PROTECTED]; Authenticated: true; Details: org.springframework.security.web.authentication.WebAuthenticationDetails@166c8: RemoteIpAddress: 0:0:0:0:0:0:0:1; SessionId: FCA473E06A36754BB0A868E6ECBB03D0; Granted Authorities: 1'
05-23-2017 11:04:36.766,DEBUG,703DA66B6E9225F509703152BB4E23E7,/0089/searchData at position 2 of 11 in additional filter chain; firing Filter: 'WebAsyncManagerIntegrationFilter'
05-23-2017 11:04:36.766,DEBUG,703DA66B6E9225F509703152BB4E23E7,/0089/searchData at position 3 of 11 in additional filter chain; firing Filter: 'LogoutFilter'
05-23-2017 11:04:36.766,DEBUG,703DA66B6E9225F509703152BB4E23E7,/0089/searchData at position 4 of 11 in additional filter chain; firing Filter: 'UsernamePasswordAuthenticationFilter'
05-23-2017 11:04:36.766,DEBUG,703DA66B6E9225F509703152BB4E23E7,/0089/searchData at position 5 of 11 in additional filter chain; firing Filter: 'BasicAuthenticationFilter'
05-23-2017 11:04:36.766,DEBUG,703DA66B6E9225F509703152BB4E23E7,/0089/searchData at position 6 of 11 in additional filter chain; firing Filter: 'RequestCacheAwareFilter'
05-23-2017 11:04:36.766,DEBUG,703DA66B6E9225F509703152BB4E23E7,/0089/searchData at position 7 of 11 in additional filter chain; firing Filter: 'SecurityContextHolderAwareRequestFilter'
05-23-2017 11:04:36.766,DEBUG,703DA66B6E9225F509703152BB4E23E7,/0089/searchData at position 8 of 11 in additional filter chain; firing Filter: 'AnonymousAuthenticationFilter'
05-23-2017 11:04:36.766,DEBUG,703DA66B6E9225F509703152BB4E23E7,SecurityContextHolder not populated with anonymous token, as it already contained: 'org.springframework.security.authentication.UsernamePasswordAuthenticationToken@3b6ee12b: Principal: vn.bananavietnam.ict.common.auth.MyUser@c4907816: Username: U0000000001; Password: [PROTECTED]; Enabled: true; AccountNonExpired: true; credentialsNonExpired: true; AccountNonLocked: true; Granted Authorities: 1; Credentials: [PROTECTED]; Authenticated: true; Details: org.springframework.security.web.authentication.WebAuthenticationDetails@166c8: RemoteIpAddress: 0:0:0:0:0:0:0:1; SessionId: FCA473E06A36754BB0A868E6ECBB03D0; Granted Authorities: 1'
05-23-2017 11:04:36.766,DEBUG,703DA66B6E9225F509703152BB4E23E7,/0089/searchData at position 9 of 11 in additional filter chain; firing Filter: 'SessionManagementFilter'
05-23-2017 11:04:36.766,DEBUG,703DA66B6E9225F509703152BB4E23E7,/0089/searchData at position 10 of 11 in additional filter chain; firing Filter: 'ExceptionTranslationFilter'
05-23-2017 11:04:36.766,DEBUG,703DA66B6E9225F509703152BB4E23E7,/0089/searchData at position 11 of 11 in additional filter chain; firing Filter: 'FilterSecurityInterceptor'
05-23-2017 11:04:36.766,DEBUG,703DA66B6E9225F509703152BB4E23E7,Checking match of request : '/0089/searchdata'; against '/autherror*'
05-23-2017 11:04:36.766,DEBUG,703DA66B6E9225F509703152BB4E23E7,Checking match of request : '/0089/searchdata'; against '/login/**'
05-23-2017 11:04:36.766,DEBUG,703DA66B6E9225F509703152BB4E23E7,Checking match of request : '/0089/searchdata'; against '/error/**'
05-23-2017 11:04:36.766,DEBUG,703DA66B6E9225F509703152BB4E23E7,Checking match of request : '/0089/searchdata'; against '/0001/**'
05-23-2017 11:04:36.766,DEBUG,703DA66B6E9225F509703152BB4E23E7,Checking match of request : '/0089/searchdata'; against '/0002/**'
05-23-2017 11:04:36.766,DEBUG,703DA66B6E9225F509703152BB4E23E7,Checking match of request : '/0089/searchdata'; against '/0003/**'
05-23-2017 11:04:36.766,DEBUG,703DA66B6E9225F509703152BB4E23E7,Checking match of request : '/0089/searchdata'; against '/0005/**'
05-23-2017 11:04:36.766,DEBUG,703DA66B6E9225F509703152BB4E23E7,Checking match of request : '/0089/searchdata'; against '/0007/**'
05-23-2017 11:04:36.766,DEBUG,703DA66B6E9225F509703152BB4E23E7,Checking match of request : '/0089/searchdata'; against '/0009/**'
05-23-2017 11:04:36.766,DEBUG,703DA66B6E9225F509703152BB4E23E7,Checking match of request : '/0089/searchdata'; against '/0013/**'
05-23-2017 11:04:36.766,DEBUG,703DA66B6E9225F509703152BB4E23E7,Checking match of request : '/0089/searchdata'; against '/0023/**'
05-23-2017 11:04:36.766,DEBUG,703DA66B6E9225F509703152BB4E23E7,Checking match of request : '/0089/searchdata'; against '/0017/**'
05-23-2017 11:04:36.766,DEBUG,703DA66B6E9225F509703152BB4E23E7,Checking match of request : '/0089/searchdata'; against '/0031/**'
05-23-2017 11:04:36.766,DEBUG,703DA66B6E9225F509703152BB4E23E7,Checking match of request : '/0089/searchdata'; against '/0035/**'
05-23-2017 11:04:36.766,DEBUG,703DA66B6E9225F509703152BB4E23E7,Checking match of request : '/0089/searchdata'; against '/0037/**'
05-23-2017 11:04:36.766,DEBUG,703DA66B6E9225F509703152BB4E23E7,Checking match of request : '/0089/searchdata'; against '/0045/**'
05-23-2017 11:04:36.766,DEBUG,703DA66B6E9225F509703152BB4E23E7,Checking match of request : '/0089/searchdata'; against '/0047/**'
05-23-2017 11:04:36.766,DEBUG,703DA66B6E9225F509703152BB4E23E7,Checking match of request : '/0089/searchdata'; against '/0049/**'
05-23-2017 11:04:36.766,DEBUG,703DA66B6E9225F509703152BB4E23E7,Checking match of request : '/0089/searchdata'; against '/0061/**'
05-23-2017 11:04:36.766,DEBUG,703DA66B6E9225F509703152BB4E23E7,Checking match of request : '/0089/searchdata'; against '/0087/**'
05-23-2017 11:04:36.766,DEBUG,703DA66B6E9225F509703152BB4E23E7,Checking match of request : '/0089/searchdata'; against '/0075/**'
05-23-2017 11:04:36.766,DEBUG,703DA66B6E9225F509703152BB4E23E7,Checking match of request : '/0089/searchdata'; against '/0089/**'
05-23-2017 11:04:36.766,DEBUG,703DA66B6E9225F509703152BB4E23E7,Secure object: FilterInvocation: URL: /0089/searchData; Attributes: [ROLE_ADMIN, ROLE_USER, IS_AUTHENTICATED_FULLY]
05-23-2017 11:04:36.766,DEBUG,703DA66B6E9225F509703152BB4E23E7,Previously Authenticated: org.springframework.security.authentication.UsernamePasswordAuthenticationToken@3b6ee12b: Principal: vn.bananavietnam.ict.common.auth.MyUser@c4907816: Username: U0000000001; Password: [PROTECTED]; Enabled: true; AccountNonExpired: true; credentialsNonExpired: true; AccountNonLocked: true; Granted Authorities: 1; Credentials: [PROTECTED]; Authenticated: true; Details: org.springframework.security.web.authentication.WebAuthenticationDetails@166c8: RemoteIpAddress: 0:0:0:0:0:0:0:1; SessionId: FCA473E06A36754BB0A868E6ECBB03D0; Granted Authorities: 1
05-23-2017 11:04:36.766,DEBUG,703DA66B6E9225F509703152BB4E23E7,Voter: org.springframework.security.access.vote.RoleVoter@1ac872d, returned: -1
05-23-2017 11:04:36.766,DEBUG,703DA66B6E9225F509703152BB4E23E7,Voter: org.springframework.security.access.vote.AuthenticatedVoter@b1927d, returned: 1
05-23-2017 11:04:36.766,DEBUG,703DA66B6E9225F509703152BB4E23E7,Authorization successful
05-23-2017 11:04:36.766,DEBUG,703DA66B6E9225F509703152BB4E23E7,RunAsManager did not change Authentication object
05-23-2017 11:04:36.766,DEBUG,703DA66B6E9225F509703152BB4E23E7,/0089/searchData reached end of additional filter chain; proceeding with original chain
05-23-2017 11:04:36.767,DEBUG,703DA66B6E9225F509703152BB4E23E7,Request [/ict/0089/searchData] is not a multipart request
05-23-2017 11:04:36.767,DEBUG,C68BC48A0452B20C5E63E1669B49BCC3,DispatcherServlet with name 'appServlet' processing POST request for [/ict/0089/searchData]
05-23-2017 11:04:36.767,DEBUG,C68BC48A0452B20C5E63E1669B49BCC3,Looking up handler method for path /0089/searchData
05-23-2017 11:04:36.767,DEBUG,C68BC48A0452B20C5E63E1669B49BCC3,Returning handler method [public java.util.List<vn.bananavietnam.ict.banana.component.Bnn0089SearchTaskResult> vn.bananavietnam.ict.banana.controller.Bnn0089SearchTaskController.searchData(vn.bananavietnam.ict.banana.component.Bnn0089SearchTaskConditions)]
05-23-2017 11:04:36.767,DEBUG,C68BC48A0452B20C5E63E1669B49BCC3,Returning cached instance of singleton bean 'bnn0089SearchTaskController'
05-23-2017 11:04:36.767,DEBUG,C68BC48A0452B20C5E63E1669B49BCC3,Returning cached instance of singleton bean 'xml_path'
05-23-2017 11:04:36.767,DEBUG,C68BC48A0452B20C5E63E1669B49BCC3,Skip CORS processing: request is from same origin
05-23-2017 11:04:36.767,DEBUG,C68BC48A0452B20C5E63E1669B49BCC3,Read [class vn.bananavietnam.ict.banana.component.Bnn0089SearchTaskConditions] as "application/json" with [org.springframework.http.converter.json.MappingJackson2HttpMessageConverter@156f2cc]
05-23-2017 11:04:36.768,INFO ,C68BC48A0452B20C5E63E1669B49BCC3,U0000000001,vn.bananavietnam.ict.banana.service.Bnn0089SearchTaskService,searchData,[vn.bananavietnam.ict.banana.component.Bnn0089SearchTaskConditions@dab62f] METHOD START
05-23-2017 11:04:36.768,DEBUG,C68BC48A0452B20C5E63E1669B49BCC3,Returning cached instance of singleton bean 'transactionManager'
05-23-2017 11:04:36.768,INFO ,C68BC48A0452B20C5E63E1669B49BCC3,U0000000001,Task searching started
05-23-2017 11:04:36.768,DEBUG,C68BC48A0452B20C5E63E1669B49BCC3,Creating a new SqlSession
05-23-2017 11:04:36.768,DEBUG,C68BC48A0452B20C5E63E1669B49BCC3,Registering transaction synchronization for SqlSession [org.apache.ibatis.session.defaults.DefaultSqlSession@e1a910]
05-23-2017 11:04:36.768,DEBUG,C68BC48A0452B20C5E63E1669B49BCC3,Fetching JDBC Connection from DataSource
05-23-2017 11:04:36.768,DEBUG,C68BC48A0452B20C5E63E1669B49BCC3,Creating new JDBC DriverManager Connection to [jdbc:mysql://172.16.0.175:3306/BANANA_DB_HUNG_SELENIUM?useUnicode=yes&characterEncoding=UTF-8&autoReconnect=true]
05-23-2017 11:04:40.774,DEBUG,C68BC48A0452B20C5E63E1669B49BCC3,Releasing transactional SqlSession [org.apache.ibatis.session.defaults.DefaultSqlSession@e1a910]
05-23-2017 11:04:40.783,ERROR,C68BC48A0452B20C5E63E1669B49BCC3,U0000000001,java.lang.Exception: nested exception is org.apache.ibatis.exceptions.PersistenceException: 
05-23-2017 11:04:40.783,DEBUG,C68BC48A0452B20C5E63E1669B49BCC3,Transaction synchronization deregistering SqlSession [org.apache.ibatis.session.defaults.DefaultSqlSession@e1a910]
05-23-2017 11:04:40.783,DEBUG,C68BC48A0452B20C5E63E1669B49BCC3,Transaction synchronization closing SqlSession [org.apache.ibatis.session.defaults.DefaultSqlSession@e1a910]
05-23-2017 11:04:40.783,DEBUG,C68BC48A0452B20C5E63E1669B49BCC3,Should roll back transaction but cannot - no transaction available
05-23-2017 11:04:40.784,INFO ,C68BC48A0452B20C5E63E1669B49BCC3,U0000000001,vn.bananavietnam.ict.banana.service.Bnn0089SearchTaskService,searchData,[vn.bananavietnam.ict.banana.component.Bnn0089SearchTaskConditions@dab62f] METHOD END
05-23-2017 11:04:40.785,DEBUG,C68BC48A0452B20C5E63E1669B49BCC3,Null ModelAndView returned to DispatcherServlet with name 'appServlet': assuming HandlerAdapter completed request handling
05-23-2017 11:04:40.785,DEBUG,C68BC48A0452B20C5E63E1669B49BCC3,Successfully completed request
05-23-2017 11:04:40.785,DEBUG,C68BC48A0452B20C5E63E1669B49BCC3,Chain processed normally
05-23-2017 11:04:40.785,DEBUG,C68BC48A0452B20C5E63E1669B49BCC3,SecurityContextHolder now cleared, as request processing completed
05-23-2017 11:05:00.966,DEBUG,C68BC48A0452B20C5E63E1669B49BCC3,/0089/searchData at position 1 of 11 in additional filter chain; firing Filter: 'SecurityContextPersistenceFilter'
05-23-2017 11:05:00.966,DEBUG,C68BC48A0452B20C5E63E1669B49BCC3,Obtained a valid SecurityContext from SPRING_SECURITY_CONTEXT: 'org.springframework.security.core.context.SecurityContextImpl@3b6ee12b: Authentication: org.springframework.security.authentication.UsernamePasswordAuthenticationToken@3b6ee12b: Principal: vn.bananavietnam.ict.common.auth.MyUser@c4907816: Username: U0000000001; Password: [PROTECTED]; Enabled: true; AccountNonExpired: true; credentialsNonExpired: true; AccountNonLocked: true; Granted Authorities: 1; Credentials: [PROTECTED]; Authenticated: true; Details: org.springframework.security.web.authentication.WebAuthenticationDetails@166c8: RemoteIpAddress: 0:0:0:0:0:0:0:1; SessionId: FCA473E06A36754BB0A868E6ECBB03D0; Granted Authorities: 1'
05-23-2017 11:05:00.966,DEBUG,C68BC48A0452B20C5E63E1669B49BCC3,/0089/searchData at position 2 of 11 in additional filter chain; firing Filter: 'WebAsyncManagerIntegrationFilter'
05-23-2017 11:05:00.966,DEBUG,C68BC48A0452B20C5E63E1669B49BCC3,/0089/searchData at position 3 of 11 in additional filter chain; firing Filter: 'LogoutFilter'
05-23-2017 11:05:00.966,DEBUG,C68BC48A0452B20C5E63E1669B49BCC3,/0089/searchData at position 4 of 11 in additional filter chain; firing Filter: 'UsernamePasswordAuthenticationFilter'
05-23-2017 11:05:00.966,DEBUG,C68BC48A0452B20C5E63E1669B49BCC3,/0089/searchData at position 5 of 11 in additional filter chain; firing Filter: 'BasicAuthenticationFilter'
05-23-2017 11:05:00.966,DEBUG,C68BC48A0452B20C5E63E1669B49BCC3,/0089/searchData at position 6 of 11 in additional filter chain; firing Filter: 'RequestCacheAwareFilter'
05-23-2017 11:05:00.967,DEBUG,C68BC48A0452B20C5E63E1669B49BCC3,/0089/searchData at position 7 of 11 in additional filter chain; firing Filter: 'SecurityContextHolderAwareRequestFilter'
05-23-2017 11:05:00.967,DEBUG,C68BC48A0452B20C5E63E1669B49BCC3,/0089/searchData at position 8 of 11 in additional filter chain; firing Filter: 'AnonymousAuthenticationFilter'
05-23-2017 11:05:00.967,DEBUG,C68BC48A0452B20C5E63E1669B49BCC3,SecurityContextHolder not populated with anonymous token, as it already contained: 'org.springframework.security.authentication.UsernamePasswordAuthenticationToken@3b6ee12b: Principal: vn.bananavietnam.ict.common.auth.MyUser@c4907816: Username: U0000000001; Password: [PROTECTED]; Enabled: true; AccountNonExpired: true; credentialsNonExpired: true; AccountNonLocked: true; Granted Authorities: 1; Credentials: [PROTECTED]; Authenticated: true; Details: org.springframework.security.web.authentication.WebAuthenticationDetails@166c8: RemoteIpAddress: 0:0:0:0:0:0:0:1; SessionId: FCA473E06A36754BB0A868E6ECBB03D0; Granted Authorities: 1'
05-23-2017 11:05:00.967,DEBUG,C68BC48A0452B20C5E63E1669B49BCC3,/0089/searchData at position 9 of 11 in additional filter chain; firing Filter: 'SessionManagementFilter'
05-23-2017 11:05:00.967,DEBUG,C68BC48A0452B20C5E63E1669B49BCC3,/0089/searchData at position 10 of 11 in additional filter chain; firing Filter: 'ExceptionTranslationFilter'
05-23-2017 11:05:00.967,DEBUG,C68BC48A0452B20C5E63E1669B49BCC3,/0089/searchData at position 11 of 11 in additional filter chain; firing Filter: 'FilterSecurityInterceptor'
05-23-2017 11:05:00.967,DEBUG,C68BC48A0452B20C5E63E1669B49BCC3,Checking match of request : '/0089/searchdata'; against '/autherror*'
05-23-2017 11:05:00.967,DEBUG,C68BC48A0452B20C5E63E1669B49BCC3,Checking match of request : '/0089/searchdata'; against '/login/**'
05-23-2017 11:05:00.967,DEBUG,C68BC48A0452B20C5E63E1669B49BCC3,Checking match of request : '/0089/searchdata'; against '/error/**'
05-23-2017 11:05:00.967,DEBUG,C68BC48A0452B20C5E63E1669B49BCC3,Checking match of request : '/0089/searchdata'; against '/0001/**'
05-23-2017 11:05:00.967,DEBUG,C68BC48A0452B20C5E63E1669B49BCC3,Checking match of request : '/0089/searchdata'; against '/0002/**'
05-23-2017 11:05:00.967,DEBUG,C68BC48A0452B20C5E63E1669B49BCC3,Checking match of request : '/0089/searchdata'; against '/0003/**'
05-23-2017 11:05:00.967,DEBUG,C68BC48A0452B20C5E63E1669B49BCC3,Checking match of request : '/0089/searchdata'; against '/0005/**'
05-23-2017 11:05:00.967,DEBUG,C68BC48A0452B20C5E63E1669B49BCC3,Checking match of request : '/0089/searchdata'; against '/0007/**'
05-23-2017 11:05:00.968,DEBUG,C68BC48A0452B20C5E63E1669B49BCC3,Checking match of request : '/0089/searchdata'; against '/0009/**'
05-23-2017 11:05:00.968,DEBUG,C68BC48A0452B20C5E63E1669B49BCC3,Checking match of request : '/0089/searchdata'; against '/0013/**'
05-23-2017 11:05:00.968,DEBUG,C68BC48A0452B20C5E63E1669B49BCC3,Checking match of request : '/0089/searchdata'; against '/0023/**'
05-23-2017 11:05:00.968,DEBUG,C68BC48A0452B20C5E63E1669B49BCC3,Checking match of request : '/0089/searchdata'; against '/0017/**'
05-23-2017 11:05:00.968,DEBUG,C68BC48A0452B20C5E63E1669B49BCC3,Checking match of request : '/0089/searchdata'; against '/0031/**'
05-23-2017 11:05:00.968,DEBUG,C68BC48A0452B20C5E63E1669B49BCC3,Checking match of request : '/0089/searchdata'; against '/0035/**'
05-23-2017 11:05:00.968,DEBUG,C68BC48A0452B20C5E63E1669B49BCC3,Checking match of request : '/0089/searchdata'; against '/0037/**'
05-23-2017 11:05:00.968,DEBUG,C68BC48A0452B20C5E63E1669B49BCC3,Checking match of request : '/0089/searchdata'; against '/0045/**'
05-23-2017 11:05:00.968,DEBUG,C68BC48A0452B20C5E63E1669B49BCC3,Checking match of request : '/0089/searchdata'; against '/0047/**'
05-23-2017 11:05:00.968,DEBUG,C68BC48A0452B20C5E63E1669B49BCC3,Checking match of request : '/0089/searchdata'; against '/0049/**'
05-23-2017 11:05:00.968,DEBUG,C68BC48A0452B20C5E63E1669B49BCC3,Checking match of request : '/0089/searchdata'; against '/0061/**'
05-23-2017 11:05:00.968,DEBUG,C68BC48A0452B20C5E63E1669B49BCC3,Checking match of request : '/0089/searchdata'; against '/0087/**'
05-23-2017 11:05:00.968,DEBUG,C68BC48A0452B20C5E63E1669B49BCC3,Checking match of request : '/0089/searchdata'; against '/0075/**'
05-23-2017 11:05:00.968,DEBUG,C68BC48A0452B20C5E63E1669B49BCC3,Checking match of request : '/0089/searchdata'; against '/0089/**'
05-23-2017 11:05:00.968,DEBUG,C68BC48A0452B20C5E63E1669B49BCC3,Secure object: FilterInvocation: URL: /0089/searchData; Attributes: [ROLE_ADMIN, ROLE_USER, IS_AUTHENTICATED_FULLY]
05-23-2017 11:05:00.968,DEBUG,C68BC48A0452B20C5E63E1669B49BCC3,Previously Authenticated: org.springframework.security.authentication.UsernamePasswordAuthenticationToken@3b6ee12b: Principal: vn.bananavietnam.ict.common.auth.MyUser@c4907816: Username: U0000000001; Password: [PROTECTED]; Enabled: true; AccountNonExpired: true; credentialsNonExpired: true; AccountNonLocked: true; Granted Authorities: 1; Credentials: [PROTECTED]; Authenticated: true; Details: org.springframework.security.web.authentication.WebAuthenticationDetails@166c8: RemoteIpAddress: 0:0:0:0:0:0:0:1; SessionId: FCA473E06A36754BB0A868E6ECBB03D0; Granted Authorities: 1
05-23-2017 11:05:00.968,DEBUG,C68BC48A0452B20C5E63E1669B49BCC3,Voter: org.springframework.security.access.vote.RoleVoter@1ac872d, returned: -1
05-23-2017 11:05:00.969,DEBUG,C68BC48A0452B20C5E63E1669B49BCC3,Voter: org.springframework.security.access.vote.AuthenticatedVoter@b1927d, returned: 1
05-23-2017 11:05:00.969,DEBUG,C68BC48A0452B20C5E63E1669B49BCC3,Authorization successful
05-23-2017 11:05:00.969,DEBUG,C68BC48A0452B20C5E63E1669B49BCC3,RunAsManager did not change Authentication object
05-23-2017 11:05:00.969,DEBUG,C68BC48A0452B20C5E63E1669B49BCC3,/0089/searchData reached end of additional filter chain; proceeding with original chain
05-23-2017 11:05:00.969,DEBUG,C68BC48A0452B20C5E63E1669B49BCC3,Request [/ict/0089/searchData] is not a multipart request
05-23-2017 11:05:00.969,DEBUG,C68BC48A0452B20C5E63E1669B49BCC3,DispatcherServlet with name 'appServlet' processing POST request for [/ict/0089/searchData]
05-23-2017 11:05:00.969,DEBUG,C68BC48A0452B20C5E63E1669B49BCC3,Looking up handler method for path /0089/searchData
05-23-2017 11:05:00.969,DEBUG,C68BC48A0452B20C5E63E1669B49BCC3,Returning handler method [public java.util.List<vn.bananavietnam.ict.banana.component.Bnn0089SearchTaskResult> vn.bananavietnam.ict.banana.controller.Bnn0089SearchTaskController.searchData(vn.bananavietnam.ict.banana.component.Bnn0089SearchTaskConditions)]
05-23-2017 11:05:00.970,DEBUG,C68BC48A0452B20C5E63E1669B49BCC3,Returning cached instance of singleton bean 'bnn0089SearchTaskController'
05-23-2017 11:05:00.970,DEBUG,C68BC48A0452B20C5E63E1669B49BCC3,Returning cached instance of singleton bean 'xml_path'
05-23-2017 11:05:00.971,DEBUG,C68BC48A0452B20C5E63E1669B49BCC3,Skip CORS processing: request is from same origin
05-23-2017 11:05:00.972,DEBUG,C68BC48A0452B20C5E63E1669B49BCC3,Read [class vn.bananavietnam.ict.banana.component.Bnn0089SearchTaskConditions] as "application/json" with [org.springframework.http.converter.json.MappingJackson2HttpMessageConverter@156f2cc]
05-23-2017 11:05:00.973,INFO ,C68BC48A0452B20C5E63E1669B49BCC3,U0000000001,vn.bananavietnam.ict.banana.service.Bnn0089SearchTaskService,searchData,[vn.bananavietnam.ict.banana.component.Bnn0089SearchTaskConditions@13eb28b] METHOD START
05-23-2017 11:05:00.973,DEBUG,C68BC48A0452B20C5E63E1669B49BCC3,Returning cached instance of singleton bean 'transactionManager'
05-23-2017 11:05:00.973,INFO ,C68BC48A0452B20C5E63E1669B49BCC3,U0000000001,Task searching started
05-23-2017 11:05:00.973,DEBUG,C68BC48A0452B20C5E63E1669B49BCC3,Creating a new SqlSession
05-23-2017 11:05:00.973,DEBUG,C68BC48A0452B20C5E63E1669B49BCC3,Registering transaction synchronization for SqlSession [org.apache.ibatis.session.defaults.DefaultSqlSession@131ccd]
05-23-2017 11:05:00.974,DEBUG,C68BC48A0452B20C5E63E1669B49BCC3,Fetching JDBC Connection from DataSource
05-23-2017 11:05:00.974,DEBUG,C68BC48A0452B20C5E63E1669B49BCC3,Creating new JDBC DriverManager Connection to [jdbc:mysql://172.16.0.175:3306/BANANA_DB_HUNG_SELENIUM?useUnicode=yes&characterEncoding=UTF-8&autoReconnect=true]
05-23-2017 11:05:00.996,DEBUG,C68BC48A0452B20C5E63E1669B49BCC3,Registering transaction synchronization for JDBC Connection
05-23-2017 11:05:00.996,DEBUG,C68BC48A0452B20C5E63E1669B49BCC3,JDBC Connection [com.mysql.jdbc.JDBC4Connection@1638ed4] will be managed by Spring
05-23-2017 11:05:00.996,DEBUG,C68BC48A0452B20C5E63E1669B49BCC3,==>  Preparing: SELECT T.TASK_ID taskId, T.TASK_NAME taskName, T.WORKING_DETAILS workingDetails, T.NOTE note, T.QUARANTINE_HANDLING_FLAG quarantineHandlingFlag, T.DELETE_FLAG deleteFlag, T.CHANGE_POINT_CODE changePointCode, T.LAST_UPDATE_DATE lastUpdateDate FROM IVB_M_TASK T WHERE 1 = 1 AND T.DELETE_FLAG = '0' ORDER BY T.TASK_NAME LIMIT ?,? 
05-23-2017 11:05:00.997,DEBUG,C68BC48A0452B20C5E63E1669B49BCC3,==> Parameters: 0(Integer), 20(Integer)
05-23-2017 11:05:01.001,DEBUG,C68BC48A0452B20C5E63E1669B49BCC3,<==      Total: 20
05-23-2017 11:05:01.002,DEBUG,C68BC48A0452B20C5E63E1669B49BCC3,Releasing transactional SqlSession [org.apache.ibatis.session.defaults.DefaultSqlSession@131ccd]
05-23-2017 11:05:01.002,INFO ,C68BC48A0452B20C5E63E1669B49BCC3,U0000000001,SQL execution finished
05-23-2017 11:05:01.002,DEBUG,C68BC48A0452B20C5E63E1669B49BCC3,Fetched SqlSession [org.apache.ibatis.session.defaults.DefaultSqlSession@131ccd] from current transaction
05-23-2017 11:05:01.002,DEBUG,C68BC48A0452B20C5E63E1669B49BCC3,==>  Preparing: SELECT COUNT(*) FROM IVB_M_TASK T WHERE 1 = 1 AND T.DELETE_FLAG = '0' ORDER BY T.TASK_ID 
05-23-2017 11:05:01.002,DEBUG,C68BC48A0452B20C5E63E1669B49BCC3,==> Parameters: 
05-23-2017 11:05:01.004,DEBUG,C68BC48A0452B20C5E63E1669B49BCC3,<==      Total: 1
05-23-2017 11:05:01.004,DEBUG,C68BC48A0452B20C5E63E1669B49BCC3,Releasing transactional SqlSession [org.apache.ibatis.session.defaults.DefaultSqlSession@131ccd]
05-23-2017 11:05:01.004,INFO ,C68BC48A0452B20C5E63E1669B49BCC3,U0000000001,Task searching finished ==> 43 item(s)
05-23-2017 11:05:01.005,DEBUG,C68BC48A0452B20C5E63E1669B49BCC3,Transaction synchronization deregistering SqlSession [org.apache.ibatis.session.defaults.DefaultSqlSession@131ccd]
05-23-2017 11:05:01.005,DEBUG,C68BC48A0452B20C5E63E1669B49BCC3,Transaction synchronization closing SqlSession [org.apache.ibatis.session.defaults.DefaultSqlSession@131ccd]
05-23-2017 11:05:01.005,DEBUG,C68BC48A0452B20C5E63E1669B49BCC3,Returning JDBC Connection to DataSource
05-23-2017 11:05:01.005,INFO ,C68BC48A0452B20C5E63E1669B49BCC3,U0000000001,vn.bananavietnam.ict.banana.service.Bnn0089SearchTaskService,searchData,[vn.bananavietnam.ict.banana.component.Bnn0089SearchTaskConditions@13eb28b] METHOD END
05-23-2017 11:05:01.008,DEBUG,C68BC48A0452B20C5E63E1669B49BCC3,Written [[vn.bananavietnam.ict.banana.component.Bnn0089SearchTaskResult@9ca66a, vn.bananavietnam.ict.banana.component.Bnn0089SearchTaskResult@13fe732, vn.bananavietnam.ict.banana.component.Bnn0089SearchTaskResult@1c52d41, vn.bananavietnam.ict.banana.component.Bnn0089SearchTaskResult@1f6ea0b, vn.bananavietnam.ict.banana.component.Bnn0089SearchTaskResult@ccada9, vn.bananavietnam.ict.banana.component.Bnn0089SearchTaskResult@4ad075, vn.bananavietnam.ict.banana.component.Bnn0089SearchTaskResult@ad4698, vn.bananavietnam.ict.banana.component.Bnn0089SearchTaskResult@4d47b4, vn.bananavietnam.ict.banana.component.Bnn0089SearchTaskResult@1ed1eb1, vn.bananavietnam.ict.banana.component.Bnn0089SearchTaskResult@196b2c1, vn.bananavietnam.ict.banana.component.Bnn0089SearchTaskResult@1c9a6ed, vn.bananavietnam.ict.banana.component.Bnn0089SearchTaskResult@1392247, vn.bananavietnam.ict.banana.component.Bnn0089SearchTaskResult@a2af87, vn.bananavietnam.ict.banana.component.Bnn0089SearchTaskResult@4e0668, vn.bananavietnam.ict.banana.component.Bnn0089SearchTaskResult@623842, vn.bananavietnam.ict.banana.component.Bnn0089SearchTaskResult@9f1d53, vn.bananavietnam.ict.banana.component.Bnn0089SearchTaskResult@1c85ad0, vn.bananavietnam.ict.banana.component.Bnn0089SearchTaskResult@1b57e47, vn.bananavietnam.ict.banana.component.Bnn0089SearchTaskResult@a6e99b, vn.bananavietnam.ict.banana.component.Bnn0089SearchTaskResult@5f1099]] as "application/json;charset=UTF-8" using [org.springframework.http.converter.json.MappingJackson2HttpMessageConverter@156f2cc]
05-23-2017 11:05:01.008,DEBUG,C68BC48A0452B20C5E63E1669B49BCC3,Null ModelAndView returned to DispatcherServlet with name 'appServlet': assuming HandlerAdapter completed request handling
05-23-2017 11:05:01.008,DEBUG,C68BC48A0452B20C5E63E1669B49BCC3,Successfully completed request
05-23-2017 11:05:01.008,DEBUG,C68BC48A0452B20C5E63E1669B49BCC3,Chain processed normally
05-23-2017 11:05:01.009,DEBUG,C68BC48A0452B20C5E63E1669B49BCC3,SecurityContextHolder now cleared, as request processing completed
