05-23-2017 09:42:15.504,DEBUG,3EB9072B76EC518C7BAA9549B5F44C09,/0089/insertData at position 1 of 11 in additional filter chain; firing Filter: 'SecurityContextPersistenceFilter'
05-23-2017 09:42:15.505,DEBUG,3EB9072B76EC518C7BAA9549B5F44C09,No HttpSession currently exists
05-23-2017 09:42:15.505,DEBUG,3EB9072B76EC518C7BAA9549B5F44C09,No SecurityContext was available from the HttpSession: null. A new one will be created.
05-23-2017 09:42:15.505,DEBUG,3EB9072B76EC518C7BAA9549B5F44C09,/0089/insertData at position 2 of 11 in additional filter chain; firing Filter: 'WebAsyncManagerIntegrationFilter'
05-23-2017 09:42:15.505,DEBUG,3EB9072B76EC518C7BAA9549B5F44C09,/0089/insertData at position 3 of 11 in additional filter chain; firing Filter: 'LogoutFilter'
05-23-2017 09:42:15.505,DEBUG,3EB9072B76EC518C7BAA9549B5F44C09,/0089/insertData at position 4 of 11 in additional filter chain; firing Filter: 'UsernamePasswordAuthenticationFilter'
05-23-2017 09:42:15.505,DEBUG,3EB9072B76EC518C7BAA9549B5F44C09,/0089/insertData at position 5 of 11 in additional filter chain; firing Filter: 'BasicAuthenticationFilter'
05-23-2017 09:42:15.505,DEBUG,3EB9072B76EC518C7BAA9549B5F44C09,/0089/insertData at position 6 of 11 in additional filter chain; firing Filter: 'RequestCacheAwareFilter'
05-23-2017 09:42:15.505,DEBUG,3EB9072B76EC518C7BAA9549B5F44C09,/0089/insertData at position 7 of 11 in additional filter chain; firing Filter: 'SecurityContextHolderAwareRequestFilter'
05-23-2017 09:42:15.505,DEBUG,3EB9072B76EC518C7BAA9549B5F44C09,/0089/insertData at position 8 of 11 in additional filter chain; firing Filter: 'AnonymousAuthenticationFilter'
05-23-2017 09:42:15.505,DEBUG,3EB9072B76EC518C7BAA9549B5F44C09,Populated SecurityContextHolder with anonymous token: 'org.springframework.security.authentication.AnonymousAuthenticationToken@9055c2bc: Principal: anonymousUser; Credentials: [PROTECTED]; Authenticated: true; Details: org.springframework.security.web.authentication.WebAuthenticationDetails@b364: RemoteIpAddress: 0:0:0:0:0:0:0:1; SessionId: null; Granted Authorities: ROLE_ANONYMOUS'
05-23-2017 09:42:15.505,DEBUG,3EB9072B76EC518C7BAA9549B5F44C09,/0089/insertData at position 9 of 11 in additional filter chain; firing Filter: 'SessionManagementFilter'
05-23-2017 09:42:15.505,DEBUG,3EB9072B76EC518C7BAA9549B5F44C09,Requested session ID 9EC12D13C75BCD76B3D5E04FD1891654 is invalid.
05-23-2017 09:42:15.505,DEBUG,3EB9072B76EC518C7BAA9549B5F44C09,/0089/insertData at position 10 of 11 in additional filter chain; firing Filter: 'ExceptionTranslationFilter'
05-23-2017 09:42:15.505,DEBUG,3EB9072B76EC518C7BAA9549B5F44C09,/0089/insertData at position 11 of 11 in additional filter chain; firing Filter: 'FilterSecurityInterceptor'
05-23-2017 09:42:15.505,DEBUG,3EB9072B76EC518C7BAA9549B5F44C09,Checking match of request : '/0089/insertdata'; against '/autherror*'
05-23-2017 09:42:15.505,DEBUG,3EB9072B76EC518C7BAA9549B5F44C09,Checking match of request : '/0089/insertdata'; against '/login/**'
05-23-2017 09:42:15.505,DEBUG,3EB9072B76EC518C7BAA9549B5F44C09,Checking match of request : '/0089/insertdata'; against '/error/**'
05-23-2017 09:42:15.505,DEBUG,3EB9072B76EC518C7BAA9549B5F44C09,Checking match of request : '/0089/insertdata'; against '/0001/**'
05-23-2017 09:42:15.505,DEBUG,3EB9072B76EC518C7BAA9549B5F44C09,Checking match of request : '/0089/insertdata'; against '/0002/**'
05-23-2017 09:42:15.505,DEBUG,3EB9072B76EC518C7BAA9549B5F44C09,Checking match of request : '/0089/insertdata'; against '/0003/**'
05-23-2017 09:42:15.505,DEBUG,3EB9072B76EC518C7BAA9549B5F44C09,Checking match of request : '/0089/insertdata'; against '/0005/**'
05-23-2017 09:42:15.505,DEBUG,3EB9072B76EC518C7BAA9549B5F44C09,Checking match of request : '/0089/insertdata'; against '/0007/**'
05-23-2017 09:42:15.505,DEBUG,3EB9072B76EC518C7BAA9549B5F44C09,Checking match of request : '/0089/insertdata'; against '/0009/**'
05-23-2017 09:42:15.505,DEBUG,3EB9072B76EC518C7BAA9549B5F44C09,Checking match of request : '/0089/insertdata'; against '/0013/**'
05-23-2017 09:42:15.505,DEBUG,3EB9072B76EC518C7BAA9549B5F44C09,Checking match of request : '/0089/insertdata'; against '/0023/**'
05-23-2017 09:42:15.505,DEBUG,3EB9072B76EC518C7BAA9549B5F44C09,Checking match of request : '/0089/insertdata'; against '/0017/**'
05-23-2017 09:42:15.505,DEBUG,3EB9072B76EC518C7BAA9549B5F44C09,Checking match of request : '/0089/insertdata'; against '/0031/**'
05-23-2017 09:42:15.505,DEBUG,3EB9072B76EC518C7BAA9549B5F44C09,Checking match of request : '/0089/insertdata'; against '/0035/**'
05-23-2017 09:42:15.505,DEBUG,3EB9072B76EC518C7BAA9549B5F44C09,Checking match of request : '/0089/insertdata'; against '/0037/**'
05-23-2017 09:42:15.505,DEBUG,3EB9072B76EC518C7BAA9549B5F44C09,Checking match of request : '/0089/insertdata'; against '/0045/**'
05-23-2017 09:42:15.505,DEBUG,3EB9072B76EC518C7BAA9549B5F44C09,Checking match of request : '/0089/insertdata'; against '/0047/**'
05-23-2017 09:42:15.505,DEBUG,3EB9072B76EC518C7BAA9549B5F44C09,Checking match of request : '/0089/insertdata'; against '/0049/**'
05-23-2017 09:42:15.505,DEBUG,3EB9072B76EC518C7BAA9549B5F44C09,Checking match of request : '/0089/insertdata'; against '/0061/**'
05-23-2017 09:42:15.505,DEBUG,3EB9072B76EC518C7BAA9549B5F44C09,Checking match of request : '/0089/insertdata'; against '/0087/**'
05-23-2017 09:42:15.505,DEBUG,3EB9072B76EC518C7BAA9549B5F44C09,Checking match of request : '/0089/insertdata'; against '/0075/**'
05-23-2017 09:42:15.505,DEBUG,3EB9072B76EC518C7BAA9549B5F44C09,Checking match of request : '/0089/insertdata'; against '/0089/**'
05-23-2017 09:42:15.505,DEBUG,3EB9072B76EC518C7BAA9549B5F44C09,Secure object: FilterInvocation: URL: /0089/insertData; Attributes: [ROLE_ADMIN, ROLE_USER, IS_AUTHENTICATED_FULLY]
05-23-2017 09:42:15.505,DEBUG,3EB9072B76EC518C7BAA9549B5F44C09,Previously Authenticated: org.springframework.security.authentication.AnonymousAuthenticationToken@9055c2bc: Principal: anonymousUser; Credentials: [PROTECTED]; Authenticated: true; Details: org.springframework.security.web.authentication.WebAuthenticationDetails@b364: RemoteIpAddress: 0:0:0:0:0:0:0:1; SessionId: null; Granted Authorities: ROLE_ANONYMOUS
05-23-2017 09:42:15.505,DEBUG,3EB9072B76EC518C7BAA9549B5F44C09,Voter: org.springframework.security.access.vote.RoleVoter@1ac872d, returned: -1
05-23-2017 09:42:15.505,DEBUG,3EB9072B76EC518C7BAA9549B5F44C09,Voter: org.springframework.security.access.vote.AuthenticatedVoter@b1927d, returned: -1
05-23-2017 09:42:15.505,DEBUG,3EB9072B76EC518C7BAA9549B5F44C09,Access is denied (user is anonymous); redirecting to authentication entry point
05-23-2017 09:42:15.506,DEBUG,3EB9072B76EC518C7BAA9549B5F44C09,DefaultSavedRequest added to Session: DefaultSavedRequest[http://localhost:8080/ict/0089/insertData]
05-23-2017 09:42:15.506,DEBUG,3EB9072B76EC518C7BAA9549B5F44C09,Calling Authentication entry point.
05-23-2017 09:42:15.506,DEBUG,3EB9072B76EC518C7BAA9549B5F44C09,Redirecting to 'http://localhost:8080/ict/'
05-23-2017 09:42:15.506,DEBUG,3EB9072B76EC518C7BAA9549B5F44C09,SecurityContext is empty or contents are anonymous - context will not be stored in HttpSession.
05-23-2017 09:42:15.506,DEBUG,3EB9072B76EC518C7BAA9549B5F44C09,SecurityContextHolder now cleared, as request processing completed
05-23-2017 09:42:15.509,DEBUG,3EB9072B76EC518C7BAA9549B5F44C09,/ at position 1 of 11 in additional filter chain; firing Filter: 'SecurityContextPersistenceFilter'
05-23-2017 09:42:15.509,DEBUG,3EB9072B76EC518C7BAA9549B5F44C09,HttpSession returned null object for SPRING_SECURITY_CONTEXT
05-23-2017 09:42:15.509,DEBUG,3EB9072B76EC518C7BAA9549B5F44C09,No SecurityContext was available from the HttpSession: org.apache.catalina.session.StandardSessionFacade@3ac717. A new one will be created.
05-23-2017 09:42:15.509,DEBUG,3EB9072B76EC518C7BAA9549B5F44C09,/ at position 2 of 11 in additional filter chain; firing Filter: 'WebAsyncManagerIntegrationFilter'
05-23-2017 09:42:15.509,DEBUG,3EB9072B76EC518C7BAA9549B5F44C09,/ at position 3 of 11 in additional filter chain; firing Filter: 'LogoutFilter'
05-23-2017 09:42:15.509,DEBUG,3EB9072B76EC518C7BAA9549B5F44C09,/ at position 4 of 11 in additional filter chain; firing Filter: 'UsernamePasswordAuthenticationFilter'
05-23-2017 09:42:15.509,DEBUG,3EB9072B76EC518C7BAA9549B5F44C09,/ at position 5 of 11 in additional filter chain; firing Filter: 'BasicAuthenticationFilter'
05-23-2017 09:42:15.509,DEBUG,3EB9072B76EC518C7BAA9549B5F44C09,/ at position 6 of 11 in additional filter chain; firing Filter: 'RequestCacheAwareFilter'
05-23-2017 09:42:15.509,DEBUG,3EB9072B76EC518C7BAA9549B5F44C09,pathInfo: both null (property equals)
05-23-2017 09:42:15.509,DEBUG,3EB9072B76EC518C7BAA9549B5F44C09,queryString: both null (property equals)
05-23-2017 09:42:15.509,DEBUG,3EB9072B76EC518C7BAA9549B5F44C09,requestURI: arg1=/ict/0089/insertData; arg2=/ict/ (property not equals)
05-23-2017 09:42:15.509,DEBUG,3EB9072B76EC518C7BAA9549B5F44C09,saved request doesn't match
05-23-2017 09:42:15.509,DEBUG,3EB9072B76EC518C7BAA9549B5F44C09,/ at position 7 of 11 in additional filter chain; firing Filter: 'SecurityContextHolderAwareRequestFilter'
05-23-2017 09:42:15.509,DEBUG,3EB9072B76EC518C7BAA9549B5F44C09,/ at position 8 of 11 in additional filter chain; firing Filter: 'AnonymousAuthenticationFilter'
05-23-2017 09:42:15.509,DEBUG,3EB9072B76EC518C7BAA9549B5F44C09,Populated SecurityContextHolder with anonymous token: 'org.springframework.security.authentication.AnonymousAuthenticationToken@6fa90ed4: Principal: anonymousUser; Credentials: [PROTECTED]; Authenticated: true; Details: org.springframework.security.web.authentication.WebAuthenticationDetails@fffc7f0c: RemoteIpAddress: 0:0:0:0:0:0:0:1; SessionId: FD596195085BF18EB94909823CAD86FB; Granted Authorities: ROLE_ANONYMOUS'
05-23-2017 09:42:15.509,DEBUG,3EB9072B76EC518C7BAA9549B5F44C09,/ at position 9 of 11 in additional filter chain; firing Filter: 'SessionManagementFilter'
05-23-2017 09:42:15.510,DEBUG,3EB9072B76EC518C7BAA9549B5F44C09,/ at position 10 of 11 in additional filter chain; firing Filter: 'ExceptionTranslationFilter'
05-23-2017 09:42:15.510,DEBUG,3EB9072B76EC518C7BAA9549B5F44C09,/ at position 11 of 11 in additional filter chain; firing Filter: 'FilterSecurityInterceptor'
05-23-2017 09:42:15.510,DEBUG,3EB9072B76EC518C7BAA9549B5F44C09,Checking match of request : '/'; against '/autherror*'
05-23-2017 09:42:15.510,DEBUG,3EB9072B76EC518C7BAA9549B5F44C09,Checking match of request : '/'; against '/login/**'
05-23-2017 09:42:15.510,DEBUG,3EB9072B76EC518C7BAA9549B5F44C09,Checking match of request : '/'; against '/error/**'
05-23-2017 09:42:15.510,DEBUG,3EB9072B76EC518C7BAA9549B5F44C09,Checking match of request : '/'; against '/0001/**'
05-23-2017 09:42:15.510,DEBUG,3EB9072B76EC518C7BAA9549B5F44C09,Checking match of request : '/'; against '/0002/**'
05-23-2017 09:42:15.510,DEBUG,3EB9072B76EC518C7BAA9549B5F44C09,Checking match of request : '/'; against '/0003/**'
05-23-2017 09:42:15.510,DEBUG,3EB9072B76EC518C7BAA9549B5F44C09,Checking match of request : '/'; against '/0005/**'
05-23-2017 09:42:15.510,DEBUG,3EB9072B76EC518C7BAA9549B5F44C09,Checking match of request : '/'; against '/0007/**'
05-23-2017 09:42:15.510,DEBUG,3EB9072B76EC518C7BAA9549B5F44C09,Checking match of request : '/'; against '/0009/**'
05-23-2017 09:42:15.510,DEBUG,3EB9072B76EC518C7BAA9549B5F44C09,Checking match of request : '/'; against '/0013/**'
05-23-2017 09:42:15.510,DEBUG,3EB9072B76EC518C7BAA9549B5F44C09,Checking match of request : '/'; against '/0023/**'
05-23-2017 09:42:15.510,DEBUG,3EB9072B76EC518C7BAA9549B5F44C09,Checking match of request : '/'; against '/0017/**'
05-23-2017 09:42:15.510,DEBUG,3EB9072B76EC518C7BAA9549B5F44C09,Checking match of request : '/'; against '/0031/**'
05-23-2017 09:42:15.510,DEBUG,3EB9072B76EC518C7BAA9549B5F44C09,Checking match of request : '/'; against '/0035/**'
05-23-2017 09:42:15.510,DEBUG,3EB9072B76EC518C7BAA9549B5F44C09,Checking match of request : '/'; against '/0037/**'
05-23-2017 09:42:15.510,DEBUG,3EB9072B76EC518C7BAA9549B5F44C09,Checking match of request : '/'; against '/0045/**'
05-23-2017 09:42:15.510,DEBUG,3EB9072B76EC518C7BAA9549B5F44C09,Checking match of request : '/'; against '/0047/**'
05-23-2017 09:42:15.510,DEBUG,3EB9072B76EC518C7BAA9549B5F44C09,Checking match of request : '/'; against '/0049/**'
05-23-2017 09:42:15.510,DEBUG,3EB9072B76EC518C7BAA9549B5F44C09,Checking match of request : '/'; against '/0061/**'
05-23-2017 09:42:15.510,DEBUG,3EB9072B76EC518C7BAA9549B5F44C09,Checking match of request : '/'; against '/0087/**'
05-23-2017 09:42:15.510,DEBUG,3EB9072B76EC518C7BAA9549B5F44C09,Checking match of request : '/'; against '/0075/**'
05-23-2017 09:42:15.510,DEBUG,3EB9072B76EC518C7BAA9549B5F44C09,Checking match of request : '/'; against '/0089/**'
05-23-2017 09:42:15.510,DEBUG,3EB9072B76EC518C7BAA9549B5F44C09,Checking match of request : '/'; against '/0090/**'
05-23-2017 09:42:15.510,DEBUG,3EB9072B76EC518C7BAA9549B5F44C09,Checking match of request : '/'; against '/0091/**'
05-23-2017 09:42:15.510,DEBUG,3EB9072B76EC518C7BAA9549B5F44C09,Checking match of request : '/'; against '/0092/**'
05-23-2017 09:42:15.510,DEBUG,3EB9072B76EC518C7BAA9549B5F44C09,Checking match of request : '/'; against '/0095/**'
05-23-2017 09:42:15.510,DEBUG,3EB9072B76EC518C7BAA9549B5F44C09,Secure object: FilterInvocation: URL: /; Attributes: [IS_AUTHENTICATED_ANONYMOUSLY]
05-23-2017 09:42:15.510,DEBUG,3EB9072B76EC518C7BAA9549B5F44C09,Previously Authenticated: org.springframework.security.authentication.AnonymousAuthenticationToken@6fa90ed4: Principal: anonymousUser; Credentials: [PROTECTED]; Authenticated: true; Details: org.springframework.security.web.authentication.WebAuthenticationDetails@fffc7f0c: RemoteIpAddress: 0:0:0:0:0:0:0:1; SessionId: FD596195085BF18EB94909823CAD86FB; Granted Authorities: ROLE_ANONYMOUS
05-23-2017 09:42:15.510,DEBUG,3EB9072B76EC518C7BAA9549B5F44C09,Voter: org.springframework.security.access.vote.RoleVoter@1ac872d, returned: 0
05-23-2017 09:42:15.510,DEBUG,3EB9072B76EC518C7BAA9549B5F44C09,Voter: org.springframework.security.access.vote.AuthenticatedVoter@b1927d, returned: 1
05-23-2017 09:42:15.510,DEBUG,3EB9072B76EC518C7BAA9549B5F44C09,Authorization successful
05-23-2017 09:42:15.510,DEBUG,3EB9072B76EC518C7BAA9549B5F44C09,RunAsManager did not change Authentication object
05-23-2017 09:42:15.510,DEBUG,3EB9072B76EC518C7BAA9549B5F44C09,/ reached end of additional filter chain; proceeding with original chain
05-23-2017 09:42:15.510,DEBUG,3EB9072B76EC518C7BAA9549B5F44C09,Request [/ict/] is not a multipart request
05-23-2017 09:42:15.510,DEBUG,FD596195085BF18EB94909823CAD86FB,DispatcherServlet with name 'appServlet' processing GET request for [/ict/]
05-23-2017 09:42:15.510,DEBUG,FD596195085BF18EB94909823CAD86FB,Looking up handler method for path /
05-23-2017 09:42:15.510,DEBUG,FD596195085BF18EB94909823CAD86FB,Returning handler method [public java.lang.String vn.bananavietnam.ict.common.controller.AuthController.login()]
05-23-2017 09:42:15.510,DEBUG,FD596195085BF18EB94909823CAD86FB,Returning cached instance of singleton bean 'authController'
05-23-2017 09:42:15.510,DEBUG,FD596195085BF18EB94909823CAD86FB,Last-Modified value for [/ict/] is: -1
05-23-2017 09:42:15.510,DEBUG,FD596195085BF18EB94909823CAD86FB,Returning cached instance of singleton bean 'xml_path'
05-23-2017 09:42:15.511,DEBUG,FD596195085BF18EB94909823CAD86FB,Rendering view [org.springframework.web.servlet.view.JstlView: name 'common/PageWrapper'; URL [/WEB-INF/views/common/PageWrapper.jsp]] in DispatcherServlet with name 'appServlet'
05-23-2017 09:42:15.511,DEBUG,FD596195085BF18EB94909823CAD86FB,Forwarding to resource [/WEB-INF/views/common/PageWrapper.jsp] in InternalResourceView 'common/PageWrapper'
05-23-2017 09:42:15.511,DEBUG,FD596195085BF18EB94909823CAD86FB,SecurityContext is empty or contents are anonymous - context will not be stored in HttpSession.
05-23-2017 09:42:15.511,DEBUG,FD596195085BF18EB94909823CAD86FB,Successfully completed request
05-23-2017 09:42:15.511,DEBUG,FD596195085BF18EB94909823CAD86FB,Chain processed normally
05-23-2017 09:42:15.511,DEBUG,FD596195085BF18EB94909823CAD86FB,SecurityContextHolder now cleared, as request processing completed
05-23-2017 09:42:15.518,DEBUG,3EB9072B76EC518C7BAA9549B5F44C09,/login at position 1 of 11 in additional filter chain; firing Filter: 'SecurityContextPersistenceFilter'
05-23-2017 09:42:15.518,DEBUG,3EB9072B76EC518C7BAA9549B5F44C09,HttpSession returned null object for SPRING_SECURITY_CONTEXT
05-23-2017 09:42:15.518,DEBUG,3EB9072B76EC518C7BAA9549B5F44C09,No SecurityContext was available from the HttpSession: org.apache.catalina.session.StandardSessionFacade@3ac717. A new one will be created.
05-23-2017 09:42:15.518,DEBUG,3EB9072B76EC518C7BAA9549B5F44C09,/login at position 2 of 11 in additional filter chain; firing Filter: 'WebAsyncManagerIntegrationFilter'
05-23-2017 09:42:15.518,DEBUG,3EB9072B76EC518C7BAA9549B5F44C09,/login at position 3 of 11 in additional filter chain; firing Filter: 'LogoutFilter'
05-23-2017 09:42:15.518,DEBUG,3EB9072B76EC518C7BAA9549B5F44C09,Logging out user 'null' and transferring to logout destination
05-23-2017 09:42:15.518,DEBUG,3EB9072B76EC518C7BAA9549B5F44C09,Invalidating session: FD596195085BF18EB94909823CAD86FB
05-23-2017 09:42:15.518,DEBUG,3EB9072B76EC518C7BAA9549B5F44C09,Using default Url: /
05-23-2017 09:42:15.518,DEBUG,3EB9072B76EC518C7BAA9549B5F44C09,Redirecting to '/ict/'
05-23-2017 09:42:15.518,DEBUG,3EB9072B76EC518C7BAA9549B5F44C09,SecurityContext is empty or contents are anonymous - context will not be stored in HttpSession.
05-23-2017 09:42:15.518,DEBUG,3EB9072B76EC518C7BAA9549B5F44C09,SecurityContextHolder now cleared, as request processing completed
05-23-2017 09:42:15.521,DEBUG,3EB9072B76EC518C7BAA9549B5F44C09,/ at position 1 of 11 in additional filter chain; firing Filter: 'SecurityContextPersistenceFilter'
05-23-2017 09:42:15.521,DEBUG,3EB9072B76EC518C7BAA9549B5F44C09,No HttpSession currently exists
05-23-2017 09:42:15.521,DEBUG,3EB9072B76EC518C7BAA9549B5F44C09,No SecurityContext was available from the HttpSession: null. A new one will be created.
05-23-2017 09:42:15.521,DEBUG,3EB9072B76EC518C7BAA9549B5F44C09,/ at position 2 of 11 in additional filter chain; firing Filter: 'WebAsyncManagerIntegrationFilter'
05-23-2017 09:42:15.521,DEBUG,3EB9072B76EC518C7BAA9549B5F44C09,/ at position 3 of 11 in additional filter chain; firing Filter: 'LogoutFilter'
05-23-2017 09:42:15.521,DEBUG,3EB9072B76EC518C7BAA9549B5F44C09,/ at position 4 of 11 in additional filter chain; firing Filter: 'UsernamePasswordAuthenticationFilter'
05-23-2017 09:42:15.521,DEBUG,3EB9072B76EC518C7BAA9549B5F44C09,/ at position 5 of 11 in additional filter chain; firing Filter: 'BasicAuthenticationFilter'
05-23-2017 09:42:15.521,DEBUG,3EB9072B76EC518C7BAA9549B5F44C09,/ at position 6 of 11 in additional filter chain; firing Filter: 'RequestCacheAwareFilter'
05-23-2017 09:42:15.521,DEBUG,3EB9072B76EC518C7BAA9549B5F44C09,/ at position 7 of 11 in additional filter chain; firing Filter: 'SecurityContextHolderAwareRequestFilter'
05-23-2017 09:42:15.521,DEBUG,3EB9072B76EC518C7BAA9549B5F44C09,/ at position 8 of 11 in additional filter chain; firing Filter: 'AnonymousAuthenticationFilter'
05-23-2017 09:42:15.521,DEBUG,3EB9072B76EC518C7BAA9549B5F44C09,Populated SecurityContextHolder with anonymous token: 'org.springframework.security.authentication.AnonymousAuthenticationToken@9055c2bc: Principal: anonymousUser; Credentials: [PROTECTED]; Authenticated: true; Details: org.springframework.security.web.authentication.WebAuthenticationDetails@b364: RemoteIpAddress: 0:0:0:0:0:0:0:1; SessionId: null; Granted Authorities: ROLE_ANONYMOUS'
05-23-2017 09:42:15.521,DEBUG,3EB9072B76EC518C7BAA9549B5F44C09,/ at position 9 of 11 in additional filter chain; firing Filter: 'SessionManagementFilter'
05-23-2017 09:42:15.521,DEBUG,3EB9072B76EC518C7BAA9549B5F44C09,Requested session ID FD596195085BF18EB94909823CAD86FB is invalid.
05-23-2017 09:42:15.521,DEBUG,3EB9072B76EC518C7BAA9549B5F44C09,/ at position 10 of 11 in additional filter chain; firing Filter: 'ExceptionTranslationFilter'
05-23-2017 09:42:15.521,DEBUG,3EB9072B76EC518C7BAA9549B5F44C09,/ at position 11 of 11 in additional filter chain; firing Filter: 'FilterSecurityInterceptor'
05-23-2017 09:42:15.521,DEBUG,3EB9072B76EC518C7BAA9549B5F44C09,Checking match of request : '/'; against '/autherror*'
05-23-2017 09:42:15.522,DEBUG,3EB9072B76EC518C7BAA9549B5F44C09,Checking match of request : '/'; against '/login/**'
05-23-2017 09:42:15.522,DEBUG,3EB9072B76EC518C7BAA9549B5F44C09,Checking match of request : '/'; against '/error/**'
05-23-2017 09:42:15.522,DEBUG,3EB9072B76EC518C7BAA9549B5F44C09,Checking match of request : '/'; against '/0001/**'
05-23-2017 09:42:15.522,DEBUG,3EB9072B76EC518C7BAA9549B5F44C09,Checking match of request : '/'; against '/0002/**'
05-23-2017 09:42:15.522,DEBUG,3EB9072B76EC518C7BAA9549B5F44C09,Checking match of request : '/'; against '/0003/**'
05-23-2017 09:42:15.522,DEBUG,3EB9072B76EC518C7BAA9549B5F44C09,Checking match of request : '/'; against '/0005/**'
05-23-2017 09:42:15.522,DEBUG,3EB9072B76EC518C7BAA9549B5F44C09,Checking match of request : '/'; against '/0007/**'
05-23-2017 09:42:15.522,DEBUG,3EB9072B76EC518C7BAA9549B5F44C09,Checking match of request : '/'; against '/0009/**'
05-23-2017 09:42:15.522,DEBUG,3EB9072B76EC518C7BAA9549B5F44C09,Checking match of request : '/'; against '/0013/**'
05-23-2017 09:42:15.522,DEBUG,3EB9072B76EC518C7BAA9549B5F44C09,Checking match of request : '/'; against '/0023/**'
05-23-2017 09:42:15.522,DEBUG,3EB9072B76EC518C7BAA9549B5F44C09,Checking match of request : '/'; against '/0017/**'
05-23-2017 09:42:15.522,DEBUG,3EB9072B76EC518C7BAA9549B5F44C09,Checking match of request : '/'; against '/0031/**'
05-23-2017 09:42:15.522,DEBUG,3EB9072B76EC518C7BAA9549B5F44C09,Checking match of request : '/'; against '/0035/**'
05-23-2017 09:42:15.522,DEBUG,3EB9072B76EC518C7BAA9549B5F44C09,Checking match of request : '/'; against '/0037/**'
05-23-2017 09:42:15.522,DEBUG,3EB9072B76EC518C7BAA9549B5F44C09,Checking match of request : '/'; against '/0045/**'
05-23-2017 09:42:15.522,DEBUG,3EB9072B76EC518C7BAA9549B5F44C09,Checking match of request : '/'; against '/0047/**'
05-23-2017 09:42:15.522,DEBUG,3EB9072B76EC518C7BAA9549B5F44C09,Checking match of request : '/'; against '/0049/**'
05-23-2017 09:42:15.522,DEBUG,3EB9072B76EC518C7BAA9549B5F44C09,Checking match of request : '/'; against '/0061/**'
05-23-2017 09:42:15.522,DEBUG,3EB9072B76EC518C7BAA9549B5F44C09,Checking match of request : '/'; against '/0087/**'
05-23-2017 09:42:15.522,DEBUG,3EB9072B76EC518C7BAA9549B5F44C09,Checking match of request : '/'; against '/0075/**'
05-23-2017 09:42:15.522,DEBUG,3EB9072B76EC518C7BAA9549B5F44C09,Checking match of request : '/'; against '/0089/**'
05-23-2017 09:42:15.522,DEBUG,3EB9072B76EC518C7BAA9549B5F44C09,Checking match of request : '/'; against '/0090/**'
05-23-2017 09:42:15.522,DEBUG,3EB9072B76EC518C7BAA9549B5F44C09,Checking match of request : '/'; against '/0091/**'
05-23-2017 09:42:15.522,DEBUG,3EB9072B76EC518C7BAA9549B5F44C09,Checking match of request : '/'; against '/0092/**'
05-23-2017 09:42:15.522,DEBUG,3EB9072B76EC518C7BAA9549B5F44C09,Checking match of request : '/'; against '/0095/**'
05-23-2017 09:42:15.522,DEBUG,3EB9072B76EC518C7BAA9549B5F44C09,Secure object: FilterInvocation: URL: /; Attributes: [IS_AUTHENTICATED_ANONYMOUSLY]
05-23-2017 09:42:15.522,DEBUG,3EB9072B76EC518C7BAA9549B5F44C09,Previously Authenticated: org.springframework.security.authentication.AnonymousAuthenticationToken@9055c2bc: Principal: anonymousUser; Credentials: [PROTECTED]; Authenticated: true; Details: org.springframework.security.web.authentication.WebAuthenticationDetails@b364: RemoteIpAddress: 0:0:0:0:0:0:0:1; SessionId: null; Granted Authorities: ROLE_ANONYMOUS
05-23-2017 09:42:15.522,DEBUG,3EB9072B76EC518C7BAA9549B5F44C09,Voter: org.springframework.security.access.vote.RoleVoter@1ac872d, returned: 0
05-23-2017 09:42:15.522,DEBUG,3EB9072B76EC518C7BAA9549B5F44C09,Voter: org.springframework.security.access.vote.AuthenticatedVoter@b1927d, returned: 1
05-23-2017 09:42:15.522,DEBUG,3EB9072B76EC518C7BAA9549B5F44C09,Authorization successful
05-23-2017 09:42:15.522,DEBUG,3EB9072B76EC518C7BAA9549B5F44C09,RunAsManager did not change Authentication object
05-23-2017 09:42:15.522,DEBUG,3EB9072B76EC518C7BAA9549B5F44C09,/ reached end of additional filter chain; proceeding with original chain
05-23-2017 09:42:15.522,DEBUG,3EB9072B76EC518C7BAA9549B5F44C09,Request [/ict/] is not a multipart request
05-23-2017 09:42:15.523,DEBUG,4371118363AE4F6B4F6C9B7EB0BF014E,DispatcherServlet with name 'appServlet' processing GET request for [/ict/]
05-23-2017 09:42:15.523,DEBUG,4371118363AE4F6B4F6C9B7EB0BF014E,Looking up handler method for path /
05-23-2017 09:42:15.523,DEBUG,4371118363AE4F6B4F6C9B7EB0BF014E,Returning handler method [public java.lang.String vn.bananavietnam.ict.common.controller.AuthController.login()]
05-23-2017 09:42:15.523,DEBUG,4371118363AE4F6B4F6C9B7EB0BF014E,Returning cached instance of singleton bean 'authController'
05-23-2017 09:42:15.523,DEBUG,4371118363AE4F6B4F6C9B7EB0BF014E,Last-Modified value for [/ict/] is: -1
05-23-2017 09:42:15.523,DEBUG,4371118363AE4F6B4F6C9B7EB0BF014E,Returning cached instance of singleton bean 'xml_path'
05-23-2017 09:42:15.524,DEBUG,4371118363AE4F6B4F6C9B7EB0BF014E,Rendering view [org.springframework.web.servlet.view.JstlView: name 'common/PageWrapper'; URL [/WEB-INF/views/common/PageWrapper.jsp]] in DispatcherServlet with name 'appServlet'
05-23-2017 09:42:15.524,DEBUG,4371118363AE4F6B4F6C9B7EB0BF014E,Forwarding to resource [/WEB-INF/views/common/PageWrapper.jsp] in InternalResourceView 'common/PageWrapper'
05-23-2017 09:42:15.524,DEBUG,4371118363AE4F6B4F6C9B7EB0BF014E,SecurityContext is empty or contents are anonymous - context will not be stored in HttpSession.
05-23-2017 09:42:15.525,DEBUG,4371118363AE4F6B4F6C9B7EB0BF014E,Successfully completed request
05-23-2017 09:42:15.525,DEBUG,4371118363AE4F6B4F6C9B7EB0BF014E,Chain processed normally
05-23-2017 09:42:15.525,DEBUG,4371118363AE4F6B4F6C9B7EB0BF014E,SecurityContextHolder now cleared, as request processing completed
05-23-2017 09:42:15.534,DEBUG,16A39BD96FD90C412732A0A1453C1F43,/login/ at position 1 of 11 in additional filter chain; firing Filter: 'SecurityContextPersistenceFilter'
05-23-2017 09:42:15.534,DEBUG,16A39BD96FD90C412732A0A1453C1F43,HttpSession returned null object for SPRING_SECURITY_CONTEXT
05-23-2017 09:42:15.534,DEBUG,16A39BD96FD90C412732A0A1453C1F43,No SecurityContext was available from the HttpSession: org.apache.catalina.session.StandardSessionFacade@99fc21. A new one will be created.
05-23-2017 09:42:15.535,DEBUG,16A39BD96FD90C412732A0A1453C1F43,/login/ at position 2 of 11 in additional filter chain; firing Filter: 'WebAsyncManagerIntegrationFilter'
05-23-2017 09:42:15.535,DEBUG,16A39BD96FD90C412732A0A1453C1F43,/login/ at position 3 of 11 in additional filter chain; firing Filter: 'LogoutFilter'
05-23-2017 09:42:15.535,DEBUG,16A39BD96FD90C412732A0A1453C1F43,/login/ at position 4 of 11 in additional filter chain; firing Filter: 'UsernamePasswordAuthenticationFilter'
05-23-2017 09:42:15.535,DEBUG,16A39BD96FD90C412732A0A1453C1F43,/login/ at position 5 of 11 in additional filter chain; firing Filter: 'BasicAuthenticationFilter'
05-23-2017 09:42:15.535,DEBUG,16A39BD96FD90C412732A0A1453C1F43,/login/ at position 6 of 11 in additional filter chain; firing Filter: 'RequestCacheAwareFilter'
05-23-2017 09:42:15.535,DEBUG,16A39BD96FD90C412732A0A1453C1F43,/login/ at position 7 of 11 in additional filter chain; firing Filter: 'SecurityContextHolderAwareRequestFilter'
05-23-2017 09:42:15.535,DEBUG,16A39BD96FD90C412732A0A1453C1F43,/login/ at position 8 of 11 in additional filter chain; firing Filter: 'AnonymousAuthenticationFilter'
05-23-2017 09:42:15.535,DEBUG,16A39BD96FD90C412732A0A1453C1F43,Populated SecurityContextHolder with anonymous token: 'org.springframework.security.authentication.AnonymousAuthenticationToken@6faeba70: Principal: anonymousUser; Credentials: [PROTECTED]; Authenticated: true; Details: org.springframework.security.web.authentication.WebAuthenticationDetails@fffbcba8: RemoteIpAddress: 0:0:0:0:0:0:0:1; SessionId: 4371118363AE4F6B4F6C9B7EB0BF014E; Granted Authorities: ROLE_ANONYMOUS'
05-23-2017 09:42:15.535,DEBUG,16A39BD96FD90C412732A0A1453C1F43,/login/ at position 9 of 11 in additional filter chain; firing Filter: 'SessionManagementFilter'
05-23-2017 09:42:15.535,DEBUG,16A39BD96FD90C412732A0A1453C1F43,/login/ at position 10 of 11 in additional filter chain; firing Filter: 'ExceptionTranslationFilter'
05-23-2017 09:42:15.535,DEBUG,16A39BD96FD90C412732A0A1453C1F43,/login/ at position 11 of 11 in additional filter chain; firing Filter: 'FilterSecurityInterceptor'
05-23-2017 09:42:15.535,DEBUG,16A39BD96FD90C412732A0A1453C1F43,Checking match of request : '/login/'; against '/autherror*'
05-23-2017 09:42:15.535,DEBUG,16A39BD96FD90C412732A0A1453C1F43,Checking match of request : '/login/'; against '/login/**'
05-23-2017 09:42:15.535,DEBUG,16A39BD96FD90C412732A0A1453C1F43,Secure object: FilterInvocation: URL: /login/; Attributes: [IS_AUTHENTICATED_ANONYMOUSLY]
05-23-2017 09:42:15.535,DEBUG,16A39BD96FD90C412732A0A1453C1F43,Previously Authenticated: org.springframework.security.authentication.AnonymousAuthenticationToken@6faeba70: Principal: anonymousUser; Credentials: [PROTECTED]; Authenticated: true; Details: org.springframework.security.web.authentication.WebAuthenticationDetails@fffbcba8: RemoteIpAddress: 0:0:0:0:0:0:0:1; SessionId: 4371118363AE4F6B4F6C9B7EB0BF014E; Granted Authorities: ROLE_ANONYMOUS
05-23-2017 09:42:15.535,DEBUG,16A39BD96FD90C412732A0A1453C1F43,Voter: org.springframework.security.access.vote.RoleVoter@1ac872d, returned: 0
05-23-2017 09:42:15.535,DEBUG,16A39BD96FD90C412732A0A1453C1F43,Voter: org.springframework.security.access.vote.AuthenticatedVoter@b1927d, returned: 1
05-23-2017 09:42:15.535,DEBUG,16A39BD96FD90C412732A0A1453C1F43,Authorization successful
05-23-2017 09:42:15.535,DEBUG,16A39BD96FD90C412732A0A1453C1F43,RunAsManager did not change Authentication object
05-23-2017 09:42:15.535,DEBUG,16A39BD96FD90C412732A0A1453C1F43,/login/ reached end of additional filter chain; proceeding with original chain
05-23-2017 09:42:15.535,DEBUG,16A39BD96FD90C412732A0A1453C1F43,Request [/ict/login/] is not a multipart request
05-23-2017 09:42:15.535,DEBUG,4371118363AE4F6B4F6C9B7EB0BF014E,DispatcherServlet with name 'appServlet' processing GET request for [/ict/login/]
05-23-2017 09:42:15.535,DEBUG,4371118363AE4F6B4F6C9B7EB0BF014E,Looking up handler method for path /login/
05-23-2017 09:42:15.535,DEBUG,4371118363AE4F6B4F6C9B7EB0BF014E,Returning handler method [public java.lang.String vn.bananavietnam.ict.common.controller.LoginController.top(java.util.Locale,org.springframework.ui.Model)]
05-23-2017 09:42:15.535,DEBUG,4371118363AE4F6B4F6C9B7EB0BF014E,Returning cached instance of singleton bean 'loginController'
05-23-2017 09:42:15.535,DEBUG,4371118363AE4F6B4F6C9B7EB0BF014E,Last-Modified value for [/ict/login/] is: -1
05-23-2017 09:42:15.535,DEBUG,4371118363AE4F6B4F6C9B7EB0BF014E,Returning cached instance of singleton bean 'xml_path'
05-23-2017 09:42:15.536,DEBUG,4371118363AE4F6B4F6C9B7EB0BF014E,Rendering view [org.springframework.web.servlet.view.JstlView: name 'common/login'; URL [/WEB-INF/views/common/login.jsp]] in DispatcherServlet with name 'appServlet'
05-23-2017 09:42:15.536,DEBUG,4371118363AE4F6B4F6C9B7EB0BF014E,Forwarding to resource [/WEB-INF/views/common/login.jsp] in InternalResourceView 'common/login'
05-23-2017 09:42:15.537,DEBUG,4371118363AE4F6B4F6C9B7EB0BF014E,SecurityContext is empty or contents are anonymous - context will not be stored in HttpSession.
05-23-2017 09:42:15.537,DEBUG,4371118363AE4F6B4F6C9B7EB0BF014E,Successfully completed request
05-23-2017 09:42:15.538,DEBUG,4371118363AE4F6B4F6C9B7EB0BF014E,Chain processed normally
05-23-2017 09:42:15.538,DEBUG,4371118363AE4F6B4F6C9B7EB0BF014E,SecurityContextHolder now cleared, as request processing completed
05-23-2017 09:42:23.817,DEBUG,9EC12D13C75BCD76B3D5E04FD1891654,/?language=vi at position 1 of 11 in additional filter chain; firing Filter: 'SecurityContextPersistenceFilter'
05-23-2017 09:42:23.817,DEBUG,9EC12D13C75BCD76B3D5E04FD1891654,HttpSession returned null object for SPRING_SECURITY_CONTEXT
05-23-2017 09:42:23.818,DEBUG,9EC12D13C75BCD76B3D5E04FD1891654,No SecurityContext was available from the HttpSession: org.apache.catalina.session.StandardSessionFacade@99fc21. A new one will be created.
05-23-2017 09:42:23.818,DEBUG,9EC12D13C75BCD76B3D5E04FD1891654,/?language=vi at position 2 of 11 in additional filter chain; firing Filter: 'WebAsyncManagerIntegrationFilter'
05-23-2017 09:42:23.818,DEBUG,9EC12D13C75BCD76B3D5E04FD1891654,/?language=vi at position 3 of 11 in additional filter chain; firing Filter: 'LogoutFilter'
05-23-2017 09:42:23.818,DEBUG,9EC12D13C75BCD76B3D5E04FD1891654,/?language=vi at position 4 of 11 in additional filter chain; firing Filter: 'UsernamePasswordAuthenticationFilter'
05-23-2017 09:42:23.818,DEBUG,9EC12D13C75BCD76B3D5E04FD1891654,/?language=vi at position 5 of 11 in additional filter chain; firing Filter: 'BasicAuthenticationFilter'
05-23-2017 09:42:23.819,DEBUG,9EC12D13C75BCD76B3D5E04FD1891654,/?language=vi at position 6 of 11 in additional filter chain; firing Filter: 'RequestCacheAwareFilter'
05-23-2017 09:42:23.819,DEBUG,9EC12D13C75BCD76B3D5E04FD1891654,/?language=vi at position 7 of 11 in additional filter chain; firing Filter: 'SecurityContextHolderAwareRequestFilter'
05-23-2017 09:42:23.819,DEBUG,9EC12D13C75BCD76B3D5E04FD1891654,/?language=vi at position 8 of 11 in additional filter chain; firing Filter: 'AnonymousAuthenticationFilter'
05-23-2017 09:42:23.819,DEBUG,9EC12D13C75BCD76B3D5E04FD1891654,Populated SecurityContextHolder with anonymous token: 'org.springframework.security.authentication.AnonymousAuthenticationToken@6faeba70: Principal: anonymousUser; Credentials: [PROTECTED]; Authenticated: true; Details: org.springframework.security.web.authentication.WebAuthenticationDetails@fffbcba8: RemoteIpAddress: 0:0:0:0:0:0:0:1; SessionId: 4371118363AE4F6B4F6C9B7EB0BF014E; Granted Authorities: ROLE_ANONYMOUS'
05-23-2017 09:42:23.819,DEBUG,9EC12D13C75BCD76B3D5E04FD1891654,/?language=vi at position 9 of 11 in additional filter chain; firing Filter: 'SessionManagementFilter'
05-23-2017 09:42:23.819,DEBUG,9EC12D13C75BCD76B3D5E04FD1891654,/?language=vi at position 10 of 11 in additional filter chain; firing Filter: 'ExceptionTranslationFilter'
05-23-2017 09:42:23.819,DEBUG,9EC12D13C75BCD76B3D5E04FD1891654,/?language=vi at position 11 of 11 in additional filter chain; firing Filter: 'FilterSecurityInterceptor'
05-23-2017 09:42:23.820,DEBUG,9EC12D13C75BCD76B3D5E04FD1891654,Checking match of request : '/'; against '/autherror*'
05-23-2017 09:42:23.820,DEBUG,9EC12D13C75BCD76B3D5E04FD1891654,Checking match of request : '/'; against '/login/**'
05-23-2017 09:42:23.820,DEBUG,9EC12D13C75BCD76B3D5E04FD1891654,Checking match of request : '/'; against '/error/**'
05-23-2017 09:42:23.820,DEBUG,9EC12D13C75BCD76B3D5E04FD1891654,Checking match of request : '/'; against '/0001/**'
05-23-2017 09:42:23.820,DEBUG,9EC12D13C75BCD76B3D5E04FD1891654,Checking match of request : '/'; against '/0002/**'
05-23-2017 09:42:23.820,DEBUG,9EC12D13C75BCD76B3D5E04FD1891654,Checking match of request : '/'; against '/0003/**'
05-23-2017 09:42:23.820,DEBUG,9EC12D13C75BCD76B3D5E04FD1891654,Checking match of request : '/'; against '/0005/**'
05-23-2017 09:42:23.820,DEBUG,9EC12D13C75BCD76B3D5E04FD1891654,Checking match of request : '/'; against '/0007/**'
05-23-2017 09:42:23.820,DEBUG,9EC12D13C75BCD76B3D5E04FD1891654,Checking match of request : '/'; against '/0009/**'
05-23-2017 09:42:23.820,DEBUG,9EC12D13C75BCD76B3D5E04FD1891654,Checking match of request : '/'; against '/0013/**'
05-23-2017 09:42:23.820,DEBUG,9EC12D13C75BCD76B3D5E04FD1891654,Checking match of request : '/'; against '/0023/**'
05-23-2017 09:42:23.820,DEBUG,9EC12D13C75BCD76B3D5E04FD1891654,Checking match of request : '/'; against '/0017/**'
05-23-2017 09:42:23.820,DEBUG,9EC12D13C75BCD76B3D5E04FD1891654,Checking match of request : '/'; against '/0031/**'
05-23-2017 09:42:23.820,DEBUG,9EC12D13C75BCD76B3D5E04FD1891654,Checking match of request : '/'; against '/0035/**'
05-23-2017 09:42:23.820,DEBUG,9EC12D13C75BCD76B3D5E04FD1891654,Checking match of request : '/'; against '/0037/**'
05-23-2017 09:42:23.820,DEBUG,9EC12D13C75BCD76B3D5E04FD1891654,Checking match of request : '/'; against '/0045/**'
05-23-2017 09:42:23.820,DEBUG,9EC12D13C75BCD76B3D5E04FD1891654,Checking match of request : '/'; against '/0047/**'
05-23-2017 09:42:23.820,DEBUG,9EC12D13C75BCD76B3D5E04FD1891654,Checking match of request : '/'; against '/0049/**'
05-23-2017 09:42:23.820,DEBUG,9EC12D13C75BCD76B3D5E04FD1891654,Checking match of request : '/'; against '/0061/**'
05-23-2017 09:42:23.820,DEBUG,9EC12D13C75BCD76B3D5E04FD1891654,Checking match of request : '/'; against '/0087/**'
05-23-2017 09:42:23.820,DEBUG,9EC12D13C75BCD76B3D5E04FD1891654,Checking match of request : '/'; against '/0075/**'
05-23-2017 09:42:23.820,DEBUG,9EC12D13C75BCD76B3D5E04FD1891654,Checking match of request : '/'; against '/0089/**'
05-23-2017 09:42:23.820,DEBUG,9EC12D13C75BCD76B3D5E04FD1891654,Checking match of request : '/'; against '/0090/**'
05-23-2017 09:42:23.821,DEBUG,9EC12D13C75BCD76B3D5E04FD1891654,Checking match of request : '/'; against '/0091/**'
05-23-2017 09:42:23.821,DEBUG,9EC12D13C75BCD76B3D5E04FD1891654,Checking match of request : '/'; against '/0092/**'
05-23-2017 09:42:23.821,DEBUG,9EC12D13C75BCD76B3D5E04FD1891654,Checking match of request : '/'; against '/0095/**'
05-23-2017 09:42:23.821,DEBUG,9EC12D13C75BCD76B3D5E04FD1891654,Secure object: FilterInvocation: URL: /?language=vi; Attributes: [IS_AUTHENTICATED_ANONYMOUSLY]
05-23-2017 09:42:23.821,DEBUG,9EC12D13C75BCD76B3D5E04FD1891654,Previously Authenticated: org.springframework.security.authentication.AnonymousAuthenticationToken@6faeba70: Principal: anonymousUser; Credentials: [PROTECTED]; Authenticated: true; Details: org.springframework.security.web.authentication.WebAuthenticationDetails@fffbcba8: RemoteIpAddress: 0:0:0:0:0:0:0:1; SessionId: 4371118363AE4F6B4F6C9B7EB0BF014E; Granted Authorities: ROLE_ANONYMOUS
05-23-2017 09:42:23.821,DEBUG,9EC12D13C75BCD76B3D5E04FD1891654,Voter: org.springframework.security.access.vote.RoleVoter@1ac872d, returned: 0
05-23-2017 09:42:23.821,DEBUG,9EC12D13C75BCD76B3D5E04FD1891654,Voter: org.springframework.security.access.vote.AuthenticatedVoter@b1927d, returned: 1
05-23-2017 09:42:23.821,DEBUG,9EC12D13C75BCD76B3D5E04FD1891654,Authorization successful
05-23-2017 09:42:23.821,DEBUG,9EC12D13C75BCD76B3D5E04FD1891654,RunAsManager did not change Authentication object
05-23-2017 09:42:23.821,DEBUG,9EC12D13C75BCD76B3D5E04FD1891654,/?language=vi reached end of additional filter chain; proceeding with original chain
05-23-2017 09:42:23.821,DEBUG,9EC12D13C75BCD76B3D5E04FD1891654,Request [/ict/] is not a multipart request
05-23-2017 09:42:23.821,DEBUG,4371118363AE4F6B4F6C9B7EB0BF014E,DispatcherServlet with name 'appServlet' processing GET request for [/ict/]
05-23-2017 09:42:23.821,DEBUG,4371118363AE4F6B4F6C9B7EB0BF014E,Looking up handler method for path /
05-23-2017 09:42:23.821,DEBUG,4371118363AE4F6B4F6C9B7EB0BF014E,Returning handler method [public java.lang.String vn.bananavietnam.ict.common.controller.AuthController.login()]
05-23-2017 09:42:23.821,DEBUG,4371118363AE4F6B4F6C9B7EB0BF014E,Returning cached instance of singleton bean 'authController'
05-23-2017 09:42:23.821,DEBUG,4371118363AE4F6B4F6C9B7EB0BF014E,Last-Modified value for [/ict/] is: -1
05-23-2017 09:42:23.821,DEBUG,4371118363AE4F6B4F6C9B7EB0BF014E,Returning cached instance of singleton bean 'xml_path'
05-23-2017 09:42:23.822,DEBUG,4371118363AE4F6B4F6C9B7EB0BF014E,Rendering view [org.springframework.web.servlet.view.JstlView: name 'common/PageWrapper'; URL [/WEB-INF/views/common/PageWrapper.jsp]] in DispatcherServlet with name 'appServlet'
05-23-2017 09:42:23.822,DEBUG,4371118363AE4F6B4F6C9B7EB0BF014E,Forwarding to resource [/WEB-INF/views/common/PageWrapper.jsp] in InternalResourceView 'common/PageWrapper'
05-23-2017 09:42:23.822,DEBUG,4371118363AE4F6B4F6C9B7EB0BF014E,SecurityContext is empty or contents are anonymous - context will not be stored in HttpSession.
05-23-2017 09:42:23.823,DEBUG,4371118363AE4F6B4F6C9B7EB0BF014E,Successfully completed request
05-23-2017 09:42:23.824,DEBUG,4371118363AE4F6B4F6C9B7EB0BF014E,Chain processed normally
05-23-2017 09:42:23.824,DEBUG,4371118363AE4F6B4F6C9B7EB0BF014E,SecurityContextHolder now cleared, as request processing completed
05-23-2017 09:42:23.836,DEBUG,9EC12D13C75BCD76B3D5E04FD1891654,/login/ at position 1 of 11 in additional filter chain; firing Filter: 'SecurityContextPersistenceFilter'
05-23-2017 09:42:23.836,DEBUG,9EC12D13C75BCD76B3D5E04FD1891654,HttpSession returned null object for SPRING_SECURITY_CONTEXT
05-23-2017 09:42:23.836,DEBUG,9EC12D13C75BCD76B3D5E04FD1891654,No SecurityContext was available from the HttpSession: org.apache.catalina.session.StandardSessionFacade@99fc21. A new one will be created.
05-23-2017 09:42:23.836,DEBUG,9EC12D13C75BCD76B3D5E04FD1891654,/login/ at position 2 of 11 in additional filter chain; firing Filter: 'WebAsyncManagerIntegrationFilter'
05-23-2017 09:42:23.837,DEBUG,9EC12D13C75BCD76B3D5E04FD1891654,/login/ at position 3 of 11 in additional filter chain; firing Filter: 'LogoutFilter'
05-23-2017 09:42:23.837,DEBUG,9EC12D13C75BCD76B3D5E04FD1891654,/login/ at position 4 of 11 in additional filter chain; firing Filter: 'UsernamePasswordAuthenticationFilter'
05-23-2017 09:42:23.837,DEBUG,9EC12D13C75BCD76B3D5E04FD1891654,/login/ at position 5 of 11 in additional filter chain; firing Filter: 'BasicAuthenticationFilter'
05-23-2017 09:42:23.837,DEBUG,9EC12D13C75BCD76B3D5E04FD1891654,/login/ at position 6 of 11 in additional filter chain; firing Filter: 'RequestCacheAwareFilter'
05-23-2017 09:42:23.837,DEBUG,9EC12D13C75BCD76B3D5E04FD1891654,/login/ at position 7 of 11 in additional filter chain; firing Filter: 'SecurityContextHolderAwareRequestFilter'
05-23-2017 09:42:23.837,DEBUG,9EC12D13C75BCD76B3D5E04FD1891654,/login/ at position 8 of 11 in additional filter chain; firing Filter: 'AnonymousAuthenticationFilter'
05-23-2017 09:42:23.837,DEBUG,9EC12D13C75BCD76B3D5E04FD1891654,Populated SecurityContextHolder with anonymous token: 'org.springframework.security.authentication.AnonymousAuthenticationToken@6faeba70: Principal: anonymousUser; Credentials: [PROTECTED]; Authenticated: true; Details: org.springframework.security.web.authentication.WebAuthenticationDetails@fffbcba8: RemoteIpAddress: 0:0:0:0:0:0:0:1; SessionId: 4371118363AE4F6B4F6C9B7EB0BF014E; Granted Authorities: ROLE_ANONYMOUS'
05-23-2017 09:42:23.837,DEBUG,9EC12D13C75BCD76B3D5E04FD1891654,/login/ at position 9 of 11 in additional filter chain; firing Filter: 'SessionManagementFilter'
05-23-2017 09:42:23.837,DEBUG,9EC12D13C75BCD76B3D5E04FD1891654,/login/ at position 10 of 11 in additional filter chain; firing Filter: 'ExceptionTranslationFilter'
05-23-2017 09:42:23.837,DEBUG,9EC12D13C75BCD76B3D5E04FD1891654,/login/ at position 11 of 11 in additional filter chain; firing Filter: 'FilterSecurityInterceptor'
05-23-2017 09:42:23.837,DEBUG,9EC12D13C75BCD76B3D5E04FD1891654,Checking match of request : '/login/'; against '/autherror*'
05-23-2017 09:42:23.837,DEBUG,9EC12D13C75BCD76B3D5E04FD1891654,Checking match of request : '/login/'; against '/login/**'
05-23-2017 09:42:23.837,DEBUG,9EC12D13C75BCD76B3D5E04FD1891654,Secure object: FilterInvocation: URL: /login/; Attributes: [IS_AUTHENTICATED_ANONYMOUSLY]
05-23-2017 09:42:23.837,DEBUG,9EC12D13C75BCD76B3D5E04FD1891654,Previously Authenticated: org.springframework.security.authentication.AnonymousAuthenticationToken@6faeba70: Principal: anonymousUser; Credentials: [PROTECTED]; Authenticated: true; Details: org.springframework.security.web.authentication.WebAuthenticationDetails@fffbcba8: RemoteIpAddress: 0:0:0:0:0:0:0:1; SessionId: 4371118363AE4F6B4F6C9B7EB0BF014E; Granted Authorities: ROLE_ANONYMOUS
05-23-2017 09:42:23.837,DEBUG,9EC12D13C75BCD76B3D5E04FD1891654,Voter: org.springframework.security.access.vote.RoleVoter@1ac872d, returned: 0
05-23-2017 09:42:23.837,DEBUG,9EC12D13C75BCD76B3D5E04FD1891654,Voter: org.springframework.security.access.vote.AuthenticatedVoter@b1927d, returned: 1
05-23-2017 09:42:23.837,DEBUG,9EC12D13C75BCD76B3D5E04FD1891654,Authorization successful
05-23-2017 09:42:23.837,DEBUG,9EC12D13C75BCD76B3D5E04FD1891654,RunAsManager did not change Authentication object
05-23-2017 09:42:23.837,DEBUG,9EC12D13C75BCD76B3D5E04FD1891654,/login/ reached end of additional filter chain; proceeding with original chain
05-23-2017 09:42:23.837,DEBUG,9EC12D13C75BCD76B3D5E04FD1891654,Request [/ict/login/] is not a multipart request
05-23-2017 09:42:23.837,DEBUG,4371118363AE4F6B4F6C9B7EB0BF014E,DispatcherServlet with name 'appServlet' processing GET request for [/ict/login/]
05-23-2017 09:42:23.837,DEBUG,4371118363AE4F6B4F6C9B7EB0BF014E,Looking up handler method for path /login/
05-23-2017 09:42:23.838,DEBUG,4371118363AE4F6B4F6C9B7EB0BF014E,Returning handler method [public java.lang.String vn.bananavietnam.ict.common.controller.LoginController.top(java.util.Locale,org.springframework.ui.Model)]
05-23-2017 09:42:23.838,DEBUG,4371118363AE4F6B4F6C9B7EB0BF014E,Returning cached instance of singleton bean 'loginController'
05-23-2017 09:42:23.838,DEBUG,4371118363AE4F6B4F6C9B7EB0BF014E,Last-Modified value for [/ict/login/] is: -1
05-23-2017 09:42:23.838,DEBUG,4371118363AE4F6B4F6C9B7EB0BF014E,Returning cached instance of singleton bean 'xml_path'
05-23-2017 09:42:23.838,DEBUG,4371118363AE4F6B4F6C9B7EB0BF014E,Rendering view [org.springframework.web.servlet.view.JstlView: name 'common/login'; URL [/WEB-INF/views/common/login.jsp]] in DispatcherServlet with name 'appServlet'
05-23-2017 09:42:23.838,DEBUG,4371118363AE4F6B4F6C9B7EB0BF014E,Forwarding to resource [/WEB-INF/views/common/login.jsp] in InternalResourceView 'common/login'
05-23-2017 09:42:23.842,DEBUG,4371118363AE4F6B4F6C9B7EB0BF014E,SecurityContext is empty or contents are anonymous - context will not be stored in HttpSession.
05-23-2017 09:42:23.844,DEBUG,4371118363AE4F6B4F6C9B7EB0BF014E,Successfully completed request
05-23-2017 09:42:23.844,DEBUG,4371118363AE4F6B4F6C9B7EB0BF014E,Chain processed normally
05-23-2017 09:42:23.844,DEBUG,4371118363AE4F6B4F6C9B7EB0BF014E,SecurityContextHolder now cleared, as request processing completed
05-23-2017 09:42:28.293,DEBUG,9EC12D13C75BCD76B3D5E04FD1891654,/j_spring_security_check at position 1 of 11 in additional filter chain; firing Filter: 'SecurityContextPersistenceFilter'
05-23-2017 09:42:28.293,DEBUG,9EC12D13C75BCD76B3D5E04FD1891654,HttpSession returned null object for SPRING_SECURITY_CONTEXT
05-23-2017 09:42:28.293,DEBUG,9EC12D13C75BCD76B3D5E04FD1891654,No SecurityContext was available from the HttpSession: org.apache.catalina.session.StandardSessionFacade@99fc21. A new one will be created.
05-23-2017 09:42:28.293,DEBUG,9EC12D13C75BCD76B3D5E04FD1891654,/j_spring_security_check at position 2 of 11 in additional filter chain; firing Filter: 'WebAsyncManagerIntegrationFilter'
05-23-2017 09:42:28.294,DEBUG,9EC12D13C75BCD76B3D5E04FD1891654,/j_spring_security_check at position 3 of 11 in additional filter chain; firing Filter: 'LogoutFilter'
05-23-2017 09:42:28.294,DEBUG,9EC12D13C75BCD76B3D5E04FD1891654,/j_spring_security_check at position 4 of 11 in additional filter chain; firing Filter: 'UsernamePasswordAuthenticationFilter'
05-23-2017 09:42:28.294,DEBUG,9EC12D13C75BCD76B3D5E04FD1891654,Request is to process authentication
05-23-2017 09:42:28.294,DEBUG,9EC12D13C75BCD76B3D5E04FD1891654,Authentication attempt using org.springframework.security.authentication.dao.DaoAuthenticationProvider
05-23-2017 09:42:28.294,DEBUG,9EC12D13C75BCD76B3D5E04FD1891654,Executing prepared SQL query
05-23-2017 09:42:28.294,DEBUG,9EC12D13C75BCD76B3D5E04FD1891654,Executing prepared SQL statement [select users_authorization.usersId as id,                users_authorization.usersName as username,                      users_authorization.usersPassword as password,                      users_authorization.usersFullName as userfullname,                      1 as enabled,                      CASE                       WHEN users_authorization.authorizationTypeId IS NULL THEN '0'                          ELSE users_authorization.authorizationTypeId                      END as roleid,                      CASE                 WHEN access.SCREEN_DISPLAY_ENABLE_FLAG IS NULL THEN '0'                 ELSE access.SCREEN_DISPLAY_ENABLE_FLAG                END as roledisplay,                      CASE                 WHEN access.ADDABLE_FLAG IS NULL THEN '0'                 ELSE access.ADDABLE_FLAG                END as roleadd,                      CASE                 WHEN access.UPDATABLE_FLAG IS NULL THEN '0'                 ELSE access.UPDATABLE_FLAG                END as roleupdate,                      CASE                 WHEN access.DELETABLE_FLAG IS NULL THEN '0'                 ELSE access.DELETABLE_FLAG                END as roledelete,                      CASE                 WHEN access.REFERENCE_FLAG IS NULL THEN '0'                 ELSE access.REFERENCE_FLAG                END as rolereference,                       access.SCREEN_ID as screenid              from (select users_manager.usersId,                 users_manager.usersName,                 users_manager.usersPassword,                 users_manager.usersFullName,                 users_manager.authorizationTypeId,                 authorization.AUTHORIZATION_TYPE_NAME authorizationTypeName,                 authorization.ACCESS_AUTHORITY_ID accessAuthorityId               from (select users.USERS_ID usersId,                  users.USERS_ID usersName,                  users.PASSWORD usersPassword,                  users.USERS_NAME usersFullName,                  manager.AUTHORIZATION_TYPE_ID authorizationTypeId                from IVB_M_USERS users                left join IVB_M_MANAGER manager                 on users.USERS_ID = manager.USERS_ID                 and manager.DELETE_FLAG = '0'                where users.USERS_ID = ?                 and users.DELETE_FLAG = '0'                ) users_manager               left join IVB_M_AUTHORIZATION authorization                on users_manager.authorizationTypeId = authorization.AUTHORIZATION_TYPE_ID                   and authorization.DELETE_FLAG = '0'                  ) users_authorization              left join IVB_M_ACCESS_AUTHORIZATION access               on users_authorization.accessAuthorityId = access.ACCESS_AUTHORITY_ID                  and access.DELETE_FLAG = '0']
05-23-2017 09:42:28.294,DEBUG,9EC12D13C75BCD76B3D5E04FD1891654,Fetching JDBC Connection from DataSource
05-23-2017 09:42:28.294,DEBUG,9EC12D13C75BCD76B3D5E04FD1891654,Creating new JDBC DriverManager Connection to [jdbc:mysql://172.16.0.175:3306/BANANA_DB_HUNG_SELENIUM?useUnicode=yes&characterEncoding=UTF-8&autoReconnect=true]
05-23-2017 09:42:28.316,DEBUG,9EC12D13C75BCD76B3D5E04FD1891654,Returning JDBC Connection to DataSource
05-23-2017 09:42:28.316,DEBUG,9EC12D13C75BCD76B3D5E04FD1891654,Executing prepared SQL query
05-23-2017 09:42:28.316,DEBUG,9EC12D13C75BCD76B3D5E04FD1891654,Executing prepared SQL statement [select distinct users.USERS_ID,                  CASE                   WHEN manager.AUTHORIZATION_TYPE_ID IS NULL THEN '0'                   ELSE manager.AUTHORIZATION_TYPE_ID                  END as AUTHORIZATION_TYPE_ID               from IVB_M_USERS users               left join IVB_M_MANAGER manager                on users.USERS_ID = manager.USERS_ID                and manager.DELETE_FLAG = '0'               where users.USERS_ID = ?                and users.DELETE_FLAG = '0']
05-23-2017 09:42:28.316,DEBUG,9EC12D13C75BCD76B3D5E04FD1891654,Fetching JDBC Connection from DataSource
05-23-2017 09:42:28.316,DEBUG,9EC12D13C75BCD76B3D5E04FD1891654,Creating new JDBC DriverManager Connection to [jdbc:mysql://172.16.0.175:3306/BANANA_DB_HUNG_SELENIUM?useUnicode=yes&characterEncoding=UTF-8&autoReconnect=true]
05-23-2017 09:42:28.335,DEBUG,9EC12D13C75BCD76B3D5E04FD1891654,Returning JDBC Connection to DataSource
05-23-2017 09:42:28.335,DEBUG,9EC12D13C75BCD76B3D5E04FD1891654,Delegating to org.springframework.security.web.authentication.session.ChangeSessionIdAuthenticationStrategy@99fddf
05-23-2017 09:42:28.335,DEBUG,9EC12D13C75BCD76B3D5E04FD1891654,Authentication success. Updating SecurityContextHolder to contain: org.springframework.security.authentication.UsernamePasswordAuthenticationToken@c4944c4b: Principal: vn.bananavietnam.ict.common.auth.MyUser@c4907816: Username: U0000000001; Password: [PROTECTED]; Enabled: true; AccountNonExpired: true; credentialsNonExpired: true; AccountNonLocked: true; Granted Authorities: 1; Credentials: [PROTECTED]; Authenticated: true; Details: org.springframework.security.web.authentication.WebAuthenticationDetails@fffbcba8: RemoteIpAddress: 0:0:0:0:0:0:0:1; SessionId: 4371118363AE4F6B4F6C9B7EB0BF014E; Granted Authorities: 1
05-23-2017 09:42:28.335,DEBUG,9EC12D13C75BCD76B3D5E04FD1891654,SecurityContext stored to HttpSession: 'org.springframework.security.core.context.SecurityContextImpl@c4944c4b: Authentication: org.springframework.security.authentication.UsernamePasswordAuthenticationToken@c4944c4b: Principal: vn.bananavietnam.ict.common.auth.MyUser@c4907816: Username: U0000000001; Password: [PROTECTED]; Enabled: true; AccountNonExpired: true; credentialsNonExpired: true; AccountNonLocked: true; Granted Authorities: 1; Credentials: [PROTECTED]; Authenticated: true; Details: org.springframework.security.web.authentication.WebAuthenticationDetails@fffbcba8: RemoteIpAddress: 0:0:0:0:0:0:0:1; SessionId: 4371118363AE4F6B4F6C9B7EB0BF014E; Granted Authorities: 1'
05-23-2017 09:42:28.335,DEBUG,9EC12D13C75BCD76B3D5E04FD1891654,SecurityContextHolder now cleared, as request processing completed
05-23-2017 09:42:28.343,DEBUG,9EC12D13C75BCD76B3D5E04FD1891654,/0001/ at position 1 of 11 in additional filter chain; firing Filter: 'SecurityContextPersistenceFilter'
05-23-2017 09:42:28.343,DEBUG,9EC12D13C75BCD76B3D5E04FD1891654,Obtained a valid SecurityContext from SPRING_SECURITY_CONTEXT: 'org.springframework.security.core.context.SecurityContextImpl@c4944c4b: Authentication: org.springframework.security.authentication.UsernamePasswordAuthenticationToken@c4944c4b: Principal: vn.bananavietnam.ict.common.auth.MyUser@c4907816: Username: U0000000001; Password: [PROTECTED]; Enabled: true; AccountNonExpired: true; credentialsNonExpired: true; AccountNonLocked: true; Granted Authorities: 1; Credentials: [PROTECTED]; Authenticated: true; Details: org.springframework.security.web.authentication.WebAuthenticationDetails@fffbcba8: RemoteIpAddress: 0:0:0:0:0:0:0:1; SessionId: 4371118363AE4F6B4F6C9B7EB0BF014E; Granted Authorities: 1'
05-23-2017 09:42:28.343,DEBUG,9EC12D13C75BCD76B3D5E04FD1891654,/0001/ at position 2 of 11 in additional filter chain; firing Filter: 'WebAsyncManagerIntegrationFilter'
05-23-2017 09:42:28.343,DEBUG,9EC12D13C75BCD76B3D5E04FD1891654,/0001/ at position 3 of 11 in additional filter chain; firing Filter: 'LogoutFilter'
05-23-2017 09:42:28.343,DEBUG,9EC12D13C75BCD76B3D5E04FD1891654,/0001/ at position 4 of 11 in additional filter chain; firing Filter: 'UsernamePasswordAuthenticationFilter'
05-23-2017 09:42:28.343,DEBUG,9EC12D13C75BCD76B3D5E04FD1891654,/0001/ at position 5 of 11 in additional filter chain; firing Filter: 'BasicAuthenticationFilter'
05-23-2017 09:42:28.343,DEBUG,9EC12D13C75BCD76B3D5E04FD1891654,/0001/ at position 6 of 11 in additional filter chain; firing Filter: 'RequestCacheAwareFilter'
05-23-2017 09:42:28.343,DEBUG,9EC12D13C75BCD76B3D5E04FD1891654,/0001/ at position 7 of 11 in additional filter chain; firing Filter: 'SecurityContextHolderAwareRequestFilter'
05-23-2017 09:42:28.343,DEBUG,9EC12D13C75BCD76B3D5E04FD1891654,/0001/ at position 8 of 11 in additional filter chain; firing Filter: 'AnonymousAuthenticationFilter'
05-23-2017 09:42:28.343,DEBUG,9EC12D13C75BCD76B3D5E04FD1891654,SecurityContextHolder not populated with anonymous token, as it already contained: 'org.springframework.security.authentication.UsernamePasswordAuthenticationToken@c4944c4b: Principal: vn.bananavietnam.ict.common.auth.MyUser@c4907816: Username: U0000000001; Password: [PROTECTED]; Enabled: true; AccountNonExpired: true; credentialsNonExpired: true; AccountNonLocked: true; Granted Authorities: 1; Credentials: [PROTECTED]; Authenticated: true; Details: org.springframework.security.web.authentication.WebAuthenticationDetails@fffbcba8: RemoteIpAddress: 0:0:0:0:0:0:0:1; SessionId: 4371118363AE4F6B4F6C9B7EB0BF014E; Granted Authorities: 1'
05-23-2017 09:42:28.343,DEBUG,9EC12D13C75BCD76B3D5E04FD1891654,/0001/ at position 9 of 11 in additional filter chain; firing Filter: 'SessionManagementFilter'
05-23-2017 09:42:28.343,DEBUG,9EC12D13C75BCD76B3D5E04FD1891654,/0001/ at position 10 of 11 in additional filter chain; firing Filter: 'ExceptionTranslationFilter'
05-23-2017 09:42:28.343,DEBUG,9EC12D13C75BCD76B3D5E04FD1891654,/0001/ at position 11 of 11 in additional filter chain; firing Filter: 'FilterSecurityInterceptor'
05-23-2017 09:42:28.343,DEBUG,9EC12D13C75BCD76B3D5E04FD1891654,Checking match of request : '/0001/'; against '/autherror*'
05-23-2017 09:42:28.343,DEBUG,9EC12D13C75BCD76B3D5E04FD1891654,Checking match of request : '/0001/'; against '/login/**'
05-23-2017 09:42:28.343,DEBUG,9EC12D13C75BCD76B3D5E04FD1891654,Checking match of request : '/0001/'; against '/error/**'
05-23-2017 09:42:28.343,DEBUG,9EC12D13C75BCD76B3D5E04FD1891654,Checking match of request : '/0001/'; against '/0001/**'
05-23-2017 09:42:28.343,DEBUG,9EC12D13C75BCD76B3D5E04FD1891654,Secure object: FilterInvocation: URL: /0001/; Attributes: [ROLE_ADMIN, ROLE_USER, IS_AUTHENTICATED_FULLY]
05-23-2017 09:42:28.343,DEBUG,9EC12D13C75BCD76B3D5E04FD1891654,Previously Authenticated: org.springframework.security.authentication.UsernamePasswordAuthenticationToken@c4944c4b: Principal: vn.bananavietnam.ict.common.auth.MyUser@c4907816: Username: U0000000001; Password: [PROTECTED]; Enabled: true; AccountNonExpired: true; credentialsNonExpired: true; AccountNonLocked: true; Granted Authorities: 1; Credentials: [PROTECTED]; Authenticated: true; Details: org.springframework.security.web.authentication.WebAuthenticationDetails@fffbcba8: RemoteIpAddress: 0:0:0:0:0:0:0:1; SessionId: 4371118363AE4F6B4F6C9B7EB0BF014E; Granted Authorities: 1
05-23-2017 09:42:28.344,DEBUG,9EC12D13C75BCD76B3D5E04FD1891654,Voter: org.springframework.security.access.vote.RoleVoter@1ac872d, returned: -1
05-23-2017 09:42:28.344,DEBUG,9EC12D13C75BCD76B3D5E04FD1891654,Voter: org.springframework.security.access.vote.AuthenticatedVoter@b1927d, returned: 1
05-23-2017 09:42:28.344,DEBUG,9EC12D13C75BCD76B3D5E04FD1891654,Authorization successful
05-23-2017 09:42:28.344,DEBUG,9EC12D13C75BCD76B3D5E04FD1891654,RunAsManager did not change Authentication object
05-23-2017 09:42:28.344,DEBUG,9EC12D13C75BCD76B3D5E04FD1891654,/0001/ reached end of additional filter chain; proceeding with original chain
05-23-2017 09:42:28.344,DEBUG,9EC12D13C75BCD76B3D5E04FD1891654,Request [/ict/0001/] is not a multipart request
05-23-2017 09:42:28.344,DEBUG,DC04326CAD58940552DB10E5E22105DE,DispatcherServlet with name 'appServlet' processing GET request for [/ict/0001/]
05-23-2017 09:42:28.344,DEBUG,DC04326CAD58940552DB10E5E22105DE,Looking up handler method for path /0001/
05-23-2017 09:42:28.344,DEBUG,DC04326CAD58940552DB10E5E22105DE,Returning handler method [public java.lang.String vn.bananavietnam.ict.banana.controller.Bnn0001BananaMenuController.top(javax.servlet.http.HttpServletRequest,java.util.Locale,org.springframework.ui.Model)]
05-23-2017 09:42:28.344,DEBUG,DC04326CAD58940552DB10E5E22105DE,Returning cached instance of singleton bean 'bnn0001BananaMenuController'
05-23-2017 09:42:28.344,DEBUG,DC04326CAD58940552DB10E5E22105DE,Last-Modified value for [/ict/0001/] is: -1
05-23-2017 09:42:28.345,DEBUG,DC04326CAD58940552DB10E5E22105DE,Returning cached instance of singleton bean 'xml_path'
05-23-2017 09:42:28.347,DEBUG,DC04326CAD58940552DB10E5E22105DE,Rendering view [org.springframework.web.servlet.view.JstlView: name 'banana/Bnn0001BananaMenu'; URL [/WEB-INF/views/banana/Bnn0001BananaMenu.jsp]] in DispatcherServlet with name 'appServlet'
05-23-2017 09:42:28.347,DEBUG,DC04326CAD58940552DB10E5E22105DE,Added model object 'resetDate' of type [java.lang.String] to request in view with name 'banana/Bnn0001BananaMenu'
05-23-2017 09:42:28.347,DEBUG,DC04326CAD58940552DB10E5E22105DE,Added model object 'layoutDate' of type [java.lang.String] to request in view with name 'banana/Bnn0001BananaMenu'
05-23-2017 09:42:28.347,DEBUG,DC04326CAD58940552DB10E5E22105DE,Added model object 'jqueryUiCssDate' of type [java.lang.String] to request in view with name 'banana/Bnn0001BananaMenu'
05-23-2017 09:42:28.347,DEBUG,DC04326CAD58940552DB10E5E22105DE,Added model object 'messageHandlerDate' of type [java.lang.String] to request in view with name 'banana/Bnn0001BananaMenu'
05-23-2017 09:42:28.347,DEBUG,DC04326CAD58940552DB10E5E22105DE,Added model object 'jqueryDate' of type [java.lang.String] to request in view with name 'banana/Bnn0001BananaMenu'
05-23-2017 09:42:28.347,DEBUG,DC04326CAD58940552DB10E5E22105DE,Added model object 'jqueryUiDate' of type [java.lang.String] to request in view with name 'banana/Bnn0001BananaMenu'
05-23-2017 09:42:28.347,DEBUG,DC04326CAD58940552DB10E5E22105DE,Added model object 'datepickerDate' of type [java.lang.String] to request in view with name 'banana/Bnn0001BananaMenu'
05-23-2017 09:42:28.348,DEBUG,DC04326CAD58940552DB10E5E22105DE,Added model object 'inputmaskDate' of type [java.lang.String] to request in view with name 'banana/Bnn0001BananaMenu'
05-23-2017 09:42:28.348,DEBUG,DC04326CAD58940552DB10E5E22105DE,Added model object 'jqueryInputmaskDate' of type [java.lang.String] to request in view with name 'banana/Bnn0001BananaMenu'
05-23-2017 09:42:28.348,DEBUG,DC04326CAD58940552DB10E5E22105DE,Added model object 'inputMaskExtDate' of type [java.lang.String] to request in view with name 'banana/Bnn0001BananaMenu'
05-23-2017 09:42:28.348,DEBUG,DC04326CAD58940552DB10E5E22105DE,Added model object 'calendarDate' of type [java.lang.String] to request in view with name 'banana/Bnn0001BananaMenu'
05-23-2017 09:42:28.348,DEBUG,DC04326CAD58940552DB10E5E22105DE,Added model object 'messageDate' of type [java.lang.String] to request in view with name 'banana/Bnn0001BananaMenu'
05-23-2017 09:42:28.348,DEBUG,DC04326CAD58940552DB10E5E22105DE,Added model object 'storageDate' of type [java.lang.String] to request in view with name 'banana/Bnn0001BananaMenu'
05-23-2017 09:42:28.348,DEBUG,DC04326CAD58940552DB10E5E22105DE,Added model object 'commonDate' of type [java.lang.String] to request in view with name 'banana/Bnn0001BananaMenu'
05-23-2017 09:42:28.348,DEBUG,DC04326CAD58940552DB10E5E22105DE,Added model object 'bananaMenuCssDate' of type [java.lang.String] to request in view with name 'banana/Bnn0001BananaMenu'
05-23-2017 09:42:28.348,DEBUG,DC04326CAD58940552DB10E5E22105DE,Added model object 'bananaMenuJsDate' of type [java.lang.String] to request in view with name 'banana/Bnn0001BananaMenu'
05-23-2017 09:42:28.348,DEBUG,DC04326CAD58940552DB10E5E22105DE,Forwarding to resource [/WEB-INF/views/banana/Bnn0001BananaMenu.jsp] in InternalResourceView 'banana/Bnn0001BananaMenu'
05-23-2017 09:42:28.348,DEBUG,DC04326CAD58940552DB10E5E22105DE,Render request received for definition 'defaultTemplate'
05-23-2017 09:42:28.350,DEBUG,DC04326CAD58940552DB10E5E22105DE,Successfully completed request
05-23-2017 09:42:28.350,DEBUG,DC04326CAD58940552DB10E5E22105DE,Chain processed normally
05-23-2017 09:42:28.350,DEBUG,DC04326CAD58940552DB10E5E22105DE,SecurityContextHolder now cleared, as request processing completed
05-23-2017 09:42:29.544,DEBUG,9EC12D13C75BCD76B3D5E04FD1891654,/0089/ at position 1 of 11 in additional filter chain; firing Filter: 'SecurityContextPersistenceFilter'
05-23-2017 09:42:29.544,DEBUG,9EC12D13C75BCD76B3D5E04FD1891654,Obtained a valid SecurityContext from SPRING_SECURITY_CONTEXT: 'org.springframework.security.core.context.SecurityContextImpl@c4944c4b: Authentication: org.springframework.security.authentication.UsernamePasswordAuthenticationToken@c4944c4b: Principal: vn.bananavietnam.ict.common.auth.MyUser@c4907816: Username: U0000000001; Password: [PROTECTED]; Enabled: true; AccountNonExpired: true; credentialsNonExpired: true; AccountNonLocked: true; Granted Authorities: 1; Credentials: [PROTECTED]; Authenticated: true; Details: org.springframework.security.web.authentication.WebAuthenticationDetails@fffbcba8: RemoteIpAddress: 0:0:0:0:0:0:0:1; SessionId: 4371118363AE4F6B4F6C9B7EB0BF014E; Granted Authorities: 1'
05-23-2017 09:42:29.544,DEBUG,9EC12D13C75BCD76B3D5E04FD1891654,/0089/ at position 2 of 11 in additional filter chain; firing Filter: 'WebAsyncManagerIntegrationFilter'
05-23-2017 09:42:29.544,DEBUG,9EC12D13C75BCD76B3D5E04FD1891654,/0089/ at position 3 of 11 in additional filter chain; firing Filter: 'LogoutFilter'
05-23-2017 09:42:29.544,DEBUG,9EC12D13C75BCD76B3D5E04FD1891654,/0089/ at position 4 of 11 in additional filter chain; firing Filter: 'UsernamePasswordAuthenticationFilter'
05-23-2017 09:42:29.544,DEBUG,9EC12D13C75BCD76B3D5E04FD1891654,/0089/ at position 5 of 11 in additional filter chain; firing Filter: 'BasicAuthenticationFilter'
05-23-2017 09:42:29.544,DEBUG,9EC12D13C75BCD76B3D5E04FD1891654,/0089/ at position 6 of 11 in additional filter chain; firing Filter: 'RequestCacheAwareFilter'
05-23-2017 09:42:29.544,DEBUG,9EC12D13C75BCD76B3D5E04FD1891654,/0089/ at position 7 of 11 in additional filter chain; firing Filter: 'SecurityContextHolderAwareRequestFilter'
05-23-2017 09:42:29.544,DEBUG,9EC12D13C75BCD76B3D5E04FD1891654,/0089/ at position 8 of 11 in additional filter chain; firing Filter: 'AnonymousAuthenticationFilter'
05-23-2017 09:42:29.544,DEBUG,9EC12D13C75BCD76B3D5E04FD1891654,SecurityContextHolder not populated with anonymous token, as it already contained: 'org.springframework.security.authentication.UsernamePasswordAuthenticationToken@c4944c4b: Principal: vn.bananavietnam.ict.common.auth.MyUser@c4907816: Username: U0000000001; Password: [PROTECTED]; Enabled: true; AccountNonExpired: true; credentialsNonExpired: true; AccountNonLocked: true; Granted Authorities: 1; Credentials: [PROTECTED]; Authenticated: true; Details: org.springframework.security.web.authentication.WebAuthenticationDetails@fffbcba8: RemoteIpAddress: 0:0:0:0:0:0:0:1; SessionId: 4371118363AE4F6B4F6C9B7EB0BF014E; Granted Authorities: 1'
05-23-2017 09:42:29.544,DEBUG,9EC12D13C75BCD76B3D5E04FD1891654,/0089/ at position 9 of 11 in additional filter chain; firing Filter: 'SessionManagementFilter'
05-23-2017 09:42:29.544,DEBUG,9EC12D13C75BCD76B3D5E04FD1891654,/0089/ at position 10 of 11 in additional filter chain; firing Filter: 'ExceptionTranslationFilter'
05-23-2017 09:42:29.544,DEBUG,9EC12D13C75BCD76B3D5E04FD1891654,/0089/ at position 11 of 11 in additional filter chain; firing Filter: 'FilterSecurityInterceptor'
05-23-2017 09:42:29.544,DEBUG,9EC12D13C75BCD76B3D5E04FD1891654,Checking match of request : '/0089/'; against '/autherror*'
05-23-2017 09:42:29.544,DEBUG,9EC12D13C75BCD76B3D5E04FD1891654,Checking match of request : '/0089/'; against '/login/**'
05-23-2017 09:42:29.544,DEBUG,9EC12D13C75BCD76B3D5E04FD1891654,Checking match of request : '/0089/'; against '/error/**'
05-23-2017 09:42:29.544,DEBUG,9EC12D13C75BCD76B3D5E04FD1891654,Checking match of request : '/0089/'; against '/0001/**'
05-23-2017 09:42:29.544,DEBUG,9EC12D13C75BCD76B3D5E04FD1891654,Checking match of request : '/0089/'; against '/0002/**'
05-23-2017 09:42:29.544,DEBUG,9EC12D13C75BCD76B3D5E04FD1891654,Checking match of request : '/0089/'; against '/0003/**'
05-23-2017 09:42:29.545,DEBUG,9EC12D13C75BCD76B3D5E04FD1891654,Checking match of request : '/0089/'; against '/0005/**'
05-23-2017 09:42:29.545,DEBUG,9EC12D13C75BCD76B3D5E04FD1891654,Checking match of request : '/0089/'; against '/0007/**'
05-23-2017 09:42:29.545,DEBUG,9EC12D13C75BCD76B3D5E04FD1891654,Checking match of request : '/0089/'; against '/0009/**'
05-23-2017 09:42:29.545,DEBUG,9EC12D13C75BCD76B3D5E04FD1891654,Checking match of request : '/0089/'; against '/0013/**'
05-23-2017 09:42:29.545,DEBUG,9EC12D13C75BCD76B3D5E04FD1891654,Checking match of request : '/0089/'; against '/0023/**'
05-23-2017 09:42:29.545,DEBUG,9EC12D13C75BCD76B3D5E04FD1891654,Checking match of request : '/0089/'; against '/0017/**'
05-23-2017 09:42:29.545,DEBUG,9EC12D13C75BCD76B3D5E04FD1891654,Checking match of request : '/0089/'; against '/0031/**'
05-23-2017 09:42:29.545,DEBUG,9EC12D13C75BCD76B3D5E04FD1891654,Checking match of request : '/0089/'; against '/0035/**'
05-23-2017 09:42:29.545,DEBUG,9EC12D13C75BCD76B3D5E04FD1891654,Checking match of request : '/0089/'; against '/0037/**'
05-23-2017 09:42:29.545,DEBUG,9EC12D13C75BCD76B3D5E04FD1891654,Checking match of request : '/0089/'; against '/0045/**'
05-23-2017 09:42:29.545,DEBUG,9EC12D13C75BCD76B3D5E04FD1891654,Checking match of request : '/0089/'; against '/0047/**'
05-23-2017 09:42:29.545,DEBUG,9EC12D13C75BCD76B3D5E04FD1891654,Checking match of request : '/0089/'; against '/0049/**'
05-23-2017 09:42:29.545,DEBUG,9EC12D13C75BCD76B3D5E04FD1891654,Checking match of request : '/0089/'; against '/0061/**'
05-23-2017 09:42:29.545,DEBUG,9EC12D13C75BCD76B3D5E04FD1891654,Checking match of request : '/0089/'; against '/0087/**'
05-23-2017 09:42:29.545,DEBUG,9EC12D13C75BCD76B3D5E04FD1891654,Checking match of request : '/0089/'; against '/0075/**'
05-23-2017 09:42:29.545,DEBUG,9EC12D13C75BCD76B3D5E04FD1891654,Checking match of request : '/0089/'; against '/0089/**'
05-23-2017 09:42:29.545,DEBUG,9EC12D13C75BCD76B3D5E04FD1891654,Secure object: FilterInvocation: URL: /0089/; Attributes: [ROLE_ADMIN, ROLE_USER, IS_AUTHENTICATED_FULLY]
05-23-2017 09:42:29.545,DEBUG,9EC12D13C75BCD76B3D5E04FD1891654,Previously Authenticated: org.springframework.security.authentication.UsernamePasswordAuthenticationToken@c4944c4b: Principal: vn.bananavietnam.ict.common.auth.MyUser@c4907816: Username: U0000000001; Password: [PROTECTED]; Enabled: true; AccountNonExpired: true; credentialsNonExpired: true; AccountNonLocked: true; Granted Authorities: 1; Credentials: [PROTECTED]; Authenticated: true; Details: org.springframework.security.web.authentication.WebAuthenticationDetails@fffbcba8: RemoteIpAddress: 0:0:0:0:0:0:0:1; SessionId: 4371118363AE4F6B4F6C9B7EB0BF014E; Granted Authorities: 1
05-23-2017 09:42:29.545,DEBUG,9EC12D13C75BCD76B3D5E04FD1891654,Voter: org.springframework.security.access.vote.RoleVoter@1ac872d, returned: -1
05-23-2017 09:42:29.545,DEBUG,9EC12D13C75BCD76B3D5E04FD1891654,Voter: org.springframework.security.access.vote.AuthenticatedVoter@b1927d, returned: 1
05-23-2017 09:42:29.545,DEBUG,9EC12D13C75BCD76B3D5E04FD1891654,Authorization successful
05-23-2017 09:42:29.545,DEBUG,9EC12D13C75BCD76B3D5E04FD1891654,RunAsManager did not change Authentication object
05-23-2017 09:42:29.545,DEBUG,9EC12D13C75BCD76B3D5E04FD1891654,/0089/ reached end of additional filter chain; proceeding with original chain
05-23-2017 09:42:29.545,DEBUG,9EC12D13C75BCD76B3D5E04FD1891654,Request [/ict/0089/] is not a multipart request
05-23-2017 09:42:29.545,DEBUG,DC04326CAD58940552DB10E5E22105DE,DispatcherServlet with name 'appServlet' processing GET request for [/ict/0089/]
05-23-2017 09:42:29.545,DEBUG,DC04326CAD58940552DB10E5E22105DE,Looking up handler method for path /0089/
05-23-2017 09:42:29.545,DEBUG,DC04326CAD58940552DB10E5E22105DE,Returning handler method [public java.lang.String vn.bananavietnam.ict.banana.controller.Bnn0089SearchTaskController.top(javax.servlet.http.HttpServletRequest,java.util.Locale,org.springframework.ui.Model)]
05-23-2017 09:42:29.545,DEBUG,DC04326CAD58940552DB10E5E22105DE,Returning cached instance of singleton bean 'bnn0089SearchTaskController'
05-23-2017 09:42:29.545,DEBUG,DC04326CAD58940552DB10E5E22105DE,Last-Modified value for [/ict/0089/] is: -1
05-23-2017 09:42:29.545,DEBUG,DC04326CAD58940552DB10E5E22105DE,Returning cached instance of singleton bean 'xml_path'
05-23-2017 09:42:29.548,DEBUG,DC04326CAD58940552DB10E5E22105DE,Rendering view [org.springframework.web.servlet.view.JstlView: name 'banana/Bnn0089SearchTask'; URL [/WEB-INF/views/banana/Bnn0089SearchTask.jsp]] in DispatcherServlet with name 'appServlet'
05-23-2017 09:42:29.548,DEBUG,DC04326CAD58940552DB10E5E22105DE,Added model object 'resetDate' of type [java.lang.String] to request in view with name 'banana/Bnn0089SearchTask'
05-23-2017 09:42:29.548,DEBUG,DC04326CAD58940552DB10E5E22105DE,Added model object 'layoutDate' of type [java.lang.String] to request in view with name 'banana/Bnn0089SearchTask'
05-23-2017 09:42:29.548,DEBUG,DC04326CAD58940552DB10E5E22105DE,Added model object 'jqueryUiCssDate' of type [java.lang.String] to request in view with name 'banana/Bnn0089SearchTask'
05-23-2017 09:42:29.548,DEBUG,DC04326CAD58940552DB10E5E22105DE,Added model object 'messageHandlerDate' of type [java.lang.String] to request in view with name 'banana/Bnn0089SearchTask'
05-23-2017 09:42:29.548,DEBUG,DC04326CAD58940552DB10E5E22105DE,Added model object 'jqueryDate' of type [java.lang.String] to request in view with name 'banana/Bnn0089SearchTask'
05-23-2017 09:42:29.548,DEBUG,DC04326CAD58940552DB10E5E22105DE,Added model object 'jqueryUiDate' of type [java.lang.String] to request in view with name 'banana/Bnn0089SearchTask'
05-23-2017 09:42:29.548,DEBUG,DC04326CAD58940552DB10E5E22105DE,Added model object 'datepickerDate' of type [java.lang.String] to request in view with name 'banana/Bnn0089SearchTask'
05-23-2017 09:42:29.548,DEBUG,DC04326CAD58940552DB10E5E22105DE,Added model object 'inputmaskDate' of type [java.lang.String] to request in view with name 'banana/Bnn0089SearchTask'
05-23-2017 09:42:29.548,DEBUG,DC04326CAD58940552DB10E5E22105DE,Added model object 'jqueryInputmaskDate' of type [java.lang.String] to request in view with name 'banana/Bnn0089SearchTask'
05-23-2017 09:42:29.548,DEBUG,DC04326CAD58940552DB10E5E22105DE,Added model object 'inputMaskExtDate' of type [java.lang.String] to request in view with name 'banana/Bnn0089SearchTask'
05-23-2017 09:42:29.548,DEBUG,DC04326CAD58940552DB10E5E22105DE,Added model object 'calendarDate' of type [java.lang.String] to request in view with name 'banana/Bnn0089SearchTask'
05-23-2017 09:42:29.548,DEBUG,DC04326CAD58940552DB10E5E22105DE,Added model object 'messageDate' of type [java.lang.String] to request in view with name 'banana/Bnn0089SearchTask'
05-23-2017 09:42:29.548,DEBUG,DC04326CAD58940552DB10E5E22105DE,Added model object 'storageDate' of type [java.lang.String] to request in view with name 'banana/Bnn0089SearchTask'
05-23-2017 09:42:29.548,DEBUG,DC04326CAD58940552DB10E5E22105DE,Added model object 'commonDate' of type [java.lang.String] to request in view with name 'banana/Bnn0089SearchTask'
05-23-2017 09:42:29.548,DEBUG,DC04326CAD58940552DB10E5E22105DE,Added model object 'searchTaskCssDate' of type [java.lang.String] to request in view with name 'banana/Bnn0089SearchTask'
05-23-2017 09:42:29.548,DEBUG,DC04326CAD58940552DB10E5E22105DE,Added model object 'searchTaskJsDate' of type [java.lang.String] to request in view with name 'banana/Bnn0089SearchTask'
05-23-2017 09:42:29.548,DEBUG,DC04326CAD58940552DB10E5E22105DE,Forwarding to resource [/WEB-INF/views/banana/Bnn0089SearchTask.jsp] in InternalResourceView 'banana/Bnn0089SearchTask'
05-23-2017 09:42:29.549,DEBUG,DC04326CAD58940552DB10E5E22105DE,Render request received for definition 'defaultTemplate'
05-23-2017 09:42:29.552,DEBUG,DC04326CAD58940552DB10E5E22105DE,Successfully completed request
05-23-2017 09:42:29.552,DEBUG,DC04326CAD58940552DB10E5E22105DE,Chain processed normally
05-23-2017 09:42:29.552,DEBUG,DC04326CAD58940552DB10E5E22105DE,SecurityContextHolder now cleared, as request processing completed
05-23-2017 09:42:29.593,DEBUG,3EB9072B76EC518C7BAA9549B5F44C09,/0089/searchData at position 1 of 11 in additional filter chain; firing Filter: 'SecurityContextPersistenceFilter'
05-23-2017 09:42:29.593,DEBUG,3EB9072B76EC518C7BAA9549B5F44C09,Obtained a valid SecurityContext from SPRING_SECURITY_CONTEXT: 'org.springframework.security.core.context.SecurityContextImpl@c4944c4b: Authentication: org.springframework.security.authentication.UsernamePasswordAuthenticationToken@c4944c4b: Principal: vn.bananavietnam.ict.common.auth.MyUser@c4907816: Username: U0000000001; Password: [PROTECTED]; Enabled: true; AccountNonExpired: true; credentialsNonExpired: true; AccountNonLocked: true; Granted Authorities: 1; Credentials: [PROTECTED]; Authenticated: true; Details: org.springframework.security.web.authentication.WebAuthenticationDetails@fffbcba8: RemoteIpAddress: 0:0:0:0:0:0:0:1; SessionId: 4371118363AE4F6B4F6C9B7EB0BF014E; Granted Authorities: 1'
05-23-2017 09:42:29.593,DEBUG,3EB9072B76EC518C7BAA9549B5F44C09,/0089/searchData at position 2 of 11 in additional filter chain; firing Filter: 'WebAsyncManagerIntegrationFilter'
05-23-2017 09:42:29.593,DEBUG,3EB9072B76EC518C7BAA9549B5F44C09,/0089/searchData at position 3 of 11 in additional filter chain; firing Filter: 'LogoutFilter'
05-23-2017 09:42:29.593,DEBUG,3EB9072B76EC518C7BAA9549B5F44C09,/0089/searchData at position 4 of 11 in additional filter chain; firing Filter: 'UsernamePasswordAuthenticationFilter'
05-23-2017 09:42:29.593,DEBUG,3EB9072B76EC518C7BAA9549B5F44C09,/0089/searchData at position 5 of 11 in additional filter chain; firing Filter: 'BasicAuthenticationFilter'
05-23-2017 09:42:29.593,DEBUG,3EB9072B76EC518C7BAA9549B5F44C09,/0089/searchData at position 6 of 11 in additional filter chain; firing Filter: 'RequestCacheAwareFilter'
05-23-2017 09:42:29.593,DEBUG,3EB9072B76EC518C7BAA9549B5F44C09,/0089/searchData at position 7 of 11 in additional filter chain; firing Filter: 'SecurityContextHolderAwareRequestFilter'
05-23-2017 09:42:29.593,DEBUG,3EB9072B76EC518C7BAA9549B5F44C09,/0089/searchData at position 8 of 11 in additional filter chain; firing Filter: 'AnonymousAuthenticationFilter'
05-23-2017 09:42:29.593,DEBUG,3EB9072B76EC518C7BAA9549B5F44C09,SecurityContextHolder not populated with anonymous token, as it already contained: 'org.springframework.security.authentication.UsernamePasswordAuthenticationToken@c4944c4b: Principal: vn.bananavietnam.ict.common.auth.MyUser@c4907816: Username: U0000000001; Password: [PROTECTED]; Enabled: true; AccountNonExpired: true; credentialsNonExpired: true; AccountNonLocked: true; Granted Authorities: 1; Credentials: [PROTECTED]; Authenticated: true; Details: org.springframework.security.web.authentication.WebAuthenticationDetails@fffbcba8: RemoteIpAddress: 0:0:0:0:0:0:0:1; SessionId: 4371118363AE4F6B4F6C9B7EB0BF014E; Granted Authorities: 1'
05-23-2017 09:42:29.594,DEBUG,3EB9072B76EC518C7BAA9549B5F44C09,/0089/searchData at position 9 of 11 in additional filter chain; firing Filter: 'SessionManagementFilter'
05-23-2017 09:42:29.594,DEBUG,3EB9072B76EC518C7BAA9549B5F44C09,/0089/searchData at position 10 of 11 in additional filter chain; firing Filter: 'ExceptionTranslationFilter'
05-23-2017 09:42:29.594,DEBUG,3EB9072B76EC518C7BAA9549B5F44C09,/0089/searchData at position 11 of 11 in additional filter chain; firing Filter: 'FilterSecurityInterceptor'
05-23-2017 09:42:29.594,DEBUG,3EB9072B76EC518C7BAA9549B5F44C09,Checking match of request : '/0089/searchdata'; against '/autherror*'
05-23-2017 09:42:29.594,DEBUG,3EB9072B76EC518C7BAA9549B5F44C09,Checking match of request : '/0089/searchdata'; against '/login/**'
05-23-2017 09:42:29.594,DEBUG,3EB9072B76EC518C7BAA9549B5F44C09,Checking match of request : '/0089/searchdata'; against '/error/**'
05-23-2017 09:42:29.594,DEBUG,3EB9072B76EC518C7BAA9549B5F44C09,Checking match of request : '/0089/searchdata'; against '/0001/**'
05-23-2017 09:42:29.594,DEBUG,3EB9072B76EC518C7BAA9549B5F44C09,Checking match of request : '/0089/searchdata'; against '/0002/**'
05-23-2017 09:42:29.594,DEBUG,3EB9072B76EC518C7BAA9549B5F44C09,Checking match of request : '/0089/searchdata'; against '/0003/**'
05-23-2017 09:42:29.594,DEBUG,3EB9072B76EC518C7BAA9549B5F44C09,Checking match of request : '/0089/searchdata'; against '/0005/**'
05-23-2017 09:42:29.594,DEBUG,3EB9072B76EC518C7BAA9549B5F44C09,Checking match of request : '/0089/searchdata'; against '/0007/**'
05-23-2017 09:42:29.594,DEBUG,3EB9072B76EC518C7BAA9549B5F44C09,Checking match of request : '/0089/searchdata'; against '/0009/**'
05-23-2017 09:42:29.594,DEBUG,3EB9072B76EC518C7BAA9549B5F44C09,Checking match of request : '/0089/searchdata'; against '/0013/**'
05-23-2017 09:42:29.594,DEBUG,3EB9072B76EC518C7BAA9549B5F44C09,Checking match of request : '/0089/searchdata'; against '/0023/**'
05-23-2017 09:42:29.594,DEBUG,3EB9072B76EC518C7BAA9549B5F44C09,Checking match of request : '/0089/searchdata'; against '/0017/**'
05-23-2017 09:42:29.594,DEBUG,3EB9072B76EC518C7BAA9549B5F44C09,Checking match of request : '/0089/searchdata'; against '/0031/**'
05-23-2017 09:42:29.594,DEBUG,3EB9072B76EC518C7BAA9549B5F44C09,Checking match of request : '/0089/searchdata'; against '/0035/**'
05-23-2017 09:42:29.594,DEBUG,3EB9072B76EC518C7BAA9549B5F44C09,Checking match of request : '/0089/searchdata'; against '/0037/**'
05-23-2017 09:42:29.594,DEBUG,3EB9072B76EC518C7BAA9549B5F44C09,Checking match of request : '/0089/searchdata'; against '/0045/**'
05-23-2017 09:42:29.594,DEBUG,3EB9072B76EC518C7BAA9549B5F44C09,Checking match of request : '/0089/searchdata'; against '/0047/**'
05-23-2017 09:42:29.594,DEBUG,3EB9072B76EC518C7BAA9549B5F44C09,Checking match of request : '/0089/searchdata'; against '/0049/**'
05-23-2017 09:42:29.594,DEBUG,3EB9072B76EC518C7BAA9549B5F44C09,Checking match of request : '/0089/searchdata'; against '/0061/**'
05-23-2017 09:42:29.594,DEBUG,3EB9072B76EC518C7BAA9549B5F44C09,Checking match of request : '/0089/searchdata'; against '/0087/**'
05-23-2017 09:42:29.594,DEBUG,3EB9072B76EC518C7BAA9549B5F44C09,Checking match of request : '/0089/searchdata'; against '/0075/**'
05-23-2017 09:42:29.594,DEBUG,3EB9072B76EC518C7BAA9549B5F44C09,Checking match of request : '/0089/searchdata'; against '/0089/**'
05-23-2017 09:42:29.594,DEBUG,3EB9072B76EC518C7BAA9549B5F44C09,Secure object: FilterInvocation: URL: /0089/searchData; Attributes: [ROLE_ADMIN, ROLE_USER, IS_AUTHENTICATED_FULLY]
05-23-2017 09:42:29.594,DEBUG,3EB9072B76EC518C7BAA9549B5F44C09,Previously Authenticated: org.springframework.security.authentication.UsernamePasswordAuthenticationToken@c4944c4b: Principal: vn.bananavietnam.ict.common.auth.MyUser@c4907816: Username: U0000000001; Password: [PROTECTED]; Enabled: true; AccountNonExpired: true; credentialsNonExpired: true; AccountNonLocked: true; Granted Authorities: 1; Credentials: [PROTECTED]; Authenticated: true; Details: org.springframework.security.web.authentication.WebAuthenticationDetails@fffbcba8: RemoteIpAddress: 0:0:0:0:0:0:0:1; SessionId: 4371118363AE4F6B4F6C9B7EB0BF014E; Granted Authorities: 1
05-23-2017 09:42:29.594,DEBUG,3EB9072B76EC518C7BAA9549B5F44C09,Voter: org.springframework.security.access.vote.RoleVoter@1ac872d, returned: -1
05-23-2017 09:42:29.594,DEBUG,3EB9072B76EC518C7BAA9549B5F44C09,Voter: org.springframework.security.access.vote.AuthenticatedVoter@b1927d, returned: 1
05-23-2017 09:42:29.594,DEBUG,3EB9072B76EC518C7BAA9549B5F44C09,Authorization successful
05-23-2017 09:42:29.594,DEBUG,3EB9072B76EC518C7BAA9549B5F44C09,RunAsManager did not change Authentication object
05-23-2017 09:42:29.594,DEBUG,3EB9072B76EC518C7BAA9549B5F44C09,/0089/searchData reached end of additional filter chain; proceeding with original chain
05-23-2017 09:42:29.594,DEBUG,3EB9072B76EC518C7BAA9549B5F44C09,Request [/ict/0089/searchData] is not a multipart request
05-23-2017 09:42:29.594,DEBUG,DC04326CAD58940552DB10E5E22105DE,DispatcherServlet with name 'appServlet' processing POST request for [/ict/0089/searchData]
05-23-2017 09:42:29.594,DEBUG,DC04326CAD58940552DB10E5E22105DE,Looking up handler method for path /0089/searchData
05-23-2017 09:42:29.594,DEBUG,DC04326CAD58940552DB10E5E22105DE,Returning handler method [public java.util.List<vn.bananavietnam.ict.banana.component.Bnn0089SearchTaskResult> vn.bananavietnam.ict.banana.controller.Bnn0089SearchTaskController.searchData(vn.bananavietnam.ict.banana.component.Bnn0089SearchTaskConditions)]
05-23-2017 09:42:29.594,DEBUG,DC04326CAD58940552DB10E5E22105DE,Returning cached instance of singleton bean 'bnn0089SearchTaskController'
05-23-2017 09:42:29.594,DEBUG,DC04326CAD58940552DB10E5E22105DE,Returning cached instance of singleton bean 'xml_path'
05-23-2017 09:42:29.595,DEBUG,DC04326CAD58940552DB10E5E22105DE,Skip CORS processing: request is from same origin
05-23-2017 09:42:29.595,DEBUG,DC04326CAD58940552DB10E5E22105DE,Read [class vn.bananavietnam.ict.banana.component.Bnn0089SearchTaskConditions] as "application/json" with [org.springframework.http.converter.json.MappingJackson2HttpMessageConverter@156f2cc]
05-23-2017 09:42:29.595,INFO ,DC04326CAD58940552DB10E5E22105DE,U0000000001,vn.bananavietnam.ict.banana.service.Bnn0089SearchTaskService,searchData,[vn.bananavietnam.ict.banana.component.Bnn0089SearchTaskConditions@1ea117a] METHOD START
05-23-2017 09:42:29.595,DEBUG,DC04326CAD58940552DB10E5E22105DE,Returning cached instance of singleton bean 'transactionManager'
05-23-2017 09:42:29.595,INFO ,DC04326CAD58940552DB10E5E22105DE,U0000000001,Task searching started
05-23-2017 09:42:29.595,DEBUG,DC04326CAD58940552DB10E5E22105DE,Creating a new SqlSession
05-23-2017 09:42:29.595,DEBUG,DC04326CAD58940552DB10E5E22105DE,Registering transaction synchronization for SqlSession [org.apache.ibatis.session.defaults.DefaultSqlSession@1fad20d]
05-23-2017 09:42:29.596,DEBUG,DC04326CAD58940552DB10E5E22105DE,Fetching JDBC Connection from DataSource
05-23-2017 09:42:29.596,DEBUG,DC04326CAD58940552DB10E5E22105DE,Creating new JDBC DriverManager Connection to [jdbc:mysql://172.16.0.175:3306/BANANA_DB_HUNG_SELENIUM?useUnicode=yes&characterEncoding=UTF-8&autoReconnect=true]
05-23-2017 09:42:29.613,DEBUG,DC04326CAD58940552DB10E5E22105DE,Registering transaction synchronization for JDBC Connection
05-23-2017 09:42:29.613,DEBUG,DC04326CAD58940552DB10E5E22105DE,JDBC Connection [com.mysql.jdbc.JDBC4Connection@1165bb9] will be managed by Spring
05-23-2017 09:42:29.613,DEBUG,DC04326CAD58940552DB10E5E22105DE,==>  Preparing: SELECT T.TASK_ID taskId, T.TASK_NAME taskName, T.WORKING_DETAILS workingDetails, T.NOTE note, T.QUARANTINE_HANDLING_FLAG quarantineHandlingFlag, T.DELETE_FLAG deleteFlag, T.CHANGE_POINT_CODE changePointCode, T.LAST_UPDATE_DATE lastUpdateDate FROM IVB_M_TASK T WHERE 1 = 1 AND T.DELETE_FLAG = '0' ORDER BY T.TASK_NAME LIMIT ?,? 
05-23-2017 09:42:29.613,DEBUG,DC04326CAD58940552DB10E5E22105DE,==> Parameters: 0(Integer), 20(Integer)
05-23-2017 09:42:29.616,DEBUG,DC04326CAD58940552DB10E5E22105DE,<==      Total: 20
05-23-2017 09:42:29.616,DEBUG,DC04326CAD58940552DB10E5E22105DE,Releasing transactional SqlSession [org.apache.ibatis.session.defaults.DefaultSqlSession@1fad20d]
05-23-2017 09:42:29.616,INFO ,DC04326CAD58940552DB10E5E22105DE,U0000000001,SQL execution finished
05-23-2017 09:42:29.616,DEBUG,DC04326CAD58940552DB10E5E22105DE,Fetched SqlSession [org.apache.ibatis.session.defaults.DefaultSqlSession@1fad20d] from current transaction
05-23-2017 09:42:29.616,DEBUG,DC04326CAD58940552DB10E5E22105DE,==>  Preparing: SELECT COUNT(*) FROM IVB_M_TASK T WHERE 1 = 1 AND T.DELETE_FLAG = '0' ORDER BY T.TASK_ID 
05-23-2017 09:42:29.616,DEBUG,DC04326CAD58940552DB10E5E22105DE,==> Parameters: 
05-23-2017 09:42:29.617,DEBUG,DC04326CAD58940552DB10E5E22105DE,<==      Total: 1
05-23-2017 09:42:29.617,DEBUG,DC04326CAD58940552DB10E5E22105DE,Releasing transactional SqlSession [org.apache.ibatis.session.defaults.DefaultSqlSession@1fad20d]
05-23-2017 09:42:29.618,INFO ,DC04326CAD58940552DB10E5E22105DE,U0000000001,Task searching finished ==> 43 item(s)
05-23-2017 09:42:29.618,DEBUG,DC04326CAD58940552DB10E5E22105DE,Transaction synchronization deregistering SqlSession [org.apache.ibatis.session.defaults.DefaultSqlSession@1fad20d]
05-23-2017 09:42:29.618,DEBUG,DC04326CAD58940552DB10E5E22105DE,Transaction synchronization closing SqlSession [org.apache.ibatis.session.defaults.DefaultSqlSession@1fad20d]
05-23-2017 09:42:29.618,DEBUG,DC04326CAD58940552DB10E5E22105DE,Returning JDBC Connection to DataSource
05-23-2017 09:42:29.618,INFO ,DC04326CAD58940552DB10E5E22105DE,U0000000001,vn.bananavietnam.ict.banana.service.Bnn0089SearchTaskService,searchData,[vn.bananavietnam.ict.banana.component.Bnn0089SearchTaskConditions@1ea117a] METHOD END
05-23-2017 09:42:29.619,DEBUG,DC04326CAD58940552DB10E5E22105DE,Written [[vn.bananavietnam.ict.banana.component.Bnn0089SearchTaskResult@a09d95, vn.bananavietnam.ict.banana.component.Bnn0089SearchTaskResult@c77914, vn.bananavietnam.ict.banana.component.Bnn0089SearchTaskResult@11bfd55, vn.bananavietnam.ict.banana.component.Bnn0089SearchTaskResult@1f7a7a9, vn.bananavietnam.ict.banana.component.Bnn0089SearchTaskResult@1c7c9f7, vn.bananavietnam.ict.banana.component.Bnn0089SearchTaskResult@b0742, vn.bananavietnam.ict.banana.component.Bnn0089SearchTaskResult@5ca343, vn.bananavietnam.ict.banana.component.Bnn0089SearchTaskResult@9492ce, vn.bananavietnam.ict.banana.component.Bnn0089SearchTaskResult@1e17fda, vn.bananavietnam.ict.banana.component.Bnn0089SearchTaskResult@18852b3, vn.bananavietnam.ict.banana.component.Bnn0089SearchTaskResult@8daf7a, vn.bananavietnam.ict.banana.component.Bnn0089SearchTaskResult@8f4707, vn.bananavietnam.ict.banana.component.Bnn0089SearchTaskResult@c2ff23, vn.bananavietnam.ict.banana.component.Bnn0089SearchTaskResult@19c2a42, vn.bananavietnam.ict.banana.component.Bnn0089SearchTaskResult@45a934, vn.bananavietnam.ict.banana.component.Bnn0089SearchTaskResult@ca6ec4, vn.bananavietnam.ict.banana.component.Bnn0089SearchTaskResult@1f6ba99, vn.bananavietnam.ict.banana.component.Bnn0089SearchTaskResult@18a469f, vn.bananavietnam.ict.banana.component.Bnn0089SearchTaskResult@d75d93, vn.bananavietnam.ict.banana.component.Bnn0089SearchTaskResult@17cbb03]] as "application/json;charset=UTF-8" using [org.springframework.http.converter.json.MappingJackson2HttpMessageConverter@156f2cc]
05-23-2017 09:42:29.619,DEBUG,DC04326CAD58940552DB10E5E22105DE,Null ModelAndView returned to DispatcherServlet with name 'appServlet': assuming HandlerAdapter completed request handling
05-23-2017 09:42:29.619,DEBUG,DC04326CAD58940552DB10E5E22105DE,Successfully completed request
05-23-2017 09:42:29.619,DEBUG,DC04326CAD58940552DB10E5E22105DE,Chain processed normally
05-23-2017 09:42:29.619,DEBUG,DC04326CAD58940552DB10E5E22105DE,SecurityContextHolder now cleared, as request processing completed
