05-23-2017 10:52:59.745,DEBUG,703DA66B6E9225F509703152BB4E23E7,/0089/searchData at position 1 of 11 in additional filter chain; firing Filter: 'SecurityContextPersistenceFilter'
05-23-2017 10:52:59.745,DEBUG,703DA66B6E9225F509703152BB4E23E7,Obtained a valid SecurityContext from SPRING_SECURITY_CONTEXT: 'org.springframework.security.core.context.SecurityContextImpl@3b6f87e3: Authentication: org.springframework.security.authentication.UsernamePasswordAuthenticationToken@3b6f87e3: Principal: vn.bananavietnam.ict.common.auth.MyUser@c4907816: Username: U0000000001; Password: [PROTECTED]; Enabled: true; AccountNonExpired: true; credentialsNonExpired: true; AccountNonLocked: true; Granted Authorities: 1; Credentials: [PROTECTED]; Authenticated: true; Details: org.springframework.security.web.authentication.WebAuthenticationDetails@0: RemoteIpAddress: 0:0:0:0:0:0:0:1; SessionId: CBD0AC3E12D82C6DFC7853C947B7918C; Granted Authorities: 1'
05-23-2017 10:52:59.745,DEBUG,703DA66B6E9225F509703152BB4E23E7,/0089/searchData at position 2 of 11 in additional filter chain; firing Filter: 'WebAsyncManagerIntegrationFilter'
05-23-2017 10:52:59.745,DEBUG,703DA66B6E9225F509703152BB4E23E7,/0089/searchData at position 3 of 11 in additional filter chain; firing Filter: 'LogoutFilter'
05-23-2017 10:52:59.745,DEBUG,703DA66B6E9225F509703152BB4E23E7,/0089/searchData at position 4 of 11 in additional filter chain; firing Filter: 'UsernamePasswordAuthenticationFilter'
05-23-2017 10:52:59.745,DEBUG,703DA66B6E9225F509703152BB4E23E7,/0089/searchData at position 5 of 11 in additional filter chain; firing Filter: 'BasicAuthenticationFilter'
05-23-2017 10:52:59.745,DEBUG,703DA66B6E9225F509703152BB4E23E7,/0089/searchData at position 6 of 11 in additional filter chain; firing Filter: 'RequestCacheAwareFilter'
05-23-2017 10:52:59.745,DEBUG,703DA66B6E9225F509703152BB4E23E7,/0089/searchData at position 7 of 11 in additional filter chain; firing Filter: 'SecurityContextHolderAwareRequestFilter'
05-23-2017 10:52:59.745,DEBUG,703DA66B6E9225F509703152BB4E23E7,/0089/searchData at position 8 of 11 in additional filter chain; firing Filter: 'AnonymousAuthenticationFilter'
05-23-2017 10:52:59.745,DEBUG,703DA66B6E9225F509703152BB4E23E7,SecurityContextHolder not populated with anonymous token, as it already contained: 'org.springframework.security.authentication.UsernamePasswordAuthenticationToken@3b6f87e3: Principal: vn.bananavietnam.ict.common.auth.MyUser@c4907816: Username: U0000000001; Password: [PROTECTED]; Enabled: true; AccountNonExpired: true; credentialsNonExpired: true; AccountNonLocked: true; Granted Authorities: 1; Credentials: [PROTECTED]; Authenticated: true; Details: org.springframework.security.web.authentication.WebAuthenticationDetails@0: RemoteIpAddress: 0:0:0:0:0:0:0:1; SessionId: CBD0AC3E12D82C6DFC7853C947B7918C; Granted Authorities: 1'
05-23-2017 10:52:59.745,DEBUG,703DA66B6E9225F509703152BB4E23E7,/0089/searchData at position 9 of 11 in additional filter chain; firing Filter: 'SessionManagementFilter'
05-23-2017 10:52:59.745,DEBUG,703DA66B6E9225F509703152BB4E23E7,/0089/searchData at position 10 of 11 in additional filter chain; firing Filter: 'ExceptionTranslationFilter'
05-23-2017 10:52:59.745,DEBUG,703DA66B6E9225F509703152BB4E23E7,/0089/searchData at position 11 of 11 in additional filter chain; firing Filter: 'FilterSecurityInterceptor'
05-23-2017 10:52:59.745,DEBUG,703DA66B6E9225F509703152BB4E23E7,Checking match of request : '/0089/searchdata'; against '/autherror*'
05-23-2017 10:52:59.745,DEBUG,703DA66B6E9225F509703152BB4E23E7,Checking match of request : '/0089/searchdata'; against '/login/**'
05-23-2017 10:52:59.745,DEBUG,703DA66B6E9225F509703152BB4E23E7,Checking match of request : '/0089/searchdata'; against '/error/**'
05-23-2017 10:52:59.745,DEBUG,703DA66B6E9225F509703152BB4E23E7,Checking match of request : '/0089/searchdata'; against '/0001/**'
05-23-2017 10:52:59.745,DEBUG,703DA66B6E9225F509703152BB4E23E7,Checking match of request : '/0089/searchdata'; against '/0002/**'
05-23-2017 10:52:59.745,DEBUG,703DA66B6E9225F509703152BB4E23E7,Checking match of request : '/0089/searchdata'; against '/0003/**'
05-23-2017 10:52:59.745,DEBUG,703DA66B6E9225F509703152BB4E23E7,Checking match of request : '/0089/searchdata'; against '/0005/**'
05-23-2017 10:52:59.745,DEBUG,703DA66B6E9225F509703152BB4E23E7,Checking match of request : '/0089/searchdata'; against '/0007/**'
05-23-2017 10:52:59.745,DEBUG,703DA66B6E9225F509703152BB4E23E7,Checking match of request : '/0089/searchdata'; against '/0009/**'
05-23-2017 10:52:59.745,DEBUG,703DA66B6E9225F509703152BB4E23E7,Checking match of request : '/0089/searchdata'; against '/0013/**'
05-23-2017 10:52:59.745,DEBUG,703DA66B6E9225F509703152BB4E23E7,Checking match of request : '/0089/searchdata'; against '/0023/**'
05-23-2017 10:52:59.745,DEBUG,703DA66B6E9225F509703152BB4E23E7,Checking match of request : '/0089/searchdata'; against '/0017/**'
05-23-2017 10:52:59.745,DEBUG,703DA66B6E9225F509703152BB4E23E7,Checking match of request : '/0089/searchdata'; against '/0031/**'
05-23-2017 10:52:59.745,DEBUG,703DA66B6E9225F509703152BB4E23E7,Checking match of request : '/0089/searchdata'; against '/0035/**'
05-23-2017 10:52:59.745,DEBUG,703DA66B6E9225F509703152BB4E23E7,Checking match of request : '/0089/searchdata'; against '/0037/**'
05-23-2017 10:52:59.745,DEBUG,703DA66B6E9225F509703152BB4E23E7,Checking match of request : '/0089/searchdata'; against '/0045/**'
05-23-2017 10:52:59.745,DEBUG,703DA66B6E9225F509703152BB4E23E7,Checking match of request : '/0089/searchdata'; against '/0047/**'
05-23-2017 10:52:59.745,DEBUG,703DA66B6E9225F509703152BB4E23E7,Checking match of request : '/0089/searchdata'; against '/0049/**'
05-23-2017 10:52:59.745,DEBUG,703DA66B6E9225F509703152BB4E23E7,Checking match of request : '/0089/searchdata'; against '/0061/**'
05-23-2017 10:52:59.745,DEBUG,703DA66B6E9225F509703152BB4E23E7,Checking match of request : '/0089/searchdata'; against '/0087/**'
05-23-2017 10:52:59.745,DEBUG,703DA66B6E9225F509703152BB4E23E7,Checking match of request : '/0089/searchdata'; against '/0075/**'
05-23-2017 10:52:59.745,DEBUG,703DA66B6E9225F509703152BB4E23E7,Checking match of request : '/0089/searchdata'; against '/0089/**'
05-23-2017 10:52:59.745,DEBUG,703DA66B6E9225F509703152BB4E23E7,Secure object: FilterInvocation: URL: /0089/searchData; Attributes: [ROLE_ADMIN, ROLE_USER, IS_AUTHENTICATED_FULLY]
05-23-2017 10:52:59.746,DEBUG,703DA66B6E9225F509703152BB4E23E7,Previously Authenticated: org.springframework.security.authentication.UsernamePasswordAuthenticationToken@3b6f87e3: Principal: vn.bananavietnam.ict.common.auth.MyUser@c4907816: Username: U0000000001; Password: [PROTECTED]; Enabled: true; AccountNonExpired: true; credentialsNonExpired: true; AccountNonLocked: true; Granted Authorities: 1; Credentials: [PROTECTED]; Authenticated: true; Details: org.springframework.security.web.authentication.WebAuthenticationDetails@0: RemoteIpAddress: 0:0:0:0:0:0:0:1; SessionId: CBD0AC3E12D82C6DFC7853C947B7918C; Granted Authorities: 1
05-23-2017 10:52:59.746,DEBUG,703DA66B6E9225F509703152BB4E23E7,Voter: org.springframework.security.access.vote.RoleVoter@1ac872d, returned: -1
05-23-2017 10:52:59.746,DEBUG,703DA66B6E9225F509703152BB4E23E7,Voter: org.springframework.security.access.vote.AuthenticatedVoter@b1927d, returned: 1
05-23-2017 10:52:59.746,DEBUG,703DA66B6E9225F509703152BB4E23E7,Authorization successful
05-23-2017 10:52:59.746,DEBUG,703DA66B6E9225F509703152BB4E23E7,RunAsManager did not change Authentication object
05-23-2017 10:52:59.746,DEBUG,703DA66B6E9225F509703152BB4E23E7,/0089/searchData reached end of additional filter chain; proceeding with original chain
05-23-2017 10:52:59.746,DEBUG,703DA66B6E9225F509703152BB4E23E7,Request [/ict/0089/searchData] is not a multipart request
05-23-2017 10:52:59.746,DEBUG,703DA66B6E9225F509703152BB4E23E7,DispatcherServlet with name 'appServlet' processing POST request for [/ict/0089/searchData]
05-23-2017 10:52:59.746,DEBUG,703DA66B6E9225F509703152BB4E23E7,Looking up handler method for path /0089/searchData
05-23-2017 10:52:59.746,DEBUG,703DA66B6E9225F509703152BB4E23E7,Returning handler method [public java.util.List<vn.bananavietnam.ict.banana.component.Bnn0089SearchTaskResult> vn.bananavietnam.ict.banana.controller.Bnn0089SearchTaskController.searchData(vn.bananavietnam.ict.banana.component.Bnn0089SearchTaskConditions)]
05-23-2017 10:52:59.746,DEBUG,703DA66B6E9225F509703152BB4E23E7,Returning cached instance of singleton bean 'bnn0089SearchTaskController'
05-23-2017 10:52:59.746,DEBUG,703DA66B6E9225F509703152BB4E23E7,Returning cached instance of singleton bean 'xml_path'
05-23-2017 10:52:59.746,DEBUG,703DA66B6E9225F509703152BB4E23E7,Skip CORS processing: request is from same origin
05-23-2017 10:52:59.747,DEBUG,703DA66B6E9225F509703152BB4E23E7,Read [class vn.bananavietnam.ict.banana.component.Bnn0089SearchTaskConditions] as "application/json" with [org.springframework.http.converter.json.MappingJackson2HttpMessageConverter@156f2cc]
05-23-2017 10:52:59.747,INFO ,703DA66B6E9225F509703152BB4E23E7,U0000000001,vn.bananavietnam.ict.banana.service.Bnn0089SearchTaskService,searchData,[vn.bananavietnam.ict.banana.component.Bnn0089SearchTaskConditions@1b8a3f4] METHOD START
05-23-2017 10:52:59.747,DEBUG,703DA66B6E9225F509703152BB4E23E7,Returning cached instance of singleton bean 'transactionManager'
05-23-2017 10:52:59.747,INFO ,703DA66B6E9225F509703152BB4E23E7,U0000000001,Task searching started
05-23-2017 10:52:59.747,DEBUG,703DA66B6E9225F509703152BB4E23E7,Creating a new SqlSession
05-23-2017 10:52:59.747,DEBUG,703DA66B6E9225F509703152BB4E23E7,Registering transaction synchronization for SqlSession [org.apache.ibatis.session.defaults.DefaultSqlSession@1d8f58a]
05-23-2017 10:52:59.747,DEBUG,703DA66B6E9225F509703152BB4E23E7,Fetching JDBC Connection from DataSource
05-23-2017 10:52:59.747,DEBUG,703DA66B6E9225F509703152BB4E23E7,Creating new JDBC DriverManager Connection to [jdbc:mysql://172.16.0.175:3306/BANANA_DB_HUNG_SELENIUM?useUnicode=yes&characterEncoding=UTF-8&autoReconnect=true]
05-23-2017 10:53:03.751,DEBUG,703DA66B6E9225F509703152BB4E23E7,Releasing transactional SqlSession [org.apache.ibatis.session.defaults.DefaultSqlSession@1d8f58a]
05-23-2017 10:53:03.753,ERROR,703DA66B6E9225F509703152BB4E23E7,U0000000001,java.lang.Exception: nested exception is org.apache.ibatis.exceptions.PersistenceException: 
05-23-2017 10:53:03.753,DEBUG,703DA66B6E9225F509703152BB4E23E7,Transaction synchronization deregistering SqlSession [org.apache.ibatis.session.defaults.DefaultSqlSession@1d8f58a]
05-23-2017 10:53:03.753,DEBUG,703DA66B6E9225F509703152BB4E23E7,Transaction synchronization closing SqlSession [org.apache.ibatis.session.defaults.DefaultSqlSession@1d8f58a]
05-23-2017 10:53:03.753,DEBUG,703DA66B6E9225F509703152BB4E23E7,Should roll back transaction but cannot - no transaction available
05-23-2017 10:53:03.753,INFO ,703DA66B6E9225F509703152BB4E23E7,U0000000001,vn.bananavietnam.ict.banana.service.Bnn0089SearchTaskService,searchData,[vn.bananavietnam.ict.banana.component.Bnn0089SearchTaskConditions@1b8a3f4] METHOD END
05-23-2017 10:53:03.754,DEBUG,703DA66B6E9225F509703152BB4E23E7,Null ModelAndView returned to DispatcherServlet with name 'appServlet': assuming HandlerAdapter completed request handling
05-23-2017 10:53:03.754,DEBUG,703DA66B6E9225F509703152BB4E23E7,Successfully completed request
05-23-2017 10:53:03.754,DEBUG,703DA66B6E9225F509703152BB4E23E7,Chain processed normally
05-23-2017 10:53:03.754,DEBUG,703DA66B6E9225F509703152BB4E23E7,SecurityContextHolder now cleared, as request processing completed
05-23-2017 10:53:23.591,DEBUG,703DA66B6E9225F509703152BB4E23E7,/0089/searchData at position 1 of 11 in additional filter chain; firing Filter: 'SecurityContextPersistenceFilter'
05-23-2017 10:53:23.591,DEBUG,703DA66B6E9225F509703152BB4E23E7,Obtained a valid SecurityContext from SPRING_SECURITY_CONTEXT: 'org.springframework.security.core.context.SecurityContextImpl@3b6f87e3: Authentication: org.springframework.security.authentication.UsernamePasswordAuthenticationToken@3b6f87e3: Principal: vn.bananavietnam.ict.common.auth.MyUser@c4907816: Username: U0000000001; Password: [PROTECTED]; Enabled: true; AccountNonExpired: true; credentialsNonExpired: true; AccountNonLocked: true; Granted Authorities: 1; Credentials: [PROTECTED]; Authenticated: true; Details: org.springframework.security.web.authentication.WebAuthenticationDetails@0: RemoteIpAddress: 0:0:0:0:0:0:0:1; SessionId: CBD0AC3E12D82C6DFC7853C947B7918C; Granted Authorities: 1'
05-23-2017 10:53:23.591,DEBUG,703DA66B6E9225F509703152BB4E23E7,/0089/searchData at position 2 of 11 in additional filter chain; firing Filter: 'WebAsyncManagerIntegrationFilter'
05-23-2017 10:53:23.592,DEBUG,703DA66B6E9225F509703152BB4E23E7,/0089/searchData at position 3 of 11 in additional filter chain; firing Filter: 'LogoutFilter'
05-23-2017 10:53:23.592,DEBUG,703DA66B6E9225F509703152BB4E23E7,/0089/searchData at position 4 of 11 in additional filter chain; firing Filter: 'UsernamePasswordAuthenticationFilter'
05-23-2017 10:53:23.592,DEBUG,703DA66B6E9225F509703152BB4E23E7,/0089/searchData at position 5 of 11 in additional filter chain; firing Filter: 'BasicAuthenticationFilter'
05-23-2017 10:53:23.592,DEBUG,703DA66B6E9225F509703152BB4E23E7,/0089/searchData at position 6 of 11 in additional filter chain; firing Filter: 'RequestCacheAwareFilter'
05-23-2017 10:53:23.592,DEBUG,703DA66B6E9225F509703152BB4E23E7,/0089/searchData at position 7 of 11 in additional filter chain; firing Filter: 'SecurityContextHolderAwareRequestFilter'
05-23-2017 10:53:23.592,DEBUG,703DA66B6E9225F509703152BB4E23E7,/0089/searchData at position 8 of 11 in additional filter chain; firing Filter: 'AnonymousAuthenticationFilter'
05-23-2017 10:53:23.592,DEBUG,703DA66B6E9225F509703152BB4E23E7,SecurityContextHolder not populated with anonymous token, as it already contained: 'org.springframework.security.authentication.UsernamePasswordAuthenticationToken@3b6f87e3: Principal: vn.bananavietnam.ict.common.auth.MyUser@c4907816: Username: U0000000001; Password: [PROTECTED]; Enabled: true; AccountNonExpired: true; credentialsNonExpired: true; AccountNonLocked: true; Granted Authorities: 1; Credentials: [PROTECTED]; Authenticated: true; Details: org.springframework.security.web.authentication.WebAuthenticationDetails@0: RemoteIpAddress: 0:0:0:0:0:0:0:1; SessionId: CBD0AC3E12D82C6DFC7853C947B7918C; Granted Authorities: 1'
05-23-2017 10:53:23.592,DEBUG,703DA66B6E9225F509703152BB4E23E7,/0089/searchData at position 9 of 11 in additional filter chain; firing Filter: 'SessionManagementFilter'
05-23-2017 10:53:23.592,DEBUG,703DA66B6E9225F509703152BB4E23E7,/0089/searchData at position 10 of 11 in additional filter chain; firing Filter: 'ExceptionTranslationFilter'
05-23-2017 10:53:23.593,DEBUG,703DA66B6E9225F509703152BB4E23E7,/0089/searchData at position 11 of 11 in additional filter chain; firing Filter: 'FilterSecurityInterceptor'
05-23-2017 10:53:23.593,DEBUG,703DA66B6E9225F509703152BB4E23E7,Checking match of request : '/0089/searchdata'; against '/autherror*'
05-23-2017 10:53:23.593,DEBUG,703DA66B6E9225F509703152BB4E23E7,Checking match of request : '/0089/searchdata'; against '/login/**'
05-23-2017 10:53:23.593,DEBUG,703DA66B6E9225F509703152BB4E23E7,Checking match of request : '/0089/searchdata'; against '/error/**'
05-23-2017 10:53:23.593,DEBUG,703DA66B6E9225F509703152BB4E23E7,Checking match of request : '/0089/searchdata'; against '/0001/**'
05-23-2017 10:53:23.593,DEBUG,703DA66B6E9225F509703152BB4E23E7,Checking match of request : '/0089/searchdata'; against '/0002/**'
05-23-2017 10:53:23.593,DEBUG,703DA66B6E9225F509703152BB4E23E7,Checking match of request : '/0089/searchdata'; against '/0003/**'
05-23-2017 10:53:23.593,DEBUG,703DA66B6E9225F509703152BB4E23E7,Checking match of request : '/0089/searchdata'; against '/0005/**'
05-23-2017 10:53:23.593,DEBUG,703DA66B6E9225F509703152BB4E23E7,Checking match of request : '/0089/searchdata'; against '/0007/**'
05-23-2017 10:53:23.593,DEBUG,703DA66B6E9225F509703152BB4E23E7,Checking match of request : '/0089/searchdata'; against '/0009/**'
05-23-2017 10:53:23.593,DEBUG,703DA66B6E9225F509703152BB4E23E7,Checking match of request : '/0089/searchdata'; against '/0013/**'
05-23-2017 10:53:23.593,DEBUG,703DA66B6E9225F509703152BB4E23E7,Checking match of request : '/0089/searchdata'; against '/0023/**'
05-23-2017 10:53:23.594,DEBUG,703DA66B6E9225F509703152BB4E23E7,Checking match of request : '/0089/searchdata'; against '/0017/**'
05-23-2017 10:53:23.594,DEBUG,703DA66B6E9225F509703152BB4E23E7,Checking match of request : '/0089/searchdata'; against '/0031/**'
05-23-2017 10:53:23.594,DEBUG,703DA66B6E9225F509703152BB4E23E7,Checking match of request : '/0089/searchdata'; against '/0035/**'
05-23-2017 10:53:23.594,DEBUG,703DA66B6E9225F509703152BB4E23E7,Checking match of request : '/0089/searchdata'; against '/0037/**'
05-23-2017 10:53:23.594,DEBUG,703DA66B6E9225F509703152BB4E23E7,Checking match of request : '/0089/searchdata'; against '/0045/**'
05-23-2017 10:53:23.594,DEBUG,703DA66B6E9225F509703152BB4E23E7,Checking match of request : '/0089/searchdata'; against '/0047/**'
05-23-2017 10:53:23.594,DEBUG,703DA66B6E9225F509703152BB4E23E7,Checking match of request : '/0089/searchdata'; against '/0049/**'
05-23-2017 10:53:23.594,DEBUG,703DA66B6E9225F509703152BB4E23E7,Checking match of request : '/0089/searchdata'; against '/0061/**'
05-23-2017 10:53:23.594,DEBUG,703DA66B6E9225F509703152BB4E23E7,Checking match of request : '/0089/searchdata'; against '/0087/**'
05-23-2017 10:53:23.594,DEBUG,703DA66B6E9225F509703152BB4E23E7,Checking match of request : '/0089/searchdata'; against '/0075/**'
05-23-2017 10:53:23.594,DEBUG,703DA66B6E9225F509703152BB4E23E7,Checking match of request : '/0089/searchdata'; against '/0089/**'
05-23-2017 10:53:23.594,DEBUG,703DA66B6E9225F509703152BB4E23E7,Secure object: FilterInvocation: URL: /0089/searchData; Attributes: [ROLE_ADMIN, ROLE_USER, IS_AUTHENTICATED_FULLY]
05-23-2017 10:53:23.595,DEBUG,703DA66B6E9225F509703152BB4E23E7,Previously Authenticated: org.springframework.security.authentication.UsernamePasswordAuthenticationToken@3b6f87e3: Principal: vn.bananavietnam.ict.common.auth.MyUser@c4907816: Username: U0000000001; Password: [PROTECTED]; Enabled: true; AccountNonExpired: true; credentialsNonExpired: true; AccountNonLocked: true; Granted Authorities: 1; Credentials: [PROTECTED]; Authenticated: true; Details: org.springframework.security.web.authentication.WebAuthenticationDetails@0: RemoteIpAddress: 0:0:0:0:0:0:0:1; SessionId: CBD0AC3E12D82C6DFC7853C947B7918C; Granted Authorities: 1
05-23-2017 10:53:23.595,DEBUG,703DA66B6E9225F509703152BB4E23E7,Voter: org.springframework.security.access.vote.RoleVoter@1ac872d, returned: -1
05-23-2017 10:53:23.595,DEBUG,703DA66B6E9225F509703152BB4E23E7,Voter: org.springframework.security.access.vote.AuthenticatedVoter@b1927d, returned: 1
05-23-2017 10:53:23.595,DEBUG,703DA66B6E9225F509703152BB4E23E7,Authorization successful
05-23-2017 10:53:23.595,DEBUG,703DA66B6E9225F509703152BB4E23E7,RunAsManager did not change Authentication object
05-23-2017 10:53:23.595,DEBUG,703DA66B6E9225F509703152BB4E23E7,/0089/searchData reached end of additional filter chain; proceeding with original chain
05-23-2017 10:53:23.595,DEBUG,703DA66B6E9225F509703152BB4E23E7,Request [/ict/0089/searchData] is not a multipart request
05-23-2017 10:53:23.595,DEBUG,703DA66B6E9225F509703152BB4E23E7,DispatcherServlet with name 'appServlet' processing POST request for [/ict/0089/searchData]
05-23-2017 10:53:23.596,DEBUG,703DA66B6E9225F509703152BB4E23E7,Looking up handler method for path /0089/searchData
05-23-2017 10:53:23.596,DEBUG,703DA66B6E9225F509703152BB4E23E7,Returning handler method [public java.util.List<vn.bananavietnam.ict.banana.component.Bnn0089SearchTaskResult> vn.bananavietnam.ict.banana.controller.Bnn0089SearchTaskController.searchData(vn.bananavietnam.ict.banana.component.Bnn0089SearchTaskConditions)]
05-23-2017 10:53:23.596,DEBUG,703DA66B6E9225F509703152BB4E23E7,Returning cached instance of singleton bean 'bnn0089SearchTaskController'
05-23-2017 10:53:23.597,DEBUG,703DA66B6E9225F509703152BB4E23E7,Returning cached instance of singleton bean 'xml_path'
05-23-2017 10:53:23.598,DEBUG,703DA66B6E9225F509703152BB4E23E7,Skip CORS processing: request is from same origin
05-23-2017 10:53:23.598,DEBUG,703DA66B6E9225F509703152BB4E23E7,Read [class vn.bananavietnam.ict.banana.component.Bnn0089SearchTaskConditions] as "application/json" with [org.springframework.http.converter.json.MappingJackson2HttpMessageConverter@156f2cc]
05-23-2017 10:53:23.599,INFO ,703DA66B6E9225F509703152BB4E23E7,U0000000001,vn.bananavietnam.ict.banana.service.Bnn0089SearchTaskService,searchData,[vn.bananavietnam.ict.banana.component.Bnn0089SearchTaskConditions@1543c89] METHOD START
05-23-2017 10:53:23.599,DEBUG,703DA66B6E9225F509703152BB4E23E7,Returning cached instance of singleton bean 'transactionManager'
05-23-2017 10:53:23.599,INFO ,703DA66B6E9225F509703152BB4E23E7,U0000000001,Task searching started
05-23-2017 10:53:23.599,DEBUG,703DA66B6E9225F509703152BB4E23E7,Creating a new SqlSession
05-23-2017 10:53:23.600,DEBUG,703DA66B6E9225F509703152BB4E23E7,Registering transaction synchronization for SqlSession [org.apache.ibatis.session.defaults.DefaultSqlSession@10803f8]
05-23-2017 10:53:23.600,DEBUG,703DA66B6E9225F509703152BB4E23E7,Fetching JDBC Connection from DataSource
05-23-2017 10:53:23.600,DEBUG,703DA66B6E9225F509703152BB4E23E7,Creating new JDBC DriverManager Connection to [jdbc:mysql://172.16.0.175:3306/BANANA_DB_HUNG_SELENIUM?useUnicode=yes&characterEncoding=UTF-8&autoReconnect=true]
05-23-2017 10:53:23.624,DEBUG,703DA66B6E9225F509703152BB4E23E7,Registering transaction synchronization for JDBC Connection
05-23-2017 10:53:23.624,DEBUG,703DA66B6E9225F509703152BB4E23E7,JDBC Connection [com.mysql.jdbc.JDBC4Connection@2b34b8] will be managed by Spring
05-23-2017 10:53:23.624,DEBUG,703DA66B6E9225F509703152BB4E23E7,==>  Preparing: SELECT T.TASK_ID taskId, T.TASK_NAME taskName, T.WORKING_DETAILS workingDetails, T.NOTE note, T.QUARANTINE_HANDLING_FLAG quarantineHandlingFlag, T.DELETE_FLAG deleteFlag, T.CHANGE_POINT_CODE changePointCode, T.LAST_UPDATE_DATE lastUpdateDate FROM IVB_M_TASK T WHERE 1 = 1 AND T.DELETE_FLAG = '0' ORDER BY T.TASK_NAME LIMIT ?,? 
05-23-2017 10:53:23.624,DEBUG,703DA66B6E9225F509703152BB4E23E7,==> Parameters: 0(Integer), 20(Integer)
05-23-2017 10:53:23.629,DEBUG,703DA66B6E9225F509703152BB4E23E7,<==      Total: 20
05-23-2017 10:53:23.629,DEBUG,703DA66B6E9225F509703152BB4E23E7,Releasing transactional SqlSession [org.apache.ibatis.session.defaults.DefaultSqlSession@10803f8]
05-23-2017 10:53:23.629,INFO ,703DA66B6E9225F509703152BB4E23E7,U0000000001,SQL execution finished
05-23-2017 10:53:23.629,DEBUG,703DA66B6E9225F509703152BB4E23E7,Fetched SqlSession [org.apache.ibatis.session.defaults.DefaultSqlSession@10803f8] from current transaction
05-23-2017 10:53:23.630,DEBUG,703DA66B6E9225F509703152BB4E23E7,==>  Preparing: SELECT COUNT(*) FROM IVB_M_TASK T WHERE 1 = 1 AND T.DELETE_FLAG = '0' ORDER BY T.TASK_ID 
05-23-2017 10:53:23.630,DEBUG,703DA66B6E9225F509703152BB4E23E7,==> Parameters: 
05-23-2017 10:53:23.632,DEBUG,703DA66B6E9225F509703152BB4E23E7,<==      Total: 1
05-23-2017 10:53:23.632,DEBUG,703DA66B6E9225F509703152BB4E23E7,Releasing transactional SqlSession [org.apache.ibatis.session.defaults.DefaultSqlSession@10803f8]
05-23-2017 10:53:23.632,INFO ,703DA66B6E9225F509703152BB4E23E7,U0000000001,Task searching finished ==> 43 item(s)
05-23-2017 10:53:23.632,DEBUG,703DA66B6E9225F509703152BB4E23E7,Transaction synchronization deregistering SqlSession [org.apache.ibatis.session.defaults.DefaultSqlSession@10803f8]
05-23-2017 10:53:23.632,DEBUG,703DA66B6E9225F509703152BB4E23E7,Transaction synchronization closing SqlSession [org.apache.ibatis.session.defaults.DefaultSqlSession@10803f8]
05-23-2017 10:53:23.632,DEBUG,703DA66B6E9225F509703152BB4E23E7,Returning JDBC Connection to DataSource
05-23-2017 10:53:23.633,INFO ,703DA66B6E9225F509703152BB4E23E7,U0000000001,vn.bananavietnam.ict.banana.service.Bnn0089SearchTaskService,searchData,[vn.bananavietnam.ict.banana.component.Bnn0089SearchTaskConditions@1543c89] METHOD END
05-23-2017 10:53:23.637,DEBUG,703DA66B6E9225F509703152BB4E23E7,Written [[vn.bananavietnam.ict.banana.component.Bnn0089SearchTaskResult@96bb73, vn.bananavietnam.ict.banana.component.Bnn0089SearchTaskResult@13e98a0, vn.bananavietnam.ict.banana.component.Bnn0089SearchTaskResult@e359df, vn.bananavietnam.ict.banana.component.Bnn0089SearchTaskResult@1a6f3bc, vn.bananavietnam.ict.banana.component.Bnn0089SearchTaskResult@e09c18, vn.bananavietnam.ict.banana.component.Bnn0089SearchTaskResult@10effbc, vn.bananavietnam.ict.banana.component.Bnn0089SearchTaskResult@17d71e3, vn.bananavietnam.ict.banana.component.Bnn0089SearchTaskResult@17e50a3, vn.bananavietnam.ict.banana.component.Bnn0089SearchTaskResult@17e0208, vn.bananavietnam.ict.banana.component.Bnn0089SearchTaskResult@1ebe044, vn.bananavietnam.ict.banana.component.Bnn0089SearchTaskResult@1bd79f3, vn.bananavietnam.ict.banana.component.Bnn0089SearchTaskResult@c3dcaf, vn.bananavietnam.ict.banana.component.Bnn0089SearchTaskResult@12af6fd, vn.bananavietnam.ict.banana.component.Bnn0089SearchTaskResult@18dc99c, vn.bananavietnam.ict.banana.component.Bnn0089SearchTaskResult@1a145bf, vn.bananavietnam.ict.banana.component.Bnn0089SearchTaskResult@1a9d340, vn.bananavietnam.ict.banana.component.Bnn0089SearchTaskResult@1d44196, vn.bananavietnam.ict.banana.component.Bnn0089SearchTaskResult@82a419, vn.bananavietnam.ict.banana.component.Bnn0089SearchTaskResult@1a38acb, vn.bananavietnam.ict.banana.component.Bnn0089SearchTaskResult@57602c]] as "application/json;charset=UTF-8" using [org.springframework.http.converter.json.MappingJackson2HttpMessageConverter@156f2cc]
05-23-2017 10:53:23.638,DEBUG,703DA66B6E9225F509703152BB4E23E7,Null ModelAndView returned to DispatcherServlet with name 'appServlet': assuming HandlerAdapter completed request handling
05-23-2017 10:53:23.638,DEBUG,703DA66B6E9225F509703152BB4E23E7,Successfully completed request
05-23-2017 10:53:23.638,DEBUG,703DA66B6E9225F509703152BB4E23E7,Chain processed normally
05-23-2017 10:53:23.638,DEBUG,703DA66B6E9225F509703152BB4E23E7,SecurityContextHolder now cleared, as request processing completed
05-23-2017 10:53:24.831,DEBUG,703DA66B6E9225F509703152BB4E23E7,/0089/searchData at position 1 of 11 in additional filter chain; firing Filter: 'SecurityContextPersistenceFilter'
05-23-2017 10:53:24.831,DEBUG,703DA66B6E9225F509703152BB4E23E7,Obtained a valid SecurityContext from SPRING_SECURITY_CONTEXT: 'org.springframework.security.core.context.SecurityContextImpl@3b6f87e3: Authentication: org.springframework.security.authentication.UsernamePasswordAuthenticationToken@3b6f87e3: Principal: vn.bananavietnam.ict.common.auth.MyUser@c4907816: Username: U0000000001; Password: [PROTECTED]; Enabled: true; AccountNonExpired: true; credentialsNonExpired: true; AccountNonLocked: true; Granted Authorities: 1; Credentials: [PROTECTED]; Authenticated: true; Details: org.springframework.security.web.authentication.WebAuthenticationDetails@0: RemoteIpAddress: 0:0:0:0:0:0:0:1; SessionId: CBD0AC3E12D82C6DFC7853C947B7918C; Granted Authorities: 1'
05-23-2017 10:53:24.831,DEBUG,703DA66B6E9225F509703152BB4E23E7,/0089/searchData at position 2 of 11 in additional filter chain; firing Filter: 'WebAsyncManagerIntegrationFilter'
05-23-2017 10:53:24.831,DEBUG,703DA66B6E9225F509703152BB4E23E7,/0089/searchData at position 3 of 11 in additional filter chain; firing Filter: 'LogoutFilter'
05-23-2017 10:53:24.831,DEBUG,703DA66B6E9225F509703152BB4E23E7,/0089/searchData at position 4 of 11 in additional filter chain; firing Filter: 'UsernamePasswordAuthenticationFilter'
05-23-2017 10:53:24.831,DEBUG,703DA66B6E9225F509703152BB4E23E7,/0089/searchData at position 5 of 11 in additional filter chain; firing Filter: 'BasicAuthenticationFilter'
05-23-2017 10:53:24.831,DEBUG,703DA66B6E9225F509703152BB4E23E7,/0089/searchData at position 6 of 11 in additional filter chain; firing Filter: 'RequestCacheAwareFilter'
05-23-2017 10:53:24.831,DEBUG,703DA66B6E9225F509703152BB4E23E7,/0089/searchData at position 7 of 11 in additional filter chain; firing Filter: 'SecurityContextHolderAwareRequestFilter'
05-23-2017 10:53:24.831,DEBUG,703DA66B6E9225F509703152BB4E23E7,/0089/searchData at position 8 of 11 in additional filter chain; firing Filter: 'AnonymousAuthenticationFilter'
05-23-2017 10:53:24.831,DEBUG,703DA66B6E9225F509703152BB4E23E7,SecurityContextHolder not populated with anonymous token, as it already contained: 'org.springframework.security.authentication.UsernamePasswordAuthenticationToken@3b6f87e3: Principal: vn.bananavietnam.ict.common.auth.MyUser@c4907816: Username: U0000000001; Password: [PROTECTED]; Enabled: true; AccountNonExpired: true; credentialsNonExpired: true; AccountNonLocked: true; Granted Authorities: 1; Credentials: [PROTECTED]; Authenticated: true; Details: org.springframework.security.web.authentication.WebAuthenticationDetails@0: RemoteIpAddress: 0:0:0:0:0:0:0:1; SessionId: CBD0AC3E12D82C6DFC7853C947B7918C; Granted Authorities: 1'
05-23-2017 10:53:24.831,DEBUG,703DA66B6E9225F509703152BB4E23E7,/0089/searchData at position 9 of 11 in additional filter chain; firing Filter: 'SessionManagementFilter'
05-23-2017 10:53:24.831,DEBUG,703DA66B6E9225F509703152BB4E23E7,/0089/searchData at position 10 of 11 in additional filter chain; firing Filter: 'ExceptionTranslationFilter'
05-23-2017 10:53:24.831,DEBUG,703DA66B6E9225F509703152BB4E23E7,/0089/searchData at position 11 of 11 in additional filter chain; firing Filter: 'FilterSecurityInterceptor'
05-23-2017 10:53:24.831,DEBUG,703DA66B6E9225F509703152BB4E23E7,Checking match of request : '/0089/searchdata'; against '/autherror*'
05-23-2017 10:53:24.832,DEBUG,703DA66B6E9225F509703152BB4E23E7,Checking match of request : '/0089/searchdata'; against '/login/**'
05-23-2017 10:53:24.832,DEBUG,703DA66B6E9225F509703152BB4E23E7,Checking match of request : '/0089/searchdata'; against '/error/**'
05-23-2017 10:53:24.832,DEBUG,703DA66B6E9225F509703152BB4E23E7,Checking match of request : '/0089/searchdata'; against '/0001/**'
05-23-2017 10:53:24.832,DEBUG,703DA66B6E9225F509703152BB4E23E7,Checking match of request : '/0089/searchdata'; against '/0002/**'
05-23-2017 10:53:24.832,DEBUG,703DA66B6E9225F509703152BB4E23E7,Checking match of request : '/0089/searchdata'; against '/0003/**'
05-23-2017 10:53:24.832,DEBUG,703DA66B6E9225F509703152BB4E23E7,Checking match of request : '/0089/searchdata'; against '/0005/**'
05-23-2017 10:53:24.832,DEBUG,703DA66B6E9225F509703152BB4E23E7,Checking match of request : '/0089/searchdata'; against '/0007/**'
05-23-2017 10:53:24.832,DEBUG,703DA66B6E9225F509703152BB4E23E7,Checking match of request : '/0089/searchdata'; against '/0009/**'
05-23-2017 10:53:24.832,DEBUG,703DA66B6E9225F509703152BB4E23E7,Checking match of request : '/0089/searchdata'; against '/0013/**'
05-23-2017 10:53:24.832,DEBUG,703DA66B6E9225F509703152BB4E23E7,Checking match of request : '/0089/searchdata'; against '/0023/**'
05-23-2017 10:53:24.832,DEBUG,703DA66B6E9225F509703152BB4E23E7,Checking match of request : '/0089/searchdata'; against '/0017/**'
05-23-2017 10:53:24.832,DEBUG,703DA66B6E9225F509703152BB4E23E7,Checking match of request : '/0089/searchdata'; against '/0031/**'
05-23-2017 10:53:24.832,DEBUG,703DA66B6E9225F509703152BB4E23E7,Checking match of request : '/0089/searchdata'; against '/0035/**'
05-23-2017 10:53:24.832,DEBUG,703DA66B6E9225F509703152BB4E23E7,Checking match of request : '/0089/searchdata'; against '/0037/**'
05-23-2017 10:53:24.832,DEBUG,703DA66B6E9225F509703152BB4E23E7,Checking match of request : '/0089/searchdata'; against '/0045/**'
05-23-2017 10:53:24.832,DEBUG,703DA66B6E9225F509703152BB4E23E7,Checking match of request : '/0089/searchdata'; against '/0047/**'
05-23-2017 10:53:24.832,DEBUG,703DA66B6E9225F509703152BB4E23E7,Checking match of request : '/0089/searchdata'; against '/0049/**'
05-23-2017 10:53:24.832,DEBUG,703DA66B6E9225F509703152BB4E23E7,Checking match of request : '/0089/searchdata'; against '/0061/**'
05-23-2017 10:53:24.832,DEBUG,703DA66B6E9225F509703152BB4E23E7,Checking match of request : '/0089/searchdata'; against '/0087/**'
05-23-2017 10:53:24.832,DEBUG,703DA66B6E9225F509703152BB4E23E7,Checking match of request : '/0089/searchdata'; against '/0075/**'
05-23-2017 10:53:24.832,DEBUG,703DA66B6E9225F509703152BB4E23E7,Checking match of request : '/0089/searchdata'; against '/0089/**'
05-23-2017 10:53:24.832,DEBUG,703DA66B6E9225F509703152BB4E23E7,Secure object: FilterInvocation: URL: /0089/searchData; Attributes: [ROLE_ADMIN, ROLE_USER, IS_AUTHENTICATED_FULLY]
05-23-2017 10:53:24.832,DEBUG,703DA66B6E9225F509703152BB4E23E7,Previously Authenticated: org.springframework.security.authentication.UsernamePasswordAuthenticationToken@3b6f87e3: Principal: vn.bananavietnam.ict.common.auth.MyUser@c4907816: Username: U0000000001; Password: [PROTECTED]; Enabled: true; AccountNonExpired: true; credentialsNonExpired: true; AccountNonLocked: true; Granted Authorities: 1; Credentials: [PROTECTED]; Authenticated: true; Details: org.springframework.security.web.authentication.WebAuthenticationDetails@0: RemoteIpAddress: 0:0:0:0:0:0:0:1; SessionId: CBD0AC3E12D82C6DFC7853C947B7918C; Granted Authorities: 1
05-23-2017 10:53:24.832,DEBUG,703DA66B6E9225F509703152BB4E23E7,Voter: org.springframework.security.access.vote.RoleVoter@1ac872d, returned: -1
05-23-2017 10:53:24.832,DEBUG,703DA66B6E9225F509703152BB4E23E7,Voter: org.springframework.security.access.vote.AuthenticatedVoter@b1927d, returned: 1
05-23-2017 10:53:24.832,DEBUG,703DA66B6E9225F509703152BB4E23E7,Authorization successful
05-23-2017 10:53:24.832,DEBUG,703DA66B6E9225F509703152BB4E23E7,RunAsManager did not change Authentication object
05-23-2017 10:53:24.832,DEBUG,703DA66B6E9225F509703152BB4E23E7,/0089/searchData reached end of additional filter chain; proceeding with original chain
05-23-2017 10:53:24.833,DEBUG,703DA66B6E9225F509703152BB4E23E7,Request [/ict/0089/searchData] is not a multipart request
05-23-2017 10:53:24.833,DEBUG,703DA66B6E9225F509703152BB4E23E7,DispatcherServlet with name 'appServlet' processing POST request for [/ict/0089/searchData]
05-23-2017 10:53:24.833,DEBUG,703DA66B6E9225F509703152BB4E23E7,Looking up handler method for path /0089/searchData
05-23-2017 10:53:24.833,DEBUG,703DA66B6E9225F509703152BB4E23E7,Returning handler method [public java.util.List<vn.bananavietnam.ict.banana.component.Bnn0089SearchTaskResult> vn.bananavietnam.ict.banana.controller.Bnn0089SearchTaskController.searchData(vn.bananavietnam.ict.banana.component.Bnn0089SearchTaskConditions)]
05-23-2017 10:53:24.833,DEBUG,703DA66B6E9225F509703152BB4E23E7,Returning cached instance of singleton bean 'bnn0089SearchTaskController'
05-23-2017 10:53:24.833,DEBUG,703DA66B6E9225F509703152BB4E23E7,Returning cached instance of singleton bean 'xml_path'
05-23-2017 10:53:24.833,DEBUG,703DA66B6E9225F509703152BB4E23E7,Skip CORS processing: request is from same origin
05-23-2017 10:53:24.834,DEBUG,703DA66B6E9225F509703152BB4E23E7,Read [class vn.bananavietnam.ict.banana.component.Bnn0089SearchTaskConditions] as "application/json" with [org.springframework.http.converter.json.MappingJackson2HttpMessageConverter@156f2cc]
05-23-2017 10:53:24.834,INFO ,703DA66B6E9225F509703152BB4E23E7,U0000000001,vn.bananavietnam.ict.banana.service.Bnn0089SearchTaskService,searchData,[vn.bananavietnam.ict.banana.component.Bnn0089SearchTaskConditions@1834fd2] METHOD START
05-23-2017 10:53:24.834,DEBUG,703DA66B6E9225F509703152BB4E23E7,Returning cached instance of singleton bean 'transactionManager'
05-23-2017 10:53:24.834,INFO ,703DA66B6E9225F509703152BB4E23E7,U0000000001,Task searching started
05-23-2017 10:53:24.834,DEBUG,703DA66B6E9225F509703152BB4E23E7,Creating a new SqlSession
05-23-2017 10:53:24.834,DEBUG,703DA66B6E9225F509703152BB4E23E7,Registering transaction synchronization for SqlSession [org.apache.ibatis.session.defaults.DefaultSqlSession@4bc9f4]
05-23-2017 10:53:24.834,DEBUG,703DA66B6E9225F509703152BB4E23E7,Fetching JDBC Connection from DataSource
05-23-2017 10:53:24.834,DEBUG,703DA66B6E9225F509703152BB4E23E7,Creating new JDBC DriverManager Connection to [jdbc:mysql://172.16.0.175:3306/BANANA_DB_HUNG_SELENIUM?useUnicode=yes&characterEncoding=UTF-8&autoReconnect=true]
05-23-2017 10:53:24.848,DEBUG,703DA66B6E9225F509703152BB4E23E7,Registering transaction synchronization for JDBC Connection
05-23-2017 10:53:24.848,DEBUG,703DA66B6E9225F509703152BB4E23E7,JDBC Connection [com.mysql.jdbc.JDBC4Connection@12f59fc] will be managed by Spring
05-23-2017 10:53:24.848,DEBUG,703DA66B6E9225F509703152BB4E23E7,==>  Preparing: SELECT T.TASK_ID taskId, T.TASK_NAME taskName, T.WORKING_DETAILS workingDetails, T.NOTE note, T.QUARANTINE_HANDLING_FLAG quarantineHandlingFlag, T.DELETE_FLAG deleteFlag, T.CHANGE_POINT_CODE changePointCode, T.LAST_UPDATE_DATE lastUpdateDate FROM IVB_M_TASK T WHERE 1 = 1 AND T.DELETE_FLAG = '0' ORDER BY T.TASK_NAME LIMIT ?,? 
05-23-2017 10:53:24.848,DEBUG,703DA66B6E9225F509703152BB4E23E7,==> Parameters: 40(Integer), 20(Integer)
05-23-2017 10:53:24.850,DEBUG,703DA66B6E9225F509703152BB4E23E7,<==      Total: 3
05-23-2017 10:53:24.850,DEBUG,703DA66B6E9225F509703152BB4E23E7,Releasing transactional SqlSession [org.apache.ibatis.session.defaults.DefaultSqlSession@4bc9f4]
05-23-2017 10:53:24.850,INFO ,703DA66B6E9225F509703152BB4E23E7,U0000000001,SQL execution finished
05-23-2017 10:53:24.850,DEBUG,703DA66B6E9225F509703152BB4E23E7,Fetched SqlSession [org.apache.ibatis.session.defaults.DefaultSqlSession@4bc9f4] from current transaction
05-23-2017 10:53:24.850,DEBUG,703DA66B6E9225F509703152BB4E23E7,==>  Preparing: SELECT COUNT(*) FROM IVB_M_TASK T WHERE 1 = 1 AND T.DELETE_FLAG = '0' ORDER BY T.TASK_ID 
05-23-2017 10:53:24.850,DEBUG,703DA66B6E9225F509703152BB4E23E7,==> Parameters: 
05-23-2017 10:53:24.851,DEBUG,703DA66B6E9225F509703152BB4E23E7,<==      Total: 1
05-23-2017 10:53:24.851,DEBUG,703DA66B6E9225F509703152BB4E23E7,Releasing transactional SqlSession [org.apache.ibatis.session.defaults.DefaultSqlSession@4bc9f4]
05-23-2017 10:53:24.851,INFO ,703DA66B6E9225F509703152BB4E23E7,U0000000001,Task searching finished ==> 43 item(s)
05-23-2017 10:53:24.851,DEBUG,703DA66B6E9225F509703152BB4E23E7,Transaction synchronization deregistering SqlSession [org.apache.ibatis.session.defaults.DefaultSqlSession@4bc9f4]
05-23-2017 10:53:24.851,DEBUG,703DA66B6E9225F509703152BB4E23E7,Transaction synchronization closing SqlSession [org.apache.ibatis.session.defaults.DefaultSqlSession@4bc9f4]
05-23-2017 10:53:24.851,DEBUG,703DA66B6E9225F509703152BB4E23E7,Returning JDBC Connection to DataSource
05-23-2017 10:53:24.852,INFO ,703DA66B6E9225F509703152BB4E23E7,U0000000001,vn.bananavietnam.ict.banana.service.Bnn0089SearchTaskService,searchData,[vn.bananavietnam.ict.banana.component.Bnn0089SearchTaskConditions@1834fd2] METHOD END
05-23-2017 10:53:24.853,DEBUG,703DA66B6E9225F509703152BB4E23E7,Written [[vn.bananavietnam.ict.banana.component.Bnn0089SearchTaskResult@1c19071, vn.bananavietnam.ict.banana.component.Bnn0089SearchTaskResult@19e5ecb, vn.bananavietnam.ict.banana.component.Bnn0089SearchTaskResult@1d8a447]] as "application/json;charset=UTF-8" using [org.springframework.http.converter.json.MappingJackson2HttpMessageConverter@156f2cc]
05-23-2017 10:53:24.853,DEBUG,703DA66B6E9225F509703152BB4E23E7,Null ModelAndView returned to DispatcherServlet with name 'appServlet': assuming HandlerAdapter completed request handling
05-23-2017 10:53:24.853,DEBUG,703DA66B6E9225F509703152BB4E23E7,Successfully completed request
05-23-2017 10:53:24.853,DEBUG,703DA66B6E9225F509703152BB4E23E7,Chain processed normally
05-23-2017 10:53:24.853,DEBUG,703DA66B6E9225F509703152BB4E23E7,SecurityContextHolder now cleared, as request processing completed
