05-23-2017 10:06:11.226,DEBUG,823BDD7362885FBB5C5EA0EDB53363D9,/0089/deleteData at position 1 of 11 in additional filter chain; firing Filter: 'SecurityContextPersistenceFilter'
05-23-2017 10:06:11.226,DEBUG,823BDD7362885FBB5C5EA0EDB53363D9,No HttpSession currently exists
05-23-2017 10:06:11.226,DEBUG,823BDD7362885FBB5C5EA0EDB53363D9,No SecurityContext was available from the HttpSession: null. A new one will be created.
05-23-2017 10:06:11.226,DEBUG,823BDD7362885FBB5C5EA0EDB53363D9,/0089/deleteData at position 2 of 11 in additional filter chain; firing Filter: 'WebAsyncManagerIntegrationFilter'
05-23-2017 10:06:11.226,DEBUG,823BDD7362885FBB5C5EA0EDB53363D9,/0089/deleteData at position 3 of 11 in additional filter chain; firing Filter: 'LogoutFilter'
05-23-2017 10:06:11.226,DEBUG,823BDD7362885FBB5C5EA0EDB53363D9,/0089/deleteData at position 4 of 11 in additional filter chain; firing Filter: 'UsernamePasswordAuthenticationFilter'
05-23-2017 10:06:11.226,DEBUG,823BDD7362885FBB5C5EA0EDB53363D9,/0089/deleteData at position 5 of 11 in additional filter chain; firing Filter: 'BasicAuthenticationFilter'
05-23-2017 10:06:11.226,DEBUG,823BDD7362885FBB5C5EA0EDB53363D9,/0089/deleteData at position 6 of 11 in additional filter chain; firing Filter: 'RequestCacheAwareFilter'
05-23-2017 10:06:11.226,DEBUG,823BDD7362885FBB5C5EA0EDB53363D9,/0089/deleteData at position 7 of 11 in additional filter chain; firing Filter: 'SecurityContextHolderAwareRequestFilter'
05-23-2017 10:06:11.226,DEBUG,823BDD7362885FBB5C5EA0EDB53363D9,/0089/deleteData at position 8 of 11 in additional filter chain; firing Filter: 'AnonymousAuthenticationFilter'
05-23-2017 10:06:11.226,DEBUG,823BDD7362885FBB5C5EA0EDB53363D9,Populated SecurityContextHolder with anonymous token: 'org.springframework.security.authentication.AnonymousAuthenticationToken@9055c2bc: Principal: anonymousUser; Credentials: [PROTECTED]; Authenticated: true; Details: org.springframework.security.web.authentication.WebAuthenticationDetails@b364: RemoteIpAddress: 0:0:0:0:0:0:0:1; SessionId: null; Granted Authorities: ROLE_ANONYMOUS'
05-23-2017 10:06:11.226,DEBUG,823BDD7362885FBB5C5EA0EDB53363D9,/0089/deleteData at position 9 of 11 in additional filter chain; firing Filter: 'SessionManagementFilter'
05-23-2017 10:06:11.226,DEBUG,823BDD7362885FBB5C5EA0EDB53363D9,Requested session ID 9D045BD541EE943CFA7580CB06785A18 is invalid.
05-23-2017 10:06:11.226,DEBUG,823BDD7362885FBB5C5EA0EDB53363D9,/0089/deleteData at position 10 of 11 in additional filter chain; firing Filter: 'ExceptionTranslationFilter'
05-23-2017 10:06:11.226,DEBUG,823BDD7362885FBB5C5EA0EDB53363D9,/0089/deleteData at position 11 of 11 in additional filter chain; firing Filter: 'FilterSecurityInterceptor'
05-23-2017 10:06:11.226,DEBUG,823BDD7362885FBB5C5EA0EDB53363D9,Checking match of request : '/0089/deletedata'; against '/autherror*'
05-23-2017 10:06:11.226,DEBUG,823BDD7362885FBB5C5EA0EDB53363D9,Checking match of request : '/0089/deletedata'; against '/login/**'
05-23-2017 10:06:11.226,DEBUG,823BDD7362885FBB5C5EA0EDB53363D9,Checking match of request : '/0089/deletedata'; against '/error/**'
05-23-2017 10:06:11.226,DEBUG,823BDD7362885FBB5C5EA0EDB53363D9,Checking match of request : '/0089/deletedata'; against '/0001/**'
05-23-2017 10:06:11.226,DEBUG,823BDD7362885FBB5C5EA0EDB53363D9,Checking match of request : '/0089/deletedata'; against '/0002/**'
05-23-2017 10:06:11.226,DEBUG,823BDD7362885FBB5C5EA0EDB53363D9,Checking match of request : '/0089/deletedata'; against '/0003/**'
05-23-2017 10:06:11.226,DEBUG,823BDD7362885FBB5C5EA0EDB53363D9,Checking match of request : '/0089/deletedata'; against '/0005/**'
05-23-2017 10:06:11.226,DEBUG,823BDD7362885FBB5C5EA0EDB53363D9,Checking match of request : '/0089/deletedata'; against '/0007/**'
05-23-2017 10:06:11.226,DEBUG,823BDD7362885FBB5C5EA0EDB53363D9,Checking match of request : '/0089/deletedata'; against '/0009/**'
05-23-2017 10:06:11.226,DEBUG,823BDD7362885FBB5C5EA0EDB53363D9,Checking match of request : '/0089/deletedata'; against '/0013/**'
05-23-2017 10:06:11.226,DEBUG,823BDD7362885FBB5C5EA0EDB53363D9,Checking match of request : '/0089/deletedata'; against '/0023/**'
05-23-2017 10:06:11.226,DEBUG,823BDD7362885FBB5C5EA0EDB53363D9,Checking match of request : '/0089/deletedata'; against '/0017/**'
05-23-2017 10:06:11.226,DEBUG,823BDD7362885FBB5C5EA0EDB53363D9,Checking match of request : '/0089/deletedata'; against '/0031/**'
05-23-2017 10:06:11.226,DEBUG,823BDD7362885FBB5C5EA0EDB53363D9,Checking match of request : '/0089/deletedata'; against '/0035/**'
05-23-2017 10:06:11.226,DEBUG,823BDD7362885FBB5C5EA0EDB53363D9,Checking match of request : '/0089/deletedata'; against '/0037/**'
05-23-2017 10:06:11.226,DEBUG,823BDD7362885FBB5C5EA0EDB53363D9,Checking match of request : '/0089/deletedata'; against '/0045/**'
05-23-2017 10:06:11.226,DEBUG,823BDD7362885FBB5C5EA0EDB53363D9,Checking match of request : '/0089/deletedata'; against '/0047/**'
05-23-2017 10:06:11.226,DEBUG,823BDD7362885FBB5C5EA0EDB53363D9,Checking match of request : '/0089/deletedata'; against '/0049/**'
05-23-2017 10:06:11.226,DEBUG,823BDD7362885FBB5C5EA0EDB53363D9,Checking match of request : '/0089/deletedata'; against '/0061/**'
05-23-2017 10:06:11.226,DEBUG,823BDD7362885FBB5C5EA0EDB53363D9,Checking match of request : '/0089/deletedata'; against '/0087/**'
05-23-2017 10:06:11.226,DEBUG,823BDD7362885FBB5C5EA0EDB53363D9,Checking match of request : '/0089/deletedata'; against '/0075/**'
05-23-2017 10:06:11.226,DEBUG,823BDD7362885FBB5C5EA0EDB53363D9,Checking match of request : '/0089/deletedata'; against '/0089/**'
05-23-2017 10:06:11.226,DEBUG,823BDD7362885FBB5C5EA0EDB53363D9,Secure object: FilterInvocation: URL: /0089/deleteData; Attributes: [ROLE_ADMIN, ROLE_USER, IS_AUTHENTICATED_FULLY]
05-23-2017 10:06:11.226,DEBUG,823BDD7362885FBB5C5EA0EDB53363D9,Previously Authenticated: org.springframework.security.authentication.AnonymousAuthenticationToken@9055c2bc: Principal: anonymousUser; Credentials: [PROTECTED]; Authenticated: true; Details: org.springframework.security.web.authentication.WebAuthenticationDetails@b364: RemoteIpAddress: 0:0:0:0:0:0:0:1; SessionId: null; Granted Authorities: ROLE_ANONYMOUS
05-23-2017 10:06:11.226,DEBUG,823BDD7362885FBB5C5EA0EDB53363D9,Voter: org.springframework.security.access.vote.RoleVoter@1ac872d, returned: -1
05-23-2017 10:06:11.226,DEBUG,823BDD7362885FBB5C5EA0EDB53363D9,Voter: org.springframework.security.access.vote.AuthenticatedVoter@b1927d, returned: -1
05-23-2017 10:06:11.226,DEBUG,823BDD7362885FBB5C5EA0EDB53363D9,Access is denied (user is anonymous); redirecting to authentication entry point
05-23-2017 10:06:11.227,DEBUG,823BDD7362885FBB5C5EA0EDB53363D9,DefaultSavedRequest added to Session: DefaultSavedRequest[http://localhost:8080/ict/0089/deleteData]
05-23-2017 10:06:11.227,DEBUG,823BDD7362885FBB5C5EA0EDB53363D9,Calling Authentication entry point.
05-23-2017 10:06:11.227,DEBUG,823BDD7362885FBB5C5EA0EDB53363D9,Redirecting to 'http://localhost:8080/ict/'
05-23-2017 10:06:11.227,DEBUG,823BDD7362885FBB5C5EA0EDB53363D9,SecurityContext is empty or contents are anonymous - context will not be stored in HttpSession.
05-23-2017 10:06:11.227,DEBUG,823BDD7362885FBB5C5EA0EDB53363D9,SecurityContextHolder now cleared, as request processing completed
05-23-2017 10:06:11.228,DEBUG,823BDD7362885FBB5C5EA0EDB53363D9,/ at position 1 of 11 in additional filter chain; firing Filter: 'SecurityContextPersistenceFilter'
05-23-2017 10:06:11.228,DEBUG,823BDD7362885FBB5C5EA0EDB53363D9,HttpSession returned null object for SPRING_SECURITY_CONTEXT
05-23-2017 10:06:11.229,DEBUG,823BDD7362885FBB5C5EA0EDB53363D9,No SecurityContext was available from the HttpSession: org.apache.catalina.session.StandardSessionFacade@649faa. A new one will be created.
05-23-2017 10:06:11.229,DEBUG,823BDD7362885FBB5C5EA0EDB53363D9,/ at position 2 of 11 in additional filter chain; firing Filter: 'WebAsyncManagerIntegrationFilter'
05-23-2017 10:06:11.229,DEBUG,823BDD7362885FBB5C5EA0EDB53363D9,/ at position 3 of 11 in additional filter chain; firing Filter: 'LogoutFilter'
05-23-2017 10:06:11.229,DEBUG,823BDD7362885FBB5C5EA0EDB53363D9,/ at position 4 of 11 in additional filter chain; firing Filter: 'UsernamePasswordAuthenticationFilter'
05-23-2017 10:06:11.229,DEBUG,823BDD7362885FBB5C5EA0EDB53363D9,/ at position 5 of 11 in additional filter chain; firing Filter: 'BasicAuthenticationFilter'
05-23-2017 10:06:11.229,DEBUG,823BDD7362885FBB5C5EA0EDB53363D9,/ at position 6 of 11 in additional filter chain; firing Filter: 'RequestCacheAwareFilter'
05-23-2017 10:06:11.229,DEBUG,823BDD7362885FBB5C5EA0EDB53363D9,pathInfo: both null (property equals)
05-23-2017 10:06:11.229,DEBUG,823BDD7362885FBB5C5EA0EDB53363D9,queryString: both null (property equals)
05-23-2017 10:06:11.229,DEBUG,823BDD7362885FBB5C5EA0EDB53363D9,requestURI: arg1=/ict/0089/deleteData; arg2=/ict/ (property not equals)
05-23-2017 10:06:11.229,DEBUG,823BDD7362885FBB5C5EA0EDB53363D9,saved request doesn't match
05-23-2017 10:06:11.229,DEBUG,823BDD7362885FBB5C5EA0EDB53363D9,/ at position 7 of 11 in additional filter chain; firing Filter: 'SecurityContextHolderAwareRequestFilter'
05-23-2017 10:06:11.229,DEBUG,823BDD7362885FBB5C5EA0EDB53363D9,/ at position 8 of 11 in additional filter chain; firing Filter: 'AnonymousAuthenticationFilter'
05-23-2017 10:06:11.229,DEBUG,823BDD7362885FBB5C5EA0EDB53363D9,Populated SecurityContextHolder with anonymous token: 'org.springframework.security.authentication.AnonymousAuthenticationToken@90541710: Principal: anonymousUser; Credentials: [PROTECTED]; Authenticated: true; Details: org.springframework.security.web.authentication.WebAuthenticationDetails@166c8: RemoteIpAddress: 0:0:0:0:0:0:0:1; SessionId: 7F5C106BB6E1E9B59EAD0BB0AFB7B3C4; Granted Authorities: ROLE_ANONYMOUS'
05-23-2017 10:06:11.229,DEBUG,823BDD7362885FBB5C5EA0EDB53363D9,/ at position 9 of 11 in additional filter chain; firing Filter: 'SessionManagementFilter'
05-23-2017 10:06:11.229,DEBUG,823BDD7362885FBB5C5EA0EDB53363D9,/ at position 10 of 11 in additional filter chain; firing Filter: 'ExceptionTranslationFilter'
05-23-2017 10:06:11.229,DEBUG,823BDD7362885FBB5C5EA0EDB53363D9,/ at position 11 of 11 in additional filter chain; firing Filter: 'FilterSecurityInterceptor'
05-23-2017 10:06:11.229,DEBUG,823BDD7362885FBB5C5EA0EDB53363D9,Checking match of request : '/'; against '/autherror*'
05-23-2017 10:06:11.229,DEBUG,823BDD7362885FBB5C5EA0EDB53363D9,Checking match of request : '/'; against '/login/**'
05-23-2017 10:06:11.229,DEBUG,823BDD7362885FBB5C5EA0EDB53363D9,Checking match of request : '/'; against '/error/**'
05-23-2017 10:06:11.229,DEBUG,823BDD7362885FBB5C5EA0EDB53363D9,Checking match of request : '/'; against '/0001/**'
05-23-2017 10:06:11.229,DEBUG,823BDD7362885FBB5C5EA0EDB53363D9,Checking match of request : '/'; against '/0002/**'
05-23-2017 10:06:11.229,DEBUG,823BDD7362885FBB5C5EA0EDB53363D9,Checking match of request : '/'; against '/0003/**'
05-23-2017 10:06:11.229,DEBUG,823BDD7362885FBB5C5EA0EDB53363D9,Checking match of request : '/'; against '/0005/**'
05-23-2017 10:06:11.229,DEBUG,823BDD7362885FBB5C5EA0EDB53363D9,Checking match of request : '/'; against '/0007/**'
05-23-2017 10:06:11.229,DEBUG,823BDD7362885FBB5C5EA0EDB53363D9,Checking match of request : '/'; against '/0009/**'
05-23-2017 10:06:11.229,DEBUG,823BDD7362885FBB5C5EA0EDB53363D9,Checking match of request : '/'; against '/0013/**'
05-23-2017 10:06:11.229,DEBUG,823BDD7362885FBB5C5EA0EDB53363D9,Checking match of request : '/'; against '/0023/**'
05-23-2017 10:06:11.229,DEBUG,823BDD7362885FBB5C5EA0EDB53363D9,Checking match of request : '/'; against '/0017/**'
05-23-2017 10:06:11.229,DEBUG,823BDD7362885FBB5C5EA0EDB53363D9,Checking match of request : '/'; against '/0031/**'
05-23-2017 10:06:11.229,DEBUG,823BDD7362885FBB5C5EA0EDB53363D9,Checking match of request : '/'; against '/0035/**'
05-23-2017 10:06:11.229,DEBUG,823BDD7362885FBB5C5EA0EDB53363D9,Checking match of request : '/'; against '/0037/**'
05-23-2017 10:06:11.229,DEBUG,823BDD7362885FBB5C5EA0EDB53363D9,Checking match of request : '/'; against '/0045/**'
05-23-2017 10:06:11.229,DEBUG,823BDD7362885FBB5C5EA0EDB53363D9,Checking match of request : '/'; against '/0047/**'
05-23-2017 10:06:11.229,DEBUG,823BDD7362885FBB5C5EA0EDB53363D9,Checking match of request : '/'; against '/0049/**'
05-23-2017 10:06:11.229,DEBUG,823BDD7362885FBB5C5EA0EDB53363D9,Checking match of request : '/'; against '/0061/**'
05-23-2017 10:06:11.229,DEBUG,823BDD7362885FBB5C5EA0EDB53363D9,Checking match of request : '/'; against '/0087/**'
05-23-2017 10:06:11.229,DEBUG,823BDD7362885FBB5C5EA0EDB53363D9,Checking match of request : '/'; against '/0075/**'
05-23-2017 10:06:11.229,DEBUG,823BDD7362885FBB5C5EA0EDB53363D9,Checking match of request : '/'; against '/0089/**'
05-23-2017 10:06:11.229,DEBUG,823BDD7362885FBB5C5EA0EDB53363D9,Checking match of request : '/'; against '/0090/**'
05-23-2017 10:06:11.229,DEBUG,823BDD7362885FBB5C5EA0EDB53363D9,Checking match of request : '/'; against '/0091/**'
05-23-2017 10:06:11.229,DEBUG,823BDD7362885FBB5C5EA0EDB53363D9,Checking match of request : '/'; against '/0092/**'
05-23-2017 10:06:11.229,DEBUG,823BDD7362885FBB5C5EA0EDB53363D9,Checking match of request : '/'; against '/0095/**'
05-23-2017 10:06:11.229,DEBUG,823BDD7362885FBB5C5EA0EDB53363D9,Secure object: FilterInvocation: URL: /; Attributes: [IS_AUTHENTICATED_ANONYMOUSLY]
05-23-2017 10:06:11.229,DEBUG,823BDD7362885FBB5C5EA0EDB53363D9,Previously Authenticated: org.springframework.security.authentication.AnonymousAuthenticationToken@90541710: Principal: anonymousUser; Credentials: [PROTECTED]; Authenticated: true; Details: org.springframework.security.web.authentication.WebAuthenticationDetails@166c8: RemoteIpAddress: 0:0:0:0:0:0:0:1; SessionId: 7F5C106BB6E1E9B59EAD0BB0AFB7B3C4; Granted Authorities: ROLE_ANONYMOUS
05-23-2017 10:06:11.229,DEBUG,823BDD7362885FBB5C5EA0EDB53363D9,Voter: org.springframework.security.access.vote.RoleVoter@1ac872d, returned: 0
05-23-2017 10:06:11.229,DEBUG,823BDD7362885FBB5C5EA0EDB53363D9,Voter: org.springframework.security.access.vote.AuthenticatedVoter@b1927d, returned: 1
05-23-2017 10:06:11.229,DEBUG,823BDD7362885FBB5C5EA0EDB53363D9,Authorization successful
05-23-2017 10:06:11.229,DEBUG,823BDD7362885FBB5C5EA0EDB53363D9,RunAsManager did not change Authentication object
05-23-2017 10:06:11.229,DEBUG,823BDD7362885FBB5C5EA0EDB53363D9,/ reached end of additional filter chain; proceeding with original chain
05-23-2017 10:06:11.229,DEBUG,823BDD7362885FBB5C5EA0EDB53363D9,Request [/ict/] is not a multipart request
05-23-2017 10:06:11.229,DEBUG,7F5C106BB6E1E9B59EAD0BB0AFB7B3C4,DispatcherServlet with name 'appServlet' processing GET request for [/ict/]
05-23-2017 10:06:11.229,DEBUG,7F5C106BB6E1E9B59EAD0BB0AFB7B3C4,Looking up handler method for path /
05-23-2017 10:06:11.230,DEBUG,7F5C106BB6E1E9B59EAD0BB0AFB7B3C4,Returning handler method [public java.lang.String vn.bananavietnam.ict.common.controller.AuthController.login()]
05-23-2017 10:06:11.230,DEBUG,7F5C106BB6E1E9B59EAD0BB0AFB7B3C4,Returning cached instance of singleton bean 'authController'
05-23-2017 10:06:11.230,DEBUG,7F5C106BB6E1E9B59EAD0BB0AFB7B3C4,Last-Modified value for [/ict/] is: -1
05-23-2017 10:06:11.230,DEBUG,7F5C106BB6E1E9B59EAD0BB0AFB7B3C4,Returning cached instance of singleton bean 'xml_path'
05-23-2017 10:06:11.230,DEBUG,7F5C106BB6E1E9B59EAD0BB0AFB7B3C4,Rendering view [org.springframework.web.servlet.view.JstlView: name 'common/PageWrapper'; URL [/WEB-INF/views/common/PageWrapper.jsp]] in DispatcherServlet with name 'appServlet'
05-23-2017 10:06:11.230,DEBUG,7F5C106BB6E1E9B59EAD0BB0AFB7B3C4,Forwarding to resource [/WEB-INF/views/common/PageWrapper.jsp] in InternalResourceView 'common/PageWrapper'
05-23-2017 10:06:11.230,DEBUG,7F5C106BB6E1E9B59EAD0BB0AFB7B3C4,SecurityContext is empty or contents are anonymous - context will not be stored in HttpSession.
05-23-2017 10:06:11.230,DEBUG,7F5C106BB6E1E9B59EAD0BB0AFB7B3C4,Successfully completed request
05-23-2017 10:06:11.230,DEBUG,7F5C106BB6E1E9B59EAD0BB0AFB7B3C4,Chain processed normally
05-23-2017 10:06:11.230,DEBUG,7F5C106BB6E1E9B59EAD0BB0AFB7B3C4,SecurityContextHolder now cleared, as request processing completed
05-23-2017 10:06:11.236,DEBUG,DC04326CAD58940552DB10E5E22105DE,/login at position 1 of 11 in additional filter chain; firing Filter: 'SecurityContextPersistenceFilter'
05-23-2017 10:06:11.236,DEBUG,DC04326CAD58940552DB10E5E22105DE,HttpSession returned null object for SPRING_SECURITY_CONTEXT
05-23-2017 10:06:11.236,DEBUG,DC04326CAD58940552DB10E5E22105DE,No SecurityContext was available from the HttpSession: org.apache.catalina.session.StandardSessionFacade@649faa. A new one will be created.
05-23-2017 10:06:11.236,DEBUG,DC04326CAD58940552DB10E5E22105DE,/login at position 2 of 11 in additional filter chain; firing Filter: 'WebAsyncManagerIntegrationFilter'
05-23-2017 10:06:11.236,DEBUG,DC04326CAD58940552DB10E5E22105DE,/login at position 3 of 11 in additional filter chain; firing Filter: 'LogoutFilter'
05-23-2017 10:06:11.236,DEBUG,DC04326CAD58940552DB10E5E22105DE,Logging out user 'null' and transferring to logout destination
05-23-2017 10:06:11.236,DEBUG,DC04326CAD58940552DB10E5E22105DE,Invalidating session: 7F5C106BB6E1E9B59EAD0BB0AFB7B3C4
05-23-2017 10:06:11.237,DEBUG,DC04326CAD58940552DB10E5E22105DE,Using default Url: /
05-23-2017 10:06:11.237,DEBUG,DC04326CAD58940552DB10E5E22105DE,Redirecting to '/ict/'
05-23-2017 10:06:11.237,DEBUG,DC04326CAD58940552DB10E5E22105DE,SecurityContext is empty or contents are anonymous - context will not be stored in HttpSession.
05-23-2017 10:06:11.237,DEBUG,DC04326CAD58940552DB10E5E22105DE,SecurityContextHolder now cleared, as request processing completed
05-23-2017 10:06:11.242,DEBUG,823BDD7362885FBB5C5EA0EDB53363D9,/ at position 1 of 11 in additional filter chain; firing Filter: 'SecurityContextPersistenceFilter'
05-23-2017 10:06:11.242,DEBUG,823BDD7362885FBB5C5EA0EDB53363D9,No HttpSession currently exists
05-23-2017 10:06:11.242,DEBUG,823BDD7362885FBB5C5EA0EDB53363D9,No SecurityContext was available from the HttpSession: null. A new one will be created.
05-23-2017 10:06:11.242,DEBUG,823BDD7362885FBB5C5EA0EDB53363D9,/ at position 2 of 11 in additional filter chain; firing Filter: 'WebAsyncManagerIntegrationFilter'
05-23-2017 10:06:11.242,DEBUG,823BDD7362885FBB5C5EA0EDB53363D9,/ at position 3 of 11 in additional filter chain; firing Filter: 'LogoutFilter'
05-23-2017 10:06:11.242,DEBUG,823BDD7362885FBB5C5EA0EDB53363D9,/ at position 4 of 11 in additional filter chain; firing Filter: 'UsernamePasswordAuthenticationFilter'
05-23-2017 10:06:11.242,DEBUG,823BDD7362885FBB5C5EA0EDB53363D9,/ at position 5 of 11 in additional filter chain; firing Filter: 'BasicAuthenticationFilter'
05-23-2017 10:06:11.242,DEBUG,823BDD7362885FBB5C5EA0EDB53363D9,/ at position 6 of 11 in additional filter chain; firing Filter: 'RequestCacheAwareFilter'
05-23-2017 10:06:11.242,DEBUG,823BDD7362885FBB5C5EA0EDB53363D9,/ at position 7 of 11 in additional filter chain; firing Filter: 'SecurityContextHolderAwareRequestFilter'
05-23-2017 10:06:11.242,DEBUG,823BDD7362885FBB5C5EA0EDB53363D9,/ at position 8 of 11 in additional filter chain; firing Filter: 'AnonymousAuthenticationFilter'
05-23-2017 10:06:11.242,DEBUG,823BDD7362885FBB5C5EA0EDB53363D9,Populated SecurityContextHolder with anonymous token: 'org.springframework.security.authentication.AnonymousAuthenticationToken@9055c2bc: Principal: anonymousUser; Credentials: [PROTECTED]; Authenticated: true; Details: org.springframework.security.web.authentication.WebAuthenticationDetails@b364: RemoteIpAddress: 0:0:0:0:0:0:0:1; SessionId: null; Granted Authorities: ROLE_ANONYMOUS'
05-23-2017 10:06:11.243,DEBUG,823BDD7362885FBB5C5EA0EDB53363D9,/ at position 9 of 11 in additional filter chain; firing Filter: 'SessionManagementFilter'
05-23-2017 10:06:11.243,DEBUG,823BDD7362885FBB5C5EA0EDB53363D9,Requested session ID 7F5C106BB6E1E9B59EAD0BB0AFB7B3C4 is invalid.
05-23-2017 10:06:11.243,DEBUG,823BDD7362885FBB5C5EA0EDB53363D9,/ at position 10 of 11 in additional filter chain; firing Filter: 'ExceptionTranslationFilter'
05-23-2017 10:06:11.243,DEBUG,823BDD7362885FBB5C5EA0EDB53363D9,/ at position 11 of 11 in additional filter chain; firing Filter: 'FilterSecurityInterceptor'
05-23-2017 10:06:11.243,DEBUG,823BDD7362885FBB5C5EA0EDB53363D9,Checking match of request : '/'; against '/autherror*'
05-23-2017 10:06:11.243,DEBUG,823BDD7362885FBB5C5EA0EDB53363D9,Checking match of request : '/'; against '/login/**'
05-23-2017 10:06:11.243,DEBUG,823BDD7362885FBB5C5EA0EDB53363D9,Checking match of request : '/'; against '/error/**'
05-23-2017 10:06:11.243,DEBUG,823BDD7362885FBB5C5EA0EDB53363D9,Checking match of request : '/'; against '/0001/**'
05-23-2017 10:06:11.243,DEBUG,823BDD7362885FBB5C5EA0EDB53363D9,Checking match of request : '/'; against '/0002/**'
05-23-2017 10:06:11.243,DEBUG,823BDD7362885FBB5C5EA0EDB53363D9,Checking match of request : '/'; against '/0003/**'
05-23-2017 10:06:11.243,DEBUG,823BDD7362885FBB5C5EA0EDB53363D9,Checking match of request : '/'; against '/0005/**'
05-23-2017 10:06:11.243,DEBUG,823BDD7362885FBB5C5EA0EDB53363D9,Checking match of request : '/'; against '/0007/**'
05-23-2017 10:06:11.243,DEBUG,823BDD7362885FBB5C5EA0EDB53363D9,Checking match of request : '/'; against '/0009/**'
05-23-2017 10:06:11.243,DEBUG,823BDD7362885FBB5C5EA0EDB53363D9,Checking match of request : '/'; against '/0013/**'
05-23-2017 10:06:11.243,DEBUG,823BDD7362885FBB5C5EA0EDB53363D9,Checking match of request : '/'; against '/0023/**'
05-23-2017 10:06:11.243,DEBUG,823BDD7362885FBB5C5EA0EDB53363D9,Checking match of request : '/'; against '/0017/**'
05-23-2017 10:06:11.243,DEBUG,823BDD7362885FBB5C5EA0EDB53363D9,Checking match of request : '/'; against '/0031/**'
05-23-2017 10:06:11.243,DEBUG,823BDD7362885FBB5C5EA0EDB53363D9,Checking match of request : '/'; against '/0035/**'
05-23-2017 10:06:11.243,DEBUG,823BDD7362885FBB5C5EA0EDB53363D9,Checking match of request : '/'; against '/0037/**'
05-23-2017 10:06:11.243,DEBUG,823BDD7362885FBB5C5EA0EDB53363D9,Checking match of request : '/'; against '/0045/**'
05-23-2017 10:06:11.243,DEBUG,823BDD7362885FBB5C5EA0EDB53363D9,Checking match of request : '/'; against '/0047/**'
05-23-2017 10:06:11.243,DEBUG,823BDD7362885FBB5C5EA0EDB53363D9,Checking match of request : '/'; against '/0049/**'
05-23-2017 10:06:11.243,DEBUG,823BDD7362885FBB5C5EA0EDB53363D9,Checking match of request : '/'; against '/0061/**'
05-23-2017 10:06:11.243,DEBUG,823BDD7362885FBB5C5EA0EDB53363D9,Checking match of request : '/'; against '/0087/**'
05-23-2017 10:06:11.243,DEBUG,823BDD7362885FBB5C5EA0EDB53363D9,Checking match of request : '/'; against '/0075/**'
05-23-2017 10:06:11.243,DEBUG,823BDD7362885FBB5C5EA0EDB53363D9,Checking match of request : '/'; against '/0089/**'
05-23-2017 10:06:11.243,DEBUG,823BDD7362885FBB5C5EA0EDB53363D9,Checking match of request : '/'; against '/0090/**'
05-23-2017 10:06:11.243,DEBUG,823BDD7362885FBB5C5EA0EDB53363D9,Checking match of request : '/'; against '/0091/**'
05-23-2017 10:06:11.243,DEBUG,823BDD7362885FBB5C5EA0EDB53363D9,Checking match of request : '/'; against '/0092/**'
05-23-2017 10:06:11.243,DEBUG,823BDD7362885FBB5C5EA0EDB53363D9,Checking match of request : '/'; against '/0095/**'
05-23-2017 10:06:11.243,DEBUG,823BDD7362885FBB5C5EA0EDB53363D9,Secure object: FilterInvocation: URL: /; Attributes: [IS_AUTHENTICATED_ANONYMOUSLY]
05-23-2017 10:06:11.243,DEBUG,823BDD7362885FBB5C5EA0EDB53363D9,Previously Authenticated: org.springframework.security.authentication.AnonymousAuthenticationToken@9055c2bc: Principal: anonymousUser; Credentials: [PROTECTED]; Authenticated: true; Details: org.springframework.security.web.authentication.WebAuthenticationDetails@b364: RemoteIpAddress: 0:0:0:0:0:0:0:1; SessionId: null; Granted Authorities: ROLE_ANONYMOUS
05-23-2017 10:06:11.243,DEBUG,823BDD7362885FBB5C5EA0EDB53363D9,Voter: org.springframework.security.access.vote.RoleVoter@1ac872d, returned: 0
05-23-2017 10:06:11.243,DEBUG,823BDD7362885FBB5C5EA0EDB53363D9,Voter: org.springframework.security.access.vote.AuthenticatedVoter@b1927d, returned: 1
05-23-2017 10:06:11.243,DEBUG,823BDD7362885FBB5C5EA0EDB53363D9,Authorization successful
05-23-2017 10:06:11.243,DEBUG,823BDD7362885FBB5C5EA0EDB53363D9,RunAsManager did not change Authentication object
05-23-2017 10:06:11.243,DEBUG,823BDD7362885FBB5C5EA0EDB53363D9,/ reached end of additional filter chain; proceeding with original chain
05-23-2017 10:06:11.243,DEBUG,823BDD7362885FBB5C5EA0EDB53363D9,Request [/ict/] is not a multipart request
05-23-2017 10:06:11.243,DEBUG,ADF41588918DC460521A685B2F552EE0,DispatcherServlet with name 'appServlet' processing GET request for [/ict/]
05-23-2017 10:06:11.243,DEBUG,ADF41588918DC460521A685B2F552EE0,Looking up handler method for path /
05-23-2017 10:06:11.244,DEBUG,ADF41588918DC460521A685B2F552EE0,Returning handler method [public java.lang.String vn.bananavietnam.ict.common.controller.AuthController.login()]
05-23-2017 10:06:11.244,DEBUG,ADF41588918DC460521A685B2F552EE0,Returning cached instance of singleton bean 'authController'
05-23-2017 10:06:11.244,DEBUG,ADF41588918DC460521A685B2F552EE0,Last-Modified value for [/ict/] is: -1
05-23-2017 10:06:11.244,DEBUG,ADF41588918DC460521A685B2F552EE0,Returning cached instance of singleton bean 'xml_path'
05-23-2017 10:06:11.245,DEBUG,ADF41588918DC460521A685B2F552EE0,Rendering view [org.springframework.web.servlet.view.JstlView: name 'common/PageWrapper'; URL [/WEB-INF/views/common/PageWrapper.jsp]] in DispatcherServlet with name 'appServlet'
05-23-2017 10:06:11.245,DEBUG,ADF41588918DC460521A685B2F552EE0,Forwarding to resource [/WEB-INF/views/common/PageWrapper.jsp] in InternalResourceView 'common/PageWrapper'
05-23-2017 10:06:11.245,DEBUG,ADF41588918DC460521A685B2F552EE0,SecurityContext is empty or contents are anonymous - context will not be stored in HttpSession.
05-23-2017 10:06:11.245,DEBUG,ADF41588918DC460521A685B2F552EE0,Successfully completed request
05-23-2017 10:06:11.245,DEBUG,ADF41588918DC460521A685B2F552EE0,Chain processed normally
05-23-2017 10:06:11.246,DEBUG,ADF41588918DC460521A685B2F552EE0,SecurityContextHolder now cleared, as request processing completed
05-23-2017 10:06:11.254,DEBUG,4371118363AE4F6B4F6C9B7EB0BF014E,/login/ at position 1 of 11 in additional filter chain; firing Filter: 'SecurityContextPersistenceFilter'
05-23-2017 10:06:11.254,DEBUG,4371118363AE4F6B4F6C9B7EB0BF014E,HttpSession returned null object for SPRING_SECURITY_CONTEXT
05-23-2017 10:06:11.254,DEBUG,4371118363AE4F6B4F6C9B7EB0BF014E,No SecurityContext was available from the HttpSession: org.apache.catalina.session.StandardSessionFacade@56a342. A new one will be created.
05-23-2017 10:06:11.254,DEBUG,4371118363AE4F6B4F6C9B7EB0BF014E,/login/ at position 2 of 11 in additional filter chain; firing Filter: 'WebAsyncManagerIntegrationFilter'
05-23-2017 10:06:11.254,DEBUG,4371118363AE4F6B4F6C9B7EB0BF014E,/login/ at position 3 of 11 in additional filter chain; firing Filter: 'LogoutFilter'
05-23-2017 10:06:11.254,DEBUG,4371118363AE4F6B4F6C9B7EB0BF014E,/login/ at position 4 of 11 in additional filter chain; firing Filter: 'UsernamePasswordAuthenticationFilter'
05-23-2017 10:06:11.254,DEBUG,4371118363AE4F6B4F6C9B7EB0BF014E,/login/ at position 5 of 11 in additional filter chain; firing Filter: 'BasicAuthenticationFilter'
05-23-2017 10:06:11.254,DEBUG,4371118363AE4F6B4F6C9B7EB0BF014E,/login/ at position 6 of 11 in additional filter chain; firing Filter: 'RequestCacheAwareFilter'
05-23-2017 10:06:11.254,DEBUG,4371118363AE4F6B4F6C9B7EB0BF014E,/login/ at position 7 of 11 in additional filter chain; firing Filter: 'SecurityContextHolderAwareRequestFilter'
05-23-2017 10:06:11.254,DEBUG,4371118363AE4F6B4F6C9B7EB0BF014E,/login/ at position 8 of 11 in additional filter chain; firing Filter: 'AnonymousAuthenticationFilter'
05-23-2017 10:06:11.254,DEBUG,4371118363AE4F6B4F6C9B7EB0BF014E,Populated SecurityContextHolder with anonymous token: 'org.springframework.security.authentication.AnonymousAuthenticationToken@90514580: Principal: anonymousUser; Credentials: [PROTECTED]; Authenticated: true; Details: org.springframework.security.web.authentication.WebAuthenticationDetails@43458: RemoteIpAddress: 0:0:0:0:0:0:0:1; SessionId: ADF41588918DC460521A685B2F552EE0; Granted Authorities: ROLE_ANONYMOUS'
05-23-2017 10:06:11.254,DEBUG,4371118363AE4F6B4F6C9B7EB0BF014E,/login/ at position 9 of 11 in additional filter chain; firing Filter: 'SessionManagementFilter'
05-23-2017 10:06:11.254,DEBUG,4371118363AE4F6B4F6C9B7EB0BF014E,/login/ at position 10 of 11 in additional filter chain; firing Filter: 'ExceptionTranslationFilter'
05-23-2017 10:06:11.254,DEBUG,4371118363AE4F6B4F6C9B7EB0BF014E,/login/ at position 11 of 11 in additional filter chain; firing Filter: 'FilterSecurityInterceptor'
05-23-2017 10:06:11.254,DEBUG,4371118363AE4F6B4F6C9B7EB0BF014E,Checking match of request : '/login/'; against '/autherror*'
05-23-2017 10:06:11.254,DEBUG,4371118363AE4F6B4F6C9B7EB0BF014E,Checking match of request : '/login/'; against '/login/**'
05-23-2017 10:06:11.254,DEBUG,4371118363AE4F6B4F6C9B7EB0BF014E,Secure object: FilterInvocation: URL: /login/; Attributes: [IS_AUTHENTICATED_ANONYMOUSLY]
05-23-2017 10:06:11.254,DEBUG,4371118363AE4F6B4F6C9B7EB0BF014E,Previously Authenticated: org.springframework.security.authentication.AnonymousAuthenticationToken@90514580: Principal: anonymousUser; Credentials: [PROTECTED]; Authenticated: true; Details: org.springframework.security.web.authentication.WebAuthenticationDetails@43458: RemoteIpAddress: 0:0:0:0:0:0:0:1; SessionId: ADF41588918DC460521A685B2F552EE0; Granted Authorities: ROLE_ANONYMOUS
05-23-2017 10:06:11.254,DEBUG,4371118363AE4F6B4F6C9B7EB0BF014E,Voter: org.springframework.security.access.vote.RoleVoter@1ac872d, returned: 0
05-23-2017 10:06:11.254,DEBUG,4371118363AE4F6B4F6C9B7EB0BF014E,Voter: org.springframework.security.access.vote.AuthenticatedVoter@b1927d, returned: 1
05-23-2017 10:06:11.254,DEBUG,4371118363AE4F6B4F6C9B7EB0BF014E,Authorization successful
05-23-2017 10:06:11.254,DEBUG,4371118363AE4F6B4F6C9B7EB0BF014E,RunAsManager did not change Authentication object
05-23-2017 10:06:11.254,DEBUG,4371118363AE4F6B4F6C9B7EB0BF014E,/login/ reached end of additional filter chain; proceeding with original chain
05-23-2017 10:06:11.254,DEBUG,4371118363AE4F6B4F6C9B7EB0BF014E,Request [/ict/login/] is not a multipart request
05-23-2017 10:06:11.254,DEBUG,ADF41588918DC460521A685B2F552EE0,DispatcherServlet with name 'appServlet' processing GET request for [/ict/login/]
05-23-2017 10:06:11.254,DEBUG,ADF41588918DC460521A685B2F552EE0,Looking up handler method for path /login/
05-23-2017 10:06:11.255,DEBUG,ADF41588918DC460521A685B2F552EE0,Returning handler method [public java.lang.String vn.bananavietnam.ict.common.controller.LoginController.top(java.util.Locale,org.springframework.ui.Model)]
05-23-2017 10:06:11.255,DEBUG,ADF41588918DC460521A685B2F552EE0,Returning cached instance of singleton bean 'loginController'
05-23-2017 10:06:11.255,DEBUG,ADF41588918DC460521A685B2F552EE0,Last-Modified value for [/ict/login/] is: -1
05-23-2017 10:06:11.255,DEBUG,ADF41588918DC460521A685B2F552EE0,Returning cached instance of singleton bean 'xml_path'
05-23-2017 10:06:11.256,DEBUG,ADF41588918DC460521A685B2F552EE0,Rendering view [org.springframework.web.servlet.view.JstlView: name 'common/login'; URL [/WEB-INF/views/common/login.jsp]] in DispatcherServlet with name 'appServlet'
05-23-2017 10:06:11.256,DEBUG,ADF41588918DC460521A685B2F552EE0,Forwarding to resource [/WEB-INF/views/common/login.jsp] in InternalResourceView 'common/login'
05-23-2017 10:06:11.258,DEBUG,ADF41588918DC460521A685B2F552EE0,SecurityContext is empty or contents are anonymous - context will not be stored in HttpSession.
05-23-2017 10:06:11.259,DEBUG,ADF41588918DC460521A685B2F552EE0,Successfully completed request
05-23-2017 10:06:11.259,DEBUG,ADF41588918DC460521A685B2F552EE0,Chain processed normally
05-23-2017 10:06:11.259,DEBUG,ADF41588918DC460521A685B2F552EE0,SecurityContextHolder now cleared, as request processing completed
05-23-2017 10:06:19.599,DEBUG,9D045BD541EE943CFA7580CB06785A18,/?language=vi at position 1 of 11 in additional filter chain; firing Filter: 'SecurityContextPersistenceFilter'
05-23-2017 10:06:19.599,DEBUG,9D045BD541EE943CFA7580CB06785A18,HttpSession returned null object for SPRING_SECURITY_CONTEXT
05-23-2017 10:06:19.599,DEBUG,9D045BD541EE943CFA7580CB06785A18,No SecurityContext was available from the HttpSession: org.apache.catalina.session.StandardSessionFacade@56a342. A new one will be created.
05-23-2017 10:06:19.599,DEBUG,9D045BD541EE943CFA7580CB06785A18,/?language=vi at position 2 of 11 in additional filter chain; firing Filter: 'WebAsyncManagerIntegrationFilter'
05-23-2017 10:06:19.600,DEBUG,9D045BD541EE943CFA7580CB06785A18,/?language=vi at position 3 of 11 in additional filter chain; firing Filter: 'LogoutFilter'
05-23-2017 10:06:19.600,DEBUG,9D045BD541EE943CFA7580CB06785A18,/?language=vi at position 4 of 11 in additional filter chain; firing Filter: 'UsernamePasswordAuthenticationFilter'
05-23-2017 10:06:19.600,DEBUG,9D045BD541EE943CFA7580CB06785A18,/?language=vi at position 5 of 11 in additional filter chain; firing Filter: 'BasicAuthenticationFilter'
05-23-2017 10:06:19.600,DEBUG,9D045BD541EE943CFA7580CB06785A18,/?language=vi at position 6 of 11 in additional filter chain; firing Filter: 'RequestCacheAwareFilter'
05-23-2017 10:06:19.600,DEBUG,9D045BD541EE943CFA7580CB06785A18,/?language=vi at position 7 of 11 in additional filter chain; firing Filter: 'SecurityContextHolderAwareRequestFilter'
05-23-2017 10:06:19.600,DEBUG,9D045BD541EE943CFA7580CB06785A18,/?language=vi at position 8 of 11 in additional filter chain; firing Filter: 'AnonymousAuthenticationFilter'
05-23-2017 10:06:19.601,DEBUG,9D045BD541EE943CFA7580CB06785A18,Populated SecurityContextHolder with anonymous token: 'org.springframework.security.authentication.AnonymousAuthenticationToken@90514580: Principal: anonymousUser; Credentials: [PROTECTED]; Authenticated: true; Details: org.springframework.security.web.authentication.WebAuthenticationDetails@43458: RemoteIpAddress: 0:0:0:0:0:0:0:1; SessionId: ADF41588918DC460521A685B2F552EE0; Granted Authorities: ROLE_ANONYMOUS'
05-23-2017 10:06:19.601,DEBUG,9D045BD541EE943CFA7580CB06785A18,/?language=vi at position 9 of 11 in additional filter chain; firing Filter: 'SessionManagementFilter'
05-23-2017 10:06:19.601,DEBUG,9D045BD541EE943CFA7580CB06785A18,/?language=vi at position 10 of 11 in additional filter chain; firing Filter: 'ExceptionTranslationFilter'
05-23-2017 10:06:19.601,DEBUG,9D045BD541EE943CFA7580CB06785A18,/?language=vi at position 11 of 11 in additional filter chain; firing Filter: 'FilterSecurityInterceptor'
05-23-2017 10:06:19.601,DEBUG,9D045BD541EE943CFA7580CB06785A18,Checking match of request : '/'; against '/autherror*'
05-23-2017 10:06:19.601,DEBUG,9D045BD541EE943CFA7580CB06785A18,Checking match of request : '/'; against '/login/**'
05-23-2017 10:06:19.601,DEBUG,9D045BD541EE943CFA7580CB06785A18,Checking match of request : '/'; against '/error/**'
05-23-2017 10:06:19.601,DEBUG,9D045BD541EE943CFA7580CB06785A18,Checking match of request : '/'; against '/0001/**'
05-23-2017 10:06:19.601,DEBUG,9D045BD541EE943CFA7580CB06785A18,Checking match of request : '/'; against '/0002/**'
05-23-2017 10:06:19.601,DEBUG,9D045BD541EE943CFA7580CB06785A18,Checking match of request : '/'; against '/0003/**'
05-23-2017 10:06:19.601,DEBUG,9D045BD541EE943CFA7580CB06785A18,Checking match of request : '/'; against '/0005/**'
05-23-2017 10:06:19.602,DEBUG,9D045BD541EE943CFA7580CB06785A18,Checking match of request : '/'; against '/0007/**'
05-23-2017 10:06:19.602,DEBUG,9D045BD541EE943CFA7580CB06785A18,Checking match of request : '/'; against '/0009/**'
05-23-2017 10:06:19.602,DEBUG,9D045BD541EE943CFA7580CB06785A18,Checking match of request : '/'; against '/0013/**'
05-23-2017 10:06:19.602,DEBUG,9D045BD541EE943CFA7580CB06785A18,Checking match of request : '/'; against '/0023/**'
05-23-2017 10:06:19.602,DEBUG,9D045BD541EE943CFA7580CB06785A18,Checking match of request : '/'; against '/0017/**'
05-23-2017 10:06:19.602,DEBUG,9D045BD541EE943CFA7580CB06785A18,Checking match of request : '/'; against '/0031/**'
05-23-2017 10:06:19.602,DEBUG,9D045BD541EE943CFA7580CB06785A18,Checking match of request : '/'; against '/0035/**'
05-23-2017 10:06:19.602,DEBUG,9D045BD541EE943CFA7580CB06785A18,Checking match of request : '/'; against '/0037/**'
05-23-2017 10:06:19.602,DEBUG,9D045BD541EE943CFA7580CB06785A18,Checking match of request : '/'; against '/0045/**'
05-23-2017 10:06:19.602,DEBUG,9D045BD541EE943CFA7580CB06785A18,Checking match of request : '/'; against '/0047/**'
05-23-2017 10:06:19.602,DEBUG,9D045BD541EE943CFA7580CB06785A18,Checking match of request : '/'; against '/0049/**'
05-23-2017 10:06:19.602,DEBUG,9D045BD541EE943CFA7580CB06785A18,Checking match of request : '/'; against '/0061/**'
05-23-2017 10:06:19.602,DEBUG,9D045BD541EE943CFA7580CB06785A18,Checking match of request : '/'; against '/0087/**'
05-23-2017 10:06:19.602,DEBUG,9D045BD541EE943CFA7580CB06785A18,Checking match of request : '/'; against '/0075/**'
05-23-2017 10:06:19.602,DEBUG,9D045BD541EE943CFA7580CB06785A18,Checking match of request : '/'; against '/0089/**'
05-23-2017 10:06:19.602,DEBUG,9D045BD541EE943CFA7580CB06785A18,Checking match of request : '/'; against '/0090/**'
05-23-2017 10:06:19.602,DEBUG,9D045BD541EE943CFA7580CB06785A18,Checking match of request : '/'; against '/0091/**'
05-23-2017 10:06:19.602,DEBUG,9D045BD541EE943CFA7580CB06785A18,Checking match of request : '/'; against '/0092/**'
05-23-2017 10:06:19.603,DEBUG,9D045BD541EE943CFA7580CB06785A18,Checking match of request : '/'; against '/0095/**'
05-23-2017 10:06:19.603,DEBUG,9D045BD541EE943CFA7580CB06785A18,Secure object: FilterInvocation: URL: /?language=vi; Attributes: [IS_AUTHENTICATED_ANONYMOUSLY]
05-23-2017 10:06:19.603,DEBUG,9D045BD541EE943CFA7580CB06785A18,Previously Authenticated: org.springframework.security.authentication.AnonymousAuthenticationToken@90514580: Principal: anonymousUser; Credentials: [PROTECTED]; Authenticated: true; Details: org.springframework.security.web.authentication.WebAuthenticationDetails@43458: RemoteIpAddress: 0:0:0:0:0:0:0:1; SessionId: ADF41588918DC460521A685B2F552EE0; Granted Authorities: ROLE_ANONYMOUS
05-23-2017 10:06:19.603,DEBUG,9D045BD541EE943CFA7580CB06785A18,Voter: org.springframework.security.access.vote.RoleVoter@1ac872d, returned: 0
05-23-2017 10:06:19.603,DEBUG,9D045BD541EE943CFA7580CB06785A18,Voter: org.springframework.security.access.vote.AuthenticatedVoter@b1927d, returned: 1
05-23-2017 10:06:19.603,DEBUG,9D045BD541EE943CFA7580CB06785A18,Authorization successful
05-23-2017 10:06:19.603,DEBUG,9D045BD541EE943CFA7580CB06785A18,RunAsManager did not change Authentication object
05-23-2017 10:06:19.603,DEBUG,9D045BD541EE943CFA7580CB06785A18,/?language=vi reached end of additional filter chain; proceeding with original chain
05-23-2017 10:06:19.603,DEBUG,9D045BD541EE943CFA7580CB06785A18,Request [/ict/] is not a multipart request
05-23-2017 10:06:19.603,DEBUG,ADF41588918DC460521A685B2F552EE0,DispatcherServlet with name 'appServlet' processing GET request for [/ict/]
05-23-2017 10:06:19.603,DEBUG,ADF41588918DC460521A685B2F552EE0,Looking up handler method for path /
05-23-2017 10:06:19.604,DEBUG,ADF41588918DC460521A685B2F552EE0,Returning handler method [public java.lang.String vn.bananavietnam.ict.common.controller.AuthController.login()]
05-23-2017 10:06:19.604,DEBUG,ADF41588918DC460521A685B2F552EE0,Returning cached instance of singleton bean 'authController'
05-23-2017 10:06:19.604,DEBUG,ADF41588918DC460521A685B2F552EE0,Last-Modified value for [/ict/] is: -1
05-23-2017 10:06:19.604,DEBUG,ADF41588918DC460521A685B2F552EE0,Returning cached instance of singleton bean 'xml_path'
05-23-2017 10:06:19.605,DEBUG,ADF41588918DC460521A685B2F552EE0,Rendering view [org.springframework.web.servlet.view.JstlView: name 'common/PageWrapper'; URL [/WEB-INF/views/common/PageWrapper.jsp]] in DispatcherServlet with name 'appServlet'
05-23-2017 10:06:19.606,DEBUG,ADF41588918DC460521A685B2F552EE0,Forwarding to resource [/WEB-INF/views/common/PageWrapper.jsp] in InternalResourceView 'common/PageWrapper'
05-23-2017 10:06:19.606,DEBUG,ADF41588918DC460521A685B2F552EE0,SecurityContext is empty or contents are anonymous - context will not be stored in HttpSession.
05-23-2017 10:06:19.609,DEBUG,ADF41588918DC460521A685B2F552EE0,Successfully completed request
05-23-2017 10:06:19.609,DEBUG,ADF41588918DC460521A685B2F552EE0,Chain processed normally
05-23-2017 10:06:19.609,DEBUG,ADF41588918DC460521A685B2F552EE0,SecurityContextHolder now cleared, as request processing completed
05-23-2017 10:06:19.620,DEBUG,9D045BD541EE943CFA7580CB06785A18,/login/ at position 1 of 11 in additional filter chain; firing Filter: 'SecurityContextPersistenceFilter'
05-23-2017 10:06:19.620,DEBUG,9D045BD541EE943CFA7580CB06785A18,HttpSession returned null object for SPRING_SECURITY_CONTEXT
05-23-2017 10:06:19.620,DEBUG,9D045BD541EE943CFA7580CB06785A18,No SecurityContext was available from the HttpSession: org.apache.catalina.session.StandardSessionFacade@56a342. A new one will be created.
05-23-2017 10:06:19.620,DEBUG,9D045BD541EE943CFA7580CB06785A18,/login/ at position 2 of 11 in additional filter chain; firing Filter: 'WebAsyncManagerIntegrationFilter'
05-23-2017 10:06:19.620,DEBUG,9D045BD541EE943CFA7580CB06785A18,/login/ at position 3 of 11 in additional filter chain; firing Filter: 'LogoutFilter'
05-23-2017 10:06:19.620,DEBUG,9D045BD541EE943CFA7580CB06785A18,/login/ at position 4 of 11 in additional filter chain; firing Filter: 'UsernamePasswordAuthenticationFilter'
05-23-2017 10:06:19.620,DEBUG,9D045BD541EE943CFA7580CB06785A18,/login/ at position 5 of 11 in additional filter chain; firing Filter: 'BasicAuthenticationFilter'
05-23-2017 10:06:19.620,DEBUG,9D045BD541EE943CFA7580CB06785A18,/login/ at position 6 of 11 in additional filter chain; firing Filter: 'RequestCacheAwareFilter'
05-23-2017 10:06:19.620,DEBUG,9D045BD541EE943CFA7580CB06785A18,/login/ at position 7 of 11 in additional filter chain; firing Filter: 'SecurityContextHolderAwareRequestFilter'
05-23-2017 10:06:19.621,DEBUG,9D045BD541EE943CFA7580CB06785A18,/login/ at position 8 of 11 in additional filter chain; firing Filter: 'AnonymousAuthenticationFilter'
05-23-2017 10:06:19.621,DEBUG,9D045BD541EE943CFA7580CB06785A18,Populated SecurityContextHolder with anonymous token: 'org.springframework.security.authentication.AnonymousAuthenticationToken@90514580: Principal: anonymousUser; Credentials: [PROTECTED]; Authenticated: true; Details: org.springframework.security.web.authentication.WebAuthenticationDetails@43458: RemoteIpAddress: 0:0:0:0:0:0:0:1; SessionId: ADF41588918DC460521A685B2F552EE0; Granted Authorities: ROLE_ANONYMOUS'
05-23-2017 10:06:19.621,DEBUG,9D045BD541EE943CFA7580CB06785A18,/login/ at position 9 of 11 in additional filter chain; firing Filter: 'SessionManagementFilter'
05-23-2017 10:06:19.621,DEBUG,9D045BD541EE943CFA7580CB06785A18,/login/ at position 10 of 11 in additional filter chain; firing Filter: 'ExceptionTranslationFilter'
05-23-2017 10:06:19.621,DEBUG,9D045BD541EE943CFA7580CB06785A18,/login/ at position 11 of 11 in additional filter chain; firing Filter: 'FilterSecurityInterceptor'
05-23-2017 10:06:19.621,DEBUG,9D045BD541EE943CFA7580CB06785A18,Checking match of request : '/login/'; against '/autherror*'
05-23-2017 10:06:19.621,DEBUG,9D045BD541EE943CFA7580CB06785A18,Checking match of request : '/login/'; against '/login/**'
05-23-2017 10:06:19.621,DEBUG,9D045BD541EE943CFA7580CB06785A18,Secure object: FilterInvocation: URL: /login/; Attributes: [IS_AUTHENTICATED_ANONYMOUSLY]
05-23-2017 10:06:19.621,DEBUG,9D045BD541EE943CFA7580CB06785A18,Previously Authenticated: org.springframework.security.authentication.AnonymousAuthenticationToken@90514580: Principal: anonymousUser; Credentials: [PROTECTED]; Authenticated: true; Details: org.springframework.security.web.authentication.WebAuthenticationDetails@43458: RemoteIpAddress: 0:0:0:0:0:0:0:1; SessionId: ADF41588918DC460521A685B2F552EE0; Granted Authorities: ROLE_ANONYMOUS
05-23-2017 10:06:19.621,DEBUG,9D045BD541EE943CFA7580CB06785A18,Voter: org.springframework.security.access.vote.RoleVoter@1ac872d, returned: 0
05-23-2017 10:06:19.621,DEBUG,9D045BD541EE943CFA7580CB06785A18,Voter: org.springframework.security.access.vote.AuthenticatedVoter@b1927d, returned: 1
05-23-2017 10:06:19.621,DEBUG,9D045BD541EE943CFA7580CB06785A18,Authorization successful
05-23-2017 10:06:19.621,DEBUG,9D045BD541EE943CFA7580CB06785A18,RunAsManager did not change Authentication object
05-23-2017 10:06:19.621,DEBUG,9D045BD541EE943CFA7580CB06785A18,/login/ reached end of additional filter chain; proceeding with original chain
05-23-2017 10:06:19.622,DEBUG,9D045BD541EE943CFA7580CB06785A18,Request [/ict/login/] is not a multipart request
05-23-2017 10:06:19.622,DEBUG,ADF41588918DC460521A685B2F552EE0,DispatcherServlet with name 'appServlet' processing GET request for [/ict/login/]
05-23-2017 10:06:19.622,DEBUG,ADF41588918DC460521A685B2F552EE0,Looking up handler method for path /login/
05-23-2017 10:06:19.622,DEBUG,ADF41588918DC460521A685B2F552EE0,Returning handler method [public java.lang.String vn.bananavietnam.ict.common.controller.LoginController.top(java.util.Locale,org.springframework.ui.Model)]
05-23-2017 10:06:19.622,DEBUG,ADF41588918DC460521A685B2F552EE0,Returning cached instance of singleton bean 'loginController'
05-23-2017 10:06:19.622,DEBUG,ADF41588918DC460521A685B2F552EE0,Last-Modified value for [/ict/login/] is: -1
05-23-2017 10:06:19.622,DEBUG,ADF41588918DC460521A685B2F552EE0,Returning cached instance of singleton bean 'xml_path'
05-23-2017 10:06:19.623,DEBUG,ADF41588918DC460521A685B2F552EE0,Rendering view [org.springframework.web.servlet.view.JstlView: name 'common/login'; URL [/WEB-INF/views/common/login.jsp]] in DispatcherServlet with name 'appServlet'
05-23-2017 10:06:19.623,DEBUG,ADF41588918DC460521A685B2F552EE0,Forwarding to resource [/WEB-INF/views/common/login.jsp] in InternalResourceView 'common/login'
05-23-2017 10:06:19.626,DEBUG,ADF41588918DC460521A685B2F552EE0,SecurityContext is empty or contents are anonymous - context will not be stored in HttpSession.
05-23-2017 10:06:19.627,DEBUG,ADF41588918DC460521A685B2F552EE0,Successfully completed request
05-23-2017 10:06:19.627,DEBUG,ADF41588918DC460521A685B2F552EE0,Chain processed normally
05-23-2017 10:06:19.627,DEBUG,ADF41588918DC460521A685B2F552EE0,SecurityContextHolder now cleared, as request processing completed
05-23-2017 10:06:24.112,DEBUG,9D045BD541EE943CFA7580CB06785A18,/j_spring_security_check at position 1 of 11 in additional filter chain; firing Filter: 'SecurityContextPersistenceFilter'
05-23-2017 10:06:24.112,DEBUG,9D045BD541EE943CFA7580CB06785A18,HttpSession returned null object for SPRING_SECURITY_CONTEXT
05-23-2017 10:06:24.112,DEBUG,9D045BD541EE943CFA7580CB06785A18,No SecurityContext was available from the HttpSession: org.apache.catalina.session.StandardSessionFacade@56a342. A new one will be created.
05-23-2017 10:06:24.113,DEBUG,9D045BD541EE943CFA7580CB06785A18,/j_spring_security_check at position 2 of 11 in additional filter chain; firing Filter: 'WebAsyncManagerIntegrationFilter'
05-23-2017 10:06:24.113,DEBUG,9D045BD541EE943CFA7580CB06785A18,/j_spring_security_check at position 3 of 11 in additional filter chain; firing Filter: 'LogoutFilter'
05-23-2017 10:06:24.113,DEBUG,9D045BD541EE943CFA7580CB06785A18,/j_spring_security_check at position 4 of 11 in additional filter chain; firing Filter: 'UsernamePasswordAuthenticationFilter'
05-23-2017 10:06:24.113,DEBUG,9D045BD541EE943CFA7580CB06785A18,Request is to process authentication
05-23-2017 10:06:24.113,DEBUG,9D045BD541EE943CFA7580CB06785A18,Authentication attempt using org.springframework.security.authentication.dao.DaoAuthenticationProvider
05-23-2017 10:06:24.113,DEBUG,9D045BD541EE943CFA7580CB06785A18,Executing prepared SQL query
05-23-2017 10:06:24.113,DEBUG,9D045BD541EE943CFA7580CB06785A18,Executing prepared SQL statement [select users_authorization.usersId as id,                users_authorization.usersName as username,                      users_authorization.usersPassword as password,                      users_authorization.usersFullName as userfullname,                      1 as enabled,                      CASE                       WHEN users_authorization.authorizationTypeId IS NULL THEN '0'                          ELSE users_authorization.authorizationTypeId                      END as roleid,                      CASE                 WHEN access.SCREEN_DISPLAY_ENABLE_FLAG IS NULL THEN '0'                 ELSE access.SCREEN_DISPLAY_ENABLE_FLAG                END as roledisplay,                      CASE                 WHEN access.ADDABLE_FLAG IS NULL THEN '0'                 ELSE access.ADDABLE_FLAG                END as roleadd,                      CASE                 WHEN access.UPDATABLE_FLAG IS NULL THEN '0'                 ELSE access.UPDATABLE_FLAG                END as roleupdate,                      CASE                 WHEN access.DELETABLE_FLAG IS NULL THEN '0'                 ELSE access.DELETABLE_FLAG                END as roledelete,                      CASE                 WHEN access.REFERENCE_FLAG IS NULL THEN '0'                 ELSE access.REFERENCE_FLAG                END as rolereference,                       access.SCREEN_ID as screenid              from (select users_manager.usersId,                 users_manager.usersName,                 users_manager.usersPassword,                 users_manager.usersFullName,                 users_manager.authorizationTypeId,                 authorization.AUTHORIZATION_TYPE_NAME authorizationTypeName,                 authorization.ACCESS_AUTHORITY_ID accessAuthorityId               from (select users.USERS_ID usersId,                  users.USERS_ID usersName,                  users.PASSWORD usersPassword,                  users.USERS_NAME usersFullName,                  manager.AUTHORIZATION_TYPE_ID authorizationTypeId                from IVB_M_USERS users                left join IVB_M_MANAGER manager                 on users.USERS_ID = manager.USERS_ID                 and manager.DELETE_FLAG = '0'                where users.USERS_ID = ?                 and users.DELETE_FLAG = '0'                ) users_manager               left join IVB_M_AUTHORIZATION authorization                on users_manager.authorizationTypeId = authorization.AUTHORIZATION_TYPE_ID                   and authorization.DELETE_FLAG = '0'                  ) users_authorization              left join IVB_M_ACCESS_AUTHORIZATION access               on users_authorization.accessAuthorityId = access.ACCESS_AUTHORITY_ID                  and access.DELETE_FLAG = '0']
05-23-2017 10:06:24.113,DEBUG,9D045BD541EE943CFA7580CB06785A18,Fetching JDBC Connection from DataSource
05-23-2017 10:06:24.113,DEBUG,9D045BD541EE943CFA7580CB06785A18,Creating new JDBC DriverManager Connection to [jdbc:mysql://172.16.0.175:3306/BANANA_DB_HUNG_SELENIUM?useUnicode=yes&characterEncoding=UTF-8&autoReconnect=true]
05-23-2017 10:06:24.133,DEBUG,9D045BD541EE943CFA7580CB06785A18,Returning JDBC Connection to DataSource
05-23-2017 10:06:24.133,DEBUG,9D045BD541EE943CFA7580CB06785A18,Executing prepared SQL query
05-23-2017 10:06:24.133,DEBUG,9D045BD541EE943CFA7580CB06785A18,Executing prepared SQL statement [select distinct users.USERS_ID,                  CASE                   WHEN manager.AUTHORIZATION_TYPE_ID IS NULL THEN '0'                   ELSE manager.AUTHORIZATION_TYPE_ID                  END as AUTHORIZATION_TYPE_ID               from IVB_M_USERS users               left join IVB_M_MANAGER manager                on users.USERS_ID = manager.USERS_ID                and manager.DELETE_FLAG = '0'               where users.USERS_ID = ?                and users.DELETE_FLAG = '0']
05-23-2017 10:06:24.133,DEBUG,9D045BD541EE943CFA7580CB06785A18,Fetching JDBC Connection from DataSource
05-23-2017 10:06:24.133,DEBUG,9D045BD541EE943CFA7580CB06785A18,Creating new JDBC DriverManager Connection to [jdbc:mysql://172.16.0.175:3306/BANANA_DB_HUNG_SELENIUM?useUnicode=yes&characterEncoding=UTF-8&autoReconnect=true]
05-23-2017 10:06:24.153,DEBUG,9D045BD541EE943CFA7580CB06785A18,Returning JDBC Connection to DataSource
05-23-2017 10:06:24.153,DEBUG,9D045BD541EE943CFA7580CB06785A18,Delegating to org.springframework.security.web.authentication.session.ChangeSessionIdAuthenticationStrategy@99fddf
05-23-2017 10:06:24.153,DEBUG,9D045BD541EE943CFA7580CB06785A18,Authentication success. Updating SecurityContextHolder to contain: org.springframework.security.authentication.UsernamePasswordAuthenticationToken@3b6bb3bb: Principal: vn.bananavietnam.ict.common.auth.MyUser@c4907816: Username: U0000000001; Password: [PROTECTED]; Enabled: true; AccountNonExpired: true; credentialsNonExpired: true; AccountNonLocked: true; Granted Authorities: 1; Credentials: [PROTECTED]; Authenticated: true; Details: org.springframework.security.web.authentication.WebAuthenticationDetails@43458: RemoteIpAddress: 0:0:0:0:0:0:0:1; SessionId: ADF41588918DC460521A685B2F552EE0; Granted Authorities: 1
05-23-2017 10:06:24.153,DEBUG,9D045BD541EE943CFA7580CB06785A18,SecurityContext stored to HttpSession: 'org.springframework.security.core.context.SecurityContextImpl@3b6bb3bb: Authentication: org.springframework.security.authentication.UsernamePasswordAuthenticationToken@3b6bb3bb: Principal: vn.bananavietnam.ict.common.auth.MyUser@c4907816: Username: U0000000001; Password: [PROTECTED]; Enabled: true; AccountNonExpired: true; credentialsNonExpired: true; AccountNonLocked: true; Granted Authorities: 1; Credentials: [PROTECTED]; Authenticated: true; Details: org.springframework.security.web.authentication.WebAuthenticationDetails@43458: RemoteIpAddress: 0:0:0:0:0:0:0:1; SessionId: ADF41588918DC460521A685B2F552EE0; Granted Authorities: 1'
05-23-2017 10:06:24.153,DEBUG,9D045BD541EE943CFA7580CB06785A18,SecurityContextHolder now cleared, as request processing completed
05-23-2017 10:06:24.159,DEBUG,9D045BD541EE943CFA7580CB06785A18,/0001/ at position 1 of 11 in additional filter chain; firing Filter: 'SecurityContextPersistenceFilter'
05-23-2017 10:06:24.159,DEBUG,9D045BD541EE943CFA7580CB06785A18,Obtained a valid SecurityContext from SPRING_SECURITY_CONTEXT: 'org.springframework.security.core.context.SecurityContextImpl@3b6bb3bb: Authentication: org.springframework.security.authentication.UsernamePasswordAuthenticationToken@3b6bb3bb: Principal: vn.bananavietnam.ict.common.auth.MyUser@c4907816: Username: U0000000001; Password: [PROTECTED]; Enabled: true; AccountNonExpired: true; credentialsNonExpired: true; AccountNonLocked: true; Granted Authorities: 1; Credentials: [PROTECTED]; Authenticated: true; Details: org.springframework.security.web.authentication.WebAuthenticationDetails@43458: RemoteIpAddress: 0:0:0:0:0:0:0:1; SessionId: ADF41588918DC460521A685B2F552EE0; Granted Authorities: 1'
05-23-2017 10:06:24.159,DEBUG,9D045BD541EE943CFA7580CB06785A18,/0001/ at position 2 of 11 in additional filter chain; firing Filter: 'WebAsyncManagerIntegrationFilter'
05-23-2017 10:06:24.159,DEBUG,9D045BD541EE943CFA7580CB06785A18,/0001/ at position 3 of 11 in additional filter chain; firing Filter: 'LogoutFilter'
05-23-2017 10:06:24.159,DEBUG,9D045BD541EE943CFA7580CB06785A18,/0001/ at position 4 of 11 in additional filter chain; firing Filter: 'UsernamePasswordAuthenticationFilter'
05-23-2017 10:06:24.159,DEBUG,9D045BD541EE943CFA7580CB06785A18,/0001/ at position 5 of 11 in additional filter chain; firing Filter: 'BasicAuthenticationFilter'
05-23-2017 10:06:24.159,DEBUG,9D045BD541EE943CFA7580CB06785A18,/0001/ at position 6 of 11 in additional filter chain; firing Filter: 'RequestCacheAwareFilter'
05-23-2017 10:06:24.159,DEBUG,9D045BD541EE943CFA7580CB06785A18,/0001/ at position 7 of 11 in additional filter chain; firing Filter: 'SecurityContextHolderAwareRequestFilter'
05-23-2017 10:06:24.159,DEBUG,9D045BD541EE943CFA7580CB06785A18,/0001/ at position 8 of 11 in additional filter chain; firing Filter: 'AnonymousAuthenticationFilter'
05-23-2017 10:06:24.159,DEBUG,9D045BD541EE943CFA7580CB06785A18,SecurityContextHolder not populated with anonymous token, as it already contained: 'org.springframework.security.authentication.UsernamePasswordAuthenticationToken@3b6bb3bb: Principal: vn.bananavietnam.ict.common.auth.MyUser@c4907816: Username: U0000000001; Password: [PROTECTED]; Enabled: true; AccountNonExpired: true; credentialsNonExpired: true; AccountNonLocked: true; Granted Authorities: 1; Credentials: [PROTECTED]; Authenticated: true; Details: org.springframework.security.web.authentication.WebAuthenticationDetails@43458: RemoteIpAddress: 0:0:0:0:0:0:0:1; SessionId: ADF41588918DC460521A685B2F552EE0; Granted Authorities: 1'
05-23-2017 10:06:24.159,DEBUG,9D045BD541EE943CFA7580CB06785A18,/0001/ at position 9 of 11 in additional filter chain; firing Filter: 'SessionManagementFilter'
05-23-2017 10:06:24.159,DEBUG,9D045BD541EE943CFA7580CB06785A18,/0001/ at position 10 of 11 in additional filter chain; firing Filter: 'ExceptionTranslationFilter'
05-23-2017 10:06:24.160,DEBUG,9D045BD541EE943CFA7580CB06785A18,/0001/ at position 11 of 11 in additional filter chain; firing Filter: 'FilterSecurityInterceptor'
05-23-2017 10:06:24.160,DEBUG,9D045BD541EE943CFA7580CB06785A18,Checking match of request : '/0001/'; against '/autherror*'
05-23-2017 10:06:24.160,DEBUG,9D045BD541EE943CFA7580CB06785A18,Checking match of request : '/0001/'; against '/login/**'
05-23-2017 10:06:24.160,DEBUG,9D045BD541EE943CFA7580CB06785A18,Checking match of request : '/0001/'; against '/error/**'
05-23-2017 10:06:24.160,DEBUG,9D045BD541EE943CFA7580CB06785A18,Checking match of request : '/0001/'; against '/0001/**'
05-23-2017 10:06:24.160,DEBUG,9D045BD541EE943CFA7580CB06785A18,Secure object: FilterInvocation: URL: /0001/; Attributes: [ROLE_ADMIN, ROLE_USER, IS_AUTHENTICATED_FULLY]
05-23-2017 10:06:24.160,DEBUG,9D045BD541EE943CFA7580CB06785A18,Previously Authenticated: org.springframework.security.authentication.UsernamePasswordAuthenticationToken@3b6bb3bb: Principal: vn.bananavietnam.ict.common.auth.MyUser@c4907816: Username: U0000000001; Password: [PROTECTED]; Enabled: true; AccountNonExpired: true; credentialsNonExpired: true; AccountNonLocked: true; Granted Authorities: 1; Credentials: [PROTECTED]; Authenticated: true; Details: org.springframework.security.web.authentication.WebAuthenticationDetails@43458: RemoteIpAddress: 0:0:0:0:0:0:0:1; SessionId: ADF41588918DC460521A685B2F552EE0; Granted Authorities: 1
05-23-2017 10:06:24.160,DEBUG,9D045BD541EE943CFA7580CB06785A18,Voter: org.springframework.security.access.vote.RoleVoter@1ac872d, returned: -1
05-23-2017 10:06:24.160,DEBUG,9D045BD541EE943CFA7580CB06785A18,Voter: org.springframework.security.access.vote.AuthenticatedVoter@b1927d, returned: 1
05-23-2017 10:06:24.160,DEBUG,9D045BD541EE943CFA7580CB06785A18,Authorization successful
05-23-2017 10:06:24.160,DEBUG,9D045BD541EE943CFA7580CB06785A18,RunAsManager did not change Authentication object
05-23-2017 10:06:24.160,DEBUG,9D045BD541EE943CFA7580CB06785A18,/0001/ reached end of additional filter chain; proceeding with original chain
05-23-2017 10:06:24.160,DEBUG,9D045BD541EE943CFA7580CB06785A18,Request [/ict/0001/] is not a multipart request
05-23-2017 10:06:24.160,DEBUG,97B25CD7F4D1FB4EA257E562EE858AAB,DispatcherServlet with name 'appServlet' processing GET request for [/ict/0001/]
05-23-2017 10:06:24.160,DEBUG,97B25CD7F4D1FB4EA257E562EE858AAB,Looking up handler method for path /0001/
05-23-2017 10:06:24.160,DEBUG,97B25CD7F4D1FB4EA257E562EE858AAB,Returning handler method [public java.lang.String vn.bananavietnam.ict.banana.controller.Bnn0001BananaMenuController.top(javax.servlet.http.HttpServletRequest,java.util.Locale,org.springframework.ui.Model)]
05-23-2017 10:06:24.160,DEBUG,97B25CD7F4D1FB4EA257E562EE858AAB,Returning cached instance of singleton bean 'bnn0001BananaMenuController'
05-23-2017 10:06:24.160,DEBUG,97B25CD7F4D1FB4EA257E562EE858AAB,Last-Modified value for [/ict/0001/] is: -1
05-23-2017 10:06:24.160,DEBUG,97B25CD7F4D1FB4EA257E562EE858AAB,Returning cached instance of singleton bean 'xml_path'
05-23-2017 10:06:24.163,DEBUG,97B25CD7F4D1FB4EA257E562EE858AAB,Rendering view [org.springframework.web.servlet.view.JstlView: name 'banana/Bnn0001BananaMenu'; URL [/WEB-INF/views/banana/Bnn0001BananaMenu.jsp]] in DispatcherServlet with name 'appServlet'
05-23-2017 10:06:24.163,DEBUG,97B25CD7F4D1FB4EA257E562EE858AAB,Added model object 'resetDate' of type [java.lang.String] to request in view with name 'banana/Bnn0001BananaMenu'
05-23-2017 10:06:24.163,DEBUG,97B25CD7F4D1FB4EA257E562EE858AAB,Added model object 'layoutDate' of type [java.lang.String] to request in view with name 'banana/Bnn0001BananaMenu'
05-23-2017 10:06:24.163,DEBUG,97B25CD7F4D1FB4EA257E562EE858AAB,Added model object 'jqueryUiCssDate' of type [java.lang.String] to request in view with name 'banana/Bnn0001BananaMenu'
05-23-2017 10:06:24.163,DEBUG,97B25CD7F4D1FB4EA257E562EE858AAB,Added model object 'messageHandlerDate' of type [java.lang.String] to request in view with name 'banana/Bnn0001BananaMenu'
05-23-2017 10:06:24.163,DEBUG,97B25CD7F4D1FB4EA257E562EE858AAB,Added model object 'jqueryDate' of type [java.lang.String] to request in view with name 'banana/Bnn0001BananaMenu'
05-23-2017 10:06:24.163,DEBUG,97B25CD7F4D1FB4EA257E562EE858AAB,Added model object 'jqueryUiDate' of type [java.lang.String] to request in view with name 'banana/Bnn0001BananaMenu'
05-23-2017 10:06:24.163,DEBUG,97B25CD7F4D1FB4EA257E562EE858AAB,Added model object 'datepickerDate' of type [java.lang.String] to request in view with name 'banana/Bnn0001BananaMenu'
05-23-2017 10:06:24.163,DEBUG,97B25CD7F4D1FB4EA257E562EE858AAB,Added model object 'inputmaskDate' of type [java.lang.String] to request in view with name 'banana/Bnn0001BananaMenu'
05-23-2017 10:06:24.163,DEBUG,97B25CD7F4D1FB4EA257E562EE858AAB,Added model object 'jqueryInputmaskDate' of type [java.lang.String] to request in view with name 'banana/Bnn0001BananaMenu'
05-23-2017 10:06:24.163,DEBUG,97B25CD7F4D1FB4EA257E562EE858AAB,Added model object 'inputMaskExtDate' of type [java.lang.String] to request in view with name 'banana/Bnn0001BananaMenu'
05-23-2017 10:06:24.163,DEBUG,97B25CD7F4D1FB4EA257E562EE858AAB,Added model object 'calendarDate' of type [java.lang.String] to request in view with name 'banana/Bnn0001BananaMenu'
05-23-2017 10:06:24.163,DEBUG,97B25CD7F4D1FB4EA257E562EE858AAB,Added model object 'messageDate' of type [java.lang.String] to request in view with name 'banana/Bnn0001BananaMenu'
05-23-2017 10:06:24.163,DEBUG,97B25CD7F4D1FB4EA257E562EE858AAB,Added model object 'storageDate' of type [java.lang.String] to request in view with name 'banana/Bnn0001BananaMenu'
05-23-2017 10:06:24.163,DEBUG,97B25CD7F4D1FB4EA257E562EE858AAB,Added model object 'commonDate' of type [java.lang.String] to request in view with name 'banana/Bnn0001BananaMenu'
05-23-2017 10:06:24.163,DEBUG,97B25CD7F4D1FB4EA257E562EE858AAB,Added model object 'bananaMenuCssDate' of type [java.lang.String] to request in view with name 'banana/Bnn0001BananaMenu'
05-23-2017 10:06:24.163,DEBUG,97B25CD7F4D1FB4EA257E562EE858AAB,Added model object 'bananaMenuJsDate' of type [java.lang.String] to request in view with name 'banana/Bnn0001BananaMenu'
05-23-2017 10:06:24.163,DEBUG,97B25CD7F4D1FB4EA257E562EE858AAB,Forwarding to resource [/WEB-INF/views/banana/Bnn0001BananaMenu.jsp] in InternalResourceView 'banana/Bnn0001BananaMenu'
05-23-2017 10:06:24.164,DEBUG,97B25CD7F4D1FB4EA257E562EE858AAB,Render request received for definition 'defaultTemplate'
05-23-2017 10:06:24.165,DEBUG,97B25CD7F4D1FB4EA257E562EE858AAB,Successfully completed request
05-23-2017 10:06:24.165,DEBUG,97B25CD7F4D1FB4EA257E562EE858AAB,Chain processed normally
05-23-2017 10:06:24.165,DEBUG,97B25CD7F4D1FB4EA257E562EE858AAB,SecurityContextHolder now cleared, as request processing completed
05-23-2017 10:06:25.359,DEBUG,9D045BD541EE943CFA7580CB06785A18,/0089/ at position 1 of 11 in additional filter chain; firing Filter: 'SecurityContextPersistenceFilter'
05-23-2017 10:06:25.359,DEBUG,9D045BD541EE943CFA7580CB06785A18,Obtained a valid SecurityContext from SPRING_SECURITY_CONTEXT: 'org.springframework.security.core.context.SecurityContextImpl@3b6bb3bb: Authentication: org.springframework.security.authentication.UsernamePasswordAuthenticationToken@3b6bb3bb: Principal: vn.bananavietnam.ict.common.auth.MyUser@c4907816: Username: U0000000001; Password: [PROTECTED]; Enabled: true; AccountNonExpired: true; credentialsNonExpired: true; AccountNonLocked: true; Granted Authorities: 1; Credentials: [PROTECTED]; Authenticated: true; Details: org.springframework.security.web.authentication.WebAuthenticationDetails@43458: RemoteIpAddress: 0:0:0:0:0:0:0:1; SessionId: ADF41588918DC460521A685B2F552EE0; Granted Authorities: 1'
05-23-2017 10:06:25.360,DEBUG,9D045BD541EE943CFA7580CB06785A18,/0089/ at position 2 of 11 in additional filter chain; firing Filter: 'WebAsyncManagerIntegrationFilter'
05-23-2017 10:06:25.360,DEBUG,9D045BD541EE943CFA7580CB06785A18,/0089/ at position 3 of 11 in additional filter chain; firing Filter: 'LogoutFilter'
05-23-2017 10:06:25.360,DEBUG,9D045BD541EE943CFA7580CB06785A18,/0089/ at position 4 of 11 in additional filter chain; firing Filter: 'UsernamePasswordAuthenticationFilter'
05-23-2017 10:06:25.360,DEBUG,9D045BD541EE943CFA7580CB06785A18,/0089/ at position 5 of 11 in additional filter chain; firing Filter: 'BasicAuthenticationFilter'
05-23-2017 10:06:25.360,DEBUG,9D045BD541EE943CFA7580CB06785A18,/0089/ at position 6 of 11 in additional filter chain; firing Filter: 'RequestCacheAwareFilter'
05-23-2017 10:06:25.360,DEBUG,9D045BD541EE943CFA7580CB06785A18,/0089/ at position 7 of 11 in additional filter chain; firing Filter: 'SecurityContextHolderAwareRequestFilter'
05-23-2017 10:06:25.360,DEBUG,9D045BD541EE943CFA7580CB06785A18,/0089/ at position 8 of 11 in additional filter chain; firing Filter: 'AnonymousAuthenticationFilter'
05-23-2017 10:06:25.360,DEBUG,9D045BD541EE943CFA7580CB06785A18,SecurityContextHolder not populated with anonymous token, as it already contained: 'org.springframework.security.authentication.UsernamePasswordAuthenticationToken@3b6bb3bb: Principal: vn.bananavietnam.ict.common.auth.MyUser@c4907816: Username: U0000000001; Password: [PROTECTED]; Enabled: true; AccountNonExpired: true; credentialsNonExpired: true; AccountNonLocked: true; Granted Authorities: 1; Credentials: [PROTECTED]; Authenticated: true; Details: org.springframework.security.web.authentication.WebAuthenticationDetails@43458: RemoteIpAddress: 0:0:0:0:0:0:0:1; SessionId: ADF41588918DC460521A685B2F552EE0; Granted Authorities: 1'
05-23-2017 10:06:25.360,DEBUG,9D045BD541EE943CFA7580CB06785A18,/0089/ at position 9 of 11 in additional filter chain; firing Filter: 'SessionManagementFilter'
05-23-2017 10:06:25.360,DEBUG,9D045BD541EE943CFA7580CB06785A18,/0089/ at position 10 of 11 in additional filter chain; firing Filter: 'ExceptionTranslationFilter'
05-23-2017 10:06:25.360,DEBUG,9D045BD541EE943CFA7580CB06785A18,/0089/ at position 11 of 11 in additional filter chain; firing Filter: 'FilterSecurityInterceptor'
05-23-2017 10:06:25.360,DEBUG,9D045BD541EE943CFA7580CB06785A18,Checking match of request : '/0089/'; against '/autherror*'
05-23-2017 10:06:25.360,DEBUG,9D045BD541EE943CFA7580CB06785A18,Checking match of request : '/0089/'; against '/login/**'
05-23-2017 10:06:25.360,DEBUG,9D045BD541EE943CFA7580CB06785A18,Checking match of request : '/0089/'; against '/error/**'
05-23-2017 10:06:25.360,DEBUG,9D045BD541EE943CFA7580CB06785A18,Checking match of request : '/0089/'; against '/0001/**'
05-23-2017 10:06:25.360,DEBUG,9D045BD541EE943CFA7580CB06785A18,Checking match of request : '/0089/'; against '/0002/**'
05-23-2017 10:06:25.360,DEBUG,9D045BD541EE943CFA7580CB06785A18,Checking match of request : '/0089/'; against '/0003/**'
05-23-2017 10:06:25.360,DEBUG,9D045BD541EE943CFA7580CB06785A18,Checking match of request : '/0089/'; against '/0005/**'
05-23-2017 10:06:25.360,DEBUG,9D045BD541EE943CFA7580CB06785A18,Checking match of request : '/0089/'; against '/0007/**'
05-23-2017 10:06:25.360,DEBUG,9D045BD541EE943CFA7580CB06785A18,Checking match of request : '/0089/'; against '/0009/**'
05-23-2017 10:06:25.360,DEBUG,9D045BD541EE943CFA7580CB06785A18,Checking match of request : '/0089/'; against '/0013/**'
05-23-2017 10:06:25.360,DEBUG,9D045BD541EE943CFA7580CB06785A18,Checking match of request : '/0089/'; against '/0023/**'
05-23-2017 10:06:25.360,DEBUG,9D045BD541EE943CFA7580CB06785A18,Checking match of request : '/0089/'; against '/0017/**'
05-23-2017 10:06:25.360,DEBUG,9D045BD541EE943CFA7580CB06785A18,Checking match of request : '/0089/'; against '/0031/**'
05-23-2017 10:06:25.360,DEBUG,9D045BD541EE943CFA7580CB06785A18,Checking match of request : '/0089/'; against '/0035/**'
05-23-2017 10:06:25.360,DEBUG,9D045BD541EE943CFA7580CB06785A18,Checking match of request : '/0089/'; against '/0037/**'
05-23-2017 10:06:25.360,DEBUG,9D045BD541EE943CFA7580CB06785A18,Checking match of request : '/0089/'; against '/0045/**'
05-23-2017 10:06:25.360,DEBUG,9D045BD541EE943CFA7580CB06785A18,Checking match of request : '/0089/'; against '/0047/**'
05-23-2017 10:06:25.360,DEBUG,9D045BD541EE943CFA7580CB06785A18,Checking match of request : '/0089/'; against '/0049/**'
05-23-2017 10:06:25.360,DEBUG,9D045BD541EE943CFA7580CB06785A18,Checking match of request : '/0089/'; against '/0061/**'
05-23-2017 10:06:25.360,DEBUG,9D045BD541EE943CFA7580CB06785A18,Checking match of request : '/0089/'; against '/0087/**'
05-23-2017 10:06:25.360,DEBUG,9D045BD541EE943CFA7580CB06785A18,Checking match of request : '/0089/'; against '/0075/**'
05-23-2017 10:06:25.360,DEBUG,9D045BD541EE943CFA7580CB06785A18,Checking match of request : '/0089/'; against '/0089/**'
05-23-2017 10:06:25.360,DEBUG,9D045BD541EE943CFA7580CB06785A18,Secure object: FilterInvocation: URL: /0089/; Attributes: [ROLE_ADMIN, ROLE_USER, IS_AUTHENTICATED_FULLY]
05-23-2017 10:06:25.360,DEBUG,9D045BD541EE943CFA7580CB06785A18,Previously Authenticated: org.springframework.security.authentication.UsernamePasswordAuthenticationToken@3b6bb3bb: Principal: vn.bananavietnam.ict.common.auth.MyUser@c4907816: Username: U0000000001; Password: [PROTECTED]; Enabled: true; AccountNonExpired: true; credentialsNonExpired: true; AccountNonLocked: true; Granted Authorities: 1; Credentials: [PROTECTED]; Authenticated: true; Details: org.springframework.security.web.authentication.WebAuthenticationDetails@43458: RemoteIpAddress: 0:0:0:0:0:0:0:1; SessionId: ADF41588918DC460521A685B2F552EE0; Granted Authorities: 1
05-23-2017 10:06:25.360,DEBUG,9D045BD541EE943CFA7580CB06785A18,Voter: org.springframework.security.access.vote.RoleVoter@1ac872d, returned: -1
05-23-2017 10:06:25.361,DEBUG,9D045BD541EE943CFA7580CB06785A18,Voter: org.springframework.security.access.vote.AuthenticatedVoter@b1927d, returned: 1
05-23-2017 10:06:25.361,DEBUG,9D045BD541EE943CFA7580CB06785A18,Authorization successful
05-23-2017 10:06:25.361,DEBUG,9D045BD541EE943CFA7580CB06785A18,RunAsManager did not change Authentication object
05-23-2017 10:06:25.361,DEBUG,9D045BD541EE943CFA7580CB06785A18,/0089/ reached end of additional filter chain; proceeding with original chain
05-23-2017 10:06:25.361,DEBUG,9D045BD541EE943CFA7580CB06785A18,Request [/ict/0089/] is not a multipart request
05-23-2017 10:06:25.361,DEBUG,97B25CD7F4D1FB4EA257E562EE858AAB,DispatcherServlet with name 'appServlet' processing GET request for [/ict/0089/]
05-23-2017 10:06:25.361,DEBUG,97B25CD7F4D1FB4EA257E562EE858AAB,Looking up handler method for path /0089/
05-23-2017 10:06:25.361,DEBUG,97B25CD7F4D1FB4EA257E562EE858AAB,Returning handler method [public java.lang.String vn.bananavietnam.ict.banana.controller.Bnn0089SearchTaskController.top(javax.servlet.http.HttpServletRequest,java.util.Locale,org.springframework.ui.Model)]
05-23-2017 10:06:25.361,DEBUG,97B25CD7F4D1FB4EA257E562EE858AAB,Returning cached instance of singleton bean 'bnn0089SearchTaskController'
05-23-2017 10:06:25.361,DEBUG,97B25CD7F4D1FB4EA257E562EE858AAB,Last-Modified value for [/ict/0089/] is: -1
05-23-2017 10:06:25.361,DEBUG,97B25CD7F4D1FB4EA257E562EE858AAB,Returning cached instance of singleton bean 'xml_path'
05-23-2017 10:06:25.363,DEBUG,97B25CD7F4D1FB4EA257E562EE858AAB,Rendering view [org.springframework.web.servlet.view.JstlView: name 'banana/Bnn0089SearchTask'; URL [/WEB-INF/views/banana/Bnn0089SearchTask.jsp]] in DispatcherServlet with name 'appServlet'
05-23-2017 10:06:25.363,DEBUG,97B25CD7F4D1FB4EA257E562EE858AAB,Added model object 'resetDate' of type [java.lang.String] to request in view with name 'banana/Bnn0089SearchTask'
05-23-2017 10:06:25.363,DEBUG,97B25CD7F4D1FB4EA257E562EE858AAB,Added model object 'layoutDate' of type [java.lang.String] to request in view with name 'banana/Bnn0089SearchTask'
05-23-2017 10:06:25.363,DEBUG,97B25CD7F4D1FB4EA257E562EE858AAB,Added model object 'jqueryUiCssDate' of type [java.lang.String] to request in view with name 'banana/Bnn0089SearchTask'
05-23-2017 10:06:25.363,DEBUG,97B25CD7F4D1FB4EA257E562EE858AAB,Added model object 'messageHandlerDate' of type [java.lang.String] to request in view with name 'banana/Bnn0089SearchTask'
05-23-2017 10:06:25.363,DEBUG,97B25CD7F4D1FB4EA257E562EE858AAB,Added model object 'jqueryDate' of type [java.lang.String] to request in view with name 'banana/Bnn0089SearchTask'
05-23-2017 10:06:25.363,DEBUG,97B25CD7F4D1FB4EA257E562EE858AAB,Added model object 'jqueryUiDate' of type [java.lang.String] to request in view with name 'banana/Bnn0089SearchTask'
05-23-2017 10:06:25.363,DEBUG,97B25CD7F4D1FB4EA257E562EE858AAB,Added model object 'datepickerDate' of type [java.lang.String] to request in view with name 'banana/Bnn0089SearchTask'
05-23-2017 10:06:25.363,DEBUG,97B25CD7F4D1FB4EA257E562EE858AAB,Added model object 'inputmaskDate' of type [java.lang.String] to request in view with name 'banana/Bnn0089SearchTask'
05-23-2017 10:06:25.363,DEBUG,97B25CD7F4D1FB4EA257E562EE858AAB,Added model object 'jqueryInputmaskDate' of type [java.lang.String] to request in view with name 'banana/Bnn0089SearchTask'
05-23-2017 10:06:25.363,DEBUG,97B25CD7F4D1FB4EA257E562EE858AAB,Added model object 'inputMaskExtDate' of type [java.lang.String] to request in view with name 'banana/Bnn0089SearchTask'
05-23-2017 10:06:25.363,DEBUG,97B25CD7F4D1FB4EA257E562EE858AAB,Added model object 'calendarDate' of type [java.lang.String] to request in view with name 'banana/Bnn0089SearchTask'
05-23-2017 10:06:25.363,DEBUG,97B25CD7F4D1FB4EA257E562EE858AAB,Added model object 'messageDate' of type [java.lang.String] to request in view with name 'banana/Bnn0089SearchTask'
05-23-2017 10:06:25.363,DEBUG,97B25CD7F4D1FB4EA257E562EE858AAB,Added model object 'storageDate' of type [java.lang.String] to request in view with name 'banana/Bnn0089SearchTask'
05-23-2017 10:06:25.363,DEBUG,97B25CD7F4D1FB4EA257E562EE858AAB,Added model object 'commonDate' of type [java.lang.String] to request in view with name 'banana/Bnn0089SearchTask'
05-23-2017 10:06:25.363,DEBUG,97B25CD7F4D1FB4EA257E562EE858AAB,Added model object 'searchTaskCssDate' of type [java.lang.String] to request in view with name 'banana/Bnn0089SearchTask'
05-23-2017 10:06:25.363,DEBUG,97B25CD7F4D1FB4EA257E562EE858AAB,Added model object 'searchTaskJsDate' of type [java.lang.String] to request in view with name 'banana/Bnn0089SearchTask'
05-23-2017 10:06:25.363,DEBUG,97B25CD7F4D1FB4EA257E562EE858AAB,Forwarding to resource [/WEB-INF/views/banana/Bnn0089SearchTask.jsp] in InternalResourceView 'banana/Bnn0089SearchTask'
05-23-2017 10:06:25.364,DEBUG,97B25CD7F4D1FB4EA257E562EE858AAB,Render request received for definition 'defaultTemplate'
05-23-2017 10:06:25.368,DEBUG,97B25CD7F4D1FB4EA257E562EE858AAB,Successfully completed request
05-23-2017 10:06:25.369,DEBUG,97B25CD7F4D1FB4EA257E562EE858AAB,Chain processed normally
05-23-2017 10:06:25.369,DEBUG,97B25CD7F4D1FB4EA257E562EE858AAB,SecurityContextHolder now cleared, as request processing completed
05-23-2017 10:06:25.409,DEBUG,823BDD7362885FBB5C5EA0EDB53363D9,/0089/searchData at position 1 of 11 in additional filter chain; firing Filter: 'SecurityContextPersistenceFilter'
05-23-2017 10:06:25.410,DEBUG,823BDD7362885FBB5C5EA0EDB53363D9,Obtained a valid SecurityContext from SPRING_SECURITY_CONTEXT: 'org.springframework.security.core.context.SecurityContextImpl@3b6bb3bb: Authentication: org.springframework.security.authentication.UsernamePasswordAuthenticationToken@3b6bb3bb: Principal: vn.bananavietnam.ict.common.auth.MyUser@c4907816: Username: U0000000001; Password: [PROTECTED]; Enabled: true; AccountNonExpired: true; credentialsNonExpired: true; AccountNonLocked: true; Granted Authorities: 1; Credentials: [PROTECTED]; Authenticated: true; Details: org.springframework.security.web.authentication.WebAuthenticationDetails@43458: RemoteIpAddress: 0:0:0:0:0:0:0:1; SessionId: ADF41588918DC460521A685B2F552EE0; Granted Authorities: 1'
05-23-2017 10:06:25.410,DEBUG,823BDD7362885FBB5C5EA0EDB53363D9,/0089/searchData at position 2 of 11 in additional filter chain; firing Filter: 'WebAsyncManagerIntegrationFilter'
05-23-2017 10:06:25.410,DEBUG,823BDD7362885FBB5C5EA0EDB53363D9,/0089/searchData at position 3 of 11 in additional filter chain; firing Filter: 'LogoutFilter'
05-23-2017 10:06:25.410,DEBUG,823BDD7362885FBB5C5EA0EDB53363D9,/0089/searchData at position 4 of 11 in additional filter chain; firing Filter: 'UsernamePasswordAuthenticationFilter'
05-23-2017 10:06:25.410,DEBUG,823BDD7362885FBB5C5EA0EDB53363D9,/0089/searchData at position 5 of 11 in additional filter chain; firing Filter: 'BasicAuthenticationFilter'
05-23-2017 10:06:25.410,DEBUG,823BDD7362885FBB5C5EA0EDB53363D9,/0089/searchData at position 6 of 11 in additional filter chain; firing Filter: 'RequestCacheAwareFilter'
05-23-2017 10:06:25.410,DEBUG,823BDD7362885FBB5C5EA0EDB53363D9,/0089/searchData at position 7 of 11 in additional filter chain; firing Filter: 'SecurityContextHolderAwareRequestFilter'
05-23-2017 10:06:25.410,DEBUG,823BDD7362885FBB5C5EA0EDB53363D9,/0089/searchData at position 8 of 11 in additional filter chain; firing Filter: 'AnonymousAuthenticationFilter'
05-23-2017 10:06:25.410,DEBUG,823BDD7362885FBB5C5EA0EDB53363D9,SecurityContextHolder not populated with anonymous token, as it already contained: 'org.springframework.security.authentication.UsernamePasswordAuthenticationToken@3b6bb3bb: Principal: vn.bananavietnam.ict.common.auth.MyUser@c4907816: Username: U0000000001; Password: [PROTECTED]; Enabled: true; AccountNonExpired: true; credentialsNonExpired: true; AccountNonLocked: true; Granted Authorities: 1; Credentials: [PROTECTED]; Authenticated: true; Details: org.springframework.security.web.authentication.WebAuthenticationDetails@43458: RemoteIpAddress: 0:0:0:0:0:0:0:1; SessionId: ADF41588918DC460521A685B2F552EE0; Granted Authorities: 1'
05-23-2017 10:06:25.410,DEBUG,823BDD7362885FBB5C5EA0EDB53363D9,/0089/searchData at position 9 of 11 in additional filter chain; firing Filter: 'SessionManagementFilter'
05-23-2017 10:06:25.410,DEBUG,823BDD7362885FBB5C5EA0EDB53363D9,/0089/searchData at position 10 of 11 in additional filter chain; firing Filter: 'ExceptionTranslationFilter'
05-23-2017 10:06:25.410,DEBUG,823BDD7362885FBB5C5EA0EDB53363D9,/0089/searchData at position 11 of 11 in additional filter chain; firing Filter: 'FilterSecurityInterceptor'
05-23-2017 10:06:25.410,DEBUG,823BDD7362885FBB5C5EA0EDB53363D9,Checking match of request : '/0089/searchdata'; against '/autherror*'
05-23-2017 10:06:25.410,DEBUG,823BDD7362885FBB5C5EA0EDB53363D9,Checking match of request : '/0089/searchdata'; against '/login/**'
05-23-2017 10:06:25.410,DEBUG,823BDD7362885FBB5C5EA0EDB53363D9,Checking match of request : '/0089/searchdata'; against '/error/**'
05-23-2017 10:06:25.410,DEBUG,823BDD7362885FBB5C5EA0EDB53363D9,Checking match of request : '/0089/searchdata'; against '/0001/**'
05-23-2017 10:06:25.410,DEBUG,823BDD7362885FBB5C5EA0EDB53363D9,Checking match of request : '/0089/searchdata'; against '/0002/**'
05-23-2017 10:06:25.410,DEBUG,823BDD7362885FBB5C5EA0EDB53363D9,Checking match of request : '/0089/searchdata'; against '/0003/**'
05-23-2017 10:06:25.410,DEBUG,823BDD7362885FBB5C5EA0EDB53363D9,Checking match of request : '/0089/searchdata'; against '/0005/**'
05-23-2017 10:06:25.410,DEBUG,823BDD7362885FBB5C5EA0EDB53363D9,Checking match of request : '/0089/searchdata'; against '/0007/**'
05-23-2017 10:06:25.410,DEBUG,823BDD7362885FBB5C5EA0EDB53363D9,Checking match of request : '/0089/searchdata'; against '/0009/**'
05-23-2017 10:06:25.410,DEBUG,823BDD7362885FBB5C5EA0EDB53363D9,Checking match of request : '/0089/searchdata'; against '/0013/**'
05-23-2017 10:06:25.410,DEBUG,823BDD7362885FBB5C5EA0EDB53363D9,Checking match of request : '/0089/searchdata'; against '/0023/**'
05-23-2017 10:06:25.410,DEBUG,823BDD7362885FBB5C5EA0EDB53363D9,Checking match of request : '/0089/searchdata'; against '/0017/**'
05-23-2017 10:06:25.410,DEBUG,823BDD7362885FBB5C5EA0EDB53363D9,Checking match of request : '/0089/searchdata'; against '/0031/**'
05-23-2017 10:06:25.410,DEBUG,823BDD7362885FBB5C5EA0EDB53363D9,Checking match of request : '/0089/searchdata'; against '/0035/**'
05-23-2017 10:06:25.410,DEBUG,823BDD7362885FBB5C5EA0EDB53363D9,Checking match of request : '/0089/searchdata'; against '/0037/**'
05-23-2017 10:06:25.410,DEBUG,823BDD7362885FBB5C5EA0EDB53363D9,Checking match of request : '/0089/searchdata'; against '/0045/**'
05-23-2017 10:06:25.410,DEBUG,823BDD7362885FBB5C5EA0EDB53363D9,Checking match of request : '/0089/searchdata'; against '/0047/**'
05-23-2017 10:06:25.410,DEBUG,823BDD7362885FBB5C5EA0EDB53363D9,Checking match of request : '/0089/searchdata'; against '/0049/**'
05-23-2017 10:06:25.410,DEBUG,823BDD7362885FBB5C5EA0EDB53363D9,Checking match of request : '/0089/searchdata'; against '/0061/**'
05-23-2017 10:06:25.410,DEBUG,823BDD7362885FBB5C5EA0EDB53363D9,Checking match of request : '/0089/searchdata'; against '/0087/**'
05-23-2017 10:06:25.410,DEBUG,823BDD7362885FBB5C5EA0EDB53363D9,Checking match of request : '/0089/searchdata'; against '/0075/**'
05-23-2017 10:06:25.410,DEBUG,823BDD7362885FBB5C5EA0EDB53363D9,Checking match of request : '/0089/searchdata'; against '/0089/**'
05-23-2017 10:06:25.410,DEBUG,823BDD7362885FBB5C5EA0EDB53363D9,Secure object: FilterInvocation: URL: /0089/searchData; Attributes: [ROLE_ADMIN, ROLE_USER, IS_AUTHENTICATED_FULLY]
05-23-2017 10:06:25.410,DEBUG,823BDD7362885FBB5C5EA0EDB53363D9,Previously Authenticated: org.springframework.security.authentication.UsernamePasswordAuthenticationToken@3b6bb3bb: Principal: vn.bananavietnam.ict.common.auth.MyUser@c4907816: Username: U0000000001; Password: [PROTECTED]; Enabled: true; AccountNonExpired: true; credentialsNonExpired: true; AccountNonLocked: true; Granted Authorities: 1; Credentials: [PROTECTED]; Authenticated: true; Details: org.springframework.security.web.authentication.WebAuthenticationDetails@43458: RemoteIpAddress: 0:0:0:0:0:0:0:1; SessionId: ADF41588918DC460521A685B2F552EE0; Granted Authorities: 1
05-23-2017 10:06:25.410,DEBUG,823BDD7362885FBB5C5EA0EDB53363D9,Voter: org.springframework.security.access.vote.RoleVoter@1ac872d, returned: -1
05-23-2017 10:06:25.410,DEBUG,823BDD7362885FBB5C5EA0EDB53363D9,Voter: org.springframework.security.access.vote.AuthenticatedVoter@b1927d, returned: 1
05-23-2017 10:06:25.410,DEBUG,823BDD7362885FBB5C5EA0EDB53363D9,Authorization successful
05-23-2017 10:06:25.410,DEBUG,823BDD7362885FBB5C5EA0EDB53363D9,RunAsManager did not change Authentication object
05-23-2017 10:06:25.410,DEBUG,823BDD7362885FBB5C5EA0EDB53363D9,/0089/searchData reached end of additional filter chain; proceeding with original chain
05-23-2017 10:06:25.410,DEBUG,823BDD7362885FBB5C5EA0EDB53363D9,Request [/ict/0089/searchData] is not a multipart request
05-23-2017 10:06:25.410,DEBUG,97B25CD7F4D1FB4EA257E562EE858AAB,DispatcherServlet with name 'appServlet' processing POST request for [/ict/0089/searchData]
05-23-2017 10:06:25.410,DEBUG,97B25CD7F4D1FB4EA257E562EE858AAB,Looking up handler method for path /0089/searchData
05-23-2017 10:06:25.411,DEBUG,97B25CD7F4D1FB4EA257E562EE858AAB,Returning handler method [public java.util.List<vn.bananavietnam.ict.banana.component.Bnn0089SearchTaskResult> vn.bananavietnam.ict.banana.controller.Bnn0089SearchTaskController.searchData(vn.bananavietnam.ict.banana.component.Bnn0089SearchTaskConditions)]
05-23-2017 10:06:25.411,DEBUG,97B25CD7F4D1FB4EA257E562EE858AAB,Returning cached instance of singleton bean 'bnn0089SearchTaskController'
05-23-2017 10:06:25.411,DEBUG,97B25CD7F4D1FB4EA257E562EE858AAB,Returning cached instance of singleton bean 'xml_path'
05-23-2017 10:06:25.411,DEBUG,97B25CD7F4D1FB4EA257E562EE858AAB,Skip CORS processing: request is from same origin
05-23-2017 10:06:25.411,DEBUG,97B25CD7F4D1FB4EA257E562EE858AAB,Read [class vn.bananavietnam.ict.banana.component.Bnn0089SearchTaskConditions] as "application/json" with [org.springframework.http.converter.json.MappingJackson2HttpMessageConverter@156f2cc]
05-23-2017 10:06:25.412,INFO ,97B25CD7F4D1FB4EA257E562EE858AAB,U0000000001,vn.bananavietnam.ict.banana.service.Bnn0089SearchTaskService,searchData,[vn.bananavietnam.ict.banana.component.Bnn0089SearchTaskConditions@cc9716] METHOD START
05-23-2017 10:06:25.412,DEBUG,97B25CD7F4D1FB4EA257E562EE858AAB,Returning cached instance of singleton bean 'transactionManager'
05-23-2017 10:06:25.412,INFO ,97B25CD7F4D1FB4EA257E562EE858AAB,U0000000001,Task searching started
05-23-2017 10:06:25.412,DEBUG,97B25CD7F4D1FB4EA257E562EE858AAB,Creating a new SqlSession
05-23-2017 10:06:25.412,DEBUG,97B25CD7F4D1FB4EA257E562EE858AAB,Registering transaction synchronization for SqlSession [org.apache.ibatis.session.defaults.DefaultSqlSession@1a27501]
05-23-2017 10:06:25.412,DEBUG,97B25CD7F4D1FB4EA257E562EE858AAB,Fetching JDBC Connection from DataSource
05-23-2017 10:06:25.412,DEBUG,97B25CD7F4D1FB4EA257E562EE858AAB,Creating new JDBC DriverManager Connection to [jdbc:mysql://172.16.0.175:3306/BANANA_DB_HUNG_SELENIUM?useUnicode=yes&characterEncoding=UTF-8&autoReconnect=true]
05-23-2017 10:06:25.429,DEBUG,97B25CD7F4D1FB4EA257E562EE858AAB,Registering transaction synchronization for JDBC Connection
05-23-2017 10:06:25.429,DEBUG,97B25CD7F4D1FB4EA257E562EE858AAB,JDBC Connection [com.mysql.jdbc.JDBC4Connection@b35996] will be managed by Spring
05-23-2017 10:06:25.429,DEBUG,97B25CD7F4D1FB4EA257E562EE858AAB,==>  Preparing: SELECT T.TASK_ID taskId, T.TASK_NAME taskName, T.WORKING_DETAILS workingDetails, T.NOTE note, T.QUARANTINE_HANDLING_FLAG quarantineHandlingFlag, T.DELETE_FLAG deleteFlag, T.CHANGE_POINT_CODE changePointCode, T.LAST_UPDATE_DATE lastUpdateDate FROM IVB_M_TASK T WHERE 1 = 1 AND T.DELETE_FLAG = '0' ORDER BY T.TASK_NAME LIMIT ?,? 
05-23-2017 10:06:25.429,DEBUG,97B25CD7F4D1FB4EA257E562EE858AAB,==> Parameters: 0(Integer), 20(Integer)
05-23-2017 10:06:25.432,DEBUG,97B25CD7F4D1FB4EA257E562EE858AAB,<==      Total: 20
05-23-2017 10:06:25.432,DEBUG,97B25CD7F4D1FB4EA257E562EE858AAB,Releasing transactional SqlSession [org.apache.ibatis.session.defaults.DefaultSqlSession@1a27501]
05-23-2017 10:06:25.432,INFO ,97B25CD7F4D1FB4EA257E562EE858AAB,U0000000001,SQL execution finished
05-23-2017 10:06:25.432,DEBUG,97B25CD7F4D1FB4EA257E562EE858AAB,Fetched SqlSession [org.apache.ibatis.session.defaults.DefaultSqlSession@1a27501] from current transaction
05-23-2017 10:06:25.432,DEBUG,97B25CD7F4D1FB4EA257E562EE858AAB,==>  Preparing: SELECT COUNT(*) FROM IVB_M_TASK T WHERE 1 = 1 AND T.DELETE_FLAG = '0' ORDER BY T.TASK_ID 
05-23-2017 10:06:25.432,DEBUG,97B25CD7F4D1FB4EA257E562EE858AAB,==> Parameters: 
05-23-2017 10:06:25.434,DEBUG,97B25CD7F4D1FB4EA257E562EE858AAB,<==      Total: 1
05-23-2017 10:06:25.435,DEBUG,97B25CD7F4D1FB4EA257E562EE858AAB,Releasing transactional SqlSession [org.apache.ibatis.session.defaults.DefaultSqlSession@1a27501]
05-23-2017 10:06:25.435,INFO ,97B25CD7F4D1FB4EA257E562EE858AAB,U0000000001,Task searching finished ==> 43 item(s)
05-23-2017 10:06:25.435,DEBUG,97B25CD7F4D1FB4EA257E562EE858AAB,Transaction synchronization deregistering SqlSession [org.apache.ibatis.session.defaults.DefaultSqlSession@1a27501]
05-23-2017 10:06:25.435,DEBUG,97B25CD7F4D1FB4EA257E562EE858AAB,Transaction synchronization closing SqlSession [org.apache.ibatis.session.defaults.DefaultSqlSession@1a27501]
05-23-2017 10:06:25.435,DEBUG,97B25CD7F4D1FB4EA257E562EE858AAB,Returning JDBC Connection to DataSource
05-23-2017 10:06:25.435,INFO ,97B25CD7F4D1FB4EA257E562EE858AAB,U0000000001,vn.bananavietnam.ict.banana.service.Bnn0089SearchTaskService,searchData,[vn.bananavietnam.ict.banana.component.Bnn0089SearchTaskConditions@cc9716] METHOD END
05-23-2017 10:06:25.436,DEBUG,97B25CD7F4D1FB4EA257E562EE858AAB,Written [[vn.bananavietnam.ict.banana.component.Bnn0089SearchTaskResult@1ef9cb7, vn.bananavietnam.ict.banana.component.Bnn0089SearchTaskResult@1267fb9, vn.bananavietnam.ict.banana.component.Bnn0089SearchTaskResult@9e583, vn.bananavietnam.ict.banana.component.Bnn0089SearchTaskResult@1eebfda, vn.bananavietnam.ict.banana.component.Bnn0089SearchTaskResult@458534, vn.bananavietnam.ict.banana.component.Bnn0089SearchTaskResult@e8e972, vn.bananavietnam.ict.banana.component.Bnn0089SearchTaskResult@1e83f91, vn.bananavietnam.ict.banana.component.Bnn0089SearchTaskResult@12e4a19, vn.bananavietnam.ict.banana.component.Bnn0089SearchTaskResult@16c13ed, vn.bananavietnam.ict.banana.component.Bnn0089SearchTaskResult@fcdccb, vn.bananavietnam.ict.banana.component.Bnn0089SearchTaskResult@f86cb2, vn.bananavietnam.ict.banana.component.Bnn0089SearchTaskResult@1738176, vn.bananavietnam.ict.banana.component.Bnn0089SearchTaskResult@49060e, vn.bananavietnam.ict.banana.component.Bnn0089SearchTaskResult@2f8e88, vn.bananavietnam.ict.banana.component.Bnn0089SearchTaskResult@1fbf683, vn.bananavietnam.ict.banana.component.Bnn0089SearchTaskResult@60afbb, vn.bananavietnam.ict.banana.component.Bnn0089SearchTaskResult@e7accf, vn.bananavietnam.ict.banana.component.Bnn0089SearchTaskResult@a2a55, vn.bananavietnam.ict.banana.component.Bnn0089SearchTaskResult@198e39, vn.bananavietnam.ict.banana.component.Bnn0089SearchTaskResult@161ea76]] as "application/json;charset=UTF-8" using [org.springframework.http.converter.json.MappingJackson2HttpMessageConverter@156f2cc]
05-23-2017 10:06:25.436,DEBUG,97B25CD7F4D1FB4EA257E562EE858AAB,Null ModelAndView returned to DispatcherServlet with name 'appServlet': assuming HandlerAdapter completed request handling
05-23-2017 10:06:25.436,DEBUG,97B25CD7F4D1FB4EA257E562EE858AAB,Successfully completed request
05-23-2017 10:06:25.436,DEBUG,97B25CD7F4D1FB4EA257E562EE858AAB,Chain processed normally
05-23-2017 10:06:25.436,DEBUG,97B25CD7F4D1FB4EA257E562EE858AAB,SecurityContextHolder now cleared, as request processing completed
