05-23-2017 09:30:50.143,DEBUG,4CF9E95D78699AEB146ED1046CAB6B04,/0089/searchData at position 1 of 11 in additional filter chain; firing Filter: 'SecurityContextPersistenceFilter'
05-23-2017 09:30:50.143,DEBUG,4CF9E95D78699AEB146ED1046CAB6B04,No HttpSession currently exists
05-23-2017 09:30:50.143,DEBUG,4CF9E95D78699AEB146ED1046CAB6B04,No SecurityContext was available from the HttpSession: null. A new one will be created.
05-23-2017 09:30:50.143,DEBUG,4CF9E95D78699AEB146ED1046CAB6B04,/0089/searchData at position 2 of 11 in additional filter chain; firing Filter: 'WebAsyncManagerIntegrationFilter'
05-23-2017 09:30:50.143,DEBUG,4CF9E95D78699AEB146ED1046CAB6B04,/0089/searchData at position 3 of 11 in additional filter chain; firing Filter: 'LogoutFilter'
05-23-2017 09:30:50.143,DEBUG,4CF9E95D78699AEB146ED1046CAB6B04,/0089/searchData at position 4 of 11 in additional filter chain; firing Filter: 'UsernamePasswordAuthenticationFilter'
05-23-2017 09:30:50.143,DEBUG,4CF9E95D78699AEB146ED1046CAB6B04,/0089/searchData at position 5 of 11 in additional filter chain; firing Filter: 'BasicAuthenticationFilter'
05-23-2017 09:30:50.143,DEBUG,4CF9E95D78699AEB146ED1046CAB6B04,/0089/searchData at position 6 of 11 in additional filter chain; firing Filter: 'RequestCacheAwareFilter'
05-23-2017 09:30:50.143,DEBUG,4CF9E95D78699AEB146ED1046CAB6B04,/0089/searchData at position 7 of 11 in additional filter chain; firing Filter: 'SecurityContextHolderAwareRequestFilter'
05-23-2017 09:30:50.144,DEBUG,4CF9E95D78699AEB146ED1046CAB6B04,/0089/searchData at position 8 of 11 in additional filter chain; firing Filter: 'AnonymousAuthenticationFilter'
05-23-2017 09:30:50.144,DEBUG,4CF9E95D78699AEB146ED1046CAB6B04,Populated SecurityContextHolder with anonymous token: 'org.springframework.security.authentication.AnonymousAuthenticationToken@9055c2bc: Principal: anonymousUser; Credentials: [PROTECTED]; Authenticated: true; Details: org.springframework.security.web.authentication.WebAuthenticationDetails@b364: RemoteIpAddress: 0:0:0:0:0:0:0:1; SessionId: null; Granted Authorities: ROLE_ANONYMOUS'
05-23-2017 09:30:50.144,DEBUG,4CF9E95D78699AEB146ED1046CAB6B04,/0089/searchData at position 9 of 11 in additional filter chain; firing Filter: 'SessionManagementFilter'
05-23-2017 09:30:50.144,DEBUG,4CF9E95D78699AEB146ED1046CAB6B04,Requested session ID 4CF9E95D78699AEB146ED1046CAB6B04 is invalid.
05-23-2017 09:30:50.144,DEBUG,4CF9E95D78699AEB146ED1046CAB6B04,/0089/searchData at position 10 of 11 in additional filter chain; firing Filter: 'ExceptionTranslationFilter'
05-23-2017 09:30:50.144,DEBUG,4CF9E95D78699AEB146ED1046CAB6B04,/0089/searchData at position 11 of 11 in additional filter chain; firing Filter: 'FilterSecurityInterceptor'
05-23-2017 09:30:50.144,DEBUG,4CF9E95D78699AEB146ED1046CAB6B04,Checking match of request : '/0089/searchdata'; against '/autherror*'
05-23-2017 09:30:50.144,DEBUG,4CF9E95D78699AEB146ED1046CAB6B04,Checking match of request : '/0089/searchdata'; against '/login/**'
05-23-2017 09:30:50.144,DEBUG,4CF9E95D78699AEB146ED1046CAB6B04,Checking match of request : '/0089/searchdata'; against '/error/**'
05-23-2017 09:30:50.144,DEBUG,4CF9E95D78699AEB146ED1046CAB6B04,Checking match of request : '/0089/searchdata'; against '/0001/**'
05-23-2017 09:30:50.144,DEBUG,4CF9E95D78699AEB146ED1046CAB6B04,Checking match of request : '/0089/searchdata'; against '/0002/**'
05-23-2017 09:30:50.144,DEBUG,4CF9E95D78699AEB146ED1046CAB6B04,Checking match of request : '/0089/searchdata'; against '/0003/**'
05-23-2017 09:30:50.144,DEBUG,4CF9E95D78699AEB146ED1046CAB6B04,Checking match of request : '/0089/searchdata'; against '/0005/**'
05-23-2017 09:30:50.144,DEBUG,4CF9E95D78699AEB146ED1046CAB6B04,Checking match of request : '/0089/searchdata'; against '/0007/**'
05-23-2017 09:30:50.144,DEBUG,4CF9E95D78699AEB146ED1046CAB6B04,Checking match of request : '/0089/searchdata'; against '/0009/**'
05-23-2017 09:30:50.144,DEBUG,4CF9E95D78699AEB146ED1046CAB6B04,Checking match of request : '/0089/searchdata'; against '/0013/**'
05-23-2017 09:30:50.144,DEBUG,4CF9E95D78699AEB146ED1046CAB6B04,Checking match of request : '/0089/searchdata'; against '/0023/**'
05-23-2017 09:30:50.144,DEBUG,4CF9E95D78699AEB146ED1046CAB6B04,Checking match of request : '/0089/searchdata'; against '/0017/**'
05-23-2017 09:30:50.144,DEBUG,4CF9E95D78699AEB146ED1046CAB6B04,Checking match of request : '/0089/searchdata'; against '/0031/**'
05-23-2017 09:30:50.144,DEBUG,4CF9E95D78699AEB146ED1046CAB6B04,Checking match of request : '/0089/searchdata'; against '/0035/**'
05-23-2017 09:30:50.144,DEBUG,4CF9E95D78699AEB146ED1046CAB6B04,Checking match of request : '/0089/searchdata'; against '/0037/**'
05-23-2017 09:30:50.144,DEBUG,4CF9E95D78699AEB146ED1046CAB6B04,Checking match of request : '/0089/searchdata'; against '/0045/**'
05-23-2017 09:30:50.144,DEBUG,4CF9E95D78699AEB146ED1046CAB6B04,Checking match of request : '/0089/searchdata'; against '/0047/**'
05-23-2017 09:30:50.144,DEBUG,4CF9E95D78699AEB146ED1046CAB6B04,Checking match of request : '/0089/searchdata'; against '/0049/**'
05-23-2017 09:30:50.144,DEBUG,4CF9E95D78699AEB146ED1046CAB6B04,Checking match of request : '/0089/searchdata'; against '/0061/**'
05-23-2017 09:30:50.144,DEBUG,4CF9E95D78699AEB146ED1046CAB6B04,Checking match of request : '/0089/searchdata'; against '/0087/**'
05-23-2017 09:30:50.144,DEBUG,4CF9E95D78699AEB146ED1046CAB6B04,Checking match of request : '/0089/searchdata'; against '/0075/**'
05-23-2017 09:30:50.144,DEBUG,4CF9E95D78699AEB146ED1046CAB6B04,Checking match of request : '/0089/searchdata'; against '/0089/**'
05-23-2017 09:30:50.144,DEBUG,4CF9E95D78699AEB146ED1046CAB6B04,Secure object: FilterInvocation: URL: /0089/searchData; Attributes: [ROLE_ADMIN, ROLE_USER, IS_AUTHENTICATED_FULLY]
05-23-2017 09:30:50.144,DEBUG,4CF9E95D78699AEB146ED1046CAB6B04,Previously Authenticated: org.springframework.security.authentication.AnonymousAuthenticationToken@9055c2bc: Principal: anonymousUser; Credentials: [PROTECTED]; Authenticated: true; Details: org.springframework.security.web.authentication.WebAuthenticationDetails@b364: RemoteIpAddress: 0:0:0:0:0:0:0:1; SessionId: null; Granted Authorities: ROLE_ANONYMOUS
05-23-2017 09:30:50.144,DEBUG,4CF9E95D78699AEB146ED1046CAB6B04,Voter: org.springframework.security.access.vote.RoleVoter@1ac872d, returned: -1
05-23-2017 09:30:50.144,DEBUG,4CF9E95D78699AEB146ED1046CAB6B04,Voter: org.springframework.security.access.vote.AuthenticatedVoter@b1927d, returned: -1
05-23-2017 09:30:50.144,DEBUG,4CF9E95D78699AEB146ED1046CAB6B04,Access is denied (user is anonymous); redirecting to authentication entry point
05-23-2017 09:30:50.145,DEBUG,4CF9E95D78699AEB146ED1046CAB6B04,DefaultSavedRequest added to Session: DefaultSavedRequest[http://localhost:8080/ict/0089/searchData]
05-23-2017 09:30:50.145,DEBUG,4CF9E95D78699AEB146ED1046CAB6B04,Calling Authentication entry point.
05-23-2017 09:30:50.145,DEBUG,4CF9E95D78699AEB146ED1046CAB6B04,Redirecting to 'http://localhost:8080/ict/'
05-23-2017 09:30:50.145,DEBUG,4CF9E95D78699AEB146ED1046CAB6B04,SecurityContext is empty or contents are anonymous - context will not be stored in HttpSession.
05-23-2017 09:30:50.145,DEBUG,4CF9E95D78699AEB146ED1046CAB6B04,SecurityContextHolder now cleared, as request processing completed
05-23-2017 09:30:50.147,DEBUG,4CF9E95D78699AEB146ED1046CAB6B04,/ at position 1 of 11 in additional filter chain; firing Filter: 'SecurityContextPersistenceFilter'
05-23-2017 09:30:50.147,DEBUG,4CF9E95D78699AEB146ED1046CAB6B04,HttpSession returned null object for SPRING_SECURITY_CONTEXT
05-23-2017 09:30:50.147,DEBUG,4CF9E95D78699AEB146ED1046CAB6B04,No SecurityContext was available from the HttpSession: org.apache.catalina.session.StandardSessionFacade@1e3f76e. A new one will be created.
05-23-2017 09:30:50.147,DEBUG,4CF9E95D78699AEB146ED1046CAB6B04,/ at position 2 of 11 in additional filter chain; firing Filter: 'WebAsyncManagerIntegrationFilter'
05-23-2017 09:30:50.147,DEBUG,4CF9E95D78699AEB146ED1046CAB6B04,/ at position 3 of 11 in additional filter chain; firing Filter: 'LogoutFilter'
05-23-2017 09:30:50.147,DEBUG,4CF9E95D78699AEB146ED1046CAB6B04,/ at position 4 of 11 in additional filter chain; firing Filter: 'UsernamePasswordAuthenticationFilter'
05-23-2017 09:30:50.147,DEBUG,4CF9E95D78699AEB146ED1046CAB6B04,/ at position 5 of 11 in additional filter chain; firing Filter: 'BasicAuthenticationFilter'
05-23-2017 09:30:50.147,DEBUG,4CF9E95D78699AEB146ED1046CAB6B04,/ at position 6 of 11 in additional filter chain; firing Filter: 'RequestCacheAwareFilter'
05-23-2017 09:30:50.147,DEBUG,4CF9E95D78699AEB146ED1046CAB6B04,pathInfo: both null (property equals)
05-23-2017 09:30:50.147,DEBUG,4CF9E95D78699AEB146ED1046CAB6B04,queryString: both null (property equals)
05-23-2017 09:30:50.147,DEBUG,4CF9E95D78699AEB146ED1046CAB6B04,requestURI: arg1=/ict/0089/searchData; arg2=/ict/ (property not equals)
05-23-2017 09:30:50.147,DEBUG,4CF9E95D78699AEB146ED1046CAB6B04,saved request doesn't match
05-23-2017 09:30:50.147,DEBUG,4CF9E95D78699AEB146ED1046CAB6B04,/ at position 7 of 11 in additional filter chain; firing Filter: 'SecurityContextHolderAwareRequestFilter'
05-23-2017 09:30:50.147,DEBUG,4CF9E95D78699AEB146ED1046CAB6B04,/ at position 8 of 11 in additional filter chain; firing Filter: 'AnonymousAuthenticationFilter'
05-23-2017 09:30:50.147,DEBUG,4CF9E95D78699AEB146ED1046CAB6B04,Populated SecurityContextHolder with anonymous token: 'org.springframework.security.authentication.AnonymousAuthenticationToken@9057bc48: Principal: anonymousUser; Credentials: [PROTECTED]; Authenticated: true; Details: org.springframework.security.web.authentication.WebAuthenticationDetails@2cd90: RemoteIpAddress: 0:0:0:0:0:0:0:1; SessionId: 16A39BD96FD90C412732A0A1453C1F43; Granted Authorities: ROLE_ANONYMOUS'
05-23-2017 09:30:50.147,DEBUG,4CF9E95D78699AEB146ED1046CAB6B04,/ at position 9 of 11 in additional filter chain; firing Filter: 'SessionManagementFilter'
05-23-2017 09:30:50.147,DEBUG,4CF9E95D78699AEB146ED1046CAB6B04,/ at position 10 of 11 in additional filter chain; firing Filter: 'ExceptionTranslationFilter'
05-23-2017 09:30:50.147,DEBUG,4CF9E95D78699AEB146ED1046CAB6B04,/ at position 11 of 11 in additional filter chain; firing Filter: 'FilterSecurityInterceptor'
05-23-2017 09:30:50.147,DEBUG,4CF9E95D78699AEB146ED1046CAB6B04,Checking match of request : '/'; against '/autherror*'
05-23-2017 09:30:50.147,DEBUG,4CF9E95D78699AEB146ED1046CAB6B04,Checking match of request : '/'; against '/login/**'
05-23-2017 09:30:50.147,DEBUG,4CF9E95D78699AEB146ED1046CAB6B04,Checking match of request : '/'; against '/error/**'
05-23-2017 09:30:50.147,DEBUG,4CF9E95D78699AEB146ED1046CAB6B04,Checking match of request : '/'; against '/0001/**'
05-23-2017 09:30:50.147,DEBUG,4CF9E95D78699AEB146ED1046CAB6B04,Checking match of request : '/'; against '/0002/**'
05-23-2017 09:30:50.147,DEBUG,4CF9E95D78699AEB146ED1046CAB6B04,Checking match of request : '/'; against '/0003/**'
05-23-2017 09:30:50.147,DEBUG,4CF9E95D78699AEB146ED1046CAB6B04,Checking match of request : '/'; against '/0005/**'
05-23-2017 09:30:50.147,DEBUG,4CF9E95D78699AEB146ED1046CAB6B04,Checking match of request : '/'; against '/0007/**'
05-23-2017 09:30:50.147,DEBUG,4CF9E95D78699AEB146ED1046CAB6B04,Checking match of request : '/'; against '/0009/**'
05-23-2017 09:30:50.147,DEBUG,4CF9E95D78699AEB146ED1046CAB6B04,Checking match of request : '/'; against '/0013/**'
05-23-2017 09:30:50.147,DEBUG,4CF9E95D78699AEB146ED1046CAB6B04,Checking match of request : '/'; against '/0023/**'
05-23-2017 09:30:50.147,DEBUG,4CF9E95D78699AEB146ED1046CAB6B04,Checking match of request : '/'; against '/0017/**'
05-23-2017 09:30:50.147,DEBUG,4CF9E95D78699AEB146ED1046CAB6B04,Checking match of request : '/'; against '/0031/**'
05-23-2017 09:30:50.147,DEBUG,4CF9E95D78699AEB146ED1046CAB6B04,Checking match of request : '/'; against '/0035/**'
05-23-2017 09:30:50.147,DEBUG,4CF9E95D78699AEB146ED1046CAB6B04,Checking match of request : '/'; against '/0037/**'
05-23-2017 09:30:50.147,DEBUG,4CF9E95D78699AEB146ED1046CAB6B04,Checking match of request : '/'; against '/0045/**'
05-23-2017 09:30:50.147,DEBUG,4CF9E95D78699AEB146ED1046CAB6B04,Checking match of request : '/'; against '/0047/**'
05-23-2017 09:30:50.147,DEBUG,4CF9E95D78699AEB146ED1046CAB6B04,Checking match of request : '/'; against '/0049/**'
05-23-2017 09:30:50.147,DEBUG,4CF9E95D78699AEB146ED1046CAB6B04,Checking match of request : '/'; against '/0061/**'
05-23-2017 09:30:50.147,DEBUG,4CF9E95D78699AEB146ED1046CAB6B04,Checking match of request : '/'; against '/0087/**'
05-23-2017 09:30:50.147,DEBUG,4CF9E95D78699AEB146ED1046CAB6B04,Checking match of request : '/'; against '/0075/**'
05-23-2017 09:30:50.147,DEBUG,4CF9E95D78699AEB146ED1046CAB6B04,Checking match of request : '/'; against '/0089/**'
05-23-2017 09:30:50.147,DEBUG,4CF9E95D78699AEB146ED1046CAB6B04,Checking match of request : '/'; against '/0090/**'
05-23-2017 09:30:50.147,DEBUG,4CF9E95D78699AEB146ED1046CAB6B04,Checking match of request : '/'; against '/0091/**'
05-23-2017 09:30:50.147,DEBUG,4CF9E95D78699AEB146ED1046CAB6B04,Checking match of request : '/'; against '/0092/**'
05-23-2017 09:30:50.147,DEBUG,4CF9E95D78699AEB146ED1046CAB6B04,Checking match of request : '/'; against '/0095/**'
05-23-2017 09:30:50.147,DEBUG,4CF9E95D78699AEB146ED1046CAB6B04,Secure object: FilterInvocation: URL: /; Attributes: [IS_AUTHENTICATED_ANONYMOUSLY]
05-23-2017 09:30:50.147,DEBUG,4CF9E95D78699AEB146ED1046CAB6B04,Previously Authenticated: org.springframework.security.authentication.AnonymousAuthenticationToken@9057bc48: Principal: anonymousUser; Credentials: [PROTECTED]; Authenticated: true; Details: org.springframework.security.web.authentication.WebAuthenticationDetails@2cd90: RemoteIpAddress: 0:0:0:0:0:0:0:1; SessionId: 16A39BD96FD90C412732A0A1453C1F43; Granted Authorities: ROLE_ANONYMOUS
05-23-2017 09:30:50.147,DEBUG,4CF9E95D78699AEB146ED1046CAB6B04,Voter: org.springframework.security.access.vote.RoleVoter@1ac872d, returned: 0
05-23-2017 09:30:50.147,DEBUG,4CF9E95D78699AEB146ED1046CAB6B04,Voter: org.springframework.security.access.vote.AuthenticatedVoter@b1927d, returned: 1
05-23-2017 09:30:50.147,DEBUG,4CF9E95D78699AEB146ED1046CAB6B04,Authorization successful
05-23-2017 09:30:50.148,DEBUG,4CF9E95D78699AEB146ED1046CAB6B04,RunAsManager did not change Authentication object
05-23-2017 09:30:50.148,DEBUG,4CF9E95D78699AEB146ED1046CAB6B04,/ reached end of additional filter chain; proceeding with original chain
05-23-2017 09:30:50.148,DEBUG,4CF9E95D78699AEB146ED1046CAB6B04,Request [/ict/] is not a multipart request
05-23-2017 09:30:50.148,DEBUG,16A39BD96FD90C412732A0A1453C1F43,DispatcherServlet with name 'appServlet' processing GET request for [/ict/]
05-23-2017 09:30:50.148,DEBUG,16A39BD96FD90C412732A0A1453C1F43,Looking up handler method for path /
05-23-2017 09:30:50.148,DEBUG,16A39BD96FD90C412732A0A1453C1F43,Returning handler method [public java.lang.String vn.bananavietnam.ict.common.controller.AuthController.login()]
05-23-2017 09:30:50.148,DEBUG,16A39BD96FD90C412732A0A1453C1F43,Returning cached instance of singleton bean 'authController'
05-23-2017 09:30:50.148,DEBUG,16A39BD96FD90C412732A0A1453C1F43,Last-Modified value for [/ict/] is: -1
05-23-2017 09:30:50.148,DEBUG,16A39BD96FD90C412732A0A1453C1F43,Returning cached instance of singleton bean 'xml_path'
05-23-2017 09:30:50.148,DEBUG,16A39BD96FD90C412732A0A1453C1F43,Rendering view [org.springframework.web.servlet.view.JstlView: name 'common/PageWrapper'; URL [/WEB-INF/views/common/PageWrapper.jsp]] in DispatcherServlet with name 'appServlet'
05-23-2017 09:30:50.148,DEBUG,16A39BD96FD90C412732A0A1453C1F43,Forwarding to resource [/WEB-INF/views/common/PageWrapper.jsp] in InternalResourceView 'common/PageWrapper'
05-23-2017 09:30:50.148,DEBUG,16A39BD96FD90C412732A0A1453C1F43,SecurityContext is empty or contents are anonymous - context will not be stored in HttpSession.
05-23-2017 09:30:50.149,DEBUG,16A39BD96FD90C412732A0A1453C1F43,Successfully completed request
05-23-2017 09:30:50.149,DEBUG,16A39BD96FD90C412732A0A1453C1F43,Chain processed normally
05-23-2017 09:30:50.149,DEBUG,16A39BD96FD90C412732A0A1453C1F43,SecurityContextHolder now cleared, as request processing completed
05-23-2017 09:30:50.164,DEBUG,4CF9E95D78699AEB146ED1046CAB6B04,/login at position 1 of 11 in additional filter chain; firing Filter: 'SecurityContextPersistenceFilter'
05-23-2017 09:30:50.164,DEBUG,4CF9E95D78699AEB146ED1046CAB6B04,HttpSession returned null object for SPRING_SECURITY_CONTEXT
05-23-2017 09:30:50.164,DEBUG,4CF9E95D78699AEB146ED1046CAB6B04,No SecurityContext was available from the HttpSession: org.apache.catalina.session.StandardSessionFacade@1e3f76e. A new one will be created.
05-23-2017 09:30:50.164,DEBUG,4CF9E95D78699AEB146ED1046CAB6B04,/login at position 2 of 11 in additional filter chain; firing Filter: 'WebAsyncManagerIntegrationFilter'
05-23-2017 09:30:50.164,DEBUG,4CF9E95D78699AEB146ED1046CAB6B04,/login at position 3 of 11 in additional filter chain; firing Filter: 'LogoutFilter'
05-23-2017 09:30:50.164,DEBUG,4CF9E95D78699AEB146ED1046CAB6B04,Logging out user 'null' and transferring to logout destination
05-23-2017 09:30:50.164,DEBUG,4CF9E95D78699AEB146ED1046CAB6B04,Invalidating session: 16A39BD96FD90C412732A0A1453C1F43
05-23-2017 09:30:50.164,DEBUG,4CF9E95D78699AEB146ED1046CAB6B04,Using default Url: /
05-23-2017 09:30:50.164,DEBUG,4CF9E95D78699AEB146ED1046CAB6B04,Redirecting to '/ict/'
05-23-2017 09:30:50.164,DEBUG,4CF9E95D78699AEB146ED1046CAB6B04,SecurityContext is empty or contents are anonymous - context will not be stored in HttpSession.
05-23-2017 09:30:50.164,DEBUG,4CF9E95D78699AEB146ED1046CAB6B04,SecurityContextHolder now cleared, as request processing completed
05-23-2017 09:30:50.166,DEBUG,4CF9E95D78699AEB146ED1046CAB6B04,/ at position 1 of 11 in additional filter chain; firing Filter: 'SecurityContextPersistenceFilter'
05-23-2017 09:30:50.166,DEBUG,4CF9E95D78699AEB146ED1046CAB6B04,No HttpSession currently exists
05-23-2017 09:30:50.166,DEBUG,4CF9E95D78699AEB146ED1046CAB6B04,No SecurityContext was available from the HttpSession: null. A new one will be created.
05-23-2017 09:30:50.166,DEBUG,4CF9E95D78699AEB146ED1046CAB6B04,/ at position 2 of 11 in additional filter chain; firing Filter: 'WebAsyncManagerIntegrationFilter'
05-23-2017 09:30:50.166,DEBUG,4CF9E95D78699AEB146ED1046CAB6B04,/ at position 3 of 11 in additional filter chain; firing Filter: 'LogoutFilter'
05-23-2017 09:30:50.166,DEBUG,4CF9E95D78699AEB146ED1046CAB6B04,/ at position 4 of 11 in additional filter chain; firing Filter: 'UsernamePasswordAuthenticationFilter'
05-23-2017 09:30:50.166,DEBUG,4CF9E95D78699AEB146ED1046CAB6B04,/ at position 5 of 11 in additional filter chain; firing Filter: 'BasicAuthenticationFilter'
05-23-2017 09:30:50.166,DEBUG,4CF9E95D78699AEB146ED1046CAB6B04,/ at position 6 of 11 in additional filter chain; firing Filter: 'RequestCacheAwareFilter'
05-23-2017 09:30:50.166,DEBUG,4CF9E95D78699AEB146ED1046CAB6B04,/ at position 7 of 11 in additional filter chain; firing Filter: 'SecurityContextHolderAwareRequestFilter'
05-23-2017 09:30:50.166,DEBUG,4CF9E95D78699AEB146ED1046CAB6B04,/ at position 8 of 11 in additional filter chain; firing Filter: 'AnonymousAuthenticationFilter'
05-23-2017 09:30:50.166,DEBUG,4CF9E95D78699AEB146ED1046CAB6B04,Populated SecurityContextHolder with anonymous token: 'org.springframework.security.authentication.AnonymousAuthenticationToken@9055c2bc: Principal: anonymousUser; Credentials: [PROTECTED]; Authenticated: true; Details: org.springframework.security.web.authentication.WebAuthenticationDetails@b364: RemoteIpAddress: 0:0:0:0:0:0:0:1; SessionId: null; Granted Authorities: ROLE_ANONYMOUS'
05-23-2017 09:30:50.166,DEBUG,4CF9E95D78699AEB146ED1046CAB6B04,/ at position 9 of 11 in additional filter chain; firing Filter: 'SessionManagementFilter'
05-23-2017 09:30:50.166,DEBUG,4CF9E95D78699AEB146ED1046CAB6B04,Requested session ID 16A39BD96FD90C412732A0A1453C1F43 is invalid.
05-23-2017 09:30:50.166,DEBUG,4CF9E95D78699AEB146ED1046CAB6B04,/ at position 10 of 11 in additional filter chain; firing Filter: 'ExceptionTranslationFilter'
05-23-2017 09:30:50.166,DEBUG,4CF9E95D78699AEB146ED1046CAB6B04,/ at position 11 of 11 in additional filter chain; firing Filter: 'FilterSecurityInterceptor'
05-23-2017 09:30:50.166,DEBUG,4CF9E95D78699AEB146ED1046CAB6B04,Checking match of request : '/'; against '/autherror*'
05-23-2017 09:30:50.166,DEBUG,4CF9E95D78699AEB146ED1046CAB6B04,Checking match of request : '/'; against '/login/**'
05-23-2017 09:30:50.166,DEBUG,4CF9E95D78699AEB146ED1046CAB6B04,Checking match of request : '/'; against '/error/**'
05-23-2017 09:30:50.166,DEBUG,4CF9E95D78699AEB146ED1046CAB6B04,Checking match of request : '/'; against '/0001/**'
05-23-2017 09:30:50.166,DEBUG,4CF9E95D78699AEB146ED1046CAB6B04,Checking match of request : '/'; against '/0002/**'
05-23-2017 09:30:50.166,DEBUG,4CF9E95D78699AEB146ED1046CAB6B04,Checking match of request : '/'; against '/0003/**'
05-23-2017 09:30:50.166,DEBUG,4CF9E95D78699AEB146ED1046CAB6B04,Checking match of request : '/'; against '/0005/**'
05-23-2017 09:30:50.166,DEBUG,4CF9E95D78699AEB146ED1046CAB6B04,Checking match of request : '/'; against '/0007/**'
05-23-2017 09:30:50.166,DEBUG,4CF9E95D78699AEB146ED1046CAB6B04,Checking match of request : '/'; against '/0009/**'
05-23-2017 09:30:50.166,DEBUG,4CF9E95D78699AEB146ED1046CAB6B04,Checking match of request : '/'; against '/0013/**'
05-23-2017 09:30:50.166,DEBUG,4CF9E95D78699AEB146ED1046CAB6B04,Checking match of request : '/'; against '/0023/**'
05-23-2017 09:30:50.166,DEBUG,4CF9E95D78699AEB146ED1046CAB6B04,Checking match of request : '/'; against '/0017/**'
05-23-2017 09:30:50.166,DEBUG,4CF9E95D78699AEB146ED1046CAB6B04,Checking match of request : '/'; against '/0031/**'
05-23-2017 09:30:50.166,DEBUG,4CF9E95D78699AEB146ED1046CAB6B04,Checking match of request : '/'; against '/0035/**'
05-23-2017 09:30:50.166,DEBUG,4CF9E95D78699AEB146ED1046CAB6B04,Checking match of request : '/'; against '/0037/**'
05-23-2017 09:30:50.166,DEBUG,4CF9E95D78699AEB146ED1046CAB6B04,Checking match of request : '/'; against '/0045/**'
05-23-2017 09:30:50.166,DEBUG,4CF9E95D78699AEB146ED1046CAB6B04,Checking match of request : '/'; against '/0047/**'
05-23-2017 09:30:50.166,DEBUG,4CF9E95D78699AEB146ED1046CAB6B04,Checking match of request : '/'; against '/0049/**'
05-23-2017 09:30:50.166,DEBUG,4CF9E95D78699AEB146ED1046CAB6B04,Checking match of request : '/'; against '/0061/**'
05-23-2017 09:30:50.166,DEBUG,4CF9E95D78699AEB146ED1046CAB6B04,Checking match of request : '/'; against '/0087/**'
05-23-2017 09:30:50.166,DEBUG,4CF9E95D78699AEB146ED1046CAB6B04,Checking match of request : '/'; against '/0075/**'
05-23-2017 09:30:50.166,DEBUG,4CF9E95D78699AEB146ED1046CAB6B04,Checking match of request : '/'; against '/0089/**'
05-23-2017 09:30:50.166,DEBUG,4CF9E95D78699AEB146ED1046CAB6B04,Checking match of request : '/'; against '/0090/**'
05-23-2017 09:30:50.166,DEBUG,4CF9E95D78699AEB146ED1046CAB6B04,Checking match of request : '/'; against '/0091/**'
05-23-2017 09:30:50.166,DEBUG,4CF9E95D78699AEB146ED1046CAB6B04,Checking match of request : '/'; against '/0092/**'
05-23-2017 09:30:50.166,DEBUG,4CF9E95D78699AEB146ED1046CAB6B04,Checking match of request : '/'; against '/0095/**'
05-23-2017 09:30:50.166,DEBUG,4CF9E95D78699AEB146ED1046CAB6B04,Secure object: FilterInvocation: URL: /; Attributes: [IS_AUTHENTICATED_ANONYMOUSLY]
05-23-2017 09:30:50.166,DEBUG,4CF9E95D78699AEB146ED1046CAB6B04,Previously Authenticated: org.springframework.security.authentication.AnonymousAuthenticationToken@9055c2bc: Principal: anonymousUser; Credentials: [PROTECTED]; Authenticated: true; Details: org.springframework.security.web.authentication.WebAuthenticationDetails@b364: RemoteIpAddress: 0:0:0:0:0:0:0:1; SessionId: null; Granted Authorities: ROLE_ANONYMOUS
05-23-2017 09:30:50.166,DEBUG,4CF9E95D78699AEB146ED1046CAB6B04,Voter: org.springframework.security.access.vote.RoleVoter@1ac872d, returned: 0
05-23-2017 09:30:50.166,DEBUG,4CF9E95D78699AEB146ED1046CAB6B04,Voter: org.springframework.security.access.vote.AuthenticatedVoter@b1927d, returned: 1
05-23-2017 09:30:50.166,DEBUG,4CF9E95D78699AEB146ED1046CAB6B04,Authorization successful
05-23-2017 09:30:50.166,DEBUG,4CF9E95D78699AEB146ED1046CAB6B04,RunAsManager did not change Authentication object
05-23-2017 09:30:50.166,DEBUG,4CF9E95D78699AEB146ED1046CAB6B04,/ reached end of additional filter chain; proceeding with original chain
05-23-2017 09:30:50.166,DEBUG,4CF9E95D78699AEB146ED1046CAB6B04,Request [/ict/] is not a multipart request
05-23-2017 09:30:50.167,DEBUG,3EB9072B76EC518C7BAA9549B5F44C09,DispatcherServlet with name 'appServlet' processing GET request for [/ict/]
05-23-2017 09:30:50.167,DEBUG,3EB9072B76EC518C7BAA9549B5F44C09,Looking up handler method for path /
05-23-2017 09:30:50.167,DEBUG,3EB9072B76EC518C7BAA9549B5F44C09,Returning handler method [public java.lang.String vn.bananavietnam.ict.common.controller.AuthController.login()]
05-23-2017 09:30:50.167,DEBUG,3EB9072B76EC518C7BAA9549B5F44C09,Returning cached instance of singleton bean 'authController'
05-23-2017 09:30:50.167,DEBUG,3EB9072B76EC518C7BAA9549B5F44C09,Last-Modified value for [/ict/] is: -1
05-23-2017 09:30:50.167,DEBUG,3EB9072B76EC518C7BAA9549B5F44C09,Returning cached instance of singleton bean 'xml_path'
05-23-2017 09:30:50.167,DEBUG,3EB9072B76EC518C7BAA9549B5F44C09,Rendering view [org.springframework.web.servlet.view.JstlView: name 'common/PageWrapper'; URL [/WEB-INF/views/common/PageWrapper.jsp]] in DispatcherServlet with name 'appServlet'
05-23-2017 09:30:50.167,DEBUG,3EB9072B76EC518C7BAA9549B5F44C09,Forwarding to resource [/WEB-INF/views/common/PageWrapper.jsp] in InternalResourceView 'common/PageWrapper'
05-23-2017 09:30:50.167,DEBUG,3EB9072B76EC518C7BAA9549B5F44C09,SecurityContext is empty or contents are anonymous - context will not be stored in HttpSession.
05-23-2017 09:30:50.167,DEBUG,3EB9072B76EC518C7BAA9549B5F44C09,Successfully completed request
05-23-2017 09:30:50.167,DEBUG,3EB9072B76EC518C7BAA9549B5F44C09,Chain processed normally
05-23-2017 09:30:50.167,DEBUG,3EB9072B76EC518C7BAA9549B5F44C09,SecurityContextHolder now cleared, as request processing completed
05-23-2017 09:30:50.177,DEBUG,4CF9E95D78699AEB146ED1046CAB6B04,/login/ at position 1 of 11 in additional filter chain; firing Filter: 'SecurityContextPersistenceFilter'
05-23-2017 09:30:50.177,DEBUG,4CF9E95D78699AEB146ED1046CAB6B04,HttpSession returned null object for SPRING_SECURITY_CONTEXT
05-23-2017 09:30:50.177,DEBUG,4CF9E95D78699AEB146ED1046CAB6B04,No SecurityContext was available from the HttpSession: org.apache.catalina.session.StandardSessionFacade@aba05e. A new one will be created.
05-23-2017 09:30:50.177,DEBUG,4CF9E95D78699AEB146ED1046CAB6B04,/login/ at position 2 of 11 in additional filter chain; firing Filter: 'WebAsyncManagerIntegrationFilter'
05-23-2017 09:30:50.177,DEBUG,4CF9E95D78699AEB146ED1046CAB6B04,/login/ at position 3 of 11 in additional filter chain; firing Filter: 'LogoutFilter'
05-23-2017 09:30:50.177,DEBUG,4CF9E95D78699AEB146ED1046CAB6B04,/login/ at position 4 of 11 in additional filter chain; firing Filter: 'UsernamePasswordAuthenticationFilter'
05-23-2017 09:30:50.177,DEBUG,4CF9E95D78699AEB146ED1046CAB6B04,/login/ at position 5 of 11 in additional filter chain; firing Filter: 'BasicAuthenticationFilter'
05-23-2017 09:30:50.177,DEBUG,4CF9E95D78699AEB146ED1046CAB6B04,/login/ at position 6 of 11 in additional filter chain; firing Filter: 'RequestCacheAwareFilter'
05-23-2017 09:30:50.177,DEBUG,4CF9E95D78699AEB146ED1046CAB6B04,/login/ at position 7 of 11 in additional filter chain; firing Filter: 'SecurityContextHolderAwareRequestFilter'
05-23-2017 09:30:50.177,DEBUG,4CF9E95D78699AEB146ED1046CAB6B04,/login/ at position 8 of 11 in additional filter chain; firing Filter: 'AnonymousAuthenticationFilter'
05-23-2017 09:30:50.177,DEBUG,4CF9E95D78699AEB146ED1046CAB6B04,Populated SecurityContextHolder with anonymous token: 'org.springframework.security.authentication.AnonymousAuthenticationToken@6fa90ed4: Principal: anonymousUser; Credentials: [PROTECTED]; Authenticated: true; Details: org.springframework.security.web.authentication.WebAuthenticationDetails@fffc7f0c: RemoteIpAddress: 0:0:0:0:0:0:0:1; SessionId: 3EB9072B76EC518C7BAA9549B5F44C09; Granted Authorities: ROLE_ANONYMOUS'
05-23-2017 09:30:50.177,DEBUG,4CF9E95D78699AEB146ED1046CAB6B04,/login/ at position 9 of 11 in additional filter chain; firing Filter: 'SessionManagementFilter'
05-23-2017 09:30:50.177,DEBUG,4CF9E95D78699AEB146ED1046CAB6B04,/login/ at position 10 of 11 in additional filter chain; firing Filter: 'ExceptionTranslationFilter'
05-23-2017 09:30:50.177,DEBUG,4CF9E95D78699AEB146ED1046CAB6B04,/login/ at position 11 of 11 in additional filter chain; firing Filter: 'FilterSecurityInterceptor'
05-23-2017 09:30:50.177,DEBUG,4CF9E95D78699AEB146ED1046CAB6B04,Checking match of request : '/login/'; against '/autherror*'
05-23-2017 09:30:50.177,DEBUG,4CF9E95D78699AEB146ED1046CAB6B04,Checking match of request : '/login/'; against '/login/**'
05-23-2017 09:30:50.177,DEBUG,4CF9E95D78699AEB146ED1046CAB6B04,Secure object: FilterInvocation: URL: /login/; Attributes: [IS_AUTHENTICATED_ANONYMOUSLY]
05-23-2017 09:30:50.177,DEBUG,4CF9E95D78699AEB146ED1046CAB6B04,Previously Authenticated: org.springframework.security.authentication.AnonymousAuthenticationToken@6fa90ed4: Principal: anonymousUser; Credentials: [PROTECTED]; Authenticated: true; Details: org.springframework.security.web.authentication.WebAuthenticationDetails@fffc7f0c: RemoteIpAddress: 0:0:0:0:0:0:0:1; SessionId: 3EB9072B76EC518C7BAA9549B5F44C09; Granted Authorities: ROLE_ANONYMOUS
05-23-2017 09:30:50.177,DEBUG,4CF9E95D78699AEB146ED1046CAB6B04,Voter: org.springframework.security.access.vote.RoleVoter@1ac872d, returned: 0
05-23-2017 09:30:50.177,DEBUG,4CF9E95D78699AEB146ED1046CAB6B04,Voter: org.springframework.security.access.vote.AuthenticatedVoter@b1927d, returned: 1
05-23-2017 09:30:50.177,DEBUG,4CF9E95D78699AEB146ED1046CAB6B04,Authorization successful
05-23-2017 09:30:50.177,DEBUG,4CF9E95D78699AEB146ED1046CAB6B04,RunAsManager did not change Authentication object
05-23-2017 09:30:50.177,DEBUG,4CF9E95D78699AEB146ED1046CAB6B04,/login/ reached end of additional filter chain; proceeding with original chain
05-23-2017 09:30:50.177,DEBUG,4CF9E95D78699AEB146ED1046CAB6B04,Request [/ict/login/] is not a multipart request
05-23-2017 09:30:50.177,DEBUG,3EB9072B76EC518C7BAA9549B5F44C09,DispatcherServlet with name 'appServlet' processing GET request for [/ict/login/]
05-23-2017 09:30:50.177,DEBUG,3EB9072B76EC518C7BAA9549B5F44C09,Looking up handler method for path /login/
05-23-2017 09:30:50.178,DEBUG,3EB9072B76EC518C7BAA9549B5F44C09,Returning handler method [public java.lang.String vn.bananavietnam.ict.common.controller.LoginController.top(java.util.Locale,org.springframework.ui.Model)]
05-23-2017 09:30:50.178,DEBUG,3EB9072B76EC518C7BAA9549B5F44C09,Returning cached instance of singleton bean 'loginController'
05-23-2017 09:30:50.178,DEBUG,3EB9072B76EC518C7BAA9549B5F44C09,Last-Modified value for [/ict/login/] is: -1
05-23-2017 09:30:50.178,DEBUG,3EB9072B76EC518C7BAA9549B5F44C09,Returning cached instance of singleton bean 'xml_path'
05-23-2017 09:30:50.178,DEBUG,3EB9072B76EC518C7BAA9549B5F44C09,Rendering view [org.springframework.web.servlet.view.JstlView: name 'common/login'; URL [/WEB-INF/views/common/login.jsp]] in DispatcherServlet with name 'appServlet'
05-23-2017 09:30:50.179,DEBUG,3EB9072B76EC518C7BAA9549B5F44C09,Forwarding to resource [/WEB-INF/views/common/login.jsp] in InternalResourceView 'common/login'
05-23-2017 09:30:50.180,DEBUG,3EB9072B76EC518C7BAA9549B5F44C09,SecurityContext is empty or contents are anonymous - context will not be stored in HttpSession.
05-23-2017 09:30:50.181,DEBUG,3EB9072B76EC518C7BAA9549B5F44C09,Successfully completed request
05-23-2017 09:30:50.181,DEBUG,3EB9072B76EC518C7BAA9549B5F44C09,Chain processed normally
05-23-2017 09:30:50.181,DEBUG,3EB9072B76EC518C7BAA9549B5F44C09,SecurityContextHolder now cleared, as request processing completed
05-23-2017 09:30:51.581,DEBUG,4CF9E95D78699AEB146ED1046CAB6B04,/?language=vi at position 1 of 11 in additional filter chain; firing Filter: 'SecurityContextPersistenceFilter'
05-23-2017 09:30:51.582,DEBUG,4CF9E95D78699AEB146ED1046CAB6B04,HttpSession returned null object for SPRING_SECURITY_CONTEXT
05-23-2017 09:30:51.582,DEBUG,4CF9E95D78699AEB146ED1046CAB6B04,No SecurityContext was available from the HttpSession: org.apache.catalina.session.StandardSessionFacade@aba05e. A new one will be created.
05-23-2017 09:30:51.582,DEBUG,4CF9E95D78699AEB146ED1046CAB6B04,/?language=vi at position 2 of 11 in additional filter chain; firing Filter: 'WebAsyncManagerIntegrationFilter'
05-23-2017 09:30:51.582,DEBUG,4CF9E95D78699AEB146ED1046CAB6B04,/?language=vi at position 3 of 11 in additional filter chain; firing Filter: 'LogoutFilter'
05-23-2017 09:30:51.582,DEBUG,4CF9E95D78699AEB146ED1046CAB6B04,/?language=vi at position 4 of 11 in additional filter chain; firing Filter: 'UsernamePasswordAuthenticationFilter'
05-23-2017 09:30:51.582,DEBUG,4CF9E95D78699AEB146ED1046CAB6B04,/?language=vi at position 5 of 11 in additional filter chain; firing Filter: 'BasicAuthenticationFilter'
05-23-2017 09:30:51.582,DEBUG,4CF9E95D78699AEB146ED1046CAB6B04,/?language=vi at position 6 of 11 in additional filter chain; firing Filter: 'RequestCacheAwareFilter'
05-23-2017 09:30:51.582,DEBUG,4CF9E95D78699AEB146ED1046CAB6B04,/?language=vi at position 7 of 11 in additional filter chain; firing Filter: 'SecurityContextHolderAwareRequestFilter'
05-23-2017 09:30:51.582,DEBUG,4CF9E95D78699AEB146ED1046CAB6B04,/?language=vi at position 8 of 11 in additional filter chain; firing Filter: 'AnonymousAuthenticationFilter'
05-23-2017 09:30:51.582,DEBUG,4CF9E95D78699AEB146ED1046CAB6B04,Populated SecurityContextHolder with anonymous token: 'org.springframework.security.authentication.AnonymousAuthenticationToken@6fa90ed4: Principal: anonymousUser; Credentials: [PROTECTED]; Authenticated: true; Details: org.springframework.security.web.authentication.WebAuthenticationDetails@fffc7f0c: RemoteIpAddress: 0:0:0:0:0:0:0:1; SessionId: 3EB9072B76EC518C7BAA9549B5F44C09; Granted Authorities: ROLE_ANONYMOUS'
05-23-2017 09:30:51.582,DEBUG,4CF9E95D78699AEB146ED1046CAB6B04,/?language=vi at position 9 of 11 in additional filter chain; firing Filter: 'SessionManagementFilter'
05-23-2017 09:30:51.582,DEBUG,4CF9E95D78699AEB146ED1046CAB6B04,/?language=vi at position 10 of 11 in additional filter chain; firing Filter: 'ExceptionTranslationFilter'
05-23-2017 09:30:51.582,DEBUG,4CF9E95D78699AEB146ED1046CAB6B04,/?language=vi at position 11 of 11 in additional filter chain; firing Filter: 'FilterSecurityInterceptor'
05-23-2017 09:30:51.582,DEBUG,4CF9E95D78699AEB146ED1046CAB6B04,Checking match of request : '/'; against '/autherror*'
05-23-2017 09:30:51.582,DEBUG,4CF9E95D78699AEB146ED1046CAB6B04,Checking match of request : '/'; against '/login/**'
05-23-2017 09:30:51.582,DEBUG,4CF9E95D78699AEB146ED1046CAB6B04,Checking match of request : '/'; against '/error/**'
05-23-2017 09:30:51.582,DEBUG,4CF9E95D78699AEB146ED1046CAB6B04,Checking match of request : '/'; against '/0001/**'
05-23-2017 09:30:51.582,DEBUG,4CF9E95D78699AEB146ED1046CAB6B04,Checking match of request : '/'; against '/0002/**'
05-23-2017 09:30:51.582,DEBUG,4CF9E95D78699AEB146ED1046CAB6B04,Checking match of request : '/'; against '/0003/**'
05-23-2017 09:30:51.582,DEBUG,4CF9E95D78699AEB146ED1046CAB6B04,Checking match of request : '/'; against '/0005/**'
05-23-2017 09:30:51.582,DEBUG,4CF9E95D78699AEB146ED1046CAB6B04,Checking match of request : '/'; against '/0007/**'
05-23-2017 09:30:51.582,DEBUG,4CF9E95D78699AEB146ED1046CAB6B04,Checking match of request : '/'; against '/0009/**'
05-23-2017 09:30:51.582,DEBUG,4CF9E95D78699AEB146ED1046CAB6B04,Checking match of request : '/'; against '/0013/**'
05-23-2017 09:30:51.582,DEBUG,4CF9E95D78699AEB146ED1046CAB6B04,Checking match of request : '/'; against '/0023/**'
05-23-2017 09:30:51.582,DEBUG,4CF9E95D78699AEB146ED1046CAB6B04,Checking match of request : '/'; against '/0017/**'
05-23-2017 09:30:51.582,DEBUG,4CF9E95D78699AEB146ED1046CAB6B04,Checking match of request : '/'; against '/0031/**'
05-23-2017 09:30:51.582,DEBUG,4CF9E95D78699AEB146ED1046CAB6B04,Checking match of request : '/'; against '/0035/**'
05-23-2017 09:30:51.582,DEBUG,4CF9E95D78699AEB146ED1046CAB6B04,Checking match of request : '/'; against '/0037/**'
05-23-2017 09:30:51.582,DEBUG,4CF9E95D78699AEB146ED1046CAB6B04,Checking match of request : '/'; against '/0045/**'
05-23-2017 09:30:51.582,DEBUG,4CF9E95D78699AEB146ED1046CAB6B04,Checking match of request : '/'; against '/0047/**'
05-23-2017 09:30:51.582,DEBUG,4CF9E95D78699AEB146ED1046CAB6B04,Checking match of request : '/'; against '/0049/**'
05-23-2017 09:30:51.582,DEBUG,4CF9E95D78699AEB146ED1046CAB6B04,Checking match of request : '/'; against '/0061/**'
05-23-2017 09:30:51.582,DEBUG,4CF9E95D78699AEB146ED1046CAB6B04,Checking match of request : '/'; against '/0087/**'
05-23-2017 09:30:51.582,DEBUG,4CF9E95D78699AEB146ED1046CAB6B04,Checking match of request : '/'; against '/0075/**'
05-23-2017 09:30:51.582,DEBUG,4CF9E95D78699AEB146ED1046CAB6B04,Checking match of request : '/'; against '/0089/**'
05-23-2017 09:30:51.582,DEBUG,4CF9E95D78699AEB146ED1046CAB6B04,Checking match of request : '/'; against '/0090/**'
05-23-2017 09:30:51.582,DEBUG,4CF9E95D78699AEB146ED1046CAB6B04,Checking match of request : '/'; against '/0091/**'
05-23-2017 09:30:51.582,DEBUG,4CF9E95D78699AEB146ED1046CAB6B04,Checking match of request : '/'; against '/0092/**'
05-23-2017 09:30:51.582,DEBUG,4CF9E95D78699AEB146ED1046CAB6B04,Checking match of request : '/'; against '/0095/**'
05-23-2017 09:30:51.582,DEBUG,4CF9E95D78699AEB146ED1046CAB6B04,Secure object: FilterInvocation: URL: /?language=vi; Attributes: [IS_AUTHENTICATED_ANONYMOUSLY]
05-23-2017 09:30:51.582,DEBUG,4CF9E95D78699AEB146ED1046CAB6B04,Previously Authenticated: org.springframework.security.authentication.AnonymousAuthenticationToken@6fa90ed4: Principal: anonymousUser; Credentials: [PROTECTED]; Authenticated: true; Details: org.springframework.security.web.authentication.WebAuthenticationDetails@fffc7f0c: RemoteIpAddress: 0:0:0:0:0:0:0:1; SessionId: 3EB9072B76EC518C7BAA9549B5F44C09; Granted Authorities: ROLE_ANONYMOUS
05-23-2017 09:30:51.582,DEBUG,4CF9E95D78699AEB146ED1046CAB6B04,Voter: org.springframework.security.access.vote.RoleVoter@1ac872d, returned: 0
05-23-2017 09:30:51.583,DEBUG,4CF9E95D78699AEB146ED1046CAB6B04,Voter: org.springframework.security.access.vote.AuthenticatedVoter@b1927d, returned: 1
05-23-2017 09:30:51.583,DEBUG,4CF9E95D78699AEB146ED1046CAB6B04,Authorization successful
05-23-2017 09:30:51.583,DEBUG,4CF9E95D78699AEB146ED1046CAB6B04,RunAsManager did not change Authentication object
05-23-2017 09:30:51.583,DEBUG,4CF9E95D78699AEB146ED1046CAB6B04,/?language=vi reached end of additional filter chain; proceeding with original chain
05-23-2017 09:30:51.583,DEBUG,4CF9E95D78699AEB146ED1046CAB6B04,Request [/ict/] is not a multipart request
05-23-2017 09:30:51.583,DEBUG,3EB9072B76EC518C7BAA9549B5F44C09,DispatcherServlet with name 'appServlet' processing GET request for [/ict/]
05-23-2017 09:30:51.583,DEBUG,3EB9072B76EC518C7BAA9549B5F44C09,Looking up handler method for path /
05-23-2017 09:30:51.583,DEBUG,3EB9072B76EC518C7BAA9549B5F44C09,Returning handler method [public java.lang.String vn.bananavietnam.ict.common.controller.AuthController.login()]
05-23-2017 09:30:51.583,DEBUG,3EB9072B76EC518C7BAA9549B5F44C09,Returning cached instance of singleton bean 'authController'
05-23-2017 09:30:51.583,DEBUG,3EB9072B76EC518C7BAA9549B5F44C09,Last-Modified value for [/ict/] is: -1
05-23-2017 09:30:51.583,DEBUG,3EB9072B76EC518C7BAA9549B5F44C09,Returning cached instance of singleton bean 'xml_path'
05-23-2017 09:30:51.583,DEBUG,3EB9072B76EC518C7BAA9549B5F44C09,Rendering view [org.springframework.web.servlet.view.JstlView: name 'common/PageWrapper'; URL [/WEB-INF/views/common/PageWrapper.jsp]] in DispatcherServlet with name 'appServlet'
05-23-2017 09:30:51.583,DEBUG,3EB9072B76EC518C7BAA9549B5F44C09,Forwarding to resource [/WEB-INF/views/common/PageWrapper.jsp] in InternalResourceView 'common/PageWrapper'
05-23-2017 09:30:51.583,DEBUG,3EB9072B76EC518C7BAA9549B5F44C09,SecurityContext is empty or contents are anonymous - context will not be stored in HttpSession.
05-23-2017 09:30:51.585,DEBUG,3EB9072B76EC518C7BAA9549B5F44C09,Successfully completed request
05-23-2017 09:30:51.586,DEBUG,3EB9072B76EC518C7BAA9549B5F44C09,Chain processed normally
05-23-2017 09:30:51.586,DEBUG,3EB9072B76EC518C7BAA9549B5F44C09,SecurityContextHolder now cleared, as request processing completed
05-23-2017 09:30:51.594,DEBUG,4CF9E95D78699AEB146ED1046CAB6B04,/login/ at position 1 of 11 in additional filter chain; firing Filter: 'SecurityContextPersistenceFilter'
05-23-2017 09:30:51.594,DEBUG,4CF9E95D78699AEB146ED1046CAB6B04,HttpSession returned null object for SPRING_SECURITY_CONTEXT
05-23-2017 09:30:51.594,DEBUG,4CF9E95D78699AEB146ED1046CAB6B04,No SecurityContext was available from the HttpSession: org.apache.catalina.session.StandardSessionFacade@aba05e. A new one will be created.
05-23-2017 09:30:51.594,DEBUG,4CF9E95D78699AEB146ED1046CAB6B04,/login/ at position 2 of 11 in additional filter chain; firing Filter: 'WebAsyncManagerIntegrationFilter'
05-23-2017 09:30:51.594,DEBUG,4CF9E95D78699AEB146ED1046CAB6B04,/login/ at position 3 of 11 in additional filter chain; firing Filter: 'LogoutFilter'
05-23-2017 09:30:51.595,DEBUG,4CF9E95D78699AEB146ED1046CAB6B04,/login/ at position 4 of 11 in additional filter chain; firing Filter: 'UsernamePasswordAuthenticationFilter'
05-23-2017 09:30:51.595,DEBUG,4CF9E95D78699AEB146ED1046CAB6B04,/login/ at position 5 of 11 in additional filter chain; firing Filter: 'BasicAuthenticationFilter'
05-23-2017 09:30:51.595,DEBUG,4CF9E95D78699AEB146ED1046CAB6B04,/login/ at position 6 of 11 in additional filter chain; firing Filter: 'RequestCacheAwareFilter'
05-23-2017 09:30:51.595,DEBUG,4CF9E95D78699AEB146ED1046CAB6B04,/login/ at position 7 of 11 in additional filter chain; firing Filter: 'SecurityContextHolderAwareRequestFilter'
05-23-2017 09:30:51.595,DEBUG,4CF9E95D78699AEB146ED1046CAB6B04,/login/ at position 8 of 11 in additional filter chain; firing Filter: 'AnonymousAuthenticationFilter'
05-23-2017 09:30:51.595,DEBUG,4CF9E95D78699AEB146ED1046CAB6B04,Populated SecurityContextHolder with anonymous token: 'org.springframework.security.authentication.AnonymousAuthenticationToken@6fa90ed4: Principal: anonymousUser; Credentials: [PROTECTED]; Authenticated: true; Details: org.springframework.security.web.authentication.WebAuthenticationDetails@fffc7f0c: RemoteIpAddress: 0:0:0:0:0:0:0:1; SessionId: 3EB9072B76EC518C7BAA9549B5F44C09; Granted Authorities: ROLE_ANONYMOUS'
05-23-2017 09:30:51.595,DEBUG,4CF9E95D78699AEB146ED1046CAB6B04,/login/ at position 9 of 11 in additional filter chain; firing Filter: 'SessionManagementFilter'
05-23-2017 09:30:51.595,DEBUG,4CF9E95D78699AEB146ED1046CAB6B04,/login/ at position 10 of 11 in additional filter chain; firing Filter: 'ExceptionTranslationFilter'
05-23-2017 09:30:51.595,DEBUG,4CF9E95D78699AEB146ED1046CAB6B04,/login/ at position 11 of 11 in additional filter chain; firing Filter: 'FilterSecurityInterceptor'
05-23-2017 09:30:51.595,DEBUG,4CF9E95D78699AEB146ED1046CAB6B04,Checking match of request : '/login/'; against '/autherror*'
05-23-2017 09:30:51.595,DEBUG,4CF9E95D78699AEB146ED1046CAB6B04,Checking match of request : '/login/'; against '/login/**'
05-23-2017 09:30:51.595,DEBUG,4CF9E95D78699AEB146ED1046CAB6B04,Secure object: FilterInvocation: URL: /login/; Attributes: [IS_AUTHENTICATED_ANONYMOUSLY]
05-23-2017 09:30:51.595,DEBUG,4CF9E95D78699AEB146ED1046CAB6B04,Previously Authenticated: org.springframework.security.authentication.AnonymousAuthenticationToken@6fa90ed4: Principal: anonymousUser; Credentials: [PROTECTED]; Authenticated: true; Details: org.springframework.security.web.authentication.WebAuthenticationDetails@fffc7f0c: RemoteIpAddress: 0:0:0:0:0:0:0:1; SessionId: 3EB9072B76EC518C7BAA9549B5F44C09; Granted Authorities: ROLE_ANONYMOUS
05-23-2017 09:30:51.595,DEBUG,4CF9E95D78699AEB146ED1046CAB6B04,Voter: org.springframework.security.access.vote.RoleVoter@1ac872d, returned: 0
05-23-2017 09:30:51.595,DEBUG,4CF9E95D78699AEB146ED1046CAB6B04,Voter: org.springframework.security.access.vote.AuthenticatedVoter@b1927d, returned: 1
05-23-2017 09:30:51.595,DEBUG,4CF9E95D78699AEB146ED1046CAB6B04,Authorization successful
05-23-2017 09:30:51.595,DEBUG,4CF9E95D78699AEB146ED1046CAB6B04,RunAsManager did not change Authentication object
05-23-2017 09:30:51.595,DEBUG,4CF9E95D78699AEB146ED1046CAB6B04,/login/ reached end of additional filter chain; proceeding with original chain
05-23-2017 09:30:51.595,DEBUG,4CF9E95D78699AEB146ED1046CAB6B04,Request [/ict/login/] is not a multipart request
05-23-2017 09:30:51.597,DEBUG,3EB9072B76EC518C7BAA9549B5F44C09,DispatcherServlet with name 'appServlet' processing GET request for [/ict/login/]
05-23-2017 09:30:51.597,DEBUG,3EB9072B76EC518C7BAA9549B5F44C09,Looking up handler method for path /login/
05-23-2017 09:30:51.597,DEBUG,3EB9072B76EC518C7BAA9549B5F44C09,Returning handler method [public java.lang.String vn.bananavietnam.ict.common.controller.LoginController.top(java.util.Locale,org.springframework.ui.Model)]
05-23-2017 09:30:51.597,DEBUG,3EB9072B76EC518C7BAA9549B5F44C09,Returning cached instance of singleton bean 'loginController'
05-23-2017 09:30:51.597,DEBUG,3EB9072B76EC518C7BAA9549B5F44C09,Last-Modified value for [/ict/login/] is: -1
05-23-2017 09:30:51.597,DEBUG,3EB9072B76EC518C7BAA9549B5F44C09,Returning cached instance of singleton bean 'xml_path'
05-23-2017 09:30:51.597,DEBUG,3EB9072B76EC518C7BAA9549B5F44C09,Rendering view [org.springframework.web.servlet.view.JstlView: name 'common/login'; URL [/WEB-INF/views/common/login.jsp]] in DispatcherServlet with name 'appServlet'
05-23-2017 09:30:51.598,DEBUG,3EB9072B76EC518C7BAA9549B5F44C09,Forwarding to resource [/WEB-INF/views/common/login.jsp] in InternalResourceView 'common/login'
05-23-2017 09:30:51.599,DEBUG,3EB9072B76EC518C7BAA9549B5F44C09,SecurityContext is empty or contents are anonymous - context will not be stored in HttpSession.
05-23-2017 09:30:51.599,DEBUG,3EB9072B76EC518C7BAA9549B5F44C09,Successfully completed request
05-23-2017 09:30:51.599,DEBUG,3EB9072B76EC518C7BAA9549B5F44C09,Chain processed normally
05-23-2017 09:30:51.599,DEBUG,3EB9072B76EC518C7BAA9549B5F44C09,SecurityContextHolder now cleared, as request processing completed
05-23-2017 09:30:56.070,DEBUG,4CF9E95D78699AEB146ED1046CAB6B04,/j_spring_security_check at position 1 of 11 in additional filter chain; firing Filter: 'SecurityContextPersistenceFilter'
05-23-2017 09:30:56.071,DEBUG,4CF9E95D78699AEB146ED1046CAB6B04,HttpSession returned null object for SPRING_SECURITY_CONTEXT
05-23-2017 09:30:56.071,DEBUG,4CF9E95D78699AEB146ED1046CAB6B04,No SecurityContext was available from the HttpSession: org.apache.catalina.session.StandardSessionFacade@aba05e. A new one will be created.
05-23-2017 09:30:56.071,DEBUG,4CF9E95D78699AEB146ED1046CAB6B04,/j_spring_security_check at position 2 of 11 in additional filter chain; firing Filter: 'WebAsyncManagerIntegrationFilter'
05-23-2017 09:30:56.071,DEBUG,4CF9E95D78699AEB146ED1046CAB6B04,/j_spring_security_check at position 3 of 11 in additional filter chain; firing Filter: 'LogoutFilter'
05-23-2017 09:30:56.071,DEBUG,4CF9E95D78699AEB146ED1046CAB6B04,/j_spring_security_check at position 4 of 11 in additional filter chain; firing Filter: 'UsernamePasswordAuthenticationFilter'
05-23-2017 09:30:56.071,DEBUG,4CF9E95D78699AEB146ED1046CAB6B04,Request is to process authentication
05-23-2017 09:30:56.071,DEBUG,4CF9E95D78699AEB146ED1046CAB6B04,Authentication attempt using org.springframework.security.authentication.dao.DaoAuthenticationProvider
05-23-2017 09:30:56.071,DEBUG,4CF9E95D78699AEB146ED1046CAB6B04,Executing prepared SQL query
05-23-2017 09:30:56.071,DEBUG,4CF9E95D78699AEB146ED1046CAB6B04,Executing prepared SQL statement [select users_authorization.usersId as id,                users_authorization.usersName as username,                      users_authorization.usersPassword as password,                      users_authorization.usersFullName as userfullname,                      1 as enabled,                      CASE                       WHEN users_authorization.authorizationTypeId IS NULL THEN '0'                          ELSE users_authorization.authorizationTypeId                      END as roleid,                      CASE                 WHEN access.SCREEN_DISPLAY_ENABLE_FLAG IS NULL THEN '0'                 ELSE access.SCREEN_DISPLAY_ENABLE_FLAG                END as roledisplay,                      CASE                 WHEN access.ADDABLE_FLAG IS NULL THEN '0'                 ELSE access.ADDABLE_FLAG                END as roleadd,                      CASE                 WHEN access.UPDATABLE_FLAG IS NULL THEN '0'                 ELSE access.UPDATABLE_FLAG                END as roleupdate,                      CASE                 WHEN access.DELETABLE_FLAG IS NULL THEN '0'                 ELSE access.DELETABLE_FLAG                END as roledelete,                      CASE                 WHEN access.REFERENCE_FLAG IS NULL THEN '0'                 ELSE access.REFERENCE_FLAG                END as rolereference,                       access.SCREEN_ID as screenid              from (select users_manager.usersId,                 users_manager.usersName,                 users_manager.usersPassword,                 users_manager.usersFullName,                 users_manager.authorizationTypeId,                 authorization.AUTHORIZATION_TYPE_NAME authorizationTypeName,                 authorization.ACCESS_AUTHORITY_ID accessAuthorityId               from (select users.USERS_ID usersId,                  users.USERS_ID usersName,                  users.PASSWORD usersPassword,                  users.USERS_NAME usersFullName,                  manager.AUTHORIZATION_TYPE_ID authorizationTypeId                from IVB_M_USERS users                left join IVB_M_MANAGER manager                 on users.USERS_ID = manager.USERS_ID                 and manager.DELETE_FLAG = '0'                where users.USERS_ID = ?                 and users.DELETE_FLAG = '0'                ) users_manager               left join IVB_M_AUTHORIZATION authorization                on users_manager.authorizationTypeId = authorization.AUTHORIZATION_TYPE_ID                   and authorization.DELETE_FLAG = '0'                  ) users_authorization              left join IVB_M_ACCESS_AUTHORIZATION access               on users_authorization.accessAuthorityId = access.ACCESS_AUTHORITY_ID                  and access.DELETE_FLAG = '0']
05-23-2017 09:30:56.071,DEBUG,4CF9E95D78699AEB146ED1046CAB6B04,Fetching JDBC Connection from DataSource
05-23-2017 09:30:56.071,DEBUG,4CF9E95D78699AEB146ED1046CAB6B04,Creating new JDBC DriverManager Connection to [jdbc:mysql://172.16.0.175:3306/BANANA_DB_HUNG_SELENIUM?useUnicode=yes&characterEncoding=UTF-8&autoReconnect=true]
05-23-2017 09:30:56.091,DEBUG,4CF9E95D78699AEB146ED1046CAB6B04,Returning JDBC Connection to DataSource
05-23-2017 09:30:56.091,DEBUG,4CF9E95D78699AEB146ED1046CAB6B04,Executing prepared SQL query
05-23-2017 09:30:56.091,DEBUG,4CF9E95D78699AEB146ED1046CAB6B04,Executing prepared SQL statement [select distinct users.USERS_ID,                  CASE                   WHEN manager.AUTHORIZATION_TYPE_ID IS NULL THEN '0'                   ELSE manager.AUTHORIZATION_TYPE_ID                  END as AUTHORIZATION_TYPE_ID               from IVB_M_USERS users               left join IVB_M_MANAGER manager                on users.USERS_ID = manager.USERS_ID                and manager.DELETE_FLAG = '0'               where users.USERS_ID = ?                and users.DELETE_FLAG = '0']
05-23-2017 09:30:56.092,DEBUG,4CF9E95D78699AEB146ED1046CAB6B04,Fetching JDBC Connection from DataSource
05-23-2017 09:30:56.092,DEBUG,4CF9E95D78699AEB146ED1046CAB6B04,Creating new JDBC DriverManager Connection to [jdbc:mysql://172.16.0.175:3306/BANANA_DB_HUNG_SELENIUM?useUnicode=yes&characterEncoding=UTF-8&autoReconnect=true]
05-23-2017 09:30:56.111,DEBUG,4CF9E95D78699AEB146ED1046CAB6B04,Returning JDBC Connection to DataSource
05-23-2017 09:30:56.111,DEBUG,4CF9E95D78699AEB146ED1046CAB6B04,Delegating to org.springframework.security.web.authentication.session.ChangeSessionIdAuthenticationStrategy@99fddf
05-23-2017 09:30:56.112,DEBUG,4CF9E95D78699AEB146ED1046CAB6B04,Authentication success. Updating SecurityContextHolder to contain: org.springframework.security.authentication.UsernamePasswordAuthenticationToken@c493f8ef: Principal: vn.bananavietnam.ict.common.auth.MyUser@c4907816: Username: U0000000001; Password: [PROTECTED]; Enabled: true; AccountNonExpired: true; credentialsNonExpired: true; AccountNonLocked: true; Granted Authorities: 1; Credentials: [PROTECTED]; Authenticated: true; Details: org.springframework.security.web.authentication.WebAuthenticationDetails@fffc7f0c: RemoteIpAddress: 0:0:0:0:0:0:0:1; SessionId: 3EB9072B76EC518C7BAA9549B5F44C09; Granted Authorities: 1
05-23-2017 09:30:56.112,DEBUG,4CF9E95D78699AEB146ED1046CAB6B04,SecurityContext stored to HttpSession: 'org.springframework.security.core.context.SecurityContextImpl@c493f8ef: Authentication: org.springframework.security.authentication.UsernamePasswordAuthenticationToken@c493f8ef: Principal: vn.bananavietnam.ict.common.auth.MyUser@c4907816: Username: U0000000001; Password: [PROTECTED]; Enabled: true; AccountNonExpired: true; credentialsNonExpired: true; AccountNonLocked: true; Granted Authorities: 1; Credentials: [PROTECTED]; Authenticated: true; Details: org.springframework.security.web.authentication.WebAuthenticationDetails@fffc7f0c: RemoteIpAddress: 0:0:0:0:0:0:0:1; SessionId: 3EB9072B76EC518C7BAA9549B5F44C09; Granted Authorities: 1'
05-23-2017 09:30:56.113,DEBUG,4CF9E95D78699AEB146ED1046CAB6B04,SecurityContextHolder now cleared, as request processing completed
05-23-2017 09:30:56.134,DEBUG,4CF9E95D78699AEB146ED1046CAB6B04,/0001/ at position 1 of 11 in additional filter chain; firing Filter: 'SecurityContextPersistenceFilter'
05-23-2017 09:30:56.134,DEBUG,4CF9E95D78699AEB146ED1046CAB6B04,Obtained a valid SecurityContext from SPRING_SECURITY_CONTEXT: 'org.springframework.security.core.context.SecurityContextImpl@c493f8ef: Authentication: org.springframework.security.authentication.UsernamePasswordAuthenticationToken@c493f8ef: Principal: vn.bananavietnam.ict.common.auth.MyUser@c4907816: Username: U0000000001; Password: [PROTECTED]; Enabled: true; AccountNonExpired: true; credentialsNonExpired: true; AccountNonLocked: true; Granted Authorities: 1; Credentials: [PROTECTED]; Authenticated: true; Details: org.springframework.security.web.authentication.WebAuthenticationDetails@fffc7f0c: RemoteIpAddress: 0:0:0:0:0:0:0:1; SessionId: 3EB9072B76EC518C7BAA9549B5F44C09; Granted Authorities: 1'
05-23-2017 09:30:56.134,DEBUG,4CF9E95D78699AEB146ED1046CAB6B04,/0001/ at position 2 of 11 in additional filter chain; firing Filter: 'WebAsyncManagerIntegrationFilter'
05-23-2017 09:30:56.135,DEBUG,4CF9E95D78699AEB146ED1046CAB6B04,/0001/ at position 3 of 11 in additional filter chain; firing Filter: 'LogoutFilter'
05-23-2017 09:30:56.135,DEBUG,4CF9E95D78699AEB146ED1046CAB6B04,/0001/ at position 4 of 11 in additional filter chain; firing Filter: 'UsernamePasswordAuthenticationFilter'
05-23-2017 09:30:56.135,DEBUG,4CF9E95D78699AEB146ED1046CAB6B04,/0001/ at position 5 of 11 in additional filter chain; firing Filter: 'BasicAuthenticationFilter'
05-23-2017 09:30:56.135,DEBUG,4CF9E95D78699AEB146ED1046CAB6B04,/0001/ at position 6 of 11 in additional filter chain; firing Filter: 'RequestCacheAwareFilter'
05-23-2017 09:30:56.135,DEBUG,4CF9E95D78699AEB146ED1046CAB6B04,/0001/ at position 7 of 11 in additional filter chain; firing Filter: 'SecurityContextHolderAwareRequestFilter'
05-23-2017 09:30:56.135,DEBUG,4CF9E95D78699AEB146ED1046CAB6B04,/0001/ at position 8 of 11 in additional filter chain; firing Filter: 'AnonymousAuthenticationFilter'
05-23-2017 09:30:56.136,DEBUG,4CF9E95D78699AEB146ED1046CAB6B04,SecurityContextHolder not populated with anonymous token, as it already contained: 'org.springframework.security.authentication.UsernamePasswordAuthenticationToken@c493f8ef: Principal: vn.bananavietnam.ict.common.auth.MyUser@c4907816: Username: U0000000001; Password: [PROTECTED]; Enabled: true; AccountNonExpired: true; credentialsNonExpired: true; AccountNonLocked: true; Granted Authorities: 1; Credentials: [PROTECTED]; Authenticated: true; Details: org.springframework.security.web.authentication.WebAuthenticationDetails@fffc7f0c: RemoteIpAddress: 0:0:0:0:0:0:0:1; SessionId: 3EB9072B76EC518C7BAA9549B5F44C09; Granted Authorities: 1'
05-23-2017 09:30:56.136,DEBUG,4CF9E95D78699AEB146ED1046CAB6B04,/0001/ at position 9 of 11 in additional filter chain; firing Filter: 'SessionManagementFilter'
05-23-2017 09:30:56.136,DEBUG,4CF9E95D78699AEB146ED1046CAB6B04,/0001/ at position 10 of 11 in additional filter chain; firing Filter: 'ExceptionTranslationFilter'
05-23-2017 09:30:56.136,DEBUG,4CF9E95D78699AEB146ED1046CAB6B04,/0001/ at position 11 of 11 in additional filter chain; firing Filter: 'FilterSecurityInterceptor'
05-23-2017 09:30:56.136,DEBUG,4CF9E95D78699AEB146ED1046CAB6B04,Checking match of request : '/0001/'; against '/autherror*'
05-23-2017 09:30:56.136,DEBUG,4CF9E95D78699AEB146ED1046CAB6B04,Checking match of request : '/0001/'; against '/login/**'
05-23-2017 09:30:56.136,DEBUG,4CF9E95D78699AEB146ED1046CAB6B04,Checking match of request : '/0001/'; against '/error/**'
05-23-2017 09:30:56.136,DEBUG,4CF9E95D78699AEB146ED1046CAB6B04,Checking match of request : '/0001/'; against '/0001/**'
05-23-2017 09:30:56.136,DEBUG,4CF9E95D78699AEB146ED1046CAB6B04,Secure object: FilterInvocation: URL: /0001/; Attributes: [ROLE_ADMIN, ROLE_USER, IS_AUTHENTICATED_FULLY]
05-23-2017 09:30:56.136,DEBUG,4CF9E95D78699AEB146ED1046CAB6B04,Previously Authenticated: org.springframework.security.authentication.UsernamePasswordAuthenticationToken@c493f8ef: Principal: vn.bananavietnam.ict.common.auth.MyUser@c4907816: Username: U0000000001; Password: [PROTECTED]; Enabled: true; AccountNonExpired: true; credentialsNonExpired: true; AccountNonLocked: true; Granted Authorities: 1; Credentials: [PROTECTED]; Authenticated: true; Details: org.springframework.security.web.authentication.WebAuthenticationDetails@fffc7f0c: RemoteIpAddress: 0:0:0:0:0:0:0:1; SessionId: 3EB9072B76EC518C7BAA9549B5F44C09; Granted Authorities: 1
05-23-2017 09:30:56.139,DEBUG,4CF9E95D78699AEB146ED1046CAB6B04,Voter: org.springframework.security.access.vote.RoleVoter@1ac872d, returned: -1
05-23-2017 09:30:56.139,DEBUG,4CF9E95D78699AEB146ED1046CAB6B04,Voter: org.springframework.security.access.vote.AuthenticatedVoter@b1927d, returned: 1
05-23-2017 09:30:56.139,DEBUG,4CF9E95D78699AEB146ED1046CAB6B04,Authorization successful
05-23-2017 09:30:56.139,DEBUG,4CF9E95D78699AEB146ED1046CAB6B04,RunAsManager did not change Authentication object
05-23-2017 09:30:56.140,DEBUG,4CF9E95D78699AEB146ED1046CAB6B04,/0001/ reached end of additional filter chain; proceeding with original chain
05-23-2017 09:30:56.140,DEBUG,4CF9E95D78699AEB146ED1046CAB6B04,Request [/ict/0001/] is not a multipart request
05-23-2017 09:30:56.140,DEBUG,9EC12D13C75BCD76B3D5E04FD1891654,DispatcherServlet with name 'appServlet' processing GET request for [/ict/0001/]
05-23-2017 09:30:56.140,DEBUG,9EC12D13C75BCD76B3D5E04FD1891654,Looking up handler method for path /0001/
05-23-2017 09:30:56.140,DEBUG,9EC12D13C75BCD76B3D5E04FD1891654,Returning handler method [public java.lang.String vn.bananavietnam.ict.banana.controller.Bnn0001BananaMenuController.top(javax.servlet.http.HttpServletRequest,java.util.Locale,org.springframework.ui.Model)]
05-23-2017 09:30:56.140,DEBUG,9EC12D13C75BCD76B3D5E04FD1891654,Returning cached instance of singleton bean 'bnn0001BananaMenuController'
05-23-2017 09:30:56.140,DEBUG,9EC12D13C75BCD76B3D5E04FD1891654,Last-Modified value for [/ict/0001/] is: -1
05-23-2017 09:30:56.140,DEBUG,9EC12D13C75BCD76B3D5E04FD1891654,Returning cached instance of singleton bean 'xml_path'
05-23-2017 09:30:56.144,DEBUG,9EC12D13C75BCD76B3D5E04FD1891654,Rendering view [org.springframework.web.servlet.view.JstlView: name 'banana/Bnn0001BananaMenu'; URL [/WEB-INF/views/banana/Bnn0001BananaMenu.jsp]] in DispatcherServlet with name 'appServlet'
05-23-2017 09:30:56.145,DEBUG,9EC12D13C75BCD76B3D5E04FD1891654,Added model object 'resetDate' of type [java.lang.String] to request in view with name 'banana/Bnn0001BananaMenu'
05-23-2017 09:30:56.145,DEBUG,9EC12D13C75BCD76B3D5E04FD1891654,Added model object 'layoutDate' of type [java.lang.String] to request in view with name 'banana/Bnn0001BananaMenu'
05-23-2017 09:30:56.145,DEBUG,9EC12D13C75BCD76B3D5E04FD1891654,Added model object 'jqueryUiCssDate' of type [java.lang.String] to request in view with name 'banana/Bnn0001BananaMenu'
05-23-2017 09:30:56.145,DEBUG,9EC12D13C75BCD76B3D5E04FD1891654,Added model object 'messageHandlerDate' of type [java.lang.String] to request in view with name 'banana/Bnn0001BananaMenu'
05-23-2017 09:30:56.145,DEBUG,9EC12D13C75BCD76B3D5E04FD1891654,Added model object 'jqueryDate' of type [java.lang.String] to request in view with name 'banana/Bnn0001BananaMenu'
05-23-2017 09:30:56.145,DEBUG,9EC12D13C75BCD76B3D5E04FD1891654,Added model object 'jqueryUiDate' of type [java.lang.String] to request in view with name 'banana/Bnn0001BananaMenu'
05-23-2017 09:30:56.145,DEBUG,9EC12D13C75BCD76B3D5E04FD1891654,Added model object 'datepickerDate' of type [java.lang.String] to request in view with name 'banana/Bnn0001BananaMenu'
05-23-2017 09:30:56.145,DEBUG,9EC12D13C75BCD76B3D5E04FD1891654,Added model object 'inputmaskDate' of type [java.lang.String] to request in view with name 'banana/Bnn0001BananaMenu'
05-23-2017 09:30:56.145,DEBUG,9EC12D13C75BCD76B3D5E04FD1891654,Added model object 'jqueryInputmaskDate' of type [java.lang.String] to request in view with name 'banana/Bnn0001BananaMenu'
05-23-2017 09:30:56.145,DEBUG,9EC12D13C75BCD76B3D5E04FD1891654,Added model object 'inputMaskExtDate' of type [java.lang.String] to request in view with name 'banana/Bnn0001BananaMenu'
05-23-2017 09:30:56.145,DEBUG,9EC12D13C75BCD76B3D5E04FD1891654,Added model object 'calendarDate' of type [java.lang.String] to request in view with name 'banana/Bnn0001BananaMenu'
05-23-2017 09:30:56.145,DEBUG,9EC12D13C75BCD76B3D5E04FD1891654,Added model object 'messageDate' of type [java.lang.String] to request in view with name 'banana/Bnn0001BananaMenu'
05-23-2017 09:30:56.145,DEBUG,9EC12D13C75BCD76B3D5E04FD1891654,Added model object 'storageDate' of type [java.lang.String] to request in view with name 'banana/Bnn0001BananaMenu'
05-23-2017 09:30:56.145,DEBUG,9EC12D13C75BCD76B3D5E04FD1891654,Added model object 'commonDate' of type [java.lang.String] to request in view with name 'banana/Bnn0001BananaMenu'
05-23-2017 09:30:56.145,DEBUG,9EC12D13C75BCD76B3D5E04FD1891654,Added model object 'bananaMenuCssDate' of type [java.lang.String] to request in view with name 'banana/Bnn0001BananaMenu'
05-23-2017 09:30:56.145,DEBUG,9EC12D13C75BCD76B3D5E04FD1891654,Added model object 'bananaMenuJsDate' of type [java.lang.String] to request in view with name 'banana/Bnn0001BananaMenu'
05-23-2017 09:30:56.145,DEBUG,9EC12D13C75BCD76B3D5E04FD1891654,Forwarding to resource [/WEB-INF/views/banana/Bnn0001BananaMenu.jsp] in InternalResourceView 'banana/Bnn0001BananaMenu'
05-23-2017 09:30:56.147,DEBUG,9EC12D13C75BCD76B3D5E04FD1891654,Render request received for definition 'defaultTemplate'
05-23-2017 09:30:56.149,DEBUG,9EC12D13C75BCD76B3D5E04FD1891654,Successfully completed request
05-23-2017 09:30:56.149,DEBUG,9EC12D13C75BCD76B3D5E04FD1891654,Chain processed normally
05-23-2017 09:30:56.149,DEBUG,9EC12D13C75BCD76B3D5E04FD1891654,SecurityContextHolder now cleared, as request processing completed
05-23-2017 09:30:57.392,DEBUG,4CF9E95D78699AEB146ED1046CAB6B04,/0089/ at position 1 of 11 in additional filter chain; firing Filter: 'SecurityContextPersistenceFilter'
05-23-2017 09:30:57.392,DEBUG,4CF9E95D78699AEB146ED1046CAB6B04,Obtained a valid SecurityContext from SPRING_SECURITY_CONTEXT: 'org.springframework.security.core.context.SecurityContextImpl@c493f8ef: Authentication: org.springframework.security.authentication.UsernamePasswordAuthenticationToken@c493f8ef: Principal: vn.bananavietnam.ict.common.auth.MyUser@c4907816: Username: U0000000001; Password: [PROTECTED]; Enabled: true; AccountNonExpired: true; credentialsNonExpired: true; AccountNonLocked: true; Granted Authorities: 1; Credentials: [PROTECTED]; Authenticated: true; Details: org.springframework.security.web.authentication.WebAuthenticationDetails@fffc7f0c: RemoteIpAddress: 0:0:0:0:0:0:0:1; SessionId: 3EB9072B76EC518C7BAA9549B5F44C09; Granted Authorities: 1'
05-23-2017 09:30:57.392,DEBUG,4CF9E95D78699AEB146ED1046CAB6B04,/0089/ at position 2 of 11 in additional filter chain; firing Filter: 'WebAsyncManagerIntegrationFilter'
05-23-2017 09:30:57.392,DEBUG,4CF9E95D78699AEB146ED1046CAB6B04,/0089/ at position 3 of 11 in additional filter chain; firing Filter: 'LogoutFilter'
05-23-2017 09:30:57.393,DEBUG,4CF9E95D78699AEB146ED1046CAB6B04,/0089/ at position 4 of 11 in additional filter chain; firing Filter: 'UsernamePasswordAuthenticationFilter'
05-23-2017 09:30:57.393,DEBUG,4CF9E95D78699AEB146ED1046CAB6B04,/0089/ at position 5 of 11 in additional filter chain; firing Filter: 'BasicAuthenticationFilter'
05-23-2017 09:30:57.393,DEBUG,4CF9E95D78699AEB146ED1046CAB6B04,/0089/ at position 6 of 11 in additional filter chain; firing Filter: 'RequestCacheAwareFilter'
05-23-2017 09:30:57.393,DEBUG,4CF9E95D78699AEB146ED1046CAB6B04,/0089/ at position 7 of 11 in additional filter chain; firing Filter: 'SecurityContextHolderAwareRequestFilter'
05-23-2017 09:30:57.393,DEBUG,4CF9E95D78699AEB146ED1046CAB6B04,/0089/ at position 8 of 11 in additional filter chain; firing Filter: 'AnonymousAuthenticationFilter'
05-23-2017 09:30:57.393,DEBUG,4CF9E95D78699AEB146ED1046CAB6B04,SecurityContextHolder not populated with anonymous token, as it already contained: 'org.springframework.security.authentication.UsernamePasswordAuthenticationToken@c493f8ef: Principal: vn.bananavietnam.ict.common.auth.MyUser@c4907816: Username: U0000000001; Password: [PROTECTED]; Enabled: true; AccountNonExpired: true; credentialsNonExpired: true; AccountNonLocked: true; Granted Authorities: 1; Credentials: [PROTECTED]; Authenticated: true; Details: org.springframework.security.web.authentication.WebAuthenticationDetails@fffc7f0c: RemoteIpAddress: 0:0:0:0:0:0:0:1; SessionId: 3EB9072B76EC518C7BAA9549B5F44C09; Granted Authorities: 1'
05-23-2017 09:30:57.393,DEBUG,4CF9E95D78699AEB146ED1046CAB6B04,/0089/ at position 9 of 11 in additional filter chain; firing Filter: 'SessionManagementFilter'
05-23-2017 09:30:57.393,DEBUG,4CF9E95D78699AEB146ED1046CAB6B04,/0089/ at position 10 of 11 in additional filter chain; firing Filter: 'ExceptionTranslationFilter'
05-23-2017 09:30:57.393,DEBUG,4CF9E95D78699AEB146ED1046CAB6B04,/0089/ at position 11 of 11 in additional filter chain; firing Filter: 'FilterSecurityInterceptor'
05-23-2017 09:30:57.393,DEBUG,4CF9E95D78699AEB146ED1046CAB6B04,Checking match of request : '/0089/'; against '/autherror*'
05-23-2017 09:30:57.393,DEBUG,4CF9E95D78699AEB146ED1046CAB6B04,Checking match of request : '/0089/'; against '/login/**'
05-23-2017 09:30:57.393,DEBUG,4CF9E95D78699AEB146ED1046CAB6B04,Checking match of request : '/0089/'; against '/error/**'
05-23-2017 09:30:57.393,DEBUG,4CF9E95D78699AEB146ED1046CAB6B04,Checking match of request : '/0089/'; against '/0001/**'
05-23-2017 09:30:57.393,DEBUG,4CF9E95D78699AEB146ED1046CAB6B04,Checking match of request : '/0089/'; against '/0002/**'
05-23-2017 09:30:57.393,DEBUG,4CF9E95D78699AEB146ED1046CAB6B04,Checking match of request : '/0089/'; against '/0003/**'
05-23-2017 09:30:57.393,DEBUG,4CF9E95D78699AEB146ED1046CAB6B04,Checking match of request : '/0089/'; against '/0005/**'
05-23-2017 09:30:57.393,DEBUG,4CF9E95D78699AEB146ED1046CAB6B04,Checking match of request : '/0089/'; against '/0007/**'
05-23-2017 09:30:57.393,DEBUG,4CF9E95D78699AEB146ED1046CAB6B04,Checking match of request : '/0089/'; against '/0009/**'
05-23-2017 09:30:57.393,DEBUG,4CF9E95D78699AEB146ED1046CAB6B04,Checking match of request : '/0089/'; against '/0013/**'
05-23-2017 09:30:57.393,DEBUG,4CF9E95D78699AEB146ED1046CAB6B04,Checking match of request : '/0089/'; against '/0023/**'
05-23-2017 09:30:57.393,DEBUG,4CF9E95D78699AEB146ED1046CAB6B04,Checking match of request : '/0089/'; against '/0017/**'
05-23-2017 09:30:57.393,DEBUG,4CF9E95D78699AEB146ED1046CAB6B04,Checking match of request : '/0089/'; against '/0031/**'
05-23-2017 09:30:57.393,DEBUG,4CF9E95D78699AEB146ED1046CAB6B04,Checking match of request : '/0089/'; against '/0035/**'
05-23-2017 09:30:57.393,DEBUG,4CF9E95D78699AEB146ED1046CAB6B04,Checking match of request : '/0089/'; against '/0037/**'
05-23-2017 09:30:57.393,DEBUG,4CF9E95D78699AEB146ED1046CAB6B04,Checking match of request : '/0089/'; against '/0045/**'
05-23-2017 09:30:57.393,DEBUG,4CF9E95D78699AEB146ED1046CAB6B04,Checking match of request : '/0089/'; against '/0047/**'
05-23-2017 09:30:57.393,DEBUG,4CF9E95D78699AEB146ED1046CAB6B04,Checking match of request : '/0089/'; against '/0049/**'
05-23-2017 09:30:57.393,DEBUG,4CF9E95D78699AEB146ED1046CAB6B04,Checking match of request : '/0089/'; against '/0061/**'
05-23-2017 09:30:57.393,DEBUG,4CF9E95D78699AEB146ED1046CAB6B04,Checking match of request : '/0089/'; against '/0087/**'
05-23-2017 09:30:57.393,DEBUG,4CF9E95D78699AEB146ED1046CAB6B04,Checking match of request : '/0089/'; against '/0075/**'
05-23-2017 09:30:57.393,DEBUG,4CF9E95D78699AEB146ED1046CAB6B04,Checking match of request : '/0089/'; against '/0089/**'
05-23-2017 09:30:57.393,DEBUG,4CF9E95D78699AEB146ED1046CAB6B04,Secure object: FilterInvocation: URL: /0089/; Attributes: [ROLE_ADMIN, ROLE_USER, IS_AUTHENTICATED_FULLY]
05-23-2017 09:30:57.393,DEBUG,4CF9E95D78699AEB146ED1046CAB6B04,Previously Authenticated: org.springframework.security.authentication.UsernamePasswordAuthenticationToken@c493f8ef: Principal: vn.bananavietnam.ict.common.auth.MyUser@c4907816: Username: U0000000001; Password: [PROTECTED]; Enabled: true; AccountNonExpired: true; credentialsNonExpired: true; AccountNonLocked: true; Granted Authorities: 1; Credentials: [PROTECTED]; Authenticated: true; Details: org.springframework.security.web.authentication.WebAuthenticationDetails@fffc7f0c: RemoteIpAddress: 0:0:0:0:0:0:0:1; SessionId: 3EB9072B76EC518C7BAA9549B5F44C09; Granted Authorities: 1
05-23-2017 09:30:57.393,DEBUG,4CF9E95D78699AEB146ED1046CAB6B04,Voter: org.springframework.security.access.vote.RoleVoter@1ac872d, returned: -1
05-23-2017 09:30:57.394,DEBUG,4CF9E95D78699AEB146ED1046CAB6B04,Voter: org.springframework.security.access.vote.AuthenticatedVoter@b1927d, returned: 1
05-23-2017 09:30:57.394,DEBUG,4CF9E95D78699AEB146ED1046CAB6B04,Authorization successful
05-23-2017 09:30:57.394,DEBUG,4CF9E95D78699AEB146ED1046CAB6B04,RunAsManager did not change Authentication object
05-23-2017 09:30:57.394,DEBUG,4CF9E95D78699AEB146ED1046CAB6B04,/0089/ reached end of additional filter chain; proceeding with original chain
05-23-2017 09:30:57.394,DEBUG,4CF9E95D78699AEB146ED1046CAB6B04,Request [/ict/0089/] is not a multipart request
05-23-2017 09:30:57.394,DEBUG,9EC12D13C75BCD76B3D5E04FD1891654,DispatcherServlet with name 'appServlet' processing GET request for [/ict/0089/]
05-23-2017 09:30:57.394,DEBUG,9EC12D13C75BCD76B3D5E04FD1891654,Looking up handler method for path /0089/
05-23-2017 09:30:57.394,DEBUG,9EC12D13C75BCD76B3D5E04FD1891654,Returning handler method [public java.lang.String vn.bananavietnam.ict.banana.controller.Bnn0089SearchTaskController.top(javax.servlet.http.HttpServletRequest,java.util.Locale,org.springframework.ui.Model)]
05-23-2017 09:30:57.394,DEBUG,9EC12D13C75BCD76B3D5E04FD1891654,Returning cached instance of singleton bean 'bnn0089SearchTaskController'
05-23-2017 09:30:57.394,DEBUG,9EC12D13C75BCD76B3D5E04FD1891654,Last-Modified value for [/ict/0089/] is: -1
05-23-2017 09:30:57.394,DEBUG,9EC12D13C75BCD76B3D5E04FD1891654,Returning cached instance of singleton bean 'xml_path'
05-23-2017 09:30:57.396,DEBUG,9EC12D13C75BCD76B3D5E04FD1891654,Rendering view [org.springframework.web.servlet.view.JstlView: name 'banana/Bnn0089SearchTask'; URL [/WEB-INF/views/banana/Bnn0089SearchTask.jsp]] in DispatcherServlet with name 'appServlet'
05-23-2017 09:30:57.397,DEBUG,9EC12D13C75BCD76B3D5E04FD1891654,Added model object 'resetDate' of type [java.lang.String] to request in view with name 'banana/Bnn0089SearchTask'
05-23-2017 09:30:57.397,DEBUG,9EC12D13C75BCD76B3D5E04FD1891654,Added model object 'layoutDate' of type [java.lang.String] to request in view with name 'banana/Bnn0089SearchTask'
05-23-2017 09:30:57.397,DEBUG,9EC12D13C75BCD76B3D5E04FD1891654,Added model object 'jqueryUiCssDate' of type [java.lang.String] to request in view with name 'banana/Bnn0089SearchTask'
05-23-2017 09:30:57.397,DEBUG,9EC12D13C75BCD76B3D5E04FD1891654,Added model object 'messageHandlerDate' of type [java.lang.String] to request in view with name 'banana/Bnn0089SearchTask'
05-23-2017 09:30:57.397,DEBUG,9EC12D13C75BCD76B3D5E04FD1891654,Added model object 'jqueryDate' of type [java.lang.String] to request in view with name 'banana/Bnn0089SearchTask'
05-23-2017 09:30:57.397,DEBUG,9EC12D13C75BCD76B3D5E04FD1891654,Added model object 'jqueryUiDate' of type [java.lang.String] to request in view with name 'banana/Bnn0089SearchTask'
05-23-2017 09:30:57.397,DEBUG,9EC12D13C75BCD76B3D5E04FD1891654,Added model object 'datepickerDate' of type [java.lang.String] to request in view with name 'banana/Bnn0089SearchTask'
05-23-2017 09:30:57.397,DEBUG,9EC12D13C75BCD76B3D5E04FD1891654,Added model object 'inputmaskDate' of type [java.lang.String] to request in view with name 'banana/Bnn0089SearchTask'
05-23-2017 09:30:57.397,DEBUG,9EC12D13C75BCD76B3D5E04FD1891654,Added model object 'jqueryInputmaskDate' of type [java.lang.String] to request in view with name 'banana/Bnn0089SearchTask'
05-23-2017 09:30:57.397,DEBUG,9EC12D13C75BCD76B3D5E04FD1891654,Added model object 'inputMaskExtDate' of type [java.lang.String] to request in view with name 'banana/Bnn0089SearchTask'
05-23-2017 09:30:57.397,DEBUG,9EC12D13C75BCD76B3D5E04FD1891654,Added model object 'calendarDate' of type [java.lang.String] to request in view with name 'banana/Bnn0089SearchTask'
05-23-2017 09:30:57.397,DEBUG,9EC12D13C75BCD76B3D5E04FD1891654,Added model object 'messageDate' of type [java.lang.String] to request in view with name 'banana/Bnn0089SearchTask'
05-23-2017 09:30:57.397,DEBUG,9EC12D13C75BCD76B3D5E04FD1891654,Added model object 'storageDate' of type [java.lang.String] to request in view with name 'banana/Bnn0089SearchTask'
05-23-2017 09:30:57.397,DEBUG,9EC12D13C75BCD76B3D5E04FD1891654,Added model object 'commonDate' of type [java.lang.String] to request in view with name 'banana/Bnn0089SearchTask'
05-23-2017 09:30:57.397,DEBUG,9EC12D13C75BCD76B3D5E04FD1891654,Added model object 'searchTaskCssDate' of type [java.lang.String] to request in view with name 'banana/Bnn0089SearchTask'
05-23-2017 09:30:57.397,DEBUG,9EC12D13C75BCD76B3D5E04FD1891654,Added model object 'searchTaskJsDate' of type [java.lang.String] to request in view with name 'banana/Bnn0089SearchTask'
05-23-2017 09:30:57.397,DEBUG,9EC12D13C75BCD76B3D5E04FD1891654,Forwarding to resource [/WEB-INF/views/banana/Bnn0089SearchTask.jsp] in InternalResourceView 'banana/Bnn0089SearchTask'
05-23-2017 09:30:57.399,DEBUG,9EC12D13C75BCD76B3D5E04FD1891654,Render request received for definition 'defaultTemplate'
05-23-2017 09:30:57.402,DEBUG,9EC12D13C75BCD76B3D5E04FD1891654,Successfully completed request
05-23-2017 09:30:57.402,DEBUG,9EC12D13C75BCD76B3D5E04FD1891654,Chain processed normally
05-23-2017 09:30:57.402,DEBUG,9EC12D13C75BCD76B3D5E04FD1891654,SecurityContextHolder now cleared, as request processing completed
05-23-2017 09:30:57.450,DEBUG,4CF9E95D78699AEB146ED1046CAB6B04,/0089/searchData at position 1 of 11 in additional filter chain; firing Filter: 'SecurityContextPersistenceFilter'
05-23-2017 09:30:57.451,DEBUG,4CF9E95D78699AEB146ED1046CAB6B04,Obtained a valid SecurityContext from SPRING_SECURITY_CONTEXT: 'org.springframework.security.core.context.SecurityContextImpl@c493f8ef: Authentication: org.springframework.security.authentication.UsernamePasswordAuthenticationToken@c493f8ef: Principal: vn.bananavietnam.ict.common.auth.MyUser@c4907816: Username: U0000000001; Password: [PROTECTED]; Enabled: true; AccountNonExpired: true; credentialsNonExpired: true; AccountNonLocked: true; Granted Authorities: 1; Credentials: [PROTECTED]; Authenticated: true; Details: org.springframework.security.web.authentication.WebAuthenticationDetails@fffc7f0c: RemoteIpAddress: 0:0:0:0:0:0:0:1; SessionId: 3EB9072B76EC518C7BAA9549B5F44C09; Granted Authorities: 1'
05-23-2017 09:30:57.451,DEBUG,4CF9E95D78699AEB146ED1046CAB6B04,/0089/searchData at position 2 of 11 in additional filter chain; firing Filter: 'WebAsyncManagerIntegrationFilter'
05-23-2017 09:30:57.451,DEBUG,4CF9E95D78699AEB146ED1046CAB6B04,/0089/searchData at position 3 of 11 in additional filter chain; firing Filter: 'LogoutFilter'
05-23-2017 09:30:57.451,DEBUG,4CF9E95D78699AEB146ED1046CAB6B04,/0089/searchData at position 4 of 11 in additional filter chain; firing Filter: 'UsernamePasswordAuthenticationFilter'
05-23-2017 09:30:57.451,DEBUG,4CF9E95D78699AEB146ED1046CAB6B04,/0089/searchData at position 5 of 11 in additional filter chain; firing Filter: 'BasicAuthenticationFilter'
05-23-2017 09:30:57.451,DEBUG,4CF9E95D78699AEB146ED1046CAB6B04,/0089/searchData at position 6 of 11 in additional filter chain; firing Filter: 'RequestCacheAwareFilter'
05-23-2017 09:30:57.451,DEBUG,4CF9E95D78699AEB146ED1046CAB6B04,/0089/searchData at position 7 of 11 in additional filter chain; firing Filter: 'SecurityContextHolderAwareRequestFilter'
05-23-2017 09:30:57.451,DEBUG,4CF9E95D78699AEB146ED1046CAB6B04,/0089/searchData at position 8 of 11 in additional filter chain; firing Filter: 'AnonymousAuthenticationFilter'
05-23-2017 09:30:57.451,DEBUG,4CF9E95D78699AEB146ED1046CAB6B04,SecurityContextHolder not populated with anonymous token, as it already contained: 'org.springframework.security.authentication.UsernamePasswordAuthenticationToken@c493f8ef: Principal: vn.bananavietnam.ict.common.auth.MyUser@c4907816: Username: U0000000001; Password: [PROTECTED]; Enabled: true; AccountNonExpired: true; credentialsNonExpired: true; AccountNonLocked: true; Granted Authorities: 1; Credentials: [PROTECTED]; Authenticated: true; Details: org.springframework.security.web.authentication.WebAuthenticationDetails@fffc7f0c: RemoteIpAddress: 0:0:0:0:0:0:0:1; SessionId: 3EB9072B76EC518C7BAA9549B5F44C09; Granted Authorities: 1'
05-23-2017 09:30:57.451,DEBUG,4CF9E95D78699AEB146ED1046CAB6B04,/0089/searchData at position 9 of 11 in additional filter chain; firing Filter: 'SessionManagementFilter'
05-23-2017 09:30:57.451,DEBUG,4CF9E95D78699AEB146ED1046CAB6B04,/0089/searchData at position 10 of 11 in additional filter chain; firing Filter: 'ExceptionTranslationFilter'
05-23-2017 09:30:57.451,DEBUG,4CF9E95D78699AEB146ED1046CAB6B04,/0089/searchData at position 11 of 11 in additional filter chain; firing Filter: 'FilterSecurityInterceptor'
05-23-2017 09:30:57.451,DEBUG,4CF9E95D78699AEB146ED1046CAB6B04,Checking match of request : '/0089/searchdata'; against '/autherror*'
05-23-2017 09:30:57.451,DEBUG,4CF9E95D78699AEB146ED1046CAB6B04,Checking match of request : '/0089/searchdata'; against '/login/**'
05-23-2017 09:30:57.451,DEBUG,4CF9E95D78699AEB146ED1046CAB6B04,Checking match of request : '/0089/searchdata'; against '/error/**'
05-23-2017 09:30:57.451,DEBUG,4CF9E95D78699AEB146ED1046CAB6B04,Checking match of request : '/0089/searchdata'; against '/0001/**'
05-23-2017 09:30:57.451,DEBUG,4CF9E95D78699AEB146ED1046CAB6B04,Checking match of request : '/0089/searchdata'; against '/0002/**'
05-23-2017 09:30:57.451,DEBUG,4CF9E95D78699AEB146ED1046CAB6B04,Checking match of request : '/0089/searchdata'; against '/0003/**'
05-23-2017 09:30:57.451,DEBUG,4CF9E95D78699AEB146ED1046CAB6B04,Checking match of request : '/0089/searchdata'; against '/0005/**'
05-23-2017 09:30:57.451,DEBUG,4CF9E95D78699AEB146ED1046CAB6B04,Checking match of request : '/0089/searchdata'; against '/0007/**'
05-23-2017 09:30:57.451,DEBUG,4CF9E95D78699AEB146ED1046CAB6B04,Checking match of request : '/0089/searchdata'; against '/0009/**'
05-23-2017 09:30:57.451,DEBUG,4CF9E95D78699AEB146ED1046CAB6B04,Checking match of request : '/0089/searchdata'; against '/0013/**'
05-23-2017 09:30:57.451,DEBUG,4CF9E95D78699AEB146ED1046CAB6B04,Checking match of request : '/0089/searchdata'; against '/0023/**'
05-23-2017 09:30:57.451,DEBUG,4CF9E95D78699AEB146ED1046CAB6B04,Checking match of request : '/0089/searchdata'; against '/0017/**'
05-23-2017 09:30:57.451,DEBUG,4CF9E95D78699AEB146ED1046CAB6B04,Checking match of request : '/0089/searchdata'; against '/0031/**'
05-23-2017 09:30:57.452,DEBUG,4CF9E95D78699AEB146ED1046CAB6B04,Checking match of request : '/0089/searchdata'; against '/0035/**'
05-23-2017 09:30:57.452,DEBUG,4CF9E95D78699AEB146ED1046CAB6B04,Checking match of request : '/0089/searchdata'; against '/0037/**'
05-23-2017 09:30:57.452,DEBUG,4CF9E95D78699AEB146ED1046CAB6B04,Checking match of request : '/0089/searchdata'; against '/0045/**'
05-23-2017 09:30:57.452,DEBUG,4CF9E95D78699AEB146ED1046CAB6B04,Checking match of request : '/0089/searchdata'; against '/0047/**'
05-23-2017 09:30:57.452,DEBUG,4CF9E95D78699AEB146ED1046CAB6B04,Checking match of request : '/0089/searchdata'; against '/0049/**'
05-23-2017 09:30:57.452,DEBUG,4CF9E95D78699AEB146ED1046CAB6B04,Checking match of request : '/0089/searchdata'; against '/0061/**'
05-23-2017 09:30:57.452,DEBUG,4CF9E95D78699AEB146ED1046CAB6B04,Checking match of request : '/0089/searchdata'; against '/0087/**'
05-23-2017 09:30:57.452,DEBUG,4CF9E95D78699AEB146ED1046CAB6B04,Checking match of request : '/0089/searchdata'; against '/0075/**'
05-23-2017 09:30:57.452,DEBUG,4CF9E95D78699AEB146ED1046CAB6B04,Checking match of request : '/0089/searchdata'; against '/0089/**'
05-23-2017 09:30:57.452,DEBUG,4CF9E95D78699AEB146ED1046CAB6B04,Secure object: FilterInvocation: URL: /0089/searchData; Attributes: [ROLE_ADMIN, ROLE_USER, IS_AUTHENTICATED_FULLY]
05-23-2017 09:30:57.452,DEBUG,4CF9E95D78699AEB146ED1046CAB6B04,Previously Authenticated: org.springframework.security.authentication.UsernamePasswordAuthenticationToken@c493f8ef: Principal: vn.bananavietnam.ict.common.auth.MyUser@c4907816: Username: U0000000001; Password: [PROTECTED]; Enabled: true; AccountNonExpired: true; credentialsNonExpired: true; AccountNonLocked: true; Granted Authorities: 1; Credentials: [PROTECTED]; Authenticated: true; Details: org.springframework.security.web.authentication.WebAuthenticationDetails@fffc7f0c: RemoteIpAddress: 0:0:0:0:0:0:0:1; SessionId: 3EB9072B76EC518C7BAA9549B5F44C09; Granted Authorities: 1
05-23-2017 09:30:57.452,DEBUG,4CF9E95D78699AEB146ED1046CAB6B04,Voter: org.springframework.security.access.vote.RoleVoter@1ac872d, returned: -1
05-23-2017 09:30:57.452,DEBUG,4CF9E95D78699AEB146ED1046CAB6B04,Voter: org.springframework.security.access.vote.AuthenticatedVoter@b1927d, returned: 1
05-23-2017 09:30:57.452,DEBUG,4CF9E95D78699AEB146ED1046CAB6B04,Authorization successful
05-23-2017 09:30:57.452,DEBUG,4CF9E95D78699AEB146ED1046CAB6B04,RunAsManager did not change Authentication object
05-23-2017 09:30:57.452,DEBUG,4CF9E95D78699AEB146ED1046CAB6B04,/0089/searchData reached end of additional filter chain; proceeding with original chain
05-23-2017 09:30:57.452,DEBUG,4CF9E95D78699AEB146ED1046CAB6B04,Request [/ict/0089/searchData] is not a multipart request
05-23-2017 09:30:57.452,DEBUG,9EC12D13C75BCD76B3D5E04FD1891654,DispatcherServlet with name 'appServlet' processing POST request for [/ict/0089/searchData]
05-23-2017 09:30:57.452,DEBUG,9EC12D13C75BCD76B3D5E04FD1891654,Looking up handler method for path /0089/searchData
05-23-2017 09:30:57.452,DEBUG,9EC12D13C75BCD76B3D5E04FD1891654,Returning handler method [public java.util.List<vn.bananavietnam.ict.banana.component.Bnn0089SearchTaskResult> vn.bananavietnam.ict.banana.controller.Bnn0089SearchTaskController.searchData(vn.bananavietnam.ict.banana.component.Bnn0089SearchTaskConditions)]
05-23-2017 09:30:57.453,DEBUG,9EC12D13C75BCD76B3D5E04FD1891654,Returning cached instance of singleton bean 'bnn0089SearchTaskController'
05-23-2017 09:30:57.453,DEBUG,9EC12D13C75BCD76B3D5E04FD1891654,Returning cached instance of singleton bean 'xml_path'
05-23-2017 09:30:57.453,DEBUG,9EC12D13C75BCD76B3D5E04FD1891654,Skip CORS processing: request is from same origin
05-23-2017 09:30:57.454,DEBUG,9EC12D13C75BCD76B3D5E04FD1891654,Read [class vn.bananavietnam.ict.banana.component.Bnn0089SearchTaskConditions] as "application/json" with [org.springframework.http.converter.json.MappingJackson2HttpMessageConverter@156f2cc]
05-23-2017 09:30:57.454,INFO ,9EC12D13C75BCD76B3D5E04FD1891654,U0000000001,vn.bananavietnam.ict.banana.service.Bnn0089SearchTaskService,searchData,[vn.bananavietnam.ict.banana.component.Bnn0089SearchTaskConditions@1bad77a] METHOD START
05-23-2017 09:30:57.454,DEBUG,9EC12D13C75BCD76B3D5E04FD1891654,Returning cached instance of singleton bean 'transactionManager'
05-23-2017 09:30:57.454,INFO ,9EC12D13C75BCD76B3D5E04FD1891654,U0000000001,Task searching started
05-23-2017 09:30:57.454,DEBUG,9EC12D13C75BCD76B3D5E04FD1891654,Creating a new SqlSession
05-23-2017 09:30:57.454,DEBUG,9EC12D13C75BCD76B3D5E04FD1891654,Registering transaction synchronization for SqlSession [org.apache.ibatis.session.defaults.DefaultSqlSession@1212258]
05-23-2017 09:30:57.454,DEBUG,9EC12D13C75BCD76B3D5E04FD1891654,Fetching JDBC Connection from DataSource
05-23-2017 09:30:57.454,DEBUG,9EC12D13C75BCD76B3D5E04FD1891654,Creating new JDBC DriverManager Connection to [jdbc:mysql://172.16.0.175:3306/BANANA_DB_HUNG_SELENIUM?useUnicode=yes&characterEncoding=UTF-8&autoReconnect=true]
05-23-2017 09:30:57.477,DEBUG,9EC12D13C75BCD76B3D5E04FD1891654,Registering transaction synchronization for JDBC Connection
05-23-2017 09:30:57.477,DEBUG,9EC12D13C75BCD76B3D5E04FD1891654,JDBC Connection [com.mysql.jdbc.JDBC4Connection@18a4d64] will be managed by Spring
05-23-2017 09:30:57.477,DEBUG,9EC12D13C75BCD76B3D5E04FD1891654,==>  Preparing: SELECT T.TASK_ID taskId, T.TASK_NAME taskName, T.WORKING_DETAILS workingDetails, T.NOTE note, T.QUARANTINE_HANDLING_FLAG quarantineHandlingFlag, T.DELETE_FLAG deleteFlag, T.CHANGE_POINT_CODE changePointCode, T.LAST_UPDATE_DATE lastUpdateDate FROM IVB_M_TASK T WHERE 1 = 1 AND T.DELETE_FLAG = '0' ORDER BY T.TASK_NAME LIMIT ?,? 
05-23-2017 09:30:57.477,DEBUG,9EC12D13C75BCD76B3D5E04FD1891654,==> Parameters: 0(Integer), 20(Integer)
05-23-2017 09:30:57.480,DEBUG,9EC12D13C75BCD76B3D5E04FD1891654,<==      Total: 20
05-23-2017 09:30:57.481,DEBUG,9EC12D13C75BCD76B3D5E04FD1891654,Releasing transactional SqlSession [org.apache.ibatis.session.defaults.DefaultSqlSession@1212258]
05-23-2017 09:30:57.481,INFO ,9EC12D13C75BCD76B3D5E04FD1891654,U0000000001,SQL execution finished
05-23-2017 09:30:57.481,DEBUG,9EC12D13C75BCD76B3D5E04FD1891654,Fetched SqlSession [org.apache.ibatis.session.defaults.DefaultSqlSession@1212258] from current transaction
05-23-2017 09:30:57.481,DEBUG,9EC12D13C75BCD76B3D5E04FD1891654,==>  Preparing: SELECT COUNT(*) FROM IVB_M_TASK T WHERE 1 = 1 AND T.DELETE_FLAG = '0' ORDER BY T.TASK_ID 
05-23-2017 09:30:57.481,DEBUG,9EC12D13C75BCD76B3D5E04FD1891654,==> Parameters: 
05-23-2017 09:30:57.482,DEBUG,9EC12D13C75BCD76B3D5E04FD1891654,<==      Total: 1
05-23-2017 09:30:57.483,DEBUG,9EC12D13C75BCD76B3D5E04FD1891654,Releasing transactional SqlSession [org.apache.ibatis.session.defaults.DefaultSqlSession@1212258]
05-23-2017 09:30:57.483,INFO ,9EC12D13C75BCD76B3D5E04FD1891654,U0000000001,Task searching finished ==> 43 item(s)
05-23-2017 09:30:57.483,DEBUG,9EC12D13C75BCD76B3D5E04FD1891654,Transaction synchronization deregistering SqlSession [org.apache.ibatis.session.defaults.DefaultSqlSession@1212258]
05-23-2017 09:30:57.483,DEBUG,9EC12D13C75BCD76B3D5E04FD1891654,Transaction synchronization closing SqlSession [org.apache.ibatis.session.defaults.DefaultSqlSession@1212258]
05-23-2017 09:30:57.484,DEBUG,9EC12D13C75BCD76B3D5E04FD1891654,Returning JDBC Connection to DataSource
05-23-2017 09:30:57.484,INFO ,9EC12D13C75BCD76B3D5E04FD1891654,U0000000001,vn.bananavietnam.ict.banana.service.Bnn0089SearchTaskService,searchData,[vn.bananavietnam.ict.banana.component.Bnn0089SearchTaskConditions@1bad77a] METHOD END
05-23-2017 09:30:57.486,DEBUG,9EC12D13C75BCD76B3D5E04FD1891654,Written [[vn.bananavietnam.ict.banana.component.Bnn0089SearchTaskResult@4c5486, vn.bananavietnam.ict.banana.component.Bnn0089SearchTaskResult@1e05de9, vn.bananavietnam.ict.banana.component.Bnn0089SearchTaskResult@d54fc2, vn.bananavietnam.ict.banana.component.Bnn0089SearchTaskResult@18f4c, vn.bananavietnam.ict.banana.component.Bnn0089SearchTaskResult@211d6e, vn.bananavietnam.ict.banana.component.Bnn0089SearchTaskResult@12d0056, vn.bananavietnam.ict.banana.component.Bnn0089SearchTaskResult@15af36e, vn.bananavietnam.ict.banana.component.Bnn0089SearchTaskResult@1db7be6, vn.bananavietnam.ict.banana.component.Bnn0089SearchTaskResult@127df9e, vn.bananavietnam.ict.banana.component.Bnn0089SearchTaskResult@5d45dc, vn.bananavietnam.ict.banana.component.Bnn0089SearchTaskResult@aa083a, vn.bananavietnam.ict.banana.component.Bnn0089SearchTaskResult@6e4e42, vn.bananavietnam.ict.banana.component.Bnn0089SearchTaskResult@1a6ab3e, vn.bananavietnam.ict.banana.component.Bnn0089SearchTaskResult@1476ef3, vn.bananavietnam.ict.banana.component.Bnn0089SearchTaskResult@1b25cf9, vn.bananavietnam.ict.banana.component.Bnn0089SearchTaskResult@1521cd3, vn.bananavietnam.ict.banana.component.Bnn0089SearchTaskResult@105a51c, vn.bananavietnam.ict.banana.component.Bnn0089SearchTaskResult@1016bb9, vn.bananavietnam.ict.banana.component.Bnn0089SearchTaskResult@d7a4f4, vn.bananavietnam.ict.banana.component.Bnn0089SearchTaskResult@11e8af9]] as "application/json;charset=UTF-8" using [org.springframework.http.converter.json.MappingJackson2HttpMessageConverter@156f2cc]
05-23-2017 09:30:57.486,DEBUG,9EC12D13C75BCD76B3D5E04FD1891654,Null ModelAndView returned to DispatcherServlet with name 'appServlet': assuming HandlerAdapter completed request handling
05-23-2017 09:30:57.486,DEBUG,9EC12D13C75BCD76B3D5E04FD1891654,Successfully completed request
05-23-2017 09:30:57.486,DEBUG,9EC12D13C75BCD76B3D5E04FD1891654,Chain processed normally
05-23-2017 09:30:57.486,DEBUG,9EC12D13C75BCD76B3D5E04FD1891654,SecurityContextHolder now cleared, as request processing completed
