05-23-2017 10:18:14.629,DEBUG,97B25CD7F4D1FB4EA257E562EE858AAB,/0089/searchData at position 1 of 11 in additional filter chain; firing Filter: 'SecurityContextPersistenceFilter'
05-23-2017 10:18:14.629,DEBUG,97B25CD7F4D1FB4EA257E562EE858AAB,Obtained a valid SecurityContext from SPRING_SECURITY_CONTEXT: 'org.springframework.security.core.context.SecurityContextImpl@c493f8ef: Authentication: org.springframework.security.authentication.UsernamePasswordAuthenticationToken@c493f8ef: Principal: vn.bananavietnam.ict.common.auth.MyUser@c4907816: Username: U0000000001; Password: [PROTECTED]; Enabled: true; AccountNonExpired: true; credentialsNonExpired: true; AccountNonLocked: true; Granted Authorities: 1; Credentials: [PROTECTED]; Authenticated: true; Details: org.springframework.security.web.authentication.WebAuthenticationDetails@fffc7f0c: RemoteIpAddress: 0:0:0:0:0:0:0:1; SessionId: B2A5E4F020F6FF3C302506304FDBEE6F; Granted Authorities: 1'
05-23-2017 10:18:14.629,DEBUG,97B25CD7F4D1FB4EA257E562EE858AAB,/0089/searchData at position 2 of 11 in additional filter chain; firing Filter: 'WebAsyncManagerIntegrationFilter'
05-23-2017 10:18:14.629,DEBUG,97B25CD7F4D1FB4EA257E562EE858AAB,/0089/searchData at position 3 of 11 in additional filter chain; firing Filter: 'LogoutFilter'
05-23-2017 10:18:14.629,DEBUG,97B25CD7F4D1FB4EA257E562EE858AAB,/0089/searchData at position 4 of 11 in additional filter chain; firing Filter: 'UsernamePasswordAuthenticationFilter'
05-23-2017 10:18:14.629,DEBUG,97B25CD7F4D1FB4EA257E562EE858AAB,/0089/searchData at position 5 of 11 in additional filter chain; firing Filter: 'BasicAuthenticationFilter'
05-23-2017 10:18:14.629,DEBUG,97B25CD7F4D1FB4EA257E562EE858AAB,/0089/searchData at position 6 of 11 in additional filter chain; firing Filter: 'RequestCacheAwareFilter'
05-23-2017 10:18:14.630,DEBUG,97B25CD7F4D1FB4EA257E562EE858AAB,/0089/searchData at position 7 of 11 in additional filter chain; firing Filter: 'SecurityContextHolderAwareRequestFilter'
05-23-2017 10:18:14.630,DEBUG,97B25CD7F4D1FB4EA257E562EE858AAB,/0089/searchData at position 8 of 11 in additional filter chain; firing Filter: 'AnonymousAuthenticationFilter'
05-23-2017 10:18:14.630,DEBUG,97B25CD7F4D1FB4EA257E562EE858AAB,SecurityContextHolder not populated with anonymous token, as it already contained: 'org.springframework.security.authentication.UsernamePasswordAuthenticationToken@c493f8ef: Principal: vn.bananavietnam.ict.common.auth.MyUser@c4907816: Username: U0000000001; Password: [PROTECTED]; Enabled: true; AccountNonExpired: true; credentialsNonExpired: true; AccountNonLocked: true; Granted Authorities: 1; Credentials: [PROTECTED]; Authenticated: true; Details: org.springframework.security.web.authentication.WebAuthenticationDetails@fffc7f0c: RemoteIpAddress: 0:0:0:0:0:0:0:1; SessionId: B2A5E4F020F6FF3C302506304FDBEE6F; Granted Authorities: 1'
05-23-2017 10:18:14.630,DEBUG,97B25CD7F4D1FB4EA257E562EE858AAB,/0089/searchData at position 9 of 11 in additional filter chain; firing Filter: 'SessionManagementFilter'
05-23-2017 10:18:14.630,DEBUG,97B25CD7F4D1FB4EA257E562EE858AAB,/0089/searchData at position 10 of 11 in additional filter chain; firing Filter: 'ExceptionTranslationFilter'
05-23-2017 10:18:14.630,DEBUG,97B25CD7F4D1FB4EA257E562EE858AAB,/0089/searchData at position 11 of 11 in additional filter chain; firing Filter: 'FilterSecurityInterceptor'
05-23-2017 10:18:14.630,DEBUG,97B25CD7F4D1FB4EA257E562EE858AAB,Checking match of request : '/0089/searchdata'; against '/autherror*'
05-23-2017 10:18:14.630,DEBUG,97B25CD7F4D1FB4EA257E562EE858AAB,Checking match of request : '/0089/searchdata'; against '/login/**'
05-23-2017 10:18:14.630,DEBUG,97B25CD7F4D1FB4EA257E562EE858AAB,Checking match of request : '/0089/searchdata'; against '/error/**'
05-23-2017 10:18:14.630,DEBUG,97B25CD7F4D1FB4EA257E562EE858AAB,Checking match of request : '/0089/searchdata'; against '/0001/**'
05-23-2017 10:18:14.630,DEBUG,97B25CD7F4D1FB4EA257E562EE858AAB,Checking match of request : '/0089/searchdata'; against '/0002/**'
05-23-2017 10:18:14.630,DEBUG,97B25CD7F4D1FB4EA257E562EE858AAB,Checking match of request : '/0089/searchdata'; against '/0003/**'
05-23-2017 10:18:14.630,DEBUG,97B25CD7F4D1FB4EA257E562EE858AAB,Checking match of request : '/0089/searchdata'; against '/0005/**'
05-23-2017 10:18:14.630,DEBUG,97B25CD7F4D1FB4EA257E562EE858AAB,Checking match of request : '/0089/searchdata'; against '/0007/**'
05-23-2017 10:18:14.630,DEBUG,97B25CD7F4D1FB4EA257E562EE858AAB,Checking match of request : '/0089/searchdata'; against '/0009/**'
05-23-2017 10:18:14.630,DEBUG,97B25CD7F4D1FB4EA257E562EE858AAB,Checking match of request : '/0089/searchdata'; against '/0013/**'
05-23-2017 10:18:14.630,DEBUG,97B25CD7F4D1FB4EA257E562EE858AAB,Checking match of request : '/0089/searchdata'; against '/0023/**'
05-23-2017 10:18:14.630,DEBUG,97B25CD7F4D1FB4EA257E562EE858AAB,Checking match of request : '/0089/searchdata'; against '/0017/**'
05-23-2017 10:18:14.630,DEBUG,97B25CD7F4D1FB4EA257E562EE858AAB,Checking match of request : '/0089/searchdata'; against '/0031/**'
05-23-2017 10:18:14.630,DEBUG,97B25CD7F4D1FB4EA257E562EE858AAB,Checking match of request : '/0089/searchdata'; against '/0035/**'
05-23-2017 10:18:14.630,DEBUG,97B25CD7F4D1FB4EA257E562EE858AAB,Checking match of request : '/0089/searchdata'; against '/0037/**'
05-23-2017 10:18:14.630,DEBUG,97B25CD7F4D1FB4EA257E562EE858AAB,Checking match of request : '/0089/searchdata'; against '/0045/**'
05-23-2017 10:18:14.630,DEBUG,97B25CD7F4D1FB4EA257E562EE858AAB,Checking match of request : '/0089/searchdata'; against '/0047/**'
05-23-2017 10:18:14.630,DEBUG,97B25CD7F4D1FB4EA257E562EE858AAB,Checking match of request : '/0089/searchdata'; against '/0049/**'
05-23-2017 10:18:14.630,DEBUG,97B25CD7F4D1FB4EA257E562EE858AAB,Checking match of request : '/0089/searchdata'; against '/0061/**'
05-23-2017 10:18:14.630,DEBUG,97B25CD7F4D1FB4EA257E562EE858AAB,Checking match of request : '/0089/searchdata'; against '/0087/**'
05-23-2017 10:18:14.630,DEBUG,97B25CD7F4D1FB4EA257E562EE858AAB,Checking match of request : '/0089/searchdata'; against '/0075/**'
05-23-2017 10:18:14.630,DEBUG,97B25CD7F4D1FB4EA257E562EE858AAB,Checking match of request : '/0089/searchdata'; against '/0089/**'
05-23-2017 10:18:14.630,DEBUG,97B25CD7F4D1FB4EA257E562EE858AAB,Secure object: FilterInvocation: URL: /0089/searchData; Attributes: [ROLE_ADMIN, ROLE_USER, IS_AUTHENTICATED_FULLY]
05-23-2017 10:18:14.630,DEBUG,97B25CD7F4D1FB4EA257E562EE858AAB,Previously Authenticated: org.springframework.security.authentication.UsernamePasswordAuthenticationToken@c493f8ef: Principal: vn.bananavietnam.ict.common.auth.MyUser@c4907816: Username: U0000000001; Password: [PROTECTED]; Enabled: true; AccountNonExpired: true; credentialsNonExpired: true; AccountNonLocked: true; Granted Authorities: 1; Credentials: [PROTECTED]; Authenticated: true; Details: org.springframework.security.web.authentication.WebAuthenticationDetails@fffc7f0c: RemoteIpAddress: 0:0:0:0:0:0:0:1; SessionId: B2A5E4F020F6FF3C302506304FDBEE6F; Granted Authorities: 1
05-23-2017 10:18:14.630,DEBUG,97B25CD7F4D1FB4EA257E562EE858AAB,Voter: org.springframework.security.access.vote.RoleVoter@1ac872d, returned: -1
05-23-2017 10:18:14.630,DEBUG,97B25CD7F4D1FB4EA257E562EE858AAB,Voter: org.springframework.security.access.vote.AuthenticatedVoter@b1927d, returned: 1
05-23-2017 10:18:14.630,DEBUG,97B25CD7F4D1FB4EA257E562EE858AAB,Authorization successful
05-23-2017 10:18:14.630,DEBUG,97B25CD7F4D1FB4EA257E562EE858AAB,RunAsManager did not change Authentication object
05-23-2017 10:18:14.630,DEBUG,97B25CD7F4D1FB4EA257E562EE858AAB,/0089/searchData reached end of additional filter chain; proceeding with original chain
05-23-2017 10:18:14.630,DEBUG,97B25CD7F4D1FB4EA257E562EE858AAB,Request [/ict/0089/searchData] is not a multipart request
05-23-2017 10:18:14.630,DEBUG,DF53067372D39DD8E780F3021998DA1C,DispatcherServlet with name 'appServlet' processing POST request for [/ict/0089/searchData]
05-23-2017 10:18:14.630,DEBUG,DF53067372D39DD8E780F3021998DA1C,Looking up handler method for path /0089/searchData
05-23-2017 10:18:14.630,DEBUG,DF53067372D39DD8E780F3021998DA1C,Returning handler method [public java.util.List<vn.bananavietnam.ict.banana.component.Bnn0089SearchTaskResult> vn.bananavietnam.ict.banana.controller.Bnn0089SearchTaskController.searchData(vn.bananavietnam.ict.banana.component.Bnn0089SearchTaskConditions)]
05-23-2017 10:18:14.631,DEBUG,DF53067372D39DD8E780F3021998DA1C,Returning cached instance of singleton bean 'bnn0089SearchTaskController'
05-23-2017 10:18:14.631,DEBUG,DF53067372D39DD8E780F3021998DA1C,Returning cached instance of singleton bean 'xml_path'
05-23-2017 10:18:14.631,DEBUG,DF53067372D39DD8E780F3021998DA1C,Skip CORS processing: request is from same origin
05-23-2017 10:18:14.631,DEBUG,DF53067372D39DD8E780F3021998DA1C,Read [class vn.bananavietnam.ict.banana.component.Bnn0089SearchTaskConditions] as "application/json" with [org.springframework.http.converter.json.MappingJackson2HttpMessageConverter@156f2cc]
05-23-2017 10:18:14.631,INFO ,DF53067372D39DD8E780F3021998DA1C,U0000000001,vn.bananavietnam.ict.banana.service.Bnn0089SearchTaskService,searchData,[vn.bananavietnam.ict.banana.component.Bnn0089SearchTaskConditions@1feac22] METHOD START
05-23-2017 10:18:14.631,DEBUG,DF53067372D39DD8E780F3021998DA1C,Returning cached instance of singleton bean 'transactionManager'
05-23-2017 10:18:14.631,INFO ,DF53067372D39DD8E780F3021998DA1C,U0000000001,Task searching started
05-23-2017 10:18:14.632,DEBUG,DF53067372D39DD8E780F3021998DA1C,Creating a new SqlSession
05-23-2017 10:18:14.632,DEBUG,DF53067372D39DD8E780F3021998DA1C,Registering transaction synchronization for SqlSession [org.apache.ibatis.session.defaults.DefaultSqlSession@153c01e]
05-23-2017 10:18:14.632,DEBUG,DF53067372D39DD8E780F3021998DA1C,Fetching JDBC Connection from DataSource
05-23-2017 10:18:14.632,DEBUG,DF53067372D39DD8E780F3021998DA1C,Creating new JDBC DriverManager Connection to [jdbc:mysql://172.16.0.175:3306/BANANA_DB_HUNG_SELENIUM?useUnicode=yes&characterEncoding=UTF-8&autoReconnect=true]
05-23-2017 10:18:18.638,DEBUG,DF53067372D39DD8E780F3021998DA1C,Releasing transactional SqlSession [org.apache.ibatis.session.defaults.DefaultSqlSession@153c01e]
05-23-2017 10:18:18.640,ERROR,DF53067372D39DD8E780F3021998DA1C,U0000000001,java.lang.Exception: nested exception is org.apache.ibatis.exceptions.PersistenceException: 
05-23-2017 10:18:18.641,DEBUG,DF53067372D39DD8E780F3021998DA1C,Transaction synchronization deregistering SqlSession [org.apache.ibatis.session.defaults.DefaultSqlSession@153c01e]
05-23-2017 10:18:18.641,DEBUG,DF53067372D39DD8E780F3021998DA1C,Transaction synchronization closing SqlSession [org.apache.ibatis.session.defaults.DefaultSqlSession@153c01e]
05-23-2017 10:18:18.641,DEBUG,DF53067372D39DD8E780F3021998DA1C,Should roll back transaction but cannot - no transaction available
05-23-2017 10:18:18.641,INFO ,DF53067372D39DD8E780F3021998DA1C,U0000000001,vn.bananavietnam.ict.banana.service.Bnn0089SearchTaskService,searchData,[vn.bananavietnam.ict.banana.component.Bnn0089SearchTaskConditions@1feac22] METHOD END
05-23-2017 10:18:18.641,DEBUG,DF53067372D39DD8E780F3021998DA1C,Null ModelAndView returned to DispatcherServlet with name 'appServlet': assuming HandlerAdapter completed request handling
05-23-2017 10:18:18.641,DEBUG,DF53067372D39DD8E780F3021998DA1C,Successfully completed request
05-23-2017 10:18:18.641,DEBUG,DF53067372D39DD8E780F3021998DA1C,Chain processed normally
05-23-2017 10:18:18.641,DEBUG,DF53067372D39DD8E780F3021998DA1C,SecurityContextHolder now cleared, as request processing completed
05-23-2017 10:18:32.901,DEBUG,DF53067372D39DD8E780F3021998DA1C,/0089/searchData at position 1 of 11 in additional filter chain; firing Filter: 'SecurityContextPersistenceFilter'
05-23-2017 10:18:32.901,DEBUG,DF53067372D39DD8E780F3021998DA1C,Obtained a valid SecurityContext from SPRING_SECURITY_CONTEXT: 'org.springframework.security.core.context.SecurityContextImpl@c493f8ef: Authentication: org.springframework.security.authentication.UsernamePasswordAuthenticationToken@c493f8ef: Principal: vn.bananavietnam.ict.common.auth.MyUser@c4907816: Username: U0000000001; Password: [PROTECTED]; Enabled: true; AccountNonExpired: true; credentialsNonExpired: true; AccountNonLocked: true; Granted Authorities: 1; Credentials: [PROTECTED]; Authenticated: true; Details: org.springframework.security.web.authentication.WebAuthenticationDetails@fffc7f0c: RemoteIpAddress: 0:0:0:0:0:0:0:1; SessionId: B2A5E4F020F6FF3C302506304FDBEE6F; Granted Authorities: 1'
05-23-2017 10:18:32.901,DEBUG,DF53067372D39DD8E780F3021998DA1C,/0089/searchData at position 2 of 11 in additional filter chain; firing Filter: 'WebAsyncManagerIntegrationFilter'
05-23-2017 10:18:32.901,DEBUG,DF53067372D39DD8E780F3021998DA1C,/0089/searchData at position 3 of 11 in additional filter chain; firing Filter: 'LogoutFilter'
05-23-2017 10:18:32.902,DEBUG,DF53067372D39DD8E780F3021998DA1C,/0089/searchData at position 4 of 11 in additional filter chain; firing Filter: 'UsernamePasswordAuthenticationFilter'
05-23-2017 10:18:32.902,DEBUG,DF53067372D39DD8E780F3021998DA1C,/0089/searchData at position 5 of 11 in additional filter chain; firing Filter: 'BasicAuthenticationFilter'
05-23-2017 10:18:32.902,DEBUG,DF53067372D39DD8E780F3021998DA1C,/0089/searchData at position 6 of 11 in additional filter chain; firing Filter: 'RequestCacheAwareFilter'
05-23-2017 10:18:32.902,DEBUG,DF53067372D39DD8E780F3021998DA1C,/0089/searchData at position 7 of 11 in additional filter chain; firing Filter: 'SecurityContextHolderAwareRequestFilter'
05-23-2017 10:18:32.903,DEBUG,DF53067372D39DD8E780F3021998DA1C,/0089/searchData at position 8 of 11 in additional filter chain; firing Filter: 'AnonymousAuthenticationFilter'
05-23-2017 10:18:32.903,DEBUG,DF53067372D39DD8E780F3021998DA1C,SecurityContextHolder not populated with anonymous token, as it already contained: 'org.springframework.security.authentication.UsernamePasswordAuthenticationToken@c493f8ef: Principal: vn.bananavietnam.ict.common.auth.MyUser@c4907816: Username: U0000000001; Password: [PROTECTED]; Enabled: true; AccountNonExpired: true; credentialsNonExpired: true; AccountNonLocked: true; Granted Authorities: 1; Credentials: [PROTECTED]; Authenticated: true; Details: org.springframework.security.web.authentication.WebAuthenticationDetails@fffc7f0c: RemoteIpAddress: 0:0:0:0:0:0:0:1; SessionId: B2A5E4F020F6FF3C302506304FDBEE6F; Granted Authorities: 1'
05-23-2017 10:18:32.903,DEBUG,DF53067372D39DD8E780F3021998DA1C,/0089/searchData at position 9 of 11 in additional filter chain; firing Filter: 'SessionManagementFilter'
05-23-2017 10:18:32.903,DEBUG,DF53067372D39DD8E780F3021998DA1C,/0089/searchData at position 10 of 11 in additional filter chain; firing Filter: 'ExceptionTranslationFilter'
05-23-2017 10:18:32.903,DEBUG,DF53067372D39DD8E780F3021998DA1C,/0089/searchData at position 11 of 11 in additional filter chain; firing Filter: 'FilterSecurityInterceptor'
05-23-2017 10:18:32.903,DEBUG,DF53067372D39DD8E780F3021998DA1C,Checking match of request : '/0089/searchdata'; against '/autherror*'
05-23-2017 10:18:32.903,DEBUG,DF53067372D39DD8E780F3021998DA1C,Checking match of request : '/0089/searchdata'; against '/login/**'
05-23-2017 10:18:32.903,DEBUG,DF53067372D39DD8E780F3021998DA1C,Checking match of request : '/0089/searchdata'; against '/error/**'
05-23-2017 10:18:32.903,DEBUG,DF53067372D39DD8E780F3021998DA1C,Checking match of request : '/0089/searchdata'; against '/0001/**'
05-23-2017 10:18:32.903,DEBUG,DF53067372D39DD8E780F3021998DA1C,Checking match of request : '/0089/searchdata'; against '/0002/**'
05-23-2017 10:18:32.904,DEBUG,DF53067372D39DD8E780F3021998DA1C,Checking match of request : '/0089/searchdata'; against '/0003/**'
05-23-2017 10:18:32.904,DEBUG,DF53067372D39DD8E780F3021998DA1C,Checking match of request : '/0089/searchdata'; against '/0005/**'
05-23-2017 10:18:32.904,DEBUG,DF53067372D39DD8E780F3021998DA1C,Checking match of request : '/0089/searchdata'; against '/0007/**'
05-23-2017 10:18:32.904,DEBUG,DF53067372D39DD8E780F3021998DA1C,Checking match of request : '/0089/searchdata'; against '/0009/**'
05-23-2017 10:18:32.904,DEBUG,DF53067372D39DD8E780F3021998DA1C,Checking match of request : '/0089/searchdata'; against '/0013/**'
05-23-2017 10:18:32.904,DEBUG,DF53067372D39DD8E780F3021998DA1C,Checking match of request : '/0089/searchdata'; against '/0023/**'
05-23-2017 10:18:32.904,DEBUG,DF53067372D39DD8E780F3021998DA1C,Checking match of request : '/0089/searchdata'; against '/0017/**'
05-23-2017 10:18:32.904,DEBUG,DF53067372D39DD8E780F3021998DA1C,Checking match of request : '/0089/searchdata'; against '/0031/**'
05-23-2017 10:18:32.904,DEBUG,DF53067372D39DD8E780F3021998DA1C,Checking match of request : '/0089/searchdata'; against '/0035/**'
05-23-2017 10:18:32.904,DEBUG,DF53067372D39DD8E780F3021998DA1C,Checking match of request : '/0089/searchdata'; against '/0037/**'
05-23-2017 10:18:32.904,DEBUG,DF53067372D39DD8E780F3021998DA1C,Checking match of request : '/0089/searchdata'; against '/0045/**'
05-23-2017 10:18:32.905,DEBUG,DF53067372D39DD8E780F3021998DA1C,Checking match of request : '/0089/searchdata'; against '/0047/**'
05-23-2017 10:18:32.905,DEBUG,DF53067372D39DD8E780F3021998DA1C,Checking match of request : '/0089/searchdata'; against '/0049/**'
05-23-2017 10:18:32.905,DEBUG,DF53067372D39DD8E780F3021998DA1C,Checking match of request : '/0089/searchdata'; against '/0061/**'
05-23-2017 10:18:32.905,DEBUG,DF53067372D39DD8E780F3021998DA1C,Checking match of request : '/0089/searchdata'; against '/0087/**'
05-23-2017 10:18:32.905,DEBUG,DF53067372D39DD8E780F3021998DA1C,Checking match of request : '/0089/searchdata'; against '/0075/**'
05-23-2017 10:18:32.905,DEBUG,DF53067372D39DD8E780F3021998DA1C,Checking match of request : '/0089/searchdata'; against '/0089/**'
05-23-2017 10:18:32.905,DEBUG,DF53067372D39DD8E780F3021998DA1C,Secure object: FilterInvocation: URL: /0089/searchData; Attributes: [ROLE_ADMIN, ROLE_USER, IS_AUTHENTICATED_FULLY]
05-23-2017 10:18:32.905,DEBUG,DF53067372D39DD8E780F3021998DA1C,Previously Authenticated: org.springframework.security.authentication.UsernamePasswordAuthenticationToken@c493f8ef: Principal: vn.bananavietnam.ict.common.auth.MyUser@c4907816: Username: U0000000001; Password: [PROTECTED]; Enabled: true; AccountNonExpired: true; credentialsNonExpired: true; AccountNonLocked: true; Granted Authorities: 1; Credentials: [PROTECTED]; Authenticated: true; Details: org.springframework.security.web.authentication.WebAuthenticationDetails@fffc7f0c: RemoteIpAddress: 0:0:0:0:0:0:0:1; SessionId: B2A5E4F020F6FF3C302506304FDBEE6F; Granted Authorities: 1
05-23-2017 10:18:32.905,DEBUG,DF53067372D39DD8E780F3021998DA1C,Voter: org.springframework.security.access.vote.RoleVoter@1ac872d, returned: -1
05-23-2017 10:18:32.905,DEBUG,DF53067372D39DD8E780F3021998DA1C,Voter: org.springframework.security.access.vote.AuthenticatedVoter@b1927d, returned: 1
05-23-2017 10:18:32.905,DEBUG,DF53067372D39DD8E780F3021998DA1C,Authorization successful
05-23-2017 10:18:32.905,DEBUG,DF53067372D39DD8E780F3021998DA1C,RunAsManager did not change Authentication object
05-23-2017 10:18:32.906,DEBUG,DF53067372D39DD8E780F3021998DA1C,/0089/searchData reached end of additional filter chain; proceeding with original chain
05-23-2017 10:18:32.906,DEBUG,DF53067372D39DD8E780F3021998DA1C,Request [/ict/0089/searchData] is not a multipart request
05-23-2017 10:18:32.906,DEBUG,DF53067372D39DD8E780F3021998DA1C,DispatcherServlet with name 'appServlet' processing POST request for [/ict/0089/searchData]
05-23-2017 10:18:32.906,DEBUG,DF53067372D39DD8E780F3021998DA1C,Looking up handler method for path /0089/searchData
05-23-2017 10:18:32.907,DEBUG,DF53067372D39DD8E780F3021998DA1C,Returning handler method [public java.util.List<vn.bananavietnam.ict.banana.component.Bnn0089SearchTaskResult> vn.bananavietnam.ict.banana.controller.Bnn0089SearchTaskController.searchData(vn.bananavietnam.ict.banana.component.Bnn0089SearchTaskConditions)]
05-23-2017 10:18:32.907,DEBUG,DF53067372D39DD8E780F3021998DA1C,Returning cached instance of singleton bean 'bnn0089SearchTaskController'
05-23-2017 10:18:32.907,DEBUG,DF53067372D39DD8E780F3021998DA1C,Returning cached instance of singleton bean 'xml_path'
05-23-2017 10:18:32.909,DEBUG,DF53067372D39DD8E780F3021998DA1C,Skip CORS processing: request is from same origin
05-23-2017 10:18:32.909,DEBUG,DF53067372D39DD8E780F3021998DA1C,Read [class vn.bananavietnam.ict.banana.component.Bnn0089SearchTaskConditions] as "application/json" with [org.springframework.http.converter.json.MappingJackson2HttpMessageConverter@156f2cc]
05-23-2017 10:18:32.910,INFO ,DF53067372D39DD8E780F3021998DA1C,U0000000001,vn.bananavietnam.ict.banana.service.Bnn0089SearchTaskService,searchData,[vn.bananavietnam.ict.banana.component.Bnn0089SearchTaskConditions@1366412] METHOD START
05-23-2017 10:18:32.910,DEBUG,DF53067372D39DD8E780F3021998DA1C,Returning cached instance of singleton bean 'transactionManager'
05-23-2017 10:18:32.910,INFO ,DF53067372D39DD8E780F3021998DA1C,U0000000001,Task searching started
05-23-2017 10:18:32.910,DEBUG,DF53067372D39DD8E780F3021998DA1C,Creating a new SqlSession
05-23-2017 10:18:32.911,DEBUG,DF53067372D39DD8E780F3021998DA1C,Registering transaction synchronization for SqlSession [org.apache.ibatis.session.defaults.DefaultSqlSession@b702fa]
05-23-2017 10:18:32.911,DEBUG,DF53067372D39DD8E780F3021998DA1C,Fetching JDBC Connection from DataSource
05-23-2017 10:18:32.911,DEBUG,DF53067372D39DD8E780F3021998DA1C,Creating new JDBC DriverManager Connection to [jdbc:mysql://172.16.0.175:3306/BANANA_DB_HUNG_SELENIUM?useUnicode=yes&characterEncoding=UTF-8&autoReconnect=true]
05-23-2017 10:18:32.941,DEBUG,DF53067372D39DD8E780F3021998DA1C,Registering transaction synchronization for JDBC Connection
05-23-2017 10:18:32.941,DEBUG,DF53067372D39DD8E780F3021998DA1C,JDBC Connection [com.mysql.jdbc.JDBC4Connection@ae967e] will be managed by Spring
05-23-2017 10:18:32.941,DEBUG,DF53067372D39DD8E780F3021998DA1C,==>  Preparing: SELECT T.TASK_ID taskId, T.TASK_NAME taskName, T.WORKING_DETAILS workingDetails, T.NOTE note, T.QUARANTINE_HANDLING_FLAG quarantineHandlingFlag, T.DELETE_FLAG deleteFlag, T.CHANGE_POINT_CODE changePointCode, T.LAST_UPDATE_DATE lastUpdateDate FROM IVB_M_TASK T WHERE 1 = 1 AND T.DELETE_FLAG = '0' ORDER BY T.TASK_NAME LIMIT ?,? 
05-23-2017 10:18:32.941,DEBUG,DF53067372D39DD8E780F3021998DA1C,==> Parameters: 0(Integer), 20(Integer)
05-23-2017 10:18:32.945,DEBUG,DF53067372D39DD8E780F3021998DA1C,<==      Total: 20
05-23-2017 10:18:32.945,DEBUG,DF53067372D39DD8E780F3021998DA1C,Releasing transactional SqlSession [org.apache.ibatis.session.defaults.DefaultSqlSession@b702fa]
05-23-2017 10:18:32.945,INFO ,DF53067372D39DD8E780F3021998DA1C,U0000000001,SQL execution finished
05-23-2017 10:18:32.945,DEBUG,DF53067372D39DD8E780F3021998DA1C,Fetched SqlSession [org.apache.ibatis.session.defaults.DefaultSqlSession@b702fa] from current transaction
05-23-2017 10:18:32.945,DEBUG,DF53067372D39DD8E780F3021998DA1C,==>  Preparing: SELECT COUNT(*) FROM IVB_M_TASK T WHERE 1 = 1 AND T.DELETE_FLAG = '0' ORDER BY T.TASK_ID 
05-23-2017 10:18:32.945,DEBUG,DF53067372D39DD8E780F3021998DA1C,==> Parameters: 
05-23-2017 10:18:32.947,DEBUG,DF53067372D39DD8E780F3021998DA1C,<==      Total: 1
05-23-2017 10:18:32.947,DEBUG,DF53067372D39DD8E780F3021998DA1C,Releasing transactional SqlSession [org.apache.ibatis.session.defaults.DefaultSqlSession@b702fa]
05-23-2017 10:18:32.948,INFO ,DF53067372D39DD8E780F3021998DA1C,U0000000001,Task searching finished ==> 43 item(s)
05-23-2017 10:18:32.948,DEBUG,DF53067372D39DD8E780F3021998DA1C,Transaction synchronization deregistering SqlSession [org.apache.ibatis.session.defaults.DefaultSqlSession@b702fa]
05-23-2017 10:18:32.948,DEBUG,DF53067372D39DD8E780F3021998DA1C,Transaction synchronization closing SqlSession [org.apache.ibatis.session.defaults.DefaultSqlSession@b702fa]
05-23-2017 10:18:32.948,DEBUG,DF53067372D39DD8E780F3021998DA1C,Returning JDBC Connection to DataSource
05-23-2017 10:18:32.948,INFO ,DF53067372D39DD8E780F3021998DA1C,U0000000001,vn.bananavietnam.ict.banana.service.Bnn0089SearchTaskService,searchData,[vn.bananavietnam.ict.banana.component.Bnn0089SearchTaskConditions@1366412] METHOD END
05-23-2017 10:18:32.951,DEBUG,DF53067372D39DD8E780F3021998DA1C,Written [[vn.bananavietnam.ict.banana.component.Bnn0089SearchTaskResult@100fa07, vn.bananavietnam.ict.banana.component.Bnn0089SearchTaskResult@b762a0, vn.bananavietnam.ict.banana.component.Bnn0089SearchTaskResult@1fd2bba, vn.bananavietnam.ict.banana.component.Bnn0089SearchTaskResult@1f37963, vn.bananavietnam.ict.banana.component.Bnn0089SearchTaskResult@1536618, vn.bananavietnam.ict.banana.component.Bnn0089SearchTaskResult@82a570, vn.bananavietnam.ict.banana.component.Bnn0089SearchTaskResult@10f3e1, vn.bananavietnam.ict.banana.component.Bnn0089SearchTaskResult@dea161, vn.bananavietnam.ict.banana.component.Bnn0089SearchTaskResult@3b7184, vn.bananavietnam.ict.banana.component.Bnn0089SearchTaskResult@1e9f856, vn.bananavietnam.ict.banana.component.Bnn0089SearchTaskResult@bd86b1, vn.bananavietnam.ict.banana.component.Bnn0089SearchTaskResult@137ebee, vn.bananavietnam.ict.banana.component.Bnn0089SearchTaskResult@77175d, vn.bananavietnam.ict.banana.component.Bnn0089SearchTaskResult@4470cd, vn.bananavietnam.ict.banana.component.Bnn0089SearchTaskResult@acf1fa, vn.bananavietnam.ict.banana.component.Bnn0089SearchTaskResult@a8091a, vn.bananavietnam.ict.banana.component.Bnn0089SearchTaskResult@f93dad, vn.bananavietnam.ict.banana.component.Bnn0089SearchTaskResult@124f2e7, vn.bananavietnam.ict.banana.component.Bnn0089SearchTaskResult@3ce658, vn.bananavietnam.ict.banana.component.Bnn0089SearchTaskResult@acce9c]] as "application/json;charset=UTF-8" using [org.springframework.http.converter.json.MappingJackson2HttpMessageConverter@156f2cc]
05-23-2017 10:18:32.951,DEBUG,DF53067372D39DD8E780F3021998DA1C,Null ModelAndView returned to DispatcherServlet with name 'appServlet': assuming HandlerAdapter completed request handling
05-23-2017 10:18:32.951,DEBUG,DF53067372D39DD8E780F3021998DA1C,Successfully completed request
05-23-2017 10:18:32.951,DEBUG,DF53067372D39DD8E780F3021998DA1C,Chain processed normally
05-23-2017 10:18:32.951,DEBUG,DF53067372D39DD8E780F3021998DA1C,SecurityContextHolder now cleared, as request processing completed
