06-01-2017 23:25:00.865,INFO ,577979D33A6D0F3C896CCDEBF572ECF1,U0000000001,vn.bananavietnam.ict.banana.service.Bnn0087SearchAffiliationService,searchData,[vn.bananavietnam.ict.banana.component.Bnn0087SearchAffiliationConditions@1d1f74f] METHOD START
06-01-2017 23:25:00.865,INFO ,577979D33A6D0F3C896CCDEBF572ECF1,U0000000001,Affiliation searching started
06-01-2017 23:25:04.901,ERROR,577979D33A6D0F3C896CCDEBF572ECF1,U0000000001,java.lang.Exception: nested exception is org.apache.ibatis.exceptions.PersistenceException: 
06-01-2017 23:25:04.901,INFO ,577979D33A6D0F3C896CCDEBF572ECF1,U0000000001,vn.bananavietnam.ict.banana.service.Bnn0087SearchAffiliationService,searchData,[vn.bananavietnam.ict.banana.component.Bnn0087SearchAffiliationConditions@1d1f74f] METHOD END
06-01-2017 23:25:05.436,INFO ,577979D33A6D0F3C896CCDEBF572ECF1,U0000000001,vn.bananavietnam.ict.banana.service.Bnn0087SearchAffiliationService,searchData,[vn.bananavietnam.ict.banana.component.Bnn0087SearchAffiliationConditions@273f09] METHOD START
06-01-2017 23:25:05.436,INFO ,577979D33A6D0F3C896CCDEBF572ECF1,U0000000001,Affiliation searching started
06-01-2017 23:25:05.456,DEBUG,577979D33A6D0F3C896CCDEBF572ECF1,==>  Preparing: SELECT usr.userName userName, usr.userId userId , authorization.AUTHORIZATION_TYPE_NAME typeName, authorization.AUTHORIZATION_TYPE_ID typeId, mgr.farmIdList farmIdList, mgr.areaIdList areaIdList, mgr.lastUpdateDate lastUpdateDate FROM (SELECT users.USERS_NAME userName, users.USERS_ID userId FROM IVB_M_USERS users WHERE 1 = 1 AND users.DELETE_FLAG = '0') usr LEFT JOIN (SELECT manager.USERS_ID userId, manager.AUTHORIZATION_TYPE_ID typeId, (SELECT LAST_UPDATE_DATE FROM IVB_M_MANAGER ORDER BY LAST_UPDATE_DATE DESC LIMIT 1) lastUpdateDate, GROUP_CONCAT(manager.FARM_ID SEPARATOR ',') as farmIdList, GROUP_CONCAT(manager.AREA_ID SEPARATOR ',') as areaIdList FROM IVB_M_MANAGER manager WHERE 1 = 1 AND manager.DELETE_FLAG = '0' GROUP BY manager.USERS_ID, manager.AUTHORIZATION_TYPE_ID) mgr ON usr.userId = mgr.userId LEFT JOIN IVB_M_AUTHORIZATION authorization ON authorization.AUTHORIZATION_TYPE_ID = mgr.typeId ORDER BY usr.userName, authorization.AUTHORIZATION_TYPE_ID LIMIT ?,? 
06-01-2017 23:25:05.456,DEBUG,577979D33A6D0F3C896CCDEBF572ECF1,==> Parameters: 0(Integer), 20(Integer)
06-01-2017 23:25:05.460,DEBUG,577979D33A6D0F3C896CCDEBF572ECF1,<==      Total: 20
06-01-2017 23:25:05.460,INFO ,577979D33A6D0F3C896CCDEBF572ECF1,U0000000001,SQL execution finished
06-01-2017 23:25:05.460,DEBUG,577979D33A6D0F3C896CCDEBF572ECF1,==>  Preparing: SELECT COUNT(*) FROM (SELECT users.USERS_NAME userName, users.USERS_ID userId FROM IVB_M_USERS users WHERE 1 = 1 AND users.DELETE_FLAG = '0') usr LEFT JOIN (SELECT manager.USERS_ID userId, manager.AUTHORIZATION_TYPE_ID typeId FROM IVB_M_MANAGER manager WHERE 1 = 1 AND manager.DELETE_FLAG = '0' GROUP BY manager.USERS_ID, manager.AUTHORIZATION_TYPE_ID) mgr ON usr.userId = mgr.userId LEFT JOIN IVB_M_AUTHORIZATION authorization ON authorization.AUTHORIZATION_TYPE_ID = mgr.typeId ORDER BY usr.userId 
06-01-2017 23:25:05.461,DEBUG,577979D33A6D0F3C896CCDEBF572ECF1,==> Parameters: 
06-01-2017 23:25:05.462,DEBUG,577979D33A6D0F3C896CCDEBF572ECF1,<==      Total: 1
06-01-2017 23:25:05.463,INFO ,577979D33A6D0F3C896CCDEBF572ECF1,U0000000001,Affiliation searching finished ==> 60 item(s)
06-01-2017 23:25:05.463,INFO ,577979D33A6D0F3C896CCDEBF572ECF1,U0000000001,vn.bananavietnam.ict.banana.service.Bnn0087SearchAffiliationService,searchData,[vn.bananavietnam.ict.banana.component.Bnn0087SearchAffiliationConditions@273f09] METHOD END
06-01-2017 23:25:06.954,INFO ,30D9049C7D83355F35F975D0B5E5A4F2,U0000000001,vn.bananavietnam.ict.banana.service.Bnn0087SearchAffiliationService,initData,[{}] METHOD START
06-01-2017 23:25:08.680,DEBUG,30D9049C7D83355F35F975D0B5E5A4F2,==>  Preparing: select AUTHORIZATION_TYPE_ID, AUTHORIZATION_TYPE_NAME, ACCESS_AUTHORITY_ID, CREATE_USER_ID, CREATE_DATE, UPDATE_USER_ID, LAST_UPDATE_DATE, DELETE_FLAG from IVB_M_AUTHORIZATION 
06-01-2017 23:25:08.681,DEBUG,30D9049C7D83355F35F975D0B5E5A4F2,==> Parameters: 
06-01-2017 23:25:08.683,DEBUG,30D9049C7D83355F35F975D0B5E5A4F2,<==      Total: 4
06-01-2017 23:25:08.684,INFO ,30D9049C7D83355F35F975D0B5E5A4F2,U0000000001,vn.bananavietnam.ict.banana.service.Bnn0087SearchAffiliationService,initData,[{affiliationData=[{"authorizationTypeId":"1","authorizationTypeName":"Quản lý hệ thống","accessAuthorityId":"1","createUserId":"U0000000001","createDate":1489363200000,"updateUserId":"U0000000001","lastUpdateDate":1490054400000,"deleteFlag":false},{"authorizationTypeId":"2","authorizationTypeName":"Giám đốc kinh doanh","accessAuthorityId":"2","createUserId":"U0000000001","createDate":1489363200000,"updateUserId":"U0000000001","lastUpdateDate":1490054400000,"deleteFlag":false},{"authorizationTypeId":"3","authorizationTypeName":"Quản lý nông trại","accessAuthorityId":"3","createUserId":"U0000000001","createDate":1489363200000,"updateUserId":"U0000000001","lastUpdateDate":1490054400000,"deleteFlag":false},{"authorizationTypeId":"4","authorizationTypeName":"Quản lý lô","accessAuthorityId":"4","createUserId":"U0000000001","createDate":1489363200000,"updateUserId":"U0000000001","lastUpdateDate":1490054400000,"deleteFlag":false}]}] METHOD END
06-01-2017 23:25:08.868,INFO ,30D9049C7D83355F35F975D0B5E5A4F2,U0000000001,vn.bananavietnam.ict.banana.service.Bnn0087SearchAffiliationService,searchData,[vn.bananavietnam.ict.banana.component.Bnn0087SearchAffiliationConditions@1e0cca0] METHOD START
06-01-2017 23:25:08.869,INFO ,30D9049C7D83355F35F975D0B5E5A4F2,U0000000001,Affiliation searching started
06-01-2017 23:25:08.885,DEBUG,30D9049C7D83355F35F975D0B5E5A4F2,==>  Preparing: SELECT usr.userName userName, usr.userId userId , authorization.AUTHORIZATION_TYPE_NAME typeName, authorization.AUTHORIZATION_TYPE_ID typeId, mgr.farmIdList farmIdList, mgr.areaIdList areaIdList, mgr.lastUpdateDate lastUpdateDate FROM (SELECT users.USERS_NAME userName, users.USERS_ID userId FROM IVB_M_USERS users WHERE 1 = 1 AND users.DELETE_FLAG = '0') usr LEFT JOIN (SELECT manager.USERS_ID userId, manager.AUTHORIZATION_TYPE_ID typeId, (SELECT LAST_UPDATE_DATE FROM IVB_M_MANAGER ORDER BY LAST_UPDATE_DATE DESC LIMIT 1) lastUpdateDate, GROUP_CONCAT(manager.FARM_ID SEPARATOR ',') as farmIdList, GROUP_CONCAT(manager.AREA_ID SEPARATOR ',') as areaIdList FROM IVB_M_MANAGER manager WHERE 1 = 1 AND manager.DELETE_FLAG = '0' GROUP BY manager.USERS_ID, manager.AUTHORIZATION_TYPE_ID) mgr ON usr.userId = mgr.userId LEFT JOIN IVB_M_AUTHORIZATION authorization ON authorization.AUTHORIZATION_TYPE_ID = mgr.typeId ORDER BY usr.userName, authorization.AUTHORIZATION_TYPE_ID LIMIT ?,? 
06-01-2017 23:25:08.886,DEBUG,30D9049C7D83355F35F975D0B5E5A4F2,==> Parameters: 0(Integer), 20(Integer)
06-01-2017 23:25:08.889,DEBUG,30D9049C7D83355F35F975D0B5E5A4F2,<==      Total: 20
06-01-2017 23:25:08.889,INFO ,30D9049C7D83355F35F975D0B5E5A4F2,U0000000001,SQL execution finished
06-01-2017 23:25:08.890,DEBUG,30D9049C7D83355F35F975D0B5E5A4F2,==>  Preparing: SELECT COUNT(*) FROM (SELECT users.USERS_NAME userName, users.USERS_ID userId FROM IVB_M_USERS users WHERE 1 = 1 AND users.DELETE_FLAG = '0') usr LEFT JOIN (SELECT manager.USERS_ID userId, manager.AUTHORIZATION_TYPE_ID typeId FROM IVB_M_MANAGER manager WHERE 1 = 1 AND manager.DELETE_FLAG = '0' GROUP BY manager.USERS_ID, manager.AUTHORIZATION_TYPE_ID) mgr ON usr.userId = mgr.userId LEFT JOIN IVB_M_AUTHORIZATION authorization ON authorization.AUTHORIZATION_TYPE_ID = mgr.typeId ORDER BY usr.userId 
06-01-2017 23:25:08.890,DEBUG,30D9049C7D83355F35F975D0B5E5A4F2,==> Parameters: 
06-01-2017 23:25:08.892,DEBUG,30D9049C7D83355F35F975D0B5E5A4F2,<==      Total: 1
06-01-2017 23:25:08.892,INFO ,30D9049C7D83355F35F975D0B5E5A4F2,U0000000001,Affiliation searching finished ==> 60 item(s)
06-01-2017 23:25:08.892,INFO ,30D9049C7D83355F35F975D0B5E5A4F2,U0000000001,vn.bananavietnam.ict.banana.service.Bnn0087SearchAffiliationService,searchData,[vn.bananavietnam.ict.banana.component.Bnn0087SearchAffiliationConditions@1e0cca0] METHOD END
06-01-2017 23:25:09.134,INFO ,30D9049C7D83355F35F975D0B5E5A4F2,U0000000001,vn.bananavietnam.ict.banana.service.Bnn0087SearchAffiliationService,searchData,[vn.bananavietnam.ict.banana.component.Bnn0087SearchAffiliationConditions@1112a99] METHOD START
06-01-2017 23:25:09.134,INFO ,30D9049C7D83355F35F975D0B5E5A4F2,U0000000001,Affiliation searching started
06-01-2017 23:25:09.149,DEBUG,30D9049C7D83355F35F975D0B5E5A4F2,==>  Preparing: SELECT usr.userName userName, usr.userId userId , authorization.AUTHORIZATION_TYPE_NAME typeName, authorization.AUTHORIZATION_TYPE_ID typeId, mgr.farmIdList farmIdList, mgr.areaIdList areaIdList, mgr.lastUpdateDate lastUpdateDate FROM (SELECT users.USERS_NAME userName, users.USERS_ID userId FROM IVB_M_USERS users WHERE 1 = 1 AND users.DELETE_FLAG = '0') usr LEFT JOIN (SELECT manager.USERS_ID userId, manager.AUTHORIZATION_TYPE_ID typeId, (SELECT LAST_UPDATE_DATE FROM IVB_M_MANAGER ORDER BY LAST_UPDATE_DATE DESC LIMIT 1) lastUpdateDate, GROUP_CONCAT(manager.FARM_ID SEPARATOR ',') as farmIdList, GROUP_CONCAT(manager.AREA_ID SEPARATOR ',') as areaIdList FROM IVB_M_MANAGER manager WHERE 1 = 1 AND manager.DELETE_FLAG = '0' GROUP BY manager.USERS_ID, manager.AUTHORIZATION_TYPE_ID) mgr ON usr.userId = mgr.userId LEFT JOIN IVB_M_AUTHORIZATION authorization ON authorization.AUTHORIZATION_TYPE_ID = mgr.typeId ORDER BY usr.userName, authorization.AUTHORIZATION_TYPE_ID LIMIT ?,? 
06-01-2017 23:25:09.150,DEBUG,30D9049C7D83355F35F975D0B5E5A4F2,==> Parameters: 0(Integer), 20(Integer)
06-01-2017 23:25:09.154,DEBUG,30D9049C7D83355F35F975D0B5E5A4F2,<==      Total: 20
06-01-2017 23:25:09.154,INFO ,30D9049C7D83355F35F975D0B5E5A4F2,U0000000001,SQL execution finished
06-01-2017 23:25:09.154,DEBUG,30D9049C7D83355F35F975D0B5E5A4F2,==>  Preparing: SELECT COUNT(*) FROM (SELECT users.USERS_NAME userName, users.USERS_ID userId FROM IVB_M_USERS users WHERE 1 = 1 AND users.DELETE_FLAG = '0') usr LEFT JOIN (SELECT manager.USERS_ID userId, manager.AUTHORIZATION_TYPE_ID typeId FROM IVB_M_MANAGER manager WHERE 1 = 1 AND manager.DELETE_FLAG = '0' GROUP BY manager.USERS_ID, manager.AUTHORIZATION_TYPE_ID) mgr ON usr.userId = mgr.userId LEFT JOIN IVB_M_AUTHORIZATION authorization ON authorization.AUTHORIZATION_TYPE_ID = mgr.typeId ORDER BY usr.userId 
06-01-2017 23:25:09.154,DEBUG,30D9049C7D83355F35F975D0B5E5A4F2,==> Parameters: 
06-01-2017 23:25:09.155,DEBUG,30D9049C7D83355F35F975D0B5E5A4F2,<==      Total: 1
06-01-2017 23:25:09.155,INFO ,30D9049C7D83355F35F975D0B5E5A4F2,U0000000001,Affiliation searching finished ==> 60 item(s)
06-01-2017 23:25:09.155,INFO ,30D9049C7D83355F35F975D0B5E5A4F2,U0000000001,vn.bananavietnam.ict.banana.service.Bnn0087SearchAffiliationService,searchData,[vn.bananavietnam.ict.banana.component.Bnn0087SearchAffiliationConditions@1112a99] METHOD END
06-01-2017 23:25:09.373,INFO ,30D9049C7D83355F35F975D0B5E5A4F2,U0000000001,vn.bananavietnam.ict.banana.service.Bnn0087SearchAffiliationService,searchData,[vn.bananavietnam.ict.banana.component.Bnn0087SearchAffiliationConditions@6cdfe6] METHOD START
06-01-2017 23:25:09.373,INFO ,30D9049C7D83355F35F975D0B5E5A4F2,U0000000001,Affiliation searching started
06-01-2017 23:25:09.391,DEBUG,30D9049C7D83355F35F975D0B5E5A4F2,==>  Preparing: SELECT usr.userName userName, usr.userId userId , authorization.AUTHORIZATION_TYPE_NAME typeName, authorization.AUTHORIZATION_TYPE_ID typeId, mgr.farmIdList farmIdList, mgr.areaIdList areaIdList, mgr.lastUpdateDate lastUpdateDate FROM (SELECT users.USERS_NAME userName, users.USERS_ID userId FROM IVB_M_USERS users WHERE 1 = 1 AND users.DELETE_FLAG = '0') usr LEFT JOIN (SELECT manager.USERS_ID userId, manager.AUTHORIZATION_TYPE_ID typeId, (SELECT LAST_UPDATE_DATE FROM IVB_M_MANAGER ORDER BY LAST_UPDATE_DATE DESC LIMIT 1) lastUpdateDate, GROUP_CONCAT(manager.FARM_ID SEPARATOR ',') as farmIdList, GROUP_CONCAT(manager.AREA_ID SEPARATOR ',') as areaIdList FROM IVB_M_MANAGER manager WHERE 1 = 1 AND manager.DELETE_FLAG = '0' GROUP BY manager.USERS_ID, manager.AUTHORIZATION_TYPE_ID) mgr ON usr.userId = mgr.userId LEFT JOIN IVB_M_AUTHORIZATION authorization ON authorization.AUTHORIZATION_TYPE_ID = mgr.typeId ORDER BY usr.userName, authorization.AUTHORIZATION_TYPE_ID LIMIT ?,? 
06-01-2017 23:25:09.392,DEBUG,30D9049C7D83355F35F975D0B5E5A4F2,==> Parameters: 40(Integer), 20(Integer)
06-01-2017 23:25:09.395,DEBUG,30D9049C7D83355F35F975D0B5E5A4F2,<==      Total: 20
06-01-2017 23:25:09.396,INFO ,30D9049C7D83355F35F975D0B5E5A4F2,U0000000001,SQL execution finished
06-01-2017 23:25:09.396,DEBUG,30D9049C7D83355F35F975D0B5E5A4F2,==>  Preparing: SELECT COUNT(*) FROM (SELECT users.USERS_NAME userName, users.USERS_ID userId FROM IVB_M_USERS users WHERE 1 = 1 AND users.DELETE_FLAG = '0') usr LEFT JOIN (SELECT manager.USERS_ID userId, manager.AUTHORIZATION_TYPE_ID typeId FROM IVB_M_MANAGER manager WHERE 1 = 1 AND manager.DELETE_FLAG = '0' GROUP BY manager.USERS_ID, manager.AUTHORIZATION_TYPE_ID) mgr ON usr.userId = mgr.userId LEFT JOIN IVB_M_AUTHORIZATION authorization ON authorization.AUTHORIZATION_TYPE_ID = mgr.typeId ORDER BY usr.userId 
06-01-2017 23:25:09.396,DEBUG,30D9049C7D83355F35F975D0B5E5A4F2,==> Parameters: 
06-01-2017 23:25:09.399,DEBUG,30D9049C7D83355F35F975D0B5E5A4F2,<==      Total: 1
06-01-2017 23:25:09.399,INFO ,30D9049C7D83355F35F975D0B5E5A4F2,U0000000001,Affiliation searching finished ==> 60 item(s)
06-01-2017 23:25:09.400,INFO ,30D9049C7D83355F35F975D0B5E5A4F2,U0000000001,vn.bananavietnam.ict.banana.service.Bnn0087SearchAffiliationService,searchData,[vn.bananavietnam.ict.banana.component.Bnn0087SearchAffiliationConditions@6cdfe6] METHOD END
