06-01-2017 22:33:24.872,INFO ,B7924DF507EEFDDAFB2A19D0D8EF8572,U0000000001,vn.bananavietnam.ict.banana.service.Bnn0087SearchAffiliationService,searchData,[vn.bananavietnam.ict.banana.component.Bnn0087SearchAffiliationConditions@13f28bf] METHOD START
06-01-2017 22:33:24.873,INFO ,B7924DF507EEFDDAFB2A19D0D8EF8572,U0000000001,Affiliation searching started
06-01-2017 22:33:28.916,ERROR,B7924DF507EEFDDAFB2A19D0D8EF8572,U0000000001,java.lang.Exception: nested exception is org.apache.ibatis.exceptions.PersistenceException: 
06-01-2017 22:33:28.917,INFO ,B7924DF507EEFDDAFB2A19D0D8EF8572,U0000000001,vn.bananavietnam.ict.banana.service.Bnn0087SearchAffiliationService,searchData,[vn.bananavietnam.ict.banana.component.Bnn0087SearchAffiliationConditions@13f28bf] METHOD END
06-01-2017 22:33:29.455,INFO ,B7924DF507EEFDDAFB2A19D0D8EF8572,U0000000001,vn.bananavietnam.ict.banana.service.Bnn0087SearchAffiliationService,searchData,[vn.bananavietnam.ict.banana.component.Bnn0087SearchAffiliationConditions@1fb7bb0] METHOD START
06-01-2017 22:33:29.456,INFO ,B7924DF507EEFDDAFB2A19D0D8EF8572,U0000000001,Affiliation searching started
06-01-2017 22:33:29.474,DEBUG,B7924DF507EEFDDAFB2A19D0D8EF8572,==>  Preparing: SELECT usr.userName userName, usr.userId userId , authorization.AUTHORIZATION_TYPE_NAME typeName, authorization.AUTHORIZATION_TYPE_ID typeId, mgr.farmIdList farmIdList, mgr.areaIdList areaIdList, mgr.lastUpdateDate lastUpdateDate FROM (SELECT users.USERS_NAME userName, users.USERS_ID userId FROM IVB_M_USERS users WHERE 1 = 1 AND users.DELETE_FLAG = '0') usr LEFT JOIN (SELECT manager.USERS_ID userId, manager.AUTHORIZATION_TYPE_ID typeId, (SELECT LAST_UPDATE_DATE FROM IVB_M_MANAGER ORDER BY LAST_UPDATE_DATE DESC LIMIT 1) lastUpdateDate, GROUP_CONCAT(manager.FARM_ID SEPARATOR ',') as farmIdList, GROUP_CONCAT(manager.AREA_ID SEPARATOR ',') as areaIdList FROM IVB_M_MANAGER manager WHERE 1 = 1 AND manager.DELETE_FLAG = '0' GROUP BY manager.USERS_ID, manager.AUTHORIZATION_TYPE_ID) mgr ON usr.userId = mgr.userId LEFT JOIN IVB_M_AUTHORIZATION authorization ON authorization.AUTHORIZATION_TYPE_ID = mgr.typeId ORDER BY usr.userName, authorization.AUTHORIZATION_TYPE_ID LIMIT ?,? 
06-01-2017 22:33:29.476,DEBUG,B7924DF507EEFDDAFB2A19D0D8EF8572,==> Parameters: 0(Integer), 20(Integer)
06-01-2017 22:33:29.481,DEBUG,B7924DF507EEFDDAFB2A19D0D8EF8572,<==      Total: 20
06-01-2017 22:33:29.481,INFO ,B7924DF507EEFDDAFB2A19D0D8EF8572,U0000000001,SQL execution finished
06-01-2017 22:33:29.481,DEBUG,B7924DF507EEFDDAFB2A19D0D8EF8572,==>  Preparing: SELECT COUNT(*) FROM (SELECT users.USERS_NAME userName, users.USERS_ID userId FROM IVB_M_USERS users WHERE 1 = 1 AND users.DELETE_FLAG = '0') usr LEFT JOIN (SELECT manager.USERS_ID userId, manager.AUTHORIZATION_TYPE_ID typeId FROM IVB_M_MANAGER manager WHERE 1 = 1 AND manager.DELETE_FLAG = '0' GROUP BY manager.USERS_ID, manager.AUTHORIZATION_TYPE_ID) mgr ON usr.userId = mgr.userId LEFT JOIN IVB_M_AUTHORIZATION authorization ON authorization.AUTHORIZATION_TYPE_ID = mgr.typeId ORDER BY usr.userId 
06-01-2017 22:33:29.481,DEBUG,B7924DF507EEFDDAFB2A19D0D8EF8572,==> Parameters: 
06-01-2017 22:33:29.482,DEBUG,B7924DF507EEFDDAFB2A19D0D8EF8572,<==      Total: 1
06-01-2017 22:33:29.482,INFO ,B7924DF507EEFDDAFB2A19D0D8EF8572,U0000000001,Affiliation searching finished ==> 60 item(s)
06-01-2017 22:33:29.483,INFO ,B7924DF507EEFDDAFB2A19D0D8EF8572,U0000000001,vn.bananavietnam.ict.banana.service.Bnn0087SearchAffiliationService,searchData,[vn.bananavietnam.ict.banana.component.Bnn0087SearchAffiliationConditions@1fb7bb0] METHOD END
06-01-2017 22:33:30.979,INFO ,E3D504E415F463DE242BD3EEF675B77D,U0000000001,vn.bananavietnam.ict.banana.service.Bnn0087SearchAffiliationService,initData,[{}] METHOD START
06-01-2017 22:33:30.997,DEBUG,E3D504E415F463DE242BD3EEF675B77D,==>  Preparing: select AUTHORIZATION_TYPE_ID, AUTHORIZATION_TYPE_NAME, ACCESS_AUTHORITY_ID, CREATE_USER_ID, CREATE_DATE, UPDATE_USER_ID, LAST_UPDATE_DATE, DELETE_FLAG from IVB_M_AUTHORIZATION 
06-01-2017 22:33:30.997,DEBUG,E3D504E415F463DE242BD3EEF675B77D,==> Parameters: 
06-01-2017 22:33:30.999,DEBUG,E3D504E415F463DE242BD3EEF675B77D,<==      Total: 4
06-01-2017 22:33:30.999,INFO ,E3D504E415F463DE242BD3EEF675B77D,U0000000001,vn.bananavietnam.ict.banana.service.Bnn0087SearchAffiliationService,initData,[{affiliationData=[{"authorizationTypeId":"1","authorizationTypeName":"Quản lý hệ thống","accessAuthorityId":"1","createUserId":"U0000000001","createDate":1489363200000,"updateUserId":"U0000000001","lastUpdateDate":1490054400000,"deleteFlag":false},{"authorizationTypeId":"2","authorizationTypeName":"Giám đốc kinh doanh","accessAuthorityId":"2","createUserId":"U0000000001","createDate":1489363200000,"updateUserId":"U0000000001","lastUpdateDate":1490054400000,"deleteFlag":false},{"authorizationTypeId":"3","authorizationTypeName":"Quản lý nông trại","accessAuthorityId":"3","createUserId":"U0000000001","createDate":1489363200000,"updateUserId":"U0000000001","lastUpdateDate":1490054400000,"deleteFlag":false},{"authorizationTypeId":"4","authorizationTypeName":"Quản lý lô","accessAuthorityId":"4","createUserId":"U0000000001","createDate":1489363200000,"updateUserId":"U0000000001","lastUpdateDate":1490054400000,"deleteFlag":false}]}] METHOD END
06-01-2017 22:33:31.080,INFO ,E3D504E415F463DE242BD3EEF675B77D,U0000000001,vn.bananavietnam.ict.banana.service.Bnn0087SearchAffiliationService,searchData,[vn.bananavietnam.ict.banana.component.Bnn0087SearchAffiliationConditions@a68daa] METHOD START
06-01-2017 22:33:31.080,INFO ,E3D504E415F463DE242BD3EEF675B77D,U0000000001,Affiliation searching started
06-01-2017 22:33:31.099,DEBUG,E3D504E415F463DE242BD3EEF675B77D,==>  Preparing: SELECT usr.userName userName, usr.userId userId , authorization.AUTHORIZATION_TYPE_NAME typeName, authorization.AUTHORIZATION_TYPE_ID typeId, mgr.farmIdList farmIdList, mgr.areaIdList areaIdList, mgr.lastUpdateDate lastUpdateDate FROM (SELECT users.USERS_NAME userName, users.USERS_ID userId FROM IVB_M_USERS users WHERE 1 = 1 AND users.DELETE_FLAG = '0') usr LEFT JOIN (SELECT manager.USERS_ID userId, manager.AUTHORIZATION_TYPE_ID typeId, (SELECT LAST_UPDATE_DATE FROM IVB_M_MANAGER ORDER BY LAST_UPDATE_DATE DESC LIMIT 1) lastUpdateDate, GROUP_CONCAT(manager.FARM_ID SEPARATOR ',') as farmIdList, GROUP_CONCAT(manager.AREA_ID SEPARATOR ',') as areaIdList FROM IVB_M_MANAGER manager WHERE 1 = 1 AND manager.DELETE_FLAG = '0' GROUP BY manager.USERS_ID, manager.AUTHORIZATION_TYPE_ID) mgr ON usr.userId = mgr.userId LEFT JOIN IVB_M_AUTHORIZATION authorization ON authorization.AUTHORIZATION_TYPE_ID = mgr.typeId ORDER BY usr.userName, authorization.AUTHORIZATION_TYPE_ID LIMIT ?,? 
06-01-2017 22:33:31.100,DEBUG,E3D504E415F463DE242BD3EEF675B77D,==> Parameters: 0(Integer), 20(Integer)
06-01-2017 22:33:31.104,DEBUG,E3D504E415F463DE242BD3EEF675B77D,<==      Total: 20
06-01-2017 22:33:31.104,INFO ,E3D504E415F463DE242BD3EEF675B77D,U0000000001,SQL execution finished
06-01-2017 22:33:31.104,DEBUG,E3D504E415F463DE242BD3EEF675B77D,==>  Preparing: SELECT COUNT(*) FROM (SELECT users.USERS_NAME userName, users.USERS_ID userId FROM IVB_M_USERS users WHERE 1 = 1 AND users.DELETE_FLAG = '0') usr LEFT JOIN (SELECT manager.USERS_ID userId, manager.AUTHORIZATION_TYPE_ID typeId FROM IVB_M_MANAGER manager WHERE 1 = 1 AND manager.DELETE_FLAG = '0' GROUP BY manager.USERS_ID, manager.AUTHORIZATION_TYPE_ID) mgr ON usr.userId = mgr.userId LEFT JOIN IVB_M_AUTHORIZATION authorization ON authorization.AUTHORIZATION_TYPE_ID = mgr.typeId ORDER BY usr.userId 
06-01-2017 22:33:31.104,DEBUG,E3D504E415F463DE242BD3EEF675B77D,==> Parameters: 
06-01-2017 22:33:31.105,DEBUG,E3D504E415F463DE242BD3EEF675B77D,<==      Total: 1
06-01-2017 22:33:31.106,INFO ,E3D504E415F463DE242BD3EEF675B77D,U0000000001,Affiliation searching finished ==> 60 item(s)
06-01-2017 22:33:31.106,INFO ,E3D504E415F463DE242BD3EEF675B77D,U0000000001,vn.bananavietnam.ict.banana.service.Bnn0087SearchAffiliationService,searchData,[vn.bananavietnam.ict.banana.component.Bnn0087SearchAffiliationConditions@a68daa] METHOD END
06-01-2017 22:33:31.331,INFO ,E3D504E415F463DE242BD3EEF675B77D,U0000000001,vn.bananavietnam.ict.banana.service.Bnn0087SearchAffiliationService,searchData,[vn.bananavietnam.ict.banana.component.Bnn0087SearchAffiliationConditions@10045b] METHOD START
06-01-2017 22:33:31.331,INFO ,E3D504E415F463DE242BD3EEF675B77D,U0000000001,Affiliation searching started
06-01-2017 22:33:31.351,DEBUG,E3D504E415F463DE242BD3EEF675B77D,==>  Preparing: SELECT usr.userName userName, usr.userId userId , authorization.AUTHORIZATION_TYPE_NAME typeName, authorization.AUTHORIZATION_TYPE_ID typeId, mgr.farmIdList farmIdList, mgr.areaIdList areaIdList, mgr.lastUpdateDate lastUpdateDate FROM (SELECT users.USERS_NAME userName, users.USERS_ID userId FROM IVB_M_USERS users WHERE 1 = 1 AND users.DELETE_FLAG = '0') usr LEFT JOIN (SELECT manager.USERS_ID userId, manager.AUTHORIZATION_TYPE_ID typeId, (SELECT LAST_UPDATE_DATE FROM IVB_M_MANAGER ORDER BY LAST_UPDATE_DATE DESC LIMIT 1) lastUpdateDate, GROUP_CONCAT(manager.FARM_ID SEPARATOR ',') as farmIdList, GROUP_CONCAT(manager.AREA_ID SEPARATOR ',') as areaIdList FROM IVB_M_MANAGER manager WHERE 1 = 1 AND manager.DELETE_FLAG = '0' GROUP BY manager.USERS_ID, manager.AUTHORIZATION_TYPE_ID) mgr ON usr.userId = mgr.userId LEFT JOIN IVB_M_AUTHORIZATION authorization ON authorization.AUTHORIZATION_TYPE_ID = mgr.typeId ORDER BY usr.userName, authorization.AUTHORIZATION_TYPE_ID LIMIT ?,? 
06-01-2017 22:33:31.351,DEBUG,E3D504E415F463DE242BD3EEF675B77D,==> Parameters: 0(Integer), 20(Integer)
06-01-2017 22:33:31.355,DEBUG,E3D504E415F463DE242BD3EEF675B77D,<==      Total: 20
06-01-2017 22:33:31.356,INFO ,E3D504E415F463DE242BD3EEF675B77D,U0000000001,SQL execution finished
06-01-2017 22:33:31.356,DEBUG,E3D504E415F463DE242BD3EEF675B77D,==>  Preparing: SELECT COUNT(*) FROM (SELECT users.USERS_NAME userName, users.USERS_ID userId FROM IVB_M_USERS users WHERE 1 = 1 AND users.DELETE_FLAG = '0') usr LEFT JOIN (SELECT manager.USERS_ID userId, manager.AUTHORIZATION_TYPE_ID typeId FROM IVB_M_MANAGER manager WHERE 1 = 1 AND manager.DELETE_FLAG = '0' GROUP BY manager.USERS_ID, manager.AUTHORIZATION_TYPE_ID) mgr ON usr.userId = mgr.userId LEFT JOIN IVB_M_AUTHORIZATION authorization ON authorization.AUTHORIZATION_TYPE_ID = mgr.typeId ORDER BY usr.userId 
06-01-2017 22:33:31.356,DEBUG,E3D504E415F463DE242BD3EEF675B77D,==> Parameters: 
06-01-2017 22:33:31.357,DEBUG,E3D504E415F463DE242BD3EEF675B77D,<==      Total: 1
06-01-2017 22:33:31.357,INFO ,E3D504E415F463DE242BD3EEF675B77D,U0000000001,Affiliation searching finished ==> 60 item(s)
06-01-2017 22:33:31.357,INFO ,E3D504E415F463DE242BD3EEF675B77D,U0000000001,vn.bananavietnam.ict.banana.service.Bnn0087SearchAffiliationService,searchData,[vn.bananavietnam.ict.banana.component.Bnn0087SearchAffiliationConditions@10045b] METHOD END
06-01-2017 22:33:31.544,INFO ,E3D504E415F463DE242BD3EEF675B77D,U0000000001,vn.bananavietnam.ict.banana.service.Bnn0087SearchAffiliationService,getDataForAffiliation,[] METHOD START
06-01-2017 22:33:31.562,DEBUG,E3D504E415F463DE242BD3EEF675B77D,==>  Preparing: SELECT DISTINCT farm.FARM_NAME farmName, farm.FARM_ID farmId, area.AREA_NAME areaName, area.AREA_ID areaId, area.AREA_MANAGER areaManager, (SELECT USERS_NAME FROM IVB_M_USERS WHERE USERS_ID = AREA_MANAGER) usersName FROM IVB_M_AREA area INNER JOIN IVB_M_FARM farm ON farm.FARM_ID = area.FARM_ID WHERE farm.DELETE_FLAG = '0' AND area.DELETE_FLAG = '0' ORDER BY farm.FARM_NAME, area.AREA_NAME 
06-01-2017 22:33:31.563,DEBUG,E3D504E415F463DE242BD3EEF675B77D,==> Parameters: 
06-01-2017 22:33:31.565,DEBUG,E3D504E415F463DE242BD3EEF675B77D,<==      Total: 26
06-01-2017 22:33:31.565,INFO ,E3D504E415F463DE242BD3EEF675B77D,U0000000001,SQL execution finished
06-01-2017 22:33:31.565,DEBUG,E3D504E415F463DE242BD3EEF675B77D,==>  Preparing: SELECT farm.FARM_NAME farmName, farm.FARM_ID farmId FROM IVB_M_FARM farm WHERE farm.DELETE_FLAG = '0' ORDER BY farm.FARM_NAME 
06-01-2017 22:33:31.566,DEBUG,E3D504E415F463DE242BD3EEF675B77D,==> Parameters: 
06-01-2017 22:33:31.567,DEBUG,E3D504E415F463DE242BD3EEF675B77D,<==      Total: 21
06-01-2017 22:33:31.567,INFO ,E3D504E415F463DE242BD3EEF675B77D,U0000000001,Affiliation searching finished
06-01-2017 22:33:31.567,INFO ,E3D504E415F463DE242BD3EEF675B77D,U0000000001,vn.bananavietnam.ict.banana.service.Bnn0087SearchAffiliationService,getDataForAffiliation,[] METHOD END
