06-01-2017 23:45:49.584,INFO ,02BAA8CCA590E6139D4DA229BB8E83C7,U0000000001,vn.bananavietnam.ict.banana.service.Bnn0087SearchAffiliationService,initData,[{}] METHOD START
06-01-2017 23:45:49.604,DEBUG,02BAA8CCA590E6139D4DA229BB8E83C7,==>  Preparing: select AUTHORIZATION_TYPE_ID, AUTHORIZATION_TYPE_NAME, ACCESS_AUTHORITY_ID, CREATE_USER_ID, CREATE_DATE, UPDATE_USER_ID, LAST_UPDATE_DATE, DELETE_FLAG from IVB_M_AUTHORIZATION 
06-01-2017 23:45:49.604,DEBUG,02BAA8CCA590E6139D4DA229BB8E83C7,==> Parameters: 
06-01-2017 23:45:49.606,DEBUG,02BAA8CCA590E6139D4DA229BB8E83C7,<==      Total: 4
06-01-2017 23:45:49.606,INFO ,02BAA8CCA590E6139D4DA229BB8E83C7,U0000000001,vn.bananavietnam.ict.banana.service.Bnn0087SearchAffiliationService,initData,[{affiliationData=[{"authorizationTypeId":"1","authorizationTypeName":"Quản lý hệ thống","accessAuthorityId":"1","createUserId":"U0000000001","createDate":1489363200000,"updateUserId":"U0000000001","lastUpdateDate":1490054400000,"deleteFlag":false},{"authorizationTypeId":"2","authorizationTypeName":"Giám đốc kinh doanh","accessAuthorityId":"2","createUserId":"U0000000001","createDate":1489363200000,"updateUserId":"U0000000001","lastUpdateDate":1490054400000,"deleteFlag":false},{"authorizationTypeId":"3","authorizationTypeName":"Quản lý nông trại","accessAuthorityId":"3","createUserId":"U0000000001","createDate":1489363200000,"updateUserId":"U0000000001","lastUpdateDate":1490054400000,"deleteFlag":false},{"authorizationTypeId":"4","authorizationTypeName":"Quản lý lô","accessAuthorityId":"4","createUserId":"U0000000001","createDate":1489363200000,"updateUserId":"U0000000001","lastUpdateDate":1490054400000,"deleteFlag":false}]}] METHOD END
06-01-2017 23:45:49.700,INFO ,02BAA8CCA590E6139D4DA229BB8E83C7,U0000000001,vn.bananavietnam.ict.banana.service.Bnn0087SearchAffiliationService,searchData,[vn.bananavietnam.ict.banana.component.Bnn0087SearchAffiliationConditions@705372] METHOD START
06-01-2017 23:45:49.700,INFO ,02BAA8CCA590E6139D4DA229BB8E83C7,U0000000001,Affiliation searching started
06-01-2017 23:45:49.718,DEBUG,02BAA8CCA590E6139D4DA229BB8E83C7,==>  Preparing: SELECT usr.userName userName, usr.userId userId , authorization.AUTHORIZATION_TYPE_NAME typeName, authorization.AUTHORIZATION_TYPE_ID typeId, mgr.farmIdList farmIdList, mgr.areaIdList areaIdList, mgr.lastUpdateDate lastUpdateDate FROM (SELECT users.USERS_NAME userName, users.USERS_ID userId FROM IVB_M_USERS users WHERE 1 = 1 AND users.DELETE_FLAG = '0') usr LEFT JOIN (SELECT manager.USERS_ID userId, manager.AUTHORIZATION_TYPE_ID typeId, (SELECT LAST_UPDATE_DATE FROM IVB_M_MANAGER ORDER BY LAST_UPDATE_DATE DESC LIMIT 1) lastUpdateDate, GROUP_CONCAT(manager.FARM_ID SEPARATOR ',') as farmIdList, GROUP_CONCAT(manager.AREA_ID SEPARATOR ',') as areaIdList FROM IVB_M_MANAGER manager WHERE 1 = 1 AND manager.DELETE_FLAG = '0' GROUP BY manager.USERS_ID, manager.AUTHORIZATION_TYPE_ID) mgr ON usr.userId = mgr.userId LEFT JOIN IVB_M_AUTHORIZATION authorization ON authorization.AUTHORIZATION_TYPE_ID = mgr.typeId ORDER BY usr.userName, authorization.AUTHORIZATION_TYPE_ID LIMIT ?,? 
06-01-2017 23:45:49.718,DEBUG,02BAA8CCA590E6139D4DA229BB8E83C7,==> Parameters: 0(Integer), 20(Integer)
06-01-2017 23:45:49.722,DEBUG,02BAA8CCA590E6139D4DA229BB8E83C7,<==      Total: 20
06-01-2017 23:45:49.722,INFO ,02BAA8CCA590E6139D4DA229BB8E83C7,U0000000001,SQL execution finished
06-01-2017 23:45:49.722,DEBUG,02BAA8CCA590E6139D4DA229BB8E83C7,==>  Preparing: SELECT COUNT(*) FROM (SELECT users.USERS_NAME userName, users.USERS_ID userId FROM IVB_M_USERS users WHERE 1 = 1 AND users.DELETE_FLAG = '0') usr LEFT JOIN (SELECT manager.USERS_ID userId, manager.AUTHORIZATION_TYPE_ID typeId FROM IVB_M_MANAGER manager WHERE 1 = 1 AND manager.DELETE_FLAG = '0' GROUP BY manager.USERS_ID, manager.AUTHORIZATION_TYPE_ID) mgr ON usr.userId = mgr.userId LEFT JOIN IVB_M_AUTHORIZATION authorization ON authorization.AUTHORIZATION_TYPE_ID = mgr.typeId ORDER BY usr.userId 
06-01-2017 23:45:49.723,DEBUG,02BAA8CCA590E6139D4DA229BB8E83C7,==> Parameters: 
06-01-2017 23:45:49.725,DEBUG,02BAA8CCA590E6139D4DA229BB8E83C7,<==      Total: 1
06-01-2017 23:45:49.725,INFO ,02BAA8CCA590E6139D4DA229BB8E83C7,U0000000001,Affiliation searching finished ==> 60 item(s)
06-01-2017 23:45:49.725,INFO ,02BAA8CCA590E6139D4DA229BB8E83C7,U0000000001,vn.bananavietnam.ict.banana.service.Bnn0087SearchAffiliationService,searchData,[vn.bananavietnam.ict.banana.component.Bnn0087SearchAffiliationConditions@705372] METHOD END
06-01-2017 23:45:50.221,INFO ,02BAA8CCA590E6139D4DA229BB8E83C7,U0000000001,vn.bananavietnam.ict.banana.service.Bnn0087SearchAffiliationService,searchData,[vn.bananavietnam.ict.banana.component.Bnn0087SearchAffiliationConditions@164f41c] METHOD START
06-01-2017 23:45:50.221,INFO ,02BAA8CCA590E6139D4DA229BB8E83C7,U0000000001,Affiliation searching started
06-01-2017 23:45:50.239,DEBUG,02BAA8CCA590E6139D4DA229BB8E83C7,==>  Preparing: SELECT usr.userName userName, usr.userId userId , authorization.AUTHORIZATION_TYPE_NAME typeName, authorization.AUTHORIZATION_TYPE_ID typeId, mgr.farmIdList farmIdList, mgr.areaIdList areaIdList, mgr.lastUpdateDate lastUpdateDate FROM (SELECT users.USERS_NAME userName, users.USERS_ID userId FROM IVB_M_USERS users WHERE 1 = 1 AND users.DELETE_FLAG = '0') usr LEFT JOIN (SELECT manager.USERS_ID userId, manager.AUTHORIZATION_TYPE_ID typeId, (SELECT LAST_UPDATE_DATE FROM IVB_M_MANAGER ORDER BY LAST_UPDATE_DATE DESC LIMIT 1) lastUpdateDate, GROUP_CONCAT(manager.FARM_ID SEPARATOR ',') as farmIdList, GROUP_CONCAT(manager.AREA_ID SEPARATOR ',') as areaIdList FROM IVB_M_MANAGER manager WHERE 1 = 1 AND manager.DELETE_FLAG = '0' GROUP BY manager.USERS_ID, manager.AUTHORIZATION_TYPE_ID) mgr ON usr.userId = mgr.userId LEFT JOIN IVB_M_AUTHORIZATION authorization ON authorization.AUTHORIZATION_TYPE_ID = mgr.typeId ORDER BY usr.userName, authorization.AUTHORIZATION_TYPE_ID LIMIT ?,? 
06-01-2017 23:45:50.239,DEBUG,02BAA8CCA590E6139D4DA229BB8E83C7,==> Parameters: 0(Integer), 20(Integer)
06-01-2017 23:45:50.242,DEBUG,02BAA8CCA590E6139D4DA229BB8E83C7,<==      Total: 20
06-01-2017 23:45:50.242,INFO ,02BAA8CCA590E6139D4DA229BB8E83C7,U0000000001,SQL execution finished
06-01-2017 23:45:50.242,DEBUG,02BAA8CCA590E6139D4DA229BB8E83C7,==>  Preparing: SELECT COUNT(*) FROM (SELECT users.USERS_NAME userName, users.USERS_ID userId FROM IVB_M_USERS users WHERE 1 = 1 AND users.DELETE_FLAG = '0') usr LEFT JOIN (SELECT manager.USERS_ID userId, manager.AUTHORIZATION_TYPE_ID typeId FROM IVB_M_MANAGER manager WHERE 1 = 1 AND manager.DELETE_FLAG = '0' GROUP BY manager.USERS_ID, manager.AUTHORIZATION_TYPE_ID) mgr ON usr.userId = mgr.userId LEFT JOIN IVB_M_AUTHORIZATION authorization ON authorization.AUTHORIZATION_TYPE_ID = mgr.typeId ORDER BY usr.userId 
06-01-2017 23:45:50.242,DEBUG,02BAA8CCA590E6139D4DA229BB8E83C7,==> Parameters: 
06-01-2017 23:45:50.245,DEBUG,02BAA8CCA590E6139D4DA229BB8E83C7,<==      Total: 1
06-01-2017 23:45:50.245,INFO ,02BAA8CCA590E6139D4DA229BB8E83C7,U0000000001,Affiliation searching finished ==> 60 item(s)
06-01-2017 23:45:50.245,INFO ,02BAA8CCA590E6139D4DA229BB8E83C7,U0000000001,vn.bananavietnam.ict.banana.service.Bnn0087SearchAffiliationService,searchData,[vn.bananavietnam.ict.banana.component.Bnn0087SearchAffiliationConditions@164f41c] METHOD END
06-01-2017 23:45:50.448,INFO ,02BAA8CCA590E6139D4DA229BB8E83C7,U0000000001,vn.bananavietnam.ict.banana.service.Bnn0087SearchAffiliationService,searchData,[vn.bananavietnam.ict.banana.component.Bnn0087SearchAffiliationConditions@d59414] METHOD START
06-01-2017 23:45:50.448,INFO ,02BAA8CCA590E6139D4DA229BB8E83C7,U0000000001,Affiliation searching started
06-01-2017 23:45:50.466,DEBUG,02BAA8CCA590E6139D4DA229BB8E83C7,==>  Preparing: SELECT usr.userName userName, usr.userId userId , authorization.AUTHORIZATION_TYPE_NAME typeName, authorization.AUTHORIZATION_TYPE_ID typeId, mgr.farmIdList farmIdList, mgr.areaIdList areaIdList, mgr.lastUpdateDate lastUpdateDate FROM (SELECT users.USERS_NAME userName, users.USERS_ID userId FROM IVB_M_USERS users WHERE 1 = 1 AND users.DELETE_FLAG = '0') usr LEFT JOIN (SELECT manager.USERS_ID userId, manager.AUTHORIZATION_TYPE_ID typeId, (SELECT LAST_UPDATE_DATE FROM IVB_M_MANAGER ORDER BY LAST_UPDATE_DATE DESC LIMIT 1) lastUpdateDate, GROUP_CONCAT(manager.FARM_ID SEPARATOR ',') as farmIdList, GROUP_CONCAT(manager.AREA_ID SEPARATOR ',') as areaIdList FROM IVB_M_MANAGER manager WHERE 1 = 1 AND manager.DELETE_FLAG = '0' GROUP BY manager.USERS_ID, manager.AUTHORIZATION_TYPE_ID) mgr ON usr.userId = mgr.userId LEFT JOIN IVB_M_AUTHORIZATION authorization ON authorization.AUTHORIZATION_TYPE_ID = mgr.typeId ORDER BY usr.userName, authorization.AUTHORIZATION_TYPE_ID LIMIT ?,? 
06-01-2017 23:45:50.466,DEBUG,02BAA8CCA590E6139D4DA229BB8E83C7,==> Parameters: 40(Integer), 20(Integer)
06-01-2017 23:45:50.469,DEBUG,02BAA8CCA590E6139D4DA229BB8E83C7,<==      Total: 20
06-01-2017 23:45:50.470,INFO ,02BAA8CCA590E6139D4DA229BB8E83C7,U0000000001,SQL execution finished
06-01-2017 23:45:50.470,DEBUG,02BAA8CCA590E6139D4DA229BB8E83C7,==>  Preparing: SELECT COUNT(*) FROM (SELECT users.USERS_NAME userName, users.USERS_ID userId FROM IVB_M_USERS users WHERE 1 = 1 AND users.DELETE_FLAG = '0') usr LEFT JOIN (SELECT manager.USERS_ID userId, manager.AUTHORIZATION_TYPE_ID typeId FROM IVB_M_MANAGER manager WHERE 1 = 1 AND manager.DELETE_FLAG = '0' GROUP BY manager.USERS_ID, manager.AUTHORIZATION_TYPE_ID) mgr ON usr.userId = mgr.userId LEFT JOIN IVB_M_AUTHORIZATION authorization ON authorization.AUTHORIZATION_TYPE_ID = mgr.typeId ORDER BY usr.userId 
06-01-2017 23:45:50.470,DEBUG,02BAA8CCA590E6139D4DA229BB8E83C7,==> Parameters: 
06-01-2017 23:45:50.471,DEBUG,02BAA8CCA590E6139D4DA229BB8E83C7,<==      Total: 1
06-01-2017 23:45:50.471,INFO ,02BAA8CCA590E6139D4DA229BB8E83C7,U0000000001,Affiliation searching finished ==> 60 item(s)
06-01-2017 23:45:50.471,INFO ,02BAA8CCA590E6139D4DA229BB8E83C7,U0000000001,vn.bananavietnam.ict.banana.service.Bnn0087SearchAffiliationService,searchData,[vn.bananavietnam.ict.banana.component.Bnn0087SearchAffiliationConditions@d59414] METHOD END
