06-01-2017 21:30:32.903,INFO ,B53B308FBBFE88F40CDC42A99B0DD8E7,U0000000001,vn.bananavietnam.ict.banana.service.Bnn0087SearchAffiliationService,initData,[{}] METHOD START
06-01-2017 21:30:32.923,DEBUG,B53B308FBBFE88F40CDC42A99B0DD8E7,==>  Preparing: select AUTHORIZATION_TYPE_ID, AUTHORIZATION_TYPE_NAME, ACCESS_AUTHORITY_ID, CREATE_USER_ID, CREATE_DATE, UPDATE_USER_ID, LAST_UPDATE_DATE, DELETE_FLAG from IVB_M_AUTHORIZATION 
06-01-2017 21:30:32.923,DEBUG,B53B308FBBFE88F40CDC42A99B0DD8E7,==> Parameters: 
06-01-2017 21:30:32.925,DEBUG,B53B308FBBFE88F40CDC42A99B0DD8E7,<==      Total: 4
06-01-2017 21:30:32.925,INFO ,B53B308FBBFE88F40CDC42A99B0DD8E7,U0000000001,vn.bananavietnam.ict.banana.service.Bnn0087SearchAffiliationService,initData,[{affiliationData=[{"authorizationTypeId":"1","authorizationTypeName":"Quản lý hệ thống","accessAuthorityId":"1","createUserId":"U0000000001","createDate":1489363200000,"updateUserId":"U0000000001","lastUpdateDate":1490054400000,"deleteFlag":false},{"authorizationTypeId":"2","authorizationTypeName":"Giám đốc kinh doanh","accessAuthorityId":"2","createUserId":"U0000000001","createDate":1489363200000,"updateUserId":"U0000000001","lastUpdateDate":1490054400000,"deleteFlag":false},{"authorizationTypeId":"3","authorizationTypeName":"Quản lý nông trại","accessAuthorityId":"3","createUserId":"U0000000001","createDate":1489363200000,"updateUserId":"U0000000001","lastUpdateDate":1490054400000,"deleteFlag":false},{"authorizationTypeId":"4","authorizationTypeName":"Quản lý lô","accessAuthorityId":"4","createUserId":"U0000000001","createDate":1489363200000,"updateUserId":"U0000000001","lastUpdateDate":1490054400000,"deleteFlag":false}]}] METHOD END
06-01-2017 21:30:33.004,INFO ,B53B308FBBFE88F40CDC42A99B0DD8E7,U0000000001,vn.bananavietnam.ict.banana.service.Bnn0087SearchAffiliationService,searchData,[vn.bananavietnam.ict.banana.component.Bnn0087SearchAffiliationConditions@6c0e61] METHOD START
06-01-2017 21:30:33.004,INFO ,B53B308FBBFE88F40CDC42A99B0DD8E7,U0000000001,Affiliation searching started
06-01-2017 21:30:33.019,DEBUG,B53B308FBBFE88F40CDC42A99B0DD8E7,==>  Preparing: SELECT usr.userName userName, usr.userId userId , authorization.AUTHORIZATION_TYPE_NAME typeName, authorization.AUTHORIZATION_TYPE_ID typeId, mgr.farmIdList farmIdList, mgr.areaIdList areaIdList, mgr.lastUpdateDate lastUpdateDate FROM (SELECT users.USERS_NAME userName, users.USERS_ID userId FROM IVB_M_USERS users WHERE 1 = 1 AND users.DELETE_FLAG = '0') usr LEFT JOIN (SELECT manager.USERS_ID userId, manager.AUTHORIZATION_TYPE_ID typeId, (SELECT LAST_UPDATE_DATE FROM IVB_M_MANAGER ORDER BY LAST_UPDATE_DATE DESC LIMIT 1) lastUpdateDate, GROUP_CONCAT(manager.FARM_ID SEPARATOR ',') as farmIdList, GROUP_CONCAT(manager.AREA_ID SEPARATOR ',') as areaIdList FROM IVB_M_MANAGER manager WHERE 1 = 1 AND manager.DELETE_FLAG = '0' GROUP BY manager.USERS_ID, manager.AUTHORIZATION_TYPE_ID) mgr ON usr.userId = mgr.userId LEFT JOIN IVB_M_AUTHORIZATION authorization ON authorization.AUTHORIZATION_TYPE_ID = mgr.typeId ORDER BY usr.userName, authorization.AUTHORIZATION_TYPE_ID LIMIT ?,? 
06-01-2017 21:30:33.019,DEBUG,B53B308FBBFE88F40CDC42A99B0DD8E7,==> Parameters: 0(Integer), 20(Integer)
06-01-2017 21:30:33.023,DEBUG,B53B308FBBFE88F40CDC42A99B0DD8E7,<==      Total: 20
06-01-2017 21:30:33.023,INFO ,B53B308FBBFE88F40CDC42A99B0DD8E7,U0000000001,SQL execution finished
06-01-2017 21:30:33.023,DEBUG,B53B308FBBFE88F40CDC42A99B0DD8E7,==>  Preparing: SELECT COUNT(*) FROM (SELECT users.USERS_NAME userName, users.USERS_ID userId FROM IVB_M_USERS users WHERE 1 = 1 AND users.DELETE_FLAG = '0') usr LEFT JOIN (SELECT manager.USERS_ID userId, manager.AUTHORIZATION_TYPE_ID typeId FROM IVB_M_MANAGER manager WHERE 1 = 1 AND manager.DELETE_FLAG = '0' GROUP BY manager.USERS_ID, manager.AUTHORIZATION_TYPE_ID) mgr ON usr.userId = mgr.userId LEFT JOIN IVB_M_AUTHORIZATION authorization ON authorization.AUTHORIZATION_TYPE_ID = mgr.typeId ORDER BY usr.userId 
06-01-2017 21:30:33.023,DEBUG,B53B308FBBFE88F40CDC42A99B0DD8E7,==> Parameters: 
06-01-2017 21:30:33.025,DEBUG,B53B308FBBFE88F40CDC42A99B0DD8E7,<==      Total: 1
06-01-2017 21:30:33.025,INFO ,B53B308FBBFE88F40CDC42A99B0DD8E7,U0000000001,Affiliation searching finished ==> 60 item(s)
06-01-2017 21:30:33.025,INFO ,B53B308FBBFE88F40CDC42A99B0DD8E7,U0000000001,vn.bananavietnam.ict.banana.service.Bnn0087SearchAffiliationService,searchData,[vn.bananavietnam.ict.banana.component.Bnn0087SearchAffiliationConditions@6c0e61] METHOD END
06-01-2017 21:30:33.253,INFO ,B53B308FBBFE88F40CDC42A99B0DD8E7,U0000000001,vn.bananavietnam.ict.banana.service.Bnn0087SearchAffiliationService,searchData,[vn.bananavietnam.ict.banana.component.Bnn0087SearchAffiliationConditions@1ff90ef] METHOD START
06-01-2017 21:30:33.253,INFO ,B53B308FBBFE88F40CDC42A99B0DD8E7,U0000000001,Affiliation searching started
06-01-2017 21:30:33.270,DEBUG,B53B308FBBFE88F40CDC42A99B0DD8E7,==>  Preparing: SELECT usr.userName userName, usr.userId userId , authorization.AUTHORIZATION_TYPE_NAME typeName, authorization.AUTHORIZATION_TYPE_ID typeId, mgr.farmIdList farmIdList, mgr.areaIdList areaIdList, mgr.lastUpdateDate lastUpdateDate FROM (SELECT users.USERS_NAME userName, users.USERS_ID userId FROM IVB_M_USERS users WHERE 1 = 1 AND users.DELETE_FLAG = '0') usr LEFT JOIN (SELECT manager.USERS_ID userId, manager.AUTHORIZATION_TYPE_ID typeId, (SELECT LAST_UPDATE_DATE FROM IVB_M_MANAGER ORDER BY LAST_UPDATE_DATE DESC LIMIT 1) lastUpdateDate, GROUP_CONCAT(manager.FARM_ID SEPARATOR ',') as farmIdList, GROUP_CONCAT(manager.AREA_ID SEPARATOR ',') as areaIdList FROM IVB_M_MANAGER manager WHERE 1 = 1 AND manager.DELETE_FLAG = '0' GROUP BY manager.USERS_ID, manager.AUTHORIZATION_TYPE_ID) mgr ON usr.userId = mgr.userId LEFT JOIN IVB_M_AUTHORIZATION authorization ON authorization.AUTHORIZATION_TYPE_ID = mgr.typeId ORDER BY usr.userName, authorization.AUTHORIZATION_TYPE_ID LIMIT ?,? 
06-01-2017 21:30:33.270,DEBUG,B53B308FBBFE88F40CDC42A99B0DD8E7,==> Parameters: 0(Integer), 20(Integer)
06-01-2017 21:30:33.274,DEBUG,B53B308FBBFE88F40CDC42A99B0DD8E7,<==      Total: 20
06-01-2017 21:30:33.274,INFO ,B53B308FBBFE88F40CDC42A99B0DD8E7,U0000000001,SQL execution finished
06-01-2017 21:30:33.274,DEBUG,B53B308FBBFE88F40CDC42A99B0DD8E7,==>  Preparing: SELECT COUNT(*) FROM (SELECT users.USERS_NAME userName, users.USERS_ID userId FROM IVB_M_USERS users WHERE 1 = 1 AND users.DELETE_FLAG = '0') usr LEFT JOIN (SELECT manager.USERS_ID userId, manager.AUTHORIZATION_TYPE_ID typeId FROM IVB_M_MANAGER manager WHERE 1 = 1 AND manager.DELETE_FLAG = '0' GROUP BY manager.USERS_ID, manager.AUTHORIZATION_TYPE_ID) mgr ON usr.userId = mgr.userId LEFT JOIN IVB_M_AUTHORIZATION authorization ON authorization.AUTHORIZATION_TYPE_ID = mgr.typeId ORDER BY usr.userId 
06-01-2017 21:30:33.275,DEBUG,B53B308FBBFE88F40CDC42A99B0DD8E7,==> Parameters: 
06-01-2017 21:30:33.276,DEBUG,B53B308FBBFE88F40CDC42A99B0DD8E7,<==      Total: 1
06-01-2017 21:30:33.276,INFO ,B53B308FBBFE88F40CDC42A99B0DD8E7,U0000000001,Affiliation searching finished ==> 60 item(s)
06-01-2017 21:30:33.276,INFO ,B53B308FBBFE88F40CDC42A99B0DD8E7,U0000000001,vn.bananavietnam.ict.banana.service.Bnn0087SearchAffiliationService,searchData,[vn.bananavietnam.ict.banana.component.Bnn0087SearchAffiliationConditions@1ff90ef] METHOD END
