06-01-2017 22:22:44.828,INFO ,9AC3B5F72D85F503E23CFE38176BC651,U0000000001,vn.bananavietnam.ict.banana.service.Bnn0087SearchAffiliationService,searchData,[vn.bananavietnam.ict.banana.component.Bnn0087SearchAffiliationConditions@d3ceab] METHOD START
06-01-2017 22:22:44.828,INFO ,9AC3B5F72D85F503E23CFE38176BC651,U0000000001,Affiliation searching started
06-01-2017 22:22:48.849,ERROR,9AC3B5F72D85F503E23CFE38176BC651,U0000000001,java.lang.Exception: nested exception is org.apache.ibatis.exceptions.PersistenceException: 
06-01-2017 22:22:48.850,INFO ,9AC3B5F72D85F503E23CFE38176BC651,U0000000001,vn.bananavietnam.ict.banana.service.Bnn0087SearchAffiliationService,searchData,[vn.bananavietnam.ict.banana.component.Bnn0087SearchAffiliationConditions@d3ceab] METHOD END
06-01-2017 22:22:50.015,INFO ,9AC3B5F72D85F503E23CFE38176BC651,U0000000001,vn.bananavietnam.ict.banana.service.Bnn0087SearchAffiliationService,searchData,[vn.bananavietnam.ict.banana.component.Bnn0087SearchAffiliationConditions@f036e7] METHOD START
06-01-2017 22:22:50.015,INFO ,9AC3B5F72D85F503E23CFE38176BC651,U0000000001,Affiliation searching started
06-01-2017 22:22:52.042,DEBUG,9AC3B5F72D85F503E23CFE38176BC651,==>  Preparing: SELECT usr.userName userName, usr.userId userId , authorization.AUTHORIZATION_TYPE_NAME typeName, authorization.AUTHORIZATION_TYPE_ID typeId, mgr.farmIdList farmIdList, mgr.areaIdList areaIdList, mgr.lastUpdateDate lastUpdateDate FROM (SELECT users.USERS_NAME userName, users.USERS_ID userId FROM IVB_M_USERS users WHERE 1 = 1 AND users.DELETE_FLAG = '0') usr LEFT JOIN (SELECT manager.USERS_ID userId, manager.AUTHORIZATION_TYPE_ID typeId, (SELECT LAST_UPDATE_DATE FROM IVB_M_MANAGER ORDER BY LAST_UPDATE_DATE DESC LIMIT 1) lastUpdateDate, GROUP_CONCAT(manager.FARM_ID SEPARATOR ',') as farmIdList, GROUP_CONCAT(manager.AREA_ID SEPARATOR ',') as areaIdList FROM IVB_M_MANAGER manager WHERE 1 = 1 AND manager.DELETE_FLAG = '0' GROUP BY manager.USERS_ID, manager.AUTHORIZATION_TYPE_ID) mgr ON usr.userId = mgr.userId LEFT JOIN IVB_M_AUTHORIZATION authorization ON authorization.AUTHORIZATION_TYPE_ID = mgr.typeId ORDER BY usr.userName, authorization.AUTHORIZATION_TYPE_ID LIMIT ?,? 
06-01-2017 22:22:52.042,DEBUG,9AC3B5F72D85F503E23CFE38176BC651,==> Parameters: 0(Integer), 20(Integer)
06-01-2017 22:22:52.046,DEBUG,9AC3B5F72D85F503E23CFE38176BC651,<==      Total: 20
06-01-2017 22:22:52.046,INFO ,9AC3B5F72D85F503E23CFE38176BC651,U0000000001,SQL execution finished
06-01-2017 22:22:52.046,DEBUG,9AC3B5F72D85F503E23CFE38176BC651,==>  Preparing: SELECT COUNT(*) FROM (SELECT users.USERS_NAME userName, users.USERS_ID userId FROM IVB_M_USERS users WHERE 1 = 1 AND users.DELETE_FLAG = '0') usr LEFT JOIN (SELECT manager.USERS_ID userId, manager.AUTHORIZATION_TYPE_ID typeId FROM IVB_M_MANAGER manager WHERE 1 = 1 AND manager.DELETE_FLAG = '0' GROUP BY manager.USERS_ID, manager.AUTHORIZATION_TYPE_ID) mgr ON usr.userId = mgr.userId LEFT JOIN IVB_M_AUTHORIZATION authorization ON authorization.AUTHORIZATION_TYPE_ID = mgr.typeId ORDER BY usr.userId 
06-01-2017 22:22:52.046,DEBUG,9AC3B5F72D85F503E23CFE38176BC651,==> Parameters: 
06-01-2017 22:22:52.048,DEBUG,9AC3B5F72D85F503E23CFE38176BC651,<==      Total: 1
06-01-2017 22:22:52.048,INFO ,9AC3B5F72D85F503E23CFE38176BC651,U0000000001,Affiliation searching finished ==> 60 item(s)
06-01-2017 22:22:52.049,INFO ,9AC3B5F72D85F503E23CFE38176BC651,U0000000001,vn.bananavietnam.ict.banana.service.Bnn0087SearchAffiliationService,searchData,[vn.bananavietnam.ict.banana.component.Bnn0087SearchAffiliationConditions@f036e7] METHOD END
06-01-2017 22:22:55.608,INFO ,4FEE22B81BD0A5ABA0EAA0AD530AECA8,U0000000001,vn.bananavietnam.ict.banana.service.Bnn0087SearchAffiliationService,initData,[{}] METHOD START
06-01-2017 22:22:55.626,DEBUG,4FEE22B81BD0A5ABA0EAA0AD530AECA8,==>  Preparing: select AUTHORIZATION_TYPE_ID, AUTHORIZATION_TYPE_NAME, ACCESS_AUTHORITY_ID, CREATE_USER_ID, CREATE_DATE, UPDATE_USER_ID, LAST_UPDATE_DATE, DELETE_FLAG from IVB_M_AUTHORIZATION 
06-01-2017 22:22:55.626,DEBUG,4FEE22B81BD0A5ABA0EAA0AD530AECA8,==> Parameters: 
06-01-2017 22:22:55.628,DEBUG,4FEE22B81BD0A5ABA0EAA0AD530AECA8,<==      Total: 4
06-01-2017 22:22:55.628,INFO ,4FEE22B81BD0A5ABA0EAA0AD530AECA8,U0000000001,vn.bananavietnam.ict.banana.service.Bnn0087SearchAffiliationService,initData,[{affiliationData=[{"authorizationTypeId":"1","authorizationTypeName":"Quản lý hệ thống","accessAuthorityId":"1","createUserId":"U0000000001","createDate":1489363200000,"updateUserId":"U0000000001","lastUpdateDate":1490054400000,"deleteFlag":false},{"authorizationTypeId":"2","authorizationTypeName":"Giám đốc kinh doanh","accessAuthorityId":"2","createUserId":"U0000000001","createDate":1489363200000,"updateUserId":"U0000000001","lastUpdateDate":1490054400000,"deleteFlag":false},{"authorizationTypeId":"3","authorizationTypeName":"Quản lý nông trại","accessAuthorityId":"3","createUserId":"U0000000001","createDate":1489363200000,"updateUserId":"U0000000001","lastUpdateDate":1490054400000,"deleteFlag":false},{"authorizationTypeId":"4","authorizationTypeName":"Quản lý lô","accessAuthorityId":"4","createUserId":"U0000000001","createDate":1489363200000,"updateUserId":"U0000000001","lastUpdateDate":1490054400000,"deleteFlag":false}]}] METHOD END
06-01-2017 22:22:55.706,INFO ,4FEE22B81BD0A5ABA0EAA0AD530AECA8,U0000000001,vn.bananavietnam.ict.banana.service.Bnn0087SearchAffiliationService,searchData,[vn.bananavietnam.ict.banana.component.Bnn0087SearchAffiliationConditions@12d1ad7] METHOD START
06-01-2017 22:22:55.706,INFO ,4FEE22B81BD0A5ABA0EAA0AD530AECA8,U0000000001,Affiliation searching started
06-01-2017 22:22:55.728,DEBUG,4FEE22B81BD0A5ABA0EAA0AD530AECA8,==>  Preparing: SELECT usr.userName userName, usr.userId userId , authorization.AUTHORIZATION_TYPE_NAME typeName, authorization.AUTHORIZATION_TYPE_ID typeId, mgr.farmIdList farmIdList, mgr.areaIdList areaIdList, mgr.lastUpdateDate lastUpdateDate FROM (SELECT users.USERS_NAME userName, users.USERS_ID userId FROM IVB_M_USERS users WHERE 1 = 1 AND users.DELETE_FLAG = '0') usr LEFT JOIN (SELECT manager.USERS_ID userId, manager.AUTHORIZATION_TYPE_ID typeId, (SELECT LAST_UPDATE_DATE FROM IVB_M_MANAGER ORDER BY LAST_UPDATE_DATE DESC LIMIT 1) lastUpdateDate, GROUP_CONCAT(manager.FARM_ID SEPARATOR ',') as farmIdList, GROUP_CONCAT(manager.AREA_ID SEPARATOR ',') as areaIdList FROM IVB_M_MANAGER manager WHERE 1 = 1 AND manager.DELETE_FLAG = '0' GROUP BY manager.USERS_ID, manager.AUTHORIZATION_TYPE_ID) mgr ON usr.userId = mgr.userId LEFT JOIN IVB_M_AUTHORIZATION authorization ON authorization.AUTHORIZATION_TYPE_ID = mgr.typeId ORDER BY usr.userName, authorization.AUTHORIZATION_TYPE_ID LIMIT ?,? 
06-01-2017 22:22:55.729,DEBUG,4FEE22B81BD0A5ABA0EAA0AD530AECA8,==> Parameters: 0(Integer), 20(Integer)
06-01-2017 22:22:55.732,DEBUG,4FEE22B81BD0A5ABA0EAA0AD530AECA8,<==      Total: 20
06-01-2017 22:22:55.733,INFO ,4FEE22B81BD0A5ABA0EAA0AD530AECA8,U0000000001,SQL execution finished
06-01-2017 22:22:55.733,DEBUG,4FEE22B81BD0A5ABA0EAA0AD530AECA8,==>  Preparing: SELECT COUNT(*) FROM (SELECT users.USERS_NAME userName, users.USERS_ID userId FROM IVB_M_USERS users WHERE 1 = 1 AND users.DELETE_FLAG = '0') usr LEFT JOIN (SELECT manager.USERS_ID userId, manager.AUTHORIZATION_TYPE_ID typeId FROM IVB_M_MANAGER manager WHERE 1 = 1 AND manager.DELETE_FLAG = '0' GROUP BY manager.USERS_ID, manager.AUTHORIZATION_TYPE_ID) mgr ON usr.userId = mgr.userId LEFT JOIN IVB_M_AUTHORIZATION authorization ON authorization.AUTHORIZATION_TYPE_ID = mgr.typeId ORDER BY usr.userId 
06-01-2017 22:22:55.733,DEBUG,4FEE22B81BD0A5ABA0EAA0AD530AECA8,==> Parameters: 
06-01-2017 22:22:55.734,DEBUG,4FEE22B81BD0A5ABA0EAA0AD530AECA8,<==      Total: 1
06-01-2017 22:22:55.735,INFO ,4FEE22B81BD0A5ABA0EAA0AD530AECA8,U0000000001,Affiliation searching finished ==> 60 item(s)
06-01-2017 22:22:55.735,INFO ,4FEE22B81BD0A5ABA0EAA0AD530AECA8,U0000000001,vn.bananavietnam.ict.banana.service.Bnn0087SearchAffiliationService,searchData,[vn.bananavietnam.ict.banana.component.Bnn0087SearchAffiliationConditions@12d1ad7] METHOD END
06-01-2017 22:22:55.982,INFO ,4FEE22B81BD0A5ABA0EAA0AD530AECA8,U0000000001,vn.bananavietnam.ict.banana.service.Bnn0087SearchAffiliationService,searchData,[vn.bananavietnam.ict.banana.component.Bnn0087SearchAffiliationConditions@10c0aff] METHOD START
06-01-2017 22:22:55.982,INFO ,4FEE22B81BD0A5ABA0EAA0AD530AECA8,U0000000001,Affiliation searching started
06-01-2017 22:22:56.006,DEBUG,4FEE22B81BD0A5ABA0EAA0AD530AECA8,==>  Preparing: SELECT usr.userName userName, usr.userId userId , authorization.AUTHORIZATION_TYPE_NAME typeName, authorization.AUTHORIZATION_TYPE_ID typeId, mgr.farmIdList farmIdList, mgr.areaIdList areaIdList, mgr.lastUpdateDate lastUpdateDate FROM (SELECT users.USERS_NAME userName, users.USERS_ID userId FROM IVB_M_USERS users WHERE 1 = 1 AND users.DELETE_FLAG = '0') usr LEFT JOIN (SELECT manager.USERS_ID userId, manager.AUTHORIZATION_TYPE_ID typeId, (SELECT LAST_UPDATE_DATE FROM IVB_M_MANAGER ORDER BY LAST_UPDATE_DATE DESC LIMIT 1) lastUpdateDate, GROUP_CONCAT(manager.FARM_ID SEPARATOR ',') as farmIdList, GROUP_CONCAT(manager.AREA_ID SEPARATOR ',') as areaIdList FROM IVB_M_MANAGER manager WHERE 1 = 1 AND manager.DELETE_FLAG = '0' GROUP BY manager.USERS_ID, manager.AUTHORIZATION_TYPE_ID) mgr ON usr.userId = mgr.userId LEFT JOIN IVB_M_AUTHORIZATION authorization ON authorization.AUTHORIZATION_TYPE_ID = mgr.typeId ORDER BY usr.userName, authorization.AUTHORIZATION_TYPE_ID LIMIT ?,? 
06-01-2017 22:22:56.006,DEBUG,4FEE22B81BD0A5ABA0EAA0AD530AECA8,==> Parameters: 0(Integer), 20(Integer)
06-01-2017 22:22:56.010,DEBUG,4FEE22B81BD0A5ABA0EAA0AD530AECA8,<==      Total: 20
06-01-2017 22:22:56.010,INFO ,4FEE22B81BD0A5ABA0EAA0AD530AECA8,U0000000001,SQL execution finished
06-01-2017 22:22:56.010,DEBUG,4FEE22B81BD0A5ABA0EAA0AD530AECA8,==>  Preparing: SELECT COUNT(*) FROM (SELECT users.USERS_NAME userName, users.USERS_ID userId FROM IVB_M_USERS users WHERE 1 = 1 AND users.DELETE_FLAG = '0') usr LEFT JOIN (SELECT manager.USERS_ID userId, manager.AUTHORIZATION_TYPE_ID typeId FROM IVB_M_MANAGER manager WHERE 1 = 1 AND manager.DELETE_FLAG = '0' GROUP BY manager.USERS_ID, manager.AUTHORIZATION_TYPE_ID) mgr ON usr.userId = mgr.userId LEFT JOIN IVB_M_AUTHORIZATION authorization ON authorization.AUTHORIZATION_TYPE_ID = mgr.typeId ORDER BY usr.userId 
06-01-2017 22:22:56.010,DEBUG,4FEE22B81BD0A5ABA0EAA0AD530AECA8,==> Parameters: 
06-01-2017 22:22:56.013,DEBUG,4FEE22B81BD0A5ABA0EAA0AD530AECA8,<==      Total: 1
06-01-2017 22:22:56.013,INFO ,4FEE22B81BD0A5ABA0EAA0AD530AECA8,U0000000001,Affiliation searching finished ==> 60 item(s)
06-01-2017 22:22:56.013,INFO ,4FEE22B81BD0A5ABA0EAA0AD530AECA8,U0000000001,vn.bananavietnam.ict.banana.service.Bnn0087SearchAffiliationService,searchData,[vn.bananavietnam.ict.banana.component.Bnn0087SearchAffiliationConditions@10c0aff] METHOD END
