06-01-2017 22:01:50.576,INFO ,1BFA15E4ED79486D293940FF5D2017CD,U0000000001,vn.bananavietnam.ict.banana.service.Bnn0087SearchAffiliationService,initData,[{}] METHOD START
06-01-2017 22:01:50.591,DEBUG,1BFA15E4ED79486D293940FF5D2017CD,==>  Preparing: select AUTHORIZATION_TYPE_ID, AUTHORIZATION_TYPE_NAME, ACCESS_AUTHORITY_ID, CREATE_USER_ID, CREATE_DATE, UPDATE_USER_ID, LAST_UPDATE_DATE, DELETE_FLAG from IVB_M_AUTHORIZATION 
06-01-2017 22:01:50.591,DEBUG,1BFA15E4ED79486D293940FF5D2017CD,==> Parameters: 
06-01-2017 22:01:50.593,DEBUG,1BFA15E4ED79486D293940FF5D2017CD,<==      Total: 4
06-01-2017 22:01:50.594,INFO ,1BFA15E4ED79486D293940FF5D2017CD,U0000000001,vn.bananavietnam.ict.banana.service.Bnn0087SearchAffiliationService,initData,[{affiliationData=[{"authorizationTypeId":"1","authorizationTypeName":"Quản lý hệ thống","accessAuthorityId":"1","createUserId":"U0000000001","createDate":1489363200000,"updateUserId":"U0000000001","lastUpdateDate":1490054400000,"deleteFlag":false},{"authorizationTypeId":"2","authorizationTypeName":"Giám đốc kinh doanh","accessAuthorityId":"2","createUserId":"U0000000001","createDate":1489363200000,"updateUserId":"U0000000001","lastUpdateDate":1490054400000,"deleteFlag":false},{"authorizationTypeId":"3","authorizationTypeName":"Quản lý nông trại","accessAuthorityId":"3","createUserId":"U0000000001","createDate":1489363200000,"updateUserId":"U0000000001","lastUpdateDate":1490054400000,"deleteFlag":false},{"authorizationTypeId":"4","authorizationTypeName":"Quản lý lô","accessAuthorityId":"4","createUserId":"U0000000001","createDate":1489363200000,"updateUserId":"U0000000001","lastUpdateDate":1490054400000,"deleteFlag":false}]}] METHOD END
06-01-2017 22:01:50.673,INFO ,1BFA15E4ED79486D293940FF5D2017CD,U0000000001,vn.bananavietnam.ict.banana.service.Bnn0087SearchAffiliationService,searchData,[vn.bananavietnam.ict.banana.component.Bnn0087SearchAffiliationConditions@1858145] METHOD START
06-01-2017 22:01:50.673,INFO ,1BFA15E4ED79486D293940FF5D2017CD,U0000000001,Affiliation searching started
06-01-2017 22:01:50.692,DEBUG,1BFA15E4ED79486D293940FF5D2017CD,==>  Preparing: SELECT usr.userName userName, usr.userId userId , authorization.AUTHORIZATION_TYPE_NAME typeName, authorization.AUTHORIZATION_TYPE_ID typeId, mgr.farmIdList farmIdList, mgr.areaIdList areaIdList, mgr.lastUpdateDate lastUpdateDate FROM (SELECT users.USERS_NAME userName, users.USERS_ID userId FROM IVB_M_USERS users WHERE 1 = 1 AND users.DELETE_FLAG = '0') usr LEFT JOIN (SELECT manager.USERS_ID userId, manager.AUTHORIZATION_TYPE_ID typeId, (SELECT LAST_UPDATE_DATE FROM IVB_M_MANAGER ORDER BY LAST_UPDATE_DATE DESC LIMIT 1) lastUpdateDate, GROUP_CONCAT(manager.FARM_ID SEPARATOR ',') as farmIdList, GROUP_CONCAT(manager.AREA_ID SEPARATOR ',') as areaIdList FROM IVB_M_MANAGER manager WHERE 1 = 1 AND manager.DELETE_FLAG = '0' GROUP BY manager.USERS_ID, manager.AUTHORIZATION_TYPE_ID) mgr ON usr.userId = mgr.userId LEFT JOIN IVB_M_AUTHORIZATION authorization ON authorization.AUTHORIZATION_TYPE_ID = mgr.typeId ORDER BY usr.userName, authorization.AUTHORIZATION_TYPE_ID LIMIT ?,? 
06-01-2017 22:01:50.692,DEBUG,1BFA15E4ED79486D293940FF5D2017CD,==> Parameters: 0(Integer), 20(Integer)
06-01-2017 22:01:50.695,DEBUG,1BFA15E4ED79486D293940FF5D2017CD,<==      Total: 20
06-01-2017 22:01:50.695,INFO ,1BFA15E4ED79486D293940FF5D2017CD,U0000000001,SQL execution finished
06-01-2017 22:01:50.695,DEBUG,1BFA15E4ED79486D293940FF5D2017CD,==>  Preparing: SELECT COUNT(*) FROM (SELECT users.USERS_NAME userName, users.USERS_ID userId FROM IVB_M_USERS users WHERE 1 = 1 AND users.DELETE_FLAG = '0') usr LEFT JOIN (SELECT manager.USERS_ID userId, manager.AUTHORIZATION_TYPE_ID typeId FROM IVB_M_MANAGER manager WHERE 1 = 1 AND manager.DELETE_FLAG = '0' GROUP BY manager.USERS_ID, manager.AUTHORIZATION_TYPE_ID) mgr ON usr.userId = mgr.userId LEFT JOIN IVB_M_AUTHORIZATION authorization ON authorization.AUTHORIZATION_TYPE_ID = mgr.typeId ORDER BY usr.userId 
06-01-2017 22:01:50.696,DEBUG,1BFA15E4ED79486D293940FF5D2017CD,==> Parameters: 
06-01-2017 22:01:50.698,DEBUG,1BFA15E4ED79486D293940FF5D2017CD,<==      Total: 1
06-01-2017 22:01:50.698,INFO ,1BFA15E4ED79486D293940FF5D2017CD,U0000000001,Affiliation searching finished ==> 60 item(s)
06-01-2017 22:01:50.698,INFO ,1BFA15E4ED79486D293940FF5D2017CD,U0000000001,vn.bananavietnam.ict.banana.service.Bnn0087SearchAffiliationService,searchData,[vn.bananavietnam.ict.banana.component.Bnn0087SearchAffiliationConditions@1858145] METHOD END
06-01-2017 22:01:50.930,INFO ,1BFA15E4ED79486D293940FF5D2017CD,U0000000001,vn.bananavietnam.ict.banana.service.Bnn0087SearchAffiliationService,searchData,[vn.bananavietnam.ict.banana.component.Bnn0087SearchAffiliationConditions@177ba5a] METHOD START
06-01-2017 22:01:50.930,INFO ,1BFA15E4ED79486D293940FF5D2017CD,U0000000001,Affiliation searching started
06-01-2017 22:01:50.948,DEBUG,1BFA15E4ED79486D293940FF5D2017CD,==>  Preparing: SELECT usr.userName userName, usr.userId userId , authorization.AUTHORIZATION_TYPE_NAME typeName, authorization.AUTHORIZATION_TYPE_ID typeId, mgr.farmIdList farmIdList, mgr.areaIdList areaIdList, mgr.lastUpdateDate lastUpdateDate FROM (SELECT users.USERS_NAME userName, users.USERS_ID userId FROM IVB_M_USERS users WHERE 1 = 1 AND users.DELETE_FLAG = '0') usr LEFT JOIN (SELECT manager.USERS_ID userId, manager.AUTHORIZATION_TYPE_ID typeId, (SELECT LAST_UPDATE_DATE FROM IVB_M_MANAGER ORDER BY LAST_UPDATE_DATE DESC LIMIT 1) lastUpdateDate, GROUP_CONCAT(manager.FARM_ID SEPARATOR ',') as farmIdList, GROUP_CONCAT(manager.AREA_ID SEPARATOR ',') as areaIdList FROM IVB_M_MANAGER manager WHERE 1 = 1 AND manager.DELETE_FLAG = '0' GROUP BY manager.USERS_ID, manager.AUTHORIZATION_TYPE_ID) mgr ON usr.userId = mgr.userId LEFT JOIN IVB_M_AUTHORIZATION authorization ON authorization.AUTHORIZATION_TYPE_ID = mgr.typeId ORDER BY usr.userName, authorization.AUTHORIZATION_TYPE_ID LIMIT ?,? 
06-01-2017 22:01:50.948,DEBUG,1BFA15E4ED79486D293940FF5D2017CD,==> Parameters: 0(Integer), 20(Integer)
06-01-2017 22:01:50.952,DEBUG,1BFA15E4ED79486D293940FF5D2017CD,<==      Total: 20
06-01-2017 22:01:50.952,INFO ,1BFA15E4ED79486D293940FF5D2017CD,U0000000001,SQL execution finished
06-01-2017 22:01:50.953,DEBUG,1BFA15E4ED79486D293940FF5D2017CD,==>  Preparing: SELECT COUNT(*) FROM (SELECT users.USERS_NAME userName, users.USERS_ID userId FROM IVB_M_USERS users WHERE 1 = 1 AND users.DELETE_FLAG = '0') usr LEFT JOIN (SELECT manager.USERS_ID userId, manager.AUTHORIZATION_TYPE_ID typeId FROM IVB_M_MANAGER manager WHERE 1 = 1 AND manager.DELETE_FLAG = '0' GROUP BY manager.USERS_ID, manager.AUTHORIZATION_TYPE_ID) mgr ON usr.userId = mgr.userId LEFT JOIN IVB_M_AUTHORIZATION authorization ON authorization.AUTHORIZATION_TYPE_ID = mgr.typeId ORDER BY usr.userId 
06-01-2017 22:01:50.953,DEBUG,1BFA15E4ED79486D293940FF5D2017CD,==> Parameters: 
06-01-2017 22:01:50.954,DEBUG,1BFA15E4ED79486D293940FF5D2017CD,<==      Total: 1
06-01-2017 22:01:50.954,INFO ,1BFA15E4ED79486D293940FF5D2017CD,U0000000001,Affiliation searching finished ==> 60 item(s)
06-01-2017 22:01:50.954,INFO ,1BFA15E4ED79486D293940FF5D2017CD,U0000000001,vn.bananavietnam.ict.banana.service.Bnn0087SearchAffiliationService,searchData,[vn.bananavietnam.ict.banana.component.Bnn0087SearchAffiliationConditions@177ba5a] METHOD END
06-01-2017 22:01:51.168,INFO ,1BFA15E4ED79486D293940FF5D2017CD,U0000000001,vn.bananavietnam.ict.banana.service.Bnn0087SearchAffiliationService,searchData,[vn.bananavietnam.ict.banana.component.Bnn0087SearchAffiliationConditions@16e8f3b] METHOD START
06-01-2017 22:01:51.168,INFO ,1BFA15E4ED79486D293940FF5D2017CD,U0000000001,Affiliation searching started
06-01-2017 22:01:51.186,DEBUG,1BFA15E4ED79486D293940FF5D2017CD,==>  Preparing: SELECT usr.userName userName, usr.userId userId , authorization.AUTHORIZATION_TYPE_NAME typeName, authorization.AUTHORIZATION_TYPE_ID typeId, mgr.farmIdList farmIdList, mgr.areaIdList areaIdList, mgr.lastUpdateDate lastUpdateDate FROM (SELECT users.USERS_NAME userName, users.USERS_ID userId FROM IVB_M_USERS users WHERE 1 = 1 AND users.DELETE_FLAG = '0') usr LEFT JOIN (SELECT manager.USERS_ID userId, manager.AUTHORIZATION_TYPE_ID typeId, (SELECT LAST_UPDATE_DATE FROM IVB_M_MANAGER ORDER BY LAST_UPDATE_DATE DESC LIMIT 1) lastUpdateDate, GROUP_CONCAT(manager.FARM_ID SEPARATOR ',') as farmIdList, GROUP_CONCAT(manager.AREA_ID SEPARATOR ',') as areaIdList FROM IVB_M_MANAGER manager WHERE 1 = 1 AND manager.DELETE_FLAG = '0' GROUP BY manager.USERS_ID, manager.AUTHORIZATION_TYPE_ID) mgr ON usr.userId = mgr.userId LEFT JOIN IVB_M_AUTHORIZATION authorization ON authorization.AUTHORIZATION_TYPE_ID = mgr.typeId ORDER BY usr.userName, authorization.AUTHORIZATION_TYPE_ID LIMIT ?,? 
06-01-2017 22:01:51.186,DEBUG,1BFA15E4ED79486D293940FF5D2017CD,==> Parameters: 40(Integer), 20(Integer)
06-01-2017 22:01:51.190,DEBUG,1BFA15E4ED79486D293940FF5D2017CD,<==      Total: 20
06-01-2017 22:01:51.190,INFO ,1BFA15E4ED79486D293940FF5D2017CD,U0000000001,SQL execution finished
06-01-2017 22:01:51.190,DEBUG,1BFA15E4ED79486D293940FF5D2017CD,==>  Preparing: SELECT COUNT(*) FROM (SELECT users.USERS_NAME userName, users.USERS_ID userId FROM IVB_M_USERS users WHERE 1 = 1 AND users.DELETE_FLAG = '0') usr LEFT JOIN (SELECT manager.USERS_ID userId, manager.AUTHORIZATION_TYPE_ID typeId FROM IVB_M_MANAGER manager WHERE 1 = 1 AND manager.DELETE_FLAG = '0' GROUP BY manager.USERS_ID, manager.AUTHORIZATION_TYPE_ID) mgr ON usr.userId = mgr.userId LEFT JOIN IVB_M_AUTHORIZATION authorization ON authorization.AUTHORIZATION_TYPE_ID = mgr.typeId ORDER BY usr.userId 
06-01-2017 22:01:51.190,DEBUG,1BFA15E4ED79486D293940FF5D2017CD,==> Parameters: 
06-01-2017 22:01:51.192,DEBUG,1BFA15E4ED79486D293940FF5D2017CD,<==      Total: 1
06-01-2017 22:01:51.192,INFO ,1BFA15E4ED79486D293940FF5D2017CD,U0000000001,Affiliation searching finished ==> 60 item(s)
06-01-2017 22:01:51.192,INFO ,1BFA15E4ED79486D293940FF5D2017CD,U0000000001,vn.bananavietnam.ict.banana.service.Bnn0087SearchAffiliationService,searchData,[vn.bananavietnam.ict.banana.component.Bnn0087SearchAffiliationConditions@16e8f3b] METHOD END
