06-01-2017 21:00:02.211,INFO ,57C91EF6AC2B23F3F664E686E4C44CA7,U0000000001,vn.bananavietnam.ict.banana.service.Bnn0087SearchAffiliationService,searchData,[vn.bananavietnam.ict.banana.component.Bnn0087SearchAffiliationConditions@58d93f] METHOD START
06-01-2017 21:00:02.211,INFO ,57C91EF6AC2B23F3F664E686E4C44CA7,U0000000001,Affiliation searching started
06-01-2017 21:00:06.260,ERROR,57C91EF6AC2B23F3F664E686E4C44CA7,U0000000001,java.lang.Exception: nested exception is org.apache.ibatis.exceptions.PersistenceException: 
06-01-2017 21:00:06.261,INFO ,57C91EF6AC2B23F3F664E686E4C44CA7,U0000000001,vn.bananavietnam.ict.banana.service.Bnn0087SearchAffiliationService,searchData,[vn.bananavietnam.ict.banana.component.Bnn0087SearchAffiliationConditions@58d93f] METHOD END
06-01-2017 21:00:06.908,INFO ,57C91EF6AC2B23F3F664E686E4C44CA7,U0000000001,vn.bananavietnam.ict.banana.service.Bnn0087SearchAffiliationService,searchData,[vn.bananavietnam.ict.banana.component.Bnn0087SearchAffiliationConditions@19fdd30] METHOD START
06-01-2017 21:00:06.908,INFO ,57C91EF6AC2B23F3F664E686E4C44CA7,U0000000001,Affiliation searching started
06-01-2017 21:00:06.928,DEBUG,57C91EF6AC2B23F3F664E686E4C44CA7,==>  Preparing: SELECT usr.userName userName, usr.userId userId , authorization.AUTHORIZATION_TYPE_NAME typeName, authorization.AUTHORIZATION_TYPE_ID typeId, mgr.farmIdList farmIdList, mgr.areaIdList areaIdList, mgr.lastUpdateDate lastUpdateDate FROM (SELECT users.USERS_NAME userName, users.USERS_ID userId FROM IVB_M_USERS users WHERE 1 = 1 AND users.DELETE_FLAG = '0') usr LEFT JOIN (SELECT manager.USERS_ID userId, manager.AUTHORIZATION_TYPE_ID typeId, (SELECT LAST_UPDATE_DATE FROM IVB_M_MANAGER ORDER BY LAST_UPDATE_DATE DESC LIMIT 1) lastUpdateDate, GROUP_CONCAT(manager.FARM_ID SEPARATOR ',') as farmIdList, GROUP_CONCAT(manager.AREA_ID SEPARATOR ',') as areaIdList FROM IVB_M_MANAGER manager WHERE 1 = 1 AND manager.DELETE_FLAG = '0' GROUP BY manager.USERS_ID, manager.AUTHORIZATION_TYPE_ID) mgr ON usr.userId = mgr.userId LEFT JOIN IVB_M_AUTHORIZATION authorization ON authorization.AUTHORIZATION_TYPE_ID = mgr.typeId ORDER BY usr.userName, authorization.AUTHORIZATION_TYPE_ID LIMIT ?,? 
06-01-2017 21:00:06.928,DEBUG,57C91EF6AC2B23F3F664E686E4C44CA7,==> Parameters: 0(Integer), 20(Integer)
06-01-2017 21:00:06.933,DEBUG,57C91EF6AC2B23F3F664E686E4C44CA7,<==      Total: 20
06-01-2017 21:00:06.933,INFO ,57C91EF6AC2B23F3F664E686E4C44CA7,U0000000001,SQL execution finished
06-01-2017 21:00:06.933,DEBUG,57C91EF6AC2B23F3F664E686E4C44CA7,==>  Preparing: SELECT COUNT(*) FROM (SELECT users.USERS_NAME userName, users.USERS_ID userId FROM IVB_M_USERS users WHERE 1 = 1 AND users.DELETE_FLAG = '0') usr LEFT JOIN (SELECT manager.USERS_ID userId, manager.AUTHORIZATION_TYPE_ID typeId FROM IVB_M_MANAGER manager WHERE 1 = 1 AND manager.DELETE_FLAG = '0' GROUP BY manager.USERS_ID, manager.AUTHORIZATION_TYPE_ID) mgr ON usr.userId = mgr.userId LEFT JOIN IVB_M_AUTHORIZATION authorization ON authorization.AUTHORIZATION_TYPE_ID = mgr.typeId ORDER BY usr.userId 
06-01-2017 21:00:06.933,DEBUG,57C91EF6AC2B23F3F664E686E4C44CA7,==> Parameters: 
06-01-2017 21:00:06.936,DEBUG,57C91EF6AC2B23F3F664E686E4C44CA7,<==      Total: 1
06-01-2017 21:00:06.936,INFO ,57C91EF6AC2B23F3F664E686E4C44CA7,U0000000001,Affiliation searching finished ==> 60 item(s)
06-01-2017 21:00:06.937,INFO ,57C91EF6AC2B23F3F664E686E4C44CA7,U0000000001,vn.bananavietnam.ict.banana.service.Bnn0087SearchAffiliationService,searchData,[vn.bananavietnam.ict.banana.component.Bnn0087SearchAffiliationConditions@19fdd30] METHOD END
06-01-2017 21:00:08.400,INFO ,00490BFCF96DA328483409D8C32A27A9,U0000000001,vn.bananavietnam.ict.banana.service.Bnn0087SearchAffiliationService,initData,[{}] METHOD START
06-01-2017 21:00:08.419,DEBUG,00490BFCF96DA328483409D8C32A27A9,==>  Preparing: select AUTHORIZATION_TYPE_ID, AUTHORIZATION_TYPE_NAME, ACCESS_AUTHORITY_ID, CREATE_USER_ID, CREATE_DATE, UPDATE_USER_ID, LAST_UPDATE_DATE, DELETE_FLAG from IVB_M_AUTHORIZATION 
06-01-2017 21:00:08.419,DEBUG,00490BFCF96DA328483409D8C32A27A9,==> Parameters: 
06-01-2017 21:00:08.421,DEBUG,00490BFCF96DA328483409D8C32A27A9,<==      Total: 4
06-01-2017 21:00:08.421,INFO ,00490BFCF96DA328483409D8C32A27A9,U0000000001,vn.bananavietnam.ict.banana.service.Bnn0087SearchAffiliationService,initData,[{affiliationData=[{"authorizationTypeId":"1","authorizationTypeName":"Quản lý hệ thống","accessAuthorityId":"1","createUserId":"U0000000001","createDate":1489363200000,"updateUserId":"U0000000001","lastUpdateDate":1490054400000,"deleteFlag":false},{"authorizationTypeId":"2","authorizationTypeName":"Giám đốc kinh doanh","accessAuthorityId":"2","createUserId":"U0000000001","createDate":1489363200000,"updateUserId":"U0000000001","lastUpdateDate":1490054400000,"deleteFlag":false},{"authorizationTypeId":"3","authorizationTypeName":"Quản lý nông trại","accessAuthorityId":"3","createUserId":"U0000000001","createDate":1489363200000,"updateUserId":"U0000000001","lastUpdateDate":1490054400000,"deleteFlag":false},{"authorizationTypeId":"4","authorizationTypeName":"Quản lý lô","accessAuthorityId":"4","createUserId":"U0000000001","createDate":1489363200000,"updateUserId":"U0000000001","lastUpdateDate":1490054400000,"deleteFlag":false}]}] METHOD END
06-01-2017 21:00:08.502,INFO ,00490BFCF96DA328483409D8C32A27A9,U0000000001,vn.bananavietnam.ict.banana.service.Bnn0087SearchAffiliationService,searchData,[vn.bananavietnam.ict.banana.component.Bnn0087SearchAffiliationConditions@8b1181] METHOD START
06-01-2017 21:00:08.502,INFO ,00490BFCF96DA328483409D8C32A27A9,U0000000001,Affiliation searching started
06-01-2017 21:00:08.518,DEBUG,00490BFCF96DA328483409D8C32A27A9,==>  Preparing: SELECT usr.userName userName, usr.userId userId , authorization.AUTHORIZATION_TYPE_NAME typeName, authorization.AUTHORIZATION_TYPE_ID typeId, mgr.farmIdList farmIdList, mgr.areaIdList areaIdList, mgr.lastUpdateDate lastUpdateDate FROM (SELECT users.USERS_NAME userName, users.USERS_ID userId FROM IVB_M_USERS users WHERE 1 = 1 AND users.DELETE_FLAG = '0') usr LEFT JOIN (SELECT manager.USERS_ID userId, manager.AUTHORIZATION_TYPE_ID typeId, (SELECT LAST_UPDATE_DATE FROM IVB_M_MANAGER ORDER BY LAST_UPDATE_DATE DESC LIMIT 1) lastUpdateDate, GROUP_CONCAT(manager.FARM_ID SEPARATOR ',') as farmIdList, GROUP_CONCAT(manager.AREA_ID SEPARATOR ',') as areaIdList FROM IVB_M_MANAGER manager WHERE 1 = 1 AND manager.DELETE_FLAG = '0' GROUP BY manager.USERS_ID, manager.AUTHORIZATION_TYPE_ID) mgr ON usr.userId = mgr.userId LEFT JOIN IVB_M_AUTHORIZATION authorization ON authorization.AUTHORIZATION_TYPE_ID = mgr.typeId ORDER BY usr.userName, authorization.AUTHORIZATION_TYPE_ID LIMIT ?,? 
06-01-2017 21:00:08.518,DEBUG,00490BFCF96DA328483409D8C32A27A9,==> Parameters: 0(Integer), 20(Integer)
06-01-2017 21:00:08.522,DEBUG,00490BFCF96DA328483409D8C32A27A9,<==      Total: 20
06-01-2017 21:00:08.523,INFO ,00490BFCF96DA328483409D8C32A27A9,U0000000001,SQL execution finished
06-01-2017 21:00:08.523,DEBUG,00490BFCF96DA328483409D8C32A27A9,==>  Preparing: SELECT COUNT(*) FROM (SELECT users.USERS_NAME userName, users.USERS_ID userId FROM IVB_M_USERS users WHERE 1 = 1 AND users.DELETE_FLAG = '0') usr LEFT JOIN (SELECT manager.USERS_ID userId, manager.AUTHORIZATION_TYPE_ID typeId FROM IVB_M_MANAGER manager WHERE 1 = 1 AND manager.DELETE_FLAG = '0' GROUP BY manager.USERS_ID, manager.AUTHORIZATION_TYPE_ID) mgr ON usr.userId = mgr.userId LEFT JOIN IVB_M_AUTHORIZATION authorization ON authorization.AUTHORIZATION_TYPE_ID = mgr.typeId ORDER BY usr.userId 
06-01-2017 21:00:08.523,DEBUG,00490BFCF96DA328483409D8C32A27A9,==> Parameters: 
06-01-2017 21:00:08.524,DEBUG,00490BFCF96DA328483409D8C32A27A9,<==      Total: 1
06-01-2017 21:00:08.524,INFO ,00490BFCF96DA328483409D8C32A27A9,U0000000001,Affiliation searching finished ==> 60 item(s)
06-01-2017 21:00:08.525,INFO ,00490BFCF96DA328483409D8C32A27A9,U0000000001,vn.bananavietnam.ict.banana.service.Bnn0087SearchAffiliationService,searchData,[vn.bananavietnam.ict.banana.component.Bnn0087SearchAffiliationConditions@8b1181] METHOD END
06-01-2017 21:00:08.763,INFO ,00490BFCF96DA328483409D8C32A27A9,U0000000001,vn.bananavietnam.ict.banana.service.Bnn0087SearchAffiliationService,searchData,[vn.bananavietnam.ict.banana.component.Bnn0087SearchAffiliationConditions@1247d09] METHOD START
06-01-2017 21:00:08.763,INFO ,00490BFCF96DA328483409D8C32A27A9,U0000000001,Affiliation searching started
06-01-2017 21:00:08.782,DEBUG,00490BFCF96DA328483409D8C32A27A9,==>  Preparing: SELECT usr.userName userName, usr.userId userId , authorization.AUTHORIZATION_TYPE_NAME typeName, authorization.AUTHORIZATION_TYPE_ID typeId, mgr.farmIdList farmIdList, mgr.areaIdList areaIdList, mgr.lastUpdateDate lastUpdateDate FROM (SELECT users.USERS_NAME userName, users.USERS_ID userId FROM IVB_M_USERS users WHERE 1 = 1 AND users.DELETE_FLAG = '0') usr LEFT JOIN (SELECT manager.USERS_ID userId, manager.AUTHORIZATION_TYPE_ID typeId, (SELECT LAST_UPDATE_DATE FROM IVB_M_MANAGER ORDER BY LAST_UPDATE_DATE DESC LIMIT 1) lastUpdateDate, GROUP_CONCAT(manager.FARM_ID SEPARATOR ',') as farmIdList, GROUP_CONCAT(manager.AREA_ID SEPARATOR ',') as areaIdList FROM IVB_M_MANAGER manager WHERE 1 = 1 AND manager.DELETE_FLAG = '0' GROUP BY manager.USERS_ID, manager.AUTHORIZATION_TYPE_ID) mgr ON usr.userId = mgr.userId LEFT JOIN IVB_M_AUTHORIZATION authorization ON authorization.AUTHORIZATION_TYPE_ID = mgr.typeId ORDER BY usr.userName, authorization.AUTHORIZATION_TYPE_ID LIMIT ?,? 
06-01-2017 21:00:08.782,DEBUG,00490BFCF96DA328483409D8C32A27A9,==> Parameters: 0(Integer), 20(Integer)
06-01-2017 21:00:08.786,DEBUG,00490BFCF96DA328483409D8C32A27A9,<==      Total: 20
06-01-2017 21:00:08.786,INFO ,00490BFCF96DA328483409D8C32A27A9,U0000000001,SQL execution finished
06-01-2017 21:00:08.786,DEBUG,00490BFCF96DA328483409D8C32A27A9,==>  Preparing: SELECT COUNT(*) FROM (SELECT users.USERS_NAME userName, users.USERS_ID userId FROM IVB_M_USERS users WHERE 1 = 1 AND users.DELETE_FLAG = '0') usr LEFT JOIN (SELECT manager.USERS_ID userId, manager.AUTHORIZATION_TYPE_ID typeId FROM IVB_M_MANAGER manager WHERE 1 = 1 AND manager.DELETE_FLAG = '0' GROUP BY manager.USERS_ID, manager.AUTHORIZATION_TYPE_ID) mgr ON usr.userId = mgr.userId LEFT JOIN IVB_M_AUTHORIZATION authorization ON authorization.AUTHORIZATION_TYPE_ID = mgr.typeId ORDER BY usr.userId 
06-01-2017 21:00:08.786,DEBUG,00490BFCF96DA328483409D8C32A27A9,==> Parameters: 
06-01-2017 21:00:08.788,DEBUG,00490BFCF96DA328483409D8C32A27A9,<==      Total: 1
06-01-2017 21:00:08.788,INFO ,00490BFCF96DA328483409D8C32A27A9,U0000000001,Affiliation searching finished ==> 60 item(s)
06-01-2017 21:00:08.788,INFO ,00490BFCF96DA328483409D8C32A27A9,U0000000001,vn.bananavietnam.ict.banana.service.Bnn0087SearchAffiliationService,searchData,[vn.bananavietnam.ict.banana.component.Bnn0087SearchAffiliationConditions@1247d09] METHOD END
06-01-2017 21:00:08.980,INFO ,00490BFCF96DA328483409D8C32A27A9,U0000000001,vn.bananavietnam.ict.banana.service.Bnn0087SearchAffiliationService,getDataForAffiliation,[] METHOD START
06-01-2017 21:00:08.998,DEBUG,00490BFCF96DA328483409D8C32A27A9,==>  Preparing: SELECT DISTINCT farm.FARM_NAME farmName, farm.FARM_ID farmId, area.AREA_NAME areaName, area.AREA_ID areaId, area.AREA_MANAGER areaManager, (SELECT USERS_NAME FROM IVB_M_USERS WHERE USERS_ID = AREA_MANAGER) usersName FROM IVB_M_AREA area INNER JOIN IVB_M_FARM farm ON farm.FARM_ID = area.FARM_ID WHERE farm.DELETE_FLAG = '0' AND area.DELETE_FLAG = '0' ORDER BY farm.FARM_NAME, area.AREA_NAME 
06-01-2017 21:00:08.998,DEBUG,00490BFCF96DA328483409D8C32A27A9,==> Parameters: 
06-01-2017 21:00:09.001,DEBUG,00490BFCF96DA328483409D8C32A27A9,<==      Total: 26
06-01-2017 21:00:09.001,INFO ,00490BFCF96DA328483409D8C32A27A9,U0000000001,SQL execution finished
06-01-2017 21:00:09.001,DEBUG,00490BFCF96DA328483409D8C32A27A9,==>  Preparing: SELECT farm.FARM_NAME farmName, farm.FARM_ID farmId FROM IVB_M_FARM farm WHERE farm.DELETE_FLAG = '0' ORDER BY farm.FARM_NAME 
06-01-2017 21:00:09.001,DEBUG,00490BFCF96DA328483409D8C32A27A9,==> Parameters: 
06-01-2017 21:00:09.002,DEBUG,00490BFCF96DA328483409D8C32A27A9,<==      Total: 21
06-01-2017 21:00:09.003,INFO ,00490BFCF96DA328483409D8C32A27A9,U0000000001,Affiliation searching finished
06-01-2017 21:00:09.003,INFO ,00490BFCF96DA328483409D8C32A27A9,U0000000001,vn.bananavietnam.ict.banana.service.Bnn0087SearchAffiliationService,getDataForAffiliation,[] METHOD END
