06-01-2017 21:41:11.468,INFO ,972E7795CFFA23718FE3BA9EB113C12C,U0000000001,vn.bananavietnam.ict.banana.service.Bnn0087SearchAffiliationService,searchData,[vn.bananavietnam.ict.banana.component.Bnn0087SearchAffiliationConditions@133c3] METHOD START
06-01-2017 21:41:11.468,INFO ,972E7795CFFA23718FE3BA9EB113C12C,U0000000001,Affiliation searching started
06-01-2017 21:41:15.508,ERROR,972E7795CFFA23718FE3BA9EB113C12C,U0000000001,java.lang.Exception: nested exception is org.apache.ibatis.exceptions.PersistenceException: 
06-01-2017 21:41:15.508,INFO ,972E7795CFFA23718FE3BA9EB113C12C,U0000000001,vn.bananavietnam.ict.banana.service.Bnn0087SearchAffiliationService,searchData,[vn.bananavietnam.ict.banana.component.Bnn0087SearchAffiliationConditions@133c3] METHOD END
06-01-2017 21:41:16.718,INFO ,972E7795CFFA23718FE3BA9EB113C12C,U0000000001,vn.bananavietnam.ict.banana.service.Bnn0087SearchAffiliationService,searchData,[vn.bananavietnam.ict.banana.component.Bnn0087SearchAffiliationConditions@1d9025e] METHOD START
06-01-2017 21:41:16.718,INFO ,972E7795CFFA23718FE3BA9EB113C12C,U0000000001,Affiliation searching started
06-01-2017 21:41:16.737,DEBUG,972E7795CFFA23718FE3BA9EB113C12C,==>  Preparing: SELECT usr.userName userName, usr.userId userId , authorization.AUTHORIZATION_TYPE_NAME typeName, authorization.AUTHORIZATION_TYPE_ID typeId, mgr.farmIdList farmIdList, mgr.areaIdList areaIdList, mgr.lastUpdateDate lastUpdateDate FROM (SELECT users.USERS_NAME userName, users.USERS_ID userId FROM IVB_M_USERS users WHERE 1 = 1 AND users.DELETE_FLAG = '0') usr LEFT JOIN (SELECT manager.USERS_ID userId, manager.AUTHORIZATION_TYPE_ID typeId, (SELECT LAST_UPDATE_DATE FROM IVB_M_MANAGER ORDER BY LAST_UPDATE_DATE DESC LIMIT 1) lastUpdateDate, GROUP_CONCAT(manager.FARM_ID SEPARATOR ',') as farmIdList, GROUP_CONCAT(manager.AREA_ID SEPARATOR ',') as areaIdList FROM IVB_M_MANAGER manager WHERE 1 = 1 AND manager.DELETE_FLAG = '0' GROUP BY manager.USERS_ID, manager.AUTHORIZATION_TYPE_ID) mgr ON usr.userId = mgr.userId LEFT JOIN IVB_M_AUTHORIZATION authorization ON authorization.AUTHORIZATION_TYPE_ID = mgr.typeId ORDER BY usr.userName, authorization.AUTHORIZATION_TYPE_ID LIMIT ?,? 
06-01-2017 21:41:16.737,DEBUG,972E7795CFFA23718FE3BA9EB113C12C,==> Parameters: 0(Integer), 20(Integer)
06-01-2017 21:41:16.741,DEBUG,972E7795CFFA23718FE3BA9EB113C12C,<==      Total: 20
06-01-2017 21:41:16.741,INFO ,972E7795CFFA23718FE3BA9EB113C12C,U0000000001,SQL execution finished
06-01-2017 21:41:16.742,DEBUG,972E7795CFFA23718FE3BA9EB113C12C,==>  Preparing: SELECT COUNT(*) FROM (SELECT users.USERS_NAME userName, users.USERS_ID userId FROM IVB_M_USERS users WHERE 1 = 1 AND users.DELETE_FLAG = '0') usr LEFT JOIN (SELECT manager.USERS_ID userId, manager.AUTHORIZATION_TYPE_ID typeId FROM IVB_M_MANAGER manager WHERE 1 = 1 AND manager.DELETE_FLAG = '0' GROUP BY manager.USERS_ID, manager.AUTHORIZATION_TYPE_ID) mgr ON usr.userId = mgr.userId LEFT JOIN IVB_M_AUTHORIZATION authorization ON authorization.AUTHORIZATION_TYPE_ID = mgr.typeId ORDER BY usr.userId 
06-01-2017 21:41:16.742,DEBUG,972E7795CFFA23718FE3BA9EB113C12C,==> Parameters: 
06-01-2017 21:41:16.744,DEBUG,972E7795CFFA23718FE3BA9EB113C12C,<==      Total: 1
06-01-2017 21:41:16.745,INFO ,972E7795CFFA23718FE3BA9EB113C12C,U0000000001,Affiliation searching finished ==> 60 item(s)
06-01-2017 21:41:16.745,INFO ,972E7795CFFA23718FE3BA9EB113C12C,U0000000001,vn.bananavietnam.ict.banana.service.Bnn0087SearchAffiliationService,searchData,[vn.bananavietnam.ict.banana.component.Bnn0087SearchAffiliationConditions@1d9025e] METHOD END
06-01-2017 21:41:18.213,INFO ,00B72763435B405E290CEBB6CCC35198,U0000000001,vn.bananavietnam.ict.banana.service.Bnn0087SearchAffiliationService,initData,[{}] METHOD START
06-01-2017 21:41:18.230,DEBUG,00B72763435B405E290CEBB6CCC35198,==>  Preparing: select AUTHORIZATION_TYPE_ID, AUTHORIZATION_TYPE_NAME, ACCESS_AUTHORITY_ID, CREATE_USER_ID, CREATE_DATE, UPDATE_USER_ID, LAST_UPDATE_DATE, DELETE_FLAG from IVB_M_AUTHORIZATION 
06-01-2017 21:41:18.231,DEBUG,00B72763435B405E290CEBB6CCC35198,==> Parameters: 
06-01-2017 21:41:18.232,DEBUG,00B72763435B405E290CEBB6CCC35198,<==      Total: 4
06-01-2017 21:41:18.232,INFO ,00B72763435B405E290CEBB6CCC35198,U0000000001,vn.bananavietnam.ict.banana.service.Bnn0087SearchAffiliationService,initData,[{affiliationData=[{"authorizationTypeId":"1","authorizationTypeName":"Quản lý hệ thống","accessAuthorityId":"1","createUserId":"U0000000001","createDate":1489363200000,"updateUserId":"U0000000001","lastUpdateDate":1490054400000,"deleteFlag":false},{"authorizationTypeId":"2","authorizationTypeName":"Giám đốc kinh doanh","accessAuthorityId":"2","createUserId":"U0000000001","createDate":1489363200000,"updateUserId":"U0000000001","lastUpdateDate":1490054400000,"deleteFlag":false},{"authorizationTypeId":"3","authorizationTypeName":"Quản lý nông trại","accessAuthorityId":"3","createUserId":"U0000000001","createDate":1489363200000,"updateUserId":"U0000000001","lastUpdateDate":1490054400000,"deleteFlag":false},{"authorizationTypeId":"4","authorizationTypeName":"Quản lý lô","accessAuthorityId":"4","createUserId":"U0000000001","createDate":1489363200000,"updateUserId":"U0000000001","lastUpdateDate":1490054400000,"deleteFlag":false}]}] METHOD END
06-01-2017 21:41:18.311,INFO ,00B72763435B405E290CEBB6CCC35198,U0000000001,vn.bananavietnam.ict.banana.service.Bnn0087SearchAffiliationService,searchData,[vn.bananavietnam.ict.banana.component.Bnn0087SearchAffiliationConditions@13cccae] METHOD START
06-01-2017 21:41:18.311,INFO ,00B72763435B405E290CEBB6CCC35198,U0000000001,Affiliation searching started
06-01-2017 21:41:18.329,DEBUG,00B72763435B405E290CEBB6CCC35198,==>  Preparing: SELECT usr.userName userName, usr.userId userId , authorization.AUTHORIZATION_TYPE_NAME typeName, authorization.AUTHORIZATION_TYPE_ID typeId, mgr.farmIdList farmIdList, mgr.areaIdList areaIdList, mgr.lastUpdateDate lastUpdateDate FROM (SELECT users.USERS_NAME userName, users.USERS_ID userId FROM IVB_M_USERS users WHERE 1 = 1 AND users.DELETE_FLAG = '0') usr LEFT JOIN (SELECT manager.USERS_ID userId, manager.AUTHORIZATION_TYPE_ID typeId, (SELECT LAST_UPDATE_DATE FROM IVB_M_MANAGER ORDER BY LAST_UPDATE_DATE DESC LIMIT 1) lastUpdateDate, GROUP_CONCAT(manager.FARM_ID SEPARATOR ',') as farmIdList, GROUP_CONCAT(manager.AREA_ID SEPARATOR ',') as areaIdList FROM IVB_M_MANAGER manager WHERE 1 = 1 AND manager.DELETE_FLAG = '0' GROUP BY manager.USERS_ID, manager.AUTHORIZATION_TYPE_ID) mgr ON usr.userId = mgr.userId LEFT JOIN IVB_M_AUTHORIZATION authorization ON authorization.AUTHORIZATION_TYPE_ID = mgr.typeId ORDER BY usr.userName, authorization.AUTHORIZATION_TYPE_ID LIMIT ?,? 
06-01-2017 21:41:18.329,DEBUG,00B72763435B405E290CEBB6CCC35198,==> Parameters: 0(Integer), 20(Integer)
06-01-2017 21:41:18.333,DEBUG,00B72763435B405E290CEBB6CCC35198,<==      Total: 20
06-01-2017 21:41:18.333,INFO ,00B72763435B405E290CEBB6CCC35198,U0000000001,SQL execution finished
06-01-2017 21:41:18.333,DEBUG,00B72763435B405E290CEBB6CCC35198,==>  Preparing: SELECT COUNT(*) FROM (SELECT users.USERS_NAME userName, users.USERS_ID userId FROM IVB_M_USERS users WHERE 1 = 1 AND users.DELETE_FLAG = '0') usr LEFT JOIN (SELECT manager.USERS_ID userId, manager.AUTHORIZATION_TYPE_ID typeId FROM IVB_M_MANAGER manager WHERE 1 = 1 AND manager.DELETE_FLAG = '0' GROUP BY manager.USERS_ID, manager.AUTHORIZATION_TYPE_ID) mgr ON usr.userId = mgr.userId LEFT JOIN IVB_M_AUTHORIZATION authorization ON authorization.AUTHORIZATION_TYPE_ID = mgr.typeId ORDER BY usr.userId 
06-01-2017 21:41:18.333,DEBUG,00B72763435B405E290CEBB6CCC35198,==> Parameters: 
06-01-2017 21:41:18.335,DEBUG,00B72763435B405E290CEBB6CCC35198,<==      Total: 1
06-01-2017 21:41:18.335,INFO ,00B72763435B405E290CEBB6CCC35198,U0000000001,Affiliation searching finished ==> 60 item(s)
06-01-2017 21:41:18.335,INFO ,00B72763435B405E290CEBB6CCC35198,U0000000001,vn.bananavietnam.ict.banana.service.Bnn0087SearchAffiliationService,searchData,[vn.bananavietnam.ict.banana.component.Bnn0087SearchAffiliationConditions@13cccae] METHOD END
06-01-2017 21:41:18.560,INFO ,00B72763435B405E290CEBB6CCC35198,U0000000001,vn.bananavietnam.ict.banana.service.Bnn0087SearchAffiliationService,searchData,[vn.bananavietnam.ict.banana.component.Bnn0087SearchAffiliationConditions@d4c0f0] METHOD START
06-01-2017 21:41:18.561,INFO ,00B72763435B405E290CEBB6CCC35198,U0000000001,Affiliation searching started
06-01-2017 21:41:18.578,DEBUG,00B72763435B405E290CEBB6CCC35198,==>  Preparing: SELECT usr.userName userName, usr.userId userId , authorization.AUTHORIZATION_TYPE_NAME typeName, authorization.AUTHORIZATION_TYPE_ID typeId, mgr.farmIdList farmIdList, mgr.areaIdList areaIdList, mgr.lastUpdateDate lastUpdateDate FROM (SELECT users.USERS_NAME userName, users.USERS_ID userId FROM IVB_M_USERS users WHERE 1 = 1 AND users.DELETE_FLAG = '0') usr LEFT JOIN (SELECT manager.USERS_ID userId, manager.AUTHORIZATION_TYPE_ID typeId, (SELECT LAST_UPDATE_DATE FROM IVB_M_MANAGER ORDER BY LAST_UPDATE_DATE DESC LIMIT 1) lastUpdateDate, GROUP_CONCAT(manager.FARM_ID SEPARATOR ',') as farmIdList, GROUP_CONCAT(manager.AREA_ID SEPARATOR ',') as areaIdList FROM IVB_M_MANAGER manager WHERE 1 = 1 AND manager.DELETE_FLAG = '0' GROUP BY manager.USERS_ID, manager.AUTHORIZATION_TYPE_ID) mgr ON usr.userId = mgr.userId LEFT JOIN IVB_M_AUTHORIZATION authorization ON authorization.AUTHORIZATION_TYPE_ID = mgr.typeId ORDER BY usr.userName, authorization.AUTHORIZATION_TYPE_ID LIMIT ?,? 
06-01-2017 21:41:18.578,DEBUG,00B72763435B405E290CEBB6CCC35198,==> Parameters: 0(Integer), 20(Integer)
06-01-2017 21:41:18.582,DEBUG,00B72763435B405E290CEBB6CCC35198,<==      Total: 20
06-01-2017 21:41:18.582,INFO ,00B72763435B405E290CEBB6CCC35198,U0000000001,SQL execution finished
06-01-2017 21:41:18.582,DEBUG,00B72763435B405E290CEBB6CCC35198,==>  Preparing: SELECT COUNT(*) FROM (SELECT users.USERS_NAME userName, users.USERS_ID userId FROM IVB_M_USERS users WHERE 1 = 1 AND users.DELETE_FLAG = '0') usr LEFT JOIN (SELECT manager.USERS_ID userId, manager.AUTHORIZATION_TYPE_ID typeId FROM IVB_M_MANAGER manager WHERE 1 = 1 AND manager.DELETE_FLAG = '0' GROUP BY manager.USERS_ID, manager.AUTHORIZATION_TYPE_ID) mgr ON usr.userId = mgr.userId LEFT JOIN IVB_M_AUTHORIZATION authorization ON authorization.AUTHORIZATION_TYPE_ID = mgr.typeId ORDER BY usr.userId 
06-01-2017 21:41:18.582,DEBUG,00B72763435B405E290CEBB6CCC35198,==> Parameters: 
06-01-2017 21:41:18.584,DEBUG,00B72763435B405E290CEBB6CCC35198,<==      Total: 1
06-01-2017 21:41:18.584,INFO ,00B72763435B405E290CEBB6CCC35198,U0000000001,Affiliation searching finished ==> 60 item(s)
06-01-2017 21:41:18.584,INFO ,00B72763435B405E290CEBB6CCC35198,U0000000001,vn.bananavietnam.ict.banana.service.Bnn0087SearchAffiliationService,searchData,[vn.bananavietnam.ict.banana.component.Bnn0087SearchAffiliationConditions@d4c0f0] METHOD END
