06-01-2017 22:01:53.827,INFO ,1BFA15E4ED79486D293940FF5D2017CD,U0000000001,vn.bananavietnam.ict.banana.service.Bnn0087SearchAffiliationService,searchData,[vn.bananavietnam.ict.banana.component.Bnn0087SearchAffiliationConditions@1707bec] METHOD START
06-01-2017 22:01:53.828,INFO ,1BFA15E4ED79486D293940FF5D2017CD,U0000000001,Affiliation searching started
06-01-2017 22:01:57.841,ERROR,1BFA15E4ED79486D293940FF5D2017CD,U0000000001,java.lang.Exception: nested exception is org.apache.ibatis.exceptions.PersistenceException: 
06-01-2017 22:01:57.841,INFO ,1BFA15E4ED79486D293940FF5D2017CD,U0000000001,vn.bananavietnam.ict.banana.service.Bnn0087SearchAffiliationService,searchData,[vn.bananavietnam.ict.banana.component.Bnn0087SearchAffiliationConditions@1707bec] METHOD END
06-01-2017 22:01:58.803,INFO ,1BFA15E4ED79486D293940FF5D2017CD,U0000000001,vn.bananavietnam.ict.banana.service.Bnn0087SearchAffiliationService,searchData,[vn.bananavietnam.ict.banana.component.Bnn0087SearchAffiliationConditions@5c7252] METHOD START
06-01-2017 22:01:58.803,INFO ,1BFA15E4ED79486D293940FF5D2017CD,U0000000001,Affiliation searching started
06-01-2017 22:02:00.823,DEBUG,1BFA15E4ED79486D293940FF5D2017CD,==>  Preparing: SELECT usr.userName userName, usr.userId userId , authorization.AUTHORIZATION_TYPE_NAME typeName, authorization.AUTHORIZATION_TYPE_ID typeId, mgr.farmIdList farmIdList, mgr.areaIdList areaIdList, mgr.lastUpdateDate lastUpdateDate FROM (SELECT users.USERS_NAME userName, users.USERS_ID userId FROM IVB_M_USERS users WHERE 1 = 1 AND users.DELETE_FLAG = '0') usr LEFT JOIN (SELECT manager.USERS_ID userId, manager.AUTHORIZATION_TYPE_ID typeId, (SELECT LAST_UPDATE_DATE FROM IVB_M_MANAGER ORDER BY LAST_UPDATE_DATE DESC LIMIT 1) lastUpdateDate, GROUP_CONCAT(manager.FARM_ID SEPARATOR ',') as farmIdList, GROUP_CONCAT(manager.AREA_ID SEPARATOR ',') as areaIdList FROM IVB_M_MANAGER manager WHERE 1 = 1 AND manager.DELETE_FLAG = '0' GROUP BY manager.USERS_ID, manager.AUTHORIZATION_TYPE_ID) mgr ON usr.userId = mgr.userId LEFT JOIN IVB_M_AUTHORIZATION authorization ON authorization.AUTHORIZATION_TYPE_ID = mgr.typeId ORDER BY usr.userName, authorization.AUTHORIZATION_TYPE_ID LIMIT ?,? 
06-01-2017 22:02:00.823,DEBUG,1BFA15E4ED79486D293940FF5D2017CD,==> Parameters: 0(Integer), 20(Integer)
06-01-2017 22:02:00.828,DEBUG,1BFA15E4ED79486D293940FF5D2017CD,<==      Total: 20
06-01-2017 22:02:00.828,INFO ,1BFA15E4ED79486D293940FF5D2017CD,U0000000001,SQL execution finished
06-01-2017 22:02:00.828,DEBUG,1BFA15E4ED79486D293940FF5D2017CD,==>  Preparing: SELECT COUNT(*) FROM (SELECT users.USERS_NAME userName, users.USERS_ID userId FROM IVB_M_USERS users WHERE 1 = 1 AND users.DELETE_FLAG = '0') usr LEFT JOIN (SELECT manager.USERS_ID userId, manager.AUTHORIZATION_TYPE_ID typeId FROM IVB_M_MANAGER manager WHERE 1 = 1 AND manager.DELETE_FLAG = '0' GROUP BY manager.USERS_ID, manager.AUTHORIZATION_TYPE_ID) mgr ON usr.userId = mgr.userId LEFT JOIN IVB_M_AUTHORIZATION authorization ON authorization.AUTHORIZATION_TYPE_ID = mgr.typeId ORDER BY usr.userId 
06-01-2017 22:02:00.828,DEBUG,1BFA15E4ED79486D293940FF5D2017CD,==> Parameters: 
06-01-2017 22:02:00.829,DEBUG,1BFA15E4ED79486D293940FF5D2017CD,<==      Total: 1
06-01-2017 22:02:00.830,INFO ,1BFA15E4ED79486D293940FF5D2017CD,U0000000001,Affiliation searching finished ==> 60 item(s)
06-01-2017 22:02:00.830,INFO ,1BFA15E4ED79486D293940FF5D2017CD,U0000000001,vn.bananavietnam.ict.banana.service.Bnn0087SearchAffiliationService,searchData,[vn.bananavietnam.ict.banana.component.Bnn0087SearchAffiliationConditions@5c7252] METHOD END
06-01-2017 22:02:04.161,INFO ,142F0CF3A819210D328BB5B84C465A8A,U0000000001,vn.bananavietnam.ict.banana.service.Bnn0087SearchAffiliationService,initData,[{}] METHOD START
06-01-2017 22:02:04.179,DEBUG,142F0CF3A819210D328BB5B84C465A8A,==>  Preparing: select AUTHORIZATION_TYPE_ID, AUTHORIZATION_TYPE_NAME, ACCESS_AUTHORITY_ID, CREATE_USER_ID, CREATE_DATE, UPDATE_USER_ID, LAST_UPDATE_DATE, DELETE_FLAG from IVB_M_AUTHORIZATION 
06-01-2017 22:02:04.179,DEBUG,142F0CF3A819210D328BB5B84C465A8A,==> Parameters: 
06-01-2017 22:02:04.181,DEBUG,142F0CF3A819210D328BB5B84C465A8A,<==      Total: 4
06-01-2017 22:02:04.181,INFO ,142F0CF3A819210D328BB5B84C465A8A,U0000000001,vn.bananavietnam.ict.banana.service.Bnn0087SearchAffiliationService,initData,[{affiliationData=[{"authorizationTypeId":"1","authorizationTypeName":"Quản lý hệ thống","accessAuthorityId":"1","createUserId":"U0000000001","createDate":1489363200000,"updateUserId":"U0000000001","lastUpdateDate":1490054400000,"deleteFlag":false},{"authorizationTypeId":"2","authorizationTypeName":"Giám đốc kinh doanh","accessAuthorityId":"2","createUserId":"U0000000001","createDate":1489363200000,"updateUserId":"U0000000001","lastUpdateDate":1490054400000,"deleteFlag":false},{"authorizationTypeId":"3","authorizationTypeName":"Quản lý nông trại","accessAuthorityId":"3","createUserId":"U0000000001","createDate":1489363200000,"updateUserId":"U0000000001","lastUpdateDate":1490054400000,"deleteFlag":false},{"authorizationTypeId":"4","authorizationTypeName":"Quản lý lô","accessAuthorityId":"4","createUserId":"U0000000001","createDate":1489363200000,"updateUserId":"U0000000001","lastUpdateDate":1490054400000,"deleteFlag":false}]}] METHOD END
06-01-2017 22:02:04.258,INFO ,142F0CF3A819210D328BB5B84C465A8A,U0000000001,vn.bananavietnam.ict.banana.service.Bnn0087SearchAffiliationService,searchData,[vn.bananavietnam.ict.banana.component.Bnn0087SearchAffiliationConditions@1b8a9d3] METHOD START
06-01-2017 22:02:04.258,INFO ,142F0CF3A819210D328BB5B84C465A8A,U0000000001,Affiliation searching started
06-01-2017 22:02:04.275,DEBUG,142F0CF3A819210D328BB5B84C465A8A,==>  Preparing: SELECT usr.userName userName, usr.userId userId , authorization.AUTHORIZATION_TYPE_NAME typeName, authorization.AUTHORIZATION_TYPE_ID typeId, mgr.farmIdList farmIdList, mgr.areaIdList areaIdList, mgr.lastUpdateDate lastUpdateDate FROM (SELECT users.USERS_NAME userName, users.USERS_ID userId FROM IVB_M_USERS users WHERE 1 = 1 AND users.DELETE_FLAG = '0') usr LEFT JOIN (SELECT manager.USERS_ID userId, manager.AUTHORIZATION_TYPE_ID typeId, (SELECT LAST_UPDATE_DATE FROM IVB_M_MANAGER ORDER BY LAST_UPDATE_DATE DESC LIMIT 1) lastUpdateDate, GROUP_CONCAT(manager.FARM_ID SEPARATOR ',') as farmIdList, GROUP_CONCAT(manager.AREA_ID SEPARATOR ',') as areaIdList FROM IVB_M_MANAGER manager WHERE 1 = 1 AND manager.DELETE_FLAG = '0' GROUP BY manager.USERS_ID, manager.AUTHORIZATION_TYPE_ID) mgr ON usr.userId = mgr.userId LEFT JOIN IVB_M_AUTHORIZATION authorization ON authorization.AUTHORIZATION_TYPE_ID = mgr.typeId ORDER BY usr.userName, authorization.AUTHORIZATION_TYPE_ID LIMIT ?,? 
06-01-2017 22:02:04.276,DEBUG,142F0CF3A819210D328BB5B84C465A8A,==> Parameters: 0(Integer), 20(Integer)
06-01-2017 22:02:04.283,DEBUG,142F0CF3A819210D328BB5B84C465A8A,<==      Total: 20
06-01-2017 22:02:04.283,INFO ,142F0CF3A819210D328BB5B84C465A8A,U0000000001,SQL execution finished
06-01-2017 22:02:04.284,DEBUG,142F0CF3A819210D328BB5B84C465A8A,==>  Preparing: SELECT COUNT(*) FROM (SELECT users.USERS_NAME userName, users.USERS_ID userId FROM IVB_M_USERS users WHERE 1 = 1 AND users.DELETE_FLAG = '0') usr LEFT JOIN (SELECT manager.USERS_ID userId, manager.AUTHORIZATION_TYPE_ID typeId FROM IVB_M_MANAGER manager WHERE 1 = 1 AND manager.DELETE_FLAG = '0' GROUP BY manager.USERS_ID, manager.AUTHORIZATION_TYPE_ID) mgr ON usr.userId = mgr.userId LEFT JOIN IVB_M_AUTHORIZATION authorization ON authorization.AUTHORIZATION_TYPE_ID = mgr.typeId ORDER BY usr.userId 
06-01-2017 22:02:04.284,DEBUG,142F0CF3A819210D328BB5B84C465A8A,==> Parameters: 
06-01-2017 22:02:04.288,DEBUG,142F0CF3A819210D328BB5B84C465A8A,<==      Total: 1
06-01-2017 22:02:04.288,INFO ,142F0CF3A819210D328BB5B84C465A8A,U0000000001,Affiliation searching finished ==> 60 item(s)
06-01-2017 22:02:04.289,INFO ,142F0CF3A819210D328BB5B84C465A8A,U0000000001,vn.bananavietnam.ict.banana.service.Bnn0087SearchAffiliationService,searchData,[vn.bananavietnam.ict.banana.component.Bnn0087SearchAffiliationConditions@1b8a9d3] METHOD END
06-01-2017 22:02:04.517,INFO ,142F0CF3A819210D328BB5B84C465A8A,U0000000001,vn.bananavietnam.ict.banana.service.Bnn0087SearchAffiliationService,searchData,[vn.bananavietnam.ict.banana.component.Bnn0087SearchAffiliationConditions@18f49a5] METHOD START
06-01-2017 22:02:04.517,INFO ,142F0CF3A819210D328BB5B84C465A8A,U0000000001,Affiliation searching started
06-01-2017 22:02:04.534,DEBUG,142F0CF3A819210D328BB5B84C465A8A,==>  Preparing: SELECT usr.userName userName, usr.userId userId , authorization.AUTHORIZATION_TYPE_NAME typeName, authorization.AUTHORIZATION_TYPE_ID typeId, mgr.farmIdList farmIdList, mgr.areaIdList areaIdList, mgr.lastUpdateDate lastUpdateDate FROM (SELECT users.USERS_NAME userName, users.USERS_ID userId FROM IVB_M_USERS users WHERE 1 = 1 AND users.DELETE_FLAG = '0') usr LEFT JOIN (SELECT manager.USERS_ID userId, manager.AUTHORIZATION_TYPE_ID typeId, (SELECT LAST_UPDATE_DATE FROM IVB_M_MANAGER ORDER BY LAST_UPDATE_DATE DESC LIMIT 1) lastUpdateDate, GROUP_CONCAT(manager.FARM_ID SEPARATOR ',') as farmIdList, GROUP_CONCAT(manager.AREA_ID SEPARATOR ',') as areaIdList FROM IVB_M_MANAGER manager WHERE 1 = 1 AND manager.DELETE_FLAG = '0' GROUP BY manager.USERS_ID, manager.AUTHORIZATION_TYPE_ID) mgr ON usr.userId = mgr.userId LEFT JOIN IVB_M_AUTHORIZATION authorization ON authorization.AUTHORIZATION_TYPE_ID = mgr.typeId ORDER BY usr.userName, authorization.AUTHORIZATION_TYPE_ID LIMIT ?,? 
06-01-2017 22:02:04.534,DEBUG,142F0CF3A819210D328BB5B84C465A8A,==> Parameters: 0(Integer), 20(Integer)
06-01-2017 22:02:04.541,DEBUG,142F0CF3A819210D328BB5B84C465A8A,<==      Total: 20
06-01-2017 22:02:04.541,INFO ,142F0CF3A819210D328BB5B84C465A8A,U0000000001,SQL execution finished
06-01-2017 22:02:04.541,DEBUG,142F0CF3A819210D328BB5B84C465A8A,==>  Preparing: SELECT COUNT(*) FROM (SELECT users.USERS_NAME userName, users.USERS_ID userId FROM IVB_M_USERS users WHERE 1 = 1 AND users.DELETE_FLAG = '0') usr LEFT JOIN (SELECT manager.USERS_ID userId, manager.AUTHORIZATION_TYPE_ID typeId FROM IVB_M_MANAGER manager WHERE 1 = 1 AND manager.DELETE_FLAG = '0' GROUP BY manager.USERS_ID, manager.AUTHORIZATION_TYPE_ID) mgr ON usr.userId = mgr.userId LEFT JOIN IVB_M_AUTHORIZATION authorization ON authorization.AUTHORIZATION_TYPE_ID = mgr.typeId ORDER BY usr.userId 
06-01-2017 22:02:04.541,DEBUG,142F0CF3A819210D328BB5B84C465A8A,==> Parameters: 
06-01-2017 22:02:04.543,DEBUG,142F0CF3A819210D328BB5B84C465A8A,<==      Total: 1
06-01-2017 22:02:04.543,INFO ,142F0CF3A819210D328BB5B84C465A8A,U0000000001,Affiliation searching finished ==> 60 item(s)
06-01-2017 22:02:04.543,INFO ,142F0CF3A819210D328BB5B84C465A8A,U0000000001,vn.bananavietnam.ict.banana.service.Bnn0087SearchAffiliationService,searchData,[vn.bananavietnam.ict.banana.component.Bnn0087SearchAffiliationConditions@18f49a5] METHOD END
06-01-2017 22:02:04.784,INFO ,142F0CF3A819210D328BB5B84C465A8A,U0000000001,vn.bananavietnam.ict.banana.service.Bnn0087SearchAffiliationService,searchData,[vn.bananavietnam.ict.banana.component.Bnn0087SearchAffiliationConditions@1249766] METHOD START
06-01-2017 22:02:04.784,INFO ,142F0CF3A819210D328BB5B84C465A8A,U0000000001,Affiliation searching started
06-01-2017 22:02:04.808,DEBUG,142F0CF3A819210D328BB5B84C465A8A,==>  Preparing: SELECT usr.userName userName, usr.userId userId , authorization.AUTHORIZATION_TYPE_NAME typeName, authorization.AUTHORIZATION_TYPE_ID typeId, mgr.farmIdList farmIdList, mgr.areaIdList areaIdList, mgr.lastUpdateDate lastUpdateDate FROM (SELECT users.USERS_NAME userName, users.USERS_ID userId FROM IVB_M_USERS users WHERE 1 = 1 AND users.DELETE_FLAG = '0') usr LEFT JOIN (SELECT manager.USERS_ID userId, manager.AUTHORIZATION_TYPE_ID typeId, (SELECT LAST_UPDATE_DATE FROM IVB_M_MANAGER ORDER BY LAST_UPDATE_DATE DESC LIMIT 1) lastUpdateDate, GROUP_CONCAT(manager.FARM_ID SEPARATOR ',') as farmIdList, GROUP_CONCAT(manager.AREA_ID SEPARATOR ',') as areaIdList FROM IVB_M_MANAGER manager WHERE 1 = 1 AND manager.DELETE_FLAG = '0' GROUP BY manager.USERS_ID, manager.AUTHORIZATION_TYPE_ID) mgr ON usr.userId = mgr.userId LEFT JOIN IVB_M_AUTHORIZATION authorization ON authorization.AUTHORIZATION_TYPE_ID = mgr.typeId ORDER BY usr.userName, authorization.AUTHORIZATION_TYPE_ID LIMIT ?,? 
06-01-2017 22:02:04.808,DEBUG,142F0CF3A819210D328BB5B84C465A8A,==> Parameters: 40(Integer), 20(Integer)
06-01-2017 22:02:04.812,DEBUG,142F0CF3A819210D328BB5B84C465A8A,<==      Total: 20
06-01-2017 22:02:04.812,INFO ,142F0CF3A819210D328BB5B84C465A8A,U0000000001,SQL execution finished
06-01-2017 22:02:04.812,DEBUG,142F0CF3A819210D328BB5B84C465A8A,==>  Preparing: SELECT COUNT(*) FROM (SELECT users.USERS_NAME userName, users.USERS_ID userId FROM IVB_M_USERS users WHERE 1 = 1 AND users.DELETE_FLAG = '0') usr LEFT JOIN (SELECT manager.USERS_ID userId, manager.AUTHORIZATION_TYPE_ID typeId FROM IVB_M_MANAGER manager WHERE 1 = 1 AND manager.DELETE_FLAG = '0' GROUP BY manager.USERS_ID, manager.AUTHORIZATION_TYPE_ID) mgr ON usr.userId = mgr.userId LEFT JOIN IVB_M_AUTHORIZATION authorization ON authorization.AUTHORIZATION_TYPE_ID = mgr.typeId ORDER BY usr.userId 
06-01-2017 22:02:04.812,DEBUG,142F0CF3A819210D328BB5B84C465A8A,==> Parameters: 
06-01-2017 22:02:04.814,DEBUG,142F0CF3A819210D328BB5B84C465A8A,<==      Total: 1
06-01-2017 22:02:04.814,INFO ,142F0CF3A819210D328BB5B84C465A8A,U0000000001,Affiliation searching finished ==> 60 item(s)
06-01-2017 22:02:04.814,INFO ,142F0CF3A819210D328BB5B84C465A8A,U0000000001,vn.bananavietnam.ict.banana.service.Bnn0087SearchAffiliationService,searchData,[vn.bananavietnam.ict.banana.component.Bnn0087SearchAffiliationConditions@1249766] METHOD END
