06-01-2017 22:22:56.441,INFO ,4FEE22B81BD0A5ABA0EAA0AD530AECA8,U0000000001,vn.bananavietnam.ict.banana.service.Bnn0087SearchAffiliationService,searchData,[vn.bananavietnam.ict.banana.component.Bnn0087SearchAffiliationConditions@1e0efd4] METHOD START
06-01-2017 22:22:56.441,INFO ,4FEE22B81BD0A5ABA0EAA0AD530AECA8,U0000000001,Affiliation searching started
06-01-2017 22:23:00.470,ERROR,4FEE22B81BD0A5ABA0EAA0AD530AECA8,U0000000001,java.lang.Exception: nested exception is org.apache.ibatis.exceptions.PersistenceException: 
06-01-2017 22:23:00.471,INFO ,4FEE22B81BD0A5ABA0EAA0AD530AECA8,U0000000001,vn.bananavietnam.ict.banana.service.Bnn0087SearchAffiliationService,searchData,[vn.bananavietnam.ict.banana.component.Bnn0087SearchAffiliationConditions@1e0efd4] METHOD END
06-01-2017 22:23:01.072,INFO ,4FEE22B81BD0A5ABA0EAA0AD530AECA8,U0000000001,vn.bananavietnam.ict.banana.service.Bnn0087SearchAffiliationService,searchData,[vn.bananavietnam.ict.banana.component.Bnn0087SearchAffiliationConditions@941be2] METHOD START
06-01-2017 22:23:01.072,INFO ,4FEE22B81BD0A5ABA0EAA0AD530AECA8,U0000000001,Affiliation searching started
06-01-2017 22:23:01.090,DEBUG,4FEE22B81BD0A5ABA0EAA0AD530AECA8,==>  Preparing: SELECT usr.userName userName, usr.userId userId , authorization.AUTHORIZATION_TYPE_NAME typeName, authorization.AUTHORIZATION_TYPE_ID typeId, mgr.farmIdList farmIdList, mgr.areaIdList areaIdList, mgr.lastUpdateDate lastUpdateDate FROM (SELECT users.USERS_NAME userName, users.USERS_ID userId FROM IVB_M_USERS users WHERE 1 = 1 AND users.DELETE_FLAG = '0') usr LEFT JOIN (SELECT manager.USERS_ID userId, manager.AUTHORIZATION_TYPE_ID typeId, (SELECT LAST_UPDATE_DATE FROM IVB_M_MANAGER ORDER BY LAST_UPDATE_DATE DESC LIMIT 1) lastUpdateDate, GROUP_CONCAT(manager.FARM_ID SEPARATOR ',') as farmIdList, GROUP_CONCAT(manager.AREA_ID SEPARATOR ',') as areaIdList FROM IVB_M_MANAGER manager WHERE 1 = 1 AND manager.DELETE_FLAG = '0' GROUP BY manager.USERS_ID, manager.AUTHORIZATION_TYPE_ID) mgr ON usr.userId = mgr.userId LEFT JOIN IVB_M_AUTHORIZATION authorization ON authorization.AUTHORIZATION_TYPE_ID = mgr.typeId ORDER BY usr.userName, authorization.AUTHORIZATION_TYPE_ID LIMIT ?,? 
06-01-2017 22:23:01.090,DEBUG,4FEE22B81BD0A5ABA0EAA0AD530AECA8,==> Parameters: 0(Integer), 20(Integer)
06-01-2017 22:23:01.094,DEBUG,4FEE22B81BD0A5ABA0EAA0AD530AECA8,<==      Total: 20
06-01-2017 22:23:01.094,INFO ,4FEE22B81BD0A5ABA0EAA0AD530AECA8,U0000000001,SQL execution finished
06-01-2017 22:23:01.095,DEBUG,4FEE22B81BD0A5ABA0EAA0AD530AECA8,==>  Preparing: SELECT COUNT(*) FROM (SELECT users.USERS_NAME userName, users.USERS_ID userId FROM IVB_M_USERS users WHERE 1 = 1 AND users.DELETE_FLAG = '0') usr LEFT JOIN (SELECT manager.USERS_ID userId, manager.AUTHORIZATION_TYPE_ID typeId FROM IVB_M_MANAGER manager WHERE 1 = 1 AND manager.DELETE_FLAG = '0' GROUP BY manager.USERS_ID, manager.AUTHORIZATION_TYPE_ID) mgr ON usr.userId = mgr.userId LEFT JOIN IVB_M_AUTHORIZATION authorization ON authorization.AUTHORIZATION_TYPE_ID = mgr.typeId ORDER BY usr.userId 
06-01-2017 22:23:01.095,DEBUG,4FEE22B81BD0A5ABA0EAA0AD530AECA8,==> Parameters: 
06-01-2017 22:23:01.096,DEBUG,4FEE22B81BD0A5ABA0EAA0AD530AECA8,<==      Total: 1
06-01-2017 22:23:01.096,INFO ,4FEE22B81BD0A5ABA0EAA0AD530AECA8,U0000000001,Affiliation searching finished ==> 60 item(s)
06-01-2017 22:23:01.096,INFO ,4FEE22B81BD0A5ABA0EAA0AD530AECA8,U0000000001,vn.bananavietnam.ict.banana.service.Bnn0087SearchAffiliationService,searchData,[vn.bananavietnam.ict.banana.component.Bnn0087SearchAffiliationConditions@941be2] METHOD END
06-01-2017 22:23:02.650,INFO ,61BE0229139914DA6CB6B3330245FFEC,U0000000001,vn.bananavietnam.ict.banana.service.Bnn0087SearchAffiliationService,initData,[{}] METHOD START
06-01-2017 22:23:02.668,DEBUG,61BE0229139914DA6CB6B3330245FFEC,==>  Preparing: select AUTHORIZATION_TYPE_ID, AUTHORIZATION_TYPE_NAME, ACCESS_AUTHORITY_ID, CREATE_USER_ID, CREATE_DATE, UPDATE_USER_ID, LAST_UPDATE_DATE, DELETE_FLAG from IVB_M_AUTHORIZATION 
06-01-2017 22:23:02.669,DEBUG,61BE0229139914DA6CB6B3330245FFEC,==> Parameters: 
06-01-2017 22:23:02.670,DEBUG,61BE0229139914DA6CB6B3330245FFEC,<==      Total: 4
06-01-2017 22:23:02.671,INFO ,61BE0229139914DA6CB6B3330245FFEC,U0000000001,vn.bananavietnam.ict.banana.service.Bnn0087SearchAffiliationService,initData,[{affiliationData=[{"authorizationTypeId":"1","authorizationTypeName":"Quản lý hệ thống","accessAuthorityId":"1","createUserId":"U0000000001","createDate":1489363200000,"updateUserId":"U0000000001","lastUpdateDate":1490054400000,"deleteFlag":false},{"authorizationTypeId":"2","authorizationTypeName":"Giám đốc kinh doanh","accessAuthorityId":"2","createUserId":"U0000000001","createDate":1489363200000,"updateUserId":"U0000000001","lastUpdateDate":1490054400000,"deleteFlag":false},{"authorizationTypeId":"3","authorizationTypeName":"Quản lý nông trại","accessAuthorityId":"3","createUserId":"U0000000001","createDate":1489363200000,"updateUserId":"U0000000001","lastUpdateDate":1490054400000,"deleteFlag":false},{"authorizationTypeId":"4","authorizationTypeName":"Quản lý lô","accessAuthorityId":"4","createUserId":"U0000000001","createDate":1489363200000,"updateUserId":"U0000000001","lastUpdateDate":1490054400000,"deleteFlag":false}]}] METHOD END
06-01-2017 22:23:02.746,INFO ,61BE0229139914DA6CB6B3330245FFEC,U0000000001,vn.bananavietnam.ict.banana.service.Bnn0087SearchAffiliationService,searchData,[vn.bananavietnam.ict.banana.component.Bnn0087SearchAffiliationConditions@173ee02] METHOD START
06-01-2017 22:23:02.746,INFO ,61BE0229139914DA6CB6B3330245FFEC,U0000000001,Affiliation searching started
06-01-2017 22:23:02.766,DEBUG,61BE0229139914DA6CB6B3330245FFEC,==>  Preparing: SELECT usr.userName userName, usr.userId userId , authorization.AUTHORIZATION_TYPE_NAME typeName, authorization.AUTHORIZATION_TYPE_ID typeId, mgr.farmIdList farmIdList, mgr.areaIdList areaIdList, mgr.lastUpdateDate lastUpdateDate FROM (SELECT users.USERS_NAME userName, users.USERS_ID userId FROM IVB_M_USERS users WHERE 1 = 1 AND users.DELETE_FLAG = '0') usr LEFT JOIN (SELECT manager.USERS_ID userId, manager.AUTHORIZATION_TYPE_ID typeId, (SELECT LAST_UPDATE_DATE FROM IVB_M_MANAGER ORDER BY LAST_UPDATE_DATE DESC LIMIT 1) lastUpdateDate, GROUP_CONCAT(manager.FARM_ID SEPARATOR ',') as farmIdList, GROUP_CONCAT(manager.AREA_ID SEPARATOR ',') as areaIdList FROM IVB_M_MANAGER manager WHERE 1 = 1 AND manager.DELETE_FLAG = '0' GROUP BY manager.USERS_ID, manager.AUTHORIZATION_TYPE_ID) mgr ON usr.userId = mgr.userId LEFT JOIN IVB_M_AUTHORIZATION authorization ON authorization.AUTHORIZATION_TYPE_ID = mgr.typeId ORDER BY usr.userName, authorization.AUTHORIZATION_TYPE_ID LIMIT ?,? 
06-01-2017 22:23:02.767,DEBUG,61BE0229139914DA6CB6B3330245FFEC,==> Parameters: 0(Integer), 20(Integer)
06-01-2017 22:23:02.770,DEBUG,61BE0229139914DA6CB6B3330245FFEC,<==      Total: 20
06-01-2017 22:23:02.771,INFO ,61BE0229139914DA6CB6B3330245FFEC,U0000000001,SQL execution finished
06-01-2017 22:23:02.771,DEBUG,61BE0229139914DA6CB6B3330245FFEC,==>  Preparing: SELECT COUNT(*) FROM (SELECT users.USERS_NAME userName, users.USERS_ID userId FROM IVB_M_USERS users WHERE 1 = 1 AND users.DELETE_FLAG = '0') usr LEFT JOIN (SELECT manager.USERS_ID userId, manager.AUTHORIZATION_TYPE_ID typeId FROM IVB_M_MANAGER manager WHERE 1 = 1 AND manager.DELETE_FLAG = '0' GROUP BY manager.USERS_ID, manager.AUTHORIZATION_TYPE_ID) mgr ON usr.userId = mgr.userId LEFT JOIN IVB_M_AUTHORIZATION authorization ON authorization.AUTHORIZATION_TYPE_ID = mgr.typeId ORDER BY usr.userId 
06-01-2017 22:23:02.771,DEBUG,61BE0229139914DA6CB6B3330245FFEC,==> Parameters: 
06-01-2017 22:23:02.773,DEBUG,61BE0229139914DA6CB6B3330245FFEC,<==      Total: 1
06-01-2017 22:23:02.773,INFO ,61BE0229139914DA6CB6B3330245FFEC,U0000000001,Affiliation searching finished ==> 60 item(s)
06-01-2017 22:23:02.774,INFO ,61BE0229139914DA6CB6B3330245FFEC,U0000000001,vn.bananavietnam.ict.banana.service.Bnn0087SearchAffiliationService,searchData,[vn.bananavietnam.ict.banana.component.Bnn0087SearchAffiliationConditions@173ee02] METHOD END
06-01-2017 22:23:02.993,INFO ,61BE0229139914DA6CB6B3330245FFEC,U0000000001,vn.bananavietnam.ict.banana.service.Bnn0087SearchAffiliationService,searchData,[vn.bananavietnam.ict.banana.component.Bnn0087SearchAffiliationConditions@1b968f] METHOD START
06-01-2017 22:23:02.993,INFO ,61BE0229139914DA6CB6B3330245FFEC,U0000000001,Affiliation searching started
06-01-2017 22:23:03.010,DEBUG,61BE0229139914DA6CB6B3330245FFEC,==>  Preparing: SELECT usr.userName userName, usr.userId userId , authorization.AUTHORIZATION_TYPE_NAME typeName, authorization.AUTHORIZATION_TYPE_ID typeId, mgr.farmIdList farmIdList, mgr.areaIdList areaIdList, mgr.lastUpdateDate lastUpdateDate FROM (SELECT users.USERS_NAME userName, users.USERS_ID userId FROM IVB_M_USERS users WHERE 1 = 1 AND users.DELETE_FLAG = '0') usr LEFT JOIN (SELECT manager.USERS_ID userId, manager.AUTHORIZATION_TYPE_ID typeId, (SELECT LAST_UPDATE_DATE FROM IVB_M_MANAGER ORDER BY LAST_UPDATE_DATE DESC LIMIT 1) lastUpdateDate, GROUP_CONCAT(manager.FARM_ID SEPARATOR ',') as farmIdList, GROUP_CONCAT(manager.AREA_ID SEPARATOR ',') as areaIdList FROM IVB_M_MANAGER manager WHERE 1 = 1 AND manager.DELETE_FLAG = '0' GROUP BY manager.USERS_ID, manager.AUTHORIZATION_TYPE_ID) mgr ON usr.userId = mgr.userId LEFT JOIN IVB_M_AUTHORIZATION authorization ON authorization.AUTHORIZATION_TYPE_ID = mgr.typeId ORDER BY usr.userName, authorization.AUTHORIZATION_TYPE_ID LIMIT ?,? 
06-01-2017 22:23:03.011,DEBUG,61BE0229139914DA6CB6B3330245FFEC,==> Parameters: 0(Integer), 20(Integer)
06-01-2017 22:23:03.015,DEBUG,61BE0229139914DA6CB6B3330245FFEC,<==      Total: 20
06-01-2017 22:23:03.015,INFO ,61BE0229139914DA6CB6B3330245FFEC,U0000000001,SQL execution finished
06-01-2017 22:23:03.015,DEBUG,61BE0229139914DA6CB6B3330245FFEC,==>  Preparing: SELECT COUNT(*) FROM (SELECT users.USERS_NAME userName, users.USERS_ID userId FROM IVB_M_USERS users WHERE 1 = 1 AND users.DELETE_FLAG = '0') usr LEFT JOIN (SELECT manager.USERS_ID userId, manager.AUTHORIZATION_TYPE_ID typeId FROM IVB_M_MANAGER manager WHERE 1 = 1 AND manager.DELETE_FLAG = '0' GROUP BY manager.USERS_ID, manager.AUTHORIZATION_TYPE_ID) mgr ON usr.userId = mgr.userId LEFT JOIN IVB_M_AUTHORIZATION authorization ON authorization.AUTHORIZATION_TYPE_ID = mgr.typeId ORDER BY usr.userId 
06-01-2017 22:23:03.015,DEBUG,61BE0229139914DA6CB6B3330245FFEC,==> Parameters: 
06-01-2017 22:23:03.017,DEBUG,61BE0229139914DA6CB6B3330245FFEC,<==      Total: 1
06-01-2017 22:23:03.017,INFO ,61BE0229139914DA6CB6B3330245FFEC,U0000000001,Affiliation searching finished ==> 60 item(s)
06-01-2017 22:23:03.017,INFO ,61BE0229139914DA6CB6B3330245FFEC,U0000000001,vn.bananavietnam.ict.banana.service.Bnn0087SearchAffiliationService,searchData,[vn.bananavietnam.ict.banana.component.Bnn0087SearchAffiliationConditions@1b968f] METHOD END
06-01-2017 22:23:07.661,INFO ,A4F44F83C2D7A7C08C7F61299DB0B059,U0000000001,vn.bananavietnam.ict.banana.service.Bnn0087SearchAffiliationService,initData,[{}] METHOD START
06-01-2017 22:23:07.683,DEBUG,A4F44F83C2D7A7C08C7F61299DB0B059,==>  Preparing: select AUTHORIZATION_TYPE_ID, AUTHORIZATION_TYPE_NAME, ACCESS_AUTHORITY_ID, CREATE_USER_ID, CREATE_DATE, UPDATE_USER_ID, LAST_UPDATE_DATE, DELETE_FLAG from IVB_M_AUTHORIZATION 
06-01-2017 22:23:07.683,DEBUG,A4F44F83C2D7A7C08C7F61299DB0B059,==> Parameters: 
06-01-2017 22:23:07.685,DEBUG,A4F44F83C2D7A7C08C7F61299DB0B059,<==      Total: 4
06-01-2017 22:23:07.686,INFO ,A4F44F83C2D7A7C08C7F61299DB0B059,U0000000001,vn.bananavietnam.ict.banana.service.Bnn0087SearchAffiliationService,initData,[{affiliationData=[{"authorizationTypeId":"1","authorizationTypeName":"Quản lý hệ thống","accessAuthorityId":"1","createUserId":"U0000000001","createDate":1489363200000,"updateUserId":"U0000000001","lastUpdateDate":1490054400000,"deleteFlag":false},{"authorizationTypeId":"2","authorizationTypeName":"Giám đốc kinh doanh","accessAuthorityId":"2","createUserId":"U0000000001","createDate":1489363200000,"updateUserId":"U0000000001","lastUpdateDate":1490054400000,"deleteFlag":false},{"authorizationTypeId":"3","authorizationTypeName":"Quản lý nông trại","accessAuthorityId":"3","createUserId":"U0000000001","createDate":1489363200000,"updateUserId":"U0000000001","lastUpdateDate":1490054400000,"deleteFlag":false},{"authorizationTypeId":"4","authorizationTypeName":"Quản lý lô","accessAuthorityId":"4","createUserId":"U0000000001","createDate":1489363200000,"updateUserId":"U0000000001","lastUpdateDate":1490054400000,"deleteFlag":false}]}] METHOD END
06-01-2017 22:23:07.767,INFO ,A4F44F83C2D7A7C08C7F61299DB0B059,U0000000001,vn.bananavietnam.ict.banana.service.Bnn0087SearchAffiliationService,searchData,[vn.bananavietnam.ict.banana.component.Bnn0087SearchAffiliationConditions@256524] METHOD START
06-01-2017 22:23:07.767,INFO ,A4F44F83C2D7A7C08C7F61299DB0B059,U0000000001,Affiliation searching started
06-01-2017 22:23:07.788,DEBUG,A4F44F83C2D7A7C08C7F61299DB0B059,==>  Preparing: SELECT usr.userName userName, usr.userId userId , authorization.AUTHORIZATION_TYPE_NAME typeName, authorization.AUTHORIZATION_TYPE_ID typeId, mgr.farmIdList farmIdList, mgr.areaIdList areaIdList, mgr.lastUpdateDate lastUpdateDate FROM (SELECT users.USERS_NAME userName, users.USERS_ID userId FROM IVB_M_USERS users WHERE 1 = 1 AND users.DELETE_FLAG = '0') usr LEFT JOIN (SELECT manager.USERS_ID userId, manager.AUTHORIZATION_TYPE_ID typeId, (SELECT LAST_UPDATE_DATE FROM IVB_M_MANAGER ORDER BY LAST_UPDATE_DATE DESC LIMIT 1) lastUpdateDate, GROUP_CONCAT(manager.FARM_ID SEPARATOR ',') as farmIdList, GROUP_CONCAT(manager.AREA_ID SEPARATOR ',') as areaIdList FROM IVB_M_MANAGER manager WHERE 1 = 1 AND manager.DELETE_FLAG = '0' GROUP BY manager.USERS_ID, manager.AUTHORIZATION_TYPE_ID) mgr ON usr.userId = mgr.userId LEFT JOIN IVB_M_AUTHORIZATION authorization ON authorization.AUTHORIZATION_TYPE_ID = mgr.typeId ORDER BY usr.userName, authorization.AUTHORIZATION_TYPE_ID LIMIT ?,? 
06-01-2017 22:23:07.788,DEBUG,A4F44F83C2D7A7C08C7F61299DB0B059,==> Parameters: 0(Integer), 20(Integer)
06-01-2017 22:23:07.793,DEBUG,A4F44F83C2D7A7C08C7F61299DB0B059,<==      Total: 20
06-01-2017 22:23:07.793,INFO ,A4F44F83C2D7A7C08C7F61299DB0B059,U0000000001,SQL execution finished
06-01-2017 22:23:07.793,DEBUG,A4F44F83C2D7A7C08C7F61299DB0B059,==>  Preparing: SELECT COUNT(*) FROM (SELECT users.USERS_NAME userName, users.USERS_ID userId FROM IVB_M_USERS users WHERE 1 = 1 AND users.DELETE_FLAG = '0') usr LEFT JOIN (SELECT manager.USERS_ID userId, manager.AUTHORIZATION_TYPE_ID typeId FROM IVB_M_MANAGER manager WHERE 1 = 1 AND manager.DELETE_FLAG = '0' GROUP BY manager.USERS_ID, manager.AUTHORIZATION_TYPE_ID) mgr ON usr.userId = mgr.userId LEFT JOIN IVB_M_AUTHORIZATION authorization ON authorization.AUTHORIZATION_TYPE_ID = mgr.typeId ORDER BY usr.userId 
06-01-2017 22:23:07.793,DEBUG,A4F44F83C2D7A7C08C7F61299DB0B059,==> Parameters: 
06-01-2017 22:23:07.794,DEBUG,A4F44F83C2D7A7C08C7F61299DB0B059,<==      Total: 1
06-01-2017 22:23:07.795,INFO ,A4F44F83C2D7A7C08C7F61299DB0B059,U0000000001,Affiliation searching finished ==> 60 item(s)
06-01-2017 22:23:07.795,INFO ,A4F44F83C2D7A7C08C7F61299DB0B059,U0000000001,vn.bananavietnam.ict.banana.service.Bnn0087SearchAffiliationService,searchData,[vn.bananavietnam.ict.banana.component.Bnn0087SearchAffiliationConditions@256524] METHOD END
06-01-2017 22:23:08.037,INFO ,A4F44F83C2D7A7C08C7F61299DB0B059,U0000000001,vn.bananavietnam.ict.banana.service.Bnn0087SearchAffiliationService,searchData,[vn.bananavietnam.ict.banana.component.Bnn0087SearchAffiliationConditions@11aeca8] METHOD START
06-01-2017 22:23:08.037,INFO ,A4F44F83C2D7A7C08C7F61299DB0B059,U0000000001,Affiliation searching started
06-01-2017 22:23:08.054,DEBUG,A4F44F83C2D7A7C08C7F61299DB0B059,==>  Preparing: SELECT usr.userName userName, usr.userId userId , authorization.AUTHORIZATION_TYPE_NAME typeName, authorization.AUTHORIZATION_TYPE_ID typeId, mgr.farmIdList farmIdList, mgr.areaIdList areaIdList, mgr.lastUpdateDate lastUpdateDate FROM (SELECT users.USERS_NAME userName, users.USERS_ID userId FROM IVB_M_USERS users WHERE 1 = 1 AND users.DELETE_FLAG = '0') usr LEFT JOIN (SELECT manager.USERS_ID userId, manager.AUTHORIZATION_TYPE_ID typeId, (SELECT LAST_UPDATE_DATE FROM IVB_M_MANAGER ORDER BY LAST_UPDATE_DATE DESC LIMIT 1) lastUpdateDate, GROUP_CONCAT(manager.FARM_ID SEPARATOR ',') as farmIdList, GROUP_CONCAT(manager.AREA_ID SEPARATOR ',') as areaIdList FROM IVB_M_MANAGER manager WHERE 1 = 1 AND manager.DELETE_FLAG = '0' GROUP BY manager.USERS_ID, manager.AUTHORIZATION_TYPE_ID) mgr ON usr.userId = mgr.userId LEFT JOIN IVB_M_AUTHORIZATION authorization ON authorization.AUTHORIZATION_TYPE_ID = mgr.typeId ORDER BY usr.userName, authorization.AUTHORIZATION_TYPE_ID LIMIT ?,? 
06-01-2017 22:23:08.054,DEBUG,A4F44F83C2D7A7C08C7F61299DB0B059,==> Parameters: 0(Integer), 20(Integer)
06-01-2017 22:23:08.059,DEBUG,A4F44F83C2D7A7C08C7F61299DB0B059,<==      Total: 20
06-01-2017 22:23:08.059,INFO ,A4F44F83C2D7A7C08C7F61299DB0B059,U0000000001,SQL execution finished
06-01-2017 22:23:08.059,DEBUG,A4F44F83C2D7A7C08C7F61299DB0B059,==>  Preparing: SELECT COUNT(*) FROM (SELECT users.USERS_NAME userName, users.USERS_ID userId FROM IVB_M_USERS users WHERE 1 = 1 AND users.DELETE_FLAG = '0') usr LEFT JOIN (SELECT manager.USERS_ID userId, manager.AUTHORIZATION_TYPE_ID typeId FROM IVB_M_MANAGER manager WHERE 1 = 1 AND manager.DELETE_FLAG = '0' GROUP BY manager.USERS_ID, manager.AUTHORIZATION_TYPE_ID) mgr ON usr.userId = mgr.userId LEFT JOIN IVB_M_AUTHORIZATION authorization ON authorization.AUTHORIZATION_TYPE_ID = mgr.typeId ORDER BY usr.userId 
06-01-2017 22:23:08.059,DEBUG,A4F44F83C2D7A7C08C7F61299DB0B059,==> Parameters: 
06-01-2017 22:23:08.060,DEBUG,A4F44F83C2D7A7C08C7F61299DB0B059,<==      Total: 1
06-01-2017 22:23:08.060,INFO ,A4F44F83C2D7A7C08C7F61299DB0B059,U0000000001,Affiliation searching finished ==> 60 item(s)
06-01-2017 22:23:08.061,INFO ,A4F44F83C2D7A7C08C7F61299DB0B059,U0000000001,vn.bananavietnam.ict.banana.service.Bnn0087SearchAffiliationService,searchData,[vn.bananavietnam.ict.banana.component.Bnn0087SearchAffiliationConditions@11aeca8] METHOD END
