06-01-2017 21:20:15.180,INFO ,A66C9083846C896998F587E9490847CB,U0000000001,vn.bananavietnam.ict.banana.service.Bnn0087SearchAffiliationService,insertDataForAffiliation,[[vn.bananavietnam.ict.banana.component.Bnn0087IvbMManager@d06e9e]] METHOD START
06-01-2017 21:20:15.180,INFO ,A66C9083846C896998F587E9490847CB,U0000000001,Block delete started
06-01-2017 21:20:19.196,ERROR,A66C9083846C896998F587E9490847CB,U0000000001,java.lang.Exception: Could not open JDBC Connection for transaction; nested exception is com.mysql.jdbc.exceptions.jdbc4.MySQLNonTransientConnectionException: Could not create connection to database server. Attempted reconnect 3 times. Giving up.
06-01-2017 21:20:19.197,INFO ,A66C9083846C896998F587E9490847CB,U0000000001,vn.bananavietnam.ict.banana.service.Bnn0087SearchAffiliationService,insertDataForAffiliation,[[vn.bananavietnam.ict.banana.component.Bnn0087IvbMManager@d06e9e]] METHOD END
06-01-2017 21:20:24.481,INFO ,08F9003015D29A4B33B894ACAE064744,U0000000001,vn.bananavietnam.ict.banana.service.Bnn0087SearchAffiliationService,initData,[{}] METHOD START
06-01-2017 21:20:24.500,DEBUG,08F9003015D29A4B33B894ACAE064744,==>  Preparing: select AUTHORIZATION_TYPE_ID, AUTHORIZATION_TYPE_NAME, ACCESS_AUTHORITY_ID, CREATE_USER_ID, CREATE_DATE, UPDATE_USER_ID, LAST_UPDATE_DATE, DELETE_FLAG from IVB_M_AUTHORIZATION 
06-01-2017 21:20:24.500,DEBUG,08F9003015D29A4B33B894ACAE064744,==> Parameters: 
06-01-2017 21:20:24.501,DEBUG,08F9003015D29A4B33B894ACAE064744,<==      Total: 4
06-01-2017 21:20:24.502,INFO ,08F9003015D29A4B33B894ACAE064744,U0000000001,vn.bananavietnam.ict.banana.service.Bnn0087SearchAffiliationService,initData,[{affiliationData=[{"authorizationTypeId":"1","authorizationTypeName":"Quản lý hệ thống","accessAuthorityId":"1","createUserId":"U0000000001","createDate":1489363200000,"updateUserId":"U0000000001","lastUpdateDate":1490054400000,"deleteFlag":false},{"authorizationTypeId":"2","authorizationTypeName":"Giám đốc kinh doanh","accessAuthorityId":"2","createUserId":"U0000000001","createDate":1489363200000,"updateUserId":"U0000000001","lastUpdateDate":1490054400000,"deleteFlag":false},{"authorizationTypeId":"3","authorizationTypeName":"Quản lý nông trại","accessAuthorityId":"3","createUserId":"U0000000001","createDate":1489363200000,"updateUserId":"U0000000001","lastUpdateDate":1490054400000,"deleteFlag":false},{"authorizationTypeId":"4","authorizationTypeName":"Quản lý lô","accessAuthorityId":"4","createUserId":"U0000000001","createDate":1489363200000,"updateUserId":"U0000000001","lastUpdateDate":1490054400000,"deleteFlag":false}]}] METHOD END
06-01-2017 21:20:24.588,INFO ,08F9003015D29A4B33B894ACAE064744,U0000000001,vn.bananavietnam.ict.banana.service.Bnn0087SearchAffiliationService,searchData,[vn.bananavietnam.ict.banana.component.Bnn0087SearchAffiliationConditions@17566db] METHOD START
06-01-2017 21:20:24.588,INFO ,08F9003015D29A4B33B894ACAE064744,U0000000001,Affiliation searching started
06-01-2017 21:20:24.605,DEBUG,08F9003015D29A4B33B894ACAE064744,==>  Preparing: SELECT usr.userName userName, usr.userId userId , authorization.AUTHORIZATION_TYPE_NAME typeName, authorization.AUTHORIZATION_TYPE_ID typeId, mgr.farmIdList farmIdList, mgr.areaIdList areaIdList, mgr.lastUpdateDate lastUpdateDate FROM (SELECT users.USERS_NAME userName, users.USERS_ID userId FROM IVB_M_USERS users WHERE 1 = 1 AND users.DELETE_FLAG = '0') usr LEFT JOIN (SELECT manager.USERS_ID userId, manager.AUTHORIZATION_TYPE_ID typeId, (SELECT LAST_UPDATE_DATE FROM IVB_M_MANAGER ORDER BY LAST_UPDATE_DATE DESC LIMIT 1) lastUpdateDate, GROUP_CONCAT(manager.FARM_ID SEPARATOR ',') as farmIdList, GROUP_CONCAT(manager.AREA_ID SEPARATOR ',') as areaIdList FROM IVB_M_MANAGER manager WHERE 1 = 1 AND manager.DELETE_FLAG = '0' GROUP BY manager.USERS_ID, manager.AUTHORIZATION_TYPE_ID) mgr ON usr.userId = mgr.userId LEFT JOIN IVB_M_AUTHORIZATION authorization ON authorization.AUTHORIZATION_TYPE_ID = mgr.typeId ORDER BY usr.userName, authorization.AUTHORIZATION_TYPE_ID LIMIT ?,? 
06-01-2017 21:20:24.605,DEBUG,08F9003015D29A4B33B894ACAE064744,==> Parameters: 0(Integer), 20(Integer)
06-01-2017 21:20:24.609,DEBUG,08F9003015D29A4B33B894ACAE064744,<==      Total: 20
06-01-2017 21:20:24.610,INFO ,08F9003015D29A4B33B894ACAE064744,U0000000001,SQL execution finished
06-01-2017 21:20:24.610,DEBUG,08F9003015D29A4B33B894ACAE064744,==>  Preparing: SELECT COUNT(*) FROM (SELECT users.USERS_NAME userName, users.USERS_ID userId FROM IVB_M_USERS users WHERE 1 = 1 AND users.DELETE_FLAG = '0') usr LEFT JOIN (SELECT manager.USERS_ID userId, manager.AUTHORIZATION_TYPE_ID typeId FROM IVB_M_MANAGER manager WHERE 1 = 1 AND manager.DELETE_FLAG = '0' GROUP BY manager.USERS_ID, manager.AUTHORIZATION_TYPE_ID) mgr ON usr.userId = mgr.userId LEFT JOIN IVB_M_AUTHORIZATION authorization ON authorization.AUTHORIZATION_TYPE_ID = mgr.typeId ORDER BY usr.userId 
06-01-2017 21:20:24.610,DEBUG,08F9003015D29A4B33B894ACAE064744,==> Parameters: 
06-01-2017 21:20:24.612,DEBUG,08F9003015D29A4B33B894ACAE064744,<==      Total: 1
06-01-2017 21:20:24.612,INFO ,08F9003015D29A4B33B894ACAE064744,U0000000001,Affiliation searching finished ==> 60 item(s)
06-01-2017 21:20:24.612,INFO ,08F9003015D29A4B33B894ACAE064744,U0000000001,vn.bananavietnam.ict.banana.service.Bnn0087SearchAffiliationService,searchData,[vn.bananavietnam.ict.banana.component.Bnn0087SearchAffiliationConditions@17566db] METHOD END
06-01-2017 21:20:25.096,INFO ,08F9003015D29A4B33B894ACAE064744,U0000000001,vn.bananavietnam.ict.banana.service.Bnn0087SearchAffiliationService,searchData,[vn.bananavietnam.ict.banana.component.Bnn0087SearchAffiliationConditions@1932ffc] METHOD START
06-01-2017 21:20:25.096,INFO ,08F9003015D29A4B33B894ACAE064744,U0000000001,Affiliation searching started
06-01-2017 21:20:25.119,DEBUG,08F9003015D29A4B33B894ACAE064744,==>  Preparing: SELECT usr.userName userName, usr.userId userId , authorization.AUTHORIZATION_TYPE_NAME typeName, authorization.AUTHORIZATION_TYPE_ID typeId, mgr.farmIdList farmIdList, mgr.areaIdList areaIdList, mgr.lastUpdateDate lastUpdateDate FROM (SELECT users.USERS_NAME userName, users.USERS_ID userId FROM IVB_M_USERS users WHERE 1 = 1 AND users.DELETE_FLAG = '0') usr LEFT JOIN (SELECT manager.USERS_ID userId, manager.AUTHORIZATION_TYPE_ID typeId, (SELECT LAST_UPDATE_DATE FROM IVB_M_MANAGER ORDER BY LAST_UPDATE_DATE DESC LIMIT 1) lastUpdateDate, GROUP_CONCAT(manager.FARM_ID SEPARATOR ',') as farmIdList, GROUP_CONCAT(manager.AREA_ID SEPARATOR ',') as areaIdList FROM IVB_M_MANAGER manager WHERE 1 = 1 AND manager.DELETE_FLAG = '0' GROUP BY manager.USERS_ID, manager.AUTHORIZATION_TYPE_ID) mgr ON usr.userId = mgr.userId LEFT JOIN IVB_M_AUTHORIZATION authorization ON authorization.AUTHORIZATION_TYPE_ID = mgr.typeId ORDER BY usr.userName, authorization.AUTHORIZATION_TYPE_ID LIMIT ?,? 
06-01-2017 21:20:25.120,DEBUG,08F9003015D29A4B33B894ACAE064744,==> Parameters: 0(Integer), 20(Integer)
06-01-2017 21:20:25.124,DEBUG,08F9003015D29A4B33B894ACAE064744,<==      Total: 20
06-01-2017 21:20:25.125,INFO ,08F9003015D29A4B33B894ACAE064744,U0000000001,SQL execution finished
06-01-2017 21:20:25.125,DEBUG,08F9003015D29A4B33B894ACAE064744,==>  Preparing: SELECT COUNT(*) FROM (SELECT users.USERS_NAME userName, users.USERS_ID userId FROM IVB_M_USERS users WHERE 1 = 1 AND users.DELETE_FLAG = '0') usr LEFT JOIN (SELECT manager.USERS_ID userId, manager.AUTHORIZATION_TYPE_ID typeId FROM IVB_M_MANAGER manager WHERE 1 = 1 AND manager.DELETE_FLAG = '0' GROUP BY manager.USERS_ID, manager.AUTHORIZATION_TYPE_ID) mgr ON usr.userId = mgr.userId LEFT JOIN IVB_M_AUTHORIZATION authorization ON authorization.AUTHORIZATION_TYPE_ID = mgr.typeId ORDER BY usr.userId 
06-01-2017 21:20:25.125,DEBUG,08F9003015D29A4B33B894ACAE064744,==> Parameters: 
06-01-2017 21:20:25.126,DEBUG,08F9003015D29A4B33B894ACAE064744,<==      Total: 1
06-01-2017 21:20:25.126,INFO ,08F9003015D29A4B33B894ACAE064744,U0000000001,Affiliation searching finished ==> 60 item(s)
06-01-2017 21:20:25.126,INFO ,08F9003015D29A4B33B894ACAE064744,U0000000001,vn.bananavietnam.ict.banana.service.Bnn0087SearchAffiliationService,searchData,[vn.bananavietnam.ict.banana.component.Bnn0087SearchAffiliationConditions@1932ffc] METHOD END
06-01-2017 21:20:25.327,INFO ,08F9003015D29A4B33B894ACAE064744,U0000000001,vn.bananavietnam.ict.banana.service.Bnn0087SearchAffiliationService,getDataForAffiliation,[] METHOD START
06-01-2017 21:20:25.346,DEBUG,08F9003015D29A4B33B894ACAE064744,==>  Preparing: SELECT DISTINCT farm.FARM_NAME farmName, farm.FARM_ID farmId, area.AREA_NAME areaName, area.AREA_ID areaId, area.AREA_MANAGER areaManager, (SELECT USERS_NAME FROM IVB_M_USERS WHERE USERS_ID = AREA_MANAGER) usersName FROM IVB_M_AREA area INNER JOIN IVB_M_FARM farm ON farm.FARM_ID = area.FARM_ID WHERE farm.DELETE_FLAG = '0' AND area.DELETE_FLAG = '0' ORDER BY farm.FARM_NAME, area.AREA_NAME 
06-01-2017 21:20:25.346,DEBUG,08F9003015D29A4B33B894ACAE064744,==> Parameters: 
06-01-2017 21:20:25.350,DEBUG,08F9003015D29A4B33B894ACAE064744,<==      Total: 26
06-01-2017 21:20:25.350,INFO ,08F9003015D29A4B33B894ACAE064744,U0000000001,SQL execution finished
06-01-2017 21:20:25.350,DEBUG,08F9003015D29A4B33B894ACAE064744,==>  Preparing: SELECT farm.FARM_NAME farmName, farm.FARM_ID farmId FROM IVB_M_FARM farm WHERE farm.DELETE_FLAG = '0' ORDER BY farm.FARM_NAME 
06-01-2017 21:20:25.350,DEBUG,08F9003015D29A4B33B894ACAE064744,==> Parameters: 
06-01-2017 21:20:25.352,DEBUG,08F9003015D29A4B33B894ACAE064744,<==      Total: 21
06-01-2017 21:20:25.352,INFO ,08F9003015D29A4B33B894ACAE064744,U0000000001,Affiliation searching finished
06-01-2017 21:20:25.352,INFO ,08F9003015D29A4B33B894ACAE064744,U0000000001,vn.bananavietnam.ict.banana.service.Bnn0087SearchAffiliationService,getDataForAffiliation,[] METHOD END
