06-01-2017 00:59:34.794,INFO ,636E07CA92D0FD9D525DD0CEAD073240,U0000000001,vn.bananavietnam.ict.banana.service.Bnn0087SearchAffiliationService,searchData,[vn.bananavietnam.ict.banana.component.Bnn0087SearchAffiliationConditions@19e2835] METHOD START
06-01-2017 00:59:34.794,INFO ,636E07CA92D0FD9D525DD0CEAD073240,U0000000001,Affiliation searching started
06-01-2017 00:59:38.824,ERROR,636E07CA92D0FD9D525DD0CEAD073240,U0000000001,java.lang.Exception: nested exception is org.apache.ibatis.exceptions.PersistenceException: 
06-01-2017 00:59:38.824,INFO ,636E07CA92D0FD9D525DD0CEAD073240,U0000000001,vn.bananavietnam.ict.banana.service.Bnn0087SearchAffiliationService,searchData,[vn.bananavietnam.ict.banana.component.Bnn0087SearchAffiliationConditions@19e2835] METHOD END
06-01-2017 00:59:39.346,INFO ,636E07CA92D0FD9D525DD0CEAD073240,U0000000001,vn.bananavietnam.ict.banana.service.Bnn0087SearchAffiliationService,searchData,[vn.bananavietnam.ict.banana.component.Bnn0087SearchAffiliationConditions@18b06b9] METHOD START
06-01-2017 00:59:39.346,INFO ,636E07CA92D0FD9D525DD0CEAD073240,U0000000001,Affiliation searching started
06-01-2017 00:59:39.365,DEBUG,636E07CA92D0FD9D525DD0CEAD073240,==>  Preparing: SELECT usr.userName userName, usr.userId userId , authorization.AUTHORIZATION_TYPE_NAME typeName, authorization.AUTHORIZATION_TYPE_ID typeId, mgr.farmIdList farmIdList, mgr.areaIdList areaIdList, mgr.lastUpdateDate lastUpdateDate FROM (SELECT users.USERS_NAME userName, users.USERS_ID userId FROM IVB_M_USERS users WHERE 1 = 1 AND users.DELETE_FLAG = '0') usr LEFT JOIN (SELECT manager.USERS_ID userId, manager.AUTHORIZATION_TYPE_ID typeId, (SELECT LAST_UPDATE_DATE FROM IVB_M_MANAGER ORDER BY LAST_UPDATE_DATE DESC LIMIT 1) lastUpdateDate, GROUP_CONCAT(manager.FARM_ID SEPARATOR ',') as farmIdList, GROUP_CONCAT(manager.AREA_ID SEPARATOR ',') as areaIdList FROM IVB_M_MANAGER manager WHERE 1 = 1 AND manager.DELETE_FLAG = '0' GROUP BY manager.USERS_ID, manager.AUTHORIZATION_TYPE_ID) mgr ON usr.userId = mgr.userId LEFT JOIN IVB_M_AUTHORIZATION authorization ON authorization.AUTHORIZATION_TYPE_ID = mgr.typeId ORDER BY usr.userName, authorization.AUTHORIZATION_TYPE_ID LIMIT ?,? 
06-01-2017 00:59:39.365,DEBUG,636E07CA92D0FD9D525DD0CEAD073240,==> Parameters: 0(Integer), 20(Integer)
06-01-2017 00:59:39.371,DEBUG,636E07CA92D0FD9D525DD0CEAD073240,<==      Total: 20
06-01-2017 00:59:39.371,INFO ,636E07CA92D0FD9D525DD0CEAD073240,U0000000001,SQL execution finished
06-01-2017 00:59:39.371,DEBUG,636E07CA92D0FD9D525DD0CEAD073240,==>  Preparing: SELECT COUNT(*) FROM (SELECT users.USERS_NAME userName, users.USERS_ID userId FROM IVB_M_USERS users WHERE 1 = 1 AND users.DELETE_FLAG = '0') usr LEFT JOIN (SELECT manager.USERS_ID userId, manager.AUTHORIZATION_TYPE_ID typeId FROM IVB_M_MANAGER manager WHERE 1 = 1 AND manager.DELETE_FLAG = '0' GROUP BY manager.USERS_ID, manager.AUTHORIZATION_TYPE_ID) mgr ON usr.userId = mgr.userId LEFT JOIN IVB_M_AUTHORIZATION authorization ON authorization.AUTHORIZATION_TYPE_ID = mgr.typeId ORDER BY usr.userId 
06-01-2017 00:59:39.371,DEBUG,636E07CA92D0FD9D525DD0CEAD073240,==> Parameters: 
06-01-2017 00:59:39.372,DEBUG,636E07CA92D0FD9D525DD0CEAD073240,<==      Total: 1
06-01-2017 00:59:39.373,INFO ,636E07CA92D0FD9D525DD0CEAD073240,U0000000001,Affiliation searching finished ==> 60 item(s)
06-01-2017 00:59:39.373,INFO ,636E07CA92D0FD9D525DD0CEAD073240,U0000000001,vn.bananavietnam.ict.banana.service.Bnn0087SearchAffiliationService,searchData,[vn.bananavietnam.ict.banana.component.Bnn0087SearchAffiliationConditions@18b06b9] METHOD END
06-01-2017 00:59:40.004,INFO ,19EAC9EE0E15A2573EECC440CE0017A5,U0000000001,vn.bananavietnam.ict.banana.service.Bnn0087SearchAffiliationService,initData,[{}] METHOD START
06-01-2017 00:59:40.023,DEBUG,19EAC9EE0E15A2573EECC440CE0017A5,==>  Preparing: select AUTHORIZATION_TYPE_ID, AUTHORIZATION_TYPE_NAME, ACCESS_AUTHORITY_ID, CREATE_USER_ID, CREATE_DATE, UPDATE_USER_ID, LAST_UPDATE_DATE, DELETE_FLAG from IVB_M_AUTHORIZATION 
06-01-2017 00:59:40.023,DEBUG,19EAC9EE0E15A2573EECC440CE0017A5,==> Parameters: 
06-01-2017 00:59:40.025,DEBUG,19EAC9EE0E15A2573EECC440CE0017A5,<==      Total: 4
06-01-2017 00:59:40.026,INFO ,19EAC9EE0E15A2573EECC440CE0017A5,U0000000001,vn.bananavietnam.ict.banana.service.Bnn0087SearchAffiliationService,initData,[{affiliationData=[{"authorizationTypeId":"1","authorizationTypeName":"Quản lý hệ thống","accessAuthorityId":"1","createUserId":"U0000000001","createDate":1489363200000,"updateUserId":"U0000000001","lastUpdateDate":1490054400000,"deleteFlag":false},{"authorizationTypeId":"2","authorizationTypeName":"Giám đốc kinh doanh","accessAuthorityId":"2","createUserId":"U0000000001","createDate":1489363200000,"updateUserId":"U0000000001","lastUpdateDate":1490054400000,"deleteFlag":false},{"authorizationTypeId":"3","authorizationTypeName":"Quản lý nông trại","accessAuthorityId":"3","createUserId":"U0000000001","createDate":1489363200000,"updateUserId":"U0000000001","lastUpdateDate":1490054400000,"deleteFlag":false},{"authorizationTypeId":"4","authorizationTypeName":"Quản lý lô","accessAuthorityId":"4","createUserId":"U0000000001","createDate":1489363200000,"updateUserId":"U0000000001","lastUpdateDate":1490054400000,"deleteFlag":false}]}] METHOD END
06-01-2017 00:59:40.070,INFO ,19EAC9EE0E15A2573EECC440CE0017A5,U0000000001,vn.bananavietnam.ict.banana.service.Bnn0087SearchAffiliationService,searchData,[vn.bananavietnam.ict.banana.component.Bnn0087SearchAffiliationConditions@17e7159] METHOD START
06-01-2017 00:59:40.071,INFO ,19EAC9EE0E15A2573EECC440CE0017A5,U0000000001,Affiliation searching started
06-01-2017 00:59:40.088,DEBUG,19EAC9EE0E15A2573EECC440CE0017A5,==>  Preparing: SELECT usr.userName userName, usr.userId userId , authorization.AUTHORIZATION_TYPE_NAME typeName, authorization.AUTHORIZATION_TYPE_ID typeId, mgr.farmIdList farmIdList, mgr.areaIdList areaIdList, mgr.lastUpdateDate lastUpdateDate FROM (SELECT users.USERS_NAME userName, users.USERS_ID userId FROM IVB_M_USERS users WHERE 1 = 1 AND users.DELETE_FLAG = '0') usr LEFT JOIN (SELECT manager.USERS_ID userId, manager.AUTHORIZATION_TYPE_ID typeId, (SELECT LAST_UPDATE_DATE FROM IVB_M_MANAGER ORDER BY LAST_UPDATE_DATE DESC LIMIT 1) lastUpdateDate, GROUP_CONCAT(manager.FARM_ID SEPARATOR ',') as farmIdList, GROUP_CONCAT(manager.AREA_ID SEPARATOR ',') as areaIdList FROM IVB_M_MANAGER manager WHERE 1 = 1 AND manager.DELETE_FLAG = '0' GROUP BY manager.USERS_ID, manager.AUTHORIZATION_TYPE_ID) mgr ON usr.userId = mgr.userId LEFT JOIN IVB_M_AUTHORIZATION authorization ON authorization.AUTHORIZATION_TYPE_ID = mgr.typeId ORDER BY usr.userName, authorization.AUTHORIZATION_TYPE_ID LIMIT ?,? 
06-01-2017 00:59:40.088,DEBUG,19EAC9EE0E15A2573EECC440CE0017A5,==> Parameters: 0(Integer), 20(Integer)
06-01-2017 00:59:40.092,DEBUG,19EAC9EE0E15A2573EECC440CE0017A5,<==      Total: 20
06-01-2017 00:59:40.092,INFO ,19EAC9EE0E15A2573EECC440CE0017A5,U0000000001,SQL execution finished
06-01-2017 00:59:40.092,DEBUG,19EAC9EE0E15A2573EECC440CE0017A5,==>  Preparing: SELECT COUNT(*) FROM (SELECT users.USERS_NAME userName, users.USERS_ID userId FROM IVB_M_USERS users WHERE 1 = 1 AND users.DELETE_FLAG = '0') usr LEFT JOIN (SELECT manager.USERS_ID userId, manager.AUTHORIZATION_TYPE_ID typeId FROM IVB_M_MANAGER manager WHERE 1 = 1 AND manager.DELETE_FLAG = '0' GROUP BY manager.USERS_ID, manager.AUTHORIZATION_TYPE_ID) mgr ON usr.userId = mgr.userId LEFT JOIN IVB_M_AUTHORIZATION authorization ON authorization.AUTHORIZATION_TYPE_ID = mgr.typeId ORDER BY usr.userId 
06-01-2017 00:59:40.093,DEBUG,19EAC9EE0E15A2573EECC440CE0017A5,==> Parameters: 
06-01-2017 00:59:40.094,DEBUG,19EAC9EE0E15A2573EECC440CE0017A5,<==      Total: 1
06-01-2017 00:59:40.094,INFO ,19EAC9EE0E15A2573EECC440CE0017A5,U0000000001,Affiliation searching finished ==> 60 item(s)
06-01-2017 00:59:40.095,INFO ,19EAC9EE0E15A2573EECC440CE0017A5,U0000000001,vn.bananavietnam.ict.banana.service.Bnn0087SearchAffiliationService,searchData,[vn.bananavietnam.ict.banana.component.Bnn0087SearchAffiliationConditions@17e7159] METHOD END
06-01-2017 00:59:40.247,INFO ,19EAC9EE0E15A2573EECC440CE0017A5,U0000000001,vn.bananavietnam.ict.banana.service.Bnn0087SearchAffiliationService,searchData,[vn.bananavietnam.ict.banana.component.Bnn0087SearchAffiliationConditions@911fc6] METHOD START
06-01-2017 00:59:40.247,INFO ,19EAC9EE0E15A2573EECC440CE0017A5,U0000000001,Affiliation searching started
06-01-2017 00:59:40.265,DEBUG,19EAC9EE0E15A2573EECC440CE0017A5,==>  Preparing: SELECT usr.userName userName, usr.userId userId , authorization.AUTHORIZATION_TYPE_NAME typeName, authorization.AUTHORIZATION_TYPE_ID typeId, mgr.farmIdList farmIdList, mgr.areaIdList areaIdList, mgr.lastUpdateDate lastUpdateDate FROM (SELECT users.USERS_NAME userName, users.USERS_ID userId FROM IVB_M_USERS users WHERE 1 = 1 AND users.DELETE_FLAG = '0') usr LEFT JOIN (SELECT manager.USERS_ID userId, manager.AUTHORIZATION_TYPE_ID typeId, (SELECT LAST_UPDATE_DATE FROM IVB_M_MANAGER ORDER BY LAST_UPDATE_DATE DESC LIMIT 1) lastUpdateDate, GROUP_CONCAT(manager.FARM_ID SEPARATOR ',') as farmIdList, GROUP_CONCAT(manager.AREA_ID SEPARATOR ',') as areaIdList FROM IVB_M_MANAGER manager WHERE 1 = 1 AND manager.DELETE_FLAG = '0' GROUP BY manager.USERS_ID, manager.AUTHORIZATION_TYPE_ID) mgr ON usr.userId = mgr.userId LEFT JOIN IVB_M_AUTHORIZATION authorization ON authorization.AUTHORIZATION_TYPE_ID = mgr.typeId ORDER BY usr.userName, authorization.AUTHORIZATION_TYPE_ID LIMIT ?,? 
06-01-2017 00:59:40.265,DEBUG,19EAC9EE0E15A2573EECC440CE0017A5,==> Parameters: 0(Integer), 20(Integer)
06-01-2017 00:59:40.270,DEBUG,19EAC9EE0E15A2573EECC440CE0017A5,<==      Total: 20
06-01-2017 00:59:40.270,INFO ,19EAC9EE0E15A2573EECC440CE0017A5,U0000000001,SQL execution finished
06-01-2017 00:59:40.270,DEBUG,19EAC9EE0E15A2573EECC440CE0017A5,==>  Preparing: SELECT COUNT(*) FROM (SELECT users.USERS_NAME userName, users.USERS_ID userId FROM IVB_M_USERS users WHERE 1 = 1 AND users.DELETE_FLAG = '0') usr LEFT JOIN (SELECT manager.USERS_ID userId, manager.AUTHORIZATION_TYPE_ID typeId FROM IVB_M_MANAGER manager WHERE 1 = 1 AND manager.DELETE_FLAG = '0' GROUP BY manager.USERS_ID, manager.AUTHORIZATION_TYPE_ID) mgr ON usr.userId = mgr.userId LEFT JOIN IVB_M_AUTHORIZATION authorization ON authorization.AUTHORIZATION_TYPE_ID = mgr.typeId ORDER BY usr.userId 
06-01-2017 00:59:40.270,DEBUG,19EAC9EE0E15A2573EECC440CE0017A5,==> Parameters: 
06-01-2017 00:59:40.272,DEBUG,19EAC9EE0E15A2573EECC440CE0017A5,<==      Total: 1
06-01-2017 00:59:40.272,INFO ,19EAC9EE0E15A2573EECC440CE0017A5,U0000000001,Affiliation searching finished ==> 60 item(s)
06-01-2017 00:59:40.273,INFO ,19EAC9EE0E15A2573EECC440CE0017A5,U0000000001,vn.bananavietnam.ict.banana.service.Bnn0087SearchAffiliationService,searchData,[vn.bananavietnam.ict.banana.component.Bnn0087SearchAffiliationConditions@911fc6] METHOD END
06-01-2017 00:59:40.402,INFO ,19EAC9EE0E15A2573EECC440CE0017A5,U0000000001,vn.bananavietnam.ict.banana.service.Bnn0087SearchAffiliationService,searchData,[vn.bananavietnam.ict.banana.component.Bnn0087SearchAffiliationConditions@1c6b55c] METHOD START
06-01-2017 00:59:40.402,INFO ,19EAC9EE0E15A2573EECC440CE0017A5,U0000000001,Affiliation searching started
06-01-2017 00:59:40.422,DEBUG,19EAC9EE0E15A2573EECC440CE0017A5,==>  Preparing: SELECT usr.userName userName, usr.userId userId , authorization.AUTHORIZATION_TYPE_NAME typeName, authorization.AUTHORIZATION_TYPE_ID typeId, mgr.farmIdList farmIdList, mgr.areaIdList areaIdList, mgr.lastUpdateDate lastUpdateDate FROM (SELECT users.USERS_NAME userName, users.USERS_ID userId FROM IVB_M_USERS users WHERE 1 = 1 AND users.DELETE_FLAG = '0') usr LEFT JOIN (SELECT manager.USERS_ID userId, manager.AUTHORIZATION_TYPE_ID typeId, (SELECT LAST_UPDATE_DATE FROM IVB_M_MANAGER ORDER BY LAST_UPDATE_DATE DESC LIMIT 1) lastUpdateDate, GROUP_CONCAT(manager.FARM_ID SEPARATOR ',') as farmIdList, GROUP_CONCAT(manager.AREA_ID SEPARATOR ',') as areaIdList FROM IVB_M_MANAGER manager WHERE 1 = 1 AND manager.DELETE_FLAG = '0' GROUP BY manager.USERS_ID, manager.AUTHORIZATION_TYPE_ID) mgr ON usr.userId = mgr.userId LEFT JOIN IVB_M_AUTHORIZATION authorization ON authorization.AUTHORIZATION_TYPE_ID = mgr.typeId ORDER BY usr.userName, authorization.AUTHORIZATION_TYPE_ID LIMIT ?,? 
06-01-2017 00:59:40.422,DEBUG,19EAC9EE0E15A2573EECC440CE0017A5,==> Parameters: 40(Integer), 20(Integer)
06-01-2017 00:59:40.425,DEBUG,19EAC9EE0E15A2573EECC440CE0017A5,<==      Total: 20
06-01-2017 00:59:40.425,INFO ,19EAC9EE0E15A2573EECC440CE0017A5,U0000000001,SQL execution finished
06-01-2017 00:59:40.425,DEBUG,19EAC9EE0E15A2573EECC440CE0017A5,==>  Preparing: SELECT COUNT(*) FROM (SELECT users.USERS_NAME userName, users.USERS_ID userId FROM IVB_M_USERS users WHERE 1 = 1 AND users.DELETE_FLAG = '0') usr LEFT JOIN (SELECT manager.USERS_ID userId, manager.AUTHORIZATION_TYPE_ID typeId FROM IVB_M_MANAGER manager WHERE 1 = 1 AND manager.DELETE_FLAG = '0' GROUP BY manager.USERS_ID, manager.AUTHORIZATION_TYPE_ID) mgr ON usr.userId = mgr.userId LEFT JOIN IVB_M_AUTHORIZATION authorization ON authorization.AUTHORIZATION_TYPE_ID = mgr.typeId ORDER BY usr.userId 
06-01-2017 00:59:40.426,DEBUG,19EAC9EE0E15A2573EECC440CE0017A5,==> Parameters: 
06-01-2017 00:59:40.427,DEBUG,19EAC9EE0E15A2573EECC440CE0017A5,<==      Total: 1
06-01-2017 00:59:40.427,INFO ,19EAC9EE0E15A2573EECC440CE0017A5,U0000000001,Affiliation searching finished ==> 60 item(s)
06-01-2017 00:59:40.427,INFO ,19EAC9EE0E15A2573EECC440CE0017A5,U0000000001,vn.bananavietnam.ict.banana.service.Bnn0087SearchAffiliationService,searchData,[vn.bananavietnam.ict.banana.component.Bnn0087SearchAffiliationConditions@1c6b55c] METHOD END
