06-01-2017 00:38:48.587,INFO ,D715C25B0B97DCDAD692911F177F1480,U0000000001,vn.bananavietnam.ict.banana.service.Bnn0087SearchAffiliationService,deleteData,[vn.bananavietnam.ict.banana.component.Bnn0087AffiliationDelete@31279] METHOD START
06-01-2017 00:38:52.623,ERROR,D715C25B0B97DCDAD692911F177F1480,U0000000001,java.lang.Exception: Could not open JDBC Connection for transaction; nested exception is com.mysql.jdbc.exceptions.jdbc4.MySQLNonTransientConnectionException: Could not create connection to database server. Attempted reconnect 3 times. Giving up.
06-01-2017 00:38:52.623,INFO ,D715C25B0B97DCDAD692911F177F1480,U0000000001,vn.bananavietnam.ict.banana.service.Bnn0087SearchAffiliationService,deleteData,[vn.bananavietnam.ict.banana.component.Bnn0087AffiliationDelete@31279] METHOD END
06-01-2017 00:38:53.390,INFO ,D715C25B0B97DCDAD692911F177F1480,U0000000001,vn.bananavietnam.ict.banana.service.Bnn0087SearchAffiliationService,searchData,[vn.bananavietnam.ict.banana.component.Bnn0087SearchAffiliationConditions@728efc] METHOD START
06-01-2017 00:38:53.390,INFO ,D715C25B0B97DCDAD692911F177F1480,U0000000001,Affiliation searching started
06-01-2017 00:38:53.407,DEBUG,D715C25B0B97DCDAD692911F177F1480,==>  Preparing: SELECT usr.userName userName, usr.userId userId , authorization.AUTHORIZATION_TYPE_NAME typeName, authorization.AUTHORIZATION_TYPE_ID typeId, mgr.farmIdList farmIdList, mgr.areaIdList areaIdList, mgr.lastUpdateDate lastUpdateDate FROM (SELECT users.USERS_NAME userName, users.USERS_ID userId FROM IVB_M_USERS users WHERE 1 = 1 AND users.DELETE_FLAG = '0') usr LEFT JOIN (SELECT manager.USERS_ID userId, manager.AUTHORIZATION_TYPE_ID typeId, (SELECT LAST_UPDATE_DATE FROM IVB_M_MANAGER ORDER BY LAST_UPDATE_DATE DESC LIMIT 1) lastUpdateDate, GROUP_CONCAT(manager.FARM_ID SEPARATOR ',') as farmIdList, GROUP_CONCAT(manager.AREA_ID SEPARATOR ',') as areaIdList FROM IVB_M_MANAGER manager WHERE 1 = 1 AND manager.DELETE_FLAG = '0' GROUP BY manager.USERS_ID, manager.AUTHORIZATION_TYPE_ID) mgr ON usr.userId = mgr.userId LEFT JOIN IVB_M_AUTHORIZATION authorization ON authorization.AUTHORIZATION_TYPE_ID = mgr.typeId ORDER BY usr.userName, authorization.AUTHORIZATION_TYPE_ID LIMIT ?,? 
06-01-2017 00:38:53.408,DEBUG,D715C25B0B97DCDAD692911F177F1480,==> Parameters: 0(Integer), 20(Integer)
06-01-2017 00:38:53.413,DEBUG,D715C25B0B97DCDAD692911F177F1480,<==      Total: 20
06-01-2017 00:38:53.413,INFO ,D715C25B0B97DCDAD692911F177F1480,U0000000001,SQL execution finished
06-01-2017 00:38:53.413,DEBUG,D715C25B0B97DCDAD692911F177F1480,==>  Preparing: SELECT COUNT(*) FROM (SELECT users.USERS_NAME userName, users.USERS_ID userId FROM IVB_M_USERS users WHERE 1 = 1 AND users.DELETE_FLAG = '0') usr LEFT JOIN (SELECT manager.USERS_ID userId, manager.AUTHORIZATION_TYPE_ID typeId FROM IVB_M_MANAGER manager WHERE 1 = 1 AND manager.DELETE_FLAG = '0' GROUP BY manager.USERS_ID, manager.AUTHORIZATION_TYPE_ID) mgr ON usr.userId = mgr.userId LEFT JOIN IVB_M_AUTHORIZATION authorization ON authorization.AUTHORIZATION_TYPE_ID = mgr.typeId ORDER BY usr.userId 
06-01-2017 00:38:53.413,DEBUG,D715C25B0B97DCDAD692911F177F1480,==> Parameters: 
06-01-2017 00:38:53.414,DEBUG,D715C25B0B97DCDAD692911F177F1480,<==      Total: 1
06-01-2017 00:38:53.414,INFO ,D715C25B0B97DCDAD692911F177F1480,U0000000001,Affiliation searching finished ==> 60 item(s)
06-01-2017 00:38:53.415,INFO ,D715C25B0B97DCDAD692911F177F1480,U0000000001,vn.bananavietnam.ict.banana.service.Bnn0087SearchAffiliationService,searchData,[vn.bananavietnam.ict.banana.component.Bnn0087SearchAffiliationConditions@728efc] METHOD END
06-01-2017 00:38:54.062,INFO ,DF1BD0BF671FFC7A5AD035B20B303D34,U0000000001,vn.bananavietnam.ict.banana.service.Bnn0087SearchAffiliationService,initData,[{}] METHOD START
06-01-2017 00:38:54.082,DEBUG,DF1BD0BF671FFC7A5AD035B20B303D34,==>  Preparing: select AUTHORIZATION_TYPE_ID, AUTHORIZATION_TYPE_NAME, ACCESS_AUTHORITY_ID, CREATE_USER_ID, CREATE_DATE, UPDATE_USER_ID, LAST_UPDATE_DATE, DELETE_FLAG from IVB_M_AUTHORIZATION 
06-01-2017 00:38:54.082,DEBUG,DF1BD0BF671FFC7A5AD035B20B303D34,==> Parameters: 
06-01-2017 00:38:54.083,DEBUG,DF1BD0BF671FFC7A5AD035B20B303D34,<==      Total: 4
06-01-2017 00:38:54.083,INFO ,DF1BD0BF671FFC7A5AD035B20B303D34,U0000000001,vn.bananavietnam.ict.banana.service.Bnn0087SearchAffiliationService,initData,[{affiliationData=[{"authorizationTypeId":"1","authorizationTypeName":"Quản lý hệ thống","accessAuthorityId":"1","createUserId":"U0000000001","createDate":1489363200000,"updateUserId":"U0000000001","lastUpdateDate":1490054400000,"deleteFlag":false},{"authorizationTypeId":"2","authorizationTypeName":"Giám đốc kinh doanh","accessAuthorityId":"2","createUserId":"U0000000001","createDate":1489363200000,"updateUserId":"U0000000001","lastUpdateDate":1490054400000,"deleteFlag":false},{"authorizationTypeId":"3","authorizationTypeName":"Quản lý nông trại","accessAuthorityId":"3","createUserId":"U0000000001","createDate":1489363200000,"updateUserId":"U0000000001","lastUpdateDate":1490054400000,"deleteFlag":false},{"authorizationTypeId":"4","authorizationTypeName":"Quản lý lô","accessAuthorityId":"4","createUserId":"U0000000001","createDate":1489363200000,"updateUserId":"U0000000001","lastUpdateDate":1490054400000,"deleteFlag":false}]}] METHOD END
06-01-2017 00:38:54.122,INFO ,DF1BD0BF671FFC7A5AD035B20B303D34,U0000000001,vn.bananavietnam.ict.banana.service.Bnn0087SearchAffiliationService,searchData,[vn.bananavietnam.ict.banana.component.Bnn0087SearchAffiliationConditions@1910467] METHOD START
06-01-2017 00:38:54.122,INFO ,DF1BD0BF671FFC7A5AD035B20B303D34,U0000000001,Affiliation searching started
06-01-2017 00:38:54.141,DEBUG,DF1BD0BF671FFC7A5AD035B20B303D34,==>  Preparing: SELECT usr.userName userName, usr.userId userId , authorization.AUTHORIZATION_TYPE_NAME typeName, authorization.AUTHORIZATION_TYPE_ID typeId, mgr.farmIdList farmIdList, mgr.areaIdList areaIdList, mgr.lastUpdateDate lastUpdateDate FROM (SELECT users.USERS_NAME userName, users.USERS_ID userId FROM IVB_M_USERS users WHERE 1 = 1 AND users.DELETE_FLAG = '0') usr LEFT JOIN (SELECT manager.USERS_ID userId, manager.AUTHORIZATION_TYPE_ID typeId, (SELECT LAST_UPDATE_DATE FROM IVB_M_MANAGER ORDER BY LAST_UPDATE_DATE DESC LIMIT 1) lastUpdateDate, GROUP_CONCAT(manager.FARM_ID SEPARATOR ',') as farmIdList, GROUP_CONCAT(manager.AREA_ID SEPARATOR ',') as areaIdList FROM IVB_M_MANAGER manager WHERE 1 = 1 AND manager.DELETE_FLAG = '0' GROUP BY manager.USERS_ID, manager.AUTHORIZATION_TYPE_ID) mgr ON usr.userId = mgr.userId LEFT JOIN IVB_M_AUTHORIZATION authorization ON authorization.AUTHORIZATION_TYPE_ID = mgr.typeId ORDER BY usr.userName, authorization.AUTHORIZATION_TYPE_ID LIMIT ?,? 
06-01-2017 00:38:54.141,DEBUG,DF1BD0BF671FFC7A5AD035B20B303D34,==> Parameters: 0(Integer), 20(Integer)
06-01-2017 00:38:54.145,DEBUG,DF1BD0BF671FFC7A5AD035B20B303D34,<==      Total: 20
06-01-2017 00:38:54.145,INFO ,DF1BD0BF671FFC7A5AD035B20B303D34,U0000000001,SQL execution finished
06-01-2017 00:38:54.146,DEBUG,DF1BD0BF671FFC7A5AD035B20B303D34,==>  Preparing: SELECT COUNT(*) FROM (SELECT users.USERS_NAME userName, users.USERS_ID userId FROM IVB_M_USERS users WHERE 1 = 1 AND users.DELETE_FLAG = '0') usr LEFT JOIN (SELECT manager.USERS_ID userId, manager.AUTHORIZATION_TYPE_ID typeId FROM IVB_M_MANAGER manager WHERE 1 = 1 AND manager.DELETE_FLAG = '0' GROUP BY manager.USERS_ID, manager.AUTHORIZATION_TYPE_ID) mgr ON usr.userId = mgr.userId LEFT JOIN IVB_M_AUTHORIZATION authorization ON authorization.AUTHORIZATION_TYPE_ID = mgr.typeId ORDER BY usr.userId 
06-01-2017 00:38:54.146,DEBUG,DF1BD0BF671FFC7A5AD035B20B303D34,==> Parameters: 
06-01-2017 00:38:54.147,DEBUG,DF1BD0BF671FFC7A5AD035B20B303D34,<==      Total: 1
06-01-2017 00:38:54.148,INFO ,DF1BD0BF671FFC7A5AD035B20B303D34,U0000000001,Affiliation searching finished ==> 60 item(s)
06-01-2017 00:38:54.148,INFO ,DF1BD0BF671FFC7A5AD035B20B303D34,U0000000001,vn.bananavietnam.ict.banana.service.Bnn0087SearchAffiliationService,searchData,[vn.bananavietnam.ict.banana.component.Bnn0087SearchAffiliationConditions@1910467] METHOD END
06-01-2017 00:38:54.304,INFO ,DF1BD0BF671FFC7A5AD035B20B303D34,U0000000001,vn.bananavietnam.ict.banana.service.Bnn0087SearchAffiliationService,searchData,[vn.bananavietnam.ict.banana.component.Bnn0087SearchAffiliationConditions@ec4945] METHOD START
06-01-2017 00:38:54.304,INFO ,DF1BD0BF671FFC7A5AD035B20B303D34,U0000000001,Affiliation searching started
06-01-2017 00:38:54.331,DEBUG,DF1BD0BF671FFC7A5AD035B20B303D34,==>  Preparing: SELECT usr.userName userName, usr.userId userId , authorization.AUTHORIZATION_TYPE_NAME typeName, authorization.AUTHORIZATION_TYPE_ID typeId, mgr.farmIdList farmIdList, mgr.areaIdList areaIdList, mgr.lastUpdateDate lastUpdateDate FROM (SELECT users.USERS_NAME userName, users.USERS_ID userId FROM IVB_M_USERS users WHERE 1 = 1 AND users.DELETE_FLAG = '0') usr LEFT JOIN (SELECT manager.USERS_ID userId, manager.AUTHORIZATION_TYPE_ID typeId, (SELECT LAST_UPDATE_DATE FROM IVB_M_MANAGER ORDER BY LAST_UPDATE_DATE DESC LIMIT 1) lastUpdateDate, GROUP_CONCAT(manager.FARM_ID SEPARATOR ',') as farmIdList, GROUP_CONCAT(manager.AREA_ID SEPARATOR ',') as areaIdList FROM IVB_M_MANAGER manager WHERE 1 = 1 AND manager.DELETE_FLAG = '0' GROUP BY manager.USERS_ID, manager.AUTHORIZATION_TYPE_ID) mgr ON usr.userId = mgr.userId LEFT JOIN IVB_M_AUTHORIZATION authorization ON authorization.AUTHORIZATION_TYPE_ID = mgr.typeId ORDER BY usr.userName, authorization.AUTHORIZATION_TYPE_ID LIMIT ?,? 
06-01-2017 00:38:54.331,DEBUG,DF1BD0BF671FFC7A5AD035B20B303D34,==> Parameters: 0(Integer), 20(Integer)
06-01-2017 00:38:54.335,DEBUG,DF1BD0BF671FFC7A5AD035B20B303D34,<==      Total: 20
06-01-2017 00:38:54.335,INFO ,DF1BD0BF671FFC7A5AD035B20B303D34,U0000000001,SQL execution finished
06-01-2017 00:38:54.336,DEBUG,DF1BD0BF671FFC7A5AD035B20B303D34,==>  Preparing: SELECT COUNT(*) FROM (SELECT users.USERS_NAME userName, users.USERS_ID userId FROM IVB_M_USERS users WHERE 1 = 1 AND users.DELETE_FLAG = '0') usr LEFT JOIN (SELECT manager.USERS_ID userId, manager.AUTHORIZATION_TYPE_ID typeId FROM IVB_M_MANAGER manager WHERE 1 = 1 AND manager.DELETE_FLAG = '0' GROUP BY manager.USERS_ID, manager.AUTHORIZATION_TYPE_ID) mgr ON usr.userId = mgr.userId LEFT JOIN IVB_M_AUTHORIZATION authorization ON authorization.AUTHORIZATION_TYPE_ID = mgr.typeId ORDER BY usr.userId 
06-01-2017 00:38:54.336,DEBUG,DF1BD0BF671FFC7A5AD035B20B303D34,==> Parameters: 
06-01-2017 00:38:54.337,DEBUG,DF1BD0BF671FFC7A5AD035B20B303D34,<==      Total: 1
06-01-2017 00:38:54.337,INFO ,DF1BD0BF671FFC7A5AD035B20B303D34,U0000000001,Affiliation searching finished ==> 60 item(s)
06-01-2017 00:38:54.337,INFO ,DF1BD0BF671FFC7A5AD035B20B303D34,U0000000001,vn.bananavietnam.ict.banana.service.Bnn0087SearchAffiliationService,searchData,[vn.bananavietnam.ict.banana.component.Bnn0087SearchAffiliationConditions@ec4945] METHOD END
