06-01-2017 00:28:12.941,INFO ,7212A771D2B13E1C749400CB1AE8CDD6,U0000000001,vn.bananavietnam.ict.banana.service.Bnn0087SearchAffiliationService,insertDataForAffiliation,[[vn.bananavietnam.ict.banana.component.Bnn0087IvbMManager@11c7e83]] METHOD START
06-01-2017 00:28:12.941,INFO ,7212A771D2B13E1C749400CB1AE8CDD6,U0000000001,Block delete started
06-01-2017 00:28:16.955,ERROR,7212A771D2B13E1C749400CB1AE8CDD6,U0000000001,java.lang.Exception: Could not open JDBC Connection for transaction; nested exception is com.mysql.jdbc.exceptions.jdbc4.MySQLNonTransientConnectionException: Could not create connection to database server. Attempted reconnect 3 times. Giving up.
06-01-2017 00:28:16.955,INFO ,7212A771D2B13E1C749400CB1AE8CDD6,U0000000001,vn.bananavietnam.ict.banana.service.Bnn0087SearchAffiliationService,insertDataForAffiliation,[[vn.bananavietnam.ict.banana.component.Bnn0087IvbMManager@11c7e83]] METHOD END
06-01-2017 00:28:22.506,INFO ,746F8441D19F162E5CCF603D9A153683,U0000000001,vn.bananavietnam.ict.banana.service.Bnn0087SearchAffiliationService,initData,[{}] METHOD START
06-01-2017 00:28:22.529,DEBUG,746F8441D19F162E5CCF603D9A153683,==>  Preparing: select AUTHORIZATION_TYPE_ID, AUTHORIZATION_TYPE_NAME, ACCESS_AUTHORITY_ID, CREATE_USER_ID, CREATE_DATE, UPDATE_USER_ID, LAST_UPDATE_DATE, DELETE_FLAG from IVB_M_AUTHORIZATION 
06-01-2017 00:28:22.530,DEBUG,746F8441D19F162E5CCF603D9A153683,==> Parameters: 
06-01-2017 00:28:22.532,DEBUG,746F8441D19F162E5CCF603D9A153683,<==      Total: 4
06-01-2017 00:28:22.533,INFO ,746F8441D19F162E5CCF603D9A153683,U0000000001,vn.bananavietnam.ict.banana.service.Bnn0087SearchAffiliationService,initData,[{affiliationData=[{"authorizationTypeId":"1","authorizationTypeName":"Quản lý hệ thống","accessAuthorityId":"1","createUserId":"U0000000001","createDate":1489363200000,"updateUserId":"U0000000001","lastUpdateDate":1490054400000,"deleteFlag":false},{"authorizationTypeId":"2","authorizationTypeName":"Giám đốc kinh doanh","accessAuthorityId":"2","createUserId":"U0000000001","createDate":1489363200000,"updateUserId":"U0000000001","lastUpdateDate":1490054400000,"deleteFlag":false},{"authorizationTypeId":"3","authorizationTypeName":"Quản lý nông trại","accessAuthorityId":"3","createUserId":"U0000000001","createDate":1489363200000,"updateUserId":"U0000000001","lastUpdateDate":1490054400000,"deleteFlag":false},{"authorizationTypeId":"4","authorizationTypeName":"Quản lý lô","accessAuthorityId":"4","createUserId":"U0000000001","createDate":1489363200000,"updateUserId":"U0000000001","lastUpdateDate":1490054400000,"deleteFlag":false}]}] METHOD END
06-01-2017 00:28:22.585,INFO ,746F8441D19F162E5CCF603D9A153683,U0000000001,vn.bananavietnam.ict.banana.service.Bnn0087SearchAffiliationService,searchData,[vn.bananavietnam.ict.banana.component.Bnn0087SearchAffiliationConditions@13807de] METHOD START
06-01-2017 00:28:22.585,INFO ,746F8441D19F162E5CCF603D9A153683,U0000000001,Affiliation searching started
06-01-2017 00:28:22.603,DEBUG,746F8441D19F162E5CCF603D9A153683,==>  Preparing: SELECT usr.userName userName, usr.userId userId , authorization.AUTHORIZATION_TYPE_NAME typeName, authorization.AUTHORIZATION_TYPE_ID typeId, mgr.farmIdList farmIdList, mgr.areaIdList areaIdList, mgr.lastUpdateDate lastUpdateDate FROM (SELECT users.USERS_NAME userName, users.USERS_ID userId FROM IVB_M_USERS users WHERE 1 = 1 AND users.DELETE_FLAG = '0') usr LEFT JOIN (SELECT manager.USERS_ID userId, manager.AUTHORIZATION_TYPE_ID typeId, (SELECT LAST_UPDATE_DATE FROM IVB_M_MANAGER ORDER BY LAST_UPDATE_DATE DESC LIMIT 1) lastUpdateDate, GROUP_CONCAT(manager.FARM_ID SEPARATOR ',') as farmIdList, GROUP_CONCAT(manager.AREA_ID SEPARATOR ',') as areaIdList FROM IVB_M_MANAGER manager WHERE 1 = 1 AND manager.DELETE_FLAG = '0' GROUP BY manager.USERS_ID, manager.AUTHORIZATION_TYPE_ID) mgr ON usr.userId = mgr.userId LEFT JOIN IVB_M_AUTHORIZATION authorization ON authorization.AUTHORIZATION_TYPE_ID = mgr.typeId ORDER BY usr.userName, authorization.AUTHORIZATION_TYPE_ID LIMIT ?,? 
06-01-2017 00:28:22.603,DEBUG,746F8441D19F162E5CCF603D9A153683,==> Parameters: 0(Integer), 20(Integer)
06-01-2017 00:28:22.608,DEBUG,746F8441D19F162E5CCF603D9A153683,<==      Total: 20
06-01-2017 00:28:22.608,INFO ,746F8441D19F162E5CCF603D9A153683,U0000000001,SQL execution finished
06-01-2017 00:28:22.608,DEBUG,746F8441D19F162E5CCF603D9A153683,==>  Preparing: SELECT COUNT(*) FROM (SELECT users.USERS_NAME userName, users.USERS_ID userId FROM IVB_M_USERS users WHERE 1 = 1 AND users.DELETE_FLAG = '0') usr LEFT JOIN (SELECT manager.USERS_ID userId, manager.AUTHORIZATION_TYPE_ID typeId FROM IVB_M_MANAGER manager WHERE 1 = 1 AND manager.DELETE_FLAG = '0' GROUP BY manager.USERS_ID, manager.AUTHORIZATION_TYPE_ID) mgr ON usr.userId = mgr.userId LEFT JOIN IVB_M_AUTHORIZATION authorization ON authorization.AUTHORIZATION_TYPE_ID = mgr.typeId ORDER BY usr.userId 
06-01-2017 00:28:22.608,DEBUG,746F8441D19F162E5CCF603D9A153683,==> Parameters: 
06-01-2017 00:28:22.610,DEBUG,746F8441D19F162E5CCF603D9A153683,<==      Total: 1
06-01-2017 00:28:22.610,INFO ,746F8441D19F162E5CCF603D9A153683,U0000000001,Affiliation searching finished ==> 60 item(s)
06-01-2017 00:28:22.610,INFO ,746F8441D19F162E5CCF603D9A153683,U0000000001,vn.bananavietnam.ict.banana.service.Bnn0087SearchAffiliationService,searchData,[vn.bananavietnam.ict.banana.component.Bnn0087SearchAffiliationConditions@13807de] METHOD END
06-01-2017 00:28:25.768,INFO ,746F8441D19F162E5CCF603D9A153683,U0000000001,vn.bananavietnam.ict.banana.service.Bnn0087SearchAffiliationService,searchData,[vn.bananavietnam.ict.banana.component.Bnn0087SearchAffiliationConditions@6de690] METHOD START
06-01-2017 00:28:25.768,INFO ,746F8441D19F162E5CCF603D9A153683,U0000000001,Affiliation searching started
06-01-2017 00:28:25.791,DEBUG,746F8441D19F162E5CCF603D9A153683,==>  Preparing: SELECT usr.userName userName, usr.userId userId , authorization.AUTHORIZATION_TYPE_NAME typeName, authorization.AUTHORIZATION_TYPE_ID typeId, mgr.farmIdList farmIdList, mgr.areaIdList areaIdList, mgr.lastUpdateDate lastUpdateDate FROM (SELECT users.USERS_NAME userName, users.USERS_ID userId FROM IVB_M_USERS users WHERE 1 = 1 AND users.DELETE_FLAG = '0') usr LEFT JOIN (SELECT manager.USERS_ID userId, manager.AUTHORIZATION_TYPE_ID typeId, (SELECT LAST_UPDATE_DATE FROM IVB_M_MANAGER ORDER BY LAST_UPDATE_DATE DESC LIMIT 1) lastUpdateDate, GROUP_CONCAT(manager.FARM_ID SEPARATOR ',') as farmIdList, GROUP_CONCAT(manager.AREA_ID SEPARATOR ',') as areaIdList FROM IVB_M_MANAGER manager WHERE 1 = 1 AND manager.DELETE_FLAG = '0' GROUP BY manager.USERS_ID, manager.AUTHORIZATION_TYPE_ID) mgr ON usr.userId = mgr.userId LEFT JOIN IVB_M_AUTHORIZATION authorization ON authorization.AUTHORIZATION_TYPE_ID = mgr.typeId ORDER BY usr.userName, authorization.AUTHORIZATION_TYPE_ID LIMIT ?,? 
06-01-2017 00:28:25.792,DEBUG,746F8441D19F162E5CCF603D9A153683,==> Parameters: 0(Integer), 20(Integer)
06-01-2017 00:28:25.799,DEBUG,746F8441D19F162E5CCF603D9A153683,<==      Total: 20
06-01-2017 00:28:25.799,INFO ,746F8441D19F162E5CCF603D9A153683,U0000000001,SQL execution finished
06-01-2017 00:28:25.800,DEBUG,746F8441D19F162E5CCF603D9A153683,==>  Preparing: SELECT COUNT(*) FROM (SELECT users.USERS_NAME userName, users.USERS_ID userId FROM IVB_M_USERS users WHERE 1 = 1 AND users.DELETE_FLAG = '0') usr LEFT JOIN (SELECT manager.USERS_ID userId, manager.AUTHORIZATION_TYPE_ID typeId FROM IVB_M_MANAGER manager WHERE 1 = 1 AND manager.DELETE_FLAG = '0' GROUP BY manager.USERS_ID, manager.AUTHORIZATION_TYPE_ID) mgr ON usr.userId = mgr.userId LEFT JOIN IVB_M_AUTHORIZATION authorization ON authorization.AUTHORIZATION_TYPE_ID = mgr.typeId ORDER BY usr.userId 
06-01-2017 00:28:25.800,DEBUG,746F8441D19F162E5CCF603D9A153683,==> Parameters: 
06-01-2017 00:28:25.802,DEBUG,746F8441D19F162E5CCF603D9A153683,<==      Total: 1
06-01-2017 00:28:25.803,INFO ,746F8441D19F162E5CCF603D9A153683,U0000000001,Affiliation searching finished ==> 60 item(s)
06-01-2017 00:28:25.803,INFO ,746F8441D19F162E5CCF603D9A153683,U0000000001,vn.bananavietnam.ict.banana.service.Bnn0087SearchAffiliationService,searchData,[vn.bananavietnam.ict.banana.component.Bnn0087SearchAffiliationConditions@6de690] METHOD END
06-01-2017 00:28:25.968,INFO ,746F8441D19F162E5CCF603D9A153683,U0000000001,vn.bananavietnam.ict.banana.service.Bnn0087SearchAffiliationService,getDataForAffiliation,[] METHOD START
06-01-2017 00:28:25.995,DEBUG,746F8441D19F162E5CCF603D9A153683,==>  Preparing: SELECT DISTINCT farm.FARM_NAME farmName, farm.FARM_ID farmId, area.AREA_NAME areaName, area.AREA_ID areaId, area.AREA_MANAGER areaManager, (SELECT USERS_NAME FROM IVB_M_USERS WHERE USERS_ID = AREA_MANAGER) usersName FROM IVB_M_AREA area INNER JOIN IVB_M_FARM farm ON farm.FARM_ID = area.FARM_ID WHERE farm.DELETE_FLAG = '0' AND area.DELETE_FLAG = '0' ORDER BY farm.FARM_NAME, area.AREA_NAME 
06-01-2017 00:28:25.995,DEBUG,746F8441D19F162E5CCF603D9A153683,==> Parameters: 
06-01-2017 00:28:25.997,DEBUG,746F8441D19F162E5CCF603D9A153683,<==      Total: 26
06-01-2017 00:28:25.998,INFO ,746F8441D19F162E5CCF603D9A153683,U0000000001,SQL execution finished
06-01-2017 00:28:25.998,DEBUG,746F8441D19F162E5CCF603D9A153683,==>  Preparing: SELECT farm.FARM_NAME farmName, farm.FARM_ID farmId FROM IVB_M_FARM farm WHERE farm.DELETE_FLAG = '0' ORDER BY farm.FARM_NAME 
06-01-2017 00:28:25.998,DEBUG,746F8441D19F162E5CCF603D9A153683,==> Parameters: 
06-01-2017 00:28:25.999,DEBUG,746F8441D19F162E5CCF603D9A153683,<==      Total: 21
06-01-2017 00:28:26.000,INFO ,746F8441D19F162E5CCF603D9A153683,U0000000001,Affiliation searching finished
06-01-2017 00:28:26.000,INFO ,746F8441D19F162E5CCF603D9A153683,U0000000001,vn.bananavietnam.ict.banana.service.Bnn0087SearchAffiliationService,getDataForAffiliation,[] METHOD END
