06-01-2017 01:20:33.775,INFO ,8A6FF4BBA5AF771583BC35CE6FE06C8D,U0000000001,vn.bananavietnam.ict.banana.service.Bnn0087SearchAffiliationService,searchData,[vn.bananavietnam.ict.banana.component.Bnn0087SearchAffiliationConditions@15572] METHOD START
06-01-2017 01:20:33.775,INFO ,8A6FF4BBA5AF771583BC35CE6FE06C8D,U0000000001,Affiliation searching started
06-01-2017 01:20:37.801,ERROR,8A6FF4BBA5AF771583BC35CE6FE06C8D,U0000000001,java.lang.Exception: nested exception is org.apache.ibatis.exceptions.PersistenceException: 
06-01-2017 01:20:37.802,INFO ,8A6FF4BBA5AF771583BC35CE6FE06C8D,U0000000001,vn.bananavietnam.ict.banana.service.Bnn0087SearchAffiliationService,searchData,[vn.bananavietnam.ict.banana.component.Bnn0087SearchAffiliationConditions@15572] METHOD END
06-01-2017 01:20:41.257,INFO ,8A6FF4BBA5AF771583BC35CE6FE06C8D,U0000000001,vn.bananavietnam.ict.banana.service.Bnn0087SearchAffiliationService,searchData,[vn.bananavietnam.ict.banana.component.Bnn0087SearchAffiliationConditions@406edd] METHOD START
06-01-2017 01:20:41.257,INFO ,8A6FF4BBA5AF771583BC35CE6FE06C8D,U0000000001,Affiliation searching started
06-01-2017 01:20:41.278,DEBUG,8A6FF4BBA5AF771583BC35CE6FE06C8D,==>  Preparing: SELECT usr.userName userName, usr.userId userId , authorization.AUTHORIZATION_TYPE_NAME typeName, authorization.AUTHORIZATION_TYPE_ID typeId, mgr.farmIdList farmIdList, mgr.areaIdList areaIdList, mgr.lastUpdateDate lastUpdateDate FROM (SELECT users.USERS_NAME userName, users.USERS_ID userId FROM IVB_M_USERS users WHERE 1 = 1 AND users.DELETE_FLAG = '0') usr LEFT JOIN (SELECT manager.USERS_ID userId, manager.AUTHORIZATION_TYPE_ID typeId, (SELECT LAST_UPDATE_DATE FROM IVB_M_MANAGER ORDER BY LAST_UPDATE_DATE DESC LIMIT 1) lastUpdateDate, GROUP_CONCAT(manager.FARM_ID SEPARATOR ',') as farmIdList, GROUP_CONCAT(manager.AREA_ID SEPARATOR ',') as areaIdList FROM IVB_M_MANAGER manager WHERE 1 = 1 AND manager.DELETE_FLAG = '0' GROUP BY manager.USERS_ID, manager.AUTHORIZATION_TYPE_ID) mgr ON usr.userId = mgr.userId LEFT JOIN IVB_M_AUTHORIZATION authorization ON authorization.AUTHORIZATION_TYPE_ID = mgr.typeId ORDER BY usr.userName, authorization.AUTHORIZATION_TYPE_ID LIMIT ?,? 
06-01-2017 01:20:41.278,DEBUG,8A6FF4BBA5AF771583BC35CE6FE06C8D,==> Parameters: 0(Integer), 20(Integer)
06-01-2017 01:20:41.282,DEBUG,8A6FF4BBA5AF771583BC35CE6FE06C8D,<==      Total: 20
06-01-2017 01:20:41.282,INFO ,8A6FF4BBA5AF771583BC35CE6FE06C8D,U0000000001,SQL execution finished
06-01-2017 01:20:41.282,DEBUG,8A6FF4BBA5AF771583BC35CE6FE06C8D,==>  Preparing: SELECT COUNT(*) FROM (SELECT users.USERS_NAME userName, users.USERS_ID userId FROM IVB_M_USERS users WHERE 1 = 1 AND users.DELETE_FLAG = '0') usr LEFT JOIN (SELECT manager.USERS_ID userId, manager.AUTHORIZATION_TYPE_ID typeId FROM IVB_M_MANAGER manager WHERE 1 = 1 AND manager.DELETE_FLAG = '0' GROUP BY manager.USERS_ID, manager.AUTHORIZATION_TYPE_ID) mgr ON usr.userId = mgr.userId LEFT JOIN IVB_M_AUTHORIZATION authorization ON authorization.AUTHORIZATION_TYPE_ID = mgr.typeId ORDER BY usr.userId 
06-01-2017 01:20:41.282,DEBUG,8A6FF4BBA5AF771583BC35CE6FE06C8D,==> Parameters: 
06-01-2017 01:20:41.284,DEBUG,8A6FF4BBA5AF771583BC35CE6FE06C8D,<==      Total: 1
06-01-2017 01:20:41.284,INFO ,8A6FF4BBA5AF771583BC35CE6FE06C8D,U0000000001,Affiliation searching finished ==> 60 item(s)
06-01-2017 01:20:41.284,INFO ,8A6FF4BBA5AF771583BC35CE6FE06C8D,U0000000001,vn.bananavietnam.ict.banana.service.Bnn0087SearchAffiliationService,searchData,[vn.bananavietnam.ict.banana.component.Bnn0087SearchAffiliationConditions@406edd] METHOD END
06-01-2017 01:20:41.929,INFO ,06286EB2FD38CF3A7C422B42219F485B,U0000000001,vn.bananavietnam.ict.banana.service.Bnn0087SearchAffiliationService,initData,[{}] METHOD START
06-01-2017 01:20:41.950,DEBUG,06286EB2FD38CF3A7C422B42219F485B,==>  Preparing: select AUTHORIZATION_TYPE_ID, AUTHORIZATION_TYPE_NAME, ACCESS_AUTHORITY_ID, CREATE_USER_ID, CREATE_DATE, UPDATE_USER_ID, LAST_UPDATE_DATE, DELETE_FLAG from IVB_M_AUTHORIZATION 
06-01-2017 01:20:41.950,DEBUG,06286EB2FD38CF3A7C422B42219F485B,==> Parameters: 
06-01-2017 01:20:41.952,DEBUG,06286EB2FD38CF3A7C422B42219F485B,<==      Total: 4
06-01-2017 01:20:41.952,INFO ,06286EB2FD38CF3A7C422B42219F485B,U0000000001,vn.bananavietnam.ict.banana.service.Bnn0087SearchAffiliationService,initData,[{affiliationData=[{"authorizationTypeId":"1","authorizationTypeName":"Quản lý hệ thống","accessAuthorityId":"1","createUserId":"U0000000001","createDate":1489363200000,"updateUserId":"U0000000001","lastUpdateDate":1490054400000,"deleteFlag":false},{"authorizationTypeId":"2","authorizationTypeName":"Giám đốc kinh doanh","accessAuthorityId":"2","createUserId":"U0000000001","createDate":1489363200000,"updateUserId":"U0000000001","lastUpdateDate":1490054400000,"deleteFlag":false},{"authorizationTypeId":"3","authorizationTypeName":"Quản lý nông trại","accessAuthorityId":"3","createUserId":"U0000000001","createDate":1489363200000,"updateUserId":"U0000000001","lastUpdateDate":1490054400000,"deleteFlag":false},{"authorizationTypeId":"4","authorizationTypeName":"Quản lý lô","accessAuthorityId":"4","createUserId":"U0000000001","createDate":1489363200000,"updateUserId":"U0000000001","lastUpdateDate":1490054400000,"deleteFlag":false}]}] METHOD END
06-01-2017 01:20:41.997,INFO ,06286EB2FD38CF3A7C422B42219F485B,U0000000001,vn.bananavietnam.ict.banana.service.Bnn0087SearchAffiliationService,searchData,[vn.bananavietnam.ict.banana.component.Bnn0087SearchAffiliationConditions@1565bbc] METHOD START
06-01-2017 01:20:41.998,INFO ,06286EB2FD38CF3A7C422B42219F485B,U0000000001,Affiliation searching started
06-01-2017 01:20:42.016,DEBUG,06286EB2FD38CF3A7C422B42219F485B,==>  Preparing: SELECT usr.userName userName, usr.userId userId , authorization.AUTHORIZATION_TYPE_NAME typeName, authorization.AUTHORIZATION_TYPE_ID typeId, mgr.farmIdList farmIdList, mgr.areaIdList areaIdList, mgr.lastUpdateDate lastUpdateDate FROM (SELECT users.USERS_NAME userName, users.USERS_ID userId FROM IVB_M_USERS users WHERE 1 = 1 AND users.DELETE_FLAG = '0') usr LEFT JOIN (SELECT manager.USERS_ID userId, manager.AUTHORIZATION_TYPE_ID typeId, (SELECT LAST_UPDATE_DATE FROM IVB_M_MANAGER ORDER BY LAST_UPDATE_DATE DESC LIMIT 1) lastUpdateDate, GROUP_CONCAT(manager.FARM_ID SEPARATOR ',') as farmIdList, GROUP_CONCAT(manager.AREA_ID SEPARATOR ',') as areaIdList FROM IVB_M_MANAGER manager WHERE 1 = 1 AND manager.DELETE_FLAG = '0' GROUP BY manager.USERS_ID, manager.AUTHORIZATION_TYPE_ID) mgr ON usr.userId = mgr.userId LEFT JOIN IVB_M_AUTHORIZATION authorization ON authorization.AUTHORIZATION_TYPE_ID = mgr.typeId ORDER BY usr.userName, authorization.AUTHORIZATION_TYPE_ID LIMIT ?,? 
06-01-2017 01:20:42.017,DEBUG,06286EB2FD38CF3A7C422B42219F485B,==> Parameters: 0(Integer), 20(Integer)
06-01-2017 01:20:42.020,DEBUG,06286EB2FD38CF3A7C422B42219F485B,<==      Total: 20
06-01-2017 01:20:42.021,INFO ,06286EB2FD38CF3A7C422B42219F485B,U0000000001,SQL execution finished
06-01-2017 01:20:42.021,DEBUG,06286EB2FD38CF3A7C422B42219F485B,==>  Preparing: SELECT COUNT(*) FROM (SELECT users.USERS_NAME userName, users.USERS_ID userId FROM IVB_M_USERS users WHERE 1 = 1 AND users.DELETE_FLAG = '0') usr LEFT JOIN (SELECT manager.USERS_ID userId, manager.AUTHORIZATION_TYPE_ID typeId FROM IVB_M_MANAGER manager WHERE 1 = 1 AND manager.DELETE_FLAG = '0' GROUP BY manager.USERS_ID, manager.AUTHORIZATION_TYPE_ID) mgr ON usr.userId = mgr.userId LEFT JOIN IVB_M_AUTHORIZATION authorization ON authorization.AUTHORIZATION_TYPE_ID = mgr.typeId ORDER BY usr.userId 
06-01-2017 01:20:42.021,DEBUG,06286EB2FD38CF3A7C422B42219F485B,==> Parameters: 
06-01-2017 01:20:42.022,DEBUG,06286EB2FD38CF3A7C422B42219F485B,<==      Total: 1
06-01-2017 01:20:42.023,INFO ,06286EB2FD38CF3A7C422B42219F485B,U0000000001,Affiliation searching finished ==> 60 item(s)
06-01-2017 01:20:42.023,INFO ,06286EB2FD38CF3A7C422B42219F485B,U0000000001,vn.bananavietnam.ict.banana.service.Bnn0087SearchAffiliationService,searchData,[vn.bananavietnam.ict.banana.component.Bnn0087SearchAffiliationConditions@1565bbc] METHOD END
06-01-2017 01:20:42.148,INFO ,06286EB2FD38CF3A7C422B42219F485B,U0000000001,vn.bananavietnam.ict.banana.service.Bnn0087SearchAffiliationService,searchData,[vn.bananavietnam.ict.banana.component.Bnn0087SearchAffiliationConditions@18d5564] METHOD START
06-01-2017 01:20:42.148,INFO ,06286EB2FD38CF3A7C422B42219F485B,U0000000001,Affiliation searching started
06-01-2017 01:20:42.176,DEBUG,06286EB2FD38CF3A7C422B42219F485B,==>  Preparing: SELECT usr.userName userName, usr.userId userId , authorization.AUTHORIZATION_TYPE_NAME typeName, authorization.AUTHORIZATION_TYPE_ID typeId, mgr.farmIdList farmIdList, mgr.areaIdList areaIdList, mgr.lastUpdateDate lastUpdateDate FROM (SELECT users.USERS_NAME userName, users.USERS_ID userId FROM IVB_M_USERS users WHERE 1 = 1 AND users.DELETE_FLAG = '0') usr LEFT JOIN (SELECT manager.USERS_ID userId, manager.AUTHORIZATION_TYPE_ID typeId, (SELECT LAST_UPDATE_DATE FROM IVB_M_MANAGER ORDER BY LAST_UPDATE_DATE DESC LIMIT 1) lastUpdateDate, GROUP_CONCAT(manager.FARM_ID SEPARATOR ',') as farmIdList, GROUP_CONCAT(manager.AREA_ID SEPARATOR ',') as areaIdList FROM IVB_M_MANAGER manager WHERE 1 = 1 AND manager.DELETE_FLAG = '0' GROUP BY manager.USERS_ID, manager.AUTHORIZATION_TYPE_ID) mgr ON usr.userId = mgr.userId LEFT JOIN IVB_M_AUTHORIZATION authorization ON authorization.AUTHORIZATION_TYPE_ID = mgr.typeId ORDER BY usr.userName, authorization.AUTHORIZATION_TYPE_ID LIMIT ?,? 
06-01-2017 01:20:42.177,DEBUG,06286EB2FD38CF3A7C422B42219F485B,==> Parameters: 0(Integer), 20(Integer)
06-01-2017 01:20:42.180,DEBUG,06286EB2FD38CF3A7C422B42219F485B,<==      Total: 20
06-01-2017 01:20:42.181,INFO ,06286EB2FD38CF3A7C422B42219F485B,U0000000001,SQL execution finished
06-01-2017 01:20:42.181,DEBUG,06286EB2FD38CF3A7C422B42219F485B,==>  Preparing: SELECT COUNT(*) FROM (SELECT users.USERS_NAME userName, users.USERS_ID userId FROM IVB_M_USERS users WHERE 1 = 1 AND users.DELETE_FLAG = '0') usr LEFT JOIN (SELECT manager.USERS_ID userId, manager.AUTHORIZATION_TYPE_ID typeId FROM IVB_M_MANAGER manager WHERE 1 = 1 AND manager.DELETE_FLAG = '0' GROUP BY manager.USERS_ID, manager.AUTHORIZATION_TYPE_ID) mgr ON usr.userId = mgr.userId LEFT JOIN IVB_M_AUTHORIZATION authorization ON authorization.AUTHORIZATION_TYPE_ID = mgr.typeId ORDER BY usr.userId 
06-01-2017 01:20:42.181,DEBUG,06286EB2FD38CF3A7C422B42219F485B,==> Parameters: 
06-01-2017 01:20:42.182,DEBUG,06286EB2FD38CF3A7C422B42219F485B,<==      Total: 1
06-01-2017 01:20:42.182,INFO ,06286EB2FD38CF3A7C422B42219F485B,U0000000001,Affiliation searching finished ==> 60 item(s)
06-01-2017 01:20:42.183,INFO ,06286EB2FD38CF3A7C422B42219F485B,U0000000001,vn.bananavietnam.ict.banana.service.Bnn0087SearchAffiliationService,searchData,[vn.bananavietnam.ict.banana.component.Bnn0087SearchAffiliationConditions@18d5564] METHOD END
