06-01-2017 00:48:58.366,INFO ,39E9657F16F853DEDFDC947CEF4013E1,U0000000001,vn.bananavietnam.ict.banana.service.Bnn0087SearchAffiliationService,searchData,[vn.bananavietnam.ict.banana.component.Bnn0087SearchAffiliationConditions@fb7daf] METHOD START
06-01-2017 00:48:58.366,INFO ,39E9657F16F853DEDFDC947CEF4013E1,U0000000001,Affiliation searching started
06-01-2017 00:49:02.374,ERROR,39E9657F16F853DEDFDC947CEF4013E1,U0000000001,java.lang.Exception: nested exception is org.apache.ibatis.exceptions.PersistenceException: 
06-01-2017 00:49:02.374,INFO ,39E9657F16F853DEDFDC947CEF4013E1,U0000000001,vn.bananavietnam.ict.banana.service.Bnn0087SearchAffiliationService,searchData,[vn.bananavietnam.ict.banana.component.Bnn0087SearchAffiliationConditions@fb7daf] METHOD END
06-01-2017 00:49:03.205,INFO ,39E9657F16F853DEDFDC947CEF4013E1,U0000000001,vn.bananavietnam.ict.banana.service.Bnn0087SearchAffiliationService,searchData,[vn.bananavietnam.ict.banana.component.Bnn0087SearchAffiliationConditions@1d89ad1] METHOD START
06-01-2017 00:49:03.205,INFO ,39E9657F16F853DEDFDC947CEF4013E1,U0000000001,Affiliation searching started
06-01-2017 00:49:05.222,DEBUG,39E9657F16F853DEDFDC947CEF4013E1,==>  Preparing: SELECT usr.userName userName, usr.userId userId , authorization.AUTHORIZATION_TYPE_NAME typeName, authorization.AUTHORIZATION_TYPE_ID typeId, mgr.farmIdList farmIdList, mgr.areaIdList areaIdList, mgr.lastUpdateDate lastUpdateDate FROM (SELECT users.USERS_NAME userName, users.USERS_ID userId FROM IVB_M_USERS users WHERE 1 = 1 AND users.DELETE_FLAG = '0') usr LEFT JOIN (SELECT manager.USERS_ID userId, manager.AUTHORIZATION_TYPE_ID typeId, (SELECT LAST_UPDATE_DATE FROM IVB_M_MANAGER ORDER BY LAST_UPDATE_DATE DESC LIMIT 1) lastUpdateDate, GROUP_CONCAT(manager.FARM_ID SEPARATOR ',') as farmIdList, GROUP_CONCAT(manager.AREA_ID SEPARATOR ',') as areaIdList FROM IVB_M_MANAGER manager WHERE 1 = 1 AND manager.DELETE_FLAG = '0' GROUP BY manager.USERS_ID, manager.AUTHORIZATION_TYPE_ID) mgr ON usr.userId = mgr.userId LEFT JOIN IVB_M_AUTHORIZATION authorization ON authorization.AUTHORIZATION_TYPE_ID = mgr.typeId ORDER BY usr.userName, authorization.AUTHORIZATION_TYPE_ID LIMIT ?,? 
06-01-2017 00:49:05.222,DEBUG,39E9657F16F853DEDFDC947CEF4013E1,==> Parameters: 0(Integer), 20(Integer)
06-01-2017 00:49:05.227,DEBUG,39E9657F16F853DEDFDC947CEF4013E1,<==      Total: 20
06-01-2017 00:49:05.227,INFO ,39E9657F16F853DEDFDC947CEF4013E1,U0000000001,SQL execution finished
06-01-2017 00:49:05.227,DEBUG,39E9657F16F853DEDFDC947CEF4013E1,==>  Preparing: SELECT COUNT(*) FROM (SELECT users.USERS_NAME userName, users.USERS_ID userId FROM IVB_M_USERS users WHERE 1 = 1 AND users.DELETE_FLAG = '0') usr LEFT JOIN (SELECT manager.USERS_ID userId, manager.AUTHORIZATION_TYPE_ID typeId FROM IVB_M_MANAGER manager WHERE 1 = 1 AND manager.DELETE_FLAG = '0' GROUP BY manager.USERS_ID, manager.AUTHORIZATION_TYPE_ID) mgr ON usr.userId = mgr.userId LEFT JOIN IVB_M_AUTHORIZATION authorization ON authorization.AUTHORIZATION_TYPE_ID = mgr.typeId ORDER BY usr.userId 
06-01-2017 00:49:05.227,DEBUG,39E9657F16F853DEDFDC947CEF4013E1,==> Parameters: 
06-01-2017 00:49:05.228,DEBUG,39E9657F16F853DEDFDC947CEF4013E1,<==      Total: 1
06-01-2017 00:49:05.229,INFO ,39E9657F16F853DEDFDC947CEF4013E1,U0000000001,Affiliation searching finished ==> 60 item(s)
06-01-2017 00:49:05.229,INFO ,39E9657F16F853DEDFDC947CEF4013E1,U0000000001,vn.bananavietnam.ict.banana.service.Bnn0087SearchAffiliationService,searchData,[vn.bananavietnam.ict.banana.component.Bnn0087SearchAffiliationConditions@1d89ad1] METHOD END
06-01-2017 00:49:11.524,INFO ,8F63615D5397EBB5420E7088503070DF,U0000000001,vn.bananavietnam.ict.banana.service.Bnn0087SearchAffiliationService,initData,[{}] METHOD START
06-01-2017 00:49:11.549,DEBUG,8F63615D5397EBB5420E7088503070DF,==>  Preparing: select AUTHORIZATION_TYPE_ID, AUTHORIZATION_TYPE_NAME, ACCESS_AUTHORITY_ID, CREATE_USER_ID, CREATE_DATE, UPDATE_USER_ID, LAST_UPDATE_DATE, DELETE_FLAG from IVB_M_AUTHORIZATION 
06-01-2017 00:49:11.549,DEBUG,8F63615D5397EBB5420E7088503070DF,==> Parameters: 
06-01-2017 00:49:11.551,DEBUG,8F63615D5397EBB5420E7088503070DF,<==      Total: 4
06-01-2017 00:49:11.551,INFO ,8F63615D5397EBB5420E7088503070DF,U0000000001,vn.bananavietnam.ict.banana.service.Bnn0087SearchAffiliationService,initData,[{affiliationData=[{"authorizationTypeId":"1","authorizationTypeName":"Quản lý hệ thống","accessAuthorityId":"1","createUserId":"U0000000001","createDate":1489363200000,"updateUserId":"U0000000001","lastUpdateDate":1490054400000,"deleteFlag":false},{"authorizationTypeId":"2","authorizationTypeName":"Giám đốc kinh doanh","accessAuthorityId":"2","createUserId":"U0000000001","createDate":1489363200000,"updateUserId":"U0000000001","lastUpdateDate":1490054400000,"deleteFlag":false},{"authorizationTypeId":"3","authorizationTypeName":"Quản lý nông trại","accessAuthorityId":"3","createUserId":"U0000000001","createDate":1489363200000,"updateUserId":"U0000000001","lastUpdateDate":1490054400000,"deleteFlag":false},{"authorizationTypeId":"4","authorizationTypeName":"Quản lý lô","accessAuthorityId":"4","createUserId":"U0000000001","createDate":1489363200000,"updateUserId":"U0000000001","lastUpdateDate":1490054400000,"deleteFlag":false}]}] METHOD END
06-01-2017 00:49:11.601,INFO ,8F63615D5397EBB5420E7088503070DF,U0000000001,vn.bananavietnam.ict.banana.service.Bnn0087SearchAffiliationService,searchData,[vn.bananavietnam.ict.banana.component.Bnn0087SearchAffiliationConditions@422e67] METHOD START
06-01-2017 00:49:11.601,INFO ,8F63615D5397EBB5420E7088503070DF,U0000000001,Affiliation searching started
06-01-2017 00:49:11.618,DEBUG,8F63615D5397EBB5420E7088503070DF,==>  Preparing: SELECT usr.userName userName, usr.userId userId , authorization.AUTHORIZATION_TYPE_NAME typeName, authorization.AUTHORIZATION_TYPE_ID typeId, mgr.farmIdList farmIdList, mgr.areaIdList areaIdList, mgr.lastUpdateDate lastUpdateDate FROM (SELECT users.USERS_NAME userName, users.USERS_ID userId FROM IVB_M_USERS users WHERE 1 = 1 AND users.DELETE_FLAG = '0') usr LEFT JOIN (SELECT manager.USERS_ID userId, manager.AUTHORIZATION_TYPE_ID typeId, (SELECT LAST_UPDATE_DATE FROM IVB_M_MANAGER ORDER BY LAST_UPDATE_DATE DESC LIMIT 1) lastUpdateDate, GROUP_CONCAT(manager.FARM_ID SEPARATOR ',') as farmIdList, GROUP_CONCAT(manager.AREA_ID SEPARATOR ',') as areaIdList FROM IVB_M_MANAGER manager WHERE 1 = 1 AND manager.DELETE_FLAG = '0' GROUP BY manager.USERS_ID, manager.AUTHORIZATION_TYPE_ID) mgr ON usr.userId = mgr.userId LEFT JOIN IVB_M_AUTHORIZATION authorization ON authorization.AUTHORIZATION_TYPE_ID = mgr.typeId ORDER BY usr.userName, authorization.AUTHORIZATION_TYPE_ID LIMIT ?,? 
06-01-2017 00:49:11.618,DEBUG,8F63615D5397EBB5420E7088503070DF,==> Parameters: 0(Integer), 20(Integer)
06-01-2017 00:49:11.623,DEBUG,8F63615D5397EBB5420E7088503070DF,<==      Total: 20
06-01-2017 00:49:11.623,INFO ,8F63615D5397EBB5420E7088503070DF,U0000000001,SQL execution finished
06-01-2017 00:49:11.623,DEBUG,8F63615D5397EBB5420E7088503070DF,==>  Preparing: SELECT COUNT(*) FROM (SELECT users.USERS_NAME userName, users.USERS_ID userId FROM IVB_M_USERS users WHERE 1 = 1 AND users.DELETE_FLAG = '0') usr LEFT JOIN (SELECT manager.USERS_ID userId, manager.AUTHORIZATION_TYPE_ID typeId FROM IVB_M_MANAGER manager WHERE 1 = 1 AND manager.DELETE_FLAG = '0' GROUP BY manager.USERS_ID, manager.AUTHORIZATION_TYPE_ID) mgr ON usr.userId = mgr.userId LEFT JOIN IVB_M_AUTHORIZATION authorization ON authorization.AUTHORIZATION_TYPE_ID = mgr.typeId ORDER BY usr.userId 
06-01-2017 00:49:11.623,DEBUG,8F63615D5397EBB5420E7088503070DF,==> Parameters: 
06-01-2017 00:49:11.624,DEBUG,8F63615D5397EBB5420E7088503070DF,<==      Total: 1
06-01-2017 00:49:11.625,INFO ,8F63615D5397EBB5420E7088503070DF,U0000000001,Affiliation searching finished ==> 60 item(s)
06-01-2017 00:49:11.625,INFO ,8F63615D5397EBB5420E7088503070DF,U0000000001,vn.bananavietnam.ict.banana.service.Bnn0087SearchAffiliationService,searchData,[vn.bananavietnam.ict.banana.component.Bnn0087SearchAffiliationConditions@422e67] METHOD END
06-01-2017 00:49:11.782,INFO ,8F63615D5397EBB5420E7088503070DF,U0000000001,vn.bananavietnam.ict.banana.service.Bnn0087SearchAffiliationService,searchData,[vn.bananavietnam.ict.banana.component.Bnn0087SearchAffiliationConditions@132d6a5] METHOD START
06-01-2017 00:49:11.782,INFO ,8F63615D5397EBB5420E7088503070DF,U0000000001,Affiliation searching started
06-01-2017 00:49:11.799,DEBUG,8F63615D5397EBB5420E7088503070DF,==>  Preparing: SELECT usr.userName userName, usr.userId userId , authorization.AUTHORIZATION_TYPE_NAME typeName, authorization.AUTHORIZATION_TYPE_ID typeId, mgr.farmIdList farmIdList, mgr.areaIdList areaIdList, mgr.lastUpdateDate lastUpdateDate FROM (SELECT users.USERS_NAME userName, users.USERS_ID userId FROM IVB_M_USERS users WHERE 1 = 1 AND users.DELETE_FLAG = '0') usr LEFT JOIN (SELECT manager.USERS_ID userId, manager.AUTHORIZATION_TYPE_ID typeId, (SELECT LAST_UPDATE_DATE FROM IVB_M_MANAGER ORDER BY LAST_UPDATE_DATE DESC LIMIT 1) lastUpdateDate, GROUP_CONCAT(manager.FARM_ID SEPARATOR ',') as farmIdList, GROUP_CONCAT(manager.AREA_ID SEPARATOR ',') as areaIdList FROM IVB_M_MANAGER manager WHERE 1 = 1 AND manager.DELETE_FLAG = '0' GROUP BY manager.USERS_ID, manager.AUTHORIZATION_TYPE_ID) mgr ON usr.userId = mgr.userId LEFT JOIN IVB_M_AUTHORIZATION authorization ON authorization.AUTHORIZATION_TYPE_ID = mgr.typeId ORDER BY usr.userName, authorization.AUTHORIZATION_TYPE_ID LIMIT ?,? 
06-01-2017 00:49:11.799,DEBUG,8F63615D5397EBB5420E7088503070DF,==> Parameters: 0(Integer), 20(Integer)
06-01-2017 00:49:11.803,DEBUG,8F63615D5397EBB5420E7088503070DF,<==      Total: 20
06-01-2017 00:49:11.803,INFO ,8F63615D5397EBB5420E7088503070DF,U0000000001,SQL execution finished
06-01-2017 00:49:11.804,DEBUG,8F63615D5397EBB5420E7088503070DF,==>  Preparing: SELECT COUNT(*) FROM (SELECT users.USERS_NAME userName, users.USERS_ID userId FROM IVB_M_USERS users WHERE 1 = 1 AND users.DELETE_FLAG = '0') usr LEFT JOIN (SELECT manager.USERS_ID userId, manager.AUTHORIZATION_TYPE_ID typeId FROM IVB_M_MANAGER manager WHERE 1 = 1 AND manager.DELETE_FLAG = '0' GROUP BY manager.USERS_ID, manager.AUTHORIZATION_TYPE_ID) mgr ON usr.userId = mgr.userId LEFT JOIN IVB_M_AUTHORIZATION authorization ON authorization.AUTHORIZATION_TYPE_ID = mgr.typeId ORDER BY usr.userId 
06-01-2017 00:49:11.804,DEBUG,8F63615D5397EBB5420E7088503070DF,==> Parameters: 
06-01-2017 00:49:11.805,DEBUG,8F63615D5397EBB5420E7088503070DF,<==      Total: 1
06-01-2017 00:49:11.805,INFO ,8F63615D5397EBB5420E7088503070DF,U0000000001,Affiliation searching finished ==> 60 item(s)
06-01-2017 00:49:11.805,INFO ,8F63615D5397EBB5420E7088503070DF,U0000000001,vn.bananavietnam.ict.banana.service.Bnn0087SearchAffiliationService,searchData,[vn.bananavietnam.ict.banana.component.Bnn0087SearchAffiliationConditions@132d6a5] METHOD END
