06-01-2017 01:10:06.858,INFO ,8A75DAFDC42E9445111A762E283C9EBC,U0000000001,vn.bananavietnam.ict.banana.service.Bnn0087SearchAffiliationService,searchData,[vn.bananavietnam.ict.banana.component.Bnn0087SearchAffiliationConditions@55da71] METHOD START
06-01-2017 01:10:06.858,INFO ,8A75DAFDC42E9445111A762E283C9EBC,U0000000001,Affiliation searching started
06-01-2017 01:10:10.892,ERROR,8A75DAFDC42E9445111A762E283C9EBC,U0000000001,java.lang.Exception: nested exception is org.apache.ibatis.exceptions.PersistenceException: 
06-01-2017 01:10:10.893,INFO ,8A75DAFDC42E9445111A762E283C9EBC,U0000000001,vn.bananavietnam.ict.banana.service.Bnn0087SearchAffiliationService,searchData,[vn.bananavietnam.ict.banana.component.Bnn0087SearchAffiliationConditions@55da71] METHOD END
06-01-2017 01:10:14.344,INFO ,8A75DAFDC42E9445111A762E283C9EBC,U0000000001,vn.bananavietnam.ict.banana.service.Bnn0087SearchAffiliationService,searchData,[vn.bananavietnam.ict.banana.component.Bnn0087SearchAffiliationConditions@1f0908a] METHOD START
06-01-2017 01:10:14.345,INFO ,8A75DAFDC42E9445111A762E283C9EBC,U0000000001,Affiliation searching started
06-01-2017 01:10:14.365,DEBUG,8A75DAFDC42E9445111A762E283C9EBC,==>  Preparing: SELECT usr.userName userName, usr.userId userId , authorization.AUTHORIZATION_TYPE_NAME typeName, authorization.AUTHORIZATION_TYPE_ID typeId, mgr.farmIdList farmIdList, mgr.areaIdList areaIdList, mgr.lastUpdateDate lastUpdateDate FROM (SELECT users.USERS_NAME userName, users.USERS_ID userId FROM IVB_M_USERS users WHERE 1 = 1 AND users.DELETE_FLAG = '0') usr LEFT JOIN (SELECT manager.USERS_ID userId, manager.AUTHORIZATION_TYPE_ID typeId, (SELECT LAST_UPDATE_DATE FROM IVB_M_MANAGER ORDER BY LAST_UPDATE_DATE DESC LIMIT 1) lastUpdateDate, GROUP_CONCAT(manager.FARM_ID SEPARATOR ',') as farmIdList, GROUP_CONCAT(manager.AREA_ID SEPARATOR ',') as areaIdList FROM IVB_M_MANAGER manager WHERE 1 = 1 AND manager.DELETE_FLAG = '0' GROUP BY manager.USERS_ID, manager.AUTHORIZATION_TYPE_ID) mgr ON usr.userId = mgr.userId LEFT JOIN IVB_M_AUTHORIZATION authorization ON authorization.AUTHORIZATION_TYPE_ID = mgr.typeId ORDER BY usr.userName, authorization.AUTHORIZATION_TYPE_ID LIMIT ?,? 
06-01-2017 01:10:14.365,DEBUG,8A75DAFDC42E9445111A762E283C9EBC,==> Parameters: 0(Integer), 20(Integer)
06-01-2017 01:10:14.371,DEBUG,8A75DAFDC42E9445111A762E283C9EBC,<==      Total: 20
06-01-2017 01:10:14.371,INFO ,8A75DAFDC42E9445111A762E283C9EBC,U0000000001,SQL execution finished
06-01-2017 01:10:14.371,DEBUG,8A75DAFDC42E9445111A762E283C9EBC,==>  Preparing: SELECT COUNT(*) FROM (SELECT users.USERS_NAME userName, users.USERS_ID userId FROM IVB_M_USERS users WHERE 1 = 1 AND users.DELETE_FLAG = '0') usr LEFT JOIN (SELECT manager.USERS_ID userId, manager.AUTHORIZATION_TYPE_ID typeId FROM IVB_M_MANAGER manager WHERE 1 = 1 AND manager.DELETE_FLAG = '0' GROUP BY manager.USERS_ID, manager.AUTHORIZATION_TYPE_ID) mgr ON usr.userId = mgr.userId LEFT JOIN IVB_M_AUTHORIZATION authorization ON authorization.AUTHORIZATION_TYPE_ID = mgr.typeId ORDER BY usr.userId 
06-01-2017 01:10:14.372,DEBUG,8A75DAFDC42E9445111A762E283C9EBC,==> Parameters: 
06-01-2017 01:10:14.373,DEBUG,8A75DAFDC42E9445111A762E283C9EBC,<==      Total: 1
06-01-2017 01:10:14.373,INFO ,8A75DAFDC42E9445111A762E283C9EBC,U0000000001,Affiliation searching finished ==> 60 item(s)
06-01-2017 01:10:14.374,INFO ,8A75DAFDC42E9445111A762E283C9EBC,U0000000001,vn.bananavietnam.ict.banana.service.Bnn0087SearchAffiliationService,searchData,[vn.bananavietnam.ict.banana.component.Bnn0087SearchAffiliationConditions@1f0908a] METHOD END
06-01-2017 01:10:15.057,INFO ,9A4341802F45F9569F9D1F59124EEE1F,U0000000001,vn.bananavietnam.ict.banana.service.Bnn0087SearchAffiliationService,initData,[{}] METHOD START
06-01-2017 01:10:15.080,DEBUG,9A4341802F45F9569F9D1F59124EEE1F,==>  Preparing: select AUTHORIZATION_TYPE_ID, AUTHORIZATION_TYPE_NAME, ACCESS_AUTHORITY_ID, CREATE_USER_ID, CREATE_DATE, UPDATE_USER_ID, LAST_UPDATE_DATE, DELETE_FLAG from IVB_M_AUTHORIZATION 
06-01-2017 01:10:15.081,DEBUG,9A4341802F45F9569F9D1F59124EEE1F,==> Parameters: 
06-01-2017 01:10:15.082,DEBUG,9A4341802F45F9569F9D1F59124EEE1F,<==      Total: 4
06-01-2017 01:10:15.083,INFO ,9A4341802F45F9569F9D1F59124EEE1F,U0000000001,vn.bananavietnam.ict.banana.service.Bnn0087SearchAffiliationService,initData,[{affiliationData=[{"authorizationTypeId":"1","authorizationTypeName":"Quản lý hệ thống","accessAuthorityId":"1","createUserId":"U0000000001","createDate":1489363200000,"updateUserId":"U0000000001","lastUpdateDate":1490054400000,"deleteFlag":false},{"authorizationTypeId":"2","authorizationTypeName":"Giám đốc kinh doanh","accessAuthorityId":"2","createUserId":"U0000000001","createDate":1489363200000,"updateUserId":"U0000000001","lastUpdateDate":1490054400000,"deleteFlag":false},{"authorizationTypeId":"3","authorizationTypeName":"Quản lý nông trại","accessAuthorityId":"3","createUserId":"U0000000001","createDate":1489363200000,"updateUserId":"U0000000001","lastUpdateDate":1490054400000,"deleteFlag":false},{"authorizationTypeId":"4","authorizationTypeName":"Quản lý lô","accessAuthorityId":"4","createUserId":"U0000000001","createDate":1489363200000,"updateUserId":"U0000000001","lastUpdateDate":1490054400000,"deleteFlag":false}]}] METHOD END
06-01-2017 01:10:15.126,INFO ,9A4341802F45F9569F9D1F59124EEE1F,U0000000001,vn.bananavietnam.ict.banana.service.Bnn0087SearchAffiliationService,searchData,[vn.bananavietnam.ict.banana.component.Bnn0087SearchAffiliationConditions@4e8091] METHOD START
06-01-2017 01:10:15.126,INFO ,9A4341802F45F9569F9D1F59124EEE1F,U0000000001,Affiliation searching started
06-01-2017 01:10:15.147,DEBUG,9A4341802F45F9569F9D1F59124EEE1F,==>  Preparing: SELECT usr.userName userName, usr.userId userId , authorization.AUTHORIZATION_TYPE_NAME typeName, authorization.AUTHORIZATION_TYPE_ID typeId, mgr.farmIdList farmIdList, mgr.areaIdList areaIdList, mgr.lastUpdateDate lastUpdateDate FROM (SELECT users.USERS_NAME userName, users.USERS_ID userId FROM IVB_M_USERS users WHERE 1 = 1 AND users.DELETE_FLAG = '0') usr LEFT JOIN (SELECT manager.USERS_ID userId, manager.AUTHORIZATION_TYPE_ID typeId, (SELECT LAST_UPDATE_DATE FROM IVB_M_MANAGER ORDER BY LAST_UPDATE_DATE DESC LIMIT 1) lastUpdateDate, GROUP_CONCAT(manager.FARM_ID SEPARATOR ',') as farmIdList, GROUP_CONCAT(manager.AREA_ID SEPARATOR ',') as areaIdList FROM IVB_M_MANAGER manager WHERE 1 = 1 AND manager.DELETE_FLAG = '0' GROUP BY manager.USERS_ID, manager.AUTHORIZATION_TYPE_ID) mgr ON usr.userId = mgr.userId LEFT JOIN IVB_M_AUTHORIZATION authorization ON authorization.AUTHORIZATION_TYPE_ID = mgr.typeId ORDER BY usr.userName, authorization.AUTHORIZATION_TYPE_ID LIMIT ?,? 
06-01-2017 01:10:15.147,DEBUG,9A4341802F45F9569F9D1F59124EEE1F,==> Parameters: 0(Integer), 20(Integer)
06-01-2017 01:10:15.152,DEBUG,9A4341802F45F9569F9D1F59124EEE1F,<==      Total: 20
06-01-2017 01:10:15.152,INFO ,9A4341802F45F9569F9D1F59124EEE1F,U0000000001,SQL execution finished
06-01-2017 01:10:15.152,DEBUG,9A4341802F45F9569F9D1F59124EEE1F,==>  Preparing: SELECT COUNT(*) FROM (SELECT users.USERS_NAME userName, users.USERS_ID userId FROM IVB_M_USERS users WHERE 1 = 1 AND users.DELETE_FLAG = '0') usr LEFT JOIN (SELECT manager.USERS_ID userId, manager.AUTHORIZATION_TYPE_ID typeId FROM IVB_M_MANAGER manager WHERE 1 = 1 AND manager.DELETE_FLAG = '0' GROUP BY manager.USERS_ID, manager.AUTHORIZATION_TYPE_ID) mgr ON usr.userId = mgr.userId LEFT JOIN IVB_M_AUTHORIZATION authorization ON authorization.AUTHORIZATION_TYPE_ID = mgr.typeId ORDER BY usr.userId 
06-01-2017 01:10:15.152,DEBUG,9A4341802F45F9569F9D1F59124EEE1F,==> Parameters: 
06-01-2017 01:10:15.153,DEBUG,9A4341802F45F9569F9D1F59124EEE1F,<==      Total: 1
06-01-2017 01:10:15.154,INFO ,9A4341802F45F9569F9D1F59124EEE1F,U0000000001,Affiliation searching finished ==> 60 item(s)
06-01-2017 01:10:15.154,INFO ,9A4341802F45F9569F9D1F59124EEE1F,U0000000001,vn.bananavietnam.ict.banana.service.Bnn0087SearchAffiliationService,searchData,[vn.bananavietnam.ict.banana.component.Bnn0087SearchAffiliationConditions@4e8091] METHOD END
06-01-2017 01:10:15.282,INFO ,9A4341802F45F9569F9D1F59124EEE1F,U0000000001,vn.bananavietnam.ict.banana.service.Bnn0087SearchAffiliationService,searchData,[vn.bananavietnam.ict.banana.component.Bnn0087SearchAffiliationConditions@40b329] METHOD START
06-01-2017 01:10:15.282,INFO ,9A4341802F45F9569F9D1F59124EEE1F,U0000000001,Affiliation searching started
06-01-2017 01:10:15.301,DEBUG,9A4341802F45F9569F9D1F59124EEE1F,==>  Preparing: SELECT usr.userName userName, usr.userId userId , authorization.AUTHORIZATION_TYPE_NAME typeName, authorization.AUTHORIZATION_TYPE_ID typeId, mgr.farmIdList farmIdList, mgr.areaIdList areaIdList, mgr.lastUpdateDate lastUpdateDate FROM (SELECT users.USERS_NAME userName, users.USERS_ID userId FROM IVB_M_USERS users WHERE 1 = 1 AND users.DELETE_FLAG = '0') usr LEFT JOIN (SELECT manager.USERS_ID userId, manager.AUTHORIZATION_TYPE_ID typeId, (SELECT LAST_UPDATE_DATE FROM IVB_M_MANAGER ORDER BY LAST_UPDATE_DATE DESC LIMIT 1) lastUpdateDate, GROUP_CONCAT(manager.FARM_ID SEPARATOR ',') as farmIdList, GROUP_CONCAT(manager.AREA_ID SEPARATOR ',') as areaIdList FROM IVB_M_MANAGER manager WHERE 1 = 1 AND manager.DELETE_FLAG = '0' GROUP BY manager.USERS_ID, manager.AUTHORIZATION_TYPE_ID) mgr ON usr.userId = mgr.userId LEFT JOIN IVB_M_AUTHORIZATION authorization ON authorization.AUTHORIZATION_TYPE_ID = mgr.typeId ORDER BY usr.userName, authorization.AUTHORIZATION_TYPE_ID LIMIT ?,? 
06-01-2017 01:10:15.301,DEBUG,9A4341802F45F9569F9D1F59124EEE1F,==> Parameters: 0(Integer), 20(Integer)
06-01-2017 01:10:15.305,DEBUG,9A4341802F45F9569F9D1F59124EEE1F,<==      Total: 20
06-01-2017 01:10:15.305,INFO ,9A4341802F45F9569F9D1F59124EEE1F,U0000000001,SQL execution finished
06-01-2017 01:10:15.305,DEBUG,9A4341802F45F9569F9D1F59124EEE1F,==>  Preparing: SELECT COUNT(*) FROM (SELECT users.USERS_NAME userName, users.USERS_ID userId FROM IVB_M_USERS users WHERE 1 = 1 AND users.DELETE_FLAG = '0') usr LEFT JOIN (SELECT manager.USERS_ID userId, manager.AUTHORIZATION_TYPE_ID typeId FROM IVB_M_MANAGER manager WHERE 1 = 1 AND manager.DELETE_FLAG = '0' GROUP BY manager.USERS_ID, manager.AUTHORIZATION_TYPE_ID) mgr ON usr.userId = mgr.userId LEFT JOIN IVB_M_AUTHORIZATION authorization ON authorization.AUTHORIZATION_TYPE_ID = mgr.typeId ORDER BY usr.userId 
06-01-2017 01:10:15.306,DEBUG,9A4341802F45F9569F9D1F59124EEE1F,==> Parameters: 
06-01-2017 01:10:15.308,DEBUG,9A4341802F45F9569F9D1F59124EEE1F,<==      Total: 1
06-01-2017 01:10:15.308,INFO ,9A4341802F45F9569F9D1F59124EEE1F,U0000000001,Affiliation searching finished ==> 60 item(s)
06-01-2017 01:10:15.308,INFO ,9A4341802F45F9569F9D1F59124EEE1F,U0000000001,vn.bananavietnam.ict.banana.service.Bnn0087SearchAffiliationService,searchData,[vn.bananavietnam.ict.banana.component.Bnn0087SearchAffiliationConditions@40b329] METHOD END
06-01-2017 01:10:15.444,INFO ,9A4341802F45F9569F9D1F59124EEE1F,U0000000001,vn.bananavietnam.ict.banana.service.Bnn0087SearchAffiliationService,searchData,[vn.bananavietnam.ict.banana.component.Bnn0087SearchAffiliationConditions@cbfeb2] METHOD START
06-01-2017 01:10:15.444,INFO ,9A4341802F45F9569F9D1F59124EEE1F,U0000000001,Affiliation searching started
06-01-2017 01:10:15.465,DEBUG,9A4341802F45F9569F9D1F59124EEE1F,==>  Preparing: SELECT usr.userName userName, usr.userId userId , authorization.AUTHORIZATION_TYPE_NAME typeName, authorization.AUTHORIZATION_TYPE_ID typeId, mgr.farmIdList farmIdList, mgr.areaIdList areaIdList, mgr.lastUpdateDate lastUpdateDate FROM (SELECT users.USERS_NAME userName, users.USERS_ID userId FROM IVB_M_USERS users WHERE 1 = 1 AND users.DELETE_FLAG = '0') usr LEFT JOIN (SELECT manager.USERS_ID userId, manager.AUTHORIZATION_TYPE_ID typeId, (SELECT LAST_UPDATE_DATE FROM IVB_M_MANAGER ORDER BY LAST_UPDATE_DATE DESC LIMIT 1) lastUpdateDate, GROUP_CONCAT(manager.FARM_ID SEPARATOR ',') as farmIdList, GROUP_CONCAT(manager.AREA_ID SEPARATOR ',') as areaIdList FROM IVB_M_MANAGER manager WHERE 1 = 1 AND manager.DELETE_FLAG = '0' GROUP BY manager.USERS_ID, manager.AUTHORIZATION_TYPE_ID) mgr ON usr.userId = mgr.userId LEFT JOIN IVB_M_AUTHORIZATION authorization ON authorization.AUTHORIZATION_TYPE_ID = mgr.typeId ORDER BY usr.userName, authorization.AUTHORIZATION_TYPE_ID LIMIT ?,? 
06-01-2017 01:10:15.465,DEBUG,9A4341802F45F9569F9D1F59124EEE1F,==> Parameters: 40(Integer), 20(Integer)
06-01-2017 01:10:15.469,DEBUG,9A4341802F45F9569F9D1F59124EEE1F,<==      Total: 20
06-01-2017 01:10:15.469,INFO ,9A4341802F45F9569F9D1F59124EEE1F,U0000000001,SQL execution finished
06-01-2017 01:10:15.469,DEBUG,9A4341802F45F9569F9D1F59124EEE1F,==>  Preparing: SELECT COUNT(*) FROM (SELECT users.USERS_NAME userName, users.USERS_ID userId FROM IVB_M_USERS users WHERE 1 = 1 AND users.DELETE_FLAG = '0') usr LEFT JOIN (SELECT manager.USERS_ID userId, manager.AUTHORIZATION_TYPE_ID typeId FROM IVB_M_MANAGER manager WHERE 1 = 1 AND manager.DELETE_FLAG = '0' GROUP BY manager.USERS_ID, manager.AUTHORIZATION_TYPE_ID) mgr ON usr.userId = mgr.userId LEFT JOIN IVB_M_AUTHORIZATION authorization ON authorization.AUTHORIZATION_TYPE_ID = mgr.typeId ORDER BY usr.userId 
06-01-2017 01:10:15.469,DEBUG,9A4341802F45F9569F9D1F59124EEE1F,==> Parameters: 
06-01-2017 01:10:15.470,DEBUG,9A4341802F45F9569F9D1F59124EEE1F,<==      Total: 1
06-01-2017 01:10:15.471,INFO ,9A4341802F45F9569F9D1F59124EEE1F,U0000000001,Affiliation searching finished ==> 60 item(s)
06-01-2017 01:10:15.471,INFO ,9A4341802F45F9569F9D1F59124EEE1F,U0000000001,vn.bananavietnam.ict.banana.service.Bnn0087SearchAffiliationService,searchData,[vn.bananavietnam.ict.banana.component.Bnn0087SearchAffiliationConditions@cbfeb2] METHOD END
