06-01-2017 00:38:34.800,INFO ,9BDF8AF166C8BA8A354C42E45240D87D,U0000000001,vn.bananavietnam.ict.banana.service.Bnn0087SearchAffiliationService,deleteData,[vn.bananavietnam.ict.banana.component.Bnn0087AffiliationDelete@1392f84] METHOD START
06-01-2017 00:38:38.814,ERROR,9BDF8AF166C8BA8A354C42E45240D87D,U0000000001,java.lang.Exception: Could not open JDBC Connection for transaction; nested exception is com.mysql.jdbc.exceptions.jdbc4.MySQLNonTransientConnectionException: Could not create connection to database server. Attempted reconnect 3 times. Giving up.
06-01-2017 00:38:38.814,INFO ,9BDF8AF166C8BA8A354C42E45240D87D,U0000000001,vn.bananavietnam.ict.banana.service.Bnn0087SearchAffiliationService,deleteData,[vn.bananavietnam.ict.banana.component.Bnn0087AffiliationDelete@1392f84] METHOD END
06-01-2017 00:38:39.755,INFO ,9BDF8AF166C8BA8A354C42E45240D87D,U0000000001,vn.bananavietnam.ict.banana.service.Bnn0087SearchAffiliationService,searchData,[vn.bananavietnam.ict.banana.component.Bnn0087SearchAffiliationConditions@50156f] METHOD START
06-01-2017 00:38:39.755,INFO ,9BDF8AF166C8BA8A354C42E45240D87D,U0000000001,Affiliation searching started
06-01-2017 00:38:41.772,DEBUG,9BDF8AF166C8BA8A354C42E45240D87D,==>  Preparing: SELECT usr.userName userName, usr.userId userId , authorization.AUTHORIZATION_TYPE_NAME typeName, authorization.AUTHORIZATION_TYPE_ID typeId, mgr.farmIdList farmIdList, mgr.areaIdList areaIdList, mgr.lastUpdateDate lastUpdateDate FROM (SELECT users.USERS_NAME userName, users.USERS_ID userId FROM IVB_M_USERS users WHERE 1 = 1 AND users.DELETE_FLAG = '0') usr LEFT JOIN (SELECT manager.USERS_ID userId, manager.AUTHORIZATION_TYPE_ID typeId, (SELECT LAST_UPDATE_DATE FROM IVB_M_MANAGER ORDER BY LAST_UPDATE_DATE DESC LIMIT 1) lastUpdateDate, GROUP_CONCAT(manager.FARM_ID SEPARATOR ',') as farmIdList, GROUP_CONCAT(manager.AREA_ID SEPARATOR ',') as areaIdList FROM IVB_M_MANAGER manager WHERE 1 = 1 AND manager.DELETE_FLAG = '0' GROUP BY manager.USERS_ID, manager.AUTHORIZATION_TYPE_ID) mgr ON usr.userId = mgr.userId LEFT JOIN IVB_M_AUTHORIZATION authorization ON authorization.AUTHORIZATION_TYPE_ID = mgr.typeId ORDER BY usr.userName, authorization.AUTHORIZATION_TYPE_ID LIMIT ?,? 
06-01-2017 00:38:41.773,DEBUG,9BDF8AF166C8BA8A354C42E45240D87D,==> Parameters: 0(Integer), 20(Integer)
06-01-2017 00:38:41.777,DEBUG,9BDF8AF166C8BA8A354C42E45240D87D,<==      Total: 20
06-01-2017 00:38:41.777,INFO ,9BDF8AF166C8BA8A354C42E45240D87D,U0000000001,SQL execution finished
06-01-2017 00:38:41.777,DEBUG,9BDF8AF166C8BA8A354C42E45240D87D,==>  Preparing: SELECT COUNT(*) FROM (SELECT users.USERS_NAME userName, users.USERS_ID userId FROM IVB_M_USERS users WHERE 1 = 1 AND users.DELETE_FLAG = '0') usr LEFT JOIN (SELECT manager.USERS_ID userId, manager.AUTHORIZATION_TYPE_ID typeId FROM IVB_M_MANAGER manager WHERE 1 = 1 AND manager.DELETE_FLAG = '0' GROUP BY manager.USERS_ID, manager.AUTHORIZATION_TYPE_ID) mgr ON usr.userId = mgr.userId LEFT JOIN IVB_M_AUTHORIZATION authorization ON authorization.AUTHORIZATION_TYPE_ID = mgr.typeId ORDER BY usr.userId 
06-01-2017 00:38:41.777,DEBUG,9BDF8AF166C8BA8A354C42E45240D87D,==> Parameters: 
06-01-2017 00:38:41.778,DEBUG,9BDF8AF166C8BA8A354C42E45240D87D,<==      Total: 1
06-01-2017 00:38:41.778,INFO ,9BDF8AF166C8BA8A354C42E45240D87D,U0000000001,Affiliation searching finished ==> 60 item(s)
06-01-2017 00:38:41.778,INFO ,9BDF8AF166C8BA8A354C42E45240D87D,U0000000001,vn.bananavietnam.ict.banana.service.Bnn0087SearchAffiliationService,searchData,[vn.bananavietnam.ict.banana.component.Bnn0087SearchAffiliationConditions@50156f] METHOD END
06-01-2017 00:38:47.964,INFO ,D715C25B0B97DCDAD692911F177F1480,U0000000001,vn.bananavietnam.ict.banana.service.Bnn0087SearchAffiliationService,initData,[{}] METHOD START
06-01-2017 00:38:47.990,DEBUG,D715C25B0B97DCDAD692911F177F1480,==>  Preparing: select AUTHORIZATION_TYPE_ID, AUTHORIZATION_TYPE_NAME, ACCESS_AUTHORITY_ID, CREATE_USER_ID, CREATE_DATE, UPDATE_USER_ID, LAST_UPDATE_DATE, DELETE_FLAG from IVB_M_AUTHORIZATION 
06-01-2017 00:38:47.990,DEBUG,D715C25B0B97DCDAD692911F177F1480,==> Parameters: 
06-01-2017 00:38:47.992,DEBUG,D715C25B0B97DCDAD692911F177F1480,<==      Total: 4
06-01-2017 00:38:47.995,INFO ,D715C25B0B97DCDAD692911F177F1480,U0000000001,vn.bananavietnam.ict.banana.service.Bnn0087SearchAffiliationService,initData,[{affiliationData=[{"authorizationTypeId":"1","authorizationTypeName":"Quản lý hệ thống","accessAuthorityId":"1","createUserId":"U0000000001","createDate":1489363200000,"updateUserId":"U0000000001","lastUpdateDate":1490054400000,"deleteFlag":false},{"authorizationTypeId":"2","authorizationTypeName":"Giám đốc kinh doanh","accessAuthorityId":"2","createUserId":"U0000000001","createDate":1489363200000,"updateUserId":"U0000000001","lastUpdateDate":1490054400000,"deleteFlag":false},{"authorizationTypeId":"3","authorizationTypeName":"Quản lý nông trại","accessAuthorityId":"3","createUserId":"U0000000001","createDate":1489363200000,"updateUserId":"U0000000001","lastUpdateDate":1490054400000,"deleteFlag":false},{"authorizationTypeId":"4","authorizationTypeName":"Quản lý lô","accessAuthorityId":"4","createUserId":"U0000000001","createDate":1489363200000,"updateUserId":"U0000000001","lastUpdateDate":1490054400000,"deleteFlag":false}]}] METHOD END
06-01-2017 00:38:48.042,INFO ,D715C25B0B97DCDAD692911F177F1480,U0000000001,vn.bananavietnam.ict.banana.service.Bnn0087SearchAffiliationService,searchData,[vn.bananavietnam.ict.banana.component.Bnn0087SearchAffiliationConditions@158f25] METHOD START
06-01-2017 00:38:48.042,INFO ,D715C25B0B97DCDAD692911F177F1480,U0000000001,Affiliation searching started
06-01-2017 00:38:48.060,DEBUG,D715C25B0B97DCDAD692911F177F1480,==>  Preparing: SELECT usr.userName userName, usr.userId userId , authorization.AUTHORIZATION_TYPE_NAME typeName, authorization.AUTHORIZATION_TYPE_ID typeId, mgr.farmIdList farmIdList, mgr.areaIdList areaIdList, mgr.lastUpdateDate lastUpdateDate FROM (SELECT users.USERS_NAME userName, users.USERS_ID userId FROM IVB_M_USERS users WHERE 1 = 1 AND users.DELETE_FLAG = '0') usr LEFT JOIN (SELECT manager.USERS_ID userId, manager.AUTHORIZATION_TYPE_ID typeId, (SELECT LAST_UPDATE_DATE FROM IVB_M_MANAGER ORDER BY LAST_UPDATE_DATE DESC LIMIT 1) lastUpdateDate, GROUP_CONCAT(manager.FARM_ID SEPARATOR ',') as farmIdList, GROUP_CONCAT(manager.AREA_ID SEPARATOR ',') as areaIdList FROM IVB_M_MANAGER manager WHERE 1 = 1 AND manager.DELETE_FLAG = '0' GROUP BY manager.USERS_ID, manager.AUTHORIZATION_TYPE_ID) mgr ON usr.userId = mgr.userId LEFT JOIN IVB_M_AUTHORIZATION authorization ON authorization.AUTHORIZATION_TYPE_ID = mgr.typeId ORDER BY usr.userName, authorization.AUTHORIZATION_TYPE_ID LIMIT ?,? 
06-01-2017 00:38:48.061,DEBUG,D715C25B0B97DCDAD692911F177F1480,==> Parameters: 0(Integer), 20(Integer)
06-01-2017 00:38:48.065,DEBUG,D715C25B0B97DCDAD692911F177F1480,<==      Total: 20
06-01-2017 00:38:48.065,INFO ,D715C25B0B97DCDAD692911F177F1480,U0000000001,SQL execution finished
06-01-2017 00:38:48.065,DEBUG,D715C25B0B97DCDAD692911F177F1480,==>  Preparing: SELECT COUNT(*) FROM (SELECT users.USERS_NAME userName, users.USERS_ID userId FROM IVB_M_USERS users WHERE 1 = 1 AND users.DELETE_FLAG = '0') usr LEFT JOIN (SELECT manager.USERS_ID userId, manager.AUTHORIZATION_TYPE_ID typeId FROM IVB_M_MANAGER manager WHERE 1 = 1 AND manager.DELETE_FLAG = '0' GROUP BY manager.USERS_ID, manager.AUTHORIZATION_TYPE_ID) mgr ON usr.userId = mgr.userId LEFT JOIN IVB_M_AUTHORIZATION authorization ON authorization.AUTHORIZATION_TYPE_ID = mgr.typeId ORDER BY usr.userId 
06-01-2017 00:38:48.065,DEBUG,D715C25B0B97DCDAD692911F177F1480,==> Parameters: 
06-01-2017 00:38:48.067,DEBUG,D715C25B0B97DCDAD692911F177F1480,<==      Total: 1
06-01-2017 00:38:48.067,INFO ,D715C25B0B97DCDAD692911F177F1480,U0000000001,Affiliation searching finished ==> 60 item(s)
06-01-2017 00:38:48.067,INFO ,D715C25B0B97DCDAD692911F177F1480,U0000000001,vn.bananavietnam.ict.banana.service.Bnn0087SearchAffiliationService,searchData,[vn.bananavietnam.ict.banana.component.Bnn0087SearchAffiliationConditions@158f25] METHOD END
06-01-2017 00:38:48.187,INFO ,D715C25B0B97DCDAD692911F177F1480,U0000000001,vn.bananavietnam.ict.banana.service.Bnn0087SearchAffiliationService,searchData,[vn.bananavietnam.ict.banana.component.Bnn0087SearchAffiliationConditions@d5aae5] METHOD START
06-01-2017 00:38:48.187,INFO ,D715C25B0B97DCDAD692911F177F1480,U0000000001,Affiliation searching started
06-01-2017 00:38:48.206,DEBUG,D715C25B0B97DCDAD692911F177F1480,==>  Preparing: SELECT usr.userName userName, usr.userId userId , authorization.AUTHORIZATION_TYPE_NAME typeName, authorization.AUTHORIZATION_TYPE_ID typeId, mgr.farmIdList farmIdList, mgr.areaIdList areaIdList, mgr.lastUpdateDate lastUpdateDate FROM (SELECT users.USERS_NAME userName, users.USERS_ID userId FROM IVB_M_USERS users WHERE 1 = 1 AND users.DELETE_FLAG = '0') usr LEFT JOIN (SELECT manager.USERS_ID userId, manager.AUTHORIZATION_TYPE_ID typeId, (SELECT LAST_UPDATE_DATE FROM IVB_M_MANAGER ORDER BY LAST_UPDATE_DATE DESC LIMIT 1) lastUpdateDate, GROUP_CONCAT(manager.FARM_ID SEPARATOR ',') as farmIdList, GROUP_CONCAT(manager.AREA_ID SEPARATOR ',') as areaIdList FROM IVB_M_MANAGER manager WHERE 1 = 1 AND manager.DELETE_FLAG = '0' GROUP BY manager.USERS_ID, manager.AUTHORIZATION_TYPE_ID) mgr ON usr.userId = mgr.userId LEFT JOIN IVB_M_AUTHORIZATION authorization ON authorization.AUTHORIZATION_TYPE_ID = mgr.typeId ORDER BY usr.userName, authorization.AUTHORIZATION_TYPE_ID LIMIT ?,? 
06-01-2017 00:38:48.206,DEBUG,D715C25B0B97DCDAD692911F177F1480,==> Parameters: 0(Integer), 20(Integer)
06-01-2017 00:38:48.210,DEBUG,D715C25B0B97DCDAD692911F177F1480,<==      Total: 20
06-01-2017 00:38:48.210,INFO ,D715C25B0B97DCDAD692911F177F1480,U0000000001,SQL execution finished
06-01-2017 00:38:48.211,DEBUG,D715C25B0B97DCDAD692911F177F1480,==>  Preparing: SELECT COUNT(*) FROM (SELECT users.USERS_NAME userName, users.USERS_ID userId FROM IVB_M_USERS users WHERE 1 = 1 AND users.DELETE_FLAG = '0') usr LEFT JOIN (SELECT manager.USERS_ID userId, manager.AUTHORIZATION_TYPE_ID typeId FROM IVB_M_MANAGER manager WHERE 1 = 1 AND manager.DELETE_FLAG = '0' GROUP BY manager.USERS_ID, manager.AUTHORIZATION_TYPE_ID) mgr ON usr.userId = mgr.userId LEFT JOIN IVB_M_AUTHORIZATION authorization ON authorization.AUTHORIZATION_TYPE_ID = mgr.typeId ORDER BY usr.userId 
06-01-2017 00:38:48.211,DEBUG,D715C25B0B97DCDAD692911F177F1480,==> Parameters: 
06-01-2017 00:38:48.212,DEBUG,D715C25B0B97DCDAD692911F177F1480,<==      Total: 1
06-01-2017 00:38:48.212,INFO ,D715C25B0B97DCDAD692911F177F1480,U0000000001,Affiliation searching finished ==> 60 item(s)
06-01-2017 00:38:48.213,INFO ,D715C25B0B97DCDAD692911F177F1480,U0000000001,vn.bananavietnam.ict.banana.service.Bnn0087SearchAffiliationService,searchData,[vn.bananavietnam.ict.banana.component.Bnn0087SearchAffiliationConditions@d5aae5] METHOD END
