06-01-2017 01:09:48.865,INFO ,60A402463591EB613BB8EF0230BF2292,U0000000001,vn.bananavietnam.ict.banana.service.Bnn0087SearchAffiliationService,initData,[{}] METHOD START
06-01-2017 01:09:48.889,DEBUG,60A402463591EB613BB8EF0230BF2292,==>  Preparing: select AUTHORIZATION_TYPE_ID, AUTHORIZATION_TYPE_NAME, ACCESS_AUTHORITY_ID, CREATE_USER_ID, CREATE_DATE, UPDATE_USER_ID, LAST_UPDATE_DATE, DELETE_FLAG from IVB_M_AUTHORIZATION 
06-01-2017 01:09:48.889,DEBUG,60A402463591EB613BB8EF0230BF2292,==> Parameters: 
06-01-2017 01:09:48.891,DEBUG,60A402463591EB613BB8EF0230BF2292,<==      Total: 4
06-01-2017 01:09:48.891,INFO ,60A402463591EB613BB8EF0230BF2292,U0000000001,vn.bananavietnam.ict.banana.service.Bnn0087SearchAffiliationService,initData,[{affiliationData=[{"authorizationTypeId":"1","authorizationTypeName":"Quản lý hệ thống","accessAuthorityId":"1","createUserId":"U0000000001","createDate":1489363200000,"updateUserId":"U0000000001","lastUpdateDate":1490054400000,"deleteFlag":false},{"authorizationTypeId":"2","authorizationTypeName":"Giám đốc kinh doanh","accessAuthorityId":"2","createUserId":"U0000000001","createDate":1489363200000,"updateUserId":"U0000000001","lastUpdateDate":1490054400000,"deleteFlag":false},{"authorizationTypeId":"3","authorizationTypeName":"Quản lý nông trại","accessAuthorityId":"3","createUserId":"U0000000001","createDate":1489363200000,"updateUserId":"U0000000001","lastUpdateDate":1490054400000,"deleteFlag":false},{"authorizationTypeId":"4","authorizationTypeName":"Quản lý lô","accessAuthorityId":"4","createUserId":"U0000000001","createDate":1489363200000,"updateUserId":"U0000000001","lastUpdateDate":1490054400000,"deleteFlag":false}]}] METHOD END
06-01-2017 01:09:48.941,INFO ,60A402463591EB613BB8EF0230BF2292,U0000000001,vn.bananavietnam.ict.banana.service.Bnn0087SearchAffiliationService,searchData,[vn.bananavietnam.ict.banana.component.Bnn0087SearchAffiliationConditions@1d07c1e] METHOD START
06-01-2017 01:09:48.941,INFO ,60A402463591EB613BB8EF0230BF2292,U0000000001,Affiliation searching started
06-01-2017 01:09:48.961,DEBUG,60A402463591EB613BB8EF0230BF2292,==>  Preparing: SELECT usr.userName userName, usr.userId userId , authorization.AUTHORIZATION_TYPE_NAME typeName, authorization.AUTHORIZATION_TYPE_ID typeId, mgr.farmIdList farmIdList, mgr.areaIdList areaIdList, mgr.lastUpdateDate lastUpdateDate FROM (SELECT users.USERS_NAME userName, users.USERS_ID userId FROM IVB_M_USERS users WHERE 1 = 1 AND users.DELETE_FLAG = '0') usr LEFT JOIN (SELECT manager.USERS_ID userId, manager.AUTHORIZATION_TYPE_ID typeId, (SELECT LAST_UPDATE_DATE FROM IVB_M_MANAGER ORDER BY LAST_UPDATE_DATE DESC LIMIT 1) lastUpdateDate, GROUP_CONCAT(manager.FARM_ID SEPARATOR ',') as farmIdList, GROUP_CONCAT(manager.AREA_ID SEPARATOR ',') as areaIdList FROM IVB_M_MANAGER manager WHERE 1 = 1 AND manager.DELETE_FLAG = '0' GROUP BY manager.USERS_ID, manager.AUTHORIZATION_TYPE_ID) mgr ON usr.userId = mgr.userId LEFT JOIN IVB_M_AUTHORIZATION authorization ON authorization.AUTHORIZATION_TYPE_ID = mgr.typeId ORDER BY usr.userName, authorization.AUTHORIZATION_TYPE_ID LIMIT ?,? 
06-01-2017 01:09:48.961,DEBUG,60A402463591EB613BB8EF0230BF2292,==> Parameters: 0(Integer), 20(Integer)
06-01-2017 01:09:48.965,DEBUG,60A402463591EB613BB8EF0230BF2292,<==      Total: 20
06-01-2017 01:09:48.965,INFO ,60A402463591EB613BB8EF0230BF2292,U0000000001,SQL execution finished
06-01-2017 01:09:48.965,DEBUG,60A402463591EB613BB8EF0230BF2292,==>  Preparing: SELECT COUNT(*) FROM (SELECT users.USERS_NAME userName, users.USERS_ID userId FROM IVB_M_USERS users WHERE 1 = 1 AND users.DELETE_FLAG = '0') usr LEFT JOIN (SELECT manager.USERS_ID userId, manager.AUTHORIZATION_TYPE_ID typeId FROM IVB_M_MANAGER manager WHERE 1 = 1 AND manager.DELETE_FLAG = '0' GROUP BY manager.USERS_ID, manager.AUTHORIZATION_TYPE_ID) mgr ON usr.userId = mgr.userId LEFT JOIN IVB_M_AUTHORIZATION authorization ON authorization.AUTHORIZATION_TYPE_ID = mgr.typeId ORDER BY usr.userId 
06-01-2017 01:09:48.965,DEBUG,60A402463591EB613BB8EF0230BF2292,==> Parameters: 
06-01-2017 01:09:48.968,DEBUG,60A402463591EB613BB8EF0230BF2292,<==      Total: 1
06-01-2017 01:09:48.968,INFO ,60A402463591EB613BB8EF0230BF2292,U0000000001,Affiliation searching finished ==> 60 item(s)
06-01-2017 01:09:48.968,INFO ,60A402463591EB613BB8EF0230BF2292,U0000000001,vn.bananavietnam.ict.banana.service.Bnn0087SearchAffiliationService,searchData,[vn.bananavietnam.ict.banana.component.Bnn0087SearchAffiliationConditions@1d07c1e] METHOD END
06-01-2017 01:09:49.120,INFO ,60A402463591EB613BB8EF0230BF2292,U0000000001,vn.bananavietnam.ict.banana.service.Bnn0087SearchAffiliationService,searchData,[vn.bananavietnam.ict.banana.component.Bnn0087SearchAffiliationConditions@17c0bc7] METHOD START
06-01-2017 01:09:49.120,INFO ,60A402463591EB613BB8EF0230BF2292,U0000000001,Affiliation searching started
06-01-2017 01:09:49.139,DEBUG,60A402463591EB613BB8EF0230BF2292,==>  Preparing: SELECT usr.userName userName, usr.userId userId , authorization.AUTHORIZATION_TYPE_NAME typeName, authorization.AUTHORIZATION_TYPE_ID typeId, mgr.farmIdList farmIdList, mgr.areaIdList areaIdList, mgr.lastUpdateDate lastUpdateDate FROM (SELECT users.USERS_NAME userName, users.USERS_ID userId FROM IVB_M_USERS users WHERE 1 = 1 AND users.DELETE_FLAG = '0') usr LEFT JOIN (SELECT manager.USERS_ID userId, manager.AUTHORIZATION_TYPE_ID typeId, (SELECT LAST_UPDATE_DATE FROM IVB_M_MANAGER ORDER BY LAST_UPDATE_DATE DESC LIMIT 1) lastUpdateDate, GROUP_CONCAT(manager.FARM_ID SEPARATOR ',') as farmIdList, GROUP_CONCAT(manager.AREA_ID SEPARATOR ',') as areaIdList FROM IVB_M_MANAGER manager WHERE 1 = 1 AND manager.DELETE_FLAG = '0' GROUP BY manager.USERS_ID, manager.AUTHORIZATION_TYPE_ID) mgr ON usr.userId = mgr.userId LEFT JOIN IVB_M_AUTHORIZATION authorization ON authorization.AUTHORIZATION_TYPE_ID = mgr.typeId ORDER BY usr.userName, authorization.AUTHORIZATION_TYPE_ID LIMIT ?,? 
06-01-2017 01:09:49.140,DEBUG,60A402463591EB613BB8EF0230BF2292,==> Parameters: 0(Integer), 20(Integer)
06-01-2017 01:09:49.144,DEBUG,60A402463591EB613BB8EF0230BF2292,<==      Total: 20
06-01-2017 01:09:49.144,INFO ,60A402463591EB613BB8EF0230BF2292,U0000000001,SQL execution finished
06-01-2017 01:09:49.144,DEBUG,60A402463591EB613BB8EF0230BF2292,==>  Preparing: SELECT COUNT(*) FROM (SELECT users.USERS_NAME userName, users.USERS_ID userId FROM IVB_M_USERS users WHERE 1 = 1 AND users.DELETE_FLAG = '0') usr LEFT JOIN (SELECT manager.USERS_ID userId, manager.AUTHORIZATION_TYPE_ID typeId FROM IVB_M_MANAGER manager WHERE 1 = 1 AND manager.DELETE_FLAG = '0' GROUP BY manager.USERS_ID, manager.AUTHORIZATION_TYPE_ID) mgr ON usr.userId = mgr.userId LEFT JOIN IVB_M_AUTHORIZATION authorization ON authorization.AUTHORIZATION_TYPE_ID = mgr.typeId ORDER BY usr.userId 
06-01-2017 01:09:49.144,DEBUG,60A402463591EB613BB8EF0230BF2292,==> Parameters: 
06-01-2017 01:09:49.145,DEBUG,60A402463591EB613BB8EF0230BF2292,<==      Total: 1
06-01-2017 01:09:49.146,INFO ,60A402463591EB613BB8EF0230BF2292,U0000000001,Affiliation searching finished ==> 60 item(s)
06-01-2017 01:09:49.146,INFO ,60A402463591EB613BB8EF0230BF2292,U0000000001,vn.bananavietnam.ict.banana.service.Bnn0087SearchAffiliationService,searchData,[vn.bananavietnam.ict.banana.component.Bnn0087SearchAffiliationConditions@17c0bc7] METHOD END
06-01-2017 01:09:49.281,INFO ,60A402463591EB613BB8EF0230BF2292,U0000000001,vn.bananavietnam.ict.banana.service.Bnn0087SearchAffiliationService,searchData,[vn.bananavietnam.ict.banana.component.Bnn0087SearchAffiliationConditions@12083f9] METHOD START
06-01-2017 01:09:49.281,INFO ,60A402463591EB613BB8EF0230BF2292,U0000000001,Affiliation searching started
06-01-2017 01:09:49.307,DEBUG,60A402463591EB613BB8EF0230BF2292,==>  Preparing: SELECT usr.userName userName, usr.userId userId , authorization.AUTHORIZATION_TYPE_NAME typeName, authorization.AUTHORIZATION_TYPE_ID typeId, mgr.farmIdList farmIdList, mgr.areaIdList areaIdList, mgr.lastUpdateDate lastUpdateDate FROM (SELECT users.USERS_NAME userName, users.USERS_ID userId FROM IVB_M_USERS users WHERE 1 = 1 AND users.DELETE_FLAG = '0') usr LEFT JOIN (SELECT manager.USERS_ID userId, manager.AUTHORIZATION_TYPE_ID typeId, (SELECT LAST_UPDATE_DATE FROM IVB_M_MANAGER ORDER BY LAST_UPDATE_DATE DESC LIMIT 1) lastUpdateDate, GROUP_CONCAT(manager.FARM_ID SEPARATOR ',') as farmIdList, GROUP_CONCAT(manager.AREA_ID SEPARATOR ',') as areaIdList FROM IVB_M_MANAGER manager WHERE 1 = 1 AND manager.DELETE_FLAG = '0' GROUP BY manager.USERS_ID, manager.AUTHORIZATION_TYPE_ID) mgr ON usr.userId = mgr.userId LEFT JOIN IVB_M_AUTHORIZATION authorization ON authorization.AUTHORIZATION_TYPE_ID = mgr.typeId ORDER BY usr.userName, authorization.AUTHORIZATION_TYPE_ID LIMIT ?,? 
06-01-2017 01:09:49.307,DEBUG,60A402463591EB613BB8EF0230BF2292,==> Parameters: 40(Integer), 20(Integer)
06-01-2017 01:09:49.310,DEBUG,60A402463591EB613BB8EF0230BF2292,<==      Total: 20
06-01-2017 01:09:49.310,INFO ,60A402463591EB613BB8EF0230BF2292,U0000000001,SQL execution finished
06-01-2017 01:09:49.310,DEBUG,60A402463591EB613BB8EF0230BF2292,==>  Preparing: SELECT COUNT(*) FROM (SELECT users.USERS_NAME userName, users.USERS_ID userId FROM IVB_M_USERS users WHERE 1 = 1 AND users.DELETE_FLAG = '0') usr LEFT JOIN (SELECT manager.USERS_ID userId, manager.AUTHORIZATION_TYPE_ID typeId FROM IVB_M_MANAGER manager WHERE 1 = 1 AND manager.DELETE_FLAG = '0' GROUP BY manager.USERS_ID, manager.AUTHORIZATION_TYPE_ID) mgr ON usr.userId = mgr.userId LEFT JOIN IVB_M_AUTHORIZATION authorization ON authorization.AUTHORIZATION_TYPE_ID = mgr.typeId ORDER BY usr.userId 
06-01-2017 01:09:49.311,DEBUG,60A402463591EB613BB8EF0230BF2292,==> Parameters: 
06-01-2017 01:09:49.312,DEBUG,60A402463591EB613BB8EF0230BF2292,<==      Total: 1
06-01-2017 01:09:49.312,INFO ,60A402463591EB613BB8EF0230BF2292,U0000000001,Affiliation searching finished ==> 60 item(s)
06-01-2017 01:09:49.312,INFO ,60A402463591EB613BB8EF0230BF2292,U0000000001,vn.bananavietnam.ict.banana.service.Bnn0087SearchAffiliationService,searchData,[vn.bananavietnam.ict.banana.component.Bnn0087SearchAffiliationConditions@12083f9] METHOD END
