06-01-2017 01:30:59.918,INFO ,ABB589C4E20EB9E6D7A823B23C8EB51D,U0000000001,vn.bananavietnam.ict.banana.service.Bnn0087SearchAffiliationService,searchData,[vn.bananavietnam.ict.banana.component.Bnn0087SearchAffiliationConditions@3d83d6] METHOD START
06-01-2017 01:30:59.918,INFO ,ABB589C4E20EB9E6D7A823B23C8EB51D,U0000000001,Affiliation searching started
06-01-2017 01:31:03.947,ERROR,ABB589C4E20EB9E6D7A823B23C8EB51D,U0000000001,java.lang.Exception: nested exception is org.apache.ibatis.exceptions.PersistenceException: 
06-01-2017 01:31:03.948,INFO ,ABB589C4E20EB9E6D7A823B23C8EB51D,U0000000001,vn.bananavietnam.ict.banana.service.Bnn0087SearchAffiliationService,searchData,[vn.bananavietnam.ict.banana.component.Bnn0087SearchAffiliationConditions@3d83d6] METHOD END
06-01-2017 01:31:04.459,INFO ,ABB589C4E20EB9E6D7A823B23C8EB51D,U0000000001,vn.bananavietnam.ict.banana.service.Bnn0087SearchAffiliationService,searchData,[vn.bananavietnam.ict.banana.component.Bnn0087SearchAffiliationConditions@1cea19c] METHOD START
06-01-2017 01:31:04.459,INFO ,ABB589C4E20EB9E6D7A823B23C8EB51D,U0000000001,Affiliation searching started
06-01-2017 01:31:04.479,DEBUG,ABB589C4E20EB9E6D7A823B23C8EB51D,==>  Preparing: SELECT usr.userName userName, usr.userId userId , authorization.AUTHORIZATION_TYPE_NAME typeName, authorization.AUTHORIZATION_TYPE_ID typeId, mgr.farmIdList farmIdList, mgr.areaIdList areaIdList, mgr.lastUpdateDate lastUpdateDate FROM (SELECT users.USERS_NAME userName, users.USERS_ID userId FROM IVB_M_USERS users WHERE 1 = 1 AND users.DELETE_FLAG = '0') usr LEFT JOIN (SELECT manager.USERS_ID userId, manager.AUTHORIZATION_TYPE_ID typeId, (SELECT LAST_UPDATE_DATE FROM IVB_M_MANAGER ORDER BY LAST_UPDATE_DATE DESC LIMIT 1) lastUpdateDate, GROUP_CONCAT(manager.FARM_ID SEPARATOR ',') as farmIdList, GROUP_CONCAT(manager.AREA_ID SEPARATOR ',') as areaIdList FROM IVB_M_MANAGER manager WHERE 1 = 1 AND manager.DELETE_FLAG = '0' GROUP BY manager.USERS_ID, manager.AUTHORIZATION_TYPE_ID) mgr ON usr.userId = mgr.userId LEFT JOIN IVB_M_AUTHORIZATION authorization ON authorization.AUTHORIZATION_TYPE_ID = mgr.typeId ORDER BY usr.userName, authorization.AUTHORIZATION_TYPE_ID LIMIT ?,? 
06-01-2017 01:31:04.479,DEBUG,ABB589C4E20EB9E6D7A823B23C8EB51D,==> Parameters: 0(Integer), 20(Integer)
06-01-2017 01:31:04.483,DEBUG,ABB589C4E20EB9E6D7A823B23C8EB51D,<==      Total: 20
06-01-2017 01:31:04.483,INFO ,ABB589C4E20EB9E6D7A823B23C8EB51D,U0000000001,SQL execution finished
06-01-2017 01:31:04.483,DEBUG,ABB589C4E20EB9E6D7A823B23C8EB51D,==>  Preparing: SELECT COUNT(*) FROM (SELECT users.USERS_NAME userName, users.USERS_ID userId FROM IVB_M_USERS users WHERE 1 = 1 AND users.DELETE_FLAG = '0') usr LEFT JOIN (SELECT manager.USERS_ID userId, manager.AUTHORIZATION_TYPE_ID typeId FROM IVB_M_MANAGER manager WHERE 1 = 1 AND manager.DELETE_FLAG = '0' GROUP BY manager.USERS_ID, manager.AUTHORIZATION_TYPE_ID) mgr ON usr.userId = mgr.userId LEFT JOIN IVB_M_AUTHORIZATION authorization ON authorization.AUTHORIZATION_TYPE_ID = mgr.typeId ORDER BY usr.userId 
06-01-2017 01:31:04.483,DEBUG,ABB589C4E20EB9E6D7A823B23C8EB51D,==> Parameters: 
06-01-2017 01:31:04.485,DEBUG,ABB589C4E20EB9E6D7A823B23C8EB51D,<==      Total: 1
06-01-2017 01:31:04.485,INFO ,ABB589C4E20EB9E6D7A823B23C8EB51D,U0000000001,Affiliation searching finished ==> 60 item(s)
06-01-2017 01:31:04.486,INFO ,ABB589C4E20EB9E6D7A823B23C8EB51D,U0000000001,vn.bananavietnam.ict.banana.service.Bnn0087SearchAffiliationService,searchData,[vn.bananavietnam.ict.banana.component.Bnn0087SearchAffiliationConditions@1cea19c] METHOD END
06-01-2017 01:31:05.131,INFO ,E17E7A052CC21F65C9F5E2E8054FAD3F,U0000000001,vn.bananavietnam.ict.banana.service.Bnn0087SearchAffiliationService,initData,[{}] METHOD START
06-01-2017 01:31:05.152,DEBUG,E17E7A052CC21F65C9F5E2E8054FAD3F,==>  Preparing: select AUTHORIZATION_TYPE_ID, AUTHORIZATION_TYPE_NAME, ACCESS_AUTHORITY_ID, CREATE_USER_ID, CREATE_DATE, UPDATE_USER_ID, LAST_UPDATE_DATE, DELETE_FLAG from IVB_M_AUTHORIZATION 
06-01-2017 01:31:05.152,DEBUG,E17E7A052CC21F65C9F5E2E8054FAD3F,==> Parameters: 
06-01-2017 01:31:05.153,DEBUG,E17E7A052CC21F65C9F5E2E8054FAD3F,<==      Total: 4
06-01-2017 01:31:05.153,INFO ,E17E7A052CC21F65C9F5E2E8054FAD3F,U0000000001,vn.bananavietnam.ict.banana.service.Bnn0087SearchAffiliationService,initData,[{affiliationData=[{"authorizationTypeId":"1","authorizationTypeName":"Quản lý hệ thống","accessAuthorityId":"1","createUserId":"U0000000001","createDate":1489363200000,"updateUserId":"U0000000001","lastUpdateDate":1490054400000,"deleteFlag":false},{"authorizationTypeId":"2","authorizationTypeName":"Giám đốc kinh doanh","accessAuthorityId":"2","createUserId":"U0000000001","createDate":1489363200000,"updateUserId":"U0000000001","lastUpdateDate":1490054400000,"deleteFlag":false},{"authorizationTypeId":"3","authorizationTypeName":"Quản lý nông trại","accessAuthorityId":"3","createUserId":"U0000000001","createDate":1489363200000,"updateUserId":"U0000000001","lastUpdateDate":1490054400000,"deleteFlag":false},{"authorizationTypeId":"4","authorizationTypeName":"Quản lý lô","accessAuthorityId":"4","createUserId":"U0000000001","createDate":1489363200000,"updateUserId":"U0000000001","lastUpdateDate":1490054400000,"deleteFlag":false}]}] METHOD END
06-01-2017 01:31:05.196,INFO ,E17E7A052CC21F65C9F5E2E8054FAD3F,U0000000001,vn.bananavietnam.ict.banana.service.Bnn0087SearchAffiliationService,searchData,[vn.bananavietnam.ict.banana.component.Bnn0087SearchAffiliationConditions@25c313] METHOD START
06-01-2017 01:31:05.197,INFO ,E17E7A052CC21F65C9F5E2E8054FAD3F,U0000000001,Affiliation searching started
06-01-2017 01:31:05.214,DEBUG,E17E7A052CC21F65C9F5E2E8054FAD3F,==>  Preparing: SELECT usr.userName userName, usr.userId userId , authorization.AUTHORIZATION_TYPE_NAME typeName, authorization.AUTHORIZATION_TYPE_ID typeId, mgr.farmIdList farmIdList, mgr.areaIdList areaIdList, mgr.lastUpdateDate lastUpdateDate FROM (SELECT users.USERS_NAME userName, users.USERS_ID userId FROM IVB_M_USERS users WHERE 1 = 1 AND users.DELETE_FLAG = '0') usr LEFT JOIN (SELECT manager.USERS_ID userId, manager.AUTHORIZATION_TYPE_ID typeId, (SELECT LAST_UPDATE_DATE FROM IVB_M_MANAGER ORDER BY LAST_UPDATE_DATE DESC LIMIT 1) lastUpdateDate, GROUP_CONCAT(manager.FARM_ID SEPARATOR ',') as farmIdList, GROUP_CONCAT(manager.AREA_ID SEPARATOR ',') as areaIdList FROM IVB_M_MANAGER manager WHERE 1 = 1 AND manager.DELETE_FLAG = '0' GROUP BY manager.USERS_ID, manager.AUTHORIZATION_TYPE_ID) mgr ON usr.userId = mgr.userId LEFT JOIN IVB_M_AUTHORIZATION authorization ON authorization.AUTHORIZATION_TYPE_ID = mgr.typeId ORDER BY usr.userName, authorization.AUTHORIZATION_TYPE_ID LIMIT ?,? 
06-01-2017 01:31:05.214,DEBUG,E17E7A052CC21F65C9F5E2E8054FAD3F,==> Parameters: 0(Integer), 20(Integer)
06-01-2017 01:31:05.217,DEBUG,E17E7A052CC21F65C9F5E2E8054FAD3F,<==      Total: 20
06-01-2017 01:31:05.217,INFO ,E17E7A052CC21F65C9F5E2E8054FAD3F,U0000000001,SQL execution finished
06-01-2017 01:31:05.218,DEBUG,E17E7A052CC21F65C9F5E2E8054FAD3F,==>  Preparing: SELECT COUNT(*) FROM (SELECT users.USERS_NAME userName, users.USERS_ID userId FROM IVB_M_USERS users WHERE 1 = 1 AND users.DELETE_FLAG = '0') usr LEFT JOIN (SELECT manager.USERS_ID userId, manager.AUTHORIZATION_TYPE_ID typeId FROM IVB_M_MANAGER manager WHERE 1 = 1 AND manager.DELETE_FLAG = '0' GROUP BY manager.USERS_ID, manager.AUTHORIZATION_TYPE_ID) mgr ON usr.userId = mgr.userId LEFT JOIN IVB_M_AUTHORIZATION authorization ON authorization.AUTHORIZATION_TYPE_ID = mgr.typeId ORDER BY usr.userId 
06-01-2017 01:31:05.218,DEBUG,E17E7A052CC21F65C9F5E2E8054FAD3F,==> Parameters: 
06-01-2017 01:31:05.220,DEBUG,E17E7A052CC21F65C9F5E2E8054FAD3F,<==      Total: 1
06-01-2017 01:31:05.220,INFO ,E17E7A052CC21F65C9F5E2E8054FAD3F,U0000000001,Affiliation searching finished ==> 60 item(s)
06-01-2017 01:31:05.221,INFO ,E17E7A052CC21F65C9F5E2E8054FAD3F,U0000000001,vn.bananavietnam.ict.banana.service.Bnn0087SearchAffiliationService,searchData,[vn.bananavietnam.ict.banana.component.Bnn0087SearchAffiliationConditions@25c313] METHOD END
06-01-2017 01:31:05.368,INFO ,E17E7A052CC21F65C9F5E2E8054FAD3F,U0000000001,vn.bananavietnam.ict.banana.service.Bnn0087SearchAffiliationService,searchData,[vn.bananavietnam.ict.banana.component.Bnn0087SearchAffiliationConditions@149ea7d] METHOD START
06-01-2017 01:31:05.368,INFO ,E17E7A052CC21F65C9F5E2E8054FAD3F,U0000000001,Affiliation searching started
06-01-2017 01:31:05.385,DEBUG,E17E7A052CC21F65C9F5E2E8054FAD3F,==>  Preparing: SELECT usr.userName userName, usr.userId userId , authorization.AUTHORIZATION_TYPE_NAME typeName, authorization.AUTHORIZATION_TYPE_ID typeId, mgr.farmIdList farmIdList, mgr.areaIdList areaIdList, mgr.lastUpdateDate lastUpdateDate FROM (SELECT users.USERS_NAME userName, users.USERS_ID userId FROM IVB_M_USERS users WHERE 1 = 1 AND users.DELETE_FLAG = '0') usr LEFT JOIN (SELECT manager.USERS_ID userId, manager.AUTHORIZATION_TYPE_ID typeId, (SELECT LAST_UPDATE_DATE FROM IVB_M_MANAGER ORDER BY LAST_UPDATE_DATE DESC LIMIT 1) lastUpdateDate, GROUP_CONCAT(manager.FARM_ID SEPARATOR ',') as farmIdList, GROUP_CONCAT(manager.AREA_ID SEPARATOR ',') as areaIdList FROM IVB_M_MANAGER manager WHERE 1 = 1 AND manager.DELETE_FLAG = '0' GROUP BY manager.USERS_ID, manager.AUTHORIZATION_TYPE_ID) mgr ON usr.userId = mgr.userId LEFT JOIN IVB_M_AUTHORIZATION authorization ON authorization.AUTHORIZATION_TYPE_ID = mgr.typeId ORDER BY usr.userName, authorization.AUTHORIZATION_TYPE_ID LIMIT ?,? 
06-01-2017 01:31:05.386,DEBUG,E17E7A052CC21F65C9F5E2E8054FAD3F,==> Parameters: 0(Integer), 20(Integer)
06-01-2017 01:31:05.390,DEBUG,E17E7A052CC21F65C9F5E2E8054FAD3F,<==      Total: 20
06-01-2017 01:31:05.390,INFO ,E17E7A052CC21F65C9F5E2E8054FAD3F,U0000000001,SQL execution finished
06-01-2017 01:31:05.390,DEBUG,E17E7A052CC21F65C9F5E2E8054FAD3F,==>  Preparing: SELECT COUNT(*) FROM (SELECT users.USERS_NAME userName, users.USERS_ID userId FROM IVB_M_USERS users WHERE 1 = 1 AND users.DELETE_FLAG = '0') usr LEFT JOIN (SELECT manager.USERS_ID userId, manager.AUTHORIZATION_TYPE_ID typeId FROM IVB_M_MANAGER manager WHERE 1 = 1 AND manager.DELETE_FLAG = '0' GROUP BY manager.USERS_ID, manager.AUTHORIZATION_TYPE_ID) mgr ON usr.userId = mgr.userId LEFT JOIN IVB_M_AUTHORIZATION authorization ON authorization.AUTHORIZATION_TYPE_ID = mgr.typeId ORDER BY usr.userId 
06-01-2017 01:31:05.390,DEBUG,E17E7A052CC21F65C9F5E2E8054FAD3F,==> Parameters: 
06-01-2017 01:31:05.392,DEBUG,E17E7A052CC21F65C9F5E2E8054FAD3F,<==      Total: 1
06-01-2017 01:31:05.392,INFO ,E17E7A052CC21F65C9F5E2E8054FAD3F,U0000000001,Affiliation searching finished ==> 60 item(s)
06-01-2017 01:31:05.392,INFO ,E17E7A052CC21F65C9F5E2E8054FAD3F,U0000000001,vn.bananavietnam.ict.banana.service.Bnn0087SearchAffiliationService,searchData,[vn.bananavietnam.ict.banana.component.Bnn0087SearchAffiliationConditions@149ea7d] METHOD END
06-01-2017 01:31:10.176,INFO ,CB0CF0763A21419D74427CF6DE912475,U0000000001,vn.bananavietnam.ict.banana.service.Bnn0087SearchAffiliationService,initData,[{}] METHOD START
06-01-2017 01:31:10.194,DEBUG,CB0CF0763A21419D74427CF6DE912475,==>  Preparing: select AUTHORIZATION_TYPE_ID, AUTHORIZATION_TYPE_NAME, ACCESS_AUTHORITY_ID, CREATE_USER_ID, CREATE_DATE, UPDATE_USER_ID, LAST_UPDATE_DATE, DELETE_FLAG from IVB_M_AUTHORIZATION 
06-01-2017 01:31:10.195,DEBUG,CB0CF0763A21419D74427CF6DE912475,==> Parameters: 
06-01-2017 01:31:10.196,DEBUG,CB0CF0763A21419D74427CF6DE912475,<==      Total: 4
06-01-2017 01:31:10.196,INFO ,CB0CF0763A21419D74427CF6DE912475,U0000000001,vn.bananavietnam.ict.banana.service.Bnn0087SearchAffiliationService,initData,[{affiliationData=[{"authorizationTypeId":"1","authorizationTypeName":"Quản lý hệ thống","accessAuthorityId":"1","createUserId":"U0000000001","createDate":1489363200000,"updateUserId":"U0000000001","lastUpdateDate":1490054400000,"deleteFlag":false},{"authorizationTypeId":"2","authorizationTypeName":"Giám đốc kinh doanh","accessAuthorityId":"2","createUserId":"U0000000001","createDate":1489363200000,"updateUserId":"U0000000001","lastUpdateDate":1490054400000,"deleteFlag":false},{"authorizationTypeId":"3","authorizationTypeName":"Quản lý nông trại","accessAuthorityId":"3","createUserId":"U0000000001","createDate":1489363200000,"updateUserId":"U0000000001","lastUpdateDate":1490054400000,"deleteFlag":false},{"authorizationTypeId":"4","authorizationTypeName":"Quản lý lô","accessAuthorityId":"4","createUserId":"U0000000001","createDate":1489363200000,"updateUserId":"U0000000001","lastUpdateDate":1490054400000,"deleteFlag":false}]}] METHOD END
06-01-2017 01:31:10.295,INFO ,CB0CF0763A21419D74427CF6DE912475,U0000000001,vn.bananavietnam.ict.banana.service.Bnn0087SearchAffiliationService,searchData,[vn.bananavietnam.ict.banana.component.Bnn0087SearchAffiliationConditions@1aed8e8] METHOD START
06-01-2017 01:31:10.295,INFO ,CB0CF0763A21419D74427CF6DE912475,U0000000001,Affiliation searching started
06-01-2017 01:31:10.311,DEBUG,CB0CF0763A21419D74427CF6DE912475,==>  Preparing: SELECT usr.userName userName, usr.userId userId , authorization.AUTHORIZATION_TYPE_NAME typeName, authorization.AUTHORIZATION_TYPE_ID typeId, mgr.farmIdList farmIdList, mgr.areaIdList areaIdList, mgr.lastUpdateDate lastUpdateDate FROM (SELECT users.USERS_NAME userName, users.USERS_ID userId FROM IVB_M_USERS users WHERE 1 = 1 AND users.DELETE_FLAG = '0') usr LEFT JOIN (SELECT manager.USERS_ID userId, manager.AUTHORIZATION_TYPE_ID typeId, (SELECT LAST_UPDATE_DATE FROM IVB_M_MANAGER ORDER BY LAST_UPDATE_DATE DESC LIMIT 1) lastUpdateDate, GROUP_CONCAT(manager.FARM_ID SEPARATOR ',') as farmIdList, GROUP_CONCAT(manager.AREA_ID SEPARATOR ',') as areaIdList FROM IVB_M_MANAGER manager WHERE 1 = 1 AND manager.DELETE_FLAG = '0' GROUP BY manager.USERS_ID, manager.AUTHORIZATION_TYPE_ID) mgr ON usr.userId = mgr.userId LEFT JOIN IVB_M_AUTHORIZATION authorization ON authorization.AUTHORIZATION_TYPE_ID = mgr.typeId ORDER BY usr.userName, authorization.AUTHORIZATION_TYPE_ID LIMIT ?,? 
06-01-2017 01:31:10.311,DEBUG,CB0CF0763A21419D74427CF6DE912475,==> Parameters: 0(Integer), 20(Integer)
06-01-2017 01:31:10.315,DEBUG,CB0CF0763A21419D74427CF6DE912475,<==      Total: 20
06-01-2017 01:31:10.316,INFO ,CB0CF0763A21419D74427CF6DE912475,U0000000001,SQL execution finished
06-01-2017 01:31:10.316,DEBUG,CB0CF0763A21419D74427CF6DE912475,==>  Preparing: SELECT COUNT(*) FROM (SELECT users.USERS_NAME userName, users.USERS_ID userId FROM IVB_M_USERS users WHERE 1 = 1 AND users.DELETE_FLAG = '0') usr LEFT JOIN (SELECT manager.USERS_ID userId, manager.AUTHORIZATION_TYPE_ID typeId FROM IVB_M_MANAGER manager WHERE 1 = 1 AND manager.DELETE_FLAG = '0' GROUP BY manager.USERS_ID, manager.AUTHORIZATION_TYPE_ID) mgr ON usr.userId = mgr.userId LEFT JOIN IVB_M_AUTHORIZATION authorization ON authorization.AUTHORIZATION_TYPE_ID = mgr.typeId ORDER BY usr.userId 
06-01-2017 01:31:10.316,DEBUG,CB0CF0763A21419D74427CF6DE912475,==> Parameters: 
06-01-2017 01:31:10.317,DEBUG,CB0CF0763A21419D74427CF6DE912475,<==      Total: 1
06-01-2017 01:31:10.317,INFO ,CB0CF0763A21419D74427CF6DE912475,U0000000001,Affiliation searching finished ==> 60 item(s)
06-01-2017 01:31:10.318,INFO ,CB0CF0763A21419D74427CF6DE912475,U0000000001,vn.bananavietnam.ict.banana.service.Bnn0087SearchAffiliationService,searchData,[vn.bananavietnam.ict.banana.component.Bnn0087SearchAffiliationConditions@1aed8e8] METHOD END
06-01-2017 01:31:10.558,INFO ,CB0CF0763A21419D74427CF6DE912475,U0000000001,vn.bananavietnam.ict.banana.service.Bnn0087SearchAffiliationService,searchData,[vn.bananavietnam.ict.banana.component.Bnn0087SearchAffiliationConditions@1b00c96] METHOD START
06-01-2017 01:31:10.558,INFO ,CB0CF0763A21419D74427CF6DE912475,U0000000001,Affiliation searching started
06-01-2017 01:31:10.574,DEBUG,CB0CF0763A21419D74427CF6DE912475,==>  Preparing: SELECT usr.userName userName, usr.userId userId , authorization.AUTHORIZATION_TYPE_NAME typeName, authorization.AUTHORIZATION_TYPE_ID typeId, mgr.farmIdList farmIdList, mgr.areaIdList areaIdList, mgr.lastUpdateDate lastUpdateDate FROM (SELECT users.USERS_NAME userName, users.USERS_ID userId FROM IVB_M_USERS users WHERE 1 = 1 AND users.DELETE_FLAG = '0') usr LEFT JOIN (SELECT manager.USERS_ID userId, manager.AUTHORIZATION_TYPE_ID typeId, (SELECT LAST_UPDATE_DATE FROM IVB_M_MANAGER ORDER BY LAST_UPDATE_DATE DESC LIMIT 1) lastUpdateDate, GROUP_CONCAT(manager.FARM_ID SEPARATOR ',') as farmIdList, GROUP_CONCAT(manager.AREA_ID SEPARATOR ',') as areaIdList FROM IVB_M_MANAGER manager WHERE 1 = 1 AND manager.DELETE_FLAG = '0' GROUP BY manager.USERS_ID, manager.AUTHORIZATION_TYPE_ID) mgr ON usr.userId = mgr.userId LEFT JOIN IVB_M_AUTHORIZATION authorization ON authorization.AUTHORIZATION_TYPE_ID = mgr.typeId ORDER BY usr.userName, authorization.AUTHORIZATION_TYPE_ID LIMIT ?,? 
06-01-2017 01:31:10.574,DEBUG,CB0CF0763A21419D74427CF6DE912475,==> Parameters: 0(Integer), 20(Integer)
06-01-2017 01:31:10.578,DEBUG,CB0CF0763A21419D74427CF6DE912475,<==      Total: 20
06-01-2017 01:31:10.578,INFO ,CB0CF0763A21419D74427CF6DE912475,U0000000001,SQL execution finished
06-01-2017 01:31:10.579,DEBUG,CB0CF0763A21419D74427CF6DE912475,==>  Preparing: SELECT COUNT(*) FROM (SELECT users.USERS_NAME userName, users.USERS_ID userId FROM IVB_M_USERS users WHERE 1 = 1 AND users.DELETE_FLAG = '0') usr LEFT JOIN (SELECT manager.USERS_ID userId, manager.AUTHORIZATION_TYPE_ID typeId FROM IVB_M_MANAGER manager WHERE 1 = 1 AND manager.DELETE_FLAG = '0' GROUP BY manager.USERS_ID, manager.AUTHORIZATION_TYPE_ID) mgr ON usr.userId = mgr.userId LEFT JOIN IVB_M_AUTHORIZATION authorization ON authorization.AUTHORIZATION_TYPE_ID = mgr.typeId ORDER BY usr.userId 
06-01-2017 01:31:10.579,DEBUG,CB0CF0763A21419D74427CF6DE912475,==> Parameters: 
06-01-2017 01:31:10.580,DEBUG,CB0CF0763A21419D74427CF6DE912475,<==      Total: 1
06-01-2017 01:31:10.580,INFO ,CB0CF0763A21419D74427CF6DE912475,U0000000001,Affiliation searching finished ==> 60 item(s)
06-01-2017 01:31:10.581,INFO ,CB0CF0763A21419D74427CF6DE912475,U0000000001,vn.bananavietnam.ict.banana.service.Bnn0087SearchAffiliationService,searchData,[vn.bananavietnam.ict.banana.component.Bnn0087SearchAffiliationConditions@1b00c96] METHOD END
