05-08-2017 14:48:45.118,DEBUG,F0AEF53EA62E8EA068CD0BCFE4493253,/0089/deleteData at position 1 of 11 in additional filter chain; firing Filter: 'SecurityContextPersistenceFilter'
05-08-2017 14:48:45.118,DEBUG,F0AEF53EA62E8EA068CD0BCFE4493253,Obtained a valid SecurityContext from SPRING_SECURITY_CONTEXT: 'org.springframework.security.core.context.SecurityContextImpl@3b6f3487: Authentication: org.springframework.security.authentication.UsernamePasswordAuthenticationToken@3b6f3487: Principal: vn.bananavietnam.ict.common.auth.MyUser@c4907816: Username: U0000000001; Password: [PROTECTED]; Enabled: true; AccountNonExpired: true; credentialsNonExpired: true; AccountNonLocked: true; Granted Authorities: 1; Credentials: [PROTECTED]; Authenticated: true; Details: org.springframework.security.web.authentication.WebAuthenticationDetails@b364: RemoteIpAddress: 0:0:0:0:0:0:0:1; SessionId: 3335F613C1398DBD81C5D955BB5A8E35; Granted Authorities: 1'
05-08-2017 14:48:45.119,DEBUG,F0AEF53EA62E8EA068CD0BCFE4493253,/0089/deleteData at position 2 of 11 in additional filter chain; firing Filter: 'WebAsyncManagerIntegrationFilter'
05-08-2017 14:48:45.119,DEBUG,F0AEF53EA62E8EA068CD0BCFE4493253,/0089/deleteData at position 3 of 11 in additional filter chain; firing Filter: 'LogoutFilter'
05-08-2017 14:48:45.119,DEBUG,F0AEF53EA62E8EA068CD0BCFE4493253,/0089/deleteData at position 4 of 11 in additional filter chain; firing Filter: 'UsernamePasswordAuthenticationFilter'
05-08-2017 14:48:45.119,DEBUG,F0AEF53EA62E8EA068CD0BCFE4493253,/0089/deleteData at position 5 of 11 in additional filter chain; firing Filter: 'BasicAuthenticationFilter'
05-08-2017 14:48:45.119,DEBUG,F0AEF53EA62E8EA068CD0BCFE4493253,/0089/deleteData at position 6 of 11 in additional filter chain; firing Filter: 'RequestCacheAwareFilter'
05-08-2017 14:48:45.119,DEBUG,F0AEF53EA62E8EA068CD0BCFE4493253,/0089/deleteData at position 7 of 11 in additional filter chain; firing Filter: 'SecurityContextHolderAwareRequestFilter'
05-08-2017 14:48:45.119,DEBUG,F0AEF53EA62E8EA068CD0BCFE4493253,/0089/deleteData at position 8 of 11 in additional filter chain; firing Filter: 'AnonymousAuthenticationFilter'
05-08-2017 14:48:45.119,DEBUG,F0AEF53EA62E8EA068CD0BCFE4493253,SecurityContextHolder not populated with anonymous token, as it already contained: 'org.springframework.security.authentication.UsernamePasswordAuthenticationToken@3b6f3487: Principal: vn.bananavietnam.ict.common.auth.MyUser@c4907816: Username: U0000000001; Password: [PROTECTED]; Enabled: true; AccountNonExpired: true; credentialsNonExpired: true; AccountNonLocked: true; Granted Authorities: 1; Credentials: [PROTECTED]; Authenticated: true; Details: org.springframework.security.web.authentication.WebAuthenticationDetails@b364: RemoteIpAddress: 0:0:0:0:0:0:0:1; SessionId: 3335F613C1398DBD81C5D955BB5A8E35; Granted Authorities: 1'
05-08-2017 14:48:45.119,DEBUG,F0AEF53EA62E8EA068CD0BCFE4493253,/0089/deleteData at position 9 of 11 in additional filter chain; firing Filter: 'SessionManagementFilter'
05-08-2017 14:48:45.119,DEBUG,F0AEF53EA62E8EA068CD0BCFE4493253,/0089/deleteData at position 10 of 11 in additional filter chain; firing Filter: 'ExceptionTranslationFilter'
05-08-2017 14:48:45.119,DEBUG,F0AEF53EA62E8EA068CD0BCFE4493253,/0089/deleteData at position 11 of 11 in additional filter chain; firing Filter: 'FilterSecurityInterceptor'
05-08-2017 14:48:45.119,DEBUG,F0AEF53EA62E8EA068CD0BCFE4493253,Checking match of request : '/0089/deletedata'; against '/autherror*'
05-08-2017 14:48:45.119,DEBUG,F0AEF53EA62E8EA068CD0BCFE4493253,Checking match of request : '/0089/deletedata'; against '/login/**'
05-08-2017 14:48:45.119,DEBUG,F0AEF53EA62E8EA068CD0BCFE4493253,Checking match of request : '/0089/deletedata'; against '/0001/**'
05-08-2017 14:48:45.119,DEBUG,F0AEF53EA62E8EA068CD0BCFE4493253,Checking match of request : '/0089/deletedata'; against '/0002/**'
05-08-2017 14:48:45.119,DEBUG,F0AEF53EA62E8EA068CD0BCFE4493253,Checking match of request : '/0089/deletedata'; against '/0003/**'
05-08-2017 14:48:45.119,DEBUG,F0AEF53EA62E8EA068CD0BCFE4493253,Checking match of request : '/0089/deletedata'; against '/searchuserpopup/**'
05-08-2017 14:48:45.119,DEBUG,F0AEF53EA62E8EA068CD0BCFE4493253,Checking match of request : '/0089/deletedata'; against '/0005/**'
05-08-2017 14:48:45.120,DEBUG,F0AEF53EA62E8EA068CD0BCFE4493253,Checking match of request : '/0089/deletedata'; against '/0009/**'
05-08-2017 14:48:45.120,DEBUG,F0AEF53EA62E8EA068CD0BCFE4493253,Checking match of request : '/0089/deletedata'; against '/searchline/**'
05-08-2017 14:48:45.120,DEBUG,F0AEF53EA62E8EA068CD0BCFE4493253,Checking match of request : '/0089/deletedata'; against '/0013/**'
05-08-2017 14:48:45.120,DEBUG,F0AEF53EA62E8EA068CD0BCFE4493253,Checking match of request : '/0089/deletedata'; against '/0017/**'
05-08-2017 14:48:45.120,DEBUG,F0AEF53EA62E8EA068CD0BCFE4493253,Checking match of request : '/0089/deletedata'; against '/0031/**'
05-08-2017 14:48:45.120,DEBUG,F0AEF53EA62E8EA068CD0BCFE4493253,Checking match of request : '/0089/deletedata'; against '/0035/**'
05-08-2017 14:48:45.120,DEBUG,F0AEF53EA62E8EA068CD0BCFE4493253,Checking match of request : '/0089/deletedata'; against '/0037/**'
05-08-2017 14:48:45.120,DEBUG,F0AEF53EA62E8EA068CD0BCFE4493253,Checking match of request : '/0089/deletedata'; against '/0045/**'
05-08-2017 14:48:45.120,DEBUG,F0AEF53EA62E8EA068CD0BCFE4493253,Checking match of request : '/0089/deletedata'; against '/0047/**'
05-08-2017 14:48:45.120,DEBUG,F0AEF53EA62E8EA068CD0BCFE4493253,Checking match of request : '/0089/deletedata'; against '/0049/**'
05-08-2017 14:48:45.120,DEBUG,F0AEF53EA62E8EA068CD0BCFE4493253,Checking match of request : '/0089/deletedata'; against '/0061/**'
05-08-2017 14:48:45.120,DEBUG,F0AEF53EA62E8EA068CD0BCFE4493253,Checking match of request : '/0089/deletedata'; against '/0087/**'
05-08-2017 14:48:45.120,DEBUG,F0AEF53EA62E8EA068CD0BCFE4493253,Checking match of request : '/0089/deletedata'; against '/0075/**'
05-08-2017 14:48:45.120,DEBUG,F0AEF53EA62E8EA068CD0BCFE4493253,Checking match of request : '/0089/deletedata'; against '/0089/**'
05-08-2017 14:48:45.120,DEBUG,F0AEF53EA62E8EA068CD0BCFE4493253,Secure object: FilterInvocation: URL: /0089/deleteData; Attributes: [ROLE_ADMIN, ROLE_USER, IS_AUTHENTICATED_FULLY]
05-08-2017 14:48:45.120,DEBUG,F0AEF53EA62E8EA068CD0BCFE4493253,Previously Authenticated: org.springframework.security.authentication.UsernamePasswordAuthenticationToken@3b6f3487: Principal: vn.bananavietnam.ict.common.auth.MyUser@c4907816: Username: U0000000001; Password: [PROTECTED]; Enabled: true; AccountNonExpired: true; credentialsNonExpired: true; AccountNonLocked: true; Granted Authorities: 1; Credentials: [PROTECTED]; Authenticated: true; Details: org.springframework.security.web.authentication.WebAuthenticationDetails@b364: RemoteIpAddress: 0:0:0:0:0:0:0:1; SessionId: 3335F613C1398DBD81C5D955BB5A8E35; Granted Authorities: 1
05-08-2017 14:48:45.120,DEBUG,F0AEF53EA62E8EA068CD0BCFE4493253,Voter: org.springframework.security.access.vote.RoleVoter@1b68791, returned: -1
05-08-2017 14:48:45.120,DEBUG,F0AEF53EA62E8EA068CD0BCFE4493253,Voter: org.springframework.security.access.vote.AuthenticatedVoter@1fd620c, returned: 1
05-08-2017 14:48:45.120,DEBUG,F0AEF53EA62E8EA068CD0BCFE4493253,Authorization successful
05-08-2017 14:48:45.120,DEBUG,F0AEF53EA62E8EA068CD0BCFE4493253,RunAsManager did not change Authentication object
05-08-2017 14:48:45.120,DEBUG,F0AEF53EA62E8EA068CD0BCFE4493253,/0089/deleteData reached end of additional filter chain; proceeding with original chain
05-08-2017 14:48:45.120,DEBUG,F0AEF53EA62E8EA068CD0BCFE4493253,Request [/ict/0089/deleteData] is not a multipart request
05-08-2017 14:48:45.120,DEBUG,F0AEF53EA62E8EA068CD0BCFE4493253,DispatcherServlet with name 'appServlet' processing POST request for [/ict/0089/deleteData]
05-08-2017 14:48:45.120,DEBUG,F0AEF53EA62E8EA068CD0BCFE4493253,Looking up handler method for path /0089/deleteData
05-08-2017 14:48:45.120,DEBUG,F0AEF53EA62E8EA068CD0BCFE4493253,Returning handler method [public java.lang.String vn.bananavietnam.ict.banana.controller.Bnn0089SearchTaskController.deleteData(java.lang.String)]
05-08-2017 14:48:45.120,DEBUG,F0AEF53EA62E8EA068CD0BCFE4493253,Returning cached instance of singleton bean 'bnn0089SearchTaskController'
05-08-2017 14:48:45.120,DEBUG,F0AEF53EA62E8EA068CD0BCFE4493253,Returning cached instance of singleton bean 'xml_path'
05-08-2017 14:48:45.121,DEBUG,F0AEF53EA62E8EA068CD0BCFE4493253,Skip CORS processing: request is from same origin
05-08-2017 14:48:45.121,INFO ,F0AEF53EA62E8EA068CD0BCFE4493253,U0000000001,vn.bananavietnam.ict.banana.service.Bnn0089SearchTaskService,deleteData,[T058] METHOD START
05-08-2017 14:48:45.121,DEBUG,F0AEF53EA62E8EA068CD0BCFE4493253,Returning cached instance of singleton bean 'transactionManager'
05-08-2017 14:48:45.121,DEBUG,F0AEF53EA62E8EA068CD0BCFE4493253,Creating new transaction with name [null]: PROPAGATION_REQUIRED,ISOLATION_DEFAULT
05-08-2017 14:48:45.121,DEBUG,F0AEF53EA62E8EA068CD0BCFE4493253,Creating new JDBC DriverManager Connection to [jdbc:mysql://172.16.0.175:3306/BANANA_DB_HUNG_SELENIUM?useUnicode=yes&characterEncoding=UTF-8&autoReconnect=true]
05-08-2017 14:48:45.137,DEBUG,F0AEF53EA62E8EA068CD0BCFE4493253,Acquired Connection [com.mysql.jdbc.JDBC4Connection@683c51] for JDBC transaction
05-08-2017 14:48:45.137,DEBUG,F0AEF53EA62E8EA068CD0BCFE4493253,Switching JDBC Connection [com.mysql.jdbc.JDBC4Connection@683c51] to manual commit
05-08-2017 14:48:45.139,DEBUG,F0AEF53EA62E8EA068CD0BCFE4493253,Creating a new SqlSession
05-08-2017 14:48:45.139,DEBUG,F0AEF53EA62E8EA068CD0BCFE4493253,Registering transaction synchronization for SqlSession [org.apache.ibatis.session.defaults.DefaultSqlSession@1b9a8bd]
05-08-2017 14:48:45.139,DEBUG,F0AEF53EA62E8EA068CD0BCFE4493253,JDBC Connection [com.mysql.jdbc.JDBC4Connection@683c51] will be managed by Spring
05-08-2017 14:48:45.139,DEBUG,F0AEF53EA62E8EA068CD0BCFE4493253,==>  Preparing: update IVB_M_TASK SET LAST_UPDATE_DATE = NOW(), DELETE_FLAG = ? where TASK_ID = ? 
05-08-2017 14:48:45.139,DEBUG,F0AEF53EA62E8EA068CD0BCFE4493253,==> Parameters: true(Boolean), T058(String)
05-08-2017 14:48:45.142,DEBUG,F0AEF53EA62E8EA068CD0BCFE4493253,<==    Updates: 1
05-08-2017 14:48:45.142,DEBUG,F0AEF53EA62E8EA068CD0BCFE4493253,Releasing transactional SqlSession [org.apache.ibatis.session.defaults.DefaultSqlSession@1b9a8bd]
05-08-2017 14:48:45.142,DEBUG,F0AEF53EA62E8EA068CD0BCFE4493253,Transaction synchronization committing SqlSession [org.apache.ibatis.session.defaults.DefaultSqlSession@1b9a8bd]
05-08-2017 14:48:45.142,DEBUG,F0AEF53EA62E8EA068CD0BCFE4493253,Transaction synchronization deregistering SqlSession [org.apache.ibatis.session.defaults.DefaultSqlSession@1b9a8bd]
05-08-2017 14:48:45.142,DEBUG,F0AEF53EA62E8EA068CD0BCFE4493253,Transaction synchronization closing SqlSession [org.apache.ibatis.session.defaults.DefaultSqlSession@1b9a8bd]
05-08-2017 14:48:45.142,DEBUG,F0AEF53EA62E8EA068CD0BCFE4493253,Initiating transaction commit
05-08-2017 14:48:45.142,DEBUG,F0AEF53EA62E8EA068CD0BCFE4493253,Committing JDBC transaction on Connection [com.mysql.jdbc.JDBC4Connection@683c51]
05-08-2017 14:48:45.148,DEBUG,F0AEF53EA62E8EA068CD0BCFE4493253,Releasing JDBC Connection [com.mysql.jdbc.JDBC4Connection@683c51] after transaction
05-08-2017 14:48:45.148,DEBUG,F0AEF53EA62E8EA068CD0BCFE4493253,Returning JDBC Connection to DataSource
05-08-2017 14:48:45.148,INFO ,F0AEF53EA62E8EA068CD0BCFE4493253,U0000000001,vn.bananavietnam.ict.banana.service.Bnn0089SearchTaskService,deleteData,[T058] METHOD END
05-08-2017 14:48:45.150,DEBUG,F0AEF53EA62E8EA068CD0BCFE4493253,Written [6000] as "text/plain;charset=ISO-8859-1" using [org.springframework.http.converter.StringHttpMessageConverter@1136134]
05-08-2017 14:48:45.150,DEBUG,F0AEF53EA62E8EA068CD0BCFE4493253,Null ModelAndView returned to DispatcherServlet with name 'appServlet': assuming HandlerAdapter completed request handling
05-08-2017 14:48:45.150,DEBUG,F0AEF53EA62E8EA068CD0BCFE4493253,Successfully completed request
05-08-2017 14:48:45.150,DEBUG,F0AEF53EA62E8EA068CD0BCFE4493253,Chain processed normally
05-08-2017 14:48:45.150,DEBUG,F0AEF53EA62E8EA068CD0BCFE4493253,SecurityContextHolder now cleared, as request processing completed
05-08-2017 14:48:45.152,DEBUG,F0AEF53EA62E8EA068CD0BCFE4493253,/0089/searchData at position 1 of 11 in additional filter chain; firing Filter: 'SecurityContextPersistenceFilter'
05-08-2017 14:48:45.152,DEBUG,F0AEF53EA62E8EA068CD0BCFE4493253,Obtained a valid SecurityContext from SPRING_SECURITY_CONTEXT: 'org.springframework.security.core.context.SecurityContextImpl@3b6f3487: Authentication: org.springframework.security.authentication.UsernamePasswordAuthenticationToken@3b6f3487: Principal: vn.bananavietnam.ict.common.auth.MyUser@c4907816: Username: U0000000001; Password: [PROTECTED]; Enabled: true; AccountNonExpired: true; credentialsNonExpired: true; AccountNonLocked: true; Granted Authorities: 1; Credentials: [PROTECTED]; Authenticated: true; Details: org.springframework.security.web.authentication.WebAuthenticationDetails@b364: RemoteIpAddress: 0:0:0:0:0:0:0:1; SessionId: 3335F613C1398DBD81C5D955BB5A8E35; Granted Authorities: 1'
05-08-2017 14:48:45.152,DEBUG,F0AEF53EA62E8EA068CD0BCFE4493253,/0089/searchData at position 2 of 11 in additional filter chain; firing Filter: 'WebAsyncManagerIntegrationFilter'
05-08-2017 14:48:45.152,DEBUG,F0AEF53EA62E8EA068CD0BCFE4493253,/0089/searchData at position 3 of 11 in additional filter chain; firing Filter: 'LogoutFilter'
05-08-2017 14:48:45.152,DEBUG,F0AEF53EA62E8EA068CD0BCFE4493253,/0089/searchData at position 4 of 11 in additional filter chain; firing Filter: 'UsernamePasswordAuthenticationFilter'
05-08-2017 14:48:45.152,DEBUG,F0AEF53EA62E8EA068CD0BCFE4493253,/0089/searchData at position 5 of 11 in additional filter chain; firing Filter: 'BasicAuthenticationFilter'
05-08-2017 14:48:45.152,DEBUG,F0AEF53EA62E8EA068CD0BCFE4493253,/0089/searchData at position 6 of 11 in additional filter chain; firing Filter: 'RequestCacheAwareFilter'
05-08-2017 14:48:45.152,DEBUG,F0AEF53EA62E8EA068CD0BCFE4493253,/0089/searchData at position 7 of 11 in additional filter chain; firing Filter: 'SecurityContextHolderAwareRequestFilter'
05-08-2017 14:48:45.152,DEBUG,F0AEF53EA62E8EA068CD0BCFE4493253,/0089/searchData at position 8 of 11 in additional filter chain; firing Filter: 'AnonymousAuthenticationFilter'
05-08-2017 14:48:45.152,DEBUG,F0AEF53EA62E8EA068CD0BCFE4493253,SecurityContextHolder not populated with anonymous token, as it already contained: 'org.springframework.security.authentication.UsernamePasswordAuthenticationToken@3b6f3487: Principal: vn.bananavietnam.ict.common.auth.MyUser@c4907816: Username: U0000000001; Password: [PROTECTED]; Enabled: true; AccountNonExpired: true; credentialsNonExpired: true; AccountNonLocked: true; Granted Authorities: 1; Credentials: [PROTECTED]; Authenticated: true; Details: org.springframework.security.web.authentication.WebAuthenticationDetails@b364: RemoteIpAddress: 0:0:0:0:0:0:0:1; SessionId: 3335F613C1398DBD81C5D955BB5A8E35; Granted Authorities: 1'
05-08-2017 14:48:45.152,DEBUG,F0AEF53EA62E8EA068CD0BCFE4493253,/0089/searchData at position 9 of 11 in additional filter chain; firing Filter: 'SessionManagementFilter'
05-08-2017 14:48:45.152,DEBUG,F0AEF53EA62E8EA068CD0BCFE4493253,/0089/searchData at position 10 of 11 in additional filter chain; firing Filter: 'ExceptionTranslationFilter'
05-08-2017 14:48:45.152,DEBUG,F0AEF53EA62E8EA068CD0BCFE4493253,/0089/searchData at position 11 of 11 in additional filter chain; firing Filter: 'FilterSecurityInterceptor'
05-08-2017 14:48:45.152,DEBUG,F0AEF53EA62E8EA068CD0BCFE4493253,Checking match of request : '/0089/searchdata'; against '/autherror*'
05-08-2017 14:48:45.152,DEBUG,F0AEF53EA62E8EA068CD0BCFE4493253,Checking match of request : '/0089/searchdata'; against '/login/**'
05-08-2017 14:48:45.152,DEBUG,F0AEF53EA62E8EA068CD0BCFE4493253,Checking match of request : '/0089/searchdata'; against '/0001/**'
05-08-2017 14:48:45.152,DEBUG,F0AEF53EA62E8EA068CD0BCFE4493253,Checking match of request : '/0089/searchdata'; against '/0002/**'
05-08-2017 14:48:45.152,DEBUG,F0AEF53EA62E8EA068CD0BCFE4493253,Checking match of request : '/0089/searchdata'; against '/0003/**'
05-08-2017 14:48:45.152,DEBUG,F0AEF53EA62E8EA068CD0BCFE4493253,Checking match of request : '/0089/searchdata'; against '/searchuserpopup/**'
05-08-2017 14:48:45.152,DEBUG,F0AEF53EA62E8EA068CD0BCFE4493253,Checking match of request : '/0089/searchdata'; against '/0005/**'
05-08-2017 14:48:45.152,DEBUG,F0AEF53EA62E8EA068CD0BCFE4493253,Checking match of request : '/0089/searchdata'; against '/0009/**'
05-08-2017 14:48:45.152,DEBUG,F0AEF53EA62E8EA068CD0BCFE4493253,Checking match of request : '/0089/searchdata'; against '/searchline/**'
05-08-2017 14:48:45.152,DEBUG,F0AEF53EA62E8EA068CD0BCFE4493253,Checking match of request : '/0089/searchdata'; against '/0013/**'
05-08-2017 14:48:45.152,DEBUG,F0AEF53EA62E8EA068CD0BCFE4493253,Checking match of request : '/0089/searchdata'; against '/0017/**'
05-08-2017 14:48:45.152,DEBUG,F0AEF53EA62E8EA068CD0BCFE4493253,Checking match of request : '/0089/searchdata'; against '/0031/**'
05-08-2017 14:48:45.152,DEBUG,F0AEF53EA62E8EA068CD0BCFE4493253,Checking match of request : '/0089/searchdata'; against '/0035/**'
05-08-2017 14:48:45.152,DEBUG,F0AEF53EA62E8EA068CD0BCFE4493253,Checking match of request : '/0089/searchdata'; against '/0037/**'
05-08-2017 14:48:45.152,DEBUG,F0AEF53EA62E8EA068CD0BCFE4493253,Checking match of request : '/0089/searchdata'; against '/0045/**'
05-08-2017 14:48:45.152,DEBUG,F0AEF53EA62E8EA068CD0BCFE4493253,Checking match of request : '/0089/searchdata'; against '/0047/**'
05-08-2017 14:48:45.152,DEBUG,F0AEF53EA62E8EA068CD0BCFE4493253,Checking match of request : '/0089/searchdata'; against '/0049/**'
05-08-2017 14:48:45.153,DEBUG,F0AEF53EA62E8EA068CD0BCFE4493253,Checking match of request : '/0089/searchdata'; against '/0061/**'
05-08-2017 14:48:45.153,DEBUG,F0AEF53EA62E8EA068CD0BCFE4493253,Checking match of request : '/0089/searchdata'; against '/0087/**'
05-08-2017 14:48:45.153,DEBUG,F0AEF53EA62E8EA068CD0BCFE4493253,Checking match of request : '/0089/searchdata'; against '/0075/**'
05-08-2017 14:48:45.153,DEBUG,F0AEF53EA62E8EA068CD0BCFE4493253,Checking match of request : '/0089/searchdata'; against '/0089/**'
05-08-2017 14:48:45.153,DEBUG,F0AEF53EA62E8EA068CD0BCFE4493253,Secure object: FilterInvocation: URL: /0089/searchData; Attributes: [ROLE_ADMIN, ROLE_USER, IS_AUTHENTICATED_FULLY]
05-08-2017 14:48:45.153,DEBUG,F0AEF53EA62E8EA068CD0BCFE4493253,Previously Authenticated: org.springframework.security.authentication.UsernamePasswordAuthenticationToken@3b6f3487: Principal: vn.bananavietnam.ict.common.auth.MyUser@c4907816: Username: U0000000001; Password: [PROTECTED]; Enabled: true; AccountNonExpired: true; credentialsNonExpired: true; AccountNonLocked: true; Granted Authorities: 1; Credentials: [PROTECTED]; Authenticated: true; Details: org.springframework.security.web.authentication.WebAuthenticationDetails@b364: RemoteIpAddress: 0:0:0:0:0:0:0:1; SessionId: 3335F613C1398DBD81C5D955BB5A8E35; Granted Authorities: 1
05-08-2017 14:48:45.153,DEBUG,F0AEF53EA62E8EA068CD0BCFE4493253,Voter: org.springframework.security.access.vote.RoleVoter@1b68791, returned: -1
05-08-2017 14:48:45.153,DEBUG,F0AEF53EA62E8EA068CD0BCFE4493253,Voter: org.springframework.security.access.vote.AuthenticatedVoter@1fd620c, returned: 1
05-08-2017 14:48:45.153,DEBUG,F0AEF53EA62E8EA068CD0BCFE4493253,Authorization successful
05-08-2017 14:48:45.153,DEBUG,F0AEF53EA62E8EA068CD0BCFE4493253,RunAsManager did not change Authentication object
05-08-2017 14:48:45.153,DEBUG,F0AEF53EA62E8EA068CD0BCFE4493253,/0089/searchData reached end of additional filter chain; proceeding with original chain
05-08-2017 14:48:45.153,DEBUG,F0AEF53EA62E8EA068CD0BCFE4493253,Request [/ict/0089/searchData] is not a multipart request
05-08-2017 14:48:45.153,DEBUG,F0AEF53EA62E8EA068CD0BCFE4493253,DispatcherServlet with name 'appServlet' processing POST request for [/ict/0089/searchData]
05-08-2017 14:48:45.153,DEBUG,F0AEF53EA62E8EA068CD0BCFE4493253,Looking up handler method for path /0089/searchData
05-08-2017 14:48:45.153,DEBUG,F0AEF53EA62E8EA068CD0BCFE4493253,Returning handler method [public java.util.List<vn.bananavietnam.ict.banana.component.Bnn0089SearchTaskResult> vn.bananavietnam.ict.banana.controller.Bnn0089SearchTaskController.searchData(vn.bananavietnam.ict.banana.component.Bnn0089SearchTaskConditions)]
05-08-2017 14:48:45.153,DEBUG,F0AEF53EA62E8EA068CD0BCFE4493253,Returning cached instance of singleton bean 'bnn0089SearchTaskController'
05-08-2017 14:48:45.153,DEBUG,F0AEF53EA62E8EA068CD0BCFE4493253,Returning cached instance of singleton bean 'xml_path'
05-08-2017 14:48:45.153,DEBUG,F0AEF53EA62E8EA068CD0BCFE4493253,Skip CORS processing: request is from same origin
05-08-2017 14:48:45.153,DEBUG,F0AEF53EA62E8EA068CD0BCFE4493253,Read [class vn.bananavietnam.ict.banana.component.Bnn0089SearchTaskConditions] as "application/json" with [org.springframework.http.converter.json.MappingJackson2HttpMessageConverter@1fe278e]
05-08-2017 14:48:45.154,INFO ,F0AEF53EA62E8EA068CD0BCFE4493253,U0000000001,vn.bananavietnam.ict.banana.service.Bnn0089SearchTaskService,searchData,[vn.bananavietnam.ict.banana.component.Bnn0089SearchTaskConditions@1940005] METHOD START
05-08-2017 14:48:45.154,DEBUG,F0AEF53EA62E8EA068CD0BCFE4493253,Returning cached instance of singleton bean 'transactionManager'
05-08-2017 14:48:45.154,INFO ,F0AEF53EA62E8EA068CD0BCFE4493253,U0000000001,Task searching started
05-08-2017 14:48:45.154,DEBUG,F0AEF53EA62E8EA068CD0BCFE4493253,Creating a new SqlSession
05-08-2017 14:48:45.154,DEBUG,F0AEF53EA62E8EA068CD0BCFE4493253,Registering transaction synchronization for SqlSession [org.apache.ibatis.session.defaults.DefaultSqlSession@2d7d18]
05-08-2017 14:48:45.154,DEBUG,F0AEF53EA62E8EA068CD0BCFE4493253,Fetching JDBC Connection from DataSource
05-08-2017 14:48:45.154,DEBUG,F0AEF53EA62E8EA068CD0BCFE4493253,Creating new JDBC DriverManager Connection to [jdbc:mysql://172.16.0.175:3306/BANANA_DB_HUNG_SELENIUM?useUnicode=yes&characterEncoding=UTF-8&autoReconnect=true]
05-08-2017 14:48:45.173,DEBUG,F0AEF53EA62E8EA068CD0BCFE4493253,Registering transaction synchronization for JDBC Connection
05-08-2017 14:48:45.174,DEBUG,F0AEF53EA62E8EA068CD0BCFE4493253,JDBC Connection [com.mysql.jdbc.JDBC4Connection@dd0a9e] will be managed by Spring
05-08-2017 14:48:45.174,DEBUG,F0AEF53EA62E8EA068CD0BCFE4493253,==>  Preparing: SELECT T.TASK_ID taskId, T.TASK_NAME taskName, T.WORKING_DETAILS workingDetails, T.NOTE note, T.QUARANTINE_HANDLING_FLAG quarantineHandlingFlag, T.DELETE_FLAG deleteFlag, T.CHANGE_POINT_CODE changePointCode FROM IVB_M_TASK T WHERE 1 = 1 AND T.DELETE_FLAG = '0' ORDER BY T.TASK_NAME LIMIT ?,? 
05-08-2017 14:48:45.174,DEBUG,F0AEF53EA62E8EA068CD0BCFE4493253,==> Parameters: 0(Integer), 20(Integer)
05-08-2017 14:48:45.176,DEBUG,F0AEF53EA62E8EA068CD0BCFE4493253,<==      Total: 20
05-08-2017 14:48:45.176,DEBUG,F0AEF53EA62E8EA068CD0BCFE4493253,Releasing transactional SqlSession [org.apache.ibatis.session.defaults.DefaultSqlSession@2d7d18]
05-08-2017 14:48:45.176,INFO ,F0AEF53EA62E8EA068CD0BCFE4493253,U0000000001,SQL execution finished
05-08-2017 14:48:45.176,DEBUG,F0AEF53EA62E8EA068CD0BCFE4493253,Fetched SqlSession [org.apache.ibatis.session.defaults.DefaultSqlSession@2d7d18] from current transaction
05-08-2017 14:48:45.177,DEBUG,F0AEF53EA62E8EA068CD0BCFE4493253,==>  Preparing: SELECT COUNT(*) FROM IVB_M_TASK T WHERE 1 = 1 AND T.DELETE_FLAG = '0' ORDER BY T.TASK_ID 
05-08-2017 14:48:45.177,DEBUG,F0AEF53EA62E8EA068CD0BCFE4493253,==> Parameters: 
05-08-2017 14:48:45.178,DEBUG,F0AEF53EA62E8EA068CD0BCFE4493253,<==      Total: 1
05-08-2017 14:48:45.178,DEBUG,F0AEF53EA62E8EA068CD0BCFE4493253,Releasing transactional SqlSession [org.apache.ibatis.session.defaults.DefaultSqlSession@2d7d18]
05-08-2017 14:48:45.178,INFO ,F0AEF53EA62E8EA068CD0BCFE4493253,U0000000001,Task searching finished ==> 43 item(s)
05-08-2017 14:48:45.178,DEBUG,F0AEF53EA62E8EA068CD0BCFE4493253,Transaction synchronization deregistering SqlSession [org.apache.ibatis.session.defaults.DefaultSqlSession@2d7d18]
05-08-2017 14:48:45.178,DEBUG,F0AEF53EA62E8EA068CD0BCFE4493253,Transaction synchronization closing SqlSession [org.apache.ibatis.session.defaults.DefaultSqlSession@2d7d18]
05-08-2017 14:48:45.178,DEBUG,F0AEF53EA62E8EA068CD0BCFE4493253,Returning JDBC Connection to DataSource
05-08-2017 14:48:45.178,INFO ,F0AEF53EA62E8EA068CD0BCFE4493253,U0000000001,vn.bananavietnam.ict.banana.service.Bnn0089SearchTaskService,searchData,[vn.bananavietnam.ict.banana.component.Bnn0089SearchTaskConditions@1940005] METHOD END
05-08-2017 14:48:45.179,DEBUG,F0AEF53EA62E8EA068CD0BCFE4493253,Written [[vn.bananavietnam.ict.banana.component.Bnn0089SearchTaskResult@1de4c25, vn.bananavietnam.ict.banana.component.Bnn0089SearchTaskResult@1177958, vn.bananavietnam.ict.banana.component.Bnn0089SearchTaskResult@e8b3d7, vn.bananavietnam.ict.banana.component.Bnn0089SearchTaskResult@e24807, vn.bananavietnam.ict.banana.component.Bnn0089SearchTaskResult@122879a, vn.bananavietnam.ict.banana.component.Bnn0089SearchTaskResult@133f85f, vn.bananavietnam.ict.banana.component.Bnn0089SearchTaskResult@ba8725, vn.bananavietnam.ict.banana.component.Bnn0089SearchTaskResult@ac4805, vn.bananavietnam.ict.banana.component.Bnn0089SearchTaskResult@17f0a1d, vn.bananavietnam.ict.banana.component.Bnn0089SearchTaskResult@104e92d, vn.bananavietnam.ict.banana.component.Bnn0089SearchTaskResult@1b9c687, vn.bananavietnam.ict.banana.component.Bnn0089SearchTaskResult@1694e15, vn.bananavietnam.ict.banana.component.Bnn0089SearchTaskResult@2d8087, vn.bananavietnam.ict.banana.component.Bnn0089SearchTaskResult@5e422e, vn.bananavietnam.ict.banana.component.Bnn0089SearchTaskResult@13a389c, vn.bananavietnam.ict.banana.component.Bnn0089SearchTaskResult@72d388, vn.bananavietnam.ict.banana.component.Bnn0089SearchTaskResult@475c79, vn.bananavietnam.ict.banana.component.Bnn0089SearchTaskResult@b43c2d, vn.bananavietnam.ict.banana.component.Bnn0089SearchTaskResult@3c10bf, vn.bananavietnam.ict.banana.component.Bnn0089SearchTaskResult@b269a3]] as "application/json;charset=UTF-8" using [org.springframework.http.converter.json.MappingJackson2HttpMessageConverter@1fe278e]
05-08-2017 14:48:45.179,DEBUG,F0AEF53EA62E8EA068CD0BCFE4493253,Null ModelAndView returned to DispatcherServlet with name 'appServlet': assuming HandlerAdapter completed request handling
05-08-2017 14:48:45.179,DEBUG,F0AEF53EA62E8EA068CD0BCFE4493253,Successfully completed request
05-08-2017 14:48:45.179,DEBUG,F0AEF53EA62E8EA068CD0BCFE4493253,Chain processed normally
05-08-2017 14:48:45.180,DEBUG,F0AEF53EA62E8EA068CD0BCFE4493253,SecurityContextHolder now cleared, as request processing completed
