05-08-2017 14:47:54.993,DEBUG,F0AEF53EA62E8EA068CD0BCFE4493253,/0089/searchData at position 1 of 11 in additional filter chain; firing Filter: 'SecurityContextPersistenceFilter'
05-08-2017 14:47:54.993,DEBUG,F0AEF53EA62E8EA068CD0BCFE4493253,Obtained a valid SecurityContext from SPRING_SECURITY_CONTEXT: 'org.springframework.security.core.context.SecurityContextImpl@3b6f3487: Authentication: org.springframework.security.authentication.UsernamePasswordAuthenticationToken@3b6f3487: Principal: vn.bananavietnam.ict.common.auth.MyUser@c4907816: Username: U0000000001; Password: [PROTECTED]; Enabled: true; AccountNonExpired: true; credentialsNonExpired: true; AccountNonLocked: true; Granted Authorities: 1; Credentials: [PROTECTED]; Authenticated: true; Details: org.springframework.security.web.authentication.WebAuthenticationDetails@b364: RemoteIpAddress: 0:0:0:0:0:0:0:1; SessionId: 3335F613C1398DBD81C5D955BB5A8E35; Granted Authorities: 1'
05-08-2017 14:47:54.993,DEBUG,F0AEF53EA62E8EA068CD0BCFE4493253,/0089/searchData at position 2 of 11 in additional filter chain; firing Filter: 'WebAsyncManagerIntegrationFilter'
05-08-2017 14:47:54.993,DEBUG,F0AEF53EA62E8EA068CD0BCFE4493253,/0089/searchData at position 3 of 11 in additional filter chain; firing Filter: 'LogoutFilter'
05-08-2017 14:47:54.993,DEBUG,F0AEF53EA62E8EA068CD0BCFE4493253,/0089/searchData at position 4 of 11 in additional filter chain; firing Filter: 'UsernamePasswordAuthenticationFilter'
05-08-2017 14:47:54.993,DEBUG,F0AEF53EA62E8EA068CD0BCFE4493253,/0089/searchData at position 5 of 11 in additional filter chain; firing Filter: 'BasicAuthenticationFilter'
05-08-2017 14:47:54.993,DEBUG,F0AEF53EA62E8EA068CD0BCFE4493253,/0089/searchData at position 6 of 11 in additional filter chain; firing Filter: 'RequestCacheAwareFilter'
05-08-2017 14:47:54.993,DEBUG,F0AEF53EA62E8EA068CD0BCFE4493253,/0089/searchData at position 7 of 11 in additional filter chain; firing Filter: 'SecurityContextHolderAwareRequestFilter'
05-08-2017 14:47:54.993,DEBUG,F0AEF53EA62E8EA068CD0BCFE4493253,/0089/searchData at position 8 of 11 in additional filter chain; firing Filter: 'AnonymousAuthenticationFilter'
05-08-2017 14:47:54.993,DEBUG,F0AEF53EA62E8EA068CD0BCFE4493253,SecurityContextHolder not populated with anonymous token, as it already contained: 'org.springframework.security.authentication.UsernamePasswordAuthenticationToken@3b6f3487: Principal: vn.bananavietnam.ict.common.auth.MyUser@c4907816: Username: U0000000001; Password: [PROTECTED]; Enabled: true; AccountNonExpired: true; credentialsNonExpired: true; AccountNonLocked: true; Granted Authorities: 1; Credentials: [PROTECTED]; Authenticated: true; Details: org.springframework.security.web.authentication.WebAuthenticationDetails@b364: RemoteIpAddress: 0:0:0:0:0:0:0:1; SessionId: 3335F613C1398DBD81C5D955BB5A8E35; Granted Authorities: 1'
05-08-2017 14:47:54.993,DEBUG,F0AEF53EA62E8EA068CD0BCFE4493253,/0089/searchData at position 9 of 11 in additional filter chain; firing Filter: 'SessionManagementFilter'
05-08-2017 14:47:54.993,DEBUG,F0AEF53EA62E8EA068CD0BCFE4493253,/0089/searchData at position 10 of 11 in additional filter chain; firing Filter: 'ExceptionTranslationFilter'
05-08-2017 14:47:54.993,DEBUG,F0AEF53EA62E8EA068CD0BCFE4493253,/0089/searchData at position 11 of 11 in additional filter chain; firing Filter: 'FilterSecurityInterceptor'
05-08-2017 14:47:54.994,DEBUG,F0AEF53EA62E8EA068CD0BCFE4493253,Checking match of request : '/0089/searchdata'; against '/autherror*'
05-08-2017 14:47:54.994,DEBUG,F0AEF53EA62E8EA068CD0BCFE4493253,Checking match of request : '/0089/searchdata'; against '/login/**'
05-08-2017 14:47:54.994,DEBUG,F0AEF53EA62E8EA068CD0BCFE4493253,Checking match of request : '/0089/searchdata'; against '/0001/**'
05-08-2017 14:47:54.994,DEBUG,F0AEF53EA62E8EA068CD0BCFE4493253,Checking match of request : '/0089/searchdata'; against '/0002/**'
05-08-2017 14:47:54.994,DEBUG,F0AEF53EA62E8EA068CD0BCFE4493253,Checking match of request : '/0089/searchdata'; against '/0003/**'
05-08-2017 14:47:54.994,DEBUG,F0AEF53EA62E8EA068CD0BCFE4493253,Checking match of request : '/0089/searchdata'; against '/searchuserpopup/**'
05-08-2017 14:47:54.994,DEBUG,F0AEF53EA62E8EA068CD0BCFE4493253,Checking match of request : '/0089/searchdata'; against '/0005/**'
05-08-2017 14:47:54.995,DEBUG,F0AEF53EA62E8EA068CD0BCFE4493253,Checking match of request : '/0089/searchdata'; against '/0009/**'
05-08-2017 14:47:54.995,DEBUG,F0AEF53EA62E8EA068CD0BCFE4493253,Checking match of request : '/0089/searchdata'; against '/searchline/**'
05-08-2017 14:47:54.995,DEBUG,F0AEF53EA62E8EA068CD0BCFE4493253,Checking match of request : '/0089/searchdata'; against '/0013/**'
05-08-2017 14:47:54.995,DEBUG,F0AEF53EA62E8EA068CD0BCFE4493253,Checking match of request : '/0089/searchdata'; against '/0017/**'
05-08-2017 14:47:54.995,DEBUG,F0AEF53EA62E8EA068CD0BCFE4493253,Checking match of request : '/0089/searchdata'; against '/0031/**'
05-08-2017 14:47:54.995,DEBUG,F0AEF53EA62E8EA068CD0BCFE4493253,Checking match of request : '/0089/searchdata'; against '/0035/**'
05-08-2017 14:47:54.995,DEBUG,F0AEF53EA62E8EA068CD0BCFE4493253,Checking match of request : '/0089/searchdata'; against '/0037/**'
05-08-2017 14:47:54.995,DEBUG,F0AEF53EA62E8EA068CD0BCFE4493253,Checking match of request : '/0089/searchdata'; against '/0045/**'
05-08-2017 14:47:54.995,DEBUG,F0AEF53EA62E8EA068CD0BCFE4493253,Checking match of request : '/0089/searchdata'; against '/0047/**'
05-08-2017 14:47:54.995,DEBUG,F0AEF53EA62E8EA068CD0BCFE4493253,Checking match of request : '/0089/searchdata'; against '/0049/**'
05-08-2017 14:47:54.995,DEBUG,F0AEF53EA62E8EA068CD0BCFE4493253,Checking match of request : '/0089/searchdata'; against '/0061/**'
05-08-2017 14:47:54.995,DEBUG,F0AEF53EA62E8EA068CD0BCFE4493253,Checking match of request : '/0089/searchdata'; against '/0087/**'
05-08-2017 14:47:54.995,DEBUG,F0AEF53EA62E8EA068CD0BCFE4493253,Checking match of request : '/0089/searchdata'; against '/0075/**'
05-08-2017 14:47:54.995,DEBUG,F0AEF53EA62E8EA068CD0BCFE4493253,Checking match of request : '/0089/searchdata'; against '/0089/**'
05-08-2017 14:47:54.995,DEBUG,F0AEF53EA62E8EA068CD0BCFE4493253,Secure object: FilterInvocation: URL: /0089/searchData; Attributes: [ROLE_ADMIN, ROLE_USER, IS_AUTHENTICATED_FULLY]
05-08-2017 14:47:54.995,DEBUG,F0AEF53EA62E8EA068CD0BCFE4493253,Previously Authenticated: org.springframework.security.authentication.UsernamePasswordAuthenticationToken@3b6f3487: Principal: vn.bananavietnam.ict.common.auth.MyUser@c4907816: Username: U0000000001; Password: [PROTECTED]; Enabled: true; AccountNonExpired: true; credentialsNonExpired: true; AccountNonLocked: true; Granted Authorities: 1; Credentials: [PROTECTED]; Authenticated: true; Details: org.springframework.security.web.authentication.WebAuthenticationDetails@b364: RemoteIpAddress: 0:0:0:0:0:0:0:1; SessionId: 3335F613C1398DBD81C5D955BB5A8E35; Granted Authorities: 1
05-08-2017 14:47:54.995,DEBUG,F0AEF53EA62E8EA068CD0BCFE4493253,Voter: org.springframework.security.access.vote.RoleVoter@1b68791, returned: -1
05-08-2017 14:47:54.995,DEBUG,F0AEF53EA62E8EA068CD0BCFE4493253,Voter: org.springframework.security.access.vote.AuthenticatedVoter@1fd620c, returned: 1
05-08-2017 14:47:54.995,DEBUG,F0AEF53EA62E8EA068CD0BCFE4493253,Authorization successful
05-08-2017 14:47:54.995,DEBUG,F0AEF53EA62E8EA068CD0BCFE4493253,RunAsManager did not change Authentication object
05-08-2017 14:47:54.995,DEBUG,F0AEF53EA62E8EA068CD0BCFE4493253,/0089/searchData reached end of additional filter chain; proceeding with original chain
05-08-2017 14:47:54.995,DEBUG,F0AEF53EA62E8EA068CD0BCFE4493253,Request [/ict/0089/searchData] is not a multipart request
05-08-2017 14:47:54.995,DEBUG,F0AEF53EA62E8EA068CD0BCFE4493253,DispatcherServlet with name 'appServlet' processing POST request for [/ict/0089/searchData]
05-08-2017 14:47:54.995,DEBUG,F0AEF53EA62E8EA068CD0BCFE4493253,Looking up handler method for path /0089/searchData
05-08-2017 14:47:54.996,DEBUG,F0AEF53EA62E8EA068CD0BCFE4493253,Returning handler method [public java.util.List<vn.bananavietnam.ict.banana.component.Bnn0089SearchTaskResult> vn.bananavietnam.ict.banana.controller.Bnn0089SearchTaskController.searchData(vn.bananavietnam.ict.banana.component.Bnn0089SearchTaskConditions)]
05-08-2017 14:47:54.996,DEBUG,F0AEF53EA62E8EA068CD0BCFE4493253,Returning cached instance of singleton bean 'bnn0089SearchTaskController'
05-08-2017 14:47:54.996,DEBUG,F0AEF53EA62E8EA068CD0BCFE4493253,Returning cached instance of singleton bean 'xml_path'
05-08-2017 14:47:54.996,DEBUG,F0AEF53EA62E8EA068CD0BCFE4493253,Skip CORS processing: request is from same origin
05-08-2017 14:47:54.997,DEBUG,F0AEF53EA62E8EA068CD0BCFE4493253,Read [class vn.bananavietnam.ict.banana.component.Bnn0089SearchTaskConditions] as "application/json" with [org.springframework.http.converter.json.MappingJackson2HttpMessageConverter@1fe278e]
05-08-2017 14:47:54.997,INFO ,F0AEF53EA62E8EA068CD0BCFE4493253,U0000000001,vn.bananavietnam.ict.banana.service.Bnn0089SearchTaskService,searchData,[vn.bananavietnam.ict.banana.component.Bnn0089SearchTaskConditions@1328317] METHOD START
05-08-2017 14:47:54.997,DEBUG,F0AEF53EA62E8EA068CD0BCFE4493253,Returning cached instance of singleton bean 'transactionManager'
05-08-2017 14:47:54.997,INFO ,F0AEF53EA62E8EA068CD0BCFE4493253,U0000000001,Task searching started
05-08-2017 14:47:54.997,DEBUG,F0AEF53EA62E8EA068CD0BCFE4493253,Creating a new SqlSession
05-08-2017 14:47:54.997,DEBUG,F0AEF53EA62E8EA068CD0BCFE4493253,Registering transaction synchronization for SqlSession [org.apache.ibatis.session.defaults.DefaultSqlSession@19f382f]
05-08-2017 14:47:54.997,DEBUG,F0AEF53EA62E8EA068CD0BCFE4493253,Fetching JDBC Connection from DataSource
05-08-2017 14:47:54.997,DEBUG,F0AEF53EA62E8EA068CD0BCFE4493253,Creating new JDBC DriverManager Connection to [jdbc:mysql://172.16.0.175:3306/BANANA_DB_HUNG_SELENIUM?useUnicode=yes&characterEncoding=UTF-8&autoReconnect=true]
05-08-2017 14:47:55.014,DEBUG,F0AEF53EA62E8EA068CD0BCFE4493253,Registering transaction synchronization for JDBC Connection
05-08-2017 14:47:55.014,DEBUG,F0AEF53EA62E8EA068CD0BCFE4493253,JDBC Connection [com.mysql.jdbc.JDBC4Connection@1c5b58a] will be managed by Spring
05-08-2017 14:47:55.014,DEBUG,F0AEF53EA62E8EA068CD0BCFE4493253,==>  Preparing: SELECT T.TASK_ID taskId, T.TASK_NAME taskName, T.WORKING_DETAILS workingDetails, T.NOTE note, T.QUARANTINE_HANDLING_FLAG quarantineHandlingFlag, T.DELETE_FLAG deleteFlag, T.CHANGE_POINT_CODE changePointCode FROM IVB_M_TASK T WHERE 1 = 1 AND T.TASK_NAME LIKE ? AND T.DELETE_FLAG = '0' ORDER BY T.TASK_NAME LIMIT ?,? 
05-08-2017 14:47:55.014,DEBUG,F0AEF53EA62E8EA068CD0BCFE4493253,==> Parameters: %‐斑葉病%(String), 0(Integer), 20(Integer)
05-08-2017 14:47:55.016,DEBUG,F0AEF53EA62E8EA068CD0BCFE4493253,<==      Total: 1
05-08-2017 14:47:55.016,DEBUG,F0AEF53EA62E8EA068CD0BCFE4493253,Releasing transactional SqlSession [org.apache.ibatis.session.defaults.DefaultSqlSession@19f382f]
05-08-2017 14:47:55.016,INFO ,F0AEF53EA62E8EA068CD0BCFE4493253,U0000000001,SQL execution finished
05-08-2017 14:47:55.016,DEBUG,F0AEF53EA62E8EA068CD0BCFE4493253,Fetched SqlSession [org.apache.ibatis.session.defaults.DefaultSqlSession@19f382f] from current transaction
05-08-2017 14:47:55.016,DEBUG,F0AEF53EA62E8EA068CD0BCFE4493253,==>  Preparing: SELECT COUNT(*) FROM IVB_M_TASK T WHERE 1 = 1 AND T.TASK_NAME LIKE ? AND T.DELETE_FLAG = '0' ORDER BY T.TASK_ID 
05-08-2017 14:47:55.016,DEBUG,F0AEF53EA62E8EA068CD0BCFE4493253,==> Parameters: %‐斑葉病%(String)
05-08-2017 14:47:55.017,DEBUG,F0AEF53EA62E8EA068CD0BCFE4493253,<==      Total: 1
05-08-2017 14:47:55.017,DEBUG,F0AEF53EA62E8EA068CD0BCFE4493253,Releasing transactional SqlSession [org.apache.ibatis.session.defaults.DefaultSqlSession@19f382f]
05-08-2017 14:47:55.017,INFO ,F0AEF53EA62E8EA068CD0BCFE4493253,U0000000001,Task searching finished ==> 1 item(s)
05-08-2017 14:47:55.018,DEBUG,F0AEF53EA62E8EA068CD0BCFE4493253,Transaction synchronization deregistering SqlSession [org.apache.ibatis.session.defaults.DefaultSqlSession@19f382f]
05-08-2017 14:47:55.018,DEBUG,F0AEF53EA62E8EA068CD0BCFE4493253,Transaction synchronization closing SqlSession [org.apache.ibatis.session.defaults.DefaultSqlSession@19f382f]
05-08-2017 14:47:55.018,DEBUG,F0AEF53EA62E8EA068CD0BCFE4493253,Returning JDBC Connection to DataSource
05-08-2017 14:47:55.018,INFO ,F0AEF53EA62E8EA068CD0BCFE4493253,U0000000001,vn.bananavietnam.ict.banana.service.Bnn0089SearchTaskService,searchData,[vn.bananavietnam.ict.banana.component.Bnn0089SearchTaskConditions@1328317] METHOD END
05-08-2017 14:47:55.020,DEBUG,F0AEF53EA62E8EA068CD0BCFE4493253,Written [[vn.bananavietnam.ict.banana.component.Bnn0089SearchTaskResult@16b699b]] as "application/json;charset=UTF-8" using [org.springframework.http.converter.json.MappingJackson2HttpMessageConverter@1fe278e]
05-08-2017 14:47:55.020,DEBUG,F0AEF53EA62E8EA068CD0BCFE4493253,Null ModelAndView returned to DispatcherServlet with name 'appServlet': assuming HandlerAdapter completed request handling
05-08-2017 14:47:55.020,DEBUG,F0AEF53EA62E8EA068CD0BCFE4493253,Successfully completed request
05-08-2017 14:47:55.020,DEBUG,F0AEF53EA62E8EA068CD0BCFE4493253,Chain processed normally
05-08-2017 14:47:55.020,DEBUG,F0AEF53EA62E8EA068CD0BCFE4493253,SecurityContextHolder now cleared, as request processing completed
05-08-2017 14:47:55.029,DEBUG,F0AEF53EA62E8EA068CD0BCFE4493253,/resources/img/ic_last_dis.png at position 1 of 11 in additional filter chain; firing Filter: 'SecurityContextPersistenceFilter'
05-08-2017 14:47:55.029,DEBUG,F0AEF53EA62E8EA068CD0BCFE4493253,Obtained a valid SecurityContext from SPRING_SECURITY_CONTEXT: 'org.springframework.security.core.context.SecurityContextImpl@3b6f3487: Authentication: org.springframework.security.authentication.UsernamePasswordAuthenticationToken@3b6f3487: Principal: vn.bananavietnam.ict.common.auth.MyUser@c4907816: Username: U0000000001; Password: [PROTECTED]; Enabled: true; AccountNonExpired: true; credentialsNonExpired: true; AccountNonLocked: true; Granted Authorities: 1; Credentials: [PROTECTED]; Authenticated: true; Details: org.springframework.security.web.authentication.WebAuthenticationDetails@b364: RemoteIpAddress: 0:0:0:0:0:0:0:1; SessionId: 3335F613C1398DBD81C5D955BB5A8E35; Granted Authorities: 1'
05-08-2017 14:47:55.029,DEBUG,F0AEF53EA62E8EA068CD0BCFE4493253,/resources/img/ic_last_dis.png at position 2 of 11 in additional filter chain; firing Filter: 'WebAsyncManagerIntegrationFilter'
05-08-2017 14:47:55.029,DEBUG,F0AEF53EA62E8EA068CD0BCFE4493253,/resources/img/ic_last_dis.png at position 3 of 11 in additional filter chain; firing Filter: 'LogoutFilter'
05-08-2017 14:47:55.029,DEBUG,F0AEF53EA62E8EA068CD0BCFE4493253,/resources/img/ic_last_dis.png at position 4 of 11 in additional filter chain; firing Filter: 'UsernamePasswordAuthenticationFilter'
05-08-2017 14:47:55.030,DEBUG,F0AEF53EA62E8EA068CD0BCFE4493253,/resources/img/ic_last_dis.png at position 5 of 11 in additional filter chain; firing Filter: 'BasicAuthenticationFilter'
05-08-2017 14:47:55.030,DEBUG,F0AEF53EA62E8EA068CD0BCFE4493253,/resources/img/ic_last_dis.png at position 6 of 11 in additional filter chain; firing Filter: 'RequestCacheAwareFilter'
05-08-2017 14:47:55.030,DEBUG,F0AEF53EA62E8EA068CD0BCFE4493253,/resources/img/ic_last_dis.png at position 7 of 11 in additional filter chain; firing Filter: 'SecurityContextHolderAwareRequestFilter'
05-08-2017 14:47:55.030,DEBUG,F0AEF53EA62E8EA068CD0BCFE4493253,/resources/img/ic_last_dis.png at position 8 of 11 in additional filter chain; firing Filter: 'AnonymousAuthenticationFilter'
05-08-2017 14:47:55.030,DEBUG,F0AEF53EA62E8EA068CD0BCFE4493253,SecurityContextHolder not populated with anonymous token, as it already contained: 'org.springframework.security.authentication.UsernamePasswordAuthenticationToken@3b6f3487: Principal: vn.bananavietnam.ict.common.auth.MyUser@c4907816: Username: U0000000001; Password: [PROTECTED]; Enabled: true; AccountNonExpired: true; credentialsNonExpired: true; AccountNonLocked: true; Granted Authorities: 1; Credentials: [PROTECTED]; Authenticated: true; Details: org.springframework.security.web.authentication.WebAuthenticationDetails@b364: RemoteIpAddress: 0:0:0:0:0:0:0:1; SessionId: 3335F613C1398DBD81C5D955BB5A8E35; Granted Authorities: 1'
05-08-2017 14:47:55.030,DEBUG,F0AEF53EA62E8EA068CD0BCFE4493253,/resources/img/ic_last_dis.png at position 9 of 11 in additional filter chain; firing Filter: 'SessionManagementFilter'
05-08-2017 14:47:55.030,DEBUG,F0AEF53EA62E8EA068CD0BCFE4493253,/resources/img/ic_last_dis.png at position 10 of 11 in additional filter chain; firing Filter: 'ExceptionTranslationFilter'
05-08-2017 14:47:55.030,DEBUG,F0AEF53EA62E8EA068CD0BCFE4493253,/resources/img/ic_last_dis.png at position 11 of 11 in additional filter chain; firing Filter: 'FilterSecurityInterceptor'
05-08-2017 14:47:55.030,DEBUG,F0AEF53EA62E8EA068CD0BCFE4493253,Checking match of request : '/resources/img/ic_last_dis.png'; against '/autherror*'
05-08-2017 14:47:55.030,DEBUG,F0AEF53EA62E8EA068CD0BCFE4493253,Checking match of request : '/resources/img/ic_last_dis.png'; against '/login/**'
05-08-2017 14:47:55.030,DEBUG,F0AEF53EA62E8EA068CD0BCFE4493253,Checking match of request : '/resources/img/ic_last_dis.png'; against '/0001/**'
05-08-2017 14:47:55.030,DEBUG,F0AEF53EA62E8EA068CD0BCFE4493253,Checking match of request : '/resources/img/ic_last_dis.png'; against '/0002/**'
05-08-2017 14:47:55.030,DEBUG,F0AEF53EA62E8EA068CD0BCFE4493253,Checking match of request : '/resources/img/ic_last_dis.png'; against '/0003/**'
05-08-2017 14:47:55.031,DEBUG,F0AEF53EA62E8EA068CD0BCFE4493253,Checking match of request : '/resources/img/ic_last_dis.png'; against '/searchuserpopup/**'
05-08-2017 14:47:55.031,DEBUG,F0AEF53EA62E8EA068CD0BCFE4493253,Checking match of request : '/resources/img/ic_last_dis.png'; against '/0005/**'
05-08-2017 14:47:55.031,DEBUG,F0AEF53EA62E8EA068CD0BCFE4493253,Checking match of request : '/resources/img/ic_last_dis.png'; against '/0009/**'
05-08-2017 14:47:55.031,DEBUG,F0AEF53EA62E8EA068CD0BCFE4493253,Checking match of request : '/resources/img/ic_last_dis.png'; against '/searchline/**'
05-08-2017 14:47:55.031,DEBUG,F0AEF53EA62E8EA068CD0BCFE4493253,Checking match of request : '/resources/img/ic_last_dis.png'; against '/0013/**'
05-08-2017 14:47:55.031,DEBUG,F0AEF53EA62E8EA068CD0BCFE4493253,Checking match of request : '/resources/img/ic_last_dis.png'; against '/0017/**'
05-08-2017 14:47:55.031,DEBUG,F0AEF53EA62E8EA068CD0BCFE4493253,Checking match of request : '/resources/img/ic_last_dis.png'; against '/0031/**'
05-08-2017 14:47:55.031,DEBUG,F0AEF53EA62E8EA068CD0BCFE4493253,Checking match of request : '/resources/img/ic_last_dis.png'; against '/0035/**'
05-08-2017 14:47:55.031,DEBUG,F0AEF53EA62E8EA068CD0BCFE4493253,Checking match of request : '/resources/img/ic_last_dis.png'; against '/0037/**'
05-08-2017 14:47:55.031,DEBUG,F0AEF53EA62E8EA068CD0BCFE4493253,Checking match of request : '/resources/img/ic_last_dis.png'; against '/0045/**'
05-08-2017 14:47:55.031,DEBUG,F0AEF53EA62E8EA068CD0BCFE4493253,Checking match of request : '/resources/img/ic_last_dis.png'; against '/0047/**'
05-08-2017 14:47:55.031,DEBUG,F0AEF53EA62E8EA068CD0BCFE4493253,Checking match of request : '/resources/img/ic_last_dis.png'; against '/0049/**'
05-08-2017 14:47:55.031,DEBUG,F0AEF53EA62E8EA068CD0BCFE4493253,Checking match of request : '/resources/img/ic_last_dis.png'; against '/0061/**'
05-08-2017 14:47:55.031,DEBUG,F0AEF53EA62E8EA068CD0BCFE4493253,Checking match of request : '/resources/img/ic_last_dis.png'; against '/0087/**'
05-08-2017 14:47:55.031,DEBUG,F0AEF53EA62E8EA068CD0BCFE4493253,Checking match of request : '/resources/img/ic_last_dis.png'; against '/0075/**'
05-08-2017 14:47:55.031,DEBUG,F0AEF53EA62E8EA068CD0BCFE4493253,Checking match of request : '/resources/img/ic_last_dis.png'; against '/0089/**'
05-08-2017 14:47:55.031,DEBUG,F0AEF53EA62E8EA068CD0BCFE4493253,Checking match of request : '/resources/img/ic_last_dis.png'; against '/0090/**'
05-08-2017 14:47:55.031,DEBUG,F0AEF53EA62E8EA068CD0BCFE4493253,Checking match of request : '/resources/img/ic_last_dis.png'; against '/0091/**'
05-08-2017 14:47:55.031,DEBUG,F0AEF53EA62E8EA068CD0BCFE4493253,Checking match of request : '/resources/img/ic_last_dis.png'; against '/0092/**'
05-08-2017 14:47:55.031,DEBUG,F0AEF53EA62E8EA068CD0BCFE4493253,Checking match of request : '/resources/img/ic_last_dis.png'; against '/0095/**'
05-08-2017 14:47:55.031,DEBUG,F0AEF53EA62E8EA068CD0BCFE4493253,Secure object: FilterInvocation: URL: /resources/img/ic_last_dis.png; Attributes: [IS_AUTHENTICATED_ANONYMOUSLY]
05-08-2017 14:47:55.031,DEBUG,F0AEF53EA62E8EA068CD0BCFE4493253,Previously Authenticated: org.springframework.security.authentication.UsernamePasswordAuthenticationToken@3b6f3487: Principal: vn.bananavietnam.ict.common.auth.MyUser@c4907816: Username: U0000000001; Password: [PROTECTED]; Enabled: true; AccountNonExpired: true; credentialsNonExpired: true; AccountNonLocked: true; Granted Authorities: 1; Credentials: [PROTECTED]; Authenticated: true; Details: org.springframework.security.web.authentication.WebAuthenticationDetails@b364: RemoteIpAddress: 0:0:0:0:0:0:0:1; SessionId: 3335F613C1398DBD81C5D955BB5A8E35; Granted Authorities: 1
05-08-2017 14:47:55.031,DEBUG,F0AEF53EA62E8EA068CD0BCFE4493253,Voter: org.springframework.security.access.vote.RoleVoter@1b68791, returned: 0
05-08-2017 14:47:55.031,DEBUG,F0AEF53EA62E8EA068CD0BCFE4493253,Voter: org.springframework.security.access.vote.AuthenticatedVoter@1fd620c, returned: 1
05-08-2017 14:47:55.031,DEBUG,F0AEF53EA62E8EA068CD0BCFE4493253,Authorization successful
05-08-2017 14:47:55.031,DEBUG,F0AEF53EA62E8EA068CD0BCFE4493253,RunAsManager did not change Authentication object
05-08-2017 14:47:55.032,DEBUG,F0AEF53EA62E8EA068CD0BCFE4493253,/resources/img/ic_last_dis.png reached end of additional filter chain; proceeding with original chain
05-08-2017 14:47:55.032,DEBUG,F0AEF53EA62E8EA068CD0BCFE4493253,Request [/ict/resources/img/ic_last_dis.png] is not a multipart request
05-08-2017 14:47:55.032,DEBUG,F0AEF53EA62E8EA068CD0BCFE4493253,DispatcherServlet with name 'appServlet' processing GET request for [/ict/resources/img/ic_last_dis.png]
05-08-2017 14:47:55.032,DEBUG,F0AEF53EA62E8EA068CD0BCFE4493253,Looking up handler method for path /resources/img/ic_last_dis.png
05-08-2017 14:47:55.033,DEBUG,F0AEF53EA62E8EA068CD0BCFE4493253,Did not find handler method for [/resources/img/ic_last_dis.png]
05-08-2017 14:47:55.033,DEBUG,F0AEF53EA62E8EA068CD0BCFE4493253,Matching patterns for request [/resources/img/ic_last_dis.png] are [/resources/**]
05-08-2017 14:47:55.033,DEBUG,F0AEF53EA62E8EA068CD0BCFE4493253,URI Template variables for request [/resources/img/ic_last_dis.png] are {}
05-08-2017 14:47:55.033,DEBUG,F0AEF53EA62E8EA068CD0BCFE4493253,Mapping [/resources/img/ic_last_dis.png] to HandlerExecutionChain with handler [ResourceHttpRequestHandler [locations=[ServletContext resource [/resources/]], resolvers=[org.springframework.web.servlet.resource.PathResourceResolver@1e41c58]]] and 1 interceptor
05-08-2017 14:47:55.035,DEBUG,F0AEF53EA62E8EA068CD0BCFE4493253,Last-Modified value for [/ict/resources/img/ic_last_dis.png] is: -1
05-08-2017 14:47:55.036,DEBUG,F0AEF53EA62E8EA068CD0BCFE4493253,Returning cached instance of singleton bean 'xml_path'
05-08-2017 14:47:55.035,DEBUG,F0AEF53EA62E8EA068CD0BCFE4493253,/resources/img/ic_next_dis.png at position 1 of 11 in additional filter chain; firing Filter: 'SecurityContextPersistenceFilter'
05-08-2017 14:47:55.036,DEBUG,F0AEF53EA62E8EA068CD0BCFE4493253,Obtained a valid SecurityContext from SPRING_SECURITY_CONTEXT: 'org.springframework.security.core.context.SecurityContextImpl@3b6f3487: Authentication: org.springframework.security.authentication.UsernamePasswordAuthenticationToken@3b6f3487: Principal: vn.bananavietnam.ict.common.auth.MyUser@c4907816: Username: U0000000001; Password: [PROTECTED]; Enabled: true; AccountNonExpired: true; credentialsNonExpired: true; AccountNonLocked: true; Granted Authorities: 1; Credentials: [PROTECTED]; Authenticated: true; Details: org.springframework.security.web.authentication.WebAuthenticationDetails@b364: RemoteIpAddress: 0:0:0:0:0:0:0:1; SessionId: 3335F613C1398DBD81C5D955BB5A8E35; Granted Authorities: 1'
05-08-2017 14:47:55.036,DEBUG,F0AEF53EA62E8EA068CD0BCFE4493253,/resources/img/ic_next_dis.png at position 2 of 11 in additional filter chain; firing Filter: 'WebAsyncManagerIntegrationFilter'
05-08-2017 14:47:55.036,DEBUG,F0AEF53EA62E8EA068CD0BCFE4493253,/resources/img/ic_next_dis.png at position 3 of 11 in additional filter chain; firing Filter: 'LogoutFilter'
05-08-2017 14:47:55.036,DEBUG,F0AEF53EA62E8EA068CD0BCFE4493253,/resources/img/ic_next_dis.png at position 4 of 11 in additional filter chain; firing Filter: 'UsernamePasswordAuthenticationFilter'
05-08-2017 14:47:55.036,DEBUG,F0AEF53EA62E8EA068CD0BCFE4493253,/resources/img/ic_next_dis.png at position 5 of 11 in additional filter chain; firing Filter: 'BasicAuthenticationFilter'
05-08-2017 14:47:55.036,DEBUG,F0AEF53EA62E8EA068CD0BCFE4493253,/resources/img/ic_next_dis.png at position 6 of 11 in additional filter chain; firing Filter: 'RequestCacheAwareFilter'
05-08-2017 14:47:55.036,DEBUG,F0AEF53EA62E8EA068CD0BCFE4493253,/resources/img/ic_next_dis.png at position 7 of 11 in additional filter chain; firing Filter: 'SecurityContextHolderAwareRequestFilter'
05-08-2017 14:47:55.036,DEBUG,F0AEF53EA62E8EA068CD0BCFE4493253,/resources/img/ic_next_dis.png at position 8 of 11 in additional filter chain; firing Filter: 'AnonymousAuthenticationFilter'
05-08-2017 14:47:55.036,DEBUG,F0AEF53EA62E8EA068CD0BCFE4493253,SecurityContextHolder not populated with anonymous token, as it already contained: 'org.springframework.security.authentication.UsernamePasswordAuthenticationToken@3b6f3487: Principal: vn.bananavietnam.ict.common.auth.MyUser@c4907816: Username: U0000000001; Password: [PROTECTED]; Enabled: true; AccountNonExpired: true; credentialsNonExpired: true; AccountNonLocked: true; Granted Authorities: 1; Credentials: [PROTECTED]; Authenticated: true; Details: org.springframework.security.web.authentication.WebAuthenticationDetails@b364: RemoteIpAddress: 0:0:0:0:0:0:0:1; SessionId: 3335F613C1398DBD81C5D955BB5A8E35; Granted Authorities: 1'
05-08-2017 14:47:55.037,DEBUG,F0AEF53EA62E8EA068CD0BCFE4493253,/resources/img/ic_next_dis.png at position 9 of 11 in additional filter chain; firing Filter: 'SessionManagementFilter'
05-08-2017 14:47:55.037,DEBUG,F0AEF53EA62E8EA068CD0BCFE4493253,/resources/img/ic_next_dis.png at position 10 of 11 in additional filter chain; firing Filter: 'ExceptionTranslationFilter'
05-08-2017 14:47:55.037,DEBUG,F0AEF53EA62E8EA068CD0BCFE4493253,/resources/img/ic_next_dis.png at position 11 of 11 in additional filter chain; firing Filter: 'FilterSecurityInterceptor'
05-08-2017 14:47:55.037,DEBUG,F0AEF53EA62E8EA068CD0BCFE4493253,Checking match of request : '/resources/img/ic_next_dis.png'; against '/autherror*'
05-08-2017 14:47:55.037,DEBUG,F0AEF53EA62E8EA068CD0BCFE4493253,Checking match of request : '/resources/img/ic_next_dis.png'; against '/login/**'
05-08-2017 14:47:55.037,DEBUG,F0AEF53EA62E8EA068CD0BCFE4493253,Checking match of request : '/resources/img/ic_next_dis.png'; against '/0001/**'
05-08-2017 14:47:55.037,DEBUG,F0AEF53EA62E8EA068CD0BCFE4493253,Checking match of request : '/resources/img/ic_next_dis.png'; against '/0002/**'
05-08-2017 14:47:55.037,DEBUG,F0AEF53EA62E8EA068CD0BCFE4493253,Checking match of request : '/resources/img/ic_next_dis.png'; against '/0003/**'
05-08-2017 14:47:55.037,DEBUG,F0AEF53EA62E8EA068CD0BCFE4493253,Checking match of request : '/resources/img/ic_next_dis.png'; against '/searchuserpopup/**'
05-08-2017 14:47:55.037,DEBUG,F0AEF53EA62E8EA068CD0BCFE4493253,Checking match of request : '/resources/img/ic_next_dis.png'; against '/0005/**'
05-08-2017 14:47:55.037,DEBUG,F0AEF53EA62E8EA068CD0BCFE4493253,Checking match of request : '/resources/img/ic_next_dis.png'; against '/0009/**'
05-08-2017 14:47:55.037,DEBUG,F0AEF53EA62E8EA068CD0BCFE4493253,Checking match of request : '/resources/img/ic_next_dis.png'; against '/searchline/**'
05-08-2017 14:47:55.037,DEBUG,F0AEF53EA62E8EA068CD0BCFE4493253,Checking match of request : '/resources/img/ic_next_dis.png'; against '/0013/**'
05-08-2017 14:47:55.037,DEBUG,F0AEF53EA62E8EA068CD0BCFE4493253,Checking match of request : '/resources/img/ic_next_dis.png'; against '/0017/**'
05-08-2017 14:47:55.037,DEBUG,F0AEF53EA62E8EA068CD0BCFE4493253,Checking match of request : '/resources/img/ic_next_dis.png'; against '/0031/**'
05-08-2017 14:47:55.037,DEBUG,F0AEF53EA62E8EA068CD0BCFE4493253,Checking match of request : '/resources/img/ic_next_dis.png'; against '/0035/**'
05-08-2017 14:47:55.037,DEBUG,F0AEF53EA62E8EA068CD0BCFE4493253,Checking match of request : '/resources/img/ic_next_dis.png'; against '/0037/**'
05-08-2017 14:47:55.037,DEBUG,F0AEF53EA62E8EA068CD0BCFE4493253,Checking match of request : '/resources/img/ic_next_dis.png'; against '/0045/**'
05-08-2017 14:47:55.037,DEBUG,F0AEF53EA62E8EA068CD0BCFE4493253,Checking match of request : '/resources/img/ic_next_dis.png'; against '/0047/**'
05-08-2017 14:47:55.037,DEBUG,F0AEF53EA62E8EA068CD0BCFE4493253,Checking match of request : '/resources/img/ic_next_dis.png'; against '/0049/**'
05-08-2017 14:47:55.037,DEBUG,F0AEF53EA62E8EA068CD0BCFE4493253,Checking match of request : '/resources/img/ic_next_dis.png'; against '/0061/**'
05-08-2017 14:47:55.037,DEBUG,F0AEF53EA62E8EA068CD0BCFE4493253,Checking match of request : '/resources/img/ic_next_dis.png'; against '/0087/**'
05-08-2017 14:47:55.037,DEBUG,F0AEF53EA62E8EA068CD0BCFE4493253,Checking match of request : '/resources/img/ic_next_dis.png'; against '/0075/**'
05-08-2017 14:47:55.037,DEBUG,F0AEF53EA62E8EA068CD0BCFE4493253,Checking match of request : '/resources/img/ic_next_dis.png'; against '/0089/**'
05-08-2017 14:47:55.037,DEBUG,F0AEF53EA62E8EA068CD0BCFE4493253,Checking match of request : '/resources/img/ic_next_dis.png'; against '/0090/**'
05-08-2017 14:47:55.037,DEBUG,F0AEF53EA62E8EA068CD0BCFE4493253,Checking match of request : '/resources/img/ic_next_dis.png'; against '/0091/**'
05-08-2017 14:47:55.037,DEBUG,F0AEF53EA62E8EA068CD0BCFE4493253,Checking match of request : '/resources/img/ic_next_dis.png'; against '/0092/**'
05-08-2017 14:47:55.037,DEBUG,F0AEF53EA62E8EA068CD0BCFE4493253,Checking match of request : '/resources/img/ic_next_dis.png'; against '/0095/**'
05-08-2017 14:47:55.037,DEBUG,F0AEF53EA62E8EA068CD0BCFE4493253,Secure object: FilterInvocation: URL: /resources/img/ic_next_dis.png; Attributes: [IS_AUTHENTICATED_ANONYMOUSLY]
05-08-2017 14:47:55.037,DEBUG,F0AEF53EA62E8EA068CD0BCFE4493253,Previously Authenticated: org.springframework.security.authentication.UsernamePasswordAuthenticationToken@3b6f3487: Principal: vn.bananavietnam.ict.common.auth.MyUser@c4907816: Username: U0000000001; Password: [PROTECTED]; Enabled: true; AccountNonExpired: true; credentialsNonExpired: true; AccountNonLocked: true; Granted Authorities: 1; Credentials: [PROTECTED]; Authenticated: true; Details: org.springframework.security.web.authentication.WebAuthenticationDetails@b364: RemoteIpAddress: 0:0:0:0:0:0:0:1; SessionId: 3335F613C1398DBD81C5D955BB5A8E35; Granted Authorities: 1
05-08-2017 14:47:55.038,DEBUG,F0AEF53EA62E8EA068CD0BCFE4493253,Voter: org.springframework.security.access.vote.RoleVoter@1b68791, returned: 0
05-08-2017 14:47:55.037,DEBUG,F0AEF53EA62E8EA068CD0BCFE4493253,Null ModelAndView returned to DispatcherServlet with name 'appServlet': assuming HandlerAdapter completed request handling
05-08-2017 14:47:55.038,DEBUG,F0AEF53EA62E8EA068CD0BCFE4493253,Voter: org.springframework.security.access.vote.AuthenticatedVoter@1fd620c, returned: 1
05-08-2017 14:47:55.038,DEBUG,F0AEF53EA62E8EA068CD0BCFE4493253,Authorization successful
05-08-2017 14:47:55.038,DEBUG,F0AEF53EA62E8EA068CD0BCFE4493253,Successfully completed request
05-08-2017 14:47:55.038,DEBUG,F0AEF53EA62E8EA068CD0BCFE4493253,RunAsManager did not change Authentication object
05-08-2017 14:47:55.038,DEBUG,F0AEF53EA62E8EA068CD0BCFE4493253,/resources/img/ic_next_dis.png reached end of additional filter chain; proceeding with original chain
05-08-2017 14:47:55.038,DEBUG,F0AEF53EA62E8EA068CD0BCFE4493253,Chain processed normally
05-08-2017 14:47:55.038,DEBUG,F0AEF53EA62E8EA068CD0BCFE4493253,Request [/ict/resources/img/ic_next_dis.png] is not a multipart request
05-08-2017 14:47:55.038,DEBUG,F0AEF53EA62E8EA068CD0BCFE4493253,SecurityContextHolder now cleared, as request processing completed
05-08-2017 14:47:55.038,DEBUG,F0AEF53EA62E8EA068CD0BCFE4493253,DispatcherServlet with name 'appServlet' processing GET request for [/ict/resources/img/ic_next_dis.png]
05-08-2017 14:47:55.038,DEBUG,F0AEF53EA62E8EA068CD0BCFE4493253,Looking up handler method for path /resources/img/ic_next_dis.png
05-08-2017 14:47:55.040,DEBUG,F0AEF53EA62E8EA068CD0BCFE4493253,Did not find handler method for [/resources/img/ic_next_dis.png]
05-08-2017 14:47:55.040,DEBUG,F0AEF53EA62E8EA068CD0BCFE4493253,Matching patterns for request [/resources/img/ic_next_dis.png] are [/resources/**]
05-08-2017 14:47:55.040,DEBUG,F0AEF53EA62E8EA068CD0BCFE4493253,URI Template variables for request [/resources/img/ic_next_dis.png] are {}
05-08-2017 14:47:55.040,DEBUG,F0AEF53EA62E8EA068CD0BCFE4493253,Mapping [/resources/img/ic_next_dis.png] to HandlerExecutionChain with handler [ResourceHttpRequestHandler [locations=[ServletContext resource [/resources/]], resolvers=[org.springframework.web.servlet.resource.PathResourceResolver@1e41c58]]] and 1 interceptor
05-08-2017 14:47:55.040,DEBUG,F0AEF53EA62E8EA068CD0BCFE4493253,Last-Modified value for [/ict/resources/img/ic_next_dis.png] is: -1
05-08-2017 14:47:55.040,DEBUG,F0AEF53EA62E8EA068CD0BCFE4493253,Returning cached instance of singleton bean 'xml_path'
05-08-2017 14:47:55.042,DEBUG,F0AEF53EA62E8EA068CD0BCFE4493253,Null ModelAndView returned to DispatcherServlet with name 'appServlet': assuming HandlerAdapter completed request handling
05-08-2017 14:47:55.042,DEBUG,F0AEF53EA62E8EA068CD0BCFE4493253,Successfully completed request
05-08-2017 14:47:55.042,DEBUG,F0AEF53EA62E8EA068CD0BCFE4493253,Chain processed normally
05-08-2017 14:47:55.042,DEBUG,F0AEF53EA62E8EA068CD0BCFE4493253,SecurityContextHolder now cleared, as request processing completed
