05-23-2017 03:50:14.350,DEBUG,94094B1B0255D69523A35F4FB2E30F41,/0089/searchData at position 1 of 11 in additional filter chain; firing Filter: 'SecurityContextPersistenceFilter'
05-23-2017 03:50:14.350,DEBUG,94094B1B0255D69523A35F4FB2E30F41,No HttpSession currently exists
05-23-2017 03:50:14.350,DEBUG,94094B1B0255D69523A35F4FB2E30F41,No SecurityContext was available from the HttpSession: null. A new one will be created.
05-23-2017 03:50:14.350,DEBUG,94094B1B0255D69523A35F4FB2E30F41,/0089/searchData at position 2 of 11 in additional filter chain; firing Filter: 'WebAsyncManagerIntegrationFilter'
05-23-2017 03:50:14.350,DEBUG,94094B1B0255D69523A35F4FB2E30F41,/0089/searchData at position 3 of 11 in additional filter chain; firing Filter: 'LogoutFilter'
05-23-2017 03:50:14.350,DEBUG,94094B1B0255D69523A35F4FB2E30F41,/0089/searchData at position 4 of 11 in additional filter chain; firing Filter: 'UsernamePasswordAuthenticationFilter'
05-23-2017 03:50:14.350,DEBUG,94094B1B0255D69523A35F4FB2E30F41,/0089/searchData at position 5 of 11 in additional filter chain; firing Filter: 'BasicAuthenticationFilter'
05-23-2017 03:50:14.350,DEBUG,94094B1B0255D69523A35F4FB2E30F41,/0089/searchData at position 6 of 11 in additional filter chain; firing Filter: 'RequestCacheAwareFilter'
05-23-2017 03:50:14.350,DEBUG,94094B1B0255D69523A35F4FB2E30F41,/0089/searchData at position 7 of 11 in additional filter chain; firing Filter: 'SecurityContextHolderAwareRequestFilter'
05-23-2017 03:50:14.350,DEBUG,94094B1B0255D69523A35F4FB2E30F41,/0089/searchData at position 8 of 11 in additional filter chain; firing Filter: 'AnonymousAuthenticationFilter'
05-23-2017 03:50:14.350,DEBUG,94094B1B0255D69523A35F4FB2E30F41,Populated SecurityContextHolder with anonymous token: 'org.springframework.security.authentication.AnonymousAuthenticationToken@9055c2bc: Principal: anonymousUser; Credentials: [PROTECTED]; Authenticated: true; Details: org.springframework.security.web.authentication.WebAuthenticationDetails@b364: RemoteIpAddress: 0:0:0:0:0:0:0:1; SessionId: null; Granted Authorities: ROLE_ANONYMOUS'
05-23-2017 03:50:14.350,DEBUG,94094B1B0255D69523A35F4FB2E30F41,/0089/searchData at position 9 of 11 in additional filter chain; firing Filter: 'SessionManagementFilter'
05-23-2017 03:50:14.350,DEBUG,94094B1B0255D69523A35F4FB2E30F41,Requested session ID 94094B1B0255D69523A35F4FB2E30F41 is invalid.
05-23-2017 03:50:14.350,DEBUG,94094B1B0255D69523A35F4FB2E30F41,/0089/searchData at position 10 of 11 in additional filter chain; firing Filter: 'ExceptionTranslationFilter'
05-23-2017 03:50:14.350,DEBUG,94094B1B0255D69523A35F4FB2E30F41,/0089/searchData at position 11 of 11 in additional filter chain; firing Filter: 'FilterSecurityInterceptor'
05-23-2017 03:50:14.350,DEBUG,94094B1B0255D69523A35F4FB2E30F41,Checking match of request : '/0089/searchdata'; against '/autherror*'
05-23-2017 03:50:14.350,DEBUG,94094B1B0255D69523A35F4FB2E30F41,Checking match of request : '/0089/searchdata'; against '/login/**'
05-23-2017 03:50:14.350,DEBUG,94094B1B0255D69523A35F4FB2E30F41,Checking match of request : '/0089/searchdata'; against '/error/**'
05-23-2017 03:50:14.350,DEBUG,94094B1B0255D69523A35F4FB2E30F41,Checking match of request : '/0089/searchdata'; against '/0001/**'
05-23-2017 03:50:14.350,DEBUG,94094B1B0255D69523A35F4FB2E30F41,Checking match of request : '/0089/searchdata'; against '/0002/**'
05-23-2017 03:50:14.350,DEBUG,94094B1B0255D69523A35F4FB2E30F41,Checking match of request : '/0089/searchdata'; against '/0003/**'
05-23-2017 03:50:14.350,DEBUG,94094B1B0255D69523A35F4FB2E30F41,Checking match of request : '/0089/searchdata'; against '/0005/**'
05-23-2017 03:50:14.350,DEBUG,94094B1B0255D69523A35F4FB2E30F41,Checking match of request : '/0089/searchdata'; against '/0007/**'
05-23-2017 03:50:14.350,DEBUG,94094B1B0255D69523A35F4FB2E30F41,Checking match of request : '/0089/searchdata'; against '/0009/**'
05-23-2017 03:50:14.350,DEBUG,94094B1B0255D69523A35F4FB2E30F41,Checking match of request : '/0089/searchdata'; against '/0013/**'
05-23-2017 03:50:14.350,DEBUG,94094B1B0255D69523A35F4FB2E30F41,Checking match of request : '/0089/searchdata'; against '/0023/**'
05-23-2017 03:50:14.350,DEBUG,94094B1B0255D69523A35F4FB2E30F41,Checking match of request : '/0089/searchdata'; against '/0017/**'
05-23-2017 03:50:14.350,DEBUG,94094B1B0255D69523A35F4FB2E30F41,Checking match of request : '/0089/searchdata'; against '/0031/**'
05-23-2017 03:50:14.350,DEBUG,94094B1B0255D69523A35F4FB2E30F41,Checking match of request : '/0089/searchdata'; against '/0035/**'
05-23-2017 03:50:14.350,DEBUG,94094B1B0255D69523A35F4FB2E30F41,Checking match of request : '/0089/searchdata'; against '/0037/**'
05-23-2017 03:50:14.350,DEBUG,94094B1B0255D69523A35F4FB2E30F41,Checking match of request : '/0089/searchdata'; against '/0045/**'
05-23-2017 03:50:14.350,DEBUG,94094B1B0255D69523A35F4FB2E30F41,Checking match of request : '/0089/searchdata'; against '/0047/**'
05-23-2017 03:50:14.350,DEBUG,94094B1B0255D69523A35F4FB2E30F41,Checking match of request : '/0089/searchdata'; against '/0049/**'
05-23-2017 03:50:14.351,DEBUG,94094B1B0255D69523A35F4FB2E30F41,Checking match of request : '/0089/searchdata'; against '/0061/**'
05-23-2017 03:50:14.351,DEBUG,94094B1B0255D69523A35F4FB2E30F41,Checking match of request : '/0089/searchdata'; against '/0087/**'
05-23-2017 03:50:14.351,DEBUG,94094B1B0255D69523A35F4FB2E30F41,Checking match of request : '/0089/searchdata'; against '/0075/**'
05-23-2017 03:50:14.351,DEBUG,94094B1B0255D69523A35F4FB2E30F41,Checking match of request : '/0089/searchdata'; against '/0089/**'
05-23-2017 03:50:14.351,DEBUG,94094B1B0255D69523A35F4FB2E30F41,Secure object: FilterInvocation: URL: /0089/searchData; Attributes: [ROLE_ADMIN, ROLE_USER, IS_AUTHENTICATED_FULLY]
05-23-2017 03:50:14.351,DEBUG,94094B1B0255D69523A35F4FB2E30F41,Previously Authenticated: org.springframework.security.authentication.AnonymousAuthenticationToken@9055c2bc: Principal: anonymousUser; Credentials: [PROTECTED]; Authenticated: true; Details: org.springframework.security.web.authentication.WebAuthenticationDetails@b364: RemoteIpAddress: 0:0:0:0:0:0:0:1; SessionId: null; Granted Authorities: ROLE_ANONYMOUS
05-23-2017 03:50:14.351,DEBUG,94094B1B0255D69523A35F4FB2E30F41,Voter: org.springframework.security.access.vote.RoleVoter@1ac872d, returned: -1
05-23-2017 03:50:14.351,DEBUG,94094B1B0255D69523A35F4FB2E30F41,Voter: org.springframework.security.access.vote.AuthenticatedVoter@b1927d, returned: -1
05-23-2017 03:50:14.351,DEBUG,94094B1B0255D69523A35F4FB2E30F41,Access is denied (user is anonymous); redirecting to authentication entry point
05-23-2017 03:50:14.352,DEBUG,94094B1B0255D69523A35F4FB2E30F41,DefaultSavedRequest added to Session: DefaultSavedRequest[http://localhost:8080/ict/0089/searchData]
05-23-2017 03:50:14.352,DEBUG,94094B1B0255D69523A35F4FB2E30F41,Calling Authentication entry point.
05-23-2017 03:50:14.352,DEBUG,94094B1B0255D69523A35F4FB2E30F41,Redirecting to 'http://localhost:8080/ict/'
05-23-2017 03:50:14.352,DEBUG,94094B1B0255D69523A35F4FB2E30F41,SecurityContext is empty or contents are anonymous - context will not be stored in HttpSession.
05-23-2017 03:50:14.352,DEBUG,94094B1B0255D69523A35F4FB2E30F41,SecurityContextHolder now cleared, as request processing completed
05-23-2017 03:50:14.355,DEBUG,94094B1B0255D69523A35F4FB2E30F41,/login at position 1 of 11 in additional filter chain; firing Filter: 'SecurityContextPersistenceFilter'
05-23-2017 03:50:14.356,DEBUG,94094B1B0255D69523A35F4FB2E30F41,HttpSession returned null object for SPRING_SECURITY_CONTEXT
05-23-2017 03:50:14.356,DEBUG,94094B1B0255D69523A35F4FB2E30F41,No SecurityContext was available from the HttpSession: org.apache.catalina.session.StandardSessionFacade@f8d3c. A new one will be created.
05-23-2017 03:50:14.356,DEBUG,94094B1B0255D69523A35F4FB2E30F41,/login at position 2 of 11 in additional filter chain; firing Filter: 'WebAsyncManagerIntegrationFilter'
05-23-2017 03:50:14.356,DEBUG,94094B1B0255D69523A35F4FB2E30F41,/login at position 3 of 11 in additional filter chain; firing Filter: 'LogoutFilter'
05-23-2017 03:50:14.356,DEBUG,94094B1B0255D69523A35F4FB2E30F41,Logging out user 'null' and transferring to logout destination
05-23-2017 03:50:14.356,DEBUG,94094B1B0255D69523A35F4FB2E30F41,Invalidating session: 77AEAC4011C469D9E07399C63389256D
05-23-2017 03:50:14.356,DEBUG,94094B1B0255D69523A35F4FB2E30F41,Using default Url: /
05-23-2017 03:50:14.356,DEBUG,94094B1B0255D69523A35F4FB2E30F41,Redirecting to '/ict/'
05-23-2017 03:50:14.356,DEBUG,94094B1B0255D69523A35F4FB2E30F41,SecurityContext is empty or contents are anonymous - context will not be stored in HttpSession.
05-23-2017 03:50:14.356,DEBUG,94094B1B0255D69523A35F4FB2E30F41,SecurityContextHolder now cleared, as request processing completed
05-23-2017 03:50:14.357,DEBUG,0F0DF7DAE7CA8E817C7D7F619A9819FD,/ at position 1 of 11 in additional filter chain; firing Filter: 'SecurityContextPersistenceFilter'
05-23-2017 03:50:14.357,DEBUG,0F0DF7DAE7CA8E817C7D7F619A9819FD,No HttpSession currently exists
05-23-2017 03:50:14.357,DEBUG,0F0DF7DAE7CA8E817C7D7F619A9819FD,No SecurityContext was available from the HttpSession: null. A new one will be created.
05-23-2017 03:50:14.357,DEBUG,0F0DF7DAE7CA8E817C7D7F619A9819FD,/ at position 2 of 11 in additional filter chain; firing Filter: 'WebAsyncManagerIntegrationFilter'
05-23-2017 03:50:14.357,DEBUG,0F0DF7DAE7CA8E817C7D7F619A9819FD,/ at position 3 of 11 in additional filter chain; firing Filter: 'LogoutFilter'
05-23-2017 03:50:14.357,DEBUG,0F0DF7DAE7CA8E817C7D7F619A9819FD,/ at position 4 of 11 in additional filter chain; firing Filter: 'UsernamePasswordAuthenticationFilter'
05-23-2017 03:50:14.358,DEBUG,0F0DF7DAE7CA8E817C7D7F619A9819FD,/ at position 5 of 11 in additional filter chain; firing Filter: 'BasicAuthenticationFilter'
05-23-2017 03:50:14.358,DEBUG,0F0DF7DAE7CA8E817C7D7F619A9819FD,/ at position 6 of 11 in additional filter chain; firing Filter: 'RequestCacheAwareFilter'
05-23-2017 03:50:14.358,DEBUG,0F0DF7DAE7CA8E817C7D7F619A9819FD,/ at position 7 of 11 in additional filter chain; firing Filter: 'SecurityContextHolderAwareRequestFilter'
05-23-2017 03:50:14.358,DEBUG,0F0DF7DAE7CA8E817C7D7F619A9819FD,/ at position 8 of 11 in additional filter chain; firing Filter: 'AnonymousAuthenticationFilter'
05-23-2017 03:50:14.358,DEBUG,0F0DF7DAE7CA8E817C7D7F619A9819FD,Populated SecurityContextHolder with anonymous token: 'org.springframework.security.authentication.AnonymousAuthenticationToken@9055c2bc: Principal: anonymousUser; Credentials: [PROTECTED]; Authenticated: true; Details: org.springframework.security.web.authentication.WebAuthenticationDetails@b364: RemoteIpAddress: 0:0:0:0:0:0:0:1; SessionId: null; Granted Authorities: ROLE_ANONYMOUS'
05-23-2017 03:50:14.358,DEBUG,0F0DF7DAE7CA8E817C7D7F619A9819FD,/ at position 9 of 11 in additional filter chain; firing Filter: 'SessionManagementFilter'
05-23-2017 03:50:14.358,DEBUG,0F0DF7DAE7CA8E817C7D7F619A9819FD,Requested session ID 77AEAC4011C469D9E07399C63389256D is invalid.
05-23-2017 03:50:14.358,DEBUG,0F0DF7DAE7CA8E817C7D7F619A9819FD,/ at position 10 of 11 in additional filter chain; firing Filter: 'ExceptionTranslationFilter'
05-23-2017 03:50:14.358,DEBUG,0F0DF7DAE7CA8E817C7D7F619A9819FD,/ at position 11 of 11 in additional filter chain; firing Filter: 'FilterSecurityInterceptor'
05-23-2017 03:50:14.358,DEBUG,0F0DF7DAE7CA8E817C7D7F619A9819FD,Checking match of request : '/'; against '/autherror*'
05-23-2017 03:50:14.358,DEBUG,0F0DF7DAE7CA8E817C7D7F619A9819FD,Checking match of request : '/'; against '/login/**'
05-23-2017 03:50:14.358,DEBUG,0F0DF7DAE7CA8E817C7D7F619A9819FD,Checking match of request : '/'; against '/error/**'
05-23-2017 03:50:14.358,DEBUG,0F0DF7DAE7CA8E817C7D7F619A9819FD,Checking match of request : '/'; against '/0001/**'
05-23-2017 03:50:14.358,DEBUG,0F0DF7DAE7CA8E817C7D7F619A9819FD,Checking match of request : '/'; against '/0002/**'
05-23-2017 03:50:14.358,DEBUG,0F0DF7DAE7CA8E817C7D7F619A9819FD,Checking match of request : '/'; against '/0003/**'
05-23-2017 03:50:14.358,DEBUG,0F0DF7DAE7CA8E817C7D7F619A9819FD,Checking match of request : '/'; against '/0005/**'
05-23-2017 03:50:14.358,DEBUG,0F0DF7DAE7CA8E817C7D7F619A9819FD,Checking match of request : '/'; against '/0007/**'
05-23-2017 03:50:14.358,DEBUG,0F0DF7DAE7CA8E817C7D7F619A9819FD,Checking match of request : '/'; against '/0009/**'
05-23-2017 03:50:14.358,DEBUG,0F0DF7DAE7CA8E817C7D7F619A9819FD,Checking match of request : '/'; against '/0013/**'
05-23-2017 03:50:14.358,DEBUG,0F0DF7DAE7CA8E817C7D7F619A9819FD,Checking match of request : '/'; against '/0023/**'
05-23-2017 03:50:14.358,DEBUG,0F0DF7DAE7CA8E817C7D7F619A9819FD,Checking match of request : '/'; against '/0017/**'
05-23-2017 03:50:14.358,DEBUG,0F0DF7DAE7CA8E817C7D7F619A9819FD,Checking match of request : '/'; against '/0031/**'
05-23-2017 03:50:14.358,DEBUG,0F0DF7DAE7CA8E817C7D7F619A9819FD,Checking match of request : '/'; against '/0035/**'
05-23-2017 03:50:14.358,DEBUG,0F0DF7DAE7CA8E817C7D7F619A9819FD,Checking match of request : '/'; against '/0037/**'
05-23-2017 03:50:14.358,DEBUG,0F0DF7DAE7CA8E817C7D7F619A9819FD,Checking match of request : '/'; against '/0045/**'
05-23-2017 03:50:14.358,DEBUG,0F0DF7DAE7CA8E817C7D7F619A9819FD,Checking match of request : '/'; against '/0047/**'
05-23-2017 03:50:14.358,DEBUG,0F0DF7DAE7CA8E817C7D7F619A9819FD,Checking match of request : '/'; against '/0049/**'
05-23-2017 03:50:14.358,DEBUG,0F0DF7DAE7CA8E817C7D7F619A9819FD,Checking match of request : '/'; against '/0061/**'
05-23-2017 03:50:14.358,DEBUG,0F0DF7DAE7CA8E817C7D7F619A9819FD,Checking match of request : '/'; against '/0087/**'
05-23-2017 03:50:14.358,DEBUG,0F0DF7DAE7CA8E817C7D7F619A9819FD,Checking match of request : '/'; against '/0075/**'
05-23-2017 03:50:14.358,DEBUG,0F0DF7DAE7CA8E817C7D7F619A9819FD,Checking match of request : '/'; against '/0089/**'
05-23-2017 03:50:14.358,DEBUG,0F0DF7DAE7CA8E817C7D7F619A9819FD,Checking match of request : '/'; against '/0090/**'
05-23-2017 03:50:14.358,DEBUG,0F0DF7DAE7CA8E817C7D7F619A9819FD,Checking match of request : '/'; against '/0091/**'
05-23-2017 03:50:14.358,DEBUG,0F0DF7DAE7CA8E817C7D7F619A9819FD,Checking match of request : '/'; against '/0092/**'
05-23-2017 03:50:14.358,DEBUG,0F0DF7DAE7CA8E817C7D7F619A9819FD,Checking match of request : '/'; against '/0095/**'
05-23-2017 03:50:14.358,DEBUG,0F0DF7DAE7CA8E817C7D7F619A9819FD,Secure object: FilterInvocation: URL: /; Attributes: [IS_AUTHENTICATED_ANONYMOUSLY]
05-23-2017 03:50:14.358,DEBUG,0F0DF7DAE7CA8E817C7D7F619A9819FD,Previously Authenticated: org.springframework.security.authentication.AnonymousAuthenticationToken@9055c2bc: Principal: anonymousUser; Credentials: [PROTECTED]; Authenticated: true; Details: org.springframework.security.web.authentication.WebAuthenticationDetails@b364: RemoteIpAddress: 0:0:0:0:0:0:0:1; SessionId: null; Granted Authorities: ROLE_ANONYMOUS
05-23-2017 03:50:14.358,DEBUG,0F0DF7DAE7CA8E817C7D7F619A9819FD,Voter: org.springframework.security.access.vote.RoleVoter@1ac872d, returned: 0
05-23-2017 03:50:14.358,DEBUG,0F0DF7DAE7CA8E817C7D7F619A9819FD,Voter: org.springframework.security.access.vote.AuthenticatedVoter@b1927d, returned: 1
05-23-2017 03:50:14.358,DEBUG,0F0DF7DAE7CA8E817C7D7F619A9819FD,Authorization successful
05-23-2017 03:50:14.358,DEBUG,0F0DF7DAE7CA8E817C7D7F619A9819FD,RunAsManager did not change Authentication object
05-23-2017 03:50:14.358,DEBUG,0F0DF7DAE7CA8E817C7D7F619A9819FD,/ reached end of additional filter chain; proceeding with original chain
05-23-2017 03:50:14.358,DEBUG,0F0DF7DAE7CA8E817C7D7F619A9819FD,Request [/ict/] is not a multipart request
05-23-2017 03:50:14.359,DEBUG,9EBAA5346ADE0C939B4DE9D33CEE6075,DispatcherServlet with name 'appServlet' processing GET request for [/ict/]
05-23-2017 03:50:14.359,DEBUG,9EBAA5346ADE0C939B4DE9D33CEE6075,Looking up handler method for path /
05-23-2017 03:50:14.359,DEBUG,9EBAA5346ADE0C939B4DE9D33CEE6075,Returning handler method [public java.lang.String vn.bananavietnam.ict.common.controller.AuthController.login()]
05-23-2017 03:50:14.359,DEBUG,9EBAA5346ADE0C939B4DE9D33CEE6075,Returning cached instance of singleton bean 'authController'
05-23-2017 03:50:14.359,DEBUG,9EBAA5346ADE0C939B4DE9D33CEE6075,Last-Modified value for [/ict/] is: -1
05-23-2017 03:50:14.359,DEBUG,9EBAA5346ADE0C939B4DE9D33CEE6075,Returning cached instance of singleton bean 'xml_path'
05-23-2017 03:50:14.360,DEBUG,9EBAA5346ADE0C939B4DE9D33CEE6075,Rendering view [org.springframework.web.servlet.view.JstlView: name 'common/PageWrapper'; URL [/WEB-INF/views/common/PageWrapper.jsp]] in DispatcherServlet with name 'appServlet'
05-23-2017 03:50:14.360,DEBUG,9EBAA5346ADE0C939B4DE9D33CEE6075,Forwarding to resource [/WEB-INF/views/common/PageWrapper.jsp] in InternalResourceView 'common/PageWrapper'
05-23-2017 03:50:14.360,DEBUG,9EBAA5346ADE0C939B4DE9D33CEE6075,SecurityContext is empty or contents are anonymous - context will not be stored in HttpSession.
05-23-2017 03:50:14.360,DEBUG,9EBAA5346ADE0C939B4DE9D33CEE6075,Successfully completed request
05-23-2017 03:50:14.360,DEBUG,9EBAA5346ADE0C939B4DE9D33CEE6075,Chain processed normally
05-23-2017 03:50:14.360,DEBUG,9EBAA5346ADE0C939B4DE9D33CEE6075,SecurityContextHolder now cleared, as request processing completed
05-23-2017 03:50:14.365,DEBUG,94094B1B0255D69523A35F4FB2E30F41,/login/ at position 1 of 11 in additional filter chain; firing Filter: 'SecurityContextPersistenceFilter'
05-23-2017 03:50:14.365,DEBUG,94094B1B0255D69523A35F4FB2E30F41,HttpSession returned null object for SPRING_SECURITY_CONTEXT
05-23-2017 03:50:14.365,DEBUG,94094B1B0255D69523A35F4FB2E30F41,No SecurityContext was available from the HttpSession: org.apache.catalina.session.StandardSessionFacade@59618e. A new one will be created.
05-23-2017 03:50:14.365,DEBUG,94094B1B0255D69523A35F4FB2E30F41,/login/ at position 2 of 11 in additional filter chain; firing Filter: 'WebAsyncManagerIntegrationFilter'
05-23-2017 03:50:14.365,DEBUG,94094B1B0255D69523A35F4FB2E30F41,/login/ at position 3 of 11 in additional filter chain; firing Filter: 'LogoutFilter'
05-23-2017 03:50:14.366,DEBUG,94094B1B0255D69523A35F4FB2E30F41,/login/ at position 4 of 11 in additional filter chain; firing Filter: 'UsernamePasswordAuthenticationFilter'
05-23-2017 03:50:14.366,DEBUG,94094B1B0255D69523A35F4FB2E30F41,/login/ at position 5 of 11 in additional filter chain; firing Filter: 'BasicAuthenticationFilter'
05-23-2017 03:50:14.366,DEBUG,94094B1B0255D69523A35F4FB2E30F41,/login/ at position 6 of 11 in additional filter chain; firing Filter: 'RequestCacheAwareFilter'
05-23-2017 03:50:14.366,DEBUG,94094B1B0255D69523A35F4FB2E30F41,/login/ at position 7 of 11 in additional filter chain; firing Filter: 'SecurityContextHolderAwareRequestFilter'
05-23-2017 03:50:14.366,DEBUG,94094B1B0255D69523A35F4FB2E30F41,/login/ at position 8 of 11 in additional filter chain; firing Filter: 'AnonymousAuthenticationFilter'
05-23-2017 03:50:14.366,DEBUG,94094B1B0255D69523A35F4FB2E30F41,Populated SecurityContextHolder with anonymous token: 'org.springframework.security.authentication.AnonymousAuthenticationToken@90514580: Principal: anonymousUser; Credentials: [PROTECTED]; Authenticated: true; Details: org.springframework.security.web.authentication.WebAuthenticationDetails@43458: RemoteIpAddress: 0:0:0:0:0:0:0:1; SessionId: 9EBAA5346ADE0C939B4DE9D33CEE6075; Granted Authorities: ROLE_ANONYMOUS'
05-23-2017 03:50:14.366,DEBUG,94094B1B0255D69523A35F4FB2E30F41,/login/ at position 9 of 11 in additional filter chain; firing Filter: 'SessionManagementFilter'
05-23-2017 03:50:14.366,DEBUG,94094B1B0255D69523A35F4FB2E30F41,/login/ at position 10 of 11 in additional filter chain; firing Filter: 'ExceptionTranslationFilter'
05-23-2017 03:50:14.366,DEBUG,94094B1B0255D69523A35F4FB2E30F41,/login/ at position 11 of 11 in additional filter chain; firing Filter: 'FilterSecurityInterceptor'
05-23-2017 03:50:14.366,DEBUG,94094B1B0255D69523A35F4FB2E30F41,Checking match of request : '/login/'; against '/autherror*'
05-23-2017 03:50:14.366,DEBUG,94094B1B0255D69523A35F4FB2E30F41,Checking match of request : '/login/'; against '/login/**'
05-23-2017 03:50:14.366,DEBUG,94094B1B0255D69523A35F4FB2E30F41,Secure object: FilterInvocation: URL: /login/; Attributes: [IS_AUTHENTICATED_ANONYMOUSLY]
05-23-2017 03:50:14.366,DEBUG,94094B1B0255D69523A35F4FB2E30F41,Previously Authenticated: org.springframework.security.authentication.AnonymousAuthenticationToken@90514580: Principal: anonymousUser; Credentials: [PROTECTED]; Authenticated: true; Details: org.springframework.security.web.authentication.WebAuthenticationDetails@43458: RemoteIpAddress: 0:0:0:0:0:0:0:1; SessionId: 9EBAA5346ADE0C939B4DE9D33CEE6075; Granted Authorities: ROLE_ANONYMOUS
05-23-2017 03:50:14.366,DEBUG,94094B1B0255D69523A35F4FB2E30F41,Voter: org.springframework.security.access.vote.RoleVoter@1ac872d, returned: 0
05-23-2017 03:50:14.366,DEBUG,94094B1B0255D69523A35F4FB2E30F41,Voter: org.springframework.security.access.vote.AuthenticatedVoter@b1927d, returned: 1
05-23-2017 03:50:14.366,DEBUG,94094B1B0255D69523A35F4FB2E30F41,Authorization successful
05-23-2017 03:50:14.366,DEBUG,94094B1B0255D69523A35F4FB2E30F41,RunAsManager did not change Authentication object
05-23-2017 03:50:14.366,DEBUG,94094B1B0255D69523A35F4FB2E30F41,/login/ reached end of additional filter chain; proceeding with original chain
05-23-2017 03:50:14.366,DEBUG,94094B1B0255D69523A35F4FB2E30F41,Request [/ict/login/] is not a multipart request
05-23-2017 03:50:14.366,DEBUG,9EBAA5346ADE0C939B4DE9D33CEE6075,DispatcherServlet with name 'appServlet' processing GET request for [/ict/login/]
05-23-2017 03:50:14.366,DEBUG,9EBAA5346ADE0C939B4DE9D33CEE6075,Looking up handler method for path /login/
05-23-2017 03:50:14.366,DEBUG,9EBAA5346ADE0C939B4DE9D33CEE6075,Returning handler method [public java.lang.String vn.bananavietnam.ict.common.controller.LoginController.top(java.util.Locale,org.springframework.ui.Model)]
05-23-2017 03:50:14.366,DEBUG,9EBAA5346ADE0C939B4DE9D33CEE6075,Returning cached instance of singleton bean 'loginController'
05-23-2017 03:50:14.366,DEBUG,9EBAA5346ADE0C939B4DE9D33CEE6075,Last-Modified value for [/ict/login/] is: -1
05-23-2017 03:50:14.366,DEBUG,9EBAA5346ADE0C939B4DE9D33CEE6075,Returning cached instance of singleton bean 'xml_path'
05-23-2017 03:50:14.367,DEBUG,9EBAA5346ADE0C939B4DE9D33CEE6075,Rendering view [org.springframework.web.servlet.view.JstlView: name 'common/login'; URL [/WEB-INF/views/common/login.jsp]] in DispatcherServlet with name 'appServlet'
05-23-2017 03:50:14.367,DEBUG,9EBAA5346ADE0C939B4DE9D33CEE6075,Forwarding to resource [/WEB-INF/views/common/login.jsp] in InternalResourceView 'common/login'
05-23-2017 03:50:14.368,DEBUG,9EBAA5346ADE0C939B4DE9D33CEE6075,SecurityContext is empty or contents are anonymous - context will not be stored in HttpSession.
05-23-2017 03:50:14.369,DEBUG,9EBAA5346ADE0C939B4DE9D33CEE6075,Successfully completed request
05-23-2017 03:50:14.369,DEBUG,9EBAA5346ADE0C939B4DE9D33CEE6075,Chain processed normally
05-23-2017 03:50:14.369,DEBUG,9EBAA5346ADE0C939B4DE9D33CEE6075,SecurityContextHolder now cleared, as request processing completed
05-23-2017 03:50:21.385,DEBUG,E2B200CF18E6F2ACFF42AF839F1785E1,/?language=en at position 1 of 11 in additional filter chain; firing Filter: 'SecurityContextPersistenceFilter'
05-23-2017 03:50:21.385,DEBUG,E2B200CF18E6F2ACFF42AF839F1785E1,HttpSession returned null object for SPRING_SECURITY_CONTEXT
05-23-2017 03:50:21.385,DEBUG,E2B200CF18E6F2ACFF42AF839F1785E1,No SecurityContext was available from the HttpSession: org.apache.catalina.session.StandardSessionFacade@59618e. A new one will be created.
05-23-2017 03:50:21.385,DEBUG,E2B200CF18E6F2ACFF42AF839F1785E1,/?language=en at position 2 of 11 in additional filter chain; firing Filter: 'WebAsyncManagerIntegrationFilter'
05-23-2017 03:50:21.385,DEBUG,E2B200CF18E6F2ACFF42AF839F1785E1,/?language=en at position 3 of 11 in additional filter chain; firing Filter: 'LogoutFilter'
05-23-2017 03:50:21.386,DEBUG,E2B200CF18E6F2ACFF42AF839F1785E1,/?language=en at position 4 of 11 in additional filter chain; firing Filter: 'UsernamePasswordAuthenticationFilter'
05-23-2017 03:50:21.386,DEBUG,E2B200CF18E6F2ACFF42AF839F1785E1,/?language=en at position 5 of 11 in additional filter chain; firing Filter: 'BasicAuthenticationFilter'
05-23-2017 03:50:21.386,DEBUG,E2B200CF18E6F2ACFF42AF839F1785E1,/?language=en at position 6 of 11 in additional filter chain; firing Filter: 'RequestCacheAwareFilter'
05-23-2017 03:50:21.386,DEBUG,E2B200CF18E6F2ACFF42AF839F1785E1,/?language=en at position 7 of 11 in additional filter chain; firing Filter: 'SecurityContextHolderAwareRequestFilter'
05-23-2017 03:50:21.386,DEBUG,E2B200CF18E6F2ACFF42AF839F1785E1,/?language=en at position 8 of 11 in additional filter chain; firing Filter: 'AnonymousAuthenticationFilter'
05-23-2017 03:50:21.386,DEBUG,E2B200CF18E6F2ACFF42AF839F1785E1,Populated SecurityContextHolder with anonymous token: 'org.springframework.security.authentication.AnonymousAuthenticationToken@90514580: Principal: anonymousUser; Credentials: [PROTECTED]; Authenticated: true; Details: org.springframework.security.web.authentication.WebAuthenticationDetails@43458: RemoteIpAddress: 0:0:0:0:0:0:0:1; SessionId: 9EBAA5346ADE0C939B4DE9D33CEE6075; Granted Authorities: ROLE_ANONYMOUS'
05-23-2017 03:50:21.386,DEBUG,E2B200CF18E6F2ACFF42AF839F1785E1,/?language=en at position 9 of 11 in additional filter chain; firing Filter: 'SessionManagementFilter'
05-23-2017 03:50:21.387,DEBUG,E2B200CF18E6F2ACFF42AF839F1785E1,/?language=en at position 10 of 11 in additional filter chain; firing Filter: 'ExceptionTranslationFilter'
05-23-2017 03:50:21.387,DEBUG,E2B200CF18E6F2ACFF42AF839F1785E1,/?language=en at position 11 of 11 in additional filter chain; firing Filter: 'FilterSecurityInterceptor'
05-23-2017 03:50:21.387,DEBUG,E2B200CF18E6F2ACFF42AF839F1785E1,Checking match of request : '/'; against '/autherror*'
05-23-2017 03:50:21.387,DEBUG,E2B200CF18E6F2ACFF42AF839F1785E1,Checking match of request : '/'; against '/login/**'
05-23-2017 03:50:21.387,DEBUG,E2B200CF18E6F2ACFF42AF839F1785E1,Checking match of request : '/'; against '/error/**'
05-23-2017 03:50:21.387,DEBUG,E2B200CF18E6F2ACFF42AF839F1785E1,Checking match of request : '/'; against '/0001/**'
05-23-2017 03:50:21.387,DEBUG,E2B200CF18E6F2ACFF42AF839F1785E1,Checking match of request : '/'; against '/0002/**'
05-23-2017 03:50:21.387,DEBUG,E2B200CF18E6F2ACFF42AF839F1785E1,Checking match of request : '/'; against '/0003/**'
05-23-2017 03:50:21.387,DEBUG,E2B200CF18E6F2ACFF42AF839F1785E1,Checking match of request : '/'; against '/0005/**'
05-23-2017 03:50:21.387,DEBUG,E2B200CF18E6F2ACFF42AF839F1785E1,Checking match of request : '/'; against '/0007/**'
05-23-2017 03:50:21.387,DEBUG,E2B200CF18E6F2ACFF42AF839F1785E1,Checking match of request : '/'; against '/0009/**'
05-23-2017 03:50:21.387,DEBUG,E2B200CF18E6F2ACFF42AF839F1785E1,Checking match of request : '/'; against '/0013/**'
05-23-2017 03:50:21.387,DEBUG,E2B200CF18E6F2ACFF42AF839F1785E1,Checking match of request : '/'; against '/0023/**'
05-23-2017 03:50:21.387,DEBUG,E2B200CF18E6F2ACFF42AF839F1785E1,Checking match of request : '/'; against '/0017/**'
05-23-2017 03:50:21.387,DEBUG,E2B200CF18E6F2ACFF42AF839F1785E1,Checking match of request : '/'; against '/0031/**'
05-23-2017 03:50:21.387,DEBUG,E2B200CF18E6F2ACFF42AF839F1785E1,Checking match of request : '/'; against '/0035/**'
05-23-2017 03:50:21.388,DEBUG,E2B200CF18E6F2ACFF42AF839F1785E1,Checking match of request : '/'; against '/0037/**'
05-23-2017 03:50:21.388,DEBUG,E2B200CF18E6F2ACFF42AF839F1785E1,Checking match of request : '/'; against '/0045/**'
05-23-2017 03:50:21.388,DEBUG,E2B200CF18E6F2ACFF42AF839F1785E1,Checking match of request : '/'; against '/0047/**'
05-23-2017 03:50:21.388,DEBUG,E2B200CF18E6F2ACFF42AF839F1785E1,Checking match of request : '/'; against '/0049/**'
05-23-2017 03:50:21.388,DEBUG,E2B200CF18E6F2ACFF42AF839F1785E1,Checking match of request : '/'; against '/0061/**'
05-23-2017 03:50:21.388,DEBUG,E2B200CF18E6F2ACFF42AF839F1785E1,Checking match of request : '/'; against '/0087/**'
05-23-2017 03:50:21.388,DEBUG,E2B200CF18E6F2ACFF42AF839F1785E1,Checking match of request : '/'; against '/0075/**'
05-23-2017 03:50:21.388,DEBUG,E2B200CF18E6F2ACFF42AF839F1785E1,Checking match of request : '/'; against '/0089/**'
05-23-2017 03:50:21.388,DEBUG,E2B200CF18E6F2ACFF42AF839F1785E1,Checking match of request : '/'; against '/0090/**'
05-23-2017 03:50:21.388,DEBUG,E2B200CF18E6F2ACFF42AF839F1785E1,Checking match of request : '/'; against '/0091/**'
05-23-2017 03:50:21.388,DEBUG,E2B200CF18E6F2ACFF42AF839F1785E1,Checking match of request : '/'; against '/0092/**'
05-23-2017 03:50:21.389,DEBUG,E2B200CF18E6F2ACFF42AF839F1785E1,Checking match of request : '/'; against '/0095/**'
05-23-2017 03:50:21.389,DEBUG,E2B200CF18E6F2ACFF42AF839F1785E1,Secure object: FilterInvocation: URL: /?language=en; Attributes: [IS_AUTHENTICATED_ANONYMOUSLY]
05-23-2017 03:50:21.389,DEBUG,E2B200CF18E6F2ACFF42AF839F1785E1,Previously Authenticated: org.springframework.security.authentication.AnonymousAuthenticationToken@90514580: Principal: anonymousUser; Credentials: [PROTECTED]; Authenticated: true; Details: org.springframework.security.web.authentication.WebAuthenticationDetails@43458: RemoteIpAddress: 0:0:0:0:0:0:0:1; SessionId: 9EBAA5346ADE0C939B4DE9D33CEE6075; Granted Authorities: ROLE_ANONYMOUS
05-23-2017 03:50:21.389,DEBUG,E2B200CF18E6F2ACFF42AF839F1785E1,Voter: org.springframework.security.access.vote.RoleVoter@1ac872d, returned: 0
05-23-2017 03:50:21.389,DEBUG,E2B200CF18E6F2ACFF42AF839F1785E1,Voter: org.springframework.security.access.vote.AuthenticatedVoter@b1927d, returned: 1
05-23-2017 03:50:21.389,DEBUG,E2B200CF18E6F2ACFF42AF839F1785E1,Authorization successful
05-23-2017 03:50:21.389,DEBUG,E2B200CF18E6F2ACFF42AF839F1785E1,RunAsManager did not change Authentication object
05-23-2017 03:50:21.389,DEBUG,E2B200CF18E6F2ACFF42AF839F1785E1,/?language=en reached end of additional filter chain; proceeding with original chain
05-23-2017 03:50:21.389,DEBUG,E2B200CF18E6F2ACFF42AF839F1785E1,Request [/ict/] is not a multipart request
05-23-2017 03:50:21.389,DEBUG,9EBAA5346ADE0C939B4DE9D33CEE6075,DispatcherServlet with name 'appServlet' processing GET request for [/ict/]
05-23-2017 03:50:21.390,DEBUG,9EBAA5346ADE0C939B4DE9D33CEE6075,Looking up handler method for path /
05-23-2017 03:50:21.390,DEBUG,9EBAA5346ADE0C939B4DE9D33CEE6075,Returning handler method [public java.lang.String vn.bananavietnam.ict.common.controller.AuthController.login()]
05-23-2017 03:50:21.390,DEBUG,9EBAA5346ADE0C939B4DE9D33CEE6075,Returning cached instance of singleton bean 'authController'
05-23-2017 03:50:21.390,DEBUG,9EBAA5346ADE0C939B4DE9D33CEE6075,Last-Modified value for [/ict/] is: -1
05-23-2017 03:50:21.390,DEBUG,9EBAA5346ADE0C939B4DE9D33CEE6075,Returning cached instance of singleton bean 'xml_path'
05-23-2017 03:50:21.391,DEBUG,9EBAA5346ADE0C939B4DE9D33CEE6075,Rendering view [org.springframework.web.servlet.view.JstlView: name 'common/PageWrapper'; URL [/WEB-INF/views/common/PageWrapper.jsp]] in DispatcherServlet with name 'appServlet'
05-23-2017 03:50:21.392,DEBUG,9EBAA5346ADE0C939B4DE9D33CEE6075,Forwarding to resource [/WEB-INF/views/common/PageWrapper.jsp] in InternalResourceView 'common/PageWrapper'
05-23-2017 03:50:21.392,DEBUG,9EBAA5346ADE0C939B4DE9D33CEE6075,SecurityContext is empty or contents are anonymous - context will not be stored in HttpSession.
05-23-2017 03:50:21.393,DEBUG,9EBAA5346ADE0C939B4DE9D33CEE6075,Successfully completed request
05-23-2017 03:50:21.393,DEBUG,9EBAA5346ADE0C939B4DE9D33CEE6075,Chain processed normally
05-23-2017 03:50:21.393,DEBUG,9EBAA5346ADE0C939B4DE9D33CEE6075,SecurityContextHolder now cleared, as request processing completed
05-23-2017 03:50:21.405,DEBUG,E2B200CF18E6F2ACFF42AF839F1785E1,/login/ at position 1 of 11 in additional filter chain; firing Filter: 'SecurityContextPersistenceFilter'
05-23-2017 03:50:21.405,DEBUG,E2B200CF18E6F2ACFF42AF839F1785E1,HttpSession returned null object for SPRING_SECURITY_CONTEXT
05-23-2017 03:50:21.406,DEBUG,E2B200CF18E6F2ACFF42AF839F1785E1,No SecurityContext was available from the HttpSession: org.apache.catalina.session.StandardSessionFacade@59618e. A new one will be created.
05-23-2017 03:50:21.406,DEBUG,E2B200CF18E6F2ACFF42AF839F1785E1,/login/ at position 2 of 11 in additional filter chain; firing Filter: 'WebAsyncManagerIntegrationFilter'
05-23-2017 03:50:21.406,DEBUG,E2B200CF18E6F2ACFF42AF839F1785E1,/login/ at position 3 of 11 in additional filter chain; firing Filter: 'LogoutFilter'
05-23-2017 03:50:21.406,DEBUG,E2B200CF18E6F2ACFF42AF839F1785E1,/login/ at position 4 of 11 in additional filter chain; firing Filter: 'UsernamePasswordAuthenticationFilter'
05-23-2017 03:50:21.406,DEBUG,E2B200CF18E6F2ACFF42AF839F1785E1,/login/ at position 5 of 11 in additional filter chain; firing Filter: 'BasicAuthenticationFilter'
05-23-2017 03:50:21.406,DEBUG,E2B200CF18E6F2ACFF42AF839F1785E1,/login/ at position 6 of 11 in additional filter chain; firing Filter: 'RequestCacheAwareFilter'
05-23-2017 03:50:21.406,DEBUG,E2B200CF18E6F2ACFF42AF839F1785E1,/login/ at position 7 of 11 in additional filter chain; firing Filter: 'SecurityContextHolderAwareRequestFilter'
05-23-2017 03:50:21.406,DEBUG,E2B200CF18E6F2ACFF42AF839F1785E1,/login/ at position 8 of 11 in additional filter chain; firing Filter: 'AnonymousAuthenticationFilter'
05-23-2017 03:50:21.406,DEBUG,E2B200CF18E6F2ACFF42AF839F1785E1,Populated SecurityContextHolder with anonymous token: 'org.springframework.security.authentication.AnonymousAuthenticationToken@90514580: Principal: anonymousUser; Credentials: [PROTECTED]; Authenticated: true; Details: org.springframework.security.web.authentication.WebAuthenticationDetails@43458: RemoteIpAddress: 0:0:0:0:0:0:0:1; SessionId: 9EBAA5346ADE0C939B4DE9D33CEE6075; Granted Authorities: ROLE_ANONYMOUS'
05-23-2017 03:50:21.406,DEBUG,E2B200CF18E6F2ACFF42AF839F1785E1,/login/ at position 9 of 11 in additional filter chain; firing Filter: 'SessionManagementFilter'
05-23-2017 03:50:21.406,DEBUG,E2B200CF18E6F2ACFF42AF839F1785E1,/login/ at position 10 of 11 in additional filter chain; firing Filter: 'ExceptionTranslationFilter'
05-23-2017 03:50:21.406,DEBUG,E2B200CF18E6F2ACFF42AF839F1785E1,/login/ at position 11 of 11 in additional filter chain; firing Filter: 'FilterSecurityInterceptor'
05-23-2017 03:50:21.406,DEBUG,E2B200CF18E6F2ACFF42AF839F1785E1,Checking match of request : '/login/'; against '/autherror*'
05-23-2017 03:50:21.407,DEBUG,E2B200CF18E6F2ACFF42AF839F1785E1,Checking match of request : '/login/'; against '/login/**'
05-23-2017 03:50:21.407,DEBUG,E2B200CF18E6F2ACFF42AF839F1785E1,Secure object: FilterInvocation: URL: /login/; Attributes: [IS_AUTHENTICATED_ANONYMOUSLY]
05-23-2017 03:50:21.407,DEBUG,E2B200CF18E6F2ACFF42AF839F1785E1,Previously Authenticated: org.springframework.security.authentication.AnonymousAuthenticationToken@90514580: Principal: anonymousUser; Credentials: [PROTECTED]; Authenticated: true; Details: org.springframework.security.web.authentication.WebAuthenticationDetails@43458: RemoteIpAddress: 0:0:0:0:0:0:0:1; SessionId: 9EBAA5346ADE0C939B4DE9D33CEE6075; Granted Authorities: ROLE_ANONYMOUS
05-23-2017 03:50:21.407,DEBUG,E2B200CF18E6F2ACFF42AF839F1785E1,Voter: org.springframework.security.access.vote.RoleVoter@1ac872d, returned: 0
05-23-2017 03:50:21.407,DEBUG,E2B200CF18E6F2ACFF42AF839F1785E1,Voter: org.springframework.security.access.vote.AuthenticatedVoter@b1927d, returned: 1
05-23-2017 03:50:21.407,DEBUG,E2B200CF18E6F2ACFF42AF839F1785E1,Authorization successful
05-23-2017 03:50:21.407,DEBUG,E2B200CF18E6F2ACFF42AF839F1785E1,RunAsManager did not change Authentication object
05-23-2017 03:50:21.407,DEBUG,E2B200CF18E6F2ACFF42AF839F1785E1,/login/ reached end of additional filter chain; proceeding with original chain
05-23-2017 03:50:21.407,DEBUG,E2B200CF18E6F2ACFF42AF839F1785E1,Request [/ict/login/] is not a multipart request
05-23-2017 03:50:21.407,DEBUG,9EBAA5346ADE0C939B4DE9D33CEE6075,DispatcherServlet with name 'appServlet' processing GET request for [/ict/login/]
05-23-2017 03:50:21.407,DEBUG,9EBAA5346ADE0C939B4DE9D33CEE6075,Looking up handler method for path /login/
05-23-2017 03:50:21.407,DEBUG,9EBAA5346ADE0C939B4DE9D33CEE6075,Returning handler method [public java.lang.String vn.bananavietnam.ict.common.controller.LoginController.top(java.util.Locale,org.springframework.ui.Model)]
05-23-2017 03:50:21.407,DEBUG,9EBAA5346ADE0C939B4DE9D33CEE6075,Returning cached instance of singleton bean 'loginController'
05-23-2017 03:50:21.408,DEBUG,9EBAA5346ADE0C939B4DE9D33CEE6075,Last-Modified value for [/ict/login/] is: -1
05-23-2017 03:50:21.408,DEBUG,9EBAA5346ADE0C939B4DE9D33CEE6075,Returning cached instance of singleton bean 'xml_path'
05-23-2017 03:50:21.408,DEBUG,9EBAA5346ADE0C939B4DE9D33CEE6075,Rendering view [org.springframework.web.servlet.view.JstlView: name 'common/login'; URL [/WEB-INF/views/common/login.jsp]] in DispatcherServlet with name 'appServlet'
05-23-2017 03:50:21.409,DEBUG,9EBAA5346ADE0C939B4DE9D33CEE6075,Forwarding to resource [/WEB-INF/views/common/login.jsp] in InternalResourceView 'common/login'
05-23-2017 03:50:21.411,DEBUG,9EBAA5346ADE0C939B4DE9D33CEE6075,SecurityContext is empty or contents are anonymous - context will not be stored in HttpSession.
05-23-2017 03:50:21.413,DEBUG,9EBAA5346ADE0C939B4DE9D33CEE6075,Successfully completed request
05-23-2017 03:50:21.413,DEBUG,9EBAA5346ADE0C939B4DE9D33CEE6075,Chain processed normally
05-23-2017 03:50:21.414,DEBUG,9EBAA5346ADE0C939B4DE9D33CEE6075,SecurityContextHolder now cleared, as request processing completed
05-23-2017 03:50:26.426,DEBUG,94094B1B0255D69523A35F4FB2E30F41,/j_spring_security_check at position 1 of 11 in additional filter chain; firing Filter: 'SecurityContextPersistenceFilter'
05-23-2017 03:50:26.426,DEBUG,94094B1B0255D69523A35F4FB2E30F41,HttpSession returned null object for SPRING_SECURITY_CONTEXT
05-23-2017 03:50:26.426,DEBUG,94094B1B0255D69523A35F4FB2E30F41,No SecurityContext was available from the HttpSession: org.apache.catalina.session.StandardSessionFacade@59618e. A new one will be created.
05-23-2017 03:50:26.426,DEBUG,94094B1B0255D69523A35F4FB2E30F41,/j_spring_security_check at position 2 of 11 in additional filter chain; firing Filter: 'WebAsyncManagerIntegrationFilter'
05-23-2017 03:50:26.426,DEBUG,94094B1B0255D69523A35F4FB2E30F41,/j_spring_security_check at position 3 of 11 in additional filter chain; firing Filter: 'LogoutFilter'
05-23-2017 03:50:26.426,DEBUG,94094B1B0255D69523A35F4FB2E30F41,/j_spring_security_check at position 4 of 11 in additional filter chain; firing Filter: 'UsernamePasswordAuthenticationFilter'
05-23-2017 03:50:26.426,DEBUG,94094B1B0255D69523A35F4FB2E30F41,Request is to process authentication
05-23-2017 03:50:26.426,DEBUG,94094B1B0255D69523A35F4FB2E30F41,Authentication attempt using org.springframework.security.authentication.dao.DaoAuthenticationProvider
05-23-2017 03:50:26.426,DEBUG,94094B1B0255D69523A35F4FB2E30F41,Executing prepared SQL query
05-23-2017 03:50:26.426,DEBUG,94094B1B0255D69523A35F4FB2E30F41,Executing prepared SQL statement [select users_authorization.usersId as id,                users_authorization.usersName as username,                      users_authorization.usersPassword as password,                      users_authorization.usersFullName as userfullname,                      1 as enabled,                      CASE                       WHEN users_authorization.authorizationTypeId IS NULL THEN '0'                          ELSE users_authorization.authorizationTypeId                      END as roleid,                      CASE                 WHEN access.SCREEN_DISPLAY_ENABLE_FLAG IS NULL THEN '0'                 ELSE access.SCREEN_DISPLAY_ENABLE_FLAG                END as roledisplay,                      CASE                 WHEN access.ADDABLE_FLAG IS NULL THEN '0'                 ELSE access.ADDABLE_FLAG                END as roleadd,                      CASE                 WHEN access.UPDATABLE_FLAG IS NULL THEN '0'                 ELSE access.UPDATABLE_FLAG                END as roleupdate,                      CASE                 WHEN access.DELETABLE_FLAG IS NULL THEN '0'                 ELSE access.DELETABLE_FLAG                END as roledelete,                      CASE                 WHEN access.REFERENCE_FLAG IS NULL THEN '0'                 ELSE access.REFERENCE_FLAG                END as rolereference,                       access.SCREEN_ID as screenid              from (select users_manager.usersId,                 users_manager.usersName,                 users_manager.usersPassword,                 users_manager.usersFullName,                 users_manager.authorizationTypeId,                 authorization.AUTHORIZATION_TYPE_NAME authorizationTypeName,                 authorization.ACCESS_AUTHORITY_ID accessAuthorityId               from (select users.USERS_ID usersId,                  users.USERS_ID usersName,                  users.PASSWORD usersPassword,                  users.USERS_NAME usersFullName,                  manager.AUTHORIZATION_TYPE_ID authorizationTypeId                from IVB_M_USERS users                left join IVB_M_MANAGER manager                 on users.USERS_ID = manager.USERS_ID                 and manager.DELETE_FLAG = '0'                where users.USERS_ID = ?                 and users.DELETE_FLAG = '0'                ) users_manager               left join IVB_M_AUTHORIZATION authorization                on users_manager.authorizationTypeId = authorization.AUTHORIZATION_TYPE_ID                   and authorization.DELETE_FLAG = '0'                  ) users_authorization              left join IVB_M_ACCESS_AUTHORIZATION access               on users_authorization.accessAuthorityId = access.ACCESS_AUTHORITY_ID                  and access.DELETE_FLAG = '0']
05-23-2017 03:50:26.427,DEBUG,94094B1B0255D69523A35F4FB2E30F41,Fetching JDBC Connection from DataSource
05-23-2017 03:50:26.427,DEBUG,94094B1B0255D69523A35F4FB2E30F41,Creating new JDBC DriverManager Connection to [jdbc:mysql://172.16.0.175:3306/BANANA_DB_HUNG_SELENIUM?useUnicode=yes&characterEncoding=UTF-8&autoReconnect=true]
05-23-2017 03:50:26.446,DEBUG,94094B1B0255D69523A35F4FB2E30F41,Returning JDBC Connection to DataSource
05-23-2017 03:50:26.446,DEBUG,94094B1B0255D69523A35F4FB2E30F41,Executing prepared SQL query
05-23-2017 03:50:26.446,DEBUG,94094B1B0255D69523A35F4FB2E30F41,Executing prepared SQL statement [select distinct users.USERS_ID,                  CASE                   WHEN manager.AUTHORIZATION_TYPE_ID IS NULL THEN '0'                   ELSE manager.AUTHORIZATION_TYPE_ID                  END as AUTHORIZATION_TYPE_ID               from IVB_M_USERS users               left join IVB_M_MANAGER manager                on users.USERS_ID = manager.USERS_ID                and manager.DELETE_FLAG = '0'               where users.USERS_ID = ?                and users.DELETE_FLAG = '0']
05-23-2017 03:50:26.446,DEBUG,94094B1B0255D69523A35F4FB2E30F41,Fetching JDBC Connection from DataSource
05-23-2017 03:50:26.446,DEBUG,94094B1B0255D69523A35F4FB2E30F41,Creating new JDBC DriverManager Connection to [jdbc:mysql://172.16.0.175:3306/BANANA_DB_HUNG_SELENIUM?useUnicode=yes&characterEncoding=UTF-8&autoReconnect=true]
05-23-2017 03:50:26.466,DEBUG,94094B1B0255D69523A35F4FB2E30F41,Returning JDBC Connection to DataSource
05-23-2017 03:50:26.467,DEBUG,94094B1B0255D69523A35F4FB2E30F41,Delegating to org.springframework.security.web.authentication.session.ChangeSessionIdAuthenticationStrategy@99fddf
05-23-2017 03:50:26.467,DEBUG,94094B1B0255D69523A35F4FB2E30F41,Authentication success. Updating SecurityContextHolder to contain: org.springframework.security.authentication.UsernamePasswordAuthenticationToken@3b6bb3bb: Principal: vn.bananavietnam.ict.common.auth.MyUser@c4907816: Username: U0000000001; Password: [PROTECTED]; Enabled: true; AccountNonExpired: true; credentialsNonExpired: true; AccountNonLocked: true; Granted Authorities: 1; Credentials: [PROTECTED]; Authenticated: true; Details: org.springframework.security.web.authentication.WebAuthenticationDetails@43458: RemoteIpAddress: 0:0:0:0:0:0:0:1; SessionId: 9EBAA5346ADE0C939B4DE9D33CEE6075; Granted Authorities: 1
05-23-2017 03:50:26.467,DEBUG,94094B1B0255D69523A35F4FB2E30F41,SecurityContext stored to HttpSession: 'org.springframework.security.core.context.SecurityContextImpl@3b6bb3bb: Authentication: org.springframework.security.authentication.UsernamePasswordAuthenticationToken@3b6bb3bb: Principal: vn.bananavietnam.ict.common.auth.MyUser@c4907816: Username: U0000000001; Password: [PROTECTED]; Enabled: true; AccountNonExpired: true; credentialsNonExpired: true; AccountNonLocked: true; Granted Authorities: 1; Credentials: [PROTECTED]; Authenticated: true; Details: org.springframework.security.web.authentication.WebAuthenticationDetails@43458: RemoteIpAddress: 0:0:0:0:0:0:0:1; SessionId: 9EBAA5346ADE0C939B4DE9D33CEE6075; Granted Authorities: 1'
05-23-2017 03:50:26.467,DEBUG,94094B1B0255D69523A35F4FB2E30F41,SecurityContextHolder now cleared, as request processing completed
05-23-2017 03:50:26.474,DEBUG,94094B1B0255D69523A35F4FB2E30F41,/0001/ at position 1 of 11 in additional filter chain; firing Filter: 'SecurityContextPersistenceFilter'
05-23-2017 03:50:26.474,DEBUG,94094B1B0255D69523A35F4FB2E30F41,Obtained a valid SecurityContext from SPRING_SECURITY_CONTEXT: 'org.springframework.security.core.context.SecurityContextImpl@3b6bb3bb: Authentication: org.springframework.security.authentication.UsernamePasswordAuthenticationToken@3b6bb3bb: Principal: vn.bananavietnam.ict.common.auth.MyUser@c4907816: Username: U0000000001; Password: [PROTECTED]; Enabled: true; AccountNonExpired: true; credentialsNonExpired: true; AccountNonLocked: true; Granted Authorities: 1; Credentials: [PROTECTED]; Authenticated: true; Details: org.springframework.security.web.authentication.WebAuthenticationDetails@43458: RemoteIpAddress: 0:0:0:0:0:0:0:1; SessionId: 9EBAA5346ADE0C939B4DE9D33CEE6075; Granted Authorities: 1'
05-23-2017 03:50:26.474,DEBUG,94094B1B0255D69523A35F4FB2E30F41,/0001/ at position 2 of 11 in additional filter chain; firing Filter: 'WebAsyncManagerIntegrationFilter'
05-23-2017 03:50:26.474,DEBUG,94094B1B0255D69523A35F4FB2E30F41,/0001/ at position 3 of 11 in additional filter chain; firing Filter: 'LogoutFilter'
05-23-2017 03:50:26.474,DEBUG,94094B1B0255D69523A35F4FB2E30F41,/0001/ at position 4 of 11 in additional filter chain; firing Filter: 'UsernamePasswordAuthenticationFilter'
05-23-2017 03:50:26.474,DEBUG,94094B1B0255D69523A35F4FB2E30F41,/0001/ at position 5 of 11 in additional filter chain; firing Filter: 'BasicAuthenticationFilter'
05-23-2017 03:50:26.474,DEBUG,94094B1B0255D69523A35F4FB2E30F41,/0001/ at position 6 of 11 in additional filter chain; firing Filter: 'RequestCacheAwareFilter'
05-23-2017 03:50:26.474,DEBUG,94094B1B0255D69523A35F4FB2E30F41,/0001/ at position 7 of 11 in additional filter chain; firing Filter: 'SecurityContextHolderAwareRequestFilter'
05-23-2017 03:50:26.474,DEBUG,94094B1B0255D69523A35F4FB2E30F41,/0001/ at position 8 of 11 in additional filter chain; firing Filter: 'AnonymousAuthenticationFilter'
05-23-2017 03:50:26.474,DEBUG,94094B1B0255D69523A35F4FB2E30F41,SecurityContextHolder not populated with anonymous token, as it already contained: 'org.springframework.security.authentication.UsernamePasswordAuthenticationToken@3b6bb3bb: Principal: vn.bananavietnam.ict.common.auth.MyUser@c4907816: Username: U0000000001; Password: [PROTECTED]; Enabled: true; AccountNonExpired: true; credentialsNonExpired: true; AccountNonLocked: true; Granted Authorities: 1; Credentials: [PROTECTED]; Authenticated: true; Details: org.springframework.security.web.authentication.WebAuthenticationDetails@43458: RemoteIpAddress: 0:0:0:0:0:0:0:1; SessionId: 9EBAA5346ADE0C939B4DE9D33CEE6075; Granted Authorities: 1'
05-23-2017 03:50:26.474,DEBUG,94094B1B0255D69523A35F4FB2E30F41,/0001/ at position 9 of 11 in additional filter chain; firing Filter: 'SessionManagementFilter'
05-23-2017 03:50:26.474,DEBUG,94094B1B0255D69523A35F4FB2E30F41,/0001/ at position 10 of 11 in additional filter chain; firing Filter: 'ExceptionTranslationFilter'
05-23-2017 03:50:26.474,DEBUG,94094B1B0255D69523A35F4FB2E30F41,/0001/ at position 11 of 11 in additional filter chain; firing Filter: 'FilterSecurityInterceptor'
05-23-2017 03:50:26.474,DEBUG,94094B1B0255D69523A35F4FB2E30F41,Checking match of request : '/0001/'; against '/autherror*'
05-23-2017 03:50:26.474,DEBUG,94094B1B0255D69523A35F4FB2E30F41,Checking match of request : '/0001/'; against '/login/**'
05-23-2017 03:50:26.474,DEBUG,94094B1B0255D69523A35F4FB2E30F41,Checking match of request : '/0001/'; against '/error/**'
05-23-2017 03:50:26.474,DEBUG,94094B1B0255D69523A35F4FB2E30F41,Checking match of request : '/0001/'; against '/0001/**'
05-23-2017 03:50:26.474,DEBUG,94094B1B0255D69523A35F4FB2E30F41,Secure object: FilterInvocation: URL: /0001/; Attributes: [ROLE_ADMIN, ROLE_USER, IS_AUTHENTICATED_FULLY]
05-23-2017 03:50:26.474,DEBUG,94094B1B0255D69523A35F4FB2E30F41,Previously Authenticated: org.springframework.security.authentication.UsernamePasswordAuthenticationToken@3b6bb3bb: Principal: vn.bananavietnam.ict.common.auth.MyUser@c4907816: Username: U0000000001; Password: [PROTECTED]; Enabled: true; AccountNonExpired: true; credentialsNonExpired: true; AccountNonLocked: true; Granted Authorities: 1; Credentials: [PROTECTED]; Authenticated: true; Details: org.springframework.security.web.authentication.WebAuthenticationDetails@43458: RemoteIpAddress: 0:0:0:0:0:0:0:1; SessionId: 9EBAA5346ADE0C939B4DE9D33CEE6075; Granted Authorities: 1
05-23-2017 03:50:26.474,DEBUG,94094B1B0255D69523A35F4FB2E30F41,Voter: org.springframework.security.access.vote.RoleVoter@1ac872d, returned: -1
05-23-2017 03:50:26.475,DEBUG,94094B1B0255D69523A35F4FB2E30F41,Voter: org.springframework.security.access.vote.AuthenticatedVoter@b1927d, returned: 1
05-23-2017 03:50:26.475,DEBUG,94094B1B0255D69523A35F4FB2E30F41,Authorization successful
05-23-2017 03:50:26.475,DEBUG,94094B1B0255D69523A35F4FB2E30F41,RunAsManager did not change Authentication object
05-23-2017 03:50:26.475,DEBUG,94094B1B0255D69523A35F4FB2E30F41,/0001/ reached end of additional filter chain; proceeding with original chain
05-23-2017 03:50:26.475,DEBUG,94094B1B0255D69523A35F4FB2E30F41,Request [/ict/0001/] is not a multipart request
05-23-2017 03:50:26.475,DEBUG,CD266159CC3BCC1573C93F9CF65B91B8,DispatcherServlet with name 'appServlet' processing GET request for [/ict/0001/]
05-23-2017 03:50:26.475,DEBUG,CD266159CC3BCC1573C93F9CF65B91B8,Looking up handler method for path /0001/
05-23-2017 03:50:26.475,DEBUG,CD266159CC3BCC1573C93F9CF65B91B8,Returning handler method [public java.lang.String vn.bananavietnam.ict.banana.controller.Bnn0001BananaMenuController.top(javax.servlet.http.HttpServletRequest,java.util.Locale,org.springframework.ui.Model)]
05-23-2017 03:50:26.475,DEBUG,CD266159CC3BCC1573C93F9CF65B91B8,Returning cached instance of singleton bean 'bnn0001BananaMenuController'
05-23-2017 03:50:26.475,DEBUG,CD266159CC3BCC1573C93F9CF65B91B8,Last-Modified value for [/ict/0001/] is: -1
05-23-2017 03:50:26.475,DEBUG,CD266159CC3BCC1573C93F9CF65B91B8,Returning cached instance of singleton bean 'xml_path'
05-23-2017 03:50:26.478,DEBUG,CD266159CC3BCC1573C93F9CF65B91B8,Rendering view [org.springframework.web.servlet.view.JstlView: name 'banana/Bnn0001BananaMenu'; URL [/WEB-INF/views/banana/Bnn0001BananaMenu.jsp]] in DispatcherServlet with name 'appServlet'
05-23-2017 03:50:26.479,DEBUG,CD266159CC3BCC1573C93F9CF65B91B8,Added model object 'resetDate' of type [java.lang.String] to request in view with name 'banana/Bnn0001BananaMenu'
05-23-2017 03:50:26.479,DEBUG,CD266159CC3BCC1573C93F9CF65B91B8,Added model object 'layoutDate' of type [java.lang.String] to request in view with name 'banana/Bnn0001BananaMenu'
05-23-2017 03:50:26.479,DEBUG,CD266159CC3BCC1573C93F9CF65B91B8,Added model object 'jqueryUiCssDate' of type [java.lang.String] to request in view with name 'banana/Bnn0001BananaMenu'
05-23-2017 03:50:26.479,DEBUG,CD266159CC3BCC1573C93F9CF65B91B8,Added model object 'messageHandlerDate' of type [java.lang.String] to request in view with name 'banana/Bnn0001BananaMenu'
05-23-2017 03:50:26.479,DEBUG,CD266159CC3BCC1573C93F9CF65B91B8,Added model object 'jqueryDate' of type [java.lang.String] to request in view with name 'banana/Bnn0001BananaMenu'
05-23-2017 03:50:26.479,DEBUG,CD266159CC3BCC1573C93F9CF65B91B8,Added model object 'jqueryUiDate' of type [java.lang.String] to request in view with name 'banana/Bnn0001BananaMenu'
05-23-2017 03:50:26.479,DEBUG,CD266159CC3BCC1573C93F9CF65B91B8,Added model object 'datepickerDate' of type [java.lang.String] to request in view with name 'banana/Bnn0001BananaMenu'
05-23-2017 03:50:26.479,DEBUG,CD266159CC3BCC1573C93F9CF65B91B8,Added model object 'inputmaskDate' of type [java.lang.String] to request in view with name 'banana/Bnn0001BananaMenu'
05-23-2017 03:50:26.479,DEBUG,CD266159CC3BCC1573C93F9CF65B91B8,Added model object 'jqueryInputmaskDate' of type [java.lang.String] to request in view with name 'banana/Bnn0001BananaMenu'
05-23-2017 03:50:26.479,DEBUG,CD266159CC3BCC1573C93F9CF65B91B8,Added model object 'inputMaskExtDate' of type [java.lang.String] to request in view with name 'banana/Bnn0001BananaMenu'
05-23-2017 03:50:26.479,DEBUG,CD266159CC3BCC1573C93F9CF65B91B8,Added model object 'calendarDate' of type [java.lang.String] to request in view with name 'banana/Bnn0001BananaMenu'
05-23-2017 03:50:26.479,DEBUG,CD266159CC3BCC1573C93F9CF65B91B8,Added model object 'messageDate' of type [java.lang.String] to request in view with name 'banana/Bnn0001BananaMenu'
05-23-2017 03:50:26.479,DEBUG,CD266159CC3BCC1573C93F9CF65B91B8,Added model object 'storageDate' of type [java.lang.String] to request in view with name 'banana/Bnn0001BananaMenu'
05-23-2017 03:50:26.479,DEBUG,CD266159CC3BCC1573C93F9CF65B91B8,Added model object 'commonDate' of type [java.lang.String] to request in view with name 'banana/Bnn0001BananaMenu'
05-23-2017 03:50:26.479,DEBUG,CD266159CC3BCC1573C93F9CF65B91B8,Added model object 'bananaMenuCssDate' of type [java.lang.String] to request in view with name 'banana/Bnn0001BananaMenu'
05-23-2017 03:50:26.479,DEBUG,CD266159CC3BCC1573C93F9CF65B91B8,Added model object 'bananaMenuJsDate' of type [java.lang.String] to request in view with name 'banana/Bnn0001BananaMenu'
05-23-2017 03:50:26.479,DEBUG,CD266159CC3BCC1573C93F9CF65B91B8,Forwarding to resource [/WEB-INF/views/banana/Bnn0001BananaMenu.jsp] in InternalResourceView 'banana/Bnn0001BananaMenu'
05-23-2017 03:50:26.480,DEBUG,CD266159CC3BCC1573C93F9CF65B91B8,Render request received for definition 'defaultTemplate'
05-23-2017 03:50:26.482,DEBUG,CD266159CC3BCC1573C93F9CF65B91B8,Successfully completed request
05-23-2017 03:50:26.482,DEBUG,CD266159CC3BCC1573C93F9CF65B91B8,Chain processed normally
05-23-2017 03:50:26.482,DEBUG,CD266159CC3BCC1573C93F9CF65B91B8,SecurityContextHolder now cleared, as request processing completed
05-23-2017 03:50:27.833,DEBUG,94094B1B0255D69523A35F4FB2E30F41,/0089/ at position 1 of 11 in additional filter chain; firing Filter: 'SecurityContextPersistenceFilter'
05-23-2017 03:50:27.833,DEBUG,94094B1B0255D69523A35F4FB2E30F41,Obtained a valid SecurityContext from SPRING_SECURITY_CONTEXT: 'org.springframework.security.core.context.SecurityContextImpl@3b6bb3bb: Authentication: org.springframework.security.authentication.UsernamePasswordAuthenticationToken@3b6bb3bb: Principal: vn.bananavietnam.ict.common.auth.MyUser@c4907816: Username: U0000000001; Password: [PROTECTED]; Enabled: true; AccountNonExpired: true; credentialsNonExpired: true; AccountNonLocked: true; Granted Authorities: 1; Credentials: [PROTECTED]; Authenticated: true; Details: org.springframework.security.web.authentication.WebAuthenticationDetails@43458: RemoteIpAddress: 0:0:0:0:0:0:0:1; SessionId: 9EBAA5346ADE0C939B4DE9D33CEE6075; Granted Authorities: 1'
05-23-2017 03:50:27.833,DEBUG,94094B1B0255D69523A35F4FB2E30F41,/0089/ at position 2 of 11 in additional filter chain; firing Filter: 'WebAsyncManagerIntegrationFilter'
05-23-2017 03:50:27.833,DEBUG,94094B1B0255D69523A35F4FB2E30F41,/0089/ at position 3 of 11 in additional filter chain; firing Filter: 'LogoutFilter'
05-23-2017 03:50:27.833,DEBUG,94094B1B0255D69523A35F4FB2E30F41,/0089/ at position 4 of 11 in additional filter chain; firing Filter: 'UsernamePasswordAuthenticationFilter'
05-23-2017 03:50:27.833,DEBUG,94094B1B0255D69523A35F4FB2E30F41,/0089/ at position 5 of 11 in additional filter chain; firing Filter: 'BasicAuthenticationFilter'
05-23-2017 03:50:27.833,DEBUG,94094B1B0255D69523A35F4FB2E30F41,/0089/ at position 6 of 11 in additional filter chain; firing Filter: 'RequestCacheAwareFilter'
05-23-2017 03:50:27.833,DEBUG,94094B1B0255D69523A35F4FB2E30F41,/0089/ at position 7 of 11 in additional filter chain; firing Filter: 'SecurityContextHolderAwareRequestFilter'
05-23-2017 03:50:27.833,DEBUG,94094B1B0255D69523A35F4FB2E30F41,/0089/ at position 8 of 11 in additional filter chain; firing Filter: 'AnonymousAuthenticationFilter'
05-23-2017 03:50:27.833,DEBUG,94094B1B0255D69523A35F4FB2E30F41,SecurityContextHolder not populated with anonymous token, as it already contained: 'org.springframework.security.authentication.UsernamePasswordAuthenticationToken@3b6bb3bb: Principal: vn.bananavietnam.ict.common.auth.MyUser@c4907816: Username: U0000000001; Password: [PROTECTED]; Enabled: true; AccountNonExpired: true; credentialsNonExpired: true; AccountNonLocked: true; Granted Authorities: 1; Credentials: [PROTECTED]; Authenticated: true; Details: org.springframework.security.web.authentication.WebAuthenticationDetails@43458: RemoteIpAddress: 0:0:0:0:0:0:0:1; SessionId: 9EBAA5346ADE0C939B4DE9D33CEE6075; Granted Authorities: 1'
05-23-2017 03:50:27.833,DEBUG,94094B1B0255D69523A35F4FB2E30F41,/0089/ at position 9 of 11 in additional filter chain; firing Filter: 'SessionManagementFilter'
05-23-2017 03:50:27.833,DEBUG,94094B1B0255D69523A35F4FB2E30F41,/0089/ at position 10 of 11 in additional filter chain; firing Filter: 'ExceptionTranslationFilter'
05-23-2017 03:50:27.833,DEBUG,94094B1B0255D69523A35F4FB2E30F41,/0089/ at position 11 of 11 in additional filter chain; firing Filter: 'FilterSecurityInterceptor'
05-23-2017 03:50:27.833,DEBUG,94094B1B0255D69523A35F4FB2E30F41,Checking match of request : '/0089/'; against '/autherror*'
05-23-2017 03:50:27.833,DEBUG,94094B1B0255D69523A35F4FB2E30F41,Checking match of request : '/0089/'; against '/login/**'
05-23-2017 03:50:27.833,DEBUG,94094B1B0255D69523A35F4FB2E30F41,Checking match of request : '/0089/'; against '/error/**'
05-23-2017 03:50:27.833,DEBUG,94094B1B0255D69523A35F4FB2E30F41,Checking match of request : '/0089/'; against '/0001/**'
05-23-2017 03:50:27.833,DEBUG,94094B1B0255D69523A35F4FB2E30F41,Checking match of request : '/0089/'; against '/0002/**'
05-23-2017 03:50:27.833,DEBUG,94094B1B0255D69523A35F4FB2E30F41,Checking match of request : '/0089/'; against '/0003/**'
05-23-2017 03:50:27.833,DEBUG,94094B1B0255D69523A35F4FB2E30F41,Checking match of request : '/0089/'; against '/0005/**'
05-23-2017 03:50:27.833,DEBUG,94094B1B0255D69523A35F4FB2E30F41,Checking match of request : '/0089/'; against '/0007/**'
05-23-2017 03:50:27.833,DEBUG,94094B1B0255D69523A35F4FB2E30F41,Checking match of request : '/0089/'; against '/0009/**'
05-23-2017 03:50:27.834,DEBUG,94094B1B0255D69523A35F4FB2E30F41,Checking match of request : '/0089/'; against '/0013/**'
05-23-2017 03:50:27.834,DEBUG,94094B1B0255D69523A35F4FB2E30F41,Checking match of request : '/0089/'; against '/0023/**'
05-23-2017 03:50:27.834,DEBUG,94094B1B0255D69523A35F4FB2E30F41,Checking match of request : '/0089/'; against '/0017/**'
05-23-2017 03:50:27.834,DEBUG,94094B1B0255D69523A35F4FB2E30F41,Checking match of request : '/0089/'; against '/0031/**'
05-23-2017 03:50:27.834,DEBUG,94094B1B0255D69523A35F4FB2E30F41,Checking match of request : '/0089/'; against '/0035/**'
05-23-2017 03:50:27.834,DEBUG,94094B1B0255D69523A35F4FB2E30F41,Checking match of request : '/0089/'; against '/0037/**'
05-23-2017 03:50:27.834,DEBUG,94094B1B0255D69523A35F4FB2E30F41,Checking match of request : '/0089/'; against '/0045/**'
05-23-2017 03:50:27.834,DEBUG,94094B1B0255D69523A35F4FB2E30F41,Checking match of request : '/0089/'; against '/0047/**'
05-23-2017 03:50:27.834,DEBUG,94094B1B0255D69523A35F4FB2E30F41,Checking match of request : '/0089/'; against '/0049/**'
05-23-2017 03:50:27.834,DEBUG,94094B1B0255D69523A35F4FB2E30F41,Checking match of request : '/0089/'; against '/0061/**'
05-23-2017 03:50:27.834,DEBUG,94094B1B0255D69523A35F4FB2E30F41,Checking match of request : '/0089/'; against '/0087/**'
05-23-2017 03:50:27.834,DEBUG,94094B1B0255D69523A35F4FB2E30F41,Checking match of request : '/0089/'; against '/0075/**'
05-23-2017 03:50:27.834,DEBUG,94094B1B0255D69523A35F4FB2E30F41,Checking match of request : '/0089/'; against '/0089/**'
05-23-2017 03:50:27.834,DEBUG,94094B1B0255D69523A35F4FB2E30F41,Secure object: FilterInvocation: URL: /0089/; Attributes: [ROLE_ADMIN, ROLE_USER, IS_AUTHENTICATED_FULLY]
05-23-2017 03:50:27.834,DEBUG,94094B1B0255D69523A35F4FB2E30F41,Previously Authenticated: org.springframework.security.authentication.UsernamePasswordAuthenticationToken@3b6bb3bb: Principal: vn.bananavietnam.ict.common.auth.MyUser@c4907816: Username: U0000000001; Password: [PROTECTED]; Enabled: true; AccountNonExpired: true; credentialsNonExpired: true; AccountNonLocked: true; Granted Authorities: 1; Credentials: [PROTECTED]; Authenticated: true; Details: org.springframework.security.web.authentication.WebAuthenticationDetails@43458: RemoteIpAddress: 0:0:0:0:0:0:0:1; SessionId: 9EBAA5346ADE0C939B4DE9D33CEE6075; Granted Authorities: 1
05-23-2017 03:50:27.834,DEBUG,94094B1B0255D69523A35F4FB2E30F41,Voter: org.springframework.security.access.vote.RoleVoter@1ac872d, returned: -1
05-23-2017 03:50:27.834,DEBUG,94094B1B0255D69523A35F4FB2E30F41,Voter: org.springframework.security.access.vote.AuthenticatedVoter@b1927d, returned: 1
05-23-2017 03:50:27.834,DEBUG,94094B1B0255D69523A35F4FB2E30F41,Authorization successful
05-23-2017 03:50:27.834,DEBUG,94094B1B0255D69523A35F4FB2E30F41,RunAsManager did not change Authentication object
05-23-2017 03:50:27.834,DEBUG,94094B1B0255D69523A35F4FB2E30F41,/0089/ reached end of additional filter chain; proceeding with original chain
05-23-2017 03:50:27.834,DEBUG,94094B1B0255D69523A35F4FB2E30F41,Request [/ict/0089/] is not a multipart request
05-23-2017 03:50:27.834,DEBUG,CD266159CC3BCC1573C93F9CF65B91B8,DispatcherServlet with name 'appServlet' processing GET request for [/ict/0089/]
05-23-2017 03:50:27.834,DEBUG,CD266159CC3BCC1573C93F9CF65B91B8,Looking up handler method for path /0089/
05-23-2017 03:50:27.834,DEBUG,CD266159CC3BCC1573C93F9CF65B91B8,Returning handler method [public java.lang.String vn.bananavietnam.ict.banana.controller.Bnn0089SearchTaskController.top(javax.servlet.http.HttpServletRequest,java.util.Locale,org.springframework.ui.Model)]
05-23-2017 03:50:27.835,DEBUG,CD266159CC3BCC1573C93F9CF65B91B8,Returning cached instance of singleton bean 'bnn0089SearchTaskController'
05-23-2017 03:50:27.835,DEBUG,CD266159CC3BCC1573C93F9CF65B91B8,Last-Modified value for [/ict/0089/] is: -1
05-23-2017 03:50:27.835,DEBUG,CD266159CC3BCC1573C93F9CF65B91B8,Returning cached instance of singleton bean 'xml_path'
05-23-2017 03:50:27.837,DEBUG,CD266159CC3BCC1573C93F9CF65B91B8,Rendering view [org.springframework.web.servlet.view.JstlView: name 'banana/Bnn0089SearchTask'; URL [/WEB-INF/views/banana/Bnn0089SearchTask.jsp]] in DispatcherServlet with name 'appServlet'
05-23-2017 03:50:27.837,DEBUG,CD266159CC3BCC1573C93F9CF65B91B8,Added model object 'resetDate' of type [java.lang.String] to request in view with name 'banana/Bnn0089SearchTask'
05-23-2017 03:50:27.837,DEBUG,CD266159CC3BCC1573C93F9CF65B91B8,Added model object 'layoutDate' of type [java.lang.String] to request in view with name 'banana/Bnn0089SearchTask'
05-23-2017 03:50:27.837,DEBUG,CD266159CC3BCC1573C93F9CF65B91B8,Added model object 'jqueryUiCssDate' of type [java.lang.String] to request in view with name 'banana/Bnn0089SearchTask'
05-23-2017 03:50:27.837,DEBUG,CD266159CC3BCC1573C93F9CF65B91B8,Added model object 'messageHandlerDate' of type [java.lang.String] to request in view with name 'banana/Bnn0089SearchTask'
05-23-2017 03:50:27.837,DEBUG,CD266159CC3BCC1573C93F9CF65B91B8,Added model object 'jqueryDate' of type [java.lang.String] to request in view with name 'banana/Bnn0089SearchTask'
05-23-2017 03:50:27.837,DEBUG,CD266159CC3BCC1573C93F9CF65B91B8,Added model object 'jqueryUiDate' of type [java.lang.String] to request in view with name 'banana/Bnn0089SearchTask'
05-23-2017 03:50:27.837,DEBUG,CD266159CC3BCC1573C93F9CF65B91B8,Added model object 'datepickerDate' of type [java.lang.String] to request in view with name 'banana/Bnn0089SearchTask'
05-23-2017 03:50:27.837,DEBUG,CD266159CC3BCC1573C93F9CF65B91B8,Added model object 'inputmaskDate' of type [java.lang.String] to request in view with name 'banana/Bnn0089SearchTask'
05-23-2017 03:50:27.837,DEBUG,CD266159CC3BCC1573C93F9CF65B91B8,Added model object 'jqueryInputmaskDate' of type [java.lang.String] to request in view with name 'banana/Bnn0089SearchTask'
05-23-2017 03:50:27.837,DEBUG,CD266159CC3BCC1573C93F9CF65B91B8,Added model object 'inputMaskExtDate' of type [java.lang.String] to request in view with name 'banana/Bnn0089SearchTask'
05-23-2017 03:50:27.837,DEBUG,CD266159CC3BCC1573C93F9CF65B91B8,Added model object 'calendarDate' of type [java.lang.String] to request in view with name 'banana/Bnn0089SearchTask'
05-23-2017 03:50:27.837,DEBUG,CD266159CC3BCC1573C93F9CF65B91B8,Added model object 'messageDate' of type [java.lang.String] to request in view with name 'banana/Bnn0089SearchTask'
05-23-2017 03:50:27.837,DEBUG,CD266159CC3BCC1573C93F9CF65B91B8,Added model object 'storageDate' of type [java.lang.String] to request in view with name 'banana/Bnn0089SearchTask'
05-23-2017 03:50:27.837,DEBUG,CD266159CC3BCC1573C93F9CF65B91B8,Added model object 'commonDate' of type [java.lang.String] to request in view with name 'banana/Bnn0089SearchTask'
05-23-2017 03:50:27.837,DEBUG,CD266159CC3BCC1573C93F9CF65B91B8,Added model object 'searchTaskCssDate' of type [java.lang.String] to request in view with name 'banana/Bnn0089SearchTask'
05-23-2017 03:50:27.837,DEBUG,CD266159CC3BCC1573C93F9CF65B91B8,Added model object 'searchTaskJsDate' of type [java.lang.String] to request in view with name 'banana/Bnn0089SearchTask'
05-23-2017 03:50:27.837,DEBUG,CD266159CC3BCC1573C93F9CF65B91B8,Forwarding to resource [/WEB-INF/views/banana/Bnn0089SearchTask.jsp] in InternalResourceView 'banana/Bnn0089SearchTask'
05-23-2017 03:50:27.838,DEBUG,CD266159CC3BCC1573C93F9CF65B91B8,Render request received for definition 'defaultTemplate'
05-23-2017 03:50:27.841,DEBUG,CD266159CC3BCC1573C93F9CF65B91B8,Successfully completed request
05-23-2017 03:50:27.842,DEBUG,CD266159CC3BCC1573C93F9CF65B91B8,Chain processed normally
05-23-2017 03:50:27.842,DEBUG,CD266159CC3BCC1573C93F9CF65B91B8,SecurityContextHolder now cleared, as request processing completed
05-23-2017 03:50:27.924,DEBUG,94094B1B0255D69523A35F4FB2E30F41,/0089/searchData at position 1 of 11 in additional filter chain; firing Filter: 'SecurityContextPersistenceFilter'
05-23-2017 03:50:27.924,DEBUG,94094B1B0255D69523A35F4FB2E30F41,Obtained a valid SecurityContext from SPRING_SECURITY_CONTEXT: 'org.springframework.security.core.context.SecurityContextImpl@3b6bb3bb: Authentication: org.springframework.security.authentication.UsernamePasswordAuthenticationToken@3b6bb3bb: Principal: vn.bananavietnam.ict.common.auth.MyUser@c4907816: Username: U0000000001; Password: [PROTECTED]; Enabled: true; AccountNonExpired: true; credentialsNonExpired: true; AccountNonLocked: true; Granted Authorities: 1; Credentials: [PROTECTED]; Authenticated: true; Details: org.springframework.security.web.authentication.WebAuthenticationDetails@43458: RemoteIpAddress: 0:0:0:0:0:0:0:1; SessionId: 9EBAA5346ADE0C939B4DE9D33CEE6075; Granted Authorities: 1'
05-23-2017 03:50:27.924,DEBUG,94094B1B0255D69523A35F4FB2E30F41,/0089/searchData at position 2 of 11 in additional filter chain; firing Filter: 'WebAsyncManagerIntegrationFilter'
05-23-2017 03:50:27.924,DEBUG,94094B1B0255D69523A35F4FB2E30F41,/0089/searchData at position 3 of 11 in additional filter chain; firing Filter: 'LogoutFilter'
05-23-2017 03:50:27.924,DEBUG,94094B1B0255D69523A35F4FB2E30F41,/0089/searchData at position 4 of 11 in additional filter chain; firing Filter: 'UsernamePasswordAuthenticationFilter'
05-23-2017 03:50:27.924,DEBUG,94094B1B0255D69523A35F4FB2E30F41,/0089/searchData at position 5 of 11 in additional filter chain; firing Filter: 'BasicAuthenticationFilter'
05-23-2017 03:50:27.924,DEBUG,94094B1B0255D69523A35F4FB2E30F41,/0089/searchData at position 6 of 11 in additional filter chain; firing Filter: 'RequestCacheAwareFilter'
05-23-2017 03:50:27.924,DEBUG,94094B1B0255D69523A35F4FB2E30F41,/0089/searchData at position 7 of 11 in additional filter chain; firing Filter: 'SecurityContextHolderAwareRequestFilter'
05-23-2017 03:50:27.924,DEBUG,94094B1B0255D69523A35F4FB2E30F41,/0089/searchData at position 8 of 11 in additional filter chain; firing Filter: 'AnonymousAuthenticationFilter'
05-23-2017 03:50:27.924,DEBUG,94094B1B0255D69523A35F4FB2E30F41,SecurityContextHolder not populated with anonymous token, as it already contained: 'org.springframework.security.authentication.UsernamePasswordAuthenticationToken@3b6bb3bb: Principal: vn.bananavietnam.ict.common.auth.MyUser@c4907816: Username: U0000000001; Password: [PROTECTED]; Enabled: true; AccountNonExpired: true; credentialsNonExpired: true; AccountNonLocked: true; Granted Authorities: 1; Credentials: [PROTECTED]; Authenticated: true; Details: org.springframework.security.web.authentication.WebAuthenticationDetails@43458: RemoteIpAddress: 0:0:0:0:0:0:0:1; SessionId: 9EBAA5346ADE0C939B4DE9D33CEE6075; Granted Authorities: 1'
05-23-2017 03:50:27.924,DEBUG,94094B1B0255D69523A35F4FB2E30F41,/0089/searchData at position 9 of 11 in additional filter chain; firing Filter: 'SessionManagementFilter'
05-23-2017 03:50:27.924,DEBUG,94094B1B0255D69523A35F4FB2E30F41,/0089/searchData at position 10 of 11 in additional filter chain; firing Filter: 'ExceptionTranslationFilter'
05-23-2017 03:50:27.924,DEBUG,94094B1B0255D69523A35F4FB2E30F41,/0089/searchData at position 11 of 11 in additional filter chain; firing Filter: 'FilterSecurityInterceptor'
05-23-2017 03:50:27.924,DEBUG,94094B1B0255D69523A35F4FB2E30F41,Checking match of request : '/0089/searchdata'; against '/autherror*'
05-23-2017 03:50:27.924,DEBUG,94094B1B0255D69523A35F4FB2E30F41,Checking match of request : '/0089/searchdata'; against '/login/**'
05-23-2017 03:50:27.924,DEBUG,94094B1B0255D69523A35F4FB2E30F41,Checking match of request : '/0089/searchdata'; against '/error/**'
05-23-2017 03:50:27.924,DEBUG,94094B1B0255D69523A35F4FB2E30F41,Checking match of request : '/0089/searchdata'; against '/0001/**'
05-23-2017 03:50:27.924,DEBUG,94094B1B0255D69523A35F4FB2E30F41,Checking match of request : '/0089/searchdata'; against '/0002/**'
05-23-2017 03:50:27.924,DEBUG,94094B1B0255D69523A35F4FB2E30F41,Checking match of request : '/0089/searchdata'; against '/0003/**'
05-23-2017 03:50:27.924,DEBUG,94094B1B0255D69523A35F4FB2E30F41,Checking match of request : '/0089/searchdata'; against '/0005/**'
05-23-2017 03:50:27.924,DEBUG,94094B1B0255D69523A35F4FB2E30F41,Checking match of request : '/0089/searchdata'; against '/0007/**'
05-23-2017 03:50:27.924,DEBUG,94094B1B0255D69523A35F4FB2E30F41,Checking match of request : '/0089/searchdata'; against '/0009/**'
05-23-2017 03:50:27.924,DEBUG,94094B1B0255D69523A35F4FB2E30F41,Checking match of request : '/0089/searchdata'; against '/0013/**'
05-23-2017 03:50:27.924,DEBUG,94094B1B0255D69523A35F4FB2E30F41,Checking match of request : '/0089/searchdata'; against '/0023/**'
05-23-2017 03:50:27.924,DEBUG,94094B1B0255D69523A35F4FB2E30F41,Checking match of request : '/0089/searchdata'; against '/0017/**'
05-23-2017 03:50:27.925,DEBUG,94094B1B0255D69523A35F4FB2E30F41,Checking match of request : '/0089/searchdata'; against '/0031/**'
05-23-2017 03:50:27.925,DEBUG,94094B1B0255D69523A35F4FB2E30F41,Checking match of request : '/0089/searchdata'; against '/0035/**'
05-23-2017 03:50:27.925,DEBUG,94094B1B0255D69523A35F4FB2E30F41,Checking match of request : '/0089/searchdata'; against '/0037/**'
05-23-2017 03:50:27.925,DEBUG,94094B1B0255D69523A35F4FB2E30F41,Checking match of request : '/0089/searchdata'; against '/0045/**'
05-23-2017 03:50:27.925,DEBUG,94094B1B0255D69523A35F4FB2E30F41,Checking match of request : '/0089/searchdata'; against '/0047/**'
05-23-2017 03:50:27.925,DEBUG,94094B1B0255D69523A35F4FB2E30F41,Checking match of request : '/0089/searchdata'; against '/0049/**'
05-23-2017 03:50:27.925,DEBUG,94094B1B0255D69523A35F4FB2E30F41,Checking match of request : '/0089/searchdata'; against '/0061/**'
05-23-2017 03:50:27.925,DEBUG,94094B1B0255D69523A35F4FB2E30F41,Checking match of request : '/0089/searchdata'; against '/0087/**'
05-23-2017 03:50:27.925,DEBUG,94094B1B0255D69523A35F4FB2E30F41,Checking match of request : '/0089/searchdata'; against '/0075/**'
05-23-2017 03:50:27.925,DEBUG,94094B1B0255D69523A35F4FB2E30F41,Checking match of request : '/0089/searchdata'; against '/0089/**'
05-23-2017 03:50:27.925,DEBUG,94094B1B0255D69523A35F4FB2E30F41,Secure object: FilterInvocation: URL: /0089/searchData; Attributes: [ROLE_ADMIN, ROLE_USER, IS_AUTHENTICATED_FULLY]
05-23-2017 03:50:27.925,DEBUG,94094B1B0255D69523A35F4FB2E30F41,Previously Authenticated: org.springframework.security.authentication.UsernamePasswordAuthenticationToken@3b6bb3bb: Principal: vn.bananavietnam.ict.common.auth.MyUser@c4907816: Username: U0000000001; Password: [PROTECTED]; Enabled: true; AccountNonExpired: true; credentialsNonExpired: true; AccountNonLocked: true; Granted Authorities: 1; Credentials: [PROTECTED]; Authenticated: true; Details: org.springframework.security.web.authentication.WebAuthenticationDetails@43458: RemoteIpAddress: 0:0:0:0:0:0:0:1; SessionId: 9EBAA5346ADE0C939B4DE9D33CEE6075; Granted Authorities: 1
05-23-2017 03:50:27.925,DEBUG,94094B1B0255D69523A35F4FB2E30F41,Voter: org.springframework.security.access.vote.RoleVoter@1ac872d, returned: -1
05-23-2017 03:50:27.925,DEBUG,94094B1B0255D69523A35F4FB2E30F41,Voter: org.springframework.security.access.vote.AuthenticatedVoter@b1927d, returned: 1
05-23-2017 03:50:27.925,DEBUG,94094B1B0255D69523A35F4FB2E30F41,Authorization successful
05-23-2017 03:50:27.925,DEBUG,94094B1B0255D69523A35F4FB2E30F41,RunAsManager did not change Authentication object
05-23-2017 03:50:27.925,DEBUG,94094B1B0255D69523A35F4FB2E30F41,/0089/searchData reached end of additional filter chain; proceeding with original chain
05-23-2017 03:50:27.925,DEBUG,94094B1B0255D69523A35F4FB2E30F41,Request [/ict/0089/searchData] is not a multipart request
05-23-2017 03:50:27.925,DEBUG,CD266159CC3BCC1573C93F9CF65B91B8,DispatcherServlet with name 'appServlet' processing POST request for [/ict/0089/searchData]
05-23-2017 03:50:27.925,DEBUG,CD266159CC3BCC1573C93F9CF65B91B8,Looking up handler method for path /0089/searchData
05-23-2017 03:50:27.925,DEBUG,CD266159CC3BCC1573C93F9CF65B91B8,Returning handler method [public java.util.List<vn.bananavietnam.ict.banana.component.Bnn0089SearchTaskResult> vn.bananavietnam.ict.banana.controller.Bnn0089SearchTaskController.searchData(vn.bananavietnam.ict.banana.component.Bnn0089SearchTaskConditions)]
05-23-2017 03:50:27.925,DEBUG,CD266159CC3BCC1573C93F9CF65B91B8,Returning cached instance of singleton bean 'bnn0089SearchTaskController'
05-23-2017 03:50:27.925,DEBUG,CD266159CC3BCC1573C93F9CF65B91B8,Returning cached instance of singleton bean 'xml_path'
05-23-2017 03:50:27.926,DEBUG,CD266159CC3BCC1573C93F9CF65B91B8,Read [class vn.bananavietnam.ict.banana.component.Bnn0089SearchTaskConditions] as "application/json" with [org.springframework.http.converter.json.MappingJackson2HttpMessageConverter@156f2cc]
05-23-2017 03:50:27.926,INFO ,CD266159CC3BCC1573C93F9CF65B91B8,U0000000001,vn.bananavietnam.ict.banana.service.Bnn0089SearchTaskService,searchData,[vn.bananavietnam.ict.banana.component.Bnn0089SearchTaskConditions@738a25] METHOD START
05-23-2017 03:50:27.926,DEBUG,CD266159CC3BCC1573C93F9CF65B91B8,Returning cached instance of singleton bean 'transactionManager'
05-23-2017 03:50:27.926,INFO ,CD266159CC3BCC1573C93F9CF65B91B8,U0000000001,Task searching started
05-23-2017 03:50:27.926,DEBUG,CD266159CC3BCC1573C93F9CF65B91B8,Creating a new SqlSession
05-23-2017 03:50:27.926,DEBUG,CD266159CC3BCC1573C93F9CF65B91B8,Registering transaction synchronization for SqlSession [org.apache.ibatis.session.defaults.DefaultSqlSession@16974c8]
05-23-2017 03:50:27.926,DEBUG,CD266159CC3BCC1573C93F9CF65B91B8,Fetching JDBC Connection from DataSource
05-23-2017 03:50:27.926,DEBUG,CD266159CC3BCC1573C93F9CF65B91B8,Creating new JDBC DriverManager Connection to [jdbc:mysql://172.16.0.175:3306/BANANA_DB_HUNG_SELENIUM?useUnicode=yes&characterEncoding=UTF-8&autoReconnect=true]
05-23-2017 03:50:27.945,DEBUG,CD266159CC3BCC1573C93F9CF65B91B8,Registering transaction synchronization for JDBC Connection
05-23-2017 03:50:27.945,DEBUG,CD266159CC3BCC1573C93F9CF65B91B8,JDBC Connection [com.mysql.jdbc.JDBC4Connection@1144810] will be managed by Spring
05-23-2017 03:50:27.945,DEBUG,CD266159CC3BCC1573C93F9CF65B91B8,==>  Preparing: SELECT T.TASK_ID taskId, T.TASK_NAME taskName, T.WORKING_DETAILS workingDetails, T.NOTE note, T.QUARANTINE_HANDLING_FLAG quarantineHandlingFlag, T.DELETE_FLAG deleteFlag, T.CHANGE_POINT_CODE changePointCode, T.LAST_UPDATE_DATE lastUpdateDate FROM IVB_M_TASK T WHERE 1 = 1 AND T.DELETE_FLAG = '0' ORDER BY T.TASK_NAME LIMIT ?,? 
05-23-2017 03:50:27.946,DEBUG,CD266159CC3BCC1573C93F9CF65B91B8,==> Parameters: 0(Integer), 20(Integer)
05-23-2017 03:50:27.949,DEBUG,CD266159CC3BCC1573C93F9CF65B91B8,<==      Total: 20
05-23-2017 03:50:27.949,DEBUG,CD266159CC3BCC1573C93F9CF65B91B8,Releasing transactional SqlSession [org.apache.ibatis.session.defaults.DefaultSqlSession@16974c8]
05-23-2017 03:50:27.949,INFO ,CD266159CC3BCC1573C93F9CF65B91B8,U0000000001,SQL execution finished
05-23-2017 03:50:27.949,DEBUG,CD266159CC3BCC1573C93F9CF65B91B8,Fetched SqlSession [org.apache.ibatis.session.defaults.DefaultSqlSession@16974c8] from current transaction
05-23-2017 03:50:27.949,DEBUG,CD266159CC3BCC1573C93F9CF65B91B8,==>  Preparing: SELECT COUNT(*) FROM IVB_M_TASK T WHERE 1 = 1 AND T.DELETE_FLAG = '0' ORDER BY T.TASK_ID 
05-23-2017 03:50:27.949,DEBUG,CD266159CC3BCC1573C93F9CF65B91B8,==> Parameters: 
05-23-2017 03:50:27.951,DEBUG,CD266159CC3BCC1573C93F9CF65B91B8,<==      Total: 1
05-23-2017 03:50:27.951,DEBUG,CD266159CC3BCC1573C93F9CF65B91B8,Releasing transactional SqlSession [org.apache.ibatis.session.defaults.DefaultSqlSession@16974c8]
05-23-2017 03:50:27.951,INFO ,CD266159CC3BCC1573C93F9CF65B91B8,U0000000001,Task searching finished ==> 43 item(s)
05-23-2017 03:50:27.951,DEBUG,CD266159CC3BCC1573C93F9CF65B91B8,Transaction synchronization deregistering SqlSession [org.apache.ibatis.session.defaults.DefaultSqlSession@16974c8]
05-23-2017 03:50:27.951,DEBUG,CD266159CC3BCC1573C93F9CF65B91B8,Transaction synchronization closing SqlSession [org.apache.ibatis.session.defaults.DefaultSqlSession@16974c8]
05-23-2017 03:50:27.951,DEBUG,CD266159CC3BCC1573C93F9CF65B91B8,Returning JDBC Connection to DataSource
05-23-2017 03:50:27.951,INFO ,CD266159CC3BCC1573C93F9CF65B91B8,U0000000001,vn.bananavietnam.ict.banana.service.Bnn0089SearchTaskService,searchData,[vn.bananavietnam.ict.banana.component.Bnn0089SearchTaskConditions@738a25] METHOD END
05-23-2017 03:50:27.952,DEBUG,CD266159CC3BCC1573C93F9CF65B91B8,Written [[vn.bananavietnam.ict.banana.component.Bnn0089SearchTaskResult@16003b5, vn.bananavietnam.ict.banana.component.Bnn0089SearchTaskResult@1b96b27, vn.bananavietnam.ict.banana.component.Bnn0089SearchTaskResult@13f1796, vn.bananavietnam.ict.banana.component.Bnn0089SearchTaskResult@115ae3, vn.bananavietnam.ict.banana.component.Bnn0089SearchTaskResult@1c382ff, vn.bananavietnam.ict.banana.component.Bnn0089SearchTaskResult@19b2a73, vn.bananavietnam.ict.banana.component.Bnn0089SearchTaskResult@e102b1, vn.bananavietnam.ict.banana.component.Bnn0089SearchTaskResult@dd95cc, vn.bananavietnam.ict.banana.component.Bnn0089SearchTaskResult@1ca37d2, vn.bananavietnam.ict.banana.component.Bnn0089SearchTaskResult@1bc59ea, vn.bananavietnam.ict.banana.component.Bnn0089SearchTaskResult@1de24e6, vn.bananavietnam.ict.banana.component.Bnn0089SearchTaskResult@125b324, vn.bananavietnam.ict.banana.component.Bnn0089SearchTaskResult@1a760b5, vn.bananavietnam.ict.banana.component.Bnn0089SearchTaskResult@2f0462, vn.bananavietnam.ict.banana.component.Bnn0089SearchTaskResult@a8e8d5, vn.bananavietnam.ict.banana.component.Bnn0089SearchTaskResult@3ec9f7, vn.bananavietnam.ict.banana.component.Bnn0089SearchTaskResult@56a84d, vn.bananavietnam.ict.banana.component.Bnn0089SearchTaskResult@28a2b1, vn.bananavietnam.ict.banana.component.Bnn0089SearchTaskResult@1f510e1, vn.bananavietnam.ict.banana.component.Bnn0089SearchTaskResult@12c0ad9]] as "application/json;charset=UTF-8" using [org.springframework.http.converter.json.MappingJackson2HttpMessageConverter@156f2cc]
05-23-2017 03:50:27.952,DEBUG,CD266159CC3BCC1573C93F9CF65B91B8,Null ModelAndView returned to DispatcherServlet with name 'appServlet': assuming HandlerAdapter completed request handling
05-23-2017 03:50:27.952,DEBUG,CD266159CC3BCC1573C93F9CF65B91B8,Successfully completed request
05-23-2017 03:50:27.952,DEBUG,CD266159CC3BCC1573C93F9CF65B91B8,Chain processed normally
05-23-2017 03:50:27.952,DEBUG,CD266159CC3BCC1573C93F9CF65B91B8,SecurityContextHolder now cleared, as request processing completed
