05-23-2017 02:52:38.435,DEBUG,0CFE040E8FAD3315CAF6D62064EA03E8,/0089/deleteData at position 1 of 11 in additional filter chain; firing Filter: 'SecurityContextPersistenceFilter'
05-23-2017 02:52:38.435,DEBUG,0CFE040E8FAD3315CAF6D62064EA03E8,Obtained a valid SecurityContext from SPRING_SECURITY_CONTEXT: 'org.springframework.security.core.context.SecurityContextImpl@3b6bb3bb: Authentication: org.springframework.security.authentication.UsernamePasswordAuthenticationToken@3b6bb3bb: Principal: vn.bananavietnam.ict.common.auth.MyUser@c4907816: Username: U0000000001; Password: [PROTECTED]; Enabled: true; AccountNonExpired: true; credentialsNonExpired: true; AccountNonLocked: true; Granted Authorities: 1; Credentials: [PROTECTED]; Authenticated: true; Details: org.springframework.security.web.authentication.WebAuthenticationDetails@43458: RemoteIpAddress: 0:0:0:0:0:0:0:1; SessionId: 0CFE040E8FAD3315CAF6D62064EA03E8; Granted Authorities: 1'
05-23-2017 02:52:38.435,DEBUG,0CFE040E8FAD3315CAF6D62064EA03E8,/0089/deleteData at position 2 of 11 in additional filter chain; firing Filter: 'WebAsyncManagerIntegrationFilter'
05-23-2017 02:52:38.435,DEBUG,0CFE040E8FAD3315CAF6D62064EA03E8,/0089/deleteData at position 3 of 11 in additional filter chain; firing Filter: 'LogoutFilter'
05-23-2017 02:52:38.435,DEBUG,0CFE040E8FAD3315CAF6D62064EA03E8,/0089/deleteData at position 4 of 11 in additional filter chain; firing Filter: 'UsernamePasswordAuthenticationFilter'
05-23-2017 02:52:38.435,DEBUG,0CFE040E8FAD3315CAF6D62064EA03E8,/0089/deleteData at position 5 of 11 in additional filter chain; firing Filter: 'BasicAuthenticationFilter'
05-23-2017 02:52:38.435,DEBUG,0CFE040E8FAD3315CAF6D62064EA03E8,/0089/deleteData at position 6 of 11 in additional filter chain; firing Filter: 'RequestCacheAwareFilter'
05-23-2017 02:52:38.435,DEBUG,0CFE040E8FAD3315CAF6D62064EA03E8,/0089/deleteData at position 7 of 11 in additional filter chain; firing Filter: 'SecurityContextHolderAwareRequestFilter'
05-23-2017 02:52:38.435,DEBUG,0CFE040E8FAD3315CAF6D62064EA03E8,/0089/deleteData at position 8 of 11 in additional filter chain; firing Filter: 'AnonymousAuthenticationFilter'
05-23-2017 02:52:38.435,DEBUG,0CFE040E8FAD3315CAF6D62064EA03E8,SecurityContextHolder not populated with anonymous token, as it already contained: 'org.springframework.security.authentication.UsernamePasswordAuthenticationToken@3b6bb3bb: Principal: vn.bananavietnam.ict.common.auth.MyUser@c4907816: Username: U0000000001; Password: [PROTECTED]; Enabled: true; AccountNonExpired: true; credentialsNonExpired: true; AccountNonLocked: true; Granted Authorities: 1; Credentials: [PROTECTED]; Authenticated: true; Details: org.springframework.security.web.authentication.WebAuthenticationDetails@43458: RemoteIpAddress: 0:0:0:0:0:0:0:1; SessionId: 0CFE040E8FAD3315CAF6D62064EA03E8; Granted Authorities: 1'
05-23-2017 02:52:38.435,DEBUG,0CFE040E8FAD3315CAF6D62064EA03E8,/0089/deleteData at position 9 of 11 in additional filter chain; firing Filter: 'SessionManagementFilter'
05-23-2017 02:52:38.435,DEBUG,0CFE040E8FAD3315CAF6D62064EA03E8,/0089/deleteData at position 10 of 11 in additional filter chain; firing Filter: 'ExceptionTranslationFilter'
05-23-2017 02:52:38.435,DEBUG,0CFE040E8FAD3315CAF6D62064EA03E8,/0089/deleteData at position 11 of 11 in additional filter chain; firing Filter: 'FilterSecurityInterceptor'
05-23-2017 02:52:38.435,DEBUG,0CFE040E8FAD3315CAF6D62064EA03E8,Checking match of request : '/0089/deletedata'; against '/autherror*'
05-23-2017 02:52:38.435,DEBUG,0CFE040E8FAD3315CAF6D62064EA03E8,Checking match of request : '/0089/deletedata'; against '/login/**'
05-23-2017 02:52:38.435,DEBUG,0CFE040E8FAD3315CAF6D62064EA03E8,Checking match of request : '/0089/deletedata'; against '/error/**'
05-23-2017 02:52:38.435,DEBUG,0CFE040E8FAD3315CAF6D62064EA03E8,Checking match of request : '/0089/deletedata'; against '/0001/**'
05-23-2017 02:52:38.435,DEBUG,0CFE040E8FAD3315CAF6D62064EA03E8,Checking match of request : '/0089/deletedata'; against '/0002/**'
05-23-2017 02:52:38.435,DEBUG,0CFE040E8FAD3315CAF6D62064EA03E8,Checking match of request : '/0089/deletedata'; against '/0003/**'
05-23-2017 02:52:38.436,DEBUG,0CFE040E8FAD3315CAF6D62064EA03E8,Checking match of request : '/0089/deletedata'; against '/0005/**'
05-23-2017 02:52:38.436,DEBUG,0CFE040E8FAD3315CAF6D62064EA03E8,Checking match of request : '/0089/deletedata'; against '/0007/**'
05-23-2017 02:52:38.436,DEBUG,0CFE040E8FAD3315CAF6D62064EA03E8,Checking match of request : '/0089/deletedata'; against '/0009/**'
05-23-2017 02:52:38.436,DEBUG,0CFE040E8FAD3315CAF6D62064EA03E8,Checking match of request : '/0089/deletedata'; against '/0013/**'
05-23-2017 02:52:38.436,DEBUG,0CFE040E8FAD3315CAF6D62064EA03E8,Checking match of request : '/0089/deletedata'; against '/0023/**'
05-23-2017 02:52:38.436,DEBUG,0CFE040E8FAD3315CAF6D62064EA03E8,Checking match of request : '/0089/deletedata'; against '/0017/**'
05-23-2017 02:52:38.436,DEBUG,0CFE040E8FAD3315CAF6D62064EA03E8,Checking match of request : '/0089/deletedata'; against '/0031/**'
05-23-2017 02:52:38.436,DEBUG,0CFE040E8FAD3315CAF6D62064EA03E8,Checking match of request : '/0089/deletedata'; against '/0035/**'
05-23-2017 02:52:38.436,DEBUG,0CFE040E8FAD3315CAF6D62064EA03E8,Checking match of request : '/0089/deletedata'; against '/0037/**'
05-23-2017 02:52:38.436,DEBUG,0CFE040E8FAD3315CAF6D62064EA03E8,Checking match of request : '/0089/deletedata'; against '/0045/**'
05-23-2017 02:52:38.436,DEBUG,0CFE040E8FAD3315CAF6D62064EA03E8,Checking match of request : '/0089/deletedata'; against '/0047/**'
05-23-2017 02:52:38.436,DEBUG,0CFE040E8FAD3315CAF6D62064EA03E8,Checking match of request : '/0089/deletedata'; against '/0049/**'
05-23-2017 02:52:38.436,DEBUG,0CFE040E8FAD3315CAF6D62064EA03E8,Checking match of request : '/0089/deletedata'; against '/0061/**'
05-23-2017 02:52:38.436,DEBUG,0CFE040E8FAD3315CAF6D62064EA03E8,Checking match of request : '/0089/deletedata'; against '/0087/**'
05-23-2017 02:52:38.436,DEBUG,0CFE040E8FAD3315CAF6D62064EA03E8,Checking match of request : '/0089/deletedata'; against '/0075/**'
05-23-2017 02:52:38.436,DEBUG,0CFE040E8FAD3315CAF6D62064EA03E8,Checking match of request : '/0089/deletedata'; against '/0089/**'
05-23-2017 02:52:38.436,DEBUG,0CFE040E8FAD3315CAF6D62064EA03E8,Secure object: FilterInvocation: URL: /0089/deleteData; Attributes: [ROLE_ADMIN, ROLE_USER, IS_AUTHENTICATED_FULLY]
05-23-2017 02:52:38.436,DEBUG,0CFE040E8FAD3315CAF6D62064EA03E8,Previously Authenticated: org.springframework.security.authentication.UsernamePasswordAuthenticationToken@3b6bb3bb: Principal: vn.bananavietnam.ict.common.auth.MyUser@c4907816: Username: U0000000001; Password: [PROTECTED]; Enabled: true; AccountNonExpired: true; credentialsNonExpired: true; AccountNonLocked: true; Granted Authorities: 1; Credentials: [PROTECTED]; Authenticated: true; Details: org.springframework.security.web.authentication.WebAuthenticationDetails@43458: RemoteIpAddress: 0:0:0:0:0:0:0:1; SessionId: 0CFE040E8FAD3315CAF6D62064EA03E8; Granted Authorities: 1
05-23-2017 02:52:38.436,DEBUG,0CFE040E8FAD3315CAF6D62064EA03E8,Voter: org.springframework.security.access.vote.RoleVoter@1ac872d, returned: -1
05-23-2017 02:52:38.436,DEBUG,0CFE040E8FAD3315CAF6D62064EA03E8,Voter: org.springframework.security.access.vote.AuthenticatedVoter@b1927d, returned: 1
05-23-2017 02:52:38.436,DEBUG,0CFE040E8FAD3315CAF6D62064EA03E8,Authorization successful
05-23-2017 02:52:38.436,DEBUG,0CFE040E8FAD3315CAF6D62064EA03E8,RunAsManager did not change Authentication object
05-23-2017 02:52:38.436,DEBUG,0CFE040E8FAD3315CAF6D62064EA03E8,/0089/deleteData reached end of additional filter chain; proceeding with original chain
05-23-2017 02:52:38.436,DEBUG,0CFE040E8FAD3315CAF6D62064EA03E8,Request [/ict/0089/deleteData] is not a multipart request
05-23-2017 02:52:38.436,DEBUG,6F3A877EBCA7EEB6DCF46BAA81FC87B9,DispatcherServlet with name 'appServlet' processing POST request for [/ict/0089/deleteData]
05-23-2017 02:52:38.436,DEBUG,6F3A877EBCA7EEB6DCF46BAA81FC87B9,Looking up handler method for path /0089/deleteData
05-23-2017 02:52:38.436,DEBUG,6F3A877EBCA7EEB6DCF46BAA81FC87B9,Returning handler method [public java.lang.String vn.bananavietnam.ict.banana.controller.Bnn0089SearchTaskController.deleteData(vn.bananavietnam.ict.common.db.model.IvbMTask)]
05-23-2017 02:52:38.436,DEBUG,6F3A877EBCA7EEB6DCF46BAA81FC87B9,Returning cached instance of singleton bean 'bnn0089SearchTaskController'
05-23-2017 02:52:38.437,DEBUG,6F3A877EBCA7EEB6DCF46BAA81FC87B9,Returning cached instance of singleton bean 'xml_path'
05-23-2017 02:52:38.437,DEBUG,6F3A877EBCA7EEB6DCF46BAA81FC87B9,Read [class vn.bananavietnam.ict.common.db.model.IvbMTask] as "application/json" with [org.springframework.http.converter.json.MappingJackson2HttpMessageConverter@156f2cc]
05-23-2017 02:52:38.437,INFO ,6F3A877EBCA7EEB6DCF46BAA81FC87B9,U0000000001,vn.bananavietnam.ict.banana.service.Bnn0089SearchTaskService,deleteData,[vn.bananavietnam.ict.common.db.model.IvbMTask@81b983] METHOD START
05-23-2017 02:52:38.437,DEBUG,6F3A877EBCA7EEB6DCF46BAA81FC87B9,Returning cached instance of singleton bean 'transactionManager'
05-23-2017 02:52:38.437,DEBUG,6F3A877EBCA7EEB6DCF46BAA81FC87B9,Creating new transaction with name [null]: PROPAGATION_REQUIRED,ISOLATION_DEFAULT
05-23-2017 02:52:38.437,DEBUG,6F3A877EBCA7EEB6DCF46BAA81FC87B9,Creating new JDBC DriverManager Connection to [jdbc:mysql://172.16.0.175:3306/BANANA_DB_HUNG_SELENIUM?useUnicode=yes&characterEncoding=UTF-8&autoReconnect=true]
05-23-2017 02:52:42.452,ERROR,6F3A877EBCA7EEB6DCF46BAA81FC87B9,U0000000001,java.lang.Exception: Could not open JDBC Connection for transaction; nested exception is com.mysql.jdbc.exceptions.jdbc4.MySQLNonTransientConnectionException: Could not create connection to database server. Attempted reconnect 3 times. Giving up.
05-23-2017 02:52:42.452,INFO ,6F3A877EBCA7EEB6DCF46BAA81FC87B9,U0000000001,vn.bananavietnam.ict.banana.service.Bnn0089SearchTaskService,deleteData,[vn.bananavietnam.ict.common.db.model.IvbMTask@81b983] METHOD END
05-23-2017 02:52:42.458,DEBUG,6F3A877EBCA7EEB6DCF46BAA81FC87B9,Written [6006] as "text/plain;charset=ISO-8859-1" using [org.springframework.http.converter.StringHttpMessageConverter@10ddb9c]
05-23-2017 02:52:42.458,DEBUG,6F3A877EBCA7EEB6DCF46BAA81FC87B9,Null ModelAndView returned to DispatcherServlet with name 'appServlet': assuming HandlerAdapter completed request handling
05-23-2017 02:52:42.458,DEBUG,6F3A877EBCA7EEB6DCF46BAA81FC87B9,Successfully completed request
05-23-2017 02:52:42.458,DEBUG,6F3A877EBCA7EEB6DCF46BAA81FC87B9,Chain processed normally
05-23-2017 02:52:42.458,DEBUG,6F3A877EBCA7EEB6DCF46BAA81FC87B9,SecurityContextHolder now cleared, as request processing completed
05-23-2017 02:53:04.793,DEBUG,0CFE040E8FAD3315CAF6D62064EA03E8,/0089/searchData at position 1 of 11 in additional filter chain; firing Filter: 'SecurityContextPersistenceFilter'
05-23-2017 02:53:04.793,DEBUG,0CFE040E8FAD3315CAF6D62064EA03E8,Obtained a valid SecurityContext from SPRING_SECURITY_CONTEXT: 'org.springframework.security.core.context.SecurityContextImpl@3b6bb3bb: Authentication: org.springframework.security.authentication.UsernamePasswordAuthenticationToken@3b6bb3bb: Principal: vn.bananavietnam.ict.common.auth.MyUser@c4907816: Username: U0000000001; Password: [PROTECTED]; Enabled: true; AccountNonExpired: true; credentialsNonExpired: true; AccountNonLocked: true; Granted Authorities: 1; Credentials: [PROTECTED]; Authenticated: true; Details: org.springframework.security.web.authentication.WebAuthenticationDetails@43458: RemoteIpAddress: 0:0:0:0:0:0:0:1; SessionId: 0CFE040E8FAD3315CAF6D62064EA03E8; Granted Authorities: 1'
05-23-2017 02:53:04.793,DEBUG,0CFE040E8FAD3315CAF6D62064EA03E8,/0089/searchData at position 2 of 11 in additional filter chain; firing Filter: 'WebAsyncManagerIntegrationFilter'
05-23-2017 02:53:04.793,DEBUG,0CFE040E8FAD3315CAF6D62064EA03E8,/0089/searchData at position 3 of 11 in additional filter chain; firing Filter: 'LogoutFilter'
05-23-2017 02:53:04.793,DEBUG,0CFE040E8FAD3315CAF6D62064EA03E8,/0089/searchData at position 4 of 11 in additional filter chain; firing Filter: 'UsernamePasswordAuthenticationFilter'
05-23-2017 02:53:04.793,DEBUG,0CFE040E8FAD3315CAF6D62064EA03E8,/0089/searchData at position 5 of 11 in additional filter chain; firing Filter: 'BasicAuthenticationFilter'
05-23-2017 02:53:04.793,DEBUG,0CFE040E8FAD3315CAF6D62064EA03E8,/0089/searchData at position 6 of 11 in additional filter chain; firing Filter: 'RequestCacheAwareFilter'
05-23-2017 02:53:04.794,DEBUG,0CFE040E8FAD3315CAF6D62064EA03E8,/0089/searchData at position 7 of 11 in additional filter chain; firing Filter: 'SecurityContextHolderAwareRequestFilter'
05-23-2017 02:53:04.794,DEBUG,0CFE040E8FAD3315CAF6D62064EA03E8,/0089/searchData at position 8 of 11 in additional filter chain; firing Filter: 'AnonymousAuthenticationFilter'
05-23-2017 02:53:04.794,DEBUG,0CFE040E8FAD3315CAF6D62064EA03E8,SecurityContextHolder not populated with anonymous token, as it already contained: 'org.springframework.security.authentication.UsernamePasswordAuthenticationToken@3b6bb3bb: Principal: vn.bananavietnam.ict.common.auth.MyUser@c4907816: Username: U0000000001; Password: [PROTECTED]; Enabled: true; AccountNonExpired: true; credentialsNonExpired: true; AccountNonLocked: true; Granted Authorities: 1; Credentials: [PROTECTED]; Authenticated: true; Details: org.springframework.security.web.authentication.WebAuthenticationDetails@43458: RemoteIpAddress: 0:0:0:0:0:0:0:1; SessionId: 0CFE040E8FAD3315CAF6D62064EA03E8; Granted Authorities: 1'
05-23-2017 02:53:04.794,DEBUG,0CFE040E8FAD3315CAF6D62064EA03E8,/0089/searchData at position 9 of 11 in additional filter chain; firing Filter: 'SessionManagementFilter'
05-23-2017 02:53:04.794,DEBUG,0CFE040E8FAD3315CAF6D62064EA03E8,/0089/searchData at position 10 of 11 in additional filter chain; firing Filter: 'ExceptionTranslationFilter'
05-23-2017 02:53:04.794,DEBUG,0CFE040E8FAD3315CAF6D62064EA03E8,/0089/searchData at position 11 of 11 in additional filter chain; firing Filter: 'FilterSecurityInterceptor'
05-23-2017 02:53:04.794,DEBUG,0CFE040E8FAD3315CAF6D62064EA03E8,Checking match of request : '/0089/searchdata'; against '/autherror*'
05-23-2017 02:53:04.794,DEBUG,0CFE040E8FAD3315CAF6D62064EA03E8,Checking match of request : '/0089/searchdata'; against '/login/**'
05-23-2017 02:53:04.794,DEBUG,0CFE040E8FAD3315CAF6D62064EA03E8,Checking match of request : '/0089/searchdata'; against '/error/**'
05-23-2017 02:53:04.794,DEBUG,0CFE040E8FAD3315CAF6D62064EA03E8,Checking match of request : '/0089/searchdata'; against '/0001/**'
05-23-2017 02:53:04.794,DEBUG,0CFE040E8FAD3315CAF6D62064EA03E8,Checking match of request : '/0089/searchdata'; against '/0002/**'
05-23-2017 02:53:04.794,DEBUG,0CFE040E8FAD3315CAF6D62064EA03E8,Checking match of request : '/0089/searchdata'; against '/0003/**'
05-23-2017 02:53:04.794,DEBUG,0CFE040E8FAD3315CAF6D62064EA03E8,Checking match of request : '/0089/searchdata'; against '/0005/**'
05-23-2017 02:53:04.794,DEBUG,0CFE040E8FAD3315CAF6D62064EA03E8,Checking match of request : '/0089/searchdata'; against '/0007/**'
05-23-2017 02:53:04.794,DEBUG,0CFE040E8FAD3315CAF6D62064EA03E8,Checking match of request : '/0089/searchdata'; against '/0009/**'
05-23-2017 02:53:04.794,DEBUG,0CFE040E8FAD3315CAF6D62064EA03E8,Checking match of request : '/0089/searchdata'; against '/0013/**'
05-23-2017 02:53:04.794,DEBUG,0CFE040E8FAD3315CAF6D62064EA03E8,Checking match of request : '/0089/searchdata'; against '/0023/**'
05-23-2017 02:53:04.794,DEBUG,0CFE040E8FAD3315CAF6D62064EA03E8,Checking match of request : '/0089/searchdata'; against '/0017/**'
05-23-2017 02:53:04.794,DEBUG,0CFE040E8FAD3315CAF6D62064EA03E8,Checking match of request : '/0089/searchdata'; against '/0031/**'
05-23-2017 02:53:04.794,DEBUG,0CFE040E8FAD3315CAF6D62064EA03E8,Checking match of request : '/0089/searchdata'; against '/0035/**'
05-23-2017 02:53:04.794,DEBUG,0CFE040E8FAD3315CAF6D62064EA03E8,Checking match of request : '/0089/searchdata'; against '/0037/**'
05-23-2017 02:53:04.794,DEBUG,0CFE040E8FAD3315CAF6D62064EA03E8,Checking match of request : '/0089/searchdata'; against '/0045/**'
05-23-2017 02:53:04.794,DEBUG,0CFE040E8FAD3315CAF6D62064EA03E8,Checking match of request : '/0089/searchdata'; against '/0047/**'
05-23-2017 02:53:04.794,DEBUG,0CFE040E8FAD3315CAF6D62064EA03E8,Checking match of request : '/0089/searchdata'; against '/0049/**'
05-23-2017 02:53:04.794,DEBUG,0CFE040E8FAD3315CAF6D62064EA03E8,Checking match of request : '/0089/searchdata'; against '/0061/**'
05-23-2017 02:53:04.794,DEBUG,0CFE040E8FAD3315CAF6D62064EA03E8,Checking match of request : '/0089/searchdata'; against '/0087/**'
05-23-2017 02:53:04.794,DEBUG,0CFE040E8FAD3315CAF6D62064EA03E8,Checking match of request : '/0089/searchdata'; against '/0075/**'
05-23-2017 02:53:04.794,DEBUG,0CFE040E8FAD3315CAF6D62064EA03E8,Checking match of request : '/0089/searchdata'; against '/0089/**'
05-23-2017 02:53:04.794,DEBUG,0CFE040E8FAD3315CAF6D62064EA03E8,Secure object: FilterInvocation: URL: /0089/searchData; Attributes: [ROLE_ADMIN, ROLE_USER, IS_AUTHENTICATED_FULLY]
05-23-2017 02:53:04.794,DEBUG,0CFE040E8FAD3315CAF6D62064EA03E8,Previously Authenticated: org.springframework.security.authentication.UsernamePasswordAuthenticationToken@3b6bb3bb: Principal: vn.bananavietnam.ict.common.auth.MyUser@c4907816: Username: U0000000001; Password: [PROTECTED]; Enabled: true; AccountNonExpired: true; credentialsNonExpired: true; AccountNonLocked: true; Granted Authorities: 1; Credentials: [PROTECTED]; Authenticated: true; Details: org.springframework.security.web.authentication.WebAuthenticationDetails@43458: RemoteIpAddress: 0:0:0:0:0:0:0:1; SessionId: 0CFE040E8FAD3315CAF6D62064EA03E8; Granted Authorities: 1
05-23-2017 02:53:04.794,DEBUG,0CFE040E8FAD3315CAF6D62064EA03E8,Voter: org.springframework.security.access.vote.RoleVoter@1ac872d, returned: -1
05-23-2017 02:53:04.794,DEBUG,0CFE040E8FAD3315CAF6D62064EA03E8,Voter: org.springframework.security.access.vote.AuthenticatedVoter@b1927d, returned: 1
05-23-2017 02:53:04.794,DEBUG,0CFE040E8FAD3315CAF6D62064EA03E8,Authorization successful
05-23-2017 02:53:04.794,DEBUG,0CFE040E8FAD3315CAF6D62064EA03E8,RunAsManager did not change Authentication object
05-23-2017 02:53:04.794,DEBUG,0CFE040E8FAD3315CAF6D62064EA03E8,/0089/searchData reached end of additional filter chain; proceeding with original chain
05-23-2017 02:53:04.794,DEBUG,0CFE040E8FAD3315CAF6D62064EA03E8,Request [/ict/0089/searchData] is not a multipart request
05-23-2017 02:53:04.794,DEBUG,6F3A877EBCA7EEB6DCF46BAA81FC87B9,DispatcherServlet with name 'appServlet' processing POST request for [/ict/0089/searchData]
05-23-2017 02:53:04.794,DEBUG,6F3A877EBCA7EEB6DCF46BAA81FC87B9,Looking up handler method for path /0089/searchData
05-23-2017 02:53:04.794,DEBUG,6F3A877EBCA7EEB6DCF46BAA81FC87B9,Returning handler method [public java.util.List<vn.bananavietnam.ict.banana.component.Bnn0089SearchTaskResult> vn.bananavietnam.ict.banana.controller.Bnn0089SearchTaskController.searchData(vn.bananavietnam.ict.banana.component.Bnn0089SearchTaskConditions)]
05-23-2017 02:53:04.794,DEBUG,6F3A877EBCA7EEB6DCF46BAA81FC87B9,Returning cached instance of singleton bean 'bnn0089SearchTaskController'
05-23-2017 02:53:04.794,DEBUG,6F3A877EBCA7EEB6DCF46BAA81FC87B9,Returning cached instance of singleton bean 'xml_path'
05-23-2017 02:53:04.795,DEBUG,6F3A877EBCA7EEB6DCF46BAA81FC87B9,Read [class vn.bananavietnam.ict.banana.component.Bnn0089SearchTaskConditions] as "application/json" with [org.springframework.http.converter.json.MappingJackson2HttpMessageConverter@156f2cc]
05-23-2017 02:53:04.795,INFO ,6F3A877EBCA7EEB6DCF46BAA81FC87B9,U0000000001,vn.bananavietnam.ict.banana.service.Bnn0089SearchTaskService,searchData,[vn.bananavietnam.ict.banana.component.Bnn0089SearchTaskConditions@1f66b2b] METHOD START
05-23-2017 02:53:04.795,DEBUG,6F3A877EBCA7EEB6DCF46BAA81FC87B9,Returning cached instance of singleton bean 'transactionManager'
05-23-2017 02:53:04.795,INFO ,6F3A877EBCA7EEB6DCF46BAA81FC87B9,U0000000001,Task searching started
05-23-2017 02:53:04.795,DEBUG,6F3A877EBCA7EEB6DCF46BAA81FC87B9,Creating a new SqlSession
05-23-2017 02:53:04.795,DEBUG,6F3A877EBCA7EEB6DCF46BAA81FC87B9,Registering transaction synchronization for SqlSession [org.apache.ibatis.session.defaults.DefaultSqlSession@1153cae]
05-23-2017 02:53:04.795,DEBUG,6F3A877EBCA7EEB6DCF46BAA81FC87B9,Fetching JDBC Connection from DataSource
05-23-2017 02:53:04.796,DEBUG,6F3A877EBCA7EEB6DCF46BAA81FC87B9,Creating new JDBC DriverManager Connection to [jdbc:mysql://172.16.0.175:3306/BANANA_DB_HUNG_SELENIUM?useUnicode=yes&characterEncoding=UTF-8&autoReconnect=true]
05-23-2017 02:53:04.814,DEBUG,6F3A877EBCA7EEB6DCF46BAA81FC87B9,Registering transaction synchronization for JDBC Connection
05-23-2017 02:53:04.814,DEBUG,6F3A877EBCA7EEB6DCF46BAA81FC87B9,JDBC Connection [com.mysql.jdbc.JDBC4Connection@1743ee9] will be managed by Spring
05-23-2017 02:53:04.815,DEBUG,6F3A877EBCA7EEB6DCF46BAA81FC87B9,==>  Preparing: SELECT T.TASK_ID taskId, T.TASK_NAME taskName, T.WORKING_DETAILS workingDetails, T.NOTE note, T.QUARANTINE_HANDLING_FLAG quarantineHandlingFlag, T.DELETE_FLAG deleteFlag, T.CHANGE_POINT_CODE changePointCode, T.LAST_UPDATE_DATE lastUpdateDate FROM IVB_M_TASK T WHERE 1 = 1 AND T.DELETE_FLAG = '0' ORDER BY T.TASK_NAME LIMIT ?,? 
05-23-2017 02:53:04.815,DEBUG,6F3A877EBCA7EEB6DCF46BAA81FC87B9,==> Parameters: 0(Integer), 20(Integer)
05-23-2017 02:53:04.819,DEBUG,6F3A877EBCA7EEB6DCF46BAA81FC87B9,<==      Total: 20
05-23-2017 02:53:04.819,DEBUG,6F3A877EBCA7EEB6DCF46BAA81FC87B9,Releasing transactional SqlSession [org.apache.ibatis.session.defaults.DefaultSqlSession@1153cae]
05-23-2017 02:53:04.819,INFO ,6F3A877EBCA7EEB6DCF46BAA81FC87B9,U0000000001,SQL execution finished
05-23-2017 02:53:04.819,DEBUG,6F3A877EBCA7EEB6DCF46BAA81FC87B9,Fetched SqlSession [org.apache.ibatis.session.defaults.DefaultSqlSession@1153cae] from current transaction
05-23-2017 02:53:04.819,DEBUG,6F3A877EBCA7EEB6DCF46BAA81FC87B9,==>  Preparing: SELECT COUNT(*) FROM IVB_M_TASK T WHERE 1 = 1 AND T.DELETE_FLAG = '0' ORDER BY T.TASK_ID 
05-23-2017 02:53:04.819,DEBUG,6F3A877EBCA7EEB6DCF46BAA81FC87B9,==> Parameters: 
05-23-2017 02:53:04.821,DEBUG,6F3A877EBCA7EEB6DCF46BAA81FC87B9,<==      Total: 1
05-23-2017 02:53:04.821,DEBUG,6F3A877EBCA7EEB6DCF46BAA81FC87B9,Releasing transactional SqlSession [org.apache.ibatis.session.defaults.DefaultSqlSession@1153cae]
05-23-2017 02:53:04.821,INFO ,6F3A877EBCA7EEB6DCF46BAA81FC87B9,U0000000001,Task searching finished ==> 43 item(s)
05-23-2017 02:53:04.821,DEBUG,6F3A877EBCA7EEB6DCF46BAA81FC87B9,Transaction synchronization deregistering SqlSession [org.apache.ibatis.session.defaults.DefaultSqlSession@1153cae]
05-23-2017 02:53:04.821,DEBUG,6F3A877EBCA7EEB6DCF46BAA81FC87B9,Transaction synchronization closing SqlSession [org.apache.ibatis.session.defaults.DefaultSqlSession@1153cae]
05-23-2017 02:53:04.821,DEBUG,6F3A877EBCA7EEB6DCF46BAA81FC87B9,Returning JDBC Connection to DataSource
05-23-2017 02:53:04.822,INFO ,6F3A877EBCA7EEB6DCF46BAA81FC87B9,U0000000001,vn.bananavietnam.ict.banana.service.Bnn0089SearchTaskService,searchData,[vn.bananavietnam.ict.banana.component.Bnn0089SearchTaskConditions@1f66b2b] METHOD END
05-23-2017 02:53:04.823,DEBUG,6F3A877EBCA7EEB6DCF46BAA81FC87B9,Written [[vn.bananavietnam.ict.banana.component.Bnn0089SearchTaskResult@1ad6119, vn.bananavietnam.ict.banana.component.Bnn0089SearchTaskResult@fd250f, vn.bananavietnam.ict.banana.component.Bnn0089SearchTaskResult@160dd02, vn.bananavietnam.ict.banana.component.Bnn0089SearchTaskResult@1224d23, vn.bananavietnam.ict.banana.component.Bnn0089SearchTaskResult@1b14537, vn.bananavietnam.ict.banana.component.Bnn0089SearchTaskResult@b1cf13, vn.bananavietnam.ict.banana.component.Bnn0089SearchTaskResult@1c4920a, vn.bananavietnam.ict.banana.component.Bnn0089SearchTaskResult@b88b04, vn.bananavietnam.ict.banana.component.Bnn0089SearchTaskResult@1b9ef59, vn.bananavietnam.ict.banana.component.Bnn0089SearchTaskResult@13863aa, vn.bananavietnam.ict.banana.component.Bnn0089SearchTaskResult@73eec5, vn.bananavietnam.ict.banana.component.Bnn0089SearchTaskResult@5bbd24, vn.bananavietnam.ict.banana.component.Bnn0089SearchTaskResult@c25811, vn.bananavietnam.ict.banana.component.Bnn0089SearchTaskResult@f94490, vn.bananavietnam.ict.banana.component.Bnn0089SearchTaskResult@1a18e4c, vn.bananavietnam.ict.banana.component.Bnn0089SearchTaskResult@c4a381, vn.bananavietnam.ict.banana.component.Bnn0089SearchTaskResult@8469d8, vn.bananavietnam.ict.banana.component.Bnn0089SearchTaskResult@dd605c, vn.bananavietnam.ict.banana.component.Bnn0089SearchTaskResult@1115da5, vn.bananavietnam.ict.banana.component.Bnn0089SearchTaskResult@282d2d]] as "application/json;charset=UTF-8" using [org.springframework.http.converter.json.MappingJackson2HttpMessageConverter@156f2cc]
05-23-2017 02:53:04.823,DEBUG,6F3A877EBCA7EEB6DCF46BAA81FC87B9,Null ModelAndView returned to DispatcherServlet with name 'appServlet': assuming HandlerAdapter completed request handling
05-23-2017 02:53:04.823,DEBUG,6F3A877EBCA7EEB6DCF46BAA81FC87B9,Successfully completed request
05-23-2017 02:53:04.824,DEBUG,6F3A877EBCA7EEB6DCF46BAA81FC87B9,Chain processed normally
05-23-2017 02:53:04.824,DEBUG,6F3A877EBCA7EEB6DCF46BAA81FC87B9,SecurityContextHolder now cleared, as request processing completed
