05-23-2017 03:38:59.817,DEBUG,E2B200CF18E6F2ACFF42AF839F1785E1,/0089/searchData at position 1 of 11 in additional filter chain; firing Filter: 'SecurityContextPersistenceFilter'
05-23-2017 03:38:59.818,DEBUG,E2B200CF18E6F2ACFF42AF839F1785E1,Obtained a valid SecurityContext from SPRING_SECURITY_CONTEXT: 'org.springframework.security.core.context.SecurityContextImpl@c4944c4b: Authentication: org.springframework.security.authentication.UsernamePasswordAuthenticationToken@c4944c4b: Principal: vn.bananavietnam.ict.common.auth.MyUser@c4907816: Username: U0000000001; Password: [PROTECTED]; Enabled: true; AccountNonExpired: true; credentialsNonExpired: true; AccountNonLocked: true; Granted Authorities: 1; Credentials: [PROTECTED]; Authenticated: true; Details: org.springframework.security.web.authentication.WebAuthenticationDetails@fffbcba8: RemoteIpAddress: 0:0:0:0:0:0:0:1; SessionId: E2B200CF18E6F2ACFF42AF839F1785E1; Granted Authorities: 1'
05-23-2017 03:38:59.818,DEBUG,E2B200CF18E6F2ACFF42AF839F1785E1,/0089/searchData at position 2 of 11 in additional filter chain; firing Filter: 'WebAsyncManagerIntegrationFilter'
05-23-2017 03:38:59.818,DEBUG,E2B200CF18E6F2ACFF42AF839F1785E1,/0089/searchData at position 3 of 11 in additional filter chain; firing Filter: 'LogoutFilter'
05-23-2017 03:38:59.818,DEBUG,E2B200CF18E6F2ACFF42AF839F1785E1,/0089/searchData at position 4 of 11 in additional filter chain; firing Filter: 'UsernamePasswordAuthenticationFilter'
05-23-2017 03:38:59.818,DEBUG,E2B200CF18E6F2ACFF42AF839F1785E1,/0089/searchData at position 5 of 11 in additional filter chain; firing Filter: 'BasicAuthenticationFilter'
05-23-2017 03:38:59.818,DEBUG,E2B200CF18E6F2ACFF42AF839F1785E1,/0089/searchData at position 6 of 11 in additional filter chain; firing Filter: 'RequestCacheAwareFilter'
05-23-2017 03:38:59.818,DEBUG,E2B200CF18E6F2ACFF42AF839F1785E1,/0089/searchData at position 7 of 11 in additional filter chain; firing Filter: 'SecurityContextHolderAwareRequestFilter'
05-23-2017 03:38:59.818,DEBUG,E2B200CF18E6F2ACFF42AF839F1785E1,/0089/searchData at position 8 of 11 in additional filter chain; firing Filter: 'AnonymousAuthenticationFilter'
05-23-2017 03:38:59.818,DEBUG,E2B200CF18E6F2ACFF42AF839F1785E1,SecurityContextHolder not populated with anonymous token, as it already contained: 'org.springframework.security.authentication.UsernamePasswordAuthenticationToken@c4944c4b: Principal: vn.bananavietnam.ict.common.auth.MyUser@c4907816: Username: U0000000001; Password: [PROTECTED]; Enabled: true; AccountNonExpired: true; credentialsNonExpired: true; AccountNonLocked: true; Granted Authorities: 1; Credentials: [PROTECTED]; Authenticated: true; Details: org.springframework.security.web.authentication.WebAuthenticationDetails@fffbcba8: RemoteIpAddress: 0:0:0:0:0:0:0:1; SessionId: E2B200CF18E6F2ACFF42AF839F1785E1; Granted Authorities: 1'
05-23-2017 03:38:59.818,DEBUG,E2B200CF18E6F2ACFF42AF839F1785E1,/0089/searchData at position 9 of 11 in additional filter chain; firing Filter: 'SessionManagementFilter'
05-23-2017 03:38:59.818,DEBUG,E2B200CF18E6F2ACFF42AF839F1785E1,/0089/searchData at position 10 of 11 in additional filter chain; firing Filter: 'ExceptionTranslationFilter'
05-23-2017 03:38:59.818,DEBUG,E2B200CF18E6F2ACFF42AF839F1785E1,/0089/searchData at position 11 of 11 in additional filter chain; firing Filter: 'FilterSecurityInterceptor'
05-23-2017 03:38:59.818,DEBUG,E2B200CF18E6F2ACFF42AF839F1785E1,Checking match of request : '/0089/searchdata'; against '/autherror*'
05-23-2017 03:38:59.818,DEBUG,E2B200CF18E6F2ACFF42AF839F1785E1,Checking match of request : '/0089/searchdata'; against '/login/**'
05-23-2017 03:38:59.818,DEBUG,E2B200CF18E6F2ACFF42AF839F1785E1,Checking match of request : '/0089/searchdata'; against '/error/**'
05-23-2017 03:38:59.818,DEBUG,E2B200CF18E6F2ACFF42AF839F1785E1,Checking match of request : '/0089/searchdata'; against '/0001/**'
05-23-2017 03:38:59.818,DEBUG,E2B200CF18E6F2ACFF42AF839F1785E1,Checking match of request : '/0089/searchdata'; against '/0002/**'
05-23-2017 03:38:59.818,DEBUG,E2B200CF18E6F2ACFF42AF839F1785E1,Checking match of request : '/0089/searchdata'; against '/0003/**'
05-23-2017 03:38:59.818,DEBUG,E2B200CF18E6F2ACFF42AF839F1785E1,Checking match of request : '/0089/searchdata'; against '/0005/**'
05-23-2017 03:38:59.818,DEBUG,E2B200CF18E6F2ACFF42AF839F1785E1,Checking match of request : '/0089/searchdata'; against '/0007/**'
05-23-2017 03:38:59.819,DEBUG,E2B200CF18E6F2ACFF42AF839F1785E1,Checking match of request : '/0089/searchdata'; against '/0009/**'
05-23-2017 03:38:59.819,DEBUG,E2B200CF18E6F2ACFF42AF839F1785E1,Checking match of request : '/0089/searchdata'; against '/0013/**'
05-23-2017 03:38:59.819,DEBUG,E2B200CF18E6F2ACFF42AF839F1785E1,Checking match of request : '/0089/searchdata'; against '/0023/**'
05-23-2017 03:38:59.819,DEBUG,E2B200CF18E6F2ACFF42AF839F1785E1,Checking match of request : '/0089/searchdata'; against '/0017/**'
05-23-2017 03:38:59.819,DEBUG,E2B200CF18E6F2ACFF42AF839F1785E1,Checking match of request : '/0089/searchdata'; against '/0031/**'
05-23-2017 03:38:59.819,DEBUG,E2B200CF18E6F2ACFF42AF839F1785E1,Checking match of request : '/0089/searchdata'; against '/0035/**'
05-23-2017 03:38:59.819,DEBUG,E2B200CF18E6F2ACFF42AF839F1785E1,Checking match of request : '/0089/searchdata'; against '/0037/**'
05-23-2017 03:38:59.819,DEBUG,E2B200CF18E6F2ACFF42AF839F1785E1,Checking match of request : '/0089/searchdata'; against '/0045/**'
05-23-2017 03:38:59.819,DEBUG,E2B200CF18E6F2ACFF42AF839F1785E1,Checking match of request : '/0089/searchdata'; against '/0047/**'
05-23-2017 03:38:59.819,DEBUG,E2B200CF18E6F2ACFF42AF839F1785E1,Checking match of request : '/0089/searchdata'; against '/0049/**'
05-23-2017 03:38:59.819,DEBUG,E2B200CF18E6F2ACFF42AF839F1785E1,Checking match of request : '/0089/searchdata'; against '/0061/**'
05-23-2017 03:38:59.819,DEBUG,E2B200CF18E6F2ACFF42AF839F1785E1,Checking match of request : '/0089/searchdata'; against '/0087/**'
05-23-2017 03:38:59.819,DEBUG,E2B200CF18E6F2ACFF42AF839F1785E1,Checking match of request : '/0089/searchdata'; against '/0075/**'
05-23-2017 03:38:59.819,DEBUG,E2B200CF18E6F2ACFF42AF839F1785E1,Checking match of request : '/0089/searchdata'; against '/0089/**'
05-23-2017 03:38:59.819,DEBUG,E2B200CF18E6F2ACFF42AF839F1785E1,Secure object: FilterInvocation: URL: /0089/searchData; Attributes: [ROLE_ADMIN, ROLE_USER, IS_AUTHENTICATED_FULLY]
05-23-2017 03:38:59.819,DEBUG,E2B200CF18E6F2ACFF42AF839F1785E1,Previously Authenticated: org.springframework.security.authentication.UsernamePasswordAuthenticationToken@c4944c4b: Principal: vn.bananavietnam.ict.common.auth.MyUser@c4907816: Username: U0000000001; Password: [PROTECTED]; Enabled: true; AccountNonExpired: true; credentialsNonExpired: true; AccountNonLocked: true; Granted Authorities: 1; Credentials: [PROTECTED]; Authenticated: true; Details: org.springframework.security.web.authentication.WebAuthenticationDetails@fffbcba8: RemoteIpAddress: 0:0:0:0:0:0:0:1; SessionId: E2B200CF18E6F2ACFF42AF839F1785E1; Granted Authorities: 1
05-23-2017 03:38:59.819,DEBUG,E2B200CF18E6F2ACFF42AF839F1785E1,Voter: org.springframework.security.access.vote.RoleVoter@1ac872d, returned: -1
05-23-2017 03:38:59.819,DEBUG,E2B200CF18E6F2ACFF42AF839F1785E1,Voter: org.springframework.security.access.vote.AuthenticatedVoter@b1927d, returned: 1
05-23-2017 03:38:59.819,DEBUG,E2B200CF18E6F2ACFF42AF839F1785E1,Authorization successful
05-23-2017 03:38:59.819,DEBUG,E2B200CF18E6F2ACFF42AF839F1785E1,RunAsManager did not change Authentication object
05-23-2017 03:38:59.819,DEBUG,E2B200CF18E6F2ACFF42AF839F1785E1,/0089/searchData reached end of additional filter chain; proceeding with original chain
05-23-2017 03:38:59.819,DEBUG,E2B200CF18E6F2ACFF42AF839F1785E1,Request [/ict/0089/searchData] is not a multipart request
05-23-2017 03:38:59.819,DEBUG,94094B1B0255D69523A35F4FB2E30F41,DispatcherServlet with name 'appServlet' processing POST request for [/ict/0089/searchData]
05-23-2017 03:38:59.819,DEBUG,94094B1B0255D69523A35F4FB2E30F41,Looking up handler method for path /0089/searchData
05-23-2017 03:38:59.820,DEBUG,94094B1B0255D69523A35F4FB2E30F41,Returning handler method [public java.util.List<vn.bananavietnam.ict.banana.component.Bnn0089SearchTaskResult> vn.bananavietnam.ict.banana.controller.Bnn0089SearchTaskController.searchData(vn.bananavietnam.ict.banana.component.Bnn0089SearchTaskConditions)]
05-23-2017 03:38:59.820,DEBUG,94094B1B0255D69523A35F4FB2E30F41,Returning cached instance of singleton bean 'bnn0089SearchTaskController'
05-23-2017 03:38:59.820,DEBUG,94094B1B0255D69523A35F4FB2E30F41,Returning cached instance of singleton bean 'xml_path'
05-23-2017 03:38:59.821,DEBUG,94094B1B0255D69523A35F4FB2E30F41,Read [class vn.bananavietnam.ict.banana.component.Bnn0089SearchTaskConditions] as "application/json" with [org.springframework.http.converter.json.MappingJackson2HttpMessageConverter@156f2cc]
05-23-2017 03:38:59.821,INFO ,94094B1B0255D69523A35F4FB2E30F41,U0000000001,vn.bananavietnam.ict.banana.service.Bnn0089SearchTaskService,searchData,[vn.bananavietnam.ict.banana.component.Bnn0089SearchTaskConditions@131479a] METHOD START
05-23-2017 03:38:59.821,DEBUG,94094B1B0255D69523A35F4FB2E30F41,Returning cached instance of singleton bean 'transactionManager'
05-23-2017 03:38:59.821,INFO ,94094B1B0255D69523A35F4FB2E30F41,U0000000001,Task searching started
05-23-2017 03:38:59.821,DEBUG,94094B1B0255D69523A35F4FB2E30F41,Creating a new SqlSession
05-23-2017 03:38:59.821,DEBUG,94094B1B0255D69523A35F4FB2E30F41,Registering transaction synchronization for SqlSession [org.apache.ibatis.session.defaults.DefaultSqlSession@1092cbb]
05-23-2017 03:38:59.821,DEBUG,94094B1B0255D69523A35F4FB2E30F41,Fetching JDBC Connection from DataSource
05-23-2017 03:38:59.821,DEBUG,94094B1B0255D69523A35F4FB2E30F41,Creating new JDBC DriverManager Connection to [jdbc:mysql://172.16.0.175:3306/BANANA_DB_HUNG_SELENIUM?useUnicode=yes&characterEncoding=UTF-8&autoReconnect=true]
05-23-2017 03:39:03.828,DEBUG,94094B1B0255D69523A35F4FB2E30F41,Releasing transactional SqlSession [org.apache.ibatis.session.defaults.DefaultSqlSession@1092cbb]
05-23-2017 03:39:03.834,ERROR,94094B1B0255D69523A35F4FB2E30F41,U0000000001,java.lang.Exception: nested exception is org.apache.ibatis.exceptions.PersistenceException: 
05-23-2017 03:39:03.834,DEBUG,94094B1B0255D69523A35F4FB2E30F41,Transaction synchronization deregistering SqlSession [org.apache.ibatis.session.defaults.DefaultSqlSession@1092cbb]
05-23-2017 03:39:03.834,DEBUG,94094B1B0255D69523A35F4FB2E30F41,Transaction synchronization closing SqlSession [org.apache.ibatis.session.defaults.DefaultSqlSession@1092cbb]
05-23-2017 03:39:03.835,DEBUG,94094B1B0255D69523A35F4FB2E30F41,Should roll back transaction but cannot - no transaction available
05-23-2017 03:39:03.835,INFO ,94094B1B0255D69523A35F4FB2E30F41,U0000000001,vn.bananavietnam.ict.banana.service.Bnn0089SearchTaskService,searchData,[vn.bananavietnam.ict.banana.component.Bnn0089SearchTaskConditions@131479a] METHOD END
05-23-2017 03:39:03.835,DEBUG,94094B1B0255D69523A35F4FB2E30F41,Null ModelAndView returned to DispatcherServlet with name 'appServlet': assuming HandlerAdapter completed request handling
05-23-2017 03:39:03.835,DEBUG,94094B1B0255D69523A35F4FB2E30F41,Successfully completed request
05-23-2017 03:39:03.836,DEBUG,94094B1B0255D69523A35F4FB2E30F41,Chain processed normally
05-23-2017 03:39:03.836,DEBUG,94094B1B0255D69523A35F4FB2E30F41,SecurityContextHolder now cleared, as request processing completed
05-23-2017 03:39:21.902,DEBUG,E2B200CF18E6F2ACFF42AF839F1785E1,/0089/searchData at position 1 of 11 in additional filter chain; firing Filter: 'SecurityContextPersistenceFilter'
05-23-2017 03:39:21.902,DEBUG,E2B200CF18E6F2ACFF42AF839F1785E1,Obtained a valid SecurityContext from SPRING_SECURITY_CONTEXT: 'org.springframework.security.core.context.SecurityContextImpl@c4944c4b: Authentication: org.springframework.security.authentication.UsernamePasswordAuthenticationToken@c4944c4b: Principal: vn.bananavietnam.ict.common.auth.MyUser@c4907816: Username: U0000000001; Password: [PROTECTED]; Enabled: true; AccountNonExpired: true; credentialsNonExpired: true; AccountNonLocked: true; Granted Authorities: 1; Credentials: [PROTECTED]; Authenticated: true; Details: org.springframework.security.web.authentication.WebAuthenticationDetails@fffbcba8: RemoteIpAddress: 0:0:0:0:0:0:0:1; SessionId: E2B200CF18E6F2ACFF42AF839F1785E1; Granted Authorities: 1'
05-23-2017 03:39:21.902,DEBUG,E2B200CF18E6F2ACFF42AF839F1785E1,/0089/searchData at position 2 of 11 in additional filter chain; firing Filter: 'WebAsyncManagerIntegrationFilter'
05-23-2017 03:39:21.902,DEBUG,E2B200CF18E6F2ACFF42AF839F1785E1,/0089/searchData at position 3 of 11 in additional filter chain; firing Filter: 'LogoutFilter'
05-23-2017 03:39:21.902,DEBUG,E2B200CF18E6F2ACFF42AF839F1785E1,/0089/searchData at position 4 of 11 in additional filter chain; firing Filter: 'UsernamePasswordAuthenticationFilter'
05-23-2017 03:39:21.903,DEBUG,E2B200CF18E6F2ACFF42AF839F1785E1,/0089/searchData at position 5 of 11 in additional filter chain; firing Filter: 'BasicAuthenticationFilter'
05-23-2017 03:39:21.903,DEBUG,E2B200CF18E6F2ACFF42AF839F1785E1,/0089/searchData at position 6 of 11 in additional filter chain; firing Filter: 'RequestCacheAwareFilter'
05-23-2017 03:39:21.903,DEBUG,E2B200CF18E6F2ACFF42AF839F1785E1,/0089/searchData at position 7 of 11 in additional filter chain; firing Filter: 'SecurityContextHolderAwareRequestFilter'
05-23-2017 03:39:21.903,DEBUG,E2B200CF18E6F2ACFF42AF839F1785E1,/0089/searchData at position 8 of 11 in additional filter chain; firing Filter: 'AnonymousAuthenticationFilter'
05-23-2017 03:39:21.903,DEBUG,E2B200CF18E6F2ACFF42AF839F1785E1,SecurityContextHolder not populated with anonymous token, as it already contained: 'org.springframework.security.authentication.UsernamePasswordAuthenticationToken@c4944c4b: Principal: vn.bananavietnam.ict.common.auth.MyUser@c4907816: Username: U0000000001; Password: [PROTECTED]; Enabled: true; AccountNonExpired: true; credentialsNonExpired: true; AccountNonLocked: true; Granted Authorities: 1; Credentials: [PROTECTED]; Authenticated: true; Details: org.springframework.security.web.authentication.WebAuthenticationDetails@fffbcba8: RemoteIpAddress: 0:0:0:0:0:0:0:1; SessionId: E2B200CF18E6F2ACFF42AF839F1785E1; Granted Authorities: 1'
05-23-2017 03:39:21.903,DEBUG,E2B200CF18E6F2ACFF42AF839F1785E1,/0089/searchData at position 9 of 11 in additional filter chain; firing Filter: 'SessionManagementFilter'
05-23-2017 03:39:21.903,DEBUG,E2B200CF18E6F2ACFF42AF839F1785E1,/0089/searchData at position 10 of 11 in additional filter chain; firing Filter: 'ExceptionTranslationFilter'
05-23-2017 03:39:21.903,DEBUG,E2B200CF18E6F2ACFF42AF839F1785E1,/0089/searchData at position 11 of 11 in additional filter chain; firing Filter: 'FilterSecurityInterceptor'
05-23-2017 03:39:21.903,DEBUG,E2B200CF18E6F2ACFF42AF839F1785E1,Checking match of request : '/0089/searchdata'; against '/autherror*'
05-23-2017 03:39:21.903,DEBUG,E2B200CF18E6F2ACFF42AF839F1785E1,Checking match of request : '/0089/searchdata'; against '/login/**'
05-23-2017 03:39:21.903,DEBUG,E2B200CF18E6F2ACFF42AF839F1785E1,Checking match of request : '/0089/searchdata'; against '/error/**'
05-23-2017 03:39:21.903,DEBUG,E2B200CF18E6F2ACFF42AF839F1785E1,Checking match of request : '/0089/searchdata'; against '/0001/**'
05-23-2017 03:39:21.903,DEBUG,E2B200CF18E6F2ACFF42AF839F1785E1,Checking match of request : '/0089/searchdata'; against '/0002/**'
05-23-2017 03:39:21.903,DEBUG,E2B200CF18E6F2ACFF42AF839F1785E1,Checking match of request : '/0089/searchdata'; against '/0003/**'
05-23-2017 03:39:21.903,DEBUG,E2B200CF18E6F2ACFF42AF839F1785E1,Checking match of request : '/0089/searchdata'; against '/0005/**'
05-23-2017 03:39:21.903,DEBUG,E2B200CF18E6F2ACFF42AF839F1785E1,Checking match of request : '/0089/searchdata'; against '/0007/**'
05-23-2017 03:39:21.903,DEBUG,E2B200CF18E6F2ACFF42AF839F1785E1,Checking match of request : '/0089/searchdata'; against '/0009/**'
05-23-2017 03:39:21.903,DEBUG,E2B200CF18E6F2ACFF42AF839F1785E1,Checking match of request : '/0089/searchdata'; against '/0013/**'
05-23-2017 03:39:21.903,DEBUG,E2B200CF18E6F2ACFF42AF839F1785E1,Checking match of request : '/0089/searchdata'; against '/0023/**'
05-23-2017 03:39:21.903,DEBUG,E2B200CF18E6F2ACFF42AF839F1785E1,Checking match of request : '/0089/searchdata'; against '/0017/**'
05-23-2017 03:39:21.903,DEBUG,E2B200CF18E6F2ACFF42AF839F1785E1,Checking match of request : '/0089/searchdata'; against '/0031/**'
05-23-2017 03:39:21.903,DEBUG,E2B200CF18E6F2ACFF42AF839F1785E1,Checking match of request : '/0089/searchdata'; against '/0035/**'
05-23-2017 03:39:21.903,DEBUG,E2B200CF18E6F2ACFF42AF839F1785E1,Checking match of request : '/0089/searchdata'; against '/0037/**'
05-23-2017 03:39:21.903,DEBUG,E2B200CF18E6F2ACFF42AF839F1785E1,Checking match of request : '/0089/searchdata'; against '/0045/**'
05-23-2017 03:39:21.903,DEBUG,E2B200CF18E6F2ACFF42AF839F1785E1,Checking match of request : '/0089/searchdata'; against '/0047/**'
05-23-2017 03:39:21.903,DEBUG,E2B200CF18E6F2ACFF42AF839F1785E1,Checking match of request : '/0089/searchdata'; against '/0049/**'
05-23-2017 03:39:21.903,DEBUG,E2B200CF18E6F2ACFF42AF839F1785E1,Checking match of request : '/0089/searchdata'; against '/0061/**'
05-23-2017 03:39:21.903,DEBUG,E2B200CF18E6F2ACFF42AF839F1785E1,Checking match of request : '/0089/searchdata'; against '/0087/**'
05-23-2017 03:39:21.903,DEBUG,E2B200CF18E6F2ACFF42AF839F1785E1,Checking match of request : '/0089/searchdata'; against '/0075/**'
05-23-2017 03:39:21.903,DEBUG,E2B200CF18E6F2ACFF42AF839F1785E1,Checking match of request : '/0089/searchdata'; against '/0089/**'
05-23-2017 03:39:21.903,DEBUG,E2B200CF18E6F2ACFF42AF839F1785E1,Secure object: FilterInvocation: URL: /0089/searchData; Attributes: [ROLE_ADMIN, ROLE_USER, IS_AUTHENTICATED_FULLY]
05-23-2017 03:39:21.903,DEBUG,E2B200CF18E6F2ACFF42AF839F1785E1,Previously Authenticated: org.springframework.security.authentication.UsernamePasswordAuthenticationToken@c4944c4b: Principal: vn.bananavietnam.ict.common.auth.MyUser@c4907816: Username: U0000000001; Password: [PROTECTED]; Enabled: true; AccountNonExpired: true; credentialsNonExpired: true; AccountNonLocked: true; Granted Authorities: 1; Credentials: [PROTECTED]; Authenticated: true; Details: org.springframework.security.web.authentication.WebAuthenticationDetails@fffbcba8: RemoteIpAddress: 0:0:0:0:0:0:0:1; SessionId: E2B200CF18E6F2ACFF42AF839F1785E1; Granted Authorities: 1
05-23-2017 03:39:21.903,DEBUG,E2B200CF18E6F2ACFF42AF839F1785E1,Voter: org.springframework.security.access.vote.RoleVoter@1ac872d, returned: -1
05-23-2017 03:39:21.903,DEBUG,E2B200CF18E6F2ACFF42AF839F1785E1,Voter: org.springframework.security.access.vote.AuthenticatedVoter@b1927d, returned: 1
05-23-2017 03:39:21.903,DEBUG,E2B200CF18E6F2ACFF42AF839F1785E1,Authorization successful
05-23-2017 03:39:21.903,DEBUG,E2B200CF18E6F2ACFF42AF839F1785E1,RunAsManager did not change Authentication object
05-23-2017 03:39:21.903,DEBUG,E2B200CF18E6F2ACFF42AF839F1785E1,/0089/searchData reached end of additional filter chain; proceeding with original chain
05-23-2017 03:39:21.903,DEBUG,E2B200CF18E6F2ACFF42AF839F1785E1,Request [/ict/0089/searchData] is not a multipart request
05-23-2017 03:39:21.903,DEBUG,94094B1B0255D69523A35F4FB2E30F41,DispatcherServlet with name 'appServlet' processing POST request for [/ict/0089/searchData]
05-23-2017 03:39:21.903,DEBUG,94094B1B0255D69523A35F4FB2E30F41,Looking up handler method for path /0089/searchData
05-23-2017 03:39:21.903,DEBUG,94094B1B0255D69523A35F4FB2E30F41,Returning handler method [public java.util.List<vn.bananavietnam.ict.banana.component.Bnn0089SearchTaskResult> vn.bananavietnam.ict.banana.controller.Bnn0089SearchTaskController.searchData(vn.bananavietnam.ict.banana.component.Bnn0089SearchTaskConditions)]
05-23-2017 03:39:21.903,DEBUG,94094B1B0255D69523A35F4FB2E30F41,Returning cached instance of singleton bean 'bnn0089SearchTaskController'
05-23-2017 03:39:21.904,DEBUG,94094B1B0255D69523A35F4FB2E30F41,Returning cached instance of singleton bean 'xml_path'
05-23-2017 03:39:21.904,DEBUG,94094B1B0255D69523A35F4FB2E30F41,Read [class vn.bananavietnam.ict.banana.component.Bnn0089SearchTaskConditions] as "application/json" with [org.springframework.http.converter.json.MappingJackson2HttpMessageConverter@156f2cc]
05-23-2017 03:39:21.905,INFO ,94094B1B0255D69523A35F4FB2E30F41,U0000000001,vn.bananavietnam.ict.banana.service.Bnn0089SearchTaskService,searchData,[vn.bananavietnam.ict.banana.component.Bnn0089SearchTaskConditions@1d79311] METHOD START
05-23-2017 03:39:21.905,DEBUG,94094B1B0255D69523A35F4FB2E30F41,Returning cached instance of singleton bean 'transactionManager'
05-23-2017 03:39:21.905,INFO ,94094B1B0255D69523A35F4FB2E30F41,U0000000001,Task searching started
05-23-2017 03:39:21.905,DEBUG,94094B1B0255D69523A35F4FB2E30F41,Creating a new SqlSession
05-23-2017 03:39:21.905,DEBUG,94094B1B0255D69523A35F4FB2E30F41,Registering transaction synchronization for SqlSession [org.apache.ibatis.session.defaults.DefaultSqlSession@102635]
05-23-2017 03:39:21.905,DEBUG,94094B1B0255D69523A35F4FB2E30F41,Fetching JDBC Connection from DataSource
05-23-2017 03:39:21.905,DEBUG,94094B1B0255D69523A35F4FB2E30F41,Creating new JDBC DriverManager Connection to [jdbc:mysql://172.16.0.175:3306/BANANA_DB_HUNG_SELENIUM?useUnicode=yes&characterEncoding=UTF-8&autoReconnect=true]
05-23-2017 03:39:21.918,DEBUG,94094B1B0255D69523A35F4FB2E30F41,Registering transaction synchronization for JDBC Connection
05-23-2017 03:39:21.919,DEBUG,94094B1B0255D69523A35F4FB2E30F41,JDBC Connection [com.mysql.jdbc.JDBC4Connection@1d282a2] will be managed by Spring
05-23-2017 03:39:21.919,DEBUG,94094B1B0255D69523A35F4FB2E30F41,==>  Preparing: SELECT T.TASK_ID taskId, T.TASK_NAME taskName, T.WORKING_DETAILS workingDetails, T.NOTE note, T.QUARANTINE_HANDLING_FLAG quarantineHandlingFlag, T.DELETE_FLAG deleteFlag, T.CHANGE_POINT_CODE changePointCode, T.LAST_UPDATE_DATE lastUpdateDate FROM IVB_M_TASK T WHERE 1 = 1 AND T.DELETE_FLAG = '0' ORDER BY T.TASK_NAME LIMIT ?,? 
05-23-2017 03:39:21.919,DEBUG,94094B1B0255D69523A35F4FB2E30F41,==> Parameters: 0(Integer), 20(Integer)
05-23-2017 03:39:21.922,DEBUG,94094B1B0255D69523A35F4FB2E30F41,<==      Total: 20
05-23-2017 03:39:21.922,DEBUG,94094B1B0255D69523A35F4FB2E30F41,Releasing transactional SqlSession [org.apache.ibatis.session.defaults.DefaultSqlSession@102635]
05-23-2017 03:39:21.922,INFO ,94094B1B0255D69523A35F4FB2E30F41,U0000000001,SQL execution finished
05-23-2017 03:39:21.922,DEBUG,94094B1B0255D69523A35F4FB2E30F41,Fetched SqlSession [org.apache.ibatis.session.defaults.DefaultSqlSession@102635] from current transaction
05-23-2017 03:39:21.922,DEBUG,94094B1B0255D69523A35F4FB2E30F41,==>  Preparing: SELECT COUNT(*) FROM IVB_M_TASK T WHERE 1 = 1 AND T.DELETE_FLAG = '0' ORDER BY T.TASK_ID 
05-23-2017 03:39:21.922,DEBUG,94094B1B0255D69523A35F4FB2E30F41,==> Parameters: 
05-23-2017 03:39:21.924,DEBUG,94094B1B0255D69523A35F4FB2E30F41,<==      Total: 1
05-23-2017 03:39:21.924,DEBUG,94094B1B0255D69523A35F4FB2E30F41,Releasing transactional SqlSession [org.apache.ibatis.session.defaults.DefaultSqlSession@102635]
05-23-2017 03:39:21.924,INFO ,94094B1B0255D69523A35F4FB2E30F41,U0000000001,Task searching finished ==> 43 item(s)
05-23-2017 03:39:21.924,DEBUG,94094B1B0255D69523A35F4FB2E30F41,Transaction synchronization deregistering SqlSession [org.apache.ibatis.session.defaults.DefaultSqlSession@102635]
05-23-2017 03:39:21.924,DEBUG,94094B1B0255D69523A35F4FB2E30F41,Transaction synchronization closing SqlSession [org.apache.ibatis.session.defaults.DefaultSqlSession@102635]
05-23-2017 03:39:21.924,DEBUG,94094B1B0255D69523A35F4FB2E30F41,Returning JDBC Connection to DataSource
05-23-2017 03:39:21.924,INFO ,94094B1B0255D69523A35F4FB2E30F41,U0000000001,vn.bananavietnam.ict.banana.service.Bnn0089SearchTaskService,searchData,[vn.bananavietnam.ict.banana.component.Bnn0089SearchTaskConditions@1d79311] METHOD END
05-23-2017 03:39:21.924,DEBUG,94094B1B0255D69523A35F4FB2E30F41,Written [[vn.bananavietnam.ict.banana.component.Bnn0089SearchTaskResult@1bb4d4d, vn.bananavietnam.ict.banana.component.Bnn0089SearchTaskResult@e7d1ae, vn.bananavietnam.ict.banana.component.Bnn0089SearchTaskResult@1e58e75, vn.bananavietnam.ict.banana.component.Bnn0089SearchTaskResult@18aadbb, vn.bananavietnam.ict.banana.component.Bnn0089SearchTaskResult@d046e2, vn.bananavietnam.ict.banana.component.Bnn0089SearchTaskResult@1c83b7, vn.bananavietnam.ict.banana.component.Bnn0089SearchTaskResult@1352967, vn.bananavietnam.ict.banana.component.Bnn0089SearchTaskResult@17eb6cf, vn.bananavietnam.ict.banana.component.Bnn0089SearchTaskResult@1691f94, vn.bananavietnam.ict.banana.component.Bnn0089SearchTaskResult@15823f5, vn.bananavietnam.ict.banana.component.Bnn0089SearchTaskResult@1e44c68, vn.bananavietnam.ict.banana.component.Bnn0089SearchTaskResult@11e52d5, vn.bananavietnam.ict.banana.component.Bnn0089SearchTaskResult@f4661d, vn.bananavietnam.ict.banana.component.Bnn0089SearchTaskResult@75bb7d, vn.bananavietnam.ict.banana.component.Bnn0089SearchTaskResult@11539d7, vn.bananavietnam.ict.banana.component.Bnn0089SearchTaskResult@985eda, vn.bananavietnam.ict.banana.component.Bnn0089SearchTaskResult@17701da, vn.bananavietnam.ict.banana.component.Bnn0089SearchTaskResult@3aec1a, vn.bananavietnam.ict.banana.component.Bnn0089SearchTaskResult@e1bacb, vn.bananavietnam.ict.banana.component.Bnn0089SearchTaskResult@e15603]] as "application/json;charset=UTF-8" using [org.springframework.http.converter.json.MappingJackson2HttpMessageConverter@156f2cc]
05-23-2017 03:39:21.925,DEBUG,94094B1B0255D69523A35F4FB2E30F41,Null ModelAndView returned to DispatcherServlet with name 'appServlet': assuming HandlerAdapter completed request handling
05-23-2017 03:39:21.925,DEBUG,94094B1B0255D69523A35F4FB2E30F41,Successfully completed request
05-23-2017 03:39:21.925,DEBUG,94094B1B0255D69523A35F4FB2E30F41,Chain processed normally
05-23-2017 03:39:21.925,DEBUG,94094B1B0255D69523A35F4FB2E30F41,SecurityContextHolder now cleared, as request processing completed
05-23-2017 03:39:23.184,DEBUG,9D65470CE94E848183E2CD0DC2BCA3C4,/0089/searchData at position 1 of 11 in additional filter chain; firing Filter: 'SecurityContextPersistenceFilter'
05-23-2017 03:39:23.185,DEBUG,9D65470CE94E848183E2CD0DC2BCA3C4,Obtained a valid SecurityContext from SPRING_SECURITY_CONTEXT: 'org.springframework.security.core.context.SecurityContextImpl@c4944c4b: Authentication: org.springframework.security.authentication.UsernamePasswordAuthenticationToken@c4944c4b: Principal: vn.bananavietnam.ict.common.auth.MyUser@c4907816: Username: U0000000001; Password: [PROTECTED]; Enabled: true; AccountNonExpired: true; credentialsNonExpired: true; AccountNonLocked: true; Granted Authorities: 1; Credentials: [PROTECTED]; Authenticated: true; Details: org.springframework.security.web.authentication.WebAuthenticationDetails@fffbcba8: RemoteIpAddress: 0:0:0:0:0:0:0:1; SessionId: E2B200CF18E6F2ACFF42AF839F1785E1; Granted Authorities: 1'
05-23-2017 03:39:23.185,DEBUG,9D65470CE94E848183E2CD0DC2BCA3C4,/0089/searchData at position 2 of 11 in additional filter chain; firing Filter: 'WebAsyncManagerIntegrationFilter'
05-23-2017 03:39:23.185,DEBUG,9D65470CE94E848183E2CD0DC2BCA3C4,/0089/searchData at position 3 of 11 in additional filter chain; firing Filter: 'LogoutFilter'
05-23-2017 03:39:23.185,DEBUG,9D65470CE94E848183E2CD0DC2BCA3C4,/0089/searchData at position 4 of 11 in additional filter chain; firing Filter: 'UsernamePasswordAuthenticationFilter'
05-23-2017 03:39:23.185,DEBUG,9D65470CE94E848183E2CD0DC2BCA3C4,/0089/searchData at position 5 of 11 in additional filter chain; firing Filter: 'BasicAuthenticationFilter'
05-23-2017 03:39:23.185,DEBUG,9D65470CE94E848183E2CD0DC2BCA3C4,/0089/searchData at position 6 of 11 in additional filter chain; firing Filter: 'RequestCacheAwareFilter'
05-23-2017 03:39:23.185,DEBUG,9D65470CE94E848183E2CD0DC2BCA3C4,/0089/searchData at position 7 of 11 in additional filter chain; firing Filter: 'SecurityContextHolderAwareRequestFilter'
05-23-2017 03:39:23.185,DEBUG,9D65470CE94E848183E2CD0DC2BCA3C4,/0089/searchData at position 8 of 11 in additional filter chain; firing Filter: 'AnonymousAuthenticationFilter'
05-23-2017 03:39:23.185,DEBUG,9D65470CE94E848183E2CD0DC2BCA3C4,SecurityContextHolder not populated with anonymous token, as it already contained: 'org.springframework.security.authentication.UsernamePasswordAuthenticationToken@c4944c4b: Principal: vn.bananavietnam.ict.common.auth.MyUser@c4907816: Username: U0000000001; Password: [PROTECTED]; Enabled: true; AccountNonExpired: true; credentialsNonExpired: true; AccountNonLocked: true; Granted Authorities: 1; Credentials: [PROTECTED]; Authenticated: true; Details: org.springframework.security.web.authentication.WebAuthenticationDetails@fffbcba8: RemoteIpAddress: 0:0:0:0:0:0:0:1; SessionId: E2B200CF18E6F2ACFF42AF839F1785E1; Granted Authorities: 1'
05-23-2017 03:39:23.185,DEBUG,9D65470CE94E848183E2CD0DC2BCA3C4,/0089/searchData at position 9 of 11 in additional filter chain; firing Filter: 'SessionManagementFilter'
05-23-2017 03:39:23.185,DEBUG,9D65470CE94E848183E2CD0DC2BCA3C4,/0089/searchData at position 10 of 11 in additional filter chain; firing Filter: 'ExceptionTranslationFilter'
05-23-2017 03:39:23.185,DEBUG,9D65470CE94E848183E2CD0DC2BCA3C4,/0089/searchData at position 11 of 11 in additional filter chain; firing Filter: 'FilterSecurityInterceptor'
05-23-2017 03:39:23.185,DEBUG,9D65470CE94E848183E2CD0DC2BCA3C4,Checking match of request : '/0089/searchdata'; against '/autherror*'
05-23-2017 03:39:23.185,DEBUG,9D65470CE94E848183E2CD0DC2BCA3C4,Checking match of request : '/0089/searchdata'; against '/login/**'
05-23-2017 03:39:23.185,DEBUG,9D65470CE94E848183E2CD0DC2BCA3C4,Checking match of request : '/0089/searchdata'; against '/error/**'
05-23-2017 03:39:23.185,DEBUG,9D65470CE94E848183E2CD0DC2BCA3C4,Checking match of request : '/0089/searchdata'; against '/0001/**'
05-23-2017 03:39:23.185,DEBUG,9D65470CE94E848183E2CD0DC2BCA3C4,Checking match of request : '/0089/searchdata'; against '/0002/**'
05-23-2017 03:39:23.185,DEBUG,9D65470CE94E848183E2CD0DC2BCA3C4,Checking match of request : '/0089/searchdata'; against '/0003/**'
05-23-2017 03:39:23.185,DEBUG,9D65470CE94E848183E2CD0DC2BCA3C4,Checking match of request : '/0089/searchdata'; against '/0005/**'
05-23-2017 03:39:23.185,DEBUG,9D65470CE94E848183E2CD0DC2BCA3C4,Checking match of request : '/0089/searchdata'; against '/0007/**'
05-23-2017 03:39:23.185,DEBUG,9D65470CE94E848183E2CD0DC2BCA3C4,Checking match of request : '/0089/searchdata'; against '/0009/**'
05-23-2017 03:39:23.185,DEBUG,9D65470CE94E848183E2CD0DC2BCA3C4,Checking match of request : '/0089/searchdata'; against '/0013/**'
05-23-2017 03:39:23.185,DEBUG,9D65470CE94E848183E2CD0DC2BCA3C4,Checking match of request : '/0089/searchdata'; against '/0023/**'
05-23-2017 03:39:23.185,DEBUG,9D65470CE94E848183E2CD0DC2BCA3C4,Checking match of request : '/0089/searchdata'; against '/0017/**'
05-23-2017 03:39:23.185,DEBUG,9D65470CE94E848183E2CD0DC2BCA3C4,Checking match of request : '/0089/searchdata'; against '/0031/**'
05-23-2017 03:39:23.185,DEBUG,9D65470CE94E848183E2CD0DC2BCA3C4,Checking match of request : '/0089/searchdata'; against '/0035/**'
05-23-2017 03:39:23.185,DEBUG,9D65470CE94E848183E2CD0DC2BCA3C4,Checking match of request : '/0089/searchdata'; against '/0037/**'
05-23-2017 03:39:23.185,DEBUG,9D65470CE94E848183E2CD0DC2BCA3C4,Checking match of request : '/0089/searchdata'; against '/0045/**'
05-23-2017 03:39:23.185,DEBUG,9D65470CE94E848183E2CD0DC2BCA3C4,Checking match of request : '/0089/searchdata'; against '/0047/**'
05-23-2017 03:39:23.185,DEBUG,9D65470CE94E848183E2CD0DC2BCA3C4,Checking match of request : '/0089/searchdata'; against '/0049/**'
05-23-2017 03:39:23.185,DEBUG,9D65470CE94E848183E2CD0DC2BCA3C4,Checking match of request : '/0089/searchdata'; against '/0061/**'
05-23-2017 03:39:23.185,DEBUG,9D65470CE94E848183E2CD0DC2BCA3C4,Checking match of request : '/0089/searchdata'; against '/0087/**'
05-23-2017 03:39:23.185,DEBUG,9D65470CE94E848183E2CD0DC2BCA3C4,Checking match of request : '/0089/searchdata'; against '/0075/**'
05-23-2017 03:39:23.185,DEBUG,9D65470CE94E848183E2CD0DC2BCA3C4,Checking match of request : '/0089/searchdata'; against '/0089/**'
05-23-2017 03:39:23.185,DEBUG,9D65470CE94E848183E2CD0DC2BCA3C4,Secure object: FilterInvocation: URL: /0089/searchData; Attributes: [ROLE_ADMIN, ROLE_USER, IS_AUTHENTICATED_FULLY]
05-23-2017 03:39:23.185,DEBUG,9D65470CE94E848183E2CD0DC2BCA3C4,Previously Authenticated: org.springframework.security.authentication.UsernamePasswordAuthenticationToken@c4944c4b: Principal: vn.bananavietnam.ict.common.auth.MyUser@c4907816: Username: U0000000001; Password: [PROTECTED]; Enabled: true; AccountNonExpired: true; credentialsNonExpired: true; AccountNonLocked: true; Granted Authorities: 1; Credentials: [PROTECTED]; Authenticated: true; Details: org.springframework.security.web.authentication.WebAuthenticationDetails@fffbcba8: RemoteIpAddress: 0:0:0:0:0:0:0:1; SessionId: E2B200CF18E6F2ACFF42AF839F1785E1; Granted Authorities: 1
05-23-2017 03:39:23.185,DEBUG,9D65470CE94E848183E2CD0DC2BCA3C4,Voter: org.springframework.security.access.vote.RoleVoter@1ac872d, returned: -1
05-23-2017 03:39:23.185,DEBUG,9D65470CE94E848183E2CD0DC2BCA3C4,Voter: org.springframework.security.access.vote.AuthenticatedVoter@b1927d, returned: 1
05-23-2017 03:39:23.185,DEBUG,9D65470CE94E848183E2CD0DC2BCA3C4,Authorization successful
05-23-2017 03:39:23.185,DEBUG,9D65470CE94E848183E2CD0DC2BCA3C4,RunAsManager did not change Authentication object
05-23-2017 03:39:23.185,DEBUG,9D65470CE94E848183E2CD0DC2BCA3C4,/0089/searchData reached end of additional filter chain; proceeding with original chain
05-23-2017 03:39:23.185,DEBUG,9D65470CE94E848183E2CD0DC2BCA3C4,Request [/ict/0089/searchData] is not a multipart request
05-23-2017 03:39:23.186,DEBUG,94094B1B0255D69523A35F4FB2E30F41,DispatcherServlet with name 'appServlet' processing POST request for [/ict/0089/searchData]
05-23-2017 03:39:23.186,DEBUG,94094B1B0255D69523A35F4FB2E30F41,Looking up handler method for path /0089/searchData
05-23-2017 03:39:23.186,DEBUG,94094B1B0255D69523A35F4FB2E30F41,Returning handler method [public java.util.List<vn.bananavietnam.ict.banana.component.Bnn0089SearchTaskResult> vn.bananavietnam.ict.banana.controller.Bnn0089SearchTaskController.searchData(vn.bananavietnam.ict.banana.component.Bnn0089SearchTaskConditions)]
05-23-2017 03:39:23.186,DEBUG,94094B1B0255D69523A35F4FB2E30F41,Returning cached instance of singleton bean 'bnn0089SearchTaskController'
05-23-2017 03:39:23.186,DEBUG,94094B1B0255D69523A35F4FB2E30F41,Returning cached instance of singleton bean 'xml_path'
05-23-2017 03:39:23.186,DEBUG,94094B1B0255D69523A35F4FB2E30F41,Read [class vn.bananavietnam.ict.banana.component.Bnn0089SearchTaskConditions] as "application/json" with [org.springframework.http.converter.json.MappingJackson2HttpMessageConverter@156f2cc]
05-23-2017 03:39:23.186,INFO ,94094B1B0255D69523A35F4FB2E30F41,U0000000001,vn.bananavietnam.ict.banana.service.Bnn0089SearchTaskService,searchData,[vn.bananavietnam.ict.banana.component.Bnn0089SearchTaskConditions@181031] METHOD START
05-23-2017 03:39:23.186,DEBUG,94094B1B0255D69523A35F4FB2E30F41,Returning cached instance of singleton bean 'transactionManager'
05-23-2017 03:39:23.186,INFO ,94094B1B0255D69523A35F4FB2E30F41,U0000000001,Task searching started
05-23-2017 03:39:23.186,DEBUG,94094B1B0255D69523A35F4FB2E30F41,Creating a new SqlSession
05-23-2017 03:39:23.186,DEBUG,94094B1B0255D69523A35F4FB2E30F41,Registering transaction synchronization for SqlSession [org.apache.ibatis.session.defaults.DefaultSqlSession@10948c9]
05-23-2017 03:39:23.187,DEBUG,94094B1B0255D69523A35F4FB2E30F41,Fetching JDBC Connection from DataSource
05-23-2017 03:39:23.187,DEBUG,94094B1B0255D69523A35F4FB2E30F41,Creating new JDBC DriverManager Connection to [jdbc:mysql://172.16.0.175:3306/BANANA_DB_HUNG_SELENIUM?useUnicode=yes&characterEncoding=UTF-8&autoReconnect=true]
05-23-2017 03:39:23.204,DEBUG,94094B1B0255D69523A35F4FB2E30F41,Registering transaction synchronization for JDBC Connection
05-23-2017 03:39:23.204,DEBUG,94094B1B0255D69523A35F4FB2E30F41,JDBC Connection [com.mysql.jdbc.JDBC4Connection@be9f1c] will be managed by Spring
05-23-2017 03:39:23.204,DEBUG,94094B1B0255D69523A35F4FB2E30F41,==>  Preparing: SELECT T.TASK_ID taskId, T.TASK_NAME taskName, T.WORKING_DETAILS workingDetails, T.NOTE note, T.QUARANTINE_HANDLING_FLAG quarantineHandlingFlag, T.DELETE_FLAG deleteFlag, T.CHANGE_POINT_CODE changePointCode, T.LAST_UPDATE_DATE lastUpdateDate FROM IVB_M_TASK T WHERE 1 = 1 AND T.DELETE_FLAG = '0' ORDER BY T.TASK_NAME LIMIT ?,? 
05-23-2017 03:39:23.204,DEBUG,94094B1B0255D69523A35F4FB2E30F41,==> Parameters: 40(Integer), 20(Integer)
05-23-2017 03:39:23.205,DEBUG,94094B1B0255D69523A35F4FB2E30F41,<==      Total: 3
05-23-2017 03:39:23.206,DEBUG,94094B1B0255D69523A35F4FB2E30F41,Releasing transactional SqlSession [org.apache.ibatis.session.defaults.DefaultSqlSession@10948c9]
05-23-2017 03:39:23.206,INFO ,94094B1B0255D69523A35F4FB2E30F41,U0000000001,SQL execution finished
05-23-2017 03:39:23.206,DEBUG,94094B1B0255D69523A35F4FB2E30F41,Fetched SqlSession [org.apache.ibatis.session.defaults.DefaultSqlSession@10948c9] from current transaction
05-23-2017 03:39:23.206,DEBUG,94094B1B0255D69523A35F4FB2E30F41,==>  Preparing: SELECT COUNT(*) FROM IVB_M_TASK T WHERE 1 = 1 AND T.DELETE_FLAG = '0' ORDER BY T.TASK_ID 
05-23-2017 03:39:23.206,DEBUG,94094B1B0255D69523A35F4FB2E30F41,==> Parameters: 
05-23-2017 03:39:23.207,DEBUG,94094B1B0255D69523A35F4FB2E30F41,<==      Total: 1
05-23-2017 03:39:23.207,DEBUG,94094B1B0255D69523A35F4FB2E30F41,Releasing transactional SqlSession [org.apache.ibatis.session.defaults.DefaultSqlSession@10948c9]
05-23-2017 03:39:23.207,INFO ,94094B1B0255D69523A35F4FB2E30F41,U0000000001,Task searching finished ==> 43 item(s)
05-23-2017 03:39:23.207,DEBUG,94094B1B0255D69523A35F4FB2E30F41,Transaction synchronization deregistering SqlSession [org.apache.ibatis.session.defaults.DefaultSqlSession@10948c9]
05-23-2017 03:39:23.207,DEBUG,94094B1B0255D69523A35F4FB2E30F41,Transaction synchronization closing SqlSession [org.apache.ibatis.session.defaults.DefaultSqlSession@10948c9]
05-23-2017 03:39:23.207,DEBUG,94094B1B0255D69523A35F4FB2E30F41,Returning JDBC Connection to DataSource
05-23-2017 03:39:23.207,INFO ,94094B1B0255D69523A35F4FB2E30F41,U0000000001,vn.bananavietnam.ict.banana.service.Bnn0089SearchTaskService,searchData,[vn.bananavietnam.ict.banana.component.Bnn0089SearchTaskConditions@181031] METHOD END
05-23-2017 03:39:23.210,DEBUG,94094B1B0255D69523A35F4FB2E30F41,Written [[vn.bananavietnam.ict.banana.component.Bnn0089SearchTaskResult@164e62a, vn.bananavietnam.ict.banana.component.Bnn0089SearchTaskResult@149f04d, vn.bananavietnam.ict.banana.component.Bnn0089SearchTaskResult@88e88]] as "application/json;charset=UTF-8" using [org.springframework.http.converter.json.MappingJackson2HttpMessageConverter@156f2cc]
05-23-2017 03:39:23.210,DEBUG,94094B1B0255D69523A35F4FB2E30F41,Null ModelAndView returned to DispatcherServlet with name 'appServlet': assuming HandlerAdapter completed request handling
05-23-2017 03:39:23.210,DEBUG,94094B1B0255D69523A35F4FB2E30F41,Successfully completed request
05-23-2017 03:39:23.210,DEBUG,94094B1B0255D69523A35F4FB2E30F41,Chain processed normally
05-23-2017 03:39:23.210,DEBUG,94094B1B0255D69523A35F4FB2E30F41,SecurityContextHolder now cleared, as request processing completed
