05-23-2017 03:15:26.255,DEBUG,318DFBE0CAB83B1A79B039AA3DC909BD,/0089/searchData at position 1 of 11 in additional filter chain; firing Filter: 'SecurityContextPersistenceFilter'
05-23-2017 03:15:26.255,DEBUG,318DFBE0CAB83B1A79B039AA3DC909BD,Obtained a valid SecurityContext from SPRING_SECURITY_CONTEXT: 'org.springframework.security.core.context.SecurityContextImpl@c4944c4b: Authentication: org.springframework.security.authentication.UsernamePasswordAuthenticationToken@c4944c4b: Principal: vn.bananavietnam.ict.common.auth.MyUser@c4907816: Username: U0000000001; Password: [PROTECTED]; Enabled: true; AccountNonExpired: true; credentialsNonExpired: true; AccountNonLocked: true; Granted Authorities: 1; Credentials: [PROTECTED]; Authenticated: true; Details: org.springframework.security.web.authentication.WebAuthenticationDetails@fffbcba8: RemoteIpAddress: 0:0:0:0:0:0:0:1; SessionId: F05625AC698ED201F547ABFD534D2F00; Granted Authorities: 1'
05-23-2017 03:15:26.255,DEBUG,318DFBE0CAB83B1A79B039AA3DC909BD,/0089/searchData at position 2 of 11 in additional filter chain; firing Filter: 'WebAsyncManagerIntegrationFilter'
05-23-2017 03:15:26.255,DEBUG,318DFBE0CAB83B1A79B039AA3DC909BD,/0089/searchData at position 3 of 11 in additional filter chain; firing Filter: 'LogoutFilter'
05-23-2017 03:15:26.255,DEBUG,318DFBE0CAB83B1A79B039AA3DC909BD,/0089/searchData at position 4 of 11 in additional filter chain; firing Filter: 'UsernamePasswordAuthenticationFilter'
05-23-2017 03:15:26.255,DEBUG,318DFBE0CAB83B1A79B039AA3DC909BD,/0089/searchData at position 5 of 11 in additional filter chain; firing Filter: 'BasicAuthenticationFilter'
05-23-2017 03:15:26.255,DEBUG,318DFBE0CAB83B1A79B039AA3DC909BD,/0089/searchData at position 6 of 11 in additional filter chain; firing Filter: 'RequestCacheAwareFilter'
05-23-2017 03:15:26.255,DEBUG,318DFBE0CAB83B1A79B039AA3DC909BD,/0089/searchData at position 7 of 11 in additional filter chain; firing Filter: 'SecurityContextHolderAwareRequestFilter'
05-23-2017 03:15:26.255,DEBUG,318DFBE0CAB83B1A79B039AA3DC909BD,/0089/searchData at position 8 of 11 in additional filter chain; firing Filter: 'AnonymousAuthenticationFilter'
05-23-2017 03:15:26.255,DEBUG,318DFBE0CAB83B1A79B039AA3DC909BD,SecurityContextHolder not populated with anonymous token, as it already contained: 'org.springframework.security.authentication.UsernamePasswordAuthenticationToken@c4944c4b: Principal: vn.bananavietnam.ict.common.auth.MyUser@c4907816: Username: U0000000001; Password: [PROTECTED]; Enabled: true; AccountNonExpired: true; credentialsNonExpired: true; AccountNonLocked: true; Granted Authorities: 1; Credentials: [PROTECTED]; Authenticated: true; Details: org.springframework.security.web.authentication.WebAuthenticationDetails@fffbcba8: RemoteIpAddress: 0:0:0:0:0:0:0:1; SessionId: F05625AC698ED201F547ABFD534D2F00; Granted Authorities: 1'
05-23-2017 03:15:26.255,DEBUG,318DFBE0CAB83B1A79B039AA3DC909BD,/0089/searchData at position 9 of 11 in additional filter chain; firing Filter: 'SessionManagementFilter'
05-23-2017 03:15:26.255,DEBUG,318DFBE0CAB83B1A79B039AA3DC909BD,/0089/searchData at position 10 of 11 in additional filter chain; firing Filter: 'ExceptionTranslationFilter'
05-23-2017 03:15:26.255,DEBUG,318DFBE0CAB83B1A79B039AA3DC909BD,/0089/searchData at position 11 of 11 in additional filter chain; firing Filter: 'FilterSecurityInterceptor'
05-23-2017 03:15:26.255,DEBUG,318DFBE0CAB83B1A79B039AA3DC909BD,Checking match of request : '/0089/searchdata'; against '/autherror*'
05-23-2017 03:15:26.255,DEBUG,318DFBE0CAB83B1A79B039AA3DC909BD,Checking match of request : '/0089/searchdata'; against '/login/**'
05-23-2017 03:15:26.255,DEBUG,318DFBE0CAB83B1A79B039AA3DC909BD,Checking match of request : '/0089/searchdata'; against '/error/**'
05-23-2017 03:15:26.255,DEBUG,318DFBE0CAB83B1A79B039AA3DC909BD,Checking match of request : '/0089/searchdata'; against '/0001/**'
05-23-2017 03:15:26.255,DEBUG,318DFBE0CAB83B1A79B039AA3DC909BD,Checking match of request : '/0089/searchdata'; against '/0002/**'
05-23-2017 03:15:26.255,DEBUG,318DFBE0CAB83B1A79B039AA3DC909BD,Checking match of request : '/0089/searchdata'; against '/0003/**'
05-23-2017 03:15:26.255,DEBUG,318DFBE0CAB83B1A79B039AA3DC909BD,Checking match of request : '/0089/searchdata'; against '/0005/**'
05-23-2017 03:15:26.255,DEBUG,318DFBE0CAB83B1A79B039AA3DC909BD,Checking match of request : '/0089/searchdata'; against '/0007/**'
05-23-2017 03:15:26.255,DEBUG,318DFBE0CAB83B1A79B039AA3DC909BD,Checking match of request : '/0089/searchdata'; against '/0009/**'
05-23-2017 03:15:26.255,DEBUG,318DFBE0CAB83B1A79B039AA3DC909BD,Checking match of request : '/0089/searchdata'; against '/0013/**'
05-23-2017 03:15:26.255,DEBUG,318DFBE0CAB83B1A79B039AA3DC909BD,Checking match of request : '/0089/searchdata'; against '/0023/**'
05-23-2017 03:15:26.255,DEBUG,318DFBE0CAB83B1A79B039AA3DC909BD,Checking match of request : '/0089/searchdata'; against '/0017/**'
05-23-2017 03:15:26.255,DEBUG,318DFBE0CAB83B1A79B039AA3DC909BD,Checking match of request : '/0089/searchdata'; against '/0031/**'
05-23-2017 03:15:26.255,DEBUG,318DFBE0CAB83B1A79B039AA3DC909BD,Checking match of request : '/0089/searchdata'; against '/0035/**'
05-23-2017 03:15:26.256,DEBUG,318DFBE0CAB83B1A79B039AA3DC909BD,Checking match of request : '/0089/searchdata'; against '/0037/**'
05-23-2017 03:15:26.256,DEBUG,318DFBE0CAB83B1A79B039AA3DC909BD,Checking match of request : '/0089/searchdata'; against '/0045/**'
05-23-2017 03:15:26.256,DEBUG,318DFBE0CAB83B1A79B039AA3DC909BD,Checking match of request : '/0089/searchdata'; against '/0047/**'
05-23-2017 03:15:26.256,DEBUG,318DFBE0CAB83B1A79B039AA3DC909BD,Checking match of request : '/0089/searchdata'; against '/0049/**'
05-23-2017 03:15:26.256,DEBUG,318DFBE0CAB83B1A79B039AA3DC909BD,Checking match of request : '/0089/searchdata'; against '/0061/**'
05-23-2017 03:15:26.256,DEBUG,318DFBE0CAB83B1A79B039AA3DC909BD,Checking match of request : '/0089/searchdata'; against '/0087/**'
05-23-2017 03:15:26.256,DEBUG,318DFBE0CAB83B1A79B039AA3DC909BD,Checking match of request : '/0089/searchdata'; against '/0075/**'
05-23-2017 03:15:26.256,DEBUG,318DFBE0CAB83B1A79B039AA3DC909BD,Checking match of request : '/0089/searchdata'; against '/0089/**'
05-23-2017 03:15:26.256,DEBUG,318DFBE0CAB83B1A79B039AA3DC909BD,Secure object: FilterInvocation: URL: /0089/searchData; Attributes: [ROLE_ADMIN, ROLE_USER, IS_AUTHENTICATED_FULLY]
05-23-2017 03:15:26.256,DEBUG,318DFBE0CAB83B1A79B039AA3DC909BD,Previously Authenticated: org.springframework.security.authentication.UsernamePasswordAuthenticationToken@c4944c4b: Principal: vn.bananavietnam.ict.common.auth.MyUser@c4907816: Username: U0000000001; Password: [PROTECTED]; Enabled: true; AccountNonExpired: true; credentialsNonExpired: true; AccountNonLocked: true; Granted Authorities: 1; Credentials: [PROTECTED]; Authenticated: true; Details: org.springframework.security.web.authentication.WebAuthenticationDetails@fffbcba8: RemoteIpAddress: 0:0:0:0:0:0:0:1; SessionId: F05625AC698ED201F547ABFD534D2F00; Granted Authorities: 1
05-23-2017 03:15:26.256,DEBUG,318DFBE0CAB83B1A79B039AA3DC909BD,Voter: org.springframework.security.access.vote.RoleVoter@c7637e, returned: -1
05-23-2017 03:15:26.256,DEBUG,318DFBE0CAB83B1A79B039AA3DC909BD,Voter: org.springframework.security.access.vote.AuthenticatedVoter@1f8faaf, returned: 1
05-23-2017 03:15:26.256,DEBUG,318DFBE0CAB83B1A79B039AA3DC909BD,Authorization successful
05-23-2017 03:15:26.256,DEBUG,318DFBE0CAB83B1A79B039AA3DC909BD,RunAsManager did not change Authentication object
05-23-2017 03:15:26.256,DEBUG,318DFBE0CAB83B1A79B039AA3DC909BD,/0089/searchData reached end of additional filter chain; proceeding with original chain
05-23-2017 03:15:26.256,DEBUG,318DFBE0CAB83B1A79B039AA3DC909BD,Request [/ict/0089/searchData] is not a multipart request
05-23-2017 03:15:26.256,DEBUG,318DFBE0CAB83B1A79B039AA3DC909BD,DispatcherServlet with name 'appServlet' processing POST request for [/ict/0089/searchData]
05-23-2017 03:15:26.256,DEBUG,318DFBE0CAB83B1A79B039AA3DC909BD,Looking up handler method for path /0089/searchData
05-23-2017 03:15:26.256,DEBUG,318DFBE0CAB83B1A79B039AA3DC909BD,Returning handler method [public java.util.List<vn.bananavietnam.ict.banana.component.Bnn0089SearchTaskResult> vn.bananavietnam.ict.banana.controller.Bnn0089SearchTaskController.searchData(vn.bananavietnam.ict.banana.component.Bnn0089SearchTaskConditions)]
05-23-2017 03:15:26.256,DEBUG,318DFBE0CAB83B1A79B039AA3DC909BD,Returning cached instance of singleton bean 'bnn0089SearchTaskController'
05-23-2017 03:15:26.256,DEBUG,318DFBE0CAB83B1A79B039AA3DC909BD,Returning cached instance of singleton bean 'xml_path'
05-23-2017 03:15:26.257,DEBUG,318DFBE0CAB83B1A79B039AA3DC909BD,Read [class vn.bananavietnam.ict.banana.component.Bnn0089SearchTaskConditions] as "application/json" with [org.springframework.http.converter.json.MappingJackson2HttpMessageConverter@ce0eb1]
05-23-2017 03:15:26.257,INFO ,318DFBE0CAB83B1A79B039AA3DC909BD,U0000000001,vn.bananavietnam.ict.banana.service.Bnn0089SearchTaskService,searchData,[vn.bananavietnam.ict.banana.component.Bnn0089SearchTaskConditions@150f6e2] METHOD START
05-23-2017 03:15:26.257,DEBUG,318DFBE0CAB83B1A79B039AA3DC909BD,Returning cached instance of singleton bean 'transactionManager'
05-23-2017 03:15:26.257,INFO ,318DFBE0CAB83B1A79B039AA3DC909BD,U0000000001,Task searching started
05-23-2017 03:15:26.257,DEBUG,318DFBE0CAB83B1A79B039AA3DC909BD,Creating a new SqlSession
05-23-2017 03:15:26.257,DEBUG,318DFBE0CAB83B1A79B039AA3DC909BD,Registering transaction synchronization for SqlSession [org.apache.ibatis.session.defaults.DefaultSqlSession@415b35]
05-23-2017 03:15:26.258,DEBUG,318DFBE0CAB83B1A79B039AA3DC909BD,Fetching JDBC Connection from DataSource
05-23-2017 03:15:26.258,DEBUG,318DFBE0CAB83B1A79B039AA3DC909BD,Creating new JDBC DriverManager Connection to [jdbc:mysql://172.16.0.175:3306/BANANA_DB_HUNG_SELENIUM?useUnicode=yes&characterEncoding=UTF-8&autoReconnect=true]
05-23-2017 03:15:26.273,DEBUG,318DFBE0CAB83B1A79B039AA3DC909BD,Registering transaction synchronization for JDBC Connection
05-23-2017 03:15:26.274,DEBUG,318DFBE0CAB83B1A79B039AA3DC909BD,JDBC Connection [com.mysql.jdbc.JDBC4Connection@ba938d] will be managed by Spring
05-23-2017 03:15:26.274,DEBUG,318DFBE0CAB83B1A79B039AA3DC909BD,==>  Preparing: SELECT T.TASK_ID taskId, T.TASK_NAME taskName, T.WORKING_DETAILS workingDetails, T.NOTE note, T.QUARANTINE_HANDLING_FLAG quarantineHandlingFlag, T.DELETE_FLAG deleteFlag, T.CHANGE_POINT_CODE changePointCode, T.LAST_UPDATE_DATE lastUpdateDate FROM IVB_M_TASK T WHERE 1 = 1 AND T.DELETE_FLAG = '0' ORDER BY T.TASK_NAME LIMIT ?,? 
05-23-2017 03:15:26.274,DEBUG,318DFBE0CAB83B1A79B039AA3DC909BD,==> Parameters: 0(Integer), 20(Integer)
05-23-2017 03:15:26.279,DEBUG,318DFBE0CAB83B1A79B039AA3DC909BD,<==      Total: 20
05-23-2017 03:15:26.279,DEBUG,318DFBE0CAB83B1A79B039AA3DC909BD,Releasing transactional SqlSession [org.apache.ibatis.session.defaults.DefaultSqlSession@415b35]
05-23-2017 03:15:26.279,INFO ,318DFBE0CAB83B1A79B039AA3DC909BD,U0000000001,SQL execution finished
05-23-2017 03:15:26.279,DEBUG,318DFBE0CAB83B1A79B039AA3DC909BD,Fetched SqlSession [org.apache.ibatis.session.defaults.DefaultSqlSession@415b35] from current transaction
05-23-2017 03:15:26.279,DEBUG,318DFBE0CAB83B1A79B039AA3DC909BD,==>  Preparing: SELECT COUNT(*) FROM IVB_M_TASK T WHERE 1 = 1 AND T.DELETE_FLAG = '0' ORDER BY T.TASK_ID 
05-23-2017 03:15:26.279,DEBUG,318DFBE0CAB83B1A79B039AA3DC909BD,==> Parameters: 
05-23-2017 03:15:26.283,DEBUG,318DFBE0CAB83B1A79B039AA3DC909BD,<==      Total: 1
05-23-2017 03:15:26.283,DEBUG,318DFBE0CAB83B1A79B039AA3DC909BD,Releasing transactional SqlSession [org.apache.ibatis.session.defaults.DefaultSqlSession@415b35]
05-23-2017 03:15:26.283,INFO ,318DFBE0CAB83B1A79B039AA3DC909BD,U0000000001,Task searching finished ==> 43 item(s)
05-23-2017 03:15:26.283,DEBUG,318DFBE0CAB83B1A79B039AA3DC909BD,Transaction synchronization deregistering SqlSession [org.apache.ibatis.session.defaults.DefaultSqlSession@415b35]
05-23-2017 03:15:26.283,DEBUG,318DFBE0CAB83B1A79B039AA3DC909BD,Transaction synchronization closing SqlSession [org.apache.ibatis.session.defaults.DefaultSqlSession@415b35]
05-23-2017 03:15:26.283,DEBUG,318DFBE0CAB83B1A79B039AA3DC909BD,Returning JDBC Connection to DataSource
05-23-2017 03:15:26.283,INFO ,318DFBE0CAB83B1A79B039AA3DC909BD,U0000000001,vn.bananavietnam.ict.banana.service.Bnn0089SearchTaskService,searchData,[vn.bananavietnam.ict.banana.component.Bnn0089SearchTaskConditions@150f6e2] METHOD END
05-23-2017 03:15:26.285,DEBUG,318DFBE0CAB83B1A79B039AA3DC909BD,Written [[vn.bananavietnam.ict.banana.component.Bnn0089SearchTaskResult@df1e78, vn.bananavietnam.ict.banana.component.Bnn0089SearchTaskResult@86dcc, vn.bananavietnam.ict.banana.component.Bnn0089SearchTaskResult@9d68cf, vn.bananavietnam.ict.banana.component.Bnn0089SearchTaskResult@1c054a, vn.bananavietnam.ict.banana.component.Bnn0089SearchTaskResult@64ffef, vn.bananavietnam.ict.banana.component.Bnn0089SearchTaskResult@13196a2, vn.bananavietnam.ict.banana.component.Bnn0089SearchTaskResult@23599b, vn.bananavietnam.ict.banana.component.Bnn0089SearchTaskResult@b52740, vn.bananavietnam.ict.banana.component.Bnn0089SearchTaskResult@11d32fe, vn.bananavietnam.ict.banana.component.Bnn0089SearchTaskResult@323f79, vn.bananavietnam.ict.banana.component.Bnn0089SearchTaskResult@294ba5, vn.bananavietnam.ict.banana.component.Bnn0089SearchTaskResult@141e787, vn.bananavietnam.ict.banana.component.Bnn0089SearchTaskResult@15fb713, vn.bananavietnam.ict.banana.component.Bnn0089SearchTaskResult@d183b6, vn.bananavietnam.ict.banana.component.Bnn0089SearchTaskResult@cd96aa, vn.bananavietnam.ict.banana.component.Bnn0089SearchTaskResult@7a3b2b, vn.bananavietnam.ict.banana.component.Bnn0089SearchTaskResult@31e598, vn.bananavietnam.ict.banana.component.Bnn0089SearchTaskResult@67191b, vn.bananavietnam.ict.banana.component.Bnn0089SearchTaskResult@db73b, vn.bananavietnam.ict.banana.component.Bnn0089SearchTaskResult@1cb6572]] as "application/json;charset=UTF-8" using [org.springframework.http.converter.json.MappingJackson2HttpMessageConverter@ce0eb1]
05-23-2017 03:15:26.286,DEBUG,318DFBE0CAB83B1A79B039AA3DC909BD,Null ModelAndView returned to DispatcherServlet with name 'appServlet': assuming HandlerAdapter completed request handling
05-23-2017 03:15:26.286,DEBUG,318DFBE0CAB83B1A79B039AA3DC909BD,Successfully completed request
05-23-2017 03:15:26.286,DEBUG,318DFBE0CAB83B1A79B039AA3DC909BD,Chain processed normally
05-23-2017 03:15:26.286,DEBUG,318DFBE0CAB83B1A79B039AA3DC909BD,SecurityContextHolder now cleared, as request processing completed
05-23-2017 03:15:14.209,DEBUG,0F0DF7DAE7CA8E817C7D7F619A9819FD,/0089/searchData at position 1 of 11 in additional filter chain; firing Filter: 'SecurityContextPersistenceFilter'
05-23-2017 03:15:14.209,DEBUG,0F0DF7DAE7CA8E817C7D7F619A9819FD,No HttpSession currently exists
05-23-2017 03:15:14.209,DEBUG,0F0DF7DAE7CA8E817C7D7F619A9819FD,No SecurityContext was available from the HttpSession: null. A new one will be created.
05-23-2017 03:15:14.209,DEBUG,0F0DF7DAE7CA8E817C7D7F619A9819FD,/0089/searchData at position 2 of 11 in additional filter chain; firing Filter: 'WebAsyncManagerIntegrationFilter'
05-23-2017 03:15:14.209,DEBUG,0F0DF7DAE7CA8E817C7D7F619A9819FD,/0089/searchData at position 3 of 11 in additional filter chain; firing Filter: 'LogoutFilter'
05-23-2017 03:15:14.210,DEBUG,0F0DF7DAE7CA8E817C7D7F619A9819FD,/0089/searchData at position 4 of 11 in additional filter chain; firing Filter: 'UsernamePasswordAuthenticationFilter'
05-23-2017 03:15:14.210,DEBUG,0F0DF7DAE7CA8E817C7D7F619A9819FD,/0089/searchData at position 5 of 11 in additional filter chain; firing Filter: 'BasicAuthenticationFilter'
05-23-2017 03:15:14.210,DEBUG,0F0DF7DAE7CA8E817C7D7F619A9819FD,/0089/searchData at position 6 of 11 in additional filter chain; firing Filter: 'RequestCacheAwareFilter'
05-23-2017 03:15:14.210,DEBUG,0F0DF7DAE7CA8E817C7D7F619A9819FD,/0089/searchData at position 7 of 11 in additional filter chain; firing Filter: 'SecurityContextHolderAwareRequestFilter'
05-23-2017 03:15:14.210,DEBUG,0F0DF7DAE7CA8E817C7D7F619A9819FD,/0089/searchData at position 8 of 11 in additional filter chain; firing Filter: 'AnonymousAuthenticationFilter'
05-23-2017 03:15:14.210,DEBUG,0F0DF7DAE7CA8E817C7D7F619A9819FD,Populated SecurityContextHolder with anonymous token: 'org.springframework.security.authentication.AnonymousAuthenticationToken@9055c2bc: Principal: anonymousUser; Credentials: [PROTECTED]; Authenticated: true; Details: org.springframework.security.web.authentication.WebAuthenticationDetails@b364: RemoteIpAddress: 0:0:0:0:0:0:0:1; SessionId: null; Granted Authorities: ROLE_ANONYMOUS'
05-23-2017 03:15:14.210,DEBUG,0F0DF7DAE7CA8E817C7D7F619A9819FD,/0089/searchData at position 9 of 11 in additional filter chain; firing Filter: 'SessionManagementFilter'
05-23-2017 03:15:14.210,DEBUG,0F0DF7DAE7CA8E817C7D7F619A9819FD,Requested session ID 0F0DF7DAE7CA8E817C7D7F619A9819FD is invalid.
05-23-2017 03:15:14.210,DEBUG,0F0DF7DAE7CA8E817C7D7F619A9819FD,/0089/searchData at position 10 of 11 in additional filter chain; firing Filter: 'ExceptionTranslationFilter'
05-23-2017 03:15:14.210,DEBUG,0F0DF7DAE7CA8E817C7D7F619A9819FD,/0089/searchData at position 11 of 11 in additional filter chain; firing Filter: 'FilterSecurityInterceptor'
05-23-2017 03:15:14.210,DEBUG,0F0DF7DAE7CA8E817C7D7F619A9819FD,Checking match of request : '/0089/searchdata'; against '/autherror*'
05-23-2017 03:15:14.210,DEBUG,0F0DF7DAE7CA8E817C7D7F619A9819FD,Checking match of request : '/0089/searchdata'; against '/login/**'
05-23-2017 03:15:14.210,DEBUG,0F0DF7DAE7CA8E817C7D7F619A9819FD,Checking match of request : '/0089/searchdata'; against '/error/**'
05-23-2017 03:15:14.211,DEBUG,0F0DF7DAE7CA8E817C7D7F619A9819FD,Checking match of request : '/0089/searchdata'; against '/0001/**'
05-23-2017 03:15:14.211,DEBUG,0F0DF7DAE7CA8E817C7D7F619A9819FD,Checking match of request : '/0089/searchdata'; against '/0002/**'
05-23-2017 03:15:14.211,DEBUG,0F0DF7DAE7CA8E817C7D7F619A9819FD,Checking match of request : '/0089/searchdata'; against '/0003/**'
05-23-2017 03:15:14.211,DEBUG,0F0DF7DAE7CA8E817C7D7F619A9819FD,Checking match of request : '/0089/searchdata'; against '/0005/**'
05-23-2017 03:15:14.211,DEBUG,0F0DF7DAE7CA8E817C7D7F619A9819FD,Checking match of request : '/0089/searchdata'; against '/0007/**'
05-23-2017 03:15:14.211,DEBUG,0F0DF7DAE7CA8E817C7D7F619A9819FD,Checking match of request : '/0089/searchdata'; against '/0009/**'
05-23-2017 03:15:14.211,DEBUG,0F0DF7DAE7CA8E817C7D7F619A9819FD,Checking match of request : '/0089/searchdata'; against '/0013/**'
05-23-2017 03:15:14.211,DEBUG,0F0DF7DAE7CA8E817C7D7F619A9819FD,Checking match of request : '/0089/searchdata'; against '/0023/**'
05-23-2017 03:15:14.211,DEBUG,0F0DF7DAE7CA8E817C7D7F619A9819FD,Checking match of request : '/0089/searchdata'; against '/0017/**'
05-23-2017 03:15:14.211,DEBUG,0F0DF7DAE7CA8E817C7D7F619A9819FD,Checking match of request : '/0089/searchdata'; against '/0031/**'
05-23-2017 03:15:14.211,DEBUG,0F0DF7DAE7CA8E817C7D7F619A9819FD,Checking match of request : '/0089/searchdata'; against '/0035/**'
05-23-2017 03:15:14.211,DEBUG,0F0DF7DAE7CA8E817C7D7F619A9819FD,Checking match of request : '/0089/searchdata'; against '/0037/**'
05-23-2017 03:15:14.211,DEBUG,0F0DF7DAE7CA8E817C7D7F619A9819FD,Checking match of request : '/0089/searchdata'; against '/0045/**'
05-23-2017 03:15:14.211,DEBUG,0F0DF7DAE7CA8E817C7D7F619A9819FD,Checking match of request : '/0089/searchdata'; against '/0047/**'
05-23-2017 03:15:14.211,DEBUG,0F0DF7DAE7CA8E817C7D7F619A9819FD,Checking match of request : '/0089/searchdata'; against '/0049/**'
05-23-2017 03:15:14.211,DEBUG,0F0DF7DAE7CA8E817C7D7F619A9819FD,Checking match of request : '/0089/searchdata'; against '/0061/**'
05-23-2017 03:15:14.211,DEBUG,0F0DF7DAE7CA8E817C7D7F619A9819FD,Checking match of request : '/0089/searchdata'; against '/0087/**'
05-23-2017 03:15:14.211,DEBUG,0F0DF7DAE7CA8E817C7D7F619A9819FD,Checking match of request : '/0089/searchdata'; against '/0075/**'
05-23-2017 03:15:14.211,DEBUG,0F0DF7DAE7CA8E817C7D7F619A9819FD,Checking match of request : '/0089/searchdata'; against '/0089/**'
05-23-2017 03:15:14.211,DEBUG,0F0DF7DAE7CA8E817C7D7F619A9819FD,Secure object: FilterInvocation: URL: /0089/searchData; Attributes: [ROLE_ADMIN, ROLE_USER, IS_AUTHENTICATED_FULLY]
05-23-2017 03:15:14.211,DEBUG,0F0DF7DAE7CA8E817C7D7F619A9819FD,Previously Authenticated: org.springframework.security.authentication.AnonymousAuthenticationToken@9055c2bc: Principal: anonymousUser; Credentials: [PROTECTED]; Authenticated: true; Details: org.springframework.security.web.authentication.WebAuthenticationDetails@b364: RemoteIpAddress: 0:0:0:0:0:0:0:1; SessionId: null; Granted Authorities: ROLE_ANONYMOUS
05-23-2017 03:15:14.211,DEBUG,0F0DF7DAE7CA8E817C7D7F619A9819FD,Voter: org.springframework.security.access.vote.RoleVoter@1ac872d, returned: -1
05-23-2017 03:15:14.211,DEBUG,0F0DF7DAE7CA8E817C7D7F619A9819FD,Voter: org.springframework.security.access.vote.AuthenticatedVoter@b1927d, returned: -1
05-23-2017 03:15:14.211,DEBUG,0F0DF7DAE7CA8E817C7D7F619A9819FD,Access is denied (user is anonymous); redirecting to authentication entry point
05-23-2017 03:15:14.212,DEBUG,0F0DF7DAE7CA8E817C7D7F619A9819FD,DefaultSavedRequest added to Session: DefaultSavedRequest[http://localhost:8080/ict/0089/searchData]
05-23-2017 03:15:14.212,DEBUG,0F0DF7DAE7CA8E817C7D7F619A9819FD,Calling Authentication entry point.
05-23-2017 03:15:14.212,DEBUG,0F0DF7DAE7CA8E817C7D7F619A9819FD,Redirecting to 'http://localhost:8080/ict/'
05-23-2017 03:15:14.212,DEBUG,0F0DF7DAE7CA8E817C7D7F619A9819FD,SecurityContext is empty or contents are anonymous - context will not be stored in HttpSession.
05-23-2017 03:15:14.212,DEBUG,0F0DF7DAE7CA8E817C7D7F619A9819FD,SecurityContextHolder now cleared, as request processing completed
05-23-2017 03:15:14.217,DEBUG,0F0DF7DAE7CA8E817C7D7F619A9819FD,/login at position 1 of 11 in additional filter chain; firing Filter: 'SecurityContextPersistenceFilter'
05-23-2017 03:15:14.217,DEBUG,0F0DF7DAE7CA8E817C7D7F619A9819FD,HttpSession returned null object for SPRING_SECURITY_CONTEXT
05-23-2017 03:15:14.217,DEBUG,0F0DF7DAE7CA8E817C7D7F619A9819FD,No SecurityContext was available from the HttpSession: org.apache.catalina.session.StandardSessionFacade@1445ef2. A new one will be created.
05-23-2017 03:15:14.217,DEBUG,0F0DF7DAE7CA8E817C7D7F619A9819FD,/login at position 2 of 11 in additional filter chain; firing Filter: 'WebAsyncManagerIntegrationFilter'
05-23-2017 03:15:14.217,DEBUG,0F0DF7DAE7CA8E817C7D7F619A9819FD,/login at position 3 of 11 in additional filter chain; firing Filter: 'LogoutFilter'
05-23-2017 03:15:14.217,DEBUG,0F0DF7DAE7CA8E817C7D7F619A9819FD,Logging out user 'null' and transferring to logout destination
05-23-2017 03:15:14.217,DEBUG,0F0DF7DAE7CA8E817C7D7F619A9819FD,Invalidating session: E1341BBC8DB817B4F2E0E747C05DF9E8
05-23-2017 03:15:14.217,DEBUG,0F0DF7DAE7CA8E817C7D7F619A9819FD,Using default Url: /
05-23-2017 03:15:14.217,DEBUG,0F0DF7DAE7CA8E817C7D7F619A9819FD,Redirecting to '/ict/'
05-23-2017 03:15:14.217,DEBUG,0F0DF7DAE7CA8E817C7D7F619A9819FD,SecurityContext is empty or contents are anonymous - context will not be stored in HttpSession.
05-23-2017 03:15:14.217,DEBUG,0F0DF7DAE7CA8E817C7D7F619A9819FD,SecurityContextHolder now cleared, as request processing completed
05-23-2017 03:15:14.219,DEBUG,6F3A877EBCA7EEB6DCF46BAA81FC87B9,/ at position 1 of 11 in additional filter chain; firing Filter: 'SecurityContextPersistenceFilter'
05-23-2017 03:15:14.219,DEBUG,6F3A877EBCA7EEB6DCF46BAA81FC87B9,No HttpSession currently exists
05-23-2017 03:15:14.219,DEBUG,6F3A877EBCA7EEB6DCF46BAA81FC87B9,No SecurityContext was available from the HttpSession: null. A new one will be created.
05-23-2017 03:15:14.219,DEBUG,6F3A877EBCA7EEB6DCF46BAA81FC87B9,/ at position 2 of 11 in additional filter chain; firing Filter: 'WebAsyncManagerIntegrationFilter'
05-23-2017 03:15:14.219,DEBUG,6F3A877EBCA7EEB6DCF46BAA81FC87B9,/ at position 3 of 11 in additional filter chain; firing Filter: 'LogoutFilter'
05-23-2017 03:15:14.219,DEBUG,6F3A877EBCA7EEB6DCF46BAA81FC87B9,/ at position 4 of 11 in additional filter chain; firing Filter: 'UsernamePasswordAuthenticationFilter'
05-23-2017 03:15:14.219,DEBUG,6F3A877EBCA7EEB6DCF46BAA81FC87B9,/ at position 5 of 11 in additional filter chain; firing Filter: 'BasicAuthenticationFilter'
05-23-2017 03:15:14.219,DEBUG,6F3A877EBCA7EEB6DCF46BAA81FC87B9,/ at position 6 of 11 in additional filter chain; firing Filter: 'RequestCacheAwareFilter'
05-23-2017 03:15:14.219,DEBUG,6F3A877EBCA7EEB6DCF46BAA81FC87B9,/ at position 7 of 11 in additional filter chain; firing Filter: 'SecurityContextHolderAwareRequestFilter'
05-23-2017 03:15:14.219,DEBUG,6F3A877EBCA7EEB6DCF46BAA81FC87B9,/ at position 8 of 11 in additional filter chain; firing Filter: 'AnonymousAuthenticationFilter'
05-23-2017 03:15:14.219,DEBUG,6F3A877EBCA7EEB6DCF46BAA81FC87B9,Populated SecurityContextHolder with anonymous token: 'org.springframework.security.authentication.AnonymousAuthenticationToken@9055c2bc: Principal: anonymousUser; Credentials: [PROTECTED]; Authenticated: true; Details: org.springframework.security.web.authentication.WebAuthenticationDetails@b364: RemoteIpAddress: 0:0:0:0:0:0:0:1; SessionId: null; Granted Authorities: ROLE_ANONYMOUS'
05-23-2017 03:15:14.219,DEBUG,6F3A877EBCA7EEB6DCF46BAA81FC87B9,/ at position 9 of 11 in additional filter chain; firing Filter: 'SessionManagementFilter'
05-23-2017 03:15:14.219,DEBUG,6F3A877EBCA7EEB6DCF46BAA81FC87B9,Requested session ID E1341BBC8DB817B4F2E0E747C05DF9E8 is invalid.
05-23-2017 03:15:14.219,DEBUG,6F3A877EBCA7EEB6DCF46BAA81FC87B9,/ at position 10 of 11 in additional filter chain; firing Filter: 'ExceptionTranslationFilter'
05-23-2017 03:15:14.219,DEBUG,6F3A877EBCA7EEB6DCF46BAA81FC87B9,/ at position 11 of 11 in additional filter chain; firing Filter: 'FilterSecurityInterceptor'
05-23-2017 03:15:14.219,DEBUG,6F3A877EBCA7EEB6DCF46BAA81FC87B9,Checking match of request : '/'; against '/autherror*'
05-23-2017 03:15:14.219,DEBUG,6F3A877EBCA7EEB6DCF46BAA81FC87B9,Checking match of request : '/'; against '/login/**'
05-23-2017 03:15:14.219,DEBUG,6F3A877EBCA7EEB6DCF46BAA81FC87B9,Checking match of request : '/'; against '/error/**'
05-23-2017 03:15:14.219,DEBUG,6F3A877EBCA7EEB6DCF46BAA81FC87B9,Checking match of request : '/'; against '/0001/**'
05-23-2017 03:15:14.219,DEBUG,6F3A877EBCA7EEB6DCF46BAA81FC87B9,Checking match of request : '/'; against '/0002/**'
05-23-2017 03:15:14.219,DEBUG,6F3A877EBCA7EEB6DCF46BAA81FC87B9,Checking match of request : '/'; against '/0003/**'
05-23-2017 03:15:14.219,DEBUG,6F3A877EBCA7EEB6DCF46BAA81FC87B9,Checking match of request : '/'; against '/0005/**'
05-23-2017 03:15:14.219,DEBUG,6F3A877EBCA7EEB6DCF46BAA81FC87B9,Checking match of request : '/'; against '/0007/**'
05-23-2017 03:15:14.219,DEBUG,6F3A877EBCA7EEB6DCF46BAA81FC87B9,Checking match of request : '/'; against '/0009/**'
05-23-2017 03:15:14.219,DEBUG,6F3A877EBCA7EEB6DCF46BAA81FC87B9,Checking match of request : '/'; against '/0013/**'
05-23-2017 03:15:14.219,DEBUG,6F3A877EBCA7EEB6DCF46BAA81FC87B9,Checking match of request : '/'; against '/0023/**'
05-23-2017 03:15:14.219,DEBUG,6F3A877EBCA7EEB6DCF46BAA81FC87B9,Checking match of request : '/'; against '/0017/**'
05-23-2017 03:15:14.219,DEBUG,6F3A877EBCA7EEB6DCF46BAA81FC87B9,Checking match of request : '/'; against '/0031/**'
05-23-2017 03:15:14.219,DEBUG,6F3A877EBCA7EEB6DCF46BAA81FC87B9,Checking match of request : '/'; against '/0035/**'
05-23-2017 03:15:14.219,DEBUG,6F3A877EBCA7EEB6DCF46BAA81FC87B9,Checking match of request : '/'; against '/0037/**'
05-23-2017 03:15:14.219,DEBUG,6F3A877EBCA7EEB6DCF46BAA81FC87B9,Checking match of request : '/'; against '/0045/**'
05-23-2017 03:15:14.219,DEBUG,6F3A877EBCA7EEB6DCF46BAA81FC87B9,Checking match of request : '/'; against '/0047/**'
05-23-2017 03:15:14.219,DEBUG,6F3A877EBCA7EEB6DCF46BAA81FC87B9,Checking match of request : '/'; against '/0049/**'
05-23-2017 03:15:14.220,DEBUG,6F3A877EBCA7EEB6DCF46BAA81FC87B9,Checking match of request : '/'; against '/0061/**'
05-23-2017 03:15:14.220,DEBUG,6F3A877EBCA7EEB6DCF46BAA81FC87B9,Checking match of request : '/'; against '/0087/**'
05-23-2017 03:15:14.220,DEBUG,6F3A877EBCA7EEB6DCF46BAA81FC87B9,Checking match of request : '/'; against '/0075/**'
05-23-2017 03:15:14.220,DEBUG,6F3A877EBCA7EEB6DCF46BAA81FC87B9,Checking match of request : '/'; against '/0089/**'
05-23-2017 03:15:14.220,DEBUG,6F3A877EBCA7EEB6DCF46BAA81FC87B9,Checking match of request : '/'; against '/0090/**'
05-23-2017 03:15:14.220,DEBUG,6F3A877EBCA7EEB6DCF46BAA81FC87B9,Checking match of request : '/'; against '/0091/**'
05-23-2017 03:15:14.220,DEBUG,6F3A877EBCA7EEB6DCF46BAA81FC87B9,Checking match of request : '/'; against '/0092/**'
05-23-2017 03:15:14.220,DEBUG,6F3A877EBCA7EEB6DCF46BAA81FC87B9,Checking match of request : '/'; against '/0095/**'
05-23-2017 03:15:14.220,DEBUG,6F3A877EBCA7EEB6DCF46BAA81FC87B9,Secure object: FilterInvocation: URL: /; Attributes: [IS_AUTHENTICATED_ANONYMOUSLY]
05-23-2017 03:15:14.220,DEBUG,6F3A877EBCA7EEB6DCF46BAA81FC87B9,Previously Authenticated: org.springframework.security.authentication.AnonymousAuthenticationToken@9055c2bc: Principal: anonymousUser; Credentials: [PROTECTED]; Authenticated: true; Details: org.springframework.security.web.authentication.WebAuthenticationDetails@b364: RemoteIpAddress: 0:0:0:0:0:0:0:1; SessionId: null; Granted Authorities: ROLE_ANONYMOUS
05-23-2017 03:15:14.220,DEBUG,6F3A877EBCA7EEB6DCF46BAA81FC87B9,Voter: org.springframework.security.access.vote.RoleVoter@1ac872d, returned: 0
05-23-2017 03:15:14.220,DEBUG,6F3A877EBCA7EEB6DCF46BAA81FC87B9,Voter: org.springframework.security.access.vote.AuthenticatedVoter@b1927d, returned: 1
05-23-2017 03:15:14.220,DEBUG,6F3A877EBCA7EEB6DCF46BAA81FC87B9,Authorization successful
05-23-2017 03:15:14.220,DEBUG,6F3A877EBCA7EEB6DCF46BAA81FC87B9,RunAsManager did not change Authentication object
05-23-2017 03:15:14.220,DEBUG,6F3A877EBCA7EEB6DCF46BAA81FC87B9,/ reached end of additional filter chain; proceeding with original chain
05-23-2017 03:15:14.220,DEBUG,6F3A877EBCA7EEB6DCF46BAA81FC87B9,Request [/ict/] is not a multipart request
05-23-2017 03:15:14.220,DEBUG,7C84C6704F5A51E875DBBBBBF0AA1B72,DispatcherServlet with name 'appServlet' processing GET request for [/ict/]
05-23-2017 03:15:14.220,DEBUG,7C84C6704F5A51E875DBBBBBF0AA1B72,Looking up handler method for path /
05-23-2017 03:15:14.220,DEBUG,7C84C6704F5A51E875DBBBBBF0AA1B72,Returning handler method [public java.lang.String vn.bananavietnam.ict.common.controller.AuthController.login()]
05-23-2017 03:15:14.220,DEBUG,7C84C6704F5A51E875DBBBBBF0AA1B72,Returning cached instance of singleton bean 'authController'
05-23-2017 03:15:14.220,DEBUG,7C84C6704F5A51E875DBBBBBF0AA1B72,Last-Modified value for [/ict/] is: -1
05-23-2017 03:15:14.220,DEBUG,7C84C6704F5A51E875DBBBBBF0AA1B72,Returning cached instance of singleton bean 'xml_path'
05-23-2017 03:15:14.221,DEBUG,7C84C6704F5A51E875DBBBBBF0AA1B72,Rendering view [org.springframework.web.servlet.view.JstlView: name 'common/PageWrapper'; URL [/WEB-INF/views/common/PageWrapper.jsp]] in DispatcherServlet with name 'appServlet'
05-23-2017 03:15:14.221,DEBUG,7C84C6704F5A51E875DBBBBBF0AA1B72,Forwarding to resource [/WEB-INF/views/common/PageWrapper.jsp] in InternalResourceView 'common/PageWrapper'
05-23-2017 03:15:14.221,DEBUG,7C84C6704F5A51E875DBBBBBF0AA1B72,SecurityContext is empty or contents are anonymous - context will not be stored in HttpSession.
05-23-2017 03:15:14.221,DEBUG,7C84C6704F5A51E875DBBBBBF0AA1B72,Successfully completed request
05-23-2017 03:15:14.221,DEBUG,7C84C6704F5A51E875DBBBBBF0AA1B72,Chain processed normally
05-23-2017 03:15:14.221,DEBUG,7C84C6704F5A51E875DBBBBBF0AA1B72,SecurityContextHolder now cleared, as request processing completed
05-23-2017 03:15:14.225,DEBUG,6F3A877EBCA7EEB6DCF46BAA81FC87B9,/login/ at position 1 of 11 in additional filter chain; firing Filter: 'SecurityContextPersistenceFilter'
05-23-2017 03:15:14.225,DEBUG,6F3A877EBCA7EEB6DCF46BAA81FC87B9,HttpSession returned null object for SPRING_SECURITY_CONTEXT
05-23-2017 03:15:14.225,DEBUG,6F3A877EBCA7EEB6DCF46BAA81FC87B9,No SecurityContext was available from the HttpSession: org.apache.catalina.session.StandardSessionFacade@c567dc. A new one will be created.
05-23-2017 03:15:14.225,DEBUG,6F3A877EBCA7EEB6DCF46BAA81FC87B9,/login/ at position 2 of 11 in additional filter chain; firing Filter: 'WebAsyncManagerIntegrationFilter'
05-23-2017 03:15:14.225,DEBUG,6F3A877EBCA7EEB6DCF46BAA81FC87B9,/login/ at position 3 of 11 in additional filter chain; firing Filter: 'LogoutFilter'
05-23-2017 03:15:14.225,DEBUG,6F3A877EBCA7EEB6DCF46BAA81FC87B9,/login/ at position 4 of 11 in additional filter chain; firing Filter: 'UsernamePasswordAuthenticationFilter'
05-23-2017 03:15:14.225,DEBUG,6F3A877EBCA7EEB6DCF46BAA81FC87B9,/login/ at position 5 of 11 in additional filter chain; firing Filter: 'BasicAuthenticationFilter'
05-23-2017 03:15:14.225,DEBUG,6F3A877EBCA7EEB6DCF46BAA81FC87B9,/login/ at position 6 of 11 in additional filter chain; firing Filter: 'RequestCacheAwareFilter'
05-23-2017 03:15:14.225,DEBUG,6F3A877EBCA7EEB6DCF46BAA81FC87B9,/login/ at position 7 of 11 in additional filter chain; firing Filter: 'SecurityContextHolderAwareRequestFilter'
05-23-2017 03:15:14.225,DEBUG,6F3A877EBCA7EEB6DCF46BAA81FC87B9,/login/ at position 8 of 11 in additional filter chain; firing Filter: 'AnonymousAuthenticationFilter'
05-23-2017 03:15:14.225,DEBUG,6F3A877EBCA7EEB6DCF46BAA81FC87B9,Populated SecurityContextHolder with anonymous token: 'org.springframework.security.authentication.AnonymousAuthenticationToken@6fabe8e0: Principal: anonymousUser; Credentials: [PROTECTED]; Authenticated: true; Details: org.springframework.security.web.authentication.WebAuthenticationDetails@fffe9938: RemoteIpAddress: 0:0:0:0:0:0:0:1; SessionId: 7C84C6704F5A51E875DBBBBBF0AA1B72; Granted Authorities: ROLE_ANONYMOUS'
05-23-2017 03:15:14.225,DEBUG,6F3A877EBCA7EEB6DCF46BAA81FC87B9,/login/ at position 9 of 11 in additional filter chain; firing Filter: 'SessionManagementFilter'
05-23-2017 03:15:14.225,DEBUG,6F3A877EBCA7EEB6DCF46BAA81FC87B9,/login/ at position 10 of 11 in additional filter chain; firing Filter: 'ExceptionTranslationFilter'
05-23-2017 03:15:14.225,DEBUG,6F3A877EBCA7EEB6DCF46BAA81FC87B9,/login/ at position 11 of 11 in additional filter chain; firing Filter: 'FilterSecurityInterceptor'
05-23-2017 03:15:14.226,DEBUG,6F3A877EBCA7EEB6DCF46BAA81FC87B9,Checking match of request : '/login/'; against '/autherror*'
05-23-2017 03:15:14.226,DEBUG,6F3A877EBCA7EEB6DCF46BAA81FC87B9,Checking match of request : '/login/'; against '/login/**'
05-23-2017 03:15:14.226,DEBUG,6F3A877EBCA7EEB6DCF46BAA81FC87B9,Secure object: FilterInvocation: URL: /login/; Attributes: [IS_AUTHENTICATED_ANONYMOUSLY]
05-23-2017 03:15:14.226,DEBUG,6F3A877EBCA7EEB6DCF46BAA81FC87B9,Previously Authenticated: org.springframework.security.authentication.AnonymousAuthenticationToken@6fabe8e0: Principal: anonymousUser; Credentials: [PROTECTED]; Authenticated: true; Details: org.springframework.security.web.authentication.WebAuthenticationDetails@fffe9938: RemoteIpAddress: 0:0:0:0:0:0:0:1; SessionId: 7C84C6704F5A51E875DBBBBBF0AA1B72; Granted Authorities: ROLE_ANONYMOUS
05-23-2017 03:15:14.226,DEBUG,6F3A877EBCA7EEB6DCF46BAA81FC87B9,Voter: org.springframework.security.access.vote.RoleVoter@1ac872d, returned: 0
05-23-2017 03:15:14.226,DEBUG,6F3A877EBCA7EEB6DCF46BAA81FC87B9,Voter: org.springframework.security.access.vote.AuthenticatedVoter@b1927d, returned: 1
05-23-2017 03:15:14.226,DEBUG,6F3A877EBCA7EEB6DCF46BAA81FC87B9,Authorization successful
05-23-2017 03:15:14.226,DEBUG,6F3A877EBCA7EEB6DCF46BAA81FC87B9,RunAsManager did not change Authentication object
05-23-2017 03:15:14.226,DEBUG,6F3A877EBCA7EEB6DCF46BAA81FC87B9,/login/ reached end of additional filter chain; proceeding with original chain
05-23-2017 03:15:14.226,DEBUG,6F3A877EBCA7EEB6DCF46BAA81FC87B9,Request [/ict/login/] is not a multipart request
05-23-2017 03:15:14.226,DEBUG,7C84C6704F5A51E875DBBBBBF0AA1B72,DispatcherServlet with name 'appServlet' processing GET request for [/ict/login/]
05-23-2017 03:15:14.226,DEBUG,7C84C6704F5A51E875DBBBBBF0AA1B72,Looking up handler method for path /login/
05-23-2017 03:15:14.226,DEBUG,7C84C6704F5A51E875DBBBBBF0AA1B72,Returning handler method [public java.lang.String vn.bananavietnam.ict.common.controller.LoginController.top(java.util.Locale,org.springframework.ui.Model)]
05-23-2017 03:15:14.226,DEBUG,7C84C6704F5A51E875DBBBBBF0AA1B72,Returning cached instance of singleton bean 'loginController'
05-23-2017 03:15:14.226,DEBUG,7C84C6704F5A51E875DBBBBBF0AA1B72,Last-Modified value for [/ict/login/] is: -1
05-23-2017 03:15:14.226,DEBUG,7C84C6704F5A51E875DBBBBBF0AA1B72,Returning cached instance of singleton bean 'xml_path'
05-23-2017 03:15:14.226,DEBUG,7C84C6704F5A51E875DBBBBBF0AA1B72,Rendering view [org.springframework.web.servlet.view.JstlView: name 'common/login'; URL [/WEB-INF/views/common/login.jsp]] in DispatcherServlet with name 'appServlet'
05-23-2017 03:15:14.226,DEBUG,7C84C6704F5A51E875DBBBBBF0AA1B72,Forwarding to resource [/WEB-INF/views/common/login.jsp] in InternalResourceView 'common/login'
05-23-2017 03:15:14.229,DEBUG,7C84C6704F5A51E875DBBBBBF0AA1B72,SecurityContext is empty or contents are anonymous - context will not be stored in HttpSession.
05-23-2017 03:15:14.229,DEBUG,7C84C6704F5A51E875DBBBBBF0AA1B72,Successfully completed request
05-23-2017 03:15:14.229,DEBUG,7C84C6704F5A51E875DBBBBBF0AA1B72,Chain processed normally
05-23-2017 03:15:14.229,DEBUG,7C84C6704F5A51E875DBBBBBF0AA1B72,SecurityContextHolder now cleared, as request processing completed
05-23-2017 03:15:21.241,DEBUG,0F0DF7DAE7CA8E817C7D7F619A9819FD,/?language=en at position 1 of 11 in additional filter chain; firing Filter: 'SecurityContextPersistenceFilter'
05-23-2017 03:15:21.241,DEBUG,0F0DF7DAE7CA8E817C7D7F619A9819FD,HttpSession returned null object for SPRING_SECURITY_CONTEXT
05-23-2017 03:15:21.241,DEBUG,0F0DF7DAE7CA8E817C7D7F619A9819FD,No SecurityContext was available from the HttpSession: org.apache.catalina.session.StandardSessionFacade@c567dc. A new one will be created.
05-23-2017 03:15:21.241,DEBUG,0F0DF7DAE7CA8E817C7D7F619A9819FD,/?language=en at position 2 of 11 in additional filter chain; firing Filter: 'WebAsyncManagerIntegrationFilter'
05-23-2017 03:15:21.241,DEBUG,0F0DF7DAE7CA8E817C7D7F619A9819FD,/?language=en at position 3 of 11 in additional filter chain; firing Filter: 'LogoutFilter'
05-23-2017 03:15:21.242,DEBUG,0F0DF7DAE7CA8E817C7D7F619A9819FD,/?language=en at position 4 of 11 in additional filter chain; firing Filter: 'UsernamePasswordAuthenticationFilter'
05-23-2017 03:15:21.242,DEBUG,0F0DF7DAE7CA8E817C7D7F619A9819FD,/?language=en at position 5 of 11 in additional filter chain; firing Filter: 'BasicAuthenticationFilter'
05-23-2017 03:15:21.242,DEBUG,0F0DF7DAE7CA8E817C7D7F619A9819FD,/?language=en at position 6 of 11 in additional filter chain; firing Filter: 'RequestCacheAwareFilter'
05-23-2017 03:15:21.242,DEBUG,0F0DF7DAE7CA8E817C7D7F619A9819FD,/?language=en at position 7 of 11 in additional filter chain; firing Filter: 'SecurityContextHolderAwareRequestFilter'
05-23-2017 03:15:21.242,DEBUG,0F0DF7DAE7CA8E817C7D7F619A9819FD,/?language=en at position 8 of 11 in additional filter chain; firing Filter: 'AnonymousAuthenticationFilter'
05-23-2017 03:15:21.242,DEBUG,0F0DF7DAE7CA8E817C7D7F619A9819FD,Populated SecurityContextHolder with anonymous token: 'org.springframework.security.authentication.AnonymousAuthenticationToken@6fabe8e0: Principal: anonymousUser; Credentials: [PROTECTED]; Authenticated: true; Details: org.springframework.security.web.authentication.WebAuthenticationDetails@fffe9938: RemoteIpAddress: 0:0:0:0:0:0:0:1; SessionId: 7C84C6704F5A51E875DBBBBBF0AA1B72; Granted Authorities: ROLE_ANONYMOUS'
05-23-2017 03:15:21.242,DEBUG,0F0DF7DAE7CA8E817C7D7F619A9819FD,/?language=en at position 9 of 11 in additional filter chain; firing Filter: 'SessionManagementFilter'
05-23-2017 03:15:21.242,DEBUG,0F0DF7DAE7CA8E817C7D7F619A9819FD,/?language=en at position 10 of 11 in additional filter chain; firing Filter: 'ExceptionTranslationFilter'
05-23-2017 03:15:21.242,DEBUG,0F0DF7DAE7CA8E817C7D7F619A9819FD,/?language=en at position 11 of 11 in additional filter chain; firing Filter: 'FilterSecurityInterceptor'
05-23-2017 03:15:21.242,DEBUG,0F0DF7DAE7CA8E817C7D7F619A9819FD,Checking match of request : '/'; against '/autherror*'
05-23-2017 03:15:21.243,DEBUG,0F0DF7DAE7CA8E817C7D7F619A9819FD,Checking match of request : '/'; against '/login/**'
05-23-2017 03:15:21.243,DEBUG,0F0DF7DAE7CA8E817C7D7F619A9819FD,Checking match of request : '/'; against '/error/**'
05-23-2017 03:15:21.243,DEBUG,0F0DF7DAE7CA8E817C7D7F619A9819FD,Checking match of request : '/'; against '/0001/**'
05-23-2017 03:15:21.243,DEBUG,0F0DF7DAE7CA8E817C7D7F619A9819FD,Checking match of request : '/'; against '/0002/**'
05-23-2017 03:15:21.243,DEBUG,0F0DF7DAE7CA8E817C7D7F619A9819FD,Checking match of request : '/'; against '/0003/**'
05-23-2017 03:15:21.243,DEBUG,0F0DF7DAE7CA8E817C7D7F619A9819FD,Checking match of request : '/'; against '/0005/**'
05-23-2017 03:15:21.243,DEBUG,0F0DF7DAE7CA8E817C7D7F619A9819FD,Checking match of request : '/'; against '/0007/**'
05-23-2017 03:15:21.244,DEBUG,0F0DF7DAE7CA8E817C7D7F619A9819FD,Checking match of request : '/'; against '/0009/**'
05-23-2017 03:15:21.244,DEBUG,0F0DF7DAE7CA8E817C7D7F619A9819FD,Checking match of request : '/'; against '/0013/**'
05-23-2017 03:15:21.244,DEBUG,0F0DF7DAE7CA8E817C7D7F619A9819FD,Checking match of request : '/'; against '/0023/**'
05-23-2017 03:15:21.244,DEBUG,0F0DF7DAE7CA8E817C7D7F619A9819FD,Checking match of request : '/'; against '/0017/**'
05-23-2017 03:15:21.244,DEBUG,0F0DF7DAE7CA8E817C7D7F619A9819FD,Checking match of request : '/'; against '/0031/**'
05-23-2017 03:15:21.244,DEBUG,0F0DF7DAE7CA8E817C7D7F619A9819FD,Checking match of request : '/'; against '/0035/**'
05-23-2017 03:15:21.244,DEBUG,0F0DF7DAE7CA8E817C7D7F619A9819FD,Checking match of request : '/'; against '/0037/**'
05-23-2017 03:15:21.244,DEBUG,0F0DF7DAE7CA8E817C7D7F619A9819FD,Checking match of request : '/'; against '/0045/**'
05-23-2017 03:15:21.244,DEBUG,0F0DF7DAE7CA8E817C7D7F619A9819FD,Checking match of request : '/'; against '/0047/**'
05-23-2017 03:15:21.244,DEBUG,0F0DF7DAE7CA8E817C7D7F619A9819FD,Checking match of request : '/'; against '/0049/**'
05-23-2017 03:15:21.244,DEBUG,0F0DF7DAE7CA8E817C7D7F619A9819FD,Checking match of request : '/'; against '/0061/**'
05-23-2017 03:15:21.244,DEBUG,0F0DF7DAE7CA8E817C7D7F619A9819FD,Checking match of request : '/'; against '/0087/**'
05-23-2017 03:15:21.244,DEBUG,0F0DF7DAE7CA8E817C7D7F619A9819FD,Checking match of request : '/'; against '/0075/**'
05-23-2017 03:15:21.244,DEBUG,0F0DF7DAE7CA8E817C7D7F619A9819FD,Checking match of request : '/'; against '/0089/**'
05-23-2017 03:15:21.244,DEBUG,0F0DF7DAE7CA8E817C7D7F619A9819FD,Checking match of request : '/'; against '/0090/**'
05-23-2017 03:15:21.244,DEBUG,0F0DF7DAE7CA8E817C7D7F619A9819FD,Checking match of request : '/'; against '/0091/**'
05-23-2017 03:15:21.244,DEBUG,0F0DF7DAE7CA8E817C7D7F619A9819FD,Checking match of request : '/'; against '/0092/**'
05-23-2017 03:15:21.244,DEBUG,0F0DF7DAE7CA8E817C7D7F619A9819FD,Checking match of request : '/'; against '/0095/**'
05-23-2017 03:15:21.244,DEBUG,0F0DF7DAE7CA8E817C7D7F619A9819FD,Secure object: FilterInvocation: URL: /?language=en; Attributes: [IS_AUTHENTICATED_ANONYMOUSLY]
05-23-2017 03:15:21.245,DEBUG,0F0DF7DAE7CA8E817C7D7F619A9819FD,Previously Authenticated: org.springframework.security.authentication.AnonymousAuthenticationToken@6fabe8e0: Principal: anonymousUser; Credentials: [PROTECTED]; Authenticated: true; Details: org.springframework.security.web.authentication.WebAuthenticationDetails@fffe9938: RemoteIpAddress: 0:0:0:0:0:0:0:1; SessionId: 7C84C6704F5A51E875DBBBBBF0AA1B72; Granted Authorities: ROLE_ANONYMOUS
05-23-2017 03:15:21.245,DEBUG,0F0DF7DAE7CA8E817C7D7F619A9819FD,Voter: org.springframework.security.access.vote.RoleVoter@1ac872d, returned: 0
05-23-2017 03:15:21.245,DEBUG,0F0DF7DAE7CA8E817C7D7F619A9819FD,Voter: org.springframework.security.access.vote.AuthenticatedVoter@b1927d, returned: 1
05-23-2017 03:15:21.245,DEBUG,0F0DF7DAE7CA8E817C7D7F619A9819FD,Authorization successful
05-23-2017 03:15:21.245,DEBUG,0F0DF7DAE7CA8E817C7D7F619A9819FD,RunAsManager did not change Authentication object
05-23-2017 03:15:21.245,DEBUG,0F0DF7DAE7CA8E817C7D7F619A9819FD,/?language=en reached end of additional filter chain; proceeding with original chain
05-23-2017 03:15:21.245,DEBUG,0F0DF7DAE7CA8E817C7D7F619A9819FD,Request [/ict/] is not a multipart request
05-23-2017 03:15:21.245,DEBUG,7C84C6704F5A51E875DBBBBBF0AA1B72,DispatcherServlet with name 'appServlet' processing GET request for [/ict/]
05-23-2017 03:15:21.246,DEBUG,7C84C6704F5A51E875DBBBBBF0AA1B72,Looking up handler method for path /
05-23-2017 03:15:21.246,DEBUG,7C84C6704F5A51E875DBBBBBF0AA1B72,Returning handler method [public java.lang.String vn.bananavietnam.ict.common.controller.AuthController.login()]
05-23-2017 03:15:21.246,DEBUG,7C84C6704F5A51E875DBBBBBF0AA1B72,Returning cached instance of singleton bean 'authController'
05-23-2017 03:15:21.246,DEBUG,7C84C6704F5A51E875DBBBBBF0AA1B72,Last-Modified value for [/ict/] is: -1
05-23-2017 03:15:21.247,DEBUG,7C84C6704F5A51E875DBBBBBF0AA1B72,Returning cached instance of singleton bean 'xml_path'
05-23-2017 03:15:21.247,DEBUG,7C84C6704F5A51E875DBBBBBF0AA1B72,Rendering view [org.springframework.web.servlet.view.JstlView: name 'common/PageWrapper'; URL [/WEB-INF/views/common/PageWrapper.jsp]] in DispatcherServlet with name 'appServlet'
05-23-2017 03:15:21.248,DEBUG,7C84C6704F5A51E875DBBBBBF0AA1B72,Forwarding to resource [/WEB-INF/views/common/PageWrapper.jsp] in InternalResourceView 'common/PageWrapper'
05-23-2017 03:15:21.249,DEBUG,7C84C6704F5A51E875DBBBBBF0AA1B72,SecurityContext is empty or contents are anonymous - context will not be stored in HttpSession.
05-23-2017 03:15:21.249,DEBUG,7C84C6704F5A51E875DBBBBBF0AA1B72,Successfully completed request
05-23-2017 03:15:21.250,DEBUG,7C84C6704F5A51E875DBBBBBF0AA1B72,Chain processed normally
05-23-2017 03:15:21.250,DEBUG,7C84C6704F5A51E875DBBBBBF0AA1B72,SecurityContextHolder now cleared, as request processing completed
05-23-2017 03:15:21.257,DEBUG,9D2A9F94DF3A2B7D961BF0051A2C73DE,/login/ at position 1 of 11 in additional filter chain; firing Filter: 'SecurityContextPersistenceFilter'
05-23-2017 03:15:21.257,DEBUG,9D2A9F94DF3A2B7D961BF0051A2C73DE,HttpSession returned null object for SPRING_SECURITY_CONTEXT
05-23-2017 03:15:21.257,DEBUG,9D2A9F94DF3A2B7D961BF0051A2C73DE,No SecurityContext was available from the HttpSession: org.apache.catalina.session.StandardSessionFacade@c567dc. A new one will be created.
05-23-2017 03:15:21.257,DEBUG,9D2A9F94DF3A2B7D961BF0051A2C73DE,/login/ at position 2 of 11 in additional filter chain; firing Filter: 'WebAsyncManagerIntegrationFilter'
05-23-2017 03:15:21.258,DEBUG,9D2A9F94DF3A2B7D961BF0051A2C73DE,/login/ at position 3 of 11 in additional filter chain; firing Filter: 'LogoutFilter'
05-23-2017 03:15:21.258,DEBUG,9D2A9F94DF3A2B7D961BF0051A2C73DE,/login/ at position 4 of 11 in additional filter chain; firing Filter: 'UsernamePasswordAuthenticationFilter'
05-23-2017 03:15:21.258,DEBUG,9D2A9F94DF3A2B7D961BF0051A2C73DE,/login/ at position 5 of 11 in additional filter chain; firing Filter: 'BasicAuthenticationFilter'
05-23-2017 03:15:21.258,DEBUG,9D2A9F94DF3A2B7D961BF0051A2C73DE,/login/ at position 6 of 11 in additional filter chain; firing Filter: 'RequestCacheAwareFilter'
05-23-2017 03:15:21.258,DEBUG,9D2A9F94DF3A2B7D961BF0051A2C73DE,/login/ at position 7 of 11 in additional filter chain; firing Filter: 'SecurityContextHolderAwareRequestFilter'
05-23-2017 03:15:21.258,DEBUG,9D2A9F94DF3A2B7D961BF0051A2C73DE,/login/ at position 8 of 11 in additional filter chain; firing Filter: 'AnonymousAuthenticationFilter'
05-23-2017 03:15:21.258,DEBUG,9D2A9F94DF3A2B7D961BF0051A2C73DE,Populated SecurityContextHolder with anonymous token: 'org.springframework.security.authentication.AnonymousAuthenticationToken@6fabe8e0: Principal: anonymousUser; Credentials: [PROTECTED]; Authenticated: true; Details: org.springframework.security.web.authentication.WebAuthenticationDetails@fffe9938: RemoteIpAddress: 0:0:0:0:0:0:0:1; SessionId: 7C84C6704F5A51E875DBBBBBF0AA1B72; Granted Authorities: ROLE_ANONYMOUS'
05-23-2017 03:15:21.258,DEBUG,9D2A9F94DF3A2B7D961BF0051A2C73DE,/login/ at position 9 of 11 in additional filter chain; firing Filter: 'SessionManagementFilter'
05-23-2017 03:15:21.258,DEBUG,9D2A9F94DF3A2B7D961BF0051A2C73DE,/login/ at position 10 of 11 in additional filter chain; firing Filter: 'ExceptionTranslationFilter'
05-23-2017 03:15:21.258,DEBUG,9D2A9F94DF3A2B7D961BF0051A2C73DE,/login/ at position 11 of 11 in additional filter chain; firing Filter: 'FilterSecurityInterceptor'
05-23-2017 03:15:21.258,DEBUG,9D2A9F94DF3A2B7D961BF0051A2C73DE,Checking match of request : '/login/'; against '/autherror*'
05-23-2017 03:15:21.258,DEBUG,9D2A9F94DF3A2B7D961BF0051A2C73DE,Checking match of request : '/login/'; against '/login/**'
05-23-2017 03:15:21.258,DEBUG,9D2A9F94DF3A2B7D961BF0051A2C73DE,Secure object: FilterInvocation: URL: /login/; Attributes: [IS_AUTHENTICATED_ANONYMOUSLY]
05-23-2017 03:15:21.258,DEBUG,9D2A9F94DF3A2B7D961BF0051A2C73DE,Previously Authenticated: org.springframework.security.authentication.AnonymousAuthenticationToken@6fabe8e0: Principal: anonymousUser; Credentials: [PROTECTED]; Authenticated: true; Details: org.springframework.security.web.authentication.WebAuthenticationDetails@fffe9938: RemoteIpAddress: 0:0:0:0:0:0:0:1; SessionId: 7C84C6704F5A51E875DBBBBBF0AA1B72; Granted Authorities: ROLE_ANONYMOUS
05-23-2017 03:15:21.258,DEBUG,9D2A9F94DF3A2B7D961BF0051A2C73DE,Voter: org.springframework.security.access.vote.RoleVoter@1ac872d, returned: 0
05-23-2017 03:15:21.258,DEBUG,9D2A9F94DF3A2B7D961BF0051A2C73DE,Voter: org.springframework.security.access.vote.AuthenticatedVoter@b1927d, returned: 1
05-23-2017 03:15:21.258,DEBUG,9D2A9F94DF3A2B7D961BF0051A2C73DE,Authorization successful
05-23-2017 03:15:21.258,DEBUG,9D2A9F94DF3A2B7D961BF0051A2C73DE,RunAsManager did not change Authentication object
05-23-2017 03:15:21.259,DEBUG,9D2A9F94DF3A2B7D961BF0051A2C73DE,/login/ reached end of additional filter chain; proceeding with original chain
05-23-2017 03:15:21.259,DEBUG,9D2A9F94DF3A2B7D961BF0051A2C73DE,Request [/ict/login/] is not a multipart request
05-23-2017 03:15:21.259,DEBUG,7C84C6704F5A51E875DBBBBBF0AA1B72,DispatcherServlet with name 'appServlet' processing GET request for [/ict/login/]
05-23-2017 03:15:21.259,DEBUG,7C84C6704F5A51E875DBBBBBF0AA1B72,Looking up handler method for path /login/
05-23-2017 03:15:21.259,DEBUG,7C84C6704F5A51E875DBBBBBF0AA1B72,Returning handler method [public java.lang.String vn.bananavietnam.ict.common.controller.LoginController.top(java.util.Locale,org.springframework.ui.Model)]
05-23-2017 03:15:21.259,DEBUG,7C84C6704F5A51E875DBBBBBF0AA1B72,Returning cached instance of singleton bean 'loginController'
05-23-2017 03:15:21.260,DEBUG,7C84C6704F5A51E875DBBBBBF0AA1B72,Last-Modified value for [/ict/login/] is: -1
05-23-2017 03:15:21.260,DEBUG,7C84C6704F5A51E875DBBBBBF0AA1B72,Returning cached instance of singleton bean 'xml_path'
05-23-2017 03:15:21.260,DEBUG,7C84C6704F5A51E875DBBBBBF0AA1B72,Rendering view [org.springframework.web.servlet.view.JstlView: name 'common/login'; URL [/WEB-INF/views/common/login.jsp]] in DispatcherServlet with name 'appServlet'
05-23-2017 03:15:21.261,DEBUG,7C84C6704F5A51E875DBBBBBF0AA1B72,Forwarding to resource [/WEB-INF/views/common/login.jsp] in InternalResourceView 'common/login'
05-23-2017 03:15:21.263,DEBUG,7C84C6704F5A51E875DBBBBBF0AA1B72,SecurityContext is empty or contents are anonymous - context will not be stored in HttpSession.
05-23-2017 03:15:21.264,DEBUG,7C84C6704F5A51E875DBBBBBF0AA1B72,Successfully completed request
05-23-2017 03:15:21.264,DEBUG,7C84C6704F5A51E875DBBBBBF0AA1B72,Chain processed normally
05-23-2017 03:15:21.264,DEBUG,7C84C6704F5A51E875DBBBBBF0AA1B72,SecurityContextHolder now cleared, as request processing completed
05-23-2017 03:15:26.271,DEBUG,9D2A9F94DF3A2B7D961BF0051A2C73DE,/j_spring_security_check at position 1 of 11 in additional filter chain; firing Filter: 'SecurityContextPersistenceFilter'
05-23-2017 03:15:26.271,DEBUG,9D2A9F94DF3A2B7D961BF0051A2C73DE,HttpSession returned null object for SPRING_SECURITY_CONTEXT
05-23-2017 03:15:26.271,DEBUG,9D2A9F94DF3A2B7D961BF0051A2C73DE,No SecurityContext was available from the HttpSession: org.apache.catalina.session.StandardSessionFacade@c567dc. A new one will be created.
05-23-2017 03:15:26.271,DEBUG,9D2A9F94DF3A2B7D961BF0051A2C73DE,/j_spring_security_check at position 2 of 11 in additional filter chain; firing Filter: 'WebAsyncManagerIntegrationFilter'
05-23-2017 03:15:26.271,DEBUG,9D2A9F94DF3A2B7D961BF0051A2C73DE,/j_spring_security_check at position 3 of 11 in additional filter chain; firing Filter: 'LogoutFilter'
05-23-2017 03:15:26.271,DEBUG,9D2A9F94DF3A2B7D961BF0051A2C73DE,/j_spring_security_check at position 4 of 11 in additional filter chain; firing Filter: 'UsernamePasswordAuthenticationFilter'
05-23-2017 03:15:26.271,DEBUG,9D2A9F94DF3A2B7D961BF0051A2C73DE,Request is to process authentication
05-23-2017 03:15:26.272,DEBUG,9D2A9F94DF3A2B7D961BF0051A2C73DE,Authentication attempt using org.springframework.security.authentication.dao.DaoAuthenticationProvider
05-23-2017 03:15:26.272,DEBUG,9D2A9F94DF3A2B7D961BF0051A2C73DE,Executing prepared SQL query
05-23-2017 03:15:26.272,DEBUG,9D2A9F94DF3A2B7D961BF0051A2C73DE,Executing prepared SQL statement [select users_authorization.usersId as id,                users_authorization.usersName as username,                      users_authorization.usersPassword as password,                      users_authorization.usersFullName as userfullname,                      1 as enabled,                      CASE                       WHEN users_authorization.authorizationTypeId IS NULL THEN '0'                          ELSE users_authorization.authorizationTypeId                      END as roleid,                      CASE                 WHEN access.SCREEN_DISPLAY_ENABLE_FLAG IS NULL THEN '0'                 ELSE access.SCREEN_DISPLAY_ENABLE_FLAG                END as roledisplay,                      CASE                 WHEN access.ADDABLE_FLAG IS NULL THEN '0'                 ELSE access.ADDABLE_FLAG                END as roleadd,                      CASE                 WHEN access.UPDATABLE_FLAG IS NULL THEN '0'                 ELSE access.UPDATABLE_FLAG                END as roleupdate,                      CASE                 WHEN access.DELETABLE_FLAG IS NULL THEN '0'                 ELSE access.DELETABLE_FLAG                END as roledelete,                      CASE                 WHEN access.REFERENCE_FLAG IS NULL THEN '0'                 ELSE access.REFERENCE_FLAG                END as rolereference,                       access.SCREEN_ID as screenid              from (select users_manager.usersId,                 users_manager.usersName,                 users_manager.usersPassword,                 users_manager.usersFullName,                 users_manager.authorizationTypeId,                 authorization.AUTHORIZATION_TYPE_NAME authorizationTypeName,                 authorization.ACCESS_AUTHORITY_ID accessAuthorityId               from (select users.USERS_ID usersId,                  users.USERS_ID usersName,                  users.PASSWORD usersPassword,                  users.USERS_NAME usersFullName,                  manager.AUTHORIZATION_TYPE_ID authorizationTypeId                from IVB_M_USERS users                left join IVB_M_MANAGER manager                 on users.USERS_ID = manager.USERS_ID                 and manager.DELETE_FLAG = '0'                where users.USERS_ID = ?                 and users.DELETE_FLAG = '0'                ) users_manager               left join IVB_M_AUTHORIZATION authorization                on users_manager.authorizationTypeId = authorization.AUTHORIZATION_TYPE_ID                   and authorization.DELETE_FLAG = '0'                  ) users_authorization              left join IVB_M_ACCESS_AUTHORIZATION access               on users_authorization.accessAuthorityId = access.ACCESS_AUTHORITY_ID                  and access.DELETE_FLAG = '0']
05-23-2017 03:15:26.272,DEBUG,9D2A9F94DF3A2B7D961BF0051A2C73DE,Fetching JDBC Connection from DataSource
05-23-2017 03:15:26.272,DEBUG,9D2A9F94DF3A2B7D961BF0051A2C73DE,Creating new JDBC DriverManager Connection to [jdbc:mysql://172.16.0.175:3306/BANANA_DB_HUNG_SELENIUM?useUnicode=yes&characterEncoding=UTF-8&autoReconnect=true]
05-23-2017 03:15:26.525,DEBUG,9D2A9F94DF3A2B7D961BF0051A2C73DE,Returning JDBC Connection to DataSource
05-23-2017 03:15:26.526,DEBUG,9D2A9F94DF3A2B7D961BF0051A2C73DE,Executing prepared SQL query
05-23-2017 03:15:26.526,DEBUG,9D2A9F94DF3A2B7D961BF0051A2C73DE,Executing prepared SQL statement [select distinct users.USERS_ID,                  CASE                   WHEN manager.AUTHORIZATION_TYPE_ID IS NULL THEN '0'                   ELSE manager.AUTHORIZATION_TYPE_ID                  END as AUTHORIZATION_TYPE_ID               from IVB_M_USERS users               left join IVB_M_MANAGER manager                on users.USERS_ID = manager.USERS_ID                and manager.DELETE_FLAG = '0'               where users.USERS_ID = ?                and users.DELETE_FLAG = '0']
05-23-2017 03:15:26.526,DEBUG,9D2A9F94DF3A2B7D961BF0051A2C73DE,Fetching JDBC Connection from DataSource
05-23-2017 03:15:26.526,DEBUG,9D2A9F94DF3A2B7D961BF0051A2C73DE,Creating new JDBC DriverManager Connection to [jdbc:mysql://172.16.0.175:3306/BANANA_DB_HUNG_SELENIUM?useUnicode=yes&characterEncoding=UTF-8&autoReconnect=true]
05-23-2017 03:15:26.552,DEBUG,9D2A9F94DF3A2B7D961BF0051A2C73DE,Returning JDBC Connection to DataSource
05-23-2017 03:15:26.553,DEBUG,9D2A9F94DF3A2B7D961BF0051A2C73DE,Delegating to org.springframework.security.web.authentication.session.ChangeSessionIdAuthenticationStrategy@99fddf
05-23-2017 03:15:26.554,DEBUG,9D2A9F94DF3A2B7D961BF0051A2C73DE,Authentication success. Updating SecurityContextHolder to contain: org.springframework.security.authentication.UsernamePasswordAuthenticationToken@c4911edb: Principal: vn.bananavietnam.ict.common.auth.MyUser@c4907816: Username: U0000000001; Password: [PROTECTED]; Enabled: true; AccountNonExpired: true; credentialsNonExpired: true; AccountNonLocked: true; Granted Authorities: 1; Credentials: [PROTECTED]; Authenticated: true; Details: org.springframework.security.web.authentication.WebAuthenticationDetails@fffe9938: RemoteIpAddress: 0:0:0:0:0:0:0:1; SessionId: 7C84C6704F5A51E875DBBBBBF0AA1B72; Granted Authorities: 1
05-23-2017 03:15:26.554,DEBUG,9D2A9F94DF3A2B7D961BF0051A2C73DE,SecurityContext stored to HttpSession: 'org.springframework.security.core.context.SecurityContextImpl@c4911edb: Authentication: org.springframework.security.authentication.UsernamePasswordAuthenticationToken@c4911edb: Principal: vn.bananavietnam.ict.common.auth.MyUser@c4907816: Username: U0000000001; Password: [PROTECTED]; Enabled: true; AccountNonExpired: true; credentialsNonExpired: true; AccountNonLocked: true; Granted Authorities: 1; Credentials: [PROTECTED]; Authenticated: true; Details: org.springframework.security.web.authentication.WebAuthenticationDetails@fffe9938: RemoteIpAddress: 0:0:0:0:0:0:0:1; SessionId: 7C84C6704F5A51E875DBBBBBF0AA1B72; Granted Authorities: 1'
05-23-2017 03:15:26.557,DEBUG,9D2A9F94DF3A2B7D961BF0051A2C73DE,SecurityContextHolder now cleared, as request processing completed
05-23-2017 03:15:26.573,DEBUG,0F0DF7DAE7CA8E817C7D7F619A9819FD,/0001/ at position 1 of 11 in additional filter chain; firing Filter: 'SecurityContextPersistenceFilter'
05-23-2017 03:15:26.573,DEBUG,0F0DF7DAE7CA8E817C7D7F619A9819FD,Obtained a valid SecurityContext from SPRING_SECURITY_CONTEXT: 'org.springframework.security.core.context.SecurityContextImpl@c4911edb: Authentication: org.springframework.security.authentication.UsernamePasswordAuthenticationToken@c4911edb: Principal: vn.bananavietnam.ict.common.auth.MyUser@c4907816: Username: U0000000001; Password: [PROTECTED]; Enabled: true; AccountNonExpired: true; credentialsNonExpired: true; AccountNonLocked: true; Granted Authorities: 1; Credentials: [PROTECTED]; Authenticated: true; Details: org.springframework.security.web.authentication.WebAuthenticationDetails@fffe9938: RemoteIpAddress: 0:0:0:0:0:0:0:1; SessionId: 7C84C6704F5A51E875DBBBBBF0AA1B72; Granted Authorities: 1'
05-23-2017 03:15:26.573,DEBUG,0F0DF7DAE7CA8E817C7D7F619A9819FD,/0001/ at position 2 of 11 in additional filter chain; firing Filter: 'WebAsyncManagerIntegrationFilter'
05-23-2017 03:15:26.573,DEBUG,0F0DF7DAE7CA8E817C7D7F619A9819FD,/0001/ at position 3 of 11 in additional filter chain; firing Filter: 'LogoutFilter'
05-23-2017 03:15:26.573,DEBUG,0F0DF7DAE7CA8E817C7D7F619A9819FD,/0001/ at position 4 of 11 in additional filter chain; firing Filter: 'UsernamePasswordAuthenticationFilter'
05-23-2017 03:15:26.574,DEBUG,0F0DF7DAE7CA8E817C7D7F619A9819FD,/0001/ at position 5 of 11 in additional filter chain; firing Filter: 'BasicAuthenticationFilter'
05-23-2017 03:15:26.574,DEBUG,0F0DF7DAE7CA8E817C7D7F619A9819FD,/0001/ at position 6 of 11 in additional filter chain; firing Filter: 'RequestCacheAwareFilter'
05-23-2017 03:15:26.574,DEBUG,0F0DF7DAE7CA8E817C7D7F619A9819FD,/0001/ at position 7 of 11 in additional filter chain; firing Filter: 'SecurityContextHolderAwareRequestFilter'
05-23-2017 03:15:26.574,DEBUG,0F0DF7DAE7CA8E817C7D7F619A9819FD,/0001/ at position 8 of 11 in additional filter chain; firing Filter: 'AnonymousAuthenticationFilter'
05-23-2017 03:15:26.574,DEBUG,0F0DF7DAE7CA8E817C7D7F619A9819FD,SecurityContextHolder not populated with anonymous token, as it already contained: 'org.springframework.security.authentication.UsernamePasswordAuthenticationToken@c4911edb: Principal: vn.bananavietnam.ict.common.auth.MyUser@c4907816: Username: U0000000001; Password: [PROTECTED]; Enabled: true; AccountNonExpired: true; credentialsNonExpired: true; AccountNonLocked: true; Granted Authorities: 1; Credentials: [PROTECTED]; Authenticated: true; Details: org.springframework.security.web.authentication.WebAuthenticationDetails@fffe9938: RemoteIpAddress: 0:0:0:0:0:0:0:1; SessionId: 7C84C6704F5A51E875DBBBBBF0AA1B72; Granted Authorities: 1'
05-23-2017 03:15:26.574,DEBUG,0F0DF7DAE7CA8E817C7D7F619A9819FD,/0001/ at position 9 of 11 in additional filter chain; firing Filter: 'SessionManagementFilter'
05-23-2017 03:15:26.574,DEBUG,0F0DF7DAE7CA8E817C7D7F619A9819FD,/0001/ at position 10 of 11 in additional filter chain; firing Filter: 'ExceptionTranslationFilter'
05-23-2017 03:15:26.574,DEBUG,0F0DF7DAE7CA8E817C7D7F619A9819FD,/0001/ at position 11 of 11 in additional filter chain; firing Filter: 'FilterSecurityInterceptor'
05-23-2017 03:15:26.575,DEBUG,0F0DF7DAE7CA8E817C7D7F619A9819FD,Checking match of request : '/0001/'; against '/autherror*'
05-23-2017 03:15:26.575,DEBUG,0F0DF7DAE7CA8E817C7D7F619A9819FD,Checking match of request : '/0001/'; against '/login/**'
05-23-2017 03:15:26.575,DEBUG,0F0DF7DAE7CA8E817C7D7F619A9819FD,Checking match of request : '/0001/'; against '/error/**'
05-23-2017 03:15:26.575,DEBUG,0F0DF7DAE7CA8E817C7D7F619A9819FD,Checking match of request : '/0001/'; against '/0001/**'
05-23-2017 03:15:26.575,DEBUG,0F0DF7DAE7CA8E817C7D7F619A9819FD,Secure object: FilterInvocation: URL: /0001/; Attributes: [ROLE_ADMIN, ROLE_USER, IS_AUTHENTICATED_FULLY]
05-23-2017 03:15:26.575,DEBUG,0F0DF7DAE7CA8E817C7D7F619A9819FD,Previously Authenticated: org.springframework.security.authentication.UsernamePasswordAuthenticationToken@c4911edb: Principal: vn.bananavietnam.ict.common.auth.MyUser@c4907816: Username: U0000000001; Password: [PROTECTED]; Enabled: true; AccountNonExpired: true; credentialsNonExpired: true; AccountNonLocked: true; Granted Authorities: 1; Credentials: [PROTECTED]; Authenticated: true; Details: org.springframework.security.web.authentication.WebAuthenticationDetails@fffe9938: RemoteIpAddress: 0:0:0:0:0:0:0:1; SessionId: 7C84C6704F5A51E875DBBBBBF0AA1B72; Granted Authorities: 1
05-23-2017 03:15:26.576,DEBUG,0F0DF7DAE7CA8E817C7D7F619A9819FD,Voter: org.springframework.security.access.vote.RoleVoter@1ac872d, returned: -1
05-23-2017 03:15:26.576,DEBUG,0F0DF7DAE7CA8E817C7D7F619A9819FD,Voter: org.springframework.security.access.vote.AuthenticatedVoter@b1927d, returned: 1
05-23-2017 03:15:26.576,DEBUG,0F0DF7DAE7CA8E817C7D7F619A9819FD,Authorization successful
05-23-2017 03:15:26.576,DEBUG,0F0DF7DAE7CA8E817C7D7F619A9819FD,RunAsManager did not change Authentication object
05-23-2017 03:15:26.576,DEBUG,0F0DF7DAE7CA8E817C7D7F619A9819FD,/0001/ reached end of additional filter chain; proceeding with original chain
05-23-2017 03:15:26.576,DEBUG,0F0DF7DAE7CA8E817C7D7F619A9819FD,Request [/ict/0001/] is not a multipart request
05-23-2017 03:15:26.576,DEBUG,3EF38CC2BF3591A04524399B2FAB0EE1,DispatcherServlet with name 'appServlet' processing GET request for [/ict/0001/]
05-23-2017 03:15:26.576,DEBUG,3EF38CC2BF3591A04524399B2FAB0EE1,Looking up handler method for path /0001/
05-23-2017 03:15:26.577,DEBUG,3EF38CC2BF3591A04524399B2FAB0EE1,Returning handler method [public java.lang.String vn.bananavietnam.ict.banana.controller.Bnn0001BananaMenuController.top(javax.servlet.http.HttpServletRequest,java.util.Locale,org.springframework.ui.Model)]
05-23-2017 03:15:26.577,DEBUG,3EF38CC2BF3591A04524399B2FAB0EE1,Returning cached instance of singleton bean 'bnn0001BananaMenuController'
05-23-2017 03:15:26.577,DEBUG,3EF38CC2BF3591A04524399B2FAB0EE1,Last-Modified value for [/ict/0001/] is: -1
05-23-2017 03:15:26.577,DEBUG,3EF38CC2BF3591A04524399B2FAB0EE1,Returning cached instance of singleton bean 'xml_path'
05-23-2017 03:15:26.593,DEBUG,3EF38CC2BF3591A04524399B2FAB0EE1,Rendering view [org.springframework.web.servlet.view.JstlView: name 'banana/Bnn0001BananaMenu'; URL [/WEB-INF/views/banana/Bnn0001BananaMenu.jsp]] in DispatcherServlet with name 'appServlet'
05-23-2017 03:15:26.593,DEBUG,3EF38CC2BF3591A04524399B2FAB0EE1,Added model object 'resetDate' of type [java.lang.String] to request in view with name 'banana/Bnn0001BananaMenu'
05-23-2017 03:15:26.593,DEBUG,3EF38CC2BF3591A04524399B2FAB0EE1,Added model object 'layoutDate' of type [java.lang.String] to request in view with name 'banana/Bnn0001BananaMenu'
05-23-2017 03:15:26.593,DEBUG,3EF38CC2BF3591A04524399B2FAB0EE1,Added model object 'jqueryUiCssDate' of type [java.lang.String] to request in view with name 'banana/Bnn0001BananaMenu'
05-23-2017 03:15:26.593,DEBUG,3EF38CC2BF3591A04524399B2FAB0EE1,Added model object 'messageHandlerDate' of type [java.lang.String] to request in view with name 'banana/Bnn0001BananaMenu'
05-23-2017 03:15:26.593,DEBUG,3EF38CC2BF3591A04524399B2FAB0EE1,Added model object 'jqueryDate' of type [java.lang.String] to request in view with name 'banana/Bnn0001BananaMenu'
05-23-2017 03:15:26.593,DEBUG,3EF38CC2BF3591A04524399B2FAB0EE1,Added model object 'jqueryUiDate' of type [java.lang.String] to request in view with name 'banana/Bnn0001BananaMenu'
05-23-2017 03:15:26.593,DEBUG,3EF38CC2BF3591A04524399B2FAB0EE1,Added model object 'datepickerDate' of type [java.lang.String] to request in view with name 'banana/Bnn0001BananaMenu'
05-23-2017 03:15:26.593,DEBUG,3EF38CC2BF3591A04524399B2FAB0EE1,Added model object 'inputmaskDate' of type [java.lang.String] to request in view with name 'banana/Bnn0001BananaMenu'
05-23-2017 03:15:26.593,DEBUG,3EF38CC2BF3591A04524399B2FAB0EE1,Added model object 'jqueryInputmaskDate' of type [java.lang.String] to request in view with name 'banana/Bnn0001BananaMenu'
05-23-2017 03:15:26.593,DEBUG,3EF38CC2BF3591A04524399B2FAB0EE1,Added model object 'inputMaskExtDate' of type [java.lang.String] to request in view with name 'banana/Bnn0001BananaMenu'
05-23-2017 03:15:26.593,DEBUG,3EF38CC2BF3591A04524399B2FAB0EE1,Added model object 'calendarDate' of type [java.lang.String] to request in view with name 'banana/Bnn0001BananaMenu'
05-23-2017 03:15:26.593,DEBUG,3EF38CC2BF3591A04524399B2FAB0EE1,Added model object 'messageDate' of type [java.lang.String] to request in view with name 'banana/Bnn0001BananaMenu'
05-23-2017 03:15:26.593,DEBUG,3EF38CC2BF3591A04524399B2FAB0EE1,Added model object 'storageDate' of type [java.lang.String] to request in view with name 'banana/Bnn0001BananaMenu'
05-23-2017 03:15:26.594,DEBUG,3EF38CC2BF3591A04524399B2FAB0EE1,Added model object 'commonDate' of type [java.lang.String] to request in view with name 'banana/Bnn0001BananaMenu'
05-23-2017 03:15:26.594,DEBUG,3EF38CC2BF3591A04524399B2FAB0EE1,Added model object 'bananaMenuCssDate' of type [java.lang.String] to request in view with name 'banana/Bnn0001BananaMenu'
05-23-2017 03:15:26.594,DEBUG,3EF38CC2BF3591A04524399B2FAB0EE1,Added model object 'bananaMenuJsDate' of type [java.lang.String] to request in view with name 'banana/Bnn0001BananaMenu'
05-23-2017 03:15:26.594,DEBUG,3EF38CC2BF3591A04524399B2FAB0EE1,Forwarding to resource [/WEB-INF/views/banana/Bnn0001BananaMenu.jsp] in InternalResourceView 'banana/Bnn0001BananaMenu'
05-23-2017 03:15:26.595,DEBUG,3EF38CC2BF3591A04524399B2FAB0EE1,Render request received for definition 'defaultTemplate'
05-23-2017 03:15:26.619,DEBUG,3EF38CC2BF3591A04524399B2FAB0EE1,Successfully completed request
05-23-2017 03:15:26.619,DEBUG,3EF38CC2BF3591A04524399B2FAB0EE1,Chain processed normally
05-23-2017 03:15:26.619,DEBUG,3EF38CC2BF3591A04524399B2FAB0EE1,SecurityContextHolder now cleared, as request processing completed
05-23-2017 03:15:27.912,DEBUG,0F0DF7DAE7CA8E817C7D7F619A9819FD,/0089/ at position 1 of 11 in additional filter chain; firing Filter: 'SecurityContextPersistenceFilter'
05-23-2017 03:15:27.912,DEBUG,0F0DF7DAE7CA8E817C7D7F619A9819FD,Obtained a valid SecurityContext from SPRING_SECURITY_CONTEXT: 'org.springframework.security.core.context.SecurityContextImpl@c4911edb: Authentication: org.springframework.security.authentication.UsernamePasswordAuthenticationToken@c4911edb: Principal: vn.bananavietnam.ict.common.auth.MyUser@c4907816: Username: U0000000001; Password: [PROTECTED]; Enabled: true; AccountNonExpired: true; credentialsNonExpired: true; AccountNonLocked: true; Granted Authorities: 1; Credentials: [PROTECTED]; Authenticated: true; Details: org.springframework.security.web.authentication.WebAuthenticationDetails@fffe9938: RemoteIpAddress: 0:0:0:0:0:0:0:1; SessionId: 7C84C6704F5A51E875DBBBBBF0AA1B72; Granted Authorities: 1'
05-23-2017 03:15:27.912,DEBUG,0F0DF7DAE7CA8E817C7D7F619A9819FD,/0089/ at position 2 of 11 in additional filter chain; firing Filter: 'WebAsyncManagerIntegrationFilter'
05-23-2017 03:15:27.912,DEBUG,0F0DF7DAE7CA8E817C7D7F619A9819FD,/0089/ at position 3 of 11 in additional filter chain; firing Filter: 'LogoutFilter'
05-23-2017 03:15:27.912,DEBUG,0F0DF7DAE7CA8E817C7D7F619A9819FD,/0089/ at position 4 of 11 in additional filter chain; firing Filter: 'UsernamePasswordAuthenticationFilter'
05-23-2017 03:15:27.912,DEBUG,0F0DF7DAE7CA8E817C7D7F619A9819FD,/0089/ at position 5 of 11 in additional filter chain; firing Filter: 'BasicAuthenticationFilter'
05-23-2017 03:15:27.912,DEBUG,0F0DF7DAE7CA8E817C7D7F619A9819FD,/0089/ at position 6 of 11 in additional filter chain; firing Filter: 'RequestCacheAwareFilter'
05-23-2017 03:15:27.912,DEBUG,0F0DF7DAE7CA8E817C7D7F619A9819FD,/0089/ at position 7 of 11 in additional filter chain; firing Filter: 'SecurityContextHolderAwareRequestFilter'
05-23-2017 03:15:27.912,DEBUG,0F0DF7DAE7CA8E817C7D7F619A9819FD,/0089/ at position 8 of 11 in additional filter chain; firing Filter: 'AnonymousAuthenticationFilter'
05-23-2017 03:15:27.912,DEBUG,0F0DF7DAE7CA8E817C7D7F619A9819FD,SecurityContextHolder not populated with anonymous token, as it already contained: 'org.springframework.security.authentication.UsernamePasswordAuthenticationToken@c4911edb: Principal: vn.bananavietnam.ict.common.auth.MyUser@c4907816: Username: U0000000001; Password: [PROTECTED]; Enabled: true; AccountNonExpired: true; credentialsNonExpired: true; AccountNonLocked: true; Granted Authorities: 1; Credentials: [PROTECTED]; Authenticated: true; Details: org.springframework.security.web.authentication.WebAuthenticationDetails@fffe9938: RemoteIpAddress: 0:0:0:0:0:0:0:1; SessionId: 7C84C6704F5A51E875DBBBBBF0AA1B72; Granted Authorities: 1'
05-23-2017 03:15:27.912,DEBUG,0F0DF7DAE7CA8E817C7D7F619A9819FD,/0089/ at position 9 of 11 in additional filter chain; firing Filter: 'SessionManagementFilter'
05-23-2017 03:15:27.912,DEBUG,0F0DF7DAE7CA8E817C7D7F619A9819FD,/0089/ at position 10 of 11 in additional filter chain; firing Filter: 'ExceptionTranslationFilter'
05-23-2017 03:15:27.912,DEBUG,0F0DF7DAE7CA8E817C7D7F619A9819FD,/0089/ at position 11 of 11 in additional filter chain; firing Filter: 'FilterSecurityInterceptor'
05-23-2017 03:15:27.912,DEBUG,0F0DF7DAE7CA8E817C7D7F619A9819FD,Checking match of request : '/0089/'; against '/autherror*'
05-23-2017 03:15:27.912,DEBUG,0F0DF7DAE7CA8E817C7D7F619A9819FD,Checking match of request : '/0089/'; against '/login/**'
05-23-2017 03:15:27.912,DEBUG,0F0DF7DAE7CA8E817C7D7F619A9819FD,Checking match of request : '/0089/'; against '/error/**'
05-23-2017 03:15:27.912,DEBUG,0F0DF7DAE7CA8E817C7D7F619A9819FD,Checking match of request : '/0089/'; against '/0001/**'
05-23-2017 03:15:27.913,DEBUG,0F0DF7DAE7CA8E817C7D7F619A9819FD,Checking match of request : '/0089/'; against '/0002/**'
05-23-2017 03:15:27.913,DEBUG,0F0DF7DAE7CA8E817C7D7F619A9819FD,Checking match of request : '/0089/'; against '/0003/**'
05-23-2017 03:15:27.913,DEBUG,0F0DF7DAE7CA8E817C7D7F619A9819FD,Checking match of request : '/0089/'; against '/0005/**'
05-23-2017 03:15:27.913,DEBUG,0F0DF7DAE7CA8E817C7D7F619A9819FD,Checking match of request : '/0089/'; against '/0007/**'
05-23-2017 03:15:27.913,DEBUG,0F0DF7DAE7CA8E817C7D7F619A9819FD,Checking match of request : '/0089/'; against '/0009/**'
05-23-2017 03:15:27.913,DEBUG,0F0DF7DAE7CA8E817C7D7F619A9819FD,Checking match of request : '/0089/'; against '/0013/**'
05-23-2017 03:15:27.913,DEBUG,0F0DF7DAE7CA8E817C7D7F619A9819FD,Checking match of request : '/0089/'; against '/0023/**'
05-23-2017 03:15:27.913,DEBUG,0F0DF7DAE7CA8E817C7D7F619A9819FD,Checking match of request : '/0089/'; against '/0017/**'
05-23-2017 03:15:27.913,DEBUG,0F0DF7DAE7CA8E817C7D7F619A9819FD,Checking match of request : '/0089/'; against '/0031/**'
05-23-2017 03:15:27.913,DEBUG,0F0DF7DAE7CA8E817C7D7F619A9819FD,Checking match of request : '/0089/'; against '/0035/**'
05-23-2017 03:15:27.913,DEBUG,0F0DF7DAE7CA8E817C7D7F619A9819FD,Checking match of request : '/0089/'; against '/0037/**'
05-23-2017 03:15:27.913,DEBUG,0F0DF7DAE7CA8E817C7D7F619A9819FD,Checking match of request : '/0089/'; against '/0045/**'
05-23-2017 03:15:27.913,DEBUG,0F0DF7DAE7CA8E817C7D7F619A9819FD,Checking match of request : '/0089/'; against '/0047/**'
05-23-2017 03:15:27.913,DEBUG,0F0DF7DAE7CA8E817C7D7F619A9819FD,Checking match of request : '/0089/'; against '/0049/**'
05-23-2017 03:15:27.913,DEBUG,0F0DF7DAE7CA8E817C7D7F619A9819FD,Checking match of request : '/0089/'; against '/0061/**'
05-23-2017 03:15:27.913,DEBUG,0F0DF7DAE7CA8E817C7D7F619A9819FD,Checking match of request : '/0089/'; against '/0087/**'
05-23-2017 03:15:27.913,DEBUG,0F0DF7DAE7CA8E817C7D7F619A9819FD,Checking match of request : '/0089/'; against '/0075/**'
05-23-2017 03:15:27.913,DEBUG,0F0DF7DAE7CA8E817C7D7F619A9819FD,Checking match of request : '/0089/'; against '/0089/**'
05-23-2017 03:15:27.913,DEBUG,0F0DF7DAE7CA8E817C7D7F619A9819FD,Secure object: FilterInvocation: URL: /0089/; Attributes: [ROLE_ADMIN, ROLE_USER, IS_AUTHENTICATED_FULLY]
05-23-2017 03:15:27.913,DEBUG,0F0DF7DAE7CA8E817C7D7F619A9819FD,Previously Authenticated: org.springframework.security.authentication.UsernamePasswordAuthenticationToken@c4911edb: Principal: vn.bananavietnam.ict.common.auth.MyUser@c4907816: Username: U0000000001; Password: [PROTECTED]; Enabled: true; AccountNonExpired: true; credentialsNonExpired: true; AccountNonLocked: true; Granted Authorities: 1; Credentials: [PROTECTED]; Authenticated: true; Details: org.springframework.security.web.authentication.WebAuthenticationDetails@fffe9938: RemoteIpAddress: 0:0:0:0:0:0:0:1; SessionId: 7C84C6704F5A51E875DBBBBBF0AA1B72; Granted Authorities: 1
05-23-2017 03:15:27.913,DEBUG,0F0DF7DAE7CA8E817C7D7F619A9819FD,Voter: org.springframework.security.access.vote.RoleVoter@1ac872d, returned: -1
05-23-2017 03:15:27.913,DEBUG,0F0DF7DAE7CA8E817C7D7F619A9819FD,Voter: org.springframework.security.access.vote.AuthenticatedVoter@b1927d, returned: 1
05-23-2017 03:15:27.913,DEBUG,0F0DF7DAE7CA8E817C7D7F619A9819FD,Authorization successful
05-23-2017 03:15:27.913,DEBUG,0F0DF7DAE7CA8E817C7D7F619A9819FD,RunAsManager did not change Authentication object
05-23-2017 03:15:27.913,DEBUG,0F0DF7DAE7CA8E817C7D7F619A9819FD,/0089/ reached end of additional filter chain; proceeding with original chain
05-23-2017 03:15:27.913,DEBUG,0F0DF7DAE7CA8E817C7D7F619A9819FD,Request [/ict/0089/] is not a multipart request
05-23-2017 03:15:27.913,DEBUG,3EF38CC2BF3591A04524399B2FAB0EE1,DispatcherServlet with name 'appServlet' processing GET request for [/ict/0089/]
05-23-2017 03:15:27.913,DEBUG,3EF38CC2BF3591A04524399B2FAB0EE1,Looking up handler method for path /0089/
05-23-2017 03:15:27.913,DEBUG,3EF38CC2BF3591A04524399B2FAB0EE1,Returning handler method [public java.lang.String vn.bananavietnam.ict.banana.controller.Bnn0089SearchTaskController.top(javax.servlet.http.HttpServletRequest,java.util.Locale,org.springframework.ui.Model)]
05-23-2017 03:15:27.913,DEBUG,3EF38CC2BF3591A04524399B2FAB0EE1,Returning cached instance of singleton bean 'bnn0089SearchTaskController'
05-23-2017 03:15:27.913,DEBUG,3EF38CC2BF3591A04524399B2FAB0EE1,Last-Modified value for [/ict/0089/] is: -1
05-23-2017 03:15:27.914,DEBUG,3EF38CC2BF3591A04524399B2FAB0EE1,Returning cached instance of singleton bean 'xml_path'
05-23-2017 03:15:27.916,DEBUG,3EF38CC2BF3591A04524399B2FAB0EE1,Rendering view [org.springframework.web.servlet.view.JstlView: name 'banana/Bnn0089SearchTask'; URL [/WEB-INF/views/banana/Bnn0089SearchTask.jsp]] in DispatcherServlet with name 'appServlet'
05-23-2017 03:15:27.916,DEBUG,3EF38CC2BF3591A04524399B2FAB0EE1,Added model object 'resetDate' of type [java.lang.String] to request in view with name 'banana/Bnn0089SearchTask'
05-23-2017 03:15:27.916,DEBUG,3EF38CC2BF3591A04524399B2FAB0EE1,Added model object 'layoutDate' of type [java.lang.String] to request in view with name 'banana/Bnn0089SearchTask'
05-23-2017 03:15:27.916,DEBUG,3EF38CC2BF3591A04524399B2FAB0EE1,Added model object 'jqueryUiCssDate' of type [java.lang.String] to request in view with name 'banana/Bnn0089SearchTask'
05-23-2017 03:15:27.916,DEBUG,3EF38CC2BF3591A04524399B2FAB0EE1,Added model object 'messageHandlerDate' of type [java.lang.String] to request in view with name 'banana/Bnn0089SearchTask'
05-23-2017 03:15:27.916,DEBUG,3EF38CC2BF3591A04524399B2FAB0EE1,Added model object 'jqueryDate' of type [java.lang.String] to request in view with name 'banana/Bnn0089SearchTask'
05-23-2017 03:15:27.916,DEBUG,3EF38CC2BF3591A04524399B2FAB0EE1,Added model object 'jqueryUiDate' of type [java.lang.String] to request in view with name 'banana/Bnn0089SearchTask'
05-23-2017 03:15:27.916,DEBUG,3EF38CC2BF3591A04524399B2FAB0EE1,Added model object 'datepickerDate' of type [java.lang.String] to request in view with name 'banana/Bnn0089SearchTask'
05-23-2017 03:15:27.916,DEBUG,3EF38CC2BF3591A04524399B2FAB0EE1,Added model object 'inputmaskDate' of type [java.lang.String] to request in view with name 'banana/Bnn0089SearchTask'
05-23-2017 03:15:27.916,DEBUG,3EF38CC2BF3591A04524399B2FAB0EE1,Added model object 'jqueryInputmaskDate' of type [java.lang.String] to request in view with name 'banana/Bnn0089SearchTask'
05-23-2017 03:15:27.916,DEBUG,3EF38CC2BF3591A04524399B2FAB0EE1,Added model object 'inputMaskExtDate' of type [java.lang.String] to request in view with name 'banana/Bnn0089SearchTask'
05-23-2017 03:15:27.916,DEBUG,3EF38CC2BF3591A04524399B2FAB0EE1,Added model object 'calendarDate' of type [java.lang.String] to request in view with name 'banana/Bnn0089SearchTask'
05-23-2017 03:15:27.916,DEBUG,3EF38CC2BF3591A04524399B2FAB0EE1,Added model object 'messageDate' of type [java.lang.String] to request in view with name 'banana/Bnn0089SearchTask'
05-23-2017 03:15:27.916,DEBUG,3EF38CC2BF3591A04524399B2FAB0EE1,Added model object 'storageDate' of type [java.lang.String] to request in view with name 'banana/Bnn0089SearchTask'
05-23-2017 03:15:27.916,DEBUG,3EF38CC2BF3591A04524399B2FAB0EE1,Added model object 'commonDate' of type [java.lang.String] to request in view with name 'banana/Bnn0089SearchTask'
05-23-2017 03:15:27.916,DEBUG,3EF38CC2BF3591A04524399B2FAB0EE1,Added model object 'searchTaskCssDate' of type [java.lang.String] to request in view with name 'banana/Bnn0089SearchTask'
05-23-2017 03:15:27.916,DEBUG,3EF38CC2BF3591A04524399B2FAB0EE1,Added model object 'searchTaskJsDate' of type [java.lang.String] to request in view with name 'banana/Bnn0089SearchTask'
05-23-2017 03:15:27.916,DEBUG,3EF38CC2BF3591A04524399B2FAB0EE1,Forwarding to resource [/WEB-INF/views/banana/Bnn0089SearchTask.jsp] in InternalResourceView 'banana/Bnn0089SearchTask'
05-23-2017 03:15:27.917,DEBUG,3EF38CC2BF3591A04524399B2FAB0EE1,Render request received for definition 'defaultTemplate'
05-23-2017 03:15:27.919,DEBUG,3EF38CC2BF3591A04524399B2FAB0EE1,Successfully completed request
05-23-2017 03:15:27.919,DEBUG,3EF38CC2BF3591A04524399B2FAB0EE1,Chain processed normally
05-23-2017 03:15:27.919,DEBUG,3EF38CC2BF3591A04524399B2FAB0EE1,SecurityContextHolder now cleared, as request processing completed
05-23-2017 03:15:27.987,DEBUG,0F0DF7DAE7CA8E817C7D7F619A9819FD,/0089/searchData at position 1 of 11 in additional filter chain; firing Filter: 'SecurityContextPersistenceFilter'
05-23-2017 03:15:27.987,DEBUG,0F0DF7DAE7CA8E817C7D7F619A9819FD,Obtained a valid SecurityContext from SPRING_SECURITY_CONTEXT: 'org.springframework.security.core.context.SecurityContextImpl@c4911edb: Authentication: org.springframework.security.authentication.UsernamePasswordAuthenticationToken@c4911edb: Principal: vn.bananavietnam.ict.common.auth.MyUser@c4907816: Username: U0000000001; Password: [PROTECTED]; Enabled: true; AccountNonExpired: true; credentialsNonExpired: true; AccountNonLocked: true; Granted Authorities: 1; Credentials: [PROTECTED]; Authenticated: true; Details: org.springframework.security.web.authentication.WebAuthenticationDetails@fffe9938: RemoteIpAddress: 0:0:0:0:0:0:0:1; SessionId: 7C84C6704F5A51E875DBBBBBF0AA1B72; Granted Authorities: 1'
05-23-2017 03:15:27.987,DEBUG,0F0DF7DAE7CA8E817C7D7F619A9819FD,/0089/searchData at position 2 of 11 in additional filter chain; firing Filter: 'WebAsyncManagerIntegrationFilter'
05-23-2017 03:15:27.987,DEBUG,0F0DF7DAE7CA8E817C7D7F619A9819FD,/0089/searchData at position 3 of 11 in additional filter chain; firing Filter: 'LogoutFilter'
05-23-2017 03:15:27.987,DEBUG,0F0DF7DAE7CA8E817C7D7F619A9819FD,/0089/searchData at position 4 of 11 in additional filter chain; firing Filter: 'UsernamePasswordAuthenticationFilter'
05-23-2017 03:15:27.987,DEBUG,0F0DF7DAE7CA8E817C7D7F619A9819FD,/0089/searchData at position 5 of 11 in additional filter chain; firing Filter: 'BasicAuthenticationFilter'
05-23-2017 03:15:27.987,DEBUG,0F0DF7DAE7CA8E817C7D7F619A9819FD,/0089/searchData at position 6 of 11 in additional filter chain; firing Filter: 'RequestCacheAwareFilter'
05-23-2017 03:15:27.987,DEBUG,0F0DF7DAE7CA8E817C7D7F619A9819FD,/0089/searchData at position 7 of 11 in additional filter chain; firing Filter: 'SecurityContextHolderAwareRequestFilter'
05-23-2017 03:15:27.987,DEBUG,0F0DF7DAE7CA8E817C7D7F619A9819FD,/0089/searchData at position 8 of 11 in additional filter chain; firing Filter: 'AnonymousAuthenticationFilter'
05-23-2017 03:15:27.987,DEBUG,0F0DF7DAE7CA8E817C7D7F619A9819FD,SecurityContextHolder not populated with anonymous token, as it already contained: 'org.springframework.security.authentication.UsernamePasswordAuthenticationToken@c4911edb: Principal: vn.bananavietnam.ict.common.auth.MyUser@c4907816: Username: U0000000001; Password: [PROTECTED]; Enabled: true; AccountNonExpired: true; credentialsNonExpired: true; AccountNonLocked: true; Granted Authorities: 1; Credentials: [PROTECTED]; Authenticated: true; Details: org.springframework.security.web.authentication.WebAuthenticationDetails@fffe9938: RemoteIpAddress: 0:0:0:0:0:0:0:1; SessionId: 7C84C6704F5A51E875DBBBBBF0AA1B72; Granted Authorities: 1'
05-23-2017 03:15:27.987,DEBUG,0F0DF7DAE7CA8E817C7D7F619A9819FD,/0089/searchData at position 9 of 11 in additional filter chain; firing Filter: 'SessionManagementFilter'
05-23-2017 03:15:27.987,DEBUG,0F0DF7DAE7CA8E817C7D7F619A9819FD,/0089/searchData at position 10 of 11 in additional filter chain; firing Filter: 'ExceptionTranslationFilter'
05-23-2017 03:15:27.987,DEBUG,0F0DF7DAE7CA8E817C7D7F619A9819FD,/0089/searchData at position 11 of 11 in additional filter chain; firing Filter: 'FilterSecurityInterceptor'
05-23-2017 03:15:27.987,DEBUG,0F0DF7DAE7CA8E817C7D7F619A9819FD,Checking match of request : '/0089/searchdata'; against '/autherror*'
05-23-2017 03:15:27.987,DEBUG,0F0DF7DAE7CA8E817C7D7F619A9819FD,Checking match of request : '/0089/searchdata'; against '/login/**'
05-23-2017 03:15:27.987,DEBUG,0F0DF7DAE7CA8E817C7D7F619A9819FD,Checking match of request : '/0089/searchdata'; against '/error/**'
05-23-2017 03:15:27.987,DEBUG,0F0DF7DAE7CA8E817C7D7F619A9819FD,Checking match of request : '/0089/searchdata'; against '/0001/**'
05-23-2017 03:15:27.987,DEBUG,0F0DF7DAE7CA8E817C7D7F619A9819FD,Checking match of request : '/0089/searchdata'; against '/0002/**'
05-23-2017 03:15:27.987,DEBUG,0F0DF7DAE7CA8E817C7D7F619A9819FD,Checking match of request : '/0089/searchdata'; against '/0003/**'
05-23-2017 03:15:27.987,DEBUG,0F0DF7DAE7CA8E817C7D7F619A9819FD,Checking match of request : '/0089/searchdata'; against '/0005/**'
05-23-2017 03:15:27.987,DEBUG,0F0DF7DAE7CA8E817C7D7F619A9819FD,Checking match of request : '/0089/searchdata'; against '/0007/**'
05-23-2017 03:15:27.987,DEBUG,0F0DF7DAE7CA8E817C7D7F619A9819FD,Checking match of request : '/0089/searchdata'; against '/0009/**'
05-23-2017 03:15:27.987,DEBUG,0F0DF7DAE7CA8E817C7D7F619A9819FD,Checking match of request : '/0089/searchdata'; against '/0013/**'
05-23-2017 03:15:27.988,DEBUG,0F0DF7DAE7CA8E817C7D7F619A9819FD,Checking match of request : '/0089/searchdata'; against '/0023/**'
05-23-2017 03:15:27.988,DEBUG,0F0DF7DAE7CA8E817C7D7F619A9819FD,Checking match of request : '/0089/searchdata'; against '/0017/**'
05-23-2017 03:15:27.988,DEBUG,0F0DF7DAE7CA8E817C7D7F619A9819FD,Checking match of request : '/0089/searchdata'; against '/0031/**'
05-23-2017 03:15:27.988,DEBUG,0F0DF7DAE7CA8E817C7D7F619A9819FD,Checking match of request : '/0089/searchdata'; against '/0035/**'
05-23-2017 03:15:27.988,DEBUG,0F0DF7DAE7CA8E817C7D7F619A9819FD,Checking match of request : '/0089/searchdata'; against '/0037/**'
05-23-2017 03:15:27.988,DEBUG,0F0DF7DAE7CA8E817C7D7F619A9819FD,Checking match of request : '/0089/searchdata'; against '/0045/**'
05-23-2017 03:15:27.988,DEBUG,0F0DF7DAE7CA8E817C7D7F619A9819FD,Checking match of request : '/0089/searchdata'; against '/0047/**'
05-23-2017 03:15:27.988,DEBUG,0F0DF7DAE7CA8E817C7D7F619A9819FD,Checking match of request : '/0089/searchdata'; against '/0049/**'
05-23-2017 03:15:27.988,DEBUG,0F0DF7DAE7CA8E817C7D7F619A9819FD,Checking match of request : '/0089/searchdata'; against '/0061/**'
05-23-2017 03:15:27.988,DEBUG,0F0DF7DAE7CA8E817C7D7F619A9819FD,Checking match of request : '/0089/searchdata'; against '/0087/**'
05-23-2017 03:15:27.988,DEBUG,0F0DF7DAE7CA8E817C7D7F619A9819FD,Checking match of request : '/0089/searchdata'; against '/0075/**'
05-23-2017 03:15:27.988,DEBUG,0F0DF7DAE7CA8E817C7D7F619A9819FD,Checking match of request : '/0089/searchdata'; against '/0089/**'
05-23-2017 03:15:27.988,DEBUG,0F0DF7DAE7CA8E817C7D7F619A9819FD,Secure object: FilterInvocation: URL: /0089/searchData; Attributes: [ROLE_ADMIN, ROLE_USER, IS_AUTHENTICATED_FULLY]
05-23-2017 03:15:27.988,DEBUG,0F0DF7DAE7CA8E817C7D7F619A9819FD,Previously Authenticated: org.springframework.security.authentication.UsernamePasswordAuthenticationToken@c4911edb: Principal: vn.bananavietnam.ict.common.auth.MyUser@c4907816: Username: U0000000001; Password: [PROTECTED]; Enabled: true; AccountNonExpired: true; credentialsNonExpired: true; AccountNonLocked: true; Granted Authorities: 1; Credentials: [PROTECTED]; Authenticated: true; Details: org.springframework.security.web.authentication.WebAuthenticationDetails@fffe9938: RemoteIpAddress: 0:0:0:0:0:0:0:1; SessionId: 7C84C6704F5A51E875DBBBBBF0AA1B72; Granted Authorities: 1
05-23-2017 03:15:27.988,DEBUG,0F0DF7DAE7CA8E817C7D7F619A9819FD,Voter: org.springframework.security.access.vote.RoleVoter@1ac872d, returned: -1
05-23-2017 03:15:27.988,DEBUG,0F0DF7DAE7CA8E817C7D7F619A9819FD,Voter: org.springframework.security.access.vote.AuthenticatedVoter@b1927d, returned: 1
05-23-2017 03:15:27.988,DEBUG,0F0DF7DAE7CA8E817C7D7F619A9819FD,Authorization successful
05-23-2017 03:15:27.988,DEBUG,0F0DF7DAE7CA8E817C7D7F619A9819FD,RunAsManager did not change Authentication object
05-23-2017 03:15:27.988,DEBUG,0F0DF7DAE7CA8E817C7D7F619A9819FD,/0089/searchData reached end of additional filter chain; proceeding with original chain
05-23-2017 03:15:27.988,DEBUG,0F0DF7DAE7CA8E817C7D7F619A9819FD,Request [/ict/0089/searchData] is not a multipart request
05-23-2017 03:15:27.988,DEBUG,3EF38CC2BF3591A04524399B2FAB0EE1,DispatcherServlet with name 'appServlet' processing POST request for [/ict/0089/searchData]
05-23-2017 03:15:27.988,DEBUG,3EF38CC2BF3591A04524399B2FAB0EE1,Looking up handler method for path /0089/searchData
05-23-2017 03:15:27.988,DEBUG,3EF38CC2BF3591A04524399B2FAB0EE1,Returning handler method [public java.util.List<vn.bananavietnam.ict.banana.component.Bnn0089SearchTaskResult> vn.bananavietnam.ict.banana.controller.Bnn0089SearchTaskController.searchData(vn.bananavietnam.ict.banana.component.Bnn0089SearchTaskConditions)]
05-23-2017 03:15:27.988,DEBUG,3EF38CC2BF3591A04524399B2FAB0EE1,Returning cached instance of singleton bean 'bnn0089SearchTaskController'
05-23-2017 03:15:27.988,DEBUG,3EF38CC2BF3591A04524399B2FAB0EE1,Returning cached instance of singleton bean 'xml_path'
05-23-2017 03:15:27.989,DEBUG,3EF38CC2BF3591A04524399B2FAB0EE1,Read [class vn.bananavietnam.ict.banana.component.Bnn0089SearchTaskConditions] as "application/json" with [org.springframework.http.converter.json.MappingJackson2HttpMessageConverter@156f2cc]
05-23-2017 03:15:27.989,INFO ,3EF38CC2BF3591A04524399B2FAB0EE1,U0000000001,vn.bananavietnam.ict.banana.service.Bnn0089SearchTaskService,searchData,[vn.bananavietnam.ict.banana.component.Bnn0089SearchTaskConditions@d295a9] METHOD START
05-23-2017 03:15:27.989,DEBUG,3EF38CC2BF3591A04524399B2FAB0EE1,Returning cached instance of singleton bean 'transactionManager'
05-23-2017 03:15:27.989,INFO ,3EF38CC2BF3591A04524399B2FAB0EE1,U0000000001,Task searching started
05-23-2017 03:15:27.989,DEBUG,3EF38CC2BF3591A04524399B2FAB0EE1,Creating a new SqlSession
05-23-2017 03:15:27.989,DEBUG,3EF38CC2BF3591A04524399B2FAB0EE1,Registering transaction synchronization for SqlSession [org.apache.ibatis.session.defaults.DefaultSqlSession@ee7aff]
05-23-2017 03:15:27.989,DEBUG,3EF38CC2BF3591A04524399B2FAB0EE1,Fetching JDBC Connection from DataSource
05-23-2017 03:15:27.989,DEBUG,3EF38CC2BF3591A04524399B2FAB0EE1,Creating new JDBC DriverManager Connection to [jdbc:mysql://172.16.0.175:3306/BANANA_DB_HUNG_SELENIUM?useUnicode=yes&characterEncoding=UTF-8&autoReconnect=true]
05-23-2017 03:15:28.006,DEBUG,3EF38CC2BF3591A04524399B2FAB0EE1,Registering transaction synchronization for JDBC Connection
05-23-2017 03:15:28.006,DEBUG,3EF38CC2BF3591A04524399B2FAB0EE1,JDBC Connection [com.mysql.jdbc.JDBC4Connection@1f6485] will be managed by Spring
05-23-2017 03:15:28.006,DEBUG,3EF38CC2BF3591A04524399B2FAB0EE1,==>  Preparing: SELECT T.TASK_ID taskId, T.TASK_NAME taskName, T.WORKING_DETAILS workingDetails, T.NOTE note, T.QUARANTINE_HANDLING_FLAG quarantineHandlingFlag, T.DELETE_FLAG deleteFlag, T.CHANGE_POINT_CODE changePointCode, T.LAST_UPDATE_DATE lastUpdateDate FROM IVB_M_TASK T WHERE 1 = 1 AND T.DELETE_FLAG = '0' ORDER BY T.TASK_NAME LIMIT ?,? 
05-23-2017 03:15:28.006,DEBUG,3EF38CC2BF3591A04524399B2FAB0EE1,==> Parameters: 0(Integer), 20(Integer)
05-23-2017 03:15:28.009,DEBUG,3EF38CC2BF3591A04524399B2FAB0EE1,<==      Total: 20
05-23-2017 03:15:28.010,DEBUG,3EF38CC2BF3591A04524399B2FAB0EE1,Releasing transactional SqlSession [org.apache.ibatis.session.defaults.DefaultSqlSession@ee7aff]
05-23-2017 03:15:28.010,INFO ,3EF38CC2BF3591A04524399B2FAB0EE1,U0000000001,SQL execution finished
05-23-2017 03:15:28.010,DEBUG,3EF38CC2BF3591A04524399B2FAB0EE1,Fetched SqlSession [org.apache.ibatis.session.defaults.DefaultSqlSession@ee7aff] from current transaction
05-23-2017 03:15:28.010,DEBUG,3EF38CC2BF3591A04524399B2FAB0EE1,==>  Preparing: SELECT COUNT(*) FROM IVB_M_TASK T WHERE 1 = 1 AND T.DELETE_FLAG = '0' ORDER BY T.TASK_ID 
05-23-2017 03:15:28.010,DEBUG,3EF38CC2BF3591A04524399B2FAB0EE1,==> Parameters: 
05-23-2017 03:15:28.011,DEBUG,3EF38CC2BF3591A04524399B2FAB0EE1,<==      Total: 1
05-23-2017 03:15:28.011,DEBUG,3EF38CC2BF3591A04524399B2FAB0EE1,Releasing transactional SqlSession [org.apache.ibatis.session.defaults.DefaultSqlSession@ee7aff]
05-23-2017 03:15:28.012,INFO ,3EF38CC2BF3591A04524399B2FAB0EE1,U0000000001,Task searching finished ==> 43 item(s)
05-23-2017 03:15:28.012,DEBUG,3EF38CC2BF3591A04524399B2FAB0EE1,Transaction synchronization deregistering SqlSession [org.apache.ibatis.session.defaults.DefaultSqlSession@ee7aff]
05-23-2017 03:15:28.012,DEBUG,3EF38CC2BF3591A04524399B2FAB0EE1,Transaction synchronization closing SqlSession [org.apache.ibatis.session.defaults.DefaultSqlSession@ee7aff]
05-23-2017 03:15:28.012,DEBUG,3EF38CC2BF3591A04524399B2FAB0EE1,Returning JDBC Connection to DataSource
05-23-2017 03:15:28.012,INFO ,3EF38CC2BF3591A04524399B2FAB0EE1,U0000000001,vn.bananavietnam.ict.banana.service.Bnn0089SearchTaskService,searchData,[vn.bananavietnam.ict.banana.component.Bnn0089SearchTaskConditions@d295a9] METHOD END
05-23-2017 03:15:28.013,DEBUG,3EF38CC2BF3591A04524399B2FAB0EE1,Written [[vn.bananavietnam.ict.banana.component.Bnn0089SearchTaskResult@1e3c214, vn.bananavietnam.ict.banana.component.Bnn0089SearchTaskResult@140c7f8, vn.bananavietnam.ict.banana.component.Bnn0089SearchTaskResult@1a1fd78, vn.bananavietnam.ict.banana.component.Bnn0089SearchTaskResult@148b2af, vn.bananavietnam.ict.banana.component.Bnn0089SearchTaskResult@bc2170, vn.bananavietnam.ict.banana.component.Bnn0089SearchTaskResult@1305bd8, vn.bananavietnam.ict.banana.component.Bnn0089SearchTaskResult@1de30bb, vn.bananavietnam.ict.banana.component.Bnn0089SearchTaskResult@1532f65, vn.bananavietnam.ict.banana.component.Bnn0089SearchTaskResult@173b1e, vn.bananavietnam.ict.banana.component.Bnn0089SearchTaskResult@19a529f, vn.bananavietnam.ict.banana.component.Bnn0089SearchTaskResult@175f17f, vn.bananavietnam.ict.banana.component.Bnn0089SearchTaskResult@1d1d833, vn.bananavietnam.ict.banana.component.Bnn0089SearchTaskResult@41cb5c, vn.bananavietnam.ict.banana.component.Bnn0089SearchTaskResult@1187321, vn.bananavietnam.ict.banana.component.Bnn0089SearchTaskResult@17892f4, vn.bananavietnam.ict.banana.component.Bnn0089SearchTaskResult@5bc7e8, vn.bananavietnam.ict.banana.component.Bnn0089SearchTaskResult@acf494, vn.bananavietnam.ict.banana.component.Bnn0089SearchTaskResult@5b105b, vn.bananavietnam.ict.banana.component.Bnn0089SearchTaskResult@15bddd6, vn.bananavietnam.ict.banana.component.Bnn0089SearchTaskResult@1f93312]] as "application/json;charset=UTF-8" using [org.springframework.http.converter.json.MappingJackson2HttpMessageConverter@156f2cc]
05-23-2017 03:15:28.013,DEBUG,3EF38CC2BF3591A04524399B2FAB0EE1,Null ModelAndView returned to DispatcherServlet with name 'appServlet': assuming HandlerAdapter completed request handling
05-23-2017 03:15:28.013,DEBUG,3EF38CC2BF3591A04524399B2FAB0EE1,Successfully completed request
05-23-2017 03:15:28.013,DEBUG,3EF38CC2BF3591A04524399B2FAB0EE1,Chain processed normally
05-23-2017 03:15:28.013,DEBUG,3EF38CC2BF3591A04524399B2FAB0EE1,SecurityContextHolder now cleared, as request processing completed
