05-23-2017 03:38:31.189,DEBUG,9D65470CE94E848183E2CD0DC2BCA3C4,/0089/searchData at position 1 of 11 in additional filter chain; firing Filter: 'SecurityContextPersistenceFilter'
05-23-2017 03:38:31.190,DEBUG,9D65470CE94E848183E2CD0DC2BCA3C4,No HttpSession currently exists
05-23-2017 03:38:31.190,DEBUG,9D65470CE94E848183E2CD0DC2BCA3C4,No SecurityContext was available from the HttpSession: null. A new one will be created.
05-23-2017 03:38:31.190,DEBUG,9D65470CE94E848183E2CD0DC2BCA3C4,/0089/searchData at position 2 of 11 in additional filter chain; firing Filter: 'WebAsyncManagerIntegrationFilter'
05-23-2017 03:38:31.190,DEBUG,9D65470CE94E848183E2CD0DC2BCA3C4,/0089/searchData at position 3 of 11 in additional filter chain; firing Filter: 'LogoutFilter'
05-23-2017 03:38:31.190,DEBUG,9D65470CE94E848183E2CD0DC2BCA3C4,/0089/searchData at position 4 of 11 in additional filter chain; firing Filter: 'UsernamePasswordAuthenticationFilter'
05-23-2017 03:38:31.190,DEBUG,9D65470CE94E848183E2CD0DC2BCA3C4,/0089/searchData at position 5 of 11 in additional filter chain; firing Filter: 'BasicAuthenticationFilter'
05-23-2017 03:38:31.190,DEBUG,9D65470CE94E848183E2CD0DC2BCA3C4,/0089/searchData at position 6 of 11 in additional filter chain; firing Filter: 'RequestCacheAwareFilter'
05-23-2017 03:38:31.190,DEBUG,9D65470CE94E848183E2CD0DC2BCA3C4,/0089/searchData at position 7 of 11 in additional filter chain; firing Filter: 'SecurityContextHolderAwareRequestFilter'
05-23-2017 03:38:31.190,DEBUG,9D65470CE94E848183E2CD0DC2BCA3C4,/0089/searchData at position 8 of 11 in additional filter chain; firing Filter: 'AnonymousAuthenticationFilter'
05-23-2017 03:38:31.190,DEBUG,9D65470CE94E848183E2CD0DC2BCA3C4,Populated SecurityContextHolder with anonymous token: 'org.springframework.security.authentication.AnonymousAuthenticationToken@9055c2bc: Principal: anonymousUser; Credentials: [PROTECTED]; Authenticated: true; Details: org.springframework.security.web.authentication.WebAuthenticationDetails@b364: RemoteIpAddress: 0:0:0:0:0:0:0:1; SessionId: null; Granted Authorities: ROLE_ANONYMOUS'
05-23-2017 03:38:31.190,DEBUG,9D65470CE94E848183E2CD0DC2BCA3C4,/0089/searchData at position 9 of 11 in additional filter chain; firing Filter: 'SessionManagementFilter'
05-23-2017 03:38:31.190,DEBUG,9D65470CE94E848183E2CD0DC2BCA3C4,Requested session ID 9D65470CE94E848183E2CD0DC2BCA3C4 is invalid.
05-23-2017 03:38:31.190,DEBUG,9D65470CE94E848183E2CD0DC2BCA3C4,/0089/searchData at position 10 of 11 in additional filter chain; firing Filter: 'ExceptionTranslationFilter'
05-23-2017 03:38:31.190,DEBUG,9D65470CE94E848183E2CD0DC2BCA3C4,/0089/searchData at position 11 of 11 in additional filter chain; firing Filter: 'FilterSecurityInterceptor'
05-23-2017 03:38:31.190,DEBUG,9D65470CE94E848183E2CD0DC2BCA3C4,Checking match of request : '/0089/searchdata'; against '/autherror*'
05-23-2017 03:38:31.190,DEBUG,9D65470CE94E848183E2CD0DC2BCA3C4,Checking match of request : '/0089/searchdata'; against '/login/**'
05-23-2017 03:38:31.191,DEBUG,9D65470CE94E848183E2CD0DC2BCA3C4,Checking match of request : '/0089/searchdata'; against '/error/**'
05-23-2017 03:38:31.191,DEBUG,9D65470CE94E848183E2CD0DC2BCA3C4,Checking match of request : '/0089/searchdata'; against '/0001/**'
05-23-2017 03:38:31.191,DEBUG,9D65470CE94E848183E2CD0DC2BCA3C4,Checking match of request : '/0089/searchdata'; against '/0002/**'
05-23-2017 03:38:31.191,DEBUG,9D65470CE94E848183E2CD0DC2BCA3C4,Checking match of request : '/0089/searchdata'; against '/0003/**'
05-23-2017 03:38:31.191,DEBUG,9D65470CE94E848183E2CD0DC2BCA3C4,Checking match of request : '/0089/searchdata'; against '/0005/**'
05-23-2017 03:38:31.191,DEBUG,9D65470CE94E848183E2CD0DC2BCA3C4,Checking match of request : '/0089/searchdata'; against '/0007/**'
05-23-2017 03:38:31.191,DEBUG,9D65470CE94E848183E2CD0DC2BCA3C4,Checking match of request : '/0089/searchdata'; against '/0009/**'
05-23-2017 03:38:31.191,DEBUG,9D65470CE94E848183E2CD0DC2BCA3C4,Checking match of request : '/0089/searchdata'; against '/0013/**'
05-23-2017 03:38:31.191,DEBUG,9D65470CE94E848183E2CD0DC2BCA3C4,Checking match of request : '/0089/searchdata'; against '/0023/**'
05-23-2017 03:38:31.191,DEBUG,9D65470CE94E848183E2CD0DC2BCA3C4,Checking match of request : '/0089/searchdata'; against '/0017/**'
05-23-2017 03:38:31.191,DEBUG,9D65470CE94E848183E2CD0DC2BCA3C4,Checking match of request : '/0089/searchdata'; against '/0031/**'
05-23-2017 03:38:31.191,DEBUG,9D65470CE94E848183E2CD0DC2BCA3C4,Checking match of request : '/0089/searchdata'; against '/0035/**'
05-23-2017 03:38:31.191,DEBUG,9D65470CE94E848183E2CD0DC2BCA3C4,Checking match of request : '/0089/searchdata'; against '/0037/**'
05-23-2017 03:38:31.191,DEBUG,9D65470CE94E848183E2CD0DC2BCA3C4,Checking match of request : '/0089/searchdata'; against '/0045/**'
05-23-2017 03:38:31.191,DEBUG,9D65470CE94E848183E2CD0DC2BCA3C4,Checking match of request : '/0089/searchdata'; against '/0047/**'
05-23-2017 03:38:31.191,DEBUG,9D65470CE94E848183E2CD0DC2BCA3C4,Checking match of request : '/0089/searchdata'; against '/0049/**'
05-23-2017 03:38:31.191,DEBUG,9D65470CE94E848183E2CD0DC2BCA3C4,Checking match of request : '/0089/searchdata'; against '/0061/**'
05-23-2017 03:38:31.191,DEBUG,9D65470CE94E848183E2CD0DC2BCA3C4,Checking match of request : '/0089/searchdata'; against '/0087/**'
05-23-2017 03:38:31.191,DEBUG,9D65470CE94E848183E2CD0DC2BCA3C4,Checking match of request : '/0089/searchdata'; against '/0075/**'
05-23-2017 03:38:31.191,DEBUG,9D65470CE94E848183E2CD0DC2BCA3C4,Checking match of request : '/0089/searchdata'; against '/0089/**'
05-23-2017 03:38:31.191,DEBUG,9D65470CE94E848183E2CD0DC2BCA3C4,Secure object: FilterInvocation: URL: /0089/searchData; Attributes: [ROLE_ADMIN, ROLE_USER, IS_AUTHENTICATED_FULLY]
05-23-2017 03:38:31.191,DEBUG,9D65470CE94E848183E2CD0DC2BCA3C4,Previously Authenticated: org.springframework.security.authentication.AnonymousAuthenticationToken@9055c2bc: Principal: anonymousUser; Credentials: [PROTECTED]; Authenticated: true; Details: org.springframework.security.web.authentication.WebAuthenticationDetails@b364: RemoteIpAddress: 0:0:0:0:0:0:0:1; SessionId: null; Granted Authorities: ROLE_ANONYMOUS
05-23-2017 03:38:31.191,DEBUG,9D65470CE94E848183E2CD0DC2BCA3C4,Voter: org.springframework.security.access.vote.RoleVoter@1ac872d, returned: -1
05-23-2017 03:38:31.191,DEBUG,9D65470CE94E848183E2CD0DC2BCA3C4,Voter: org.springframework.security.access.vote.AuthenticatedVoter@b1927d, returned: -1
05-23-2017 03:38:31.192,DEBUG,9D65470CE94E848183E2CD0DC2BCA3C4,Access is denied (user is anonymous); redirecting to authentication entry point
05-23-2017 03:38:31.193,DEBUG,9D65470CE94E848183E2CD0DC2BCA3C4,DefaultSavedRequest added to Session: DefaultSavedRequest[http://localhost:8080/ict/0089/searchData]
05-23-2017 03:38:31.193,DEBUG,9D65470CE94E848183E2CD0DC2BCA3C4,Calling Authentication entry point.
05-23-2017 03:38:31.193,DEBUG,9D65470CE94E848183E2CD0DC2BCA3C4,Redirecting to 'http://localhost:8080/ict/'
05-23-2017 03:38:31.193,DEBUG,9D65470CE94E848183E2CD0DC2BCA3C4,SecurityContext is empty or contents are anonymous - context will not be stored in HttpSession.
05-23-2017 03:38:31.193,DEBUG,9D65470CE94E848183E2CD0DC2BCA3C4,SecurityContextHolder now cleared, as request processing completed
05-23-2017 03:38:31.199,DEBUG,0F0DF7DAE7CA8E817C7D7F619A9819FD,/login at position 1 of 11 in additional filter chain; firing Filter: 'SecurityContextPersistenceFilter'
05-23-2017 03:38:31.199,DEBUG,0F0DF7DAE7CA8E817C7D7F619A9819FD,HttpSession returned null object for SPRING_SECURITY_CONTEXT
05-23-2017 03:38:31.199,DEBUG,0F0DF7DAE7CA8E817C7D7F619A9819FD,No SecurityContext was available from the HttpSession: org.apache.catalina.session.StandardSessionFacade@136ae5. A new one will be created.
05-23-2017 03:38:31.199,DEBUG,0F0DF7DAE7CA8E817C7D7F619A9819FD,/login at position 2 of 11 in additional filter chain; firing Filter: 'WebAsyncManagerIntegrationFilter'
05-23-2017 03:38:31.199,DEBUG,0F0DF7DAE7CA8E817C7D7F619A9819FD,/login at position 3 of 11 in additional filter chain; firing Filter: 'LogoutFilter'
05-23-2017 03:38:31.199,DEBUG,0F0DF7DAE7CA8E817C7D7F619A9819FD,Logging out user 'null' and transferring to logout destination
05-23-2017 03:38:31.199,DEBUG,0F0DF7DAE7CA8E817C7D7F619A9819FD,Invalidating session: 806B71AE5509721098CD301B0F421FDB
05-23-2017 03:38:31.199,DEBUG,0F0DF7DAE7CA8E817C7D7F619A9819FD,Using default Url: /
05-23-2017 03:38:31.199,DEBUG,0F0DF7DAE7CA8E817C7D7F619A9819FD,Redirecting to '/ict/'
05-23-2017 03:38:31.199,DEBUG,0F0DF7DAE7CA8E817C7D7F619A9819FD,SecurityContext is empty or contents are anonymous - context will not be stored in HttpSession.
05-23-2017 03:38:31.199,DEBUG,0F0DF7DAE7CA8E817C7D7F619A9819FD,SecurityContextHolder now cleared, as request processing completed
05-23-2017 03:38:31.201,DEBUG,9D65470CE94E848183E2CD0DC2BCA3C4,/ at position 1 of 11 in additional filter chain; firing Filter: 'SecurityContextPersistenceFilter'
05-23-2017 03:38:31.201,DEBUG,9D65470CE94E848183E2CD0DC2BCA3C4,No HttpSession currently exists
05-23-2017 03:38:31.202,DEBUG,9D65470CE94E848183E2CD0DC2BCA3C4,No SecurityContext was available from the HttpSession: null. A new one will be created.
05-23-2017 03:38:31.202,DEBUG,9D65470CE94E848183E2CD0DC2BCA3C4,/ at position 2 of 11 in additional filter chain; firing Filter: 'WebAsyncManagerIntegrationFilter'
05-23-2017 03:38:31.202,DEBUG,9D65470CE94E848183E2CD0DC2BCA3C4,/ at position 3 of 11 in additional filter chain; firing Filter: 'LogoutFilter'
05-23-2017 03:38:31.202,DEBUG,9D65470CE94E848183E2CD0DC2BCA3C4,/ at position 4 of 11 in additional filter chain; firing Filter: 'UsernamePasswordAuthenticationFilter'
05-23-2017 03:38:31.202,DEBUG,9D65470CE94E848183E2CD0DC2BCA3C4,/ at position 5 of 11 in additional filter chain; firing Filter: 'BasicAuthenticationFilter'
05-23-2017 03:38:31.202,DEBUG,9D65470CE94E848183E2CD0DC2BCA3C4,/ at position 6 of 11 in additional filter chain; firing Filter: 'RequestCacheAwareFilter'
05-23-2017 03:38:31.202,DEBUG,9D65470CE94E848183E2CD0DC2BCA3C4,/ at position 7 of 11 in additional filter chain; firing Filter: 'SecurityContextHolderAwareRequestFilter'
05-23-2017 03:38:31.202,DEBUG,9D65470CE94E848183E2CD0DC2BCA3C4,/ at position 8 of 11 in additional filter chain; firing Filter: 'AnonymousAuthenticationFilter'
05-23-2017 03:38:31.202,DEBUG,9D65470CE94E848183E2CD0DC2BCA3C4,Populated SecurityContextHolder with anonymous token: 'org.springframework.security.authentication.AnonymousAuthenticationToken@9055c2bc: Principal: anonymousUser; Credentials: [PROTECTED]; Authenticated: true; Details: org.springframework.security.web.authentication.WebAuthenticationDetails@b364: RemoteIpAddress: 0:0:0:0:0:0:0:1; SessionId: null; Granted Authorities: ROLE_ANONYMOUS'
05-23-2017 03:38:31.202,DEBUG,9D65470CE94E848183E2CD0DC2BCA3C4,/ at position 9 of 11 in additional filter chain; firing Filter: 'SessionManagementFilter'
05-23-2017 03:38:31.202,DEBUG,9D65470CE94E848183E2CD0DC2BCA3C4,Requested session ID 806B71AE5509721098CD301B0F421FDB is invalid.
05-23-2017 03:38:31.202,DEBUG,9D65470CE94E848183E2CD0DC2BCA3C4,/ at position 10 of 11 in additional filter chain; firing Filter: 'ExceptionTranslationFilter'
05-23-2017 03:38:31.203,DEBUG,9D65470CE94E848183E2CD0DC2BCA3C4,/ at position 11 of 11 in additional filter chain; firing Filter: 'FilterSecurityInterceptor'
05-23-2017 03:38:31.203,DEBUG,9D65470CE94E848183E2CD0DC2BCA3C4,Checking match of request : '/'; against '/autherror*'
05-23-2017 03:38:31.203,DEBUG,9D65470CE94E848183E2CD0DC2BCA3C4,Checking match of request : '/'; against '/login/**'
05-23-2017 03:38:31.203,DEBUG,9D65470CE94E848183E2CD0DC2BCA3C4,Checking match of request : '/'; against '/error/**'
05-23-2017 03:38:31.203,DEBUG,9D65470CE94E848183E2CD0DC2BCA3C4,Checking match of request : '/'; against '/0001/**'
05-23-2017 03:38:31.203,DEBUG,9D65470CE94E848183E2CD0DC2BCA3C4,Checking match of request : '/'; against '/0002/**'
05-23-2017 03:38:31.203,DEBUG,9D65470CE94E848183E2CD0DC2BCA3C4,Checking match of request : '/'; against '/0003/**'
05-23-2017 03:38:31.203,DEBUG,9D65470CE94E848183E2CD0DC2BCA3C4,Checking match of request : '/'; against '/0005/**'
05-23-2017 03:38:31.203,DEBUG,9D65470CE94E848183E2CD0DC2BCA3C4,Checking match of request : '/'; against '/0007/**'
05-23-2017 03:38:31.203,DEBUG,9D65470CE94E848183E2CD0DC2BCA3C4,Checking match of request : '/'; against '/0009/**'
05-23-2017 03:38:31.203,DEBUG,9D65470CE94E848183E2CD0DC2BCA3C4,Checking match of request : '/'; against '/0013/**'
05-23-2017 03:38:31.203,DEBUG,9D65470CE94E848183E2CD0DC2BCA3C4,Checking match of request : '/'; against '/0023/**'
05-23-2017 03:38:31.203,DEBUG,9D65470CE94E848183E2CD0DC2BCA3C4,Checking match of request : '/'; against '/0017/**'
05-23-2017 03:38:31.203,DEBUG,9D65470CE94E848183E2CD0DC2BCA3C4,Checking match of request : '/'; against '/0031/**'
05-23-2017 03:38:31.203,DEBUG,9D65470CE94E848183E2CD0DC2BCA3C4,Checking match of request : '/'; against '/0035/**'
05-23-2017 03:38:31.203,DEBUG,9D65470CE94E848183E2CD0DC2BCA3C4,Checking match of request : '/'; against '/0037/**'
05-23-2017 03:38:31.203,DEBUG,9D65470CE94E848183E2CD0DC2BCA3C4,Checking match of request : '/'; against '/0045/**'
05-23-2017 03:38:31.203,DEBUG,9D65470CE94E848183E2CD0DC2BCA3C4,Checking match of request : '/'; against '/0047/**'
05-23-2017 03:38:31.203,DEBUG,9D65470CE94E848183E2CD0DC2BCA3C4,Checking match of request : '/'; against '/0049/**'
05-23-2017 03:38:31.203,DEBUG,9D65470CE94E848183E2CD0DC2BCA3C4,Checking match of request : '/'; against '/0061/**'
05-23-2017 03:38:31.203,DEBUG,9D65470CE94E848183E2CD0DC2BCA3C4,Checking match of request : '/'; against '/0087/**'
05-23-2017 03:38:31.203,DEBUG,9D65470CE94E848183E2CD0DC2BCA3C4,Checking match of request : '/'; against '/0075/**'
05-23-2017 03:38:31.203,DEBUG,9D65470CE94E848183E2CD0DC2BCA3C4,Checking match of request : '/'; against '/0089/**'
05-23-2017 03:38:31.203,DEBUG,9D65470CE94E848183E2CD0DC2BCA3C4,Checking match of request : '/'; against '/0090/**'
05-23-2017 03:38:31.203,DEBUG,9D65470CE94E848183E2CD0DC2BCA3C4,Checking match of request : '/'; against '/0091/**'
05-23-2017 03:38:31.203,DEBUG,9D65470CE94E848183E2CD0DC2BCA3C4,Checking match of request : '/'; against '/0092/**'
05-23-2017 03:38:31.203,DEBUG,9D65470CE94E848183E2CD0DC2BCA3C4,Checking match of request : '/'; against '/0095/**'
05-23-2017 03:38:31.203,DEBUG,9D65470CE94E848183E2CD0DC2BCA3C4,Secure object: FilterInvocation: URL: /; Attributes: [IS_AUTHENTICATED_ANONYMOUSLY]
05-23-2017 03:38:31.203,DEBUG,9D65470CE94E848183E2CD0DC2BCA3C4,Previously Authenticated: org.springframework.security.authentication.AnonymousAuthenticationToken@9055c2bc: Principal: anonymousUser; Credentials: [PROTECTED]; Authenticated: true; Details: org.springframework.security.web.authentication.WebAuthenticationDetails@b364: RemoteIpAddress: 0:0:0:0:0:0:0:1; SessionId: null; Granted Authorities: ROLE_ANONYMOUS
05-23-2017 03:38:31.203,DEBUG,9D65470CE94E848183E2CD0DC2BCA3C4,Voter: org.springframework.security.access.vote.RoleVoter@1ac872d, returned: 0
05-23-2017 03:38:31.203,DEBUG,9D65470CE94E848183E2CD0DC2BCA3C4,Voter: org.springframework.security.access.vote.AuthenticatedVoter@b1927d, returned: 1
05-23-2017 03:38:31.204,DEBUG,9D65470CE94E848183E2CD0DC2BCA3C4,Authorization successful
05-23-2017 03:38:31.204,DEBUG,9D65470CE94E848183E2CD0DC2BCA3C4,RunAsManager did not change Authentication object
05-23-2017 03:38:31.204,DEBUG,9D65470CE94E848183E2CD0DC2BCA3C4,/ reached end of additional filter chain; proceeding with original chain
05-23-2017 03:38:31.204,DEBUG,9D65470CE94E848183E2CD0DC2BCA3C4,Request [/ict/] is not a multipart request
05-23-2017 03:38:31.204,DEBUG,E2B200CF18E6F2ACFF42AF839F1785E1,DispatcherServlet with name 'appServlet' processing GET request for [/ict/]
05-23-2017 03:38:31.204,DEBUG,E2B200CF18E6F2ACFF42AF839F1785E1,Looking up handler method for path /
05-23-2017 03:38:31.204,DEBUG,E2B200CF18E6F2ACFF42AF839F1785E1,Returning handler method [public java.lang.String vn.bananavietnam.ict.common.controller.AuthController.login()]
05-23-2017 03:38:31.204,DEBUG,E2B200CF18E6F2ACFF42AF839F1785E1,Returning cached instance of singleton bean 'authController'
05-23-2017 03:38:31.204,DEBUG,E2B200CF18E6F2ACFF42AF839F1785E1,Last-Modified value for [/ict/] is: -1
05-23-2017 03:38:31.204,DEBUG,E2B200CF18E6F2ACFF42AF839F1785E1,Returning cached instance of singleton bean 'xml_path'
05-23-2017 03:38:31.205,DEBUG,E2B200CF18E6F2ACFF42AF839F1785E1,Rendering view [org.springframework.web.servlet.view.JstlView: name 'common/PageWrapper'; URL [/WEB-INF/views/common/PageWrapper.jsp]] in DispatcherServlet with name 'appServlet'
05-23-2017 03:38:31.205,DEBUG,E2B200CF18E6F2ACFF42AF839F1785E1,Forwarding to resource [/WEB-INF/views/common/PageWrapper.jsp] in InternalResourceView 'common/PageWrapper'
05-23-2017 03:38:31.205,DEBUG,E2B200CF18E6F2ACFF42AF839F1785E1,SecurityContext is empty or contents are anonymous - context will not be stored in HttpSession.
05-23-2017 03:38:31.205,DEBUG,E2B200CF18E6F2ACFF42AF839F1785E1,Successfully completed request
05-23-2017 03:38:31.206,DEBUG,E2B200CF18E6F2ACFF42AF839F1785E1,Chain processed normally
05-23-2017 03:38:31.206,DEBUG,E2B200CF18E6F2ACFF42AF839F1785E1,SecurityContextHolder now cleared, as request processing completed
05-23-2017 03:38:31.212,DEBUG,D446E9A420E82ABC6C4BFFB2680C13D5,/login/ at position 1 of 11 in additional filter chain; firing Filter: 'SecurityContextPersistenceFilter'
05-23-2017 03:38:31.212,DEBUG,D446E9A420E82ABC6C4BFFB2680C13D5,HttpSession returned null object for SPRING_SECURITY_CONTEXT
05-23-2017 03:38:31.212,DEBUG,D446E9A420E82ABC6C4BFFB2680C13D5,No SecurityContext was available from the HttpSession: org.apache.catalina.session.StandardSessionFacade@117e761. A new one will be created.
05-23-2017 03:38:31.212,DEBUG,D446E9A420E82ABC6C4BFFB2680C13D5,/login/ at position 2 of 11 in additional filter chain; firing Filter: 'WebAsyncManagerIntegrationFilter'
05-23-2017 03:38:31.212,DEBUG,D446E9A420E82ABC6C4BFFB2680C13D5,/login/ at position 3 of 11 in additional filter chain; firing Filter: 'LogoutFilter'
05-23-2017 03:38:31.212,DEBUG,D446E9A420E82ABC6C4BFFB2680C13D5,/login/ at position 4 of 11 in additional filter chain; firing Filter: 'UsernamePasswordAuthenticationFilter'
05-23-2017 03:38:31.212,DEBUG,D446E9A420E82ABC6C4BFFB2680C13D5,/login/ at position 5 of 11 in additional filter chain; firing Filter: 'BasicAuthenticationFilter'
05-23-2017 03:38:31.212,DEBUG,D446E9A420E82ABC6C4BFFB2680C13D5,/login/ at position 6 of 11 in additional filter chain; firing Filter: 'RequestCacheAwareFilter'
05-23-2017 03:38:31.212,DEBUG,D446E9A420E82ABC6C4BFFB2680C13D5,/login/ at position 7 of 11 in additional filter chain; firing Filter: 'SecurityContextHolderAwareRequestFilter'
05-23-2017 03:38:31.212,DEBUG,D446E9A420E82ABC6C4BFFB2680C13D5,/login/ at position 8 of 11 in additional filter chain; firing Filter: 'AnonymousAuthenticationFilter'
05-23-2017 03:38:31.212,DEBUG,D446E9A420E82ABC6C4BFFB2680C13D5,Populated SecurityContextHolder with anonymous token: 'org.springframework.security.authentication.AnonymousAuthenticationToken@6faeba70: Principal: anonymousUser; Credentials: [PROTECTED]; Authenticated: true; Details: org.springframework.security.web.authentication.WebAuthenticationDetails@fffbcba8: RemoteIpAddress: 0:0:0:0:0:0:0:1; SessionId: E2B200CF18E6F2ACFF42AF839F1785E1; Granted Authorities: ROLE_ANONYMOUS'
05-23-2017 03:38:31.213,DEBUG,D446E9A420E82ABC6C4BFFB2680C13D5,/login/ at position 9 of 11 in additional filter chain; firing Filter: 'SessionManagementFilter'
05-23-2017 03:38:31.213,DEBUG,D446E9A420E82ABC6C4BFFB2680C13D5,/login/ at position 10 of 11 in additional filter chain; firing Filter: 'ExceptionTranslationFilter'
05-23-2017 03:38:31.213,DEBUG,D446E9A420E82ABC6C4BFFB2680C13D5,/login/ at position 11 of 11 in additional filter chain; firing Filter: 'FilterSecurityInterceptor'
05-23-2017 03:38:31.213,DEBUG,D446E9A420E82ABC6C4BFFB2680C13D5,Checking match of request : '/login/'; against '/autherror*'
05-23-2017 03:38:31.213,DEBUG,D446E9A420E82ABC6C4BFFB2680C13D5,Checking match of request : '/login/'; against '/login/**'
05-23-2017 03:38:31.213,DEBUG,D446E9A420E82ABC6C4BFFB2680C13D5,Secure object: FilterInvocation: URL: /login/; Attributes: [IS_AUTHENTICATED_ANONYMOUSLY]
05-23-2017 03:38:31.213,DEBUG,D446E9A420E82ABC6C4BFFB2680C13D5,Previously Authenticated: org.springframework.security.authentication.AnonymousAuthenticationToken@6faeba70: Principal: anonymousUser; Credentials: [PROTECTED]; Authenticated: true; Details: org.springframework.security.web.authentication.WebAuthenticationDetails@fffbcba8: RemoteIpAddress: 0:0:0:0:0:0:0:1; SessionId: E2B200CF18E6F2ACFF42AF839F1785E1; Granted Authorities: ROLE_ANONYMOUS
05-23-2017 03:38:31.213,DEBUG,D446E9A420E82ABC6C4BFFB2680C13D5,Voter: org.springframework.security.access.vote.RoleVoter@1ac872d, returned: 0
05-23-2017 03:38:31.213,DEBUG,D446E9A420E82ABC6C4BFFB2680C13D5,Voter: org.springframework.security.access.vote.AuthenticatedVoter@b1927d, returned: 1
05-23-2017 03:38:31.213,DEBUG,D446E9A420E82ABC6C4BFFB2680C13D5,Authorization successful
05-23-2017 03:38:31.213,DEBUG,D446E9A420E82ABC6C4BFFB2680C13D5,RunAsManager did not change Authentication object
05-23-2017 03:38:31.213,DEBUG,D446E9A420E82ABC6C4BFFB2680C13D5,/login/ reached end of additional filter chain; proceeding with original chain
05-23-2017 03:38:31.213,DEBUG,D446E9A420E82ABC6C4BFFB2680C13D5,Request [/ict/login/] is not a multipart request
05-23-2017 03:38:31.213,DEBUG,E2B200CF18E6F2ACFF42AF839F1785E1,DispatcherServlet with name 'appServlet' processing GET request for [/ict/login/]
05-23-2017 03:38:31.213,DEBUG,E2B200CF18E6F2ACFF42AF839F1785E1,Looking up handler method for path /login/
05-23-2017 03:38:31.213,DEBUG,E2B200CF18E6F2ACFF42AF839F1785E1,Returning handler method [public java.lang.String vn.bananavietnam.ict.common.controller.LoginController.top(java.util.Locale,org.springframework.ui.Model)]
05-23-2017 03:38:31.213,DEBUG,E2B200CF18E6F2ACFF42AF839F1785E1,Returning cached instance of singleton bean 'loginController'
05-23-2017 03:38:31.213,DEBUG,E2B200CF18E6F2ACFF42AF839F1785E1,Last-Modified value for [/ict/login/] is: -1
05-23-2017 03:38:31.214,DEBUG,E2B200CF18E6F2ACFF42AF839F1785E1,Returning cached instance of singleton bean 'xml_path'
05-23-2017 03:38:31.214,DEBUG,E2B200CF18E6F2ACFF42AF839F1785E1,Rendering view [org.springframework.web.servlet.view.JstlView: name 'common/login'; URL [/WEB-INF/views/common/login.jsp]] in DispatcherServlet with name 'appServlet'
05-23-2017 03:38:31.214,DEBUG,E2B200CF18E6F2ACFF42AF839F1785E1,Forwarding to resource [/WEB-INF/views/common/login.jsp] in InternalResourceView 'common/login'
05-23-2017 03:38:31.217,DEBUG,E2B200CF18E6F2ACFF42AF839F1785E1,SecurityContext is empty or contents are anonymous - context will not be stored in HttpSession.
05-23-2017 03:38:31.217,DEBUG,E2B200CF18E6F2ACFF42AF839F1785E1,Successfully completed request
05-23-2017 03:38:31.217,DEBUG,E2B200CF18E6F2ACFF42AF839F1785E1,Chain processed normally
05-23-2017 03:38:31.217,DEBUG,E2B200CF18E6F2ACFF42AF839F1785E1,SecurityContextHolder now cleared, as request processing completed
05-23-2017 03:38:38.232,DEBUG,D446E9A420E82ABC6C4BFFB2680C13D5,/?language=en at position 1 of 11 in additional filter chain; firing Filter: 'SecurityContextPersistenceFilter'
05-23-2017 03:38:38.233,DEBUG,D446E9A420E82ABC6C4BFFB2680C13D5,HttpSession returned null object for SPRING_SECURITY_CONTEXT
05-23-2017 03:38:38.233,DEBUG,D446E9A420E82ABC6C4BFFB2680C13D5,No SecurityContext was available from the HttpSession: org.apache.catalina.session.StandardSessionFacade@117e761. A new one will be created.
05-23-2017 03:38:38.233,DEBUG,D446E9A420E82ABC6C4BFFB2680C13D5,/?language=en at position 2 of 11 in additional filter chain; firing Filter: 'WebAsyncManagerIntegrationFilter'
05-23-2017 03:38:38.233,DEBUG,D446E9A420E82ABC6C4BFFB2680C13D5,/?language=en at position 3 of 11 in additional filter chain; firing Filter: 'LogoutFilter'
05-23-2017 03:38:38.233,DEBUG,D446E9A420E82ABC6C4BFFB2680C13D5,/?language=en at position 4 of 11 in additional filter chain; firing Filter: 'UsernamePasswordAuthenticationFilter'
05-23-2017 03:38:38.233,DEBUG,D446E9A420E82ABC6C4BFFB2680C13D5,/?language=en at position 5 of 11 in additional filter chain; firing Filter: 'BasicAuthenticationFilter'
05-23-2017 03:38:38.234,DEBUG,D446E9A420E82ABC6C4BFFB2680C13D5,/?language=en at position 6 of 11 in additional filter chain; firing Filter: 'RequestCacheAwareFilter'
05-23-2017 03:38:38.234,DEBUG,D446E9A420E82ABC6C4BFFB2680C13D5,/?language=en at position 7 of 11 in additional filter chain; firing Filter: 'SecurityContextHolderAwareRequestFilter'
05-23-2017 03:38:38.234,DEBUG,D446E9A420E82ABC6C4BFFB2680C13D5,/?language=en at position 8 of 11 in additional filter chain; firing Filter: 'AnonymousAuthenticationFilter'
05-23-2017 03:38:38.234,DEBUG,D446E9A420E82ABC6C4BFFB2680C13D5,Populated SecurityContextHolder with anonymous token: 'org.springframework.security.authentication.AnonymousAuthenticationToken@6faeba70: Principal: anonymousUser; Credentials: [PROTECTED]; Authenticated: true; Details: org.springframework.security.web.authentication.WebAuthenticationDetails@fffbcba8: RemoteIpAddress: 0:0:0:0:0:0:0:1; SessionId: E2B200CF18E6F2ACFF42AF839F1785E1; Granted Authorities: ROLE_ANONYMOUS'
05-23-2017 03:38:38.234,DEBUG,D446E9A420E82ABC6C4BFFB2680C13D5,/?language=en at position 9 of 11 in additional filter chain; firing Filter: 'SessionManagementFilter'
05-23-2017 03:38:38.234,DEBUG,D446E9A420E82ABC6C4BFFB2680C13D5,/?language=en at position 10 of 11 in additional filter chain; firing Filter: 'ExceptionTranslationFilter'
05-23-2017 03:38:38.234,DEBUG,D446E9A420E82ABC6C4BFFB2680C13D5,/?language=en at position 11 of 11 in additional filter chain; firing Filter: 'FilterSecurityInterceptor'
05-23-2017 03:38:38.234,DEBUG,D446E9A420E82ABC6C4BFFB2680C13D5,Checking match of request : '/'; against '/autherror*'
05-23-2017 03:38:38.235,DEBUG,D446E9A420E82ABC6C4BFFB2680C13D5,Checking match of request : '/'; against '/login/**'
05-23-2017 03:38:38.235,DEBUG,D446E9A420E82ABC6C4BFFB2680C13D5,Checking match of request : '/'; against '/error/**'
05-23-2017 03:38:38.235,DEBUG,D446E9A420E82ABC6C4BFFB2680C13D5,Checking match of request : '/'; against '/0001/**'
05-23-2017 03:38:38.235,DEBUG,D446E9A420E82ABC6C4BFFB2680C13D5,Checking match of request : '/'; against '/0002/**'
05-23-2017 03:38:38.235,DEBUG,D446E9A420E82ABC6C4BFFB2680C13D5,Checking match of request : '/'; against '/0003/**'
05-23-2017 03:38:38.235,DEBUG,D446E9A420E82ABC6C4BFFB2680C13D5,Checking match of request : '/'; against '/0005/**'
05-23-2017 03:38:38.235,DEBUG,D446E9A420E82ABC6C4BFFB2680C13D5,Checking match of request : '/'; against '/0007/**'
05-23-2017 03:38:38.235,DEBUG,D446E9A420E82ABC6C4BFFB2680C13D5,Checking match of request : '/'; against '/0009/**'
05-23-2017 03:38:38.235,DEBUG,D446E9A420E82ABC6C4BFFB2680C13D5,Checking match of request : '/'; against '/0013/**'
05-23-2017 03:38:38.235,DEBUG,D446E9A420E82ABC6C4BFFB2680C13D5,Checking match of request : '/'; against '/0023/**'
05-23-2017 03:38:38.235,DEBUG,D446E9A420E82ABC6C4BFFB2680C13D5,Checking match of request : '/'; against '/0017/**'
05-23-2017 03:38:38.235,DEBUG,D446E9A420E82ABC6C4BFFB2680C13D5,Checking match of request : '/'; against '/0031/**'
05-23-2017 03:38:38.235,DEBUG,D446E9A420E82ABC6C4BFFB2680C13D5,Checking match of request : '/'; against '/0035/**'
05-23-2017 03:38:38.235,DEBUG,D446E9A420E82ABC6C4BFFB2680C13D5,Checking match of request : '/'; against '/0037/**'
05-23-2017 03:38:38.235,DEBUG,D446E9A420E82ABC6C4BFFB2680C13D5,Checking match of request : '/'; against '/0045/**'
05-23-2017 03:38:38.235,DEBUG,D446E9A420E82ABC6C4BFFB2680C13D5,Checking match of request : '/'; against '/0047/**'
05-23-2017 03:38:38.236,DEBUG,D446E9A420E82ABC6C4BFFB2680C13D5,Checking match of request : '/'; against '/0049/**'
05-23-2017 03:38:38.236,DEBUG,D446E9A420E82ABC6C4BFFB2680C13D5,Checking match of request : '/'; against '/0061/**'
05-23-2017 03:38:38.236,DEBUG,D446E9A420E82ABC6C4BFFB2680C13D5,Checking match of request : '/'; against '/0087/**'
05-23-2017 03:38:38.236,DEBUG,D446E9A420E82ABC6C4BFFB2680C13D5,Checking match of request : '/'; against '/0075/**'
05-23-2017 03:38:38.236,DEBUG,D446E9A420E82ABC6C4BFFB2680C13D5,Checking match of request : '/'; against '/0089/**'
05-23-2017 03:38:38.236,DEBUG,D446E9A420E82ABC6C4BFFB2680C13D5,Checking match of request : '/'; against '/0090/**'
05-23-2017 03:38:38.236,DEBUG,D446E9A420E82ABC6C4BFFB2680C13D5,Checking match of request : '/'; against '/0091/**'
05-23-2017 03:38:38.236,DEBUG,D446E9A420E82ABC6C4BFFB2680C13D5,Checking match of request : '/'; against '/0092/**'
05-23-2017 03:38:38.236,DEBUG,D446E9A420E82ABC6C4BFFB2680C13D5,Checking match of request : '/'; against '/0095/**'
05-23-2017 03:38:38.236,DEBUG,D446E9A420E82ABC6C4BFFB2680C13D5,Secure object: FilterInvocation: URL: /?language=en; Attributes: [IS_AUTHENTICATED_ANONYMOUSLY]
05-23-2017 03:38:38.237,DEBUG,D446E9A420E82ABC6C4BFFB2680C13D5,Previously Authenticated: org.springframework.security.authentication.AnonymousAuthenticationToken@6faeba70: Principal: anonymousUser; Credentials: [PROTECTED]; Authenticated: true; Details: org.springframework.security.web.authentication.WebAuthenticationDetails@fffbcba8: RemoteIpAddress: 0:0:0:0:0:0:0:1; SessionId: E2B200CF18E6F2ACFF42AF839F1785E1; Granted Authorities: ROLE_ANONYMOUS
05-23-2017 03:38:38.237,DEBUG,D446E9A420E82ABC6C4BFFB2680C13D5,Voter: org.springframework.security.access.vote.RoleVoter@1ac872d, returned: 0
05-23-2017 03:38:38.237,DEBUG,D446E9A420E82ABC6C4BFFB2680C13D5,Voter: org.springframework.security.access.vote.AuthenticatedVoter@b1927d, returned: 1
05-23-2017 03:38:38.237,DEBUG,D446E9A420E82ABC6C4BFFB2680C13D5,Authorization successful
05-23-2017 03:38:38.237,DEBUG,D446E9A420E82ABC6C4BFFB2680C13D5,RunAsManager did not change Authentication object
05-23-2017 03:38:38.237,DEBUG,D446E9A420E82ABC6C4BFFB2680C13D5,/?language=en reached end of additional filter chain; proceeding with original chain
05-23-2017 03:38:38.237,DEBUG,D446E9A420E82ABC6C4BFFB2680C13D5,Request [/ict/] is not a multipart request
05-23-2017 03:38:38.237,DEBUG,E2B200CF18E6F2ACFF42AF839F1785E1,DispatcherServlet with name 'appServlet' processing GET request for [/ict/]
05-23-2017 03:38:38.238,DEBUG,E2B200CF18E6F2ACFF42AF839F1785E1,Looking up handler method for path /
05-23-2017 03:38:38.238,DEBUG,E2B200CF18E6F2ACFF42AF839F1785E1,Returning handler method [public java.lang.String vn.bananavietnam.ict.common.controller.AuthController.login()]
05-23-2017 03:38:38.238,DEBUG,E2B200CF18E6F2ACFF42AF839F1785E1,Returning cached instance of singleton bean 'authController'
05-23-2017 03:38:38.238,DEBUG,E2B200CF18E6F2ACFF42AF839F1785E1,Last-Modified value for [/ict/] is: -1
05-23-2017 03:38:38.239,DEBUG,E2B200CF18E6F2ACFF42AF839F1785E1,Returning cached instance of singleton bean 'xml_path'
05-23-2017 03:38:38.239,DEBUG,E2B200CF18E6F2ACFF42AF839F1785E1,Rendering view [org.springframework.web.servlet.view.JstlView: name 'common/PageWrapper'; URL [/WEB-INF/views/common/PageWrapper.jsp]] in DispatcherServlet with name 'appServlet'
05-23-2017 03:38:38.240,DEBUG,E2B200CF18E6F2ACFF42AF839F1785E1,Forwarding to resource [/WEB-INF/views/common/PageWrapper.jsp] in InternalResourceView 'common/PageWrapper'
05-23-2017 03:38:38.240,DEBUG,E2B200CF18E6F2ACFF42AF839F1785E1,SecurityContext is empty or contents are anonymous - context will not be stored in HttpSession.
05-23-2017 03:38:38.242,DEBUG,E2B200CF18E6F2ACFF42AF839F1785E1,Successfully completed request
05-23-2017 03:38:38.242,DEBUG,E2B200CF18E6F2ACFF42AF839F1785E1,Chain processed normally
05-23-2017 03:38:38.242,DEBUG,E2B200CF18E6F2ACFF42AF839F1785E1,SecurityContextHolder now cleared, as request processing completed
05-23-2017 03:38:38.252,DEBUG,9D65470CE94E848183E2CD0DC2BCA3C4,/login/ at position 1 of 11 in additional filter chain; firing Filter: 'SecurityContextPersistenceFilter'
05-23-2017 03:38:38.252,DEBUG,9D65470CE94E848183E2CD0DC2BCA3C4,HttpSession returned null object for SPRING_SECURITY_CONTEXT
05-23-2017 03:38:38.252,DEBUG,9D65470CE94E848183E2CD0DC2BCA3C4,No SecurityContext was available from the HttpSession: org.apache.catalina.session.StandardSessionFacade@117e761. A new one will be created.
05-23-2017 03:38:38.253,DEBUG,9D65470CE94E848183E2CD0DC2BCA3C4,/login/ at position 2 of 11 in additional filter chain; firing Filter: 'WebAsyncManagerIntegrationFilter'
05-23-2017 03:38:38.253,DEBUG,9D65470CE94E848183E2CD0DC2BCA3C4,/login/ at position 3 of 11 in additional filter chain; firing Filter: 'LogoutFilter'
05-23-2017 03:38:38.253,DEBUG,9D65470CE94E848183E2CD0DC2BCA3C4,/login/ at position 4 of 11 in additional filter chain; firing Filter: 'UsernamePasswordAuthenticationFilter'
05-23-2017 03:38:38.253,DEBUG,9D65470CE94E848183E2CD0DC2BCA3C4,/login/ at position 5 of 11 in additional filter chain; firing Filter: 'BasicAuthenticationFilter'
05-23-2017 03:38:38.253,DEBUG,9D65470CE94E848183E2CD0DC2BCA3C4,/login/ at position 6 of 11 in additional filter chain; firing Filter: 'RequestCacheAwareFilter'
05-23-2017 03:38:38.253,DEBUG,9D65470CE94E848183E2CD0DC2BCA3C4,/login/ at position 7 of 11 in additional filter chain; firing Filter: 'SecurityContextHolderAwareRequestFilter'
05-23-2017 03:38:38.253,DEBUG,9D65470CE94E848183E2CD0DC2BCA3C4,/login/ at position 8 of 11 in additional filter chain; firing Filter: 'AnonymousAuthenticationFilter'
05-23-2017 03:38:38.253,DEBUG,9D65470CE94E848183E2CD0DC2BCA3C4,Populated SecurityContextHolder with anonymous token: 'org.springframework.security.authentication.AnonymousAuthenticationToken@6faeba70: Principal: anonymousUser; Credentials: [PROTECTED]; Authenticated: true; Details: org.springframework.security.web.authentication.WebAuthenticationDetails@fffbcba8: RemoteIpAddress: 0:0:0:0:0:0:0:1; SessionId: E2B200CF18E6F2ACFF42AF839F1785E1; Granted Authorities: ROLE_ANONYMOUS'
05-23-2017 03:38:38.253,DEBUG,9D65470CE94E848183E2CD0DC2BCA3C4,/login/ at position 9 of 11 in additional filter chain; firing Filter: 'SessionManagementFilter'
05-23-2017 03:38:38.254,DEBUG,9D65470CE94E848183E2CD0DC2BCA3C4,/login/ at position 10 of 11 in additional filter chain; firing Filter: 'ExceptionTranslationFilter'
05-23-2017 03:38:38.254,DEBUG,9D65470CE94E848183E2CD0DC2BCA3C4,/login/ at position 11 of 11 in additional filter chain; firing Filter: 'FilterSecurityInterceptor'
05-23-2017 03:38:38.254,DEBUG,9D65470CE94E848183E2CD0DC2BCA3C4,Checking match of request : '/login/'; against '/autherror*'
05-23-2017 03:38:38.254,DEBUG,9D65470CE94E848183E2CD0DC2BCA3C4,Checking match of request : '/login/'; against '/login/**'
05-23-2017 03:38:38.254,DEBUG,9D65470CE94E848183E2CD0DC2BCA3C4,Secure object: FilterInvocation: URL: /login/; Attributes: [IS_AUTHENTICATED_ANONYMOUSLY]
05-23-2017 03:38:38.254,DEBUG,9D65470CE94E848183E2CD0DC2BCA3C4,Previously Authenticated: org.springframework.security.authentication.AnonymousAuthenticationToken@6faeba70: Principal: anonymousUser; Credentials: [PROTECTED]; Authenticated: true; Details: org.springframework.security.web.authentication.WebAuthenticationDetails@fffbcba8: RemoteIpAddress: 0:0:0:0:0:0:0:1; SessionId: E2B200CF18E6F2ACFF42AF839F1785E1; Granted Authorities: ROLE_ANONYMOUS
05-23-2017 03:38:38.254,DEBUG,9D65470CE94E848183E2CD0DC2BCA3C4,Voter: org.springframework.security.access.vote.RoleVoter@1ac872d, returned: 0
05-23-2017 03:38:38.254,DEBUG,9D65470CE94E848183E2CD0DC2BCA3C4,Voter: org.springframework.security.access.vote.AuthenticatedVoter@b1927d, returned: 1
05-23-2017 03:38:38.254,DEBUG,9D65470CE94E848183E2CD0DC2BCA3C4,Authorization successful
05-23-2017 03:38:38.254,DEBUG,9D65470CE94E848183E2CD0DC2BCA3C4,RunAsManager did not change Authentication object
05-23-2017 03:38:38.254,DEBUG,9D65470CE94E848183E2CD0DC2BCA3C4,/login/ reached end of additional filter chain; proceeding with original chain
05-23-2017 03:38:38.255,DEBUG,9D65470CE94E848183E2CD0DC2BCA3C4,Request [/ict/login/] is not a multipart request
05-23-2017 03:38:38.255,DEBUG,E2B200CF18E6F2ACFF42AF839F1785E1,DispatcherServlet with name 'appServlet' processing GET request for [/ict/login/]
05-23-2017 03:38:38.255,DEBUG,E2B200CF18E6F2ACFF42AF839F1785E1,Looking up handler method for path /login/
05-23-2017 03:38:38.255,DEBUG,E2B200CF18E6F2ACFF42AF839F1785E1,Returning handler method [public java.lang.String vn.bananavietnam.ict.common.controller.LoginController.top(java.util.Locale,org.springframework.ui.Model)]
05-23-2017 03:38:38.255,DEBUG,E2B200CF18E6F2ACFF42AF839F1785E1,Returning cached instance of singleton bean 'loginController'
05-23-2017 03:38:38.255,DEBUG,E2B200CF18E6F2ACFF42AF839F1785E1,Last-Modified value for [/ict/login/] is: -1
05-23-2017 03:38:38.256,DEBUG,E2B200CF18E6F2ACFF42AF839F1785E1,Returning cached instance of singleton bean 'xml_path'
05-23-2017 03:38:38.257,DEBUG,E2B200CF18E6F2ACFF42AF839F1785E1,Rendering view [org.springframework.web.servlet.view.JstlView: name 'common/login'; URL [/WEB-INF/views/common/login.jsp]] in DispatcherServlet with name 'appServlet'
05-23-2017 03:38:38.257,DEBUG,E2B200CF18E6F2ACFF42AF839F1785E1,Forwarding to resource [/WEB-INF/views/common/login.jsp] in InternalResourceView 'common/login'
05-23-2017 03:38:38.262,DEBUG,E2B200CF18E6F2ACFF42AF839F1785E1,SecurityContext is empty or contents are anonymous - context will not be stored in HttpSession.
05-23-2017 03:38:38.262,DEBUG,E2B200CF18E6F2ACFF42AF839F1785E1,Successfully completed request
05-23-2017 03:38:38.263,DEBUG,E2B200CF18E6F2ACFF42AF839F1785E1,Chain processed normally
05-23-2017 03:38:38.263,DEBUG,E2B200CF18E6F2ACFF42AF839F1785E1,SecurityContextHolder now cleared, as request processing completed
05-23-2017 03:38:43.217,DEBUG,9D65470CE94E848183E2CD0DC2BCA3C4,/j_spring_security_check at position 1 of 11 in additional filter chain; firing Filter: 'SecurityContextPersistenceFilter'
05-23-2017 03:38:43.217,DEBUG,9D65470CE94E848183E2CD0DC2BCA3C4,HttpSession returned null object for SPRING_SECURITY_CONTEXT
05-23-2017 03:38:43.217,DEBUG,9D65470CE94E848183E2CD0DC2BCA3C4,No SecurityContext was available from the HttpSession: org.apache.catalina.session.StandardSessionFacade@117e761. A new one will be created.
05-23-2017 03:38:43.217,DEBUG,9D65470CE94E848183E2CD0DC2BCA3C4,/j_spring_security_check at position 2 of 11 in additional filter chain; firing Filter: 'WebAsyncManagerIntegrationFilter'
05-23-2017 03:38:43.217,DEBUG,9D65470CE94E848183E2CD0DC2BCA3C4,/j_spring_security_check at position 3 of 11 in additional filter chain; firing Filter: 'LogoutFilter'
05-23-2017 03:38:43.217,DEBUG,9D65470CE94E848183E2CD0DC2BCA3C4,/j_spring_security_check at position 4 of 11 in additional filter chain; firing Filter: 'UsernamePasswordAuthenticationFilter'
05-23-2017 03:38:43.217,DEBUG,9D65470CE94E848183E2CD0DC2BCA3C4,Request is to process authentication
05-23-2017 03:38:43.217,DEBUG,9D65470CE94E848183E2CD0DC2BCA3C4,Authentication attempt using org.springframework.security.authentication.dao.DaoAuthenticationProvider
05-23-2017 03:38:43.217,DEBUG,9D65470CE94E848183E2CD0DC2BCA3C4,Executing prepared SQL query
05-23-2017 03:38:43.217,DEBUG,9D65470CE94E848183E2CD0DC2BCA3C4,Executing prepared SQL statement [select users_authorization.usersId as id,                users_authorization.usersName as username,                      users_authorization.usersPassword as password,                      users_authorization.usersFullName as userfullname,                      1 as enabled,                      CASE                       WHEN users_authorization.authorizationTypeId IS NULL THEN '0'                          ELSE users_authorization.authorizationTypeId                      END as roleid,                      CASE                 WHEN access.SCREEN_DISPLAY_ENABLE_FLAG IS NULL THEN '0'                 ELSE access.SCREEN_DISPLAY_ENABLE_FLAG                END as roledisplay,                      CASE                 WHEN access.ADDABLE_FLAG IS NULL THEN '0'                 ELSE access.ADDABLE_FLAG                END as roleadd,                      CASE                 WHEN access.UPDATABLE_FLAG IS NULL THEN '0'                 ELSE access.UPDATABLE_FLAG                END as roleupdate,                      CASE                 WHEN access.DELETABLE_FLAG IS NULL THEN '0'                 ELSE access.DELETABLE_FLAG                END as roledelete,                      CASE                 WHEN access.REFERENCE_FLAG IS NULL THEN '0'                 ELSE access.REFERENCE_FLAG                END as rolereference,                       access.SCREEN_ID as screenid              from (select users_manager.usersId,                 users_manager.usersName,                 users_manager.usersPassword,                 users_manager.usersFullName,                 users_manager.authorizationTypeId,                 authorization.AUTHORIZATION_TYPE_NAME authorizationTypeName,                 authorization.ACCESS_AUTHORITY_ID accessAuthorityId               from (select users.USERS_ID usersId,                  users.USERS_ID usersName,                  users.PASSWORD usersPassword,                  users.USERS_NAME usersFullName,                  manager.AUTHORIZATION_TYPE_ID authorizationTypeId                from IVB_M_USERS users                left join IVB_M_MANAGER manager                 on users.USERS_ID = manager.USERS_ID                 and manager.DELETE_FLAG = '0'                where users.USERS_ID = ?                 and users.DELETE_FLAG = '0'                ) users_manager               left join IVB_M_AUTHORIZATION authorization                on users_manager.authorizationTypeId = authorization.AUTHORIZATION_TYPE_ID                   and authorization.DELETE_FLAG = '0'                  ) users_authorization              left join IVB_M_ACCESS_AUTHORIZATION access               on users_authorization.accessAuthorityId = access.ACCESS_AUTHORITY_ID                  and access.DELETE_FLAG = '0']
05-23-2017 03:38:43.217,DEBUG,9D65470CE94E848183E2CD0DC2BCA3C4,Fetching JDBC Connection from DataSource
05-23-2017 03:38:43.217,DEBUG,9D65470CE94E848183E2CD0DC2BCA3C4,Creating new JDBC DriverManager Connection to [jdbc:mysql://172.16.0.175:3306/BANANA_DB_HUNG_SELENIUM?useUnicode=yes&characterEncoding=UTF-8&autoReconnect=true]
05-23-2017 03:38:43.244,DEBUG,9D65470CE94E848183E2CD0DC2BCA3C4,Returning JDBC Connection to DataSource
05-23-2017 03:38:43.245,DEBUG,9D65470CE94E848183E2CD0DC2BCA3C4,Executing prepared SQL query
05-23-2017 03:38:43.245,DEBUG,9D65470CE94E848183E2CD0DC2BCA3C4,Executing prepared SQL statement [select distinct users.USERS_ID,                  CASE                   WHEN manager.AUTHORIZATION_TYPE_ID IS NULL THEN '0'                   ELSE manager.AUTHORIZATION_TYPE_ID                  END as AUTHORIZATION_TYPE_ID               from IVB_M_USERS users               left join IVB_M_MANAGER manager                on users.USERS_ID = manager.USERS_ID                and manager.DELETE_FLAG = '0'               where users.USERS_ID = ?                and users.DELETE_FLAG = '0']
05-23-2017 03:38:43.245,DEBUG,9D65470CE94E848183E2CD0DC2BCA3C4,Fetching JDBC Connection from DataSource
05-23-2017 03:38:43.245,DEBUG,9D65470CE94E848183E2CD0DC2BCA3C4,Creating new JDBC DriverManager Connection to [jdbc:mysql://172.16.0.175:3306/BANANA_DB_HUNG_SELENIUM?useUnicode=yes&characterEncoding=UTF-8&autoReconnect=true]
05-23-2017 03:38:43.273,DEBUG,9D65470CE94E848183E2CD0DC2BCA3C4,Returning JDBC Connection to DataSource
05-23-2017 03:38:43.273,DEBUG,9D65470CE94E848183E2CD0DC2BCA3C4,Delegating to org.springframework.security.web.authentication.session.ChangeSessionIdAuthenticationStrategy@99fddf
05-23-2017 03:38:43.273,DEBUG,9D65470CE94E848183E2CD0DC2BCA3C4,Authentication success. Updating SecurityContextHolder to contain: org.springframework.security.authentication.UsernamePasswordAuthenticationToken@c4944c4b: Principal: vn.bananavietnam.ict.common.auth.MyUser@c4907816: Username: U0000000001; Password: [PROTECTED]; Enabled: true; AccountNonExpired: true; credentialsNonExpired: true; AccountNonLocked: true; Granted Authorities: 1; Credentials: [PROTECTED]; Authenticated: true; Details: org.springframework.security.web.authentication.WebAuthenticationDetails@fffbcba8: RemoteIpAddress: 0:0:0:0:0:0:0:1; SessionId: E2B200CF18E6F2ACFF42AF839F1785E1; Granted Authorities: 1
05-23-2017 03:38:43.273,DEBUG,9D65470CE94E848183E2CD0DC2BCA3C4,SecurityContext stored to HttpSession: 'org.springframework.security.core.context.SecurityContextImpl@c4944c4b: Authentication: org.springframework.security.authentication.UsernamePasswordAuthenticationToken@c4944c4b: Principal: vn.bananavietnam.ict.common.auth.MyUser@c4907816: Username: U0000000001; Password: [PROTECTED]; Enabled: true; AccountNonExpired: true; credentialsNonExpired: true; AccountNonLocked: true; Granted Authorities: 1; Credentials: [PROTECTED]; Authenticated: true; Details: org.springframework.security.web.authentication.WebAuthenticationDetails@fffbcba8: RemoteIpAddress: 0:0:0:0:0:0:0:1; SessionId: E2B200CF18E6F2ACFF42AF839F1785E1; Granted Authorities: 1'
05-23-2017 03:38:43.273,DEBUG,9D65470CE94E848183E2CD0DC2BCA3C4,SecurityContextHolder now cleared, as request processing completed
05-23-2017 03:38:43.280,DEBUG,9D65470CE94E848183E2CD0DC2BCA3C4,/0001/ at position 1 of 11 in additional filter chain; firing Filter: 'SecurityContextPersistenceFilter'
05-23-2017 03:38:43.280,DEBUG,9D65470CE94E848183E2CD0DC2BCA3C4,Obtained a valid SecurityContext from SPRING_SECURITY_CONTEXT: 'org.springframework.security.core.context.SecurityContextImpl@c4944c4b: Authentication: org.springframework.security.authentication.UsernamePasswordAuthenticationToken@c4944c4b: Principal: vn.bananavietnam.ict.common.auth.MyUser@c4907816: Username: U0000000001; Password: [PROTECTED]; Enabled: true; AccountNonExpired: true; credentialsNonExpired: true; AccountNonLocked: true; Granted Authorities: 1; Credentials: [PROTECTED]; Authenticated: true; Details: org.springframework.security.web.authentication.WebAuthenticationDetails@fffbcba8: RemoteIpAddress: 0:0:0:0:0:0:0:1; SessionId: E2B200CF18E6F2ACFF42AF839F1785E1; Granted Authorities: 1'
05-23-2017 03:38:43.281,DEBUG,9D65470CE94E848183E2CD0DC2BCA3C4,/0001/ at position 2 of 11 in additional filter chain; firing Filter: 'WebAsyncManagerIntegrationFilter'
05-23-2017 03:38:43.281,DEBUG,9D65470CE94E848183E2CD0DC2BCA3C4,/0001/ at position 3 of 11 in additional filter chain; firing Filter: 'LogoutFilter'
05-23-2017 03:38:43.281,DEBUG,9D65470CE94E848183E2CD0DC2BCA3C4,/0001/ at position 4 of 11 in additional filter chain; firing Filter: 'UsernamePasswordAuthenticationFilter'
05-23-2017 03:38:43.281,DEBUG,9D65470CE94E848183E2CD0DC2BCA3C4,/0001/ at position 5 of 11 in additional filter chain; firing Filter: 'BasicAuthenticationFilter'
05-23-2017 03:38:43.281,DEBUG,9D65470CE94E848183E2CD0DC2BCA3C4,/0001/ at position 6 of 11 in additional filter chain; firing Filter: 'RequestCacheAwareFilter'
05-23-2017 03:38:43.281,DEBUG,9D65470CE94E848183E2CD0DC2BCA3C4,/0001/ at position 7 of 11 in additional filter chain; firing Filter: 'SecurityContextHolderAwareRequestFilter'
05-23-2017 03:38:43.281,DEBUG,9D65470CE94E848183E2CD0DC2BCA3C4,/0001/ at position 8 of 11 in additional filter chain; firing Filter: 'AnonymousAuthenticationFilter'
05-23-2017 03:38:43.281,DEBUG,9D65470CE94E848183E2CD0DC2BCA3C4,SecurityContextHolder not populated with anonymous token, as it already contained: 'org.springframework.security.authentication.UsernamePasswordAuthenticationToken@c4944c4b: Principal: vn.bananavietnam.ict.common.auth.MyUser@c4907816: Username: U0000000001; Password: [PROTECTED]; Enabled: true; AccountNonExpired: true; credentialsNonExpired: true; AccountNonLocked: true; Granted Authorities: 1; Credentials: [PROTECTED]; Authenticated: true; Details: org.springframework.security.web.authentication.WebAuthenticationDetails@fffbcba8: RemoteIpAddress: 0:0:0:0:0:0:0:1; SessionId: E2B200CF18E6F2ACFF42AF839F1785E1; Granted Authorities: 1'
05-23-2017 03:38:43.281,DEBUG,9D65470CE94E848183E2CD0DC2BCA3C4,/0001/ at position 9 of 11 in additional filter chain; firing Filter: 'SessionManagementFilter'
05-23-2017 03:38:43.281,DEBUG,9D65470CE94E848183E2CD0DC2BCA3C4,/0001/ at position 10 of 11 in additional filter chain; firing Filter: 'ExceptionTranslationFilter'
05-23-2017 03:38:43.281,DEBUG,9D65470CE94E848183E2CD0DC2BCA3C4,/0001/ at position 11 of 11 in additional filter chain; firing Filter: 'FilterSecurityInterceptor'
05-23-2017 03:38:43.281,DEBUG,9D65470CE94E848183E2CD0DC2BCA3C4,Checking match of request : '/0001/'; against '/autherror*'
05-23-2017 03:38:43.281,DEBUG,9D65470CE94E848183E2CD0DC2BCA3C4,Checking match of request : '/0001/'; against '/login/**'
05-23-2017 03:38:43.281,DEBUG,9D65470CE94E848183E2CD0DC2BCA3C4,Checking match of request : '/0001/'; against '/error/**'
05-23-2017 03:38:43.281,DEBUG,9D65470CE94E848183E2CD0DC2BCA3C4,Checking match of request : '/0001/'; against '/0001/**'
05-23-2017 03:38:43.281,DEBUG,9D65470CE94E848183E2CD0DC2BCA3C4,Secure object: FilterInvocation: URL: /0001/; Attributes: [ROLE_ADMIN, ROLE_USER, IS_AUTHENTICATED_FULLY]
05-23-2017 03:38:43.281,DEBUG,9D65470CE94E848183E2CD0DC2BCA3C4,Previously Authenticated: org.springframework.security.authentication.UsernamePasswordAuthenticationToken@c4944c4b: Principal: vn.bananavietnam.ict.common.auth.MyUser@c4907816: Username: U0000000001; Password: [PROTECTED]; Enabled: true; AccountNonExpired: true; credentialsNonExpired: true; AccountNonLocked: true; Granted Authorities: 1; Credentials: [PROTECTED]; Authenticated: true; Details: org.springframework.security.web.authentication.WebAuthenticationDetails@fffbcba8: RemoteIpAddress: 0:0:0:0:0:0:0:1; SessionId: E2B200CF18E6F2ACFF42AF839F1785E1; Granted Authorities: 1
05-23-2017 03:38:43.281,DEBUG,9D65470CE94E848183E2CD0DC2BCA3C4,Voter: org.springframework.security.access.vote.RoleVoter@1ac872d, returned: -1
05-23-2017 03:38:43.281,DEBUG,9D65470CE94E848183E2CD0DC2BCA3C4,Voter: org.springframework.security.access.vote.AuthenticatedVoter@b1927d, returned: 1
05-23-2017 03:38:43.281,DEBUG,9D65470CE94E848183E2CD0DC2BCA3C4,Authorization successful
05-23-2017 03:38:43.281,DEBUG,9D65470CE94E848183E2CD0DC2BCA3C4,RunAsManager did not change Authentication object
05-23-2017 03:38:43.281,DEBUG,9D65470CE94E848183E2CD0DC2BCA3C4,/0001/ reached end of additional filter chain; proceeding with original chain
05-23-2017 03:38:43.281,DEBUG,9D65470CE94E848183E2CD0DC2BCA3C4,Request [/ict/0001/] is not a multipart request
05-23-2017 03:38:43.281,DEBUG,94094B1B0255D69523A35F4FB2E30F41,DispatcherServlet with name 'appServlet' processing GET request for [/ict/0001/]
05-23-2017 03:38:43.282,DEBUG,94094B1B0255D69523A35F4FB2E30F41,Looking up handler method for path /0001/
05-23-2017 03:38:43.282,DEBUG,94094B1B0255D69523A35F4FB2E30F41,Returning handler method [public java.lang.String vn.bananavietnam.ict.banana.controller.Bnn0001BananaMenuController.top(javax.servlet.http.HttpServletRequest,java.util.Locale,org.springframework.ui.Model)]
05-23-2017 03:38:43.282,DEBUG,94094B1B0255D69523A35F4FB2E30F41,Returning cached instance of singleton bean 'bnn0001BananaMenuController'
05-23-2017 03:38:43.282,DEBUG,94094B1B0255D69523A35F4FB2E30F41,Last-Modified value for [/ict/0001/] is: -1
05-23-2017 03:38:43.282,DEBUG,94094B1B0255D69523A35F4FB2E30F41,Returning cached instance of singleton bean 'xml_path'
05-23-2017 03:38:43.285,DEBUG,94094B1B0255D69523A35F4FB2E30F41,Rendering view [org.springframework.web.servlet.view.JstlView: name 'banana/Bnn0001BananaMenu'; URL [/WEB-INF/views/banana/Bnn0001BananaMenu.jsp]] in DispatcherServlet with name 'appServlet'
05-23-2017 03:38:43.285,DEBUG,94094B1B0255D69523A35F4FB2E30F41,Added model object 'resetDate' of type [java.lang.String] to request in view with name 'banana/Bnn0001BananaMenu'
05-23-2017 03:38:43.285,DEBUG,94094B1B0255D69523A35F4FB2E30F41,Added model object 'layoutDate' of type [java.lang.String] to request in view with name 'banana/Bnn0001BananaMenu'
05-23-2017 03:38:43.285,DEBUG,94094B1B0255D69523A35F4FB2E30F41,Added model object 'jqueryUiCssDate' of type [java.lang.String] to request in view with name 'banana/Bnn0001BananaMenu'
05-23-2017 03:38:43.285,DEBUG,94094B1B0255D69523A35F4FB2E30F41,Added model object 'messageHandlerDate' of type [java.lang.String] to request in view with name 'banana/Bnn0001BananaMenu'
05-23-2017 03:38:43.285,DEBUG,94094B1B0255D69523A35F4FB2E30F41,Added model object 'jqueryDate' of type [java.lang.String] to request in view with name 'banana/Bnn0001BananaMenu'
05-23-2017 03:38:43.285,DEBUG,94094B1B0255D69523A35F4FB2E30F41,Added model object 'jqueryUiDate' of type [java.lang.String] to request in view with name 'banana/Bnn0001BananaMenu'
05-23-2017 03:38:43.285,DEBUG,94094B1B0255D69523A35F4FB2E30F41,Added model object 'datepickerDate' of type [java.lang.String] to request in view with name 'banana/Bnn0001BananaMenu'
05-23-2017 03:38:43.285,DEBUG,94094B1B0255D69523A35F4FB2E30F41,Added model object 'inputmaskDate' of type [java.lang.String] to request in view with name 'banana/Bnn0001BananaMenu'
05-23-2017 03:38:43.285,DEBUG,94094B1B0255D69523A35F4FB2E30F41,Added model object 'jqueryInputmaskDate' of type [java.lang.String] to request in view with name 'banana/Bnn0001BananaMenu'
05-23-2017 03:38:43.285,DEBUG,94094B1B0255D69523A35F4FB2E30F41,Added model object 'inputMaskExtDate' of type [java.lang.String] to request in view with name 'banana/Bnn0001BananaMenu'
05-23-2017 03:38:43.285,DEBUG,94094B1B0255D69523A35F4FB2E30F41,Added model object 'calendarDate' of type [java.lang.String] to request in view with name 'banana/Bnn0001BananaMenu'
05-23-2017 03:38:43.285,DEBUG,94094B1B0255D69523A35F4FB2E30F41,Added model object 'messageDate' of type [java.lang.String] to request in view with name 'banana/Bnn0001BananaMenu'
05-23-2017 03:38:43.285,DEBUG,94094B1B0255D69523A35F4FB2E30F41,Added model object 'storageDate' of type [java.lang.String] to request in view with name 'banana/Bnn0001BananaMenu'
05-23-2017 03:38:43.285,DEBUG,94094B1B0255D69523A35F4FB2E30F41,Added model object 'commonDate' of type [java.lang.String] to request in view with name 'banana/Bnn0001BananaMenu'
05-23-2017 03:38:43.285,DEBUG,94094B1B0255D69523A35F4FB2E30F41,Added model object 'bananaMenuCssDate' of type [java.lang.String] to request in view with name 'banana/Bnn0001BananaMenu'
05-23-2017 03:38:43.285,DEBUG,94094B1B0255D69523A35F4FB2E30F41,Added model object 'bananaMenuJsDate' of type [java.lang.String] to request in view with name 'banana/Bnn0001BananaMenu'
05-23-2017 03:38:43.286,DEBUG,94094B1B0255D69523A35F4FB2E30F41,Forwarding to resource [/WEB-INF/views/banana/Bnn0001BananaMenu.jsp] in InternalResourceView 'banana/Bnn0001BananaMenu'
05-23-2017 03:38:43.286,DEBUG,94094B1B0255D69523A35F4FB2E30F41,Render request received for definition 'defaultTemplate'
05-23-2017 03:38:43.288,DEBUG,94094B1B0255D69523A35F4FB2E30F41,Successfully completed request
05-23-2017 03:38:43.288,DEBUG,94094B1B0255D69523A35F4FB2E30F41,Chain processed normally
05-23-2017 03:38:43.288,DEBUG,94094B1B0255D69523A35F4FB2E30F41,SecurityContextHolder now cleared, as request processing completed
05-23-2017 03:38:44.633,DEBUG,9D65470CE94E848183E2CD0DC2BCA3C4,/0089/ at position 1 of 11 in additional filter chain; firing Filter: 'SecurityContextPersistenceFilter'
05-23-2017 03:38:44.633,DEBUG,9D65470CE94E848183E2CD0DC2BCA3C4,Obtained a valid SecurityContext from SPRING_SECURITY_CONTEXT: 'org.springframework.security.core.context.SecurityContextImpl@c4944c4b: Authentication: org.springframework.security.authentication.UsernamePasswordAuthenticationToken@c4944c4b: Principal: vn.bananavietnam.ict.common.auth.MyUser@c4907816: Username: U0000000001; Password: [PROTECTED]; Enabled: true; AccountNonExpired: true; credentialsNonExpired: true; AccountNonLocked: true; Granted Authorities: 1; Credentials: [PROTECTED]; Authenticated: true; Details: org.springframework.security.web.authentication.WebAuthenticationDetails@fffbcba8: RemoteIpAddress: 0:0:0:0:0:0:0:1; SessionId: E2B200CF18E6F2ACFF42AF839F1785E1; Granted Authorities: 1'
05-23-2017 03:38:44.633,DEBUG,9D65470CE94E848183E2CD0DC2BCA3C4,/0089/ at position 2 of 11 in additional filter chain; firing Filter: 'WebAsyncManagerIntegrationFilter'
05-23-2017 03:38:44.633,DEBUG,9D65470CE94E848183E2CD0DC2BCA3C4,/0089/ at position 3 of 11 in additional filter chain; firing Filter: 'LogoutFilter'
05-23-2017 03:38:44.633,DEBUG,9D65470CE94E848183E2CD0DC2BCA3C4,/0089/ at position 4 of 11 in additional filter chain; firing Filter: 'UsernamePasswordAuthenticationFilter'
05-23-2017 03:38:44.634,DEBUG,9D65470CE94E848183E2CD0DC2BCA3C4,/0089/ at position 5 of 11 in additional filter chain; firing Filter: 'BasicAuthenticationFilter'
05-23-2017 03:38:44.634,DEBUG,9D65470CE94E848183E2CD0DC2BCA3C4,/0089/ at position 6 of 11 in additional filter chain; firing Filter: 'RequestCacheAwareFilter'
05-23-2017 03:38:44.634,DEBUG,9D65470CE94E848183E2CD0DC2BCA3C4,/0089/ at position 7 of 11 in additional filter chain; firing Filter: 'SecurityContextHolderAwareRequestFilter'
05-23-2017 03:38:44.634,DEBUG,9D65470CE94E848183E2CD0DC2BCA3C4,/0089/ at position 8 of 11 in additional filter chain; firing Filter: 'AnonymousAuthenticationFilter'
05-23-2017 03:38:44.634,DEBUG,9D65470CE94E848183E2CD0DC2BCA3C4,SecurityContextHolder not populated with anonymous token, as it already contained: 'org.springframework.security.authentication.UsernamePasswordAuthenticationToken@c4944c4b: Principal: vn.bananavietnam.ict.common.auth.MyUser@c4907816: Username: U0000000001; Password: [PROTECTED]; Enabled: true; AccountNonExpired: true; credentialsNonExpired: true; AccountNonLocked: true; Granted Authorities: 1; Credentials: [PROTECTED]; Authenticated: true; Details: org.springframework.security.web.authentication.WebAuthenticationDetails@fffbcba8: RemoteIpAddress: 0:0:0:0:0:0:0:1; SessionId: E2B200CF18E6F2ACFF42AF839F1785E1; Granted Authorities: 1'
05-23-2017 03:38:44.634,DEBUG,9D65470CE94E848183E2CD0DC2BCA3C4,/0089/ at position 9 of 11 in additional filter chain; firing Filter: 'SessionManagementFilter'
05-23-2017 03:38:44.634,DEBUG,9D65470CE94E848183E2CD0DC2BCA3C4,/0089/ at position 10 of 11 in additional filter chain; firing Filter: 'ExceptionTranslationFilter'
05-23-2017 03:38:44.634,DEBUG,9D65470CE94E848183E2CD0DC2BCA3C4,/0089/ at position 11 of 11 in additional filter chain; firing Filter: 'FilterSecurityInterceptor'
05-23-2017 03:38:44.634,DEBUG,9D65470CE94E848183E2CD0DC2BCA3C4,Checking match of request : '/0089/'; against '/autherror*'
05-23-2017 03:38:44.634,DEBUG,9D65470CE94E848183E2CD0DC2BCA3C4,Checking match of request : '/0089/'; against '/login/**'
05-23-2017 03:38:44.634,DEBUG,9D65470CE94E848183E2CD0DC2BCA3C4,Checking match of request : '/0089/'; against '/error/**'
05-23-2017 03:38:44.634,DEBUG,9D65470CE94E848183E2CD0DC2BCA3C4,Checking match of request : '/0089/'; against '/0001/**'
05-23-2017 03:38:44.634,DEBUG,9D65470CE94E848183E2CD0DC2BCA3C4,Checking match of request : '/0089/'; against '/0002/**'
05-23-2017 03:38:44.634,DEBUG,9D65470CE94E848183E2CD0DC2BCA3C4,Checking match of request : '/0089/'; against '/0003/**'
05-23-2017 03:38:44.634,DEBUG,9D65470CE94E848183E2CD0DC2BCA3C4,Checking match of request : '/0089/'; against '/0005/**'
05-23-2017 03:38:44.634,DEBUG,9D65470CE94E848183E2CD0DC2BCA3C4,Checking match of request : '/0089/'; against '/0007/**'
05-23-2017 03:38:44.634,DEBUG,9D65470CE94E848183E2CD0DC2BCA3C4,Checking match of request : '/0089/'; against '/0009/**'
05-23-2017 03:38:44.634,DEBUG,9D65470CE94E848183E2CD0DC2BCA3C4,Checking match of request : '/0089/'; against '/0013/**'
05-23-2017 03:38:44.634,DEBUG,9D65470CE94E848183E2CD0DC2BCA3C4,Checking match of request : '/0089/'; against '/0023/**'
05-23-2017 03:38:44.634,DEBUG,9D65470CE94E848183E2CD0DC2BCA3C4,Checking match of request : '/0089/'; against '/0017/**'
05-23-2017 03:38:44.634,DEBUG,9D65470CE94E848183E2CD0DC2BCA3C4,Checking match of request : '/0089/'; against '/0031/**'
05-23-2017 03:38:44.634,DEBUG,9D65470CE94E848183E2CD0DC2BCA3C4,Checking match of request : '/0089/'; against '/0035/**'
05-23-2017 03:38:44.634,DEBUG,9D65470CE94E848183E2CD0DC2BCA3C4,Checking match of request : '/0089/'; against '/0037/**'
05-23-2017 03:38:44.634,DEBUG,9D65470CE94E848183E2CD0DC2BCA3C4,Checking match of request : '/0089/'; against '/0045/**'
05-23-2017 03:38:44.634,DEBUG,9D65470CE94E848183E2CD0DC2BCA3C4,Checking match of request : '/0089/'; against '/0047/**'
05-23-2017 03:38:44.634,DEBUG,9D65470CE94E848183E2CD0DC2BCA3C4,Checking match of request : '/0089/'; against '/0049/**'
05-23-2017 03:38:44.634,DEBUG,9D65470CE94E848183E2CD0DC2BCA3C4,Checking match of request : '/0089/'; against '/0061/**'
05-23-2017 03:38:44.634,DEBUG,9D65470CE94E848183E2CD0DC2BCA3C4,Checking match of request : '/0089/'; against '/0087/**'
05-23-2017 03:38:44.634,DEBUG,9D65470CE94E848183E2CD0DC2BCA3C4,Checking match of request : '/0089/'; against '/0075/**'
05-23-2017 03:38:44.634,DEBUG,9D65470CE94E848183E2CD0DC2BCA3C4,Checking match of request : '/0089/'; against '/0089/**'
05-23-2017 03:38:44.634,DEBUG,9D65470CE94E848183E2CD0DC2BCA3C4,Secure object: FilterInvocation: URL: /0089/; Attributes: [ROLE_ADMIN, ROLE_USER, IS_AUTHENTICATED_FULLY]
05-23-2017 03:38:44.634,DEBUG,9D65470CE94E848183E2CD0DC2BCA3C4,Previously Authenticated: org.springframework.security.authentication.UsernamePasswordAuthenticationToken@c4944c4b: Principal: vn.bananavietnam.ict.common.auth.MyUser@c4907816: Username: U0000000001; Password: [PROTECTED]; Enabled: true; AccountNonExpired: true; credentialsNonExpired: true; AccountNonLocked: true; Granted Authorities: 1; Credentials: [PROTECTED]; Authenticated: true; Details: org.springframework.security.web.authentication.WebAuthenticationDetails@fffbcba8: RemoteIpAddress: 0:0:0:0:0:0:0:1; SessionId: E2B200CF18E6F2ACFF42AF839F1785E1; Granted Authorities: 1
05-23-2017 03:38:44.634,DEBUG,9D65470CE94E848183E2CD0DC2BCA3C4,Voter: org.springframework.security.access.vote.RoleVoter@1ac872d, returned: -1
05-23-2017 03:38:44.634,DEBUG,9D65470CE94E848183E2CD0DC2BCA3C4,Voter: org.springframework.security.access.vote.AuthenticatedVoter@b1927d, returned: 1
05-23-2017 03:38:44.634,DEBUG,9D65470CE94E848183E2CD0DC2BCA3C4,Authorization successful
05-23-2017 03:38:44.634,DEBUG,9D65470CE94E848183E2CD0DC2BCA3C4,RunAsManager did not change Authentication object
05-23-2017 03:38:44.634,DEBUG,9D65470CE94E848183E2CD0DC2BCA3C4,/0089/ reached end of additional filter chain; proceeding with original chain
05-23-2017 03:38:44.634,DEBUG,9D65470CE94E848183E2CD0DC2BCA3C4,Request [/ict/0089/] is not a multipart request
05-23-2017 03:38:44.634,DEBUG,94094B1B0255D69523A35F4FB2E30F41,DispatcherServlet with name 'appServlet' processing GET request for [/ict/0089/]
05-23-2017 03:38:44.635,DEBUG,94094B1B0255D69523A35F4FB2E30F41,Looking up handler method for path /0089/
05-23-2017 03:38:44.635,DEBUG,94094B1B0255D69523A35F4FB2E30F41,Returning handler method [public java.lang.String vn.bananavietnam.ict.banana.controller.Bnn0089SearchTaskController.top(javax.servlet.http.HttpServletRequest,java.util.Locale,org.springframework.ui.Model)]
05-23-2017 03:38:44.635,DEBUG,94094B1B0255D69523A35F4FB2E30F41,Returning cached instance of singleton bean 'bnn0089SearchTaskController'
05-23-2017 03:38:44.635,DEBUG,94094B1B0255D69523A35F4FB2E30F41,Last-Modified value for [/ict/0089/] is: -1
05-23-2017 03:38:44.635,DEBUG,94094B1B0255D69523A35F4FB2E30F41,Returning cached instance of singleton bean 'xml_path'
05-23-2017 03:38:44.638,DEBUG,94094B1B0255D69523A35F4FB2E30F41,Rendering view [org.springframework.web.servlet.view.JstlView: name 'banana/Bnn0089SearchTask'; URL [/WEB-INF/views/banana/Bnn0089SearchTask.jsp]] in DispatcherServlet with name 'appServlet'
05-23-2017 03:38:44.638,DEBUG,94094B1B0255D69523A35F4FB2E30F41,Added model object 'resetDate' of type [java.lang.String] to request in view with name 'banana/Bnn0089SearchTask'
05-23-2017 03:38:44.638,DEBUG,94094B1B0255D69523A35F4FB2E30F41,Added model object 'layoutDate' of type [java.lang.String] to request in view with name 'banana/Bnn0089SearchTask'
05-23-2017 03:38:44.638,DEBUG,94094B1B0255D69523A35F4FB2E30F41,Added model object 'jqueryUiCssDate' of type [java.lang.String] to request in view with name 'banana/Bnn0089SearchTask'
05-23-2017 03:38:44.638,DEBUG,94094B1B0255D69523A35F4FB2E30F41,Added model object 'messageHandlerDate' of type [java.lang.String] to request in view with name 'banana/Bnn0089SearchTask'
05-23-2017 03:38:44.638,DEBUG,94094B1B0255D69523A35F4FB2E30F41,Added model object 'jqueryDate' of type [java.lang.String] to request in view with name 'banana/Bnn0089SearchTask'
05-23-2017 03:38:44.638,DEBUG,94094B1B0255D69523A35F4FB2E30F41,Added model object 'jqueryUiDate' of type [java.lang.String] to request in view with name 'banana/Bnn0089SearchTask'
05-23-2017 03:38:44.638,DEBUG,94094B1B0255D69523A35F4FB2E30F41,Added model object 'datepickerDate' of type [java.lang.String] to request in view with name 'banana/Bnn0089SearchTask'
05-23-2017 03:38:44.638,DEBUG,94094B1B0255D69523A35F4FB2E30F41,Added model object 'inputmaskDate' of type [java.lang.String] to request in view with name 'banana/Bnn0089SearchTask'
05-23-2017 03:38:44.638,DEBUG,94094B1B0255D69523A35F4FB2E30F41,Added model object 'jqueryInputmaskDate' of type [java.lang.String] to request in view with name 'banana/Bnn0089SearchTask'
05-23-2017 03:38:44.638,DEBUG,94094B1B0255D69523A35F4FB2E30F41,Added model object 'inputMaskExtDate' of type [java.lang.String] to request in view with name 'banana/Bnn0089SearchTask'
05-23-2017 03:38:44.638,DEBUG,94094B1B0255D69523A35F4FB2E30F41,Added model object 'calendarDate' of type [java.lang.String] to request in view with name 'banana/Bnn0089SearchTask'
05-23-2017 03:38:44.638,DEBUG,94094B1B0255D69523A35F4FB2E30F41,Added model object 'messageDate' of type [java.lang.String] to request in view with name 'banana/Bnn0089SearchTask'
05-23-2017 03:38:44.638,DEBUG,94094B1B0255D69523A35F4FB2E30F41,Added model object 'storageDate' of type [java.lang.String] to request in view with name 'banana/Bnn0089SearchTask'
05-23-2017 03:38:44.638,DEBUG,94094B1B0255D69523A35F4FB2E30F41,Added model object 'commonDate' of type [java.lang.String] to request in view with name 'banana/Bnn0089SearchTask'
05-23-2017 03:38:44.638,DEBUG,94094B1B0255D69523A35F4FB2E30F41,Added model object 'searchTaskCssDate' of type [java.lang.String] to request in view with name 'banana/Bnn0089SearchTask'
05-23-2017 03:38:44.638,DEBUG,94094B1B0255D69523A35F4FB2E30F41,Added model object 'searchTaskJsDate' of type [java.lang.String] to request in view with name 'banana/Bnn0089SearchTask'
05-23-2017 03:38:44.639,DEBUG,94094B1B0255D69523A35F4FB2E30F41,Forwarding to resource [/WEB-INF/views/banana/Bnn0089SearchTask.jsp] in InternalResourceView 'banana/Bnn0089SearchTask'
05-23-2017 03:38:44.639,DEBUG,94094B1B0255D69523A35F4FB2E30F41,Render request received for definition 'defaultTemplate'
05-23-2017 03:38:44.641,DEBUG,94094B1B0255D69523A35F4FB2E30F41,Successfully completed request
05-23-2017 03:38:44.641,DEBUG,94094B1B0255D69523A35F4FB2E30F41,Chain processed normally
05-23-2017 03:38:44.641,DEBUG,94094B1B0255D69523A35F4FB2E30F41,SecurityContextHolder now cleared, as request processing completed
05-23-2017 03:38:44.713,DEBUG,9D65470CE94E848183E2CD0DC2BCA3C4,/0089/searchData at position 1 of 11 in additional filter chain; firing Filter: 'SecurityContextPersistenceFilter'
05-23-2017 03:38:44.713,DEBUG,9D65470CE94E848183E2CD0DC2BCA3C4,Obtained a valid SecurityContext from SPRING_SECURITY_CONTEXT: 'org.springframework.security.core.context.SecurityContextImpl@c4944c4b: Authentication: org.springframework.security.authentication.UsernamePasswordAuthenticationToken@c4944c4b: Principal: vn.bananavietnam.ict.common.auth.MyUser@c4907816: Username: U0000000001; Password: [PROTECTED]; Enabled: true; AccountNonExpired: true; credentialsNonExpired: true; AccountNonLocked: true; Granted Authorities: 1; Credentials: [PROTECTED]; Authenticated: true; Details: org.springframework.security.web.authentication.WebAuthenticationDetails@fffbcba8: RemoteIpAddress: 0:0:0:0:0:0:0:1; SessionId: E2B200CF18E6F2ACFF42AF839F1785E1; Granted Authorities: 1'
05-23-2017 03:38:44.713,DEBUG,9D65470CE94E848183E2CD0DC2BCA3C4,/0089/searchData at position 2 of 11 in additional filter chain; firing Filter: 'WebAsyncManagerIntegrationFilter'
05-23-2017 03:38:44.713,DEBUG,9D65470CE94E848183E2CD0DC2BCA3C4,/0089/searchData at position 3 of 11 in additional filter chain; firing Filter: 'LogoutFilter'
05-23-2017 03:38:44.713,DEBUG,9D65470CE94E848183E2CD0DC2BCA3C4,/0089/searchData at position 4 of 11 in additional filter chain; firing Filter: 'UsernamePasswordAuthenticationFilter'
05-23-2017 03:38:44.713,DEBUG,9D65470CE94E848183E2CD0DC2BCA3C4,/0089/searchData at position 5 of 11 in additional filter chain; firing Filter: 'BasicAuthenticationFilter'
05-23-2017 03:38:44.713,DEBUG,9D65470CE94E848183E2CD0DC2BCA3C4,/0089/searchData at position 6 of 11 in additional filter chain; firing Filter: 'RequestCacheAwareFilter'
05-23-2017 03:38:44.713,DEBUG,9D65470CE94E848183E2CD0DC2BCA3C4,/0089/searchData at position 7 of 11 in additional filter chain; firing Filter: 'SecurityContextHolderAwareRequestFilter'
05-23-2017 03:38:44.713,DEBUG,9D65470CE94E848183E2CD0DC2BCA3C4,/0089/searchData at position 8 of 11 in additional filter chain; firing Filter: 'AnonymousAuthenticationFilter'
05-23-2017 03:38:44.713,DEBUG,9D65470CE94E848183E2CD0DC2BCA3C4,SecurityContextHolder not populated with anonymous token, as it already contained: 'org.springframework.security.authentication.UsernamePasswordAuthenticationToken@c4944c4b: Principal: vn.bananavietnam.ict.common.auth.MyUser@c4907816: Username: U0000000001; Password: [PROTECTED]; Enabled: true; AccountNonExpired: true; credentialsNonExpired: true; AccountNonLocked: true; Granted Authorities: 1; Credentials: [PROTECTED]; Authenticated: true; Details: org.springframework.security.web.authentication.WebAuthenticationDetails@fffbcba8: RemoteIpAddress: 0:0:0:0:0:0:0:1; SessionId: E2B200CF18E6F2ACFF42AF839F1785E1; Granted Authorities: 1'
05-23-2017 03:38:44.714,DEBUG,9D65470CE94E848183E2CD0DC2BCA3C4,/0089/searchData at position 9 of 11 in additional filter chain; firing Filter: 'SessionManagementFilter'
05-23-2017 03:38:44.714,DEBUG,9D65470CE94E848183E2CD0DC2BCA3C4,/0089/searchData at position 10 of 11 in additional filter chain; firing Filter: 'ExceptionTranslationFilter'
05-23-2017 03:38:44.714,DEBUG,9D65470CE94E848183E2CD0DC2BCA3C4,/0089/searchData at position 11 of 11 in additional filter chain; firing Filter: 'FilterSecurityInterceptor'
05-23-2017 03:38:44.714,DEBUG,9D65470CE94E848183E2CD0DC2BCA3C4,Checking match of request : '/0089/searchdata'; against '/autherror*'
05-23-2017 03:38:44.714,DEBUG,9D65470CE94E848183E2CD0DC2BCA3C4,Checking match of request : '/0089/searchdata'; against '/login/**'
05-23-2017 03:38:44.714,DEBUG,9D65470CE94E848183E2CD0DC2BCA3C4,Checking match of request : '/0089/searchdata'; against '/error/**'
05-23-2017 03:38:44.714,DEBUG,9D65470CE94E848183E2CD0DC2BCA3C4,Checking match of request : '/0089/searchdata'; against '/0001/**'
05-23-2017 03:38:44.714,DEBUG,9D65470CE94E848183E2CD0DC2BCA3C4,Checking match of request : '/0089/searchdata'; against '/0002/**'
05-23-2017 03:38:44.714,DEBUG,9D65470CE94E848183E2CD0DC2BCA3C4,Checking match of request : '/0089/searchdata'; against '/0003/**'
05-23-2017 03:38:44.714,DEBUG,9D65470CE94E848183E2CD0DC2BCA3C4,Checking match of request : '/0089/searchdata'; against '/0005/**'
05-23-2017 03:38:44.714,DEBUG,9D65470CE94E848183E2CD0DC2BCA3C4,Checking match of request : '/0089/searchdata'; against '/0007/**'
05-23-2017 03:38:44.714,DEBUG,9D65470CE94E848183E2CD0DC2BCA3C4,Checking match of request : '/0089/searchdata'; against '/0009/**'
05-23-2017 03:38:44.714,DEBUG,9D65470CE94E848183E2CD0DC2BCA3C4,Checking match of request : '/0089/searchdata'; against '/0013/**'
05-23-2017 03:38:44.714,DEBUG,9D65470CE94E848183E2CD0DC2BCA3C4,Checking match of request : '/0089/searchdata'; against '/0023/**'
05-23-2017 03:38:44.714,DEBUG,9D65470CE94E848183E2CD0DC2BCA3C4,Checking match of request : '/0089/searchdata'; against '/0017/**'
05-23-2017 03:38:44.714,DEBUG,9D65470CE94E848183E2CD0DC2BCA3C4,Checking match of request : '/0089/searchdata'; against '/0031/**'
05-23-2017 03:38:44.714,DEBUG,9D65470CE94E848183E2CD0DC2BCA3C4,Checking match of request : '/0089/searchdata'; against '/0035/**'
05-23-2017 03:38:44.714,DEBUG,9D65470CE94E848183E2CD0DC2BCA3C4,Checking match of request : '/0089/searchdata'; against '/0037/**'
05-23-2017 03:38:44.714,DEBUG,9D65470CE94E848183E2CD0DC2BCA3C4,Checking match of request : '/0089/searchdata'; against '/0045/**'
05-23-2017 03:38:44.714,DEBUG,9D65470CE94E848183E2CD0DC2BCA3C4,Checking match of request : '/0089/searchdata'; against '/0047/**'
05-23-2017 03:38:44.714,DEBUG,9D65470CE94E848183E2CD0DC2BCA3C4,Checking match of request : '/0089/searchdata'; against '/0049/**'
05-23-2017 03:38:44.714,DEBUG,9D65470CE94E848183E2CD0DC2BCA3C4,Checking match of request : '/0089/searchdata'; against '/0061/**'
05-23-2017 03:38:44.714,DEBUG,9D65470CE94E848183E2CD0DC2BCA3C4,Checking match of request : '/0089/searchdata'; against '/0087/**'
05-23-2017 03:38:44.714,DEBUG,9D65470CE94E848183E2CD0DC2BCA3C4,Checking match of request : '/0089/searchdata'; against '/0075/**'
05-23-2017 03:38:44.714,DEBUG,9D65470CE94E848183E2CD0DC2BCA3C4,Checking match of request : '/0089/searchdata'; against '/0089/**'
05-23-2017 03:38:44.714,DEBUG,9D65470CE94E848183E2CD0DC2BCA3C4,Secure object: FilterInvocation: URL: /0089/searchData; Attributes: [ROLE_ADMIN, ROLE_USER, IS_AUTHENTICATED_FULLY]
05-23-2017 03:38:44.714,DEBUG,9D65470CE94E848183E2CD0DC2BCA3C4,Previously Authenticated: org.springframework.security.authentication.UsernamePasswordAuthenticationToken@c4944c4b: Principal: vn.bananavietnam.ict.common.auth.MyUser@c4907816: Username: U0000000001; Password: [PROTECTED]; Enabled: true; AccountNonExpired: true; credentialsNonExpired: true; AccountNonLocked: true; Granted Authorities: 1; Credentials: [PROTECTED]; Authenticated: true; Details: org.springframework.security.web.authentication.WebAuthenticationDetails@fffbcba8: RemoteIpAddress: 0:0:0:0:0:0:0:1; SessionId: E2B200CF18E6F2ACFF42AF839F1785E1; Granted Authorities: 1
05-23-2017 03:38:44.714,DEBUG,9D65470CE94E848183E2CD0DC2BCA3C4,Voter: org.springframework.security.access.vote.RoleVoter@1ac872d, returned: -1
05-23-2017 03:38:44.714,DEBUG,9D65470CE94E848183E2CD0DC2BCA3C4,Voter: org.springframework.security.access.vote.AuthenticatedVoter@b1927d, returned: 1
05-23-2017 03:38:44.714,DEBUG,9D65470CE94E848183E2CD0DC2BCA3C4,Authorization successful
05-23-2017 03:38:44.714,DEBUG,9D65470CE94E848183E2CD0DC2BCA3C4,RunAsManager did not change Authentication object
05-23-2017 03:38:44.714,DEBUG,9D65470CE94E848183E2CD0DC2BCA3C4,/0089/searchData reached end of additional filter chain; proceeding with original chain
05-23-2017 03:38:44.714,DEBUG,9D65470CE94E848183E2CD0DC2BCA3C4,Request [/ict/0089/searchData] is not a multipart request
05-23-2017 03:38:44.714,DEBUG,94094B1B0255D69523A35F4FB2E30F41,DispatcherServlet with name 'appServlet' processing POST request for [/ict/0089/searchData]
05-23-2017 03:38:44.714,DEBUG,94094B1B0255D69523A35F4FB2E30F41,Looking up handler method for path /0089/searchData
05-23-2017 03:38:44.714,DEBUG,94094B1B0255D69523A35F4FB2E30F41,Returning handler method [public java.util.List<vn.bananavietnam.ict.banana.component.Bnn0089SearchTaskResult> vn.bananavietnam.ict.banana.controller.Bnn0089SearchTaskController.searchData(vn.bananavietnam.ict.banana.component.Bnn0089SearchTaskConditions)]
05-23-2017 03:38:44.715,DEBUG,94094B1B0255D69523A35F4FB2E30F41,Returning cached instance of singleton bean 'bnn0089SearchTaskController'
05-23-2017 03:38:44.715,DEBUG,94094B1B0255D69523A35F4FB2E30F41,Returning cached instance of singleton bean 'xml_path'
05-23-2017 03:38:44.715,DEBUG,94094B1B0255D69523A35F4FB2E30F41,Read [class vn.bananavietnam.ict.banana.component.Bnn0089SearchTaskConditions] as "application/json" with [org.springframework.http.converter.json.MappingJackson2HttpMessageConverter@156f2cc]
05-23-2017 03:38:44.715,INFO ,94094B1B0255D69523A35F4FB2E30F41,U0000000001,vn.bananavietnam.ict.banana.service.Bnn0089SearchTaskService,searchData,[vn.bananavietnam.ict.banana.component.Bnn0089SearchTaskConditions@ca5618] METHOD START
05-23-2017 03:38:44.716,DEBUG,94094B1B0255D69523A35F4FB2E30F41,Returning cached instance of singleton bean 'transactionManager'
05-23-2017 03:38:44.716,INFO ,94094B1B0255D69523A35F4FB2E30F41,U0000000001,Task searching started
05-23-2017 03:38:44.716,DEBUG,94094B1B0255D69523A35F4FB2E30F41,Creating a new SqlSession
05-23-2017 03:38:44.716,DEBUG,94094B1B0255D69523A35F4FB2E30F41,Registering transaction synchronization for SqlSession [org.apache.ibatis.session.defaults.DefaultSqlSession@de23ca]
05-23-2017 03:38:44.716,DEBUG,94094B1B0255D69523A35F4FB2E30F41,Fetching JDBC Connection from DataSource
05-23-2017 03:38:44.716,DEBUG,94094B1B0255D69523A35F4FB2E30F41,Creating new JDBC DriverManager Connection to [jdbc:mysql://172.16.0.175:3306/BANANA_DB_HUNG_SELENIUM?useUnicode=yes&characterEncoding=UTF-8&autoReconnect=true]
05-23-2017 03:38:44.733,DEBUG,94094B1B0255D69523A35F4FB2E30F41,Registering transaction synchronization for JDBC Connection
05-23-2017 03:38:44.733,DEBUG,94094B1B0255D69523A35F4FB2E30F41,JDBC Connection [com.mysql.jdbc.JDBC4Connection@1fbdb4c] will be managed by Spring
05-23-2017 03:38:44.733,DEBUG,94094B1B0255D69523A35F4FB2E30F41,==>  Preparing: SELECT T.TASK_ID taskId, T.TASK_NAME taskName, T.WORKING_DETAILS workingDetails, T.NOTE note, T.QUARANTINE_HANDLING_FLAG quarantineHandlingFlag, T.DELETE_FLAG deleteFlag, T.CHANGE_POINT_CODE changePointCode, T.LAST_UPDATE_DATE lastUpdateDate FROM IVB_M_TASK T WHERE 1 = 1 AND T.DELETE_FLAG = '0' ORDER BY T.TASK_NAME LIMIT ?,? 
05-23-2017 03:38:44.733,DEBUG,94094B1B0255D69523A35F4FB2E30F41,==> Parameters: 0(Integer), 20(Integer)
05-23-2017 03:38:44.736,DEBUG,94094B1B0255D69523A35F4FB2E30F41,<==      Total: 20
05-23-2017 03:38:44.736,DEBUG,94094B1B0255D69523A35F4FB2E30F41,Releasing transactional SqlSession [org.apache.ibatis.session.defaults.DefaultSqlSession@de23ca]
05-23-2017 03:38:44.737,INFO ,94094B1B0255D69523A35F4FB2E30F41,U0000000001,SQL execution finished
05-23-2017 03:38:44.737,DEBUG,94094B1B0255D69523A35F4FB2E30F41,Fetched SqlSession [org.apache.ibatis.session.defaults.DefaultSqlSession@de23ca] from current transaction
05-23-2017 03:38:44.737,DEBUG,94094B1B0255D69523A35F4FB2E30F41,==>  Preparing: SELECT COUNT(*) FROM IVB_M_TASK T WHERE 1 = 1 AND T.DELETE_FLAG = '0' ORDER BY T.TASK_ID 
05-23-2017 03:38:44.737,DEBUG,94094B1B0255D69523A35F4FB2E30F41,==> Parameters: 
05-23-2017 03:38:44.738,DEBUG,94094B1B0255D69523A35F4FB2E30F41,<==      Total: 1
05-23-2017 03:38:44.738,DEBUG,94094B1B0255D69523A35F4FB2E30F41,Releasing transactional SqlSession [org.apache.ibatis.session.defaults.DefaultSqlSession@de23ca]
05-23-2017 03:38:44.738,INFO ,94094B1B0255D69523A35F4FB2E30F41,U0000000001,Task searching finished ==> 43 item(s)
05-23-2017 03:38:44.738,DEBUG,94094B1B0255D69523A35F4FB2E30F41,Transaction synchronization deregistering SqlSession [org.apache.ibatis.session.defaults.DefaultSqlSession@de23ca]
05-23-2017 03:38:44.738,DEBUG,94094B1B0255D69523A35F4FB2E30F41,Transaction synchronization closing SqlSession [org.apache.ibatis.session.defaults.DefaultSqlSession@de23ca]
05-23-2017 03:38:44.738,DEBUG,94094B1B0255D69523A35F4FB2E30F41,Returning JDBC Connection to DataSource
05-23-2017 03:38:44.738,INFO ,94094B1B0255D69523A35F4FB2E30F41,U0000000001,vn.bananavietnam.ict.banana.service.Bnn0089SearchTaskService,searchData,[vn.bananavietnam.ict.banana.component.Bnn0089SearchTaskConditions@ca5618] METHOD END
05-23-2017 03:38:44.739,DEBUG,94094B1B0255D69523A35F4FB2E30F41,Written [[vn.bananavietnam.ict.banana.component.Bnn0089SearchTaskResult@d7ce24, vn.bananavietnam.ict.banana.component.Bnn0089SearchTaskResult@1ec42a7, vn.bananavietnam.ict.banana.component.Bnn0089SearchTaskResult@10be6d4, vn.bananavietnam.ict.banana.component.Bnn0089SearchTaskResult@694fe6, vn.bananavietnam.ict.banana.component.Bnn0089SearchTaskResult@b91aa1, vn.bananavietnam.ict.banana.component.Bnn0089SearchTaskResult@1838a2b, vn.bananavietnam.ict.banana.component.Bnn0089SearchTaskResult@1ccfa89, vn.bananavietnam.ict.banana.component.Bnn0089SearchTaskResult@17c9669, vn.bananavietnam.ict.banana.component.Bnn0089SearchTaskResult@142f975, vn.bananavietnam.ict.banana.component.Bnn0089SearchTaskResult@d5e264, vn.bananavietnam.ict.banana.component.Bnn0089SearchTaskResult@815b05, vn.bananavietnam.ict.banana.component.Bnn0089SearchTaskResult@1275062, vn.bananavietnam.ict.banana.component.Bnn0089SearchTaskResult@1669fa2, vn.bananavietnam.ict.banana.component.Bnn0089SearchTaskResult@9595e8, vn.bananavietnam.ict.banana.component.Bnn0089SearchTaskResult@10b7cc, vn.bananavietnam.ict.banana.component.Bnn0089SearchTaskResult@131402c, vn.bananavietnam.ict.banana.component.Bnn0089SearchTaskResult@e95767, vn.bananavietnam.ict.banana.component.Bnn0089SearchTaskResult@3db347, vn.bananavietnam.ict.banana.component.Bnn0089SearchTaskResult@188dc9b, vn.bananavietnam.ict.banana.component.Bnn0089SearchTaskResult@29d926]] as "application/json;charset=UTF-8" using [org.springframework.http.converter.json.MappingJackson2HttpMessageConverter@156f2cc]
05-23-2017 03:38:44.739,DEBUG,94094B1B0255D69523A35F4FB2E30F41,Null ModelAndView returned to DispatcherServlet with name 'appServlet': assuming HandlerAdapter completed request handling
05-23-2017 03:38:44.739,DEBUG,94094B1B0255D69523A35F4FB2E30F41,Successfully completed request
05-23-2017 03:38:44.739,DEBUG,94094B1B0255D69523A35F4FB2E30F41,Chain processed normally
05-23-2017 03:38:44.740,DEBUG,94094B1B0255D69523A35F4FB2E30F41,SecurityContextHolder now cleared, as request processing completed
05-23-2017 03:38:46.031,DEBUG,9D65470CE94E848183E2CD0DC2BCA3C4,/0089/searchData at position 1 of 11 in additional filter chain; firing Filter: 'SecurityContextPersistenceFilter'
05-23-2017 03:38:46.032,DEBUG,9D65470CE94E848183E2CD0DC2BCA3C4,Obtained a valid SecurityContext from SPRING_SECURITY_CONTEXT: 'org.springframework.security.core.context.SecurityContextImpl@c4944c4b: Authentication: org.springframework.security.authentication.UsernamePasswordAuthenticationToken@c4944c4b: Principal: vn.bananavietnam.ict.common.auth.MyUser@c4907816: Username: U0000000001; Password: [PROTECTED]; Enabled: true; AccountNonExpired: true; credentialsNonExpired: true; AccountNonLocked: true; Granted Authorities: 1; Credentials: [PROTECTED]; Authenticated: true; Details: org.springframework.security.web.authentication.WebAuthenticationDetails@fffbcba8: RemoteIpAddress: 0:0:0:0:0:0:0:1; SessionId: E2B200CF18E6F2ACFF42AF839F1785E1; Granted Authorities: 1'
05-23-2017 03:38:46.032,DEBUG,9D65470CE94E848183E2CD0DC2BCA3C4,/0089/searchData at position 2 of 11 in additional filter chain; firing Filter: 'WebAsyncManagerIntegrationFilter'
05-23-2017 03:38:46.032,DEBUG,9D65470CE94E848183E2CD0DC2BCA3C4,/0089/searchData at position 3 of 11 in additional filter chain; firing Filter: 'LogoutFilter'
05-23-2017 03:38:46.032,DEBUG,9D65470CE94E848183E2CD0DC2BCA3C4,/0089/searchData at position 4 of 11 in additional filter chain; firing Filter: 'UsernamePasswordAuthenticationFilter'
05-23-2017 03:38:46.032,DEBUG,9D65470CE94E848183E2CD0DC2BCA3C4,/0089/searchData at position 5 of 11 in additional filter chain; firing Filter: 'BasicAuthenticationFilter'
05-23-2017 03:38:46.032,DEBUG,9D65470CE94E848183E2CD0DC2BCA3C4,/0089/searchData at position 6 of 11 in additional filter chain; firing Filter: 'RequestCacheAwareFilter'
05-23-2017 03:38:46.032,DEBUG,9D65470CE94E848183E2CD0DC2BCA3C4,/0089/searchData at position 7 of 11 in additional filter chain; firing Filter: 'SecurityContextHolderAwareRequestFilter'
05-23-2017 03:38:46.032,DEBUG,9D65470CE94E848183E2CD0DC2BCA3C4,/0089/searchData at position 8 of 11 in additional filter chain; firing Filter: 'AnonymousAuthenticationFilter'
05-23-2017 03:38:46.032,DEBUG,9D65470CE94E848183E2CD0DC2BCA3C4,SecurityContextHolder not populated with anonymous token, as it already contained: 'org.springframework.security.authentication.UsernamePasswordAuthenticationToken@c4944c4b: Principal: vn.bananavietnam.ict.common.auth.MyUser@c4907816: Username: U0000000001; Password: [PROTECTED]; Enabled: true; AccountNonExpired: true; credentialsNonExpired: true; AccountNonLocked: true; Granted Authorities: 1; Credentials: [PROTECTED]; Authenticated: true; Details: org.springframework.security.web.authentication.WebAuthenticationDetails@fffbcba8: RemoteIpAddress: 0:0:0:0:0:0:0:1; SessionId: E2B200CF18E6F2ACFF42AF839F1785E1; Granted Authorities: 1'
05-23-2017 03:38:46.032,DEBUG,9D65470CE94E848183E2CD0DC2BCA3C4,/0089/searchData at position 9 of 11 in additional filter chain; firing Filter: 'SessionManagementFilter'
05-23-2017 03:38:46.032,DEBUG,9D65470CE94E848183E2CD0DC2BCA3C4,/0089/searchData at position 10 of 11 in additional filter chain; firing Filter: 'ExceptionTranslationFilter'
05-23-2017 03:38:46.032,DEBUG,9D65470CE94E848183E2CD0DC2BCA3C4,/0089/searchData at position 11 of 11 in additional filter chain; firing Filter: 'FilterSecurityInterceptor'
05-23-2017 03:38:46.032,DEBUG,9D65470CE94E848183E2CD0DC2BCA3C4,Checking match of request : '/0089/searchdata'; against '/autherror*'
05-23-2017 03:38:46.032,DEBUG,9D65470CE94E848183E2CD0DC2BCA3C4,Checking match of request : '/0089/searchdata'; against '/login/**'
05-23-2017 03:38:46.032,DEBUG,9D65470CE94E848183E2CD0DC2BCA3C4,Checking match of request : '/0089/searchdata'; against '/error/**'
05-23-2017 03:38:46.032,DEBUG,9D65470CE94E848183E2CD0DC2BCA3C4,Checking match of request : '/0089/searchdata'; against '/0001/**'
05-23-2017 03:38:46.032,DEBUG,9D65470CE94E848183E2CD0DC2BCA3C4,Checking match of request : '/0089/searchdata'; against '/0002/**'
05-23-2017 03:38:46.032,DEBUG,9D65470CE94E848183E2CD0DC2BCA3C4,Checking match of request : '/0089/searchdata'; against '/0003/**'
05-23-2017 03:38:46.032,DEBUG,9D65470CE94E848183E2CD0DC2BCA3C4,Checking match of request : '/0089/searchdata'; against '/0005/**'
05-23-2017 03:38:46.032,DEBUG,9D65470CE94E848183E2CD0DC2BCA3C4,Checking match of request : '/0089/searchdata'; against '/0007/**'
05-23-2017 03:38:46.032,DEBUG,9D65470CE94E848183E2CD0DC2BCA3C4,Checking match of request : '/0089/searchdata'; against '/0009/**'
05-23-2017 03:38:46.032,DEBUG,9D65470CE94E848183E2CD0DC2BCA3C4,Checking match of request : '/0089/searchdata'; against '/0013/**'
05-23-2017 03:38:46.032,DEBUG,9D65470CE94E848183E2CD0DC2BCA3C4,Checking match of request : '/0089/searchdata'; against '/0023/**'
05-23-2017 03:38:46.032,DEBUG,9D65470CE94E848183E2CD0DC2BCA3C4,Checking match of request : '/0089/searchdata'; against '/0017/**'
05-23-2017 03:38:46.032,DEBUG,9D65470CE94E848183E2CD0DC2BCA3C4,Checking match of request : '/0089/searchdata'; against '/0031/**'
05-23-2017 03:38:46.032,DEBUG,9D65470CE94E848183E2CD0DC2BCA3C4,Checking match of request : '/0089/searchdata'; against '/0035/**'
05-23-2017 03:38:46.032,DEBUG,9D65470CE94E848183E2CD0DC2BCA3C4,Checking match of request : '/0089/searchdata'; against '/0037/**'
05-23-2017 03:38:46.032,DEBUG,9D65470CE94E848183E2CD0DC2BCA3C4,Checking match of request : '/0089/searchdata'; against '/0045/**'
05-23-2017 03:38:46.032,DEBUG,9D65470CE94E848183E2CD0DC2BCA3C4,Checking match of request : '/0089/searchdata'; against '/0047/**'
05-23-2017 03:38:46.033,DEBUG,9D65470CE94E848183E2CD0DC2BCA3C4,Checking match of request : '/0089/searchdata'; against '/0049/**'
05-23-2017 03:38:46.033,DEBUG,9D65470CE94E848183E2CD0DC2BCA3C4,Checking match of request : '/0089/searchdata'; against '/0061/**'
05-23-2017 03:38:46.033,DEBUG,9D65470CE94E848183E2CD0DC2BCA3C4,Checking match of request : '/0089/searchdata'; against '/0087/**'
05-23-2017 03:38:46.033,DEBUG,9D65470CE94E848183E2CD0DC2BCA3C4,Checking match of request : '/0089/searchdata'; against '/0075/**'
05-23-2017 03:38:46.033,DEBUG,9D65470CE94E848183E2CD0DC2BCA3C4,Checking match of request : '/0089/searchdata'; against '/0089/**'
05-23-2017 03:38:46.033,DEBUG,9D65470CE94E848183E2CD0DC2BCA3C4,Secure object: FilterInvocation: URL: /0089/searchData; Attributes: [ROLE_ADMIN, ROLE_USER, IS_AUTHENTICATED_FULLY]
05-23-2017 03:38:46.033,DEBUG,9D65470CE94E848183E2CD0DC2BCA3C4,Previously Authenticated: org.springframework.security.authentication.UsernamePasswordAuthenticationToken@c4944c4b: Principal: vn.bananavietnam.ict.common.auth.MyUser@c4907816: Username: U0000000001; Password: [PROTECTED]; Enabled: true; AccountNonExpired: true; credentialsNonExpired: true; AccountNonLocked: true; Granted Authorities: 1; Credentials: [PROTECTED]; Authenticated: true; Details: org.springframework.security.web.authentication.WebAuthenticationDetails@fffbcba8: RemoteIpAddress: 0:0:0:0:0:0:0:1; SessionId: E2B200CF18E6F2ACFF42AF839F1785E1; Granted Authorities: 1
05-23-2017 03:38:46.033,DEBUG,9D65470CE94E848183E2CD0DC2BCA3C4,Voter: org.springframework.security.access.vote.RoleVoter@1ac872d, returned: -1
05-23-2017 03:38:46.033,DEBUG,9D65470CE94E848183E2CD0DC2BCA3C4,Voter: org.springframework.security.access.vote.AuthenticatedVoter@b1927d, returned: 1
05-23-2017 03:38:46.033,DEBUG,9D65470CE94E848183E2CD0DC2BCA3C4,Authorization successful
05-23-2017 03:38:46.033,DEBUG,9D65470CE94E848183E2CD0DC2BCA3C4,RunAsManager did not change Authentication object
05-23-2017 03:38:46.033,DEBUG,9D65470CE94E848183E2CD0DC2BCA3C4,/0089/searchData reached end of additional filter chain; proceeding with original chain
05-23-2017 03:38:46.033,DEBUG,9D65470CE94E848183E2CD0DC2BCA3C4,Request [/ict/0089/searchData] is not a multipart request
05-23-2017 03:38:46.033,DEBUG,94094B1B0255D69523A35F4FB2E30F41,DispatcherServlet with name 'appServlet' processing POST request for [/ict/0089/searchData]
05-23-2017 03:38:46.033,DEBUG,94094B1B0255D69523A35F4FB2E30F41,Looking up handler method for path /0089/searchData
05-23-2017 03:38:46.033,DEBUG,94094B1B0255D69523A35F4FB2E30F41,Returning handler method [public java.util.List<vn.bananavietnam.ict.banana.component.Bnn0089SearchTaskResult> vn.bananavietnam.ict.banana.controller.Bnn0089SearchTaskController.searchData(vn.bananavietnam.ict.banana.component.Bnn0089SearchTaskConditions)]
05-23-2017 03:38:46.033,DEBUG,94094B1B0255D69523A35F4FB2E30F41,Returning cached instance of singleton bean 'bnn0089SearchTaskController'
05-23-2017 03:38:46.033,DEBUG,94094B1B0255D69523A35F4FB2E30F41,Returning cached instance of singleton bean 'xml_path'
05-23-2017 03:38:46.034,DEBUG,94094B1B0255D69523A35F4FB2E30F41,Read [class vn.bananavietnam.ict.banana.component.Bnn0089SearchTaskConditions] as "application/json" with [org.springframework.http.converter.json.MappingJackson2HttpMessageConverter@156f2cc]
05-23-2017 03:38:46.034,INFO ,94094B1B0255D69523A35F4FB2E30F41,U0000000001,vn.bananavietnam.ict.banana.service.Bnn0089SearchTaskService,searchData,[vn.bananavietnam.ict.banana.component.Bnn0089SearchTaskConditions@702ca3] METHOD START
05-23-2017 03:38:46.034,DEBUG,94094B1B0255D69523A35F4FB2E30F41,Returning cached instance of singleton bean 'transactionManager'
05-23-2017 03:38:46.034,INFO ,94094B1B0255D69523A35F4FB2E30F41,U0000000001,Task searching started
05-23-2017 03:38:46.034,DEBUG,94094B1B0255D69523A35F4FB2E30F41,Creating a new SqlSession
05-23-2017 03:38:46.034,DEBUG,94094B1B0255D69523A35F4FB2E30F41,Registering transaction synchronization for SqlSession [org.apache.ibatis.session.defaults.DefaultSqlSession@1a243e5]
05-23-2017 03:38:46.034,DEBUG,94094B1B0255D69523A35F4FB2E30F41,Fetching JDBC Connection from DataSource
05-23-2017 03:38:46.034,DEBUG,94094B1B0255D69523A35F4FB2E30F41,Creating new JDBC DriverManager Connection to [jdbc:mysql://172.16.0.175:3306/BANANA_DB_HUNG_SELENIUM?useUnicode=yes&characterEncoding=UTF-8&autoReconnect=true]
05-23-2017 03:38:46.052,DEBUG,94094B1B0255D69523A35F4FB2E30F41,Registering transaction synchronization for JDBC Connection
05-23-2017 03:38:46.052,DEBUG,94094B1B0255D69523A35F4FB2E30F41,JDBC Connection [com.mysql.jdbc.JDBC4Connection@5a82ae] will be managed by Spring
05-23-2017 03:38:46.052,DEBUG,94094B1B0255D69523A35F4FB2E30F41,==>  Preparing: SELECT T.TASK_ID taskId, T.TASK_NAME taskName, T.WORKING_DETAILS workingDetails, T.NOTE note, T.QUARANTINE_HANDLING_FLAG quarantineHandlingFlag, T.DELETE_FLAG deleteFlag, T.CHANGE_POINT_CODE changePointCode, T.LAST_UPDATE_DATE lastUpdateDate FROM IVB_M_TASK T WHERE 1 = 1 AND T.DELETE_FLAG = '0' ORDER BY T.TASK_NAME LIMIT ?,? 
05-23-2017 03:38:46.052,DEBUG,94094B1B0255D69523A35F4FB2E30F41,==> Parameters: 40(Integer), 20(Integer)
05-23-2017 03:38:46.054,DEBUG,94094B1B0255D69523A35F4FB2E30F41,<==      Total: 3
05-23-2017 03:38:46.054,DEBUG,94094B1B0255D69523A35F4FB2E30F41,Releasing transactional SqlSession [org.apache.ibatis.session.defaults.DefaultSqlSession@1a243e5]
05-23-2017 03:38:46.054,INFO ,94094B1B0255D69523A35F4FB2E30F41,U0000000001,SQL execution finished
05-23-2017 03:38:46.054,DEBUG,94094B1B0255D69523A35F4FB2E30F41,Fetched SqlSession [org.apache.ibatis.session.defaults.DefaultSqlSession@1a243e5] from current transaction
05-23-2017 03:38:46.054,DEBUG,94094B1B0255D69523A35F4FB2E30F41,==>  Preparing: SELECT COUNT(*) FROM IVB_M_TASK T WHERE 1 = 1 AND T.DELETE_FLAG = '0' ORDER BY T.TASK_ID 
05-23-2017 03:38:46.054,DEBUG,94094B1B0255D69523A35F4FB2E30F41,==> Parameters: 
05-23-2017 03:38:46.056,DEBUG,94094B1B0255D69523A35F4FB2E30F41,<==      Total: 1
05-23-2017 03:38:46.056,DEBUG,94094B1B0255D69523A35F4FB2E30F41,Releasing transactional SqlSession [org.apache.ibatis.session.defaults.DefaultSqlSession@1a243e5]
05-23-2017 03:38:46.056,INFO ,94094B1B0255D69523A35F4FB2E30F41,U0000000001,Task searching finished ==> 43 item(s)
05-23-2017 03:38:46.056,DEBUG,94094B1B0255D69523A35F4FB2E30F41,Transaction synchronization deregistering SqlSession [org.apache.ibatis.session.defaults.DefaultSqlSession@1a243e5]
05-23-2017 03:38:46.056,DEBUG,94094B1B0255D69523A35F4FB2E30F41,Transaction synchronization closing SqlSession [org.apache.ibatis.session.defaults.DefaultSqlSession@1a243e5]
05-23-2017 03:38:46.056,DEBUG,94094B1B0255D69523A35F4FB2E30F41,Returning JDBC Connection to DataSource
05-23-2017 03:38:46.056,INFO ,94094B1B0255D69523A35F4FB2E30F41,U0000000001,vn.bananavietnam.ict.banana.service.Bnn0089SearchTaskService,searchData,[vn.bananavietnam.ict.banana.component.Bnn0089SearchTaskConditions@702ca3] METHOD END
05-23-2017 03:38:46.057,DEBUG,94094B1B0255D69523A35F4FB2E30F41,Written [[vn.bananavietnam.ict.banana.component.Bnn0089SearchTaskResult@62c859, vn.bananavietnam.ict.banana.component.Bnn0089SearchTaskResult@18919ea, vn.bananavietnam.ict.banana.component.Bnn0089SearchTaskResult@111373f]] as "application/json;charset=UTF-8" using [org.springframework.http.converter.json.MappingJackson2HttpMessageConverter@156f2cc]
05-23-2017 03:38:46.057,DEBUG,94094B1B0255D69523A35F4FB2E30F41,Null ModelAndView returned to DispatcherServlet with name 'appServlet': assuming HandlerAdapter completed request handling
05-23-2017 03:38:46.057,DEBUG,94094B1B0255D69523A35F4FB2E30F41,Successfully completed request
05-23-2017 03:38:46.057,DEBUG,94094B1B0255D69523A35F4FB2E30F41,Chain processed normally
05-23-2017 03:38:46.057,DEBUG,94094B1B0255D69523A35F4FB2E30F41,SecurityContextHolder now cleared, as request processing completed
