05-23-2017 02:52:11.427,DEBUG,0AF24F5FFB6A7EF058C171C04EC3C7B5,/0089/deleteData at position 1 of 11 in additional filter chain; firing Filter: 'SecurityContextPersistenceFilter'
05-23-2017 02:52:11.427,DEBUG,0AF24F5FFB6A7EF058C171C04EC3C7B5,No HttpSession currently exists
05-23-2017 02:52:11.427,DEBUG,0AF24F5FFB6A7EF058C171C04EC3C7B5,No SecurityContext was available from the HttpSession: null. A new one will be created.
05-23-2017 02:52:11.427,DEBUG,0AF24F5FFB6A7EF058C171C04EC3C7B5,/0089/deleteData at position 2 of 11 in additional filter chain; firing Filter: 'WebAsyncManagerIntegrationFilter'
05-23-2017 02:52:11.427,DEBUG,0AF24F5FFB6A7EF058C171C04EC3C7B5,/0089/deleteData at position 3 of 11 in additional filter chain; firing Filter: 'LogoutFilter'
05-23-2017 02:52:11.427,DEBUG,0AF24F5FFB6A7EF058C171C04EC3C7B5,/0089/deleteData at position 4 of 11 in additional filter chain; firing Filter: 'UsernamePasswordAuthenticationFilter'
05-23-2017 02:52:11.428,DEBUG,0AF24F5FFB6A7EF058C171C04EC3C7B5,/0089/deleteData at position 5 of 11 in additional filter chain; firing Filter: 'BasicAuthenticationFilter'
05-23-2017 02:52:11.428,DEBUG,0AF24F5FFB6A7EF058C171C04EC3C7B5,/0089/deleteData at position 6 of 11 in additional filter chain; firing Filter: 'RequestCacheAwareFilter'
05-23-2017 02:52:11.428,DEBUG,0AF24F5FFB6A7EF058C171C04EC3C7B5,/0089/deleteData at position 7 of 11 in additional filter chain; firing Filter: 'SecurityContextHolderAwareRequestFilter'
05-23-2017 02:52:11.428,DEBUG,0AF24F5FFB6A7EF058C171C04EC3C7B5,/0089/deleteData at position 8 of 11 in additional filter chain; firing Filter: 'AnonymousAuthenticationFilter'
05-23-2017 02:52:11.428,DEBUG,0AF24F5FFB6A7EF058C171C04EC3C7B5,Populated SecurityContextHolder with anonymous token: 'org.springframework.security.authentication.AnonymousAuthenticationToken@9055c2bc: Principal: anonymousUser; Credentials: [PROTECTED]; Authenticated: true; Details: org.springframework.security.web.authentication.WebAuthenticationDetails@b364: RemoteIpAddress: 0:0:0:0:0:0:0:1; SessionId: null; Granted Authorities: ROLE_ANONYMOUS'
05-23-2017 02:52:11.428,DEBUG,0AF24F5FFB6A7EF058C171C04EC3C7B5,/0089/deleteData at position 9 of 11 in additional filter chain; firing Filter: 'SessionManagementFilter'
05-23-2017 02:52:11.428,DEBUG,0AF24F5FFB6A7EF058C171C04EC3C7B5,Requested session ID 0AF24F5FFB6A7EF058C171C04EC3C7B5 is invalid.
05-23-2017 02:52:11.428,DEBUG,0AF24F5FFB6A7EF058C171C04EC3C7B5,/0089/deleteData at position 10 of 11 in additional filter chain; firing Filter: 'ExceptionTranslationFilter'
05-23-2017 02:52:11.428,DEBUG,0AF24F5FFB6A7EF058C171C04EC3C7B5,/0089/deleteData at position 11 of 11 in additional filter chain; firing Filter: 'FilterSecurityInterceptor'
05-23-2017 02:52:11.428,DEBUG,0AF24F5FFB6A7EF058C171C04EC3C7B5,Checking match of request : '/0089/deletedata'; against '/autherror*'
05-23-2017 02:52:11.428,DEBUG,0AF24F5FFB6A7EF058C171C04EC3C7B5,Checking match of request : '/0089/deletedata'; against '/login/**'
05-23-2017 02:52:11.428,DEBUG,0AF24F5FFB6A7EF058C171C04EC3C7B5,Checking match of request : '/0089/deletedata'; against '/error/**'
05-23-2017 02:52:11.428,DEBUG,0AF24F5FFB6A7EF058C171C04EC3C7B5,Checking match of request : '/0089/deletedata'; against '/0001/**'
05-23-2017 02:52:11.428,DEBUG,0AF24F5FFB6A7EF058C171C04EC3C7B5,Checking match of request : '/0089/deletedata'; against '/0002/**'
05-23-2017 02:52:11.428,DEBUG,0AF24F5FFB6A7EF058C171C04EC3C7B5,Checking match of request : '/0089/deletedata'; against '/0003/**'
05-23-2017 02:52:11.428,DEBUG,0AF24F5FFB6A7EF058C171C04EC3C7B5,Checking match of request : '/0089/deletedata'; against '/0005/**'
05-23-2017 02:52:11.428,DEBUG,0AF24F5FFB6A7EF058C171C04EC3C7B5,Checking match of request : '/0089/deletedata'; against '/0007/**'
05-23-2017 02:52:11.428,DEBUG,0AF24F5FFB6A7EF058C171C04EC3C7B5,Checking match of request : '/0089/deletedata'; against '/0009/**'
05-23-2017 02:52:11.428,DEBUG,0AF24F5FFB6A7EF058C171C04EC3C7B5,Checking match of request : '/0089/deletedata'; against '/0013/**'
05-23-2017 02:52:11.428,DEBUG,0AF24F5FFB6A7EF058C171C04EC3C7B5,Checking match of request : '/0089/deletedata'; against '/0023/**'
05-23-2017 02:52:11.428,DEBUG,0AF24F5FFB6A7EF058C171C04EC3C7B5,Checking match of request : '/0089/deletedata'; against '/0017/**'
05-23-2017 02:52:11.428,DEBUG,0AF24F5FFB6A7EF058C171C04EC3C7B5,Checking match of request : '/0089/deletedata'; against '/0031/**'
05-23-2017 02:52:11.428,DEBUG,0AF24F5FFB6A7EF058C171C04EC3C7B5,Checking match of request : '/0089/deletedata'; against '/0035/**'
05-23-2017 02:52:11.428,DEBUG,0AF24F5FFB6A7EF058C171C04EC3C7B5,Checking match of request : '/0089/deletedata'; against '/0037/**'
05-23-2017 02:52:11.428,DEBUG,0AF24F5FFB6A7EF058C171C04EC3C7B5,Checking match of request : '/0089/deletedata'; against '/0045/**'
05-23-2017 02:52:11.429,DEBUG,0AF24F5FFB6A7EF058C171C04EC3C7B5,Checking match of request : '/0089/deletedata'; against '/0047/**'
05-23-2017 02:52:11.429,DEBUG,0AF24F5FFB6A7EF058C171C04EC3C7B5,Checking match of request : '/0089/deletedata'; against '/0049/**'
05-23-2017 02:52:11.429,DEBUG,0AF24F5FFB6A7EF058C171C04EC3C7B5,Checking match of request : '/0089/deletedata'; against '/0061/**'
05-23-2017 02:52:11.429,DEBUG,0AF24F5FFB6A7EF058C171C04EC3C7B5,Checking match of request : '/0089/deletedata'; against '/0087/**'
05-23-2017 02:52:11.429,DEBUG,0AF24F5FFB6A7EF058C171C04EC3C7B5,Checking match of request : '/0089/deletedata'; against '/0075/**'
05-23-2017 02:52:11.429,DEBUG,0AF24F5FFB6A7EF058C171C04EC3C7B5,Checking match of request : '/0089/deletedata'; against '/0089/**'
05-23-2017 02:52:11.429,DEBUG,0AF24F5FFB6A7EF058C171C04EC3C7B5,Secure object: FilterInvocation: URL: /0089/deleteData; Attributes: [ROLE_ADMIN, ROLE_USER, IS_AUTHENTICATED_FULLY]
05-23-2017 02:52:11.429,DEBUG,0AF24F5FFB6A7EF058C171C04EC3C7B5,Previously Authenticated: org.springframework.security.authentication.AnonymousAuthenticationToken@9055c2bc: Principal: anonymousUser; Credentials: [PROTECTED]; Authenticated: true; Details: org.springframework.security.web.authentication.WebAuthenticationDetails@b364: RemoteIpAddress: 0:0:0:0:0:0:0:1; SessionId: null; Granted Authorities: ROLE_ANONYMOUS
05-23-2017 02:52:11.429,DEBUG,0AF24F5FFB6A7EF058C171C04EC3C7B5,Voter: org.springframework.security.access.vote.RoleVoter@1ac872d, returned: -1
05-23-2017 02:52:11.429,DEBUG,0AF24F5FFB6A7EF058C171C04EC3C7B5,Voter: org.springframework.security.access.vote.AuthenticatedVoter@b1927d, returned: -1
05-23-2017 02:52:11.429,DEBUG,0AF24F5FFB6A7EF058C171C04EC3C7B5,Access is denied (user is anonymous); redirecting to authentication entry point
05-23-2017 02:52:11.431,DEBUG,0AF24F5FFB6A7EF058C171C04EC3C7B5,DefaultSavedRequest added to Session: DefaultSavedRequest[http://localhost:8080/ict/0089/deleteData]
05-23-2017 02:52:11.431,DEBUG,0AF24F5FFB6A7EF058C171C04EC3C7B5,Calling Authentication entry point.
05-23-2017 02:52:11.431,DEBUG,0AF24F5FFB6A7EF058C171C04EC3C7B5,Redirecting to 'http://localhost:8080/ict/'
05-23-2017 02:52:11.431,DEBUG,0AF24F5FFB6A7EF058C171C04EC3C7B5,SecurityContext is empty or contents are anonymous - context will not be stored in HttpSession.
05-23-2017 02:52:11.431,DEBUG,0AF24F5FFB6A7EF058C171C04EC3C7B5,SecurityContextHolder now cleared, as request processing completed
05-23-2017 02:52:11.440,DEBUG,0AF24F5FFB6A7EF058C171C04EC3C7B5,/login at position 1 of 11 in additional filter chain; firing Filter: 'SecurityContextPersistenceFilter'
05-23-2017 02:52:11.441,DEBUG,0AF24F5FFB6A7EF058C171C04EC3C7B5,HttpSession returned null object for SPRING_SECURITY_CONTEXT
05-23-2017 02:52:11.441,DEBUG,0AF24F5FFB6A7EF058C171C04EC3C7B5,No SecurityContext was available from the HttpSession: org.apache.catalina.session.StandardSessionFacade@1d070e5. A new one will be created.
05-23-2017 02:52:11.441,DEBUG,0AF24F5FFB6A7EF058C171C04EC3C7B5,/login at position 2 of 11 in additional filter chain; firing Filter: 'WebAsyncManagerIntegrationFilter'
05-23-2017 02:52:11.441,DEBUG,0AF24F5FFB6A7EF058C171C04EC3C7B5,/login at position 3 of 11 in additional filter chain; firing Filter: 'LogoutFilter'
05-23-2017 02:52:11.441,DEBUG,0AF24F5FFB6A7EF058C171C04EC3C7B5,Logging out user 'null' and transferring to logout destination
05-23-2017 02:52:11.441,DEBUG,0AF24F5FFB6A7EF058C171C04EC3C7B5,Invalidating session: 9EC0179C7FFBCE33CCD3237F22C5D858
05-23-2017 02:52:11.441,DEBUG,0AF24F5FFB6A7EF058C171C04EC3C7B5,Using default Url: /
05-23-2017 02:52:11.441,DEBUG,0AF24F5FFB6A7EF058C171C04EC3C7B5,Redirecting to '/ict/'
05-23-2017 02:52:11.441,DEBUG,0AF24F5FFB6A7EF058C171C04EC3C7B5,SecurityContext is empty or contents are anonymous - context will not be stored in HttpSession.
05-23-2017 02:52:11.441,DEBUG,0AF24F5FFB6A7EF058C171C04EC3C7B5,SecurityContextHolder now cleared, as request processing completed
05-23-2017 02:52:11.443,DEBUG,0AF24F5FFB6A7EF058C171C04EC3C7B5,/ at position 1 of 11 in additional filter chain; firing Filter: 'SecurityContextPersistenceFilter'
05-23-2017 02:52:11.443,DEBUG,0AF24F5FFB6A7EF058C171C04EC3C7B5,No HttpSession currently exists
05-23-2017 02:52:11.443,DEBUG,0AF24F5FFB6A7EF058C171C04EC3C7B5,No SecurityContext was available from the HttpSession: null. A new one will be created.
05-23-2017 02:52:11.443,DEBUG,0AF24F5FFB6A7EF058C171C04EC3C7B5,/ at position 2 of 11 in additional filter chain; firing Filter: 'WebAsyncManagerIntegrationFilter'
05-23-2017 02:52:11.443,DEBUG,0AF24F5FFB6A7EF058C171C04EC3C7B5,/ at position 3 of 11 in additional filter chain; firing Filter: 'LogoutFilter'
05-23-2017 02:52:11.443,DEBUG,0AF24F5FFB6A7EF058C171C04EC3C7B5,/ at position 4 of 11 in additional filter chain; firing Filter: 'UsernamePasswordAuthenticationFilter'
05-23-2017 02:52:11.443,DEBUG,0AF24F5FFB6A7EF058C171C04EC3C7B5,/ at position 5 of 11 in additional filter chain; firing Filter: 'BasicAuthenticationFilter'
05-23-2017 02:52:11.443,DEBUG,0AF24F5FFB6A7EF058C171C04EC3C7B5,/ at position 6 of 11 in additional filter chain; firing Filter: 'RequestCacheAwareFilter'
05-23-2017 02:52:11.443,DEBUG,0AF24F5FFB6A7EF058C171C04EC3C7B5,/ at position 7 of 11 in additional filter chain; firing Filter: 'SecurityContextHolderAwareRequestFilter'
05-23-2017 02:52:11.443,DEBUG,0AF24F5FFB6A7EF058C171C04EC3C7B5,/ at position 8 of 11 in additional filter chain; firing Filter: 'AnonymousAuthenticationFilter'
05-23-2017 02:52:11.443,DEBUG,0AF24F5FFB6A7EF058C171C04EC3C7B5,Populated SecurityContextHolder with anonymous token: 'org.springframework.security.authentication.AnonymousAuthenticationToken@9055c2bc: Principal: anonymousUser; Credentials: [PROTECTED]; Authenticated: true; Details: org.springframework.security.web.authentication.WebAuthenticationDetails@b364: RemoteIpAddress: 0:0:0:0:0:0:0:1; SessionId: null; Granted Authorities: ROLE_ANONYMOUS'
05-23-2017 02:52:11.443,DEBUG,0AF24F5FFB6A7EF058C171C04EC3C7B5,/ at position 9 of 11 in additional filter chain; firing Filter: 'SessionManagementFilter'
05-23-2017 02:52:11.443,DEBUG,0AF24F5FFB6A7EF058C171C04EC3C7B5,Requested session ID 9EC0179C7FFBCE33CCD3237F22C5D858 is invalid.
05-23-2017 02:52:11.444,DEBUG,0AF24F5FFB6A7EF058C171C04EC3C7B5,/ at position 10 of 11 in additional filter chain; firing Filter: 'ExceptionTranslationFilter'
05-23-2017 02:52:11.444,DEBUG,0AF24F5FFB6A7EF058C171C04EC3C7B5,/ at position 11 of 11 in additional filter chain; firing Filter: 'FilterSecurityInterceptor'
05-23-2017 02:52:11.444,DEBUG,0AF24F5FFB6A7EF058C171C04EC3C7B5,Checking match of request : '/'; against '/autherror*'
05-23-2017 02:52:11.444,DEBUG,0AF24F5FFB6A7EF058C171C04EC3C7B5,Checking match of request : '/'; against '/login/**'
05-23-2017 02:52:11.444,DEBUG,0AF24F5FFB6A7EF058C171C04EC3C7B5,Checking match of request : '/'; against '/error/**'
05-23-2017 02:52:11.444,DEBUG,0AF24F5FFB6A7EF058C171C04EC3C7B5,Checking match of request : '/'; against '/0001/**'
05-23-2017 02:52:11.444,DEBUG,0AF24F5FFB6A7EF058C171C04EC3C7B5,Checking match of request : '/'; against '/0002/**'
05-23-2017 02:52:11.444,DEBUG,0AF24F5FFB6A7EF058C171C04EC3C7B5,Checking match of request : '/'; against '/0003/**'
05-23-2017 02:52:11.444,DEBUG,0AF24F5FFB6A7EF058C171C04EC3C7B5,Checking match of request : '/'; against '/0005/**'
05-23-2017 02:52:11.444,DEBUG,0AF24F5FFB6A7EF058C171C04EC3C7B5,Checking match of request : '/'; against '/0007/**'
05-23-2017 02:52:11.444,DEBUG,0AF24F5FFB6A7EF058C171C04EC3C7B5,Checking match of request : '/'; against '/0009/**'
05-23-2017 02:52:11.444,DEBUG,0AF24F5FFB6A7EF058C171C04EC3C7B5,Checking match of request : '/'; against '/0013/**'
05-23-2017 02:52:11.444,DEBUG,0AF24F5FFB6A7EF058C171C04EC3C7B5,Checking match of request : '/'; against '/0023/**'
05-23-2017 02:52:11.444,DEBUG,0AF24F5FFB6A7EF058C171C04EC3C7B5,Checking match of request : '/'; against '/0017/**'
05-23-2017 02:52:11.444,DEBUG,0AF24F5FFB6A7EF058C171C04EC3C7B5,Checking match of request : '/'; against '/0031/**'
05-23-2017 02:52:11.444,DEBUG,0AF24F5FFB6A7EF058C171C04EC3C7B5,Checking match of request : '/'; against '/0035/**'
05-23-2017 02:52:11.444,DEBUG,0AF24F5FFB6A7EF058C171C04EC3C7B5,Checking match of request : '/'; against '/0037/**'
05-23-2017 02:52:11.444,DEBUG,0AF24F5FFB6A7EF058C171C04EC3C7B5,Checking match of request : '/'; against '/0045/**'
05-23-2017 02:52:11.444,DEBUG,0AF24F5FFB6A7EF058C171C04EC3C7B5,Checking match of request : '/'; against '/0047/**'
05-23-2017 02:52:11.444,DEBUG,0AF24F5FFB6A7EF058C171C04EC3C7B5,Checking match of request : '/'; against '/0049/**'
05-23-2017 02:52:11.444,DEBUG,0AF24F5FFB6A7EF058C171C04EC3C7B5,Checking match of request : '/'; against '/0061/**'
05-23-2017 02:52:11.444,DEBUG,0AF24F5FFB6A7EF058C171C04EC3C7B5,Checking match of request : '/'; against '/0087/**'
05-23-2017 02:52:11.444,DEBUG,0AF24F5FFB6A7EF058C171C04EC3C7B5,Checking match of request : '/'; against '/0075/**'
05-23-2017 02:52:11.444,DEBUG,0AF24F5FFB6A7EF058C171C04EC3C7B5,Checking match of request : '/'; against '/0089/**'
05-23-2017 02:52:11.444,DEBUG,0AF24F5FFB6A7EF058C171C04EC3C7B5,Checking match of request : '/'; against '/0090/**'
05-23-2017 02:52:11.444,DEBUG,0AF24F5FFB6A7EF058C171C04EC3C7B5,Checking match of request : '/'; against '/0091/**'
05-23-2017 02:52:11.444,DEBUG,0AF24F5FFB6A7EF058C171C04EC3C7B5,Checking match of request : '/'; against '/0092/**'
05-23-2017 02:52:11.444,DEBUG,0AF24F5FFB6A7EF058C171C04EC3C7B5,Checking match of request : '/'; against '/0095/**'
05-23-2017 02:52:11.444,DEBUG,0AF24F5FFB6A7EF058C171C04EC3C7B5,Secure object: FilterInvocation: URL: /; Attributes: [IS_AUTHENTICATED_ANONYMOUSLY]
05-23-2017 02:52:11.444,DEBUG,0AF24F5FFB6A7EF058C171C04EC3C7B5,Previously Authenticated: org.springframework.security.authentication.AnonymousAuthenticationToken@9055c2bc: Principal: anonymousUser; Credentials: [PROTECTED]; Authenticated: true; Details: org.springframework.security.web.authentication.WebAuthenticationDetails@b364: RemoteIpAddress: 0:0:0:0:0:0:0:1; SessionId: null; Granted Authorities: ROLE_ANONYMOUS
05-23-2017 02:52:11.444,DEBUG,0AF24F5FFB6A7EF058C171C04EC3C7B5,Voter: org.springframework.security.access.vote.RoleVoter@1ac872d, returned: 0
05-23-2017 02:52:11.444,DEBUG,0AF24F5FFB6A7EF058C171C04EC3C7B5,Voter: org.springframework.security.access.vote.AuthenticatedVoter@b1927d, returned: 1
05-23-2017 02:52:11.444,DEBUG,0AF24F5FFB6A7EF058C171C04EC3C7B5,Authorization successful
05-23-2017 02:52:11.444,DEBUG,0AF24F5FFB6A7EF058C171C04EC3C7B5,RunAsManager did not change Authentication object
05-23-2017 02:52:11.444,DEBUG,0AF24F5FFB6A7EF058C171C04EC3C7B5,/ reached end of additional filter chain; proceeding with original chain
05-23-2017 02:52:11.445,DEBUG,0AF24F5FFB6A7EF058C171C04EC3C7B5,Request [/ict/] is not a multipart request
05-23-2017 02:52:11.445,DEBUG,0CFE040E8FAD3315CAF6D62064EA03E8,DispatcherServlet with name 'appServlet' processing GET request for [/ict/]
05-23-2017 02:52:11.445,DEBUG,0CFE040E8FAD3315CAF6D62064EA03E8,Looking up handler method for path /
05-23-2017 02:52:11.445,DEBUG,0CFE040E8FAD3315CAF6D62064EA03E8,Returning handler method [public java.lang.String vn.bananavietnam.ict.common.controller.AuthController.login()]
05-23-2017 02:52:11.445,DEBUG,0CFE040E8FAD3315CAF6D62064EA03E8,Returning cached instance of singleton bean 'authController'
05-23-2017 02:52:11.445,DEBUG,0CFE040E8FAD3315CAF6D62064EA03E8,Last-Modified value for [/ict/] is: -1
05-23-2017 02:52:11.445,DEBUG,0CFE040E8FAD3315CAF6D62064EA03E8,Returning cached instance of singleton bean 'xml_path'
05-23-2017 02:52:11.446,DEBUG,0CFE040E8FAD3315CAF6D62064EA03E8,Rendering view [org.springframework.web.servlet.view.JstlView: name 'common/PageWrapper'; URL [/WEB-INF/views/common/PageWrapper.jsp]] in DispatcherServlet with name 'appServlet'
05-23-2017 02:52:11.447,DEBUG,0CFE040E8FAD3315CAF6D62064EA03E8,Forwarding to resource [/WEB-INF/views/common/PageWrapper.jsp] in InternalResourceView 'common/PageWrapper'
05-23-2017 02:52:11.447,DEBUG,0CFE040E8FAD3315CAF6D62064EA03E8,SecurityContext is empty or contents are anonymous - context will not be stored in HttpSession.
05-23-2017 02:52:11.447,DEBUG,0CFE040E8FAD3315CAF6D62064EA03E8,Successfully completed request
05-23-2017 02:52:11.448,DEBUG,0CFE040E8FAD3315CAF6D62064EA03E8,Chain processed normally
05-23-2017 02:52:11.448,DEBUG,0CFE040E8FAD3315CAF6D62064EA03E8,SecurityContextHolder now cleared, as request processing completed
05-23-2017 02:52:11.454,DEBUG,0AF24F5FFB6A7EF058C171C04EC3C7B5,/login/ at position 1 of 11 in additional filter chain; firing Filter: 'SecurityContextPersistenceFilter'
05-23-2017 02:52:11.454,DEBUG,0AF24F5FFB6A7EF058C171C04EC3C7B5,HttpSession returned null object for SPRING_SECURITY_CONTEXT
05-23-2017 02:52:11.454,DEBUG,0AF24F5FFB6A7EF058C171C04EC3C7B5,No SecurityContext was available from the HttpSession: org.apache.catalina.session.StandardSessionFacade@f8eb82. A new one will be created.
05-23-2017 02:52:11.454,DEBUG,0AF24F5FFB6A7EF058C171C04EC3C7B5,/login/ at position 2 of 11 in additional filter chain; firing Filter: 'WebAsyncManagerIntegrationFilter'
05-23-2017 02:52:11.454,DEBUG,0AF24F5FFB6A7EF058C171C04EC3C7B5,/login/ at position 3 of 11 in additional filter chain; firing Filter: 'LogoutFilter'
05-23-2017 02:52:11.454,DEBUG,0AF24F5FFB6A7EF058C171C04EC3C7B5,/login/ at position 4 of 11 in additional filter chain; firing Filter: 'UsernamePasswordAuthenticationFilter'
05-23-2017 02:52:11.454,DEBUG,0AF24F5FFB6A7EF058C171C04EC3C7B5,/login/ at position 5 of 11 in additional filter chain; firing Filter: 'BasicAuthenticationFilter'
05-23-2017 02:52:11.454,DEBUG,0AF24F5FFB6A7EF058C171C04EC3C7B5,/login/ at position 6 of 11 in additional filter chain; firing Filter: 'RequestCacheAwareFilter'
05-23-2017 02:52:11.454,DEBUG,0AF24F5FFB6A7EF058C171C04EC3C7B5,/login/ at position 7 of 11 in additional filter chain; firing Filter: 'SecurityContextHolderAwareRequestFilter'
05-23-2017 02:52:11.454,DEBUG,0AF24F5FFB6A7EF058C171C04EC3C7B5,/login/ at position 8 of 11 in additional filter chain; firing Filter: 'AnonymousAuthenticationFilter'
05-23-2017 02:52:11.454,DEBUG,0AF24F5FFB6A7EF058C171C04EC3C7B5,Populated SecurityContextHolder with anonymous token: 'org.springframework.security.authentication.AnonymousAuthenticationToken@90514580: Principal: anonymousUser; Credentials: [PROTECTED]; Authenticated: true; Details: org.springframework.security.web.authentication.WebAuthenticationDetails@43458: RemoteIpAddress: 0:0:0:0:0:0:0:1; SessionId: 0CFE040E8FAD3315CAF6D62064EA03E8; Granted Authorities: ROLE_ANONYMOUS'
05-23-2017 02:52:11.454,DEBUG,0AF24F5FFB6A7EF058C171C04EC3C7B5,/login/ at position 9 of 11 in additional filter chain; firing Filter: 'SessionManagementFilter'
05-23-2017 02:52:11.455,DEBUG,0AF24F5FFB6A7EF058C171C04EC3C7B5,/login/ at position 10 of 11 in additional filter chain; firing Filter: 'ExceptionTranslationFilter'
05-23-2017 02:52:11.455,DEBUG,0AF24F5FFB6A7EF058C171C04EC3C7B5,/login/ at position 11 of 11 in additional filter chain; firing Filter: 'FilterSecurityInterceptor'
05-23-2017 02:52:11.455,DEBUG,0AF24F5FFB6A7EF058C171C04EC3C7B5,Checking match of request : '/login/'; against '/autherror*'
05-23-2017 02:52:11.455,DEBUG,0AF24F5FFB6A7EF058C171C04EC3C7B5,Checking match of request : '/login/'; against '/login/**'
05-23-2017 02:52:11.455,DEBUG,0AF24F5FFB6A7EF058C171C04EC3C7B5,Secure object: FilterInvocation: URL: /login/; Attributes: [IS_AUTHENTICATED_ANONYMOUSLY]
05-23-2017 02:52:11.455,DEBUG,0AF24F5FFB6A7EF058C171C04EC3C7B5,Previously Authenticated: org.springframework.security.authentication.AnonymousAuthenticationToken@90514580: Principal: anonymousUser; Credentials: [PROTECTED]; Authenticated: true; Details: org.springframework.security.web.authentication.WebAuthenticationDetails@43458: RemoteIpAddress: 0:0:0:0:0:0:0:1; SessionId: 0CFE040E8FAD3315CAF6D62064EA03E8; Granted Authorities: ROLE_ANONYMOUS
05-23-2017 02:52:11.455,DEBUG,0AF24F5FFB6A7EF058C171C04EC3C7B5,Voter: org.springframework.security.access.vote.RoleVoter@1ac872d, returned: 0
05-23-2017 02:52:11.455,DEBUG,0AF24F5FFB6A7EF058C171C04EC3C7B5,Voter: org.springframework.security.access.vote.AuthenticatedVoter@b1927d, returned: 1
05-23-2017 02:52:11.455,DEBUG,0AF24F5FFB6A7EF058C171C04EC3C7B5,Authorization successful
05-23-2017 02:52:11.455,DEBUG,0AF24F5FFB6A7EF058C171C04EC3C7B5,RunAsManager did not change Authentication object
05-23-2017 02:52:11.455,DEBUG,0AF24F5FFB6A7EF058C171C04EC3C7B5,/login/ reached end of additional filter chain; proceeding with original chain
05-23-2017 02:52:11.455,DEBUG,0AF24F5FFB6A7EF058C171C04EC3C7B5,Request [/ict/login/] is not a multipart request
05-23-2017 02:52:11.455,DEBUG,0CFE040E8FAD3315CAF6D62064EA03E8,DispatcherServlet with name 'appServlet' processing GET request for [/ict/login/]
05-23-2017 02:52:11.455,DEBUG,0CFE040E8FAD3315CAF6D62064EA03E8,Looking up handler method for path /login/
05-23-2017 02:52:11.455,DEBUG,0CFE040E8FAD3315CAF6D62064EA03E8,Returning handler method [public java.lang.String vn.bananavietnam.ict.common.controller.LoginController.top(java.util.Locale,org.springframework.ui.Model)]
05-23-2017 02:52:11.455,DEBUG,0CFE040E8FAD3315CAF6D62064EA03E8,Returning cached instance of singleton bean 'loginController'
05-23-2017 02:52:11.455,DEBUG,0CFE040E8FAD3315CAF6D62064EA03E8,Last-Modified value for [/ict/login/] is: -1
05-23-2017 02:52:11.455,DEBUG,0CFE040E8FAD3315CAF6D62064EA03E8,Returning cached instance of singleton bean 'xml_path'
05-23-2017 02:52:11.456,DEBUG,0CFE040E8FAD3315CAF6D62064EA03E8,Rendering view [org.springframework.web.servlet.view.JstlView: name 'common/login'; URL [/WEB-INF/views/common/login.jsp]] in DispatcherServlet with name 'appServlet'
05-23-2017 02:52:11.456,DEBUG,0CFE040E8FAD3315CAF6D62064EA03E8,Forwarding to resource [/WEB-INF/views/common/login.jsp] in InternalResourceView 'common/login'
05-23-2017 02:52:11.458,DEBUG,0CFE040E8FAD3315CAF6D62064EA03E8,SecurityContext is empty or contents are anonymous - context will not be stored in HttpSession.
05-23-2017 02:52:11.458,DEBUG,0CFE040E8FAD3315CAF6D62064EA03E8,Successfully completed request
05-23-2017 02:52:11.458,DEBUG,0CFE040E8FAD3315CAF6D62064EA03E8,Chain processed normally
05-23-2017 02:52:11.458,DEBUG,0CFE040E8FAD3315CAF6D62064EA03E8,SecurityContextHolder now cleared, as request processing completed
05-23-2017 02:52:20.728,DEBUG,661B95B53A15CB10079167882069FD8B,/?language=en at position 1 of 11 in additional filter chain; firing Filter: 'SecurityContextPersistenceFilter'
05-23-2017 02:52:20.728,DEBUG,661B95B53A15CB10079167882069FD8B,HttpSession returned null object for SPRING_SECURITY_CONTEXT
05-23-2017 02:52:20.728,DEBUG,661B95B53A15CB10079167882069FD8B,No SecurityContext was available from the HttpSession: org.apache.catalina.session.StandardSessionFacade@f8eb82. A new one will be created.
05-23-2017 02:52:20.728,DEBUG,661B95B53A15CB10079167882069FD8B,/?language=en at position 2 of 11 in additional filter chain; firing Filter: 'WebAsyncManagerIntegrationFilter'
05-23-2017 02:52:20.728,DEBUG,661B95B53A15CB10079167882069FD8B,/?language=en at position 3 of 11 in additional filter chain; firing Filter: 'LogoutFilter'
05-23-2017 02:52:20.729,DEBUG,661B95B53A15CB10079167882069FD8B,/?language=en at position 4 of 11 in additional filter chain; firing Filter: 'UsernamePasswordAuthenticationFilter'
05-23-2017 02:52:20.729,DEBUG,661B95B53A15CB10079167882069FD8B,/?language=en at position 5 of 11 in additional filter chain; firing Filter: 'BasicAuthenticationFilter'
05-23-2017 02:52:20.729,DEBUG,661B95B53A15CB10079167882069FD8B,/?language=en at position 6 of 11 in additional filter chain; firing Filter: 'RequestCacheAwareFilter'
05-23-2017 02:52:20.729,DEBUG,661B95B53A15CB10079167882069FD8B,/?language=en at position 7 of 11 in additional filter chain; firing Filter: 'SecurityContextHolderAwareRequestFilter'
05-23-2017 02:52:20.729,DEBUG,661B95B53A15CB10079167882069FD8B,/?language=en at position 8 of 11 in additional filter chain; firing Filter: 'AnonymousAuthenticationFilter'
05-23-2017 02:52:20.729,DEBUG,661B95B53A15CB10079167882069FD8B,Populated SecurityContextHolder with anonymous token: 'org.springframework.security.authentication.AnonymousAuthenticationToken@90514580: Principal: anonymousUser; Credentials: [PROTECTED]; Authenticated: true; Details: org.springframework.security.web.authentication.WebAuthenticationDetails@43458: RemoteIpAddress: 0:0:0:0:0:0:0:1; SessionId: 0CFE040E8FAD3315CAF6D62064EA03E8; Granted Authorities: ROLE_ANONYMOUS'
05-23-2017 02:52:20.729,DEBUG,661B95B53A15CB10079167882069FD8B,/?language=en at position 9 of 11 in additional filter chain; firing Filter: 'SessionManagementFilter'
05-23-2017 02:52:20.729,DEBUG,661B95B53A15CB10079167882069FD8B,/?language=en at position 10 of 11 in additional filter chain; firing Filter: 'ExceptionTranslationFilter'
05-23-2017 02:52:20.729,DEBUG,661B95B53A15CB10079167882069FD8B,/?language=en at position 11 of 11 in additional filter chain; firing Filter: 'FilterSecurityInterceptor'
05-23-2017 02:52:20.729,DEBUG,661B95B53A15CB10079167882069FD8B,Checking match of request : '/'; against '/autherror*'
05-23-2017 02:52:20.729,DEBUG,661B95B53A15CB10079167882069FD8B,Checking match of request : '/'; against '/login/**'
05-23-2017 02:52:20.729,DEBUG,661B95B53A15CB10079167882069FD8B,Checking match of request : '/'; against '/error/**'
05-23-2017 02:52:20.729,DEBUG,661B95B53A15CB10079167882069FD8B,Checking match of request : '/'; against '/0001/**'
05-23-2017 02:52:20.729,DEBUG,661B95B53A15CB10079167882069FD8B,Checking match of request : '/'; against '/0002/**'
05-23-2017 02:52:20.729,DEBUG,661B95B53A15CB10079167882069FD8B,Checking match of request : '/'; against '/0003/**'
05-23-2017 02:52:20.729,DEBUG,661B95B53A15CB10079167882069FD8B,Checking match of request : '/'; against '/0005/**'
05-23-2017 02:52:20.729,DEBUG,661B95B53A15CB10079167882069FD8B,Checking match of request : '/'; against '/0007/**'
05-23-2017 02:52:20.729,DEBUG,661B95B53A15CB10079167882069FD8B,Checking match of request : '/'; against '/0009/**'
05-23-2017 02:52:20.729,DEBUG,661B95B53A15CB10079167882069FD8B,Checking match of request : '/'; against '/0013/**'
05-23-2017 02:52:20.729,DEBUG,661B95B53A15CB10079167882069FD8B,Checking match of request : '/'; against '/0023/**'
05-23-2017 02:52:20.729,DEBUG,661B95B53A15CB10079167882069FD8B,Checking match of request : '/'; against '/0017/**'
05-23-2017 02:52:20.729,DEBUG,661B95B53A15CB10079167882069FD8B,Checking match of request : '/'; against '/0031/**'
05-23-2017 02:52:20.729,DEBUG,661B95B53A15CB10079167882069FD8B,Checking match of request : '/'; against '/0035/**'
05-23-2017 02:52:20.729,DEBUG,661B95B53A15CB10079167882069FD8B,Checking match of request : '/'; against '/0037/**'
05-23-2017 02:52:20.729,DEBUG,661B95B53A15CB10079167882069FD8B,Checking match of request : '/'; against '/0045/**'
05-23-2017 02:52:20.729,DEBUG,661B95B53A15CB10079167882069FD8B,Checking match of request : '/'; against '/0047/**'
05-23-2017 02:52:20.729,DEBUG,661B95B53A15CB10079167882069FD8B,Checking match of request : '/'; against '/0049/**'
05-23-2017 02:52:20.729,DEBUG,661B95B53A15CB10079167882069FD8B,Checking match of request : '/'; against '/0061/**'
05-23-2017 02:52:20.729,DEBUG,661B95B53A15CB10079167882069FD8B,Checking match of request : '/'; against '/0087/**'
05-23-2017 02:52:20.729,DEBUG,661B95B53A15CB10079167882069FD8B,Checking match of request : '/'; against '/0075/**'
05-23-2017 02:52:20.729,DEBUG,661B95B53A15CB10079167882069FD8B,Checking match of request : '/'; against '/0089/**'
05-23-2017 02:52:20.729,DEBUG,661B95B53A15CB10079167882069FD8B,Checking match of request : '/'; against '/0090/**'
05-23-2017 02:52:20.729,DEBUG,661B95B53A15CB10079167882069FD8B,Checking match of request : '/'; against '/0091/**'
05-23-2017 02:52:20.729,DEBUG,661B95B53A15CB10079167882069FD8B,Checking match of request : '/'; against '/0092/**'
05-23-2017 02:52:20.729,DEBUG,661B95B53A15CB10079167882069FD8B,Checking match of request : '/'; against '/0095/**'
05-23-2017 02:52:20.729,DEBUG,661B95B53A15CB10079167882069FD8B,Secure object: FilterInvocation: URL: /?language=en; Attributes: [IS_AUTHENTICATED_ANONYMOUSLY]
05-23-2017 02:52:20.729,DEBUG,661B95B53A15CB10079167882069FD8B,Previously Authenticated: org.springframework.security.authentication.AnonymousAuthenticationToken@90514580: Principal: anonymousUser; Credentials: [PROTECTED]; Authenticated: true; Details: org.springframework.security.web.authentication.WebAuthenticationDetails@43458: RemoteIpAddress: 0:0:0:0:0:0:0:1; SessionId: 0CFE040E8FAD3315CAF6D62064EA03E8; Granted Authorities: ROLE_ANONYMOUS
05-23-2017 02:52:20.729,DEBUG,661B95B53A15CB10079167882069FD8B,Voter: org.springframework.security.access.vote.RoleVoter@1ac872d, returned: 0
05-23-2017 02:52:20.729,DEBUG,661B95B53A15CB10079167882069FD8B,Voter: org.springframework.security.access.vote.AuthenticatedVoter@b1927d, returned: 1
05-23-2017 02:52:20.729,DEBUG,661B95B53A15CB10079167882069FD8B,Authorization successful
05-23-2017 02:52:20.729,DEBUG,661B95B53A15CB10079167882069FD8B,RunAsManager did not change Authentication object
05-23-2017 02:52:20.729,DEBUG,661B95B53A15CB10079167882069FD8B,/?language=en reached end of additional filter chain; proceeding with original chain
05-23-2017 02:52:20.729,DEBUG,661B95B53A15CB10079167882069FD8B,Request [/ict/] is not a multipart request
05-23-2017 02:52:20.730,DEBUG,0CFE040E8FAD3315CAF6D62064EA03E8,DispatcherServlet with name 'appServlet' processing GET request for [/ict/]
05-23-2017 02:52:20.730,DEBUG,0CFE040E8FAD3315CAF6D62064EA03E8,Looking up handler method for path /
05-23-2017 02:52:20.730,DEBUG,0CFE040E8FAD3315CAF6D62064EA03E8,Returning handler method [public java.lang.String vn.bananavietnam.ict.common.controller.AuthController.login()]
05-23-2017 02:52:20.730,DEBUG,0CFE040E8FAD3315CAF6D62064EA03E8,Returning cached instance of singleton bean 'authController'
05-23-2017 02:52:20.730,DEBUG,0CFE040E8FAD3315CAF6D62064EA03E8,Last-Modified value for [/ict/] is: -1
05-23-2017 02:52:20.730,DEBUG,0CFE040E8FAD3315CAF6D62064EA03E8,Returning cached instance of singleton bean 'xml_path'
05-23-2017 02:52:20.730,DEBUG,0CFE040E8FAD3315CAF6D62064EA03E8,Rendering view [org.springframework.web.servlet.view.JstlView: name 'common/PageWrapper'; URL [/WEB-INF/views/common/PageWrapper.jsp]] in DispatcherServlet with name 'appServlet'
05-23-2017 02:52:20.731,DEBUG,0CFE040E8FAD3315CAF6D62064EA03E8,Forwarding to resource [/WEB-INF/views/common/PageWrapper.jsp] in InternalResourceView 'common/PageWrapper'
05-23-2017 02:52:20.731,DEBUG,0CFE040E8FAD3315CAF6D62064EA03E8,SecurityContext is empty or contents are anonymous - context will not be stored in HttpSession.
05-23-2017 02:52:20.732,DEBUG,0CFE040E8FAD3315CAF6D62064EA03E8,Successfully completed request
05-23-2017 02:52:20.732,DEBUG,0CFE040E8FAD3315CAF6D62064EA03E8,Chain processed normally
05-23-2017 02:52:20.732,DEBUG,0CFE040E8FAD3315CAF6D62064EA03E8,SecurityContextHolder now cleared, as request processing completed
05-23-2017 02:52:20.736,DEBUG,0AF24F5FFB6A7EF058C171C04EC3C7B5,/login/ at position 1 of 11 in additional filter chain; firing Filter: 'SecurityContextPersistenceFilter'
05-23-2017 02:52:20.736,DEBUG,0AF24F5FFB6A7EF058C171C04EC3C7B5,HttpSession returned null object for SPRING_SECURITY_CONTEXT
05-23-2017 02:52:20.736,DEBUG,0AF24F5FFB6A7EF058C171C04EC3C7B5,No SecurityContext was available from the HttpSession: org.apache.catalina.session.StandardSessionFacade@f8eb82. A new one will be created.
05-23-2017 02:52:20.736,DEBUG,0AF24F5FFB6A7EF058C171C04EC3C7B5,/login/ at position 2 of 11 in additional filter chain; firing Filter: 'WebAsyncManagerIntegrationFilter'
05-23-2017 02:52:20.736,DEBUG,0AF24F5FFB6A7EF058C171C04EC3C7B5,/login/ at position 3 of 11 in additional filter chain; firing Filter: 'LogoutFilter'
05-23-2017 02:52:20.736,DEBUG,0AF24F5FFB6A7EF058C171C04EC3C7B5,/login/ at position 4 of 11 in additional filter chain; firing Filter: 'UsernamePasswordAuthenticationFilter'
05-23-2017 02:52:20.736,DEBUG,0AF24F5FFB6A7EF058C171C04EC3C7B5,/login/ at position 5 of 11 in additional filter chain; firing Filter: 'BasicAuthenticationFilter'
05-23-2017 02:52:20.737,DEBUG,0AF24F5FFB6A7EF058C171C04EC3C7B5,/login/ at position 6 of 11 in additional filter chain; firing Filter: 'RequestCacheAwareFilter'
05-23-2017 02:52:20.737,DEBUG,0AF24F5FFB6A7EF058C171C04EC3C7B5,/login/ at position 7 of 11 in additional filter chain; firing Filter: 'SecurityContextHolderAwareRequestFilter'
05-23-2017 02:52:20.737,DEBUG,0AF24F5FFB6A7EF058C171C04EC3C7B5,/login/ at position 8 of 11 in additional filter chain; firing Filter: 'AnonymousAuthenticationFilter'
05-23-2017 02:52:20.737,DEBUG,0AF24F5FFB6A7EF058C171C04EC3C7B5,Populated SecurityContextHolder with anonymous token: 'org.springframework.security.authentication.AnonymousAuthenticationToken@90514580: Principal: anonymousUser; Credentials: [PROTECTED]; Authenticated: true; Details: org.springframework.security.web.authentication.WebAuthenticationDetails@43458: RemoteIpAddress: 0:0:0:0:0:0:0:1; SessionId: 0CFE040E8FAD3315CAF6D62064EA03E8; Granted Authorities: ROLE_ANONYMOUS'
05-23-2017 02:52:20.737,DEBUG,0AF24F5FFB6A7EF058C171C04EC3C7B5,/login/ at position 9 of 11 in additional filter chain; firing Filter: 'SessionManagementFilter'
05-23-2017 02:52:20.737,DEBUG,0AF24F5FFB6A7EF058C171C04EC3C7B5,/login/ at position 10 of 11 in additional filter chain; firing Filter: 'ExceptionTranslationFilter'
05-23-2017 02:52:20.737,DEBUG,0AF24F5FFB6A7EF058C171C04EC3C7B5,/login/ at position 11 of 11 in additional filter chain; firing Filter: 'FilterSecurityInterceptor'
05-23-2017 02:52:20.737,DEBUG,0AF24F5FFB6A7EF058C171C04EC3C7B5,Checking match of request : '/login/'; against '/autherror*'
05-23-2017 02:52:20.737,DEBUG,0AF24F5FFB6A7EF058C171C04EC3C7B5,Checking match of request : '/login/'; against '/login/**'
05-23-2017 02:52:20.737,DEBUG,0AF24F5FFB6A7EF058C171C04EC3C7B5,Secure object: FilterInvocation: URL: /login/; Attributes: [IS_AUTHENTICATED_ANONYMOUSLY]
05-23-2017 02:52:20.737,DEBUG,0AF24F5FFB6A7EF058C171C04EC3C7B5,Previously Authenticated: org.springframework.security.authentication.AnonymousAuthenticationToken@90514580: Principal: anonymousUser; Credentials: [PROTECTED]; Authenticated: true; Details: org.springframework.security.web.authentication.WebAuthenticationDetails@43458: RemoteIpAddress: 0:0:0:0:0:0:0:1; SessionId: 0CFE040E8FAD3315CAF6D62064EA03E8; Granted Authorities: ROLE_ANONYMOUS
05-23-2017 02:52:20.737,DEBUG,0AF24F5FFB6A7EF058C171C04EC3C7B5,Voter: org.springframework.security.access.vote.RoleVoter@1ac872d, returned: 0
05-23-2017 02:52:20.737,DEBUG,0AF24F5FFB6A7EF058C171C04EC3C7B5,Voter: org.springframework.security.access.vote.AuthenticatedVoter@b1927d, returned: 1
05-23-2017 02:52:20.737,DEBUG,0AF24F5FFB6A7EF058C171C04EC3C7B5,Authorization successful
05-23-2017 02:52:20.737,DEBUG,0AF24F5FFB6A7EF058C171C04EC3C7B5,RunAsManager did not change Authentication object
05-23-2017 02:52:20.737,DEBUG,0AF24F5FFB6A7EF058C171C04EC3C7B5,/login/ reached end of additional filter chain; proceeding with original chain
05-23-2017 02:52:20.737,DEBUG,0AF24F5FFB6A7EF058C171C04EC3C7B5,Request [/ict/login/] is not a multipart request
05-23-2017 02:52:20.738,DEBUG,0CFE040E8FAD3315CAF6D62064EA03E8,DispatcherServlet with name 'appServlet' processing GET request for [/ict/login/]
05-23-2017 02:52:20.739,DEBUG,0CFE040E8FAD3315CAF6D62064EA03E8,Looking up handler method for path /login/
05-23-2017 02:52:20.739,DEBUG,0CFE040E8FAD3315CAF6D62064EA03E8,Returning handler method [public java.lang.String vn.bananavietnam.ict.common.controller.LoginController.top(java.util.Locale,org.springframework.ui.Model)]
05-23-2017 02:52:20.739,DEBUG,0CFE040E8FAD3315CAF6D62064EA03E8,Returning cached instance of singleton bean 'loginController'
05-23-2017 02:52:20.739,DEBUG,0CFE040E8FAD3315CAF6D62064EA03E8,Last-Modified value for [/ict/login/] is: -1
05-23-2017 02:52:20.739,DEBUG,0CFE040E8FAD3315CAF6D62064EA03E8,Returning cached instance of singleton bean 'xml_path'
05-23-2017 02:52:20.739,DEBUG,0CFE040E8FAD3315CAF6D62064EA03E8,Rendering view [org.springframework.web.servlet.view.JstlView: name 'common/login'; URL [/WEB-INF/views/common/login.jsp]] in DispatcherServlet with name 'appServlet'
05-23-2017 02:52:20.739,DEBUG,0CFE040E8FAD3315CAF6D62064EA03E8,Forwarding to resource [/WEB-INF/views/common/login.jsp] in InternalResourceView 'common/login'
05-23-2017 02:52:20.741,DEBUG,0CFE040E8FAD3315CAF6D62064EA03E8,SecurityContext is empty or contents are anonymous - context will not be stored in HttpSession.
05-23-2017 02:52:20.741,DEBUG,0CFE040E8FAD3315CAF6D62064EA03E8,Successfully completed request
05-23-2017 02:52:20.742,DEBUG,0CFE040E8FAD3315CAF6D62064EA03E8,Chain processed normally
05-23-2017 02:52:20.742,DEBUG,0CFE040E8FAD3315CAF6D62064EA03E8,SecurityContextHolder now cleared, as request processing completed
05-23-2017 02:52:25.813,DEBUG,0AF24F5FFB6A7EF058C171C04EC3C7B5,/j_spring_security_check at position 1 of 11 in additional filter chain; firing Filter: 'SecurityContextPersistenceFilter'
05-23-2017 02:52:25.813,DEBUG,0AF24F5FFB6A7EF058C171C04EC3C7B5,HttpSession returned null object for SPRING_SECURITY_CONTEXT
05-23-2017 02:52:25.813,DEBUG,0AF24F5FFB6A7EF058C171C04EC3C7B5,No SecurityContext was available from the HttpSession: org.apache.catalina.session.StandardSessionFacade@f8eb82. A new one will be created.
05-23-2017 02:52:25.813,DEBUG,0AF24F5FFB6A7EF058C171C04EC3C7B5,/j_spring_security_check at position 2 of 11 in additional filter chain; firing Filter: 'WebAsyncManagerIntegrationFilter'
05-23-2017 02:52:25.813,DEBUG,0AF24F5FFB6A7EF058C171C04EC3C7B5,/j_spring_security_check at position 3 of 11 in additional filter chain; firing Filter: 'LogoutFilter'
05-23-2017 02:52:25.813,DEBUG,0AF24F5FFB6A7EF058C171C04EC3C7B5,/j_spring_security_check at position 4 of 11 in additional filter chain; firing Filter: 'UsernamePasswordAuthenticationFilter'
05-23-2017 02:52:25.813,DEBUG,0AF24F5FFB6A7EF058C171C04EC3C7B5,Request is to process authentication
05-23-2017 02:52:25.813,DEBUG,0AF24F5FFB6A7EF058C171C04EC3C7B5,Authentication attempt using org.springframework.security.authentication.dao.DaoAuthenticationProvider
05-23-2017 02:52:25.813,DEBUG,0AF24F5FFB6A7EF058C171C04EC3C7B5,Executing prepared SQL query
05-23-2017 02:52:25.813,DEBUG,0AF24F5FFB6A7EF058C171C04EC3C7B5,Executing prepared SQL statement [select users_authorization.usersId as id,                users_authorization.usersName as username,                      users_authorization.usersPassword as password,                      users_authorization.usersFullName as userfullname,                      1 as enabled,                      CASE                       WHEN users_authorization.authorizationTypeId IS NULL THEN '0'                          ELSE users_authorization.authorizationTypeId                      END as roleid,                      CASE                 WHEN access.SCREEN_DISPLAY_ENABLE_FLAG IS NULL THEN '0'                 ELSE access.SCREEN_DISPLAY_ENABLE_FLAG                END as roledisplay,                      CASE                 WHEN access.ADDABLE_FLAG IS NULL THEN '0'                 ELSE access.ADDABLE_FLAG                END as roleadd,                      CASE                 WHEN access.UPDATABLE_FLAG IS NULL THEN '0'                 ELSE access.UPDATABLE_FLAG                END as roleupdate,                      CASE                 WHEN access.DELETABLE_FLAG IS NULL THEN '0'                 ELSE access.DELETABLE_FLAG                END as roledelete,                      CASE                 WHEN access.REFERENCE_FLAG IS NULL THEN '0'                 ELSE access.REFERENCE_FLAG                END as rolereference,                       access.SCREEN_ID as screenid              from (select users_manager.usersId,                 users_manager.usersName,                 users_manager.usersPassword,                 users_manager.usersFullName,                 users_manager.authorizationTypeId,                 authorization.AUTHORIZATION_TYPE_NAME authorizationTypeName,                 authorization.ACCESS_AUTHORITY_ID accessAuthorityId               from (select users.USERS_ID usersId,                  users.USERS_ID usersName,                  users.PASSWORD usersPassword,                  users.USERS_NAME usersFullName,                  manager.AUTHORIZATION_TYPE_ID authorizationTypeId                from IVB_M_USERS users                left join IVB_M_MANAGER manager                 on users.USERS_ID = manager.USERS_ID                 and manager.DELETE_FLAG = '0'                where users.USERS_ID = ?                 and users.DELETE_FLAG = '0'                ) users_manager               left join IVB_M_AUTHORIZATION authorization                on users_manager.authorizationTypeId = authorization.AUTHORIZATION_TYPE_ID                   and authorization.DELETE_FLAG = '0'                  ) users_authorization              left join IVB_M_ACCESS_AUTHORIZATION access               on users_authorization.accessAuthorityId = access.ACCESS_AUTHORITY_ID                  and access.DELETE_FLAG = '0']
05-23-2017 02:52:25.813,DEBUG,0AF24F5FFB6A7EF058C171C04EC3C7B5,Fetching JDBC Connection from DataSource
05-23-2017 02:52:25.813,DEBUG,0AF24F5FFB6A7EF058C171C04EC3C7B5,Creating new JDBC DriverManager Connection to [jdbc:mysql://172.16.0.175:3306/BANANA_DB_HUNG_SELENIUM?useUnicode=yes&characterEncoding=UTF-8&autoReconnect=true]
05-23-2017 02:52:25.833,DEBUG,0AF24F5FFB6A7EF058C171C04EC3C7B5,Returning JDBC Connection to DataSource
05-23-2017 02:52:25.833,DEBUG,0AF24F5FFB6A7EF058C171C04EC3C7B5,Executing prepared SQL query
05-23-2017 02:52:25.833,DEBUG,0AF24F5FFB6A7EF058C171C04EC3C7B5,Executing prepared SQL statement [select distinct users.USERS_ID,                  CASE                   WHEN manager.AUTHORIZATION_TYPE_ID IS NULL THEN '0'                   ELSE manager.AUTHORIZATION_TYPE_ID                  END as AUTHORIZATION_TYPE_ID               from IVB_M_USERS users               left join IVB_M_MANAGER manager                on users.USERS_ID = manager.USERS_ID                and manager.DELETE_FLAG = '0'               where users.USERS_ID = ?                and users.DELETE_FLAG = '0']
05-23-2017 02:52:25.833,DEBUG,0AF24F5FFB6A7EF058C171C04EC3C7B5,Fetching JDBC Connection from DataSource
05-23-2017 02:52:25.833,DEBUG,0AF24F5FFB6A7EF058C171C04EC3C7B5,Creating new JDBC DriverManager Connection to [jdbc:mysql://172.16.0.175:3306/BANANA_DB_HUNG_SELENIUM?useUnicode=yes&characterEncoding=UTF-8&autoReconnect=true]
05-23-2017 02:52:25.851,DEBUG,0AF24F5FFB6A7EF058C171C04EC3C7B5,Returning JDBC Connection to DataSource
05-23-2017 02:52:25.852,DEBUG,0AF24F5FFB6A7EF058C171C04EC3C7B5,Delegating to org.springframework.security.web.authentication.session.ChangeSessionIdAuthenticationStrategy@99fddf
05-23-2017 02:52:25.852,DEBUG,0AF24F5FFB6A7EF058C171C04EC3C7B5,Authentication success. Updating SecurityContextHolder to contain: org.springframework.security.authentication.UsernamePasswordAuthenticationToken@3b6bb3bb: Principal: vn.bananavietnam.ict.common.auth.MyUser@c4907816: Username: U0000000001; Password: [PROTECTED]; Enabled: true; AccountNonExpired: true; credentialsNonExpired: true; AccountNonLocked: true; Granted Authorities: 1; Credentials: [PROTECTED]; Authenticated: true; Details: org.springframework.security.web.authentication.WebAuthenticationDetails@43458: RemoteIpAddress: 0:0:0:0:0:0:0:1; SessionId: 0CFE040E8FAD3315CAF6D62064EA03E8; Granted Authorities: 1
05-23-2017 02:52:25.852,DEBUG,0AF24F5FFB6A7EF058C171C04EC3C7B5,SecurityContext stored to HttpSession: 'org.springframework.security.core.context.SecurityContextImpl@3b6bb3bb: Authentication: org.springframework.security.authentication.UsernamePasswordAuthenticationToken@3b6bb3bb: Principal: vn.bananavietnam.ict.common.auth.MyUser@c4907816: Username: U0000000001; Password: [PROTECTED]; Enabled: true; AccountNonExpired: true; credentialsNonExpired: true; AccountNonLocked: true; Granted Authorities: 1; Credentials: [PROTECTED]; Authenticated: true; Details: org.springframework.security.web.authentication.WebAuthenticationDetails@43458: RemoteIpAddress: 0:0:0:0:0:0:0:1; SessionId: 0CFE040E8FAD3315CAF6D62064EA03E8; Granted Authorities: 1'
05-23-2017 02:52:25.852,DEBUG,0AF24F5FFB6A7EF058C171C04EC3C7B5,SecurityContextHolder now cleared, as request processing completed
05-23-2017 02:52:25.858,DEBUG,0AF24F5FFB6A7EF058C171C04EC3C7B5,/0001/ at position 1 of 11 in additional filter chain; firing Filter: 'SecurityContextPersistenceFilter'
05-23-2017 02:52:25.858,DEBUG,0AF24F5FFB6A7EF058C171C04EC3C7B5,Obtained a valid SecurityContext from SPRING_SECURITY_CONTEXT: 'org.springframework.security.core.context.SecurityContextImpl@3b6bb3bb: Authentication: org.springframework.security.authentication.UsernamePasswordAuthenticationToken@3b6bb3bb: Principal: vn.bananavietnam.ict.common.auth.MyUser@c4907816: Username: U0000000001; Password: [PROTECTED]; Enabled: true; AccountNonExpired: true; credentialsNonExpired: true; AccountNonLocked: true; Granted Authorities: 1; Credentials: [PROTECTED]; Authenticated: true; Details: org.springframework.security.web.authentication.WebAuthenticationDetails@43458: RemoteIpAddress: 0:0:0:0:0:0:0:1; SessionId: 0CFE040E8FAD3315CAF6D62064EA03E8; Granted Authorities: 1'
05-23-2017 02:52:25.858,DEBUG,0AF24F5FFB6A7EF058C171C04EC3C7B5,/0001/ at position 2 of 11 in additional filter chain; firing Filter: 'WebAsyncManagerIntegrationFilter'
05-23-2017 02:52:25.858,DEBUG,0AF24F5FFB6A7EF058C171C04EC3C7B5,/0001/ at position 3 of 11 in additional filter chain; firing Filter: 'LogoutFilter'
05-23-2017 02:52:25.858,DEBUG,0AF24F5FFB6A7EF058C171C04EC3C7B5,/0001/ at position 4 of 11 in additional filter chain; firing Filter: 'UsernamePasswordAuthenticationFilter'
05-23-2017 02:52:25.858,DEBUG,0AF24F5FFB6A7EF058C171C04EC3C7B5,/0001/ at position 5 of 11 in additional filter chain; firing Filter: 'BasicAuthenticationFilter'
05-23-2017 02:52:25.858,DEBUG,0AF24F5FFB6A7EF058C171C04EC3C7B5,/0001/ at position 6 of 11 in additional filter chain; firing Filter: 'RequestCacheAwareFilter'
05-23-2017 02:52:25.858,DEBUG,0AF24F5FFB6A7EF058C171C04EC3C7B5,/0001/ at position 7 of 11 in additional filter chain; firing Filter: 'SecurityContextHolderAwareRequestFilter'
05-23-2017 02:52:25.858,DEBUG,0AF24F5FFB6A7EF058C171C04EC3C7B5,/0001/ at position 8 of 11 in additional filter chain; firing Filter: 'AnonymousAuthenticationFilter'
05-23-2017 02:52:25.859,DEBUG,0AF24F5FFB6A7EF058C171C04EC3C7B5,SecurityContextHolder not populated with anonymous token, as it already contained: 'org.springframework.security.authentication.UsernamePasswordAuthenticationToken@3b6bb3bb: Principal: vn.bananavietnam.ict.common.auth.MyUser@c4907816: Username: U0000000001; Password: [PROTECTED]; Enabled: true; AccountNonExpired: true; credentialsNonExpired: true; AccountNonLocked: true; Granted Authorities: 1; Credentials: [PROTECTED]; Authenticated: true; Details: org.springframework.security.web.authentication.WebAuthenticationDetails@43458: RemoteIpAddress: 0:0:0:0:0:0:0:1; SessionId: 0CFE040E8FAD3315CAF6D62064EA03E8; Granted Authorities: 1'
05-23-2017 02:52:25.859,DEBUG,0AF24F5FFB6A7EF058C171C04EC3C7B5,/0001/ at position 9 of 11 in additional filter chain; firing Filter: 'SessionManagementFilter'
05-23-2017 02:52:25.859,DEBUG,0AF24F5FFB6A7EF058C171C04EC3C7B5,/0001/ at position 10 of 11 in additional filter chain; firing Filter: 'ExceptionTranslationFilter'
05-23-2017 02:52:25.859,DEBUG,0AF24F5FFB6A7EF058C171C04EC3C7B5,/0001/ at position 11 of 11 in additional filter chain; firing Filter: 'FilterSecurityInterceptor'
05-23-2017 02:52:25.859,DEBUG,0AF24F5FFB6A7EF058C171C04EC3C7B5,Checking match of request : '/0001/'; against '/autherror*'
05-23-2017 02:52:25.859,DEBUG,0AF24F5FFB6A7EF058C171C04EC3C7B5,Checking match of request : '/0001/'; against '/login/**'
05-23-2017 02:52:25.859,DEBUG,0AF24F5FFB6A7EF058C171C04EC3C7B5,Checking match of request : '/0001/'; against '/error/**'
05-23-2017 02:52:25.859,DEBUG,0AF24F5FFB6A7EF058C171C04EC3C7B5,Checking match of request : '/0001/'; against '/0001/**'
05-23-2017 02:52:25.859,DEBUG,0AF24F5FFB6A7EF058C171C04EC3C7B5,Secure object: FilterInvocation: URL: /0001/; Attributes: [ROLE_ADMIN, ROLE_USER, IS_AUTHENTICATED_FULLY]
05-23-2017 02:52:25.859,DEBUG,0AF24F5FFB6A7EF058C171C04EC3C7B5,Previously Authenticated: org.springframework.security.authentication.UsernamePasswordAuthenticationToken@3b6bb3bb: Principal: vn.bananavietnam.ict.common.auth.MyUser@c4907816: Username: U0000000001; Password: [PROTECTED]; Enabled: true; AccountNonExpired: true; credentialsNonExpired: true; AccountNonLocked: true; Granted Authorities: 1; Credentials: [PROTECTED]; Authenticated: true; Details: org.springframework.security.web.authentication.WebAuthenticationDetails@43458: RemoteIpAddress: 0:0:0:0:0:0:0:1; SessionId: 0CFE040E8FAD3315CAF6D62064EA03E8; Granted Authorities: 1
05-23-2017 02:52:25.861,DEBUG,0AF24F5FFB6A7EF058C171C04EC3C7B5,Voter: org.springframework.security.access.vote.RoleVoter@1ac872d, returned: -1
05-23-2017 02:52:25.861,DEBUG,0AF24F5FFB6A7EF058C171C04EC3C7B5,Voter: org.springframework.security.access.vote.AuthenticatedVoter@b1927d, returned: 1
05-23-2017 02:52:25.861,DEBUG,0AF24F5FFB6A7EF058C171C04EC3C7B5,Authorization successful
05-23-2017 02:52:25.861,DEBUG,0AF24F5FFB6A7EF058C171C04EC3C7B5,RunAsManager did not change Authentication object
05-23-2017 02:52:25.861,DEBUG,0AF24F5FFB6A7EF058C171C04EC3C7B5,/0001/ reached end of additional filter chain; proceeding with original chain
05-23-2017 02:52:25.861,DEBUG,0AF24F5FFB6A7EF058C171C04EC3C7B5,Request [/ict/0001/] is not a multipart request
05-23-2017 02:52:25.861,DEBUG,6F3A877EBCA7EEB6DCF46BAA81FC87B9,DispatcherServlet with name 'appServlet' processing GET request for [/ict/0001/]
05-23-2017 02:52:25.861,DEBUG,6F3A877EBCA7EEB6DCF46BAA81FC87B9,Looking up handler method for path /0001/
05-23-2017 02:52:25.861,DEBUG,6F3A877EBCA7EEB6DCF46BAA81FC87B9,Returning handler method [public java.lang.String vn.bananavietnam.ict.banana.controller.Bnn0001BananaMenuController.top(javax.servlet.http.HttpServletRequest,java.util.Locale,org.springframework.ui.Model)]
05-23-2017 02:52:25.861,DEBUG,6F3A877EBCA7EEB6DCF46BAA81FC87B9,Returning cached instance of singleton bean 'bnn0001BananaMenuController'
05-23-2017 02:52:25.861,DEBUG,6F3A877EBCA7EEB6DCF46BAA81FC87B9,Last-Modified value for [/ict/0001/] is: -1
05-23-2017 02:52:25.861,DEBUG,6F3A877EBCA7EEB6DCF46BAA81FC87B9,Returning cached instance of singleton bean 'xml_path'
05-23-2017 02:52:25.864,DEBUG,6F3A877EBCA7EEB6DCF46BAA81FC87B9,Rendering view [org.springframework.web.servlet.view.JstlView: name 'banana/Bnn0001BananaMenu'; URL [/WEB-INF/views/banana/Bnn0001BananaMenu.jsp]] in DispatcherServlet with name 'appServlet'
05-23-2017 02:52:25.864,DEBUG,6F3A877EBCA7EEB6DCF46BAA81FC87B9,Added model object 'resetDate' of type [java.lang.String] to request in view with name 'banana/Bnn0001BananaMenu'
05-23-2017 02:52:25.864,DEBUG,6F3A877EBCA7EEB6DCF46BAA81FC87B9,Added model object 'layoutDate' of type [java.lang.String] to request in view with name 'banana/Bnn0001BananaMenu'
05-23-2017 02:52:25.864,DEBUG,6F3A877EBCA7EEB6DCF46BAA81FC87B9,Added model object 'jqueryUiCssDate' of type [java.lang.String] to request in view with name 'banana/Bnn0001BananaMenu'
05-23-2017 02:52:25.864,DEBUG,6F3A877EBCA7EEB6DCF46BAA81FC87B9,Added model object 'messageHandlerDate' of type [java.lang.String] to request in view with name 'banana/Bnn0001BananaMenu'
05-23-2017 02:52:25.864,DEBUG,6F3A877EBCA7EEB6DCF46BAA81FC87B9,Added model object 'jqueryDate' of type [java.lang.String] to request in view with name 'banana/Bnn0001BananaMenu'
05-23-2017 02:52:25.864,DEBUG,6F3A877EBCA7EEB6DCF46BAA81FC87B9,Added model object 'jqueryUiDate' of type [java.lang.String] to request in view with name 'banana/Bnn0001BananaMenu'
05-23-2017 02:52:25.864,DEBUG,6F3A877EBCA7EEB6DCF46BAA81FC87B9,Added model object 'datepickerDate' of type [java.lang.String] to request in view with name 'banana/Bnn0001BananaMenu'
05-23-2017 02:52:25.864,DEBUG,6F3A877EBCA7EEB6DCF46BAA81FC87B9,Added model object 'inputmaskDate' of type [java.lang.String] to request in view with name 'banana/Bnn0001BananaMenu'
05-23-2017 02:52:25.864,DEBUG,6F3A877EBCA7EEB6DCF46BAA81FC87B9,Added model object 'jqueryInputmaskDate' of type [java.lang.String] to request in view with name 'banana/Bnn0001BananaMenu'
05-23-2017 02:52:25.864,DEBUG,6F3A877EBCA7EEB6DCF46BAA81FC87B9,Added model object 'inputMaskExtDate' of type [java.lang.String] to request in view with name 'banana/Bnn0001BananaMenu'
05-23-2017 02:52:25.864,DEBUG,6F3A877EBCA7EEB6DCF46BAA81FC87B9,Added model object 'calendarDate' of type [java.lang.String] to request in view with name 'banana/Bnn0001BananaMenu'
05-23-2017 02:52:25.864,DEBUG,6F3A877EBCA7EEB6DCF46BAA81FC87B9,Added model object 'messageDate' of type [java.lang.String] to request in view with name 'banana/Bnn0001BananaMenu'
05-23-2017 02:52:25.864,DEBUG,6F3A877EBCA7EEB6DCF46BAA81FC87B9,Added model object 'storageDate' of type [java.lang.String] to request in view with name 'banana/Bnn0001BananaMenu'
05-23-2017 02:52:25.864,DEBUG,6F3A877EBCA7EEB6DCF46BAA81FC87B9,Added model object 'commonDate' of type [java.lang.String] to request in view with name 'banana/Bnn0001BananaMenu'
05-23-2017 02:52:25.864,DEBUG,6F3A877EBCA7EEB6DCF46BAA81FC87B9,Added model object 'bananaMenuCssDate' of type [java.lang.String] to request in view with name 'banana/Bnn0001BananaMenu'
05-23-2017 02:52:25.864,DEBUG,6F3A877EBCA7EEB6DCF46BAA81FC87B9,Added model object 'bananaMenuJsDate' of type [java.lang.String] to request in view with name 'banana/Bnn0001BananaMenu'
05-23-2017 02:52:25.864,DEBUG,6F3A877EBCA7EEB6DCF46BAA81FC87B9,Forwarding to resource [/WEB-INF/views/banana/Bnn0001BananaMenu.jsp] in InternalResourceView 'banana/Bnn0001BananaMenu'
05-23-2017 02:52:25.865,DEBUG,6F3A877EBCA7EEB6DCF46BAA81FC87B9,Render request received for definition 'defaultTemplate'
05-23-2017 02:52:25.867,DEBUG,6F3A877EBCA7EEB6DCF46BAA81FC87B9,Successfully completed request
05-23-2017 02:52:25.867,DEBUG,6F3A877EBCA7EEB6DCF46BAA81FC87B9,Chain processed normally
05-23-2017 02:52:25.867,DEBUG,6F3A877EBCA7EEB6DCF46BAA81FC87B9,SecurityContextHolder now cleared, as request processing completed
05-23-2017 02:52:27.289,DEBUG,0AF24F5FFB6A7EF058C171C04EC3C7B5,/0089/ at position 1 of 11 in additional filter chain; firing Filter: 'SecurityContextPersistenceFilter'
05-23-2017 02:52:27.289,DEBUG,0AF24F5FFB6A7EF058C171C04EC3C7B5,Obtained a valid SecurityContext from SPRING_SECURITY_CONTEXT: 'org.springframework.security.core.context.SecurityContextImpl@3b6bb3bb: Authentication: org.springframework.security.authentication.UsernamePasswordAuthenticationToken@3b6bb3bb: Principal: vn.bananavietnam.ict.common.auth.MyUser@c4907816: Username: U0000000001; Password: [PROTECTED]; Enabled: true; AccountNonExpired: true; credentialsNonExpired: true; AccountNonLocked: true; Granted Authorities: 1; Credentials: [PROTECTED]; Authenticated: true; Details: org.springframework.security.web.authentication.WebAuthenticationDetails@43458: RemoteIpAddress: 0:0:0:0:0:0:0:1; SessionId: 0CFE040E8FAD3315CAF6D62064EA03E8; Granted Authorities: 1'
05-23-2017 02:52:27.289,DEBUG,0AF24F5FFB6A7EF058C171C04EC3C7B5,/0089/ at position 2 of 11 in additional filter chain; firing Filter: 'WebAsyncManagerIntegrationFilter'
05-23-2017 02:52:27.289,DEBUG,0AF24F5FFB6A7EF058C171C04EC3C7B5,/0089/ at position 3 of 11 in additional filter chain; firing Filter: 'LogoutFilter'
05-23-2017 02:52:27.289,DEBUG,0AF24F5FFB6A7EF058C171C04EC3C7B5,/0089/ at position 4 of 11 in additional filter chain; firing Filter: 'UsernamePasswordAuthenticationFilter'
05-23-2017 02:52:27.289,DEBUG,0AF24F5FFB6A7EF058C171C04EC3C7B5,/0089/ at position 5 of 11 in additional filter chain; firing Filter: 'BasicAuthenticationFilter'
05-23-2017 02:52:27.289,DEBUG,0AF24F5FFB6A7EF058C171C04EC3C7B5,/0089/ at position 6 of 11 in additional filter chain; firing Filter: 'RequestCacheAwareFilter'
05-23-2017 02:52:27.289,DEBUG,0AF24F5FFB6A7EF058C171C04EC3C7B5,/0089/ at position 7 of 11 in additional filter chain; firing Filter: 'SecurityContextHolderAwareRequestFilter'
05-23-2017 02:52:27.289,DEBUG,0AF24F5FFB6A7EF058C171C04EC3C7B5,/0089/ at position 8 of 11 in additional filter chain; firing Filter: 'AnonymousAuthenticationFilter'
05-23-2017 02:52:27.289,DEBUG,0AF24F5FFB6A7EF058C171C04EC3C7B5,SecurityContextHolder not populated with anonymous token, as it already contained: 'org.springframework.security.authentication.UsernamePasswordAuthenticationToken@3b6bb3bb: Principal: vn.bananavietnam.ict.common.auth.MyUser@c4907816: Username: U0000000001; Password: [PROTECTED]; Enabled: true; AccountNonExpired: true; credentialsNonExpired: true; AccountNonLocked: true; Granted Authorities: 1; Credentials: [PROTECTED]; Authenticated: true; Details: org.springframework.security.web.authentication.WebAuthenticationDetails@43458: RemoteIpAddress: 0:0:0:0:0:0:0:1; SessionId: 0CFE040E8FAD3315CAF6D62064EA03E8; Granted Authorities: 1'
05-23-2017 02:52:27.289,DEBUG,0AF24F5FFB6A7EF058C171C04EC3C7B5,/0089/ at position 9 of 11 in additional filter chain; firing Filter: 'SessionManagementFilter'
05-23-2017 02:52:27.289,DEBUG,0AF24F5FFB6A7EF058C171C04EC3C7B5,/0089/ at position 10 of 11 in additional filter chain; firing Filter: 'ExceptionTranslationFilter'
05-23-2017 02:52:27.289,DEBUG,0AF24F5FFB6A7EF058C171C04EC3C7B5,/0089/ at position 11 of 11 in additional filter chain; firing Filter: 'FilterSecurityInterceptor'
05-23-2017 02:52:27.290,DEBUG,0AF24F5FFB6A7EF058C171C04EC3C7B5,Checking match of request : '/0089/'; against '/autherror*'
05-23-2017 02:52:27.290,DEBUG,0AF24F5FFB6A7EF058C171C04EC3C7B5,Checking match of request : '/0089/'; against '/login/**'
05-23-2017 02:52:27.290,DEBUG,0AF24F5FFB6A7EF058C171C04EC3C7B5,Checking match of request : '/0089/'; against '/error/**'
05-23-2017 02:52:27.290,DEBUG,0AF24F5FFB6A7EF058C171C04EC3C7B5,Checking match of request : '/0089/'; against '/0001/**'
05-23-2017 02:52:27.290,DEBUG,0AF24F5FFB6A7EF058C171C04EC3C7B5,Checking match of request : '/0089/'; against '/0002/**'
05-23-2017 02:52:27.290,DEBUG,0AF24F5FFB6A7EF058C171C04EC3C7B5,Checking match of request : '/0089/'; against '/0003/**'
05-23-2017 02:52:27.290,DEBUG,0AF24F5FFB6A7EF058C171C04EC3C7B5,Checking match of request : '/0089/'; against '/0005/**'
05-23-2017 02:52:27.290,DEBUG,0AF24F5FFB6A7EF058C171C04EC3C7B5,Checking match of request : '/0089/'; against '/0007/**'
05-23-2017 02:52:27.290,DEBUG,0AF24F5FFB6A7EF058C171C04EC3C7B5,Checking match of request : '/0089/'; against '/0009/**'
05-23-2017 02:52:27.290,DEBUG,0AF24F5FFB6A7EF058C171C04EC3C7B5,Checking match of request : '/0089/'; against '/0013/**'
05-23-2017 02:52:27.290,DEBUG,0AF24F5FFB6A7EF058C171C04EC3C7B5,Checking match of request : '/0089/'; against '/0023/**'
05-23-2017 02:52:27.290,DEBUG,0AF24F5FFB6A7EF058C171C04EC3C7B5,Checking match of request : '/0089/'; against '/0017/**'
05-23-2017 02:52:27.290,DEBUG,0AF24F5FFB6A7EF058C171C04EC3C7B5,Checking match of request : '/0089/'; against '/0031/**'
05-23-2017 02:52:27.290,DEBUG,0AF24F5FFB6A7EF058C171C04EC3C7B5,Checking match of request : '/0089/'; against '/0035/**'
05-23-2017 02:52:27.290,DEBUG,0AF24F5FFB6A7EF058C171C04EC3C7B5,Checking match of request : '/0089/'; against '/0037/**'
05-23-2017 02:52:27.290,DEBUG,0AF24F5FFB6A7EF058C171C04EC3C7B5,Checking match of request : '/0089/'; against '/0045/**'
05-23-2017 02:52:27.290,DEBUG,0AF24F5FFB6A7EF058C171C04EC3C7B5,Checking match of request : '/0089/'; against '/0047/**'
05-23-2017 02:52:27.290,DEBUG,0AF24F5FFB6A7EF058C171C04EC3C7B5,Checking match of request : '/0089/'; against '/0049/**'
05-23-2017 02:52:27.290,DEBUG,0AF24F5FFB6A7EF058C171C04EC3C7B5,Checking match of request : '/0089/'; against '/0061/**'
05-23-2017 02:52:27.290,DEBUG,0AF24F5FFB6A7EF058C171C04EC3C7B5,Checking match of request : '/0089/'; against '/0087/**'
05-23-2017 02:52:27.290,DEBUG,0AF24F5FFB6A7EF058C171C04EC3C7B5,Checking match of request : '/0089/'; against '/0075/**'
05-23-2017 02:52:27.290,DEBUG,0AF24F5FFB6A7EF058C171C04EC3C7B5,Checking match of request : '/0089/'; against '/0089/**'
05-23-2017 02:52:27.290,DEBUG,0AF24F5FFB6A7EF058C171C04EC3C7B5,Secure object: FilterInvocation: URL: /0089/; Attributes: [ROLE_ADMIN, ROLE_USER, IS_AUTHENTICATED_FULLY]
05-23-2017 02:52:27.290,DEBUG,0AF24F5FFB6A7EF058C171C04EC3C7B5,Previously Authenticated: org.springframework.security.authentication.UsernamePasswordAuthenticationToken@3b6bb3bb: Principal: vn.bananavietnam.ict.common.auth.MyUser@c4907816: Username: U0000000001; Password: [PROTECTED]; Enabled: true; AccountNonExpired: true; credentialsNonExpired: true; AccountNonLocked: true; Granted Authorities: 1; Credentials: [PROTECTED]; Authenticated: true; Details: org.springframework.security.web.authentication.WebAuthenticationDetails@43458: RemoteIpAddress: 0:0:0:0:0:0:0:1; SessionId: 0CFE040E8FAD3315CAF6D62064EA03E8; Granted Authorities: 1
05-23-2017 02:52:27.290,DEBUG,0AF24F5FFB6A7EF058C171C04EC3C7B5,Voter: org.springframework.security.access.vote.RoleVoter@1ac872d, returned: -1
05-23-2017 02:52:27.290,DEBUG,0AF24F5FFB6A7EF058C171C04EC3C7B5,Voter: org.springframework.security.access.vote.AuthenticatedVoter@b1927d, returned: 1
05-23-2017 02:52:27.290,DEBUG,0AF24F5FFB6A7EF058C171C04EC3C7B5,Authorization successful
05-23-2017 02:52:27.290,DEBUG,0AF24F5FFB6A7EF058C171C04EC3C7B5,RunAsManager did not change Authentication object
05-23-2017 02:52:27.290,DEBUG,0AF24F5FFB6A7EF058C171C04EC3C7B5,/0089/ reached end of additional filter chain; proceeding with original chain
05-23-2017 02:52:27.290,DEBUG,0AF24F5FFB6A7EF058C171C04EC3C7B5,Request [/ict/0089/] is not a multipart request
05-23-2017 02:52:27.290,DEBUG,6F3A877EBCA7EEB6DCF46BAA81FC87B9,DispatcherServlet with name 'appServlet' processing GET request for [/ict/0089/]
05-23-2017 02:52:27.290,DEBUG,6F3A877EBCA7EEB6DCF46BAA81FC87B9,Looking up handler method for path /0089/
05-23-2017 02:52:27.290,DEBUG,6F3A877EBCA7EEB6DCF46BAA81FC87B9,Returning handler method [public java.lang.String vn.bananavietnam.ict.banana.controller.Bnn0089SearchTaskController.top(javax.servlet.http.HttpServletRequest,java.util.Locale,org.springframework.ui.Model)]
05-23-2017 02:52:27.290,DEBUG,6F3A877EBCA7EEB6DCF46BAA81FC87B9,Returning cached instance of singleton bean 'bnn0089SearchTaskController'
05-23-2017 02:52:27.291,DEBUG,6F3A877EBCA7EEB6DCF46BAA81FC87B9,Last-Modified value for [/ict/0089/] is: -1
05-23-2017 02:52:27.291,DEBUG,6F3A877EBCA7EEB6DCF46BAA81FC87B9,Returning cached instance of singleton bean 'xml_path'
05-23-2017 02:52:27.294,DEBUG,6F3A877EBCA7EEB6DCF46BAA81FC87B9,Rendering view [org.springframework.web.servlet.view.JstlView: name 'banana/Bnn0089SearchTask'; URL [/WEB-INF/views/banana/Bnn0089SearchTask.jsp]] in DispatcherServlet with name 'appServlet'
05-23-2017 02:52:27.294,DEBUG,6F3A877EBCA7EEB6DCF46BAA81FC87B9,Added model object 'resetDate' of type [java.lang.String] to request in view with name 'banana/Bnn0089SearchTask'
05-23-2017 02:52:27.294,DEBUG,6F3A877EBCA7EEB6DCF46BAA81FC87B9,Added model object 'layoutDate' of type [java.lang.String] to request in view with name 'banana/Bnn0089SearchTask'
05-23-2017 02:52:27.294,DEBUG,6F3A877EBCA7EEB6DCF46BAA81FC87B9,Added model object 'jqueryUiCssDate' of type [java.lang.String] to request in view with name 'banana/Bnn0089SearchTask'
05-23-2017 02:52:27.294,DEBUG,6F3A877EBCA7EEB6DCF46BAA81FC87B9,Added model object 'messageHandlerDate' of type [java.lang.String] to request in view with name 'banana/Bnn0089SearchTask'
05-23-2017 02:52:27.294,DEBUG,6F3A877EBCA7EEB6DCF46BAA81FC87B9,Added model object 'jqueryDate' of type [java.lang.String] to request in view with name 'banana/Bnn0089SearchTask'
05-23-2017 02:52:27.294,DEBUG,6F3A877EBCA7EEB6DCF46BAA81FC87B9,Added model object 'jqueryUiDate' of type [java.lang.String] to request in view with name 'banana/Bnn0089SearchTask'
05-23-2017 02:52:27.294,DEBUG,6F3A877EBCA7EEB6DCF46BAA81FC87B9,Added model object 'datepickerDate' of type [java.lang.String] to request in view with name 'banana/Bnn0089SearchTask'
05-23-2017 02:52:27.294,DEBUG,6F3A877EBCA7EEB6DCF46BAA81FC87B9,Added model object 'inputmaskDate' of type [java.lang.String] to request in view with name 'banana/Bnn0089SearchTask'
05-23-2017 02:52:27.294,DEBUG,6F3A877EBCA7EEB6DCF46BAA81FC87B9,Added model object 'jqueryInputmaskDate' of type [java.lang.String] to request in view with name 'banana/Bnn0089SearchTask'
05-23-2017 02:52:27.294,DEBUG,6F3A877EBCA7EEB6DCF46BAA81FC87B9,Added model object 'inputMaskExtDate' of type [java.lang.String] to request in view with name 'banana/Bnn0089SearchTask'
05-23-2017 02:52:27.294,DEBUG,6F3A877EBCA7EEB6DCF46BAA81FC87B9,Added model object 'calendarDate' of type [java.lang.String] to request in view with name 'banana/Bnn0089SearchTask'
05-23-2017 02:52:27.294,DEBUG,6F3A877EBCA7EEB6DCF46BAA81FC87B9,Added model object 'messageDate' of type [java.lang.String] to request in view with name 'banana/Bnn0089SearchTask'
05-23-2017 02:52:27.294,DEBUG,6F3A877EBCA7EEB6DCF46BAA81FC87B9,Added model object 'storageDate' of type [java.lang.String] to request in view with name 'banana/Bnn0089SearchTask'
05-23-2017 02:52:27.294,DEBUG,6F3A877EBCA7EEB6DCF46BAA81FC87B9,Added model object 'commonDate' of type [java.lang.String] to request in view with name 'banana/Bnn0089SearchTask'
05-23-2017 02:52:27.294,DEBUG,6F3A877EBCA7EEB6DCF46BAA81FC87B9,Added model object 'searchTaskCssDate' of type [java.lang.String] to request in view with name 'banana/Bnn0089SearchTask'
05-23-2017 02:52:27.294,DEBUG,6F3A877EBCA7EEB6DCF46BAA81FC87B9,Added model object 'searchTaskJsDate' of type [java.lang.String] to request in view with name 'banana/Bnn0089SearchTask'
05-23-2017 02:52:27.294,DEBUG,6F3A877EBCA7EEB6DCF46BAA81FC87B9,Forwarding to resource [/WEB-INF/views/banana/Bnn0089SearchTask.jsp] in InternalResourceView 'banana/Bnn0089SearchTask'
05-23-2017 02:52:27.296,DEBUG,6F3A877EBCA7EEB6DCF46BAA81FC87B9,Render request received for definition 'defaultTemplate'
05-23-2017 02:52:27.298,DEBUG,6F3A877EBCA7EEB6DCF46BAA81FC87B9,Successfully completed request
05-23-2017 02:52:27.298,DEBUG,6F3A877EBCA7EEB6DCF46BAA81FC87B9,Chain processed normally
05-23-2017 02:52:27.298,DEBUG,6F3A877EBCA7EEB6DCF46BAA81FC87B9,SecurityContextHolder now cleared, as request processing completed
05-23-2017 02:52:27.379,DEBUG,0AF24F5FFB6A7EF058C171C04EC3C7B5,/0089/searchData at position 1 of 11 in additional filter chain; firing Filter: 'SecurityContextPersistenceFilter'
05-23-2017 02:52:27.379,DEBUG,0AF24F5FFB6A7EF058C171C04EC3C7B5,Obtained a valid SecurityContext from SPRING_SECURITY_CONTEXT: 'org.springframework.security.core.context.SecurityContextImpl@3b6bb3bb: Authentication: org.springframework.security.authentication.UsernamePasswordAuthenticationToken@3b6bb3bb: Principal: vn.bananavietnam.ict.common.auth.MyUser@c4907816: Username: U0000000001; Password: [PROTECTED]; Enabled: true; AccountNonExpired: true; credentialsNonExpired: true; AccountNonLocked: true; Granted Authorities: 1; Credentials: [PROTECTED]; Authenticated: true; Details: org.springframework.security.web.authentication.WebAuthenticationDetails@43458: RemoteIpAddress: 0:0:0:0:0:0:0:1; SessionId: 0CFE040E8FAD3315CAF6D62064EA03E8; Granted Authorities: 1'
05-23-2017 02:52:27.379,DEBUG,0AF24F5FFB6A7EF058C171C04EC3C7B5,/0089/searchData at position 2 of 11 in additional filter chain; firing Filter: 'WebAsyncManagerIntegrationFilter'
05-23-2017 02:52:27.379,DEBUG,0AF24F5FFB6A7EF058C171C04EC3C7B5,/0089/searchData at position 3 of 11 in additional filter chain; firing Filter: 'LogoutFilter'
05-23-2017 02:52:27.379,DEBUG,0AF24F5FFB6A7EF058C171C04EC3C7B5,/0089/searchData at position 4 of 11 in additional filter chain; firing Filter: 'UsernamePasswordAuthenticationFilter'
05-23-2017 02:52:27.379,DEBUG,0AF24F5FFB6A7EF058C171C04EC3C7B5,/0089/searchData at position 5 of 11 in additional filter chain; firing Filter: 'BasicAuthenticationFilter'
05-23-2017 02:52:27.379,DEBUG,0AF24F5FFB6A7EF058C171C04EC3C7B5,/0089/searchData at position 6 of 11 in additional filter chain; firing Filter: 'RequestCacheAwareFilter'
05-23-2017 02:52:27.379,DEBUG,0AF24F5FFB6A7EF058C171C04EC3C7B5,/0089/searchData at position 7 of 11 in additional filter chain; firing Filter: 'SecurityContextHolderAwareRequestFilter'
05-23-2017 02:52:27.379,DEBUG,0AF24F5FFB6A7EF058C171C04EC3C7B5,/0089/searchData at position 8 of 11 in additional filter chain; firing Filter: 'AnonymousAuthenticationFilter'
05-23-2017 02:52:27.379,DEBUG,0AF24F5FFB6A7EF058C171C04EC3C7B5,SecurityContextHolder not populated with anonymous token, as it already contained: 'org.springframework.security.authentication.UsernamePasswordAuthenticationToken@3b6bb3bb: Principal: vn.bananavietnam.ict.common.auth.MyUser@c4907816: Username: U0000000001; Password: [PROTECTED]; Enabled: true; AccountNonExpired: true; credentialsNonExpired: true; AccountNonLocked: true; Granted Authorities: 1; Credentials: [PROTECTED]; Authenticated: true; Details: org.springframework.security.web.authentication.WebAuthenticationDetails@43458: RemoteIpAddress: 0:0:0:0:0:0:0:1; SessionId: 0CFE040E8FAD3315CAF6D62064EA03E8; Granted Authorities: 1'
05-23-2017 02:52:27.379,DEBUG,0AF24F5FFB6A7EF058C171C04EC3C7B5,/0089/searchData at position 9 of 11 in additional filter chain; firing Filter: 'SessionManagementFilter'
05-23-2017 02:52:27.379,DEBUG,0AF24F5FFB6A7EF058C171C04EC3C7B5,/0089/searchData at position 10 of 11 in additional filter chain; firing Filter: 'ExceptionTranslationFilter'
05-23-2017 02:52:27.380,DEBUG,0AF24F5FFB6A7EF058C171C04EC3C7B5,/0089/searchData at position 11 of 11 in additional filter chain; firing Filter: 'FilterSecurityInterceptor'
05-23-2017 02:52:27.380,DEBUG,0AF24F5FFB6A7EF058C171C04EC3C7B5,Checking match of request : '/0089/searchdata'; against '/autherror*'
05-23-2017 02:52:27.380,DEBUG,0AF24F5FFB6A7EF058C171C04EC3C7B5,Checking match of request : '/0089/searchdata'; against '/login/**'
05-23-2017 02:52:27.380,DEBUG,0AF24F5FFB6A7EF058C171C04EC3C7B5,Checking match of request : '/0089/searchdata'; against '/error/**'
05-23-2017 02:52:27.380,DEBUG,0AF24F5FFB6A7EF058C171C04EC3C7B5,Checking match of request : '/0089/searchdata'; against '/0001/**'
05-23-2017 02:52:27.380,DEBUG,0AF24F5FFB6A7EF058C171C04EC3C7B5,Checking match of request : '/0089/searchdata'; against '/0002/**'
05-23-2017 02:52:27.380,DEBUG,0AF24F5FFB6A7EF058C171C04EC3C7B5,Checking match of request : '/0089/searchdata'; against '/0003/**'
05-23-2017 02:52:27.380,DEBUG,0AF24F5FFB6A7EF058C171C04EC3C7B5,Checking match of request : '/0089/searchdata'; against '/0005/**'
05-23-2017 02:52:27.380,DEBUG,0AF24F5FFB6A7EF058C171C04EC3C7B5,Checking match of request : '/0089/searchdata'; against '/0007/**'
05-23-2017 02:52:27.380,DEBUG,0AF24F5FFB6A7EF058C171C04EC3C7B5,Checking match of request : '/0089/searchdata'; against '/0009/**'
05-23-2017 02:52:27.380,DEBUG,0AF24F5FFB6A7EF058C171C04EC3C7B5,Checking match of request : '/0089/searchdata'; against '/0013/**'
05-23-2017 02:52:27.380,DEBUG,0AF24F5FFB6A7EF058C171C04EC3C7B5,Checking match of request : '/0089/searchdata'; against '/0023/**'
05-23-2017 02:52:27.380,DEBUG,0AF24F5FFB6A7EF058C171C04EC3C7B5,Checking match of request : '/0089/searchdata'; against '/0017/**'
05-23-2017 02:52:27.380,DEBUG,0AF24F5FFB6A7EF058C171C04EC3C7B5,Checking match of request : '/0089/searchdata'; against '/0031/**'
05-23-2017 02:52:27.380,DEBUG,0AF24F5FFB6A7EF058C171C04EC3C7B5,Checking match of request : '/0089/searchdata'; against '/0035/**'
05-23-2017 02:52:27.380,DEBUG,0AF24F5FFB6A7EF058C171C04EC3C7B5,Checking match of request : '/0089/searchdata'; against '/0037/**'
05-23-2017 02:52:27.380,DEBUG,0AF24F5FFB6A7EF058C171C04EC3C7B5,Checking match of request : '/0089/searchdata'; against '/0045/**'
05-23-2017 02:52:27.380,DEBUG,0AF24F5FFB6A7EF058C171C04EC3C7B5,Checking match of request : '/0089/searchdata'; against '/0047/**'
05-23-2017 02:52:27.380,DEBUG,0AF24F5FFB6A7EF058C171C04EC3C7B5,Checking match of request : '/0089/searchdata'; against '/0049/**'
05-23-2017 02:52:27.380,DEBUG,0AF24F5FFB6A7EF058C171C04EC3C7B5,Checking match of request : '/0089/searchdata'; against '/0061/**'
05-23-2017 02:52:27.380,DEBUG,0AF24F5FFB6A7EF058C171C04EC3C7B5,Checking match of request : '/0089/searchdata'; against '/0087/**'
05-23-2017 02:52:27.380,DEBUG,0AF24F5FFB6A7EF058C171C04EC3C7B5,Checking match of request : '/0089/searchdata'; against '/0075/**'
05-23-2017 02:52:27.380,DEBUG,0AF24F5FFB6A7EF058C171C04EC3C7B5,Checking match of request : '/0089/searchdata'; against '/0089/**'
05-23-2017 02:52:27.380,DEBUG,0AF24F5FFB6A7EF058C171C04EC3C7B5,Secure object: FilterInvocation: URL: /0089/searchData; Attributes: [ROLE_ADMIN, ROLE_USER, IS_AUTHENTICATED_FULLY]
05-23-2017 02:52:27.380,DEBUG,0AF24F5FFB6A7EF058C171C04EC3C7B5,Previously Authenticated: org.springframework.security.authentication.UsernamePasswordAuthenticationToken@3b6bb3bb: Principal: vn.bananavietnam.ict.common.auth.MyUser@c4907816: Username: U0000000001; Password: [PROTECTED]; Enabled: true; AccountNonExpired: true; credentialsNonExpired: true; AccountNonLocked: true; Granted Authorities: 1; Credentials: [PROTECTED]; Authenticated: true; Details: org.springframework.security.web.authentication.WebAuthenticationDetails@43458: RemoteIpAddress: 0:0:0:0:0:0:0:1; SessionId: 0CFE040E8FAD3315CAF6D62064EA03E8; Granted Authorities: 1
05-23-2017 02:52:27.380,DEBUG,0AF24F5FFB6A7EF058C171C04EC3C7B5,Voter: org.springframework.security.access.vote.RoleVoter@1ac872d, returned: -1
05-23-2017 02:52:27.380,DEBUG,0AF24F5FFB6A7EF058C171C04EC3C7B5,Voter: org.springframework.security.access.vote.AuthenticatedVoter@b1927d, returned: 1
05-23-2017 02:52:27.380,DEBUG,0AF24F5FFB6A7EF058C171C04EC3C7B5,Authorization successful
05-23-2017 02:52:27.380,DEBUG,0AF24F5FFB6A7EF058C171C04EC3C7B5,RunAsManager did not change Authentication object
05-23-2017 02:52:27.380,DEBUG,0AF24F5FFB6A7EF058C171C04EC3C7B5,/0089/searchData reached end of additional filter chain; proceeding with original chain
05-23-2017 02:52:27.380,DEBUG,0AF24F5FFB6A7EF058C171C04EC3C7B5,Request [/ict/0089/searchData] is not a multipart request
05-23-2017 02:52:27.380,DEBUG,6F3A877EBCA7EEB6DCF46BAA81FC87B9,DispatcherServlet with name 'appServlet' processing POST request for [/ict/0089/searchData]
05-23-2017 02:52:27.380,DEBUG,6F3A877EBCA7EEB6DCF46BAA81FC87B9,Looking up handler method for path /0089/searchData
05-23-2017 02:52:27.380,DEBUG,6F3A877EBCA7EEB6DCF46BAA81FC87B9,Returning handler method [public java.util.List<vn.bananavietnam.ict.banana.component.Bnn0089SearchTaskResult> vn.bananavietnam.ict.banana.controller.Bnn0089SearchTaskController.searchData(vn.bananavietnam.ict.banana.component.Bnn0089SearchTaskConditions)]
05-23-2017 02:52:27.380,DEBUG,6F3A877EBCA7EEB6DCF46BAA81FC87B9,Returning cached instance of singleton bean 'bnn0089SearchTaskController'
05-23-2017 02:52:27.381,DEBUG,6F3A877EBCA7EEB6DCF46BAA81FC87B9,Returning cached instance of singleton bean 'xml_path'
05-23-2017 02:52:27.381,DEBUG,6F3A877EBCA7EEB6DCF46BAA81FC87B9,Read [class vn.bananavietnam.ict.banana.component.Bnn0089SearchTaskConditions] as "application/json" with [org.springframework.http.converter.json.MappingJackson2HttpMessageConverter@156f2cc]
05-23-2017 02:52:27.381,INFO ,6F3A877EBCA7EEB6DCF46BAA81FC87B9,U0000000001,vn.bananavietnam.ict.banana.service.Bnn0089SearchTaskService,searchData,[vn.bananavietnam.ict.banana.component.Bnn0089SearchTaskConditions@16706a8] METHOD START
05-23-2017 02:52:27.381,DEBUG,6F3A877EBCA7EEB6DCF46BAA81FC87B9,Returning cached instance of singleton bean 'transactionManager'
05-23-2017 02:52:27.381,INFO ,6F3A877EBCA7EEB6DCF46BAA81FC87B9,U0000000001,Task searching started
05-23-2017 02:52:27.381,DEBUG,6F3A877EBCA7EEB6DCF46BAA81FC87B9,Creating a new SqlSession
05-23-2017 02:52:27.381,DEBUG,6F3A877EBCA7EEB6DCF46BAA81FC87B9,Registering transaction synchronization for SqlSession [org.apache.ibatis.session.defaults.DefaultSqlSession@1990519]
05-23-2017 02:52:27.381,DEBUG,6F3A877EBCA7EEB6DCF46BAA81FC87B9,Fetching JDBC Connection from DataSource
05-23-2017 02:52:27.381,DEBUG,6F3A877EBCA7EEB6DCF46BAA81FC87B9,Creating new JDBC DriverManager Connection to [jdbc:mysql://172.16.0.175:3306/BANANA_DB_HUNG_SELENIUM?useUnicode=yes&characterEncoding=UTF-8&autoReconnect=true]
05-23-2017 02:52:27.398,DEBUG,6F3A877EBCA7EEB6DCF46BAA81FC87B9,Registering transaction synchronization for JDBC Connection
05-23-2017 02:52:27.398,DEBUG,6F3A877EBCA7EEB6DCF46BAA81FC87B9,JDBC Connection [com.mysql.jdbc.JDBC4Connection@fc3d53] will be managed by Spring
05-23-2017 02:52:27.398,DEBUG,6F3A877EBCA7EEB6DCF46BAA81FC87B9,==>  Preparing: SELECT T.TASK_ID taskId, T.TASK_NAME taskName, T.WORKING_DETAILS workingDetails, T.NOTE note, T.QUARANTINE_HANDLING_FLAG quarantineHandlingFlag, T.DELETE_FLAG deleteFlag, T.CHANGE_POINT_CODE changePointCode, T.LAST_UPDATE_DATE lastUpdateDate FROM IVB_M_TASK T WHERE 1 = 1 AND T.DELETE_FLAG = '0' ORDER BY T.TASK_NAME LIMIT ?,? 
05-23-2017 02:52:27.399,DEBUG,6F3A877EBCA7EEB6DCF46BAA81FC87B9,==> Parameters: 0(Integer), 20(Integer)
05-23-2017 02:52:27.401,DEBUG,6F3A877EBCA7EEB6DCF46BAA81FC87B9,<==      Total: 20
05-23-2017 02:52:27.401,DEBUG,6F3A877EBCA7EEB6DCF46BAA81FC87B9,Releasing transactional SqlSession [org.apache.ibatis.session.defaults.DefaultSqlSession@1990519]
05-23-2017 02:52:27.401,INFO ,6F3A877EBCA7EEB6DCF46BAA81FC87B9,U0000000001,SQL execution finished
05-23-2017 02:52:27.401,DEBUG,6F3A877EBCA7EEB6DCF46BAA81FC87B9,Fetched SqlSession [org.apache.ibatis.session.defaults.DefaultSqlSession@1990519] from current transaction
05-23-2017 02:52:27.402,DEBUG,6F3A877EBCA7EEB6DCF46BAA81FC87B9,==>  Preparing: SELECT COUNT(*) FROM IVB_M_TASK T WHERE 1 = 1 AND T.DELETE_FLAG = '0' ORDER BY T.TASK_ID 
05-23-2017 02:52:27.402,DEBUG,6F3A877EBCA7EEB6DCF46BAA81FC87B9,==> Parameters: 
05-23-2017 02:52:27.403,DEBUG,6F3A877EBCA7EEB6DCF46BAA81FC87B9,<==      Total: 1
05-23-2017 02:52:27.403,DEBUG,6F3A877EBCA7EEB6DCF46BAA81FC87B9,Releasing transactional SqlSession [org.apache.ibatis.session.defaults.DefaultSqlSession@1990519]
05-23-2017 02:52:27.403,INFO ,6F3A877EBCA7EEB6DCF46BAA81FC87B9,U0000000001,Task searching finished ==> 43 item(s)
05-23-2017 02:52:27.403,DEBUG,6F3A877EBCA7EEB6DCF46BAA81FC87B9,Transaction synchronization deregistering SqlSession [org.apache.ibatis.session.defaults.DefaultSqlSession@1990519]
05-23-2017 02:52:27.403,DEBUG,6F3A877EBCA7EEB6DCF46BAA81FC87B9,Transaction synchronization closing SqlSession [org.apache.ibatis.session.defaults.DefaultSqlSession@1990519]
05-23-2017 02:52:27.403,DEBUG,6F3A877EBCA7EEB6DCF46BAA81FC87B9,Returning JDBC Connection to DataSource
05-23-2017 02:52:27.403,INFO ,6F3A877EBCA7EEB6DCF46BAA81FC87B9,U0000000001,vn.bananavietnam.ict.banana.service.Bnn0089SearchTaskService,searchData,[vn.bananavietnam.ict.banana.component.Bnn0089SearchTaskConditions@16706a8] METHOD END
05-23-2017 02:52:27.404,DEBUG,6F3A877EBCA7EEB6DCF46BAA81FC87B9,Written [[vn.bananavietnam.ict.banana.component.Bnn0089SearchTaskResult@b8771d, vn.bananavietnam.ict.banana.component.Bnn0089SearchTaskResult@ef8d84, vn.bananavietnam.ict.banana.component.Bnn0089SearchTaskResult@1165299, vn.bananavietnam.ict.banana.component.Bnn0089SearchTaskResult@d726ee, vn.bananavietnam.ict.banana.component.Bnn0089SearchTaskResult@1beb576, vn.bananavietnam.ict.banana.component.Bnn0089SearchTaskResult@1939a68, vn.bananavietnam.ict.banana.component.Bnn0089SearchTaskResult@589699, vn.bananavietnam.ict.banana.component.Bnn0089SearchTaskResult@1613dea, vn.bananavietnam.ict.banana.component.Bnn0089SearchTaskResult@1882b75, vn.bananavietnam.ict.banana.component.Bnn0089SearchTaskResult@f3a8b6, vn.bananavietnam.ict.banana.component.Bnn0089SearchTaskResult@35046f, vn.bananavietnam.ict.banana.component.Bnn0089SearchTaskResult@85fcae, vn.bananavietnam.ict.banana.component.Bnn0089SearchTaskResult@dcb0c8, vn.bananavietnam.ict.banana.component.Bnn0089SearchTaskResult@10713bd, vn.bananavietnam.ict.banana.component.Bnn0089SearchTaskResult@16379ce, vn.bananavietnam.ict.banana.component.Bnn0089SearchTaskResult@c89bc0, vn.bananavietnam.ict.banana.component.Bnn0089SearchTaskResult@11926a1, vn.bananavietnam.ict.banana.component.Bnn0089SearchTaskResult@b841c4, vn.bananavietnam.ict.banana.component.Bnn0089SearchTaskResult@7fe454, vn.bananavietnam.ict.banana.component.Bnn0089SearchTaskResult@976500]] as "application/json;charset=UTF-8" using [org.springframework.http.converter.json.MappingJackson2HttpMessageConverter@156f2cc]
05-23-2017 02:52:27.405,DEBUG,6F3A877EBCA7EEB6DCF46BAA81FC87B9,Null ModelAndView returned to DispatcherServlet with name 'appServlet': assuming HandlerAdapter completed request handling
05-23-2017 02:52:27.405,DEBUG,6F3A877EBCA7EEB6DCF46BAA81FC87B9,Successfully completed request
05-23-2017 02:52:27.405,DEBUG,6F3A877EBCA7EEB6DCF46BAA81FC87B9,Chain processed normally
05-23-2017 02:52:27.405,DEBUG,6F3A877EBCA7EEB6DCF46BAA81FC87B9,SecurityContextHolder now cleared, as request processing completed
