05-08-2017 14:42:42.303,DEBUG,BDFD276D6269587D1B0645D548DF8E3A,/0089/updateData at position 1 of 11 in additional filter chain; firing Filter: 'SecurityContextPersistenceFilter'
05-08-2017 14:42:42.304,DEBUG,BDFD276D6269587D1B0645D548DF8E3A,Obtained a valid SecurityContext from SPRING_SECURITY_CONTEXT: 'org.springframework.security.core.context.SecurityContextImpl@3b6f87e3: Authentication: org.springframework.security.authentication.UsernamePasswordAuthenticationToken@3b6f87e3: Principal: vn.bananavietnam.ict.common.auth.MyUser@c4907816: Username: U0000000001; Password: [PROTECTED]; Enabled: true; AccountNonExpired: true; credentialsNonExpired: true; AccountNonLocked: true; Granted Authorities: 1; Credentials: [PROTECTED]; Authenticated: true; Details: org.springframework.security.web.authentication.WebAuthenticationDetails@0: RemoteIpAddress: 0:0:0:0:0:0:0:1; SessionId: 4409910920AE44F9862AAD9F20317CB2; Granted Authorities: 1'
05-08-2017 14:42:42.304,DEBUG,BDFD276D6269587D1B0645D548DF8E3A,/0089/updateData at position 2 of 11 in additional filter chain; firing Filter: 'WebAsyncManagerIntegrationFilter'
05-08-2017 14:42:42.304,DEBUG,BDFD276D6269587D1B0645D548DF8E3A,/0089/updateData at position 3 of 11 in additional filter chain; firing Filter: 'LogoutFilter'
05-08-2017 14:42:42.304,DEBUG,BDFD276D6269587D1B0645D548DF8E3A,/0089/updateData at position 4 of 11 in additional filter chain; firing Filter: 'UsernamePasswordAuthenticationFilter'
05-08-2017 14:42:42.304,DEBUG,BDFD276D6269587D1B0645D548DF8E3A,/0089/updateData at position 5 of 11 in additional filter chain; firing Filter: 'BasicAuthenticationFilter'
05-08-2017 14:42:42.304,DEBUG,BDFD276D6269587D1B0645D548DF8E3A,/0089/updateData at position 6 of 11 in additional filter chain; firing Filter: 'RequestCacheAwareFilter'
05-08-2017 14:42:42.304,DEBUG,BDFD276D6269587D1B0645D548DF8E3A,/0089/updateData at position 7 of 11 in additional filter chain; firing Filter: 'SecurityContextHolderAwareRequestFilter'
05-08-2017 14:42:42.304,DEBUG,BDFD276D6269587D1B0645D548DF8E3A,/0089/updateData at position 8 of 11 in additional filter chain; firing Filter: 'AnonymousAuthenticationFilter'
05-08-2017 14:42:42.304,DEBUG,BDFD276D6269587D1B0645D548DF8E3A,SecurityContextHolder not populated with anonymous token, as it already contained: 'org.springframework.security.authentication.UsernamePasswordAuthenticationToken@3b6f87e3: Principal: vn.bananavietnam.ict.common.auth.MyUser@c4907816: Username: U0000000001; Password: [PROTECTED]; Enabled: true; AccountNonExpired: true; credentialsNonExpired: true; AccountNonLocked: true; Granted Authorities: 1; Credentials: [PROTECTED]; Authenticated: true; Details: org.springframework.security.web.authentication.WebAuthenticationDetails@0: RemoteIpAddress: 0:0:0:0:0:0:0:1; SessionId: 4409910920AE44F9862AAD9F20317CB2; Granted Authorities: 1'
05-08-2017 14:42:42.304,DEBUG,BDFD276D6269587D1B0645D548DF8E3A,/0089/updateData at position 9 of 11 in additional filter chain; firing Filter: 'SessionManagementFilter'
05-08-2017 14:42:42.304,DEBUG,BDFD276D6269587D1B0645D548DF8E3A,/0089/updateData at position 10 of 11 in additional filter chain; firing Filter: 'ExceptionTranslationFilter'
05-08-2017 14:42:42.304,DEBUG,BDFD276D6269587D1B0645D548DF8E3A,/0089/updateData at position 11 of 11 in additional filter chain; firing Filter: 'FilterSecurityInterceptor'
05-08-2017 14:42:42.304,DEBUG,BDFD276D6269587D1B0645D548DF8E3A,Checking match of request : '/0089/updatedata'; against '/autherror*'
05-08-2017 14:42:42.304,DEBUG,BDFD276D6269587D1B0645D548DF8E3A,Checking match of request : '/0089/updatedata'; against '/login/**'
05-08-2017 14:42:42.304,DEBUG,BDFD276D6269587D1B0645D548DF8E3A,Checking match of request : '/0089/updatedata'; against '/0001/**'
05-08-2017 14:42:42.304,DEBUG,BDFD276D6269587D1B0645D548DF8E3A,Checking match of request : '/0089/updatedata'; against '/0002/**'
05-08-2017 14:42:42.304,DEBUG,BDFD276D6269587D1B0645D548DF8E3A,Checking match of request : '/0089/updatedata'; against '/0003/**'
05-08-2017 14:42:42.304,DEBUG,BDFD276D6269587D1B0645D548DF8E3A,Checking match of request : '/0089/updatedata'; against '/searchuserpopup/**'
05-08-2017 14:42:42.304,DEBUG,BDFD276D6269587D1B0645D548DF8E3A,Checking match of request : '/0089/updatedata'; against '/0005/**'
05-08-2017 14:42:42.305,DEBUG,BDFD276D6269587D1B0645D548DF8E3A,Checking match of request : '/0089/updatedata'; against '/0009/**'
05-08-2017 14:42:42.305,DEBUG,BDFD276D6269587D1B0645D548DF8E3A,Checking match of request : '/0089/updatedata'; against '/searchline/**'
05-08-2017 14:42:42.305,DEBUG,BDFD276D6269587D1B0645D548DF8E3A,Checking match of request : '/0089/updatedata'; against '/0013/**'
05-08-2017 14:42:42.305,DEBUG,BDFD276D6269587D1B0645D548DF8E3A,Checking match of request : '/0089/updatedata'; against '/0017/**'
05-08-2017 14:42:42.305,DEBUG,BDFD276D6269587D1B0645D548DF8E3A,Checking match of request : '/0089/updatedata'; against '/0031/**'
05-08-2017 14:42:42.305,DEBUG,BDFD276D6269587D1B0645D548DF8E3A,Checking match of request : '/0089/updatedata'; against '/0035/**'
05-08-2017 14:42:42.305,DEBUG,BDFD276D6269587D1B0645D548DF8E3A,Checking match of request : '/0089/updatedata'; against '/0037/**'
05-08-2017 14:42:42.305,DEBUG,BDFD276D6269587D1B0645D548DF8E3A,Checking match of request : '/0089/updatedata'; against '/0045/**'
05-08-2017 14:42:42.305,DEBUG,BDFD276D6269587D1B0645D548DF8E3A,Checking match of request : '/0089/updatedata'; against '/0047/**'
05-08-2017 14:42:42.305,DEBUG,BDFD276D6269587D1B0645D548DF8E3A,Checking match of request : '/0089/updatedata'; against '/0049/**'
05-08-2017 14:42:42.305,DEBUG,BDFD276D6269587D1B0645D548DF8E3A,Checking match of request : '/0089/updatedata'; against '/0061/**'
05-08-2017 14:42:42.305,DEBUG,BDFD276D6269587D1B0645D548DF8E3A,Checking match of request : '/0089/updatedata'; against '/0087/**'
05-08-2017 14:42:42.305,DEBUG,BDFD276D6269587D1B0645D548DF8E3A,Checking match of request : '/0089/updatedata'; against '/0075/**'
05-08-2017 14:42:42.305,DEBUG,BDFD276D6269587D1B0645D548DF8E3A,Checking match of request : '/0089/updatedata'; against '/0089/**'
05-08-2017 14:42:42.305,DEBUG,BDFD276D6269587D1B0645D548DF8E3A,Secure object: FilterInvocation: URL: /0089/updateData; Attributes: [ROLE_ADMIN, ROLE_USER, IS_AUTHENTICATED_FULLY]
05-08-2017 14:42:42.305,DEBUG,BDFD276D6269587D1B0645D548DF8E3A,Previously Authenticated: org.springframework.security.authentication.UsernamePasswordAuthenticationToken@3b6f87e3: Principal: vn.bananavietnam.ict.common.auth.MyUser@c4907816: Username: U0000000001; Password: [PROTECTED]; Enabled: true; AccountNonExpired: true; credentialsNonExpired: true; AccountNonLocked: true; Granted Authorities: 1; Credentials: [PROTECTED]; Authenticated: true; Details: org.springframework.security.web.authentication.WebAuthenticationDetails@0: RemoteIpAddress: 0:0:0:0:0:0:0:1; SessionId: 4409910920AE44F9862AAD9F20317CB2; Granted Authorities: 1
05-08-2017 14:42:42.305,DEBUG,BDFD276D6269587D1B0645D548DF8E3A,Voter: org.springframework.security.access.vote.RoleVoter@1b68791, returned: -1
05-08-2017 14:42:42.305,DEBUG,BDFD276D6269587D1B0645D548DF8E3A,Voter: org.springframework.security.access.vote.AuthenticatedVoter@1fd620c, returned: 1
05-08-2017 14:42:42.305,DEBUG,BDFD276D6269587D1B0645D548DF8E3A,Authorization successful
05-08-2017 14:42:42.305,DEBUG,BDFD276D6269587D1B0645D548DF8E3A,RunAsManager did not change Authentication object
05-08-2017 14:42:42.305,DEBUG,BDFD276D6269587D1B0645D548DF8E3A,/0089/updateData reached end of additional filter chain; proceeding with original chain
05-08-2017 14:42:42.305,DEBUG,BDFD276D6269587D1B0645D548DF8E3A,Request [/ict/0089/updateData] is not a multipart request
05-08-2017 14:42:42.305,DEBUG,BDFD276D6269587D1B0645D548DF8E3A,DispatcherServlet with name 'appServlet' processing POST request for [/ict/0089/updateData]
05-08-2017 14:42:42.305,DEBUG,BDFD276D6269587D1B0645D548DF8E3A,Looking up handler method for path /0089/updateData
05-08-2017 14:42:42.305,DEBUG,BDFD276D6269587D1B0645D548DF8E3A,Returning handler method [public java.lang.String vn.bananavietnam.ict.banana.controller.Bnn0089SearchTaskController.updateData(vn.bananavietnam.ict.common.db.model.IvbMTask)]
05-08-2017 14:42:42.305,DEBUG,BDFD276D6269587D1B0645D548DF8E3A,Returning cached instance of singleton bean 'bnn0089SearchTaskController'
05-08-2017 14:42:42.305,DEBUG,BDFD276D6269587D1B0645D548DF8E3A,Returning cached instance of singleton bean 'xml_path'
05-08-2017 14:42:42.306,DEBUG,BDFD276D6269587D1B0645D548DF8E3A,Read [class vn.bananavietnam.ict.common.db.model.IvbMTask] as "application/json" with [org.springframework.http.converter.json.MappingJackson2HttpMessageConverter@1fe278e]
05-08-2017 14:42:42.306,INFO ,BDFD276D6269587D1B0645D548DF8E3A,U0000000001,vn.bananavietnam.ict.banana.service.Bnn0089SearchTaskService,updateData,[vn.bananavietnam.ict.common.db.model.IvbMTask@14b41b0] METHOD START
05-08-2017 14:42:42.306,DEBUG,BDFD276D6269587D1B0645D548DF8E3A,Returning cached instance of singleton bean 'transactionManager'
05-08-2017 14:42:42.306,DEBUG,BDFD276D6269587D1B0645D548DF8E3A,Creating new transaction with name [null]: PROPAGATION_REQUIRED,ISOLATION_DEFAULT
05-08-2017 14:42:42.306,DEBUG,BDFD276D6269587D1B0645D548DF8E3A,Creating new JDBC DriverManager Connection to [jdbc:mysql://172.16.0.175:3306/BANANA_DB_HUNG_SELENIUM?useUnicode=yes&characterEncoding=UTF-8&autoReconnect=true]
05-08-2017 14:42:42.323,DEBUG,BDFD276D6269587D1B0645D548DF8E3A,Acquired Connection [com.mysql.jdbc.JDBC4Connection@3f0d90] for JDBC transaction
05-08-2017 14:42:42.324,DEBUG,BDFD276D6269587D1B0645D548DF8E3A,Switching JDBC Connection [com.mysql.jdbc.JDBC4Connection@3f0d90] to manual commit
05-08-2017 14:42:42.325,DEBUG,BDFD276D6269587D1B0645D548DF8E3A,Creating a new SqlSession
05-08-2017 14:42:42.325,DEBUG,BDFD276D6269587D1B0645D548DF8E3A,Registering transaction synchronization for SqlSession [org.apache.ibatis.session.defaults.DefaultSqlSession@1673db0]
05-08-2017 14:42:42.325,DEBUG,BDFD276D6269587D1B0645D548DF8E3A,JDBC Connection [com.mysql.jdbc.JDBC4Connection@3f0d90] will be managed by Spring
05-08-2017 14:42:42.325,DEBUG,BDFD276D6269587D1B0645D548DF8E3A,==>  Preparing: update IVB_M_TASK SET TASK_NAME = ?, WORKING_DETAILS = ?, NOTE = ?, QUARANTINE_HANDLING_FLAG = ?, CHANGE_POINT_CODE = ?, UPDATE_USER_ID = ?, LAST_UPDATE_DATE = NOW(), DELETE_FLAG = ? where TASK_ID = ? 
05-08-2017 14:42:42.326,DEBUG,BDFD276D6269587D1B0645D548DF8E3A,==> Parameters: ABC Task update(String), ABC Task update(String), ABC Task update(String), true(Boolean), 0(String), U0000000001(String), false(Boolean), T055(String)
05-08-2017 14:42:42.328,DEBUG,BDFD276D6269587D1B0645D548DF8E3A,<==    Updates: 1
05-08-2017 14:42:42.328,DEBUG,BDFD276D6269587D1B0645D548DF8E3A,Releasing transactional SqlSession [org.apache.ibatis.session.defaults.DefaultSqlSession@1673db0]
05-08-2017 14:42:42.328,DEBUG,BDFD276D6269587D1B0645D548DF8E3A,Transaction synchronization committing SqlSession [org.apache.ibatis.session.defaults.DefaultSqlSession@1673db0]
05-08-2017 14:42:42.328,DEBUG,BDFD276D6269587D1B0645D548DF8E3A,Transaction synchronization deregistering SqlSession [org.apache.ibatis.session.defaults.DefaultSqlSession@1673db0]
05-08-2017 14:42:42.328,DEBUG,BDFD276D6269587D1B0645D548DF8E3A,Transaction synchronization closing SqlSession [org.apache.ibatis.session.defaults.DefaultSqlSession@1673db0]
05-08-2017 14:42:42.328,DEBUG,BDFD276D6269587D1B0645D548DF8E3A,Initiating transaction commit
05-08-2017 14:42:42.328,DEBUG,BDFD276D6269587D1B0645D548DF8E3A,Committing JDBC transaction on Connection [com.mysql.jdbc.JDBC4Connection@3f0d90]
05-08-2017 14:42:42.334,DEBUG,BDFD276D6269587D1B0645D548DF8E3A,Releasing JDBC Connection [com.mysql.jdbc.JDBC4Connection@3f0d90] after transaction
05-08-2017 14:42:42.334,DEBUG,BDFD276D6269587D1B0645D548DF8E3A,Returning JDBC Connection to DataSource
05-08-2017 14:42:42.335,INFO ,BDFD276D6269587D1B0645D548DF8E3A,U0000000001,vn.bananavietnam.ict.banana.service.Bnn0089SearchTaskService,updateData,[vn.bananavietnam.ict.common.db.model.IvbMTask@14b41b0] METHOD END
05-08-2017 14:42:42.335,DEBUG,BDFD276D6269587D1B0645D548DF8E3A,Written [4000] as "text/plain;charset=ISO-8859-1" using [org.springframework.http.converter.StringHttpMessageConverter@1136134]
05-08-2017 14:42:42.335,DEBUG,BDFD276D6269587D1B0645D548DF8E3A,Null ModelAndView returned to DispatcherServlet with name 'appServlet': assuming HandlerAdapter completed request handling
05-08-2017 14:42:42.335,DEBUG,BDFD276D6269587D1B0645D548DF8E3A,Successfully completed request
05-08-2017 14:42:42.336,DEBUG,BDFD276D6269587D1B0645D548DF8E3A,Chain processed normally
05-08-2017 14:42:42.336,DEBUG,BDFD276D6269587D1B0645D548DF8E3A,SecurityContextHolder now cleared, as request processing completed
05-08-2017 14:42:42.339,DEBUG,BDFD276D6269587D1B0645D548DF8E3A,/0089/searchData at position 1 of 11 in additional filter chain; firing Filter: 'SecurityContextPersistenceFilter'
05-08-2017 14:42:42.339,DEBUG,BDFD276D6269587D1B0645D548DF8E3A,Obtained a valid SecurityContext from SPRING_SECURITY_CONTEXT: 'org.springframework.security.core.context.SecurityContextImpl@3b6f87e3: Authentication: org.springframework.security.authentication.UsernamePasswordAuthenticationToken@3b6f87e3: Principal: vn.bananavietnam.ict.common.auth.MyUser@c4907816: Username: U0000000001; Password: [PROTECTED]; Enabled: true; AccountNonExpired: true; credentialsNonExpired: true; AccountNonLocked: true; Granted Authorities: 1; Credentials: [PROTECTED]; Authenticated: true; Details: org.springframework.security.web.authentication.WebAuthenticationDetails@0: RemoteIpAddress: 0:0:0:0:0:0:0:1; SessionId: 4409910920AE44F9862AAD9F20317CB2; Granted Authorities: 1'
05-08-2017 14:42:42.339,DEBUG,BDFD276D6269587D1B0645D548DF8E3A,/0089/searchData at position 2 of 11 in additional filter chain; firing Filter: 'WebAsyncManagerIntegrationFilter'
05-08-2017 14:42:42.339,DEBUG,BDFD276D6269587D1B0645D548DF8E3A,/0089/searchData at position 3 of 11 in additional filter chain; firing Filter: 'LogoutFilter'
05-08-2017 14:42:42.339,DEBUG,BDFD276D6269587D1B0645D548DF8E3A,/0089/searchData at position 4 of 11 in additional filter chain; firing Filter: 'UsernamePasswordAuthenticationFilter'
05-08-2017 14:42:42.339,DEBUG,BDFD276D6269587D1B0645D548DF8E3A,/0089/searchData at position 5 of 11 in additional filter chain; firing Filter: 'BasicAuthenticationFilter'
05-08-2017 14:42:42.339,DEBUG,BDFD276D6269587D1B0645D548DF8E3A,/0089/searchData at position 6 of 11 in additional filter chain; firing Filter: 'RequestCacheAwareFilter'
05-08-2017 14:42:42.339,DEBUG,BDFD276D6269587D1B0645D548DF8E3A,/0089/searchData at position 7 of 11 in additional filter chain; firing Filter: 'SecurityContextHolderAwareRequestFilter'
05-08-2017 14:42:42.339,DEBUG,BDFD276D6269587D1B0645D548DF8E3A,/0089/searchData at position 8 of 11 in additional filter chain; firing Filter: 'AnonymousAuthenticationFilter'
05-08-2017 14:42:42.340,DEBUG,BDFD276D6269587D1B0645D548DF8E3A,SecurityContextHolder not populated with anonymous token, as it already contained: 'org.springframework.security.authentication.UsernamePasswordAuthenticationToken@3b6f87e3: Principal: vn.bananavietnam.ict.common.auth.MyUser@c4907816: Username: U0000000001; Password: [PROTECTED]; Enabled: true; AccountNonExpired: true; credentialsNonExpired: true; AccountNonLocked: true; Granted Authorities: 1; Credentials: [PROTECTED]; Authenticated: true; Details: org.springframework.security.web.authentication.WebAuthenticationDetails@0: RemoteIpAddress: 0:0:0:0:0:0:0:1; SessionId: 4409910920AE44F9862AAD9F20317CB2; Granted Authorities: 1'
05-08-2017 14:42:42.340,DEBUG,BDFD276D6269587D1B0645D548DF8E3A,/0089/searchData at position 9 of 11 in additional filter chain; firing Filter: 'SessionManagementFilter'
05-08-2017 14:42:42.340,DEBUG,BDFD276D6269587D1B0645D548DF8E3A,/0089/searchData at position 10 of 11 in additional filter chain; firing Filter: 'ExceptionTranslationFilter'
05-08-2017 14:42:42.340,DEBUG,BDFD276D6269587D1B0645D548DF8E3A,/0089/searchData at position 11 of 11 in additional filter chain; firing Filter: 'FilterSecurityInterceptor'
05-08-2017 14:42:42.340,DEBUG,BDFD276D6269587D1B0645D548DF8E3A,Checking match of request : '/0089/searchdata'; against '/autherror*'
05-08-2017 14:42:42.340,DEBUG,BDFD276D6269587D1B0645D548DF8E3A,Checking match of request : '/0089/searchdata'; against '/login/**'
05-08-2017 14:42:42.340,DEBUG,BDFD276D6269587D1B0645D548DF8E3A,Checking match of request : '/0089/searchdata'; against '/0001/**'
05-08-2017 14:42:42.340,DEBUG,BDFD276D6269587D1B0645D548DF8E3A,Checking match of request : '/0089/searchdata'; against '/0002/**'
05-08-2017 14:42:42.340,DEBUG,BDFD276D6269587D1B0645D548DF8E3A,Checking match of request : '/0089/searchdata'; against '/0003/**'
05-08-2017 14:42:42.340,DEBUG,BDFD276D6269587D1B0645D548DF8E3A,Checking match of request : '/0089/searchdata'; against '/searchuserpopup/**'
05-08-2017 14:42:42.340,DEBUG,BDFD276D6269587D1B0645D548DF8E3A,Checking match of request : '/0089/searchdata'; against '/0005/**'
05-08-2017 14:42:42.340,DEBUG,BDFD276D6269587D1B0645D548DF8E3A,Checking match of request : '/0089/searchdata'; against '/0009/**'
05-08-2017 14:42:42.340,DEBUG,BDFD276D6269587D1B0645D548DF8E3A,Checking match of request : '/0089/searchdata'; against '/searchline/**'
05-08-2017 14:42:42.340,DEBUG,BDFD276D6269587D1B0645D548DF8E3A,Checking match of request : '/0089/searchdata'; against '/0013/**'
05-08-2017 14:42:42.340,DEBUG,BDFD276D6269587D1B0645D548DF8E3A,Checking match of request : '/0089/searchdata'; against '/0017/**'
05-08-2017 14:42:42.340,DEBUG,BDFD276D6269587D1B0645D548DF8E3A,Checking match of request : '/0089/searchdata'; against '/0031/**'
05-08-2017 14:42:42.340,DEBUG,BDFD276D6269587D1B0645D548DF8E3A,Checking match of request : '/0089/searchdata'; against '/0035/**'
05-08-2017 14:42:42.340,DEBUG,BDFD276D6269587D1B0645D548DF8E3A,Checking match of request : '/0089/searchdata'; against '/0037/**'
05-08-2017 14:42:42.340,DEBUG,BDFD276D6269587D1B0645D548DF8E3A,Checking match of request : '/0089/searchdata'; against '/0045/**'
05-08-2017 14:42:42.340,DEBUG,BDFD276D6269587D1B0645D548DF8E3A,Checking match of request : '/0089/searchdata'; against '/0047/**'
05-08-2017 14:42:42.340,DEBUG,BDFD276D6269587D1B0645D548DF8E3A,Checking match of request : '/0089/searchdata'; against '/0049/**'
05-08-2017 14:42:42.340,DEBUG,BDFD276D6269587D1B0645D548DF8E3A,Checking match of request : '/0089/searchdata'; against '/0061/**'
05-08-2017 14:42:42.340,DEBUG,BDFD276D6269587D1B0645D548DF8E3A,Checking match of request : '/0089/searchdata'; against '/0087/**'
05-08-2017 14:42:42.340,DEBUG,BDFD276D6269587D1B0645D548DF8E3A,Checking match of request : '/0089/searchdata'; against '/0075/**'
05-08-2017 14:42:42.340,DEBUG,BDFD276D6269587D1B0645D548DF8E3A,Checking match of request : '/0089/searchdata'; against '/0089/**'
05-08-2017 14:42:42.340,DEBUG,BDFD276D6269587D1B0645D548DF8E3A,Secure object: FilterInvocation: URL: /0089/searchData; Attributes: [ROLE_ADMIN, ROLE_USER, IS_AUTHENTICATED_FULLY]
05-08-2017 14:42:42.340,DEBUG,BDFD276D6269587D1B0645D548DF8E3A,Previously Authenticated: org.springframework.security.authentication.UsernamePasswordAuthenticationToken@3b6f87e3: Principal: vn.bananavietnam.ict.common.auth.MyUser@c4907816: Username: U0000000001; Password: [PROTECTED]; Enabled: true; AccountNonExpired: true; credentialsNonExpired: true; AccountNonLocked: true; Granted Authorities: 1; Credentials: [PROTECTED]; Authenticated: true; Details: org.springframework.security.web.authentication.WebAuthenticationDetails@0: RemoteIpAddress: 0:0:0:0:0:0:0:1; SessionId: 4409910920AE44F9862AAD9F20317CB2; Granted Authorities: 1
05-08-2017 14:42:42.340,DEBUG,BDFD276D6269587D1B0645D548DF8E3A,Voter: org.springframework.security.access.vote.RoleVoter@1b68791, returned: -1
05-08-2017 14:42:42.340,DEBUG,BDFD276D6269587D1B0645D548DF8E3A,Voter: org.springframework.security.access.vote.AuthenticatedVoter@1fd620c, returned: 1
05-08-2017 14:42:42.340,DEBUG,BDFD276D6269587D1B0645D548DF8E3A,Authorization successful
05-08-2017 14:42:42.340,DEBUG,BDFD276D6269587D1B0645D548DF8E3A,RunAsManager did not change Authentication object
05-08-2017 14:42:42.340,DEBUG,BDFD276D6269587D1B0645D548DF8E3A,/0089/searchData reached end of additional filter chain; proceeding with original chain
05-08-2017 14:42:42.340,DEBUG,BDFD276D6269587D1B0645D548DF8E3A,Request [/ict/0089/searchData] is not a multipart request
05-08-2017 14:42:42.340,DEBUG,BDFD276D6269587D1B0645D548DF8E3A,DispatcherServlet with name 'appServlet' processing POST request for [/ict/0089/searchData]
05-08-2017 14:42:42.340,DEBUG,BDFD276D6269587D1B0645D548DF8E3A,Looking up handler method for path /0089/searchData
05-08-2017 14:42:42.340,DEBUG,BDFD276D6269587D1B0645D548DF8E3A,Returning handler method [public java.util.List<vn.bananavietnam.ict.banana.component.Bnn0089SearchTaskResult> vn.bananavietnam.ict.banana.controller.Bnn0089SearchTaskController.searchData(vn.bananavietnam.ict.banana.component.Bnn0089SearchTaskConditions)]
05-08-2017 14:42:42.340,DEBUG,BDFD276D6269587D1B0645D548DF8E3A,Returning cached instance of singleton bean 'bnn0089SearchTaskController'
05-08-2017 14:42:42.340,DEBUG,BDFD276D6269587D1B0645D548DF8E3A,Returning cached instance of singleton bean 'xml_path'
05-08-2017 14:42:42.341,DEBUG,BDFD276D6269587D1B0645D548DF8E3A,Read [class vn.bananavietnam.ict.banana.component.Bnn0089SearchTaskConditions] as "application/json" with [org.springframework.http.converter.json.MappingJackson2HttpMessageConverter@1fe278e]
05-08-2017 14:42:42.341,INFO ,BDFD276D6269587D1B0645D548DF8E3A,U0000000001,vn.bananavietnam.ict.banana.service.Bnn0089SearchTaskService,searchData,[vn.bananavietnam.ict.banana.component.Bnn0089SearchTaskConditions@dbc347] METHOD START
05-08-2017 14:42:42.341,DEBUG,BDFD276D6269587D1B0645D548DF8E3A,Returning cached instance of singleton bean 'transactionManager'
05-08-2017 14:42:42.341,INFO ,BDFD276D6269587D1B0645D548DF8E3A,U0000000001,Task searching started
05-08-2017 14:42:42.341,DEBUG,BDFD276D6269587D1B0645D548DF8E3A,Creating a new SqlSession
05-08-2017 14:42:42.341,DEBUG,BDFD276D6269587D1B0645D548DF8E3A,Registering transaction synchronization for SqlSession [org.apache.ibatis.session.defaults.DefaultSqlSession@1233e83]
05-08-2017 14:42:42.341,DEBUG,BDFD276D6269587D1B0645D548DF8E3A,Fetching JDBC Connection from DataSource
05-08-2017 14:42:42.341,DEBUG,BDFD276D6269587D1B0645D548DF8E3A,Creating new JDBC DriverManager Connection to [jdbc:mysql://172.16.0.175:3306/BANANA_DB_HUNG_SELENIUM?useUnicode=yes&characterEncoding=UTF-8&autoReconnect=true]
05-08-2017 14:42:42.357,DEBUG,BDFD276D6269587D1B0645D548DF8E3A,Registering transaction synchronization for JDBC Connection
05-08-2017 14:42:42.357,DEBUG,BDFD276D6269587D1B0645D548DF8E3A,JDBC Connection [com.mysql.jdbc.JDBC4Connection@aa1f7a] will be managed by Spring
05-08-2017 14:42:42.357,DEBUG,BDFD276D6269587D1B0645D548DF8E3A,==>  Preparing: SELECT T.TASK_ID taskId, T.TASK_NAME taskName, T.WORKING_DETAILS workingDetails, T.NOTE note, T.QUARANTINE_HANDLING_FLAG quarantineHandlingFlag, T.DELETE_FLAG deleteFlag, T.CHANGE_POINT_CODE changePointCode FROM IVB_M_TASK T WHERE 1 = 1 AND T.DELETE_FLAG = '0' ORDER BY T.TASK_NAME LIMIT ?,? 
05-08-2017 14:42:42.357,DEBUG,BDFD276D6269587D1B0645D548DF8E3A,==> Parameters: 0(Integer), 20(Integer)
05-08-2017 14:42:42.360,DEBUG,BDFD276D6269587D1B0645D548DF8E3A,<==      Total: 20
05-08-2017 14:42:42.360,DEBUG,BDFD276D6269587D1B0645D548DF8E3A,Releasing transactional SqlSession [org.apache.ibatis.session.defaults.DefaultSqlSession@1233e83]
05-08-2017 14:42:42.360,INFO ,BDFD276D6269587D1B0645D548DF8E3A,U0000000001,SQL execution finished
05-08-2017 14:42:42.360,DEBUG,BDFD276D6269587D1B0645D548DF8E3A,Fetched SqlSession [org.apache.ibatis.session.defaults.DefaultSqlSession@1233e83] from current transaction
05-08-2017 14:42:42.360,DEBUG,BDFD276D6269587D1B0645D548DF8E3A,==>  Preparing: SELECT COUNT(*) FROM IVB_M_TASK T WHERE 1 = 1 AND T.DELETE_FLAG = '0' ORDER BY T.TASK_ID 
05-08-2017 14:42:42.360,DEBUG,BDFD276D6269587D1B0645D548DF8E3A,==> Parameters: 
05-08-2017 14:42:42.362,DEBUG,BDFD276D6269587D1B0645D548DF8E3A,<==      Total: 1
05-08-2017 14:42:42.362,DEBUG,BDFD276D6269587D1B0645D548DF8E3A,Releasing transactional SqlSession [org.apache.ibatis.session.defaults.DefaultSqlSession@1233e83]
05-08-2017 14:42:42.362,INFO ,BDFD276D6269587D1B0645D548DF8E3A,U0000000001,Task searching finished ==> 44 item(s)
05-08-2017 14:42:42.362,DEBUG,BDFD276D6269587D1B0645D548DF8E3A,Transaction synchronization deregistering SqlSession [org.apache.ibatis.session.defaults.DefaultSqlSession@1233e83]
05-08-2017 14:42:42.362,DEBUG,BDFD276D6269587D1B0645D548DF8E3A,Transaction synchronization closing SqlSession [org.apache.ibatis.session.defaults.DefaultSqlSession@1233e83]
05-08-2017 14:42:42.362,DEBUG,BDFD276D6269587D1B0645D548DF8E3A,Returning JDBC Connection to DataSource
05-08-2017 14:42:42.362,INFO ,BDFD276D6269587D1B0645D548DF8E3A,U0000000001,vn.bananavietnam.ict.banana.service.Bnn0089SearchTaskService,searchData,[vn.bananavietnam.ict.banana.component.Bnn0089SearchTaskConditions@dbc347] METHOD END
05-08-2017 14:42:42.364,DEBUG,BDFD276D6269587D1B0645D548DF8E3A,Written [[vn.bananavietnam.ict.banana.component.Bnn0089SearchTaskResult@50b67c, vn.bananavietnam.ict.banana.component.Bnn0089SearchTaskResult@400b1c, vn.bananavietnam.ict.banana.component.Bnn0089SearchTaskResult@ce6831, vn.bananavietnam.ict.banana.component.Bnn0089SearchTaskResult@3c8a90, vn.bananavietnam.ict.banana.component.Bnn0089SearchTaskResult@16c37bd, vn.bananavietnam.ict.banana.component.Bnn0089SearchTaskResult@17cda27, vn.bananavietnam.ict.banana.component.Bnn0089SearchTaskResult@e0aa99, vn.bananavietnam.ict.banana.component.Bnn0089SearchTaskResult@2cd51f, vn.bananavietnam.ict.banana.component.Bnn0089SearchTaskResult@6fd2f8, vn.bananavietnam.ict.banana.component.Bnn0089SearchTaskResult@1df86f0, vn.bananavietnam.ict.banana.component.Bnn0089SearchTaskResult@864870, vn.bananavietnam.ict.banana.component.Bnn0089SearchTaskResult@28e492, vn.bananavietnam.ict.banana.component.Bnn0089SearchTaskResult@700efd, vn.bananavietnam.ict.banana.component.Bnn0089SearchTaskResult@1a7f485, vn.bananavietnam.ict.banana.component.Bnn0089SearchTaskResult@17eea49, vn.bananavietnam.ict.banana.component.Bnn0089SearchTaskResult@318240, vn.bananavietnam.ict.banana.component.Bnn0089SearchTaskResult@127bdd, vn.bananavietnam.ict.banana.component.Bnn0089SearchTaskResult@b5b886, vn.bananavietnam.ict.banana.component.Bnn0089SearchTaskResult@e93efb, vn.bananavietnam.ict.banana.component.Bnn0089SearchTaskResult@8299a4]] as "application/json;charset=UTF-8" using [org.springframework.http.converter.json.MappingJackson2HttpMessageConverter@1fe278e]
05-08-2017 14:42:42.364,DEBUG,BDFD276D6269587D1B0645D548DF8E3A,Null ModelAndView returned to DispatcherServlet with name 'appServlet': assuming HandlerAdapter completed request handling
05-08-2017 14:42:42.364,DEBUG,BDFD276D6269587D1B0645D548DF8E3A,Successfully completed request
05-08-2017 14:42:42.364,DEBUG,BDFD276D6269587D1B0645D548DF8E3A,Chain processed normally
05-08-2017 14:42:42.364,DEBUG,BDFD276D6269587D1B0645D548DF8E3A,SecurityContextHolder now cleared, as request processing completed
