05-08-2017 14:42:02.948,DEBUG,BDFD276D6269587D1B0645D548DF8E3A,/0089/searchData at position 1 of 11 in additional filter chain; firing Filter: 'SecurityContextPersistenceFilter'
05-08-2017 14:42:02.948,DEBUG,BDFD276D6269587D1B0645D548DF8E3A,Obtained a valid SecurityContext from SPRING_SECURITY_CONTEXT: 'org.springframework.security.core.context.SecurityContextImpl@3b6f87e3: Authentication: org.springframework.security.authentication.UsernamePasswordAuthenticationToken@3b6f87e3: Principal: vn.bananavietnam.ict.common.auth.MyUser@c4907816: Username: U0000000001; Password: [PROTECTED]; Enabled: true; AccountNonExpired: true; credentialsNonExpired: true; AccountNonLocked: true; Granted Authorities: 1; Credentials: [PROTECTED]; Authenticated: true; Details: org.springframework.security.web.authentication.WebAuthenticationDetails@0: RemoteIpAddress: 0:0:0:0:0:0:0:1; SessionId: 4409910920AE44F9862AAD9F20317CB2; Granted Authorities: 1'
05-08-2017 14:42:02.949,DEBUG,BDFD276D6269587D1B0645D548DF8E3A,/0089/searchData at position 2 of 11 in additional filter chain; firing Filter: 'WebAsyncManagerIntegrationFilter'
05-08-2017 14:42:02.949,DEBUG,BDFD276D6269587D1B0645D548DF8E3A,/0089/searchData at position 3 of 11 in additional filter chain; firing Filter: 'LogoutFilter'
05-08-2017 14:42:02.949,DEBUG,BDFD276D6269587D1B0645D548DF8E3A,/0089/searchData at position 4 of 11 in additional filter chain; firing Filter: 'UsernamePasswordAuthenticationFilter'
05-08-2017 14:42:02.949,DEBUG,BDFD276D6269587D1B0645D548DF8E3A,/0089/searchData at position 5 of 11 in additional filter chain; firing Filter: 'BasicAuthenticationFilter'
05-08-2017 14:42:02.949,DEBUG,BDFD276D6269587D1B0645D548DF8E3A,/0089/searchData at position 6 of 11 in additional filter chain; firing Filter: 'RequestCacheAwareFilter'
05-08-2017 14:42:02.949,DEBUG,BDFD276D6269587D1B0645D548DF8E3A,/0089/searchData at position 7 of 11 in additional filter chain; firing Filter: 'SecurityContextHolderAwareRequestFilter'
05-08-2017 14:42:02.949,DEBUG,BDFD276D6269587D1B0645D548DF8E3A,/0089/searchData at position 8 of 11 in additional filter chain; firing Filter: 'AnonymousAuthenticationFilter'
05-08-2017 14:42:02.949,DEBUG,BDFD276D6269587D1B0645D548DF8E3A,SecurityContextHolder not populated with anonymous token, as it already contained: 'org.springframework.security.authentication.UsernamePasswordAuthenticationToken@3b6f87e3: Principal: vn.bananavietnam.ict.common.auth.MyUser@c4907816: Username: U0000000001; Password: [PROTECTED]; Enabled: true; AccountNonExpired: true; credentialsNonExpired: true; AccountNonLocked: true; Granted Authorities: 1; Credentials: [PROTECTED]; Authenticated: true; Details: org.springframework.security.web.authentication.WebAuthenticationDetails@0: RemoteIpAddress: 0:0:0:0:0:0:0:1; SessionId: 4409910920AE44F9862AAD9F20317CB2; Granted Authorities: 1'
05-08-2017 14:42:02.949,DEBUG,BDFD276D6269587D1B0645D548DF8E3A,/0089/searchData at position 9 of 11 in additional filter chain; firing Filter: 'SessionManagementFilter'
05-08-2017 14:42:02.949,DEBUG,BDFD276D6269587D1B0645D548DF8E3A,/0089/searchData at position 10 of 11 in additional filter chain; firing Filter: 'ExceptionTranslationFilter'
05-08-2017 14:42:02.949,DEBUG,BDFD276D6269587D1B0645D548DF8E3A,/0089/searchData at position 11 of 11 in additional filter chain; firing Filter: 'FilterSecurityInterceptor'
05-08-2017 14:42:02.949,DEBUG,BDFD276D6269587D1B0645D548DF8E3A,Checking match of request : '/0089/searchdata'; against '/autherror*'
05-08-2017 14:42:02.949,DEBUG,BDFD276D6269587D1B0645D548DF8E3A,Checking match of request : '/0089/searchdata'; against '/login/**'
05-08-2017 14:42:02.949,DEBUG,BDFD276D6269587D1B0645D548DF8E3A,Checking match of request : '/0089/searchdata'; against '/0001/**'
05-08-2017 14:42:02.949,DEBUG,BDFD276D6269587D1B0645D548DF8E3A,Checking match of request : '/0089/searchdata'; against '/0002/**'
05-08-2017 14:42:02.949,DEBUG,BDFD276D6269587D1B0645D548DF8E3A,Checking match of request : '/0089/searchdata'; against '/0003/**'
05-08-2017 14:42:02.949,DEBUG,BDFD276D6269587D1B0645D548DF8E3A,Checking match of request : '/0089/searchdata'; against '/searchuserpopup/**'
05-08-2017 14:42:02.949,DEBUG,BDFD276D6269587D1B0645D548DF8E3A,Checking match of request : '/0089/searchdata'; against '/0005/**'
05-08-2017 14:42:02.949,DEBUG,BDFD276D6269587D1B0645D548DF8E3A,Checking match of request : '/0089/searchdata'; against '/0009/**'
05-08-2017 14:42:02.949,DEBUG,BDFD276D6269587D1B0645D548DF8E3A,Checking match of request : '/0089/searchdata'; against '/searchline/**'
05-08-2017 14:42:02.949,DEBUG,BDFD276D6269587D1B0645D548DF8E3A,Checking match of request : '/0089/searchdata'; against '/0013/**'
05-08-2017 14:42:02.949,DEBUG,BDFD276D6269587D1B0645D548DF8E3A,Checking match of request : '/0089/searchdata'; against '/0017/**'
05-08-2017 14:42:02.949,DEBUG,BDFD276D6269587D1B0645D548DF8E3A,Checking match of request : '/0089/searchdata'; against '/0031/**'
05-08-2017 14:42:02.949,DEBUG,BDFD276D6269587D1B0645D548DF8E3A,Checking match of request : '/0089/searchdata'; against '/0035/**'
05-08-2017 14:42:02.949,DEBUG,BDFD276D6269587D1B0645D548DF8E3A,Checking match of request : '/0089/searchdata'; against '/0037/**'
05-08-2017 14:42:02.949,DEBUG,BDFD276D6269587D1B0645D548DF8E3A,Checking match of request : '/0089/searchdata'; against '/0045/**'
05-08-2017 14:42:02.949,DEBUG,BDFD276D6269587D1B0645D548DF8E3A,Checking match of request : '/0089/searchdata'; against '/0047/**'
05-08-2017 14:42:02.949,DEBUG,BDFD276D6269587D1B0645D548DF8E3A,Checking match of request : '/0089/searchdata'; against '/0049/**'
05-08-2017 14:42:02.949,DEBUG,BDFD276D6269587D1B0645D548DF8E3A,Checking match of request : '/0089/searchdata'; against '/0061/**'
05-08-2017 14:42:02.949,DEBUG,BDFD276D6269587D1B0645D548DF8E3A,Checking match of request : '/0089/searchdata'; against '/0087/**'
05-08-2017 14:42:02.949,DEBUG,BDFD276D6269587D1B0645D548DF8E3A,Checking match of request : '/0089/searchdata'; against '/0075/**'
05-08-2017 14:42:02.949,DEBUG,BDFD276D6269587D1B0645D548DF8E3A,Checking match of request : '/0089/searchdata'; against '/0089/**'
05-08-2017 14:42:02.949,DEBUG,BDFD276D6269587D1B0645D548DF8E3A,Secure object: FilterInvocation: URL: /0089/searchData; Attributes: [ROLE_ADMIN, ROLE_USER, IS_AUTHENTICATED_FULLY]
05-08-2017 14:42:02.949,DEBUG,BDFD276D6269587D1B0645D548DF8E3A,Previously Authenticated: org.springframework.security.authentication.UsernamePasswordAuthenticationToken@3b6f87e3: Principal: vn.bananavietnam.ict.common.auth.MyUser@c4907816: Username: U0000000001; Password: [PROTECTED]; Enabled: true; AccountNonExpired: true; credentialsNonExpired: true; AccountNonLocked: true; Granted Authorities: 1; Credentials: [PROTECTED]; Authenticated: true; Details: org.springframework.security.web.authentication.WebAuthenticationDetails@0: RemoteIpAddress: 0:0:0:0:0:0:0:1; SessionId: 4409910920AE44F9862AAD9F20317CB2; Granted Authorities: 1
05-08-2017 14:42:02.949,DEBUG,BDFD276D6269587D1B0645D548DF8E3A,Voter: org.springframework.security.access.vote.RoleVoter@1b68791, returned: -1
05-08-2017 14:42:02.949,DEBUG,BDFD276D6269587D1B0645D548DF8E3A,Voter: org.springframework.security.access.vote.AuthenticatedVoter@1fd620c, returned: 1
05-08-2017 14:42:02.949,DEBUG,BDFD276D6269587D1B0645D548DF8E3A,Authorization successful
05-08-2017 14:42:02.949,DEBUG,BDFD276D6269587D1B0645D548DF8E3A,RunAsManager did not change Authentication object
05-08-2017 14:42:02.949,DEBUG,BDFD276D6269587D1B0645D548DF8E3A,/0089/searchData reached end of additional filter chain; proceeding with original chain
05-08-2017 14:42:02.949,DEBUG,BDFD276D6269587D1B0645D548DF8E3A,Request [/ict/0089/searchData] is not a multipart request
05-08-2017 14:42:02.949,DEBUG,BDFD276D6269587D1B0645D548DF8E3A,DispatcherServlet with name 'appServlet' processing POST request for [/ict/0089/searchData]
05-08-2017 14:42:02.949,DEBUG,BDFD276D6269587D1B0645D548DF8E3A,Looking up handler method for path /0089/searchData
05-08-2017 14:42:02.950,DEBUG,BDFD276D6269587D1B0645D548DF8E3A,Returning handler method [public java.util.List<vn.bananavietnam.ict.banana.component.Bnn0089SearchTaskResult> vn.bananavietnam.ict.banana.controller.Bnn0089SearchTaskController.searchData(vn.bananavietnam.ict.banana.component.Bnn0089SearchTaskConditions)]
05-08-2017 14:42:02.950,DEBUG,BDFD276D6269587D1B0645D548DF8E3A,Returning cached instance of singleton bean 'bnn0089SearchTaskController'
05-08-2017 14:42:02.950,DEBUG,BDFD276D6269587D1B0645D548DF8E3A,Returning cached instance of singleton bean 'xml_path'
05-08-2017 14:42:02.950,DEBUG,BDFD276D6269587D1B0645D548DF8E3A,Read [class vn.bananavietnam.ict.banana.component.Bnn0089SearchTaskConditions] as "application/json" with [org.springframework.http.converter.json.MappingJackson2HttpMessageConverter@1fe278e]
05-08-2017 14:42:02.950,INFO ,BDFD276D6269587D1B0645D548DF8E3A,U0000000001,vn.bananavietnam.ict.banana.service.Bnn0089SearchTaskService,searchData,[vn.bananavietnam.ict.banana.component.Bnn0089SearchTaskConditions@1d5c940] METHOD START
05-08-2017 14:42:02.950,DEBUG,BDFD276D6269587D1B0645D548DF8E3A,Returning cached instance of singleton bean 'transactionManager'
05-08-2017 14:42:02.950,INFO ,BDFD276D6269587D1B0645D548DF8E3A,U0000000001,Task searching started
05-08-2017 14:42:02.950,DEBUG,BDFD276D6269587D1B0645D548DF8E3A,Creating a new SqlSession
05-08-2017 14:42:02.951,DEBUG,BDFD276D6269587D1B0645D548DF8E3A,Registering transaction synchronization for SqlSession [org.apache.ibatis.session.defaults.DefaultSqlSession@12a0889]
05-08-2017 14:42:02.951,DEBUG,BDFD276D6269587D1B0645D548DF8E3A,Fetching JDBC Connection from DataSource
05-08-2017 14:42:02.951,DEBUG,BDFD276D6269587D1B0645D548DF8E3A,Creating new JDBC DriverManager Connection to [jdbc:mysql://172.16.0.175:3306/BANANA_DB_HUNG_SELENIUM?useUnicode=yes&characterEncoding=UTF-8&autoReconnect=true]
05-08-2017 14:42:02.968,DEBUG,BDFD276D6269587D1B0645D548DF8E3A,Registering transaction synchronization for JDBC Connection
05-08-2017 14:42:02.968,DEBUG,BDFD276D6269587D1B0645D548DF8E3A,JDBC Connection [com.mysql.jdbc.JDBC4Connection@73d9ae] will be managed by Spring
05-08-2017 14:42:02.968,DEBUG,BDFD276D6269587D1B0645D548DF8E3A,==>  Preparing: SELECT T.TASK_ID taskId, T.TASK_NAME taskName, T.WORKING_DETAILS workingDetails, T.NOTE note, T.QUARANTINE_HANDLING_FLAG quarantineHandlingFlag, T.DELETE_FLAG deleteFlag, T.CHANGE_POINT_CODE changePointCode FROM IVB_M_TASK T WHERE 1 = 1 AND T.TASK_NAME LIKE ? AND T.DELETE_FLAG = '0' ORDER BY T.TASK_NAME LIMIT ?,? 
05-08-2017 14:42:02.968,DEBUG,BDFD276D6269587D1B0645D548DF8E3A,==> Parameters: %‐斑葉病%(String), 0(Integer), 20(Integer)
05-08-2017 14:42:02.970,DEBUG,BDFD276D6269587D1B0645D548DF8E3A,<==      Total: 1
05-08-2017 14:42:02.970,DEBUG,BDFD276D6269587D1B0645D548DF8E3A,Releasing transactional SqlSession [org.apache.ibatis.session.defaults.DefaultSqlSession@12a0889]
05-08-2017 14:42:02.970,INFO ,BDFD276D6269587D1B0645D548DF8E3A,U0000000001,SQL execution finished
05-08-2017 14:42:02.970,DEBUG,BDFD276D6269587D1B0645D548DF8E3A,Fetched SqlSession [org.apache.ibatis.session.defaults.DefaultSqlSession@12a0889] from current transaction
05-08-2017 14:42:02.970,DEBUG,BDFD276D6269587D1B0645D548DF8E3A,==>  Preparing: SELECT COUNT(*) FROM IVB_M_TASK T WHERE 1 = 1 AND T.TASK_NAME LIKE ? AND T.DELETE_FLAG = '0' ORDER BY T.TASK_ID 
05-08-2017 14:42:02.970,DEBUG,BDFD276D6269587D1B0645D548DF8E3A,==> Parameters: %‐斑葉病%(String)
05-08-2017 14:42:02.971,DEBUG,BDFD276D6269587D1B0645D548DF8E3A,<==      Total: 1
05-08-2017 14:42:02.971,DEBUG,BDFD276D6269587D1B0645D548DF8E3A,Releasing transactional SqlSession [org.apache.ibatis.session.defaults.DefaultSqlSession@12a0889]
05-08-2017 14:42:02.971,INFO ,BDFD276D6269587D1B0645D548DF8E3A,U0000000001,Task searching finished ==> 1 item(s)
05-08-2017 14:42:02.971,DEBUG,BDFD276D6269587D1B0645D548DF8E3A,Transaction synchronization deregistering SqlSession [org.apache.ibatis.session.defaults.DefaultSqlSession@12a0889]
05-08-2017 14:42:02.971,DEBUG,BDFD276D6269587D1B0645D548DF8E3A,Transaction synchronization closing SqlSession [org.apache.ibatis.session.defaults.DefaultSqlSession@12a0889]
05-08-2017 14:42:02.971,DEBUG,BDFD276D6269587D1B0645D548DF8E3A,Returning JDBC Connection to DataSource
05-08-2017 14:42:02.971,INFO ,BDFD276D6269587D1B0645D548DF8E3A,U0000000001,vn.bananavietnam.ict.banana.service.Bnn0089SearchTaskService,searchData,[vn.bananavietnam.ict.banana.component.Bnn0089SearchTaskConditions@1d5c940] METHOD END
05-08-2017 14:42:02.972,DEBUG,BDFD276D6269587D1B0645D548DF8E3A,Written [[vn.bananavietnam.ict.banana.component.Bnn0089SearchTaskResult@1468f9a]] as "application/json;charset=UTF-8" using [org.springframework.http.converter.json.MappingJackson2HttpMessageConverter@1fe278e]
05-08-2017 14:42:02.972,DEBUG,BDFD276D6269587D1B0645D548DF8E3A,Null ModelAndView returned to DispatcherServlet with name 'appServlet': assuming HandlerAdapter completed request handling
05-08-2017 14:42:02.972,DEBUG,BDFD276D6269587D1B0645D548DF8E3A,Successfully completed request
05-08-2017 14:42:02.972,DEBUG,BDFD276D6269587D1B0645D548DF8E3A,Chain processed normally
05-08-2017 14:42:02.972,DEBUG,BDFD276D6269587D1B0645D548DF8E3A,SecurityContextHolder now cleared, as request processing completed
05-08-2017 14:42:02.996,DEBUG,BDFD276D6269587D1B0645D548DF8E3A,/resources/img/ic_last_dis.png at position 1 of 11 in additional filter chain; firing Filter: 'SecurityContextPersistenceFilter'
05-08-2017 14:42:02.996,DEBUG,BDFD276D6269587D1B0645D548DF8E3A,/resources/img/ic_next_dis.png at position 1 of 11 in additional filter chain; firing Filter: 'SecurityContextPersistenceFilter'
05-08-2017 14:42:02.996,DEBUG,BDFD276D6269587D1B0645D548DF8E3A,Obtained a valid SecurityContext from SPRING_SECURITY_CONTEXT: 'org.springframework.security.core.context.SecurityContextImpl@3b6f87e3: Authentication: org.springframework.security.authentication.UsernamePasswordAuthenticationToken@3b6f87e3: Principal: vn.bananavietnam.ict.common.auth.MyUser@c4907816: Username: U0000000001; Password: [PROTECTED]; Enabled: true; AccountNonExpired: true; credentialsNonExpired: true; AccountNonLocked: true; Granted Authorities: 1; Credentials: [PROTECTED]; Authenticated: true; Details: org.springframework.security.web.authentication.WebAuthenticationDetails@0: RemoteIpAddress: 0:0:0:0:0:0:0:1; SessionId: 4409910920AE44F9862AAD9F20317CB2; Granted Authorities: 1'
05-08-2017 14:42:02.996,DEBUG,BDFD276D6269587D1B0645D548DF8E3A,Obtained a valid SecurityContext from SPRING_SECURITY_CONTEXT: 'org.springframework.security.core.context.SecurityContextImpl@3b6f87e3: Authentication: org.springframework.security.authentication.UsernamePasswordAuthenticationToken@3b6f87e3: Principal: vn.bananavietnam.ict.common.auth.MyUser@c4907816: Username: U0000000001; Password: [PROTECTED]; Enabled: true; AccountNonExpired: true; credentialsNonExpired: true; AccountNonLocked: true; Granted Authorities: 1; Credentials: [PROTECTED]; Authenticated: true; Details: org.springframework.security.web.authentication.WebAuthenticationDetails@0: RemoteIpAddress: 0:0:0:0:0:0:0:1; SessionId: 4409910920AE44F9862AAD9F20317CB2; Granted Authorities: 1'
05-08-2017 14:42:02.997,DEBUG,BDFD276D6269587D1B0645D548DF8E3A,/resources/img/ic_last_dis.png at position 2 of 11 in additional filter chain; firing Filter: 'WebAsyncManagerIntegrationFilter'
05-08-2017 14:42:02.997,DEBUG,BDFD276D6269587D1B0645D548DF8E3A,/resources/img/ic_next_dis.png at position 2 of 11 in additional filter chain; firing Filter: 'WebAsyncManagerIntegrationFilter'
05-08-2017 14:42:02.997,DEBUG,BDFD276D6269587D1B0645D548DF8E3A,/resources/img/ic_next_dis.png at position 3 of 11 in additional filter chain; firing Filter: 'LogoutFilter'
05-08-2017 14:42:02.997,DEBUG,BDFD276D6269587D1B0645D548DF8E3A,/resources/img/ic_next_dis.png at position 4 of 11 in additional filter chain; firing Filter: 'UsernamePasswordAuthenticationFilter'
05-08-2017 14:42:02.997,DEBUG,BDFD276D6269587D1B0645D548DF8E3A,/resources/img/ic_next_dis.png at position 5 of 11 in additional filter chain; firing Filter: 'BasicAuthenticationFilter'
05-08-2017 14:42:02.997,DEBUG,BDFD276D6269587D1B0645D548DF8E3A,/resources/img/ic_next_dis.png at position 6 of 11 in additional filter chain; firing Filter: 'RequestCacheAwareFilter'
05-08-2017 14:42:02.997,DEBUG,BDFD276D6269587D1B0645D548DF8E3A,/resources/img/ic_next_dis.png at position 7 of 11 in additional filter chain; firing Filter: 'SecurityContextHolderAwareRequestFilter'
05-08-2017 14:42:02.997,DEBUG,BDFD276D6269587D1B0645D548DF8E3A,/resources/img/ic_next_dis.png at position 8 of 11 in additional filter chain; firing Filter: 'AnonymousAuthenticationFilter'
05-08-2017 14:42:02.997,DEBUG,BDFD276D6269587D1B0645D548DF8E3A,SecurityContextHolder not populated with anonymous token, as it already contained: 'org.springframework.security.authentication.UsernamePasswordAuthenticationToken@3b6f87e3: Principal: vn.bananavietnam.ict.common.auth.MyUser@c4907816: Username: U0000000001; Password: [PROTECTED]; Enabled: true; AccountNonExpired: true; credentialsNonExpired: true; AccountNonLocked: true; Granted Authorities: 1; Credentials: [PROTECTED]; Authenticated: true; Details: org.springframework.security.web.authentication.WebAuthenticationDetails@0: RemoteIpAddress: 0:0:0:0:0:0:0:1; SessionId: 4409910920AE44F9862AAD9F20317CB2; Granted Authorities: 1'
05-08-2017 14:42:02.997,DEBUG,BDFD276D6269587D1B0645D548DF8E3A,/resources/img/ic_next_dis.png at position 9 of 11 in additional filter chain; firing Filter: 'SessionManagementFilter'
05-08-2017 14:42:02.997,DEBUG,BDFD276D6269587D1B0645D548DF8E3A,/resources/img/ic_next_dis.png at position 10 of 11 in additional filter chain; firing Filter: 'ExceptionTranslationFilter'
05-08-2017 14:42:02.997,DEBUG,BDFD276D6269587D1B0645D548DF8E3A,/resources/img/ic_next_dis.png at position 11 of 11 in additional filter chain; firing Filter: 'FilterSecurityInterceptor'
05-08-2017 14:42:02.997,DEBUG,BDFD276D6269587D1B0645D548DF8E3A,Checking match of request : '/resources/img/ic_next_dis.png'; against '/autherror*'
05-08-2017 14:42:02.997,DEBUG,BDFD276D6269587D1B0645D548DF8E3A,Checking match of request : '/resources/img/ic_next_dis.png'; against '/login/**'
05-08-2017 14:42:02.997,DEBUG,BDFD276D6269587D1B0645D548DF8E3A,Checking match of request : '/resources/img/ic_next_dis.png'; against '/0001/**'
05-08-2017 14:42:02.997,DEBUG,BDFD276D6269587D1B0645D548DF8E3A,Checking match of request : '/resources/img/ic_next_dis.png'; against '/0002/**'
05-08-2017 14:42:02.997,DEBUG,BDFD276D6269587D1B0645D548DF8E3A,Checking match of request : '/resources/img/ic_next_dis.png'; against '/0003/**'
05-08-2017 14:42:02.997,DEBUG,BDFD276D6269587D1B0645D548DF8E3A,Checking match of request : '/resources/img/ic_next_dis.png'; against '/searchuserpopup/**'
05-08-2017 14:42:02.997,DEBUG,BDFD276D6269587D1B0645D548DF8E3A,Checking match of request : '/resources/img/ic_next_dis.png'; against '/0005/**'
05-08-2017 14:42:02.997,DEBUG,BDFD276D6269587D1B0645D548DF8E3A,Checking match of request : '/resources/img/ic_next_dis.png'; against '/0009/**'
05-08-2017 14:42:02.997,DEBUG,BDFD276D6269587D1B0645D548DF8E3A,Checking match of request : '/resources/img/ic_next_dis.png'; against '/searchline/**'
05-08-2017 14:42:02.997,DEBUG,BDFD276D6269587D1B0645D548DF8E3A,Checking match of request : '/resources/img/ic_next_dis.png'; against '/0013/**'
05-08-2017 14:42:02.997,DEBUG,BDFD276D6269587D1B0645D548DF8E3A,Checking match of request : '/resources/img/ic_next_dis.png'; against '/0017/**'
05-08-2017 14:42:02.997,DEBUG,BDFD276D6269587D1B0645D548DF8E3A,Checking match of request : '/resources/img/ic_next_dis.png'; against '/0031/**'
05-08-2017 14:42:02.997,DEBUG,BDFD276D6269587D1B0645D548DF8E3A,Checking match of request : '/resources/img/ic_next_dis.png'; against '/0035/**'
05-08-2017 14:42:02.997,DEBUG,BDFD276D6269587D1B0645D548DF8E3A,Checking match of request : '/resources/img/ic_next_dis.png'; against '/0037/**'
05-08-2017 14:42:02.997,DEBUG,BDFD276D6269587D1B0645D548DF8E3A,Checking match of request : '/resources/img/ic_next_dis.png'; against '/0045/**'
05-08-2017 14:42:02.997,DEBUG,BDFD276D6269587D1B0645D548DF8E3A,Checking match of request : '/resources/img/ic_next_dis.png'; against '/0047/**'
05-08-2017 14:42:02.997,DEBUG,BDFD276D6269587D1B0645D548DF8E3A,Checking match of request : '/resources/img/ic_next_dis.png'; against '/0049/**'
05-08-2017 14:42:02.997,DEBUG,BDFD276D6269587D1B0645D548DF8E3A,Checking match of request : '/resources/img/ic_next_dis.png'; against '/0061/**'
05-08-2017 14:42:02.997,DEBUG,BDFD276D6269587D1B0645D548DF8E3A,Checking match of request : '/resources/img/ic_next_dis.png'; against '/0087/**'
05-08-2017 14:42:02.997,DEBUG,BDFD276D6269587D1B0645D548DF8E3A,Checking match of request : '/resources/img/ic_next_dis.png'; against '/0075/**'
05-08-2017 14:42:02.997,DEBUG,BDFD276D6269587D1B0645D548DF8E3A,Checking match of request : '/resources/img/ic_next_dis.png'; against '/0089/**'
05-08-2017 14:42:02.997,DEBUG,BDFD276D6269587D1B0645D548DF8E3A,Checking match of request : '/resources/img/ic_next_dis.png'; against '/0090/**'
05-08-2017 14:42:02.997,DEBUG,BDFD276D6269587D1B0645D548DF8E3A,Checking match of request : '/resources/img/ic_next_dis.png'; against '/0091/**'
05-08-2017 14:42:02.997,DEBUG,BDFD276D6269587D1B0645D548DF8E3A,Checking match of request : '/resources/img/ic_next_dis.png'; against '/0092/**'
05-08-2017 14:42:02.998,DEBUG,BDFD276D6269587D1B0645D548DF8E3A,Checking match of request : '/resources/img/ic_next_dis.png'; against '/0095/**'
05-08-2017 14:42:02.998,DEBUG,BDFD276D6269587D1B0645D548DF8E3A,Secure object: FilterInvocation: URL: /resources/img/ic_next_dis.png; Attributes: [IS_AUTHENTICATED_ANONYMOUSLY]
05-08-2017 14:42:02.998,DEBUG,BDFD276D6269587D1B0645D548DF8E3A,Previously Authenticated: org.springframework.security.authentication.UsernamePasswordAuthenticationToken@3b6f87e3: Principal: vn.bananavietnam.ict.common.auth.MyUser@c4907816: Username: U0000000001; Password: [PROTECTED]; Enabled: true; AccountNonExpired: true; credentialsNonExpired: true; AccountNonLocked: true; Granted Authorities: 1; Credentials: [PROTECTED]; Authenticated: true; Details: org.springframework.security.web.authentication.WebAuthenticationDetails@0: RemoteIpAddress: 0:0:0:0:0:0:0:1; SessionId: 4409910920AE44F9862AAD9F20317CB2; Granted Authorities: 1
05-08-2017 14:42:02.997,DEBUG,BDFD276D6269587D1B0645D548DF8E3A,/resources/img/ic_last_dis.png at position 3 of 11 in additional filter chain; firing Filter: 'LogoutFilter'
05-08-2017 14:42:02.998,DEBUG,BDFD276D6269587D1B0645D548DF8E3A,Voter: org.springframework.security.access.vote.RoleVoter@1b68791, returned: 0
05-08-2017 14:42:02.998,DEBUG,BDFD276D6269587D1B0645D548DF8E3A,/resources/img/ic_last_dis.png at position 4 of 11 in additional filter chain; firing Filter: 'UsernamePasswordAuthenticationFilter'
05-08-2017 14:42:02.998,DEBUG,BDFD276D6269587D1B0645D548DF8E3A,Voter: org.springframework.security.access.vote.AuthenticatedVoter@1fd620c, returned: 1
05-08-2017 14:42:02.998,DEBUG,BDFD276D6269587D1B0645D548DF8E3A,Authorization successful
05-08-2017 14:42:02.998,DEBUG,BDFD276D6269587D1B0645D548DF8E3A,/resources/img/ic_last_dis.png at position 5 of 11 in additional filter chain; firing Filter: 'BasicAuthenticationFilter'
05-08-2017 14:42:02.998,DEBUG,BDFD276D6269587D1B0645D548DF8E3A,RunAsManager did not change Authentication object
05-08-2017 14:42:02.998,DEBUG,BDFD276D6269587D1B0645D548DF8E3A,/resources/img/ic_last_dis.png at position 6 of 11 in additional filter chain; firing Filter: 'RequestCacheAwareFilter'
05-08-2017 14:42:02.998,DEBUG,BDFD276D6269587D1B0645D548DF8E3A,/resources/img/ic_next_dis.png reached end of additional filter chain; proceeding with original chain
05-08-2017 14:42:02.998,DEBUG,BDFD276D6269587D1B0645D548DF8E3A,/resources/img/ic_last_dis.png at position 7 of 11 in additional filter chain; firing Filter: 'SecurityContextHolderAwareRequestFilter'
05-08-2017 14:42:02.998,DEBUG,BDFD276D6269587D1B0645D548DF8E3A,Request [/ict/resources/img/ic_next_dis.png] is not a multipart request
05-08-2017 14:42:02.998,DEBUG,BDFD276D6269587D1B0645D548DF8E3A,/resources/img/ic_last_dis.png at position 8 of 11 in additional filter chain; firing Filter: 'AnonymousAuthenticationFilter'
05-08-2017 14:42:02.998,DEBUG,BDFD276D6269587D1B0645D548DF8E3A,SecurityContextHolder not populated with anonymous token, as it already contained: 'org.springframework.security.authentication.UsernamePasswordAuthenticationToken@3b6f87e3: Principal: vn.bananavietnam.ict.common.auth.MyUser@c4907816: Username: U0000000001; Password: [PROTECTED]; Enabled: true; AccountNonExpired: true; credentialsNonExpired: true; AccountNonLocked: true; Granted Authorities: 1; Credentials: [PROTECTED]; Authenticated: true; Details: org.springframework.security.web.authentication.WebAuthenticationDetails@0: RemoteIpAddress: 0:0:0:0:0:0:0:1; SessionId: 4409910920AE44F9862AAD9F20317CB2; Granted Authorities: 1'
05-08-2017 14:42:02.998,DEBUG,BDFD276D6269587D1B0645D548DF8E3A,DispatcherServlet with name 'appServlet' processing GET request for [/ict/resources/img/ic_next_dis.png]
05-08-2017 14:42:02.998,DEBUG,BDFD276D6269587D1B0645D548DF8E3A,/resources/img/ic_last_dis.png at position 9 of 11 in additional filter chain; firing Filter: 'SessionManagementFilter'
05-08-2017 14:42:02.998,DEBUG,BDFD276D6269587D1B0645D548DF8E3A,/resources/img/ic_last_dis.png at position 10 of 11 in additional filter chain; firing Filter: 'ExceptionTranslationFilter'
05-08-2017 14:42:02.998,DEBUG,BDFD276D6269587D1B0645D548DF8E3A,Looking up handler method for path /resources/img/ic_next_dis.png
05-08-2017 14:42:02.998,DEBUG,BDFD276D6269587D1B0645D548DF8E3A,/resources/img/ic_last_dis.png at position 11 of 11 in additional filter chain; firing Filter: 'FilterSecurityInterceptor'
05-08-2017 14:42:02.998,DEBUG,BDFD276D6269587D1B0645D548DF8E3A,Checking match of request : '/resources/img/ic_last_dis.png'; against '/autherror*'
05-08-2017 14:42:02.998,DEBUG,BDFD276D6269587D1B0645D548DF8E3A,Checking match of request : '/resources/img/ic_last_dis.png'; against '/login/**'
05-08-2017 14:42:02.998,DEBUG,BDFD276D6269587D1B0645D548DF8E3A,Checking match of request : '/resources/img/ic_last_dis.png'; against '/0001/**'
05-08-2017 14:42:02.998,DEBUG,BDFD276D6269587D1B0645D548DF8E3A,Checking match of request : '/resources/img/ic_last_dis.png'; against '/0002/**'
05-08-2017 14:42:02.998,DEBUG,BDFD276D6269587D1B0645D548DF8E3A,Checking match of request : '/resources/img/ic_last_dis.png'; against '/0003/**'
05-08-2017 14:42:02.998,DEBUG,BDFD276D6269587D1B0645D548DF8E3A,Checking match of request : '/resources/img/ic_last_dis.png'; against '/searchuserpopup/**'
05-08-2017 14:42:02.998,DEBUG,BDFD276D6269587D1B0645D548DF8E3A,Checking match of request : '/resources/img/ic_last_dis.png'; against '/0005/**'
05-08-2017 14:42:02.998,DEBUG,BDFD276D6269587D1B0645D548DF8E3A,Checking match of request : '/resources/img/ic_last_dis.png'; against '/0009/**'
05-08-2017 14:42:02.998,DEBUG,BDFD276D6269587D1B0645D548DF8E3A,Checking match of request : '/resources/img/ic_last_dis.png'; against '/searchline/**'
05-08-2017 14:42:02.998,DEBUG,BDFD276D6269587D1B0645D548DF8E3A,Checking match of request : '/resources/img/ic_last_dis.png'; against '/0013/**'
05-08-2017 14:42:02.998,DEBUG,BDFD276D6269587D1B0645D548DF8E3A,Checking match of request : '/resources/img/ic_last_dis.png'; against '/0017/**'
05-08-2017 14:42:02.998,DEBUG,BDFD276D6269587D1B0645D548DF8E3A,Checking match of request : '/resources/img/ic_last_dis.png'; against '/0031/**'
05-08-2017 14:42:02.998,DEBUG,BDFD276D6269587D1B0645D548DF8E3A,Checking match of request : '/resources/img/ic_last_dis.png'; against '/0035/**'
05-08-2017 14:42:02.998,DEBUG,BDFD276D6269587D1B0645D548DF8E3A,Checking match of request : '/resources/img/ic_last_dis.png'; against '/0037/**'
05-08-2017 14:42:02.998,DEBUG,BDFD276D6269587D1B0645D548DF8E3A,Checking match of request : '/resources/img/ic_last_dis.png'; against '/0045/**'
05-08-2017 14:42:02.998,DEBUG,BDFD276D6269587D1B0645D548DF8E3A,Checking match of request : '/resources/img/ic_last_dis.png'; against '/0047/**'
05-08-2017 14:42:02.998,DEBUG,BDFD276D6269587D1B0645D548DF8E3A,Checking match of request : '/resources/img/ic_last_dis.png'; against '/0049/**'
05-08-2017 14:42:02.998,DEBUG,BDFD276D6269587D1B0645D548DF8E3A,Checking match of request : '/resources/img/ic_last_dis.png'; against '/0061/**'
05-08-2017 14:42:02.998,DEBUG,BDFD276D6269587D1B0645D548DF8E3A,Checking match of request : '/resources/img/ic_last_dis.png'; against '/0087/**'
05-08-2017 14:42:02.998,DEBUG,BDFD276D6269587D1B0645D548DF8E3A,Checking match of request : '/resources/img/ic_last_dis.png'; against '/0075/**'
05-08-2017 14:42:02.998,DEBUG,BDFD276D6269587D1B0645D548DF8E3A,Checking match of request : '/resources/img/ic_last_dis.png'; against '/0089/**'
05-08-2017 14:42:02.998,DEBUG,BDFD276D6269587D1B0645D548DF8E3A,Checking match of request : '/resources/img/ic_last_dis.png'; against '/0090/**'
05-08-2017 14:42:02.998,DEBUG,BDFD276D6269587D1B0645D548DF8E3A,Checking match of request : '/resources/img/ic_last_dis.png'; against '/0091/**'
05-08-2017 14:42:02.998,DEBUG,BDFD276D6269587D1B0645D548DF8E3A,Checking match of request : '/resources/img/ic_last_dis.png'; against '/0092/**'
05-08-2017 14:42:02.999,DEBUG,BDFD276D6269587D1B0645D548DF8E3A,Did not find handler method for [/resources/img/ic_next_dis.png]
05-08-2017 14:42:03.000,DEBUG,BDFD276D6269587D1B0645D548DF8E3A,Checking match of request : '/resources/img/ic_last_dis.png'; against '/0095/**'
05-08-2017 14:42:03.000,DEBUG,BDFD276D6269587D1B0645D548DF8E3A,Matching patterns for request [/resources/img/ic_next_dis.png] are [/resources/**]
05-08-2017 14:42:03.000,DEBUG,BDFD276D6269587D1B0645D548DF8E3A,Secure object: FilterInvocation: URL: /resources/img/ic_last_dis.png; Attributes: [IS_AUTHENTICATED_ANONYMOUSLY]
05-08-2017 14:42:03.000,DEBUG,BDFD276D6269587D1B0645D548DF8E3A,URI Template variables for request [/resources/img/ic_next_dis.png] are {}
05-08-2017 14:42:03.000,DEBUG,BDFD276D6269587D1B0645D548DF8E3A,Previously Authenticated: org.springframework.security.authentication.UsernamePasswordAuthenticationToken@3b6f87e3: Principal: vn.bananavietnam.ict.common.auth.MyUser@c4907816: Username: U0000000001; Password: [PROTECTED]; Enabled: true; AccountNonExpired: true; credentialsNonExpired: true; AccountNonLocked: true; Granted Authorities: 1; Credentials: [PROTECTED]; Authenticated: true; Details: org.springframework.security.web.authentication.WebAuthenticationDetails@0: RemoteIpAddress: 0:0:0:0:0:0:0:1; SessionId: 4409910920AE44F9862AAD9F20317CB2; Granted Authorities: 1
05-08-2017 14:42:03.000,DEBUG,BDFD276D6269587D1B0645D548DF8E3A,Mapping [/resources/img/ic_next_dis.png] to HandlerExecutionChain with handler [ResourceHttpRequestHandler [locations=[ServletContext resource [/resources/]], resolvers=[org.springframework.web.servlet.resource.PathResourceResolver@1e41c58]]] and 1 interceptor
05-08-2017 14:42:03.000,DEBUG,BDFD276D6269587D1B0645D548DF8E3A,Voter: org.springframework.security.access.vote.RoleVoter@1b68791, returned: 0
05-08-2017 14:42:03.000,DEBUG,BDFD276D6269587D1B0645D548DF8E3A,Last-Modified value for [/ict/resources/img/ic_next_dis.png] is: -1
05-08-2017 14:42:03.000,DEBUG,BDFD276D6269587D1B0645D548DF8E3A,Voter: org.springframework.security.access.vote.AuthenticatedVoter@1fd620c, returned: 1
05-08-2017 14:42:03.000,DEBUG,BDFD276D6269587D1B0645D548DF8E3A,Authorization successful
05-08-2017 14:42:03.000,DEBUG,BDFD276D6269587D1B0645D548DF8E3A,RunAsManager did not change Authentication object
05-08-2017 14:42:03.000,DEBUG,BDFD276D6269587D1B0645D548DF8E3A,Returning cached instance of singleton bean 'xml_path'
05-08-2017 14:42:03.000,DEBUG,BDFD276D6269587D1B0645D548DF8E3A,/resources/img/ic_last_dis.png reached end of additional filter chain; proceeding with original chain
05-08-2017 14:42:03.000,DEBUG,BDFD276D6269587D1B0645D548DF8E3A,Request [/ict/resources/img/ic_last_dis.png] is not a multipart request
05-08-2017 14:42:03.000,DEBUG,BDFD276D6269587D1B0645D548DF8E3A,DispatcherServlet with name 'appServlet' processing GET request for [/ict/resources/img/ic_last_dis.png]
05-08-2017 14:42:03.000,DEBUG,BDFD276D6269587D1B0645D548DF8E3A,Looking up handler method for path /resources/img/ic_last_dis.png
05-08-2017 14:42:03.001,DEBUG,BDFD276D6269587D1B0645D548DF8E3A,Null ModelAndView returned to DispatcherServlet with name 'appServlet': assuming HandlerAdapter completed request handling
05-08-2017 14:42:03.001,DEBUG,BDFD276D6269587D1B0645D548DF8E3A,Successfully completed request
05-08-2017 14:42:03.001,DEBUG,BDFD276D6269587D1B0645D548DF8E3A,Did not find handler method for [/resources/img/ic_last_dis.png]
05-08-2017 14:42:03.001,DEBUG,BDFD276D6269587D1B0645D548DF8E3A,Matching patterns for request [/resources/img/ic_last_dis.png] are [/resources/**]
05-08-2017 14:42:03.001,DEBUG,BDFD276D6269587D1B0645D548DF8E3A,URI Template variables for request [/resources/img/ic_last_dis.png] are {}
05-08-2017 14:42:03.001,DEBUG,BDFD276D6269587D1B0645D548DF8E3A,Mapping [/resources/img/ic_last_dis.png] to HandlerExecutionChain with handler [ResourceHttpRequestHandler [locations=[ServletContext resource [/resources/]], resolvers=[org.springframework.web.servlet.resource.PathResourceResolver@1e41c58]]] and 1 interceptor
05-08-2017 14:42:03.001,DEBUG,BDFD276D6269587D1B0645D548DF8E3A,Last-Modified value for [/ict/resources/img/ic_last_dis.png] is: -1
05-08-2017 14:42:03.001,DEBUG,BDFD276D6269587D1B0645D548DF8E3A,Chain processed normally
05-08-2017 14:42:03.001,DEBUG,BDFD276D6269587D1B0645D548DF8E3A,Returning cached instance of singleton bean 'xml_path'
05-08-2017 14:42:03.001,DEBUG,BDFD276D6269587D1B0645D548DF8E3A,SecurityContextHolder now cleared, as request processing completed
05-08-2017 14:42:03.002,DEBUG,BDFD276D6269587D1B0645D548DF8E3A,Null ModelAndView returned to DispatcherServlet with name 'appServlet': assuming HandlerAdapter completed request handling
05-08-2017 14:42:03.002,DEBUG,BDFD276D6269587D1B0645D548DF8E3A,Successfully completed request
05-08-2017 14:42:03.003,DEBUG,BDFD276D6269587D1B0645D548DF8E3A,Chain processed normally
05-08-2017 14:42:03.003,DEBUG,BDFD276D6269587D1B0645D548DF8E3A,SecurityContextHolder now cleared, as request processing completed
