06-05-2017 15:49:01.071,DEBUG,Request [/ict/0087/searchData] is not a multipart request
06-05-2017 15:49:01.071,DEBUG,DispatcherServlet with name 'appServlet' processing POST request for [/ict/0087/searchData]
06-05-2017 15:49:01.071,DEBUG,Looking up handler method for path /0087/searchData
06-05-2017 15:49:01.071,DEBUG,Returning handler method [public java.util.List<vn.bananavietnam.ict.banana.component.Bnn0087SearchAffiliationResult> vn.bananavietnam.ict.banana.controller.Bnn0087SearchAffiliationController.searchData(vn.bananavietnam.ict.banana.component.Bnn0087SearchAffiliationConditions)]
06-05-2017 15:49:01.071,DEBUG,Returning cached instance of singleton bean 'bnn0087SearchAffiliationController'
06-05-2017 15:49:01.071,DEBUG,Returning cached instance of singleton bean 'xml_path'
06-05-2017 15:49:01.072,DEBUG,Skip CORS processing: request is from same origin
06-05-2017 15:49:01.072,DEBUG,Read [class vn.bananavietnam.ict.banana.component.Bnn0087SearchAffiliationConditions] as "application/json" with [org.springframework.http.converter.json.MappingJackson2HttpMessageConverter@4a254b]
06-05-2017 15:49:01.072,DEBUG,Returning cached instance of singleton bean 'transactionManager'
06-05-2017 15:49:01.105,DEBUG,Written [[vn.bananavietnam.ict.banana.component.Bnn0087SearchAffiliationResult@17e25cf, vn.bananavietnam.ict.banana.component.Bnn0087SearchAffiliationResult@eebffa, vn.bananavietnam.ict.banana.component.Bnn0087SearchAffiliationResult@17acc8a, vn.bananavietnam.ict.banana.component.Bnn0087SearchAffiliationResult@162782a, vn.bananavietnam.ict.banana.component.Bnn0087SearchAffiliationResult@15a78d4, vn.bananavietnam.ict.banana.component.Bnn0087SearchAffiliationResult@78062a, vn.bananavietnam.ict.banana.component.Bnn0087SearchAffiliationResult@1b18233, vn.bananavietnam.ict.banana.component.Bnn0087SearchAffiliationResult@16a15c7, vn.bananavietnam.ict.banana.component.Bnn0087SearchAffiliationResult@1264226, vn.bananavietnam.ict.banana.component.Bnn0087SearchAffiliationResult@19f54be, vn.bananavietnam.ict.banana.component.Bnn0087SearchAffiliationResult@54f964, vn.bananavietnam.ict.banana.component.Bnn0087SearchAffiliationResult@15f0a04, vn.bananavietnam.ict.banana.component.Bnn0087SearchAffiliationResult@154c3b, vn.bananavietnam.ict.banana.component.Bnn0087SearchAffiliationResult@16adee3, vn.bananavietnam.ict.banana.component.Bnn0087SearchAffiliationResult@869c33, vn.bananavietnam.ict.banana.component.Bnn0087SearchAffiliationResult@16ab30d, vn.bananavietnam.ict.banana.component.Bnn0087SearchAffiliationResult@1d245cf, vn.bananavietnam.ict.banana.component.Bnn0087SearchAffiliationResult@3a1110, vn.bananavietnam.ict.banana.component.Bnn0087SearchAffiliationResult@397360, vn.bananavietnam.ict.banana.component.Bnn0087SearchAffiliationResult@2d5771]] as "application/json;charset=UTF-8" using [org.springframework.http.converter.json.MappingJackson2HttpMessageConverter@4a254b]
06-05-2017 15:49:01.105,DEBUG,Null ModelAndView returned to DispatcherServlet with name 'appServlet': assuming HandlerAdapter completed request handling
06-05-2017 15:49:01.105,DEBUG,Successfully completed request
06-05-2017 15:49:01.114,DEBUG,Request [/ict/resources/img/ic_first_h.png] is not a multipart request
06-05-2017 15:49:01.114,DEBUG,DispatcherServlet with name 'appServlet' processing GET request for [/ict/resources/img/ic_first_h.png]
06-05-2017 15:49:01.114,DEBUG,Looking up handler method for path /resources/img/ic_first_h.png
06-05-2017 15:49:01.115,DEBUG,Did not find handler method for [/resources/img/ic_first_h.png]
06-05-2017 15:49:01.115,DEBUG,Matching patterns for request [/resources/img/ic_first_h.png] are [/resources/**]
06-05-2017 15:49:01.115,DEBUG,URI Template variables for request [/resources/img/ic_first_h.png] are {}
06-05-2017 15:49:01.115,DEBUG,Mapping [/resources/img/ic_first_h.png] to HandlerExecutionChain with handler [ResourceHttpRequestHandler [locations=[ServletContext resource [/resources/]], resolvers=[org.springframework.web.servlet.resource.PathResourceResolver@19f69bd]]] and 1 interceptor
06-05-2017 15:49:01.115,DEBUG,Last-Modified value for [/ict/resources/img/ic_first_h.png] is: -1
06-05-2017 15:49:01.115,DEBUG,Returning cached instance of singleton bean 'xml_path'
06-05-2017 15:49:01.117,DEBUG,Null ModelAndView returned to DispatcherServlet with name 'appServlet': assuming HandlerAdapter completed request handling
06-05-2017 15:49:01.118,DEBUG,Successfully completed request
