06-05-2017 15:48:57.061,DEBUG,Request [/ict/0087/insertDataForAffiliation] is not a multipart request
06-05-2017 15:48:57.061,DEBUG,DispatcherServlet with name 'appServlet' processing POST request for [/ict/0087/insertDataForAffiliation]
06-05-2017 15:48:57.061,DEBUG,Looking up handler method for path /0087/insertDataForAffiliation
06-05-2017 15:48:57.061,DEBUG,Returning handler method [public java.lang.String vn.bananavietnam.ict.banana.controller.Bnn0087SearchAffiliationController.insertDataForAffiliation(java.util.ArrayList<vn.bananavietnam.ict.banana.component.Bnn0087IvbMManager>)]
06-05-2017 15:48:57.061,DEBUG,Returning cached instance of singleton bean 'bnn0087SearchAffiliationController'
06-05-2017 15:48:57.062,DEBUG,Returning cached instance of singleton bean 'xml_path'
06-05-2017 15:48:57.062,DEBUG,Skip CORS processing: request is from same origin
06-05-2017 15:48:57.062,DEBUG,Read [java.util.ArrayList<vn.bananavietnam.ict.banana.component.Bnn0087IvbMManager>] as "application/json" with [org.springframework.http.converter.json.MappingJackson2HttpMessageConverter@4a254b]
06-05-2017 15:48:57.063,DEBUG,Returning cached instance of singleton bean 'transactionManager'
06-05-2017 15:48:57.101,DEBUG,Written [5000] as "text/plain;charset=ISO-8859-1" using [org.springframework.http.converter.StringHttpMessageConverter@c1ac08]
06-05-2017 15:48:57.101,DEBUG,Null ModelAndView returned to DispatcherServlet with name 'appServlet': assuming HandlerAdapter completed request handling
06-05-2017 15:48:57.101,DEBUG,Successfully completed request
06-05-2017 15:48:57.104,DEBUG,Request [/ict/0087/searchData] is not a multipart request
06-05-2017 15:48:57.104,DEBUG,DispatcherServlet with name 'appServlet' processing POST request for [/ict/0087/searchData]
06-05-2017 15:48:57.104,DEBUG,Looking up handler method for path /0087/searchData
06-05-2017 15:48:57.104,DEBUG,Returning handler method [public java.util.List<vn.bananavietnam.ict.banana.component.Bnn0087SearchAffiliationResult> vn.bananavietnam.ict.banana.controller.Bnn0087SearchAffiliationController.searchData(vn.bananavietnam.ict.banana.component.Bnn0087SearchAffiliationConditions)]
06-05-2017 15:48:57.104,DEBUG,Returning cached instance of singleton bean 'bnn0087SearchAffiliationController'
06-05-2017 15:48:57.104,DEBUG,Returning cached instance of singleton bean 'xml_path'
06-05-2017 15:48:57.105,DEBUG,Skip CORS processing: request is from same origin
06-05-2017 15:48:57.105,DEBUG,Read [class vn.bananavietnam.ict.banana.component.Bnn0087SearchAffiliationConditions] as "application/json" with [org.springframework.http.converter.json.MappingJackson2HttpMessageConverter@4a254b]
06-05-2017 15:48:57.106,DEBUG,Returning cached instance of singleton bean 'transactionManager'
06-05-2017 15:48:57.142,DEBUG,Written [[vn.bananavietnam.ict.banana.component.Bnn0087SearchAffiliationResult@1b3b616, vn.bananavietnam.ict.banana.component.Bnn0087SearchAffiliationResult@1f3c912, vn.bananavietnam.ict.banana.component.Bnn0087SearchAffiliationResult@1b64ab, vn.bananavietnam.ict.banana.component.Bnn0087SearchAffiliationResult@1534219, vn.bananavietnam.ict.banana.component.Bnn0087SearchAffiliationResult@1fe40a3, vn.bananavietnam.ict.banana.component.Bnn0087SearchAffiliationResult@50b097, vn.bananavietnam.ict.banana.component.Bnn0087SearchAffiliationResult@185a2ca, vn.bananavietnam.ict.banana.component.Bnn0087SearchAffiliationResult@6166e9, vn.bananavietnam.ict.banana.component.Bnn0087SearchAffiliationResult@1fbdc5e, vn.bananavietnam.ict.banana.component.Bnn0087SearchAffiliationResult@2c15be, vn.bananavietnam.ict.banana.component.Bnn0087SearchAffiliationResult@ff6183, vn.bananavietnam.ict.banana.component.Bnn0087SearchAffiliationResult@168045b, vn.bananavietnam.ict.banana.component.Bnn0087SearchAffiliationResult@43404, vn.bananavietnam.ict.banana.component.Bnn0087SearchAffiliationResult@4d5bdf, vn.bananavietnam.ict.banana.component.Bnn0087SearchAffiliationResult@1adc3ac, vn.bananavietnam.ict.banana.component.Bnn0087SearchAffiliationResult@8e45de, vn.bananavietnam.ict.banana.component.Bnn0087SearchAffiliationResult@157e81f, vn.bananavietnam.ict.banana.component.Bnn0087SearchAffiliationResult@13aca09, vn.bananavietnam.ict.banana.component.Bnn0087SearchAffiliationResult@63d4a1, vn.bananavietnam.ict.banana.component.Bnn0087SearchAffiliationResult@5fd146]] as "application/json;charset=UTF-8" using [org.springframework.http.converter.json.MappingJackson2HttpMessageConverter@4a254b]
06-05-2017 15:48:57.142,DEBUG,Null ModelAndView returned to DispatcherServlet with name 'appServlet': assuming HandlerAdapter completed request handling
06-05-2017 15:48:57.142,DEBUG,Successfully completed request
06-05-2017 15:48:57.244,DEBUG,Request [/ict/resources/img/icon_info.png] is not a multipart request
06-05-2017 15:48:57.244,DEBUG,DispatcherServlet with name 'appServlet' processing GET request for [/ict/resources/img/icon_info.png]
06-05-2017 15:48:57.244,DEBUG,Looking up handler method for path /resources/img/icon_info.png
06-05-2017 15:48:57.245,DEBUG,Did not find handler method for [/resources/img/icon_info.png]
06-05-2017 15:48:57.245,DEBUG,Matching patterns for request [/resources/img/icon_info.png] are [/resources/**]
06-05-2017 15:48:57.245,DEBUG,URI Template variables for request [/resources/img/icon_info.png] are {}
06-05-2017 15:48:57.245,DEBUG,Mapping [/resources/img/icon_info.png] to HandlerExecutionChain with handler [ResourceHttpRequestHandler [locations=[ServletContext resource [/resources/]], resolvers=[org.springframework.web.servlet.resource.PathResourceResolver@19f69bd]]] and 1 interceptor
06-05-2017 15:48:57.245,DEBUG,Last-Modified value for [/ict/resources/img/icon_info.png] is: -1
06-05-2017 15:48:57.245,DEBUG,Returning cached instance of singleton bean 'xml_path'
06-05-2017 15:48:57.246,DEBUG,Null ModelAndView returned to DispatcherServlet with name 'appServlet': assuming HandlerAdapter completed request handling
06-05-2017 15:48:57.246,DEBUG,Successfully completed request
