06-05-2017 15:49:00.613,DEBUG,Request [/ict/resources/img/ic_last_h.png] is not a multipart request
06-05-2017 15:49:00.613,DEBUG,DispatcherServlet with name 'appServlet' processing GET request for [/ict/resources/img/ic_last_h.png]
06-05-2017 15:49:00.613,DEBUG,Looking up handler method for path /resources/img/ic_last_h.png
06-05-2017 15:49:00.615,DEBUG,Did not find handler method for [/resources/img/ic_last_h.png]
06-05-2017 15:49:00.615,DEBUG,Matching patterns for request [/resources/img/ic_last_h.png] are [/resources/**]
06-05-2017 15:49:00.615,DEBUG,URI Template variables for request [/resources/img/ic_last_h.png] are {}
06-05-2017 15:49:00.615,DEBUG,Mapping [/resources/img/ic_last_h.png] to HandlerExecutionChain with handler [ResourceHttpRequestHandler [locations=[ServletContext resource [/resources/]], resolvers=[org.springframework.web.servlet.resource.PathResourceResolver@19f69bd]]] and 1 interceptor
06-05-2017 15:49:00.615,DEBUG,Last-Modified value for [/ict/resources/img/ic_last_h.png] is: -1
06-05-2017 15:49:00.615,DEBUG,Returning cached instance of singleton bean 'xml_path'
06-05-2017 15:49:00.615,DEBUG,Request [/ict/0087/searchData] is not a multipart request
06-05-2017 15:49:00.615,DEBUG,DispatcherServlet with name 'appServlet' processing POST request for [/ict/0087/searchData]
06-05-2017 15:49:00.615,DEBUG,Looking up handler method for path /0087/searchData
06-05-2017 15:49:00.615,DEBUG,Returning handler method [public java.util.List<vn.bananavietnam.ict.banana.component.Bnn0087SearchAffiliationResult> vn.bananavietnam.ict.banana.controller.Bnn0087SearchAffiliationController.searchData(vn.bananavietnam.ict.banana.component.Bnn0087SearchAffiliationConditions)]
06-05-2017 15:49:00.615,DEBUG,Returning cached instance of singleton bean 'bnn0087SearchAffiliationController'
06-05-2017 15:49:00.615,DEBUG,Returning cached instance of singleton bean 'xml_path'
06-05-2017 15:49:00.616,DEBUG,Null ModelAndView returned to DispatcherServlet with name 'appServlet': assuming HandlerAdapter completed request handling
06-05-2017 15:49:00.616,DEBUG,Successfully completed request
06-05-2017 15:49:00.616,DEBUG,Skip CORS processing: request is from same origin
06-05-2017 15:49:00.616,DEBUG,Read [class vn.bananavietnam.ict.banana.component.Bnn0087SearchAffiliationConditions] as "application/json" with [org.springframework.http.converter.json.MappingJackson2HttpMessageConverter@4a254b]
06-05-2017 15:49:00.617,DEBUG,Returning cached instance of singleton bean 'transactionManager'
06-05-2017 15:49:00.645,DEBUG,Written [[vn.bananavietnam.ict.banana.component.Bnn0087SearchAffiliationResult@8d47aa, vn.bananavietnam.ict.banana.component.Bnn0087SearchAffiliationResult@171d66b, vn.bananavietnam.ict.banana.component.Bnn0087SearchAffiliationResult@16d461b, vn.bananavietnam.ict.banana.component.Bnn0087SearchAffiliationResult@2f9a4e, vn.bananavietnam.ict.banana.component.Bnn0087SearchAffiliationResult@4926b6, vn.bananavietnam.ict.banana.component.Bnn0087SearchAffiliationResult@1b66bda, vn.bananavietnam.ict.banana.component.Bnn0087SearchAffiliationResult@36ae69, vn.bananavietnam.ict.banana.component.Bnn0087SearchAffiliationResult@6da44b, vn.bananavietnam.ict.banana.component.Bnn0087SearchAffiliationResult@1544726, vn.bananavietnam.ict.banana.component.Bnn0087SearchAffiliationResult@13e15ad, vn.bananavietnam.ict.banana.component.Bnn0087SearchAffiliationResult@22a785, vn.bananavietnam.ict.banana.component.Bnn0087SearchAffiliationResult@14a0eb6, vn.bananavietnam.ict.banana.component.Bnn0087SearchAffiliationResult@8a0a8e, vn.bananavietnam.ict.banana.component.Bnn0087SearchAffiliationResult@164ef8f, vn.bananavietnam.ict.banana.component.Bnn0087SearchAffiliationResult@bb7ae9, vn.bananavietnam.ict.banana.component.Bnn0087SearchAffiliationResult@127e7b6, vn.bananavietnam.ict.banana.component.Bnn0087SearchAffiliationResult@1f74b66, vn.bananavietnam.ict.banana.component.Bnn0087SearchAffiliationResult@1ebcd80, vn.bananavietnam.ict.banana.component.Bnn0087SearchAffiliationResult@be9a26, vn.bananavietnam.ict.banana.component.Bnn0087SearchAffiliationResult@dad990]] as "application/json;charset=UTF-8" using [org.springframework.http.converter.json.MappingJackson2HttpMessageConverter@4a254b]
06-05-2017 15:49:00.645,DEBUG,Null ModelAndView returned to DispatcherServlet with name 'appServlet': assuming HandlerAdapter completed request handling
06-05-2017 15:49:00.645,DEBUG,Successfully completed request
