06-05-2017 15:48:59.550,DEBUG,Request [/ict/0087/searchData] is not a multipart request
06-05-2017 15:48:59.550,DEBUG,DispatcherServlet with name 'appServlet' processing POST request for [/ict/0087/searchData]
06-05-2017 15:48:59.550,DEBUG,Looking up handler method for path /0087/searchData
06-05-2017 15:48:59.550,DEBUG,Returning handler method [public java.util.List<vn.bananavietnam.ict.banana.component.Bnn0087SearchAffiliationResult> vn.bananavietnam.ict.banana.controller.Bnn0087SearchAffiliationController.searchData(vn.bananavietnam.ict.banana.component.Bnn0087SearchAffiliationConditions)]
06-05-2017 15:48:59.550,DEBUG,Returning cached instance of singleton bean 'bnn0087SearchAffiliationController'
06-05-2017 15:48:59.550,DEBUG,Returning cached instance of singleton bean 'xml_path'
06-05-2017 15:48:59.550,DEBUG,Skip CORS processing: request is from same origin
06-05-2017 15:48:59.551,DEBUG,Read [class vn.bananavietnam.ict.banana.component.Bnn0087SearchAffiliationConditions] as "application/json" with [org.springframework.http.converter.json.MappingJackson2HttpMessageConverter@4a254b]
06-05-2017 15:48:59.551,DEBUG,Returning cached instance of singleton bean 'transactionManager'
06-05-2017 15:48:59.577,DEBUG,Written [[vn.bananavietnam.ict.banana.component.Bnn0087SearchAffiliationResult@15f52b8, vn.bananavietnam.ict.banana.component.Bnn0087SearchAffiliationResult@99cd91, vn.bananavietnam.ict.banana.component.Bnn0087SearchAffiliationResult@183e376, vn.bananavietnam.ict.banana.component.Bnn0087SearchAffiliationResult@1e2d21c, vn.bananavietnam.ict.banana.component.Bnn0087SearchAffiliationResult@83800a, vn.bananavietnam.ict.banana.component.Bnn0087SearchAffiliationResult@b62f8e, vn.bananavietnam.ict.banana.component.Bnn0087SearchAffiliationResult@90e3fd, vn.bananavietnam.ict.banana.component.Bnn0087SearchAffiliationResult@1a5b341, vn.bananavietnam.ict.banana.component.Bnn0087SearchAffiliationResult@1c0f8ef, vn.bananavietnam.ict.banana.component.Bnn0087SearchAffiliationResult@816986, vn.bananavietnam.ict.banana.component.Bnn0087SearchAffiliationResult@10df8a0, vn.bananavietnam.ict.banana.component.Bnn0087SearchAffiliationResult@1dc69fb, vn.bananavietnam.ict.banana.component.Bnn0087SearchAffiliationResult@1f9e6ef, vn.bananavietnam.ict.banana.component.Bnn0087SearchAffiliationResult@917e0f, vn.bananavietnam.ict.banana.component.Bnn0087SearchAffiliationResult@9b56c5, vn.bananavietnam.ict.banana.component.Bnn0087SearchAffiliationResult@a8745c, vn.bananavietnam.ict.banana.component.Bnn0087SearchAffiliationResult@c830f8, vn.bananavietnam.ict.banana.component.Bnn0087SearchAffiliationResult@1e656e8, vn.bananavietnam.ict.banana.component.Bnn0087SearchAffiliationResult@1170daf, vn.bananavietnam.ict.banana.component.Bnn0087SearchAffiliationResult@f88005]] as "application/json;charset=UTF-8" using [org.springframework.http.converter.json.MappingJackson2HttpMessageConverter@4a254b]
06-05-2017 15:48:59.577,DEBUG,Null ModelAndView returned to DispatcherServlet with name 'appServlet': assuming HandlerAdapter completed request handling
06-05-2017 15:48:59.577,DEBUG,Successfully completed request
06-05-2017 15:48:59.687,DEBUG,Request [/ict/resources/img/ic_next_h.png] is not a multipart request
06-05-2017 15:48:59.687,DEBUG,DispatcherServlet with name 'appServlet' processing GET request for [/ict/resources/img/ic_next_h.png]
06-05-2017 15:48:59.687,DEBUG,Looking up handler method for path /resources/img/ic_next_h.png
06-05-2017 15:48:59.688,DEBUG,Did not find handler method for [/resources/img/ic_next_h.png]
06-05-2017 15:48:59.689,DEBUG,Matching patterns for request [/resources/img/ic_next_h.png] are [/resources/**]
06-05-2017 15:48:59.689,DEBUG,URI Template variables for request [/resources/img/ic_next_h.png] are {}
06-05-2017 15:48:59.689,DEBUG,Mapping [/resources/img/ic_next_h.png] to HandlerExecutionChain with handler [ResourceHttpRequestHandler [locations=[ServletContext resource [/resources/]], resolvers=[org.springframework.web.servlet.resource.PathResourceResolver@19f69bd]]] and 1 interceptor
06-05-2017 15:48:59.689,DEBUG,Last-Modified value for [/ict/resources/img/ic_next_h.png] is: -1
06-05-2017 15:48:59.689,DEBUG,Returning cached instance of singleton bean 'xml_path'
06-05-2017 15:48:59.690,DEBUG,Null ModelAndView returned to DispatcherServlet with name 'appServlet': assuming HandlerAdapter completed request handling
06-05-2017 15:48:59.690,DEBUG,Successfully completed request
06-05-2017 15:48:59.695,DEBUG,Request [/ict/0087/searchData] is not a multipart request
06-05-2017 15:48:59.695,DEBUG,DispatcherServlet with name 'appServlet' processing POST request for [/ict/0087/searchData]
06-05-2017 15:48:59.695,DEBUG,Looking up handler method for path /0087/searchData
06-05-2017 15:48:59.695,DEBUG,Returning handler method [public java.util.List<vn.bananavietnam.ict.banana.component.Bnn0087SearchAffiliationResult> vn.bananavietnam.ict.banana.controller.Bnn0087SearchAffiliationController.searchData(vn.bananavietnam.ict.banana.component.Bnn0087SearchAffiliationConditions)]
06-05-2017 15:48:59.695,DEBUG,Returning cached instance of singleton bean 'bnn0087SearchAffiliationController'
06-05-2017 15:48:59.695,DEBUG,Returning cached instance of singleton bean 'xml_path'
06-05-2017 15:48:59.695,DEBUG,Skip CORS processing: request is from same origin
06-05-2017 15:48:59.695,DEBUG,Read [class vn.bananavietnam.ict.banana.component.Bnn0087SearchAffiliationConditions] as "application/json" with [org.springframework.http.converter.json.MappingJackson2HttpMessageConverter@4a254b]
06-05-2017 15:48:59.696,DEBUG,Returning cached instance of singleton bean 'transactionManager'
06-05-2017 15:48:59.725,DEBUG,Written [[vn.bananavietnam.ict.banana.component.Bnn0087SearchAffiliationResult@89f01f, vn.bananavietnam.ict.banana.component.Bnn0087SearchAffiliationResult@ab84da, vn.bananavietnam.ict.banana.component.Bnn0087SearchAffiliationResult@4a515f, vn.bananavietnam.ict.banana.component.Bnn0087SearchAffiliationResult@1e2dd70, vn.bananavietnam.ict.banana.component.Bnn0087SearchAffiliationResult@6cfdb, vn.bananavietnam.ict.banana.component.Bnn0087SearchAffiliationResult@231855, vn.bananavietnam.ict.banana.component.Bnn0087SearchAffiliationResult@6f6aa7, vn.bananavietnam.ict.banana.component.Bnn0087SearchAffiliationResult@1ed3407, vn.bananavietnam.ict.banana.component.Bnn0087SearchAffiliationResult@1d34036, vn.bananavietnam.ict.banana.component.Bnn0087SearchAffiliationResult@1f202e9, vn.bananavietnam.ict.banana.component.Bnn0087SearchAffiliationResult@e76122, vn.bananavietnam.ict.banana.component.Bnn0087SearchAffiliationResult@1c2ef5, vn.bananavietnam.ict.banana.component.Bnn0087SearchAffiliationResult@1cd1430, vn.bananavietnam.ict.banana.component.Bnn0087SearchAffiliationResult@e1a3ea, vn.bananavietnam.ict.banana.component.Bnn0087SearchAffiliationResult@1423de5, vn.bananavietnam.ict.banana.component.Bnn0087SearchAffiliationResult@8d87e, vn.bananavietnam.ict.banana.component.Bnn0087SearchAffiliationResult@1cf2c1b, vn.bananavietnam.ict.banana.component.Bnn0087SearchAffiliationResult@3638bb, vn.bananavietnam.ict.banana.component.Bnn0087SearchAffiliationResult@cd990d, vn.bananavietnam.ict.banana.component.Bnn0087SearchAffiliationResult@2669c2]] as "application/json;charset=UTF-8" using [org.springframework.http.converter.json.MappingJackson2HttpMessageConverter@4a254b]
06-05-2017 15:48:59.726,DEBUG,Null ModelAndView returned to DispatcherServlet with name 'appServlet': assuming HandlerAdapter completed request handling
06-05-2017 15:48:59.726,DEBUG,Successfully completed request
