06-01-2017 02:32:42.394,INFO ,CB823B4AB05715FE6924077F1892EB8A,U0000000001,vn.bananavietnam.ict.banana.service.Bnn0087SearchAffiliationService,searchData,[vn.bananavietnam.ict.banana.component.Bnn0087SearchAffiliationConditions@1f7967c] METHOD START
06-01-2017 02:32:42.394,INFO ,CB823B4AB05715FE6924077F1892EB8A,U0000000001,Affiliation searching started
06-01-2017 02:32:46.411,ERROR,CB823B4AB05715FE6924077F1892EB8A,U0000000001,java.lang.Exception: nested exception is org.apache.ibatis.exceptions.PersistenceException: 
06-01-2017 02:32:46.412,INFO ,CB823B4AB05715FE6924077F1892EB8A,U0000000001,vn.bananavietnam.ict.banana.service.Bnn0087SearchAffiliationService,searchData,[vn.bananavietnam.ict.banana.component.Bnn0087SearchAffiliationConditions@1f7967c] METHOD END
06-01-2017 02:32:47.296,INFO ,CB823B4AB05715FE6924077F1892EB8A,U0000000001,vn.bananavietnam.ict.banana.service.Bnn0087SearchAffiliationService,searchData,[vn.bananavietnam.ict.banana.component.Bnn0087SearchAffiliationConditions@17fd2ee] METHOD START
06-01-2017 02:32:47.296,INFO ,CB823B4AB05715FE6924077F1892EB8A,U0000000001,Affiliation searching started
06-01-2017 02:32:49.328,DEBUG,CB823B4AB05715FE6924077F1892EB8A,==>  Preparing: SELECT usr.userName userName, usr.userId userId , authorization.AUTHORIZATION_TYPE_NAME typeName, authorization.AUTHORIZATION_TYPE_ID typeId, mgr.farmIdList farmIdList, mgr.areaIdList areaIdList, mgr.lastUpdateDate lastUpdateDate FROM (SELECT users.USERS_NAME userName, users.USERS_ID userId FROM IVB_M_USERS users WHERE 1 = 1 AND users.DELETE_FLAG = '0') usr LEFT JOIN (SELECT manager.USERS_ID userId, manager.AUTHORIZATION_TYPE_ID typeId, (SELECT LAST_UPDATE_DATE FROM IVB_M_MANAGER ORDER BY LAST_UPDATE_DATE DESC LIMIT 1) lastUpdateDate, GROUP_CONCAT(manager.FARM_ID SEPARATOR ',') as farmIdList, GROUP_CONCAT(manager.AREA_ID SEPARATOR ',') as areaIdList FROM IVB_M_MANAGER manager WHERE 1 = 1 AND manager.DELETE_FLAG = '0' GROUP BY manager.USERS_ID, manager.AUTHORIZATION_TYPE_ID) mgr ON usr.userId = mgr.userId LEFT JOIN IVB_M_AUTHORIZATION authorization ON authorization.AUTHORIZATION_TYPE_ID = mgr.typeId ORDER BY usr.userName, authorization.AUTHORIZATION_TYPE_ID LIMIT ?,? 
06-01-2017 02:32:49.329,DEBUG,CB823B4AB05715FE6924077F1892EB8A,==> Parameters: 0(Integer), 20(Integer)
06-01-2017 02:32:49.336,DEBUG,CB823B4AB05715FE6924077F1892EB8A,<==      Total: 20
06-01-2017 02:32:49.336,INFO ,CB823B4AB05715FE6924077F1892EB8A,U0000000001,SQL execution finished
06-01-2017 02:32:49.337,DEBUG,CB823B4AB05715FE6924077F1892EB8A,==>  Preparing: SELECT COUNT(*) FROM (SELECT users.USERS_NAME userName, users.USERS_ID userId FROM IVB_M_USERS users WHERE 1 = 1 AND users.DELETE_FLAG = '0') usr LEFT JOIN (SELECT manager.USERS_ID userId, manager.AUTHORIZATION_TYPE_ID typeId FROM IVB_M_MANAGER manager WHERE 1 = 1 AND manager.DELETE_FLAG = '0' GROUP BY manager.USERS_ID, manager.AUTHORIZATION_TYPE_ID) mgr ON usr.userId = mgr.userId LEFT JOIN IVB_M_AUTHORIZATION authorization ON authorization.AUTHORIZATION_TYPE_ID = mgr.typeId ORDER BY usr.userId 
06-01-2017 02:32:49.337,DEBUG,CB823B4AB05715FE6924077F1892EB8A,==> Parameters: 
06-01-2017 02:32:49.340,DEBUG,CB823B4AB05715FE6924077F1892EB8A,<==      Total: 1
06-01-2017 02:32:49.340,INFO ,CB823B4AB05715FE6924077F1892EB8A,U0000000001,Affiliation searching finished ==> 60 item(s)
06-01-2017 02:32:49.341,INFO ,CB823B4AB05715FE6924077F1892EB8A,U0000000001,vn.bananavietnam.ict.banana.service.Bnn0087SearchAffiliationService,searchData,[vn.bananavietnam.ict.banana.component.Bnn0087SearchAffiliationConditions@17fd2ee] METHOD END
06-01-2017 02:32:55.500,INFO ,91E7CEA09A191C2442550435DC2805DE,U0000000001,vn.bananavietnam.ict.banana.service.Bnn0087SearchAffiliationService,initData,[{}] METHOD START
06-01-2017 02:32:55.525,DEBUG,91E7CEA09A191C2442550435DC2805DE,==>  Preparing: select AUTHORIZATION_TYPE_ID, AUTHORIZATION_TYPE_NAME, ACCESS_AUTHORITY_ID, CREATE_USER_ID, CREATE_DATE, UPDATE_USER_ID, LAST_UPDATE_DATE, DELETE_FLAG from IVB_M_AUTHORIZATION 
06-01-2017 02:32:55.525,DEBUG,91E7CEA09A191C2442550435DC2805DE,==> Parameters: 
06-01-2017 02:32:55.529,DEBUG,91E7CEA09A191C2442550435DC2805DE,<==      Total: 4
06-01-2017 02:32:55.530,INFO ,91E7CEA09A191C2442550435DC2805DE,U0000000001,vn.bananavietnam.ict.banana.service.Bnn0087SearchAffiliationService,initData,[{affiliationData=[{"authorizationTypeId":"1","authorizationTypeName":"Quản lý hệ thống","accessAuthorityId":"1","createUserId":"U0000000001","createDate":1489363200000,"updateUserId":"U0000000001","lastUpdateDate":1490054400000,"deleteFlag":false},{"authorizationTypeId":"2","authorizationTypeName":"Giám đốc kinh doanh","accessAuthorityId":"2","createUserId":"U0000000001","createDate":1489363200000,"updateUserId":"U0000000001","lastUpdateDate":1490054400000,"deleteFlag":false},{"authorizationTypeId":"3","authorizationTypeName":"Quản lý nông trại","accessAuthorityId":"3","createUserId":"U0000000001","createDate":1489363200000,"updateUserId":"U0000000001","lastUpdateDate":1490054400000,"deleteFlag":false},{"authorizationTypeId":"4","authorizationTypeName":"Quản lý lô","accessAuthorityId":"4","createUserId":"U0000000001","createDate":1489363200000,"updateUserId":"U0000000001","lastUpdateDate":1490054400000,"deleteFlag":false}]}] METHOD END
06-01-2017 02:32:55.603,INFO ,91E7CEA09A191C2442550435DC2805DE,U0000000001,vn.bananavietnam.ict.banana.service.Bnn0087SearchAffiliationService,searchData,[vn.bananavietnam.ict.banana.component.Bnn0087SearchAffiliationConditions@148ba4] METHOD START
06-01-2017 02:32:55.603,INFO ,91E7CEA09A191C2442550435DC2805DE,U0000000001,Affiliation searching started
06-01-2017 02:32:55.621,DEBUG,91E7CEA09A191C2442550435DC2805DE,==>  Preparing: SELECT usr.userName userName, usr.userId userId , authorization.AUTHORIZATION_TYPE_NAME typeName, authorization.AUTHORIZATION_TYPE_ID typeId, mgr.farmIdList farmIdList, mgr.areaIdList areaIdList, mgr.lastUpdateDate lastUpdateDate FROM (SELECT users.USERS_NAME userName, users.USERS_ID userId FROM IVB_M_USERS users WHERE 1 = 1 AND users.DELETE_FLAG = '0') usr LEFT JOIN (SELECT manager.USERS_ID userId, manager.AUTHORIZATION_TYPE_ID typeId, (SELECT LAST_UPDATE_DATE FROM IVB_M_MANAGER ORDER BY LAST_UPDATE_DATE DESC LIMIT 1) lastUpdateDate, GROUP_CONCAT(manager.FARM_ID SEPARATOR ',') as farmIdList, GROUP_CONCAT(manager.AREA_ID SEPARATOR ',') as areaIdList FROM IVB_M_MANAGER manager WHERE 1 = 1 AND manager.DELETE_FLAG = '0' GROUP BY manager.USERS_ID, manager.AUTHORIZATION_TYPE_ID) mgr ON usr.userId = mgr.userId LEFT JOIN IVB_M_AUTHORIZATION authorization ON authorization.AUTHORIZATION_TYPE_ID = mgr.typeId ORDER BY usr.userName, authorization.AUTHORIZATION_TYPE_ID LIMIT ?,? 
06-01-2017 02:32:55.621,DEBUG,91E7CEA09A191C2442550435DC2805DE,==> Parameters: 0(Integer), 20(Integer)
06-01-2017 02:32:55.626,DEBUG,91E7CEA09A191C2442550435DC2805DE,<==      Total: 20
06-01-2017 02:32:55.626,INFO ,91E7CEA09A191C2442550435DC2805DE,U0000000001,SQL execution finished
06-01-2017 02:32:55.626,DEBUG,91E7CEA09A191C2442550435DC2805DE,==>  Preparing: SELECT COUNT(*) FROM (SELECT users.USERS_NAME userName, users.USERS_ID userId FROM IVB_M_USERS users WHERE 1 = 1 AND users.DELETE_FLAG = '0') usr LEFT JOIN (SELECT manager.USERS_ID userId, manager.AUTHORIZATION_TYPE_ID typeId FROM IVB_M_MANAGER manager WHERE 1 = 1 AND manager.DELETE_FLAG = '0' GROUP BY manager.USERS_ID, manager.AUTHORIZATION_TYPE_ID) mgr ON usr.userId = mgr.userId LEFT JOIN IVB_M_AUTHORIZATION authorization ON authorization.AUTHORIZATION_TYPE_ID = mgr.typeId ORDER BY usr.userId 
06-01-2017 02:32:55.626,DEBUG,91E7CEA09A191C2442550435DC2805DE,==> Parameters: 
06-01-2017 02:32:55.627,DEBUG,91E7CEA09A191C2442550435DC2805DE,<==      Total: 1
06-01-2017 02:32:55.628,INFO ,91E7CEA09A191C2442550435DC2805DE,U0000000001,Affiliation searching finished ==> 60 item(s)
06-01-2017 02:32:55.628,INFO ,91E7CEA09A191C2442550435DC2805DE,U0000000001,vn.bananavietnam.ict.banana.service.Bnn0087SearchAffiliationService,searchData,[vn.bananavietnam.ict.banana.component.Bnn0087SearchAffiliationConditions@148ba4] METHOD END
06-01-2017 02:32:55.785,INFO ,91E7CEA09A191C2442550435DC2805DE,U0000000001,vn.bananavietnam.ict.banana.service.Bnn0087SearchAffiliationService,searchData,[vn.bananavietnam.ict.banana.component.Bnn0087SearchAffiliationConditions@1c904ba] METHOD START
06-01-2017 02:32:55.785,INFO ,91E7CEA09A191C2442550435DC2805DE,U0000000001,Affiliation searching started
06-01-2017 02:32:55.806,DEBUG,91E7CEA09A191C2442550435DC2805DE,==>  Preparing: SELECT usr.userName userName, usr.userId userId , authorization.AUTHORIZATION_TYPE_NAME typeName, authorization.AUTHORIZATION_TYPE_ID typeId, mgr.farmIdList farmIdList, mgr.areaIdList areaIdList, mgr.lastUpdateDate lastUpdateDate FROM (SELECT users.USERS_NAME userName, users.USERS_ID userId FROM IVB_M_USERS users WHERE 1 = 1 AND users.DELETE_FLAG = '0') usr LEFT JOIN (SELECT manager.USERS_ID userId, manager.AUTHORIZATION_TYPE_ID typeId, (SELECT LAST_UPDATE_DATE FROM IVB_M_MANAGER ORDER BY LAST_UPDATE_DATE DESC LIMIT 1) lastUpdateDate, GROUP_CONCAT(manager.FARM_ID SEPARATOR ',') as farmIdList, GROUP_CONCAT(manager.AREA_ID SEPARATOR ',') as areaIdList FROM IVB_M_MANAGER manager WHERE 1 = 1 AND manager.DELETE_FLAG = '0' GROUP BY manager.USERS_ID, manager.AUTHORIZATION_TYPE_ID) mgr ON usr.userId = mgr.userId LEFT JOIN IVB_M_AUTHORIZATION authorization ON authorization.AUTHORIZATION_TYPE_ID = mgr.typeId ORDER BY usr.userName, authorization.AUTHORIZATION_TYPE_ID LIMIT ?,? 
06-01-2017 02:32:55.807,DEBUG,91E7CEA09A191C2442550435DC2805DE,==> Parameters: 0(Integer), 20(Integer)
06-01-2017 02:32:55.811,DEBUG,91E7CEA09A191C2442550435DC2805DE,<==      Total: 20
06-01-2017 02:32:55.811,INFO ,91E7CEA09A191C2442550435DC2805DE,U0000000001,SQL execution finished
06-01-2017 02:32:55.811,DEBUG,91E7CEA09A191C2442550435DC2805DE,==>  Preparing: SELECT COUNT(*) FROM (SELECT users.USERS_NAME userName, users.USERS_ID userId FROM IVB_M_USERS users WHERE 1 = 1 AND users.DELETE_FLAG = '0') usr LEFT JOIN (SELECT manager.USERS_ID userId, manager.AUTHORIZATION_TYPE_ID typeId FROM IVB_M_MANAGER manager WHERE 1 = 1 AND manager.DELETE_FLAG = '0' GROUP BY manager.USERS_ID, manager.AUTHORIZATION_TYPE_ID) mgr ON usr.userId = mgr.userId LEFT JOIN IVB_M_AUTHORIZATION authorization ON authorization.AUTHORIZATION_TYPE_ID = mgr.typeId ORDER BY usr.userId 
06-01-2017 02:32:55.811,DEBUG,91E7CEA09A191C2442550435DC2805DE,==> Parameters: 
06-01-2017 02:32:55.813,DEBUG,91E7CEA09A191C2442550435DC2805DE,<==      Total: 1
06-01-2017 02:32:55.813,INFO ,91E7CEA09A191C2442550435DC2805DE,U0000000001,Affiliation searching finished ==> 60 item(s)
06-01-2017 02:32:55.813,INFO ,91E7CEA09A191C2442550435DC2805DE,U0000000001,vn.bananavietnam.ict.banana.service.Bnn0087SearchAffiliationService,searchData,[vn.bananavietnam.ict.banana.component.Bnn0087SearchAffiliationConditions@1c904ba] METHOD END
