06-01-2017 01:41:24.052,INFO ,A7D1C4B1C27F26D43DC525C4588DC994,U0000000001,vn.bananavietnam.ict.banana.service.Bnn0087SearchAffiliationService,searchData,[vn.bananavietnam.ict.banana.component.Bnn0087SearchAffiliationConditions@14d13a6] METHOD START
06-01-2017 01:41:24.053,INFO ,A7D1C4B1C27F26D43DC525C4588DC994,U0000000001,Affiliation searching started
06-01-2017 01:41:28.098,ERROR,A7D1C4B1C27F26D43DC525C4588DC994,U0000000001,java.lang.Exception: nested exception is org.apache.ibatis.exceptions.PersistenceException: 
06-01-2017 01:41:28.099,INFO ,A7D1C4B1C27F26D43DC525C4588DC994,U0000000001,vn.bananavietnam.ict.banana.service.Bnn0087SearchAffiliationService,searchData,[vn.bananavietnam.ict.banana.component.Bnn0087SearchAffiliationConditions@14d13a6] METHOD END
06-01-2017 01:41:28.573,INFO ,A7D1C4B1C27F26D43DC525C4588DC994,U0000000001,vn.bananavietnam.ict.banana.service.Bnn0087SearchAffiliationService,searchData,[vn.bananavietnam.ict.banana.component.Bnn0087SearchAffiliationConditions@128686e] METHOD START
06-01-2017 01:41:28.574,INFO ,A7D1C4B1C27F26D43DC525C4588DC994,U0000000001,Affiliation searching started
06-01-2017 01:41:28.590,DEBUG,A7D1C4B1C27F26D43DC525C4588DC994,==>  Preparing: SELECT usr.userName userName, usr.userId userId , authorization.AUTHORIZATION_TYPE_NAME typeName, authorization.AUTHORIZATION_TYPE_ID typeId, mgr.farmIdList farmIdList, mgr.areaIdList areaIdList, mgr.lastUpdateDate lastUpdateDate FROM (SELECT users.USERS_NAME userName, users.USERS_ID userId FROM IVB_M_USERS users WHERE 1 = 1 AND users.DELETE_FLAG = '0') usr LEFT JOIN (SELECT manager.USERS_ID userId, manager.AUTHORIZATION_TYPE_ID typeId, (SELECT LAST_UPDATE_DATE FROM IVB_M_MANAGER ORDER BY LAST_UPDATE_DATE DESC LIMIT 1) lastUpdateDate, GROUP_CONCAT(manager.FARM_ID SEPARATOR ',') as farmIdList, GROUP_CONCAT(manager.AREA_ID SEPARATOR ',') as areaIdList FROM IVB_M_MANAGER manager WHERE 1 = 1 AND manager.DELETE_FLAG = '0' GROUP BY manager.USERS_ID, manager.AUTHORIZATION_TYPE_ID) mgr ON usr.userId = mgr.userId LEFT JOIN IVB_M_AUTHORIZATION authorization ON authorization.AUTHORIZATION_TYPE_ID = mgr.typeId ORDER BY usr.userName, authorization.AUTHORIZATION_TYPE_ID LIMIT ?,? 
06-01-2017 01:41:28.590,DEBUG,A7D1C4B1C27F26D43DC525C4588DC994,==> Parameters: 0(Integer), 20(Integer)
06-01-2017 01:41:28.594,DEBUG,A7D1C4B1C27F26D43DC525C4588DC994,<==      Total: 20
06-01-2017 01:41:28.594,INFO ,A7D1C4B1C27F26D43DC525C4588DC994,U0000000001,SQL execution finished
06-01-2017 01:41:28.594,DEBUG,A7D1C4B1C27F26D43DC525C4588DC994,==>  Preparing: SELECT COUNT(*) FROM (SELECT users.USERS_NAME userName, users.USERS_ID userId FROM IVB_M_USERS users WHERE 1 = 1 AND users.DELETE_FLAG = '0') usr LEFT JOIN (SELECT manager.USERS_ID userId, manager.AUTHORIZATION_TYPE_ID typeId FROM IVB_M_MANAGER manager WHERE 1 = 1 AND manager.DELETE_FLAG = '0' GROUP BY manager.USERS_ID, manager.AUTHORIZATION_TYPE_ID) mgr ON usr.userId = mgr.userId LEFT JOIN IVB_M_AUTHORIZATION authorization ON authorization.AUTHORIZATION_TYPE_ID = mgr.typeId ORDER BY usr.userId 
06-01-2017 01:41:28.594,DEBUG,A7D1C4B1C27F26D43DC525C4588DC994,==> Parameters: 
06-01-2017 01:41:28.595,DEBUG,A7D1C4B1C27F26D43DC525C4588DC994,<==      Total: 1
06-01-2017 01:41:28.596,INFO ,A7D1C4B1C27F26D43DC525C4588DC994,U0000000001,Affiliation searching finished ==> 60 item(s)
06-01-2017 01:41:28.596,INFO ,A7D1C4B1C27F26D43DC525C4588DC994,U0000000001,vn.bananavietnam.ict.banana.service.Bnn0087SearchAffiliationService,searchData,[vn.bananavietnam.ict.banana.component.Bnn0087SearchAffiliationConditions@128686e] METHOD END
06-01-2017 01:41:29.277,INFO ,30627298450E1072B64585903C8BD86F,U0000000001,vn.bananavietnam.ict.banana.service.Bnn0087SearchAffiliationService,initData,[{}] METHOD START
06-01-2017 01:41:29.296,DEBUG,30627298450E1072B64585903C8BD86F,==>  Preparing: select AUTHORIZATION_TYPE_ID, AUTHORIZATION_TYPE_NAME, ACCESS_AUTHORITY_ID, CREATE_USER_ID, CREATE_DATE, UPDATE_USER_ID, LAST_UPDATE_DATE, DELETE_FLAG from IVB_M_AUTHORIZATION 
06-01-2017 01:41:29.296,DEBUG,30627298450E1072B64585903C8BD86F,==> Parameters: 
06-01-2017 01:41:29.298,DEBUG,30627298450E1072B64585903C8BD86F,<==      Total: 4
06-01-2017 01:41:29.298,INFO ,30627298450E1072B64585903C8BD86F,U0000000001,vn.bananavietnam.ict.banana.service.Bnn0087SearchAffiliationService,initData,[{affiliationData=[{"authorizationTypeId":"1","authorizationTypeName":"Quản lý hệ thống","accessAuthorityId":"1","createUserId":"U0000000001","createDate":1489363200000,"updateUserId":"U0000000001","lastUpdateDate":1490054400000,"deleteFlag":false},{"authorizationTypeId":"2","authorizationTypeName":"Giám đốc kinh doanh","accessAuthorityId":"2","createUserId":"U0000000001","createDate":1489363200000,"updateUserId":"U0000000001","lastUpdateDate":1490054400000,"deleteFlag":false},{"authorizationTypeId":"3","authorizationTypeName":"Quản lý nông trại","accessAuthorityId":"3","createUserId":"U0000000001","createDate":1489363200000,"updateUserId":"U0000000001","lastUpdateDate":1490054400000,"deleteFlag":false},{"authorizationTypeId":"4","authorizationTypeName":"Quản lý lô","accessAuthorityId":"4","createUserId":"U0000000001","createDate":1489363200000,"updateUserId":"U0000000001","lastUpdateDate":1490054400000,"deleteFlag":false}]}] METHOD END
06-01-2017 01:41:29.339,INFO ,30627298450E1072B64585903C8BD86F,U0000000001,vn.bananavietnam.ict.banana.service.Bnn0087SearchAffiliationService,searchData,[vn.bananavietnam.ict.banana.component.Bnn0087SearchAffiliationConditions@97366c] METHOD START
06-01-2017 01:41:29.339,INFO ,30627298450E1072B64585903C8BD86F,U0000000001,Affiliation searching started
06-01-2017 01:41:29.354,DEBUG,30627298450E1072B64585903C8BD86F,==>  Preparing: SELECT usr.userName userName, usr.userId userId , authorization.AUTHORIZATION_TYPE_NAME typeName, authorization.AUTHORIZATION_TYPE_ID typeId, mgr.farmIdList farmIdList, mgr.areaIdList areaIdList, mgr.lastUpdateDate lastUpdateDate FROM (SELECT users.USERS_NAME userName, users.USERS_ID userId FROM IVB_M_USERS users WHERE 1 = 1 AND users.DELETE_FLAG = '0') usr LEFT JOIN (SELECT manager.USERS_ID userId, manager.AUTHORIZATION_TYPE_ID typeId, (SELECT LAST_UPDATE_DATE FROM IVB_M_MANAGER ORDER BY LAST_UPDATE_DATE DESC LIMIT 1) lastUpdateDate, GROUP_CONCAT(manager.FARM_ID SEPARATOR ',') as farmIdList, GROUP_CONCAT(manager.AREA_ID SEPARATOR ',') as areaIdList FROM IVB_M_MANAGER manager WHERE 1 = 1 AND manager.DELETE_FLAG = '0' GROUP BY manager.USERS_ID, manager.AUTHORIZATION_TYPE_ID) mgr ON usr.userId = mgr.userId LEFT JOIN IVB_M_AUTHORIZATION authorization ON authorization.AUTHORIZATION_TYPE_ID = mgr.typeId ORDER BY usr.userName, authorization.AUTHORIZATION_TYPE_ID LIMIT ?,? 
06-01-2017 01:41:29.354,DEBUG,30627298450E1072B64585903C8BD86F,==> Parameters: 0(Integer), 20(Integer)
06-01-2017 01:41:29.358,DEBUG,30627298450E1072B64585903C8BD86F,<==      Total: 20
06-01-2017 01:41:29.359,INFO ,30627298450E1072B64585903C8BD86F,U0000000001,SQL execution finished
06-01-2017 01:41:29.359,DEBUG,30627298450E1072B64585903C8BD86F,==>  Preparing: SELECT COUNT(*) FROM (SELECT users.USERS_NAME userName, users.USERS_ID userId FROM IVB_M_USERS users WHERE 1 = 1 AND users.DELETE_FLAG = '0') usr LEFT JOIN (SELECT manager.USERS_ID userId, manager.AUTHORIZATION_TYPE_ID typeId FROM IVB_M_MANAGER manager WHERE 1 = 1 AND manager.DELETE_FLAG = '0' GROUP BY manager.USERS_ID, manager.AUTHORIZATION_TYPE_ID) mgr ON usr.userId = mgr.userId LEFT JOIN IVB_M_AUTHORIZATION authorization ON authorization.AUTHORIZATION_TYPE_ID = mgr.typeId ORDER BY usr.userId 
06-01-2017 01:41:29.359,DEBUG,30627298450E1072B64585903C8BD86F,==> Parameters: 
06-01-2017 01:41:29.361,DEBUG,30627298450E1072B64585903C8BD86F,<==      Total: 1
06-01-2017 01:41:29.361,INFO ,30627298450E1072B64585903C8BD86F,U0000000001,Affiliation searching finished ==> 60 item(s)
06-01-2017 01:41:29.361,INFO ,30627298450E1072B64585903C8BD86F,U0000000001,vn.bananavietnam.ict.banana.service.Bnn0087SearchAffiliationService,searchData,[vn.bananavietnam.ict.banana.component.Bnn0087SearchAffiliationConditions@97366c] METHOD END
06-01-2017 01:41:29.481,INFO ,30627298450E1072B64585903C8BD86F,U0000000001,vn.bananavietnam.ict.banana.service.Bnn0087SearchAffiliationService,searchData,[vn.bananavietnam.ict.banana.component.Bnn0087SearchAffiliationConditions@d2bc5f] METHOD START
06-01-2017 01:41:29.481,INFO ,30627298450E1072B64585903C8BD86F,U0000000001,Affiliation searching started
06-01-2017 01:41:29.507,DEBUG,30627298450E1072B64585903C8BD86F,==>  Preparing: SELECT usr.userName userName, usr.userId userId , authorization.AUTHORIZATION_TYPE_NAME typeName, authorization.AUTHORIZATION_TYPE_ID typeId, mgr.farmIdList farmIdList, mgr.areaIdList areaIdList, mgr.lastUpdateDate lastUpdateDate FROM (SELECT users.USERS_NAME userName, users.USERS_ID userId FROM IVB_M_USERS users WHERE 1 = 1 AND users.DELETE_FLAG = '0') usr LEFT JOIN (SELECT manager.USERS_ID userId, manager.AUTHORIZATION_TYPE_ID typeId, (SELECT LAST_UPDATE_DATE FROM IVB_M_MANAGER ORDER BY LAST_UPDATE_DATE DESC LIMIT 1) lastUpdateDate, GROUP_CONCAT(manager.FARM_ID SEPARATOR ',') as farmIdList, GROUP_CONCAT(manager.AREA_ID SEPARATOR ',') as areaIdList FROM IVB_M_MANAGER manager WHERE 1 = 1 AND manager.DELETE_FLAG = '0' GROUP BY manager.USERS_ID, manager.AUTHORIZATION_TYPE_ID) mgr ON usr.userId = mgr.userId LEFT JOIN IVB_M_AUTHORIZATION authorization ON authorization.AUTHORIZATION_TYPE_ID = mgr.typeId ORDER BY usr.userName, authorization.AUTHORIZATION_TYPE_ID LIMIT ?,? 
06-01-2017 01:41:29.507,DEBUG,30627298450E1072B64585903C8BD86F,==> Parameters: 0(Integer), 20(Integer)
06-01-2017 01:41:29.512,DEBUG,30627298450E1072B64585903C8BD86F,<==      Total: 20
06-01-2017 01:41:29.512,INFO ,30627298450E1072B64585903C8BD86F,U0000000001,SQL execution finished
06-01-2017 01:41:29.512,DEBUG,30627298450E1072B64585903C8BD86F,==>  Preparing: SELECT COUNT(*) FROM (SELECT users.USERS_NAME userName, users.USERS_ID userId FROM IVB_M_USERS users WHERE 1 = 1 AND users.DELETE_FLAG = '0') usr LEFT JOIN (SELECT manager.USERS_ID userId, manager.AUTHORIZATION_TYPE_ID typeId FROM IVB_M_MANAGER manager WHERE 1 = 1 AND manager.DELETE_FLAG = '0' GROUP BY manager.USERS_ID, manager.AUTHORIZATION_TYPE_ID) mgr ON usr.userId = mgr.userId LEFT JOIN IVB_M_AUTHORIZATION authorization ON authorization.AUTHORIZATION_TYPE_ID = mgr.typeId ORDER BY usr.userId 
06-01-2017 01:41:29.512,DEBUG,30627298450E1072B64585903C8BD86F,==> Parameters: 
06-01-2017 01:41:29.513,DEBUG,30627298450E1072B64585903C8BD86F,<==      Total: 1
06-01-2017 01:41:29.514,INFO ,30627298450E1072B64585903C8BD86F,U0000000001,Affiliation searching finished ==> 60 item(s)
06-01-2017 01:41:29.514,INFO ,30627298450E1072B64585903C8BD86F,U0000000001,vn.bananavietnam.ict.banana.service.Bnn0087SearchAffiliationService,searchData,[vn.bananavietnam.ict.banana.component.Bnn0087SearchAffiliationConditions@d2bc5f] METHOD END
06-01-2017 01:41:29.655,INFO ,30627298450E1072B64585903C8BD86F,U0000000001,vn.bananavietnam.ict.banana.service.Bnn0087SearchAffiliationService,getDataForAffiliation,[] METHOD START
06-01-2017 01:41:29.673,DEBUG,30627298450E1072B64585903C8BD86F,==>  Preparing: SELECT DISTINCT farm.FARM_NAME farmName, farm.FARM_ID farmId, area.AREA_NAME areaName, area.AREA_ID areaId, area.AREA_MANAGER areaManager, (SELECT USERS_NAME FROM IVB_M_USERS WHERE USERS_ID = AREA_MANAGER) usersName FROM IVB_M_AREA area INNER JOIN IVB_M_FARM farm ON farm.FARM_ID = area.FARM_ID WHERE farm.DELETE_FLAG = '0' AND area.DELETE_FLAG = '0' ORDER BY farm.FARM_NAME, area.AREA_NAME 
06-01-2017 01:41:29.673,DEBUG,30627298450E1072B64585903C8BD86F,==> Parameters: 
06-01-2017 01:41:29.675,DEBUG,30627298450E1072B64585903C8BD86F,<==      Total: 26
06-01-2017 01:41:29.676,INFO ,30627298450E1072B64585903C8BD86F,U0000000001,SQL execution finished
06-01-2017 01:41:29.676,DEBUG,30627298450E1072B64585903C8BD86F,==>  Preparing: SELECT farm.FARM_NAME farmName, farm.FARM_ID farmId FROM IVB_M_FARM farm WHERE farm.DELETE_FLAG = '0' ORDER BY farm.FARM_NAME 
06-01-2017 01:41:29.676,DEBUG,30627298450E1072B64585903C8BD86F,==> Parameters: 
06-01-2017 01:41:29.677,DEBUG,30627298450E1072B64585903C8BD86F,<==      Total: 21
06-01-2017 01:41:29.677,INFO ,30627298450E1072B64585903C8BD86F,U0000000001,Affiliation searching finished
06-01-2017 01:41:29.677,INFO ,30627298450E1072B64585903C8BD86F,U0000000001,vn.bananavietnam.ict.banana.service.Bnn0087SearchAffiliationService,getDataForAffiliation,[] METHOD END
