06-01-2017 02:01:30.023,INFO ,8A605A424CDCABECFE3C5A16C0A662B4,U0000000001,vn.bananavietnam.ict.banana.service.Bnn0087SearchAffiliationService,initData,[{}] METHOD START
06-01-2017 02:01:30.043,DEBUG,8A605A424CDCABECFE3C5A16C0A662B4,==>  Preparing: select AUTHORIZATION_TYPE_ID, AUTHORIZATION_TYPE_NAME, ACCESS_AUTHORITY_ID, CREATE_USER_ID, CREATE_DATE, UPDATE_USER_ID, LAST_UPDATE_DATE, DELETE_FLAG from IVB_M_AUTHORIZATION 
06-01-2017 02:01:30.043,DEBUG,8A605A424CDCABECFE3C5A16C0A662B4,==> Parameters: 
06-01-2017 02:01:30.047,DEBUG,8A605A424CDCABECFE3C5A16C0A662B4,<==      Total: 4
06-01-2017 02:01:30.047,INFO ,8A605A424CDCABECFE3C5A16C0A662B4,U0000000001,vn.bananavietnam.ict.banana.service.Bnn0087SearchAffiliationService,initData,[{affiliationData=[{"authorizationTypeId":"1","authorizationTypeName":"Quản lý hệ thống","accessAuthorityId":"1","createUserId":"U0000000001","createDate":1489363200000,"updateUserId":"U0000000001","lastUpdateDate":1490054400000,"deleteFlag":false},{"authorizationTypeId":"2","authorizationTypeName":"Giám đốc kinh doanh","accessAuthorityId":"2","createUserId":"U0000000001","createDate":1489363200000,"updateUserId":"U0000000001","lastUpdateDate":1490054400000,"deleteFlag":false},{"authorizationTypeId":"3","authorizationTypeName":"Quản lý nông trại","accessAuthorityId":"3","createUserId":"U0000000001","createDate":1489363200000,"updateUserId":"U0000000001","lastUpdateDate":1490054400000,"deleteFlag":false},{"authorizationTypeId":"4","authorizationTypeName":"Quản lý lô","accessAuthorityId":"4","createUserId":"U0000000001","createDate":1489363200000,"updateUserId":"U0000000001","lastUpdateDate":1490054400000,"deleteFlag":false}]}] METHOD END
06-01-2017 02:01:30.087,INFO ,8A605A424CDCABECFE3C5A16C0A662B4,U0000000001,vn.bananavietnam.ict.banana.service.Bnn0087SearchAffiliationService,searchData,[vn.bananavietnam.ict.banana.component.Bnn0087SearchAffiliationConditions@14160dc] METHOD START
06-01-2017 02:01:30.087,INFO ,8A605A424CDCABECFE3C5A16C0A662B4,U0000000001,Affiliation searching started
06-01-2017 02:01:30.106,DEBUG,8A605A424CDCABECFE3C5A16C0A662B4,==>  Preparing: SELECT usr.userName userName, usr.userId userId , authorization.AUTHORIZATION_TYPE_NAME typeName, authorization.AUTHORIZATION_TYPE_ID typeId, mgr.farmIdList farmIdList, mgr.areaIdList areaIdList, mgr.lastUpdateDate lastUpdateDate FROM (SELECT users.USERS_NAME userName, users.USERS_ID userId FROM IVB_M_USERS users WHERE 1 = 1 AND users.DELETE_FLAG = '0') usr LEFT JOIN (SELECT manager.USERS_ID userId, manager.AUTHORIZATION_TYPE_ID typeId, (SELECT LAST_UPDATE_DATE FROM IVB_M_MANAGER ORDER BY LAST_UPDATE_DATE DESC LIMIT 1) lastUpdateDate, GROUP_CONCAT(manager.FARM_ID SEPARATOR ',') as farmIdList, GROUP_CONCAT(manager.AREA_ID SEPARATOR ',') as areaIdList FROM IVB_M_MANAGER manager WHERE 1 = 1 AND manager.DELETE_FLAG = '0' GROUP BY manager.USERS_ID, manager.AUTHORIZATION_TYPE_ID) mgr ON usr.userId = mgr.userId LEFT JOIN IVB_M_AUTHORIZATION authorization ON authorization.AUTHORIZATION_TYPE_ID = mgr.typeId ORDER BY usr.userName, authorization.AUTHORIZATION_TYPE_ID LIMIT ?,? 
06-01-2017 02:01:30.106,DEBUG,8A605A424CDCABECFE3C5A16C0A662B4,==> Parameters: 0(Integer), 20(Integer)
06-01-2017 02:01:30.110,DEBUG,8A605A424CDCABECFE3C5A16C0A662B4,<==      Total: 20
06-01-2017 02:01:30.110,INFO ,8A605A424CDCABECFE3C5A16C0A662B4,U0000000001,SQL execution finished
06-01-2017 02:01:30.111,DEBUG,8A605A424CDCABECFE3C5A16C0A662B4,==>  Preparing: SELECT COUNT(*) FROM (SELECT users.USERS_NAME userName, users.USERS_ID userId FROM IVB_M_USERS users WHERE 1 = 1 AND users.DELETE_FLAG = '0') usr LEFT JOIN (SELECT manager.USERS_ID userId, manager.AUTHORIZATION_TYPE_ID typeId FROM IVB_M_MANAGER manager WHERE 1 = 1 AND manager.DELETE_FLAG = '0' GROUP BY manager.USERS_ID, manager.AUTHORIZATION_TYPE_ID) mgr ON usr.userId = mgr.userId LEFT JOIN IVB_M_AUTHORIZATION authorization ON authorization.AUTHORIZATION_TYPE_ID = mgr.typeId ORDER BY usr.userId 
06-01-2017 02:01:30.111,DEBUG,8A605A424CDCABECFE3C5A16C0A662B4,==> Parameters: 
06-01-2017 02:01:30.112,DEBUG,8A605A424CDCABECFE3C5A16C0A662B4,<==      Total: 1
06-01-2017 02:01:30.113,INFO ,8A605A424CDCABECFE3C5A16C0A662B4,U0000000001,Affiliation searching finished ==> 60 item(s)
06-01-2017 02:01:30.113,INFO ,8A605A424CDCABECFE3C5A16C0A662B4,U0000000001,vn.bananavietnam.ict.banana.service.Bnn0087SearchAffiliationService,searchData,[vn.bananavietnam.ict.banana.component.Bnn0087SearchAffiliationConditions@14160dc] METHOD END
06-01-2017 02:01:30.263,INFO ,8A605A424CDCABECFE3C5A16C0A662B4,U0000000001,vn.bananavietnam.ict.banana.service.Bnn0087SearchAffiliationService,searchData,[vn.bananavietnam.ict.banana.component.Bnn0087SearchAffiliationConditions@1300eb] METHOD START
06-01-2017 02:01:30.263,INFO ,8A605A424CDCABECFE3C5A16C0A662B4,U0000000001,Affiliation searching started
06-01-2017 02:01:30.280,DEBUG,8A605A424CDCABECFE3C5A16C0A662B4,==>  Preparing: SELECT usr.userName userName, usr.userId userId , authorization.AUTHORIZATION_TYPE_NAME typeName, authorization.AUTHORIZATION_TYPE_ID typeId, mgr.farmIdList farmIdList, mgr.areaIdList areaIdList, mgr.lastUpdateDate lastUpdateDate FROM (SELECT users.USERS_NAME userName, users.USERS_ID userId FROM IVB_M_USERS users WHERE 1 = 1 AND users.DELETE_FLAG = '0') usr LEFT JOIN (SELECT manager.USERS_ID userId, manager.AUTHORIZATION_TYPE_ID typeId, (SELECT LAST_UPDATE_DATE FROM IVB_M_MANAGER ORDER BY LAST_UPDATE_DATE DESC LIMIT 1) lastUpdateDate, GROUP_CONCAT(manager.FARM_ID SEPARATOR ',') as farmIdList, GROUP_CONCAT(manager.AREA_ID SEPARATOR ',') as areaIdList FROM IVB_M_MANAGER manager WHERE 1 = 1 AND manager.DELETE_FLAG = '0' GROUP BY manager.USERS_ID, manager.AUTHORIZATION_TYPE_ID) mgr ON usr.userId = mgr.userId LEFT JOIN IVB_M_AUTHORIZATION authorization ON authorization.AUTHORIZATION_TYPE_ID = mgr.typeId ORDER BY usr.userName, authorization.AUTHORIZATION_TYPE_ID LIMIT ?,? 
06-01-2017 02:01:30.281,DEBUG,8A605A424CDCABECFE3C5A16C0A662B4,==> Parameters: 0(Integer), 20(Integer)
06-01-2017 02:01:30.285,DEBUG,8A605A424CDCABECFE3C5A16C0A662B4,<==      Total: 20
06-01-2017 02:01:30.285,INFO ,8A605A424CDCABECFE3C5A16C0A662B4,U0000000001,SQL execution finished
06-01-2017 02:01:30.285,DEBUG,8A605A424CDCABECFE3C5A16C0A662B4,==>  Preparing: SELECT COUNT(*) FROM (SELECT users.USERS_NAME userName, users.USERS_ID userId FROM IVB_M_USERS users WHERE 1 = 1 AND users.DELETE_FLAG = '0') usr LEFT JOIN (SELECT manager.USERS_ID userId, manager.AUTHORIZATION_TYPE_ID typeId FROM IVB_M_MANAGER manager WHERE 1 = 1 AND manager.DELETE_FLAG = '0' GROUP BY manager.USERS_ID, manager.AUTHORIZATION_TYPE_ID) mgr ON usr.userId = mgr.userId LEFT JOIN IVB_M_AUTHORIZATION authorization ON authorization.AUTHORIZATION_TYPE_ID = mgr.typeId ORDER BY usr.userId 
06-01-2017 02:01:30.285,DEBUG,8A605A424CDCABECFE3C5A16C0A662B4,==> Parameters: 
06-01-2017 02:01:30.286,DEBUG,8A605A424CDCABECFE3C5A16C0A662B4,<==      Total: 1
06-01-2017 02:01:30.287,INFO ,8A605A424CDCABECFE3C5A16C0A662B4,U0000000001,Affiliation searching finished ==> 60 item(s)
06-01-2017 02:01:30.287,INFO ,8A605A424CDCABECFE3C5A16C0A662B4,U0000000001,vn.bananavietnam.ict.banana.service.Bnn0087SearchAffiliationService,searchData,[vn.bananavietnam.ict.banana.component.Bnn0087SearchAffiliationConditions@1300eb] METHOD END
06-01-2017 02:01:30.407,INFO ,8A605A424CDCABECFE3C5A16C0A662B4,U0000000001,vn.bananavietnam.ict.banana.service.Bnn0087SearchAffiliationService,getDataForAffiliation,[] METHOD START
06-01-2017 02:01:30.431,DEBUG,8A605A424CDCABECFE3C5A16C0A662B4,==>  Preparing: SELECT DISTINCT farm.FARM_NAME farmName, farm.FARM_ID farmId, area.AREA_NAME areaName, area.AREA_ID areaId, area.AREA_MANAGER areaManager, (SELECT USERS_NAME FROM IVB_M_USERS WHERE USERS_ID = AREA_MANAGER) usersName FROM IVB_M_AREA area INNER JOIN IVB_M_FARM farm ON farm.FARM_ID = area.FARM_ID WHERE farm.DELETE_FLAG = '0' AND area.DELETE_FLAG = '0' ORDER BY farm.FARM_NAME, area.AREA_NAME 
06-01-2017 02:01:30.432,DEBUG,8A605A424CDCABECFE3C5A16C0A662B4,==> Parameters: 
06-01-2017 02:01:30.434,DEBUG,8A605A424CDCABECFE3C5A16C0A662B4,<==      Total: 26
06-01-2017 02:01:30.435,INFO ,8A605A424CDCABECFE3C5A16C0A662B4,U0000000001,SQL execution finished
06-01-2017 02:01:30.435,DEBUG,8A605A424CDCABECFE3C5A16C0A662B4,==>  Preparing: SELECT farm.FARM_NAME farmName, farm.FARM_ID farmId FROM IVB_M_FARM farm WHERE farm.DELETE_FLAG = '0' ORDER BY farm.FARM_NAME 
06-01-2017 02:01:30.435,DEBUG,8A605A424CDCABECFE3C5A16C0A662B4,==> Parameters: 
06-01-2017 02:01:30.437,DEBUG,8A605A424CDCABECFE3C5A16C0A662B4,<==      Total: 21
06-01-2017 02:01:30.441,INFO ,8A605A424CDCABECFE3C5A16C0A662B4,U0000000001,Affiliation searching finished
06-01-2017 02:01:30.441,INFO ,8A605A424CDCABECFE3C5A16C0A662B4,U0000000001,vn.bananavietnam.ict.banana.service.Bnn0087SearchAffiliationService,getDataForAffiliation,[] METHOD END
