06-01-2017 02:22:32.813,INFO ,2C940FEC4F82D3C04BDB0695DD01968F,U0000000001,vn.bananavietnam.ict.banana.service.Bnn0087SearchAffiliationService,searchData,[vn.bananavietnam.ict.banana.component.Bnn0087SearchAffiliationConditions@77fc97] METHOD START
06-01-2017 02:22:32.813,INFO ,2C940FEC4F82D3C04BDB0695DD01968F,U0000000001,Affiliation searching started
06-01-2017 02:22:36.850,ERROR,2C940FEC4F82D3C04BDB0695DD01968F,U0000000001,java.lang.Exception: nested exception is org.apache.ibatis.exceptions.PersistenceException: 
06-01-2017 02:22:36.851,INFO ,2C940FEC4F82D3C04BDB0695DD01968F,U0000000001,vn.bananavietnam.ict.banana.service.Bnn0087SearchAffiliationService,searchData,[vn.bananavietnam.ict.banana.component.Bnn0087SearchAffiliationConditions@77fc97] METHOD END
06-01-2017 02:22:37.359,INFO ,2C940FEC4F82D3C04BDB0695DD01968F,U0000000001,vn.bananavietnam.ict.banana.service.Bnn0087SearchAffiliationService,searchData,[vn.bananavietnam.ict.banana.component.Bnn0087SearchAffiliationConditions@19260] METHOD START
06-01-2017 02:22:37.360,INFO ,2C940FEC4F82D3C04BDB0695DD01968F,U0000000001,Affiliation searching started
06-01-2017 02:22:37.373,DEBUG,2C940FEC4F82D3C04BDB0695DD01968F,==>  Preparing: SELECT usr.userName userName, usr.userId userId , authorization.AUTHORIZATION_TYPE_NAME typeName, authorization.AUTHORIZATION_TYPE_ID typeId, mgr.farmIdList farmIdList, mgr.areaIdList areaIdList, mgr.lastUpdateDate lastUpdateDate FROM (SELECT users.USERS_NAME userName, users.USERS_ID userId FROM IVB_M_USERS users WHERE 1 = 1 AND users.DELETE_FLAG = '0') usr LEFT JOIN (SELECT manager.USERS_ID userId, manager.AUTHORIZATION_TYPE_ID typeId, (SELECT LAST_UPDATE_DATE FROM IVB_M_MANAGER ORDER BY LAST_UPDATE_DATE DESC LIMIT 1) lastUpdateDate, GROUP_CONCAT(manager.FARM_ID SEPARATOR ',') as farmIdList, GROUP_CONCAT(manager.AREA_ID SEPARATOR ',') as areaIdList FROM IVB_M_MANAGER manager WHERE 1 = 1 AND manager.DELETE_FLAG = '0' GROUP BY manager.USERS_ID, manager.AUTHORIZATION_TYPE_ID) mgr ON usr.userId = mgr.userId LEFT JOIN IVB_M_AUTHORIZATION authorization ON authorization.AUTHORIZATION_TYPE_ID = mgr.typeId ORDER BY usr.userName, authorization.AUTHORIZATION_TYPE_ID LIMIT ?,? 
06-01-2017 02:22:37.373,DEBUG,2C940FEC4F82D3C04BDB0695DD01968F,==> Parameters: 0(Integer), 20(Integer)
06-01-2017 02:22:37.376,DEBUG,2C940FEC4F82D3C04BDB0695DD01968F,<==      Total: 20
06-01-2017 02:22:37.377,INFO ,2C940FEC4F82D3C04BDB0695DD01968F,U0000000001,SQL execution finished
06-01-2017 02:22:37.377,DEBUG,2C940FEC4F82D3C04BDB0695DD01968F,==>  Preparing: SELECT COUNT(*) FROM (SELECT users.USERS_NAME userName, users.USERS_ID userId FROM IVB_M_USERS users WHERE 1 = 1 AND users.DELETE_FLAG = '0') usr LEFT JOIN (SELECT manager.USERS_ID userId, manager.AUTHORIZATION_TYPE_ID typeId FROM IVB_M_MANAGER manager WHERE 1 = 1 AND manager.DELETE_FLAG = '0' GROUP BY manager.USERS_ID, manager.AUTHORIZATION_TYPE_ID) mgr ON usr.userId = mgr.userId LEFT JOIN IVB_M_AUTHORIZATION authorization ON authorization.AUTHORIZATION_TYPE_ID = mgr.typeId ORDER BY usr.userId 
06-01-2017 02:22:37.377,DEBUG,2C940FEC4F82D3C04BDB0695DD01968F,==> Parameters: 
06-01-2017 02:22:37.379,DEBUG,2C940FEC4F82D3C04BDB0695DD01968F,<==      Total: 1
06-01-2017 02:22:37.379,INFO ,2C940FEC4F82D3C04BDB0695DD01968F,U0000000001,Affiliation searching finished ==> 60 item(s)
06-01-2017 02:22:37.379,INFO ,2C940FEC4F82D3C04BDB0695DD01968F,U0000000001,vn.bananavietnam.ict.banana.service.Bnn0087SearchAffiliationService,searchData,[vn.bananavietnam.ict.banana.component.Bnn0087SearchAffiliationConditions@19260] METHOD END
06-01-2017 02:22:38.006,INFO ,78E039AA98D3BE5F5B1648E970446B07,U0000000001,vn.bananavietnam.ict.banana.service.Bnn0087SearchAffiliationService,initData,[{}] METHOD START
06-01-2017 02:22:38.025,DEBUG,78E039AA98D3BE5F5B1648E970446B07,==>  Preparing: select AUTHORIZATION_TYPE_ID, AUTHORIZATION_TYPE_NAME, ACCESS_AUTHORITY_ID, CREATE_USER_ID, CREATE_DATE, UPDATE_USER_ID, LAST_UPDATE_DATE, DELETE_FLAG from IVB_M_AUTHORIZATION 
06-01-2017 02:22:38.025,DEBUG,78E039AA98D3BE5F5B1648E970446B07,==> Parameters: 
06-01-2017 02:22:38.026,DEBUG,78E039AA98D3BE5F5B1648E970446B07,<==      Total: 4
06-01-2017 02:22:38.027,INFO ,78E039AA98D3BE5F5B1648E970446B07,U0000000001,vn.bananavietnam.ict.banana.service.Bnn0087SearchAffiliationService,initData,[{affiliationData=[{"authorizationTypeId":"1","authorizationTypeName":"Quản lý hệ thống","accessAuthorityId":"1","createUserId":"U0000000001","createDate":1489363200000,"updateUserId":"U0000000001","lastUpdateDate":1490054400000,"deleteFlag":false},{"authorizationTypeId":"2","authorizationTypeName":"Giám đốc kinh doanh","accessAuthorityId":"2","createUserId":"U0000000001","createDate":1489363200000,"updateUserId":"U0000000001","lastUpdateDate":1490054400000,"deleteFlag":false},{"authorizationTypeId":"3","authorizationTypeName":"Quản lý nông trại","accessAuthorityId":"3","createUserId":"U0000000001","createDate":1489363200000,"updateUserId":"U0000000001","lastUpdateDate":1490054400000,"deleteFlag":false},{"authorizationTypeId":"4","authorizationTypeName":"Quản lý lô","accessAuthorityId":"4","createUserId":"U0000000001","createDate":1489363200000,"updateUserId":"U0000000001","lastUpdateDate":1490054400000,"deleteFlag":false}]}] METHOD END
06-01-2017 02:22:38.070,INFO ,78E039AA98D3BE5F5B1648E970446B07,U0000000001,vn.bananavietnam.ict.banana.service.Bnn0087SearchAffiliationService,searchData,[vn.bananavietnam.ict.banana.component.Bnn0087SearchAffiliationConditions@e792ee] METHOD START
06-01-2017 02:22:38.070,INFO ,78E039AA98D3BE5F5B1648E970446B07,U0000000001,Affiliation searching started
06-01-2017 02:22:38.089,DEBUG,78E039AA98D3BE5F5B1648E970446B07,==>  Preparing: SELECT usr.userName userName, usr.userId userId , authorization.AUTHORIZATION_TYPE_NAME typeName, authorization.AUTHORIZATION_TYPE_ID typeId, mgr.farmIdList farmIdList, mgr.areaIdList areaIdList, mgr.lastUpdateDate lastUpdateDate FROM (SELECT users.USERS_NAME userName, users.USERS_ID userId FROM IVB_M_USERS users WHERE 1 = 1 AND users.DELETE_FLAG = '0') usr LEFT JOIN (SELECT manager.USERS_ID userId, manager.AUTHORIZATION_TYPE_ID typeId, (SELECT LAST_UPDATE_DATE FROM IVB_M_MANAGER ORDER BY LAST_UPDATE_DATE DESC LIMIT 1) lastUpdateDate, GROUP_CONCAT(manager.FARM_ID SEPARATOR ',') as farmIdList, GROUP_CONCAT(manager.AREA_ID SEPARATOR ',') as areaIdList FROM IVB_M_MANAGER manager WHERE 1 = 1 AND manager.DELETE_FLAG = '0' GROUP BY manager.USERS_ID, manager.AUTHORIZATION_TYPE_ID) mgr ON usr.userId = mgr.userId LEFT JOIN IVB_M_AUTHORIZATION authorization ON authorization.AUTHORIZATION_TYPE_ID = mgr.typeId ORDER BY usr.userName, authorization.AUTHORIZATION_TYPE_ID LIMIT ?,? 
06-01-2017 02:22:38.089,DEBUG,78E039AA98D3BE5F5B1648E970446B07,==> Parameters: 0(Integer), 20(Integer)
06-01-2017 02:22:38.093,DEBUG,78E039AA98D3BE5F5B1648E970446B07,<==      Total: 20
06-01-2017 02:22:38.093,INFO ,78E039AA98D3BE5F5B1648E970446B07,U0000000001,SQL execution finished
06-01-2017 02:22:38.093,DEBUG,78E039AA98D3BE5F5B1648E970446B07,==>  Preparing: SELECT COUNT(*) FROM (SELECT users.USERS_NAME userName, users.USERS_ID userId FROM IVB_M_USERS users WHERE 1 = 1 AND users.DELETE_FLAG = '0') usr LEFT JOIN (SELECT manager.USERS_ID userId, manager.AUTHORIZATION_TYPE_ID typeId FROM IVB_M_MANAGER manager WHERE 1 = 1 AND manager.DELETE_FLAG = '0' GROUP BY manager.USERS_ID, manager.AUTHORIZATION_TYPE_ID) mgr ON usr.userId = mgr.userId LEFT JOIN IVB_M_AUTHORIZATION authorization ON authorization.AUTHORIZATION_TYPE_ID = mgr.typeId ORDER BY usr.userId 
06-01-2017 02:22:38.093,DEBUG,78E039AA98D3BE5F5B1648E970446B07,==> Parameters: 
06-01-2017 02:22:38.095,DEBUG,78E039AA98D3BE5F5B1648E970446B07,<==      Total: 1
06-01-2017 02:22:38.095,INFO ,78E039AA98D3BE5F5B1648E970446B07,U0000000001,Affiliation searching finished ==> 60 item(s)
06-01-2017 02:22:38.095,INFO ,78E039AA98D3BE5F5B1648E970446B07,U0000000001,vn.bananavietnam.ict.banana.service.Bnn0087SearchAffiliationService,searchData,[vn.bananavietnam.ict.banana.component.Bnn0087SearchAffiliationConditions@e792ee] METHOD END
06-01-2017 02:22:38.218,INFO ,78E039AA98D3BE5F5B1648E970446B07,U0000000001,vn.bananavietnam.ict.banana.service.Bnn0087SearchAffiliationService,searchData,[vn.bananavietnam.ict.banana.component.Bnn0087SearchAffiliationConditions@1f6fd31] METHOD START
06-01-2017 02:22:38.218,INFO ,78E039AA98D3BE5F5B1648E970446B07,U0000000001,Affiliation searching started
06-01-2017 02:22:38.238,DEBUG,78E039AA98D3BE5F5B1648E970446B07,==>  Preparing: SELECT usr.userName userName, usr.userId userId , authorization.AUTHORIZATION_TYPE_NAME typeName, authorization.AUTHORIZATION_TYPE_ID typeId, mgr.farmIdList farmIdList, mgr.areaIdList areaIdList, mgr.lastUpdateDate lastUpdateDate FROM (SELECT users.USERS_NAME userName, users.USERS_ID userId FROM IVB_M_USERS users WHERE 1 = 1 AND users.DELETE_FLAG = '0') usr LEFT JOIN (SELECT manager.USERS_ID userId, manager.AUTHORIZATION_TYPE_ID typeId, (SELECT LAST_UPDATE_DATE FROM IVB_M_MANAGER ORDER BY LAST_UPDATE_DATE DESC LIMIT 1) lastUpdateDate, GROUP_CONCAT(manager.FARM_ID SEPARATOR ',') as farmIdList, GROUP_CONCAT(manager.AREA_ID SEPARATOR ',') as areaIdList FROM IVB_M_MANAGER manager WHERE 1 = 1 AND manager.DELETE_FLAG = '0' GROUP BY manager.USERS_ID, manager.AUTHORIZATION_TYPE_ID) mgr ON usr.userId = mgr.userId LEFT JOIN IVB_M_AUTHORIZATION authorization ON authorization.AUTHORIZATION_TYPE_ID = mgr.typeId ORDER BY usr.userName, authorization.AUTHORIZATION_TYPE_ID LIMIT ?,? 
06-01-2017 02:22:38.239,DEBUG,78E039AA98D3BE5F5B1648E970446B07,==> Parameters: 0(Integer), 20(Integer)
06-01-2017 02:22:38.243,DEBUG,78E039AA98D3BE5F5B1648E970446B07,<==      Total: 20
06-01-2017 02:22:38.243,INFO ,78E039AA98D3BE5F5B1648E970446B07,U0000000001,SQL execution finished
06-01-2017 02:22:38.243,DEBUG,78E039AA98D3BE5F5B1648E970446B07,==>  Preparing: SELECT COUNT(*) FROM (SELECT users.USERS_NAME userName, users.USERS_ID userId FROM IVB_M_USERS users WHERE 1 = 1 AND users.DELETE_FLAG = '0') usr LEFT JOIN (SELECT manager.USERS_ID userId, manager.AUTHORIZATION_TYPE_ID typeId FROM IVB_M_MANAGER manager WHERE 1 = 1 AND manager.DELETE_FLAG = '0' GROUP BY manager.USERS_ID, manager.AUTHORIZATION_TYPE_ID) mgr ON usr.userId = mgr.userId LEFT JOIN IVB_M_AUTHORIZATION authorization ON authorization.AUTHORIZATION_TYPE_ID = mgr.typeId ORDER BY usr.userId 
06-01-2017 02:22:38.243,DEBUG,78E039AA98D3BE5F5B1648E970446B07,==> Parameters: 
06-01-2017 02:22:38.244,DEBUG,78E039AA98D3BE5F5B1648E970446B07,<==      Total: 1
06-01-2017 02:22:38.245,INFO ,78E039AA98D3BE5F5B1648E970446B07,U0000000001,Affiliation searching finished ==> 60 item(s)
06-01-2017 02:22:38.245,INFO ,78E039AA98D3BE5F5B1648E970446B07,U0000000001,vn.bananavietnam.ict.banana.service.Bnn0087SearchAffiliationService,searchData,[vn.bananavietnam.ict.banana.component.Bnn0087SearchAffiliationConditions@1f6fd31] METHOD END
