06-01-2017 02:53:39.468,INFO ,7ABFFA0399E65DE5A981AD6160C51DAF,U0000000001,vn.bananavietnam.ict.banana.service.Bnn0087SearchAffiliationService,searchData,[vn.bananavietnam.ict.banana.component.Bnn0087SearchAffiliationConditions@19a5c05] METHOD START
06-01-2017 02:53:39.469,INFO ,7ABFFA0399E65DE5A981AD6160C51DAF,U0000000001,Affiliation searching started
06-01-2017 02:53:43.514,ERROR,7ABFFA0399E65DE5A981AD6160C51DAF,U0000000001,java.lang.Exception: nested exception is org.apache.ibatis.exceptions.PersistenceException: 
06-01-2017 02:53:43.514,INFO ,7ABFFA0399E65DE5A981AD6160C51DAF,U0000000001,vn.bananavietnam.ict.banana.service.Bnn0087SearchAffiliationService,searchData,[vn.bananavietnam.ict.banana.component.Bnn0087SearchAffiliationConditions@19a5c05] METHOD END
06-01-2017 02:53:44.464,INFO ,7ABFFA0399E65DE5A981AD6160C51DAF,U0000000001,vn.bananavietnam.ict.banana.service.Bnn0087SearchAffiliationService,searchData,[vn.bananavietnam.ict.banana.component.Bnn0087SearchAffiliationConditions@b26693] METHOD START
06-01-2017 02:53:44.465,INFO ,7ABFFA0399E65DE5A981AD6160C51DAF,U0000000001,Affiliation searching started
06-01-2017 02:53:46.497,DEBUG,7ABFFA0399E65DE5A981AD6160C51DAF,==>  Preparing: SELECT usr.userName userName, usr.userId userId , authorization.AUTHORIZATION_TYPE_NAME typeName, authorization.AUTHORIZATION_TYPE_ID typeId, mgr.farmIdList farmIdList, mgr.areaIdList areaIdList, mgr.lastUpdateDate lastUpdateDate FROM (SELECT users.USERS_NAME userName, users.USERS_ID userId FROM IVB_M_USERS users WHERE 1 = 1 AND users.DELETE_FLAG = '0') usr LEFT JOIN (SELECT manager.USERS_ID userId, manager.AUTHORIZATION_TYPE_ID typeId, (SELECT LAST_UPDATE_DATE FROM IVB_M_MANAGER ORDER BY LAST_UPDATE_DATE DESC LIMIT 1) lastUpdateDate, GROUP_CONCAT(manager.FARM_ID SEPARATOR ',') as farmIdList, GROUP_CONCAT(manager.AREA_ID SEPARATOR ',') as areaIdList FROM IVB_M_MANAGER manager WHERE 1 = 1 AND manager.DELETE_FLAG = '0' GROUP BY manager.USERS_ID, manager.AUTHORIZATION_TYPE_ID) mgr ON usr.userId = mgr.userId LEFT JOIN IVB_M_AUTHORIZATION authorization ON authorization.AUTHORIZATION_TYPE_ID = mgr.typeId ORDER BY usr.userName, authorization.AUTHORIZATION_TYPE_ID LIMIT ?,? 
06-01-2017 02:53:46.498,DEBUG,7ABFFA0399E65DE5A981AD6160C51DAF,==> Parameters: 0(Integer), 20(Integer)
06-01-2017 02:53:46.502,DEBUG,7ABFFA0399E65DE5A981AD6160C51DAF,<==      Total: 20
06-01-2017 02:53:46.502,INFO ,7ABFFA0399E65DE5A981AD6160C51DAF,U0000000001,SQL execution finished
06-01-2017 02:53:46.502,DEBUG,7ABFFA0399E65DE5A981AD6160C51DAF,==>  Preparing: SELECT COUNT(*) FROM (SELECT users.USERS_NAME userName, users.USERS_ID userId FROM IVB_M_USERS users WHERE 1 = 1 AND users.DELETE_FLAG = '0') usr LEFT JOIN (SELECT manager.USERS_ID userId, manager.AUTHORIZATION_TYPE_ID typeId FROM IVB_M_MANAGER manager WHERE 1 = 1 AND manager.DELETE_FLAG = '0' GROUP BY manager.USERS_ID, manager.AUTHORIZATION_TYPE_ID) mgr ON usr.userId = mgr.userId LEFT JOIN IVB_M_AUTHORIZATION authorization ON authorization.AUTHORIZATION_TYPE_ID = mgr.typeId ORDER BY usr.userId 
06-01-2017 02:53:46.502,DEBUG,7ABFFA0399E65DE5A981AD6160C51DAF,==> Parameters: 
06-01-2017 02:53:46.506,DEBUG,7ABFFA0399E65DE5A981AD6160C51DAF,<==      Total: 1
06-01-2017 02:53:46.506,INFO ,7ABFFA0399E65DE5A981AD6160C51DAF,U0000000001,Affiliation searching finished ==> 60 item(s)
06-01-2017 02:53:46.506,INFO ,7ABFFA0399E65DE5A981AD6160C51DAF,U0000000001,vn.bananavietnam.ict.banana.service.Bnn0087SearchAffiliationService,searchData,[vn.bananavietnam.ict.banana.component.Bnn0087SearchAffiliationConditions@b26693] METHOD END
06-01-2017 02:53:52.793,INFO ,53240DF7111204FECAFFC4E4ADBA896E,U0000000001,vn.bananavietnam.ict.banana.service.Bnn0087SearchAffiliationService,initData,[{}] METHOD START
06-01-2017 02:53:52.817,DEBUG,53240DF7111204FECAFFC4E4ADBA896E,==>  Preparing: select AUTHORIZATION_TYPE_ID, AUTHORIZATION_TYPE_NAME, ACCESS_AUTHORITY_ID, CREATE_USER_ID, CREATE_DATE, UPDATE_USER_ID, LAST_UPDATE_DATE, DELETE_FLAG from IVB_M_AUTHORIZATION 
06-01-2017 02:53:52.817,DEBUG,53240DF7111204FECAFFC4E4ADBA896E,==> Parameters: 
06-01-2017 02:53:52.818,DEBUG,53240DF7111204FECAFFC4E4ADBA896E,<==      Total: 4
06-01-2017 02:53:52.819,INFO ,53240DF7111204FECAFFC4E4ADBA896E,U0000000001,vn.bananavietnam.ict.banana.service.Bnn0087SearchAffiliationService,initData,[{affiliationData=[{"authorizationTypeId":"1","authorizationTypeName":"Quản lý hệ thống","accessAuthorityId":"1","createUserId":"U0000000001","createDate":1489363200000,"updateUserId":"U0000000001","lastUpdateDate":1490054400000,"deleteFlag":false},{"authorizationTypeId":"2","authorizationTypeName":"Giám đốc kinh doanh","accessAuthorityId":"2","createUserId":"U0000000001","createDate":1489363200000,"updateUserId":"U0000000001","lastUpdateDate":1490054400000,"deleteFlag":false},{"authorizationTypeId":"3","authorizationTypeName":"Quản lý nông trại","accessAuthorityId":"3","createUserId":"U0000000001","createDate":1489363200000,"updateUserId":"U0000000001","lastUpdateDate":1490054400000,"deleteFlag":false},{"authorizationTypeId":"4","authorizationTypeName":"Quản lý lô","accessAuthorityId":"4","createUserId":"U0000000001","createDate":1489363200000,"updateUserId":"U0000000001","lastUpdateDate":1490054400000,"deleteFlag":false}]}] METHOD END
06-01-2017 02:53:52.861,INFO ,53240DF7111204FECAFFC4E4ADBA896E,U0000000001,vn.bananavietnam.ict.banana.service.Bnn0087SearchAffiliationService,searchData,[vn.bananavietnam.ict.banana.component.Bnn0087SearchAffiliationConditions@38d1eb] METHOD START
06-01-2017 02:53:52.861,INFO ,53240DF7111204FECAFFC4E4ADBA896E,U0000000001,Affiliation searching started
06-01-2017 02:53:52.877,DEBUG,53240DF7111204FECAFFC4E4ADBA896E,==>  Preparing: SELECT usr.userName userName, usr.userId userId , authorization.AUTHORIZATION_TYPE_NAME typeName, authorization.AUTHORIZATION_TYPE_ID typeId, mgr.farmIdList farmIdList, mgr.areaIdList areaIdList, mgr.lastUpdateDate lastUpdateDate FROM (SELECT users.USERS_NAME userName, users.USERS_ID userId FROM IVB_M_USERS users WHERE 1 = 1 AND users.DELETE_FLAG = '0') usr LEFT JOIN (SELECT manager.USERS_ID userId, manager.AUTHORIZATION_TYPE_ID typeId, (SELECT LAST_UPDATE_DATE FROM IVB_M_MANAGER ORDER BY LAST_UPDATE_DATE DESC LIMIT 1) lastUpdateDate, GROUP_CONCAT(manager.FARM_ID SEPARATOR ',') as farmIdList, GROUP_CONCAT(manager.AREA_ID SEPARATOR ',') as areaIdList FROM IVB_M_MANAGER manager WHERE 1 = 1 AND manager.DELETE_FLAG = '0' GROUP BY manager.USERS_ID, manager.AUTHORIZATION_TYPE_ID) mgr ON usr.userId = mgr.userId LEFT JOIN IVB_M_AUTHORIZATION authorization ON authorization.AUTHORIZATION_TYPE_ID = mgr.typeId ORDER BY usr.userName, authorization.AUTHORIZATION_TYPE_ID LIMIT ?,? 
06-01-2017 02:53:52.877,DEBUG,53240DF7111204FECAFFC4E4ADBA896E,==> Parameters: 0(Integer), 20(Integer)
06-01-2017 02:53:52.880,DEBUG,53240DF7111204FECAFFC4E4ADBA896E,<==      Total: 20
06-01-2017 02:53:52.881,INFO ,53240DF7111204FECAFFC4E4ADBA896E,U0000000001,SQL execution finished
06-01-2017 02:53:52.881,DEBUG,53240DF7111204FECAFFC4E4ADBA896E,==>  Preparing: SELECT COUNT(*) FROM (SELECT users.USERS_NAME userName, users.USERS_ID userId FROM IVB_M_USERS users WHERE 1 = 1 AND users.DELETE_FLAG = '0') usr LEFT JOIN (SELECT manager.USERS_ID userId, manager.AUTHORIZATION_TYPE_ID typeId FROM IVB_M_MANAGER manager WHERE 1 = 1 AND manager.DELETE_FLAG = '0' GROUP BY manager.USERS_ID, manager.AUTHORIZATION_TYPE_ID) mgr ON usr.userId = mgr.userId LEFT JOIN IVB_M_AUTHORIZATION authorization ON authorization.AUTHORIZATION_TYPE_ID = mgr.typeId ORDER BY usr.userId 
06-01-2017 02:53:52.881,DEBUG,53240DF7111204FECAFFC4E4ADBA896E,==> Parameters: 
06-01-2017 02:53:52.882,DEBUG,53240DF7111204FECAFFC4E4ADBA896E,<==      Total: 1
06-01-2017 02:53:52.882,INFO ,53240DF7111204FECAFFC4E4ADBA896E,U0000000001,Affiliation searching finished ==> 60 item(s)
06-01-2017 02:53:52.883,INFO ,53240DF7111204FECAFFC4E4ADBA896E,U0000000001,vn.bananavietnam.ict.banana.service.Bnn0087SearchAffiliationService,searchData,[vn.bananavietnam.ict.banana.component.Bnn0087SearchAffiliationConditions@38d1eb] METHOD END
06-01-2017 02:53:53.040,INFO ,53240DF7111204FECAFFC4E4ADBA896E,U0000000001,vn.bananavietnam.ict.banana.service.Bnn0087SearchAffiliationService,searchData,[vn.bananavietnam.ict.banana.component.Bnn0087SearchAffiliationConditions@5adaff] METHOD START
06-01-2017 02:53:53.040,INFO ,53240DF7111204FECAFFC4E4ADBA896E,U0000000001,Affiliation searching started
06-01-2017 02:53:53.057,DEBUG,53240DF7111204FECAFFC4E4ADBA896E,==>  Preparing: SELECT usr.userName userName, usr.userId userId , authorization.AUTHORIZATION_TYPE_NAME typeName, authorization.AUTHORIZATION_TYPE_ID typeId, mgr.farmIdList farmIdList, mgr.areaIdList areaIdList, mgr.lastUpdateDate lastUpdateDate FROM (SELECT users.USERS_NAME userName, users.USERS_ID userId FROM IVB_M_USERS users WHERE 1 = 1 AND users.DELETE_FLAG = '0') usr LEFT JOIN (SELECT manager.USERS_ID userId, manager.AUTHORIZATION_TYPE_ID typeId, (SELECT LAST_UPDATE_DATE FROM IVB_M_MANAGER ORDER BY LAST_UPDATE_DATE DESC LIMIT 1) lastUpdateDate, GROUP_CONCAT(manager.FARM_ID SEPARATOR ',') as farmIdList, GROUP_CONCAT(manager.AREA_ID SEPARATOR ',') as areaIdList FROM IVB_M_MANAGER manager WHERE 1 = 1 AND manager.DELETE_FLAG = '0' GROUP BY manager.USERS_ID, manager.AUTHORIZATION_TYPE_ID) mgr ON usr.userId = mgr.userId LEFT JOIN IVB_M_AUTHORIZATION authorization ON authorization.AUTHORIZATION_TYPE_ID = mgr.typeId ORDER BY usr.userName, authorization.AUTHORIZATION_TYPE_ID LIMIT ?,? 
06-01-2017 02:53:53.058,DEBUG,53240DF7111204FECAFFC4E4ADBA896E,==> Parameters: 0(Integer), 20(Integer)
06-01-2017 02:53:53.061,DEBUG,53240DF7111204FECAFFC4E4ADBA896E,<==      Total: 20
06-01-2017 02:53:53.061,INFO ,53240DF7111204FECAFFC4E4ADBA896E,U0000000001,SQL execution finished
06-01-2017 02:53:53.061,DEBUG,53240DF7111204FECAFFC4E4ADBA896E,==>  Preparing: SELECT COUNT(*) FROM (SELECT users.USERS_NAME userName, users.USERS_ID userId FROM IVB_M_USERS users WHERE 1 = 1 AND users.DELETE_FLAG = '0') usr LEFT JOIN (SELECT manager.USERS_ID userId, manager.AUTHORIZATION_TYPE_ID typeId FROM IVB_M_MANAGER manager WHERE 1 = 1 AND manager.DELETE_FLAG = '0' GROUP BY manager.USERS_ID, manager.AUTHORIZATION_TYPE_ID) mgr ON usr.userId = mgr.userId LEFT JOIN IVB_M_AUTHORIZATION authorization ON authorization.AUTHORIZATION_TYPE_ID = mgr.typeId ORDER BY usr.userId 
06-01-2017 02:53:53.061,DEBUG,53240DF7111204FECAFFC4E4ADBA896E,==> Parameters: 
06-01-2017 02:53:53.063,DEBUG,53240DF7111204FECAFFC4E4ADBA896E,<==      Total: 1
06-01-2017 02:53:53.064,INFO ,53240DF7111204FECAFFC4E4ADBA896E,U0000000001,Affiliation searching finished ==> 60 item(s)
06-01-2017 02:53:53.064,INFO ,53240DF7111204FECAFFC4E4ADBA896E,U0000000001,vn.bananavietnam.ict.banana.service.Bnn0087SearchAffiliationService,searchData,[vn.bananavietnam.ict.banana.component.Bnn0087SearchAffiliationConditions@5adaff] METHOD END
06-01-2017 02:53:53.193,INFO ,53240DF7111204FECAFFC4E4ADBA896E,U0000000001,vn.bananavietnam.ict.banana.service.Bnn0087SearchAffiliationService,searchData,[vn.bananavietnam.ict.banana.component.Bnn0087SearchAffiliationConditions@e5a403] METHOD START
06-01-2017 02:53:53.193,INFO ,53240DF7111204FECAFFC4E4ADBA896E,U0000000001,Affiliation searching started
06-01-2017 02:53:53.212,DEBUG,53240DF7111204FECAFFC4E4ADBA896E,==>  Preparing: SELECT usr.userName userName, usr.userId userId , authorization.AUTHORIZATION_TYPE_NAME typeName, authorization.AUTHORIZATION_TYPE_ID typeId, mgr.farmIdList farmIdList, mgr.areaIdList areaIdList, mgr.lastUpdateDate lastUpdateDate FROM (SELECT users.USERS_NAME userName, users.USERS_ID userId FROM IVB_M_USERS users WHERE 1 = 1 AND users.DELETE_FLAG = '0') usr LEFT JOIN (SELECT manager.USERS_ID userId, manager.AUTHORIZATION_TYPE_ID typeId, (SELECT LAST_UPDATE_DATE FROM IVB_M_MANAGER ORDER BY LAST_UPDATE_DATE DESC LIMIT 1) lastUpdateDate, GROUP_CONCAT(manager.FARM_ID SEPARATOR ',') as farmIdList, GROUP_CONCAT(manager.AREA_ID SEPARATOR ',') as areaIdList FROM IVB_M_MANAGER manager WHERE 1 = 1 AND manager.DELETE_FLAG = '0' GROUP BY manager.USERS_ID, manager.AUTHORIZATION_TYPE_ID) mgr ON usr.userId = mgr.userId LEFT JOIN IVB_M_AUTHORIZATION authorization ON authorization.AUTHORIZATION_TYPE_ID = mgr.typeId ORDER BY usr.userName, authorization.AUTHORIZATION_TYPE_ID LIMIT ?,? 
06-01-2017 02:53:53.212,DEBUG,53240DF7111204FECAFFC4E4ADBA896E,==> Parameters: 40(Integer), 20(Integer)
06-01-2017 02:53:53.216,DEBUG,53240DF7111204FECAFFC4E4ADBA896E,<==      Total: 20
06-01-2017 02:53:53.216,INFO ,53240DF7111204FECAFFC4E4ADBA896E,U0000000001,SQL execution finished
06-01-2017 02:53:53.217,DEBUG,53240DF7111204FECAFFC4E4ADBA896E,==>  Preparing: SELECT COUNT(*) FROM (SELECT users.USERS_NAME userName, users.USERS_ID userId FROM IVB_M_USERS users WHERE 1 = 1 AND users.DELETE_FLAG = '0') usr LEFT JOIN (SELECT manager.USERS_ID userId, manager.AUTHORIZATION_TYPE_ID typeId FROM IVB_M_MANAGER manager WHERE 1 = 1 AND manager.DELETE_FLAG = '0' GROUP BY manager.USERS_ID, manager.AUTHORIZATION_TYPE_ID) mgr ON usr.userId = mgr.userId LEFT JOIN IVB_M_AUTHORIZATION authorization ON authorization.AUTHORIZATION_TYPE_ID = mgr.typeId ORDER BY usr.userId 
06-01-2017 02:53:53.217,DEBUG,53240DF7111204FECAFFC4E4ADBA896E,==> Parameters: 
06-01-2017 02:53:53.219,DEBUG,53240DF7111204FECAFFC4E4ADBA896E,<==      Total: 1
06-01-2017 02:53:53.220,INFO ,53240DF7111204FECAFFC4E4ADBA896E,U0000000001,Affiliation searching finished ==> 60 item(s)
06-01-2017 02:53:53.220,INFO ,53240DF7111204FECAFFC4E4ADBA896E,U0000000001,vn.bananavietnam.ict.banana.service.Bnn0087SearchAffiliationService,searchData,[vn.bananavietnam.ict.banana.component.Bnn0087SearchAffiliationConditions@e5a403] METHOD END
