06-05-2017 10:19:39.851,INFO ,8E7E6CBE5FD7BDFF1BA1886C5BE2E9C1,U0000000001,vn.bananavietnam.ict.banana.service.Bnn0089SearchTaskService,insertData,[{"taskId":"","taskName":"ABC Task","workingDetails":"ABC Task","note":"","quarantineHandlingFlag":true,"changePointCode":"0","createUserId":null,"createDate":null,"updateUserId":null,"lastUpdateDate":null,"deleteFlag":false}] METHOD START
06-05-2017 10:19:39.867,INFO ,8E7E6CBE5FD7BDFF1BA1886C5BE2E9C1,U0000000001,com.sun.proxy.$Proxy87,getLastTaskId,[] METHOD START
06-05-2017 10:19:39.867,DEBUG,8E7E6CBE5FD7BDFF1BA1886C5BE2E9C1,==>  Preparing: SELECT TASK_ID taskId FROM IVB_M_TASK ORDER BY TASK_ID DESC LIMIT 1 
06-05-2017 10:19:39.867,DEBUG,8E7E6CBE5FD7BDFF1BA1886C5BE2E9C1,==> Parameters: 
06-05-2017 10:19:39.867,DEBUG,8E7E6CBE5FD7BDFF1BA1886C5BE2E9C1,<==      Total: 1
06-05-2017 10:19:39.867,INFO ,8E7E6CBE5FD7BDFF1BA1886C5BE2E9C1,U0000000001,com.sun.proxy.$Proxy87,getLastTaskId,[] METHOD END
06-05-2017 10:19:39.867,INFO ,8E7E6CBE5FD7BDFF1BA1886C5BE2E9C1,U0000000001,com.sun.proxy.$Proxy63,insert,[{"taskId":"T053","taskName":"ABC Task","workingDetails":"ABC Task","note":"","quarantineHandlingFlag":true,"changePointCode":"0","createUserId":"U0000000001","createDate":null,"updateUserId":"U0000000001","lastUpdateDate":null,"deleteFlag":false}] METHOD START
06-05-2017 10:19:39.867,DEBUG,8E7E6CBE5FD7BDFF1BA1886C5BE2E9C1,==>  Preparing: insert into IVB_M_TASK (TASK_ID, TASK_NAME, WORKING_DETAILS, NOTE, QUARANTINE_HANDLING_FLAG, CHANGE_POINT_CODE, CREATE_USER_ID, CREATE_DATE, UPDATE_USER_ID, LAST_UPDATE_DATE, DELETE_FLAG) values (?, ?, ?, ?, ?, ?, ?, NOW(), ?, NOW(), ?) 
06-05-2017 10:19:39.867,DEBUG,8E7E6CBE5FD7BDFF1BA1886C5BE2E9C1,==> Parameters: T053(String), ABC Task(String), ABC Task(String), (String), true(Boolean), 0(String), U0000000001(String), U0000000001(String), false(Boolean)
06-05-2017 10:19:39.882,DEBUG,8E7E6CBE5FD7BDFF1BA1886C5BE2E9C1,<==    Updates: 1
06-05-2017 10:19:39.882,INFO ,8E7E6CBE5FD7BDFF1BA1886C5BE2E9C1,U0000000001,com.sun.proxy.$Proxy63,insert,[{"taskId":"T053","taskName":"ABC Task","workingDetails":"ABC Task","note":"","quarantineHandlingFlag":true,"changePointCode":"0","createUserId":"U0000000001","createDate":null,"updateUserId":"U0000000001","lastUpdateDate":null,"deleteFlag":false}] METHOD END
06-05-2017 10:19:39.976,INFO ,8E7E6CBE5FD7BDFF1BA1886C5BE2E9C1,U0000000001,vn.bananavietnam.ict.banana.service.Bnn0089SearchTaskService,insertData,[{"taskId":"","taskName":"ABC Task","workingDetails":"ABC Task","note":"","quarantineHandlingFlag":true,"changePointCode":"0","createUserId":null,"createDate":null,"updateUserId":null,"lastUpdateDate":null,"deleteFlag":false}] METHOD END
06-05-2017 10:19:39.992,INFO ,8E7E6CBE5FD7BDFF1BA1886C5BE2E9C1,U0000000001,vn.bananavietnam.ict.banana.service.Bnn0089SearchTaskService,searchData,[{"taskId":"","taskName":"","fromRow":"0","itemCount":"20"}] METHOD START
06-05-2017 10:19:39.992,INFO ,8E7E6CBE5FD7BDFF1BA1886C5BE2E9C1,U0000000001,Task searching started
06-05-2017 10:19:39.992,INFO ,8E7E6CBE5FD7BDFF1BA1886C5BE2E9C1,U0000000001,com.sun.proxy.$Proxy87,searchData,[{"fromRow":0,"taskName":"","itemCount":20}] METHOD START
06-05-2017 10:19:40.038,DEBUG,8E7E6CBE5FD7BDFF1BA1886C5BE2E9C1,==>  Preparing: SELECT T.TASK_ID taskId, T.TASK_NAME taskName, T.WORKING_DETAILS workingDetails, T.NOTE note, T.QUARANTINE_HANDLING_FLAG quarantineHandlingFlag, T.DELETE_FLAG deleteFlag, T.CHANGE_POINT_CODE changePointCode, T.LAST_UPDATE_DATE lastUpdateDate FROM IVB_M_TASK T WHERE 1 = 1 AND T.DELETE_FLAG = '0' ORDER BY T.TASK_NAME LIMIT ?,? 
06-05-2017 10:19:40.038,DEBUG,8E7E6CBE5FD7BDFF1BA1886C5BE2E9C1,==> Parameters: 0(Integer), 20(Integer)
06-05-2017 10:19:40.038,DEBUG,8E7E6CBE5FD7BDFF1BA1886C5BE2E9C1,<==      Total: 20
06-05-2017 10:19:40.038,INFO ,8E7E6CBE5FD7BDFF1BA1886C5BE2E9C1,U0000000001,com.sun.proxy.$Proxy87,searchData,[{"fromRow":0,"taskName":"","itemCount":20}] METHOD END
06-05-2017 10:19:40.038,INFO ,8E7E6CBE5FD7BDFF1BA1886C5BE2E9C1,U0000000001,SQL execution finished
06-05-2017 10:19:40.038,INFO ,8E7E6CBE5FD7BDFF1BA1886C5BE2E9C1,U0000000001,com.sun.proxy.$Proxy87,getSearchDataTotalCounts,[{"fromRow":0,"taskName":"","itemCount":20}] METHOD START
06-05-2017 10:19:40.038,DEBUG,8E7E6CBE5FD7BDFF1BA1886C5BE2E9C1,==>  Preparing: SELECT COUNT(*) FROM IVB_M_TASK T WHERE 1 = 1 AND T.DELETE_FLAG = '0' ORDER BY T.TASK_ID 
06-05-2017 10:19:40.038,DEBUG,8E7E6CBE5FD7BDFF1BA1886C5BE2E9C1,==> Parameters: 
06-05-2017 10:19:40.054,DEBUG,8E7E6CBE5FD7BDFF1BA1886C5BE2E9C1,<==      Total: 1
06-05-2017 10:19:40.054,INFO ,8E7E6CBE5FD7BDFF1BA1886C5BE2E9C1,U0000000001,com.sun.proxy.$Proxy87,getSearchDataTotalCounts,[{"fromRow":0,"taskName":"","itemCount":20}] METHOD END
06-05-2017 10:19:40.054,INFO ,8E7E6CBE5FD7BDFF1BA1886C5BE2E9C1,U0000000001,Task searching finished ==> 44 item(s)
06-05-2017 10:19:40.054,INFO ,8E7E6CBE5FD7BDFF1BA1886C5BE2E9C1,U0000000001,vn.bananavietnam.ict.banana.service.Bnn0089SearchTaskService,searchData,[{"taskId":"","taskName":"","fromRow":"0","itemCount":"20"}] METHOD END
