06-05-2017 10:19:44.599,INFO ,8E7E6CBE5FD7BDFF1BA1886C5BE2E9C1,U0000000001,vn.bananavietnam.ict.banana.service.Bnn0089SearchTaskService,deleteData,[{"taskId":"T053","taskName":null,"workingDetails":null,"note":null,"quarantineHandlingFlag":null,"changePointCode":null,"createUserId":null,"createDate":null,"updateUserId":null,"lastUpdateDate":1496632525000,"deleteFlag":null}] METHOD START
06-05-2017 10:19:44.615,INFO ,8E7E6CBE5FD7BDFF1BA1886C5BE2E9C1,U0000000001,com.sun.proxy.$Proxy87,updateData,[{"deleteFlag":true,"updateUserId":"U0000000001","lastUpdateDate":1496632525000,"taskId":"T053"}] METHOD START
06-05-2017 10:19:44.615,DEBUG,8E7E6CBE5FD7BDFF1BA1886C5BE2E9C1,==>  Preparing: UPDATE IVB_M_TASK SET UPDATE_USER_ID = ?, LAST_UPDATE_DATE = NOW(), DELETE_FLAG = ? WHERE TASK_ID = ? AND LAST_UPDATE_DATE = ? AND DELETE_FLAG = '0' 
06-05-2017 10:19:44.615,DEBUG,8E7E6CBE5FD7BDFF1BA1886C5BE2E9C1,==> Parameters: U0000000001(String), true(Boolean), T053(String), 2017-06-05 10:15:25.0(Timestamp)
06-05-2017 10:19:44.615,DEBUG,8E7E6CBE5FD7BDFF1BA1886C5BE2E9C1,<==    Updates: 1
06-05-2017 10:19:44.615,INFO ,8E7E6CBE5FD7BDFF1BA1886C5BE2E9C1,U0000000001,com.sun.proxy.$Proxy87,updateData,[{"deleteFlag":true,"updateUserId":"U0000000001","lastUpdateDate":1496632525000,"taskId":"T053"}] METHOD END
06-05-2017 10:19:44.630,INFO ,8E7E6CBE5FD7BDFF1BA1886C5BE2E9C1,U0000000001,vn.bananavietnam.ict.banana.service.Bnn0089SearchTaskService,deleteData,[{"taskId":"T053","taskName":null,"workingDetails":null,"note":null,"quarantineHandlingFlag":null,"changePointCode":null,"createUserId":null,"createDate":null,"updateUserId":null,"lastUpdateDate":1496632525000,"deleteFlag":null}] METHOD END
06-05-2017 10:19:44.630,INFO ,8E7E6CBE5FD7BDFF1BA1886C5BE2E9C1,U0000000001,vn.bananavietnam.ict.banana.service.Bnn0089SearchTaskService,searchData,[{"taskId":"","taskName":"","fromRow":"0","itemCount":"20"}] METHOD START
06-05-2017 10:19:44.630,INFO ,8E7E6CBE5FD7BDFF1BA1886C5BE2E9C1,U0000000001,Task searching started
06-05-2017 10:19:44.630,INFO ,8E7E6CBE5FD7BDFF1BA1886C5BE2E9C1,U0000000001,com.sun.proxy.$Proxy87,searchData,[{"fromRow":0,"taskName":"","itemCount":20}] METHOD START
06-05-2017 10:19:44.646,DEBUG,8E7E6CBE5FD7BDFF1BA1886C5BE2E9C1,==>  Preparing: SELECT T.TASK_ID taskId, T.TASK_NAME taskName, T.WORKING_DETAILS workingDetails, T.NOTE note, T.QUARANTINE_HANDLING_FLAG quarantineHandlingFlag, T.DELETE_FLAG deleteFlag, T.CHANGE_POINT_CODE changePointCode, T.LAST_UPDATE_DATE lastUpdateDate FROM IVB_M_TASK T WHERE 1 = 1 AND T.DELETE_FLAG = '0' ORDER BY T.TASK_NAME LIMIT ?,? 
06-05-2017 10:19:44.662,DEBUG,8E7E6CBE5FD7BDFF1BA1886C5BE2E9C1,==> Parameters: 0(Integer), 20(Integer)
06-05-2017 10:19:44.662,DEBUG,8E7E6CBE5FD7BDFF1BA1886C5BE2E9C1,<==      Total: 20
06-05-2017 10:19:44.662,INFO ,8E7E6CBE5FD7BDFF1BA1886C5BE2E9C1,U0000000001,com.sun.proxy.$Proxy87,searchData,[{"fromRow":0,"taskName":"","itemCount":20}] METHOD END
06-05-2017 10:19:44.662,INFO ,8E7E6CBE5FD7BDFF1BA1886C5BE2E9C1,U0000000001,SQL execution finished
06-05-2017 10:19:44.662,INFO ,8E7E6CBE5FD7BDFF1BA1886C5BE2E9C1,U0000000001,com.sun.proxy.$Proxy87,getSearchDataTotalCounts,[{"fromRow":0,"taskName":"","itemCount":20}] METHOD START
06-05-2017 10:19:44.662,DEBUG,8E7E6CBE5FD7BDFF1BA1886C5BE2E9C1,==>  Preparing: SELECT COUNT(*) FROM IVB_M_TASK T WHERE 1 = 1 AND T.DELETE_FLAG = '0' ORDER BY T.TASK_ID 
06-05-2017 10:19:44.662,DEBUG,8E7E6CBE5FD7BDFF1BA1886C5BE2E9C1,==> Parameters: 
06-05-2017 10:19:44.662,DEBUG,8E7E6CBE5FD7BDFF1BA1886C5BE2E9C1,<==      Total: 1
06-05-2017 10:19:44.662,INFO ,8E7E6CBE5FD7BDFF1BA1886C5BE2E9C1,U0000000001,com.sun.proxy.$Proxy87,getSearchDataTotalCounts,[{"fromRow":0,"taskName":"","itemCount":20}] METHOD END
06-05-2017 10:19:44.662,INFO ,8E7E6CBE5FD7BDFF1BA1886C5BE2E9C1,U0000000001,Task searching finished ==> 43 item(s)
06-05-2017 10:19:44.662,INFO ,8E7E6CBE5FD7BDFF1BA1886C5BE2E9C1,U0000000001,vn.bananavietnam.ict.banana.service.Bnn0089SearchTaskService,searchData,[{"taskId":"","taskName":"","fromRow":"0","itemCount":"20"}] METHOD END
